POST /user/login 200 [14/Nov/2024:16:37:11 +0000] - 381.682 ms localhost
GET /dashboard.component.css.map 200 [14/Nov/2024:16:37:11 +0000] - 2.491 ms localhost
GET /user/logout 200 [14/Nov/2024:16:37:37 +0000] - 4.441 ms localhost
GET /login.component.css.map 200 [14/Nov/2024:16:37:37 +0000] - 3.584 ms localhost
POST /user/sendMail 200 [14/Nov/2024:16:37:47 +0000] - 42.774 ms localhost
GET / - [14/Nov/2024:16:40:14 +0000] - - ms localhost
GET /login 200 [14/Nov/2024:16:41:35 +0000] - 20.629 ms localhost
GET /@vite/client 304 [14/Nov/2024:16:41:35 +0000] - 4.109 ms localhost
GET /styles.css 200 [14/Nov/2024:16:41:35 +0000] - 6.927 ms localhost
GET /polyfills.js 304 [14/Nov/2024:16:41:35 +0000] - 8.138 ms localhost
GET /main.js 200 [14/Nov/2024:16:41:35 +0000] - 7.487 ms localhost
GET /@fs/C:/Users/USER/Desktop/BroCampTasks/Project_2/frontend/node_modules/vite/dist/client/env.mjs 304 [14/Nov/2024:16:41:35 +0000] - 5.768 ms localhost
GET /styles.css.map 200 [14/Nov/2024:16:41:35 +0000] - 6.029 ms localhost
GET /@fs/C:/Users/USER/Desktop/BroCampTasks/Project_2/frontend/.angular/cache/18.2.11/frontend/vite/deps/chunk-UPKJTDPH.js.map 304 [14/Nov/2024:16:41:36 +0000] - 13.174 ms localhost
GET /@fs/C:/Users/USER/Desktop/BroCampTasks/Project_2/frontend/.angular/cache/18.2.11/frontend/vite/deps/@angular_platform-browser.js.map 304 [14/Nov/2024:16:41:36 +0000] - 11.938 ms localhost
GET /@fs/C:/Users/USER/Desktop/BroCampTasks/Project_2/frontend/.angular/cache/18.2.11/frontend/vite/deps/chunk-BPRFSA7N.js.map 304 [14/Nov/2024:16:41:36 +0000] - 17.448 ms localhost
GET /@fs/C:/Users/USER/Desktop/BroCampTasks/Project_2/frontend/.angular/cache/18.2.11/frontend/vite/deps/chunk-RXABWRVP.js.map 304 [14/Nov/2024:16:41:36 +0000] - 35.501 ms localhost
GET /@fs/C:/Users/USER/Desktop/BroCampTasks/Project_2/frontend/.angular/cache/18.2.11/frontend/vite/deps/chunk-7Z5IUEXQ.js.map 304 [14/Nov/2024:16:41:36 +0000] - 37.865 ms localhost
GET /@fs/C:/Users/USER/Desktop/BroCampTasks/Project_2/frontend/.angular/cache/18.2.11/frontend/vite/deps/@angular_router.js.map 304 [14/Nov/2024:16:41:36 +0000] - 41.981 ms localhost
GET /@fs/C:/Users/USER/Desktop/BroCampTasks/Project_2/frontend/.angular/cache/18.2.11/frontend/vite/deps/chunk-ONF4YWYJ.js.map 304 [14/Nov/2024:16:41:36 +0000] - 237.807 ms localhost
GET /@fs/C:/Users/USER/Desktop/BroCampTasks/Project_2/frontend/.angular/cache/18.2.11/frontend/vite/deps/@angular_core.js.map 304 [14/Nov/2024:16:41:36 +0000] - 210.059 ms localhost
GET /@fs/C:/Users/USER/Desktop/BroCampTasks/Project_2/frontend/.angular/cache/18.2.11/frontend/vite/deps/@angular_forms.js.map 304 [14/Nov/2024:16:41:36 +0000] - 233.251 ms localhost
GET /@fs/C:/Users/USER/Desktop/BroCampTasks/Project_2/frontend/.angular/cache/18.2.11/frontend/vite/deps/@angular_common_http.js.map 304 [14/Nov/2024:16:41:36 +0000] - 255.985 ms localhost
GET /login.component.css.map 200 [14/Nov/2024:16:41:36 +0000] - 3.102 ms localhost
GET /favicon.ico 304 [14/Nov/2024:16:41:37 +0000] - 6.624 ms localhost
POST /user/sendMail 200 [14/Nov/2024:16:42:02 +0000] - 104.930 ms localhost
POST /user/sendMail 200 [14/Nov/2024:16:45:13 +0000] - 25.140 ms localhost
GET / - [14/Nov/2024:16:45:35 +0000] - - ms localhost
POST /user/sendMail 200 [14/Nov/2024:16:47:07 +0000] - 76.426 ms localhost
POST /user/sendMail 200 [14/Nov/2024:16:47:41 +0000] - 92.470 ms localhost
POST /user/sendMail 200 [14/Nov/2024:16:53:48 +0000] - 97.235 ms localhost
POST /user/sendMail 200 [14/Nov/2024:16:55:58 +0000] - 98.759 ms localhost
GET /login 200 [14/Nov/2024:16:58:14 +0000] - 67.005 ms localhost
GET /@vite/client 304 [14/Nov/2024:16:58:14 +0000] - 25.549 ms localhost
GET /styles.css 200 [14/Nov/2024:16:58:14 +0000] - 14.845 ms localhost
GET /polyfills.js 304 [14/Nov/2024:16:58:14 +0000] - 15.853 ms localhost
GET /main.js 200 [14/Nov/2024:16:58:14 +0000] - 14.702 ms localhost
GET /@fs/C:/Users/USER/Desktop/BroCampTasks/Project_2/frontend/node_modules/vite/dist/client/env.mjs 304 [14/Nov/2024:16:58:15 +0000] - 3.462 ms localhost
GET /styles.css.map 200 [14/Nov/2024:16:58:15 +0000] - 6.382 ms localhost
GET /@fs/C:/Users/USER/Desktop/BroCampTasks/Project_2/frontend/.angular/cache/18.2.11/frontend/vite/deps/@angular_platform-browser.js.map 304 [14/Nov/2024:16:58:15 +0000] - 6.829 ms localhost
GET /@fs/C:/Users/USER/Desktop/BroCampTasks/Project_2/frontend/.angular/cache/18.2.11/frontend/vite/deps/chunk-UPKJTDPH.js.map 304 [14/Nov/2024:16:58:15 +0000] - 33.966 ms localhost
GET /@fs/C:/Users/USER/Desktop/BroCampTasks/Project_2/frontend/.angular/cache/18.2.11/frontend/vite/deps/chunk-BPRFSA7N.js.map 304 [14/Nov/2024:16:58:15 +0000] - 42.561 ms localhost
GET /@fs/C:/Users/USER/Desktop/BroCampTasks/Project_2/frontend/.angular/cache/18.2.11/frontend/vite/deps/chunk-RXABWRVP.js.map 304 [14/Nov/2024:16:58:15 +0000] - 51.542 ms localhost
GET /@fs/C:/Users/USER/Desktop/BroCampTasks/Project_2/frontend/.angular/cache/18.2.11/frontend/vite/deps/chunk-7Z5IUEXQ.js.map 304 [14/Nov/2024:16:58:16 +0000] - 312.953 ms localhost
GET /@fs/C:/Users/USER/Desktop/BroCampTasks/Project_2/frontend/.angular/cache/18.2.11/frontend/vite/deps/@angular_core.js.map 304 [14/Nov/2024:16:58:16 +0000] - 324.304 ms localhost
GET /@fs/C:/Users/USER/Desktop/BroCampTasks/Project_2/frontend/.angular/cache/18.2.11/frontend/vite/deps/chunk-ONF4YWYJ.js.map 304 [14/Nov/2024:16:58:16 +0000] - 1078.784 ms localhost
GET /login.component.css.map 200 [14/Nov/2024:16:58:16 +0000] - 700.589 ms localhost
GET /@fs/C:/Users/USER/Desktop/BroCampTasks/Project_2/frontend/.angular/cache/18.2.11/frontend/vite/deps/@angular_router.js.map 304 [14/Nov/2024:16:58:16 +0000] - 1067.567 ms localhost
GET /@fs/C:/Users/USER/Desktop/BroCampTasks/Project_2/frontend/.angular/cache/18.2.11/frontend/vite/deps/@angular_forms.js.map 304 [14/Nov/2024:16:58:16 +0000] - 1068.238 ms localhost
GET /@fs/C:/Users/USER/Desktop/BroCampTasks/Project_2/frontend/.angular/cache/18.2.11/frontend/vite/deps/@angular_common_http.js.map 304 [14/Nov/2024:16:58:17 +0000] - 1062.543 ms localhost
GET /favicon.ico 304 [14/Nov/2024:16:58:17 +0000] - 3.923 ms localhost
GET /login 200 [14/Nov/2024:16:58:36 +0000] - 9.498 ms localhost
GET / - [14/Nov/2024:16:58:36 +0000] - - ms localhost
GET /@vite/client 304 [14/Nov/2024:16:58:36 +0000] - 4.298 ms localhost
GET /styles.css 200 [14/Nov/2024:16:58:36 +0000] - 5.805 ms localhost
GET /polyfills.js 304 [14/Nov/2024:16:58:36 +0000] - 3.080 ms localhost
GET /main.js 304 [14/Nov/2024:16:58:36 +0000] - 3.468 ms localhost
GET /styles.css.map 200 [14/Nov/2024:16:58:36 +0000] - 4.624 ms localhost
GET /@fs/C:/Users/USER/Desktop/BroCampTasks/Project_2/frontend/node_modules/vite/dist/client/env.mjs 304 [14/Nov/2024:16:58:36 +0000] - 3.271 ms localhost
GET /@fs/C:/Users/USER/Desktop/BroCampTasks/Project_2/frontend/.angular/cache/18.2.11/frontend/vite/deps/@angular_platform-browser.js.map 304 [14/Nov/2024:16:58:36 +0000] - 17.972 ms localhost
GET /@fs/C:/Users/USER/Desktop/BroCampTasks/Project_2/frontend/.angular/cache/18.2.11/frontend/vite/deps/chunk-UPKJTDPH.js.map 304 [14/Nov/2024:16:58:36 +0000] - 18.904 ms localhost
GET /@fs/C:/Users/USER/Desktop/BroCampTasks/Project_2/frontend/.angular/cache/18.2.11/frontend/vite/deps/chunk-BPRFSA7N.js.map 304 [14/Nov/2024:16:58:36 +0000] - 22.432 ms localhost
GET /@fs/C:/Users/USER/Desktop/BroCampTasks/Project_2/frontend/.angular/cache/18.2.11/frontend/vite/deps/chunk-7Z5IUEXQ.js.map 304 [14/Nov/2024:16:58:36 +0000] - 20.629 ms localhost
GET /@fs/C:/Users/USER/Desktop/BroCampTasks/Project_2/frontend/.angular/cache/18.2.11/frontend/vite/deps/chunk-RXABWRVP.js.map 304 [14/Nov/2024:16:58:36 +0000] - 29.266 ms localhost
GET /@fs/C:/Users/USER/Desktop/BroCampTasks/Project_2/frontend/.angular/cache/18.2.11/frontend/vite/deps/@angular_core.js.map 304 [14/Nov/2024:16:58:36 +0000] - 22.591 ms localhost
GET /@fs/C:/Users/USER/Desktop/BroCampTasks/Project_2/frontend/.angular/cache/18.2.11/frontend/vite/deps/chunk-ONF4YWYJ.js.map 304 [14/Nov/2024:16:58:36 +0000] - 90.448 ms localhost
GET /@fs/C:/Users/USER/Desktop/BroCampTasks/Project_2/frontend/.angular/cache/18.2.11/frontend/vite/deps/@angular_common_http.js.map 304 [14/Nov/2024:16:58:36 +0000] - 68.441 ms localhost
GET /@fs/C:/Users/USER/Desktop/BroCampTasks/Project_2/frontend/.angular/cache/18.2.11/frontend/vite/deps/@angular_forms.js.map 304 [14/Nov/2024:16:58:36 +0000] - 79.732 ms localhost
GET /@fs/C:/Users/USER/Desktop/BroCampTasks/Project_2/frontend/.angular/cache/18.2.11/frontend/vite/deps/@angular_router.js.map 304 [14/Nov/2024:16:58:36 +0000] - 91.585 ms localhost
GET /login.component.css.map 200 [14/Nov/2024:16:58:36 +0000] - 5.323 ms localhost
GET /favicon.ico 304 [14/Nov/2024:16:58:37 +0000] - 3.165 ms localhost
POST /user/sendMail 200 [14/Nov/2024:16:58:50 +0000] - 80.234 ms localhost
POST /user/sendMail 200 [14/Nov/2024:17:00:21 +0000] - 75.260 ms localhost
POST /user/sendMail 200 [14/Nov/2024:17:01:07 +0000] - 90.542 ms localhost
GET / - [14/Nov/2024:17:02:36 +0000] - - ms localhost
GET /login 200 [14/Nov/2024:17:30:24 +0000] - 57.943 ms localhost
GET /styles.css 200 [14/Nov/2024:17:30:24 +0000] - 7.122 ms localhost
GET /@vite/client 304 [14/Nov/2024:17:30:24 +0000] - 8.675 ms localhost
GET /polyfills.js 304 [14/Nov/2024:17:30:24 +0000] - 3.929 ms localhost
GET /main.js 200 [14/Nov/2024:17:30:24 +0000] - 5.968 ms localhost
GET /@fs/C:/Users/USER/Desktop/BroCampTasks/Project_2/frontend/node_modules/vite/dist/client/env.mjs 304 [14/Nov/2024:17:30:24 +0000] - 2.869 ms localhost
GET /@fs/C:/Users/USER/Desktop/BroCampTasks/Project_2/frontend/.angular/cache/18.2.11/frontend/vite/deps/@angular_platform-browser.js.map 304 [14/Nov/2024:17:30:25 +0000] - 9.198 ms localhost
GET /@fs/C:/Users/USER/Desktop/BroCampTasks/Project_2/frontend/.angular/cache/18.2.11/frontend/vite/deps/chunk-UPKJTDPH.js.map 304 [14/Nov/2024:17:30:25 +0000] - 13.389 ms localhost
GET /@fs/C:/Users/USER/Desktop/BroCampTasks/Project_2/frontend/.angular/cache/18.2.11/frontend/vite/deps/chunk-BPRFSA7N.js.map 304 [14/Nov/2024:17:30:25 +0000] - 27.471 ms localhost
GET /@fs/C:/Users/USER/Desktop/BroCampTasks/Project_2/frontend/.angular/cache/18.2.11/frontend/vite/deps/chunk-RXABWRVP.js.map 304 [14/Nov/2024:17:30:25 +0000] - 34.404 ms localhost
GET /@fs/C:/Users/USER/Desktop/BroCampTasks/Project_2/frontend/.angular/cache/18.2.11/frontend/vite/deps/@angular_core.js.map 304 [14/Nov/2024:17:30:25 +0000] - 37.629 ms localhost
GET /@fs/C:/Users/USER/Desktop/BroCampTasks/Project_2/frontend/.angular/cache/18.2.11/frontend/vite/deps/chunk-7Z5IUEXQ.js.map 304 [14/Nov/2024:17:30:25 +0000] - 39.978 ms localhost
GET /@fs/C:/Users/USER/Desktop/BroCampTasks/Project_2/frontend/.angular/cache/18.2.11/frontend/vite/deps/@angular_forms.js.map 304 [14/Nov/2024:17:30:25 +0000] - 88.045 ms localhost
GET /@fs/C:/Users/USER/Desktop/BroCampTasks/Project_2/frontend/.angular/cache/18.2.11/frontend/vite/deps/@angular_router.js.map 304 [14/Nov/2024:17:30:25 +0000] - 118.683 ms localhost
GET /styles.css.map 200 [14/Nov/2024:17:30:25 +0000] - 82.472 ms localhost
GET /@fs/C:/Users/USER/Desktop/BroCampTasks/Project_2/frontend/.angular/cache/18.2.11/frontend/vite/deps/@angular_common_http.js.map 304 [14/Nov/2024:17:30:25 +0000] - 112.978 ms localhost
GET /@fs/C:/Users/USER/Desktop/BroCampTasks/Project_2/frontend/.angular/cache/18.2.11/frontend/vite/deps/chunk-ONF4YWYJ.js.map 304 [14/Nov/2024:17:30:25 +0000] - 200.972 ms localhost
GET /favicon.ico 304 [14/Nov/2024:17:30:25 +0000] - 8.043 ms localhost
GET /login 200 [14/Nov/2024:17:33:11 +0000] - 20.351 ms localhost
GET / - [14/Nov/2024:17:33:11 +0000] - - ms localhost
GET /@vite/client 304 [14/Nov/2024:17:33:11 +0000] - 4.903 ms localhost
GET /styles.css 200 [14/Nov/2024:17:33:11 +0000] - 10.152 ms localhost
GET /polyfills.js 304 [14/Nov/2024:17:33:11 +0000] - 6.946 ms localhost
GET /main.js 200 [14/Nov/2024:17:33:11 +0000] - 6.583 ms localhost
GET /@fs/C:/Users/USER/Desktop/BroCampTasks/Project_2/frontend/node_modules/vite/dist/client/env.mjs 304 [14/Nov/2024:17:33:11 +0000] - 2.319 ms localhost
GET /styles.css.map 200 [14/Nov/2024:17:33:12 +0000] - 5.708 ms localhost
GET /@fs/C:/Users/USER/Desktop/BroCampTasks/Project_2/frontend/.angular/cache/18.2.11/frontend/vite/deps/@angular_platform-browser.js.map 304 [14/Nov/2024:17:33:12 +0000] - 138.282 ms localhost
GET /@fs/C:/Users/USER/Desktop/BroCampTasks/Project_2/frontend/.angular/cache/18.2.11/frontend/vite/deps/chunk-BPRFSA7N.js.map 304 [14/Nov/2024:17:33:12 +0000] - 144.932 ms localhost
GET /@fs/C:/Users/USER/Desktop/BroCampTasks/Project_2/frontend/.angular/cache/18.2.11/frontend/vite/deps/chunk-UPKJTDPH.js.map 304 [14/Nov/2024:17:33:12 +0000] - 148.671 ms localhost
GET /@fs/C:/Users/USER/Desktop/BroCampTasks/Project_2/frontend/.angular/cache/18.2.11/frontend/vite/deps/@angular_router.js.map 304 [14/Nov/2024:17:33:12 +0000] - 257.388 ms localhost
GET /@fs/C:/Users/USER/Desktop/BroCampTasks/Project_2/frontend/.angular/cache/18.2.11/frontend/vite/deps/@angular_forms.js.map 304 [14/Nov/2024:17:33:12 +0000] - 344.686 ms localhost
GET /@fs/C:/Users/USER/Desktop/BroCampTasks/Project_2/frontend/.angular/cache/18.2.11/frontend/vite/deps/chunk-ONF4YWYJ.js.map 304 [14/Nov/2024:17:33:12 +0000] - 485.534 ms localhost
GET /@fs/C:/Users/USER/Desktop/BroCampTasks/Project_2/frontend/.angular/cache/18.2.11/frontend/vite/deps/@angular_common_http.js.map 304 [14/Nov/2024:17:33:12 +0000] - 341.123 ms localhost
GET /@fs/C:/Users/USER/Desktop/BroCampTasks/Project_2/frontend/.angular/cache/18.2.11/frontend/vite/deps/@angular_core.js.map 304 [14/Nov/2024:17:33:12 +0000] - 248.807 ms localhost
GET /@fs/C:/Users/USER/Desktop/BroCampTasks/Project_2/frontend/.angular/cache/18.2.11/frontend/vite/deps/chunk-7Z5IUEXQ.js.map 304 [14/Nov/2024:17:33:12 +0000] - 344.204 ms localhost
GET /@fs/C:/Users/USER/Desktop/BroCampTasks/Project_2/frontend/.angular/cache/18.2.11/frontend/vite/deps/chunk-RXABWRVP.js.map 304 [14/Nov/2024:17:33:12 +0000] - 355.951 ms localhost
GET /login.component.css.map 200 [14/Nov/2024:17:33:13 +0000] - 3.783 ms localhost
GET /favicon.ico 304 [14/Nov/2024:17:33:13 +0000] - 3.623 ms localhost
POST /user/sendMail 200 [14/Nov/2024:17:33:22 +0000] - 223.696 ms localhost
POST /user/sendMail 200 [14/Nov/2024:17:36:28 +0000] - 154.266 ms localhost
GET /login 200 [14/Nov/2024:17:36:35 +0000] - 15.422 ms localhost
GET / - [14/Nov/2024:17:36:35 +0000] - - ms localhost
GET /polyfills.js 304 [14/Nov/2024:17:36:35 +0000] - 3.689 ms localhost
GET /styles.css 200 [14/Nov/2024:17:36:35 +0000] - 8.319 ms localhost
GET /main.js 200 [14/Nov/2024:17:36:35 +0000] - 10.166 ms localhost
GET /@vite/client 304 [14/Nov/2024:17:36:35 +0000] - 11.443 ms localhost
GET /@fs/C:/Users/USER/Desktop/BroCampTasks/Project_2/frontend/node_modules/vite/dist/client/env.mjs 304 [14/Nov/2024:17:36:35 +0000] - 3.374 ms localhost
GET /styles.css.map 200 [14/Nov/2024:17:36:36 +0000] - 4.265 ms localhost
GET /@fs/C:/Users/USER/Desktop/BroCampTasks/Project_2/frontend/.angular/cache/18.2.11/frontend/vite/deps/@angular_platform-browser.js.map 304 [14/Nov/2024:17:36:36 +0000] - 9.046 ms localhost
GET /@fs/C:/Users/USER/Desktop/BroCampTasks/Project_2/frontend/.angular/cache/18.2.11/frontend/vite/deps/chunk-BPRFSA7N.js.map 304 [14/Nov/2024:17:36:36 +0000] - 10.515 ms localhost
GET /@fs/C:/Users/USER/Desktop/BroCampTasks/Project_2/frontend/.angular/cache/18.2.11/frontend/vite/deps/chunk-UPKJTDPH.js.map 304 [14/Nov/2024:17:36:36 +0000] - 14.011 ms localhost
GET /@fs/C:/Users/USER/Desktop/BroCampTasks/Project_2/frontend/.angular/cache/18.2.11/frontend/vite/deps/chunk-RXABWRVP.js.map 304 [14/Nov/2024:17:36:36 +0000] - 24.246 ms localhost
GET /@fs/C:/Users/USER/Desktop/BroCampTasks/Project_2/frontend/.angular/cache/18.2.11/frontend/vite/deps/chunk-ONF4YWYJ.js.map 304 [14/Nov/2024:17:36:36 +0000] - 101.296 ms localhost
GET /@fs/C:/Users/USER/Desktop/BroCampTasks/Project_2/frontend/.angular/cache/18.2.11/frontend/vite/deps/@angular_core.js.map 304 [14/Nov/2024:17:36:36 +0000] - 83.458 ms localhost
GET /@fs/C:/Users/USER/Desktop/BroCampTasks/Project_2/frontend/.angular/cache/18.2.11/frontend/vite/deps/@angular_router.js.map 304 [14/Nov/2024:17:36:36 +0000] - 90.641 ms localhost
GET /@fs/C:/Users/USER/Desktop/BroCampTasks/Project_2/frontend/.angular/cache/18.2.11/frontend/vite/deps/@angular_forms.js.map 304 [14/Nov/2024:17:36:36 +0000] - 130.795 ms localhost
GET /@fs/C:/Users/USER/Desktop/BroCampTasks/Project_2/frontend/.angular/cache/18.2.11/frontend/vite/deps/@angular_common_http.js.map 304 [14/Nov/2024:17:36:36 +0000] - 130.045 ms localhost
GET /@fs/C:/Users/USER/Desktop/BroCampTasks/Project_2/frontend/.angular/cache/18.2.11/frontend/vite/deps/chunk-7Z5IUEXQ.js.map 304 [14/Nov/2024:17:36:36 +0000] - 132.519 ms localhost
GET /login.component.css.map 200 [14/Nov/2024:17:36:37 +0000] - 2.897 ms localhost
GET /favicon.ico 304 [14/Nov/2024:17:36:38 +0000] - 3.160 ms localhost
POST /user/sendMail 200 [14/Nov/2024:17:36:49 +0000] - 20.967 ms localhost
GET /login 200 [14/Nov/2024:17:37:56 +0000] - 9.224 ms localhost
GET / - [14/Nov/2024:17:37:56 +0000] - - ms localhost
GET /@vite/client 304 [14/Nov/2024:17:37:56 +0000] - 2.974 ms localhost
GET /styles.css 200 [14/Nov/2024:17:37:56 +0000] - 5.961 ms localhost
GET /polyfills.js 304 [14/Nov/2024:17:37:56 +0000] - 7.389 ms localhost
GET /main.js 304 [14/Nov/2024:17:37:56 +0000] - 6.393 ms localhost
GET /styles.css.map 200 [14/Nov/2024:17:37:56 +0000] - 5.296 ms localhost
GET /@fs/C:/Users/USER/Desktop/BroCampTasks/Project_2/frontend/node_modules/vite/dist/client/env.mjs 304 [14/Nov/2024:17:37:56 +0000] - 10.845 ms localhost
GET /@fs/C:/Users/USER/Desktop/BroCampTasks/Project_2/frontend/.angular/cache/18.2.11/frontend/vite/deps/@angular_platform-browser.js.map 304 [14/Nov/2024:17:37:56 +0000] - 7.686 ms localhost
GET /@fs/C:/Users/USER/Desktop/BroCampTasks/Project_2/frontend/.angular/cache/18.2.11/frontend/vite/deps/chunk-UPKJTDPH.js.map 304 [14/Nov/2024:17:37:56 +0000] - 9.479 ms localhost
GET /@fs/C:/Users/USER/Desktop/BroCampTasks/Project_2/frontend/.angular/cache/18.2.11/frontend/vite/deps/@angular_forms.js.map 304 [14/Nov/2024:17:37:56 +0000] - 30.107 ms localhost
GET /@fs/C:/Users/USER/Desktop/BroCampTasks/Project_2/frontend/.angular/cache/18.2.11/frontend/vite/deps/@angular_router.js.map 304 [14/Nov/2024:17:37:56 +0000] - 37.042 ms localhost
GET /@fs/C:/Users/USER/Desktop/BroCampTasks/Project_2/frontend/.angular/cache/18.2.11/frontend/vite/deps/chunk-RXABWRVP.js.map 304 [14/Nov/2024:17:37:56 +0000] - 48.410 ms localhost
GET /@fs/C:/Users/USER/Desktop/BroCampTasks/Project_2/frontend/.angular/cache/18.2.11/frontend/vite/deps/chunk-BPRFSA7N.js.map 304 [14/Nov/2024:17:37:56 +0000] - 51.493 ms localhost
GET /@fs/C:/Users/USER/Desktop/BroCampTasks/Project_2/frontend/.angular/cache/18.2.11/frontend/vite/deps/chunk-7Z5IUEXQ.js.map 304 [14/Nov/2024:17:37:56 +0000] - 47.946 ms localhost
GET /@fs/C:/Users/USER/Desktop/BroCampTasks/Project_2/frontend/.angular/cache/18.2.11/frontend/vite/deps/chunk-ONF4YWYJ.js.map 304 [14/Nov/2024:17:37:56 +0000] - 175.221 ms localhost
GET /@fs/C:/Users/USER/Desktop/BroCampTasks/Project_2/frontend/.angular/cache/18.2.11/frontend/vite/deps/@angular_common_http.js.map 304 [14/Nov/2024:17:37:56 +0000] - 135.316 ms localhost
GET /@fs/C:/Users/USER/Desktop/BroCampTasks/Project_2/frontend/.angular/cache/18.2.11/frontend/vite/deps/@angular_core.js.map 304 [14/Nov/2024:17:37:56 +0000] - 143.535 ms localhost
GET /login.component.css.map 200 [14/Nov/2024:17:37:56 +0000] - 2.552 ms localhost
GET /favicon.ico 304 [14/Nov/2024:17:37:57 +0000] - 5.453 ms localhost
POST /user/sendMail 200 [14/Nov/2024:17:38:03 +0000] - 23.877 ms localhost
GET /login 200 [14/Nov/2024:17:39:29 +0000] - 9.038 ms localhost
GET / - [14/Nov/2024:17:39:29 +0000] - - ms localhost
GET /@vite/client 304 [14/Nov/2024:17:39:29 +0000] - 4.433 ms localhost
GET /styles.css 200 [14/Nov/2024:17:39:29 +0000] - 4.002 ms localhost
GET /polyfills.js 304 [14/Nov/2024:17:39:29 +0000] - 3.532 ms localhost
GET /main.js 304 [14/Nov/2024:17:39:29 +0000] - 3.567 ms localhost
GET /styles.css.map 200 [14/Nov/2024:17:39:29 +0000] - 3.143 ms localhost
GET /@fs/C:/Users/USER/Desktop/BroCampTasks/Project_2/frontend/node_modules/vite/dist/client/env.mjs 304 [14/Nov/2024:17:39:29 +0000] - 2.837 ms localhost
GET /@fs/C:/Users/USER/Desktop/BroCampTasks/Project_2/frontend/.angular/cache/18.2.11/frontend/vite/deps/@angular_platform-browser.js.map 304 [14/Nov/2024:17:39:29 +0000] - 5.881 ms localhost
GET /@fs/C:/Users/USER/Desktop/BroCampTasks/Project_2/frontend/.angular/cache/18.2.11/frontend/vite/deps/chunk-UPKJTDPH.js.map 304 [14/Nov/2024:17:39:29 +0000] - 7.172 ms localhost
GET /@fs/C:/Users/USER/Desktop/BroCampTasks/Project_2/frontend/.angular/cache/18.2.11/frontend/vite/deps/chunk-BPRFSA7N.js.map 304 [14/Nov/2024:17:39:30 +0000] - 8.496 ms localhost
GET /@fs/C:/Users/USER/Desktop/BroCampTasks/Project_2/frontend/.angular/cache/18.2.11/frontend/vite/deps/chunk-RXABWRVP.js.map 304 [14/Nov/2024:17:39:30 +0000] - 23.089 ms localhost
GET /@fs/C:/Users/USER/Desktop/BroCampTasks/Project_2/frontend/.angular/cache/18.2.11/frontend/vite/deps/chunk-7Z5IUEXQ.js.map 304 [14/Nov/2024:17:39:30 +0000] - 21.422 ms localhost
GET /@fs/C:/Users/USER/Desktop/BroCampTasks/Project_2/frontend/.angular/cache/18.2.11/frontend/vite/deps/chunk-ONF4YWYJ.js.map 304 [14/Nov/2024:17:39:30 +0000] - 124.721 ms localhost
GET /@fs/C:/Users/USER/Desktop/BroCampTasks/Project_2/frontend/.angular/cache/18.2.11/frontend/vite/deps/@angular_core.js.map 304 [14/Nov/2024:17:39:30 +0000] - 114.596 ms localhost
GET /login.component.css.map 200 [14/Nov/2024:17:39:30 +0000] - 5.244 ms localhost
GET /@fs/C:/Users/USER/Desktop/BroCampTasks/Project_2/frontend/.angular/cache/18.2.11/frontend/vite/deps/@angular_router.js.map 304 [14/Nov/2024:17:39:30 +0000] - 124.718 ms localhost
GET /@fs/C:/Users/USER/Desktop/BroCampTasks/Project_2/frontend/.angular/cache/18.2.11/frontend/vite/deps/@angular_common_http.js.map 304 [14/Nov/2024:17:39:30 +0000] - 123.204 ms localhost
GET /@fs/C:/Users/USER/Desktop/BroCampTasks/Project_2/frontend/.angular/cache/18.2.11/frontend/vite/deps/@angular_forms.js.map 304 [14/Nov/2024:17:39:30 +0000] - 129.227 ms localhost
GET /favicon.ico 304 [14/Nov/2024:17:39:30 +0000] - 3.461 ms localhost
POST /user/sendMail 200 [14/Nov/2024:17:39:43 +0000] - 99.630 ms localhost
GET /login 200 [14/Nov/2024:17:41:11 +0000] - 12.305 ms localhost
GET / - [14/Nov/2024:17:41:11 +0000] - - ms localhost
GET /@vite/client 304 [14/Nov/2024:17:41:11 +0000] - 6.601 ms localhost
GET /styles.css 200 [14/Nov/2024:17:41:11 +0000] - 6.015 ms localhost
GET /polyfills.js 304 [14/Nov/2024:17:41:11 +0000] - 7.317 ms localhost
GET /main.js 304 [14/Nov/2024:17:41:11 +0000] - 7.135 ms localhost
GET /styles.css.map 200 [14/Nov/2024:17:41:12 +0000] - 4.113 ms localhost
GET /@fs/C:/Users/USER/Desktop/BroCampTasks/Project_2/frontend/node_modules/vite/dist/client/env.mjs 304 [14/Nov/2024:17:41:12 +0000] - 5.001 ms localhost
GET /@fs/C:/Users/USER/Desktop/BroCampTasks/Project_2/frontend/.angular/cache/18.2.11/frontend/vite/deps/@angular_platform-browser.js.map 304 [14/Nov/2024:17:41:12 +0000] - 8.245 ms localhost
GET /@fs/C:/Users/USER/Desktop/BroCampTasks/Project_2/frontend/.angular/cache/18.2.11/frontend/vite/deps/chunk-UPKJTDPH.js.map 304 [14/Nov/2024:17:41:12 +0000] - 11.698 ms localhost
GET /@fs/C:/Users/USER/Desktop/BroCampTasks/Project_2/frontend/.angular/cache/18.2.11/frontend/vite/deps/chunk-BPRFSA7N.js.map 304 [14/Nov/2024:17:41:12 +0000] - 11.436 ms localhost
GET /@fs/C:/Users/USER/Desktop/BroCampTasks/Project_2/frontend/.angular/cache/18.2.11/frontend/vite/deps/chunk-RXABWRVP.js.map 304 [14/Nov/2024:17:41:12 +0000] - 16.181 ms localhost
GET /@fs/C:/Users/USER/Desktop/BroCampTasks/Project_2/frontend/.angular/cache/18.2.11/frontend/vite/deps/@angular_core.js.map 304 [14/Nov/2024:17:41:12 +0000] - 9.579 ms localhost
GET /@fs/C:/Users/USER/Desktop/BroCampTasks/Project_2/frontend/.angular/cache/18.2.11/frontend/vite/deps/chunk-7Z5IUEXQ.js.map 304 [14/Nov/2024:17:41:12 +0000] - 20.764 ms localhost
GET /@fs/C:/Users/USER/Desktop/BroCampTasks/Project_2/frontend/.angular/cache/18.2.11/frontend/vite/deps/@angular_router.js.map 304 [14/Nov/2024:17:41:12 +0000] - 41.129 ms localhost
GET /@fs/C:/Users/USER/Desktop/BroCampTasks/Project_2/frontend/.angular/cache/18.2.11/frontend/vite/deps/@angular_forms.js.map 304 [14/Nov/2024:17:41:12 +0000] - 104.510 ms localhost
GET /@fs/C:/Users/USER/Desktop/BroCampTasks/Project_2/frontend/.angular/cache/18.2.11/frontend/vite/deps/chunk-ONF4YWYJ.js.map 304 [14/Nov/2024:17:41:12 +0000] - 172.290 ms localhost
GET /@fs/C:/Users/USER/Desktop/BroCampTasks/Project_2/frontend/.angular/cache/18.2.11/frontend/vite/deps/@angular_common_http.js.map 304 [14/Nov/2024:17:41:12 +0000] - 157.263 ms localhost
GET /login.component.css.map 200 [14/Nov/2024:17:41:12 +0000] - 4.812 ms localhost
GET /favicon.ico 304 [14/Nov/2024:17:41:12 +0000] - 4.098 ms localhost
POST /user/sendMail 200 [14/Nov/2024:17:41:19 +0000] - 104.596 ms localhost
GET / - [14/Nov/2024:17:45:12 +0000] - - ms localhost
GET /login 200 [14/Nov/2024:18:00:07 +0000] - 25.738 ms localhost
GET /@vite/client 304 [14/Nov/2024:18:00:07 +0000] - 5.521 ms localhost
GET /styles.css 200 [14/Nov/2024:18:00:07 +0000] - 5.721 ms localhost
GET /polyfills.js 304 [14/Nov/2024:18:00:07 +0000] - 11.437 ms localhost
GET /main.js 200 [14/Nov/2024:18:00:07 +0000] - 9.929 ms localhost
GET /@fs/C:/Users/USER/Desktop/BroCampTasks/Project_2/frontend/node_modules/vite/dist/client/env.mjs 304 [14/Nov/2024:18:00:09 +0000] - 3.178 ms localhost
GET /styles.css.map 200 [14/Nov/2024:18:00:09 +0000] - 6.975 ms localhost
GET /@fs/C:/Users/USER/Desktop/BroCampTasks/Project_2/frontend/.angular/cache/18.2.11/frontend/vite/deps/chunk-UPKJTDPH.js.map 304 [14/Nov/2024:18:00:10 +0000] - 17.708 ms localhost
GET /@fs/C:/Users/USER/Desktop/BroCampTasks/Project_2/frontend/.angular/cache/18.2.11/frontend/vite/deps/chunk-BPRFSA7N.js.map 304 [14/Nov/2024:18:00:10 +0000] - 17.620 ms localhost
GET /@fs/C:/Users/USER/Desktop/BroCampTasks/Project_2/frontend/.angular/cache/18.2.11/frontend/vite/deps/@angular_platform-browser.js.map 304 [14/Nov/2024:18:00:10 +0000] - 17.860 ms localhost
GET /@fs/C:/Users/USER/Desktop/BroCampTasks/Project_2/frontend/.angular/cache/18.2.11/frontend/vite/deps/chunk-RXABWRVP.js.map 304 [14/Nov/2024:18:00:10 +0000] - 23.080 ms localhost
GET /@fs/C:/Users/USER/Desktop/BroCampTasks/Project_2/frontend/.angular/cache/18.2.11/frontend/vite/deps/chunk-ONF4YWYJ.js.map 304 [14/Nov/2024:18:00:10 +0000] - 50.733 ms localhost
GET /@fs/C:/Users/USER/Desktop/BroCampTasks/Project_2/frontend/.angular/cache/18.2.11/frontend/vite/deps/chunk-7Z5IUEXQ.js.map 304 [14/Nov/2024:18:00:10 +0000] - 88.192 ms localhost
GET /@fs/C:/Users/USER/Desktop/BroCampTasks/Project_2/frontend/.angular/cache/18.2.11/frontend/vite/deps/@angular_core.js.map 304 [14/Nov/2024:18:00:10 +0000] - 86.491 ms localhost
GET /@fs/C:/Users/USER/Desktop/BroCampTasks/Project_2/frontend/.angular/cache/18.2.11/frontend/vite/deps/@angular_forms.js.map 304 [14/Nov/2024:18:00:10 +0000] - 90.154 ms localhost
GET /@fs/C:/Users/USER/Desktop/BroCampTasks/Project_2/frontend/.angular/cache/18.2.11/frontend/vite/deps/@angular_common_http.js.map 304 [14/Nov/2024:18:00:10 +0000] - 87.345 ms localhost
GET /@fs/C:/Users/USER/Desktop/BroCampTasks/Project_2/frontend/.angular/cache/18.2.11/frontend/vite/deps/@angular_router.js.map 304 [14/Nov/2024:18:00:10 +0000] - 101.562 ms localhost
GET /login.component.css.map 200 [14/Nov/2024:18:00:11 +0000] - 2.947 ms localhost
GET /favicon.ico 304 [14/Nov/2024:18:00:11 +0000] - 4.781 ms localhost
GET / - [14/Nov/2024:18:04:09 +0000] - - ms localhost
GET /login 200 [14/Nov/2024:18:05:03 +0000] - 20.781 ms localhost
GET /@vite/client 304 [14/Nov/2024:18:05:04 +0000] - 6.530 ms localhost
GET /styles.css 200 [14/Nov/2024:18:05:04 +0000] - 4.455 ms localhost
GET /polyfills.js 304 [14/Nov/2024:18:05:04 +0000] - 2.443 ms localhost
GET /main.js 200 [14/Nov/2024:18:05:04 +0000] - 5.118 ms localhost
GET /@fs/C:/Users/USER/Desktop/BroCampTasks/Project_2/frontend/node_modules/vite/dist/client/env.mjs 304 [14/Nov/2024:18:05:04 +0000] - 2.350 ms localhost
GET /styles.css.map 200 [14/Nov/2024:18:05:05 +0000] - 4.786 ms localhost
GET /@fs/C:/Users/USER/Desktop/BroCampTasks/Project_2/frontend/.angular/cache/18.2.11/frontend/vite/deps/@angular_platform-browser.js.map 304 [14/Nov/2024:18:05:05 +0000] - 3.387 ms localhost
GET /@fs/C:/Users/USER/Desktop/BroCampTasks/Project_2/frontend/.angular/cache/18.2.11/frontend/vite/deps/chunk-BPRFSA7N.js.map 304 [14/Nov/2024:18:05:05 +0000] - 12.584 ms localhost
GET /@fs/C:/Users/USER/Desktop/BroCampTasks/Project_2/frontend/.angular/cache/18.2.11/frontend/vite/deps/chunk-UPKJTDPH.js.map 304 [14/Nov/2024:18:05:05 +0000] - 15.977 ms localhost
GET /@fs/C:/Users/USER/Desktop/BroCampTasks/Project_2/frontend/.angular/cache/18.2.11/frontend/vite/deps/chunk-RXABWRVP.js.map 304 [14/Nov/2024:18:05:05 +0000] - 13.022 ms localhost
GET /@fs/C:/Users/USER/Desktop/BroCampTasks/Project_2/frontend/.angular/cache/18.2.11/frontend/vite/deps/chunk-7Z5IUEXQ.js.map 304 [14/Nov/2024:18:05:06 +0000] - 4.904 ms localhost
GET /@fs/C:/Users/USER/Desktop/BroCampTasks/Project_2/frontend/.angular/cache/18.2.11/frontend/vite/deps/@angular_core.js.map 304 [14/Nov/2024:18:05:06 +0000] - 8.310 ms localhost
GET /@fs/C:/Users/USER/Desktop/BroCampTasks/Project_2/frontend/.angular/cache/18.2.11/frontend/vite/deps/chunk-ONF4YWYJ.js.map 304 [14/Nov/2024:18:05:06 +0000] - 84.033 ms localhost
GET /@fs/C:/Users/USER/Desktop/BroCampTasks/Project_2/frontend/.angular/cache/18.2.11/frontend/vite/deps/@angular_router.js.map 304 [14/Nov/2024:18:05:06 +0000] - 69.743 ms localhost
GET /@fs/C:/Users/USER/Desktop/BroCampTasks/Project_2/frontend/.angular/cache/18.2.11/frontend/vite/deps/@angular_forms.js.map 304 [14/Nov/2024:18:05:06 +0000] - 75.745 ms localhost
GET /@fs/C:/Users/USER/Desktop/BroCampTasks/Project_2/frontend/.angular/cache/18.2.11/frontend/vite/deps/@angular_common_http.js.map 304 [14/Nov/2024:18:05:06 +0000] - 35.046 ms localhost
GET /login.component.css.map 200 [14/Nov/2024:18:05:06 +0000] - 4.422 ms localhost
GET /favicon.ico 304 [14/Nov/2024:18:05:07 +0000] - 3.937 ms localhost
GET / - [14/Nov/2024:18:09:04 +0000] - - ms localhost
GET /login 200 [14/Nov/2024:18:12:38 +0000] - 12.661 ms localhost
GET /@vite/client 304 [14/Nov/2024:18:12:38 +0000] - 4.781 ms localhost
GET /styles.css 200 [14/Nov/2024:18:12:38 +0000] - 3.694 ms localhost
GET /polyfills.js 304 [14/Nov/2024:18:12:38 +0000] - 2.418 ms localhost
GET /main.js 200 [14/Nov/2024:18:12:38 +0000] - 3.779 ms localhost
GET /@fs/C:/Users/USER/Desktop/BroCampTasks/Project_2/frontend/node_modules/vite/dist/client/env.mjs 304 [14/Nov/2024:18:12:39 +0000] - 2.828 ms localhost
GET /@fs/C:/Users/USER/Desktop/BroCampTasks/Project_2/frontend/.angular/cache/18.2.11/frontend/vite/deps/@angular_platform-browser.js.map 304 [14/Nov/2024:18:12:40 +0000] - 7.575 ms localhost
GET /@fs/C:/Users/USER/Desktop/BroCampTasks/Project_2/frontend/.angular/cache/18.2.11/frontend/vite/deps/chunk-UPKJTDPH.js.map 304 [14/Nov/2024:18:12:40 +0000] - 6.607 ms localhost
GET /@fs/C:/Users/USER/Desktop/BroCampTasks/Project_2/frontend/.angular/cache/18.2.11/frontend/vite/deps/chunk-BPRFSA7N.js.map 304 [14/Nov/2024:18:12:40 +0000] - 8.084 ms localhost
GET /@fs/C:/Users/USER/Desktop/BroCampTasks/Project_2/frontend/.angular/cache/18.2.11/frontend/vite/deps/chunk-RXABWRVP.js.map 304 [14/Nov/2024:18:12:40 +0000] - 12.623 ms localhost
GET /@fs/C:/Users/USER/Desktop/BroCampTasks/Project_2/frontend/.angular/cache/18.2.11/frontend/vite/deps/chunk-7Z5IUEXQ.js.map 304 [14/Nov/2024:18:12:40 +0000] - 12.848 ms localhost
GET /@fs/C:/Users/USER/Desktop/BroCampTasks/Project_2/frontend/.angular/cache/18.2.11/frontend/vite/deps/chunk-ONF4YWYJ.js.map 304 [14/Nov/2024:18:12:40 +0000] - 73.641 ms localhost
GET /@fs/C:/Users/USER/Desktop/BroCampTasks/Project_2/frontend/.angular/cache/18.2.11/frontend/vite/deps/@angular_core.js.map 304 [14/Nov/2024:18:12:40 +0000] - 51.683 ms localhost
GET /@fs/C:/Users/USER/Desktop/BroCampTasks/Project_2/frontend/.angular/cache/18.2.11/frontend/vite/deps/@angular_router.js.map 304 [14/Nov/2024:18:12:40 +0000] - 53.546 ms localhost
GET /@fs/C:/Users/USER/Desktop/BroCampTasks/Project_2/frontend/.angular/cache/18.2.11/frontend/vite/deps/@angular_forms.js.map 304 [14/Nov/2024:18:12:40 +0000] - 27.816 ms localhost
GET /@fs/C:/Users/USER/Desktop/BroCampTasks/Project_2/frontend/.angular/cache/18.2.11/frontend/vite/deps/@angular_common_http.js.map 304 [14/Nov/2024:18:12:40 +0000] - 18.502 ms localhost
GET /login.component.css.map 200 [14/Nov/2024:18:12:42 +0000] - 2.433 ms localhost
GET /styles.css.map 200 [14/Nov/2024:18:12:42 +0000] - 3.609 ms localhost
GET /favicon.ico 304 [14/Nov/2024:18:12:47 +0000] - 3.794 ms localhost
GET / - [14/Nov/2024:18:16:39 +0000] - - ms localhost
GET /login 200 [14/Nov/2024:18:16:41 +0000] - 21.523 ms localhost
GET /@vite/client 304 [14/Nov/2024:18:16:41 +0000] - 4.299 ms localhost
GET /styles.css 200 [14/Nov/2024:18:16:41 +0000] - 5.926 ms localhost
GET /polyfills.js 304 [14/Nov/2024:18:16:41 +0000] - 2.856 ms localhost
GET /main.js 200 [14/Nov/2024:18:16:41 +0000] - 4.878 ms localhost
GET /@fs/C:/Users/USER/Desktop/BroCampTasks/Project_2/frontend/node_modules/vite/dist/client/env.mjs 304 [14/Nov/2024:18:16:42 +0000] - 2.471 ms localhost
GET /@fs/C:/Users/USER/Desktop/BroCampTasks/Project_2/frontend/.angular/cache/18.2.11/frontend/vite/deps/@angular_platform-browser.js.map 304 [14/Nov/2024:18:16:44 +0000] - 5.531 ms localhost
GET /@fs/C:/Users/USER/Desktop/BroCampTasks/Project_2/frontend/.angular/cache/18.2.11/frontend/vite/deps/chunk-UPKJTDPH.js.map 304 [14/Nov/2024:18:16:44 +0000] - 6.154 ms localhost
GET /@fs/C:/Users/USER/Desktop/BroCampTasks/Project_2/frontend/.angular/cache/18.2.11/frontend/vite/deps/chunk-BPRFSA7N.js.map 304 [14/Nov/2024:18:16:44 +0000] - 8.073 ms localhost
GET /@fs/C:/Users/USER/Desktop/BroCampTasks/Project_2/frontend/.angular/cache/18.2.11/frontend/vite/deps/chunk-RXABWRVP.js.map 304 [14/Nov/2024:18:16:44 +0000] - 11.563 ms localhost
GET /@fs/C:/Users/USER/Desktop/BroCampTasks/Project_2/frontend/.angular/cache/18.2.11/frontend/vite/deps/chunk-ONF4YWYJ.js.map 304 [14/Nov/2024:18:16:44 +0000] - 75.265 ms localhost
GET /@fs/C:/Users/USER/Desktop/BroCampTasks/Project_2/frontend/.angular/cache/18.2.11/frontend/vite/deps/chunk-7Z5IUEXQ.js.map 304 [14/Nov/2024:18:16:44 +0000] - 3.973 ms localhost
GET /@fs/C:/Users/USER/Desktop/BroCampTasks/Project_2/frontend/.angular/cache/18.2.11/frontend/vite/deps/@angular_core.js.map 304 [14/Nov/2024:18:16:45 +0000] - 4.191 ms localhost
GET /@fs/C:/Users/USER/Desktop/BroCampTasks/Project_2/frontend/.angular/cache/18.2.11/frontend/vite/deps/@angular_router.js.map 304 [14/Nov/2024:18:16:45 +0000] - 12.345 ms localhost
GET /@fs/C:/Users/USER/Desktop/BroCampTasks/Project_2/frontend/.angular/cache/18.2.11/frontend/vite/deps/@angular_common_http.js.map 304 [14/Nov/2024:18:16:45 +0000] - 5.816 ms localhost
GET /@fs/C:/Users/USER/Desktop/BroCampTasks/Project_2/frontend/.angular/cache/18.2.11/frontend/vite/deps/@angular_forms.js.map 304 [14/Nov/2024:18:16:45 +0000] - 17.101 ms localhost
GET /login.component.css.map 200 [14/Nov/2024:18:16:48 +0000] - 3.730 ms localhost
GET /styles.css.map 200 [14/Nov/2024:18:16:48 +0000] - 2.889 ms localhost
GET /favicon.ico 304 [14/Nov/2024:18:16:49 +0000] - 2.777 ms localhost
GET / - [14/Nov/2024:18:20:42 +0000] - - ms localhost
GET /login 200 [14/Nov/2024:18:25:38 +0000] - 37.706 ms localhost
GET /@vite/client 304 [14/Nov/2024:18:25:38 +0000] - 4.962 ms localhost
GET /styles.css 200 [14/Nov/2024:18:25:38 +0000] - 7.345 ms localhost
GET /polyfills.js 304 [14/Nov/2024:18:25:38 +0000] - 2.756 ms localhost
GET /main.js 200 [14/Nov/2024:18:25:38 +0000] - 9.069 ms localhost
GET /@fs/C:/Users/USER/Desktop/BroCampTasks/Project_2/frontend/node_modules/vite/dist/client/env.mjs 304 [14/Nov/2024:18:25:39 +0000] - 2.865 ms localhost
GET /@fs/C:/Users/USER/Desktop/BroCampTasks/Project_2/frontend/.angular/cache/18.2.11/frontend/vite/deps/@angular_platform-browser.js.map 304 [14/Nov/2024:18:25:40 +0000] - 9.251 ms localhost
GET /@fs/C:/Users/USER/Desktop/BroCampTasks/Project_2/frontend/.angular/cache/18.2.11/frontend/vite/deps/chunk-UPKJTDPH.js.map 304 [14/Nov/2024:18:25:40 +0000] - 17.676 ms localhost
GET /@fs/C:/Users/USER/Desktop/BroCampTasks/Project_2/frontend/.angular/cache/18.2.11/frontend/vite/deps/chunk-BPRFSA7N.js.map 304 [14/Nov/2024:18:25:40 +0000] - 23.165 ms localhost
GET /@fs/C:/Users/USER/Desktop/BroCampTasks/Project_2/frontend/.angular/cache/18.2.11/frontend/vite/deps/chunk-7Z5IUEXQ.js.map 304 [14/Nov/2024:18:25:40 +0000] - 21.504 ms localhost
GET /@fs/C:/Users/USER/Desktop/BroCampTasks/Project_2/frontend/.angular/cache/18.2.11/frontend/vite/deps/chunk-RXABWRVP.js.map 304 [14/Nov/2024:18:25:40 +0000] - 34.181 ms localhost
GET /@fs/C:/Users/USER/Desktop/BroCampTasks/Project_2/frontend/.angular/cache/18.2.11/frontend/vite/deps/@angular_core.js.map 304 [14/Nov/2024:18:25:40 +0000] - 34.073 ms localhost
GET /@fs/C:/Users/USER/Desktop/BroCampTasks/Project_2/frontend/.angular/cache/18.2.11/frontend/vite/deps/chunk-ONF4YWYJ.js.map 304 [14/Nov/2024:18:25:40 +0000] - 109.722 ms localhost
GET /@fs/C:/Users/USER/Desktop/BroCampTasks/Project_2/frontend/.angular/cache/18.2.11/frontend/vite/deps/@angular_router.js.map 304 [14/Nov/2024:18:25:40 +0000] - 147.078 ms localhost
GET /@fs/C:/Users/USER/Desktop/BroCampTasks/Project_2/frontend/.angular/cache/18.2.11/frontend/vite/deps/@angular_forms.js.map 304 [14/Nov/2024:18:25:40 +0000] - 177.763 ms localhost
GET /@fs/C:/Users/USER/Desktop/BroCampTasks/Project_2/frontend/.angular/cache/18.2.11/frontend/vite/deps/@angular_common_http.js.map 304 [14/Nov/2024:18:25:40 +0000] - 129.870 ms localhost
GET /styles.css.map 200 [14/Nov/2024:18:25:45 +0000] - 3.801 ms localhost
GET /login.component.css.map 200 [14/Nov/2024:18:25:45 +0000] - 8.255 ms localhost
GET /favicon.ico 304 [14/Nov/2024:18:25:46 +0000] - 8.262 ms localhost
GET / - [14/Nov/2024:18:29:39 +0000] - - ms localhost
POST /user/resetPassword 504 [14/Nov/2024:19:39:01 +0000] - 26690.573 ms localhost
POST /user/resetPassword 504 [14/Nov/2024:19:46:47 +0000] - 44297.770 ms localhost
POST /user/resetPassword 504 [14/Nov/2024:19:49:05 +0000] - 49293.349 ms localhost
POST /user/resetPassword - [14/Nov/2024:19:49:18 +0000] - - ms localhost
GET /login 200 [14/Nov/2024:19:49:40 +0000] - 29.978 ms localhost
GET /polyfills.js 304 [14/Nov/2024:19:49:40 +0000] - 4.401 ms localhost
GET /styles.css 200 [14/Nov/2024:19:49:40 +0000] - 16.705 ms localhost
GET /main.js 200 [14/Nov/2024:19:49:40 +0000] - 17.780 ms localhost
GET /@vite/client 304 [14/Nov/2024:19:49:40 +0000] - 21.268 ms localhost
GET /@fs/C:/Users/USER/Desktop/BroCampTasks/Project_2/frontend/node_modules/vite/dist/client/env.mjs 304 [14/Nov/2024:19:49:40 +0000] - 4.373 ms localhost
GET /styles.css.map 200 [14/Nov/2024:19:49:42 +0000] - 3.918 ms localhost
GET /@fs/C:/Users/USER/Desktop/BroCampTasks/Project_2/frontend/.angular/cache/18.2.11/frontend/vite/deps/@angular_platform-browser.js.map 304 [14/Nov/2024:19:49:42 +0000] - 6.894 ms localhost
GET /@fs/C:/Users/USER/Desktop/BroCampTasks/Project_2/frontend/.angular/cache/18.2.11/frontend/vite/deps/chunk-UPKJTDPH.js.map 304 [14/Nov/2024:19:49:42 +0000] - 22.072 ms localhost
GET /@fs/C:/Users/USER/Desktop/BroCampTasks/Project_2/frontend/.angular/cache/18.2.11/frontend/vite/deps/chunk-RXABWRVP.js.map 304 [14/Nov/2024:19:49:42 +0000] - 30.137 ms localhost
GET /@fs/C:/Users/USER/Desktop/BroCampTasks/Project_2/frontend/.angular/cache/18.2.11/frontend/vite/deps/chunk-BPRFSA7N.js.map 304 [14/Nov/2024:19:49:42 +0000] - 39.753 ms localhost
GET /@fs/C:/Users/USER/Desktop/BroCampTasks/Project_2/frontend/.angular/cache/18.2.11/frontend/vite/deps/chunk-7Z5IUEXQ.js.map 304 [14/Nov/2024:19:49:42 +0000] - 60.703 ms localhost
GET /@fs/C:/Users/USER/Desktop/BroCampTasks/Project_2/frontend/.angular/cache/18.2.11/frontend/vite/deps/@angular_forms.js.map 304 [14/Nov/2024:19:49:42 +0000] - 39.348 ms localhost
GET /@fs/C:/Users/USER/Desktop/BroCampTasks/Project_2/frontend/.angular/cache/18.2.11/frontend/vite/deps/@angular_router.js.map 304 [14/Nov/2024:19:49:42 +0000] - 73.262 ms localhost
GET /@fs/C:/Users/USER/Desktop/BroCampTasks/Project_2/frontend/.angular/cache/18.2.11/frontend/vite/deps/@angular_core.js.map 304 [14/Nov/2024:19:49:42 +0000] - 88.598 ms localhost
GET /login.component.css.map 200 [14/Nov/2024:19:49:42 +0000] - 36.074 ms localhost
GET /@fs/C:/Users/USER/Desktop/BroCampTasks/Project_2/frontend/.angular/cache/18.2.11/frontend/vite/deps/chunk-ONF4YWYJ.js.map 304 [14/Nov/2024:19:49:42 +0000] - 320.044 ms localhost
GET /@fs/C:/Users/USER/Desktop/BroCampTasks/Project_2/frontend/.angular/cache/18.2.11/frontend/vite/deps/@angular_common_http.js.map 304 [14/Nov/2024:19:49:42 +0000] - 279.380 ms localhost
GET /favicon.ico 304 [14/Nov/2024:19:49:42 +0000] - 6.216 ms localhost
POST /user/sendMail 200 [14/Nov/2024:19:49:48 +0000] - 128.663 ms localhost
POST /user/resetPassword - [14/Nov/2024:19:51:21 +0000] - - ms localhost
GET /login 200 [14/Nov/2024:19:51:29 +0000] - 11.229 ms localhost
GET / - [14/Nov/2024:19:51:29 +0000] - - ms localhost
GET /@vite/client 304 [14/Nov/2024:19:51:29 +0000] - 7.076 ms localhost
GET /styles.css 200 [14/Nov/2024:19:51:29 +0000] - 6.775 ms localhost
GET /polyfills.js 304 [14/Nov/2024:19:51:29 +0000] - 8.426 ms localhost
GET /main.js 304 [14/Nov/2024:19:51:29 +0000] - 7.897 ms localhost
GET /styles.css.map 200 [14/Nov/2024:19:51:29 +0000] - 3.424 ms localhost
GET /@fs/C:/Users/USER/Desktop/BroCampTasks/Project_2/frontend/node_modules/vite/dist/client/env.mjs 304 [14/Nov/2024:19:51:29 +0000] - 3.332 ms localhost
GET /@fs/C:/Users/USER/Desktop/BroCampTasks/Project_2/frontend/.angular/cache/18.2.11/frontend/vite/deps/@angular_platform-browser.js.map 304 [14/Nov/2024:19:51:30 +0000] - 8.027 ms localhost
GET /@fs/C:/Users/USER/Desktop/BroCampTasks/Project_2/frontend/.angular/cache/18.2.11/frontend/vite/deps/chunk-UPKJTDPH.js.map 304 [14/Nov/2024:19:51:30 +0000] - 9.579 ms localhost
GET /@fs/C:/Users/USER/Desktop/BroCampTasks/Project_2/frontend/.angular/cache/18.2.11/frontend/vite/deps/chunk-BPRFSA7N.js.map 304 [14/Nov/2024:19:51:30 +0000] - 10.849 ms localhost
GET /@fs/C:/Users/USER/Desktop/BroCampTasks/Project_2/frontend/.angular/cache/18.2.11/frontend/vite/deps/chunk-7Z5IUEXQ.js.map 304 [14/Nov/2024:19:51:30 +0000] - 10.872 ms localhost
GET /@fs/C:/Users/USER/Desktop/BroCampTasks/Project_2/frontend/.angular/cache/18.2.11/frontend/vite/deps/chunk-RXABWRVP.js.map 304 [14/Nov/2024:19:51:30 +0000] - 26.750 ms localhost
GET /@fs/C:/Users/USER/Desktop/BroCampTasks/Project_2/frontend/.angular/cache/18.2.11/frontend/vite/deps/chunk-ONF4YWYJ.js.map 304 [14/Nov/2024:19:51:30 +0000] - 215.142 ms localhost
GET /login.component.css.map 200 [14/Nov/2024:19:51:30 +0000] - 111.934 ms localhost
GET /@fs/C:/Users/USER/Desktop/BroCampTasks/Project_2/frontend/.angular/cache/18.2.11/frontend/vite/deps/@angular_core.js.map 304 [14/Nov/2024:19:51:30 +0000] - 192.076 ms localhost
GET /@fs/C:/Users/USER/Desktop/BroCampTasks/Project_2/frontend/.angular/cache/18.2.11/frontend/vite/deps/@angular_common_http.js.map 304 [14/Nov/2024:19:51:30 +0000] - 186.620 ms localhost
GET /@fs/C:/Users/USER/Desktop/BroCampTasks/Project_2/frontend/.angular/cache/18.2.11/frontend/vite/deps/@angular_router.js.map 304 [14/Nov/2024:19:51:30 +0000] - 197.439 ms localhost
GET /@fs/C:/Users/USER/Desktop/BroCampTasks/Project_2/frontend/.angular/cache/18.2.11/frontend/vite/deps/@angular_forms.js.map 304 [14/Nov/2024:19:51:30 +0000] - 206.771 ms localhost
GET /favicon.ico 304 [14/Nov/2024:19:51:30 +0000] - 4.199 ms localhost
POST /user/sendMail 200 [14/Nov/2024:19:51:37 +0000] - 47.572 ms localhost
POST /user/resetPassword 504 [14/Nov/2024:19:52:13 +0000] - 17024.844 ms localhost
GET /login 200 [14/Nov/2024:19:53:03 +0000] - 51.913 ms localhost
GET / - [14/Nov/2024:19:53:03 +0000] - - ms localhost
GET /@vite/client 304 [14/Nov/2024:19:53:03 +0000] - 6.105 ms localhost
GET /styles.css 200 [14/Nov/2024:19:53:03 +0000] - 5.553 ms localhost
GET /main.js 304 [14/Nov/2024:19:53:03 +0000] - 4.671 ms localhost
GET /polyfills.js 304 [14/Nov/2024:19:53:03 +0000] - 8.655 ms localhost
GET /styles.css.map 200 [14/Nov/2024:19:53:03 +0000] - 47.361 ms localhost
GET /@fs/C:/Users/USER/Desktop/BroCampTasks/Project_2/frontend/node_modules/vite/dist/client/env.mjs 304 [14/Nov/2024:19:53:03 +0000] - 3.104 ms localhost
GET /@fs/C:/Users/USER/Desktop/BroCampTasks/Project_2/frontend/.angular/cache/18.2.11/frontend/vite/deps/@angular_platform-browser.js.map 304 [14/Nov/2024:19:53:03 +0000] - 11.548 ms localhost
GET /@fs/C:/Users/USER/Desktop/BroCampTasks/Project_2/frontend/.angular/cache/18.2.11/frontend/vite/deps/chunk-UPKJTDPH.js.map 304 [14/Nov/2024:19:53:03 +0000] - 13.674 ms localhost
GET /@fs/C:/Users/USER/Desktop/BroCampTasks/Project_2/frontend/.angular/cache/18.2.11/frontend/vite/deps/chunk-BPRFSA7N.js.map 304 [14/Nov/2024:19:53:03 +0000] - 18.959 ms localhost
GET /@fs/C:/Users/USER/Desktop/BroCampTasks/Project_2/frontend/.angular/cache/18.2.11/frontend/vite/deps/chunk-RXABWRVP.js.map 304 [14/Nov/2024:19:53:03 +0000] - 14.857 ms localhost
GET /@fs/C:/Users/USER/Desktop/BroCampTasks/Project_2/frontend/.angular/cache/18.2.11/frontend/vite/deps/chunk-7Z5IUEXQ.js.map 304 [14/Nov/2024:19:53:03 +0000] - 16.470 ms localhost
GET /@fs/C:/Users/USER/Desktop/BroCampTasks/Project_2/frontend/.angular/cache/18.2.11/frontend/vite/deps/chunk-ONF4YWYJ.js.map 304 [14/Nov/2024:19:53:03 +0000] - 219.060 ms localhost
GET /@fs/C:/Users/USER/Desktop/BroCampTasks/Project_2/frontend/.angular/cache/18.2.11/frontend/vite/deps/@angular_core.js.map 304 [14/Nov/2024:19:53:03 +0000] - 197.620 ms localhost
GET /@fs/C:/Users/USER/Desktop/BroCampTasks/Project_2/frontend/.angular/cache/18.2.11/frontend/vite/deps/@angular_router.js.map 304 [14/Nov/2024:19:53:03 +0000] - 208.867 ms localhost
GET /@fs/C:/Users/USER/Desktop/BroCampTasks/Project_2/frontend/.angular/cache/18.2.11/frontend/vite/deps/@angular_forms.js.map 304 [14/Nov/2024:19:53:03 +0000] - 213.256 ms localhost
GET /@fs/C:/Users/USER/Desktop/BroCampTasks/Project_2/frontend/.angular/cache/18.2.11/frontend/vite/deps/@angular_common_http.js.map 304 [14/Nov/2024:19:53:03 +0000] - 211.365 ms localhost
GET /login.component.css.map 200 [14/Nov/2024:19:53:03 +0000] - 4.055 ms localhost
GET /favicon.ico 304 [14/Nov/2024:19:53:04 +0000] - 4.364 ms localhost
POST /user/sendMail 200 [14/Nov/2024:19:53:12 +0000] - 106.811 ms localhost
POST /user/resetPassword 504 [14/Nov/2024:19:54:59 +0000] - 89422.123 ms localhost
GET /login 200 [14/Nov/2024:19:55:15 +0000] - 12.317 ms localhost
GET / - [14/Nov/2024:19:55:15 +0000] - - ms localhost
GET /styles.css 200 [14/Nov/2024:19:55:15 +0000] - 5.368 ms localhost
GET /polyfills.js 304 [14/Nov/2024:19:55:15 +0000] - 8.028 ms localhost
GET /@vite/client 304 [14/Nov/2024:19:55:15 +0000] - 5.234 ms localhost
GET /main.js 304 [14/Nov/2024:19:55:15 +0000] - 6.292 ms localhost
GET /styles.css.map 200 [14/Nov/2024:19:55:15 +0000] - 4.050 ms localhost
GET /@fs/C:/Users/USER/Desktop/BroCampTasks/Project_2/frontend/node_modules/vite/dist/client/env.mjs 304 [14/Nov/2024:19:55:15 +0000] - 2.495 ms localhost
GET /@fs/C:/Users/USER/Desktop/BroCampTasks/Project_2/frontend/.angular/cache/18.2.11/frontend/vite/deps/@angular_platform-browser.js.map 304 [14/Nov/2024:19:55:15 +0000] - 15.535 ms localhost
GET /@fs/C:/Users/USER/Desktop/BroCampTasks/Project_2/frontend/.angular/cache/18.2.11/frontend/vite/deps/chunk-UPKJTDPH.js.map 304 [14/Nov/2024:19:55:15 +0000] - 27.796 ms localhost
GET /@fs/C:/Users/USER/Desktop/BroCampTasks/Project_2/frontend/.angular/cache/18.2.11/frontend/vite/deps/chunk-RXABWRVP.js.map 304 [14/Nov/2024:19:55:15 +0000] - 38.535 ms localhost
GET /@fs/C:/Users/USER/Desktop/BroCampTasks/Project_2/frontend/.angular/cache/18.2.11/frontend/vite/deps/chunk-BPRFSA7N.js.map 304 [14/Nov/2024:19:55:15 +0000] - 45.150 ms localhost
GET /@fs/C:/Users/USER/Desktop/BroCampTasks/Project_2/frontend/.angular/cache/18.2.11/frontend/vite/deps/chunk-7Z5IUEXQ.js.map 304 [14/Nov/2024:19:55:15 +0000] - 43.040 ms localhost
GET /@fs/C:/Users/USER/Desktop/BroCampTasks/Project_2/frontend/.angular/cache/18.2.11/frontend/vite/deps/@angular_core.js.map 304 [14/Nov/2024:19:55:15 +0000] - 48.816 ms localhost
GET /@fs/C:/Users/USER/Desktop/BroCampTasks/Project_2/frontend/.angular/cache/18.2.11/frontend/vite/deps/chunk-ONF4YWYJ.js.map 304 [14/Nov/2024:19:55:16 +0000] - 228.140 ms localhost
GET /@fs/C:/Users/USER/Desktop/BroCampTasks/Project_2/frontend/.angular/cache/18.2.11/frontend/vite/deps/@angular_common_http.js.map 304 [14/Nov/2024:19:55:16 +0000] - 191.463 ms localhost
GET /@fs/C:/Users/USER/Desktop/BroCampTasks/Project_2/frontend/.angular/cache/18.2.11/frontend/vite/deps/@angular_forms.js.map 304 [14/Nov/2024:19:55:16 +0000] - 219.937 ms localhost
GET /@fs/C:/Users/USER/Desktop/BroCampTasks/Project_2/frontend/.angular/cache/18.2.11/frontend/vite/deps/@angular_router.js.map 304 [14/Nov/2024:19:55:16 +0000] - 211.375 ms localhost
GET /login.component.css.map 200 [14/Nov/2024:19:55:16 +0000] - 6.330 ms localhost
GET /favicon.ico 304 [14/Nov/2024:19:55:16 +0000] - 6.220 ms localhost
POST /user/sendMail 200 [14/Nov/2024:19:55:23 +0000] - 180.954 ms localhost
POST /user/resetPassword 504 [14/Nov/2024:19:56:07 +0000] - 25585.388 ms localhost
GET / - [14/Nov/2024:19:59:15 +0000] - - ms localhost
GET /login 200 [14/Nov/2024:20:12:24 +0000] - 301.623 ms localhost
GET /styles.css 200 [14/Nov/2024:20:12:24 +0000] - 11.045 ms localhost
GET /polyfills.js 304 [14/Nov/2024:20:12:24 +0000] - 9.265 ms localhost
GET /@vite/client 304 [14/Nov/2024:20:12:24 +0000] - 13.703 ms localhost
GET /main.js 304 [14/Nov/2024:20:12:24 +0000] - 13.899 ms localhost
GET /@fs/C:/Users/USER/Desktop/BroCampTasks/Project_2/frontend/node_modules/vite/dist/client/env.mjs 304 [14/Nov/2024:20:12:24 +0000] - 4.079 ms localhost
GET /styles.css.map 200 [14/Nov/2024:20:12:25 +0000] - 7.867 ms localhost
GET /@fs/C:/Users/USER/Desktop/BroCampTasks/Project_2/frontend/.angular/cache/18.2.11/frontend/vite/deps/@angular_platform-browser.js.map 304 [14/Nov/2024:20:12:25 +0000] - 59.367 ms localhost
GET /@fs/C:/Users/USER/Desktop/BroCampTasks/Project_2/frontend/.angular/cache/18.2.11/frontend/vite/deps/chunk-UPKJTDPH.js.map 304 [14/Nov/2024:20:12:25 +0000] - 108.735 ms localhost
GET /@fs/C:/Users/USER/Desktop/BroCampTasks/Project_2/frontend/.angular/cache/18.2.11/frontend/vite/deps/chunk-7Z5IUEXQ.js.map 304 [14/Nov/2024:20:12:25 +0000] - 125.850 ms localhost
GET /@fs/C:/Users/USER/Desktop/BroCampTasks/Project_2/frontend/.angular/cache/18.2.11/frontend/vite/deps/chunk-RXABWRVP.js.map 304 [14/Nov/2024:20:12:25 +0000] - 167.601 ms localhost
GET /@fs/C:/Users/USER/Desktop/BroCampTasks/Project_2/frontend/.angular/cache/18.2.11/frontend/vite/deps/chunk-BPRFSA7N.js.map 304 [14/Nov/2024:20:12:25 +0000] - 186.115 ms localhost
GET /@fs/C:/Users/USER/Desktop/BroCampTasks/Project_2/frontend/.angular/cache/18.2.11/frontend/vite/deps/chunk-ONF4YWYJ.js.map 304 [14/Nov/2024:20:12:26 +0000] - 864.517 ms localhost
GET /@fs/C:/Users/USER/Desktop/BroCampTasks/Project_2/frontend/.angular/cache/18.2.11/frontend/vite/deps/@angular_core.js.map 304 [14/Nov/2024:20:12:26 +0000] - 745.432 ms localhost
GET /login.component.css.map 200 [14/Nov/2024:20:12:26 +0000] - 599.948 ms localhost
GET /@fs/C:/Users/USER/Desktop/BroCampTasks/Project_2/frontend/.angular/cache/18.2.11/frontend/vite/deps/@angular_router.js.map 304 [14/Nov/2024:20:12:26 +0000] - 716.752 ms localhost
GET /@fs/C:/Users/USER/Desktop/BroCampTasks/Project_2/frontend/.angular/cache/18.2.11/frontend/vite/deps/@angular_common_http.js.map 304 [14/Nov/2024:20:12:26 +0000] - 635.485 ms localhost
GET /@fs/C:/Users/USER/Desktop/BroCampTasks/Project_2/frontend/.angular/cache/18.2.11/frontend/vite/deps/@angular_forms.js.map 304 [14/Nov/2024:20:12:26 +0000] - 701.330 ms localhost
GET /favicon.ico 304 [14/Nov/2024:20:12:26 +0000] - 6.597 ms localhost
POST /user/sendMail 200 [14/Nov/2024:20:12:30 +0000] - 188.998 ms localhost
POST /user/resetPassword 504 [14/Nov/2024:20:13:58 +0000] - 56988.992 ms localhost
GET / - [14/Nov/2024:20:16:25 +0000] - - ms localhost
POST /user/resetPassword 504 [14/Nov/2024:20:19:01 +0000] - 259024.879 ms localhost
GET /login 200 [14/Nov/2024:20:20:28 +0000] - 120.610 ms localhost
GET /@vite/client 304 [14/Nov/2024:20:20:28 +0000] - 6.394 ms localhost
GET /styles.css 200 [14/Nov/2024:20:20:28 +0000] - 12.885 ms localhost
GET /polyfills.js 304 [14/Nov/2024:20:20:28 +0000] - 11.565 ms localhost
GET /main.js 304 [14/Nov/2024:20:20:28 +0000] - 11.772 ms localhost
GET /styles.css.map 200 [14/Nov/2024:20:20:28 +0000] - 7.448 ms localhost
GET /@fs/C:/Users/USER/Desktop/BroCampTasks/Project_2/frontend/node_modules/vite/dist/client/env.mjs 304 [14/Nov/2024:20:20:28 +0000] - 2.922 ms localhost
GET /@fs/C:/Users/USER/Desktop/BroCampTasks/Project_2/frontend/.angular/cache/18.2.11/frontend/vite/deps/@angular_platform-browser.js.map 304 [14/Nov/2024:20:20:29 +0000] - 27.624 ms localhost
GET /@fs/C:/Users/USER/Desktop/BroCampTasks/Project_2/frontend/.angular/cache/18.2.11/frontend/vite/deps/chunk-UPKJTDPH.js.map 304 [14/Nov/2024:20:20:29 +0000] - 30.215 ms localhost
GET /@fs/C:/Users/USER/Desktop/BroCampTasks/Project_2/frontend/.angular/cache/18.2.11/frontend/vite/deps/chunk-7Z5IUEXQ.js.map 304 [14/Nov/2024:20:20:29 +0000] - 25.898 ms localhost
GET /@fs/C:/Users/USER/Desktop/BroCampTasks/Project_2/frontend/.angular/cache/18.2.11/frontend/vite/deps/chunk-BPRFSA7N.js.map 304 [14/Nov/2024:20:20:29 +0000] - 45.182 ms localhost
GET /@fs/C:/Users/USER/Desktop/BroCampTasks/Project_2/frontend/.angular/cache/18.2.11/frontend/vite/deps/chunk-RXABWRVP.js.map 304 [14/Nov/2024:20:20:29 +0000] - 60.837 ms localhost
GET /@fs/C:/Users/USER/Desktop/BroCampTasks/Project_2/frontend/.angular/cache/18.2.11/frontend/vite/deps/@angular_core.js.map 304 [14/Nov/2024:20:20:29 +0000] - 52.860 ms localhost
GET /@fs/C:/Users/USER/Desktop/BroCampTasks/Project_2/frontend/.angular/cache/18.2.11/frontend/vite/deps/@angular_router.js.map 304 [14/Nov/2024:20:20:29 +0000] - 139.795 ms localhost
GET /@fs/C:/Users/USER/Desktop/BroCampTasks/Project_2/frontend/.angular/cache/18.2.11/frontend/vite/deps/@angular_common_http.js.map 304 [14/Nov/2024:20:20:29 +0000] - 124.779 ms localhost
GET /@fs/C:/Users/USER/Desktop/BroCampTasks/Project_2/frontend/.angular/cache/18.2.11/frontend/vite/deps/@angular_forms.js.map 304 [14/Nov/2024:20:20:29 +0000] - 170.774 ms localhost
GET /@fs/C:/Users/USER/Desktop/BroCampTasks/Project_2/frontend/.angular/cache/18.2.11/frontend/vite/deps/chunk-ONF4YWYJ.js.map 304 [14/Nov/2024:20:20:29 +0000] - 298.854 ms localhost
GET /login.component.css.map 200 [14/Nov/2024:20:20:29 +0000] - 3.499 ms localhost
GET /favicon.ico 304 [14/Nov/2024:20:20:29 +0000] - 6.758 ms localhost
POST /user/sendMail 200 [14/Nov/2024:20:20:38 +0000] - 103.005 ms localhost
GET / - [14/Nov/2024:20:24:28 +0000] - - ms localhost
POST /user/resetPassword 504 [14/Nov/2024:20:25:45 +0000] - 288065.212 ms localhost
GET /login 200 [14/Nov/2024:20:27:21 +0000] - 43.031 ms localhost
GET /styles.css 200 [14/Nov/2024:20:27:22 +0000] - 9.191 ms localhost
GET /main.js 304 [14/Nov/2024:20:27:22 +0000] - 3.820 ms localhost
GET /@vite/client 304 [14/Nov/2024:20:27:22 +0000] - 7.945 ms localhost
GET /polyfills.js 304 [14/Nov/2024:20:27:22 +0000] - 8.141 ms localhost
GET /styles.css.map 200 [14/Nov/2024:20:27:22 +0000] - 5.135 ms localhost
GET /@fs/C:/Users/USER/Desktop/BroCampTasks/Project_2/frontend/node_modules/vite/dist/client/env.mjs 304 [14/Nov/2024:20:27:22 +0000] - 3.254 ms localhost
GET /@fs/C:/Users/USER/Desktop/BroCampTasks/Project_2/frontend/.angular/cache/18.2.11/frontend/vite/deps/@angular_platform-browser.js.map 304 [14/Nov/2024:20:27:22 +0000] - 15.423 ms localhost
GET /@fs/C:/Users/USER/Desktop/BroCampTasks/Project_2/frontend/.angular/cache/18.2.11/frontend/vite/deps/chunk-UPKJTDPH.js.map 304 [14/Nov/2024:20:27:22 +0000] - 21.400 ms localhost
GET /@fs/C:/Users/USER/Desktop/BroCampTasks/Project_2/frontend/.angular/cache/18.2.11/frontend/vite/deps/chunk-RXABWRVP.js.map 304 [14/Nov/2024:20:27:22 +0000] - 51.465 ms localhost
GET /@fs/C:/Users/USER/Desktop/BroCampTasks/Project_2/frontend/.angular/cache/18.2.11/frontend/vite/deps/@angular_core.js.map 304 [14/Nov/2024:20:27:22 +0000] - 50.342 ms localhost
GET /@fs/C:/Users/USER/Desktop/BroCampTasks/Project_2/frontend/.angular/cache/18.2.11/frontend/vite/deps/chunk-BPRFSA7N.js.map 304 [14/Nov/2024:20:27:22 +0000] - 63.266 ms localhost
GET /@fs/C:/Users/USER/Desktop/BroCampTasks/Project_2/frontend/.angular/cache/18.2.11/frontend/vite/deps/chunk-7Z5IUEXQ.js.map 304 [14/Nov/2024:20:27:22 +0000] - 64.080 ms localhost
GET /@fs/C:/Users/USER/Desktop/BroCampTasks/Project_2/frontend/.angular/cache/18.2.11/frontend/vite/deps/@angular_router.js.map 304 [14/Nov/2024:20:27:22 +0000] - 100.254 ms localhost
GET /@fs/C:/Users/USER/Desktop/BroCampTasks/Project_2/frontend/.angular/cache/18.2.11/frontend/vite/deps/@angular_forms.js.map 304 [14/Nov/2024:20:27:22 +0000] - 148.273 ms localhost
GET /@fs/C:/Users/USER/Desktop/BroCampTasks/Project_2/frontend/.angular/cache/18.2.11/frontend/vite/deps/chunk-ONF4YWYJ.js.map 304 [14/Nov/2024:20:27:22 +0000] - 297.192 ms localhost
GET /@fs/C:/Users/USER/Desktop/BroCampTasks/Project_2/frontend/.angular/cache/18.2.11/frontend/vite/deps/@angular_common_http.js.map 304 [14/Nov/2024:20:27:22 +0000] - 240.055 ms localhost
GET /login.component.css.map 200 [14/Nov/2024:20:27:22 +0000] - 4.039 ms localhost
GET /favicon.ico 304 [14/Nov/2024:20:27:23 +0000] - 6.103 ms localhost
POST /user/sendMail 200 [14/Nov/2024:20:27:29 +0000] - 84.279 ms localhost
POST /user/resetPassword 504 [14/Nov/2024:20:28:11 +0000] - 20351.866 ms localhost
POST /user/resetPassword 504 [14/Nov/2024:20:29:55 +0000] - 22407.067 ms localhost
POST /user/resetPassword 504 [14/Nov/2024:20:31:12 +0000] - 9405.761 ms localhost
POST /user/resetPassword 504 [14/Nov/2024:20:31:14 +0000] - 11.678 ms localhost
GET / - [14/Nov/2024:20:31:22 +0000] - - ms localhost
POST /user/resetPassword 504 [14/Nov/2024:20:31:35 +0000] - 13064.452 ms localhost
POST /user/resetPassword - [14/Nov/2024:20:32:44 +0000] - - ms localhost
POST /user/resetPassword - [14/Nov/2024:20:32:44 +0000] - - ms localhost
GET /login 200 [14/Nov/2024:20:32:53 +0000] - 25.681 ms localhost
GET /styles.css 200 [14/Nov/2024:20:32:53 +0000] - 6.187 ms localhost
GET /@vite/client 304 [14/Nov/2024:20:32:53 +0000] - 6.427 ms localhost
GET /polyfills.js 304 [14/Nov/2024:20:32:53 +0000] - 6.147 ms localhost
GET /main.js 304 [14/Nov/2024:20:32:53 +0000] - 7.000 ms localhost
GET /styles.css.map 200 [14/Nov/2024:20:32:54 +0000] - 3.515 ms localhost
GET /@fs/C:/Users/USER/Desktop/BroCampTasks/Project_2/frontend/node_modules/vite/dist/client/env.mjs 304 [14/Nov/2024:20:32:54 +0000] - 7.408 ms localhost
GET /@fs/C:/Users/USER/Desktop/BroCampTasks/Project_2/frontend/.angular/cache/18.2.11/frontend/vite/deps/@angular_platform-browser.js.map 304 [14/Nov/2024:20:32:54 +0000] - 7.167 ms localhost
GET /@fs/C:/Users/USER/Desktop/BroCampTasks/Project_2/frontend/.angular/cache/18.2.11/frontend/vite/deps/chunk-UPKJTDPH.js.map 304 [14/Nov/2024:20:32:54 +0000] - 8.805 ms localhost
GET /@fs/C:/Users/USER/Desktop/BroCampTasks/Project_2/frontend/.angular/cache/18.2.11/frontend/vite/deps/chunk-BPRFSA7N.js.map 304 [14/Nov/2024:20:32:54 +0000] - 18.374 ms localhost
GET /@fs/C:/Users/USER/Desktop/BroCampTasks/Project_2/frontend/.angular/cache/18.2.11/frontend/vite/deps/chunk-RXABWRVP.js.map 304 [14/Nov/2024:20:32:54 +0000] - 30.574 ms localhost
GET /@fs/C:/Users/USER/Desktop/BroCampTasks/Project_2/frontend/.angular/cache/18.2.11/frontend/vite/deps/chunk-7Z5IUEXQ.js.map 304 [14/Nov/2024:20:32:54 +0000] - 44.954 ms localhost
GET /@fs/C:/Users/USER/Desktop/BroCampTasks/Project_2/frontend/.angular/cache/18.2.11/frontend/vite/deps/chunk-ONF4YWYJ.js.map 304 [14/Nov/2024:20:32:54 +0000] - 186.166 ms localhost
GET /@fs/C:/Users/USER/Desktop/BroCampTasks/Project_2/frontend/.angular/cache/18.2.11/frontend/vite/deps/@angular_core.js.map 304 [14/Nov/2024:20:32:54 +0000] - 174.686 ms localhost
GET /@fs/C:/Users/USER/Desktop/BroCampTasks/Project_2/frontend/.angular/cache/18.2.11/frontend/vite/deps/@angular_router.js.map 304 [14/Nov/2024:20:32:54 +0000] - 205.350 ms localhost
GET /@fs/C:/Users/USER/Desktop/BroCampTasks/Project_2/frontend/.angular/cache/18.2.11/frontend/vite/deps/@angular_forms.js.map 304 [14/Nov/2024:20:32:54 +0000] - 207.863 ms localhost
GET /@fs/C:/Users/USER/Desktop/BroCampTasks/Project_2/frontend/.angular/cache/18.2.11/frontend/vite/deps/@angular_common_http.js.map 304 [14/Nov/2024:20:32:54 +0000] - 196.154 ms localhost
GET /login.component.css.map 200 [14/Nov/2024:20:32:54 +0000] - 2.526 ms localhost
GET /favicon.ico 304 [14/Nov/2024:20:32:55 +0000] - 4.153 ms localhost
POST /user/sendMail 200 [14/Nov/2024:20:33:00 +0000] - 37.490 ms localhost
GET / - [14/Nov/2024:20:36:54 +0000] - - ms localhost
POST /user/resetPassword 504 [14/Nov/2024:20:37:41 +0000] - 263232.278 ms localhost
GET /login 200 [14/Nov/2024:20:40:03 +0000] - 36.761 ms localhost
GET /styles.css 200 [14/Nov/2024:20:40:03 +0000] - 4.373 ms localhost
GET /polyfills.js 304 [14/Nov/2024:20:40:03 +0000] - 6.314 ms localhost
GET /@vite/client 304 [14/Nov/2024:20:40:03 +0000] - 6.145 ms localhost
GET /main.js 304 [14/Nov/2024:20:40:03 +0000] - 5.908 ms localhost
GET /styles.css.map 200 [14/Nov/2024:20:40:03 +0000] - 5.568 ms localhost
GET /@fs/C:/Users/USER/Desktop/BroCampTasks/Project_2/frontend/node_modules/vite/dist/client/env.mjs 304 [14/Nov/2024:20:40:03 +0000] - 2.919 ms localhost
GET /@fs/C:/Users/USER/Desktop/BroCampTasks/Project_2/frontend/.angular/cache/18.2.11/frontend/vite/deps/@angular_platform-browser.js.map 304 [14/Nov/2024:20:40:03 +0000] - 13.895 ms localhost
GET /@fs/C:/Users/USER/Desktop/BroCampTasks/Project_2/frontend/.angular/cache/18.2.11/frontend/vite/deps/chunk-UPKJTDPH.js.map 304 [14/Nov/2024:20:40:03 +0000] - 24.816 ms localhost
GET /@fs/C:/Users/USER/Desktop/BroCampTasks/Project_2/frontend/.angular/cache/18.2.11/frontend/vite/deps/chunk-BPRFSA7N.js.map 304 [14/Nov/2024:20:40:03 +0000] - 36.334 ms localhost
GET /@fs/C:/Users/USER/Desktop/BroCampTasks/Project_2/frontend/.angular/cache/18.2.11/frontend/vite/deps/chunk-RXABWRVP.js.map 304 [14/Nov/2024:20:40:03 +0000] - 43.347 ms localhost
GET /@fs/C:/Users/USER/Desktop/BroCampTasks/Project_2/frontend/.angular/cache/18.2.11/frontend/vite/deps/chunk-7Z5IUEXQ.js.map 304 [14/Nov/2024:20:40:03 +0000] - 41.684 ms localhost
GET /@fs/C:/Users/USER/Desktop/BroCampTasks/Project_2/frontend/.angular/cache/18.2.11/frontend/vite/deps/@angular_core.js.map 304 [14/Nov/2024:20:40:03 +0000] - 44.472 ms localhost
GET /@fs/C:/Users/USER/Desktop/BroCampTasks/Project_2/frontend/.angular/cache/18.2.11/frontend/vite/deps/chunk-ONF4YWYJ.js.map 304 [14/Nov/2024:20:40:03 +0000] - 167.963 ms localhost
GET /@fs/C:/Users/USER/Desktop/BroCampTasks/Project_2/frontend/.angular/cache/18.2.11/frontend/vite/deps/@angular_router.js.map 304 [14/Nov/2024:20:40:03 +0000] - 152.863 ms localhost
GET /@fs/C:/Users/USER/Desktop/BroCampTasks/Project_2/frontend/.angular/cache/18.2.11/frontend/vite/deps/@angular_common_http.js.map 304 [14/Nov/2024:20:40:03 +0000] - 131.462 ms localhost
GET /@fs/C:/Users/USER/Desktop/BroCampTasks/Project_2/frontend/.angular/cache/18.2.11/frontend/vite/deps/@angular_forms.js.map 304 [14/Nov/2024:20:40:03 +0000] - 155.156 ms localhost
GET /login.component.css.map 200 [14/Nov/2024:20:40:03 +0000] - 2.964 ms localhost
GET /favicon.ico 304 [14/Nov/2024:20:40:04 +0000] - 6.432 ms localhost
POST /user/sendMail 200 [14/Nov/2024:20:40:09 +0000] - 75.959 ms localhost
POST /user/resetPassword 504 [14/Nov/2024:20:41:26 +0000] - 54250.803 ms localhost
POST /user/resetPassword 504 [14/Nov/2024:20:43:26 +0000] - 15554.080 ms localhost
GET /login 200 [14/Nov/2024:20:43:55 +0000] - 8.673 ms localhost
GET / - [14/Nov/2024:20:43:55 +0000] - - ms localhost
GET /@vite/client 304 [14/Nov/2024:20:43:55 +0000] - 3.829 ms localhost
GET /styles.css 200 [14/Nov/2024:20:43:55 +0000] - 6.742 ms localhost
GET /polyfills.js 304 [14/Nov/2024:20:43:55 +0000] - 12.102 ms localhost
GET /main.js 304 [14/Nov/2024:20:43:55 +0000] - 12.393 ms localhost
GET /styles.css.map 200 [14/Nov/2024:20:43:55 +0000] - 5.791 ms localhost
GET /@fs/C:/Users/USER/Desktop/BroCampTasks/Project_2/frontend/node_modules/vite/dist/client/env.mjs 304 [14/Nov/2024:20:43:55 +0000] - 2.668 ms localhost
GET /@fs/C:/Users/USER/Desktop/BroCampTasks/Project_2/frontend/.angular/cache/18.2.11/frontend/vite/deps/@angular_platform-browser.js.map 304 [14/Nov/2024:20:43:55 +0000] - 6.972 ms localhost
GET /@fs/C:/Users/USER/Desktop/BroCampTasks/Project_2/frontend/.angular/cache/18.2.11/frontend/vite/deps/chunk-UPKJTDPH.js.map 304 [14/Nov/2024:20:43:55 +0000] - 9.465 ms localhost
GET /@fs/C:/Users/USER/Desktop/BroCampTasks/Project_2/frontend/.angular/cache/18.2.11/frontend/vite/deps/chunk-BPRFSA7N.js.map 304 [14/Nov/2024:20:43:55 +0000] - 27.009 ms localhost
GET /@fs/C:/Users/USER/Desktop/BroCampTasks/Project_2/frontend/.angular/cache/18.2.11/frontend/vite/deps/chunk-ONF4YWYJ.js.map 304 [14/Nov/2024:20:43:56 +0000] - 151.168 ms localhost
GET /@fs/C:/Users/USER/Desktop/BroCampTasks/Project_2/frontend/.angular/cache/18.2.11/frontend/vite/deps/chunk-RXABWRVP.js.map 304 [14/Nov/2024:20:43:56 +0000] - 188.678 ms localhost
GET /@fs/C:/Users/USER/Desktop/BroCampTasks/Project_2/frontend/.angular/cache/18.2.11/frontend/vite/deps/chunk-7Z5IUEXQ.js.map 304 [14/Nov/2024:20:43:56 +0000] - 189.725 ms localhost
GET /@fs/C:/Users/USER/Desktop/BroCampTasks/Project_2/frontend/.angular/cache/18.2.11/frontend/vite/deps/@angular_core.js.map 304 [14/Nov/2024:20:43:56 +0000] - 188.638 ms localhost
GET /@fs/C:/Users/USER/Desktop/BroCampTasks/Project_2/frontend/.angular/cache/18.2.11/frontend/vite/deps/@angular_router.js.map 304 [14/Nov/2024:20:43:56 +0000] - 208.775 ms localhost
GET /@fs/C:/Users/USER/Desktop/BroCampTasks/Project_2/frontend/.angular/cache/18.2.11/frontend/vite/deps/@angular_common_http.js.map 304 [14/Nov/2024:20:43:56 +0000] - 78.526 ms localhost
GET /@fs/C:/Users/USER/Desktop/BroCampTasks/Project_2/frontend/.angular/cache/18.2.11/frontend/vite/deps/@angular_forms.js.map 304 [14/Nov/2024:20:43:56 +0000] - 202.873 ms localhost
GET /login.component.css.map 200 [14/Nov/2024:20:43:56 +0000] - 2.884 ms localhost
GET /favicon.ico 304 [14/Nov/2024:20:43:56 +0000] - 5.020 ms localhost
POST /user/login 200 [14/Nov/2024:20:44:03 +0000] - 213.342 ms localhost
GET /dashboard.component.css.map 200 [14/Nov/2024:20:44:03 +0000] - 3.725 ms localhost
GET / - [14/Nov/2024:20:47:55 +0000] - - ms localhost
POST /user/resetPassword - [14/Nov/2024:21:04:06 +0000] - - ms localhost
GET /user/logout 200 [14/Nov/2024:21:11:36 +0000] - 21.044 ms localhost
GET /login.component.css.map 200 [14/Nov/2024:21:11:37 +0000] - 39.681 ms localhost
GET /login 200 [14/Nov/2024:21:11:38 +0000] - 82.684 ms localhost
GET /@vite/client 304 [14/Nov/2024:21:11:39 +0000] - 10.827 ms localhost
GET /styles.css 200 [14/Nov/2024:21:11:39 +0000] - 15.046 ms localhost
GET /polyfills.js 304 [14/Nov/2024:21:11:39 +0000] - 13.991 ms localhost
GET /main.js 304 [14/Nov/2024:21:11:39 +0000] - 13.722 ms localhost
GET /@fs/C:/Users/USER/Desktop/BroCampTasks/Project_2/frontend/node_modules/vite/dist/client/env.mjs 304 [14/Nov/2024:21:11:39 +0000] - 2.974 ms localhost
GET /styles.css.map 200 [14/Nov/2024:21:11:39 +0000] - 11.550 ms localhost
GET /@fs/C:/Users/USER/Desktop/BroCampTasks/Project_2/frontend/.angular/cache/18.2.11/frontend/vite/deps/@angular_platform-browser.js.map 304 [14/Nov/2024:21:11:40 +0000] - 54.780 ms localhost
GET /@fs/C:/Users/USER/Desktop/BroCampTasks/Project_2/frontend/.angular/cache/18.2.11/frontend/vite/deps/chunk-UPKJTDPH.js.map 304 [14/Nov/2024:21:11:40 +0000] - 80.121 ms localhost
GET /@fs/C:/Users/USER/Desktop/BroCampTasks/Project_2/frontend/.angular/cache/18.2.11/frontend/vite/deps/chunk-BPRFSA7N.js.map 304 [14/Nov/2024:21:11:40 +0000] - 97.457 ms localhost
GET /@fs/C:/Users/USER/Desktop/BroCampTasks/Project_2/frontend/.angular/cache/18.2.11/frontend/vite/deps/chunk-7Z5IUEXQ.js.map 304 [14/Nov/2024:21:11:40 +0000] - 97.097 ms localhost
GET /@fs/C:/Users/USER/Desktop/BroCampTasks/Project_2/frontend/.angular/cache/18.2.11/frontend/vite/deps/chunk-RXABWRVP.js.map 304 [14/Nov/2024:21:11:40 +0000] - 109.300 ms localhost
GET /login.component.css.map 200 [14/Nov/2024:21:11:40 +0000] - 22.151 ms localhost
GET /@fs/C:/Users/USER/Desktop/BroCampTasks/Project_2/frontend/.angular/cache/18.2.11/frontend/vite/deps/chunk-ONF4YWYJ.js.map 304 [14/Nov/2024:21:11:40 +0000] - 452.755 ms localhost
GET /@fs/C:/Users/USER/Desktop/BroCampTasks/Project_2/frontend/.angular/cache/18.2.11/frontend/vite/deps/@angular_core.js.map 304 [14/Nov/2024:21:11:40 +0000] - 330.597 ms localhost
GET /@fs/C:/Users/USER/Desktop/BroCampTasks/Project_2/frontend/.angular/cache/18.2.11/frontend/vite/deps/@angular_forms.js.map 304 [14/Nov/2024:21:11:40 +0000] - 392.076 ms localhost
GET /@fs/C:/Users/USER/Desktop/BroCampTasks/Project_2/frontend/.angular/cache/18.2.11/frontend/vite/deps/@angular_common_http.js.map 304 [14/Nov/2024:21:11:40 +0000] - 355.725 ms localhost
GET /@fs/C:/Users/USER/Desktop/BroCampTasks/Project_2/frontend/.angular/cache/18.2.11/frontend/vite/deps/@angular_router.js.map 304 [14/Nov/2024:21:11:40 +0000] - 367.356 ms localhost
GET /favicon.ico 304 [14/Nov/2024:21:11:40 +0000] - 4.128 ms localhost
POST /user/sendMail 200 [14/Nov/2024:21:11:57 +0000] - 89.998 ms localhost
POST /user/resetPassword 200 [14/Nov/2024:21:12:28 +0000] - 213.971 ms localhost
GET / - [14/Nov/2024:21:15:39 +0000] - - ms localhost
GET /login 200 [14/Nov/2024:21:15:52 +0000] - 12.004 ms localhost
GET /@vite/client 304 [14/Nov/2024:21:15:53 +0000] - 4.962 ms localhost
GET /styles.css 200 [14/Nov/2024:21:15:53 +0000] - 5.610 ms localhost
GET /polyfills.js 304 [14/Nov/2024:21:15:53 +0000] - 4.092 ms localhost
GET /main.js 200 [14/Nov/2024:21:15:53 +0000] - 4.482 ms localhost
GET /@fs/C:/Users/USER/Desktop/BroCampTasks/Project_2/frontend/node_modules/vite/dist/client/env.mjs 304 [14/Nov/2024:21:15:53 +0000] - 2.313 ms localhost
GET /@fs/C:/Users/USER/Desktop/BroCampTasks/Project_2/frontend/.angular/cache/18.2.11/frontend/vite/deps/@angular_platform-browser.js.map 304 [14/Nov/2024:21:15:53 +0000] - 9.032 ms localhost
GET /@fs/C:/Users/USER/Desktop/BroCampTasks/Project_2/frontend/.angular/cache/18.2.11/frontend/vite/deps/chunk-UPKJTDPH.js.map 304 [14/Nov/2024:21:15:53 +0000] - 10.674 ms localhost
GET /@fs/C:/Users/USER/Desktop/BroCampTasks/Project_2/frontend/.angular/cache/18.2.11/frontend/vite/deps/chunk-BPRFSA7N.js.map 304 [14/Nov/2024:21:15:53 +0000] - 13.568 ms localhost
GET /@fs/C:/Users/USER/Desktop/BroCampTasks/Project_2/frontend/.angular/cache/18.2.11/frontend/vite/deps/chunk-RXABWRVP.js.map 304 [14/Nov/2024:21:15:53 +0000] - 21.922 ms localhost
GET /@fs/C:/Users/USER/Desktop/BroCampTasks/Project_2/frontend/.angular/cache/18.2.11/frontend/vite/deps/chunk-7Z5IUEXQ.js.map 304 [14/Nov/2024:21:15:53 +0000] - 15.876 ms localhost
GET /@fs/C:/Users/USER/Desktop/BroCampTasks/Project_2/frontend/.angular/cache/18.2.11/frontend/vite/deps/chunk-ONF4YWYJ.js.map 304 [14/Nov/2024:21:15:53 +0000] - 62.182 ms localhost
GET /@fs/C:/Users/USER/Desktop/BroCampTasks/Project_2/frontend/.angular/cache/18.2.11/frontend/vite/deps/@angular_core.js.map 304 [14/Nov/2024:21:15:53 +0000] - 49.087 ms localhost
GET /@fs/C:/Users/USER/Desktop/BroCampTasks/Project_2/frontend/.angular/cache/18.2.11/frontend/vite/deps/@angular_router.js.map 304 [14/Nov/2024:21:15:53 +0000] - 108.263 ms localhost
GET /@fs/C:/Users/USER/Desktop/BroCampTasks/Project_2/frontend/.angular/cache/18.2.11/frontend/vite/deps/@angular_forms.js.map 304 [14/Nov/2024:21:15:53 +0000] - 110.306 ms localhost
GET /@fs/C:/Users/USER/Desktop/BroCampTasks/Project_2/frontend/.angular/cache/18.2.11/frontend/vite/deps/@angular_common_http.js.map 304 [14/Nov/2024:21:15:53 +0000] - 100.326 ms localhost
GET /login.component.css.map 200 [14/Nov/2024:21:15:54 +0000] - 4.240 ms localhost
GET /styles.css.map 200 [14/Nov/2024:21:15:54 +0000] - 4.492 ms localhost
GET /favicon.ico 304 [14/Nov/2024:21:15:55 +0000] - 3.239 ms localhost
GET / - [14/Nov/2024:21:19:53 +0000] - - ms localhost
GET /login 200 [14/Nov/2024:21:19:57 +0000] - 10.878 ms localhost
GET /@vite/client 304 [14/Nov/2024:21:19:57 +0000] - 5.030 ms localhost
GET /styles.css 200 [14/Nov/2024:21:19:57 +0000] - 7.521 ms localhost
GET /polyfills.js 304 [14/Nov/2024:21:19:57 +0000] - 4.883 ms localhost
GET /main.js 200 [14/Nov/2024:21:19:57 +0000] - 5.099 ms localhost
GET /@fs/C:/Users/USER/Desktop/BroCampTasks/Project_2/frontend/node_modules/vite/dist/client/env.mjs 304 [14/Nov/2024:21:19:57 +0000] - 7.781 ms localhost
GET /@fs/C:/Users/USER/Desktop/BroCampTasks/Project_2/frontend/.angular/cache/18.2.11/frontend/vite/deps/@angular_platform-browser.js.map 304 [14/Nov/2024:21:19:58 +0000] - 3.648 ms localhost
GET /@fs/C:/Users/USER/Desktop/BroCampTasks/Project_2/frontend/.angular/cache/18.2.11/frontend/vite/deps/chunk-UPKJTDPH.js.map 304 [14/Nov/2024:21:19:58 +0000] - 5.956 ms localhost
GET /@fs/C:/Users/USER/Desktop/BroCampTasks/Project_2/frontend/.angular/cache/18.2.11/frontend/vite/deps/chunk-BPRFSA7N.js.map 304 [14/Nov/2024:21:19:58 +0000] - 8.192 ms localhost
GET /@fs/C:/Users/USER/Desktop/BroCampTasks/Project_2/frontend/.angular/cache/18.2.11/frontend/vite/deps/chunk-RXABWRVP.js.map 304 [14/Nov/2024:21:19:58 +0000] - 14.179 ms localhost
GET /@fs/C:/Users/USER/Desktop/BroCampTasks/Project_2/frontend/.angular/cache/18.2.11/frontend/vite/deps/chunk-7Z5IUEXQ.js.map 304 [14/Nov/2024:21:19:58 +0000] - 8.111 ms localhost
GET /@fs/C:/Users/USER/Desktop/BroCampTasks/Project_2/frontend/.angular/cache/18.2.11/frontend/vite/deps/chunk-ONF4YWYJ.js.map 304 [14/Nov/2024:21:19:58 +0000] - 71.145 ms localhost
GET /@fs/C:/Users/USER/Desktop/BroCampTasks/Project_2/frontend/.angular/cache/18.2.11/frontend/vite/deps/@angular_core.js.map 304 [14/Nov/2024:21:19:58 +0000] - 102.546 ms localhost
GET /@fs/C:/Users/USER/Desktop/BroCampTasks/Project_2/frontend/.angular/cache/18.2.11/frontend/vite/deps/@angular_common_http.js.map 304 [14/Nov/2024:21:19:58 +0000] - 59.409 ms localhost
GET /@fs/C:/Users/USER/Desktop/BroCampTasks/Project_2/frontend/.angular/cache/18.2.11/frontend/vite/deps/@angular_router.js.map 304 [14/Nov/2024:21:19:58 +0000] - 112.413 ms localhost
GET /@fs/C:/Users/USER/Desktop/BroCampTasks/Project_2/frontend/.angular/cache/18.2.11/frontend/vite/deps/@angular_forms.js.map 304 [14/Nov/2024:21:19:58 +0000] - 113.390 ms localhost
GET /styles.css.map 200 [14/Nov/2024:21:19:59 +0000] - 3.032 ms localhost
GET /login.component.css.map 200 [14/Nov/2024:21:19:59 +0000] - 2.337 ms localhost
GET /favicon.ico 304 [14/Nov/2024:21:20:00 +0000] - 4.520 ms localhost
GET /login 200 [14/Nov/2024:21:21:31 +0000] - 6.891 ms localhost
GET / - [14/Nov/2024:21:21:31 +0000] - - ms localhost
GET /styles.css 200 [14/Nov/2024:21:21:31 +0000] - 7.210 ms localhost
GET /@vite/client 304 [14/Nov/2024:21:21:31 +0000] - 7.994 ms localhost
GET /polyfills.js 304 [14/Nov/2024:21:21:31 +0000] - 12.029 ms localhost
GET /main.js 200 [14/Nov/2024:21:21:31 +0000] - 13.750 ms localhost
GET /styles.css.map 200 [14/Nov/2024:21:21:31 +0000] - 5.048 ms localhost
GET /@fs/C:/Users/USER/Desktop/BroCampTasks/Project_2/frontend/node_modules/vite/dist/client/env.mjs 304 [14/Nov/2024:21:21:31 +0000] - 3.680 ms localhost
GET /@fs/C:/Users/USER/Desktop/BroCampTasks/Project_2/frontend/.angular/cache/18.2.11/frontend/vite/deps/@angular_platform-browser.js.map 304 [14/Nov/2024:21:21:32 +0000] - 5.342 ms localhost
GET /@fs/C:/Users/USER/Desktop/BroCampTasks/Project_2/frontend/.angular/cache/18.2.11/frontend/vite/deps/chunk-UPKJTDPH.js.map 304 [14/Nov/2024:21:21:32 +0000] - 14.265 ms localhost
GET /@fs/C:/Users/USER/Desktop/BroCampTasks/Project_2/frontend/.angular/cache/18.2.11/frontend/vite/deps/chunk-BPRFSA7N.js.map 304 [14/Nov/2024:21:21:32 +0000] - 11.907 ms localhost
GET /@fs/C:/Users/USER/Desktop/BroCampTasks/Project_2/frontend/.angular/cache/18.2.11/frontend/vite/deps/chunk-RXABWRVP.js.map 304 [14/Nov/2024:21:21:32 +0000] - 19.197 ms localhost
GET /@fs/C:/Users/USER/Desktop/BroCampTasks/Project_2/frontend/.angular/cache/18.2.11/frontend/vite/deps/chunk-7Z5IUEXQ.js.map 304 [14/Nov/2024:21:21:32 +0000] - 15.676 ms localhost
GET /@fs/C:/Users/USER/Desktop/BroCampTasks/Project_2/frontend/.angular/cache/18.2.11/frontend/vite/deps/@angular_core.js.map 304 [14/Nov/2024:21:21:32 +0000] - 15.145 ms localhost
GET /@fs/C:/Users/USER/Desktop/BroCampTasks/Project_2/frontend/.angular/cache/18.2.11/frontend/vite/deps/chunk-ONF4YWYJ.js.map 304 [14/Nov/2024:21:21:32 +0000] - 163.232 ms localhost
GET /login.component.css.map 200 [14/Nov/2024:21:21:32 +0000] - 89.541 ms localhost
GET /@fs/C:/Users/USER/Desktop/BroCampTasks/Project_2/frontend/.angular/cache/18.2.11/frontend/vite/deps/@angular_common_http.js.map 304 [14/Nov/2024:21:21:32 +0000] - 108.565 ms localhost
GET /@fs/C:/Users/USER/Desktop/BroCampTasks/Project_2/frontend/.angular/cache/18.2.11/frontend/vite/deps/@angular_router.js.map 304 [14/Nov/2024:21:21:32 +0000] - 144.331 ms localhost
GET /@fs/C:/Users/USER/Desktop/BroCampTasks/Project_2/frontend/.angular/cache/18.2.11/frontend/vite/deps/@angular_forms.js.map 304 [14/Nov/2024:21:21:32 +0000] - 119.382 ms localhost
GET /favicon.ico 304 [14/Nov/2024:21:21:32 +0000] - 3.848 ms localhost
POST /user/sendMail 200 [14/Nov/2024:21:21:40 +0000] - 228.747 ms localhost
POST /user/resetPassword 200 [14/Nov/2024:21:21:58 +0000] - 203.091 ms localhost
GET / - [14/Nov/2024:21:25:32 +0000] - - ms localhost
GET /login 200 [14/Nov/2024:21:34:13 +0000] - 23.464 ms localhost
GET /@vite/client 304 [14/Nov/2024:21:34:13 +0000] - 4.152 ms localhost
GET /styles.css 200 [14/Nov/2024:21:34:13 +0000] - 5.006 ms localhost
GET /polyfills.js 304 [14/Nov/2024:21:34:13 +0000] - 3.092 ms localhost
GET /main.js 200 [14/Nov/2024:21:34:13 +0000] - 5.494 ms localhost
GET /@fs/C:/Users/USER/Desktop/BroCampTasks/Project_2/frontend/node_modules/vite/dist/client/env.mjs 304 [14/Nov/2024:21:34:13 +0000] - 2.343 ms localhost
GET /favicon.ico 304 [14/Nov/2024:21:34:14 +0000] - 3.634 ms localhost
GET /login 200 [14/Nov/2024:21:35:07 +0000] - 5.596 ms localhost
GET / - [14/Nov/2024:21:35:07 +0000] - - ms localhost
GET /styles.css 200 [14/Nov/2024:21:35:07 +0000] - 3.079 ms localhost
GET /@vite/client 304 [14/Nov/2024:21:35:07 +0000] - 10.144 ms localhost
GET /polyfills.js 304 [14/Nov/2024:21:35:07 +0000] - 6.556 ms localhost
GET /main.js 200 [14/Nov/2024:21:35:07 +0000] - 5.689 ms localhost
GET /@fs/C:/Users/USER/Desktop/BroCampTasks/Project_2/frontend/node_modules/vite/dist/client/env.mjs 304 [14/Nov/2024:21:35:07 +0000] - 3.073 ms localhost
GET /favicon.ico 304 [14/Nov/2024:21:35:08 +0000] - 3.182 ms localhost
GET /login 200 [14/Nov/2024:21:35:12 +0000] - 6.053 ms localhost
GET / - [14/Nov/2024:21:35:12 +0000] - - ms localhost
GET /@vite/client 304 [14/Nov/2024:21:35:12 +0000] - 6.718 ms localhost
GET /styles.css 200 [14/Nov/2024:21:35:12 +0000] - 8.749 ms localhost
GET /polyfills.js 304 [14/Nov/2024:21:35:12 +0000] - 9.300 ms localhost
GET /main.js 304 [14/Nov/2024:21:35:12 +0000] - 8.534 ms localhost
GET /@fs/C:/Users/USER/Desktop/BroCampTasks/Project_2/frontend/node_modules/vite/dist/client/env.mjs 304 [14/Nov/2024:21:35:12 +0000] - 2.370 ms localhost
GET /favicon.ico 304 [14/Nov/2024:21:35:12 +0000] - 3.194 ms localhost
POST /user/sendMail 200 [14/Nov/2024:21:35:18 +0000] - 33.263 ms localhost
POST /user/resetPassword 200 [14/Nov/2024:21:35:35 +0000] - 130.463 ms localhost
POST /user/resetPassword 200 [14/Nov/2024:21:36:51 +0000] - 140.588 ms localhost
GET / - [14/Nov/2024:21:37:24 +0000] - - ms localhost
POST /user/login 200 [15/Nov/2024:08:53:31 +0000] - 471.425 ms localhost
POST /user/login 200 [15/Nov/2024:08:58:11 +0000] - 360.326 ms localhost
POST /user/login 200 [15/Nov/2024:09:06:43 +0000] - 139.039 ms localhost
POST /user/sendMail 504 [15/Nov/2024:14:38:58 +0000] - 54.205 ms localhost
POST /user/sendMail 200 [15/Nov/2024:14:41:34 +0000] - 600.388 ms localhost
POST /user/sendMail 200 [15/Nov/2024:14:43:06 +0000] - 205.004 ms localhost
POST /user/sendMail 200 [15/Nov/2024:15:17:31 +0000] - 211.230 ms localhost
POST /user/login 200 [15/Nov/2024:15:17:52 +0000] - 358.758 ms localhost
POST /user/login 200 [15/Nov/2024:15:20:50 +0000] - 445.380 ms localhost
POST /user/login 200 [15/Nov/2024:19:51:28 +0000] - 1138.805 ms localhost
POST /user/login 200 [15/Nov/2024:20:28:13 +0000] - 501.667 ms localhost
POST /user/verifyOtp 200 [15/Nov/2024:20:28:19 +0000] - 27.623 ms localhost
POST /user/verifyOtp 200 [15/Nov/2024:20:30:39 +0000] - 53.025 ms localhost
POST /user/verifyOtp 200 [15/Nov/2024:20:30:48 +0000] - 16.326 ms localhost
POST /user/login 200 [15/Nov/2024:20:31:34 +0000] - 423.876 ms localhost
POST /user/verifyOtp 200 [15/Nov/2024:20:32:14 +0000] - 29.105 ms localhost
POST /user/verifyOtp 200 [15/Nov/2024:20:32:32 +0000] - 18.358 ms localhost
POST /user/login 200 [15/Nov/2024:20:35:09 +0000] - 305.738 ms localhost
POST /user/verifyOtp 200 [15/Nov/2024:20:35:25 +0000] - 27.802 ms localhost
POST /user/login 200 [15/Nov/2024:20:37:05 +0000] - 405.983 ms localhost
POST /user/verifyOtp 200 [15/Nov/2024:20:37:27 +0000] - 32.363 ms localhost
POST /user/login 200 [15/Nov/2024:20:39:57 +0000] - 505.770 ms localhost
POST /user/verifyOtp 200 [15/Nov/2024:20:40:16 +0000] - 39.330 ms localhost
POST /user/login 200 [15/Nov/2024:20:41:39 +0000] - 433.431 ms localhost
POST /user/verifyOtp 200 [15/Nov/2024:20:41:57 +0000] - 30.554 ms localhost
POST /user/verifyOtp 200 [15/Nov/2024:20:42:27 +0000] - 24.588 ms localhost
POST /user/login 200 [15/Nov/2024:20:45:11 +0000] - 483.428 ms localhost
POST /user/verifyOtp 200 [15/Nov/2024:20:45:31 +0000] - 30.786 ms localhost
POST /user/login 200 [15/Nov/2024:20:54:42 +0000] - 448.823 ms localhost
POST /user/verifyOtp 200 [15/Nov/2024:20:55:03 +0000] - 24.516 ms localhost
POST /user/verifyOtp 200 [15/Nov/2024:20:55:19 +0000] - 18.782 ms localhost
POST /user/verifyOtp 200 [15/Nov/2024:20:55:31 +0000] - 11.906 ms localhost
POST /user/verifyOtp 200 [15/Nov/2024:20:55:35 +0000] - 10.985 ms localhost
POST /user/verifyOtp 200 [15/Nov/2024:20:55:50 +0000] - 53.219 ms localhost
POST /user/verifyOtp 200 [15/Nov/2024:20:56:22 +0000] - 49.782 ms localhost
POST /user/verifyOtp 200 [15/Nov/2024:20:57:03 +0000] - 22.775 ms localhost
POST /user/verifyOtp 200 [15/Nov/2024:20:58:29 +0000] - 51.945 ms localhost
POST /user/login 200 [15/Nov/2024:21:34:49 +0000] - 668.019 ms localhost
POST /user/verifyOtp 200 [15/Nov/2024:21:35:03 +0000] - 51.146 ms localhost
POST /user/login 200 [15/Nov/2024:22:32:22 +0000] - 655.873 ms localhost
GET /user/sendOtp/id 504 [15/Nov/2024:22:36:02 +0000] - 81898.601 ms localhost
GET /user/sendOtp/id - [15/Nov/2024:22:37:43 +0000] - - ms localhost
GET /user/sendOtp/:id - [15/Nov/2024:22:39:09 +0000] - - ms localhost
GET /user/sendOtp/id - [15/Nov/2024:22:47:50 +0000] - - ms localhost
GET /user/sendOtp/id - [15/Nov/2024:22:50:40 +0000] - - ms localhost
GET /user/sendOtp/672fa8abb6da377b761a20dc 200 [15/Nov/2024:22:51:25 +0000] - 149.258 ms localhost
POST /user/login 200 [15/Nov/2024:22:53:08 +0000] - 217.526 ms localhost
GET /user/sendOtp/672fa8abb6da377b761a20dc 304 [15/Nov/2024:22:54:10 +0000] - 58.038 ms localhost
POST /user/verifyOtp 200 [15/Nov/2024:22:54:26 +0000] - 15.521 ms localhost
POST /user/login 200 [15/Nov/2024:22:55:22 +0000] - 121.381 ms localhost
GET /user/sendOtp/672fa8abb6da377b761a20dc 304 [15/Nov/2024:22:55:28 +0000] - 14.177 ms localhost
GET /user/sendOtp/672fa8abb6da377b761a20dc 304 [15/Nov/2024:22:55:54 +0000] - 13.951 ms localhost
GET /user/sendOtp/672fa8abb6da377b761a20dc 304 [15/Nov/2024:22:57:32 +0000] - 17.122 ms localhost
GET /user/sendOtp/672fa8abb6da377b761a20dc 304 [15/Nov/2024:22:57:45 +0000] - 14.390 ms localhost
POST /user/sendMail 200 [16/Nov/2024:14:00:27 +0000] - 584.586 ms localhost
POST /user/sendMail 200 [16/Nov/2024:14:10:42 +0000] - 132.685 ms localhost
POST /user/register 200 [16/Nov/2024:19:55:46 +0000] - 762.221 ms localhost
POST /user/login 200 [16/Nov/2024:20:41:51 +0000] - 408.956 ms localhost
POST /user/verifyOtp 200 [16/Nov/2024:20:42:59 +0000] - 66.493 ms localhost
POST /user/login 200 [16/Nov/2024:20:44:45 +0000] - 432.637 ms localhost
POST /user/verifyOtp 200 [16/Nov/2024:20:44:59 +0000] - 18.692 ms localhost
POST /user/login 200 [16/Nov/2024:20:49:58 +0000] - 439.361 ms localhost
POST /user/login 200 [16/Nov/2024:20:50:46 +0000] - 302.575 ms localhost
POST /user/login 200 [16/Nov/2024:20:51:17 +0000] - 310.448 ms localhost
POST /user/login 200 [16/Nov/2024:20:52:04 +0000] - 226.598 ms localhost
GET /user/logout 304 [16/Nov/2024:20:56:09 +0000] - 69.803 ms localhost
POST /user/login 200 [16/Nov/2024:20:56:50 +0000] - 391.502 ms localhost
POST /user/login 200 [16/Nov/2024:21:00:08 +0000] - 311.280 ms localhost
