GET / 200 [23/Dec/2024:13:01:08 +0000] - 463.457 ms localhost
GET /@vite/client 304 [23/Dec/2024:13:01:08 +0000] - 196.670 ms localhost
GET /styles.css 200 [23/Dec/2024:13:01:08 +0000] - 103.319 ms localhost
GET /polyfills.js 304 [23/Dec/2024:13:01:08 +0000] - 80.110 ms localhost
GET /main.js 200 [23/Dec/2024:13:01:09 +0000] - 19.934 ms localhost
GET /@fs/C:/Users/USER/Desktop/BroCampTasks/Angular_Project/frontend/node_modules/vite/dist/client/env.mjs 304 [23/Dec/2024:13:01:09 +0000] - 6.473 ms localhost
POST /user/login 200 [23/Dec/2024:13:01:21 +0000] - 1266.926 ms localhost
GET /service/totalService 401 [23/Dec/2024:13:02:25 +0000] - 183.645 ms localhost
GET /service/services?pageNumber=1&pageSize=2 401 [23/Dec/2024:13:02:25 +0000] - 18.674 ms localhost
GET /user/refreshToken 200 [23/Dec/2024:13:02:25 +0000] - 58.266 ms localhost
GET /user/refreshToken 304 [23/Dec/2024:13:02:25 +0000] - 69.739 ms localhost
GET /service/totalService 304 [23/Dec/2024:13:02:25 +0000] - 224.864 ms localhost
GET /service/services?pageNumber=1&pageSize=2 304 [23/Dec/2024:13:02:25 +0000] - 166.389 ms localhost
GET /styles.css 200 [23/Dec/2024:13:02:28 +0000] - 8.589 ms localhost
GET /@fs/C:/Users/USER/Desktop/BroCampTasks/Angular_Project/frontend/.angular/cache/18.2.11/frontend/vite/deps/@angular_core.js.map 304 [23/Dec/2024:13:02:29 +0000] - 74.173 ms localhost
GET /@fs/C:/Users/USER/Desktop/BroCampTasks/Angular_Project/frontend/.angular/cache/18.2.11/frontend/vite/deps/@angular_platform-browser.js.map 304 [23/Dec/2024:13:02:29 +0000] - 93.526 ms localhost
GET /@fs/C:/Users/USER/Desktop/BroCampTasks/Angular_Project/frontend/.angular/cache/18.2.11/frontend/vite/deps/@angular_common_http.js.map 304 [23/Dec/2024:13:02:29 +0000] - 80.073 ms localhost
GET /@fs/C:/Users/USER/Desktop/BroCampTasks/Angular_Project/frontend/.angular/cache/18.2.11/frontend/vite/deps/rxjs.js.map 304 [23/Dec/2024:13:02:29 +0000] - 97.702 ms localhost
GET /@fs/C:/Users/USER/Desktop/BroCampTasks/Angular_Project/frontend/.angular/cache/18.2.11/frontend/vite/deps/@angular_forms.js.map 304 [23/Dec/2024:13:02:29 +0000] - 123.144 ms localhost
GET /@fs/C:/Users/USER/Desktop/BroCampTasks/Angular_Project/frontend/.angular/cache/18.2.11/frontend/vite/deps/@angular_common.js.map 304 [23/Dec/2024:13:02:29 +0000] - 195.328 ms localhost
GET /@fs/C:/Users/USER/Desktop/BroCampTasks/Angular_Project/frontend/.angular/cache/18.2.11/frontend/vite/deps/chunk-PF6LNL77.js.map 304 [23/Dec/2024:13:02:29 +0000] - 218.415 ms localhost
GET /@fs/C:/Users/USER/Desktop/BroCampTasks/Angular_Project/frontend/.angular/cache/18.2.11/frontend/vite/deps/chunk-SD63G7YN.js.map 304 [23/Dec/2024:13:02:29 +0000] - 244.085 ms localhost
GET /@fs/C:/Users/USER/Desktop/BroCampTasks/Angular_Project/frontend/.angular/cache/18.2.11/frontend/vite/deps/chunk-J2M542RS.js.map 304 [23/Dec/2024:13:02:30 +0000] - 420.780 ms localhost
GET /@fs/C:/Users/USER/Desktop/BroCampTasks/Angular_Project/frontend/.angular/cache/18.2.11/frontend/vite/deps/chunk-FDUYSLZ7.js.map 304 [23/Dec/2024:13:02:30 +0000] - 1063.647 ms localhost
GET /layout.component.css.map 200 [23/Dec/2024:13:02:30 +0000] - 675.677 ms localhost
GET /styles.css.map 200 [23/Dec/2024:13:02:30 +0000] - 681.749 ms localhost
GET /@fs/C:/Users/USER/Desktop/BroCampTasks/Angular_Project/frontend/.angular/cache/18.2.11/frontend/vite/deps/@angular_router.js.map 304 [23/Dec/2024:13:02:30 +0000] - 1241.303 ms localhost
GET /@fs/C:/Users/USER/Desktop/BroCampTasks/Angular_Project/frontend/.angular/cache/18.2.11/frontend/vite/deps/chunk-PLMZ7O3F.js.map 304 [23/Dec/2024:13:02:30 +0000] - 717.946 ms localhost
GET / - [23/Dec/2024:13:05:10 +0000] - - ms localhost
GET /services 200 [23/Dec/2024:13:05:27 +0000] - 13.530 ms localhost
GET /@vite/client 304 [23/Dec/2024:13:05:28 +0000] - 3.749 ms localhost
GET /styles.css 200 [23/Dec/2024:13:05:28 +0000] - 3.325 ms localhost
GET /polyfills.js 304 [23/Dec/2024:13:05:28 +0000] - 4.221 ms localhost
GET /main.js 200 [23/Dec/2024:13:05:28 +0000] - 10.418 ms localhost
GET /@fs/C:/Users/USER/Desktop/BroCampTasks/Angular_Project/frontend/node_modules/vite/dist/client/env.mjs 304 [23/Dec/2024:13:05:28 +0000] - 3.678 ms localhost
GET /styles.css.map 200 [23/Dec/2024:13:05:28 +0000] - 3.139 ms localhost
GET /@fs/C:/Users/USER/Desktop/BroCampTasks/Angular_Project/frontend/.angular/cache/18.2.11/frontend/vite/deps/@angular_platform-browser.js.map 304 [23/Dec/2024:13:05:29 +0000] - 5.897 ms localhost
GET /@fs/C:/Users/USER/Desktop/BroCampTasks/Angular_Project/frontend/.angular/cache/18.2.11/frontend/vite/deps/chunk-SD63G7YN.js.map 304 [23/Dec/2024:13:05:29 +0000] - 10.059 ms localhost
GET /@fs/C:/Users/USER/Desktop/BroCampTasks/Angular_Project/frontend/.angular/cache/18.2.11/frontend/vite/deps/chunk-J2M542RS.js.map 304 [23/Dec/2024:13:05:29 +0000] - 17.258 ms localhost
GET /@fs/C:/Users/USER/Desktop/BroCampTasks/Angular_Project/frontend/.angular/cache/18.2.11/frontend/vite/deps/chunk-PLMZ7O3F.js.map 304 [23/Dec/2024:13:05:29 +0000] - 21.819 ms localhost
GET /@fs/C:/Users/USER/Desktop/BroCampTasks/Angular_Project/frontend/.angular/cache/18.2.11/frontend/vite/deps/chunk-PF6LNL77.js.map 304 [23/Dec/2024:13:05:29 +0000] - 87.372 ms localhost
GET /@fs/C:/Users/USER/Desktop/BroCampTasks/Angular_Project/frontend/.angular/cache/18.2.11/frontend/vite/deps/chunk-FDUYSLZ7.js.map 304 [23/Dec/2024:13:05:29 +0000] - 195.142 ms localhost
GET /@fs/C:/Users/USER/Desktop/BroCampTasks/Angular_Project/frontend/.angular/cache/18.2.11/frontend/vite/deps/@angular_core.js.map 304 [23/Dec/2024:13:05:29 +0000] - 100.391 ms localhost
GET /@fs/C:/Users/USER/Desktop/BroCampTasks/Angular_Project/frontend/.angular/cache/18.2.11/frontend/vite/deps/@angular_common_http.js.map 304 [23/Dec/2024:13:05:29 +0000] - 74.973 ms localhost
GET /@fs/C:/Users/USER/Desktop/BroCampTasks/Angular_Project/frontend/.angular/cache/18.2.11/frontend/vite/deps/rxjs.js.map 304 [23/Dec/2024:13:05:29 +0000] - 58.217 ms localhost
GET /@fs/C:/Users/USER/Desktop/BroCampTasks/Angular_Project/frontend/.angular/cache/18.2.11/frontend/vite/deps/@angular_router.js.map 304 [23/Dec/2024:13:05:29 +0000] - 95.107 ms localhost
GET /@fs/C:/Users/USER/Desktop/BroCampTasks/Angular_Project/frontend/.angular/cache/18.2.11/frontend/vite/deps/@angular_common.js.map 304 [23/Dec/2024:13:05:29 +0000] - 35.491 ms localhost
GET /@fs/C:/Users/USER/Desktop/BroCampTasks/Angular_Project/frontend/.angular/cache/18.2.11/frontend/vite/deps/@angular_forms.js.map 304 [23/Dec/2024:13:05:29 +0000] - 74.105 ms localhost
GET /login.component.css.map 200 [23/Dec/2024:13:05:30 +0000] - 2.729 ms localhost
GET /favicon.ico 304 [23/Dec/2024:13:05:31 +0000] - 4.598 ms localhost
GET / - [23/Dec/2024:13:07:16 +0000] - - ms localhost
POST /user/login 200 [23/Dec/2024:13:07:34 +0000] - 417.800 ms localhost
GET /service/totalService 304 [23/Dec/2024:13:07:39 +0000] - 191.299 ms localhost
GET /service/services?pageNumber=1&pageSize=2 304 [23/Dec/2024:13:07:39 +0000] - 207.262 ms localhost
GET /services 200 [23/Dec/2024:13:07:43 +0000] - 10.878 ms localhost
GET /styles.css 200 [23/Dec/2024:13:07:43 +0000] - 27.858 ms localhost
GET /@fs/C:/Users/USER/Desktop/BroCampTasks/Angular_Project/frontend/.angular/cache/18.2.11/frontend/vite/deps/@angular_platform-browser.js.map 304 [23/Dec/2024:13:07:43 +0000] - 6.622 ms localhost
GET /@fs/C:/Users/USER/Desktop/BroCampTasks/Angular_Project/frontend/.angular/cache/18.2.11/frontend/vite/deps/@angular_common_http.js.map 304 [23/Dec/2024:13:07:43 +0000] - 4.149 ms localhost
GET /@fs/C:/Users/USER/Desktop/BroCampTasks/Angular_Project/frontend/.angular/cache/18.2.11/frontend/vite/deps/@angular_common.js.map 304 [23/Dec/2024:13:07:43 +0000] - 23.429 ms localhost
GET /@fs/C:/Users/USER/Desktop/BroCampTasks/Angular_Project/frontend/.angular/cache/18.2.11/frontend/vite/deps/rxjs.js.map 304 [23/Dec/2024:13:07:43 +0000] - 14.476 ms localhost
GET /@fs/C:/Users/USER/Desktop/BroCampTasks/Angular_Project/frontend/.angular/cache/18.2.11/frontend/vite/deps/@angular_core.js.map 304 [23/Dec/2024:13:07:43 +0000] - 14.521 ms localhost
GET /@fs/C:/Users/USER/Desktop/BroCampTasks/Angular_Project/frontend/.angular/cache/18.2.11/frontend/vite/deps/chunk-J2M542RS.js.map 304 [23/Dec/2024:13:07:43 +0000] - 29.928 ms localhost
GET /@fs/C:/Users/USER/Desktop/BroCampTasks/Angular_Project/frontend/.angular/cache/18.2.11/frontend/vite/deps/chunk-SD63G7YN.js.map 304 [23/Dec/2024:13:07:43 +0000] - 30.512 ms localhost
GET /@fs/C:/Users/USER/Desktop/BroCampTasks/Angular_Project/frontend/.angular/cache/18.2.11/frontend/vite/deps/@angular_forms.js.map 304 [23/Dec/2024:13:07:44 +0000] - 136.854 ms localhost
GET /styles.css.map 200 [23/Dec/2024:13:07:44 +0000] - 22.050 ms localhost
GET /@fs/C:/Users/USER/Desktop/BroCampTasks/Angular_Project/frontend/.angular/cache/18.2.11/frontend/vite/deps/@angular_router.js.map 304 [23/Dec/2024:13:07:44 +0000] - 326.279 ms localhost
GET /@fs/C:/Users/USER/Desktop/BroCampTasks/Angular_Project/frontend/.angular/cache/18.2.11/frontend/vite/deps/chunk-PF6LNL77.js.map 304 [23/Dec/2024:13:07:44 +0000] - 342.811 ms localhost
GET /@fs/C:/Users/USER/Desktop/BroCampTasks/Angular_Project/frontend/.angular/cache/18.2.11/frontend/vite/deps/chunk-PLMZ7O3F.js.map 304 [23/Dec/2024:13:07:44 +0000] - 205.289 ms localhost
GET /layout.component.css.map 200 [23/Dec/2024:13:07:44 +0000] - 75.489 ms localhost
GET /@fs/C:/Users/USER/Desktop/BroCampTasks/Angular_Project/frontend/.angular/cache/18.2.11/frontend/vite/deps/chunk-FDUYSLZ7.js.map 304 [23/Dec/2024:13:07:44 +0000] - 390.310 ms localhost
GET /[object%20File] 200 [23/Dec/2024:13:08:00 +0000] - 14.450 ms localhost
GET /services 200 [23/Dec/2024:13:10:48 +0000] - 10.247 ms localhost
GET / - [23/Dec/2024:13:10:48 +0000] - - ms localhost
GET /@vite/client 304 [23/Dec/2024:13:10:48 +0000] - 3.588 ms localhost
GET /styles.css 200 [23/Dec/2024:13:10:48 +0000] - 4.190 ms localhost
GET /main.js 200 [23/Dec/2024:13:10:48 +0000] - 27.400 ms localhost
GET /polyfills.js 304 [23/Dec/2024:13:10:48 +0000] - 30.207 ms localhost
GET /@fs/C:/Users/USER/Desktop/BroCampTasks/Angular_Project/frontend/node_modules/vite/dist/client/env.mjs 304 [23/Dec/2024:13:10:48 +0000] - 2.679 ms localhost
GET /styles.css.map 200 [23/Dec/2024:13:10:48 +0000] - 3.406 ms localhost
GET /@fs/C:/Users/USER/Desktop/BroCampTasks/Angular_Project/frontend/.angular/cache/18.2.11/frontend/vite/deps/@angular_platform-browser.js.map 304 [23/Dec/2024:13:10:49 +0000] - 4.689 ms localhost
GET /@fs/C:/Users/USER/Desktop/BroCampTasks/Angular_Project/frontend/.angular/cache/18.2.11/frontend/vite/deps/chunk-SD63G7YN.js.map 304 [23/Dec/2024:13:10:49 +0000] - 10.721 ms localhost
GET /@fs/C:/Users/USER/Desktop/BroCampTasks/Angular_Project/frontend/.angular/cache/18.2.11/frontend/vite/deps/chunk-J2M542RS.js.map 304 [23/Dec/2024:13:10:49 +0000] - 65.889 ms localhost
GET /@fs/C:/Users/USER/Desktop/BroCampTasks/Angular_Project/frontend/.angular/cache/18.2.11/frontend/vite/deps/chunk-PLMZ7O3F.js.map 304 [23/Dec/2024:13:10:49 +0000] - 67.389 ms localhost
GET /@fs/C:/Users/USER/Desktop/BroCampTasks/Angular_Project/frontend/.angular/cache/18.2.11/frontend/vite/deps/chunk-PF6LNL77.js.map 304 [23/Dec/2024:13:10:49 +0000] - 65.439 ms localhost
GET /@fs/C:/Users/USER/Desktop/BroCampTasks/Angular_Project/frontend/.angular/cache/18.2.11/frontend/vite/deps/@angular_core.js.map 304 [23/Dec/2024:13:10:49 +0000] - 65.303 ms localhost
GET /@fs/C:/Users/USER/Desktop/BroCampTasks/Angular_Project/frontend/.angular/cache/18.2.11/frontend/vite/deps/chunk-FDUYSLZ7.js.map 304 [23/Dec/2024:13:10:49 +0000] - 203.332 ms localhost
GET /@fs/C:/Users/USER/Desktop/BroCampTasks/Angular_Project/frontend/.angular/cache/18.2.11/frontend/vite/deps/@angular_router.js.map 304 [23/Dec/2024:13:10:49 +0000] - 199.288 ms localhost
GET /@fs/C:/Users/USER/Desktop/BroCampTasks/Angular_Project/frontend/.angular/cache/18.2.11/frontend/vite/deps/@angular_common_http.js.map 304 [23/Dec/2024:13:10:49 +0000] - 110.795 ms localhost
GET /@fs/C:/Users/USER/Desktop/BroCampTasks/Angular_Project/frontend/.angular/cache/18.2.11/frontend/vite/deps/rxjs.js.map 304 [23/Dec/2024:13:10:49 +0000] - 140.097 ms localhost
GET /@fs/C:/Users/USER/Desktop/BroCampTasks/Angular_Project/frontend/.angular/cache/18.2.11/frontend/vite/deps/@angular_common.js.map 304 [23/Dec/2024:13:10:49 +0000] - 130.211 ms localhost
GET /@fs/C:/Users/USER/Desktop/BroCampTasks/Angular_Project/frontend/.angular/cache/18.2.11/frontend/vite/deps/@angular_forms.js.map 304 [23/Dec/2024:13:10:49 +0000] - 134.261 ms localhost
GET /login.component.css.map 200 [23/Dec/2024:13:10:49 +0000] - 2.449 ms localhost
GET /favicon.ico 304 [23/Dec/2024:13:10:49 +0000] - 5.475 ms localhost
POST /user/login 200 [23/Dec/2024:13:11:58 +0000] - 411.204 ms localhost
GET /layout.component.css.map 200 [23/Dec/2024:13:11:58 +0000] - 8.578 ms localhost
GET /dashboard.component.css.map 200 [23/Dec/2024:13:11:58 +0000] - 8.531 ms localhost
GET /service/totalService 304 [23/Dec/2024:13:12:01 +0000] - 84.737 ms localhost
GET /service/services?pageNumber=1&pageSize=2 304 [23/Dec/2024:13:12:01 +0000] - 69.298 ms localhost
GET /[object%20File] 200 [23/Dec/2024:13:12:12 +0000] - 10.122 ms localhost
GET /[object%20File] 200 [23/Dec/2024:13:12:24 +0000] - 8.189 ms localhost
POST /service/addService 400 [23/Dec/2024:13:12:30 +0000] - 589.529 ms localhost
GET / - [23/Dec/2024:13:14:48 +0000] - - ms localhost
GET /services 200 [23/Dec/2024:13:26:35 +0000] - 110.611 ms localhost
GET /main.js 304 [23/Dec/2024:13:26:35 +0000] - 10.971 ms localhost
GET /@vite/client 304 [23/Dec/2024:13:26:35 +0000] - 16.679 ms localhost
GET /styles.css 200 [23/Dec/2024:13:26:35 +0000] - 17.996 ms localhost
GET /polyfills.js 304 [23/Dec/2024:13:26:35 +0000] - 21.089 ms localhost
GET /@fs/C:/Users/USER/Desktop/BroCampTasks/Angular_Project/frontend/node_modules/vite/dist/client/env.mjs 304 [23/Dec/2024:13:26:36 +0000] - 3.223 ms localhost
GET /styles.css.map 200 [23/Dec/2024:13:26:36 +0000] - 9.303 ms localhost
GET /@fs/C:/Users/USER/Desktop/BroCampTasks/Angular_Project/frontend/.angular/cache/18.2.11/frontend/vite/deps/@angular_platform-browser.js.map 304 [23/Dec/2024:13:26:36 +0000] - 40.991 ms localhost
GET /@fs/C:/Users/USER/Desktop/BroCampTasks/Angular_Project/frontend/.angular/cache/18.2.11/frontend/vite/deps/chunk-SD63G7YN.js.map 304 [23/Dec/2024:13:26:36 +0000] - 47.002 ms localhost
GET /@fs/C:/Users/USER/Desktop/BroCampTasks/Angular_Project/frontend/.angular/cache/18.2.11/frontend/vite/deps/chunk-J2M542RS.js.map 304 [23/Dec/2024:13:26:36 +0000] - 50.912 ms localhost
GET /@fs/C:/Users/USER/Desktop/BroCampTasks/Angular_Project/frontend/.angular/cache/18.2.11/frontend/vite/deps/chunk-PLMZ7O3F.js.map 304 [23/Dec/2024:13:26:36 +0000] - 75.989 ms localhost
GET /@fs/C:/Users/USER/Desktop/BroCampTasks/Angular_Project/frontend/.angular/cache/18.2.11/frontend/vite/deps/@angular_core.js.map 304 [23/Dec/2024:13:26:36 +0000] - 111.338 ms localhost
GET /login.component.css.map 200 [23/Dec/2024:13:26:36 +0000] - 4.303 ms localhost
GET /@fs/C:/Users/USER/Desktop/BroCampTasks/Angular_Project/frontend/.angular/cache/18.2.11/frontend/vite/deps/@angular_router.js.map 304 [23/Dec/2024:13:26:37 +0000] - 88.122 ms localhost
GET /@fs/C:/Users/USER/Desktop/BroCampTasks/Angular_Project/frontend/.angular/cache/18.2.11/frontend/vite/deps/@angular_forms.js.map 304 [23/Dec/2024:13:26:37 +0000] - 172.911 ms localhost
GET /@fs/C:/Users/USER/Desktop/BroCampTasks/Angular_Project/frontend/.angular/cache/18.2.11/frontend/vite/deps/@angular_common_http.js.map 304 [23/Dec/2024:13:26:37 +0000] - 105.562 ms localhost
GET /@fs/C:/Users/USER/Desktop/BroCampTasks/Angular_Project/frontend/.angular/cache/18.2.11/frontend/vite/deps/chunk-PF6LNL77.js.map 304 [23/Dec/2024:13:26:37 +0000] - 256.563 ms localhost
GET /@fs/C:/Users/USER/Desktop/BroCampTasks/Angular_Project/frontend/.angular/cache/18.2.11/frontend/vite/deps/@angular_common.js.map 304 [23/Dec/2024:13:26:37 +0000] - 109.814 ms localhost
GET /@fs/C:/Users/USER/Desktop/BroCampTasks/Angular_Project/frontend/.angular/cache/18.2.11/frontend/vite/deps/rxjs.js.map 304 [23/Dec/2024:13:26:37 +0000] - 112.415 ms localhost
GET /@fs/C:/Users/USER/Desktop/BroCampTasks/Angular_Project/frontend/.angular/cache/18.2.11/frontend/vite/deps/chunk-FDUYSLZ7.js.map 304 [23/Dec/2024:13:26:37 +0000] - 404.966 ms localhost
GET /favicon.ico 304 [23/Dec/2024:13:26:37 +0000] - 55.689 ms localhost
POST /user/login 200 [23/Dec/2024:13:26:50 +0000] - 174.784 ms localhost
GET /layout.component.css.map 200 [23/Dec/2024:13:26:50 +0000] - 8.800 ms localhost
GET /dashboard.component.css.map 200 [23/Dec/2024:13:26:50 +0000] - 10.355 ms localhost
GET /service/totalService 304 [23/Dec/2024:13:26:53 +0000] - 221.861 ms localhost
GET /service/services?pageNumber=1&pageSize=2 304 [23/Dec/2024:13:26:53 +0000] - 170.987 ms localhost
GET /[object%20File] 200 [23/Dec/2024:13:27:08 +0000] - 12.422 ms localhost
GET /[object%20File] 200 [23/Dec/2024:13:27:17 +0000] - 9.244 ms localhost
POST /service/addService 504 [23/Dec/2024:13:28:28 +0000] - 65070.944 ms localhost
GET / - [23/Dec/2024:13:30:36 +0000] - - ms localhost
GET /services 200 [23/Dec/2024:13:56:42 +0000] - 12.703 ms localhost
GET /@vite/client 304 [23/Dec/2024:13:56:43 +0000] - 3.536 ms localhost
GET /styles.css 200 [23/Dec/2024:13:56:43 +0000] - 4.413 ms localhost
GET /polyfills.js 304 [23/Dec/2024:13:56:43 +0000] - 4.416 ms localhost
GET /main.js 304 [23/Dec/2024:13:56:43 +0000] - 3.194 ms localhost
GET /@fs/C:/Users/USER/Desktop/BroCampTasks/Angular_Project/frontend/node_modules/vite/dist/client/env.mjs 304 [23/Dec/2024:13:56:44 +0000] - 2.148 ms localhost
GET /styles.css.map 200 [23/Dec/2024:13:56:45 +0000] - 4.546 ms localhost
GET /@fs/C:/Users/USER/Desktop/BroCampTasks/Angular_Project/frontend/.angular/cache/18.2.11/frontend/vite/deps/@angular_platform-browser.js.map 304 [23/Dec/2024:13:56:46 +0000] - 12.858 ms localhost
GET /@fs/C:/Users/USER/Desktop/BroCampTasks/Angular_Project/frontend/.angular/cache/18.2.11/frontend/vite/deps/chunk-SD63G7YN.js.map 304 [23/Dec/2024:13:56:46 +0000] - 13.159 ms localhost
GET /@fs/C:/Users/USER/Desktop/BroCampTasks/Angular_Project/frontend/.angular/cache/18.2.11/frontend/vite/deps/chunk-J2M542RS.js.map 304 [23/Dec/2024:13:56:46 +0000] - 20.822 ms localhost
GET /@fs/C:/Users/USER/Desktop/BroCampTasks/Angular_Project/frontend/.angular/cache/18.2.11/frontend/vite/deps/chunk-PLMZ7O3F.js.map 304 [23/Dec/2024:13:56:46 +0000] - 32.840 ms localhost
GET /@fs/C:/Users/USER/Desktop/BroCampTasks/Angular_Project/frontend/.angular/cache/18.2.11/frontend/vite/deps/chunk-FDUYSLZ7.js.map 304 [23/Dec/2024:13:56:47 +0000] - 412.424 ms localhost
GET /@fs/C:/Users/USER/Desktop/BroCampTasks/Angular_Project/frontend/.angular/cache/18.2.11/frontend/vite/deps/@angular_core.js.map 304 [23/Dec/2024:13:56:47 +0000] - 378.704 ms localhost
GET /@fs/C:/Users/USER/Desktop/BroCampTasks/Angular_Project/frontend/.angular/cache/18.2.11/frontend/vite/deps/chunk-PF6LNL77.js.map 304 [23/Dec/2024:13:56:47 +0000] - 536.341 ms localhost
GET /login.component.css.map 200 [23/Dec/2024:13:56:47 +0000] - 49.072 ms localhost
GET /@fs/C:/Users/USER/Desktop/BroCampTasks/Angular_Project/frontend/.angular/cache/18.2.11/frontend/vite/deps/@angular_common_http.js.map 304 [23/Dec/2024:13:56:47 +0000] - 231.252 ms localhost
GET /@fs/C:/Users/USER/Desktop/BroCampTasks/Angular_Project/frontend/.angular/cache/18.2.11/frontend/vite/deps/rxjs.js.map 304 [23/Dec/2024:13:56:47 +0000] - 232.908 ms localhost
GET /@fs/C:/Users/USER/Desktop/BroCampTasks/Angular_Project/frontend/.angular/cache/18.2.11/frontend/vite/deps/@angular_router.js.map 304 [23/Dec/2024:13:56:47 +0000] - 576.644 ms localhost
GET /@fs/C:/Users/USER/Desktop/BroCampTasks/Angular_Project/frontend/.angular/cache/18.2.11/frontend/vite/deps/@angular_forms.js.map 304 [23/Dec/2024:13:56:47 +0000] - 202.753 ms localhost
GET /favicon.ico 304 [23/Dec/2024:13:56:47 +0000] - 29.459 ms localhost
GET /@fs/C:/Users/USER/Desktop/BroCampTasks/Angular_Project/frontend/.angular/cache/18.2.11/frontend/vite/deps/@angular_common.js.map 304 [23/Dec/2024:13:56:47 +0000] - 205.204 ms localhost
GET / - [23/Dec/2024:14:00:44 +0000] - - ms localhost
GET /login 200 [23/Dec/2024:14:02:44 +0000] - 10.836 ms localhost
GET /@vite/client 304 [23/Dec/2024:14:02:44 +0000] - 7.131 ms localhost
GET /styles.css 200 [23/Dec/2024:14:02:44 +0000] - 7.584 ms localhost
GET /polyfills.js 304 [23/Dec/2024:14:02:44 +0000] - 8.447 ms localhost
GET /main.js 304 [23/Dec/2024:14:02:44 +0000] - 11.098 ms localhost
GET /styles.css.map 200 [23/Dec/2024:14:02:45 +0000] - 3.143 ms localhost
GET /@fs/C:/Users/USER/Desktop/BroCampTasks/Angular_Project/frontend/node_modules/vite/dist/client/env.mjs 304 [23/Dec/2024:14:02:45 +0000] - 9.493 ms localhost
GET /@fs/C:/Users/USER/Desktop/BroCampTasks/Angular_Project/frontend/.angular/cache/18.2.11/frontend/vite/deps/@angular_platform-browser.js.map 304 [23/Dec/2024:14:02:45 +0000] - 20.589 ms localhost
GET /@fs/C:/Users/USER/Desktop/BroCampTasks/Angular_Project/frontend/.angular/cache/18.2.11/frontend/vite/deps/chunk-SD63G7YN.js.map 304 [23/Dec/2024:14:02:45 +0000] - 19.821 ms localhost
GET /@fs/C:/Users/USER/Desktop/BroCampTasks/Angular_Project/frontend/.angular/cache/18.2.11/frontend/vite/deps/chunk-J2M542RS.js.map 304 [23/Dec/2024:14:02:45 +0000] - 22.406 ms localhost
GET /@fs/C:/Users/USER/Desktop/BroCampTasks/Angular_Project/frontend/.angular/cache/18.2.11/frontend/vite/deps/chunk-PLMZ7O3F.js.map 304 [23/Dec/2024:14:02:45 +0000] - 29.791 ms localhost
GET /@fs/C:/Users/USER/Desktop/BroCampTasks/Angular_Project/frontend/.angular/cache/18.2.11/frontend/vite/deps/chunk-PF6LNL77.js.map 304 [23/Dec/2024:14:02:45 +0000] - 36.665 ms localhost
GET /@fs/C:/Users/USER/Desktop/BroCampTasks/Angular_Project/frontend/.angular/cache/18.2.11/frontend/vite/deps/chunk-FDUYSLZ7.js.map 304 [23/Dec/2024:14:02:45 +0000] - 180.338 ms localhost
GET /@fs/C:/Users/USER/Desktop/BroCampTasks/Angular_Project/frontend/.angular/cache/18.2.11/frontend/vite/deps/@angular_core.js.map 304 [23/Dec/2024:14:02:45 +0000] - 49.870 ms localhost
GET /@fs/C:/Users/USER/Desktop/BroCampTasks/Angular_Project/frontend/.angular/cache/18.2.11/frontend/vite/deps/rxjs.js.map 304 [23/Dec/2024:14:02:45 +0000] - 45.790 ms localhost
GET /@fs/C:/Users/USER/Desktop/BroCampTasks/Angular_Project/frontend/.angular/cache/18.2.11/frontend/vite/deps/@angular_router.js.map 304 [23/Dec/2024:14:02:45 +0000] - 60.248 ms localhost
GET /@fs/C:/Users/USER/Desktop/BroCampTasks/Angular_Project/frontend/.angular/cache/18.2.11/frontend/vite/deps/@angular_forms.js.map 304 [23/Dec/2024:14:02:45 +0000] - 61.822 ms localhost
GET /login.component.css.map 200 [23/Dec/2024:14:02:46 +0000] - 9.314 ms localhost
GET /@fs/C:/Users/USER/Desktop/BroCampTasks/Angular_Project/frontend/.angular/cache/18.2.11/frontend/vite/deps/@angular_common.js.map 304 [23/Dec/2024:14:02:46 +0000] - 16.951 ms localhost
GET /@fs/C:/Users/USER/Desktop/BroCampTasks/Angular_Project/frontend/.angular/cache/18.2.11/frontend/vite/deps/@angular_common_http.js.map 304 [23/Dec/2024:14:02:46 +0000] - 85.148 ms localhost
GET /favicon.ico 304 [23/Dec/2024:14:02:46 +0000] - 3.011 ms localhost
POST /user/login 200 [23/Dec/2024:14:02:54 +0000] - 380.289 ms localhost
GET /dashboard.component.css.map 200 [23/Dec/2024:14:02:54 +0000] - 10.967 ms localhost
GET /layout.component.css.map 200 [23/Dec/2024:14:02:54 +0000] - 19.377 ms localhost
GET /service/totalService 304 [23/Dec/2024:14:02:57 +0000] - 234.821 ms localhost
GET /service/services?pageNumber=1&pageSize=2 304 [23/Dec/2024:14:02:58 +0000] - 258.138 ms localhost
GET /[object%20File] 200 [23/Dec/2024:14:03:12 +0000] - 19.365 ms localhost
GET /[object%20File] 200 [23/Dec/2024:14:03:23 +0000] - 8.473 ms localhost
GET / - [23/Dec/2024:14:06:45 +0000] - - ms localhost
GET /dashboard.component.css.map 200 [23/Dec/2024:14:17:10 +0000] - 6.140 ms localhost
GET /service/totalService 401 [23/Dec/2024:14:17:12 +0000] - 34.795 ms localhost
GET /service/services?pageNumber=1&pageSize=2 401 [23/Dec/2024:14:17:12 +0000] - 38.646 ms localhost
GET /user/refreshToken 304 [23/Dec/2024:14:17:12 +0000] - 82.517 ms localhost
GET /user/refreshToken 304 [23/Dec/2024:14:17:12 +0000] - 55.137 ms localhost
GET /service/totalService 304 [23/Dec/2024:14:17:12 +0000] - 63.357 ms localhost
GET /service/services?pageNumber=1&pageSize=2 304 [23/Dec/2024:14:17:12 +0000] - 41.667 ms localhost
GET /services 200 [23/Dec/2024:14:46:44 +0000] - 76.945 ms localhost
POST /service/addService - [23/Dec/2024:14:46:44 +0000] - - ms localhost
GET /@vite/client 304 [23/Dec/2024:14:46:48 +0000] - 32.597 ms localhost
GET /styles.css 200 [23/Dec/2024:14:46:48 +0000] - 15.580 ms localhost
GET /polyfills.js 304 [23/Dec/2024:14:46:48 +0000] - 3.996 ms localhost
GET /main.js 200 [23/Dec/2024:14:46:49 +0000] - 11.979 ms localhost
GET /@fs/C:/Users/USER/Desktop/BroCampTasks/Angular_Project/frontend/node_modules/vite/dist/client/env.mjs 304 [23/Dec/2024:14:46:49 +0000] - 2.630 ms localhost
GET /favicon.ico 304 [23/Dec/2024:14:46:52 +0000] - 6.848 ms localhost
GET /@fs/C:/Users/USER/Desktop/BroCampTasks/Angular_Project/frontend/.angular/cache/18.2.11/frontend/vite/deps/@angular_platform-browser.js.map 304 [23/Dec/2024:14:46:52 +0000] - 8.621 ms localhost
GET /@fs/C:/Users/USER/Desktop/BroCampTasks/Angular_Project/frontend/.angular/cache/18.2.11/frontend/vite/deps/chunk-SD63G7YN.js.map 304 [23/Dec/2024:14:46:52 +0000] - 14.158 ms localhost
GET /@fs/C:/Users/USER/Desktop/BroCampTasks/Angular_Project/frontend/.angular/cache/18.2.11/frontend/vite/deps/chunk-J2M542RS.js.map 304 [23/Dec/2024:14:46:52 +0000] - 13.639 ms localhost
GET /@fs/C:/Users/USER/Desktop/BroCampTasks/Angular_Project/frontend/.angular/cache/18.2.11/frontend/vite/deps/chunk-PLMZ7O3F.js.map 304 [23/Dec/2024:14:46:52 +0000] - 20.951 ms localhost
GET /@fs/C:/Users/USER/Desktop/BroCampTasks/Angular_Project/frontend/.angular/cache/18.2.11/frontend/vite/deps/chunk-PF6LNL77.js.map 304 [23/Dec/2024:14:46:52 +0000] - 31.591 ms localhost
GET /@fs/C:/Users/USER/Desktop/BroCampTasks/Angular_Project/frontend/.angular/cache/18.2.11/frontend/vite/deps/@angular_core.js.map 304 [23/Dec/2024:14:46:52 +0000] - 24.747 ms localhost
GET /@fs/C:/Users/USER/Desktop/BroCampTasks/Angular_Project/frontend/.angular/cache/18.2.11/frontend/vite/deps/chunk-FDUYSLZ7.js.map 304 [23/Dec/2024:14:46:52 +0000] - 111.287 ms localhost
GET /@fs/C:/Users/USER/Desktop/BroCampTasks/Angular_Project/frontend/.angular/cache/18.2.11/frontend/vite/deps/@angular_router.js.map 304 [23/Dec/2024:14:46:52 +0000] - 105.723 ms localhost
GET /@fs/C:/Users/USER/Desktop/BroCampTasks/Angular_Project/frontend/.angular/cache/18.2.11/frontend/vite/deps/@angular_common_http.js.map 304 [23/Dec/2024:14:46:52 +0000] - 103.186 ms localhost
GET /@fs/C:/Users/USER/Desktop/BroCampTasks/Angular_Project/frontend/.angular/cache/18.2.11/frontend/vite/deps/rxjs.js.map 304 [23/Dec/2024:14:46:52 +0000] - 99.474 ms localhost
GET /@fs/C:/Users/USER/Desktop/BroCampTasks/Angular_Project/frontend/.angular/cache/18.2.11/frontend/vite/deps/@angular_common.js.map 304 [23/Dec/2024:14:46:52 +0000] - 85.180 ms localhost
GET /@fs/C:/Users/USER/Desktop/BroCampTasks/Angular_Project/frontend/.angular/cache/18.2.11/frontend/vite/deps/@angular_forms.js.map 304 [23/Dec/2024:14:46:52 +0000] - 97.224 ms localhost
GET /login.component.css.map 200 [23/Dec/2024:14:46:52 +0000] - 4.045 ms localhost
GET /styles.css.map 200 [23/Dec/2024:14:46:52 +0000] - 6.454 ms localhost
GET / - [23/Dec/2024:14:50:49 +0000] - - ms localhost
GET /login 200 [23/Dec/2024:14:59:19 +0000] - 21.192 ms localhost
GET /styles.css 200 [23/Dec/2024:14:59:19 +0000] - 5.431 ms localhost
GET /@vite/client 304 [23/Dec/2024:14:59:19 +0000] - 11.244 ms localhost
GET /polyfills.js 304 [23/Dec/2024:14:59:19 +0000] - 2.404 ms localhost
GET /main.js 200 [23/Dec/2024:14:59:19 +0000] - 8.012 ms localhost
GET /@fs/C:/Users/USER/Desktop/BroCampTasks/Angular_Project/frontend/node_modules/vite/dist/client/env.mjs 304 [23/Dec/2024:14:59:20 +0000] - 2.773 ms localhost
GET /styles.css.map 200 [23/Dec/2024:14:59:20 +0000] - 5.065 ms localhost
GET /@fs/C:/Users/USER/Desktop/BroCampTasks/Angular_Project/frontend/.angular/cache/18.2.11/frontend/vite/deps/@angular_platform-browser.js.map 304 [23/Dec/2024:14:59:20 +0000] - 14.561 ms localhost
GET /@fs/C:/Users/USER/Desktop/BroCampTasks/Angular_Project/frontend/.angular/cache/18.2.11/frontend/vite/deps/chunk-SD63G7YN.js.map 304 [23/Dec/2024:14:59:20 +0000] - 18.965 ms localhost
GET /@fs/C:/Users/USER/Desktop/BroCampTasks/Angular_Project/frontend/.angular/cache/18.2.11/frontend/vite/deps/chunk-J2M542RS.js.map 304 [23/Dec/2024:14:59:20 +0000] - 20.112 ms localhost
GET /@fs/C:/Users/USER/Desktop/BroCampTasks/Angular_Project/frontend/.angular/cache/18.2.11/frontend/vite/deps/chunk-PLMZ7O3F.js.map 304 [23/Dec/2024:14:59:20 +0000] - 26.602 ms localhost
GET /@fs/C:/Users/USER/Desktop/BroCampTasks/Angular_Project/frontend/.angular/cache/18.2.11/frontend/vite/deps/chunk-PF6LNL77.js.map 304 [23/Dec/2024:14:59:20 +0000] - 63.457 ms localhost
GET /@fs/C:/Users/USER/Desktop/BroCampTasks/Angular_Project/frontend/.angular/cache/18.2.11/frontend/vite/deps/@angular_core.js.map 304 [23/Dec/2024:14:59:20 +0000] - 63.829 ms localhost
GET /@fs/C:/Users/USER/Desktop/BroCampTasks/Angular_Project/frontend/.angular/cache/18.2.11/frontend/vite/deps/@angular_common_http.js.map 304 [23/Dec/2024:14:59:20 +0000] - 54.215 ms localhost
GET /@fs/C:/Users/USER/Desktop/BroCampTasks/Angular_Project/frontend/.angular/cache/18.2.11/frontend/vite/deps/@angular_router.js.map 304 [23/Dec/2024:14:59:20 +0000] - 66.300 ms localhost
GET /@fs/C:/Users/USER/Desktop/BroCampTasks/Angular_Project/frontend/.angular/cache/18.2.11/frontend/vite/deps/chunk-FDUYSLZ7.js.map 304 [23/Dec/2024:14:59:20 +0000] - 120.077 ms localhost
GET /@fs/C:/Users/USER/Desktop/BroCampTasks/Angular_Project/frontend/.angular/cache/18.2.11/frontend/vite/deps/rxjs.js.map 304 [23/Dec/2024:14:59:20 +0000] - 69.388 ms localhost
GET /@fs/C:/Users/USER/Desktop/BroCampTasks/Angular_Project/frontend/.angular/cache/18.2.11/frontend/vite/deps/@angular_common.js.map 304 [23/Dec/2024:14:59:20 +0000] - 83.285 ms localhost
GET /@fs/C:/Users/USER/Desktop/BroCampTasks/Angular_Project/frontend/.angular/cache/18.2.11/frontend/vite/deps/@angular_forms.js.map 304 [23/Dec/2024:14:59:20 +0000] - 93.064 ms localhost
GET /login.component.css.map 200 [23/Dec/2024:14:59:22 +0000] - 3.060 ms localhost
GET /favicon.ico 304 [23/Dec/2024:14:59:22 +0000] - 3.077 ms localhost
GET / - [23/Dec/2024:15:03:20 +0000] - - ms localhost
GET /login 200 [23/Dec/2024:15:06:35 +0000] - 15.710 ms localhost
GET /@vite/client 304 [23/Dec/2024:15:06:35 +0000] - 8.168 ms localhost
GET /styles.css 200 [23/Dec/2024:15:06:35 +0000] - 4.481 ms localhost
GET /polyfills.js 304 [23/Dec/2024:15:06:35 +0000] - 2.632 ms localhost
GET /main.js 200 [23/Dec/2024:15:06:36 +0000] - 8.511 ms localhost
GET /@fs/C:/Users/USER/Desktop/BroCampTasks/Angular_Project/frontend/node_modules/vite/dist/client/env.mjs 304 [23/Dec/2024:15:06:36 +0000] - 3.283 ms localhost
GET /styles.css.map 200 [23/Dec/2024:15:06:36 +0000] - 4.804 ms localhost
GET /@fs/C:/Users/USER/Desktop/BroCampTasks/Angular_Project/frontend/.angular/cache/18.2.11/frontend/vite/deps/@angular_platform-browser.js.map 304 [23/Dec/2024:15:06:37 +0000] - 9.836 ms localhost
GET /@fs/C:/Users/USER/Desktop/BroCampTasks/Angular_Project/frontend/.angular/cache/18.2.11/frontend/vite/deps/chunk-SD63G7YN.js.map 304 [23/Dec/2024:15:06:37 +0000] - 12.704 ms localhost
GET /@fs/C:/Users/USER/Desktop/BroCampTasks/Angular_Project/frontend/.angular/cache/18.2.11/frontend/vite/deps/chunk-J2M542RS.js.map 304 [23/Dec/2024:15:06:37 +0000] - 17.082 ms localhost
GET /@fs/C:/Users/USER/Desktop/BroCampTasks/Angular_Project/frontend/.angular/cache/18.2.11/frontend/vite/deps/chunk-PF6LNL77.js.map 304 [23/Dec/2024:15:06:37 +0000] - 24.507 ms localhost
GET /@fs/C:/Users/USER/Desktop/BroCampTasks/Angular_Project/frontend/.angular/cache/18.2.11/frontend/vite/deps/chunk-PLMZ7O3F.js.map 304 [23/Dec/2024:15:06:37 +0000] - 32.049 ms localhost
GET /@fs/C:/Users/USER/Desktop/BroCampTasks/Angular_Project/frontend/.angular/cache/18.2.11/frontend/vite/deps/@angular_core.js.map 304 [23/Dec/2024:15:06:37 +0000] - 31.608 ms localhost
GET /@fs/C:/Users/USER/Desktop/BroCampTasks/Angular_Project/frontend/.angular/cache/18.2.11/frontend/vite/deps/chunk-FDUYSLZ7.js.map 304 [23/Dec/2024:15:06:37 +0000] - 85.987 ms localhost
GET /@fs/C:/Users/USER/Desktop/BroCampTasks/Angular_Project/frontend/.angular/cache/18.2.11/frontend/vite/deps/@angular_common_http.js.map 304 [23/Dec/2024:15:06:37 +0000] - 69.447 ms localhost
GET /@fs/C:/Users/USER/Desktop/BroCampTasks/Angular_Project/frontend/.angular/cache/18.2.11/frontend/vite/deps/rxjs.js.map 304 [23/Dec/2024:15:06:37 +0000] - 63.369 ms localhost
GET /@fs/C:/Users/USER/Desktop/BroCampTasks/Angular_Project/frontend/.angular/cache/18.2.11/frontend/vite/deps/@angular_router.js.map 304 [23/Dec/2024:15:06:37 +0000] - 84.223 ms localhost
GET /@fs/C:/Users/USER/Desktop/BroCampTasks/Angular_Project/frontend/.angular/cache/18.2.11/frontend/vite/deps/@angular_forms.js.map 304 [23/Dec/2024:15:06:37 +0000] - 83.052 ms localhost
GET /@fs/C:/Users/USER/Desktop/BroCampTasks/Angular_Project/frontend/.angular/cache/18.2.11/frontend/vite/deps/@angular_common.js.map 304 [23/Dec/2024:15:06:37 +0000] - 74.677 ms localhost
GET /login.component.css.map 200 [23/Dec/2024:15:06:37 +0000] - 3.430 ms localhost
GET /favicon.ico 304 [23/Dec/2024:15:06:37 +0000] - 3.072 ms localhost
GET / - [23/Dec/2024:15:10:36 +0000] - - ms localhost
GET /login 200 [23/Dec/2024:15:20:42 +0000] - 23.665 ms localhost
GET /@vite/client 304 [23/Dec/2024:15:20:42 +0000] - 8.016 ms localhost
GET /styles.css 200 [23/Dec/2024:15:20:42 +0000] - 7.045 ms localhost
GET /polyfills.js 304 [23/Dec/2024:15:20:42 +0000] - 3.082 ms localhost
GET /main.js 200 [23/Dec/2024:15:20:42 +0000] - 27.831 ms localhost
GET /@fs/C:/Users/USER/Desktop/BroCampTasks/Angular_Project/frontend/node_modules/vite/dist/client/env.mjs 304 [23/Dec/2024:15:20:43 +0000] - 2.425 ms localhost
GET /styles.css.map 200 [23/Dec/2024:15:20:43 +0000] - 3.547 ms localhost
GET /@fs/C:/Users/USER/Desktop/BroCampTasks/Angular_Project/frontend/.angular/cache/18.2.11/frontend/vite/deps/@angular_platform-browser.js.map 304 [23/Dec/2024:15:20:44 +0000] - 11.641 ms localhost
GET /@fs/C:/Users/USER/Desktop/BroCampTasks/Angular_Project/frontend/.angular/cache/18.2.11/frontend/vite/deps/chunk-SD63G7YN.js.map 304 [23/Dec/2024:15:20:44 +0000] - 15.591 ms localhost
GET /@fs/C:/Users/USER/Desktop/BroCampTasks/Angular_Project/frontend/.angular/cache/18.2.11/frontend/vite/deps/chunk-J2M542RS.js.map 304 [23/Dec/2024:15:20:44 +0000] - 23.023 ms localhost
GET /@fs/C:/Users/USER/Desktop/BroCampTasks/Angular_Project/frontend/.angular/cache/18.2.11/frontend/vite/deps/chunk-PLMZ7O3F.js.map 304 [23/Dec/2024:15:20:44 +0000] - 31.121 ms localhost
GET /@fs/C:/Users/USER/Desktop/BroCampTasks/Angular_Project/frontend/.angular/cache/18.2.11/frontend/vite/deps/chunk-PF6LNL77.js.map 304 [23/Dec/2024:15:20:44 +0000] - 106.880 ms localhost
GET /@fs/C:/Users/USER/Desktop/BroCampTasks/Angular_Project/frontend/.angular/cache/18.2.11/frontend/vite/deps/chunk-FDUYSLZ7.js.map 304 [23/Dec/2024:15:20:44 +0000] - 155.883 ms localhost
GET /@fs/C:/Users/USER/Desktop/BroCampTasks/Angular_Project/frontend/.angular/cache/18.2.11/frontend/vite/deps/@angular_core.js.map 304 [23/Dec/2024:15:20:44 +0000] - 141.100 ms localhost
GET /@fs/C:/Users/USER/Desktop/BroCampTasks/Angular_Project/frontend/.angular/cache/18.2.11/frontend/vite/deps/@angular_common_http.js.map 304 [23/Dec/2024:15:20:44 +0000] - 137.023 ms localhost
GET /@fs/C:/Users/USER/Desktop/BroCampTasks/Angular_Project/frontend/.angular/cache/18.2.11/frontend/vite/deps/@angular_router.js.map 304 [23/Dec/2024:15:20:44 +0000] - 147.572 ms localhost
GET /@fs/C:/Users/USER/Desktop/BroCampTasks/Angular_Project/frontend/.angular/cache/18.2.11/frontend/vite/deps/rxjs.js.map 304 [23/Dec/2024:15:20:44 +0000] - 137.915 ms localhost
GET /@fs/C:/Users/USER/Desktop/BroCampTasks/Angular_Project/frontend/.angular/cache/18.2.11/frontend/vite/deps/@angular_common.js.map 304 [23/Dec/2024:15:20:44 +0000] - 29.013 ms localhost
GET /@fs/C:/Users/USER/Desktop/BroCampTasks/Angular_Project/frontend/.angular/cache/18.2.11/frontend/vite/deps/@angular_forms.js.map 304 [23/Dec/2024:15:20:44 +0000] - 77.074 ms localhost
GET /login.component.css.map 200 [23/Dec/2024:15:20:45 +0000] - 5.002 ms localhost
GET /favicon.ico 304 [23/Dec/2024:15:20:45 +0000] - 4.848 ms localhost
GET / - [23/Dec/2024:15:24:43 +0000] - - ms localhost
GET /login 200 [23/Dec/2024:15:25:32 +0000] - 9.190 ms localhost
GET /@vite/client 304 [23/Dec/2024:15:25:33 +0000] - 2.867 ms localhost
GET /styles.css 200 [23/Dec/2024:15:25:33 +0000] - 5.649 ms localhost
GET /polyfills.js 304 [23/Dec/2024:15:25:33 +0000] - 8.182 ms localhost
GET /main.js 200 [23/Dec/2024:15:25:33 +0000] - 9.153 ms localhost
GET /@fs/C:/Users/USER/Desktop/BroCampTasks/Angular_Project/frontend/node_modules/vite/dist/client/env.mjs 304 [23/Dec/2024:15:25:33 +0000] - 3.913 ms localhost
GET /styles.css.map 200 [23/Dec/2024:15:25:33 +0000] - 6.560 ms localhost
GET /@fs/C:/Users/USER/Desktop/BroCampTasks/Angular_Project/frontend/.angular/cache/18.2.11/frontend/vite/deps/@angular_platform-browser.js.map 304 [23/Dec/2024:15:25:34 +0000] - 4.035 ms localhost
GET /@fs/C:/Users/USER/Desktop/BroCampTasks/Angular_Project/frontend/.angular/cache/18.2.11/frontend/vite/deps/chunk-SD63G7YN.js.map 304 [23/Dec/2024:15:25:34 +0000] - 9.296 ms localhost
GET /@fs/C:/Users/USER/Desktop/BroCampTasks/Angular_Project/frontend/.angular/cache/18.2.11/frontend/vite/deps/chunk-J2M542RS.js.map 304 [23/Dec/2024:15:25:34 +0000] - 13.045 ms localhost
GET /@fs/C:/Users/USER/Desktop/BroCampTasks/Angular_Project/frontend/.angular/cache/18.2.11/frontend/vite/deps/chunk-PLMZ7O3F.js.map 304 [23/Dec/2024:15:25:34 +0000] - 22.436 ms localhost
GET /@fs/C:/Users/USER/Desktop/BroCampTasks/Angular_Project/frontend/.angular/cache/18.2.11/frontend/vite/deps/chunk-PF6LNL77.js.map 304 [23/Dec/2024:15:25:34 +0000] - 59.576 ms localhost
GET /@fs/C:/Users/USER/Desktop/BroCampTasks/Angular_Project/frontend/.angular/cache/18.2.11/frontend/vite/deps/@angular_core.js.map 304 [23/Dec/2024:15:25:34 +0000] - 59.807 ms localhost
GET /@fs/C:/Users/USER/Desktop/BroCampTasks/Angular_Project/frontend/.angular/cache/18.2.11/frontend/vite/deps/chunk-FDUYSLZ7.js.map 304 [23/Dec/2024:15:25:34 +0000] - 102.968 ms localhost
GET /@fs/C:/Users/USER/Desktop/BroCampTasks/Angular_Project/frontend/.angular/cache/18.2.11/frontend/vite/deps/@angular_router.js.map 304 [23/Dec/2024:15:25:34 +0000] - 93.194 ms localhost
GET /@fs/C:/Users/USER/Desktop/BroCampTasks/Angular_Project/frontend/.angular/cache/18.2.11/frontend/vite/deps/@angular_common_http.js.map 304 [23/Dec/2024:15:25:34 +0000] - 92.903 ms localhost
GET /login.component.css.map 200 [23/Dec/2024:15:25:34 +0000] - 10.482 ms localhost
GET /@fs/C:/Users/USER/Desktop/BroCampTasks/Angular_Project/frontend/.angular/cache/18.2.11/frontend/vite/deps/rxjs.js.map 304 [23/Dec/2024:15:25:34 +0000] - 69.843 ms localhost
GET /@fs/C:/Users/USER/Desktop/BroCampTasks/Angular_Project/frontend/.angular/cache/18.2.11/frontend/vite/deps/@angular_forms.js.map 304 [23/Dec/2024:15:25:34 +0000] - 58.901 ms localhost
GET /@fs/C:/Users/USER/Desktop/BroCampTasks/Angular_Project/frontend/.angular/cache/18.2.11/frontend/vite/deps/@angular_common.js.map 304 [23/Dec/2024:15:25:34 +0000] - 56.410 ms localhost
GET /favicon.ico 304 [23/Dec/2024:15:25:34 +0000] - 3.249 ms localhost
GET / - [23/Dec/2024:15:29:33 +0000] - - ms localhost
GET /login 200 [23/Dec/2024:15:32:13 +0000] - 10.388 ms localhost
GET /@vite/client 304 [23/Dec/2024:15:32:13 +0000] - 2.877 ms localhost
GET /styles.css 200 [23/Dec/2024:15:32:13 +0000] - 6.683 ms localhost
GET /polyfills.js 304 [23/Dec/2024:15:32:13 +0000] - 2.640 ms localhost
GET /main.js 200 [23/Dec/2024:15:32:13 +0000] - 9.356 ms localhost
GET /@fs/C:/Users/USER/Desktop/BroCampTasks/Angular_Project/frontend/node_modules/vite/dist/client/env.mjs 304 [23/Dec/2024:15:32:13 +0000] - 2.440 ms localhost
GET /styles.css.map 200 [23/Dec/2024:15:32:14 +0000] - 3.127 ms localhost
GET /@fs/C:/Users/USER/Desktop/BroCampTasks/Angular_Project/frontend/.angular/cache/18.2.11/frontend/vite/deps/@angular_platform-browser.js.map 304 [23/Dec/2024:15:32:14 +0000] - 13.672 ms localhost
GET /@fs/C:/Users/USER/Desktop/BroCampTasks/Angular_Project/frontend/.angular/cache/18.2.11/frontend/vite/deps/chunk-SD63G7YN.js.map 304 [23/Dec/2024:15:32:14 +0000] - 16.652 ms localhost
GET /@fs/C:/Users/USER/Desktop/BroCampTasks/Angular_Project/frontend/.angular/cache/18.2.11/frontend/vite/deps/chunk-J2M542RS.js.map 304 [23/Dec/2024:15:32:14 +0000] - 22.237 ms localhost
GET /@fs/C:/Users/USER/Desktop/BroCampTasks/Angular_Project/frontend/.angular/cache/18.2.11/frontend/vite/deps/chunk-PLMZ7O3F.js.map 304 [23/Dec/2024:15:32:14 +0000] - 30.651 ms localhost
GET /@fs/C:/Users/USER/Desktop/BroCampTasks/Angular_Project/frontend/.angular/cache/18.2.11/frontend/vite/deps/chunk-PF6LNL77.js.map 304 [23/Dec/2024:15:32:14 +0000] - 31.201 ms localhost
GET /@fs/C:/Users/USER/Desktop/BroCampTasks/Angular_Project/frontend/.angular/cache/18.2.11/frontend/vite/deps/@angular_core.js.map 304 [23/Dec/2024:15:32:14 +0000] - 46.813 ms localhost
GET /@fs/C:/Users/USER/Desktop/BroCampTasks/Angular_Project/frontend/.angular/cache/18.2.11/frontend/vite/deps/@angular_router.js.map 304 [23/Dec/2024:15:32:14 +0000] - 75.288 ms localhost
GET /@fs/C:/Users/USER/Desktop/BroCampTasks/Angular_Project/frontend/.angular/cache/18.2.11/frontend/vite/deps/chunk-FDUYSLZ7.js.map 304 [23/Dec/2024:15:32:14 +0000] - 121.181 ms localhost
GET /@fs/C:/Users/USER/Desktop/BroCampTasks/Angular_Project/frontend/.angular/cache/18.2.11/frontend/vite/deps/@angular_common_http.js.map 304 [23/Dec/2024:15:32:14 +0000] - 105.939 ms localhost
GET /@fs/C:/Users/USER/Desktop/BroCampTasks/Angular_Project/frontend/.angular/cache/18.2.11/frontend/vite/deps/rxjs.js.map 304 [23/Dec/2024:15:32:14 +0000] - 101.293 ms localhost
GET /@fs/C:/Users/USER/Desktop/BroCampTasks/Angular_Project/frontend/.angular/cache/18.2.11/frontend/vite/deps/@angular_forms.js.map 304 [23/Dec/2024:15:32:14 +0000] - 101.901 ms localhost
GET /@fs/C:/Users/USER/Desktop/BroCampTasks/Angular_Project/frontend/.angular/cache/18.2.11/frontend/vite/deps/@angular_common.js.map 304 [23/Dec/2024:15:32:14 +0000] - 67.306 ms localhost
GET /login.component.css.map 200 [23/Dec/2024:15:32:14 +0000] - 2.360 ms localhost
GET /favicon.ico 304 [23/Dec/2024:15:32:15 +0000] - 2.891 ms localhost
GET / - [23/Dec/2024:15:36:14 +0000] - - ms localhost
GET /login 200 [23/Dec/2024:15:37:26 +0000] - 53.134 ms localhost
GET /@vite/client 304 [23/Dec/2024:15:37:26 +0000] - 9.284 ms localhost
GET /styles.css 200 [23/Dec/2024:15:37:26 +0000] - 6.018 ms localhost
GET /polyfills.js 304 [23/Dec/2024:15:37:26 +0000] - 5.117 ms localhost
GET /main.js 200 [23/Dec/2024:15:37:26 +0000] - 15.156 ms localhost
GET /@fs/C:/Users/USER/Desktop/BroCampTasks/Angular_Project/frontend/node_modules/vite/dist/client/env.mjs 304 [23/Dec/2024:15:37:26 +0000] - 4.323 ms localhost
GET /@fs/C:/Users/USER/Desktop/BroCampTasks/Angular_Project/frontend/.angular/cache/18.2.11/frontend/vite/deps/@angular_platform-browser.js.map 304 [23/Dec/2024:15:37:27 +0000] - 4.292 ms localhost
GET /@fs/C:/Users/USER/Desktop/BroCampTasks/Angular_Project/frontend/.angular/cache/18.2.11/frontend/vite/deps/chunk-SD63G7YN.js.map 304 [23/Dec/2024:15:37:27 +0000] - 14.409 ms localhost
GET /@fs/C:/Users/USER/Desktop/BroCampTasks/Angular_Project/frontend/.angular/cache/18.2.11/frontend/vite/deps/chunk-J2M542RS.js.map 304 [23/Dec/2024:15:37:27 +0000] - 16.467 ms localhost
GET /@fs/C:/Users/USER/Desktop/BroCampTasks/Angular_Project/frontend/.angular/cache/18.2.11/frontend/vite/deps/chunk-PLMZ7O3F.js.map 304 [23/Dec/2024:15:37:27 +0000] - 12.596 ms localhost
GET /@fs/C:/Users/USER/Desktop/BroCampTasks/Angular_Project/frontend/.angular/cache/18.2.11/frontend/vite/deps/chunk-FDUYSLZ7.js.map 304 [23/Dec/2024:15:37:27 +0000] - 87.028 ms localhost
GET /@fs/C:/Users/USER/Desktop/BroCampTasks/Angular_Project/frontend/.angular/cache/18.2.11/frontend/vite/deps/chunk-PF6LNL77.js.map 304 [23/Dec/2024:15:37:27 +0000] - 54.281 ms localhost
GET /@fs/C:/Users/USER/Desktop/BroCampTasks/Angular_Project/frontend/.angular/cache/18.2.11/frontend/vite/deps/@angular_core.js.map 304 [23/Dec/2024:15:37:27 +0000] - 53.475 ms localhost
GET /@fs/C:/Users/USER/Desktop/BroCampTasks/Angular_Project/frontend/.angular/cache/18.2.11/frontend/vite/deps/@angular_common_http.js.map 304 [23/Dec/2024:15:37:27 +0000] - 51.478 ms localhost
GET /@fs/C:/Users/USER/Desktop/BroCampTasks/Angular_Project/frontend/.angular/cache/18.2.11/frontend/vite/deps/rxjs.js.map 304 [23/Dec/2024:15:37:27 +0000] - 45.908 ms localhost
GET /@fs/C:/Users/USER/Desktop/BroCampTasks/Angular_Project/frontend/.angular/cache/18.2.11/frontend/vite/deps/@angular_router.js.map 304 [23/Dec/2024:15:37:27 +0000] - 66.966 ms localhost
GET /@fs/C:/Users/USER/Desktop/BroCampTasks/Angular_Project/frontend/.angular/cache/18.2.11/frontend/vite/deps/@angular_forms.js.map 304 [23/Dec/2024:15:37:27 +0000] - 46.403 ms localhost
GET /@fs/C:/Users/USER/Desktop/BroCampTasks/Angular_Project/frontend/.angular/cache/18.2.11/frontend/vite/deps/@angular_common.js.map 304 [23/Dec/2024:15:37:27 +0000] - 25.939 ms localhost
GET /styles.css.map 200 [23/Dec/2024:15:37:28 +0000] - 3.579 ms localhost
GET /login.component.css.map 200 [23/Dec/2024:15:37:28 +0000] - 6.146 ms localhost
GET /favicon.ico 304 [23/Dec/2024:15:37:28 +0000] - 2.795 ms localhost
GET / - [23/Dec/2024:15:41:27 +0000] - - ms localhost
GET /login 200 [23/Dec/2024:16:13:30 +0000] - 39.354 ms localhost
GET /@vite/client 304 [23/Dec/2024:16:13:30 +0000] - 3.831 ms localhost
GET /styles.css 200 [23/Dec/2024:16:13:30 +0000] - 5.147 ms localhost
GET /polyfills.js 304 [23/Dec/2024:16:13:30 +0000] - 8.016 ms localhost
GET /main.js 200 [23/Dec/2024:16:13:30 +0000] - 16.506 ms localhost
GET /@fs/C:/Users/USER/Desktop/BroCampTasks/Angular_Project/frontend/node_modules/vite/dist/client/env.mjs 304 [23/Dec/2024:16:13:30 +0000] - 172.486 ms localhost
GET /styles.css.map 200 [23/Dec/2024:16:13:30 +0000] - 17.348 ms localhost
GET /@fs/C:/Users/USER/Desktop/BroCampTasks/Angular_Project/frontend/.angular/cache/18.2.11/frontend/vite/deps/@angular_platform-browser.js.map 304 [23/Dec/2024:16:13:31 +0000] - 6.919 ms localhost
GET /@fs/C:/Users/USER/Desktop/BroCampTasks/Angular_Project/frontend/.angular/cache/18.2.11/frontend/vite/deps/@angular_core.js.map 304 [23/Dec/2024:16:13:31 +0000] - 19.971 ms localhost
GET /@fs/C:/Users/USER/Desktop/BroCampTasks/Angular_Project/frontend/.angular/cache/18.2.11/frontend/vite/deps/chunk-SD63G7YN.js.map 304 [23/Dec/2024:16:13:31 +0000] - 58.016 ms localhost
GET /@fs/C:/Users/USER/Desktop/BroCampTasks/Angular_Project/frontend/.angular/cache/18.2.11/frontend/vite/deps/chunk-PLMZ7O3F.js.map 304 [23/Dec/2024:16:13:31 +0000] - 62.366 ms localhost
GET /@fs/C:/Users/USER/Desktop/BroCampTasks/Angular_Project/frontend/.angular/cache/18.2.11/frontend/vite/deps/chunk-J2M542RS.js.map 304 [23/Dec/2024:16:13:31 +0000] - 69.334 ms localhost
GET /@fs/C:/Users/USER/Desktop/BroCampTasks/Angular_Project/frontend/.angular/cache/18.2.11/frontend/vite/deps/chunk-PF6LNL77.js.map 304 [23/Dec/2024:16:13:31 +0000] - 71.608 ms localhost
GET /@fs/C:/Users/USER/Desktop/BroCampTasks/Angular_Project/frontend/.angular/cache/18.2.11/frontend/vite/deps/chunk-FDUYSLZ7.js.map 304 [23/Dec/2024:16:13:31 +0000] - 251.922 ms localhost
GET /@fs/C:/Users/USER/Desktop/BroCampTasks/Angular_Project/frontend/.angular/cache/18.2.11/frontend/vite/deps/@angular_router.js.map 304 [23/Dec/2024:16:13:31 +0000] - 313.817 ms localhost
GET /login.component.css.map 200 [23/Dec/2024:16:13:31 +0000] - 11.386 ms localhost
GET /@fs/C:/Users/USER/Desktop/BroCampTasks/Angular_Project/frontend/.angular/cache/18.2.11/frontend/vite/deps/rxjs.js.map 304 [23/Dec/2024:16:13:31 +0000] - 256.866 ms localhost
GET /@fs/C:/Users/USER/Desktop/BroCampTasks/Angular_Project/frontend/.angular/cache/18.2.11/frontend/vite/deps/@angular_common_http.js.map 304 [23/Dec/2024:16:13:31 +0000] - 296.845 ms localhost
GET /@fs/C:/Users/USER/Desktop/BroCampTasks/Angular_Project/frontend/.angular/cache/18.2.11/frontend/vite/deps/@angular_common.js.map 304 [23/Dec/2024:16:13:31 +0000] - 221.047 ms localhost
GET /@fs/C:/Users/USER/Desktop/BroCampTasks/Angular_Project/frontend/.angular/cache/18.2.11/frontend/vite/deps/@angular_forms.js.map 304 [23/Dec/2024:16:13:31 +0000] - 229.026 ms localhost
GET /favicon.ico 304 [23/Dec/2024:16:13:31 +0000] - 5.664 ms localhost
GET /login 200 [23/Dec/2024:16:14:43 +0000] - 9.320 ms localhost
GET / - [23/Dec/2024:16:14:43 +0000] - - ms localhost
GET /@vite/client 304 [23/Dec/2024:16:14:43 +0000] - 12.504 ms localhost
GET /styles.css 200 [23/Dec/2024:16:14:43 +0000] - 7.959 ms localhost
GET /main.js 200 [23/Dec/2024:16:14:43 +0000] - 14.563 ms localhost
GET /polyfills.js 304 [23/Dec/2024:16:14:43 +0000] - 26.136 ms localhost
GET /@fs/C:/Users/USER/Desktop/BroCampTasks/Angular_Project/frontend/node_modules/vite/dist/client/env.mjs 304 [23/Dec/2024:16:14:43 +0000] - 4.779 ms localhost
GET /styles.css.map 200 [23/Dec/2024:16:14:43 +0000] - 7.120 ms localhost
GET /@fs/C:/Users/USER/Desktop/BroCampTasks/Angular_Project/frontend/.angular/cache/18.2.11/frontend/vite/deps/@angular_platform-browser.js.map 304 [23/Dec/2024:16:14:44 +0000] - 26.119 ms localhost
GET /@fs/C:/Users/USER/Desktop/BroCampTasks/Angular_Project/frontend/.angular/cache/18.2.11/frontend/vite/deps/chunk-SD63G7YN.js.map 504 [23/Dec/2024:16:14:44 +0000] - 427.161 ms localhost
GET /@fs/C:/Users/USER/Desktop/BroCampTasks/Angular_Project/frontend/.angular/cache/18.2.11/frontend/vite/deps/chunk-J2M542RS.js.map 504 [23/Dec/2024:16:14:44 +0000] - 428.775 ms localhost
GET /@fs/C:/Users/USER/Desktop/BroCampTasks/Angular_Project/frontend/.angular/cache/18.2.11/frontend/vite/deps/chunk-PLMZ7O3F.js.map 504 [23/Dec/2024:16:14:44 +0000] - 673.913 ms localhost
GET /@fs/C:/Users/USER/Desktop/BroCampTasks/Angular_Project/frontend/.angular/cache/18.2.11/frontend/vite/deps/chunk-PF6LNL77.js.map 304 [23/Dec/2024:16:14:45 +0000] - 683.999 ms localhost
GET /@fs/C:/Users/USER/Desktop/BroCampTasks/Angular_Project/frontend/.angular/cache/18.2.11/frontend/vite/deps/chunk-FDUYSLZ7.js.map 304 [23/Dec/2024:16:14:45 +0000] - 686.271 ms localhost
GET /favicon.ico 304 [23/Dec/2024:16:14:45 +0000] - 228.283 ms localhost
GET /@fs/C:/Users/USER/Desktop/BroCampTasks/Angular_Project/frontend/.angular/cache/18.2.11/frontend/vite/deps/@angular_core.js.map 304 [23/Dec/2024:16:14:45 +0000] - 384.573 ms localhost
GET /@fs/C:/Users/USER/Desktop/BroCampTasks/Angular_Project/frontend/.angular/cache/18.2.11/frontend/vite/deps/@angular_common_http.js.map 304 [23/Dec/2024:16:14:45 +0000] - 32.216 ms localhost
GET /@fs/C:/Users/USER/Desktop/BroCampTasks/Angular_Project/frontend/.angular/cache/18.2.11/frontend/vite/deps/@angular_router.js.map 304 [23/Dec/2024:16:14:45 +0000] - 40.665 ms localhost
GET /@fs/C:/Users/USER/Desktop/BroCampTasks/Angular_Project/frontend/.angular/cache/18.2.11/frontend/vite/deps/rxjs.js.map 304 [23/Dec/2024:16:14:45 +0000] - 6.343 ms localhost
GET /@fs/C:/Users/USER/Desktop/BroCampTasks/Angular_Project/frontend/.angular/cache/18.2.11/frontend/vite/deps/@angular_common.js.map 304 [23/Dec/2024:16:14:45 +0000] - 5.699 ms localhost
GET /@fs/C:/Users/USER/Desktop/BroCampTasks/Angular_Project/frontend/.angular/cache/18.2.11/frontend/vite/deps/@angular_forms.js.map 304 [23/Dec/2024:16:14:45 +0000] - 14.975 ms localhost
GET /login.component.css.map 200 [23/Dec/2024:16:14:45 +0000] - 3.642 ms localhost
GET /login 200 [23/Dec/2024:16:14:46 +0000] - 13.849 ms localhost
GET / - [23/Dec/2024:16:14:46 +0000] - - ms localhost
GET /@vite/client 304 [23/Dec/2024:16:14:46 +0000] - 6.963 ms localhost
GET /styles.css 200 [23/Dec/2024:16:14:46 +0000] - 9.238 ms localhost
GET /polyfills.js 304 [23/Dec/2024:16:14:46 +0000] - 6.361 ms localhost
GET /main.js 304 [23/Dec/2024:16:14:46 +0000] - 6.149 ms localhost
GET /styles.css.map 200 [23/Dec/2024:16:14:46 +0000] - 3.669 ms localhost
GET /@fs/C:/Users/USER/Desktop/BroCampTasks/Angular_Project/frontend/node_modules/vite/dist/client/env.mjs 304 [23/Dec/2024:16:14:46 +0000] - 3.515 ms localhost
GET /@fs/C:/Users/USER/Desktop/BroCampTasks/Angular_Project/frontend/.angular/cache/18.2.11/frontend/vite/deps/@angular_platform-browser.js.map 304 [23/Dec/2024:16:14:46 +0000] - 8.460 ms localhost
GET /@fs/C:/Users/USER/Desktop/BroCampTasks/Angular_Project/frontend/.angular/cache/18.2.11/frontend/vite/deps/chunk-SD63G7YN.js.map 200 [23/Dec/2024:16:14:46 +0000] - 15.575 ms localhost
GET /@fs/C:/Users/USER/Desktop/BroCampTasks/Angular_Project/frontend/.angular/cache/18.2.11/frontend/vite/deps/chunk-J2M542RS.js.map 200 [23/Dec/2024:16:14:46 +0000] - 10.602 ms localhost
GET /@fs/C:/Users/USER/Desktop/BroCampTasks/Angular_Project/frontend/.angular/cache/18.2.11/frontend/vite/deps/chunk-PLMZ7O3F.js.map 200 [23/Dec/2024:16:14:46 +0000] - 26.723 ms localhost
GET /@fs/C:/Users/USER/Desktop/BroCampTasks/Angular_Project/frontend/.angular/cache/18.2.11/frontend/vite/deps/chunk-PF6LNL77.js.map 304 [23/Dec/2024:16:14:46 +0000] - 44.203 ms localhost
GET /@fs/C:/Users/USER/Desktop/BroCampTasks/Angular_Project/frontend/.angular/cache/18.2.11/frontend/vite/deps/@angular_core.js.map 304 [23/Dec/2024:16:14:46 +0000] - 46.439 ms localhost
GET /@fs/C:/Users/USER/Desktop/BroCampTasks/Angular_Project/frontend/.angular/cache/18.2.11/frontend/vite/deps/@angular_router.js.map 304 [23/Dec/2024:16:14:46 +0000] - 50.192 ms localhost
GET /@fs/C:/Users/USER/Desktop/BroCampTasks/Angular_Project/frontend/.angular/cache/18.2.11/frontend/vite/deps/chunk-FDUYSLZ7.js.map 304 [23/Dec/2024:16:14:46 +0000] - 146.645 ms localhost
GET /login.component.css.map 200 [23/Dec/2024:16:14:46 +0000] - 38.327 ms localhost
GET /@fs/C:/Users/USER/Desktop/BroCampTasks/Angular_Project/frontend/.angular/cache/18.2.11/frontend/vite/deps/@angular_common_http.js.map 304 [23/Dec/2024:16:14:46 +0000] - 108.961 ms localhost
GET /@fs/C:/Users/USER/Desktop/BroCampTasks/Angular_Project/frontend/.angular/cache/18.2.11/frontend/vite/deps/rxjs.js.map 304 [23/Dec/2024:16:14:46 +0000] - 108.892 ms localhost
GET /@fs/C:/Users/USER/Desktop/BroCampTasks/Angular_Project/frontend/.angular/cache/18.2.11/frontend/vite/deps/@angular_forms.js.map 304 [23/Dec/2024:16:14:47 +0000] - 69.491 ms localhost
GET /@fs/C:/Users/USER/Desktop/BroCampTasks/Angular_Project/frontend/.angular/cache/18.2.11/frontend/vite/deps/@angular_common.js.map 304 [23/Dec/2024:16:14:47 +0000] - 68.128 ms localhost
GET /favicon.ico 304 [23/Dec/2024:16:14:47 +0000] - 3.315 ms localhost
POST /user/login 200 [23/Dec/2024:16:14:55 +0000] - 239.340 ms localhost
GET /layout.component.css.map 200 [23/Dec/2024:16:14:56 +0000] - 5.716 ms localhost
GET /dashboard.component.css.map 200 [23/Dec/2024:16:14:56 +0000] - 7.181 ms localhost
GET /service/totalService 304 [23/Dec/2024:16:15:00 +0000] - 223.931 ms localhost
GET /service/services?pageNumber=1&pageSize=2 304 [23/Dec/2024:16:15:00 +0000] - 239.527 ms localhost
GET /[object%20File] 200 [23/Dec/2024:16:15:10 +0000] - 11.171 ms localhost
GET /[object%20File] 200 [23/Dec/2024:16:15:20 +0000] - 10.202 ms localhost
POST /service/addService 401 [23/Dec/2024:16:17:21 +0000] - 36.055 ms localhost
GET /user/refreshToken 304 [23/Dec/2024:16:17:21 +0000] - 46.289 ms localhost
GET / - [23/Dec/2024:16:18:46 +0000] - - ms localhost
GET /services 200 [23/Dec/2024:16:19:07 +0000] - 13.568 ms localhost
POST /service/addService - [23/Dec/2024:16:19:07 +0000] - - ms localhost
GET /@vite/client 304 [23/Dec/2024:16:19:08 +0000] - 7.534 ms localhost
GET /styles.css 200 [23/Dec/2024:16:19:08 +0000] - 3.539 ms localhost
GET /polyfills.js 304 [23/Dec/2024:16:19:08 +0000] - 3.746 ms localhost
GET /main.js 200 [23/Dec/2024:16:19:08 +0000] - 53.846 ms localhost
GET /@fs/C:/Users/USER/Desktop/BroCampTasks/Angular_Project/frontend/node_modules/vite/dist/client/env.mjs 304 [23/Dec/2024:16:19:08 +0000] - 2.891 ms localhost
GET /styles.css.map 200 [23/Dec/2024:16:19:09 +0000] - 9.637 ms localhost
GET /@fs/C:/Users/USER/Desktop/BroCampTasks/Angular_Project/frontend/.angular/cache/18.2.11/frontend/vite/deps/@angular_platform-browser.js.map 304 [23/Dec/2024:16:19:09 +0000] - 23.704 ms localhost
GET /@fs/C:/Users/USER/Desktop/BroCampTasks/Angular_Project/frontend/.angular/cache/18.2.11/frontend/vite/deps/chunk-J2M542RS.js.map 304 [23/Dec/2024:16:19:09 +0000] - 23.084 ms localhost
GET /@fs/C:/Users/USER/Desktop/BroCampTasks/Angular_Project/frontend/.angular/cache/18.2.11/frontend/vite/deps/chunk-SD63G7YN.js.map 304 [23/Dec/2024:16:19:09 +0000] - 34.087 ms localhost
GET /@fs/C:/Users/USER/Desktop/BroCampTasks/Angular_Project/frontend/.angular/cache/18.2.11/frontend/vite/deps/chunk-PLMZ7O3F.js.map 304 [23/Dec/2024:16:19:09 +0000] - 40.227 ms localhost
GET /@fs/C:/Users/USER/Desktop/BroCampTasks/Angular_Project/frontend/.angular/cache/18.2.11/frontend/vite/deps/chunk-FDUYSLZ7.js.map 304 [23/Dec/2024:16:19:09 +0000] - 545.789 ms localhost
GET /@fs/C:/Users/USER/Desktop/BroCampTasks/Angular_Project/frontend/.angular/cache/18.2.11/frontend/vite/deps/@angular_core.js.map 304 [23/Dec/2024:16:19:09 +0000] - 26.910 ms localhost
GET /@fs/C:/Users/USER/Desktop/BroCampTasks/Angular_Project/frontend/.angular/cache/18.2.11/frontend/vite/deps/chunk-PF6LNL77.js.map 304 [23/Dec/2024:16:19:09 +0000] - 35.189 ms localhost
GET /@fs/C:/Users/USER/Desktop/BroCampTasks/Angular_Project/frontend/.angular/cache/18.2.11/frontend/vite/deps/@angular_common_http.js.map 304 [23/Dec/2024:16:19:09 +0000] - 34.078 ms localhost
GET /@fs/C:/Users/USER/Desktop/BroCampTasks/Angular_Project/frontend/.angular/cache/18.2.11/frontend/vite/deps/@angular_router.js.map 304 [23/Dec/2024:16:19:09 +0000] - 41.070 ms localhost
GET /favicon.ico 304 [23/Dec/2024:16:19:09 +0000] - 6.302 ms localhost
GET /@fs/C:/Users/USER/Desktop/BroCampTasks/Angular_Project/frontend/.angular/cache/18.2.11/frontend/vite/deps/rxjs.js.map 304 [23/Dec/2024:16:19:09 +0000] - 7.822 ms localhost
GET /login.component.css.map 200 [23/Dec/2024:16:19:09 +0000] - 4.808 ms localhost
GET /@fs/C:/Users/USER/Desktop/BroCampTasks/Angular_Project/frontend/.angular/cache/18.2.11/frontend/vite/deps/@angular_forms.js.map 304 [23/Dec/2024:16:19:09 +0000] - 24.675 ms localhost
GET /@fs/C:/Users/USER/Desktop/BroCampTasks/Angular_Project/frontend/.angular/cache/18.2.11/frontend/vite/deps/@angular_common.js.map 304 [23/Dec/2024:16:19:09 +0000] - 20.667 ms localhost
GET / - [23/Dec/2024:16:23:08 +0000] - - ms localhost
GET /login 200 [23/Dec/2024:16:32:22 +0000] - 41.959 ms localhost
GET /@vite/client 304 [23/Dec/2024:16:32:23 +0000] - 8.270 ms localhost
GET /styles.css 200 [23/Dec/2024:16:32:23 +0000] - 9.056 ms localhost
GET /polyfills.js 304 [23/Dec/2024:16:32:23 +0000] - 14.570 ms localhost
GET /main.js 200 [23/Dec/2024:16:32:23 +0000] - 12.335 ms localhost
GET /@fs/C:/Users/USER/Desktop/BroCampTasks/Angular_Project/frontend/node_modules/vite/dist/client/env.mjs 304 [23/Dec/2024:16:32:23 +0000] - 2.585 ms localhost
GET /styles.css.map 200 [23/Dec/2024:16:32:23 +0000] - 4.507 ms localhost
GET /@fs/C:/Users/USER/Desktop/BroCampTasks/Angular_Project/frontend/.angular/cache/18.2.11/frontend/vite/deps/@angular_platform-browser.js.map 304 [23/Dec/2024:16:32:24 +0000] - 11.006 ms localhost
GET /@fs/C:/Users/USER/Desktop/BroCampTasks/Angular_Project/frontend/.angular/cache/18.2.11/frontend/vite/deps/chunk-SD63G7YN.js.map 304 [23/Dec/2024:16:32:24 +0000] - 17.345 ms localhost
GET /@fs/C:/Users/USER/Desktop/BroCampTasks/Angular_Project/frontend/.angular/cache/18.2.11/frontend/vite/deps/chunk-J2M542RS.js.map 304 [23/Dec/2024:16:32:24 +0000] - 19.505 ms localhost
GET /@fs/C:/Users/USER/Desktop/BroCampTasks/Angular_Project/frontend/.angular/cache/18.2.11/frontend/vite/deps/chunk-PLMZ7O3F.js.map 304 [23/Dec/2024:16:32:24 +0000] - 19.835 ms localhost
GET /@fs/C:/Users/USER/Desktop/BroCampTasks/Angular_Project/frontend/.angular/cache/18.2.11/frontend/vite/deps/chunk-PF6LNL77.js.map 304 [23/Dec/2024:16:32:24 +0000] - 15.846 ms localhost
GET /@fs/C:/Users/USER/Desktop/BroCampTasks/Angular_Project/frontend/.angular/cache/18.2.11/frontend/vite/deps/@angular_core.js.map 304 [23/Dec/2024:16:32:24 +0000] - 17.940 ms localhost
GET /@fs/C:/Users/USER/Desktop/BroCampTasks/Angular_Project/frontend/.angular/cache/18.2.11/frontend/vite/deps/chunk-FDUYSLZ7.js.map 304 [23/Dec/2024:16:32:24 +0000] - 147.987 ms localhost
GET /@fs/C:/Users/USER/Desktop/BroCampTasks/Angular_Project/frontend/.angular/cache/18.2.11/frontend/vite/deps/@angular_common_http.js.map 304 [23/Dec/2024:16:32:24 +0000] - 91.206 ms localhost
GET /@fs/C:/Users/USER/Desktop/BroCampTasks/Angular_Project/frontend/.angular/cache/18.2.11/frontend/vite/deps/rxjs.js.map 304 [23/Dec/2024:16:32:24 +0000] - 100.496 ms localhost
GET /@fs/C:/Users/USER/Desktop/BroCampTasks/Angular_Project/frontend/.angular/cache/18.2.11/frontend/vite/deps/@angular_common.js.map 304 [23/Dec/2024:16:32:24 +0000] - 90.385 ms localhost
GET /@fs/C:/Users/USER/Desktop/BroCampTasks/Angular_Project/frontend/.angular/cache/18.2.11/frontend/vite/deps/@angular_router.js.map 304 [23/Dec/2024:16:32:24 +0000] - 112.433 ms localhost
GET /@fs/C:/Users/USER/Desktop/BroCampTasks/Angular_Project/frontend/.angular/cache/18.2.11/frontend/vite/deps/@angular_forms.js.map 304 [23/Dec/2024:16:32:24 +0000] - 109.480 ms localhost
GET /login.component.css.map 200 [23/Dec/2024:16:32:24 +0000] - 2.742 ms localhost
GET /favicon.ico 304 [23/Dec/2024:16:32:25 +0000] - 4.026 ms localhost
GET /login 200 [23/Dec/2024:16:32:37 +0000] - 5.831 ms localhost
GET / - [23/Dec/2024:16:32:37 +0000] - - ms localhost
GET /@vite/client 304 [23/Dec/2024:16:32:37 +0000] - 12.851 ms localhost
GET /styles.css 200 [23/Dec/2024:16:32:37 +0000] - 6.558 ms localhost
GET /polyfills.js 304 [23/Dec/2024:16:32:37 +0000] - 9.428 ms localhost
GET /main.js 304 [23/Dec/2024:16:32:37 +0000] - 9.965 ms localhost
GET /styles.css.map 200 [23/Dec/2024:16:32:37 +0000] - 4.234 ms localhost
GET /@fs/C:/Users/USER/Desktop/BroCampTasks/Angular_Project/frontend/node_modules/vite/dist/client/env.mjs 304 [23/Dec/2024:16:32:37 +0000] - 2.151 ms localhost
GET /@fs/C:/Users/USER/Desktop/BroCampTasks/Angular_Project/frontend/.angular/cache/18.2.11/frontend/vite/deps/@angular_platform-browser.js.map 304 [23/Dec/2024:16:32:37 +0000] - 27.465 ms localhost
GET /@fs/C:/Users/USER/Desktop/BroCampTasks/Angular_Project/frontend/.angular/cache/18.2.11/frontend/vite/deps/chunk-J2M542RS.js.map 304 [23/Dec/2024:16:32:37 +0000] - 29.260 ms localhost
GET /@fs/C:/Users/USER/Desktop/BroCampTasks/Angular_Project/frontend/.angular/cache/18.2.11/frontend/vite/deps/chunk-PLMZ7O3F.js.map 304 [23/Dec/2024:16:32:37 +0000] - 39.985 ms localhost
GET /@fs/C:/Users/USER/Desktop/BroCampTasks/Angular_Project/frontend/.angular/cache/18.2.11/frontend/vite/deps/chunk-PF6LNL77.js.map 304 [23/Dec/2024:16:32:37 +0000] - 44.622 ms localhost
GET /@fs/C:/Users/USER/Desktop/BroCampTasks/Angular_Project/frontend/.angular/cache/18.2.11/frontend/vite/deps/chunk-SD63G7YN.js.map 304 [23/Dec/2024:16:32:37 +0000] - 55.490 ms localhost
GET /@fs/C:/Users/USER/Desktop/BroCampTasks/Angular_Project/frontend/.angular/cache/18.2.11/frontend/vite/deps/chunk-FDUYSLZ7.js.map 304 [23/Dec/2024:16:32:38 +0000] - 100.208 ms localhost
GET /@fs/C:/Users/USER/Desktop/BroCampTasks/Angular_Project/frontend/.angular/cache/18.2.11/frontend/vite/deps/@angular_core.js.map 304 [23/Dec/2024:16:32:38 +0000] - 61.573 ms localhost
GET /@fs/C:/Users/USER/Desktop/BroCampTasks/Angular_Project/frontend/.angular/cache/18.2.11/frontend/vite/deps/@angular_router.js.map 304 [23/Dec/2024:16:32:38 +0000] - 76.543 ms localhost
GET /@fs/C:/Users/USER/Desktop/BroCampTasks/Angular_Project/frontend/.angular/cache/18.2.11/frontend/vite/deps/@angular_common_http.js.map 304 [23/Dec/2024:16:32:38 +0000] - 8.343 ms localhost
GET /@fs/C:/Users/USER/Desktop/BroCampTasks/Angular_Project/frontend/.angular/cache/18.2.11/frontend/vite/deps/rxjs.js.map 304 [23/Dec/2024:16:32:38 +0000] - 3.835 ms localhost
GET /@fs/C:/Users/USER/Desktop/BroCampTasks/Angular_Project/frontend/.angular/cache/18.2.11/frontend/vite/deps/@angular_forms.js.map 304 [23/Dec/2024:16:32:38 +0000] - 16.076 ms localhost
GET /@fs/C:/Users/USER/Desktop/BroCampTasks/Angular_Project/frontend/.angular/cache/18.2.11/frontend/vite/deps/@angular_common.js.map 304 [23/Dec/2024:16:32:38 +0000] - 3.925 ms localhost
GET /login.component.css.map 200 [23/Dec/2024:16:32:38 +0000] - 4.002 ms localhost
GET /favicon.ico 304 [23/Dec/2024:16:32:38 +0000] - 4.610 ms localhost
GET /login 200 [23/Dec/2024:16:32:40 +0000] - 3.994 ms localhost
GET / - [23/Dec/2024:16:32:40 +0000] - - ms localhost
GET /@vite/client 304 [23/Dec/2024:16:32:40 +0000] - 7.887 ms localhost
GET /styles.css 200 [23/Dec/2024:16:32:40 +0000] - 5.548 ms localhost
GET /polyfills.js 304 [23/Dec/2024:16:32:40 +0000] - 7.783 ms localhost
GET /main.js 304 [23/Dec/2024:16:32:40 +0000] - 8.022 ms localhost
GET /styles.css.map 200 [23/Dec/2024:16:32:40 +0000] - 4.710 ms localhost
GET /@fs/C:/Users/USER/Desktop/BroCampTasks/Angular_Project/frontend/node_modules/vite/dist/client/env.mjs 304 [23/Dec/2024:16:32:40 +0000] - 4.074 ms localhost
GET /@fs/C:/Users/USER/Desktop/BroCampTasks/Angular_Project/frontend/.angular/cache/18.2.11/frontend/vite/deps/@angular_platform-browser.js.map 304 [23/Dec/2024:16:32:40 +0000] - 19.412 ms localhost
GET /@fs/C:/Users/USER/Desktop/BroCampTasks/Angular_Project/frontend/.angular/cache/18.2.11/frontend/vite/deps/chunk-SD63G7YN.js.map 304 [23/Dec/2024:16:32:40 +0000] - 21.843 ms localhost
GET /@fs/C:/Users/USER/Desktop/BroCampTasks/Angular_Project/frontend/.angular/cache/18.2.11/frontend/vite/deps/chunk-J2M542RS.js.map 304 [23/Dec/2024:16:32:40 +0000] - 22.467 ms localhost
GET /@fs/C:/Users/USER/Desktop/BroCampTasks/Angular_Project/frontend/.angular/cache/18.2.11/frontend/vite/deps/chunk-PLMZ7O3F.js.map 304 [23/Dec/2024:16:32:40 +0000] - 27.228 ms localhost
GET /@fs/C:/Users/USER/Desktop/BroCampTasks/Angular_Project/frontend/.angular/cache/18.2.11/frontend/vite/deps/chunk-PF6LNL77.js.map 304 [23/Dec/2024:16:32:40 +0000] - 33.327 ms localhost
GET /@fs/C:/Users/USER/Desktop/BroCampTasks/Angular_Project/frontend/.angular/cache/18.2.11/frontend/vite/deps/chunk-FDUYSLZ7.js.map 304 [23/Dec/2024:16:32:41 +0000] - 88.603 ms localhost
GET /@fs/C:/Users/USER/Desktop/BroCampTasks/Angular_Project/frontend/.angular/cache/18.2.11/frontend/vite/deps/@angular_core.js.map 304 [23/Dec/2024:16:32:41 +0000] - 94.263 ms localhost
GET /@fs/C:/Users/USER/Desktop/BroCampTasks/Angular_Project/frontend/.angular/cache/18.2.11/frontend/vite/deps/@angular_router.js.map 304 [23/Dec/2024:16:32:41 +0000] - 105.903 ms localhost
GET /@fs/C:/Users/USER/Desktop/BroCampTasks/Angular_Project/frontend/.angular/cache/18.2.11/frontend/vite/deps/@angular_common_http.js.map 304 [23/Dec/2024:16:32:41 +0000] - 106.547 ms localhost
GET /@fs/C:/Users/USER/Desktop/BroCampTasks/Angular_Project/frontend/.angular/cache/18.2.11/frontend/vite/deps/rxjs.js.map 304 [23/Dec/2024:16:32:41 +0000] - 106.461 ms localhost
GET /@fs/C:/Users/USER/Desktop/BroCampTasks/Angular_Project/frontend/.angular/cache/18.2.11/frontend/vite/deps/@angular_forms.js.map 304 [23/Dec/2024:16:32:41 +0000] - 107.960 ms localhost
GET /login.component.css.map 200 [23/Dec/2024:16:32:41 +0000] - 45.016 ms localhost
GET /@fs/C:/Users/USER/Desktop/BroCampTasks/Angular_Project/frontend/.angular/cache/18.2.11/frontend/vite/deps/@angular_common.js.map 304 [23/Dec/2024:16:32:41 +0000] - 81.229 ms localhost
GET /favicon.ico 304 [23/Dec/2024:16:32:41 +0000] - 4.498 ms localhost
POST /user/login 200 [23/Dec/2024:16:32:49 +0000] - 209.429 ms localhost
GET /layout.component.css.map 200 [23/Dec/2024:16:32:49 +0000] - 7.265 ms localhost
GET /dashboard.component.css.map 200 [23/Dec/2024:16:32:49 +0000] - 4.454 ms localhost
GET /service/totalService 304 [23/Dec/2024:16:32:53 +0000] - 152.785 ms localhost
GET /service/services?pageNumber=1&pageSize=2 304 [23/Dec/2024:16:32:53 +0000] - 124.611 ms localhost
GET /[object%20File] 200 [23/Dec/2024:16:33:05 +0000] - 10.224 ms localhost
GET /[object%20File] 200 [23/Dec/2024:16:33:13 +0000] - 10.139 ms localhost
POST /service/addService 500 [23/Dec/2024:16:33:27 +0000] - 161.386 ms localhost
GET / - [23/Dec/2024:16:36:40 +0000] - - ms localhost
GET /services 200 [23/Dec/2024:16:37:14 +0000] - 12.425 ms localhost
GET /@vite/client 304 [23/Dec/2024:16:37:14 +0000] - 5.026 ms localhost
GET /styles.css 200 [23/Dec/2024:16:37:14 +0000] - 5.568 ms localhost
GET /polyfills.js 304 [23/Dec/2024:16:37:14 +0000] - 7.320 ms localhost
GET /main.js 200 [23/Dec/2024:16:37:14 +0000] - 9.273 ms localhost
GET /@fs/C:/Users/USER/Desktop/BroCampTasks/Angular_Project/frontend/node_modules/vite/dist/client/env.mjs 304 [23/Dec/2024:16:37:14 +0000] - 6.074 ms localhost
GET /@fs/C:/Users/USER/Desktop/BroCampTasks/Angular_Project/frontend/.angular/cache/18.2.11/frontend/vite/deps/@angular_platform-browser.js.map 304 [23/Dec/2024:16:37:14 +0000] - 11.770 ms localhost
GET /@fs/C:/Users/USER/Desktop/BroCampTasks/Angular_Project/frontend/.angular/cache/18.2.11/frontend/vite/deps/chunk-SD63G7YN.js.map 304 [23/Dec/2024:16:37:14 +0000] - 13.437 ms localhost
GET /@fs/C:/Users/USER/Desktop/BroCampTasks/Angular_Project/frontend/.angular/cache/18.2.11/frontend/vite/deps/chunk-J2M542RS.js.map 304 [23/Dec/2024:16:37:14 +0000] - 16.133 ms localhost
GET /@fs/C:/Users/USER/Desktop/BroCampTasks/Angular_Project/frontend/.angular/cache/18.2.11/frontend/vite/deps/chunk-PLMZ7O3F.js.map 304 [23/Dec/2024:16:37:14 +0000] - 25.404 ms localhost
GET /@fs/C:/Users/USER/Desktop/BroCampTasks/Angular_Project/frontend/.angular/cache/18.2.11/frontend/vite/deps/chunk-PF6LNL77.js.map 304 [23/Dec/2024:16:37:14 +0000] - 75.616 ms localhost
GET /@fs/C:/Users/USER/Desktop/BroCampTasks/Angular_Project/frontend/.angular/cache/18.2.11/frontend/vite/deps/chunk-FDUYSLZ7.js.map 304 [23/Dec/2024:16:37:14 +0000] - 121.713 ms localhost
GET /@fs/C:/Users/USER/Desktop/BroCampTasks/Angular_Project/frontend/.angular/cache/18.2.11/frontend/vite/deps/@angular_core.js.map 304 [23/Dec/2024:16:37:14 +0000] - 102.717 ms localhost
GET /@fs/C:/Users/USER/Desktop/BroCampTasks/Angular_Project/frontend/.angular/cache/18.2.11/frontend/vite/deps/@angular_router.js.map 304 [23/Dec/2024:16:37:14 +0000] - 114.223 ms localhost
GET /@fs/C:/Users/USER/Desktop/BroCampTasks/Angular_Project/frontend/.angular/cache/18.2.11/frontend/vite/deps/@angular_common_http.js.map 304 [23/Dec/2024:16:37:14 +0000] - 78.001 ms localhost
GET /@fs/C:/Users/USER/Desktop/BroCampTasks/Angular_Project/frontend/.angular/cache/18.2.11/frontend/vite/deps/rxjs.js.map 304 [23/Dec/2024:16:37:14 +0000] - 62.949 ms localhost
GET /@fs/C:/Users/USER/Desktop/BroCampTasks/Angular_Project/frontend/.angular/cache/18.2.11/frontend/vite/deps/@angular_common.js.map 304 [23/Dec/2024:16:37:14 +0000] - 16.656 ms localhost
GET /@fs/C:/Users/USER/Desktop/BroCampTasks/Angular_Project/frontend/.angular/cache/18.2.11/frontend/vite/deps/@angular_forms.js.map 304 [23/Dec/2024:16:37:14 +0000] - 66.826 ms localhost
GET /styles.css.map 200 [23/Dec/2024:16:37:15 +0000] - 4.313 ms localhost
GET /login.component.css.map 200 [23/Dec/2024:16:37:15 +0000] - 5.743 ms localhost
GET /favicon.ico 304 [23/Dec/2024:16:37:16 +0000] - 3.521 ms localhost
GET /login 200 [23/Dec/2024:16:37:24 +0000] - 7.571 ms localhost
GET / - [23/Dec/2024:16:37:24 +0000] - - ms localhost
GET /@vite/client 304 [23/Dec/2024:16:37:24 +0000] - 4.284 ms localhost
GET /styles.css 200 [23/Dec/2024:16:37:24 +0000] - 10.227 ms localhost
GET /polyfills.js 304 [23/Dec/2024:16:37:24 +0000] - 13.254 ms localhost
GET /main.js 304 [23/Dec/2024:16:37:24 +0000] - 7.686 ms localhost
GET /@fs/C:/Users/USER/Desktop/BroCampTasks/Angular_Project/frontend/node_modules/vite/dist/client/env.mjs 304 [23/Dec/2024:16:37:24 +0000] - 3.170 ms localhost
GET /styles.css.map 200 [23/Dec/2024:16:37:24 +0000] - 3.958 ms localhost
GET /@fs/C:/Users/USER/Desktop/BroCampTasks/Angular_Project/frontend/.angular/cache/18.2.11/frontend/vite/deps/@angular_platform-browser.js.map 304 [23/Dec/2024:16:37:24 +0000] - 16.777 ms localhost
GET /@fs/C:/Users/USER/Desktop/BroCampTasks/Angular_Project/frontend/.angular/cache/18.2.11/frontend/vite/deps/chunk-SD63G7YN.js.map 304 [23/Dec/2024:16:37:24 +0000] - 17.895 ms localhost
GET /@fs/C:/Users/USER/Desktop/BroCampTasks/Angular_Project/frontend/.angular/cache/18.2.11/frontend/vite/deps/chunk-J2M542RS.js.map 304 [23/Dec/2024:16:37:24 +0000] - 17.137 ms localhost
GET /@fs/C:/Users/USER/Desktop/BroCampTasks/Angular_Project/frontend/.angular/cache/18.2.11/frontend/vite/deps/chunk-PLMZ7O3F.js.map 304 [23/Dec/2024:16:37:24 +0000] - 22.439 ms localhost
GET /@fs/C:/Users/USER/Desktop/BroCampTasks/Angular_Project/frontend/.angular/cache/18.2.11/frontend/vite/deps/chunk-PF6LNL77.js.map 304 [23/Dec/2024:16:37:24 +0000] - 27.719 ms localhost
GET /@fs/C:/Users/USER/Desktop/BroCampTasks/Angular_Project/frontend/.angular/cache/18.2.11/frontend/vite/deps/chunk-FDUYSLZ7.js.map 304 [23/Dec/2024:16:37:24 +0000] - 72.422 ms localhost
GET /@fs/C:/Users/USER/Desktop/BroCampTasks/Angular_Project/frontend/.angular/cache/18.2.11/frontend/vite/deps/@angular_core.js.map 304 [23/Dec/2024:16:37:24 +0000] - 72.033 ms localhost
GET /@fs/C:/Users/USER/Desktop/BroCampTasks/Angular_Project/frontend/.angular/cache/18.2.11/frontend/vite/deps/@angular_common_http.js.map 304 [23/Dec/2024:16:37:24 +0000] - 73.976 ms localhost
GET /@fs/C:/Users/USER/Desktop/BroCampTasks/Angular_Project/frontend/.angular/cache/18.2.11/frontend/vite/deps/rxjs.js.map 304 [23/Dec/2024:16:37:24 +0000] - 74.938 ms localhost
GET /@fs/C:/Users/USER/Desktop/BroCampTasks/Angular_Project/frontend/.angular/cache/18.2.11/frontend/vite/deps/@angular_router.js.map 304 [23/Dec/2024:16:37:24 +0000] - 89.742 ms localhost
GET /@fs/C:/Users/USER/Desktop/BroCampTasks/Angular_Project/frontend/.angular/cache/18.2.11/frontend/vite/deps/@angular_forms.js.map 304 [23/Dec/2024:16:37:24 +0000] - 99.745 ms localhost
GET /@fs/C:/Users/USER/Desktop/BroCampTasks/Angular_Project/frontend/.angular/cache/18.2.11/frontend/vite/deps/@angular_common.js.map 304 [23/Dec/2024:16:37:25 +0000] - 240.788 ms localhost
GET /login.component.css.map 200 [23/Dec/2024:16:37:25 +0000] - 191.457 ms localhost
GET /favicon.ico 304 [23/Dec/2024:16:37:25 +0000] - 3.429 ms localhost
POST /user/login 200 [23/Dec/2024:16:37:35 +0000] - 124.897 ms localhost
GET /dashboard.component.css.map 200 [23/Dec/2024:16:37:35 +0000] - 2.189 ms localhost
GET /layout.component.css.map 200 [23/Dec/2024:16:37:35 +0000] - 3.003 ms localhost
GET /service/totalService 304 [23/Dec/2024:16:37:39 +0000] - 52.070 ms localhost
GET /service/services?pageNumber=1&pageSize=2 304 [23/Dec/2024:16:37:39 +0000] - 69.711 ms localhost
GET /[object%20File] 200 [23/Dec/2024:16:37:46 +0000] - 6.695 ms localhost
GET /[object%20File] 200 [23/Dec/2024:16:37:55 +0000] - 6.162 ms localhost
POST /service/addService 504 [23/Dec/2024:16:41:07 +0000] - 187287.971 ms localhost
GET / - [23/Dec/2024:16:41:24 +0000] - - ms localhost
GET /services 200 [23/Dec/2024:16:42:10 +0000] - 10.172 ms localhost
GET /@vite/client 304 [23/Dec/2024:16:42:10 +0000] - 6.391 ms localhost
GET /styles.css 200 [23/Dec/2024:16:42:10 +0000] - 6.528 ms localhost
GET /polyfills.js 304 [23/Dec/2024:16:42:10 +0000] - 7.208 ms localhost
GET /main.js 200 [23/Dec/2024:16:42:10 +0000] - 11.988 ms localhost
GET /@fs/C:/Users/USER/Desktop/BroCampTasks/Angular_Project/frontend/node_modules/vite/dist/client/env.mjs 304 [23/Dec/2024:16:42:10 +0000] - 4.168 ms localhost
GET /@fs/C:/Users/USER/Desktop/BroCampTasks/Angular_Project/frontend/.angular/cache/18.2.11/frontend/vite/deps/@angular_platform-browser.js.map 304 [23/Dec/2024:16:42:10 +0000] - 7.822 ms localhost
GET /@fs/C:/Users/USER/Desktop/BroCampTasks/Angular_Project/frontend/.angular/cache/18.2.11/frontend/vite/deps/chunk-J2M542RS.js.map 304 [23/Dec/2024:16:42:10 +0000] - 15.867 ms localhost
GET /@fs/C:/Users/USER/Desktop/BroCampTasks/Angular_Project/frontend/.angular/cache/18.2.11/frontend/vite/deps/chunk-SD63G7YN.js.map 304 [23/Dec/2024:16:42:10 +0000] - 20.105 ms localhost
GET /@fs/C:/Users/USER/Desktop/BroCampTasks/Angular_Project/frontend/.angular/cache/18.2.11/frontend/vite/deps/@angular_core.js.map 304 [23/Dec/2024:16:42:10 +0000] - 11.825 ms localhost
GET /@fs/C:/Users/USER/Desktop/BroCampTasks/Angular_Project/frontend/.angular/cache/18.2.11/frontend/vite/deps/chunk-PF6LNL77.js.map 304 [23/Dec/2024:16:42:10 +0000] - 30.827 ms localhost
GET /@fs/C:/Users/USER/Desktop/BroCampTasks/Angular_Project/frontend/.angular/cache/18.2.11/frontend/vite/deps/chunk-PLMZ7O3F.js.map 304 [23/Dec/2024:16:42:10 +0000] - 69.950 ms localhost
GET /@fs/C:/Users/USER/Desktop/BroCampTasks/Angular_Project/frontend/.angular/cache/18.2.11/frontend/vite/deps/@angular_router.js.map 304 [23/Dec/2024:16:42:11 +0000] - 81.543 ms localhost
GET /@fs/C:/Users/USER/Desktop/BroCampTasks/Angular_Project/frontend/.angular/cache/18.2.11/frontend/vite/deps/chunk-FDUYSLZ7.js.map 304 [23/Dec/2024:16:42:11 +0000] - 140.025 ms localhost
GET /@fs/C:/Users/USER/Desktop/BroCampTasks/Angular_Project/frontend/.angular/cache/18.2.11/frontend/vite/deps/@angular_common_http.js.map 304 [23/Dec/2024:16:42:11 +0000] - 108.778 ms localhost
GET /@fs/C:/Users/USER/Desktop/BroCampTasks/Angular_Project/frontend/.angular/cache/18.2.11/frontend/vite/deps/rxjs.js.map 304 [23/Dec/2024:16:42:11 +0000] - 79.261 ms localhost
GET /@fs/C:/Users/USER/Desktop/BroCampTasks/Angular_Project/frontend/.angular/cache/18.2.11/frontend/vite/deps/@angular_forms.js.map 304 [23/Dec/2024:16:42:11 +0000] - 77.113 ms localhost
GET /@fs/C:/Users/USER/Desktop/BroCampTasks/Angular_Project/frontend/.angular/cache/18.2.11/frontend/vite/deps/@angular_common.js.map 304 [23/Dec/2024:16:42:11 +0000] - 52.426 ms localhost
GET /login.component.css.map 200 [23/Dec/2024:16:42:11 +0000] - 3.227 ms localhost
GET /styles.css.map 200 [23/Dec/2024:16:42:11 +0000] - 5.483 ms localhost
GET /favicon.ico 304 [23/Dec/2024:16:42:11 +0000] - 3.796 ms localhost
GET /login 200 [23/Dec/2024:16:42:32 +0000] - 5.471 ms localhost
GET / - [23/Dec/2024:16:42:32 +0000] - - ms localhost
GET /@vite/client 304 [23/Dec/2024:16:42:32 +0000] - 7.891 ms localhost
GET /styles.css 200 [23/Dec/2024:16:42:32 +0000] - 8.764 ms localhost
GET /polyfills.js 304 [23/Dec/2024:16:42:32 +0000] - 12.040 ms localhost
GET /main.js 200 [23/Dec/2024:16:42:32 +0000] - 17.599 ms localhost
GET /styles.css.map 200 [23/Dec/2024:16:42:32 +0000] - 3.751 ms localhost
GET /@fs/C:/Users/USER/Desktop/BroCampTasks/Angular_Project/frontend/node_modules/vite/dist/client/env.mjs 304 [23/Dec/2024:16:42:32 +0000] - 3.249 ms localhost
GET /@fs/C:/Users/USER/Desktop/BroCampTasks/Angular_Project/frontend/.angular/cache/18.2.11/frontend/vite/deps/@angular_platform-browser.js.map 304 [23/Dec/2024:16:42:32 +0000] - 8.922 ms localhost
GET /@fs/C:/Users/USER/Desktop/BroCampTasks/Angular_Project/frontend/.angular/cache/18.2.11/frontend/vite/deps/chunk-SD63G7YN.js.map 304 [23/Dec/2024:16:42:32 +0000] - 8.738 ms localhost
GET /@fs/C:/Users/USER/Desktop/BroCampTasks/Angular_Project/frontend/.angular/cache/18.2.11/frontend/vite/deps/chunk-J2M542RS.js.map 304 [23/Dec/2024:16:42:32 +0000] - 13.779 ms localhost
GET /@fs/C:/Users/USER/Desktop/BroCampTasks/Angular_Project/frontend/.angular/cache/18.2.11/frontend/vite/deps/chunk-PLMZ7O3F.js.map 304 [23/Dec/2024:16:42:32 +0000] - 27.979 ms localhost
GET /@fs/C:/Users/USER/Desktop/BroCampTasks/Angular_Project/frontend/.angular/cache/18.2.11/frontend/vite/deps/chunk-PF6LNL77.js.map 304 [23/Dec/2024:16:42:32 +0000] - 13.418 ms localhost
GET /@fs/C:/Users/USER/Desktop/BroCampTasks/Angular_Project/frontend/.angular/cache/18.2.11/frontend/vite/deps/@angular_core.js.map 304 [23/Dec/2024:16:42:32 +0000] - 13.704 ms localhost
GET /@fs/C:/Users/USER/Desktop/BroCampTasks/Angular_Project/frontend/.angular/cache/18.2.11/frontend/vite/deps/chunk-FDUYSLZ7.js.map 304 [23/Dec/2024:16:42:32 +0000] - 71.069 ms localhost
GET /@fs/C:/Users/USER/Desktop/BroCampTasks/Angular_Project/frontend/.angular/cache/18.2.11/frontend/vite/deps/@angular_router.js.map 304 [23/Dec/2024:16:42:32 +0000] - 68.178 ms localhost
GET /@fs/C:/Users/USER/Desktop/BroCampTasks/Angular_Project/frontend/.angular/cache/18.2.11/frontend/vite/deps/@angular_common_http.js.map 304 [23/Dec/2024:16:42:32 +0000] - 62.748 ms localhost
GET /@fs/C:/Users/USER/Desktop/BroCampTasks/Angular_Project/frontend/.angular/cache/18.2.11/frontend/vite/deps/rxjs.js.map 304 [23/Dec/2024:16:42:32 +0000] - 100.841 ms localhost
GET /@fs/C:/Users/USER/Desktop/BroCampTasks/Angular_Project/frontend/.angular/cache/18.2.11/frontend/vite/deps/@angular_forms.js.map 304 [23/Dec/2024:16:42:32 +0000] - 118.770 ms localhost
GET /@fs/C:/Users/USER/Desktop/BroCampTasks/Angular_Project/frontend/.angular/cache/18.2.11/frontend/vite/deps/@angular_common.js.map 304 [23/Dec/2024:16:42:32 +0000] - 116.056 ms localhost
GET /login.component.css.map 200 [23/Dec/2024:16:42:33 +0000] - 223.124 ms localhost
GET /favicon.ico 304 [23/Dec/2024:16:42:33 +0000] - 47.682 ms localhost
POST /user/login 200 [23/Dec/2024:16:42:48 +0000] - 189.046 ms localhost
GET /layout.component.css.map 200 [23/Dec/2024:16:42:48 +0000] - 6.029 ms localhost
GET /dashboard.component.css.map 200 [23/Dec/2024:16:42:48 +0000] - 7.680 ms localhost
GET /service/totalService 304 [23/Dec/2024:16:42:52 +0000] - 80.249 ms localhost
GET /service/services?pageNumber=1&pageSize=2 304 [23/Dec/2024:16:42:52 +0000] - 105.611 ms localhost
GET /[object%20File] 200 [23/Dec/2024:16:43:00 +0000] - 6.075 ms localhost
GET /[object%20File] 200 [23/Dec/2024:16:43:08 +0000] - 7.887 ms localhost
GET / - [23/Dec/2024:16:46:32 +0000] - - ms localhost
POST /service/addService - [23/Dec/2024:18:02:28 +0000] - - ms localhost
GET /services 200 [23/Dec/2024:18:10:18 +0000] - 161.543 ms localhost
GET /@vite/client 304 [23/Dec/2024:18:10:19 +0000] - 401.479 ms localhost
GET /styles.css 200 [23/Dec/2024:18:10:19 +0000] - 405.390 ms localhost
GET /polyfills.js 304 [23/Dec/2024:18:10:19 +0000] - 409.155 ms localhost
GET /main.js 200 [23/Dec/2024:18:10:19 +0000] - 433.688 ms localhost
GET /@fs/C:/Users/USER/Desktop/BroCampTasks/Angular_Project/frontend/node_modules/vite/dist/client/env.mjs 304 [23/Dec/2024:18:10:19 +0000] - 2.252 ms localhost
GET /styles.css.map 200 [23/Dec/2024:18:10:19 +0000] - 7.570 ms localhost
GET /@fs/C:/Users/USER/Desktop/BroCampTasks/Angular_Project/frontend/.angular/cache/18.2.11/frontend/vite/deps/@angular_platform-browser.js.map 304 [23/Dec/2024:18:10:20 +0000] - 33.793 ms localhost
GET /@fs/C:/Users/USER/Desktop/BroCampTasks/Angular_Project/frontend/.angular/cache/18.2.11/frontend/vite/deps/chunk-J2M542RS.js.map 304 [23/Dec/2024:18:10:20 +0000] - 40.486 ms localhost
GET /@fs/C:/Users/USER/Desktop/BroCampTasks/Angular_Project/frontend/.angular/cache/18.2.11/frontend/vite/deps/chunk-SD63G7YN.js.map 304 [23/Dec/2024:18:10:20 +0000] - 50.637 ms localhost
GET /@fs/C:/Users/USER/Desktop/BroCampTasks/Angular_Project/frontend/.angular/cache/18.2.11/frontend/vite/deps/chunk-PLMZ7O3F.js.map 304 [23/Dec/2024:18:10:20 +0000] - 122.567 ms localhost
GET /@fs/C:/Users/USER/Desktop/BroCampTasks/Angular_Project/frontend/.angular/cache/18.2.11/frontend/vite/deps/chunk-PF6LNL77.js.map 304 [23/Dec/2024:18:10:20 +0000] - 157.242 ms localhost
GET /@fs/C:/Users/USER/Desktop/BroCampTasks/Angular_Project/frontend/.angular/cache/18.2.11/frontend/vite/deps/@angular_core.js.map 304 [23/Dec/2024:18:10:20 +0000] - 168.879 ms localhost
GET /@fs/C:/Users/USER/Desktop/BroCampTasks/Angular_Project/frontend/.angular/cache/18.2.11/frontend/vite/deps/chunk-FDUYSLZ7.js.map 304 [23/Dec/2024:18:10:21 +0000] - 259.030 ms localhost
GET /@fs/C:/Users/USER/Desktop/BroCampTasks/Angular_Project/frontend/.angular/cache/18.2.11/frontend/vite/deps/@angular_common_http.js.map 304 [23/Dec/2024:18:10:21 +0000] - 228.527 ms localhost
GET /@fs/C:/Users/USER/Desktop/BroCampTasks/Angular_Project/frontend/.angular/cache/18.2.11/frontend/vite/deps/rxjs.js.map 304 [23/Dec/2024:18:10:21 +0000] - 162.315 ms localhost
GET /@fs/C:/Users/USER/Desktop/BroCampTasks/Angular_Project/frontend/.angular/cache/18.2.11/frontend/vite/deps/@angular_router.js.map 304 [23/Dec/2024:18:10:21 +0000] - 248.290 ms localhost
GET /@fs/C:/Users/USER/Desktop/BroCampTasks/Angular_Project/frontend/.angular/cache/18.2.11/frontend/vite/deps/@angular_forms.js.map 304 [23/Dec/2024:18:10:21 +0000] - 137.603 ms localhost
GET /@fs/C:/Users/USER/Desktop/BroCampTasks/Angular_Project/frontend/.angular/cache/18.2.11/frontend/vite/deps/@angular_common.js.map 304 [23/Dec/2024:18:10:21 +0000] - 104.108 ms localhost
GET /login.component.css.map 200 [23/Dec/2024:18:10:21 +0000] - 3.214 ms localhost
GET /favicon.ico 304 [23/Dec/2024:18:10:21 +0000] - 3.793 ms localhost
GET / - [23/Dec/2024:18:14:19 +0000] - - ms localhost
