GET /services 200 [24/Dec/2024:18:41:36 +0000] - 48.289 ms localhost
GET /@vite/client 304 [24/Dec/2024:18:41:36 +0000] - 10.141 ms localhost
GET /styles.css 200 [24/Dec/2024:18:41:36 +0000] - 10.547 ms localhost
GET /polyfills.js 304 [24/Dec/2024:18:41:36 +0000] - 7.141 ms localhost
GET /main.js 304 [24/Dec/2024:18:41:36 +0000] - 4.656 ms localhost
GET /styles.css.map 200 [24/Dec/2024:18:41:36 +0000] - 2.632 ms localhost
GET /@fs/C:/Users/USER/Desktop/BroCampTasks/Angular_Project/frontend/node_modules/vite/dist/client/env.mjs 304 [24/Dec/2024:18:41:36 +0000] - 2.780 ms localhost
GET /@fs/C:/Users/USER/Desktop/BroCampTasks/Angular_Project/frontend/.angular/cache/18.2.11/frontend/vite/deps/@angular_platform-browser.js.map 304 [24/Dec/2024:18:41:37 +0000] - 5.766 ms localhost
GET /@fs/C:/Users/USER/Desktop/BroCampTasks/Angular_Project/frontend/.angular/cache/18.2.11/frontend/vite/deps/chunk-SD63G7YN.js.map 304 [24/Dec/2024:18:41:37 +0000] - 8.472 ms localhost
GET /@fs/C:/Users/USER/Desktop/BroCampTasks/Angular_Project/frontend/.angular/cache/18.2.11/frontend/vite/deps/chunk-J2M542RS.js.map 304 [24/Dec/2024:18:41:37 +0000] - 10.979 ms localhost
GET /@fs/C:/Users/USER/Desktop/BroCampTasks/Angular_Project/frontend/.angular/cache/18.2.11/frontend/vite/deps/chunk-PLMZ7O3F.js.map 304 [24/Dec/2024:18:41:38 +0000] - 65.032 ms localhost
GET /@fs/C:/Users/USER/Desktop/BroCampTasks/Angular_Project/frontend/.angular/cache/18.2.11/frontend/vite/deps/@angular_core.js.map 304 [24/Dec/2024:18:41:38 +0000] - 72.870 ms localhost
GET /@fs/C:/Users/USER/Desktop/BroCampTasks/Angular_Project/frontend/.angular/cache/18.2.11/frontend/vite/deps/@angular_common_http.js.map 304 [24/Dec/2024:18:41:38 +0000] - 66.185 ms localhost
GET /@fs/C:/Users/USER/Desktop/BroCampTasks/Angular_Project/frontend/.angular/cache/18.2.11/frontend/vite/deps/chunk-PF6LNL77.js.map 304 [24/Dec/2024:18:41:38 +0000] - 88.772 ms localhost
GET /@fs/C:/Users/USER/Desktop/BroCampTasks/Angular_Project/frontend/.angular/cache/18.2.11/frontend/vite/deps/@angular_router.js.map 304 [24/Dec/2024:18:41:38 +0000] - 87.093 ms localhost
GET /@fs/C:/Users/USER/Desktop/BroCampTasks/Angular_Project/frontend/.angular/cache/18.2.11/frontend/vite/deps/rxjs.js.map 304 [24/Dec/2024:18:41:38 +0000] - 75.860 ms localhost
GET /@fs/C:/Users/USER/Desktop/BroCampTasks/Angular_Project/frontend/.angular/cache/18.2.11/frontend/vite/deps/chunk-FDUYSLZ7.js.map 304 [24/Dec/2024:18:41:38 +0000] - 196.650 ms localhost
GET /@fs/C:/Users/USER/Desktop/BroCampTasks/Angular_Project/frontend/.angular/cache/18.2.11/frontend/vite/deps/@angular_common.js.map 304 [24/Dec/2024:18:41:38 +0000] - 100.592 ms localhost
GET /@fs/C:/Users/USER/Desktop/BroCampTasks/Angular_Project/frontend/.angular/cache/18.2.11/frontend/vite/deps/@angular_forms.js.map 304 [24/Dec/2024:18:41:38 +0000] - 109.217 ms localhost
GET /login.component.css.map 200 [24/Dec/2024:18:41:44 +0000] - 4.137 ms localhost
GET /favicon.ico 304 [24/Dec/2024:18:41:44 +0000] - 5.000 ms localhost
GET / - [24/Dec/2024:18:42:16 +0000] - - ms localhost
GET /login 200 [25/Dec/2024:13:31:25 +0000] - 93.508 ms localhost
GET /@vite/client 304 [25/Dec/2024:13:31:26 +0000] - 18.680 ms localhost
GET /polyfills.js 304 [25/Dec/2024:13:31:26 +0000] - 9.860 ms localhost
GET /main.js 200 [25/Dec/2024:13:31:26 +0000] - 41.229 ms localhost
GET /styles.css 200 [25/Dec/2024:13:31:26 +0000] - 65.940 ms localhost
GET /@fs/C:/Users/USER/Desktop/BroCampTasks/Angular_Project/frontend/node_modules/vite/dist/client/env.mjs 304 [25/Dec/2024:13:31:26 +0000] - 3.326 ms localhost
GET /styles.css.map 200 [25/Dec/2024:13:31:26 +0000] - 21.844 ms localhost
GET /@fs/C:/Users/USER/Desktop/BroCampTasks/Angular_Project/frontend/.angular/cache/18.2.11/frontend/vite/deps/@angular_platform-browser.js.map 304 [25/Dec/2024:13:31:27 +0000] - 327.364 ms localhost
GET /@fs/C:/Users/USER/Desktop/BroCampTasks/Angular_Project/frontend/.angular/cache/18.2.11/frontend/vite/deps/@angular_core.js.map 304 [25/Dec/2024:13:31:27 +0000] - 324.950 ms localhost
GET /@fs/C:/Users/USER/Desktop/BroCampTasks/Angular_Project/frontend/.angular/cache/18.2.11/frontend/vite/deps/chunk-SD63G7YN.js.map 304 [25/Dec/2024:13:31:27 +0000] - 506.094 ms localhost
GET /@fs/C:/Users/USER/Desktop/BroCampTasks/Angular_Project/frontend/.angular/cache/18.2.11/frontend/vite/deps/chunk-FDUYSLZ7.js.map 304 [25/Dec/2024:13:31:27 +0000] - 557.144 ms localhost
GET /@fs/C:/Users/USER/Desktop/BroCampTasks/Angular_Project/frontend/.angular/cache/18.2.11/frontend/vite/deps/@angular_forms.js.map 304 [25/Dec/2024:13:31:27 +0000] - 548.326 ms localhost
GET /@fs/C:/Users/USER/Desktop/BroCampTasks/Angular_Project/frontend/.angular/cache/18.2.11/frontend/vite/deps/@angular_router.js.map 304 [25/Dec/2024:13:31:27 +0000] - 921.728 ms localhost
GET /favicon.ico 304 [25/Dec/2024:13:31:27 +0000] - 142.470 ms localhost
GET /@fs/C:/Users/USER/Desktop/BroCampTasks/Angular_Project/frontend/.angular/cache/18.2.11/frontend/vite/deps/@angular_common_http.js.map 304 [25/Dec/2024:13:31:27 +0000] - 94.198 ms localhost
GET /@fs/C:/Users/USER/Desktop/BroCampTasks/Angular_Project/frontend/.angular/cache/18.2.11/frontend/vite/deps/chunk-PF6LNL77.js.map 304 [25/Dec/2024:13:31:27 +0000] - 96.148 ms localhost
GET /@fs/C:/Users/USER/Desktop/BroCampTasks/Angular_Project/frontend/.angular/cache/18.2.11/frontend/vite/deps/chunk-J2M542RS.js.map 304 [25/Dec/2024:13:31:27 +0000] - 235.631 ms localhost
GET /@fs/C:/Users/USER/Desktop/BroCampTasks/Angular_Project/frontend/.angular/cache/18.2.11/frontend/vite/deps/chunk-PLMZ7O3F.js.map 304 [25/Dec/2024:13:31:27 +0000] - 234.751 ms localhost
GET /@fs/C:/Users/USER/Desktop/BroCampTasks/Angular_Project/frontend/.angular/cache/18.2.11/frontend/vite/deps/rxjs.js.map 304 [25/Dec/2024:13:31:27 +0000] - 69.589 ms localhost
GET /login.component.css.map 200 [25/Dec/2024:13:31:27 +0000] - 11.951 ms localhost
GET /@fs/C:/Users/USER/Desktop/BroCampTasks/Angular_Project/frontend/.angular/cache/18.2.11/frontend/vite/deps/@angular_common.js.map 304 [25/Dec/2024:13:31:27 +0000] - 21.026 ms localhost
GET /login 200 [25/Dec/2024:13:31:32 +0000] - 9.271 ms localhost
GET / - [25/Dec/2024:13:31:32 +0000] - - ms localhost
GET /@vite/client 304 [25/Dec/2024:13:31:32 +0000] - 8.407 ms localhost
GET /styles.css 200 [25/Dec/2024:13:31:32 +0000] - 15.184 ms localhost
GET /polyfills.js 304 [25/Dec/2024:13:31:32 +0000] - 17.190 ms localhost
GET /main.js 304 [25/Dec/2024:13:31:32 +0000] - 17.047 ms localhost
GET /@fs/C:/Users/USER/Desktop/BroCampTasks/Angular_Project/frontend/node_modules/vite/dist/client/env.mjs 304 [25/Dec/2024:13:31:32 +0000] - 4.994 ms localhost
GET /styles.css.map 200 [25/Dec/2024:13:31:32 +0000] - 5.907 ms localhost
GET /@fs/C:/Users/USER/Desktop/BroCampTasks/Angular_Project/frontend/.angular/cache/18.2.11/frontend/vite/deps/@angular_platform-browser.js.map 304 [25/Dec/2024:13:31:33 +0000] - 66.062 ms localhost
GET /@fs/C:/Users/USER/Desktop/BroCampTasks/Angular_Project/frontend/.angular/cache/18.2.11/frontend/vite/deps/chunk-SD63G7YN.js.map 304 [25/Dec/2024:13:31:33 +0000] - 70.317 ms localhost
GET /@fs/C:/Users/USER/Desktop/BroCampTasks/Angular_Project/frontend/.angular/cache/18.2.11/frontend/vite/deps/chunk-J2M542RS.js.map 304 [25/Dec/2024:13:31:33 +0000] - 72.673 ms localhost
GET /@fs/C:/Users/USER/Desktop/BroCampTasks/Angular_Project/frontend/.angular/cache/18.2.11/frontend/vite/deps/chunk-PLMZ7O3F.js.map 304 [25/Dec/2024:13:31:33 +0000] - 79.558 ms localhost
GET /@fs/C:/Users/USER/Desktop/BroCampTasks/Angular_Project/frontend/.angular/cache/18.2.11/frontend/vite/deps/chunk-PF6LNL77.js.map 304 [25/Dec/2024:13:31:33 +0000] - 86.233 ms localhost
GET /@fs/C:/Users/USER/Desktop/BroCampTasks/Angular_Project/frontend/.angular/cache/18.2.11/frontend/vite/deps/chunk-FDUYSLZ7.js.map 304 [25/Dec/2024:13:31:33 +0000] - 182.449 ms localhost
GET /@fs/C:/Users/USER/Desktop/BroCampTasks/Angular_Project/frontend/.angular/cache/18.2.11/frontend/vite/deps/@angular_core.js.map 304 [25/Dec/2024:13:31:33 +0000] - 96.872 ms localhost
GET /@fs/C:/Users/USER/Desktop/BroCampTasks/Angular_Project/frontend/.angular/cache/18.2.11/frontend/vite/deps/@angular_router.js.map 304 [25/Dec/2024:13:31:33 +0000] - 110.259 ms localhost
GET /@fs/C:/Users/USER/Desktop/BroCampTasks/Angular_Project/frontend/.angular/cache/18.2.11/frontend/vite/deps/@angular_common_http.js.map 304 [25/Dec/2024:13:31:33 +0000] - 113.273 ms localhost
GET /@fs/C:/Users/USER/Desktop/BroCampTasks/Angular_Project/frontend/.angular/cache/18.2.11/frontend/vite/deps/rxjs.js.map 304 [25/Dec/2024:13:31:33 +0000] - 114.445 ms localhost
GET /@fs/C:/Users/USER/Desktop/BroCampTasks/Angular_Project/frontend/.angular/cache/18.2.11/frontend/vite/deps/@angular_forms.js.map 304 [25/Dec/2024:13:31:33 +0000] - 119.622 ms localhost
GET /login.component.css.map 200 [25/Dec/2024:13:31:33 +0000] - 33.411 ms localhost
GET /@fs/C:/Users/USER/Desktop/BroCampTasks/Angular_Project/frontend/.angular/cache/18.2.11/frontend/vite/deps/@angular_common.js.map 304 [25/Dec/2024:13:31:33 +0000] - 54.812 ms localhost
GET /favicon.ico 304 [25/Dec/2024:13:31:33 +0000] - 7.191 ms localhost
POST /user/login 200 [25/Dec/2024:13:31:49 +0000] - 585.433 ms localhost
GET /layout.component.css.map 200 [25/Dec/2024:13:31:49 +0000] - 8.494 ms localhost
GET /dashboard.component.css.map 200 [25/Dec/2024:13:31:49 +0000] - 7.051 ms localhost
GET /service/totalService 304 [25/Dec/2024:13:31:57 +0000] - 252.399 ms localhost
GET /service/services?pageNumber=1&pageSize=2 304 [25/Dec/2024:13:31:57 +0000] - 222.484 ms localhost
GET /service/services?pageNumber=3&pageSize=2 304 [25/Dec/2024:13:31:59 +0000] - 66.455 ms localhost
GET /service/service/676a9d9ca6c3f4031a3d4335 304 [25/Dec/2024:13:32:03 +0000] - 45.367 ms localhost
GET /service/delete/676a9d9ca6c3f4031a3d4335 401 [25/Dec/2024:13:32:54 +0000] - 15.264 ms localhost
GET /user/refreshToken 200 [25/Dec/2024:13:32:55 +0000] - 30.619 ms localhost
GET /service/delete/676a9d9ca6c3f4031a3d4335 200 [25/Dec/2024:13:32:55 +0000] - 54.861 ms localhost
GET /service/totalService 200 [25/Dec/2024:13:32:55 +0000] - 43.582 ms localhost
GET /service/services?pageNumber=3&pageSize=2 200 [25/Dec/2024:13:32:55 +0000] - 29.775 ms localhost
GET /service/services?pageNumber=2&pageSize=2 304 [25/Dec/2024:13:32:58 +0000] - 56.308 ms localhost
GET /service/services?pageNumber=1&pageSize=2 304 [25/Dec/2024:13:33:00 +0000] - 45.441 ms localhost
GET /service/services?pageNumber=2&pageSize=2 304 [25/Dec/2024:13:33:02 +0000] - 49.808 ms localhost
GET /service/services?pageNumber=1&pageSize=2 304 [25/Dec/2024:13:33:09 +0000] - 64.197 ms localhost
GET / - [25/Dec/2024:13:35:32 +0000] - - ms localhost
GET /services 200 [25/Dec/2024:13:37:50 +0000] - 12.503 ms localhost
GET /@vite/client 304 [25/Dec/2024:13:37:51 +0000] - 5.773 ms localhost
GET /styles.css 200 [25/Dec/2024:13:37:51 +0000] - 5.665 ms localhost
GET /polyfills.js 304 [25/Dec/2024:13:37:51 +0000] - 7.136 ms localhost
GET /main.js 200 [25/Dec/2024:13:37:51 +0000] - 9.413 ms localhost
GET /@fs/C:/Users/USER/Desktop/BroCampTasks/Angular_Project/frontend/node_modules/vite/dist/client/env.mjs 304 [25/Dec/2024:13:37:51 +0000] - 3.110 ms localhost
GET /styles.css.map 200 [25/Dec/2024:13:37:51 +0000] - 3.264 ms localhost
GET /@fs/C:/Users/USER/Desktop/BroCampTasks/Angular_Project/frontend/.angular/cache/18.2.11/frontend/vite/deps/@angular_platform-browser.js.map 304 [25/Dec/2024:13:37:52 +0000] - 9.370 ms localhost
GET /@fs/C:/Users/USER/Desktop/BroCampTasks/Angular_Project/frontend/.angular/cache/18.2.11/frontend/vite/deps/chunk-SD63G7YN.js.map 304 [25/Dec/2024:13:37:52 +0000] - 13.089 ms localhost
GET /@fs/C:/Users/USER/Desktop/BroCampTasks/Angular_Project/frontend/.angular/cache/18.2.11/frontend/vite/deps/chunk-J2M542RS.js.map 304 [25/Dec/2024:13:37:52 +0000] - 18.683 ms localhost
GET /@fs/C:/Users/USER/Desktop/BroCampTasks/Angular_Project/frontend/.angular/cache/18.2.11/frontend/vite/deps/chunk-PF6LNL77.js.map 304 [25/Dec/2024:13:37:52 +0000] - 22.854 ms localhost
GET /@fs/C:/Users/USER/Desktop/BroCampTasks/Angular_Project/frontend/.angular/cache/18.2.11/frontend/vite/deps/chunk-PLMZ7O3F.js.map 304 [25/Dec/2024:13:37:52 +0000] - 66.409 ms localhost
GET /@fs/C:/Users/USER/Desktop/BroCampTasks/Angular_Project/frontend/.angular/cache/18.2.11/frontend/vite/deps/chunk-FDUYSLZ7.js.map 304 [25/Dec/2024:13:37:52 +0000] - 105.846 ms localhost
GET /@fs/C:/Users/USER/Desktop/BroCampTasks/Angular_Project/frontend/.angular/cache/18.2.11/frontend/vite/deps/@angular_core.js.map 304 [25/Dec/2024:13:37:52 +0000] - 97.579 ms localhost
GET /@fs/C:/Users/USER/Desktop/BroCampTasks/Angular_Project/frontend/.angular/cache/18.2.11/frontend/vite/deps/@angular_router.js.map 304 [25/Dec/2024:13:37:52 +0000] - 11.648 ms localhost
GET /@fs/C:/Users/USER/Desktop/BroCampTasks/Angular_Project/frontend/.angular/cache/18.2.11/frontend/vite/deps/@angular_common_http.js.map 304 [25/Dec/2024:13:37:52 +0000] - 11.389 ms localhost
GET /@fs/C:/Users/USER/Desktop/BroCampTasks/Angular_Project/frontend/.angular/cache/18.2.11/frontend/vite/deps/rxjs.js.map 304 [25/Dec/2024:13:37:52 +0000] - 11.267 ms localhost
GET /@fs/C:/Users/USER/Desktop/BroCampTasks/Angular_Project/frontend/.angular/cache/18.2.11/frontend/vite/deps/@angular_forms.js.map 304 [25/Dec/2024:13:37:52 +0000] - 14.751 ms localhost
GET /@fs/C:/Users/USER/Desktop/BroCampTasks/Angular_Project/frontend/.angular/cache/18.2.11/frontend/vite/deps/@angular_common.js.map 304 [25/Dec/2024:13:37:52 +0000] - 13.801 ms localhost
GET /login.component.css.map 200 [25/Dec/2024:13:37:52 +0000] - 2.308 ms localhost
GET /favicon.ico 304 [25/Dec/2024:13:37:53 +0000] - 3.382 ms localhost
GET /login 200 [25/Dec/2024:13:41:31 +0000] - 11.191 ms localhost
GET / - [25/Dec/2024:13:41:31 +0000] - - ms localhost
GET /@vite/client 304 [25/Dec/2024:13:41:31 +0000] - 8.408 ms localhost
GET /styles.css 200 [25/Dec/2024:13:41:31 +0000] - 5.556 ms localhost
GET /polyfills.js 304 [25/Dec/2024:13:41:31 +0000] - 8.044 ms localhost
GET /main.js 200 [25/Dec/2024:13:41:31 +0000] - 11.706 ms localhost
GET /styles.css.map 200 [25/Dec/2024:13:41:31 +0000] - 3.172 ms localhost
GET /@fs/C:/Users/USER/Desktop/BroCampTasks/Angular_Project/frontend/node_modules/vite/dist/client/env.mjs 304 [25/Dec/2024:13:41:31 +0000] - 3.093 ms localhost
GET /@fs/C:/Users/USER/Desktop/BroCampTasks/Angular_Project/frontend/.angular/cache/18.2.11/frontend/vite/deps/@angular_platform-browser.js.map 304 [25/Dec/2024:13:41:32 +0000] - 8.891 ms localhost
GET /@fs/C:/Users/USER/Desktop/BroCampTasks/Angular_Project/frontend/.angular/cache/18.2.11/frontend/vite/deps/chunk-SD63G7YN.js.map 304 [25/Dec/2024:13:41:32 +0000] - 20.764 ms localhost
GET /@fs/C:/Users/USER/Desktop/BroCampTasks/Angular_Project/frontend/.angular/cache/18.2.11/frontend/vite/deps/chunk-J2M542RS.js.map 304 [25/Dec/2024:13:41:32 +0000] - 23.633 ms localhost
GET /@fs/C:/Users/USER/Desktop/BroCampTasks/Angular_Project/frontend/.angular/cache/18.2.11/frontend/vite/deps/chunk-PLMZ7O3F.js.map 304 [25/Dec/2024:13:41:32 +0000] - 28.251 ms localhost
GET /@fs/C:/Users/USER/Desktop/BroCampTasks/Angular_Project/frontend/.angular/cache/18.2.11/frontend/vite/deps/chunk-PF6LNL77.js.map 304 [25/Dec/2024:13:41:32 +0000] - 32.565 ms localhost
GET /@fs/C:/Users/USER/Desktop/BroCampTasks/Angular_Project/frontend/.angular/cache/18.2.11/frontend/vite/deps/@angular_core.js.map 304 [25/Dec/2024:13:41:32 +0000] - 34.182 ms localhost
GET /@fs/C:/Users/USER/Desktop/BroCampTasks/Angular_Project/frontend/.angular/cache/18.2.11/frontend/vite/deps/chunk-FDUYSLZ7.js.map 304 [25/Dec/2024:13:41:32 +0000] - 188.409 ms localhost
GET /@fs/C:/Users/USER/Desktop/BroCampTasks/Angular_Project/frontend/.angular/cache/18.2.11/frontend/vite/deps/@angular_common_http.js.map 304 [25/Dec/2024:13:41:32 +0000] - 99.977 ms localhost
GET /@fs/C:/Users/USER/Desktop/BroCampTasks/Angular_Project/frontend/.angular/cache/18.2.11/frontend/vite/deps/@angular_router.js.map 304 [25/Dec/2024:13:41:32 +0000] - 155.849 ms localhost
GET /@fs/C:/Users/USER/Desktop/BroCampTasks/Angular_Project/frontend/.angular/cache/18.2.11/frontend/vite/deps/rxjs.js.map 304 [25/Dec/2024:13:41:32 +0000] - 150.480 ms localhost
GET /@fs/C:/Users/USER/Desktop/BroCampTasks/Angular_Project/frontend/.angular/cache/18.2.11/frontend/vite/deps/@angular_forms.js.map 304 [25/Dec/2024:13:41:32 +0000] - 162.880 ms localhost
GET /@fs/C:/Users/USER/Desktop/BroCampTasks/Angular_Project/frontend/.angular/cache/18.2.11/frontend/vite/deps/@angular_common.js.map 304 [25/Dec/2024:13:41:32 +0000] - 161.652 ms localhost
GET /login.component.css.map 200 [25/Dec/2024:13:41:32 +0000] - 21.138 ms localhost
GET /favicon.ico 304 [25/Dec/2024:13:41:32 +0000] - 3.563 ms localhost
POST /user/login 200 [25/Dec/2024:13:41:43 +0000] - 306.165 ms localhost
GET /dashboard.component.css.map 200 [25/Dec/2024:13:41:43 +0000] - 4.186 ms localhost
GET /layout.component.css.map 200 [25/Dec/2024:13:41:43 +0000] - 7.068 ms localhost
GET /service/totalService 304 [25/Dec/2024:13:41:47 +0000] - 64.762 ms localhost
GET /service/services?pageNumber=1&pageSize=2 304 [25/Dec/2024:13:41:47 +0000] - 76.256 ms localhost
GET /service/uploads/null 404 [25/Dec/2024:13:41:47 +0000] - 61.957 ms localhost
POST /service/addService 200 [25/Dec/2024:13:42:37 +0000] - 182.287 ms localhost
GET /service/totalService 200 [25/Dec/2024:13:42:37 +0000] - 140.774 ms localhost
GET /service/services?pageNumber=1&pageSize=2 304 [25/Dec/2024:13:42:37 +0000] - 122.677 ms localhost
GET /service/uploads/null 404 [25/Dec/2024:13:42:37 +0000] - 87.514 ms localhost
GET /service/services?pageNumber=3&pageSize=2 200 [25/Dec/2024:13:42:40 +0000] - 105.349 ms localhost
GET /service/service/676c0bcda6c3f4031a3d4428 401 [25/Dec/2024:13:42:46 +0000] - 92.721 ms localhost
GET /user/refreshToken 304 [25/Dec/2024:13:42:46 +0000] - 34.637 ms localhost
GET /service/service/676c0bcda6c3f4031a3d4428 200 [25/Dec/2024:13:42:46 +0000] - 52.360 ms localhost
GET /service/uploads/1735134157646_artifitial%20decor.webp 200 [25/Dec/2024:13:42:46 +0000] - 139.980 ms localhost
GET /service/uploads/1735134157657_natural%20decor.jpg 200 [25/Dec/2024:13:42:46 +0000] - 98.895 ms localhost
POST /service/edit/676c0bcda6c3f4031a3d4428 200 [25/Dec/2024:13:42:58 +0000] - 45.463 ms localhost
GET /service/totalService 304 [25/Dec/2024:13:42:58 +0000] - 101.095 ms localhost
GET /service/services?pageNumber=3&pageSize=2 200 [25/Dec/2024:13:42:58 +0000] - 87.273 ms localhost
GET /service/uploads/null 404 [25/Dec/2024:13:42:58 +0000] - 63.601 ms localhost
GET /service/service/676c0bcda6c3f4031a3d4428 200 [25/Dec/2024:13:43:20 +0000] - 88.665 ms localhost
GET / - [25/Dec/2024:13:45:31 +0000] - - ms localhost
GET /services 200 [25/Dec/2024:13:46:56 +0000] - 8.253 ms localhost
GET /@vite/client 304 [25/Dec/2024:13:46:57 +0000] - 5.510 ms localhost
GET /styles.css 200 [25/Dec/2024:13:46:57 +0000] - 5.726 ms localhost
GET /polyfills.js 304 [25/Dec/2024:13:46:57 +0000] - 3.451 ms localhost
GET /main.js 200 [25/Dec/2024:13:46:57 +0000] - 8.986 ms localhost
GET /@fs/C:/Users/USER/Desktop/BroCampTasks/Angular_Project/frontend/node_modules/vite/dist/client/env.mjs 304 [25/Dec/2024:13:46:57 +0000] - 2.638 ms localhost
GET /styles.css.map 200 [25/Dec/2024:13:46:57 +0000] - 2.800 ms localhost
GET /@fs/C:/Users/USER/Desktop/BroCampTasks/Angular_Project/frontend/.angular/cache/18.2.11/frontend/vite/deps/@angular_platform-browser.js.map 304 [25/Dec/2024:13:46:58 +0000] - 7.801 ms localhost
GET /@fs/C:/Users/USER/Desktop/BroCampTasks/Angular_Project/frontend/.angular/cache/18.2.11/frontend/vite/deps/chunk-SD63G7YN.js.map 304 [25/Dec/2024:13:46:58 +0000] - 24.457 ms localhost
GET /@fs/C:/Users/USER/Desktop/BroCampTasks/Angular_Project/frontend/.angular/cache/18.2.11/frontend/vite/deps/chunk-PLMZ7O3F.js.map 304 [25/Dec/2024:13:46:58 +0000] - 27.001 ms localhost
GET /@fs/C:/Users/USER/Desktop/BroCampTasks/Angular_Project/frontend/.angular/cache/18.2.11/frontend/vite/deps/@angular_core.js.map 304 [25/Dec/2024:13:46:58 +0000] - 24.119 ms localhost
GET /@fs/C:/Users/USER/Desktop/BroCampTasks/Angular_Project/frontend/.angular/cache/18.2.11/frontend/vite/deps/chunk-J2M542RS.js.map 304 [25/Dec/2024:13:46:58 +0000] - 33.917 ms localhost
GET /@fs/C:/Users/USER/Desktop/BroCampTasks/Angular_Project/frontend/.angular/cache/18.2.11/frontend/vite/deps/chunk-PF6LNL77.js.map 304 [25/Dec/2024:13:46:58 +0000] - 32.932 ms localhost
GET /@fs/C:/Users/USER/Desktop/BroCampTasks/Angular_Project/frontend/.angular/cache/18.2.11/frontend/vite/deps/chunk-FDUYSLZ7.js.map 304 [25/Dec/2024:13:46:58 +0000] - 104.100 ms localhost
GET /@fs/C:/Users/USER/Desktop/BroCampTasks/Angular_Project/frontend/.angular/cache/18.2.11/frontend/vite/deps/@angular_router.js.map 304 [25/Dec/2024:13:46:58 +0000] - 91.649 ms localhost
GET /@fs/C:/Users/USER/Desktop/BroCampTasks/Angular_Project/frontend/.angular/cache/18.2.11/frontend/vite/deps/@angular_common_http.js.map 304 [25/Dec/2024:13:46:58 +0000] - 87.825 ms localhost
GET /@fs/C:/Users/USER/Desktop/BroCampTasks/Angular_Project/frontend/.angular/cache/18.2.11/frontend/vite/deps/rxjs.js.map 304 [25/Dec/2024:13:46:58 +0000] - 79.751 ms localhost
GET /@fs/C:/Users/USER/Desktop/BroCampTasks/Angular_Project/frontend/.angular/cache/18.2.11/frontend/vite/deps/@angular_forms.js.map 304 [25/Dec/2024:13:46:58 +0000] - 97.311 ms localhost
GET /@fs/C:/Users/USER/Desktop/BroCampTasks/Angular_Project/frontend/.angular/cache/18.2.11/frontend/vite/deps/@angular_common.js.map 304 [25/Dec/2024:13:46:58 +0000] - 97.866 ms localhost
GET /login.component.css.map 200 [25/Dec/2024:13:46:59 +0000] - 2.596 ms localhost
GET /favicon.ico 304 [25/Dec/2024:13:46:59 +0000] - 4.015 ms localhost
GET /login 200 [25/Dec/2024:13:50:07 +0000] - 12.869 ms localhost
GET / - [25/Dec/2024:13:50:07 +0000] - - ms localhost
GET /@vite/client 304 [25/Dec/2024:13:50:07 +0000] - 5.213 ms localhost
GET /styles.css 200 [25/Dec/2024:13:50:07 +0000] - 10.866 ms localhost
GET /polyfills.js 304 [25/Dec/2024:13:50:07 +0000] - 10.232 ms localhost
GET /main.js 200 [25/Dec/2024:13:50:07 +0000] - 11.500 ms localhost
GET /styles.css.map 200 [25/Dec/2024:13:50:07 +0000] - 6.066 ms localhost
GET /@fs/C:/Users/USER/Desktop/BroCampTasks/Angular_Project/frontend/node_modules/vite/dist/client/env.mjs 304 [25/Dec/2024:13:50:07 +0000] - 3.005 ms localhost
GET /@fs/C:/Users/USER/Desktop/BroCampTasks/Angular_Project/frontend/.angular/cache/18.2.11/frontend/vite/deps/@angular_platform-browser.js.map 304 [25/Dec/2024:13:50:07 +0000] - 9.755 ms localhost
GET /@fs/C:/Users/USER/Desktop/BroCampTasks/Angular_Project/frontend/.angular/cache/18.2.11/frontend/vite/deps/chunk-SD63G7YN.js.map 304 [25/Dec/2024:13:50:07 +0000] - 23.630 ms localhost
GET /@fs/C:/Users/USER/Desktop/BroCampTasks/Angular_Project/frontend/.angular/cache/18.2.11/frontend/vite/deps/chunk-J2M542RS.js.map 304 [25/Dec/2024:13:50:07 +0000] - 26.415 ms localhost
GET /@fs/C:/Users/USER/Desktop/BroCampTasks/Angular_Project/frontend/.angular/cache/18.2.11/frontend/vite/deps/chunk-PLMZ7O3F.js.map 304 [25/Dec/2024:13:50:07 +0000] - 37.810 ms localhost
GET /@fs/C:/Users/USER/Desktop/BroCampTasks/Angular_Project/frontend/.angular/cache/18.2.11/frontend/vite/deps/chunk-PF6LNL77.js.map 304 [25/Dec/2024:13:50:07 +0000] - 40.612 ms localhost
GET /@fs/C:/Users/USER/Desktop/BroCampTasks/Angular_Project/frontend/.angular/cache/18.2.11/frontend/vite/deps/@angular_core.js.map 304 [25/Dec/2024:13:50:07 +0000] - 72.739 ms localhost
GET /@fs/C:/Users/USER/Desktop/BroCampTasks/Angular_Project/frontend/.angular/cache/18.2.11/frontend/vite/deps/chunk-FDUYSLZ7.js.map 304 [25/Dec/2024:13:50:07 +0000] - 299.020 ms localhost
GET /@fs/C:/Users/USER/Desktop/BroCampTasks/Angular_Project/frontend/.angular/cache/18.2.11/frontend/vite/deps/@angular_router.js.map 304 [25/Dec/2024:13:50:07 +0000] - 275.161 ms localhost
GET /login.component.css.map 200 [25/Dec/2024:13:50:07 +0000] - 13.526 ms localhost
GET /@fs/C:/Users/USER/Desktop/BroCampTasks/Angular_Project/frontend/.angular/cache/18.2.11/frontend/vite/deps/@angular_common_http.js.map 304 [25/Dec/2024:13:50:07 +0000] - 251.242 ms localhost
GET /@fs/C:/Users/USER/Desktop/BroCampTasks/Angular_Project/frontend/.angular/cache/18.2.11/frontend/vite/deps/rxjs.js.map 304 [25/Dec/2024:13:50:07 +0000] - 160.410 ms localhost
GET /@fs/C:/Users/USER/Desktop/BroCampTasks/Angular_Project/frontend/.angular/cache/18.2.11/frontend/vite/deps/@angular_forms.js.map 304 [25/Dec/2024:13:50:07 +0000] - 171.865 ms localhost
GET /@fs/C:/Users/USER/Desktop/BroCampTasks/Angular_Project/frontend/.angular/cache/18.2.11/frontend/vite/deps/@angular_common.js.map 304 [25/Dec/2024:13:50:07 +0000] - 168.065 ms localhost
GET /favicon.ico 304 [25/Dec/2024:13:50:08 +0000] - 23.077 ms localhost
POST /user/login 200 [25/Dec/2024:13:50:16 +0000] - 340.400 ms localhost
GET /layout.component.css.map 200 [25/Dec/2024:13:50:16 +0000] - 3.688 ms localhost
GET /dashboard.component.css.map 200 [25/Dec/2024:13:50:16 +0000] - 4.350 ms localhost
GET /service/totalService 304 [25/Dec/2024:13:50:19 +0000] - 57.916 ms localhost
GET /service/services?pageNumber=1&pageSize=2 304 [25/Dec/2024:13:50:19 +0000] - 78.423 ms localhost
GET /service/uploads/null 404 [25/Dec/2024:13:50:19 +0000] - 50.350 ms localhost
GET /service/services?pageNumber=2&pageSize=2 304 [25/Dec/2024:13:50:48 +0000] - 33.139 ms localhost
GET /service/services?pageNumber=3&pageSize=2 304 [25/Dec/2024:13:50:50 +0000] - 27.183 ms localhost
GET /service/service/676c0bcda6c3f4031a3d4428 304 [25/Dec/2024:13:50:52 +0000] - 106.250 ms localhost
POST /service/edit/676c0bcda6c3f4031a3d4428 200 [25/Dec/2024:13:51:05 +0000] - 86.501 ms localhost
GET /service/totalService 304 [25/Dec/2024:13:51:05 +0000] - 143.996 ms localhost
GET /service/services?pageNumber=3&pageSize=2 200 [25/Dec/2024:13:51:05 +0000] - 116.281 ms localhost
GET /service/uploads/null 404 [25/Dec/2024:13:51:05 +0000] - 91.050 ms localhost
GET /service/service/676c0bcda6c3f4031a3d4428 200 [25/Dec/2024:13:51:15 +0000] - 63.278 ms localhost
GET /service/uploads/1735134665332_natural%20decor.jpg 200 [25/Dec/2024:13:51:15 +0000] - 150.625 ms localhost
GET /service/uploads/1735134665325_artifitial%20decor.webp 200 [25/Dec/2024:13:51:15 +0000] - 178.684 ms localhost
POST /service/edit/676c0bcda6c3f4031a3d4428 401 [25/Dec/2024:13:51:25 +0000] - 30.231 ms localhost
GET /user/refreshToken 304 [25/Dec/2024:13:51:25 +0000] - 48.609 ms localhost
POST /service/edit/676c0bcda6c3f4031a3d4428 200 [25/Dec/2024:13:51:25 +0000] - 128.908 ms localhost
GET /service/totalService 304 [25/Dec/2024:13:51:25 +0000] - 121.609 ms localhost
GET /service/uploads/null 404 [25/Dec/2024:13:51:25 +0000] - 64.881 ms localhost
GET /service/services?pageNumber=3&pageSize=2 200 [25/Dec/2024:13:51:25 +0000] - 106.152 ms localhost
GET /service/service/676c0bcda6c3f4031a3d4428 200 [25/Dec/2024:13:51:43 +0000] - 136.872 ms localhost
GET / - [25/Dec/2024:13:54:07 +0000] - - ms localhost
POST /service/edit/676c0bcda6c3f4031a3d4428 401 [25/Dec/2024:14:08:12 +0000] - 22.118 ms localhost
GET /user/refreshToken 304 [25/Dec/2024:14:08:12 +0000] - 44.072 ms localhost
POST /service/edit/676c0bcda6c3f4031a3d4428 200 [25/Dec/2024:14:08:12 +0000] - 52.634 ms localhost
GET /service/totalService 304 [25/Dec/2024:14:08:12 +0000] - 85.884 ms localhost
GET /service/services?pageNumber=3&pageSize=2 200 [25/Dec/2024:14:08:12 +0000] - 78.606 ms localhost
GET /services 200 [25/Dec/2024:14:09:21 +0000] - 16.056 ms localhost
GET /@vite/client 304 [25/Dec/2024:14:09:21 +0000] - 6.475 ms localhost
GET /styles.css 200 [25/Dec/2024:14:09:21 +0000] - 10.883 ms localhost
GET /polyfills.js 304 [25/Dec/2024:14:09:21 +0000] - 14.330 ms localhost
GET /main.js 200 [25/Dec/2024:14:09:21 +0000] - 20.688 ms localhost
GET /@fs/C:/Users/USER/Desktop/BroCampTasks/Angular_Project/frontend/node_modules/vite/dist/client/env.mjs 304 [25/Dec/2024:14:09:21 +0000] - 7.408 ms localhost
GET /favicon.ico 304 [25/Dec/2024:14:09:22 +0000] - 6.265 ms localhost
GET / - [25/Dec/2024:14:13:21 +0000] - - ms localhost
GET /login 200 [25/Dec/2024:14:15:50 +0000] - 10.177 ms localhost
GET /login 200 [25/Dec/2024:14:15:50 +0000] - 8.169 ms localhost
GET /@vite/client 304 [25/Dec/2024:14:15:50 +0000] - 6.914 ms localhost
GET /styles.css 200 [25/Dec/2024:14:15:50 +0000] - 5.102 ms localhost
GET /polyfills.js 304 [25/Dec/2024:14:15:50 +0000] - 7.497 ms localhost
GET /main.js 200 [25/Dec/2024:14:15:50 +0000] - 14.126 ms localhost
GET /@fs/C:/Users/USER/Desktop/BroCampTasks/Angular_Project/frontend/node_modules/vite/dist/client/env.mjs 304 [25/Dec/2024:14:15:50 +0000] - 4.736 ms localhost
GET /favicon.ico 304 [25/Dec/2024:14:15:50 +0000] - 3.508 ms localhost
GET / - [25/Dec/2024:14:19:50 +0000] - - ms localhost
GET /login 200 [25/Dec/2024:14:20:35 +0000] - 22.093 ms localhost
GET /login 200 [25/Dec/2024:14:20:35 +0000] - 6.255 ms localhost
GET /@vite/client 304 [25/Dec/2024:14:20:35 +0000] - 13.935 ms localhost
GET /styles.css 200 [25/Dec/2024:14:20:35 +0000] - 11.752 ms localhost
GET /polyfills.js 304 [25/Dec/2024:14:20:35 +0000] - 12.623 ms localhost
GET /main.js 200 [25/Dec/2024:14:20:35 +0000] - 17.840 ms localhost
GET /@fs/C:/Users/USER/Desktop/BroCampTasks/Angular_Project/frontend/node_modules/vite/dist/client/env.mjs 304 [25/Dec/2024:14:20:35 +0000] - 4.947 ms localhost
GET /favicon.ico 304 [25/Dec/2024:14:20:36 +0000] - 3.699 ms localhost
GET /login 200 [25/Dec/2024:14:22:11 +0000] - 9.137 ms localhost
GET / - [25/Dec/2024:14:22:11 +0000] - - ms localhost
GET /@vite/client 304 [25/Dec/2024:14:22:11 +0000] - 6.537 ms localhost
GET /styles.css 200 [25/Dec/2024:14:22:11 +0000] - 22.341 ms localhost
GET /polyfills.js 304 [25/Dec/2024:14:22:11 +0000] - 21.058 ms localhost
GET /main.js 200 [25/Dec/2024:14:22:11 +0000] - 23.798 ms localhost
GET /@fs/C:/Users/USER/Desktop/BroCampTasks/Angular_Project/frontend/node_modules/vite/dist/client/env.mjs 304 [25/Dec/2024:14:22:11 +0000] - 5.502 ms localhost
GET /favicon.ico 304 [25/Dec/2024:14:22:11 +0000] - 5.036 ms localhost
POST /user/login 200 [25/Dec/2024:14:22:20 +0000] - 365.532 ms localhost
GET /service/totalService 304 [25/Dec/2024:14:22:23 +0000] - 138.926 ms localhost
GET /service/services?pageNumber=1&pageSize=2 304 [25/Dec/2024:14:22:23 +0000] - 74.405 ms localhost
GET /service/uploads/null 404 [25/Dec/2024:14:22:23 +0000] - 108.374 ms localhost
GET /service/services?pageNumber=3&pageSize=2 304 [25/Dec/2024:14:22:28 +0000] - 54.715 ms localhost
GET /service/service/676c0bcda6c3f4031a3d4428 200 [25/Dec/2024:14:22:32 +0000] - 76.595 ms localhost
GET /styles.css 200 [25/Dec/2024:14:22:38 +0000] - 4.850 ms localhost
GET /@fs/C:/Users/USER/Desktop/BroCampTasks/Angular_Project/frontend/.angular/cache/18.2.11/frontend/vite/deps/rxjs.js.map 304 [25/Dec/2024:14:22:38 +0000] - 17.374 ms localhost
GET /@fs/C:/Users/USER/Desktop/BroCampTasks/Angular_Project/frontend/.angular/cache/18.2.11/frontend/vite/deps/@angular_platform-browser.js.map 304 [25/Dec/2024:14:22:38 +0000] - 20.290 ms localhost
GET /@fs/C:/Users/USER/Desktop/BroCampTasks/Angular_Project/frontend/.angular/cache/18.2.11/frontend/vite/deps/@angular_common_http.js.map 304 [25/Dec/2024:14:22:38 +0000] - 18.631 ms localhost
GET /@fs/C:/Users/USER/Desktop/BroCampTasks/Angular_Project/frontend/.angular/cache/18.2.11/frontend/vite/deps/@angular_common.js.map 304 [25/Dec/2024:14:22:38 +0000] - 18.538 ms localhost
GET /@fs/C:/Users/USER/Desktop/BroCampTasks/Angular_Project/frontend/.angular/cache/18.2.11/frontend/vite/deps/@angular_router.js.map 304 [25/Dec/2024:14:22:38 +0000] - 20.790 ms localhost
GET /@fs/C:/Users/USER/Desktop/BroCampTasks/Angular_Project/frontend/.angular/cache/18.2.11/frontend/vite/deps/@angular_core.js.map 304 [25/Dec/2024:14:22:39 +0000] - 194.692 ms localhost
GET /@fs/C:/Users/USER/Desktop/BroCampTasks/Angular_Project/frontend/.angular/cache/18.2.11/frontend/vite/deps/chunk-PLMZ7O3F.js.map 304 [25/Dec/2024:14:22:39 +0000] - 86.608 ms localhost
GET /@fs/C:/Users/USER/Desktop/BroCampTasks/Angular_Project/frontend/.angular/cache/18.2.11/frontend/vite/deps/chunk-SD63G7YN.js.map 304 [25/Dec/2024:14:22:39 +0000] - 86.955 ms localhost
GET /@fs/C:/Users/USER/Desktop/BroCampTasks/Angular_Project/frontend/.angular/cache/18.2.11/frontend/vite/deps/chunk-J2M542RS.js.map 304 [25/Dec/2024:14:22:39 +0000] - 190.678 ms localhost
GET /@fs/C:/Users/USER/Desktop/BroCampTasks/Angular_Project/frontend/.angular/cache/18.2.11/frontend/vite/deps/chunk-PF6LNL77.js.map 304 [25/Dec/2024:14:22:39 +0000] - 214.845 ms localhost
GET /layout.component.css.map 200 [25/Dec/2024:14:22:39 +0000] - 135.056 ms localhost
GET /styles.css.map 200 [25/Dec/2024:14:22:39 +0000] - 133.643 ms localhost
GET /@fs/C:/Users/USER/Desktop/BroCampTasks/Angular_Project/frontend/.angular/cache/18.2.11/frontend/vite/deps/chunk-FDUYSLZ7.js.map 304 [25/Dec/2024:14:22:39 +0000] - 511.511 ms localhost
GET /@fs/C:/Users/USER/Desktop/BroCampTasks/Angular_Project/frontend/.angular/cache/18.2.11/frontend/vite/deps/@angular_forms.js.map 304 [25/Dec/2024:14:22:39 +0000] - 587.266 ms localhost
POST /service/edit/676c0bcda6c3f4031a3d4428 401 [25/Dec/2024:14:23:29 +0000] - 44.194 ms localhost
GET /user/refreshToken 304 [25/Dec/2024:14:23:29 +0000] - 38.634 ms localhost
POST /service/edit/676c0bcda6c3f4031a3d4428 200 [25/Dec/2024:14:23:29 +0000] - 114.204 ms localhost
GET /service/totalService 304 [25/Dec/2024:14:23:29 +0000] - 116.395 ms localhost
GET /service/services?pageNumber=3&pageSize=2 200 [25/Dec/2024:14:23:29 +0000] - 90.246 ms localhost
GET /service/uploads/null 404 [25/Dec/2024:14:23:29 +0000] - 74.861 ms localhost
GET /service/service/676c0bcda6c3f4031a3d4428 200 [25/Dec/2024:14:24:07 +0000] - 111.570 ms localhost
GET /service/uploads/1735136609285_natural%20decor.jpg 200 [25/Dec/2024:14:24:07 +0000] - 133.185 ms localhost
GET /service/uploads/1735136609294_artifitial%20decor.webp 200 [25/Dec/2024:14:24:07 +0000] - 102.410 ms localhost
GET /service/uploads/1735136609275_decor.jpeg 200 [25/Dec/2024:14:24:07 +0000] - 173.790 ms localhost
POST /service/edit/676c0bcda6c3f4031a3d4428 200 [25/Dec/2024:14:24:20 +0000] - 100.254 ms localhost
GET /service/totalService 304 [25/Dec/2024:14:24:20 +0000] - 438.172 ms localhost
GET /service/services?pageNumber=3&pageSize=2 200 [25/Dec/2024:14:24:20 +0000] - 412.001 ms localhost
GET /service/uploads/null 404 [25/Dec/2024:14:24:20 +0000] - 373.928 ms localhost
GET /service/service/676c0bcda6c3f4031a3d4428 401 [25/Dec/2024:14:24:31 +0000] - 34.874 ms localhost
GET /user/refreshToken 304 [25/Dec/2024:14:24:31 +0000] - 75.206 ms localhost
GET /service/service/676c0bcda6c3f4031a3d4428 200 [25/Dec/2024:14:24:31 +0000] - 33.712 ms localhost
GET / - [25/Dec/2024:14:26:11 +0000] - - ms localhost
GET /services 200 [25/Dec/2024:14:34:05 +0000] - 43.307 ms localhost
GET /styles.css 200 [25/Dec/2024:14:34:05 +0000] - 8.498 ms localhost
GET /main.js 304 [25/Dec/2024:14:34:05 +0000] - 7.098 ms localhost
GET /polyfills.js 304 [25/Dec/2024:14:34:05 +0000] - 3.531 ms localhost
GET /@vite/client 304 [25/Dec/2024:14:34:05 +0000] - 67.088 ms localhost
GET /styles.css.map 200 [25/Dec/2024:14:34:06 +0000] - 3.566 ms localhost
GET /@fs/C:/Users/USER/Desktop/BroCampTasks/Angular_Project/frontend/node_modules/vite/dist/client/env.mjs 304 [25/Dec/2024:14:34:06 +0000] - 2.301 ms localhost
GET /@fs/C:/Users/USER/Desktop/BroCampTasks/Angular_Project/frontend/.angular/cache/18.2.11/frontend/vite/deps/@angular_platform-browser.js.map 304 [25/Dec/2024:14:34:06 +0000] - 28.695 ms localhost
GET /@fs/C:/Users/USER/Desktop/BroCampTasks/Angular_Project/frontend/.angular/cache/18.2.11/frontend/vite/deps/chunk-PLMZ7O3F.js.map 304 [25/Dec/2024:14:34:06 +0000] - 32.339 ms localhost
GET /@fs/C:/Users/USER/Desktop/BroCampTasks/Angular_Project/frontend/.angular/cache/18.2.11/frontend/vite/deps/chunk-PF6LNL77.js.map 304 [25/Dec/2024:14:34:06 +0000] - 36.179 ms localhost
GET /@fs/C:/Users/USER/Desktop/BroCampTasks/Angular_Project/frontend/.angular/cache/18.2.11/frontend/vite/deps/@angular_core.js.map 304 [25/Dec/2024:14:34:06 +0000] - 36.201 ms localhost
GET /@fs/C:/Users/USER/Desktop/BroCampTasks/Angular_Project/frontend/.angular/cache/18.2.11/frontend/vite/deps/chunk-SD63G7YN.js.map 304 [25/Dec/2024:14:34:06 +0000] - 52.181 ms localhost
GET /@fs/C:/Users/USER/Desktop/BroCampTasks/Angular_Project/frontend/.angular/cache/18.2.11/frontend/vite/deps/chunk-FDUYSLZ7.js.map 304 [25/Dec/2024:14:34:06 +0000] - 328.621 ms localhost
GET /@fs/C:/Users/USER/Desktop/BroCampTasks/Angular_Project/frontend/.angular/cache/18.2.11/frontend/vite/deps/rxjs.js.map 304 [25/Dec/2024:14:34:06 +0000] - 298.469 ms localhost
GET /@fs/C:/Users/USER/Desktop/BroCampTasks/Angular_Project/frontend/.angular/cache/18.2.11/frontend/vite/deps/@angular_common.js.map 304 [25/Dec/2024:14:34:06 +0000] - 284.571 ms localhost
GET /@fs/C:/Users/USER/Desktop/BroCampTasks/Angular_Project/frontend/.angular/cache/18.2.11/frontend/vite/deps/@angular_router.js.map 304 [25/Dec/2024:14:34:06 +0000] - 408.998 ms localhost
GET /@fs/C:/Users/USER/Desktop/BroCampTasks/Angular_Project/frontend/.angular/cache/18.2.11/frontend/vite/deps/chunk-J2M542RS.js.map 304 [25/Dec/2024:14:34:06 +0000] - 383.387 ms localhost
GET /@fs/C:/Users/USER/Desktop/BroCampTasks/Angular_Project/frontend/.angular/cache/18.2.11/frontend/vite/deps/@angular_forms.js.map 304 [25/Dec/2024:14:34:06 +0000] - 387.056 ms localhost
GET /login.component.css.map 200 [25/Dec/2024:14:34:06 +0000] - 25.665 ms localhost
GET /@fs/C:/Users/USER/Desktop/BroCampTasks/Angular_Project/frontend/.angular/cache/18.2.11/frontend/vite/deps/@angular_common_http.js.map 304 [25/Dec/2024:14:34:06 +0000] - 28.553 ms localhost
GET /favicon.ico 304 [25/Dec/2024:14:34:06 +0000] - 3.984 ms localhost
POST /user/login 200 [25/Dec/2024:14:34:18 +0000] - 428.234 ms localhost
GET /dashboard.component.css.map 200 [25/Dec/2024:14:34:18 +0000] - 7.828 ms localhost
GET /layout.component.css.map 200 [25/Dec/2024:14:34:18 +0000] - 8.798 ms localhost
GET /service/services?pageNumber=1&pageSize=2 304 [25/Dec/2024:14:34:22 +0000] - 255.612 ms localhost
GET /service/uploads/null 404 [25/Dec/2024:14:34:22 +0000] - 210.139 ms localhost
GET /service/totalService 304 [25/Dec/2024:14:34:22 +0000] - 260.256 ms localhost
GET /service/services?pageNumber=3&pageSize=2 304 [25/Dec/2024:14:34:24 +0000] - 66.502 ms localhost
GET /service/service/676c0bcda6c3f4031a3d4428 304 [25/Dec/2024:14:34:26 +0000] - 66.614 ms localhost
POST /service/edit/676c0bcda6c3f4031a3d4428 200 [25/Dec/2024:14:34:46 +0000] - 243.054 ms localhost
GET /service/totalService 304 [25/Dec/2024:14:34:46 +0000] - 173.368 ms localhost
GET /service/services?pageNumber=3&pageSize=2 200 [25/Dec/2024:14:34:46 +0000] - 119.511 ms localhost
GET /service/uploads/null 404 [25/Dec/2024:14:34:46 +0000] - 83.085 ms localhost
GET /service/service/676c0bcda6c3f4031a3d4428 200 [25/Dec/2024:14:34:59 +0000] - 54.924 ms localhost
GET /service/uploads/1735137286345_natural%20decor.jpg 200 [25/Dec/2024:14:34:59 +0000] - 169.273 ms localhost
GET /service/uploads/1735137286363_artifitial%20decor.webp 200 [25/Dec/2024:14:34:59 +0000] - 89.608 ms localhost
GET /service/uploads/1735137286330_decor.jpeg 200 [25/Dec/2024:14:34:59 +0000] - 130.002 ms localhost
POST /service/edit/676c0bcda6c3f4031a3d4428 200 [25/Dec/2024:14:35:12 +0000] - 91.787 ms localhost
GET /service/totalService 304 [25/Dec/2024:14:35:12 +0000] - 145.918 ms localhost
GET /service/services?pageNumber=3&pageSize=2 200 [25/Dec/2024:14:35:12 +0000] - 119.368 ms localhost
GET /service/uploads/null 404 [25/Dec/2024:14:35:12 +0000] - 90.388 ms localhost
GET /service/service/676c0bcda6c3f4031a3d4428 401 [25/Dec/2024:14:35:26 +0000] - 35.273 ms localhost
GET /user/refreshToken 304 [25/Dec/2024:14:35:26 +0000] - 63.635 ms localhost
GET /service/service/676c0bcda6c3f4031a3d4428 200 [25/Dec/2024:14:35:26 +0000] - 53.132 ms localhost
POST /service/edit/676c0bcda6c3f4031a3d4428 200 [25/Dec/2024:14:35:41 +0000] - 98.581 ms localhost
GET /service/totalService 304 [25/Dec/2024:14:35:41 +0000] - 144.603 ms localhost
GET /service/services?pageNumber=3&pageSize=2 200 [25/Dec/2024:14:35:41 +0000] - 105.686 ms localhost
GET /service/uploads/null 404 [25/Dec/2024:14:35:41 +0000] - 79.967 ms localhost
GET /service/service/676c0bcda6c3f4031a3d4428 200 [25/Dec/2024:14:36:04 +0000] - 77.036 ms localhost
GET /service/uploads/null 404 [25/Dec/2024:14:36:08 +0000] - 61.453 ms localhost
GET / - [25/Dec/2024:14:38:06 +0000] - - ms localhost
GET /services 200 [25/Dec/2024:15:25:43 +0000] - 136.886 ms localhost
GET /@vite/client 304 [25/Dec/2024:15:25:44 +0000] - 11.240 ms localhost
GET /styles.css 200 [25/Dec/2024:15:25:44 +0000] - 11.323 ms localhost
GET /main.js 304 [25/Dec/2024:15:25:44 +0000] - 15.474 ms localhost
GET /polyfills.js 304 [25/Dec/2024:15:25:44 +0000] - 18.074 ms localhost
GET /@fs/C:/Users/USER/Desktop/BroCampTasks/Angular_Project/frontend/node_modules/vite/dist/client/env.mjs 304 [25/Dec/2024:15:25:44 +0000] - 9.185 ms localhost
GET /styles.css.map 200 [25/Dec/2024:15:25:44 +0000] - 10.337 ms localhost
GET /@fs/C:/Users/USER/Desktop/BroCampTasks/Angular_Project/frontend/.angular/cache/18.2.11/frontend/vite/deps/chunk-PLMZ7O3F.js.map 304 [25/Dec/2024:15:25:44 +0000] - 57.234 ms localhost
GET /@fs/C:/Users/USER/Desktop/BroCampTasks/Angular_Project/frontend/.angular/cache/18.2.11/frontend/vite/deps/chunk-SD63G7YN.js.map 304 [25/Dec/2024:15:25:44 +0000] - 90.619 ms localhost
GET /@fs/C:/Users/USER/Desktop/BroCampTasks/Angular_Project/frontend/.angular/cache/18.2.11/frontend/vite/deps/chunk-PF6LNL77.js.map 304 [25/Dec/2024:15:25:44 +0000] - 99.091 ms localhost
GET /@fs/C:/Users/USER/Desktop/BroCampTasks/Angular_Project/frontend/.angular/cache/18.2.11/frontend/vite/deps/@angular_platform-browser.js.map 304 [25/Dec/2024:15:25:44 +0000] - 95.499 ms localhost
GET /@fs/C:/Users/USER/Desktop/BroCampTasks/Angular_Project/frontend/.angular/cache/18.2.11/frontend/vite/deps/@angular_router.js.map 304 [25/Dec/2024:15:25:44 +0000] - 117.219 ms localhost
GET /@fs/C:/Users/USER/Desktop/BroCampTasks/Angular_Project/frontend/.angular/cache/18.2.11/frontend/vite/deps/chunk-J2M542RS.js.map 304 [25/Dec/2024:15:25:44 +0000] - 90.204 ms localhost
GET /@fs/C:/Users/USER/Desktop/BroCampTasks/Angular_Project/frontend/.angular/cache/18.2.11/frontend/vite/deps/@angular_core.js.map 304 [25/Dec/2024:15:25:45 +0000] - 501.601 ms localhost
GET /@fs/C:/Users/USER/Desktop/BroCampTasks/Angular_Project/frontend/.angular/cache/18.2.11/frontend/vite/deps/rxjs.js.map 304 [25/Dec/2024:15:25:45 +0000] - 545.909 ms localhost
GET /@fs/C:/Users/USER/Desktop/BroCampTasks/Angular_Project/frontend/.angular/cache/18.2.11/frontend/vite/deps/@angular_common_http.js.map 304 [25/Dec/2024:15:25:45 +0000] - 546.305 ms localhost
GET /@fs/C:/Users/USER/Desktop/BroCampTasks/Angular_Project/frontend/.angular/cache/18.2.11/frontend/vite/deps/@angular_forms.js.map 304 [25/Dec/2024:15:25:45 +0000] - 625.332 ms localhost
GET /favicon.ico 304 [25/Dec/2024:15:25:45 +0000] - 128.997 ms localhost
GET /@fs/C:/Users/USER/Desktop/BroCampTasks/Angular_Project/frontend/.angular/cache/18.2.11/frontend/vite/deps/chunk-FDUYSLZ7.js.map 304 [25/Dec/2024:15:25:45 +0000] - 804.559 ms localhost
GET /login.component.css.map 200 [25/Dec/2024:15:25:45 +0000] - 111.950 ms localhost
GET /@fs/C:/Users/USER/Desktop/BroCampTasks/Angular_Project/frontend/.angular/cache/18.2.11/frontend/vite/deps/@angular_common.js.map 304 [25/Dec/2024:15:25:45 +0000] - 650.728 ms localhost
GET /login 200 [25/Dec/2024:15:27:19 +0000] - 19.365 ms localhost
GET / - [25/Dec/2024:15:27:19 +0000] - - ms localhost
GET /@vite/client 304 [25/Dec/2024:15:27:19 +0000] - 7.548 ms localhost
GET /styles.css 200 [25/Dec/2024:15:27:19 +0000] - 11.912 ms localhost
GET /main.js 304 [25/Dec/2024:15:27:19 +0000] - 13.009 ms localhost
GET /polyfills.js 304 [25/Dec/2024:15:27:19 +0000] - 3.342 ms localhost
GET /styles.css.map 200 [25/Dec/2024:15:27:19 +0000] - 6.507 ms localhost
GET /@fs/C:/Users/USER/Desktop/BroCampTasks/Angular_Project/frontend/node_modules/vite/dist/client/env.mjs 304 [25/Dec/2024:15:27:19 +0000] - 5.327 ms localhost
GET /@fs/C:/Users/USER/Desktop/BroCampTasks/Angular_Project/frontend/.angular/cache/18.2.11/frontend/vite/deps/@angular_platform-browser.js.map 304 [25/Dec/2024:15:27:19 +0000] - 12.590 ms localhost
GET /@fs/C:/Users/USER/Desktop/BroCampTasks/Angular_Project/frontend/.angular/cache/18.2.11/frontend/vite/deps/chunk-PLMZ7O3F.js.map 304 [25/Dec/2024:15:27:19 +0000] - 31.484 ms localhost
GET /@fs/C:/Users/USER/Desktop/BroCampTasks/Angular_Project/frontend/.angular/cache/18.2.11/frontend/vite/deps/chunk-PF6LNL77.js.map 304 [25/Dec/2024:15:27:19 +0000] - 49.557 ms localhost
GET /@fs/C:/Users/USER/Desktop/BroCampTasks/Angular_Project/frontend/.angular/cache/18.2.11/frontend/vite/deps/@angular_core.js.map 304 [25/Dec/2024:15:27:19 +0000] - 54.595 ms localhost
GET /@fs/C:/Users/USER/Desktop/BroCampTasks/Angular_Project/frontend/.angular/cache/18.2.11/frontend/vite/deps/chunk-J2M542RS.js.map 304 [25/Dec/2024:15:27:19 +0000] - 62.224 ms localhost
GET /@fs/C:/Users/USER/Desktop/BroCampTasks/Angular_Project/frontend/.angular/cache/18.2.11/frontend/vite/deps/@angular_router.js.map 304 [25/Dec/2024:15:27:19 +0000] - 86.110 ms localhost
GET /@fs/C:/Users/USER/Desktop/BroCampTasks/Angular_Project/frontend/.angular/cache/18.2.11/frontend/vite/deps/chunk-FDUYSLZ7.js.map 304 [25/Dec/2024:15:27:20 +0000] - 306.310 ms localhost
GET /@fs/C:/Users/USER/Desktop/BroCampTasks/Angular_Project/frontend/.angular/cache/18.2.11/frontend/vite/deps/@angular_common_http.js.map 304 [25/Dec/2024:15:27:20 +0000] - 266.804 ms localhost
GET /login.component.css.map 200 [25/Dec/2024:15:27:20 +0000] - 18.357 ms localhost
GET /@fs/C:/Users/USER/Desktop/BroCampTasks/Angular_Project/frontend/.angular/cache/18.2.11/frontend/vite/deps/rxjs.js.map 304 [25/Dec/2024:15:27:20 +0000] - 267.445 ms localhost
GET /@fs/C:/Users/USER/Desktop/BroCampTasks/Angular_Project/frontend/.angular/cache/18.2.11/frontend/vite/deps/@angular_forms.js.map 304 [25/Dec/2024:15:27:20 +0000] - 274.544 ms localhost
GET /@fs/C:/Users/USER/Desktop/BroCampTasks/Angular_Project/frontend/.angular/cache/18.2.11/frontend/vite/deps/@angular_common.js.map 304 [25/Dec/2024:15:27:20 +0000] - 270.479 ms localhost
GET /@fs/C:/Users/USER/Desktop/BroCampTasks/Angular_Project/frontend/.angular/cache/18.2.11/frontend/vite/deps/chunk-SD63G7YN.js.map 304 [25/Dec/2024:15:27:20 +0000] - 248.477 ms localhost
GET /favicon.ico 304 [25/Dec/2024:15:27:20 +0000] - 3.793 ms localhost
GET / - [25/Dec/2024:15:31:19 +0000] - - ms localhost
GET /login 200 [25/Dec/2024:15:38:28 +0000] - 15.796 ms localhost
GET /@vite/client 304 [25/Dec/2024:15:38:28 +0000] - 3.087 ms localhost
GET /styles.css 200 [25/Dec/2024:15:38:28 +0000] - 3.517 ms localhost
GET /polyfills.js 304 [25/Dec/2024:15:38:28 +0000] - 2.185 ms localhost
GET /main.js 200 [25/Dec/2024:15:38:28 +0000] - 13.525 ms localhost
GET /@fs/C:/Users/USER/Desktop/BroCampTasks/Angular_Project/frontend/node_modules/vite/dist/client/env.mjs 304 [25/Dec/2024:15:38:28 +0000] - 2.804 ms localhost
GET /@fs/C:/Users/USER/Desktop/BroCampTasks/Angular_Project/frontend/.angular/cache/18.2.11/frontend/vite/deps/@angular_platform-browser.js.map 304 [25/Dec/2024:15:38:28 +0000] - 17.240 ms localhost
GET /@fs/C:/Users/USER/Desktop/BroCampTasks/Angular_Project/frontend/.angular/cache/18.2.11/frontend/vite/deps/chunk-J2M542RS.js.map 304 [25/Dec/2024:15:38:29 +0000] - 16.652 ms localhost
GET /@fs/C:/Users/USER/Desktop/BroCampTasks/Angular_Project/frontend/.angular/cache/18.2.11/frontend/vite/deps/chunk-SD63G7YN.js.map 304 [25/Dec/2024:15:38:29 +0000] - 24.610 ms localhost
GET /@fs/C:/Users/USER/Desktop/BroCampTasks/Angular_Project/frontend/.angular/cache/18.2.11/frontend/vite/deps/chunk-PF6LNL77.js.map 304 [25/Dec/2024:15:38:29 +0000] - 27.898 ms localhost
GET /@fs/C:/Users/USER/Desktop/BroCampTasks/Angular_Project/frontend/.angular/cache/18.2.11/frontend/vite/deps/chunk-PLMZ7O3F.js.map 304 [25/Dec/2024:15:38:29 +0000] - 47.730 ms localhost
GET /@fs/C:/Users/USER/Desktop/BroCampTasks/Angular_Project/frontend/.angular/cache/18.2.11/frontend/vite/deps/@angular_core.js.map 304 [25/Dec/2024:15:38:29 +0000] - 59.604 ms localhost
GET /@fs/C:/Users/USER/Desktop/BroCampTasks/Angular_Project/frontend/.angular/cache/18.2.11/frontend/vite/deps/chunk-FDUYSLZ7.js.map 304 [25/Dec/2024:15:38:29 +0000] - 118.129 ms localhost
GET /@fs/C:/Users/USER/Desktop/BroCampTasks/Angular_Project/frontend/.angular/cache/18.2.11/frontend/vite/deps/@angular_common_http.js.map 304 [25/Dec/2024:15:38:29 +0000] - 14.295 ms localhost
GET /@fs/C:/Users/USER/Desktop/BroCampTasks/Angular_Project/frontend/.angular/cache/18.2.11/frontend/vite/deps/rxjs.js.map 304 [25/Dec/2024:15:38:29 +0000] - 11.393 ms localhost
GET /@fs/C:/Users/USER/Desktop/BroCampTasks/Angular_Project/frontend/.angular/cache/18.2.11/frontend/vite/deps/@angular_router.js.map 304 [25/Dec/2024:15:38:29 +0000] - 34.892 ms localhost
GET /@fs/C:/Users/USER/Desktop/BroCampTasks/Angular_Project/frontend/.angular/cache/18.2.11/frontend/vite/deps/@angular_forms.js.map 304 [25/Dec/2024:15:38:29 +0000] - 24.154 ms localhost
GET /@fs/C:/Users/USER/Desktop/BroCampTasks/Angular_Project/frontend/.angular/cache/18.2.11/frontend/vite/deps/@angular_common.js.map 304 [25/Dec/2024:15:38:29 +0000] - 3.307 ms localhost
GET /styles.css.map 200 [25/Dec/2024:15:38:29 +0000] - 2.885 ms localhost
GET /login.component.css.map 200 [25/Dec/2024:15:38:30 +0000] - 2.941 ms localhost
GET /favicon.ico 304 [25/Dec/2024:15:38:30 +0000] - 4.019 ms localhost
GET / - [25/Dec/2024:15:42:28 +0000] - - ms localhost
GET /login 200 [25/Dec/2024:15:48:12 +0000] - 12.439 ms localhost
GET /@vite/client 304 [25/Dec/2024:15:48:12 +0000] - 2.986 ms localhost
GET /styles.css 200 [25/Dec/2024:15:48:12 +0000] - 2.732 ms localhost
GET /polyfills.js 304 [25/Dec/2024:15:48:12 +0000] - 3.226 ms localhost
GET /main.js 200 [25/Dec/2024:15:48:12 +0000] - 6.929 ms localhost
GET /@fs/C:/Users/USER/Desktop/BroCampTasks/Angular_Project/frontend/node_modules/vite/dist/client/env.mjs 304 [25/Dec/2024:15:48:12 +0000] - 2.690 ms localhost
GET /styles.css.map 200 [25/Dec/2024:15:48:13 +0000] - 3.004 ms localhost
GET /@fs/C:/Users/USER/Desktop/BroCampTasks/Angular_Project/frontend/.angular/cache/18.2.11/frontend/vite/deps/@angular_platform-browser.js.map 304 [25/Dec/2024:15:48:13 +0000] - 3.389 ms localhost
GET /@fs/C:/Users/USER/Desktop/BroCampTasks/Angular_Project/frontend/.angular/cache/18.2.11/frontend/vite/deps/chunk-SD63G7YN.js.map 304 [25/Dec/2024:15:48:13 +0000] - 57.828 ms localhost
GET /@fs/C:/Users/USER/Desktop/BroCampTasks/Angular_Project/frontend/.angular/cache/18.2.11/frontend/vite/deps/chunk-PLMZ7O3F.js.map 304 [25/Dec/2024:15:48:13 +0000] - 62.616 ms localhost
GET /@fs/C:/Users/USER/Desktop/BroCampTasks/Angular_Project/frontend/.angular/cache/18.2.11/frontend/vite/deps/chunk-J2M542RS.js.map 304 [25/Dec/2024:15:48:13 +0000] - 75.082 ms localhost
GET /@fs/C:/Users/USER/Desktop/BroCampTasks/Angular_Project/frontend/.angular/cache/18.2.11/frontend/vite/deps/chunk-PF6LNL77.js.map 304 [25/Dec/2024:15:48:13 +0000] - 77.234 ms localhost
GET /@fs/C:/Users/USER/Desktop/BroCampTasks/Angular_Project/frontend/.angular/cache/18.2.11/frontend/vite/deps/@angular_core.js.map 304 [25/Dec/2024:15:48:13 +0000] - 36.974 ms localhost
GET /@fs/C:/Users/USER/Desktop/BroCampTasks/Angular_Project/frontend/.angular/cache/18.2.11/frontend/vite/deps/@angular_router.js.map 304 [25/Dec/2024:15:48:13 +0000] - 48.209 ms localhost
GET /@fs/C:/Users/USER/Desktop/BroCampTasks/Angular_Project/frontend/.angular/cache/18.2.11/frontend/vite/deps/chunk-FDUYSLZ7.js.map 304 [25/Dec/2024:15:48:13 +0000] - 173.309 ms localhost
GET /@fs/C:/Users/USER/Desktop/BroCampTasks/Angular_Project/frontend/.angular/cache/18.2.11/frontend/vite/deps/@angular_common_http.js.map 304 [25/Dec/2024:15:48:13 +0000] - 115.993 ms localhost
GET /@fs/C:/Users/USER/Desktop/BroCampTasks/Angular_Project/frontend/.angular/cache/18.2.11/frontend/vite/deps/rxjs.js.map 304 [25/Dec/2024:15:48:13 +0000] - 104.558 ms localhost
GET /@fs/C:/Users/USER/Desktop/BroCampTasks/Angular_Project/frontend/.angular/cache/18.2.11/frontend/vite/deps/@angular_forms.js.map 304 [25/Dec/2024:15:48:13 +0000] - 106.908 ms localhost
GET /@fs/C:/Users/USER/Desktop/BroCampTasks/Angular_Project/frontend/.angular/cache/18.2.11/frontend/vite/deps/@angular_common.js.map 304 [25/Dec/2024:15:48:13 +0000] - 105.492 ms localhost
GET /login.component.css.map 200 [25/Dec/2024:15:48:14 +0000] - 3.407 ms localhost
GET /favicon.ico 304 [25/Dec/2024:15:48:14 +0000] - 2.637 ms localhost
GET / - [25/Dec/2024:15:52:12 +0000] - - ms localhost
GET /login 200 [25/Dec/2024:15:52:13 +0000] - 12.022 ms localhost
GET /@vite/client 304 [25/Dec/2024:15:52:14 +0000] - 2.872 ms localhost
GET /styles.css 200 [25/Dec/2024:15:52:14 +0000] - 3.449 ms localhost
GET /polyfills.js 304 [25/Dec/2024:15:52:14 +0000] - 29.191 ms localhost
GET /main.js 200 [25/Dec/2024:15:52:14 +0000] - 7.802 ms localhost
GET /@fs/C:/Users/USER/Desktop/BroCampTasks/Angular_Project/frontend/node_modules/vite/dist/client/env.mjs 304 [25/Dec/2024:15:52:14 +0000] - 2.483 ms localhost
GET /@fs/C:/Users/USER/Desktop/BroCampTasks/Angular_Project/frontend/.angular/cache/18.2.11/frontend/vite/deps/@angular_platform-browser.js.map 304 [25/Dec/2024:15:52:14 +0000] - 12.405 ms localhost
GET /@fs/C:/Users/USER/Desktop/BroCampTasks/Angular_Project/frontend/.angular/cache/18.2.11/frontend/vite/deps/chunk-J2M542RS.js.map 304 [25/Dec/2024:15:52:14 +0000] - 15.210 ms localhost
GET /@fs/C:/Users/USER/Desktop/BroCampTasks/Angular_Project/frontend/.angular/cache/18.2.11/frontend/vite/deps/chunk-SD63G7YN.js.map 304 [25/Dec/2024:15:52:14 +0000] - 21.268 ms localhost
GET /@fs/C:/Users/USER/Desktop/BroCampTasks/Angular_Project/frontend/.angular/cache/18.2.11/frontend/vite/deps/chunk-PLMZ7O3F.js.map 304 [25/Dec/2024:15:52:14 +0000] - 25.386 ms localhost
GET /@fs/C:/Users/USER/Desktop/BroCampTasks/Angular_Project/frontend/.angular/cache/18.2.11/frontend/vite/deps/chunk-PF6LNL77.js.map 304 [25/Dec/2024:15:52:15 +0000] - 36.285 ms localhost
GET /@fs/C:/Users/USER/Desktop/BroCampTasks/Angular_Project/frontend/.angular/cache/18.2.11/frontend/vite/deps/@angular_core.js.map 304 [25/Dec/2024:15:52:15 +0000] - 33.923 ms localhost
GET /@fs/C:/Users/USER/Desktop/BroCampTasks/Angular_Project/frontend/.angular/cache/18.2.11/frontend/vite/deps/chunk-FDUYSLZ7.js.map 304 [25/Dec/2024:15:52:15 +0000] - 134.591 ms localhost
GET /@fs/C:/Users/USER/Desktop/BroCampTasks/Angular_Project/frontend/.angular/cache/18.2.11/frontend/vite/deps/@angular_router.js.map 304 [25/Dec/2024:15:52:15 +0000] - 129.848 ms localhost
GET /@fs/C:/Users/USER/Desktop/BroCampTasks/Angular_Project/frontend/.angular/cache/18.2.11/frontend/vite/deps/@angular_common_http.js.map 304 [25/Dec/2024:15:52:15 +0000] - 5.976 ms localhost
GET /@fs/C:/Users/USER/Desktop/BroCampTasks/Angular_Project/frontend/.angular/cache/18.2.11/frontend/vite/deps/rxjs.js.map 304 [25/Dec/2024:15:52:15 +0000] - 8.089 ms localhost
GET /@fs/C:/Users/USER/Desktop/BroCampTasks/Angular_Project/frontend/.angular/cache/18.2.11/frontend/vite/deps/@angular_forms.js.map 304 [25/Dec/2024:15:52:15 +0000] - 14.826 ms localhost
GET /@fs/C:/Users/USER/Desktop/BroCampTasks/Angular_Project/frontend/.angular/cache/18.2.11/frontend/vite/deps/@angular_common.js.map 304 [25/Dec/2024:15:52:15 +0000] - 15.561 ms localhost
GET /styles.css.map 200 [25/Dec/2024:15:52:16 +0000] - 3.699 ms localhost
GET /login.component.css.map 200 [25/Dec/2024:15:52:16 +0000] - 2.243 ms localhost
GET /favicon.ico 304 [25/Dec/2024:15:52:16 +0000] - 5.453 ms localhost
GET / - [25/Dec/2024:15:56:14 +0000] - - ms localhost
GET /login 200 [25/Dec/2024:16:01:52 +0000] - 17.523 ms localhost
GET /@vite/client 304 [25/Dec/2024:16:01:52 +0000] - 14.992 ms localhost
GET /styles.css 200 [25/Dec/2024:16:01:52 +0000] - 6.728 ms localhost
GET /polyfills.js 304 [25/Dec/2024:16:01:52 +0000] - 8.306 ms localhost
GET /main.js 200 [25/Dec/2024:16:01:52 +0000] - 15.213 ms localhost
GET /@fs/C:/Users/USER/Desktop/BroCampTasks/Angular_Project/frontend/node_modules/vite/dist/client/env.mjs 304 [25/Dec/2024:16:01:52 +0000] - 7.185 ms localhost
GET /styles.css.map 200 [25/Dec/2024:16:01:52 +0000] - 4.434 ms localhost
GET /@fs/C:/Users/USER/Desktop/BroCampTasks/Angular_Project/frontend/.angular/cache/18.2.11/frontend/vite/deps/@angular_platform-browser.js.map 304 [25/Dec/2024:16:01:52 +0000] - 6.716 ms localhost
GET /@fs/C:/Users/USER/Desktop/BroCampTasks/Angular_Project/frontend/.angular/cache/18.2.11/frontend/vite/deps/chunk-SD63G7YN.js.map 304 [25/Dec/2024:16:01:52 +0000] - 11.202 ms localhost
GET /@fs/C:/Users/USER/Desktop/BroCampTasks/Angular_Project/frontend/.angular/cache/18.2.11/frontend/vite/deps/chunk-J2M542RS.js.map 304 [25/Dec/2024:16:01:52 +0000] - 25.726 ms localhost
GET /@fs/C:/Users/USER/Desktop/BroCampTasks/Angular_Project/frontend/.angular/cache/18.2.11/frontend/vite/deps/chunk-PLMZ7O3F.js.map 304 [25/Dec/2024:16:01:52 +0000] - 38.529 ms localhost
GET /@fs/C:/Users/USER/Desktop/BroCampTasks/Angular_Project/frontend/.angular/cache/18.2.11/frontend/vite/deps/@angular_core.js.map 304 [25/Dec/2024:16:01:52 +0000] - 60.079 ms localhost
GET /@fs/C:/Users/USER/Desktop/BroCampTasks/Angular_Project/frontend/.angular/cache/18.2.11/frontend/vite/deps/chunk-PF6LNL77.js.map 304 [25/Dec/2024:16:01:52 +0000] - 75.536 ms localhost
GET /@fs/C:/Users/USER/Desktop/BroCampTasks/Angular_Project/frontend/.angular/cache/18.2.11/frontend/vite/deps/@angular_common_http.js.map 304 [25/Dec/2024:16:01:52 +0000] - 70.930 ms localhost
GET /@fs/C:/Users/USER/Desktop/BroCampTasks/Angular_Project/frontend/.angular/cache/18.2.11/frontend/vite/deps/@angular_router.js.map 304 [25/Dec/2024:16:01:52 +0000] - 87.152 ms localhost
GET /@fs/C:/Users/USER/Desktop/BroCampTasks/Angular_Project/frontend/.angular/cache/18.2.11/frontend/vite/deps/chunk-FDUYSLZ7.js.map 304 [25/Dec/2024:16:01:52 +0000] - 334.917 ms localhost
GET /login.component.css.map 200 [25/Dec/2024:16:01:52 +0000] - 37.505 ms localhost
GET /@fs/C:/Users/USER/Desktop/BroCampTasks/Angular_Project/frontend/.angular/cache/18.2.11/frontend/vite/deps/rxjs.js.map 304 [25/Dec/2024:16:01:52 +0000] - 45.875 ms localhost
GET /@fs/C:/Users/USER/Desktop/BroCampTasks/Angular_Project/frontend/.angular/cache/18.2.11/frontend/vite/deps/@angular_forms.js.map 304 [25/Dec/2024:16:01:52 +0000] - 53.779 ms localhost
GET /@fs/C:/Users/USER/Desktop/BroCampTasks/Angular_Project/frontend/.angular/cache/18.2.11/frontend/vite/deps/@angular_common.js.map 304 [25/Dec/2024:16:01:52 +0000] - 61.512 ms localhost
GET /favicon.ico 304 [25/Dec/2024:16:01:53 +0000] - 60.272 ms localhost
POST /user/login 200 [25/Dec/2024:16:02:08 +0000] - 497.327 ms localhost
GET /layout.component.css.map 200 [25/Dec/2024:16:02:08 +0000] - 5.172 ms localhost
GET /dashboard.component.css.map 200 [25/Dec/2024:16:02:08 +0000] - 8.863 ms localhost
GET / 200 [25/Dec/2024:16:02:17 +0000] - 17.802 ms localhost
GET /@vite/client 200 [25/Dec/2024:16:02:17 +0000] - 41.590 ms localhost
GET /styles.css 200 [25/Dec/2024:16:02:17 +0000] - 5.806 ms localhost
GET /polyfills.js 200 [25/Dec/2024:16:02:17 +0000] - 18.046 ms localhost
GET /main.js 200 [25/Dec/2024:16:02:17 +0000] - 26.574 ms localhost
GET /@fs/C:/Users/USER/Desktop/BroCampTasks/Angular_Project/frontend/node_modules/vite/dist/client/env.mjs 200 [25/Dec/2024:16:02:17 +0000] - 91.711 ms localhost
GET /@fs/C:/Users/USER/Desktop/BroCampTasks/Angular_Project/frontend/.angular/cache/18.2.11/frontend/vite/deps/@angular_platform-browser.js?v=51da5217 200 [25/Dec/2024:16:02:18 +0000] - 6.838 ms localhost
GET /@fs/C:/Users/USER/Desktop/BroCampTasks/Angular_Project/frontend/.angular/cache/18.2.11/frontend/vite/deps/@angular_core.js?v=51da5217 200 [25/Dec/2024:16:02:18 +0000] - 6.859 ms localhost
GET /@fs/C:/Users/USER/Desktop/BroCampTasks/Angular_Project/frontend/.angular/cache/18.2.11/frontend/vite/deps/@angular_router.js?v=51da5217 200 [25/Dec/2024:16:02:18 +0000] - 10.617 ms localhost
GET /@fs/C:/Users/USER/Desktop/BroCampTasks/Angular_Project/frontend/.angular/cache/18.2.11/frontend/vite/deps/@angular_common_http.js?v=51da5217 200 [25/Dec/2024:16:02:18 +0000] - 8.210 ms localhost
GET /@fs/C:/Users/USER/Desktop/BroCampTasks/Angular_Project/frontend/.angular/cache/18.2.11/frontend/vite/deps/rxjs.js?v=51da5217 200 [25/Dec/2024:16:02:18 +0000] - 4.642 ms localhost
GET /@fs/C:/Users/USER/Desktop/BroCampTasks/Angular_Project/frontend/.angular/cache/18.2.11/frontend/vite/deps/@angular_forms.js?v=51da5217 200 [25/Dec/2024:16:02:18 +0000] - 17.090 ms localhost
GET /@fs/C:/Users/USER/Desktop/BroCampTasks/Angular_Project/frontend/.angular/cache/18.2.11/frontend/vite/deps/@angular_common.js?v=51da5217 200 [25/Dec/2024:16:02:18 +0000] - 15.956 ms localhost
GET /@fs/C:/Users/USER/Desktop/BroCampTasks/Angular_Project/frontend/.angular/cache/18.2.11/frontend/vite/deps/chunk-SD63G7YN.js?v=51da5217 200 [25/Dec/2024:16:02:18 +0000] - 11.140 ms localhost
GET /@fs/C:/Users/USER/Desktop/BroCampTasks/Angular_Project/frontend/.angular/cache/18.2.11/frontend/vite/deps/chunk-J2M542RS.js?v=51da5217 200 [25/Dec/2024:16:02:18 +0000] - 7.693 ms localhost
GET /@fs/C:/Users/USER/Desktop/BroCampTasks/Angular_Project/frontend/.angular/cache/18.2.11/frontend/vite/deps/chunk-PLMZ7O3F.js?v=51da5217 200 [25/Dec/2024:16:02:18 +0000] - 12.056 ms localhost
GET /@fs/C:/Users/USER/Desktop/BroCampTasks/Angular_Project/frontend/.angular/cache/18.2.11/frontend/vite/deps/chunk-FDUYSLZ7.js?v=51da5217 200 [25/Dec/2024:16:02:18 +0000] - 29.054 ms localhost
GET /@fs/C:/Users/USER/Desktop/BroCampTasks/Angular_Project/frontend/.angular/cache/18.2.11/frontend/vite/deps/chunk-PF6LNL77.js?v=51da5217 200 [25/Dec/2024:16:02:18 +0000] - 23.947 ms localhost
GET /login 200 [25/Dec/2024:16:02:19 +0000] - 14.978 ms localhost
GET /styles.css 200 [25/Dec/2024:16:02:19 +0000] - 6.982 ms localhost
GET /@vite/client 304 [25/Dec/2024:16:02:19 +0000] - 10.152 ms localhost
GET /main.js 304 [25/Dec/2024:16:02:19 +0000] - 9.046 ms localhost
GET /polyfills.js 304 [25/Dec/2024:16:02:19 +0000] - 11.839 ms localhost
GET /@fs/C:/Users/USER/Desktop/BroCampTasks/Angular_Project/frontend/node_modules/vite/dist/client/env.mjs 304 [25/Dec/2024:16:02:19 +0000] - 3.441 ms localhost
GET /favicon.ico 200 [25/Dec/2024:16:02:19 +0000] - 32.427 ms localhost
POST /user/login 200 [25/Dec/2024:16:02:25 +0000] - 433.217 ms localhost
GET /favicon.ico 304 [25/Dec/2024:16:02:26 +0000] - 7.177 ms localhost
GET /favicon.ico 304 [25/Dec/2024:16:02:28 +0000] - 7.010 ms localhost
GET /user/usersCount 200 [25/Dec/2024:16:02:28 +0000] - 177.977 ms localhost
GET /user/users?pageNumber=1&pageSize=2 200 [25/Dec/2024:16:02:28 +0000] - 140.831 ms localhost
GET /user/users?pageNumber=2&pageSize=2 200 [25/Dec/2024:16:02:31 +0000] - 131.371 ms localhost
POST /user/editStatus 200 [25/Dec/2024:16:02:38 +0000] - 4833.738 ms localhost
GET /user/users?pageNumber=2&pageSize=2 200 [25/Dec/2024:16:02:38 +0000] - 117.850 ms localhost
GET /service/uploads/ 403 [25/Dec/2024:16:02:44 +0000] - 28.759 ms localhost
GET /user-services.component.css.map 200 [25/Dec/2024:16:02:44 +0000] - 4.606 ms localhost
GET /service/services?isApproved=true 403 [25/Dec/2024:16:02:44 +0000] - 40.165 ms localhost
GET /user/logout 304 [25/Dec/2024:16:02:45 +0000] - 28.459 ms localhost
GET /login.component.css.map 200 [25/Dec/2024:16:02:45 +0000] - 3.308 ms localhost
POST /user/editStatus 200 [25/Dec/2024:16:02:58 +0000] - 4930.314 ms localhost
GET /user/users?pageNumber=2&pageSize=2 200 [25/Dec/2024:16:02:58 +0000] - 129.054 ms localhost
GET /favicon.ico 304 [25/Dec/2024:16:03:02 +0000] - 12.064 ms localhost
GET /service/totalService 200 [25/Dec/2024:16:03:02 +0000] - 318.195 ms localhost
GET /service/services?pageNumber=1&pageSize=2 200 [25/Dec/2024:16:03:02 +0000] - 299.407 ms localhost
GET /services 200 [25/Dec/2024:16:03:06 +0000] - 13.599 ms localhost
GET / - [25/Dec/2024:16:03:06 +0000] - - ms localhost
GET /@vite/client 304 [25/Dec/2024:16:03:06 +0000] - 10.442 ms localhost
GET /styles.css 200 [25/Dec/2024:16:03:06 +0000] - 10.850 ms localhost
GET /polyfills.js 304 [25/Dec/2024:16:03:06 +0000] - 12.179 ms localhost
GET /main.js 304 [25/Dec/2024:16:03:06 +0000] - 16.213 ms localhost
GET /@fs/C:/Users/USER/Desktop/BroCampTasks/Angular_Project/frontend/node_modules/vite/dist/client/env.mjs 304 [25/Dec/2024:16:03:06 +0000] - 4.473 ms localhost
GET /favicon.ico 304 [25/Dec/2024:16:03:06 +0000] - 5.113 ms localhost
GET /login 200 [25/Dec/2024:16:03:15 +0000] - 11.170 ms localhost
GET / - [25/Dec/2024:16:03:15 +0000] - - ms localhost
GET /@vite/client 304 [25/Dec/2024:16:03:15 +0000] - 7.996 ms localhost
GET /styles.css 200 [25/Dec/2024:16:03:15 +0000] - 9.000 ms localhost
GET /polyfills.js 304 [25/Dec/2024:16:03:15 +0000] - 11.000 ms localhost
GET /main.js 304 [25/Dec/2024:16:03:15 +0000] - 10.398 ms localhost
GET /styles.css.map 200 [25/Dec/2024:16:03:15 +0000] - 4.270 ms localhost
GET /@fs/C:/Users/USER/Desktop/BroCampTasks/Angular_Project/frontend/node_modules/vite/dist/client/env.mjs 304 [25/Dec/2024:16:03:15 +0000] - 3.488 ms localhost
GET /@fs/C:/Users/USER/Desktop/BroCampTasks/Angular_Project/frontend/.angular/cache/18.2.11/frontend/vite/deps/@angular_platform-browser.js.map 304 [25/Dec/2024:16:03:16 +0000] - 22.258 ms localhost
GET /@fs/C:/Users/USER/Desktop/BroCampTasks/Angular_Project/frontend/.angular/cache/18.2.11/frontend/vite/deps/chunk-SD63G7YN.js.map 304 [25/Dec/2024:16:03:16 +0000] - 26.991 ms localhost
GET /@fs/C:/Users/USER/Desktop/BroCampTasks/Angular_Project/frontend/.angular/cache/18.2.11/frontend/vite/deps/chunk-J2M542RS.js.map 304 [25/Dec/2024:16:03:16 +0000] - 29.513 ms localhost
GET /@fs/C:/Users/USER/Desktop/BroCampTasks/Angular_Project/frontend/.angular/cache/18.2.11/frontend/vite/deps/chunk-PLMZ7O3F.js.map 304 [25/Dec/2024:16:03:16 +0000] - 45.332 ms localhost
GET /@fs/C:/Users/USER/Desktop/BroCampTasks/Angular_Project/frontend/.angular/cache/18.2.11/frontend/vite/deps/chunk-PF6LNL77.js.map 304 [25/Dec/2024:16:03:16 +0000] - 50.445 ms localhost
GET /@fs/C:/Users/USER/Desktop/BroCampTasks/Angular_Project/frontend/.angular/cache/18.2.11/frontend/vite/deps/chunk-FDUYSLZ7.js.map 304 [25/Dec/2024:16:03:16 +0000] - 221.036 ms localhost
GET /@fs/C:/Users/USER/Desktop/BroCampTasks/Angular_Project/frontend/.angular/cache/18.2.11/frontend/vite/deps/@angular_core.js.map 304 [25/Dec/2024:16:03:16 +0000] - 302.445 ms localhost
GET /@fs/C:/Users/USER/Desktop/BroCampTasks/Angular_Project/frontend/.angular/cache/18.2.11/frontend/vite/deps/@angular_router.js.map 304 [25/Dec/2024:16:03:16 +0000] - 304.978 ms localhost
GET /@fs/C:/Users/USER/Desktop/BroCampTasks/Angular_Project/frontend/.angular/cache/18.2.11/frontend/vite/deps/@angular_common_http.js.map 304 [25/Dec/2024:16:03:16 +0000] - 298.612 ms localhost
GET /@fs/C:/Users/USER/Desktop/BroCampTasks/Angular_Project/frontend/.angular/cache/18.2.11/frontend/vite/deps/rxjs.js.map 304 [25/Dec/2024:16:03:16 +0000] - 287.607 ms localhost
GET /@fs/C:/Users/USER/Desktop/BroCampTasks/Angular_Project/frontend/.angular/cache/18.2.11/frontend/vite/deps/@angular_forms.js.map 304 [25/Dec/2024:16:03:16 +0000] - 156.454 ms localhost
GET /@fs/C:/Users/USER/Desktop/BroCampTasks/Angular_Project/frontend/.angular/cache/18.2.11/frontend/vite/deps/@angular_common.js.map 304 [25/Dec/2024:16:03:16 +0000] - 32.142 ms localhost
GET /login.component.css.map 200 [25/Dec/2024:16:03:16 +0000] - 4.412 ms localhost
GET /favicon.ico 304 [25/Dec/2024:16:03:16 +0000] - 7.639 ms localhost
GET / 200 [25/Dec/2024:16:03:19 +0000] - 10.741 ms localhost
GET / - [25/Dec/2024:16:03:19 +0000] - - ms localhost
GET /styles.css 200 [25/Dec/2024:16:03:19 +0000] - 8.934 ms localhost
GET /@vite/client 304 [25/Dec/2024:16:03:19 +0000] - 10.458 ms localhost
GET /polyfills.js 304 [25/Dec/2024:16:03:19 +0000] - 10.447 ms localhost
GET /main.js 304 [25/Dec/2024:16:03:19 +0000] - 11.584 ms localhost
GET /@fs/C:/Users/USER/Desktop/BroCampTasks/Angular_Project/frontend/node_modules/vite/dist/client/env.mjs 304 [25/Dec/2024:16:03:19 +0000] - 4.503 ms localhost
GET /favicon.ico 304 [25/Dec/2024:16:03:19 +0000] - 5.770 ms localhost
GET / - [25/Dec/2024:16:06:48 +0000] - - ms localhost
GET / - [25/Dec/2024:16:07:15 +0000] - - ms localhost
GET /login 200 [25/Dec/2024:17:34:06 +0000] - 75.474 ms localhost
GET /@vite/client 304 [25/Dec/2024:17:34:06 +0000] - 7.978 ms localhost
GET /styles.css 200 [25/Dec/2024:17:34:06 +0000] - 5.299 ms localhost
GET /polyfills.js 304 [25/Dec/2024:17:34:06 +0000] - 2.717 ms localhost
GET /main.js 200 [25/Dec/2024:17:34:06 +0000] - 13.590 ms localhost
GET /@fs/C:/Users/USER/Desktop/BroCampTasks/Angular_Project/frontend/node_modules/vite/dist/client/env.mjs 304 [25/Dec/2024:17:34:06 +0000] - 4.869 ms localhost
GET /styles.css.map 200 [25/Dec/2024:17:34:08 +0000] - 8.133 ms localhost
GET /@fs/C:/Users/USER/Desktop/BroCampTasks/Angular_Project/frontend/.angular/cache/18.2.11/frontend/vite/deps/@angular_platform-browser.js.map 304 [25/Dec/2024:17:34:09 +0000] - 26.211 ms localhost
GET /@fs/C:/Users/USER/Desktop/BroCampTasks/Angular_Project/frontend/.angular/cache/18.2.11/frontend/vite/deps/chunk-SD63G7YN.js.map 304 [25/Dec/2024:17:34:09 +0000] - 26.837 ms localhost
GET /@fs/C:/Users/USER/Desktop/BroCampTasks/Angular_Project/frontend/.angular/cache/18.2.11/frontend/vite/deps/chunk-J2M542RS.js.map 304 [25/Dec/2024:17:34:09 +0000] - 33.654 ms localhost
GET /@fs/C:/Users/USER/Desktop/BroCampTasks/Angular_Project/frontend/.angular/cache/18.2.11/frontend/vite/deps/chunk-PLMZ7O3F.js.map 304 [25/Dec/2024:17:34:09 +0000] - 49.941 ms localhost
GET /@fs/C:/Users/USER/Desktop/BroCampTasks/Angular_Project/frontend/.angular/cache/18.2.11/frontend/vite/deps/@angular_core.js.map 304 [25/Dec/2024:17:34:09 +0000] - 7.721 ms localhost
GET /@fs/C:/Users/USER/Desktop/BroCampTasks/Angular_Project/frontend/.angular/cache/18.2.11/frontend/vite/deps/chunk-PF6LNL77.js.map 304 [25/Dec/2024:17:34:09 +0000] - 30.781 ms localhost
GET /@fs/C:/Users/USER/Desktop/BroCampTasks/Angular_Project/frontend/.angular/cache/18.2.11/frontend/vite/deps/chunk-FDUYSLZ7.js.map 304 [25/Dec/2024:17:34:09 +0000] - 119.658 ms localhost
GET /@fs/C:/Users/USER/Desktop/BroCampTasks/Angular_Project/frontend/.angular/cache/18.2.11/frontend/vite/deps/@angular_common_http.js.map 304 [25/Dec/2024:17:34:09 +0000] - 112.488 ms localhost
GET /@fs/C:/Users/USER/Desktop/BroCampTasks/Angular_Project/frontend/.angular/cache/18.2.11/frontend/vite/deps/rxjs.js.map 304 [25/Dec/2024:17:34:09 +0000] - 30.757 ms localhost
GET /@fs/C:/Users/USER/Desktop/BroCampTasks/Angular_Project/frontend/.angular/cache/18.2.11/frontend/vite/deps/@angular_forms.js.map 304 [25/Dec/2024:17:34:09 +0000] - 33.038 ms localhost
GET /@fs/C:/Users/USER/Desktop/BroCampTasks/Angular_Project/frontend/.angular/cache/18.2.11/frontend/vite/deps/@angular_common.js.map 304 [25/Dec/2024:17:34:09 +0000] - 13.403 ms localhost
GET /@fs/C:/Users/USER/Desktop/BroCampTasks/Angular_Project/frontend/.angular/cache/18.2.11/frontend/vite/deps/@angular_router.js.map 304 [25/Dec/2024:17:34:10 +0000] - 360.816 ms localhost
GET /login.component.css.map 200 [25/Dec/2024:17:34:10 +0000] - 3.359 ms localhost
GET /favicon.ico 304 [25/Dec/2024:17:34:10 +0000] - 3.492 ms localhost
GET / - [25/Dec/2024:17:38:07 +0000] - - ms localhost
GET /login 200 [25/Dec/2024:17:38:50 +0000] - 10.582 ms localhost
GET /@vite/client 304 [25/Dec/2024:17:38:51 +0000] - 11.235 ms localhost
GET /main.js 200 [25/Dec/2024:17:38:51 +0000] - 13.480 ms localhost
GET /styles.css 200 [25/Dec/2024:17:38:51 +0000] - 18.531 ms localhost
GET /polyfills.js 304 [25/Dec/2024:17:38:51 +0000] - 19.105 ms localhost
GET /styles.css.map 200 [25/Dec/2024:17:38:51 +0000] - 4.146 ms localhost
GET /@fs/C:/Users/USER/Desktop/BroCampTasks/Angular_Project/frontend/node_modules/vite/dist/client/env.mjs 304 [25/Dec/2024:17:38:51 +0000] - 5.144 ms localhost
GET /@fs/C:/Users/USER/Desktop/BroCampTasks/Angular_Project/frontend/.angular/cache/18.2.11/frontend/vite/deps/@angular_platform-browser.js.map 304 [25/Dec/2024:17:38:51 +0000] - 14.259 ms localhost
GET /@fs/C:/Users/USER/Desktop/BroCampTasks/Angular_Project/frontend/.angular/cache/18.2.11/frontend/vite/deps/chunk-PLMZ7O3F.js.map 304 [25/Dec/2024:17:38:51 +0000] - 27.695 ms localhost
GET /@fs/C:/Users/USER/Desktop/BroCampTasks/Angular_Project/frontend/.angular/cache/18.2.11/frontend/vite/deps/chunk-SD63G7YN.js.map 304 [25/Dec/2024:17:38:51 +0000] - 29.116 ms localhost
GET /@fs/C:/Users/USER/Desktop/BroCampTasks/Angular_Project/frontend/.angular/cache/18.2.11/frontend/vite/deps/chunk-J2M542RS.js.map 304 [25/Dec/2024:17:38:51 +0000] - 29.599 ms localhost
GET /@fs/C:/Users/USER/Desktop/BroCampTasks/Angular_Project/frontend/.angular/cache/18.2.11/frontend/vite/deps/chunk-PF6LNL77.js.map 304 [25/Dec/2024:17:38:51 +0000] - 36.918 ms localhost
GET /@fs/C:/Users/USER/Desktop/BroCampTasks/Angular_Project/frontend/.angular/cache/18.2.11/frontend/vite/deps/@angular_core.js.map 304 [25/Dec/2024:17:38:51 +0000] - 50.247 ms localhost
GET /@fs/C:/Users/USER/Desktop/BroCampTasks/Angular_Project/frontend/.angular/cache/18.2.11/frontend/vite/deps/chunk-FDUYSLZ7.js.map 304 [25/Dec/2024:17:38:51 +0000] - 289.031 ms localhost
GET /@fs/C:/Users/USER/Desktop/BroCampTasks/Angular_Project/frontend/.angular/cache/18.2.11/frontend/vite/deps/@angular_router.js.map 304 [25/Dec/2024:17:38:51 +0000] - 282.296 ms localhost
GET /@fs/C:/Users/USER/Desktop/BroCampTasks/Angular_Project/frontend/.angular/cache/18.2.11/frontend/vite/deps/@angular_common.js.map 304 [25/Dec/2024:17:38:51 +0000] - 301.792 ms localhost
GET /@fs/C:/Users/USER/Desktop/BroCampTasks/Angular_Project/frontend/.angular/cache/18.2.11/frontend/vite/deps/@angular_common_http.js.map 304 [25/Dec/2024:17:38:51 +0000] - 279.356 ms localhost
GET /@fs/C:/Users/USER/Desktop/BroCampTasks/Angular_Project/frontend/.angular/cache/18.2.11/frontend/vite/deps/rxjs.js.map 304 [25/Dec/2024:17:38:51 +0000] - 246.692 ms localhost
GET /login.component.css.map 200 [25/Dec/2024:17:38:51 +0000] - 10.946 ms localhost
GET /@fs/C:/Users/USER/Desktop/BroCampTasks/Angular_Project/frontend/.angular/cache/18.2.11/frontend/vite/deps/@angular_forms.js.map 304 [25/Dec/2024:17:38:51 +0000] - 345.053 ms localhost
GET /favicon.ico 304 [25/Dec/2024:17:38:52 +0000] - 6.272 ms localhost
POST /user/login 200 [25/Dec/2024:17:40:18 +0000] - 924.768 ms localhost
GET /dashboard.component.css.map 200 [25/Dec/2024:17:40:18 +0000] - 3.869 ms localhost
GET /layout.component.css.map 200 [25/Dec/2024:17:40:18 +0000] - 3.475 ms localhost
GET /user/usersCount 304 [25/Dec/2024:17:40:22 +0000] - 255.940 ms localhost
GET /user/users?pageNumber=1&pageSize=2 304 [25/Dec/2024:17:40:22 +0000] - 177.502 ms localhost
GET /user/users?pageNumber=3&pageSize=2 401 [25/Dec/2024:17:41:47 +0000] - 64.383 ms localhost
GET /user/refreshToken 200 [25/Dec/2024:17:41:47 +0000] - 42.535 ms localhost
GET /user/users?pageNumber=3&pageSize=2 200 [25/Dec/2024:17:41:47 +0000] - 49.334 ms localhost
GET /user/user/67521ef1d2ef1413702441ff 200 [25/Dec/2024:17:41:50 +0000] - 87.319 ms localhost
PATCH /user/edit/67521ef1d2ef1413702441ff 200 [25/Dec/2024:17:42:02 +0000] - 88.003 ms localhost
GET /user/users?pageNumber=3&pageSize=2 200 [25/Dec/2024:17:42:02 +0000] - 74.338 ms localhost
GET / - [25/Dec/2024:17:42:51 +0000] - - ms localhost
GET /users 200 [25/Dec/2024:18:10:50 +0000] - 40.518 ms localhost
GET /@vite/client 304 [25/Dec/2024:18:10:51 +0000] - 3.709 ms localhost
GET /styles.css 200 [25/Dec/2024:18:10:51 +0000] - 4.069 ms localhost
GET /polyfills.js 304 [25/Dec/2024:18:10:51 +0000] - 6.059 ms localhost
GET /main.js 200 [25/Dec/2024:18:10:51 +0000] - 12.120 ms localhost
GET /@fs/C:/Users/USER/Desktop/BroCampTasks/Angular_Project/frontend/node_modules/vite/dist/client/env.mjs 304 [25/Dec/2024:18:10:51 +0000] - 2.485 ms localhost
GET /styles.css.map 200 [25/Dec/2024:18:10:52 +0000] - 6.339 ms localhost
GET /@fs/C:/Users/USER/Desktop/BroCampTasks/Angular_Project/frontend/.angular/cache/18.2.11/frontend/vite/deps/@angular_platform-browser.js.map 304 [25/Dec/2024:18:10:54 +0000] - 5.065 ms localhost
GET /@fs/C:/Users/USER/Desktop/BroCampTasks/Angular_Project/frontend/.angular/cache/18.2.11/frontend/vite/deps/chunk-SD63G7YN.js.map 304 [25/Dec/2024:18:10:54 +0000] - 8.306 ms localhost
GET /@fs/C:/Users/USER/Desktop/BroCampTasks/Angular_Project/frontend/.angular/cache/18.2.11/frontend/vite/deps/chunk-J2M542RS.js.map 304 [25/Dec/2024:18:10:54 +0000] - 9.779 ms localhost
GET /@fs/C:/Users/USER/Desktop/BroCampTasks/Angular_Project/frontend/.angular/cache/18.2.11/frontend/vite/deps/chunk-PLMZ7O3F.js.map 304 [25/Dec/2024:18:10:54 +0000] - 21.350 ms localhost
GET /@fs/C:/Users/USER/Desktop/BroCampTasks/Angular_Project/frontend/.angular/cache/18.2.11/frontend/vite/deps/@angular_core.js.map 304 [25/Dec/2024:18:10:54 +0000] - 26.614 ms localhost
GET /@fs/C:/Users/USER/Desktop/BroCampTasks/Angular_Project/frontend/.angular/cache/18.2.11/frontend/vite/deps/@angular_common_http.js.map 304 [25/Dec/2024:18:10:54 +0000] - 31.316 ms localhost
GET /@fs/C:/Users/USER/Desktop/BroCampTasks/Angular_Project/frontend/.angular/cache/18.2.11/frontend/vite/deps/chunk-PF6LNL77.js.map 304 [25/Dec/2024:18:10:54 +0000] - 64.998 ms localhost
GET /@fs/C:/Users/USER/Desktop/BroCampTasks/Angular_Project/frontend/.angular/cache/18.2.11/frontend/vite/deps/@angular_router.js.map 304 [25/Dec/2024:18:10:54 +0000] - 94.016 ms localhost
GET /@fs/C:/Users/USER/Desktop/BroCampTasks/Angular_Project/frontend/.angular/cache/18.2.11/frontend/vite/deps/rxjs.js.map 304 [25/Dec/2024:18:10:54 +0000] - 98.254 ms localhost
GET /@fs/C:/Users/USER/Desktop/BroCampTasks/Angular_Project/frontend/.angular/cache/18.2.11/frontend/vite/deps/chunk-FDUYSLZ7.js.map 304 [25/Dec/2024:18:10:54 +0000] - 170.861 ms localhost
GET /@fs/C:/Users/USER/Desktop/BroCampTasks/Angular_Project/frontend/.angular/cache/18.2.11/frontend/vite/deps/@angular_forms.js.map 304 [25/Dec/2024:18:10:54 +0000] - 163.475 ms localhost
GET /@fs/C:/Users/USER/Desktop/BroCampTasks/Angular_Project/frontend/.angular/cache/18.2.11/frontend/vite/deps/@angular_common.js.map 304 [25/Dec/2024:18:10:54 +0000] - 151.632 ms localhost
GET /login.component.css.map 200 [25/Dec/2024:18:10:54 +0000] - 2.685 ms localhost
GET /favicon.ico 304 [25/Dec/2024:18:10:55 +0000] - 4.587 ms localhost
GET / - [25/Dec/2024:18:14:51 +0000] - - ms localhost
GET /login 200 [25/Dec/2024:18:16:51 +0000] - 9.261 ms localhost
GET /@vite/client 304 [25/Dec/2024:18:16:52 +0000] - 11.843 ms localhost
GET /styles.css 200 [25/Dec/2024:18:16:52 +0000] - 11.325 ms localhost
GET /polyfills.js 304 [25/Dec/2024:18:16:52 +0000] - 11.901 ms localhost
GET /main.js 200 [25/Dec/2024:18:16:52 +0000] - 8.907 ms localhost
GET /@fs/C:/Users/USER/Desktop/BroCampTasks/Angular_Project/frontend/node_modules/vite/dist/client/env.mjs 304 [25/Dec/2024:18:16:52 +0000] - 2.167 ms localhost
GET /styles.css.map 200 [25/Dec/2024:18:16:53 +0000] - 3.222 ms localhost
GET /@fs/C:/Users/USER/Desktop/BroCampTasks/Angular_Project/frontend/.angular/cache/18.2.11/frontend/vite/deps/@angular_platform-browser.js.map 304 [25/Dec/2024:18:16:53 +0000] - 11.962 ms localhost
GET /@fs/C:/Users/USER/Desktop/BroCampTasks/Angular_Project/frontend/.angular/cache/18.2.11/frontend/vite/deps/chunk-J2M542RS.js.map 304 [25/Dec/2024:18:16:53 +0000] - 22.871 ms localhost
GET /@fs/C:/Users/USER/Desktop/BroCampTasks/Angular_Project/frontend/.angular/cache/18.2.11/frontend/vite/deps/chunk-SD63G7YN.js.map 304 [25/Dec/2024:18:16:53 +0000] - 26.052 ms localhost
GET /@fs/C:/Users/USER/Desktop/BroCampTasks/Angular_Project/frontend/.angular/cache/18.2.11/frontend/vite/deps/chunk-PF6LNL77.js.map 304 [25/Dec/2024:18:16:53 +0000] - 25.877 ms localhost
GET /@fs/C:/Users/USER/Desktop/BroCampTasks/Angular_Project/frontend/.angular/cache/18.2.11/frontend/vite/deps/chunk-PLMZ7O3F.js.map 304 [25/Dec/2024:18:16:53 +0000] - 38.167 ms localhost
GET /@fs/C:/Users/USER/Desktop/BroCampTasks/Angular_Project/frontend/.angular/cache/18.2.11/frontend/vite/deps/chunk-FDUYSLZ7.js.map 304 [25/Dec/2024:18:16:53 +0000] - 102.762 ms localhost
GET /@fs/C:/Users/USER/Desktop/BroCampTasks/Angular_Project/frontend/.angular/cache/18.2.11/frontend/vite/deps/@angular_core.js.map 304 [25/Dec/2024:18:16:53 +0000] - 95.007 ms localhost
GET /@fs/C:/Users/USER/Desktop/BroCampTasks/Angular_Project/frontend/.angular/cache/18.2.11/frontend/vite/deps/rxjs.js.map 304 [25/Dec/2024:18:16:53 +0000] - 51.331 ms localhost
GET /@fs/C:/Users/USER/Desktop/BroCampTasks/Angular_Project/frontend/.angular/cache/18.2.11/frontend/vite/deps/@angular_common_http.js.map 304 [25/Dec/2024:18:16:53 +0000] - 62.838 ms localhost
GET /@fs/C:/Users/USER/Desktop/BroCampTasks/Angular_Project/frontend/.angular/cache/18.2.11/frontend/vite/deps/@angular_router.js.map 304 [25/Dec/2024:18:16:53 +0000] - 70.175 ms localhost
GET /@fs/C:/Users/USER/Desktop/BroCampTasks/Angular_Project/frontend/.angular/cache/18.2.11/frontend/vite/deps/@angular_forms.js.map 304 [25/Dec/2024:18:16:53 +0000] - 70.339 ms localhost
GET /@fs/C:/Users/USER/Desktop/BroCampTasks/Angular_Project/frontend/.angular/cache/18.2.11/frontend/vite/deps/@angular_common.js.map 304 [25/Dec/2024:18:16:53 +0000] - 20.161 ms localhost
GET /login.component.css.map 200 [25/Dec/2024:18:16:53 +0000] - 2.361 ms localhost
GET /favicon.ico 304 [25/Dec/2024:18:16:54 +0000] - 3.006 ms localhost
GET / - [25/Dec/2024:18:20:52 +0000] - - ms localhost
GET /login 200 [25/Dec/2024:18:21:39 +0000] - 10.684 ms localhost
GET /@vite/client 304 [25/Dec/2024:18:21:39 +0000] - 5.488 ms localhost
GET /styles.css 200 [25/Dec/2024:18:21:39 +0000] - 5.965 ms localhost
GET /polyfills.js 304 [25/Dec/2024:18:21:39 +0000] - 5.584 ms localhost
GET /main.js 200 [25/Dec/2024:18:21:39 +0000] - 8.503 ms localhost
GET /@fs/C:/Users/USER/Desktop/BroCampTasks/Angular_Project/frontend/node_modules/vite/dist/client/env.mjs 304 [25/Dec/2024:18:21:39 +0000] - 2.999 ms localhost
GET /@fs/C:/Users/USER/Desktop/BroCampTasks/Angular_Project/frontend/.angular/cache/18.2.11/frontend/vite/deps/@angular_platform-browser.js.map 304 [25/Dec/2024:18:21:40 +0000] - 43.230 ms localhost
GET /@fs/C:/Users/USER/Desktop/BroCampTasks/Angular_Project/frontend/.angular/cache/18.2.11/frontend/vite/deps/chunk-SD63G7YN.js.map 304 [25/Dec/2024:18:21:40 +0000] - 16.131 ms localhost
GET /@fs/C:/Users/USER/Desktop/BroCampTasks/Angular_Project/frontend/.angular/cache/18.2.11/frontend/vite/deps/chunk-J2M542RS.js.map 304 [25/Dec/2024:18:21:40 +0000] - 16.653 ms localhost
GET /@fs/C:/Users/USER/Desktop/BroCampTasks/Angular_Project/frontend/.angular/cache/18.2.11/frontend/vite/deps/chunk-PF6LNL77.js.map 304 [25/Dec/2024:18:21:40 +0000] - 24.451 ms localhost
GET /@fs/C:/Users/USER/Desktop/BroCampTasks/Angular_Project/frontend/.angular/cache/18.2.11/frontend/vite/deps/chunk-PLMZ7O3F.js.map 304 [25/Dec/2024:18:21:40 +0000] - 31.186 ms localhost
GET /@fs/C:/Users/USER/Desktop/BroCampTasks/Angular_Project/frontend/.angular/cache/18.2.11/frontend/vite/deps/@angular_core.js.map 304 [25/Dec/2024:18:21:40 +0000] - 34.420 ms localhost
GET /@fs/C:/Users/USER/Desktop/BroCampTasks/Angular_Project/frontend/.angular/cache/18.2.11/frontend/vite/deps/chunk-FDUYSLZ7.js.map 304 [25/Dec/2024:18:21:40 +0000] - 75.241 ms localhost
GET /@fs/C:/Users/USER/Desktop/BroCampTasks/Angular_Project/frontend/.angular/cache/18.2.11/frontend/vite/deps/@angular_common_http.js.map 304 [25/Dec/2024:18:21:40 +0000] - 65.218 ms localhost
GET /@fs/C:/Users/USER/Desktop/BroCampTasks/Angular_Project/frontend/.angular/cache/18.2.11/frontend/vite/deps/@angular_router.js.map 304 [25/Dec/2024:18:21:40 +0000] - 75.203 ms localhost
GET /@fs/C:/Users/USER/Desktop/BroCampTasks/Angular_Project/frontend/.angular/cache/18.2.11/frontend/vite/deps/rxjs.js.map 304 [25/Dec/2024:18:21:40 +0000] - 73.762 ms localhost
GET /@fs/C:/Users/USER/Desktop/BroCampTasks/Angular_Project/frontend/.angular/cache/18.2.11/frontend/vite/deps/@angular_forms.js.map 304 [25/Dec/2024:18:21:40 +0000] - 76.242 ms localhost
GET /@fs/C:/Users/USER/Desktop/BroCampTasks/Angular_Project/frontend/.angular/cache/18.2.11/frontend/vite/deps/@angular_common.js.map 304 [25/Dec/2024:18:21:40 +0000] - 72.301 ms localhost
GET /styles.css.map 200 [25/Dec/2024:18:21:41 +0000] - 4.920 ms localhost
GET /login.component.css.map 200 [25/Dec/2024:18:21:41 +0000] - 8.633 ms localhost
GET /favicon.ico 304 [25/Dec/2024:18:21:41 +0000] - 3.732 ms localhost
GET / - [25/Dec/2024:18:25:39 +0000] - - ms localhost
GET /login 200 [25/Dec/2024:18:25:56 +0000] - 20.692 ms localhost
GET /@vite/client 304 [25/Dec/2024:18:25:56 +0000] - 3.849 ms localhost
GET /styles.css 200 [25/Dec/2024:18:25:56 +0000] - 4.269 ms localhost
GET /polyfills.js 304 [25/Dec/2024:18:25:56 +0000] - 3.086 ms localhost
GET /main.js 200 [25/Dec/2024:18:25:56 +0000] - 16.771 ms localhost
GET /@fs/C:/Users/USER/Desktop/BroCampTasks/Angular_Project/frontend/node_modules/vite/dist/client/env.mjs 304 [25/Dec/2024:18:25:56 +0000] - 30.653 ms localhost
GET /@fs/C:/Users/USER/Desktop/BroCampTasks/Angular_Project/frontend/.angular/cache/18.2.11/frontend/vite/deps/@angular_platform-browser.js.map 304 [25/Dec/2024:18:25:57 +0000] - 8.506 ms localhost
GET /@fs/C:/Users/USER/Desktop/BroCampTasks/Angular_Project/frontend/.angular/cache/18.2.11/frontend/vite/deps/chunk-SD63G7YN.js.map 304 [25/Dec/2024:18:25:57 +0000] - 13.692 ms localhost
GET /@fs/C:/Users/USER/Desktop/BroCampTasks/Angular_Project/frontend/.angular/cache/18.2.11/frontend/vite/deps/chunk-J2M542RS.js.map 304 [25/Dec/2024:18:25:57 +0000] - 17.106 ms localhost
GET /@fs/C:/Users/USER/Desktop/BroCampTasks/Angular_Project/frontend/.angular/cache/18.2.11/frontend/vite/deps/chunk-PLMZ7O3F.js.map 304 [25/Dec/2024:18:25:57 +0000] - 23.404 ms localhost
GET /@fs/C:/Users/USER/Desktop/BroCampTasks/Angular_Project/frontend/.angular/cache/18.2.11/frontend/vite/deps/chunk-PF6LNL77.js.map 304 [25/Dec/2024:18:25:57 +0000] - 27.604 ms localhost
GET /@fs/C:/Users/USER/Desktop/BroCampTasks/Angular_Project/frontend/.angular/cache/18.2.11/frontend/vite/deps/@angular_core.js.map 304 [25/Dec/2024:18:25:57 +0000] - 26.688 ms localhost
GET /@fs/C:/Users/USER/Desktop/BroCampTasks/Angular_Project/frontend/.angular/cache/18.2.11/frontend/vite/deps/chunk-FDUYSLZ7.js.map 304 [25/Dec/2024:18:25:57 +0000] - 92.337 ms localhost
GET /@fs/C:/Users/USER/Desktop/BroCampTasks/Angular_Project/frontend/.angular/cache/18.2.11/frontend/vite/deps/@angular_common_http.js.map 304 [25/Dec/2024:18:25:57 +0000] - 77.083 ms localhost
GET /@fs/C:/Users/USER/Desktop/BroCampTasks/Angular_Project/frontend/.angular/cache/18.2.11/frontend/vite/deps/rxjs.js.map 304 [25/Dec/2024:18:25:57 +0000] - 74.195 ms localhost
GET /@fs/C:/Users/USER/Desktop/BroCampTasks/Angular_Project/frontend/.angular/cache/18.2.11/frontend/vite/deps/@angular_router.js.map 304 [25/Dec/2024:18:25:57 +0000] - 84.500 ms localhost
GET /@fs/C:/Users/USER/Desktop/BroCampTasks/Angular_Project/frontend/.angular/cache/18.2.11/frontend/vite/deps/@angular_forms.js.map 304 [25/Dec/2024:18:25:57 +0000] - 62.999 ms localhost
GET /@fs/C:/Users/USER/Desktop/BroCampTasks/Angular_Project/frontend/.angular/cache/18.2.11/frontend/vite/deps/@angular_common.js.map 304 [25/Dec/2024:18:25:57 +0000] - 19.363 ms localhost
GET /login.component.css.map 200 [25/Dec/2024:18:25:58 +0000] - 4.530 ms localhost
GET /styles.css.map 200 [25/Dec/2024:18:25:58 +0000] - 3.599 ms localhost
GET /favicon.ico 304 [25/Dec/2024:18:25:58 +0000] - 2.971 ms localhost
GET / - [25/Dec/2024:18:29:56 +0000] - - ms localhost
