GET /login 200 [11/Dec/2024:08:02:40 +0000] - 272.758 ms localhost
GET /@vite/client 304 [11/Dec/2024:08:02:42 +0000] - 13.211 ms localhost
GET /styles.css 200 [11/Dec/2024:08:02:42 +0000] - 19.394 ms localhost
GET /polyfills.js 304 [11/Dec/2024:08:02:42 +0000] - 3.582 ms localhost
GET /main.js 304 [11/Dec/2024:08:02:42 +0000] - 4.278 ms localhost
GET /@fs/C:/Users/USER/Desktop/BroCampTasks/Angular_Project/frontend/node_modules/vite/dist/client/env.mjs 304 [11/Dec/2024:08:02:42 +0000] - 8.711 ms localhost
GET /favicon.ico 304 [11/Dec/2024:08:02:45 +0000] - 13.139 ms localhost
GET / - [11/Dec/2024:08:06:43 +0000] - - ms localhost
GET /login 200 [11/Dec/2024:08:40:31 +0000] - 113.590 ms localhost
GET /@vite/client 304 [11/Dec/2024:08:40:31 +0000] - 32.913 ms localhost
GET /styles.css 200 [11/Dec/2024:08:40:31 +0000] - 33.388 ms localhost
GET /polyfills.js 304 [11/Dec/2024:08:40:31 +0000] - 35.599 ms localhost
GET /main.js 304 [11/Dec/2024:08:40:31 +0000] - 38.035 ms localhost
GET /@fs/C:/Users/USER/Desktop/BroCampTasks/Angular_Project/frontend/node_modules/vite/dist/client/env.mjs 304 [11/Dec/2024:08:40:31 +0000] - 6.792 ms localhost
GET /favicon.ico 304 [11/Dec/2024:08:40:32 +0000] - 8.142 ms localhost
GET /user/auth/google 302 [11/Dec/2024:08:40:34 +0000] - 185.689 ms localhost
GET / - [11/Dec/2024:08:40:34 +0000] - - ms localhost
GET /user/auth/google/callback?code=4%2F0AeanS0ZGXZynLhyld98sEvY8mQ38no0KoNhU2iDYtunentV2qYL4GqZjSd2stH8v3Qi1NA&scope=email+profile+https%3A%2F%2Fwww.googleapis.com%2Fauth%2Fuserinfo.email+https%3A%2F%2Fwww.googleapis.com%2Fauth%2Fuserinfo.profile+openid&authuser=1&prompt=none - [11/Dec/2024:08:42:00 +0000] - - ms localhost
GET /styles.css.map 200 [11/Dec/2024:08:42:00 +0000] - 16.118 ms localhost
GET /@fs/C:/Users/USER/Desktop/BroCampTasks/Angular_Project/frontend/.angular/cache/18.2.11/frontend/vite/deps/@angular_common_http.js.map 304 [11/Dec/2024:08:42:00 +0000] - 108.282 ms localhost
GET /@fs/C:/Users/USER/Desktop/BroCampTasks/Angular_Project/frontend/.angular/cache/18.2.11/frontend/vite/deps/@angular_platform-browser.js.map 304 [11/Dec/2024:08:42:00 +0000] - 119.141 ms localhost
GET /@fs/C:/Users/USER/Desktop/BroCampTasks/Angular_Project/frontend/.angular/cache/18.2.11/frontend/vite/deps/chunk-SD63G7YN.js.map 304 [11/Dec/2024:08:42:01 +0000] - 162.916 ms localhost
GET /@fs/C:/Users/USER/Desktop/BroCampTasks/Angular_Project/frontend/.angular/cache/18.2.11/frontend/vite/deps/chunk-PLMZ7O3F.js.map 304 [11/Dec/2024:08:42:01 +0000] - 225.725 ms localhost
GET /@fs/C:/Users/USER/Desktop/BroCampTasks/Angular_Project/frontend/.angular/cache/18.2.11/frontend/vite/deps/chunk-J2M542RS.js.map 304 [11/Dec/2024:08:42:01 +0000] - 308.749 ms localhost
GET /@fs/C:/Users/USER/Desktop/BroCampTasks/Angular_Project/frontend/.angular/cache/18.2.11/frontend/vite/deps/chunk-FDUYSLZ7.js.map 304 [11/Dec/2024:08:42:01 +0000] - 591.122 ms localhost
GET /@fs/C:/Users/USER/Desktop/BroCampTasks/Angular_Project/frontend/.angular/cache/18.2.11/frontend/vite/deps/@angular_core.js.map 304 [11/Dec/2024:08:42:01 +0000] - 482.049 ms localhost
GET /@fs/C:/Users/USER/Desktop/BroCampTasks/Angular_Project/frontend/.angular/cache/18.2.11/frontend/vite/deps/chunk-PF6LNL77.js.map 304 [11/Dec/2024:08:42:01 +0000] - 499.397 ms localhost
GET /login.component.css.map 200 [11/Dec/2024:08:42:01 +0000] - 9.503 ms localhost
GET /@fs/C:/Users/USER/Desktop/BroCampTasks/Angular_Project/frontend/.angular/cache/18.2.11/frontend/vite/deps/rxjs.js.map 304 [11/Dec/2024:08:42:01 +0000] - 394.526 ms localhost
GET /@fs/C:/Users/USER/Desktop/BroCampTasks/Angular_Project/frontend/.angular/cache/18.2.11/frontend/vite/deps/@angular_forms.js.map 304 [11/Dec/2024:08:42:01 +0000] - 318.772 ms localhost
GET /@fs/C:/Users/USER/Desktop/BroCampTasks/Angular_Project/frontend/.angular/cache/18.2.11/frontend/vite/deps/@angular_common.js.map 304 [11/Dec/2024:08:42:01 +0000] - 29.964 ms localhost
GET /@fs/C:/Users/USER/Desktop/BroCampTasks/Angular_Project/frontend/.angular/cache/18.2.11/frontend/vite/deps/@angular_router.js.map 304 [11/Dec/2024:08:42:01 +0000] - 512.697 ms localhost
GET /login 200 [11/Dec/2024:08:43:11 +0000] - 26.216 ms localhost
GET / - [11/Dec/2024:08:43:11 +0000] - - ms localhost
GET /@vite/client 304 [11/Dec/2024:08:43:11 +0000] - 12.483 ms localhost
GET /styles.css 200 [11/Dec/2024:08:43:11 +0000] - 10.590 ms localhost
GET /main.js 304 [11/Dec/2024:08:43:11 +0000] - 8.511 ms localhost
GET /polyfills.js 304 [11/Dec/2024:08:43:11 +0000] - 3.787 ms localhost
GET /styles.css.map 200 [11/Dec/2024:08:43:11 +0000] - 3.026 ms localhost
GET /@fs/C:/Users/USER/Desktop/BroCampTasks/Angular_Project/frontend/node_modules/vite/dist/client/env.mjs 304 [11/Dec/2024:08:43:11 +0000] - 6.408 ms localhost
GET /@fs/C:/Users/USER/Desktop/BroCampTasks/Angular_Project/frontend/.angular/cache/18.2.11/frontend/vite/deps/@angular_platform-browser.js.map 304 [11/Dec/2024:08:43:11 +0000] - 7.075 ms localhost
GET /@fs/C:/Users/USER/Desktop/BroCampTasks/Angular_Project/frontend/.angular/cache/18.2.11/frontend/vite/deps/chunk-SD63G7YN.js.map 304 [11/Dec/2024:08:43:11 +0000] - 13.010 ms localhost
GET /@fs/C:/Users/USER/Desktop/BroCampTasks/Angular_Project/frontend/.angular/cache/18.2.11/frontend/vite/deps/chunk-J2M542RS.js.map 304 [11/Dec/2024:08:43:11 +0000] - 22.058 ms localhost
GET /@fs/C:/Users/USER/Desktop/BroCampTasks/Angular_Project/frontend/.angular/cache/18.2.11/frontend/vite/deps/chunk-PF6LNL77.js.map 304 [11/Dec/2024:08:43:11 +0000] - 27.684 ms localhost
GET /@fs/C:/Users/USER/Desktop/BroCampTasks/Angular_Project/frontend/.angular/cache/18.2.11/frontend/vite/deps/@angular_router.js.map 304 [11/Dec/2024:08:43:11 +0000] - 33.642 ms localhost
GET /@fs/C:/Users/USER/Desktop/BroCampTasks/Angular_Project/frontend/.angular/cache/18.2.11/frontend/vite/deps/chunk-FDUYSLZ7.js.map 304 [11/Dec/2024:08:43:11 +0000] - 182.984 ms localhost
GET /@fs/C:/Users/USER/Desktop/BroCampTasks/Angular_Project/frontend/.angular/cache/18.2.11/frontend/vite/deps/@angular_common_http.js.map 304 [11/Dec/2024:08:43:11 +0000] - 154.183 ms localhost
GET /@fs/C:/Users/USER/Desktop/BroCampTasks/Angular_Project/frontend/.angular/cache/18.2.11/frontend/vite/deps/rxjs.js.map 304 [11/Dec/2024:08:43:11 +0000] - 154.252 ms localhost
GET /@fs/C:/Users/USER/Desktop/BroCampTasks/Angular_Project/frontend/.angular/cache/18.2.11/frontend/vite/deps/@angular_core.js.map 304 [11/Dec/2024:08:43:11 +0000] - 173.064 ms localhost
GET /@fs/C:/Users/USER/Desktop/BroCampTasks/Angular_Project/frontend/.angular/cache/18.2.11/frontend/vite/deps/@angular_forms.js.map 304 [11/Dec/2024:08:43:11 +0000] - 183.502 ms localhost
GET /@fs/C:/Users/USER/Desktop/BroCampTasks/Angular_Project/frontend/.angular/cache/18.2.11/frontend/vite/deps/chunk-PLMZ7O3F.js.map 304 [11/Dec/2024:08:43:11 +0000] - 189.005 ms localhost
GET /login.component.css.map 200 [11/Dec/2024:08:43:11 +0000] - 43.224 ms localhost
GET /@fs/C:/Users/USER/Desktop/BroCampTasks/Angular_Project/frontend/.angular/cache/18.2.11/frontend/vite/deps/@angular_common.js.map 304 [11/Dec/2024:08:43:11 +0000] - 94.007 ms localhost
GET /favicon.ico 304 [11/Dec/2024:08:43:12 +0000] - 5.866 ms localhost
GET /user/auth/google 302 [11/Dec/2024:08:43:14 +0000] - 5.793 ms localhost
GET / - [11/Dec/2024:08:43:15 +0000] - - ms localhost
GET /styles.css.map 200 [11/Dec/2024:08:43:18 +0000] - 3.067 ms localhost
GET /@fs/C:/Users/USER/Desktop/BroCampTasks/Angular_Project/frontend/.angular/cache/18.2.11/frontend/vite/deps/chunk-J2M542RS.js.map 304 [11/Dec/2024:08:43:18 +0000] - 11.760 ms localhost
GET /@fs/C:/Users/USER/Desktop/BroCampTasks/Angular_Project/frontend/.angular/cache/18.2.11/frontend/vite/deps/@angular_common_http.js.map 304 [11/Dec/2024:08:43:18 +0000] - 16.977 ms localhost
GET /@fs/C:/Users/USER/Desktop/BroCampTasks/Angular_Project/frontend/.angular/cache/18.2.11/frontend/vite/deps/@angular_router.js.map 304 [11/Dec/2024:08:43:18 +0000] - 33.003 ms localhost
GET /@fs/C:/Users/USER/Desktop/BroCampTasks/Angular_Project/frontend/.angular/cache/18.2.11/frontend/vite/deps/chunk-PLMZ7O3F.js.map 304 [11/Dec/2024:08:43:18 +0000] - 48.804 ms localhost
GET /@fs/C:/Users/USER/Desktop/BroCampTasks/Angular_Project/frontend/.angular/cache/18.2.11/frontend/vite/deps/chunk-SD63G7YN.js.map 304 [11/Dec/2024:08:43:18 +0000] - 42.747 ms localhost
GET /@fs/C:/Users/USER/Desktop/BroCampTasks/Angular_Project/frontend/.angular/cache/18.2.11/frontend/vite/deps/@angular_platform-browser.js.map 304 [11/Dec/2024:08:43:18 +0000] - 46.913 ms localhost
GET /@fs/C:/Users/USER/Desktop/BroCampTasks/Angular_Project/frontend/.angular/cache/18.2.11/frontend/vite/deps/chunk-FDUYSLZ7.js.map 304 [11/Dec/2024:08:43:18 +0000] - 111.565 ms localhost
GET /@fs/C:/Users/USER/Desktop/BroCampTasks/Angular_Project/frontend/.angular/cache/18.2.11/frontend/vite/deps/chunk-PF6LNL77.js.map 304 [11/Dec/2024:08:43:18 +0000] - 97.693 ms localhost
GET /@fs/C:/Users/USER/Desktop/BroCampTasks/Angular_Project/frontend/.angular/cache/18.2.11/frontend/vite/deps/@angular_core.js.map 304 [11/Dec/2024:08:43:18 +0000] - 93.626 ms localhost
GET /@fs/C:/Users/USER/Desktop/BroCampTasks/Angular_Project/frontend/.angular/cache/18.2.11/frontend/vite/deps/rxjs.js.map 304 [11/Dec/2024:08:43:18 +0000] - 79.398 ms localhost
GET /@fs/C:/Users/USER/Desktop/BroCampTasks/Angular_Project/frontend/.angular/cache/18.2.11/frontend/vite/deps/@angular_forms.js.map 304 [11/Dec/2024:08:43:19 +0000] - 148.855 ms localhost
GET /login.component.css.map 200 [11/Dec/2024:08:43:19 +0000] - 113.933 ms localhost
GET /@fs/C:/Users/USER/Desktop/BroCampTasks/Angular_Project/frontend/.angular/cache/18.2.11/frontend/vite/deps/@angular_common.js.map 304 [11/Dec/2024:08:43:19 +0000] - 237.945 ms localhost
GET /user/auth/google 302 [11/Dec/2024:08:43:20 +0000] - 6.125 ms localhost
GET / - [11/Dec/2024:08:43:21 +0000] - - ms localhost
GET /user/auth/google/callback?code=4%2F0AeanS0ZMrNXGplB-27cAAwTNN7Wts4m8ZQTyUdSEqIWxrl4ejJNidXCTjPLVNz-0VAgUCA&scope=email+profile+https%3A%2F%2Fwww.googleapis.com%2Fauth%2Fuserinfo.email+https%3A%2F%2Fwww.googleapis.com%2Fauth%2Fuserinfo.profile+openid&authuser=0&prompt=none 302 [11/Dec/2024:08:43:24 +0000] - 552.390 ms localhost
GET /googleLogin/callback 200 [11/Dec/2024:08:43:24 +0000] - 13.274 ms localhost
GET /styles.css 200 [11/Dec/2024:08:43:24 +0000] - 11.933 ms localhost
GET /@vite/client 304 [11/Dec/2024:08:43:24 +0000] - 8.338 ms localhost
GET /polyfills.js 304 [11/Dec/2024:08:43:24 +0000] - 7.431 ms localhost
GET /main.js 304 [11/Dec/2024:08:43:24 +0000] - 8.656 ms localhost
GET /styles.css.map 200 [11/Dec/2024:08:43:25 +0000] - 4.470 ms localhost
GET /@fs/C:/Users/USER/Desktop/BroCampTasks/Angular_Project/frontend/node_modules/vite/dist/client/env.mjs 304 [11/Dec/2024:08:43:25 +0000] - 4.378 ms localhost
GET /@fs/C:/Users/USER/Desktop/BroCampTasks/Angular_Project/frontend/.angular/cache/18.2.11/frontend/vite/deps/@angular_platform-browser.js.map 304 [11/Dec/2024:08:43:25 +0000] - 18.440 ms localhost
GET /@fs/C:/Users/USER/Desktop/BroCampTasks/Angular_Project/frontend/.angular/cache/18.2.11/frontend/vite/deps/chunk-SD63G7YN.js.map 304 [11/Dec/2024:08:43:25 +0000] - 21.347 ms localhost
GET /@fs/C:/Users/USER/Desktop/BroCampTasks/Angular_Project/frontend/.angular/cache/18.2.11/frontend/vite/deps/chunk-J2M542RS.js.map 304 [11/Dec/2024:08:43:25 +0000] - 22.117 ms localhost
GET /@fs/C:/Users/USER/Desktop/BroCampTasks/Angular_Project/frontend/.angular/cache/18.2.11/frontend/vite/deps/chunk-PLMZ7O3F.js.map 304 [11/Dec/2024:08:43:25 +0000] - 25.834 ms localhost
GET /@fs/C:/Users/USER/Desktop/BroCampTasks/Angular_Project/frontend/.angular/cache/18.2.11/frontend/vite/deps/chunk-PF6LNL77.js.map 304 [11/Dec/2024:08:43:25 +0000] - 30.410 ms localhost
GET /@fs/C:/Users/USER/Desktop/BroCampTasks/Angular_Project/frontend/.angular/cache/18.2.11/frontend/vite/deps/chunk-FDUYSLZ7.js.map 304 [11/Dec/2024:08:43:25 +0000] - 100.651 ms localhost
GET /@fs/C:/Users/USER/Desktop/BroCampTasks/Angular_Project/frontend/.angular/cache/18.2.11/frontend/vite/deps/@angular_core.js.map 304 [11/Dec/2024:08:43:25 +0000] - 87.681 ms localhost
GET /user/data 200 [11/Dec/2024:08:43:25 +0000] - 43.701 ms localhost
GET /@fs/C:/Users/USER/Desktop/BroCampTasks/Angular_Project/frontend/.angular/cache/18.2.11/frontend/vite/deps/@angular_router.js.map 304 [11/Dec/2024:08:43:25 +0000] - 213.553 ms localhost
GET /@fs/C:/Users/USER/Desktop/BroCampTasks/Angular_Project/frontend/.angular/cache/18.2.11/frontend/vite/deps/@angular_common_http.js.map 304 [11/Dec/2024:08:43:25 +0000] - 215.704 ms localhost
GET /@fs/C:/Users/USER/Desktop/BroCampTasks/Angular_Project/frontend/.angular/cache/18.2.11/frontend/vite/deps/rxjs.js.map 304 [11/Dec/2024:08:43:25 +0000] - 214.025 ms localhost
GET /@fs/C:/Users/USER/Desktop/BroCampTasks/Angular_Project/frontend/.angular/cache/18.2.11/frontend/vite/deps/@angular_forms.js.map 304 [11/Dec/2024:08:43:25 +0000] - 230.338 ms localhost
GET /@fs/C:/Users/USER/Desktop/BroCampTasks/Angular_Project/frontend/.angular/cache/18.2.11/frontend/vite/deps/@angular_common.js.map 304 [11/Dec/2024:08:43:25 +0000] - 167.234 ms localhost
GET /googleLogin/layout.component.css.map 404 [11/Dec/2024:08:43:26 +0000] - 16.927 ms localhost
GET /googleLogin/dashboard.component.css.map 404 [11/Dec/2024:08:43:26 +0000] - 16.957 ms localhost
GET /user/logout 304 [11/Dec/2024:08:43:30 +0000] - 14.524 ms localhost
GET /googleLogin/login.component.css.map 404 [11/Dec/2024:08:43:31 +0000] - 6.592 ms localhost
GET /user/auth/google 302 [11/Dec/2024:08:43:33 +0000] - 11.052 ms localhost
GET / - [11/Dec/2024:08:43:33 +0000] - - ms localhost
GET /user/auth/google/callback?code=4%2F0AeanS0b01bMDCcldDv2nquFGpLOa8Fcg5PJTp2gEZ31Zfrtl2_wDXyG18rDwaOqy4NUo0g&scope=email+profile+openid+https%3A%2F%2Fwww.googleapis.com%2Fauth%2Fuserinfo.profile+https%3A%2F%2Fwww.googleapis.com%2Fauth%2Fuserinfo.email&authuser=1&prompt=none - [11/Dec/2024:08:45:43 +0000] - - ms localhost
GET /styles.css.map 200 [11/Dec/2024:08:45:44 +0000] - 9.359 ms localhost
GET /@fs/C:/Users/USER/Desktop/BroCampTasks/Angular_Project/frontend/.angular/cache/18.2.11/frontend/vite/deps/@angular_platform-browser.js.map 304 [11/Dec/2024:08:45:44 +0000] - 9.284 ms localhost
GET /@fs/C:/Users/USER/Desktop/BroCampTasks/Angular_Project/frontend/.angular/cache/18.2.11/frontend/vite/deps/chunk-PLMZ7O3F.js.map 304 [11/Dec/2024:08:45:44 +0000] - 20.469 ms localhost
GET /@fs/C:/Users/USER/Desktop/BroCampTasks/Angular_Project/frontend/.angular/cache/18.2.11/frontend/vite/deps/@angular_common.js.map 304 [11/Dec/2024:08:45:44 +0000] - 18.694 ms localhost
GET /@fs/C:/Users/USER/Desktop/BroCampTasks/Angular_Project/frontend/.angular/cache/18.2.11/frontend/vite/deps/@angular_core.js.map 304 [11/Dec/2024:08:45:44 +0000] - 29.581 ms localhost
GET /@fs/C:/Users/USER/Desktop/BroCampTasks/Angular_Project/frontend/.angular/cache/18.2.11/frontend/vite/deps/chunk-J2M542RS.js.map 304 [11/Dec/2024:08:45:44 +0000] - 24.473 ms localhost
GET /@fs/C:/Users/USER/Desktop/BroCampTasks/Angular_Project/frontend/.angular/cache/18.2.11/frontend/vite/deps/chunk-SD63G7YN.js.map 304 [11/Dec/2024:08:45:44 +0000] - 24.696 ms localhost
GET /@fs/C:/Users/USER/Desktop/BroCampTasks/Angular_Project/frontend/.angular/cache/18.2.11/frontend/vite/deps/chunk-PF6LNL77.js.map 304 [11/Dec/2024:08:45:44 +0000] - 83.948 ms localhost
GET /@fs/C:/Users/USER/Desktop/BroCampTasks/Angular_Project/frontend/.angular/cache/18.2.11/frontend/vite/deps/chunk-FDUYSLZ7.js.map 304 [11/Dec/2024:08:45:45 +0000] - 237.415 ms localhost
GET /@fs/C:/Users/USER/Desktop/BroCampTasks/Angular_Project/frontend/.angular/cache/18.2.11/frontend/vite/deps/@angular_router.js.map 304 [11/Dec/2024:08:45:45 +0000] - 219.040 ms localhost
GET /login.component.css.map 200 [11/Dec/2024:08:45:45 +0000] - 63.739 ms localhost
GET /@fs/C:/Users/USER/Desktop/BroCampTasks/Angular_Project/frontend/.angular/cache/18.2.11/frontend/vite/deps/@angular_common_http.js.map 304 [11/Dec/2024:08:45:45 +0000] - 214.496 ms localhost
GET /@fs/C:/Users/USER/Desktop/BroCampTasks/Angular_Project/frontend/.angular/cache/18.2.11/frontend/vite/deps/rxjs.js.map 304 [11/Dec/2024:08:45:45 +0000] - 228.279 ms localhost
GET /@fs/C:/Users/USER/Desktop/BroCampTasks/Angular_Project/frontend/.angular/cache/18.2.11/frontend/vite/deps/@angular_forms.js.map 304 [11/Dec/2024:08:45:45 +0000] - 247.478 ms localhost
GET /login 200 [11/Dec/2024:08:45:46 +0000] - 14.767 ms localhost
GET / - [11/Dec/2024:08:45:46 +0000] - - ms localhost
GET /@vite/client 304 [11/Dec/2024:08:45:46 +0000] - 6.384 ms localhost
GET /styles.css 200 [11/Dec/2024:08:45:46 +0000] - 17.350 ms localhost
GET /polyfills.js 304 [11/Dec/2024:08:45:46 +0000] - 20.132 ms localhost
GET /main.js 304 [11/Dec/2024:08:45:46 +0000] - 19.132 ms localhost
GET /styles.css.map 200 [11/Dec/2024:08:45:46 +0000] - 4.806 ms localhost
GET /@fs/C:/Users/USER/Desktop/BroCampTasks/Angular_Project/frontend/node_modules/vite/dist/client/env.mjs 304 [11/Dec/2024:08:45:46 +0000] - 6.091 ms localhost
GET /@fs/C:/Users/USER/Desktop/BroCampTasks/Angular_Project/frontend/.angular/cache/18.2.11/frontend/vite/deps/@angular_platform-browser.js.map 304 [11/Dec/2024:08:45:47 +0000] - 34.713 ms localhost
GET /@fs/C:/Users/USER/Desktop/BroCampTasks/Angular_Project/frontend/.angular/cache/18.2.11/frontend/vite/deps/chunk-SD63G7YN.js.map 304 [11/Dec/2024:08:45:47 +0000] - 14.949 ms localhost
GET /@fs/C:/Users/USER/Desktop/BroCampTasks/Angular_Project/frontend/.angular/cache/18.2.11/frontend/vite/deps/chunk-J2M542RS.js.map 304 [11/Dec/2024:08:45:47 +0000] - 16.249 ms localhost
GET /@fs/C:/Users/USER/Desktop/BroCampTasks/Angular_Project/frontend/.angular/cache/18.2.11/frontend/vite/deps/chunk-PLMZ7O3F.js.map 304 [11/Dec/2024:08:45:47 +0000] - 23.514 ms localhost
GET /@fs/C:/Users/USER/Desktop/BroCampTasks/Angular_Project/frontend/.angular/cache/18.2.11/frontend/vite/deps/@angular_core.js.map 304 [11/Dec/2024:08:45:47 +0000] - 8.601 ms localhost
GET /@fs/C:/Users/USER/Desktop/BroCampTasks/Angular_Project/frontend/.angular/cache/18.2.11/frontend/vite/deps/@angular_router.js.map 304 [11/Dec/2024:08:45:47 +0000] - 116.324 ms localhost
GET /@fs/C:/Users/USER/Desktop/BroCampTasks/Angular_Project/frontend/.angular/cache/18.2.11/frontend/vite/deps/chunk-FDUYSLZ7.js.map 304 [11/Dec/2024:08:45:47 +0000] - 393.112 ms localhost
GET /@fs/C:/Users/USER/Desktop/BroCampTasks/Angular_Project/frontend/.angular/cache/18.2.11/frontend/vite/deps/chunk-PF6LNL77.js.map 304 [11/Dec/2024:08:45:47 +0000] - 515.471 ms localhost
GET /login.component.css.map 200 [11/Dec/2024:08:45:47 +0000] - 79.285 ms localhost
GET /@fs/C:/Users/USER/Desktop/BroCampTasks/Angular_Project/frontend/.angular/cache/18.2.11/frontend/vite/deps/@angular_common_http.js.map 304 [11/Dec/2024:08:45:47 +0000] - 374.098 ms localhost
GET /@fs/C:/Users/USER/Desktop/BroCampTasks/Angular_Project/frontend/.angular/cache/18.2.11/frontend/vite/deps/rxjs.js.map 304 [11/Dec/2024:08:45:47 +0000] - 194.832 ms localhost
GET /@fs/C:/Users/USER/Desktop/BroCampTasks/Angular_Project/frontend/.angular/cache/18.2.11/frontend/vite/deps/@angular_forms.js.map 304 [11/Dec/2024:08:45:47 +0000] - 216.593 ms localhost
GET /@fs/C:/Users/USER/Desktop/BroCampTasks/Angular_Project/frontend/.angular/cache/18.2.11/frontend/vite/deps/@angular_common.js.map 304 [11/Dec/2024:08:45:47 +0000] - 212.183 ms localhost
GET /favicon.ico 304 [11/Dec/2024:08:45:47 +0000] - 17.747 ms localhost
GET /user/auth/google 302 [11/Dec/2024:08:45:49 +0000] - 12.477 ms localhost
GET / - [11/Dec/2024:08:45:51 +0000] - - ms localhost
GET /user/auth/google/callback?code=4%2F0AeanS0YijIWj7Xa1lykusk7b54-zsRoBOwHJoblD94CmcVE8Vyz6m27PHMYy4f3FiePnjw&scope=email+profile+openid+https%3A%2F%2Fwww.googleapis.com%2Fauth%2Fuserinfo.email+https%3A%2F%2Fwww.googleapis.com%2Fauth%2Fuserinfo.profile&authuser=1&prompt=none 302 [11/Dec/2024:08:45:53 +0000] - 358.822 ms localhost
GET /googleLogin/callback 200 [11/Dec/2024:08:45:53 +0000] - 13.696 ms localhost
GET /polyfills.js 304 [11/Dec/2024:08:45:54 +0000] - 4.682 ms localhost
GET /main.js 304 [11/Dec/2024:08:45:54 +0000] - 4.351 ms localhost
GET /@vite/client 304 [11/Dec/2024:08:45:54 +0000] - 7.572 ms localhost
GET /styles.css 200 [11/Dec/2024:08:45:54 +0000] - 10.094 ms localhost
GET /@fs/C:/Users/USER/Desktop/BroCampTasks/Angular_Project/frontend/node_modules/vite/dist/client/env.mjs 304 [11/Dec/2024:08:45:54 +0000] - 3.273 ms localhost
GET /styles.css.map 200 [11/Dec/2024:08:45:54 +0000] - 5.291 ms localhost
GET /@fs/C:/Users/USER/Desktop/BroCampTasks/Angular_Project/frontend/.angular/cache/18.2.11/frontend/vite/deps/@angular_common_http.js.map 304 [11/Dec/2024:08:45:54 +0000] - 8.683 ms localhost
GET /@fs/C:/Users/USER/Desktop/BroCampTasks/Angular_Project/frontend/.angular/cache/18.2.11/frontend/vite/deps/rxjs.js.map 304 [11/Dec/2024:08:45:54 +0000] - 11.467 ms localhost
GET /@fs/C:/Users/USER/Desktop/BroCampTasks/Angular_Project/frontend/.angular/cache/18.2.11/frontend/vite/deps/@angular_platform-browser.js.map 304 [11/Dec/2024:08:45:54 +0000] - 20.055 ms localhost
GET /@fs/C:/Users/USER/Desktop/BroCampTasks/Angular_Project/frontend/.angular/cache/18.2.11/frontend/vite/deps/@angular_router.js.map 304 [11/Dec/2024:08:45:54 +0000] - 36.482 ms localhost
GET /@fs/C:/Users/USER/Desktop/BroCampTasks/Angular_Project/frontend/.angular/cache/18.2.11/frontend/vite/deps/chunk-FDUYSLZ7.js.map 304 [11/Dec/2024:08:45:54 +0000] - 79.364 ms localhost
GET /@fs/C:/Users/USER/Desktop/BroCampTasks/Angular_Project/frontend/.angular/cache/18.2.11/frontend/vite/deps/chunk-PF6LNL77.js.map 304 [11/Dec/2024:08:45:54 +0000] - 102.064 ms localhost
GET /@fs/C:/Users/USER/Desktop/BroCampTasks/Angular_Project/frontend/.angular/cache/18.2.11/frontend/vite/deps/chunk-SD63G7YN.js.map 304 [11/Dec/2024:08:45:54 +0000] - 68.653 ms localhost
GET /@fs/C:/Users/USER/Desktop/BroCampTasks/Angular_Project/frontend/.angular/cache/18.2.11/frontend/vite/deps/chunk-PLMZ7O3F.js.map 304 [11/Dec/2024:08:45:54 +0000] - 77.784 ms localhost
GET /@fs/C:/Users/USER/Desktop/BroCampTasks/Angular_Project/frontend/.angular/cache/18.2.11/frontend/vite/deps/@angular_core.js.map 304 [11/Dec/2024:08:45:54 +0000] - 76.377 ms localhost
GET /@fs/C:/Users/USER/Desktop/BroCampTasks/Angular_Project/frontend/.angular/cache/18.2.11/frontend/vite/deps/chunk-J2M542RS.js.map 304 [11/Dec/2024:08:45:54 +0000] - 90.817 ms localhost
GET /@fs/C:/Users/USER/Desktop/BroCampTasks/Angular_Project/frontend/.angular/cache/18.2.11/frontend/vite/deps/@angular_forms.js.map 304 [11/Dec/2024:08:45:54 +0000] - 72.701 ms localhost
GET /@fs/C:/Users/USER/Desktop/BroCampTasks/Angular_Project/frontend/.angular/cache/18.2.11/frontend/vite/deps/@angular_common.js.map 304 [11/Dec/2024:08:45:54 +0000] - 61.030 ms localhost
GET /user/data 200 [11/Dec/2024:08:45:54 +0000] - 24.863 ms localhost
GET /googleLogin/layout.component.css.map 404 [11/Dec/2024:08:45:55 +0000] - 15.566 ms localhost
GET /googleLogin/dashboard.component.css.map 404 [11/Dec/2024:08:45:55 +0000] - 15.231 ms localhost
GET /dashboard 200 [11/Dec/2024:08:49:35 +0000] - 11.331 ms localhost
GET / - [11/Dec/2024:08:49:35 +0000] - - ms localhost
GET /styles.css 200 [11/Dec/2024:08:49:35 +0000] - 9.542 ms localhost
GET /polyfills.js 304 [11/Dec/2024:08:49:35 +0000] - 9.049 ms localhost
GET /main.js 304 [11/Dec/2024:08:49:35 +0000] - 9.839 ms localhost
GET /@vite/client 304 [11/Dec/2024:08:49:35 +0000] - 7.131 ms localhost
GET /styles.css.map 200 [11/Dec/2024:08:49:35 +0000] - 8.693 ms localhost
GET /@fs/C:/Users/USER/Desktop/BroCampTasks/Angular_Project/frontend/node_modules/vite/dist/client/env.mjs 304 [11/Dec/2024:08:49:35 +0000] - 12.195 ms localhost
GET /@fs/C:/Users/USER/Desktop/BroCampTasks/Angular_Project/frontend/.angular/cache/18.2.11/frontend/vite/deps/@angular_platform-browser.js.map 304 [11/Dec/2024:08:49:36 +0000] - 10.891 ms localhost
GET /@fs/C:/Users/USER/Desktop/BroCampTasks/Angular_Project/frontend/.angular/cache/18.2.11/frontend/vite/deps/chunk-PLMZ7O3F.js.map 304 [11/Dec/2024:08:49:36 +0000] - 29.775 ms localhost
GET /@fs/C:/Users/USER/Desktop/BroCampTasks/Angular_Project/frontend/.angular/cache/18.2.11/frontend/vite/deps/rxjs.js.map 304 [11/Dec/2024:08:49:36 +0000] - 26.221 ms localhost
GET /@fs/C:/Users/USER/Desktop/BroCampTasks/Angular_Project/frontend/.angular/cache/18.2.11/frontend/vite/deps/chunk-PF6LNL77.js.map 304 [11/Dec/2024:08:49:36 +0000] - 32.474 ms localhost
GET /@fs/C:/Users/USER/Desktop/BroCampTasks/Angular_Project/frontend/.angular/cache/18.2.11/frontend/vite/deps/@angular_router.js.map 304 [11/Dec/2024:08:49:36 +0000] - 41.016 ms localhost
GET /@fs/C:/Users/USER/Desktop/BroCampTasks/Angular_Project/frontend/.angular/cache/18.2.11/frontend/vite/deps/chunk-FDUYSLZ7.js.map 304 [11/Dec/2024:08:49:36 +0000] - 208.929 ms localhost
GET /@fs/C:/Users/USER/Desktop/BroCampTasks/Angular_Project/frontend/.angular/cache/18.2.11/frontend/vite/deps/chunk-SD63G7YN.js.map 304 [11/Dec/2024:08:49:36 +0000] - 218.574 ms localhost
GET /@fs/C:/Users/USER/Desktop/BroCampTasks/Angular_Project/frontend/.angular/cache/18.2.11/frontend/vite/deps/chunk-J2M542RS.js.map 304 [11/Dec/2024:08:49:36 +0000] - 207.821 ms localhost
GET /@fs/C:/Users/USER/Desktop/BroCampTasks/Angular_Project/frontend/.angular/cache/18.2.11/frontend/vite/deps/@angular_core.js.map 304 [11/Dec/2024:08:49:36 +0000] - 209.279 ms localhost
GET /@fs/C:/Users/USER/Desktop/BroCampTasks/Angular_Project/frontend/.angular/cache/18.2.11/frontend/vite/deps/@angular_common_http.js.map 304 [11/Dec/2024:08:49:36 +0000] - 205.008 ms localhost
GET /@fs/C:/Users/USER/Desktop/BroCampTasks/Angular_Project/frontend/.angular/cache/18.2.11/frontend/vite/deps/@angular_forms.js.map 304 [11/Dec/2024:08:49:36 +0000] - 174.984 ms localhost
GET /login.component.css.map 200 [11/Dec/2024:08:49:36 +0000] - 27.094 ms localhost
GET /@fs/C:/Users/USER/Desktop/BroCampTasks/Angular_Project/frontend/.angular/cache/18.2.11/frontend/vite/deps/@angular_common.js.map 304 [11/Dec/2024:08:49:36 +0000] - 75.841 ms localhost
GET /favicon.ico 304 [11/Dec/2024:08:49:36 +0000] - 3.529 ms localhost
POST /user/login 200 [11/Dec/2024:08:49:46 +0000] - 623.743 ms localhost
GET /layout.component.css.map 200 [11/Dec/2024:08:49:46 +0000] - 6.110 ms localhost
GET /dashboard.component.css.map 200 [11/Dec/2024:08:49:46 +0000] - 3.430 ms localhost
GET / - [11/Dec/2024:08:53:35 +0000] - - ms localhost
GET /dashboard 200 [11/Dec/2024:08:55:30 +0000] - 207.978 ms localhost
GET /styles.css 200 [11/Dec/2024:08:55:31 +0000] - 129.042 ms localhost
GET /@vite/client 304 [11/Dec/2024:08:55:31 +0000] - 150.798 ms localhost
GET /main.js 304 [11/Dec/2024:08:55:31 +0000] - 31.333 ms localhost
GET /polyfills.js 304 [11/Dec/2024:08:55:31 +0000] - 139.646 ms localhost
GET /@fs/C:/Users/USER/Desktop/BroCampTasks/Angular_Project/frontend/node_modules/vite/dist/client/env.mjs 304 [11/Dec/2024:08:55:31 +0000] - 24.869 ms localhost
GET /styles.css.map 200 [11/Dec/2024:08:55:31 +0000] - 10.664 ms localhost
GET /@fs/C:/Users/USER/Desktop/BroCampTasks/Angular_Project/frontend/.angular/cache/18.2.11/frontend/vite/deps/@angular_platform-browser.js.map 304 [11/Dec/2024:08:55:31 +0000] - 41.050 ms localhost
GET /@fs/C:/Users/USER/Desktop/BroCampTasks/Angular_Project/frontend/.angular/cache/18.2.11/frontend/vite/deps/@angular_forms.js.map 304 [11/Dec/2024:08:55:31 +0000] - 125.369 ms localhost
GET /@fs/C:/Users/USER/Desktop/BroCampTasks/Angular_Project/frontend/.angular/cache/18.2.11/frontend/vite/deps/@angular_router.js.map 304 [11/Dec/2024:08:55:31 +0000] - 128.053 ms localhost
GET /@fs/C:/Users/USER/Desktop/BroCampTasks/Angular_Project/frontend/.angular/cache/18.2.11/frontend/vite/deps/chunk-J2M542RS.js.map 304 [11/Dec/2024:08:55:32 +0000] - 526.887 ms localhost
GET /@fs/C:/Users/USER/Desktop/BroCampTasks/Angular_Project/frontend/.angular/cache/18.2.11/frontend/vite/deps/chunk-SD63G7YN.js.map 304 [11/Dec/2024:08:55:32 +0000] - 533.862 ms localhost
GET /@fs/C:/Users/USER/Desktop/BroCampTasks/Angular_Project/frontend/.angular/cache/18.2.11/frontend/vite/deps/chunk-PLMZ7O3F.js.map 304 [11/Dec/2024:08:55:32 +0000] - 532.274 ms localhost
GET /@fs/C:/Users/USER/Desktop/BroCampTasks/Angular_Project/frontend/.angular/cache/18.2.11/frontend/vite/deps/chunk-FDUYSLZ7.js.map 304 [11/Dec/2024:08:55:32 +0000] - 586.963 ms localhost
GET /favicon.ico 304 [11/Dec/2024:08:55:32 +0000] - 91.156 ms localhost
GET /@fs/C:/Users/USER/Desktop/BroCampTasks/Angular_Project/frontend/.angular/cache/18.2.11/frontend/vite/deps/@angular_core.js.map 304 [11/Dec/2024:08:55:32 +0000] - 163.450 ms localhost
GET /@fs/C:/Users/USER/Desktop/BroCampTasks/Angular_Project/frontend/.angular/cache/18.2.11/frontend/vite/deps/chunk-PF6LNL77.js.map 304 [11/Dec/2024:08:55:32 +0000] - 274.516 ms localhost
GET /@fs/C:/Users/USER/Desktop/BroCampTasks/Angular_Project/frontend/.angular/cache/18.2.11/frontend/vite/deps/@angular_common.js.map 304 [11/Dec/2024:08:55:32 +0000] - 81.978 ms localhost
GET /@fs/C:/Users/USER/Desktop/BroCampTasks/Angular_Project/frontend/.angular/cache/18.2.11/frontend/vite/deps/@angular_common_http.js.map 304 [11/Dec/2024:08:55:32 +0000] - 104.344 ms localhost
GET /login.component.css.map 200 [11/Dec/2024:08:55:32 +0000] - 7.773 ms localhost
GET /@fs/C:/Users/USER/Desktop/BroCampTasks/Angular_Project/frontend/.angular/cache/18.2.11/frontend/vite/deps/rxjs.js.map 304 [11/Dec/2024:08:55:32 +0000] - 13.916 ms localhost
GET /user/auth/google 302 [11/Dec/2024:08:55:34 +0000] - 55.621 ms localhost
GET / - [11/Dec/2024:08:55:38 +0000] - - ms localhost
GET /user/auth/google/callback?code=4%2F0AanRRrvQUKr07EaOBu-uXV2m_fv9yva4ZTRj-tlODvfG2qPagkjEIvdsXH7o6_-G_tTHZw&scope=email+profile+openid+https%3A%2F%2Fwww.googleapis.com%2Fauth%2Fuserinfo.email+https%3A%2F%2Fwww.googleapis.com%2Fauth%2Fuserinfo.profile&authuser=1&prompt=none - [11/Dec/2024:08:56:10 +0000] - - ms localhost
GET /styles.css.map 200 [11/Dec/2024:08:56:10 +0000] - 5.061 ms localhost
GET /@fs/C:/Users/USER/Desktop/BroCampTasks/Angular_Project/frontend/.angular/cache/18.2.11/frontend/vite/deps/@angular_common_http.js.map 304 [11/Dec/2024:08:56:10 +0000] - 10.972 ms localhost
GET /@fs/C:/Users/USER/Desktop/BroCampTasks/Angular_Project/frontend/.angular/cache/18.2.11/frontend/vite/deps/chunk-PLMZ7O3F.js.map 304 [11/Dec/2024:08:56:10 +0000] - 19.763 ms localhost
GET /@fs/C:/Users/USER/Desktop/BroCampTasks/Angular_Project/frontend/.angular/cache/18.2.11/frontend/vite/deps/@angular_router.js.map 304 [11/Dec/2024:08:56:10 +0000] - 31.691 ms localhost
GET /@fs/C:/Users/USER/Desktop/BroCampTasks/Angular_Project/frontend/.angular/cache/18.2.11/frontend/vite/deps/@angular_platform-browser.js.map 304 [11/Dec/2024:08:56:10 +0000] - 25.337 ms localhost
GET /@fs/C:/Users/USER/Desktop/BroCampTasks/Angular_Project/frontend/.angular/cache/18.2.11/frontend/vite/deps/chunk-SD63G7YN.js.map 304 [11/Dec/2024:08:56:10 +0000] - 24.040 ms localhost
GET /@fs/C:/Users/USER/Desktop/BroCampTasks/Angular_Project/frontend/.angular/cache/18.2.11/frontend/vite/deps/chunk-J2M542RS.js.map 304 [11/Dec/2024:08:56:10 +0000] - 24.032 ms localhost
GET /@fs/C:/Users/USER/Desktop/BroCampTasks/Angular_Project/frontend/.angular/cache/18.2.11/frontend/vite/deps/@angular_core.js.map 304 [11/Dec/2024:08:56:10 +0000] - 39.483 ms localhost
GET /@fs/C:/Users/USER/Desktop/BroCampTasks/Angular_Project/frontend/.angular/cache/18.2.11/frontend/vite/deps/rxjs.js.map 304 [11/Dec/2024:08:56:11 +0000] - 39.820 ms localhost
GET /@fs/C:/Users/USER/Desktop/BroCampTasks/Angular_Project/frontend/.angular/cache/18.2.11/frontend/vite/deps/chunk-PF6LNL77.js.map 304 [11/Dec/2024:08:56:11 +0000] - 54.073 ms localhost
GET /@fs/C:/Users/USER/Desktop/BroCampTasks/Angular_Project/frontend/.angular/cache/18.2.11/frontend/vite/deps/@angular_forms.js.map 304 [11/Dec/2024:08:56:11 +0000] - 56.282 ms localhost
GET /@fs/C:/Users/USER/Desktop/BroCampTasks/Angular_Project/frontend/.angular/cache/18.2.11/frontend/vite/deps/@angular_common.js.map 304 [11/Dec/2024:08:56:11 +0000] - 53.072 ms localhost
GET /@fs/C:/Users/USER/Desktop/BroCampTasks/Angular_Project/frontend/.angular/cache/18.2.11/frontend/vite/deps/chunk-FDUYSLZ7.js.map 304 [11/Dec/2024:08:56:11 +0000] - 244.620 ms localhost
GET /login.component.css.map 200 [11/Dec/2024:08:56:11 +0000] - 38.742 ms localhost
GET /login 200 [11/Dec/2024:08:58:00 +0000] - 15.312 ms localhost
GET / - [11/Dec/2024:08:58:00 +0000] - - ms localhost
GET /@vite/client 304 [11/Dec/2024:08:58:00 +0000] - 8.242 ms localhost
GET /styles.css 200 [11/Dec/2024:08:58:00 +0000] - 12.619 ms localhost
GET /polyfills.js 304 [11/Dec/2024:08:58:00 +0000] - 14.426 ms localhost
GET /main.js 304 [11/Dec/2024:08:58:00 +0000] - 16.549 ms localhost
GET /styles.css.map 200 [11/Dec/2024:08:58:00 +0000] - 19.367 ms localhost
GET /@fs/C:/Users/USER/Desktop/BroCampTasks/Angular_Project/frontend/node_modules/vite/dist/client/env.mjs 304 [11/Dec/2024:08:58:00 +0000] - 3.248 ms localhost
GET /@fs/C:/Users/USER/Desktop/BroCampTasks/Angular_Project/frontend/.angular/cache/18.2.11/frontend/vite/deps/@angular_platform-browser.js.map 304 [11/Dec/2024:08:58:01 +0000] - 16.491 ms localhost
GET /@fs/C:/Users/USER/Desktop/BroCampTasks/Angular_Project/frontend/.angular/cache/18.2.11/frontend/vite/deps/@angular_common_http.js.map 304 [11/Dec/2024:08:58:01 +0000] - 13.485 ms localhost
GET /@fs/C:/Users/USER/Desktop/BroCampTasks/Angular_Project/frontend/.angular/cache/18.2.11/frontend/vite/deps/@angular_core.js.map 304 [11/Dec/2024:08:58:01 +0000] - 15.628 ms localhost
GET /@fs/C:/Users/USER/Desktop/BroCampTasks/Angular_Project/frontend/.angular/cache/18.2.11/frontend/vite/deps/chunk-SD63G7YN.js.map 304 [11/Dec/2024:08:58:01 +0000] - 24.836 ms localhost
GET /@fs/C:/Users/USER/Desktop/BroCampTasks/Angular_Project/frontend/.angular/cache/18.2.11/frontend/vite/deps/chunk-FDUYSLZ7.js.map 304 [11/Dec/2024:08:58:01 +0000] - 124.507 ms localhost
GET /@fs/C:/Users/USER/Desktop/BroCampTasks/Angular_Project/frontend/.angular/cache/18.2.11/frontend/vite/deps/chunk-J2M542RS.js.map 304 [11/Dec/2024:08:58:01 +0000] - 140.713 ms localhost
GET /@fs/C:/Users/USER/Desktop/BroCampTasks/Angular_Project/frontend/.angular/cache/18.2.11/frontend/vite/deps/@angular_router.js.map 304 [11/Dec/2024:08:58:01 +0000] - 171.056 ms localhost
GET /@fs/C:/Users/USER/Desktop/BroCampTasks/Angular_Project/frontend/.angular/cache/18.2.11/frontend/vite/deps/@angular_forms.js.map 304 [11/Dec/2024:08:58:01 +0000] - 172.727 ms localhost
GET /@fs/C:/Users/USER/Desktop/BroCampTasks/Angular_Project/frontend/.angular/cache/18.2.11/frontend/vite/deps/chunk-PLMZ7O3F.js.map 304 [11/Dec/2024:08:58:01 +0000] - 326.310 ms localhost
GET /login.component.css.map 200 [11/Dec/2024:08:58:01 +0000] - 205.449 ms localhost
GET /@fs/C:/Users/USER/Desktop/BroCampTasks/Angular_Project/frontend/.angular/cache/18.2.11/frontend/vite/deps/rxjs.js.map 304 [11/Dec/2024:08:58:01 +0000] - 272.697 ms localhost
GET /@fs/C:/Users/USER/Desktop/BroCampTasks/Angular_Project/frontend/.angular/cache/18.2.11/frontend/vite/deps/chunk-PF6LNL77.js.map 304 [11/Dec/2024:08:58:01 +0000] - 382.243 ms localhost
GET /@fs/C:/Users/USER/Desktop/BroCampTasks/Angular_Project/frontend/.angular/cache/18.2.11/frontend/vite/deps/@angular_common.js.map 304 [11/Dec/2024:08:58:01 +0000] - 263.252 ms localhost
GET /favicon.ico 304 [11/Dec/2024:08:58:01 +0000] - 5.149 ms localhost
GET /user/auth/google 302 [11/Dec/2024:08:58:02 +0000] - 21.750 ms localhost
GET / - [11/Dec/2024:08:58:03 +0000] - - ms localhost
GET /user/auth/google/callback?code=4%2F0AeanS0Z6jZ48P89ELLNT8PiAXTMKz78fH9qNsh8_AEGCoudV_k4KIa71-iI_LwH0hWQj3g&scope=email+profile+openid+https%3A%2F%2Fwww.googleapis.com%2Fauth%2Fuserinfo.profile+https%3A%2F%2Fwww.googleapis.com%2Fauth%2Fuserinfo.email&authuser=1&prompt=none 302 [11/Dec/2024:08:58:07 +0000] - 610.982 ms localhost
GET /googleLogin/callback 200 [11/Dec/2024:08:58:07 +0000] - 23.392 ms localhost
GET /styles.css 200 [11/Dec/2024:08:58:07 +0000] - 27.037 ms localhost
GET /@vite/client 304 [11/Dec/2024:08:58:07 +0000] - 28.673 ms localhost
GET /polyfills.js 304 [11/Dec/2024:08:58:07 +0000] - 27.459 ms localhost
GET /main.js 304 [11/Dec/2024:08:58:07 +0000] - 5.716 ms localhost
GET /styles.css.map 200 [11/Dec/2024:08:58:08 +0000] - 4.644 ms localhost
GET /@fs/C:/Users/USER/Desktop/BroCampTasks/Angular_Project/frontend/node_modules/vite/dist/client/env.mjs 304 [11/Dec/2024:08:58:08 +0000] - 8.648 ms localhost
GET /@fs/C:/Users/USER/Desktop/BroCampTasks/Angular_Project/frontend/.angular/cache/18.2.11/frontend/vite/deps/chunk-SD63G7YN.js.map 304 [11/Dec/2024:08:58:08 +0000] - 15.140 ms localhost
GET /@fs/C:/Users/USER/Desktop/BroCampTasks/Angular_Project/frontend/.angular/cache/18.2.11/frontend/vite/deps/@angular_forms.js.map 304 [11/Dec/2024:08:58:08 +0000] - 24.601 ms localhost
GET /@fs/C:/Users/USER/Desktop/BroCampTasks/Angular_Project/frontend/.angular/cache/18.2.11/frontend/vite/deps/@angular_platform-browser.js.map 304 [11/Dec/2024:08:58:08 +0000] - 37.834 ms localhost
GET /@fs/C:/Users/USER/Desktop/BroCampTasks/Angular_Project/frontend/.angular/cache/18.2.11/frontend/vite/deps/chunk-J2M542RS.js.map 304 [11/Dec/2024:08:58:08 +0000] - 49.733 ms localhost
GET /@fs/C:/Users/USER/Desktop/BroCampTasks/Angular_Project/frontend/.angular/cache/18.2.11/frontend/vite/deps/chunk-PLMZ7O3F.js.map 304 [11/Dec/2024:08:58:08 +0000] - 61.334 ms localhost
GET /@fs/C:/Users/USER/Desktop/BroCampTasks/Angular_Project/frontend/.angular/cache/18.2.11/frontend/vite/deps/@angular_core.js.map 304 [11/Dec/2024:08:58:08 +0000] - 59.366 ms localhost
GET /@fs/C:/Users/USER/Desktop/BroCampTasks/Angular_Project/frontend/.angular/cache/18.2.11/frontend/vite/deps/chunk-FDUYSLZ7.js.map 304 [11/Dec/2024:08:58:08 +0000] - 200.929 ms localhost
GET /@fs/C:/Users/USER/Desktop/BroCampTasks/Angular_Project/frontend/.angular/cache/18.2.11/frontend/vite/deps/chunk-PF6LNL77.js.map 304 [11/Dec/2024:08:58:08 +0000] - 189.488 ms localhost
GET /@fs/C:/Users/USER/Desktop/BroCampTasks/Angular_Project/frontend/.angular/cache/18.2.11/frontend/vite/deps/@angular_common_http.js.map 304 [11/Dec/2024:08:58:08 +0000] - 160.525 ms localhost
GET /@fs/C:/Users/USER/Desktop/BroCampTasks/Angular_Project/frontend/.angular/cache/18.2.11/frontend/vite/deps/@angular_router.js.map 304 [11/Dec/2024:08:58:08 +0000] - 182.532 ms localhost
GET /@fs/C:/Users/USER/Desktop/BroCampTasks/Angular_Project/frontend/.angular/cache/18.2.11/frontend/vite/deps/rxjs.js.map 304 [11/Dec/2024:08:58:08 +0000] - 155.886 ms localhost
GET /@fs/C:/Users/USER/Desktop/BroCampTasks/Angular_Project/frontend/.angular/cache/18.2.11/frontend/vite/deps/@angular_common.js.map 304 [11/Dec/2024:08:58:08 +0000] - 152.356 ms localhost
GET /user/data 200 [11/Dec/2024:08:58:08 +0000] - 237.157 ms localhost
GET /googleLogin/dashboard.component.css.map 404 [11/Dec/2024:08:58:08 +0000] - 13.621 ms localhost
GET /googleLogin/layout.component.css.map 404 [11/Dec/2024:08:58:08 +0000] - 13.778 ms localhost
GET / - [11/Dec/2024:09:02:08 +0000] - - ms localhost
GET /dashboard 200 [11/Dec/2024:09:41:50 +0000] - 179.561 ms localhost
GET /@vite/client 304 [11/Dec/2024:09:41:50 +0000] - 14.446 ms localhost
GET /styles.css 200 [11/Dec/2024:09:41:50 +0000] - 15.577 ms localhost
GET /polyfills.js 304 [11/Dec/2024:09:41:50 +0000] - 18.970 ms localhost
GET /main.js 304 [11/Dec/2024:09:41:50 +0000] - 19.753 ms localhost
GET /styles.css.map 200 [11/Dec/2024:09:41:50 +0000] - 20.238 ms localhost
GET /@fs/C:/Users/USER/Desktop/BroCampTasks/Angular_Project/frontend/node_modules/vite/dist/client/env.mjs 304 [11/Dec/2024:09:41:50 +0000] - 4.067 ms localhost
GET /@fs/C:/Users/USER/Desktop/BroCampTasks/Angular_Project/frontend/.angular/cache/18.2.11/frontend/vite/deps/@angular_platform-browser.js.map 304 [11/Dec/2024:09:41:51 +0000] - 36.426 ms localhost
GET /@fs/C:/Users/USER/Desktop/BroCampTasks/Angular_Project/frontend/.angular/cache/18.2.11/frontend/vite/deps/chunk-SD63G7YN.js.map 304 [11/Dec/2024:09:41:51 +0000] - 40.273 ms localhost
GET /@fs/C:/Users/USER/Desktop/BroCampTasks/Angular_Project/frontend/.angular/cache/18.2.11/frontend/vite/deps/chunk-J2M542RS.js.map 304 [11/Dec/2024:09:41:51 +0000] - 53.291 ms localhost
GET /@fs/C:/Users/USER/Desktop/BroCampTasks/Angular_Project/frontend/.angular/cache/18.2.11/frontend/vite/deps/@angular_common_http.js.map 304 [11/Dec/2024:09:41:51 +0000] - 38.805 ms localhost
GET /@fs/C:/Users/USER/Desktop/BroCampTasks/Angular_Project/frontend/.angular/cache/18.2.11/frontend/vite/deps/chunk-PLMZ7O3F.js.map 304 [11/Dec/2024:09:41:51 +0000] - 78.426 ms localhost
GET /@fs/C:/Users/USER/Desktop/BroCampTasks/Angular_Project/frontend/.angular/cache/18.2.11/frontend/vite/deps/chunk-PF6LNL77.js.map 304 [11/Dec/2024:09:41:51 +0000] - 97.579 ms localhost
GET /@fs/C:/Users/USER/Desktop/BroCampTasks/Angular_Project/frontend/.angular/cache/18.2.11/frontend/vite/deps/@angular_core.js.map 304 [11/Dec/2024:09:41:51 +0000] - 92.023 ms localhost
GET /@fs/C:/Users/USER/Desktop/BroCampTasks/Angular_Project/frontend/.angular/cache/18.2.11/frontend/vite/deps/chunk-FDUYSLZ7.js.map 304 [11/Dec/2024:09:41:51 +0000] - 354.322 ms localhost
GET /@fs/C:/Users/USER/Desktop/BroCampTasks/Angular_Project/frontend/.angular/cache/18.2.11/frontend/vite/deps/rxjs.js.map 304 [11/Dec/2024:09:41:51 +0000] - 311.288 ms localhost
GET /@fs/C:/Users/USER/Desktop/BroCampTasks/Angular_Project/frontend/.angular/cache/18.2.11/frontend/vite/deps/@angular_router.js.map 304 [11/Dec/2024:09:41:51 +0000] - 322.562 ms localhost
GET /login.component.css.map 200 [11/Dec/2024:09:41:51 +0000] - 199.394 ms localhost
GET /@fs/C:/Users/USER/Desktop/BroCampTasks/Angular_Project/frontend/.angular/cache/18.2.11/frontend/vite/deps/@angular_forms.js.map 304 [11/Dec/2024:09:41:51 +0000] - 323.317 ms localhost
GET /favicon.ico 304 [11/Dec/2024:09:41:51 +0000] - 24.268 ms localhost
GET /@fs/C:/Users/USER/Desktop/BroCampTasks/Angular_Project/frontend/.angular/cache/18.2.11/frontend/vite/deps/@angular_common.js.map 304 [11/Dec/2024:09:41:51 +0000] - 366.010 ms localhost
POST /user/login 400 [11/Dec/2024:09:41:58 +0000] - 87.880 ms localhost
POST /user/login 400 [11/Dec/2024:09:42:31 +0000] - 18.350 ms localhost
GET / - [11/Dec/2024:09:45:50 +0000] - - ms localhost
POST /user/login 400 [11/Dec/2024:09:47:44 +0000] - 64.432 ms localhost
GET /login 200 [11/Dec/2024:09:53:43 +0000] - 153.612 ms localhost
GET /@vite/client 304 [11/Dec/2024:09:53:43 +0000] - 64.810 ms localhost
GET /styles.css 200 [11/Dec/2024:09:53:43 +0000] - 67.346 ms localhost
GET /polyfills.js 304 [11/Dec/2024:09:53:43 +0000] - 69.544 ms localhost
GET /main.js 200 [11/Dec/2024:09:53:43 +0000] - 134.854 ms localhost
GET /@fs/C:/Users/USER/Desktop/BroCampTasks/Angular_Project/frontend/node_modules/vite/dist/client/env.mjs 304 [11/Dec/2024:09:53:43 +0000] - 4.779 ms localhost
GET /styles.css.map 200 [11/Dec/2024:09:53:44 +0000] - 11.430 ms localhost
GET /@fs/C:/Users/USER/Desktop/BroCampTasks/Angular_Project/frontend/.angular/cache/18.2.11/frontend/vite/deps/@angular_platform-browser.js.map 304 [11/Dec/2024:09:53:44 +0000] - 22.595 ms localhost
GET /@fs/C:/Users/USER/Desktop/BroCampTasks/Angular_Project/frontend/.angular/cache/18.2.11/frontend/vite/deps/chunk-J2M542RS.js.map 304 [11/Dec/2024:09:53:44 +0000] - 44.436 ms localhost
GET /@fs/C:/Users/USER/Desktop/BroCampTasks/Angular_Project/frontend/.angular/cache/18.2.11/frontend/vite/deps/chunk-SD63G7YN.js.map 304 [11/Dec/2024:09:53:44 +0000] - 54.217 ms localhost
GET /@fs/C:/Users/USER/Desktop/BroCampTasks/Angular_Project/frontend/.angular/cache/18.2.11/frontend/vite/deps/chunk-PLMZ7O3F.js.map 304 [11/Dec/2024:09:53:44 +0000] - 88.241 ms localhost
GET /@fs/C:/Users/USER/Desktop/BroCampTasks/Angular_Project/frontend/.angular/cache/18.2.11/frontend/vite/deps/@angular_forms.js.map 304 [11/Dec/2024:09:53:44 +0000] - 178.620 ms localhost
GET /@fs/C:/Users/USER/Desktop/BroCampTasks/Angular_Project/frontend/.angular/cache/18.2.11/frontend/vite/deps/chunk-PF6LNL77.js.map 304 [11/Dec/2024:09:53:44 +0000] - 225.401 ms localhost
GET /@fs/C:/Users/USER/Desktop/BroCampTasks/Angular_Project/frontend/.angular/cache/18.2.11/frontend/vite/deps/@angular_core.js.map 304 [11/Dec/2024:09:53:44 +0000] - 219.895 ms localhost
GET /@fs/C:/Users/USER/Desktop/BroCampTasks/Angular_Project/frontend/.angular/cache/18.2.11/frontend/vite/deps/chunk-FDUYSLZ7.js.map 304 [11/Dec/2024:09:53:44 +0000] - 298.536 ms localhost
GET /@fs/C:/Users/USER/Desktop/BroCampTasks/Angular_Project/frontend/.angular/cache/18.2.11/frontend/vite/deps/@angular_router.js.map 304 [11/Dec/2024:09:53:44 +0000] - 259.256 ms localhost
GET /login.component.css.map 200 [11/Dec/2024:09:53:44 +0000] - 34.271 ms localhost
GET /@fs/C:/Users/USER/Desktop/BroCampTasks/Angular_Project/frontend/.angular/cache/18.2.11/frontend/vite/deps/rxjs.js.map 304 [11/Dec/2024:09:53:44 +0000] - 128.064 ms localhost
GET /@fs/C:/Users/USER/Desktop/BroCampTasks/Angular_Project/frontend/.angular/cache/18.2.11/frontend/vite/deps/@angular_common_http.js.map 304 [11/Dec/2024:09:53:44 +0000] - 226.482 ms localhost
GET /@fs/C:/Users/USER/Desktop/BroCampTasks/Angular_Project/frontend/.angular/cache/18.2.11/frontend/vite/deps/@angular_common.js.map 304 [11/Dec/2024:09:53:44 +0000] - 72.531 ms localhost
GET /favicon.ico 304 [11/Dec/2024:09:53:44 +0000] - 7.161 ms localhost
POST /user/login 400 [11/Dec/2024:09:53:51 +0000] - 124.687 ms localhost
GET /login 200 [11/Dec/2024:09:54:24 +0000] - 9.698 ms localhost
GET / - [11/Dec/2024:09:54:24 +0000] - - ms localhost
GET /@vite/client 304 [11/Dec/2024:09:54:24 +0000] - 8.614 ms localhost
GET /main.js 200 [11/Dec/2024:09:54:24 +0000] - 13.460 ms localhost
GET /styles.css 200 [11/Dec/2024:09:54:24 +0000] - 10.888 ms localhost
GET /polyfills.js 304 [11/Dec/2024:09:54:24 +0000] - 13.337 ms localhost
GET /styles.css.map 200 [11/Dec/2024:09:54:25 +0000] - 4.788 ms localhost
GET /@fs/C:/Users/USER/Desktop/BroCampTasks/Angular_Project/frontend/node_modules/vite/dist/client/env.mjs 304 [11/Dec/2024:09:54:25 +0000] - 5.211 ms localhost
GET /@fs/C:/Users/USER/Desktop/BroCampTasks/Angular_Project/frontend/.angular/cache/18.2.11/frontend/vite/deps/@angular_platform-browser.js.map 304 [11/Dec/2024:09:54:25 +0000] - 74.107 ms localhost
GET /@fs/C:/Users/USER/Desktop/BroCampTasks/Angular_Project/frontend/.angular/cache/18.2.11/frontend/vite/deps/@angular_router.js.map 304 [11/Dec/2024:09:54:25 +0000] - 91.421 ms localhost
GET /@fs/C:/Users/USER/Desktop/BroCampTasks/Angular_Project/frontend/.angular/cache/18.2.11/frontend/vite/deps/chunk-J2M542RS.js.map 304 [11/Dec/2024:09:54:25 +0000] - 88.501 ms localhost
GET /@fs/C:/Users/USER/Desktop/BroCampTasks/Angular_Project/frontend/.angular/cache/18.2.11/frontend/vite/deps/@angular_common.js.map 304 [11/Dec/2024:09:54:25 +0000] - 185.645 ms localhost
GET /@fs/C:/Users/USER/Desktop/BroCampTasks/Angular_Project/frontend/.angular/cache/18.2.11/frontend/vite/deps/chunk-SD63G7YN.js.map 304 [11/Dec/2024:09:54:25 +0000] - 188.379 ms localhost
GET /@fs/C:/Users/USER/Desktop/BroCampTasks/Angular_Project/frontend/.angular/cache/18.2.11/frontend/vite/deps/chunk-PLMZ7O3F.js.map 304 [11/Dec/2024:09:54:25 +0000] - 127.802 ms localhost
GET /@fs/C:/Users/USER/Desktop/BroCampTasks/Angular_Project/frontend/.angular/cache/18.2.11/frontend/vite/deps/chunk-FDUYSLZ7.js.map 304 [11/Dec/2024:09:54:25 +0000] - 250.983 ms localhost
GET /@fs/C:/Users/USER/Desktop/BroCampTasks/Angular_Project/frontend/.angular/cache/18.2.11/frontend/vite/deps/@angular_core.js.map 304 [11/Dec/2024:09:54:25 +0000] - 151.565 ms localhost
GET /@fs/C:/Users/USER/Desktop/BroCampTasks/Angular_Project/frontend/.angular/cache/18.2.11/frontend/vite/deps/chunk-PF6LNL77.js.map 304 [11/Dec/2024:09:54:25 +0000] - 160.540 ms localhost
GET /login.component.css.map 200 [11/Dec/2024:09:54:25 +0000] - 5.482 ms localhost
GET /@fs/C:/Users/USER/Desktop/BroCampTasks/Angular_Project/frontend/.angular/cache/18.2.11/frontend/vite/deps/@angular_common_http.js.map 304 [11/Dec/2024:09:54:25 +0000] - 174.340 ms localhost
GET /@fs/C:/Users/USER/Desktop/BroCampTasks/Angular_Project/frontend/.angular/cache/18.2.11/frontend/vite/deps/rxjs.js.map 304 [11/Dec/2024:09:54:25 +0000] - 168.834 ms localhost
GET /@fs/C:/Users/USER/Desktop/BroCampTasks/Angular_Project/frontend/.angular/cache/18.2.11/frontend/vite/deps/@angular_forms.js.map 304 [11/Dec/2024:09:54:25 +0000] - 170.427 ms localhost
GET /favicon.ico 304 [11/Dec/2024:09:54:25 +0000] - 14.074 ms localhost
POST /user/login 400 [11/Dec/2024:09:54:35 +0000] - 31.899 ms localhost
GET /login 200 [11/Dec/2024:09:56:16 +0000] - 8.348 ms localhost
GET / - [11/Dec/2024:09:56:16 +0000] - - ms localhost
GET /@vite/client 304 [11/Dec/2024:09:56:16 +0000] - 5.374 ms localhost
GET /styles.css 200 [11/Dec/2024:09:56:16 +0000] - 5.199 ms localhost
GET /main.js 200 [11/Dec/2024:09:56:16 +0000] - 7.658 ms localhost
GET /polyfills.js 304 [11/Dec/2024:09:56:16 +0000] - 11.401 ms localhost
GET /@fs/C:/Users/USER/Desktop/BroCampTasks/Angular_Project/frontend/node_modules/vite/dist/client/env.mjs 304 [11/Dec/2024:09:56:16 +0000] - 3.975 ms localhost
GET /styles.css.map 200 [11/Dec/2024:09:56:16 +0000] - 35.405 ms localhost
GET /@fs/C:/Users/USER/Desktop/BroCampTasks/Angular_Project/frontend/.angular/cache/18.2.11/frontend/vite/deps/@angular_platform-browser.js.map 304 [11/Dec/2024:09:56:16 +0000] - 10.400 ms localhost
GET /@fs/C:/Users/USER/Desktop/BroCampTasks/Angular_Project/frontend/.angular/cache/18.2.11/frontend/vite/deps/chunk-SD63G7YN.js.map 304 [11/Dec/2024:09:56:16 +0000] - 18.734 ms localhost
GET /@fs/C:/Users/USER/Desktop/BroCampTasks/Angular_Project/frontend/.angular/cache/18.2.11/frontend/vite/deps/chunk-J2M542RS.js.map 304 [11/Dec/2024:09:56:16 +0000] - 24.551 ms localhost
GET /@fs/C:/Users/USER/Desktop/BroCampTasks/Angular_Project/frontend/.angular/cache/18.2.11/frontend/vite/deps/chunk-PLMZ7O3F.js.map 304 [11/Dec/2024:09:56:16 +0000] - 34.071 ms localhost
GET /@fs/C:/Users/USER/Desktop/BroCampTasks/Angular_Project/frontend/.angular/cache/18.2.11/frontend/vite/deps/@angular_router.js.map 304 [11/Dec/2024:09:56:16 +0000] - 38.187 ms localhost
GET /@fs/C:/Users/USER/Desktop/BroCampTasks/Angular_Project/frontend/.angular/cache/18.2.11/frontend/vite/deps/@angular_forms.js.map 304 [11/Dec/2024:09:56:16 +0000] - 58.302 ms localhost
GET /@fs/C:/Users/USER/Desktop/BroCampTasks/Angular_Project/frontend/.angular/cache/18.2.11/frontend/vite/deps/chunk-FDUYSLZ7.js.map 304 [11/Dec/2024:09:56:16 +0000] - 235.170 ms localhost
GET /@fs/C:/Users/USER/Desktop/BroCampTasks/Angular_Project/frontend/.angular/cache/18.2.11/frontend/vite/deps/@angular_common.js.map 304 [11/Dec/2024:09:56:16 +0000] - 249.413 ms localhost
GET /@fs/C:/Users/USER/Desktop/BroCampTasks/Angular_Project/frontend/.angular/cache/18.2.11/frontend/vite/deps/@angular_core.js.map 304 [11/Dec/2024:09:56:16 +0000] - 234.476 ms localhost
GET /@fs/C:/Users/USER/Desktop/BroCampTasks/Angular_Project/frontend/.angular/cache/18.2.11/frontend/vite/deps/chunk-PF6LNL77.js.map 304 [11/Dec/2024:09:56:16 +0000] - 250.948 ms localhost
GET /@fs/C:/Users/USER/Desktop/BroCampTasks/Angular_Project/frontend/.angular/cache/18.2.11/frontend/vite/deps/@angular_common_http.js.map 304 [11/Dec/2024:09:56:16 +0000] - 241.408 ms localhost
GET /@fs/C:/Users/USER/Desktop/BroCampTasks/Angular_Project/frontend/.angular/cache/18.2.11/frontend/vite/deps/rxjs.js.map 304 [11/Dec/2024:09:56:16 +0000] - 214.362 ms localhost
GET /login.component.css.map 200 [11/Dec/2024:09:56:16 +0000] - 4.655 ms localhost
GET /favicon.ico 304 [11/Dec/2024:09:56:17 +0000] - 10.630 ms localhost
POST /user/login 400 [11/Dec/2024:09:56:24 +0000] - 24.121 ms localhost
GET /login 200 [11/Dec/2024:09:56:47 +0000] - 14.243 ms localhost
GET / - [11/Dec/2024:09:56:47 +0000] - - ms localhost
GET /@vite/client 304 [11/Dec/2024:09:56:47 +0000] - 4.414 ms localhost
GET /styles.css 200 [11/Dec/2024:09:56:47 +0000] - 16.694 ms localhost
GET /polyfills.js 304 [11/Dec/2024:09:56:47 +0000] - 17.747 ms localhost
GET /main.js 200 [11/Dec/2024:09:56:47 +0000] - 18.949 ms localhost
GET /@fs/C:/Users/USER/Desktop/BroCampTasks/Angular_Project/frontend/node_modules/vite/dist/client/env.mjs 304 [11/Dec/2024:09:56:47 +0000] - 10.549 ms localhost
GET /styles.css.map 200 [11/Dec/2024:09:56:47 +0000] - 2.861 ms localhost
GET /@fs/C:/Users/USER/Desktop/BroCampTasks/Angular_Project/frontend/.angular/cache/18.2.11/frontend/vite/deps/@angular_core.js.map 304 [11/Dec/2024:09:56:47 +0000] - 16.931 ms localhost
GET /@fs/C:/Users/USER/Desktop/BroCampTasks/Angular_Project/frontend/.angular/cache/18.2.11/frontend/vite/deps/@angular_common.js.map 304 [11/Dec/2024:09:56:47 +0000] - 15.483 ms localhost
GET /@fs/C:/Users/USER/Desktop/BroCampTasks/Angular_Project/frontend/.angular/cache/18.2.11/frontend/vite/deps/@angular_platform-browser.js.map 304 [11/Dec/2024:09:56:47 +0000] - 16.168 ms localhost
GET /@fs/C:/Users/USER/Desktop/BroCampTasks/Angular_Project/frontend/.angular/cache/18.2.11/frontend/vite/deps/@angular_forms.js.map 304 [11/Dec/2024:09:56:47 +0000] - 47.064 ms localhost
GET /@fs/C:/Users/USER/Desktop/BroCampTasks/Angular_Project/frontend/.angular/cache/18.2.11/frontend/vite/deps/chunk-SD63G7YN.js.map 304 [11/Dec/2024:09:56:47 +0000] - 46.567 ms localhost
GET /@fs/C:/Users/USER/Desktop/BroCampTasks/Angular_Project/frontend/.angular/cache/18.2.11/frontend/vite/deps/chunk-J2M542RS.js.map 304 [11/Dec/2024:09:56:47 +0000] - 47.545 ms localhost
GET /@fs/C:/Users/USER/Desktop/BroCampTasks/Angular_Project/frontend/.angular/cache/18.2.11/frontend/vite/deps/chunk-PF6LNL77.js.map 304 [11/Dec/2024:09:56:47 +0000] - 42.748 ms localhost
GET /@fs/C:/Users/USER/Desktop/BroCampTasks/Angular_Project/frontend/.angular/cache/18.2.11/frontend/vite/deps/chunk-PLMZ7O3F.js.map 304 [11/Dec/2024:09:56:47 +0000] - 50.727 ms localhost
GET /@fs/C:/Users/USER/Desktop/BroCampTasks/Angular_Project/frontend/.angular/cache/18.2.11/frontend/vite/deps/@angular_common_http.js.map 304 [11/Dec/2024:09:56:47 +0000] - 17.863 ms localhost
GET /@fs/C:/Users/USER/Desktop/BroCampTasks/Angular_Project/frontend/.angular/cache/18.2.11/frontend/vite/deps/rxjs.js.map 304 [11/Dec/2024:09:56:47 +0000] - 14.412 ms localhost
GET /@fs/C:/Users/USER/Desktop/BroCampTasks/Angular_Project/frontend/.angular/cache/18.2.11/frontend/vite/deps/@angular_router.js.map 304 [11/Dec/2024:09:56:47 +0000] - 41.086 ms localhost
GET /login.component.css.map 200 [11/Dec/2024:09:56:47 +0000] - 14.349 ms localhost
GET /@fs/C:/Users/USER/Desktop/BroCampTasks/Angular_Project/frontend/.angular/cache/18.2.11/frontend/vite/deps/chunk-FDUYSLZ7.js.map 304 [11/Dec/2024:09:56:47 +0000] - 263.317 ms localhost
GET /favicon.ico 304 [11/Dec/2024:09:56:48 +0000] - 4.582 ms localhost
POST /user/login 400 [11/Dec/2024:09:56:56 +0000] - 23.230 ms localhost
GET /user/auth/google 302 [11/Dec/2024:09:57:03 +0000] - 42.699 ms localhost
GET / - [11/Dec/2024:09:57:04 +0000] - - ms localhost
GET /user/auth/google/callback?code=4%2F0AeanS0YxcRYztbQYGkZ1GW__U-eT0BnkmdWZrpm4CS_5ZnAP1nKBqH1vlo1LNcvpaY7gtQ&scope=email+profile+openid+https%3A%2F%2Fwww.googleapis.com%2Fauth%2Fuserinfo.email+https%3A%2F%2Fwww.googleapis.com%2Fauth%2Fuserinfo.profile&authuser=1&prompt=none - [11/Dec/2024:09:57:27 +0000] - - ms localhost
GET /styles.css.map 200 [11/Dec/2024:09:57:27 +0000] - 5.584 ms localhost
GET /@fs/C:/Users/USER/Desktop/BroCampTasks/Angular_Project/frontend/.angular/cache/18.2.11/frontend/vite/deps/chunk-PLMZ7O3F.js.map 304 [11/Dec/2024:09:57:27 +0000] - 17.188 ms localhost
GET /@fs/C:/Users/USER/Desktop/BroCampTasks/Angular_Project/frontend/.angular/cache/18.2.11/frontend/vite/deps/rxjs.js.map 304 [11/Dec/2024:09:57:27 +0000] - 18.872 ms localhost
GET /@fs/C:/Users/USER/Desktop/BroCampTasks/Angular_Project/frontend/.angular/cache/18.2.11/frontend/vite/deps/@angular_platform-browser.js.map 304 [11/Dec/2024:09:57:27 +0000] - 16.357 ms localhost
GET /@fs/C:/Users/USER/Desktop/BroCampTasks/Angular_Project/frontend/.angular/cache/18.2.11/frontend/vite/deps/chunk-PF6LNL77.js.map 304 [11/Dec/2024:09:57:27 +0000] - 27.796 ms localhost
GET /@fs/C:/Users/USER/Desktop/BroCampTasks/Angular_Project/frontend/.angular/cache/18.2.11/frontend/vite/deps/@angular_forms.js.map 304 [11/Dec/2024:09:57:27 +0000] - 30.416 ms localhost
GET /@fs/C:/Users/USER/Desktop/BroCampTasks/Angular_Project/frontend/.angular/cache/18.2.11/frontend/vite/deps/chunk-SD63G7YN.js.map 304 [11/Dec/2024:09:57:27 +0000] - 28.069 ms localhost
GET /@fs/C:/Users/USER/Desktop/BroCampTasks/Angular_Project/frontend/.angular/cache/18.2.11/frontend/vite/deps/@angular_core.js.map 304 [11/Dec/2024:09:57:27 +0000] - 19.686 ms localhost
GET /@fs/C:/Users/USER/Desktop/BroCampTasks/Angular_Project/frontend/.angular/cache/18.2.11/frontend/vite/deps/chunk-J2M542RS.js.map 304 [11/Dec/2024:09:57:27 +0000] - 48.564 ms localhost
GET /@fs/C:/Users/USER/Desktop/BroCampTasks/Angular_Project/frontend/.angular/cache/18.2.11/frontend/vite/deps/@angular_common_http.js.map 304 [11/Dec/2024:09:57:27 +0000] - 58.485 ms localhost
GET /@fs/C:/Users/USER/Desktop/BroCampTasks/Angular_Project/frontend/.angular/cache/18.2.11/frontend/vite/deps/@angular_router.js.map 304 [11/Dec/2024:09:57:27 +0000] - 96.176 ms localhost
GET /@fs/C:/Users/USER/Desktop/BroCampTasks/Angular_Project/frontend/.angular/cache/18.2.11/frontend/vite/deps/@angular_common.js.map 304 [11/Dec/2024:09:57:27 +0000] - 91.084 ms localhost
GET /@fs/C:/Users/USER/Desktop/BroCampTasks/Angular_Project/frontend/.angular/cache/18.2.11/frontend/vite/deps/chunk-FDUYSLZ7.js.map 304 [11/Dec/2024:09:57:27 +0000] - 244.520 ms localhost
GET /login.component.css.map 200 [11/Dec/2024:09:57:27 +0000] - 94.858 ms localhost
GET / - [11/Dec/2024:10:01:27 +0000] - - ms localhost
GET /login 200 [11/Dec/2024:10:02:01 +0000] - 27.767 ms localhost
GET /@vite/client 304 [11/Dec/2024:10:02:01 +0000] - 4.226 ms localhost
GET /styles.css 200 [11/Dec/2024:10:02:02 +0000] - 4.404 ms localhost
GET /polyfills.js 304 [11/Dec/2024:10:02:02 +0000] - 3.257 ms localhost
GET /main.js 200 [11/Dec/2024:10:02:02 +0000] - 22.838 ms localhost
GET /@fs/C:/Users/USER/Desktop/BroCampTasks/Angular_Project/frontend/node_modules/vite/dist/client/env.mjs 304 [11/Dec/2024:10:02:02 +0000] - 3.521 ms localhost
GET /@fs/C:/Users/USER/Desktop/BroCampTasks/Angular_Project/frontend/.angular/cache/18.2.11/frontend/vite/deps/@angular_platform-browser.js.map 304 [11/Dec/2024:10:02:02 +0000] - 12.317 ms localhost
GET /@fs/C:/Users/USER/Desktop/BroCampTasks/Angular_Project/frontend/.angular/cache/18.2.11/frontend/vite/deps/chunk-SD63G7YN.js.map 304 [11/Dec/2024:10:02:02 +0000] - 28.349 ms localhost
GET /@fs/C:/Users/USER/Desktop/BroCampTasks/Angular_Project/frontend/.angular/cache/18.2.11/frontend/vite/deps/chunk-PLMZ7O3F.js.map 304 [11/Dec/2024:10:02:02 +0000] - 41.991 ms localhost
GET /@fs/C:/Users/USER/Desktop/BroCampTasks/Angular_Project/frontend/.angular/cache/18.2.11/frontend/vite/deps/chunk-J2M542RS.js.map 304 [11/Dec/2024:10:02:02 +0000] - 53.059 ms localhost
GET /@fs/C:/Users/USER/Desktop/BroCampTasks/Angular_Project/frontend/.angular/cache/18.2.11/frontend/vite/deps/chunk-PF6LNL77.js.map 304 [11/Dec/2024:10:02:02 +0000] - 65.383 ms localhost
GET /@fs/C:/Users/USER/Desktop/BroCampTasks/Angular_Project/frontend/.angular/cache/18.2.11/frontend/vite/deps/@angular_core.js.map 304 [11/Dec/2024:10:02:02 +0000] - 86.290 ms localhost
GET /@fs/C:/Users/USER/Desktop/BroCampTasks/Angular_Project/frontend/.angular/cache/18.2.11/frontend/vite/deps/chunk-FDUYSLZ7.js.map 304 [11/Dec/2024:10:02:02 +0000] - 147.983 ms localhost
GET /@fs/C:/Users/USER/Desktop/BroCampTasks/Angular_Project/frontend/.angular/cache/18.2.11/frontend/vite/deps/@angular_common_http.js.map 304 [11/Dec/2024:10:02:02 +0000] - 114.122 ms localhost
GET /@fs/C:/Users/USER/Desktop/BroCampTasks/Angular_Project/frontend/.angular/cache/18.2.11/frontend/vite/deps/@angular_router.js.map 304 [11/Dec/2024:10:02:02 +0000] - 148.740 ms localhost
GET /@fs/C:/Users/USER/Desktop/BroCampTasks/Angular_Project/frontend/.angular/cache/18.2.11/frontend/vite/deps/rxjs.js.map 304 [11/Dec/2024:10:02:02 +0000] - 123.153 ms localhost
GET /@fs/C:/Users/USER/Desktop/BroCampTasks/Angular_Project/frontend/.angular/cache/18.2.11/frontend/vite/deps/@angular_forms.js.map 304 [11/Dec/2024:10:02:02 +0000] - 110.449 ms localhost
GET /@fs/C:/Users/USER/Desktop/BroCampTasks/Angular_Project/frontend/.angular/cache/18.2.11/frontend/vite/deps/@angular_common.js.map 304 [11/Dec/2024:10:02:02 +0000] - 90.713 ms localhost
GET /login.component.css.map 200 [11/Dec/2024:10:02:03 +0000] - 2.526 ms localhost
GET /styles.css.map 200 [11/Dec/2024:10:02:03 +0000] - 11.354 ms localhost
GET /favicon.ico 304 [11/Dec/2024:10:02:04 +0000] - 3.805 ms localhost
GET /login 200 [11/Dec/2024:10:02:40 +0000] - 11.172 ms localhost
GET / - [11/Dec/2024:10:02:40 +0000] - - ms localhost
GET /polyfills.js 304 [11/Dec/2024:10:02:40 +0000] - 12.045 ms localhost
GET /main.js 200 [11/Dec/2024:10:02:40 +0000] - 11.218 ms localhost
GET /@vite/client 304 [11/Dec/2024:10:02:40 +0000] - 12.265 ms localhost
GET /styles.css 200 [11/Dec/2024:10:02:40 +0000] - 14.126 ms localhost
GET /styles.css.map 200 [11/Dec/2024:10:02:40 +0000] - 3.926 ms localhost
GET /@fs/C:/Users/USER/Desktop/BroCampTasks/Angular_Project/frontend/node_modules/vite/dist/client/env.mjs 304 [11/Dec/2024:10:02:40 +0000] - 3.964 ms localhost
GET /@fs/C:/Users/USER/Desktop/BroCampTasks/Angular_Project/frontend/.angular/cache/18.2.11/frontend/vite/deps/@angular_platform-browser.js.map 304 [11/Dec/2024:10:02:40 +0000] - 12.100 ms localhost
GET /@fs/C:/Users/USER/Desktop/BroCampTasks/Angular_Project/frontend/.angular/cache/18.2.11/frontend/vite/deps/rxjs.js.map 304 [11/Dec/2024:10:02:40 +0000] - 22.666 ms localhost
GET /@fs/C:/Users/USER/Desktop/BroCampTasks/Angular_Project/frontend/.angular/cache/18.2.11/frontend/vite/deps/@angular_common.js.map 304 [11/Dec/2024:10:02:40 +0000] - 23.271 ms localhost
GET /@fs/C:/Users/USER/Desktop/BroCampTasks/Angular_Project/frontend/.angular/cache/18.2.11/frontend/vite/deps/@angular_router.js.map 304 [11/Dec/2024:10:02:40 +0000] - 51.613 ms localhost
GET /@fs/C:/Users/USER/Desktop/BroCampTasks/Angular_Project/frontend/.angular/cache/18.2.11/frontend/vite/deps/chunk-SD63G7YN.js.map 304 [11/Dec/2024:10:02:40 +0000] - 49.876 ms localhost
GET /@fs/C:/Users/USER/Desktop/BroCampTasks/Angular_Project/frontend/.angular/cache/18.2.11/frontend/vite/deps/@angular_forms.js.map 304 [11/Dec/2024:10:02:40 +0000] - 53.292 ms localhost
GET /@fs/C:/Users/USER/Desktop/BroCampTasks/Angular_Project/frontend/.angular/cache/18.2.11/frontend/vite/deps/chunk-J2M542RS.js.map 304 [11/Dec/2024:10:02:40 +0000] - 9.711 ms localhost
GET /login.component.css.map 200 [11/Dec/2024:10:02:40 +0000] - 4.131 ms localhost
GET /@fs/C:/Users/USER/Desktop/BroCampTasks/Angular_Project/frontend/.angular/cache/18.2.11/frontend/vite/deps/@angular_core.js.map 304 [11/Dec/2024:10:02:40 +0000] - 8.887 ms localhost
GET /@fs/C:/Users/USER/Desktop/BroCampTasks/Angular_Project/frontend/.angular/cache/18.2.11/frontend/vite/deps/@angular_common_http.js.map 304 [11/Dec/2024:10:02:40 +0000] - 9.981 ms localhost
GET /@fs/C:/Users/USER/Desktop/BroCampTasks/Angular_Project/frontend/.angular/cache/18.2.11/frontend/vite/deps/chunk-PF6LNL77.js.map 304 [11/Dec/2024:10:02:40 +0000] - 79.884 ms localhost
GET /@fs/C:/Users/USER/Desktop/BroCampTasks/Angular_Project/frontend/.angular/cache/18.2.11/frontend/vite/deps/chunk-PLMZ7O3F.js.map 304 [11/Dec/2024:10:02:40 +0000] - 95.618 ms localhost
GET /@fs/C:/Users/USER/Desktop/BroCampTasks/Angular_Project/frontend/.angular/cache/18.2.11/frontend/vite/deps/chunk-FDUYSLZ7.js.map 304 [11/Dec/2024:10:02:40 +0000] - 144.969 ms localhost
GET /favicon.ico 304 [11/Dec/2024:10:02:41 +0000] - 5.235 ms localhost
GET /user/auth/google 302 [11/Dec/2024:10:02:43 +0000] - 35.847 ms localhost
GET / - [11/Dec/2024:10:02:44 +0000] - - ms localhost
GET /user/auth/google/callback?code=4%2F0AeanS0bvwzT6Dukni8xj6GdJU_bjOUM2oa3bed915koNvbMjW_22BcADvrU93t4uf2DX8Q&scope=email+profile+openid+https%3A%2F%2Fwww.googleapis.com%2Fauth%2Fuserinfo.profile+https%3A%2F%2Fwww.googleapis.com%2Fauth%2Fuserinfo.email&authuser=1&prompt=none 302 [11/Dec/2024:10:02:47 +0000] - 869.198 ms localhost
GET /googleLogin/callback 200 [11/Dec/2024:10:02:47 +0000] - 10.627 ms localhost
GET /polyfills.js 304 [11/Dec/2024:10:02:47 +0000] - 2.988 ms localhost
GET /styles.css 200 [11/Dec/2024:10:02:47 +0000] - 7.228 ms localhost
GET /@vite/client 304 [11/Dec/2024:10:02:47 +0000] - 11.233 ms localhost
GET /main.js 304 [11/Dec/2024:10:02:47 +0000] - 12.420 ms localhost
GET /@fs/C:/Users/USER/Desktop/BroCampTasks/Angular_Project/frontend/node_modules/vite/dist/client/env.mjs 304 [11/Dec/2024:10:02:48 +0000] - 4.185 ms localhost
GET /styles.css.map 200 [11/Dec/2024:10:02:48 +0000] - 9.809 ms localhost
GET /@fs/C:/Users/USER/Desktop/BroCampTasks/Angular_Project/frontend/.angular/cache/18.2.11/frontend/vite/deps/rxjs.js.map 304 [11/Dec/2024:10:02:48 +0000] - 12.492 ms localhost
GET /@fs/C:/Users/USER/Desktop/BroCampTasks/Angular_Project/frontend/.angular/cache/18.2.11/frontend/vite/deps/@angular_common.js.map 304 [11/Dec/2024:10:02:48 +0000] - 12.600 ms localhost
GET /@fs/C:/Users/USER/Desktop/BroCampTasks/Angular_Project/frontend/.angular/cache/18.2.11/frontend/vite/deps/chunk-SD63G7YN.js.map 304 [11/Dec/2024:10:02:48 +0000] - 20.705 ms localhost
GET /@fs/C:/Users/USER/Desktop/BroCampTasks/Angular_Project/frontend/.angular/cache/18.2.11/frontend/vite/deps/chunk-FDUYSLZ7.js.map 304 [11/Dec/2024:10:02:48 +0000] - 87.675 ms localhost
GET /@fs/C:/Users/USER/Desktop/BroCampTasks/Angular_Project/frontend/.angular/cache/18.2.11/frontend/vite/deps/@angular_platform-browser.js.map 304 [11/Dec/2024:10:02:48 +0000] - 76.376 ms localhost
GET /@fs/C:/Users/USER/Desktop/BroCampTasks/Angular_Project/frontend/.angular/cache/18.2.11/frontend/vite/deps/chunk-J2M542RS.js.map 304 [11/Dec/2024:10:02:48 +0000] - 103.673 ms localhost
GET /@fs/C:/Users/USER/Desktop/BroCampTasks/Angular_Project/frontend/.angular/cache/18.2.11/frontend/vite/deps/chunk-PLMZ7O3F.js.map 304 [11/Dec/2024:10:02:48 +0000] - 195.632 ms localhost
GET /@fs/C:/Users/USER/Desktop/BroCampTasks/Angular_Project/frontend/.angular/cache/18.2.11/frontend/vite/deps/chunk-PF6LNL77.js.map 304 [11/Dec/2024:10:02:48 +0000] - 213.528 ms localhost
GET /@fs/C:/Users/USER/Desktop/BroCampTasks/Angular_Project/frontend/.angular/cache/18.2.11/frontend/vite/deps/@angular_router.js.map 304 [11/Dec/2024:10:02:48 +0000] - 195.558 ms localhost
GET /@fs/C:/Users/USER/Desktop/BroCampTasks/Angular_Project/frontend/.angular/cache/18.2.11/frontend/vite/deps/@angular_core.js.map 304 [11/Dec/2024:10:02:48 +0000] - 209.081 ms localhost
GET /@fs/C:/Users/USER/Desktop/BroCampTasks/Angular_Project/frontend/.angular/cache/18.2.11/frontend/vite/deps/@angular_common_http.js.map 304 [11/Dec/2024:10:02:48 +0000] - 164.957 ms localhost
GET /@fs/C:/Users/USER/Desktop/BroCampTasks/Angular_Project/frontend/.angular/cache/18.2.11/frontend/vite/deps/@angular_forms.js.map 304 [11/Dec/2024:10:02:48 +0000] - 174.646 ms localhost
GET /user/data 400 [11/Dec/2024:10:02:48 +0000] - 42.110 ms localhost
GET /googleLogin/callback 200 [11/Dec/2024:10:03:14 +0000] - 12.795 ms localhost
GET / - [11/Dec/2024:10:03:14 +0000] - - ms localhost
GET /styles.css 200 [11/Dec/2024:10:03:14 +0000] - 8.474 ms localhost
GET /@vite/client 304 [11/Dec/2024:10:03:14 +0000] - 12.146 ms localhost
GET /polyfills.js 304 [11/Dec/2024:10:03:14 +0000] - 11.366 ms localhost
GET /main.js 200 [11/Dec/2024:10:03:14 +0000] - 13.736 ms localhost
GET /styles.css.map 200 [11/Dec/2024:10:03:14 +0000] - 7.716 ms localhost
GET /@fs/C:/Users/USER/Desktop/BroCampTasks/Angular_Project/frontend/node_modules/vite/dist/client/env.mjs 304 [11/Dec/2024:10:03:14 +0000] - 3.311 ms localhost
GET /@fs/C:/Users/USER/Desktop/BroCampTasks/Angular_Project/frontend/.angular/cache/18.2.11/frontend/vite/deps/@angular_platform-browser.js.map 304 [11/Dec/2024:10:03:15 +0000] - 13.834 ms localhost
GET /@fs/C:/Users/USER/Desktop/BroCampTasks/Angular_Project/frontend/.angular/cache/18.2.11/frontend/vite/deps/chunk-J2M542RS.js.map 304 [11/Dec/2024:10:03:15 +0000] - 25.701 ms localhost
GET /@fs/C:/Users/USER/Desktop/BroCampTasks/Angular_Project/frontend/.angular/cache/18.2.11/frontend/vite/deps/rxjs.js.map 304 [11/Dec/2024:10:03:15 +0000] - 20.600 ms localhost
GET /@fs/C:/Users/USER/Desktop/BroCampTasks/Angular_Project/frontend/.angular/cache/18.2.11/frontend/vite/deps/@angular_router.js.map 304 [11/Dec/2024:10:03:15 +0000] - 26.168 ms localhost
GET /@fs/C:/Users/USER/Desktop/BroCampTasks/Angular_Project/frontend/.angular/cache/18.2.11/frontend/vite/deps/chunk-PLMZ7O3F.js.map 304 [11/Dec/2024:10:03:15 +0000] - 41.263 ms localhost
GET /@fs/C:/Users/USER/Desktop/BroCampTasks/Angular_Project/frontend/.angular/cache/18.2.11/frontend/vite/deps/@angular_forms.js.map 304 [11/Dec/2024:10:03:15 +0000] - 106.973 ms localhost
GET /user/data 400 [11/Dec/2024:10:03:15 +0000] - 61.280 ms localhost
GET /@fs/C:/Users/USER/Desktop/BroCampTasks/Angular_Project/frontend/.angular/cache/18.2.11/frontend/vite/deps/chunk-FDUYSLZ7.js.map 304 [11/Dec/2024:10:03:15 +0000] - 295.944 ms localhost
GET /@fs/C:/Users/USER/Desktop/BroCampTasks/Angular_Project/frontend/.angular/cache/18.2.11/frontend/vite/deps/@angular_common.js.map 304 [11/Dec/2024:10:03:15 +0000] - 272.598 ms localhost
GET /@fs/C:/Users/USER/Desktop/BroCampTasks/Angular_Project/frontend/.angular/cache/18.2.11/frontend/vite/deps/chunk-SD63G7YN.js.map 304 [11/Dec/2024:10:03:15 +0000] - 276.491 ms localhost
GET /@fs/C:/Users/USER/Desktop/BroCampTasks/Angular_Project/frontend/.angular/cache/18.2.11/frontend/vite/deps/chunk-PF6LNL77.js.map 304 [11/Dec/2024:10:03:15 +0000] - 283.127 ms localhost
GET /googleLogin/login.component.css.map 404 [11/Dec/2024:10:03:15 +0000] - 42.439 ms localhost
GET /@fs/C:/Users/USER/Desktop/BroCampTasks/Angular_Project/frontend/.angular/cache/18.2.11/frontend/vite/deps/@angular_core.js.map 304 [11/Dec/2024:10:03:15 +0000] - 584.728 ms localhost
GET /@fs/C:/Users/USER/Desktop/BroCampTasks/Angular_Project/frontend/.angular/cache/18.2.11/frontend/vite/deps/@angular_common_http.js.map 304 [11/Dec/2024:10:03:15 +0000] - 359.462 ms localhost
GET /favicon.ico 304 [11/Dec/2024:10:03:15 +0000] - 4.310 ms localhost
GET /login 200 [11/Dec/2024:10:04:07 +0000] - 14.140 ms localhost
GET / - [11/Dec/2024:10:04:07 +0000] - - ms localhost
GET /polyfills.js 304 [11/Dec/2024:10:04:08 +0000] - 5.162 ms localhost
GET /@vite/client 304 [11/Dec/2024:10:04:08 +0000] - 10.030 ms localhost
GET /styles.css 200 [11/Dec/2024:10:04:08 +0000] - 9.979 ms localhost
GET /main.js 200 [11/Dec/2024:10:04:08 +0000] - 15.418 ms localhost
GET /styles.css.map 200 [11/Dec/2024:10:04:08 +0000] - 3.498 ms localhost
GET /@fs/C:/Users/USER/Desktop/BroCampTasks/Angular_Project/frontend/node_modules/vite/dist/client/env.mjs 304 [11/Dec/2024:10:04:08 +0000] - 3.277 ms localhost
GET /@fs/C:/Users/USER/Desktop/BroCampTasks/Angular_Project/frontend/.angular/cache/18.2.11/frontend/vite/deps/@angular_platform-browser.js.map 304 [11/Dec/2024:10:04:08 +0000] - 15.219 ms localhost
GET /@fs/C:/Users/USER/Desktop/BroCampTasks/Angular_Project/frontend/.angular/cache/18.2.11/frontend/vite/deps/chunk-J2M542RS.js.map 304 [11/Dec/2024:10:04:08 +0000] - 19.260 ms localhost
GET /@fs/C:/Users/USER/Desktop/BroCampTasks/Angular_Project/frontend/.angular/cache/18.2.11/frontend/vite/deps/chunk-SD63G7YN.js.map 304 [11/Dec/2024:10:04:08 +0000] - 25.071 ms localhost
GET /@fs/C:/Users/USER/Desktop/BroCampTasks/Angular_Project/frontend/.angular/cache/18.2.11/frontend/vite/deps/chunk-PLMZ7O3F.js.map 304 [11/Dec/2024:10:04:08 +0000] - 28.319 ms localhost
GET /@fs/C:/Users/USER/Desktop/BroCampTasks/Angular_Project/frontend/.angular/cache/18.2.11/frontend/vite/deps/chunk-PF6LNL77.js.map 304 [11/Dec/2024:10:04:08 +0000] - 49.407 ms localhost
GET /@fs/C:/Users/USER/Desktop/BroCampTasks/Angular_Project/frontend/.angular/cache/18.2.11/frontend/vite/deps/@angular_core.js.map 304 [11/Dec/2024:10:04:08 +0000] - 44.626 ms localhost
GET /@fs/C:/Users/USER/Desktop/BroCampTasks/Angular_Project/frontend/.angular/cache/18.2.11/frontend/vite/deps/chunk-FDUYSLZ7.js.map 304 [11/Dec/2024:10:04:08 +0000] - 208.555 ms localhost
GET /@fs/C:/Users/USER/Desktop/BroCampTasks/Angular_Project/frontend/.angular/cache/18.2.11/frontend/vite/deps/@angular_router.js.map 304 [11/Dec/2024:10:04:08 +0000] - 199.972 ms localhost
GET /@fs/C:/Users/USER/Desktop/BroCampTasks/Angular_Project/frontend/.angular/cache/18.2.11/frontend/vite/deps/@angular_common.js.map 304 [11/Dec/2024:10:04:08 +0000] - 184.547 ms localhost
GET /@fs/C:/Users/USER/Desktop/BroCampTasks/Angular_Project/frontend/.angular/cache/18.2.11/frontend/vite/deps/@angular_common_http.js.map 304 [11/Dec/2024:10:04:08 +0000] - 186.518 ms localhost
GET /@fs/C:/Users/USER/Desktop/BroCampTasks/Angular_Project/frontend/.angular/cache/18.2.11/frontend/vite/deps/rxjs.js.map 304 [11/Dec/2024:10:04:08 +0000] - 156.281 ms localhost
GET /@fs/C:/Users/USER/Desktop/BroCampTasks/Angular_Project/frontend/.angular/cache/18.2.11/frontend/vite/deps/@angular_forms.js.map 304 [11/Dec/2024:10:04:08 +0000] - 184.466 ms localhost
GET /login.component.css.map 200 [11/Dec/2024:10:04:08 +0000] - 23.250 ms localhost
GET /favicon.ico 304 [11/Dec/2024:10:04:08 +0000] - 5.982 ms localhost
GET /login 200 [11/Dec/2024:10:04:15 +0000] - 11.743 ms localhost
GET / - [11/Dec/2024:10:04:15 +0000] - - ms localhost
GET /@vite/client 304 [11/Dec/2024:10:04:15 +0000] - 4.301 ms localhost
GET /styles.css 200 [11/Dec/2024:10:04:15 +0000] - 4.272 ms localhost
GET /main.js 304 [11/Dec/2024:10:04:15 +0000] - 3.717 ms localhost
GET /polyfills.js 304 [11/Dec/2024:10:04:15 +0000] - 6.151 ms localhost
GET /@fs/C:/Users/USER/Desktop/BroCampTasks/Angular_Project/frontend/node_modules/vite/dist/client/env.mjs 304 [11/Dec/2024:10:04:15 +0000] - 3.426 ms localhost
GET /styles.css.map 200 [11/Dec/2024:10:04:15 +0000] - 4.982 ms localhost
GET /@fs/C:/Users/USER/Desktop/BroCampTasks/Angular_Project/frontend/.angular/cache/18.2.11/frontend/vite/deps/chunk-SD63G7YN.js.map 304 [11/Dec/2024:10:04:16 +0000] - 16.163 ms localhost
GET /@fs/C:/Users/USER/Desktop/BroCampTasks/Angular_Project/frontend/.angular/cache/18.2.11/frontend/vite/deps/chunk-J2M542RS.js.map 304 [11/Dec/2024:10:04:16 +0000] - 21.235 ms localhost
GET /@fs/C:/Users/USER/Desktop/BroCampTasks/Angular_Project/frontend/.angular/cache/18.2.11/frontend/vite/deps/@angular_platform-browser.js.map 304 [11/Dec/2024:10:04:16 +0000] - 30.621 ms localhost
GET /@fs/C:/Users/USER/Desktop/BroCampTasks/Angular_Project/frontend/.angular/cache/18.2.11/frontend/vite/deps/chunk-PLMZ7O3F.js.map 304 [11/Dec/2024:10:04:16 +0000] - 29.783 ms localhost
GET /@fs/C:/Users/USER/Desktop/BroCampTasks/Angular_Project/frontend/.angular/cache/18.2.11/frontend/vite/deps/chunk-PF6LNL77.js.map 304 [11/Dec/2024:10:04:16 +0000] - 33.671 ms localhost
GET /@fs/C:/Users/USER/Desktop/BroCampTasks/Angular_Project/frontend/.angular/cache/18.2.11/frontend/vite/deps/chunk-FDUYSLZ7.js.map 304 [11/Dec/2024:10:04:16 +0000] - 153.963 ms localhost
GET /@fs/C:/Users/USER/Desktop/BroCampTasks/Angular_Project/frontend/.angular/cache/18.2.11/frontend/vite/deps/@angular_core.js.map 304 [11/Dec/2024:10:04:16 +0000] - 138.549 ms localhost
GET /@fs/C:/Users/USER/Desktop/BroCampTasks/Angular_Project/frontend/.angular/cache/18.2.11/frontend/vite/deps/@angular_router.js.map 304 [11/Dec/2024:10:04:16 +0000] - 142.625 ms localhost
GET /@fs/C:/Users/USER/Desktop/BroCampTasks/Angular_Project/frontend/.angular/cache/18.2.11/frontend/vite/deps/@angular_common_http.js.map 304 [11/Dec/2024:10:04:16 +0000] - 131.067 ms localhost
GET /login.component.css.map 200 [11/Dec/2024:10:04:16 +0000] - 17.378 ms localhost
GET /@fs/C:/Users/USER/Desktop/BroCampTasks/Angular_Project/frontend/.angular/cache/18.2.11/frontend/vite/deps/rxjs.js.map 304 [11/Dec/2024:10:04:16 +0000] - 144.626 ms localhost
GET /@fs/C:/Users/USER/Desktop/BroCampTasks/Angular_Project/frontend/.angular/cache/18.2.11/frontend/vite/deps/@angular_forms.js.map 304 [11/Dec/2024:10:04:16 +0000] - 150.802 ms localhost
GET /@fs/C:/Users/USER/Desktop/BroCampTasks/Angular_Project/frontend/.angular/cache/18.2.11/frontend/vite/deps/@angular_common.js.map 304 [11/Dec/2024:10:04:16 +0000] - 37.376 ms localhost
GET /favicon.ico 304 [11/Dec/2024:10:04:16 +0000] - 8.690 ms localhost
GET /user/auth/google 302 [11/Dec/2024:10:04:18 +0000] - 13.154 ms localhost
GET / - [11/Dec/2024:10:04:18 +0000] - - ms localhost
GET /user/auth/google/callback?code=4%2F0AeanS0a1Dze0sobX7yUmRJqNGAtVDoIuYvRq59xtYRLRM2qJhhdvIU2XIe_WLwUgSlHMfw&scope=email+profile+https%3A%2F%2Fwww.googleapis.com%2Fauth%2Fuserinfo.email+https%3A%2F%2Fwww.googleapis.com%2Fauth%2Fuserinfo.profile+openid&authuser=1&prompt=none 302 [11/Dec/2024:10:04:21 +0000] - 371.240 ms localhost
GET /googleLogin/callback 200 [11/Dec/2024:10:04:21 +0000] - 10.394 ms localhost
GET /styles.css 200 [11/Dec/2024:10:04:21 +0000] - 4.477 ms localhost
GET /@vite/client 304 [11/Dec/2024:10:04:21 +0000] - 6.014 ms localhost
GET /polyfills.js 304 [11/Dec/2024:10:04:21 +0000] - 4.462 ms localhost
GET /main.js 304 [11/Dec/2024:10:04:21 +0000] - 4.177 ms localhost
GET /styles.css.map 200 [11/Dec/2024:10:04:21 +0000] - 6.114 ms localhost
GET /@fs/C:/Users/USER/Desktop/BroCampTasks/Angular_Project/frontend/node_modules/vite/dist/client/env.mjs 304 [11/Dec/2024:10:04:22 +0000] - 2.373 ms localhost
GET /@fs/C:/Users/USER/Desktop/BroCampTasks/Angular_Project/frontend/.angular/cache/18.2.11/frontend/vite/deps/@angular_platform-browser.js.map 304 [11/Dec/2024:10:04:22 +0000] - 15.621 ms localhost
GET /@fs/C:/Users/USER/Desktop/BroCampTasks/Angular_Project/frontend/.angular/cache/18.2.11/frontend/vite/deps/chunk-SD63G7YN.js.map 304 [11/Dec/2024:10:04:22 +0000] - 16.884 ms localhost
GET /@fs/C:/Users/USER/Desktop/BroCampTasks/Angular_Project/frontend/.angular/cache/18.2.11/frontend/vite/deps/chunk-J2M542RS.js.map 304 [11/Dec/2024:10:04:22 +0000] - 18.424 ms localhost
GET /@fs/C:/Users/USER/Desktop/BroCampTasks/Angular_Project/frontend/.angular/cache/18.2.11/frontend/vite/deps/chunk-PLMZ7O3F.js.map 304 [11/Dec/2024:10:04:22 +0000] - 25.798 ms localhost
GET /@fs/C:/Users/USER/Desktop/BroCampTasks/Angular_Project/frontend/.angular/cache/18.2.11/frontend/vite/deps/chunk-PF6LNL77.js.map 304 [11/Dec/2024:10:04:22 +0000] - 31.333 ms localhost
GET /@fs/C:/Users/USER/Desktop/BroCampTasks/Angular_Project/frontend/.angular/cache/18.2.11/frontend/vite/deps/chunk-FDUYSLZ7.js.map 304 [11/Dec/2024:10:04:22 +0000] - 87.667 ms localhost
GET /user/data 400 [11/Dec/2024:10:04:22 +0000] - 25.055 ms localhost
GET /@fs/C:/Users/USER/Desktop/BroCampTasks/Angular_Project/frontend/.angular/cache/18.2.11/frontend/vite/deps/@angular_core.js.map 304 [11/Dec/2024:10:04:22 +0000] - 115.658 ms localhost
GET /@fs/C:/Users/USER/Desktop/BroCampTasks/Angular_Project/frontend/.angular/cache/18.2.11/frontend/vite/deps/rxjs.js.map 304 [11/Dec/2024:10:04:22 +0000] - 116.606 ms localhost
GET /@fs/C:/Users/USER/Desktop/BroCampTasks/Angular_Project/frontend/.angular/cache/18.2.11/frontend/vite/deps/@angular_common_http.js.map 304 [11/Dec/2024:10:04:22 +0000] - 136.655 ms localhost
GET /@fs/C:/Users/USER/Desktop/BroCampTasks/Angular_Project/frontend/.angular/cache/18.2.11/frontend/vite/deps/@angular_router.js.map 304 [11/Dec/2024:10:04:22 +0000] - 145.305 ms localhost
GET /@fs/C:/Users/USER/Desktop/BroCampTasks/Angular_Project/frontend/.angular/cache/18.2.11/frontend/vite/deps/@angular_forms.js.map 304 [11/Dec/2024:10:04:22 +0000] - 140.074 ms localhost
GET /@fs/C:/Users/USER/Desktop/BroCampTasks/Angular_Project/frontend/.angular/cache/18.2.11/frontend/vite/deps/@angular_common.js.map 304 [11/Dec/2024:10:04:22 +0000] - 73.818 ms localhost
GET /googleLogin/login.component.css.map 404 [11/Dec/2024:10:04:22 +0000] - 8.593 ms localhost
GET / - [11/Dec/2024:10:08:22 +0000] - - ms localhost
GET /login 200 [11/Dec/2024:10:37:34 +0000] - 889.547 ms localhost
GET /@vite/client 304 [11/Dec/2024:10:37:35 +0000] - 12.156 ms localhost
GET /styles.css 200 [11/Dec/2024:10:37:36 +0000] - 30.906 ms localhost
GET /polyfills.js 304 [11/Dec/2024:10:37:37 +0000] - 5.180 ms localhost
GET /main.js 304 [11/Dec/2024:10:37:37 +0000] - 6.551 ms localhost
GET /@fs/C:/Users/USER/Desktop/BroCampTasks/Angular_Project/frontend/node_modules/vite/dist/client/env.mjs 304 [11/Dec/2024:10:37:38 +0000] - 85.452 ms localhost
GET /@fs/C:/Users/USER/Desktop/BroCampTasks/Angular_Project/frontend/.angular/cache/18.2.11/frontend/vite/deps/@angular_platform-browser.js.map 304 [11/Dec/2024:10:37:40 +0000] - 173.871 ms localhost
GET /@fs/C:/Users/USER/Desktop/BroCampTasks/Angular_Project/frontend/.angular/cache/18.2.11/frontend/vite/deps/chunk-PLMZ7O3F.js.map 304 [11/Dec/2024:10:37:40 +0000] - 251.587 ms localhost
GET /@fs/C:/Users/USER/Desktop/BroCampTasks/Angular_Project/frontend/.angular/cache/18.2.11/frontend/vite/deps/chunk-PF6LNL77.js.map 304 [11/Dec/2024:10:37:40 +0000] - 346.705 ms localhost
GET /@fs/C:/Users/USER/Desktop/BroCampTasks/Angular_Project/frontend/.angular/cache/18.2.11/frontend/vite/deps/chunk-J2M542RS.js.map 304 [11/Dec/2024:10:37:40 +0000] - 376.409 ms localhost
GET /@fs/C:/Users/USER/Desktop/BroCampTasks/Angular_Project/frontend/.angular/cache/18.2.11/frontend/vite/deps/chunk-SD63G7YN.js.map 304 [11/Dec/2024:10:37:40 +0000] - 378.052 ms localhost
GET /@fs/C:/Users/USER/Desktop/BroCampTasks/Angular_Project/frontend/.angular/cache/18.2.11/frontend/vite/deps/chunk-FDUYSLZ7.js.map 304 [11/Dec/2024:10:37:41 +0000] - 960.437 ms localhost
GET /@fs/C:/Users/USER/Desktop/BroCampTasks/Angular_Project/frontend/.angular/cache/18.2.11/frontend/vite/deps/@angular_core.js.map 304 [11/Dec/2024:10:37:41 +0000] - 808.362 ms localhost
GET /favicon.ico 304 [11/Dec/2024:10:37:41 +0000] - 7.061 ms localhost
GET /@fs/C:/Users/USER/Desktop/BroCampTasks/Angular_Project/frontend/.angular/cache/18.2.11/frontend/vite/deps/@angular_common_http.js.map 304 [11/Dec/2024:10:37:41 +0000] - 5.116 ms localhost
GET /@fs/C:/Users/USER/Desktop/BroCampTasks/Angular_Project/frontend/.angular/cache/18.2.11/frontend/vite/deps/rxjs.js.map 304 [11/Dec/2024:10:37:41 +0000] - 6.381 ms localhost
GET /@fs/C:/Users/USER/Desktop/BroCampTasks/Angular_Project/frontend/.angular/cache/18.2.11/frontend/vite/deps/@angular_forms.js.map 304 [11/Dec/2024:10:37:41 +0000] - 43.713 ms localhost
GET /@fs/C:/Users/USER/Desktop/BroCampTasks/Angular_Project/frontend/.angular/cache/18.2.11/frontend/vite/deps/@angular_common.js.map 304 [11/Dec/2024:10:37:41 +0000] - 7.013 ms localhost
GET /@fs/C:/Users/USER/Desktop/BroCampTasks/Angular_Project/frontend/.angular/cache/18.2.11/frontend/vite/deps/@angular_router.js.map 304 [11/Dec/2024:10:37:41 +0000] - 316.930 ms localhost
GET /styles.css.map 200 [11/Dec/2024:10:37:42 +0000] - 16.611 ms localhost
GET /login.component.css.map 200 [11/Dec/2024:10:37:42 +0000] - 2.443 ms localhost
GET / - [11/Dec/2024:10:41:38 +0000] - - ms localhost
