GET /users 200 [23/Nov/2024:19:35:38 +0000] - 8.106 ms localhost
GET /@vite/client 304 [23/Nov/2024:19:35:39 +0000] - 3.868 ms localhost
GET /styles.css 200 [23/Nov/2024:19:35:39 +0000] - 5.187 ms localhost
GET /polyfills.js 304 [23/Nov/2024:19:35:39 +0000] - 5.092 ms localhost
GET /main.js 304 [23/Nov/2024:19:35:39 +0000] - 5.129 ms localhost
GET /styles.css.map 200 [23/Nov/2024:19:35:39 +0000] - 3.272 ms localhost
GET /@fs/C:/Users/USER/Desktop/BroCampTasks/Angular_Project/frontend/node_modules/vite/dist/client/env.mjs 304 [23/Nov/2024:19:35:39 +0000] - 3.917 ms localhost
GET /@fs/C:/Users/USER/Desktop/BroCampTasks/Angular_Project/frontend/.angular/cache/18.2.11/frontend/vite/deps/@angular_platform-browser.js.map 304 [23/Nov/2024:19:35:40 +0000] - 16.673 ms localhost
GET /@fs/C:/Users/USER/Desktop/BroCampTasks/Angular_Project/frontend/.angular/cache/18.2.11/frontend/vite/deps/chunk-4OVHQ62L.js.map 304 [23/Nov/2024:19:35:40 +0000] - 16.573 ms localhost
GET /@fs/C:/Users/USER/Desktop/BroCampTasks/Angular_Project/frontend/.angular/cache/18.2.11/frontend/vite/deps/chunk-Z62E56CR.js.map 304 [23/Nov/2024:19:35:40 +0000] - 20.188 ms localhost
GET /@fs/C:/Users/USER/Desktop/BroCampTasks/Angular_Project/frontend/.angular/cache/18.2.11/frontend/vite/deps/chunk-OZJ6AC3W.js.map 304 [23/Nov/2024:19:35:40 +0000] - 23.107 ms localhost
GET /@fs/C:/Users/USER/Desktop/BroCampTasks/Angular_Project/frontend/.angular/cache/18.2.11/frontend/vite/deps/@angular_core.js.map 304 [23/Nov/2024:19:35:40 +0000] - 24.767 ms localhost
GET /@fs/C:/Users/USER/Desktop/BroCampTasks/Angular_Project/frontend/.angular/cache/18.2.11/frontend/vite/deps/chunk-EHVSD3XR.js.map 304 [23/Nov/2024:19:35:40 +0000] - 265.765 ms localhost
GET /login.component.css.map 200 [23/Nov/2024:19:35:40 +0000] - 249.848 ms localhost
GET /@fs/C:/Users/USER/Desktop/BroCampTasks/Angular_Project/frontend/.angular/cache/18.2.11/frontend/vite/deps/@angular_router.js.map 304 [23/Nov/2024:19:35:40 +0000] - 350.142 ms localhost
GET /favicon.ico 304 [23/Nov/2024:19:35:40 +0000] - 67.252 ms localhost
GET /@fs/C:/Users/USER/Desktop/BroCampTasks/Angular_Project/frontend/.angular/cache/18.2.11/frontend/vite/deps/@angular_common_http.js.map 304 [23/Nov/2024:19:35:40 +0000] - 380.625 ms localhost
GET /@fs/C:/Users/USER/Desktop/BroCampTasks/Angular_Project/frontend/.angular/cache/18.2.11/frontend/vite/deps/@angular_forms.js.map 304 [23/Nov/2024:19:35:40 +0000] - 413.689 ms localhost
GET /@fs/C:/Users/USER/Desktop/BroCampTasks/Angular_Project/frontend/.angular/cache/18.2.11/frontend/vite/deps/@angular_common.js.map 304 [23/Nov/2024:19:35:40 +0000] - 449.211 ms localhost
POST /user/login 200 [23/Nov/2024:19:36:09 +0000] - 107.615 ms localhost
GET /dashboard.component.css.map 200 [23/Nov/2024:19:36:09 +0000] - 4.350 ms localhost
GET /user/users 304 [23/Nov/2024:19:36:12 +0000] - 18.714 ms localhost
GET /user/logout 304 [23/Nov/2024:19:36:45 +0000] - 4.016 ms localhost
GET /login.component.css.map 200 [23/Nov/2024:19:36:45 +0000] - 3.366 ms localhost
POST /user/login 200 [23/Nov/2024:19:36:54 +0000] - 291.374 ms localhost
GET /dashboard.component.css.map 200 [23/Nov/2024:19:36:54 +0000] - 46.230 ms localhost
GET /user/users 304 [23/Nov/2024:19:36:56 +0000] - 26.784 ms localhost
GET / - [23/Nov/2024:19:39:39 +0000] - - ms localhost
GET /user/logout 304 [23/Nov/2024:19:45:39 +0000] - 8.711 ms localhost
GET /login.component.css.map 200 [23/Nov/2024:19:45:39 +0000] - 5.052 ms localhost
GET /login 200 [23/Nov/2024:22:15:03 +0000] - 112.485 ms localhost
GET /@vite/client 304 [23/Nov/2024:22:15:03 +0000] - 9.489 ms localhost
GET /styles.css 200 [23/Nov/2024:22:15:03 +0000] - 16.328 ms localhost
GET /main.js 200 [23/Nov/2024:22:15:03 +0000] - 46.821 ms localhost
GET /polyfills.js 304 [23/Nov/2024:22:15:03 +0000] - 44.724 ms localhost
GET /@fs/C:/Users/USER/Desktop/BroCampTasks/Angular_Project/frontend/node_modules/vite/dist/client/env.mjs 304 [23/Nov/2024:22:15:03 +0000] - 4.123 ms localhost
GET /styles.css.map 200 [23/Nov/2024:22:15:03 +0000] - 14.771 ms localhost
GET /@fs/C:/Users/USER/Desktop/BroCampTasks/Angular_Project/frontend/.angular/cache/18.2.11/frontend/vite/deps/@angular_core.js.map 304 [23/Nov/2024:22:15:03 +0000] - 85.822 ms localhost
GET /@fs/C:/Users/USER/Desktop/BroCampTasks/Angular_Project/frontend/.angular/cache/18.2.11/frontend/vite/deps/chunk-Z62E56CR.js.map 304 [23/Nov/2024:22:15:04 +0000] - 529.374 ms localhost
GET /@fs/C:/Users/USER/Desktop/BroCampTasks/Angular_Project/frontend/.angular/cache/18.2.11/frontend/vite/deps/chunk-EHVSD3XR.js.map 304 [23/Nov/2024:22:15:04 +0000] - 701.437 ms localhost
GET /favicon.ico 304 [23/Nov/2024:22:15:04 +0000] - 223.023 ms localhost
GET /@fs/C:/Users/USER/Desktop/BroCampTasks/Angular_Project/frontend/.angular/cache/18.2.11/frontend/vite/deps/chunk-OZJ6AC3W.js.map 304 [23/Nov/2024:22:15:04 +0000] - 650.211 ms localhost
GET /@fs/C:/Users/USER/Desktop/BroCampTasks/Angular_Project/frontend/.angular/cache/18.2.11/frontend/vite/deps/@angular_platform-browser.js.map 304 [23/Nov/2024:22:15:04 +0000] - 821.133 ms localhost
GET /login.component.css.map 200 [23/Nov/2024:22:15:04 +0000] - 54.533 ms localhost
GET /@fs/C:/Users/USER/Desktop/BroCampTasks/Angular_Project/frontend/.angular/cache/18.2.11/frontend/vite/deps/@angular_router.js.map 304 [23/Nov/2024:22:15:04 +0000] - 726.469 ms localhost
GET /@fs/C:/Users/USER/Desktop/BroCampTasks/Angular_Project/frontend/.angular/cache/18.2.11/frontend/vite/deps/chunk-4OVHQ62L.js.map 304 [23/Nov/2024:22:15:04 +0000] - 543.021 ms localhost
GET /@fs/C:/Users/USER/Desktop/BroCampTasks/Angular_Project/frontend/.angular/cache/18.2.11/frontend/vite/deps/@angular_common.js.map 304 [23/Nov/2024:22:15:04 +0000] - 99.433 ms localhost
GET /@fs/C:/Users/USER/Desktop/BroCampTasks/Angular_Project/frontend/.angular/cache/18.2.11/frontend/vite/deps/@angular_common_http.js.map 304 [23/Nov/2024:22:15:04 +0000] - 99.516 ms localhost
GET /@fs/C:/Users/USER/Desktop/BroCampTasks/Angular_Project/frontend/.angular/cache/18.2.11/frontend/vite/deps/@angular_forms.js.map 304 [23/Nov/2024:22:15:04 +0000] - 96.296 ms localhost
POST /user/login 200 [23/Nov/2024:22:15:15 +0000] - 1083.731 ms localhost
GET /dashboard.component.css.map 200 [23/Nov/2024:22:15:15 +0000] - 7.694 ms localhost
GET /user/users 200 [23/Nov/2024:22:15:19 +0000] - 26.422 ms localhost
GET /users 200 [23/Nov/2024:22:17:01 +0000] - 11.441 ms localhost
GET / - [23/Nov/2024:22:17:01 +0000] - - ms localhost
GET /@vite/client 304 [23/Nov/2024:22:17:01 +0000] - 22.606 ms localhost
GET /styles.css 200 [23/Nov/2024:22:17:01 +0000] - 10.385 ms localhost
GET /polyfills.js 304 [23/Nov/2024:22:17:01 +0000] - 11.714 ms localhost
GET /main.js 200 [23/Nov/2024:22:17:01 +0000] - 16.406 ms localhost
GET /@fs/C:/Users/USER/Desktop/BroCampTasks/Angular_Project/frontend/node_modules/vite/dist/client/env.mjs 304 [23/Nov/2024:22:17:01 +0000] - 3.444 ms localhost
GET /styles.css.map 200 [23/Nov/2024:22:17:01 +0000] - 6.252 ms localhost
GET /@fs/C:/Users/USER/Desktop/BroCampTasks/Angular_Project/frontend/.angular/cache/18.2.11/frontend/vite/deps/chunk-4OVHQ62L.js.map 304 [23/Nov/2024:22:17:02 +0000] - 21.018 ms localhost
GET /@fs/C:/Users/USER/Desktop/BroCampTasks/Angular_Project/frontend/.angular/cache/18.2.11/frontend/vite/deps/@angular_platform-browser.js.map 304 [23/Nov/2024:22:17:02 +0000] - 25.538 ms localhost
GET /@fs/C:/Users/USER/Desktop/BroCampTasks/Angular_Project/frontend/.angular/cache/18.2.11/frontend/vite/deps/chunk-Z62E56CR.js.map 304 [23/Nov/2024:22:17:02 +0000] - 32.200 ms localhost
GET /@fs/C:/Users/USER/Desktop/BroCampTasks/Angular_Project/frontend/.angular/cache/18.2.11/frontend/vite/deps/@angular_core.js.map 304 [23/Nov/2024:22:17:02 +0000] - 29.631 ms localhost
GET /@fs/C:/Users/USER/Desktop/BroCampTasks/Angular_Project/frontend/.angular/cache/18.2.11/frontend/vite/deps/chunk-OZJ6AC3W.js.map 304 [23/Nov/2024:22:17:02 +0000] - 51.886 ms localhost
GET /@fs/C:/Users/USER/Desktop/BroCampTasks/Angular_Project/frontend/.angular/cache/18.2.11/frontend/vite/deps/chunk-EHVSD3XR.js.map 304 [23/Nov/2024:22:17:02 +0000] - 321.633 ms localhost
GET /login.component.css.map 200 [23/Nov/2024:22:17:02 +0000] - 83.307 ms localhost
GET /@fs/C:/Users/USER/Desktop/BroCampTasks/Angular_Project/frontend/.angular/cache/18.2.11/frontend/vite/deps/@angular_router.js.map 304 [23/Nov/2024:22:17:02 +0000] - 318.192 ms localhost
GET /@fs/C:/Users/USER/Desktop/BroCampTasks/Angular_Project/frontend/.angular/cache/18.2.11/frontend/vite/deps/@angular_common_http.js.map 304 [23/Nov/2024:22:17:02 +0000] - 201.811 ms localhost
GET /@fs/C:/Users/USER/Desktop/BroCampTasks/Angular_Project/frontend/.angular/cache/18.2.11/frontend/vite/deps/@angular_forms.js.map 304 [23/Nov/2024:22:17:02 +0000] - 379.409 ms localhost
GET /@fs/C:/Users/USER/Desktop/BroCampTasks/Angular_Project/frontend/.angular/cache/18.2.11/frontend/vite/deps/@angular_common.js.map 304 [23/Nov/2024:22:17:02 +0000] - 180.929 ms localhost
GET /favicon.ico 304 [23/Nov/2024:22:17:02 +0000] - 5.692 ms localhost
POST /user/login 200 [23/Nov/2024:22:17:14 +0000] - 303.029 ms localhost
GET /dashboard.component.css.map 200 [23/Nov/2024:22:17:14 +0000] - 2.830 ms localhost
GET /user/users 304 [23/Nov/2024:22:17:17 +0000] - 16.104 ms localhost
GET /user/logout 504 [23/Nov/2024:22:18:23 +0000] - 55.443 ms localhost
GET /user/logout 504 [23/Nov/2024:22:18:25 +0000] - 48.940 ms localhost
GET /user/logout 200 [23/Nov/2024:22:18:27 +0000] - 29.237 ms localhost
GET /login.component.css.map 200 [23/Nov/2024:22:18:27 +0000] - 11.308 ms localhost
GET /login 200 [23/Nov/2024:22:18:30 +0000] - 13.505 ms localhost
GET / - [23/Nov/2024:22:18:30 +0000] - - ms localhost
GET /@vite/client 304 [23/Nov/2024:22:18:30 +0000] - 5.298 ms localhost
GET /styles.css 200 [23/Nov/2024:22:18:30 +0000] - 5.617 ms localhost
GET /polyfills.js 304 [23/Nov/2024:22:18:30 +0000] - 3.532 ms localhost
GET /main.js 304 [23/Nov/2024:22:18:30 +0000] - 11.190 ms localhost
GET /@fs/C:/Users/USER/Desktop/BroCampTasks/Angular_Project/frontend/node_modules/vite/dist/client/env.mjs 304 [23/Nov/2024:22:18:31 +0000] - 2.942 ms localhost
GET /styles.css.map 200 [23/Nov/2024:22:18:31 +0000] - 6.007 ms localhost
GET /@fs/C:/Users/USER/Desktop/BroCampTasks/Angular_Project/frontend/.angular/cache/18.2.11/frontend/vite/deps/@angular_platform-browser.js.map 304 [23/Nov/2024:22:18:31 +0000] - 6.853 ms localhost
GET /@fs/C:/Users/USER/Desktop/BroCampTasks/Angular_Project/frontend/.angular/cache/18.2.11/frontend/vite/deps/chunk-Z62E56CR.js.map 304 [23/Nov/2024:22:18:31 +0000] - 7.491 ms localhost
GET /@fs/C:/Users/USER/Desktop/BroCampTasks/Angular_Project/frontend/.angular/cache/18.2.11/frontend/vite/deps/chunk-4OVHQ62L.js.map 304 [23/Nov/2024:22:18:31 +0000] - 33.272 ms localhost
GET /@fs/C:/Users/USER/Desktop/BroCampTasks/Angular_Project/frontend/.angular/cache/18.2.11/frontend/vite/deps/@angular_core.js.map 304 [23/Nov/2024:22:18:31 +0000] - 30.410 ms localhost
GET /@fs/C:/Users/USER/Desktop/BroCampTasks/Angular_Project/frontend/.angular/cache/18.2.11/frontend/vite/deps/@angular_router.js.map 304 [23/Nov/2024:22:18:31 +0000] - 44.736 ms localhost
GET /@fs/C:/Users/USER/Desktop/BroCampTasks/Angular_Project/frontend/.angular/cache/18.2.11/frontend/vite/deps/@angular_forms.js.map 304 [23/Nov/2024:22:18:31 +0000] - 58.403 ms localhost
GET /login.component.css.map 200 [23/Nov/2024:22:18:31 +0000] - 21.784 ms localhost
GET /@fs/C:/Users/USER/Desktop/BroCampTasks/Angular_Project/frontend/.angular/cache/18.2.11/frontend/vite/deps/chunk-OZJ6AC3W.js.map 304 [23/Nov/2024:22:18:31 +0000] - 284.312 ms localhost
GET /@fs/C:/Users/USER/Desktop/BroCampTasks/Angular_Project/frontend/.angular/cache/18.2.11/frontend/vite/deps/chunk-EHVSD3XR.js.map 304 [23/Nov/2024:22:18:31 +0000] - 396.807 ms localhost
GET /@fs/C:/Users/USER/Desktop/BroCampTasks/Angular_Project/frontend/.angular/cache/18.2.11/frontend/vite/deps/@angular_common_http.js.map 304 [23/Nov/2024:22:18:31 +0000] - 358.587 ms localhost
GET /@fs/C:/Users/USER/Desktop/BroCampTasks/Angular_Project/frontend/.angular/cache/18.2.11/frontend/vite/deps/@angular_common.js.map 304 [23/Nov/2024:22:18:31 +0000] - 358.844 ms localhost
GET /favicon.ico 304 [23/Nov/2024:22:18:31 +0000] - 66.516 ms localhost
POST /user/login 200 [23/Nov/2024:22:18:40 +0000] - 471.782 ms localhost
GET /dashboard.component.css.map 200 [23/Nov/2024:22:18:40 +0000] - 5.925 ms localhost
GET /user/users 200 [23/Nov/2024:22:18:43 +0000] - 65.760 ms localhost
GET / - [23/Nov/2024:22:22:31 +0000] - - ms localhost
GET /users 200 [23/Nov/2024:22:43:09 +0000] - 42.458 ms localhost
GET /@vite/client 304 [23/Nov/2024:22:43:09 +0000] - 24.692 ms localhost
GET /styles.css 200 [23/Nov/2024:22:43:09 +0000] - 5.952 ms localhost
GET /polyfills.js 304 [23/Nov/2024:22:43:09 +0000] - 3.112 ms localhost
GET /main.js 200 [23/Nov/2024:22:43:09 +0000] - 4.869 ms localhost
GET /@fs/C:/Users/USER/Desktop/BroCampTasks/Angular_Project/frontend/node_modules/vite/dist/client/env.mjs 304 [23/Nov/2024:22:43:09 +0000] - 3.419 ms localhost
GET /styles.css.map 200 [23/Nov/2024:22:43:09 +0000] - 6.213 ms localhost
GET /@fs/C:/Users/USER/Desktop/BroCampTasks/Angular_Project/frontend/.angular/cache/18.2.11/frontend/vite/deps/@angular_platform-browser.js.map 304 [23/Nov/2024:22:43:10 +0000] - 6.702 ms localhost
GET /@fs/C:/Users/USER/Desktop/BroCampTasks/Angular_Project/frontend/.angular/cache/18.2.11/frontend/vite/deps/chunk-Z62E56CR.js.map 304 [23/Nov/2024:22:43:10 +0000] - 10.027 ms localhost
GET /@fs/C:/Users/USER/Desktop/BroCampTasks/Angular_Project/frontend/.angular/cache/18.2.11/frontend/vite/deps/chunk-4OVHQ62L.js.map 304 [23/Nov/2024:22:43:10 +0000] - 8.441 ms localhost
GET /@fs/C:/Users/USER/Desktop/BroCampTasks/Angular_Project/frontend/.angular/cache/18.2.11/frontend/vite/deps/chunk-OZJ6AC3W.js.map 304 [23/Nov/2024:22:43:10 +0000] - 17.596 ms localhost
GET /@fs/C:/Users/USER/Desktop/BroCampTasks/Angular_Project/frontend/.angular/cache/18.2.11/frontend/vite/deps/chunk-EHVSD3XR.js.map 304 [23/Nov/2024:22:43:10 +0000] - 134.939 ms localhost
GET /@fs/C:/Users/USER/Desktop/BroCampTasks/Angular_Project/frontend/.angular/cache/18.2.11/frontend/vite/deps/@angular_core.js.map 304 [23/Nov/2024:22:43:10 +0000] - 119.712 ms localhost
GET /@fs/C:/Users/USER/Desktop/BroCampTasks/Angular_Project/frontend/.angular/cache/18.2.11/frontend/vite/deps/@angular_common_http.js.map 304 [23/Nov/2024:22:43:10 +0000] - 102.089 ms localhost
GET /@fs/C:/Users/USER/Desktop/BroCampTasks/Angular_Project/frontend/.angular/cache/18.2.11/frontend/vite/deps/@angular_router.js.map 304 [23/Nov/2024:22:43:10 +0000] - 131.649 ms localhost
GET /@fs/C:/Users/USER/Desktop/BroCampTasks/Angular_Project/frontend/.angular/cache/18.2.11/frontend/vite/deps/@angular_forms.js.map 304 [23/Nov/2024:22:43:10 +0000] - 122.187 ms localhost
GET /@fs/C:/Users/USER/Desktop/BroCampTasks/Angular_Project/frontend/.angular/cache/18.2.11/frontend/vite/deps/@angular_common.js.map 304 [23/Nov/2024:22:43:10 +0000] - 116.657 ms localhost
GET /login.component.css.map 200 [23/Nov/2024:22:43:11 +0000] - 3.471 ms localhost
GET /favicon.ico 304 [23/Nov/2024:22:43:11 +0000] - 6.805 ms localhost
GET / - [23/Nov/2024:22:47:09 +0000] - - ms localhost
POST /user/register 200 [23/Nov/2024:22:50:21 +0000] - 417.485 ms localhost
GET /login 200 [23/Nov/2024:22:51:19 +0000] - 18.910 ms localhost
GET /@vite/client 304 [23/Nov/2024:22:51:19 +0000] - 5.409 ms localhost
GET /styles.css 200 [23/Nov/2024:22:51:19 +0000] - 19.525 ms localhost
GET /polyfills.js 304 [23/Nov/2024:22:51:19 +0000] - 23.089 ms localhost
GET /main.js 200 [23/Nov/2024:22:51:19 +0000] - 15.924 ms localhost
GET /styles.css.map 200 [23/Nov/2024:22:51:20 +0000] - 5.233 ms localhost
GET /@fs/C:/Users/USER/Desktop/BroCampTasks/Angular_Project/frontend/node_modules/vite/dist/client/env.mjs 304 [23/Nov/2024:22:51:20 +0000] - 7.442 ms localhost
GET /@fs/C:/Users/USER/Desktop/BroCampTasks/Angular_Project/frontend/.angular/cache/18.2.11/frontend/vite/deps/@angular_platform-browser.js.map 304 [23/Nov/2024:22:51:20 +0000] - 6.408 ms localhost
GET /@fs/C:/Users/USER/Desktop/BroCampTasks/Angular_Project/frontend/.angular/cache/18.2.11/frontend/vite/deps/chunk-Z62E56CR.js.map 304 [23/Nov/2024:22:51:20 +0000] - 11.837 ms localhost
GET /@fs/C:/Users/USER/Desktop/BroCampTasks/Angular_Project/frontend/.angular/cache/18.2.11/frontend/vite/deps/chunk-4OVHQ62L.js.map 304 [23/Nov/2024:22:51:20 +0000] - 12.336 ms localhost
GET /@fs/C:/Users/USER/Desktop/BroCampTasks/Angular_Project/frontend/.angular/cache/18.2.11/frontend/vite/deps/chunk-OZJ6AC3W.js.map 304 [23/Nov/2024:22:51:20 +0000] - 41.142 ms localhost
GET /@fs/C:/Users/USER/Desktop/BroCampTasks/Angular_Project/frontend/.angular/cache/18.2.11/frontend/vite/deps/@angular_core.js.map 304 [23/Nov/2024:22:51:20 +0000] - 54.931 ms localhost
GET /@fs/C:/Users/USER/Desktop/BroCampTasks/Angular_Project/frontend/.angular/cache/18.2.11/frontend/vite/deps/chunk-EHVSD3XR.js.map 304 [23/Nov/2024:22:51:20 +0000] - 157.657 ms localhost
GET /@fs/C:/Users/USER/Desktop/BroCampTasks/Angular_Project/frontend/.angular/cache/18.2.11/frontend/vite/deps/@angular_router.js.map 304 [23/Nov/2024:22:51:20 +0000] - 165.843 ms localhost
GET /login.component.css.map 200 [23/Nov/2024:22:51:20 +0000] - 67.754 ms localhost
GET /@fs/C:/Users/USER/Desktop/BroCampTasks/Angular_Project/frontend/.angular/cache/18.2.11/frontend/vite/deps/@angular_common.js.map 304 [23/Nov/2024:22:51:20 +0000] - 145.708 ms localhost
GET /@fs/C:/Users/USER/Desktop/BroCampTasks/Angular_Project/frontend/.angular/cache/18.2.11/frontend/vite/deps/@angular_common_http.js.map 304 [23/Nov/2024:22:51:20 +0000] - 149.314 ms localhost
GET /@fs/C:/Users/USER/Desktop/BroCampTasks/Angular_Project/frontend/.angular/cache/18.2.11/frontend/vite/deps/@angular_forms.js.map 304 [23/Nov/2024:22:51:20 +0000] - 167.184 ms localhost
GET /favicon.ico 304 [23/Nov/2024:22:51:21 +0000] - 3.245 ms localhost
GET /login 200 [23/Nov/2024:22:52:05 +0000] - 7.382 ms localhost
GET / - [23/Nov/2024:22:52:05 +0000] - - ms localhost
GET /@vite/client 304 [23/Nov/2024:22:52:05 +0000] - 4.737 ms localhost
GET /styles.css 200 [23/Nov/2024:22:52:05 +0000] - 5.022 ms localhost
GET /polyfills.js 304 [23/Nov/2024:22:52:05 +0000] - 4.777 ms localhost
GET /main.js 304 [23/Nov/2024:22:52:05 +0000] - 5.318 ms localhost
GET /styles.css.map 200 [23/Nov/2024:22:52:06 +0000] - 3.436 ms localhost
GET /@fs/C:/Users/USER/Desktop/BroCampTasks/Angular_Project/frontend/node_modules/vite/dist/client/env.mjs 304 [23/Nov/2024:22:52:06 +0000] - 3.163 ms localhost
GET /@fs/C:/Users/USER/Desktop/BroCampTasks/Angular_Project/frontend/.angular/cache/18.2.11/frontend/vite/deps/@angular_platform-browser.js.map 304 [23/Nov/2024:22:52:06 +0000] - 12.709 ms localhost
GET /@fs/C:/Users/USER/Desktop/BroCampTasks/Angular_Project/frontend/.angular/cache/18.2.11/frontend/vite/deps/chunk-4OVHQ62L.js.map 304 [23/Nov/2024:22:52:06 +0000] - 19.139 ms localhost
GET /@fs/C:/Users/USER/Desktop/BroCampTasks/Angular_Project/frontend/.angular/cache/18.2.11/frontend/vite/deps/@angular_core.js.map 304 [23/Nov/2024:22:52:06 +0000] - 17.291 ms localhost
GET /@fs/C:/Users/USER/Desktop/BroCampTasks/Angular_Project/frontend/.angular/cache/18.2.11/frontend/vite/deps/chunk-Z62E56CR.js.map 304 [23/Nov/2024:22:52:06 +0000] - 22.768 ms localhost
GET /@fs/C:/Users/USER/Desktop/BroCampTasks/Angular_Project/frontend/.angular/cache/18.2.11/frontend/vite/deps/chunk-OZJ6AC3W.js.map 304 [23/Nov/2024:22:52:06 +0000] - 28.096 ms localhost
GET /@fs/C:/Users/USER/Desktop/BroCampTasks/Angular_Project/frontend/.angular/cache/18.2.11/frontend/vite/deps/chunk-EHVSD3XR.js.map 304 [23/Nov/2024:22:52:06 +0000] - 321.112 ms localhost
GET /@fs/C:/Users/USER/Desktop/BroCampTasks/Angular_Project/frontend/.angular/cache/18.2.11/frontend/vite/deps/@angular_router.js.map 304 [23/Nov/2024:22:52:06 +0000] - 139.839 ms localhost
GET /@fs/C:/Users/USER/Desktop/BroCampTasks/Angular_Project/frontend/.angular/cache/18.2.11/frontend/vite/deps/@angular_common.js.map 304 [23/Nov/2024:22:52:06 +0000] - 124.977 ms localhost
GET /@fs/C:/Users/USER/Desktop/BroCampTasks/Angular_Project/frontend/.angular/cache/18.2.11/frontend/vite/deps/@angular_common_http.js.map 304 [23/Nov/2024:22:52:06 +0000] - 135.173 ms localhost
GET /@fs/C:/Users/USER/Desktop/BroCampTasks/Angular_Project/frontend/.angular/cache/18.2.11/frontend/vite/deps/@angular_forms.js.map 304 [23/Nov/2024:22:52:06 +0000] - 143.878 ms localhost
GET /login.component.css.map 200 [23/Nov/2024:22:52:06 +0000] - 3.692 ms localhost
GET /favicon.ico 304 [23/Nov/2024:22:52:07 +0000] - 3.349 ms localhost
POST /user/register 200 [23/Nov/2024:22:52:25 +0000] - 162.905 ms localhost
GET /login 200 [23/Nov/2024:22:54:07 +0000] - 24.602 ms localhost
GET / - [23/Nov/2024:22:54:07 +0000] - - ms localhost
GET /@vite/client 304 [23/Nov/2024:22:54:07 +0000] - 4.748 ms localhost
GET /styles.css 200 [23/Nov/2024:22:54:07 +0000] - 4.843 ms localhost
GET /polyfills.js 304 [23/Nov/2024:22:54:07 +0000] - 8.920 ms localhost
GET /main.js 304 [23/Nov/2024:22:54:07 +0000] - 7.872 ms localhost
GET /styles.css.map 200 [23/Nov/2024:22:54:07 +0000] - 3.694 ms localhost
GET /@fs/C:/Users/USER/Desktop/BroCampTasks/Angular_Project/frontend/node_modules/vite/dist/client/env.mjs 304 [23/Nov/2024:22:54:07 +0000] - 7.380 ms localhost
GET /@fs/C:/Users/USER/Desktop/BroCampTasks/Angular_Project/frontend/.angular/cache/18.2.11/frontend/vite/deps/@angular_platform-browser.js.map 304 [23/Nov/2024:22:54:07 +0000] - 9.628 ms localhost
GET /@fs/C:/Users/USER/Desktop/BroCampTasks/Angular_Project/frontend/.angular/cache/18.2.11/frontend/vite/deps/chunk-Z62E56CR.js.map 304 [23/Nov/2024:22:54:07 +0000] - 18.633 ms localhost
GET /@fs/C:/Users/USER/Desktop/BroCampTasks/Angular_Project/frontend/.angular/cache/18.2.11/frontend/vite/deps/chunk-4OVHQ62L.js.map 304 [23/Nov/2024:22:54:07 +0000] - 14.088 ms localhost
GET /@fs/C:/Users/USER/Desktop/BroCampTasks/Angular_Project/frontend/.angular/cache/18.2.11/frontend/vite/deps/chunk-OZJ6AC3W.js.map 304 [23/Nov/2024:22:54:07 +0000] - 27.521 ms localhost
GET /@fs/C:/Users/USER/Desktop/BroCampTasks/Angular_Project/frontend/.angular/cache/18.2.11/frontend/vite/deps/@angular_core.js.map 304 [23/Nov/2024:22:54:07 +0000] - 14.204 ms localhost
GET /@fs/C:/Users/USER/Desktop/BroCampTasks/Angular_Project/frontend/.angular/cache/18.2.11/frontend/vite/deps/@angular_router.js.map 304 [23/Nov/2024:22:54:07 +0000] - 34.224 ms localhost
GET /login.component.css.map 200 [23/Nov/2024:22:54:07 +0000] - 18.956 ms localhost
GET /@fs/C:/Users/USER/Desktop/BroCampTasks/Angular_Project/frontend/.angular/cache/18.2.11/frontend/vite/deps/chunk-EHVSD3XR.js.map 304 [23/Nov/2024:22:54:08 +0000] - 306.370 ms localhost
GET /@fs/C:/Users/USER/Desktop/BroCampTasks/Angular_Project/frontend/.angular/cache/18.2.11/frontend/vite/deps/@angular_forms.js.map 304 [23/Nov/2024:22:54:08 +0000] - 297.191 ms localhost
GET /@fs/C:/Users/USER/Desktop/BroCampTasks/Angular_Project/frontend/.angular/cache/18.2.11/frontend/vite/deps/@angular_common_http.js.map 304 [23/Nov/2024:22:54:08 +0000] - 288.308 ms localhost
GET /@fs/C:/Users/USER/Desktop/BroCampTasks/Angular_Project/frontend/.angular/cache/18.2.11/frontend/vite/deps/@angular_common.js.map 304 [23/Nov/2024:22:54:08 +0000] - 282.011 ms localhost
GET /favicon.ico 304 [23/Nov/2024:22:54:08 +0000] - 52.884 ms localhost
GET /login 200 [23/Nov/2024:22:54:23 +0000] - 8.932 ms localhost
GET / - [23/Nov/2024:22:54:23 +0000] - - ms localhost
GET /@vite/client 304 [23/Nov/2024:22:54:24 +0000] - 3.753 ms localhost
GET /styles.css 200 [23/Nov/2024:22:54:24 +0000] - 3.984 ms localhost
GET /polyfills.js 304 [23/Nov/2024:22:54:24 +0000] - 2.770 ms localhost
GET /main.js 304 [23/Nov/2024:22:54:24 +0000] - 2.705 ms localhost
GET /@fs/C:/Users/USER/Desktop/BroCampTasks/Angular_Project/frontend/node_modules/vite/dist/client/env.mjs 304 [23/Nov/2024:22:54:24 +0000] - 3.527 ms localhost
GET /styles.css.map 200 [23/Nov/2024:22:54:24 +0000] - 4.691 ms localhost
GET /@fs/C:/Users/USER/Desktop/BroCampTasks/Angular_Project/frontend/.angular/cache/18.2.11/frontend/vite/deps/@angular_platform-browser.js.map 304 [23/Nov/2024:22:54:24 +0000] - 14.826 ms localhost
GET /@fs/C:/Users/USER/Desktop/BroCampTasks/Angular_Project/frontend/.angular/cache/18.2.11/frontend/vite/deps/chunk-Z62E56CR.js.map 304 [23/Nov/2024:22:54:24 +0000] - 18.796 ms localhost
GET /@fs/C:/Users/USER/Desktop/BroCampTasks/Angular_Project/frontend/.angular/cache/18.2.11/frontend/vite/deps/chunk-4OVHQ62L.js.map 304 [23/Nov/2024:22:54:24 +0000] - 38.379 ms localhost
GET /@fs/C:/Users/USER/Desktop/BroCampTasks/Angular_Project/frontend/.angular/cache/18.2.11/frontend/vite/deps/chunk-OZJ6AC3W.js.map 304 [23/Nov/2024:22:54:24 +0000] - 51.726 ms localhost
GET /@fs/C:/Users/USER/Desktop/BroCampTasks/Angular_Project/frontend/.angular/cache/18.2.11/frontend/vite/deps/@angular_core.js.map 304 [23/Nov/2024:22:54:24 +0000] - 61.063 ms localhost
GET /@fs/C:/Users/USER/Desktop/BroCampTasks/Angular_Project/frontend/.angular/cache/18.2.11/frontend/vite/deps/@angular_router.js.map 304 [23/Nov/2024:22:54:24 +0000] - 83.925 ms localhost
GET /@fs/C:/Users/USER/Desktop/BroCampTasks/Angular_Project/frontend/.angular/cache/18.2.11/frontend/vite/deps/@angular_forms.js.map 304 [23/Nov/2024:22:54:24 +0000] - 92.392 ms localhost
GET /login.component.css.map 200 [23/Nov/2024:22:54:24 +0000] - 196.190 ms localhost
GET /@fs/C:/Users/USER/Desktop/BroCampTasks/Angular_Project/frontend/.angular/cache/18.2.11/frontend/vite/deps/chunk-EHVSD3XR.js.map 304 [23/Nov/2024:22:54:24 +0000] - 433.863 ms localhost
GET /@fs/C:/Users/USER/Desktop/BroCampTasks/Angular_Project/frontend/.angular/cache/18.2.11/frontend/vite/deps/@angular_common_http.js.map 304 [23/Nov/2024:22:54:24 +0000] - 395.593 ms localhost
GET /@fs/C:/Users/USER/Desktop/BroCampTasks/Angular_Project/frontend/.angular/cache/18.2.11/frontend/vite/deps/@angular_common.js.map 304 [23/Nov/2024:22:54:24 +0000] - 382.896 ms localhost
GET /favicon.ico 304 [23/Nov/2024:22:54:24 +0000] - 67.508 ms localhost
POST /user/register 200 [23/Nov/2024:22:54:51 +0000] - 246.494 ms localhost
GET /login.component.css.map 200 [23/Nov/2024:22:56:40 +0000] - 4.731 ms localhost
POST /user/register 200 [23/Nov/2024:22:56:57 +0000] - 220.795 ms localhost
GET / - [23/Nov/2024:22:58:24 +0000] - - ms localhost
GET /user/sendOtp/undefined 404 [23/Nov/2024:22:58:35 +0000] - 7.719 ms localhost
GET /otp/undefined 200 [23/Nov/2024:23:00:11 +0000] - 10.363 ms localhost
GET /@vite/client 304 [23/Nov/2024:23:00:11 +0000] - 8.010 ms localhost
GET /styles.css 200 [23/Nov/2024:23:00:11 +0000] - 9.255 ms localhost
GET /polyfills.js 304 [23/Nov/2024:23:00:11 +0000] - 10.809 ms localhost
GET /main.js 304 [23/Nov/2024:23:00:11 +0000] - 10.045 ms localhost
GET /styles.css.map 200 [23/Nov/2024:23:00:11 +0000] - 11.409 ms localhost
GET /@fs/C:/Users/USER/Desktop/BroCampTasks/Angular_Project/frontend/node_modules/vite/dist/client/env.mjs 304 [23/Nov/2024:23:00:11 +0000] - 5.717 ms localhost
GET /@fs/C:/Users/USER/Desktop/BroCampTasks/Angular_Project/frontend/.angular/cache/18.2.11/frontend/vite/deps/@angular_platform-browser.js.map 304 [23/Nov/2024:23:00:11 +0000] - 31.459 ms localhost
GET /@fs/C:/Users/USER/Desktop/BroCampTasks/Angular_Project/frontend/.angular/cache/18.2.11/frontend/vite/deps/chunk-Z62E56CR.js.map 304 [23/Nov/2024:23:00:11 +0000] - 39.208 ms localhost
GET /@fs/C:/Users/USER/Desktop/BroCampTasks/Angular_Project/frontend/.angular/cache/18.2.11/frontend/vite/deps/@angular_core.js.map 304 [23/Nov/2024:23:00:11 +0000] - 32.872 ms localhost
GET /@fs/C:/Users/USER/Desktop/BroCampTasks/Angular_Project/frontend/.angular/cache/18.2.11/frontend/vite/deps/chunk-4OVHQ62L.js.map 304 [23/Nov/2024:23:00:11 +0000] - 41.972 ms localhost
GET /@fs/C:/Users/USER/Desktop/BroCampTasks/Angular_Project/frontend/.angular/cache/18.2.11/frontend/vite/deps/chunk-OZJ6AC3W.js.map 304 [23/Nov/2024:23:00:11 +0000] - 53.099 ms localhost
GET /@fs/C:/Users/USER/Desktop/BroCampTasks/Angular_Project/frontend/.angular/cache/18.2.11/frontend/vite/deps/chunk-EHVSD3XR.js.map 304 [23/Nov/2024:23:00:11 +0000] - 177.703 ms localhost
GET /@fs/C:/Users/USER/Desktop/BroCampTasks/Angular_Project/frontend/.angular/cache/18.2.11/frontend/vite/deps/@angular_common.js.map 304 [23/Nov/2024:23:00:12 +0000] - 39.406 ms localhost
GET /@fs/C:/Users/USER/Desktop/BroCampTasks/Angular_Project/frontend/.angular/cache/18.2.11/frontend/vite/deps/@angular_common_http.js.map 304 [23/Nov/2024:23:00:12 +0000] - 56.184 ms localhost
GET /@fs/C:/Users/USER/Desktop/BroCampTasks/Angular_Project/frontend/.angular/cache/18.2.11/frontend/vite/deps/@angular_router.js.map 304 [23/Nov/2024:23:00:12 +0000] - 60.356 ms localhost
GET /@fs/C:/Users/USER/Desktop/BroCampTasks/Angular_Project/frontend/.angular/cache/18.2.11/frontend/vite/deps/@angular_forms.js.map 304 [23/Nov/2024:23:00:12 +0000] - 63.715 ms localhost
GET /favicon.ico 304 [23/Nov/2024:23:00:12 +0000] - 4.581 ms localhost
GET / 200 [23/Nov/2024:23:00:15 +0000] - 6.449 ms localhost
GET /@vite/client 304 [23/Nov/2024:23:00:15 +0000] - 7.165 ms localhost
GET /styles.css 200 [23/Nov/2024:23:00:15 +0000] - 6.607 ms localhost
GET /polyfills.js 304 [23/Nov/2024:23:00:15 +0000] - 8.464 ms localhost
GET /main.js 304 [23/Nov/2024:23:00:15 +0000] - 8.754 ms localhost
GET / - [23/Nov/2024:23:00:15 +0000] - - ms localhost
GET /@fs/C:/Users/USER/Desktop/BroCampTasks/Angular_Project/frontend/node_modules/vite/dist/client/env.mjs 304 [23/Nov/2024:23:00:15 +0000] - 3.749 ms localhost
GET /styles.css.map 200 [23/Nov/2024:23:00:15 +0000] - 2.997 ms localhost
GET /@fs/C:/Users/USER/Desktop/BroCampTasks/Angular_Project/frontend/.angular/cache/18.2.11/frontend/vite/deps/@angular_platform-browser.js.map 304 [23/Nov/2024:23:00:15 +0000] - 17.933 ms localhost
GET /@fs/C:/Users/USER/Desktop/BroCampTasks/Angular_Project/frontend/.angular/cache/18.2.11/frontend/vite/deps/chunk-Z62E56CR.js.map 304 [23/Nov/2024:23:00:15 +0000] - 18.304 ms localhost
GET /@fs/C:/Users/USER/Desktop/BroCampTasks/Angular_Project/frontend/.angular/cache/18.2.11/frontend/vite/deps/chunk-4OVHQ62L.js.map 304 [23/Nov/2024:23:00:15 +0000] - 21.150 ms localhost
GET /@fs/C:/Users/USER/Desktop/BroCampTasks/Angular_Project/frontend/.angular/cache/18.2.11/frontend/vite/deps/chunk-OZJ6AC3W.js.map 304 [23/Nov/2024:23:00:15 +0000] - 15.606 ms localhost
GET /@fs/C:/Users/USER/Desktop/BroCampTasks/Angular_Project/frontend/.angular/cache/18.2.11/frontend/vite/deps/chunk-EHVSD3XR.js.map 304 [23/Nov/2024:23:00:15 +0000] - 65.481 ms localhost
GET /login.component.css.map 200 [23/Nov/2024:23:00:15 +0000] - 7.632 ms localhost
GET /@fs/C:/Users/USER/Desktop/BroCampTasks/Angular_Project/frontend/.angular/cache/18.2.11/frontend/vite/deps/@angular_core.js.map 304 [23/Nov/2024:23:00:15 +0000] - 65.273 ms localhost
GET /@fs/C:/Users/USER/Desktop/BroCampTasks/Angular_Project/frontend/.angular/cache/18.2.11/frontend/vite/deps/@angular_router.js.map 304 [23/Nov/2024:23:00:15 +0000] - 69.651 ms localhost
GET /@fs/C:/Users/USER/Desktop/BroCampTasks/Angular_Project/frontend/.angular/cache/18.2.11/frontend/vite/deps/@angular_forms.js.map 304 [23/Nov/2024:23:00:15 +0000] - 75.502 ms localhost
GET /@fs/C:/Users/USER/Desktop/BroCampTasks/Angular_Project/frontend/.angular/cache/18.2.11/frontend/vite/deps/@angular_common_http.js.map 304 [23/Nov/2024:23:00:15 +0000] - 73.831 ms localhost
GET /@fs/C:/Users/USER/Desktop/BroCampTasks/Angular_Project/frontend/.angular/cache/18.2.11/frontend/vite/deps/@angular_common.js.map 304 [23/Nov/2024:23:00:15 +0000] - 60.168 ms localhost
GET /login 200 [23/Nov/2024:23:00:16 +0000] - 4.983 ms localhost
GET / - [23/Nov/2024:23:00:16 +0000] - - ms localhost
GET /@vite/client 304 [23/Nov/2024:23:00:16 +0000] - 10.263 ms localhost
GET /styles.css 200 [23/Nov/2024:23:00:16 +0000] - 9.342 ms localhost
GET /polyfills.js 304 [23/Nov/2024:23:00:16 +0000] - 7.580 ms localhost
GET /main.js 304 [23/Nov/2024:23:00:16 +0000] - 7.561 ms localhost
GET /styles.css.map 200 [23/Nov/2024:23:00:17 +0000] - 4.646 ms localhost
GET /@fs/C:/Users/USER/Desktop/BroCampTasks/Angular_Project/frontend/node_modules/vite/dist/client/env.mjs 304 [23/Nov/2024:23:00:17 +0000] - 3.056 ms localhost
GET /@fs/C:/Users/USER/Desktop/BroCampTasks/Angular_Project/frontend/.angular/cache/18.2.11/frontend/vite/deps/@angular_platform-browser.js.map 304 [23/Nov/2024:23:00:17 +0000] - 13.498 ms localhost
GET /@fs/C:/Users/USER/Desktop/BroCampTasks/Angular_Project/frontend/.angular/cache/18.2.11/frontend/vite/deps/chunk-Z62E56CR.js.map 304 [23/Nov/2024:23:00:17 +0000] - 8.603 ms localhost
GET /@fs/C:/Users/USER/Desktop/BroCampTasks/Angular_Project/frontend/.angular/cache/18.2.11/frontend/vite/deps/chunk-4OVHQ62L.js.map 304 [23/Nov/2024:23:00:17 +0000] - 13.070 ms localhost
GET /@fs/C:/Users/USER/Desktop/BroCampTasks/Angular_Project/frontend/.angular/cache/18.2.11/frontend/vite/deps/chunk-OZJ6AC3W.js.map 304 [23/Nov/2024:23:00:17 +0000] - 23.994 ms localhost
GET /@fs/C:/Users/USER/Desktop/BroCampTasks/Angular_Project/frontend/.angular/cache/18.2.11/frontend/vite/deps/chunk-EHVSD3XR.js.map 304 [23/Nov/2024:23:00:17 +0000] - 84.557 ms localhost
GET /@fs/C:/Users/USER/Desktop/BroCampTasks/Angular_Project/frontend/.angular/cache/18.2.11/frontend/vite/deps/@angular_core.js.map 304 [23/Nov/2024:23:00:17 +0000] - 65.085 ms localhost
GET /login.component.css.map 200 [23/Nov/2024:23:00:17 +0000] - 82.489 ms localhost
GET /@fs/C:/Users/USER/Desktop/BroCampTasks/Angular_Project/frontend/.angular/cache/18.2.11/frontend/vite/deps/@angular_forms.js.map 304 [23/Nov/2024:23:00:17 +0000] - 152.546 ms localhost
GET /@fs/C:/Users/USER/Desktop/BroCampTasks/Angular_Project/frontend/.angular/cache/18.2.11/frontend/vite/deps/@angular_router.js.map 304 [23/Nov/2024:23:00:17 +0000] - 176.515 ms localhost
GET /@fs/C:/Users/USER/Desktop/BroCampTasks/Angular_Project/frontend/.angular/cache/18.2.11/frontend/vite/deps/@angular_common_http.js.map 304 [23/Nov/2024:23:00:17 +0000] - 167.896 ms localhost
GET /@fs/C:/Users/USER/Desktop/BroCampTasks/Angular_Project/frontend/.angular/cache/18.2.11/frontend/vite/deps/@angular_common.js.map 304 [23/Nov/2024:23:00:17 +0000] - 170.971 ms localhost
GET /favicon.ico 304 [23/Nov/2024:23:00:17 +0000] - 3.539 ms localhost
POST /user/register 200 [23/Nov/2024:23:03:50 +0000] - 331.934 ms localhost
POST /user/verifyOtp 200 [23/Nov/2024:23:04:08 +0000] - 10.536 ms localhost
POST /user/verifyOtp 200 [23/Nov/2024:23:04:12 +0000] - 9.538 ms localhost
POST /user/register 200 [23/Nov/2024:23:06:29 +0000] - 166.726 ms localhost
POST /user/verifyOtp 200 [23/Nov/2024:23:06:45 +0000] - 15.339 ms localhost
POST /user/login 200 [23/Nov/2024:23:06:54 +0000] - 147.249 ms localhost
GET /user/logout 304 [23/Nov/2024:23:07:02 +0000] - 5.204 ms localhost
POST /user/login 200 [23/Nov/2024:23:07:15 +0000] - 116.831 ms localhost
GET /user/users 404 [23/Nov/2024:23:07:44 +0000] - 11.351 ms localhost
POST /user/login 200 [23/Nov/2024:23:10:20 +0000] - 210.504 ms localhost
GET /user/users 404 [23/Nov/2024:23:10:24 +0000] - 13.807 ms localhost
POST /user/login 200 [23/Nov/2024:23:13:45 +0000] - 210.941 ms localhost
GET /user/users 404 [23/Nov/2024:23:14:27 +0000] - 17.845 ms localhost
POST /user/login 200 [23/Nov/2024:23:14:39 +0000] - 131.512 ms localhost
GET /user/users 200 [23/Nov/2024:23:14:47 +0000] - 29.743 ms localhost
POST /user/login 200 [23/Nov/2024:23:16:44 +0000] - 116.651 ms localhost
GET /user/users 404 [23/Nov/2024:23:16:59 +0000] - 16.719 ms localhost
POST /user/login 200 [23/Nov/2024:23:17:47 +0000] - 234.942 ms localhost
GET /user/users 404 [23/Nov/2024:23:17:51 +0000] - 107.135 ms localhost
POST /user/login 200 [23/Nov/2024:23:21:34 +0000] - 221.284 ms localhost
GET /user/users 200 [23/Nov/2024:23:21:38 +0000] - 31.375 ms localhost
GET /user/users 200 [23/Nov/2024:23:22:06 +0000] - 18.826 ms localhost
POST /user/login 200 [23/Nov/2024:23:22:39 +0000] - 138.991 ms localhost
GET /user/users 404 [23/Nov/2024:23:22:40 +0000] - 11.448 ms localhost
POST /user/login 200 [23/Nov/2024:23:24:30 +0000] - 243.371 ms localhost
GET /user/users 404 [23/Nov/2024:23:24:32 +0000] - 15.548 ms localhost
POST /user/login 200 [23/Nov/2024:23:26:25 +0000] - 147.385 ms localhost
GET /user/users 404 [23/Nov/2024:23:26:27 +0000] - 10.519 ms localhost
POST /user/login 200 [23/Nov/2024:23:27:38 +0000] - 124.343 ms localhost
GET /user/users 200 [23/Nov/2024:23:27:44 +0000] - 35.601 ms localhost
GET / 200 [23/Nov/2024:23:28:34 +0000] - 7.611 ms localhost
GET /@vite/client 304 [23/Nov/2024:23:28:34 +0000] - 6.903 ms localhost
GET /styles.css 200 [23/Nov/2024:23:28:34 +0000] - 8.191 ms localhost
GET /polyfills.js 304 [23/Nov/2024:23:28:34 +0000] - 2.706 ms localhost
GET /main.js 200 [23/Nov/2024:23:28:34 +0000] - 5.241 ms localhost
GET /@fs/C:/Users/USER/Desktop/BroCampTasks/Angular_Project/frontend/node_modules/vite/dist/client/env.mjs 304 [23/Nov/2024:23:28:34 +0000] - 3.304 ms localhost
GET /@fs/C:/Users/USER/Desktop/BroCampTasks/Angular_Project/frontend/.angular/cache/18.2.11/frontend/vite/deps/@angular_platform-browser.js?v=3445e096 200 [23/Nov/2024:23:28:34 +0000] - 4.548 ms localhost
GET /@fs/C:/Users/USER/Desktop/BroCampTasks/Angular_Project/frontend/.angular/cache/18.2.11/frontend/vite/deps/@angular_core.js?v=3445e096 200 [23/Nov/2024:23:28:34 +0000] - 5.241 ms localhost
GET /@fs/C:/Users/USER/Desktop/BroCampTasks/Angular_Project/frontend/.angular/cache/18.2.11/frontend/vite/deps/@angular_router.js?v=3445e096 200 [23/Nov/2024:23:28:34 +0000] - 9.037 ms localhost
GET /@fs/C:/Users/USER/Desktop/BroCampTasks/Angular_Project/frontend/.angular/cache/18.2.11/frontend/vite/deps/@angular_forms.js?v=3445e096 200 [23/Nov/2024:23:28:34 +0000] - 10.721 ms localhost
GET /@fs/C:/Users/USER/Desktop/BroCampTasks/Angular_Project/frontend/.angular/cache/18.2.11/frontend/vite/deps/@angular_common_http.js?v=3445e096 200 [23/Nov/2024:23:28:34 +0000] - 11.267 ms localhost
GET /@fs/C:/Users/USER/Desktop/BroCampTasks/Angular_Project/frontend/.angular/cache/18.2.11/frontend/vite/deps/@angular_common.js?v=3445e096 200 [23/Nov/2024:23:28:34 +0000] - 6.951 ms localhost
GET /@fs/C:/Users/USER/Desktop/BroCampTasks/Angular_Project/frontend/.angular/cache/18.2.11/frontend/vite/deps/chunk-Z62E56CR.js?v=3445e096 200 [23/Nov/2024:23:28:34 +0000] - 6.224 ms localhost
GET /@fs/C:/Users/USER/Desktop/BroCampTasks/Angular_Project/frontend/.angular/cache/18.2.11/frontend/vite/deps/chunk-4OVHQ62L.js?v=3445e096 200 [23/Nov/2024:23:28:34 +0000] - 6.803 ms localhost
GET /@fs/C:/Users/USER/Desktop/BroCampTasks/Angular_Project/frontend/.angular/cache/18.2.11/frontend/vite/deps/chunk-OZJ6AC3W.js?v=3445e096 200 [23/Nov/2024:23:28:34 +0000] - 5.740 ms localhost
GET /@fs/C:/Users/USER/Desktop/BroCampTasks/Angular_Project/frontend/.angular/cache/18.2.11/frontend/vite/deps/chunk-EHVSD3XR.js?v=3445e096 200 [23/Nov/2024:23:28:34 +0000] - 9.562 ms localhost
POST /user/login 200 [23/Nov/2024:23:28:45 +0000] - 161.100 ms localhost
GET /user/users 200 [23/Nov/2024:23:28:47 +0000] - 17.497 ms localhost
GET /users 200 [23/Nov/2024:23:28:55 +0000] - 6.468 ms localhost
GET / - [23/Nov/2024:23:28:55 +0000] - - ms localhost
GET /@vite/client 304 [23/Nov/2024:23:28:55 +0000] - 5.214 ms localhost
GET /styles.css 200 [23/Nov/2024:23:28:55 +0000] - 6.397 ms localhost
GET /polyfills.js 304 [23/Nov/2024:23:28:55 +0000] - 6.945 ms localhost
GET /main.js 304 [23/Nov/2024:23:28:55 +0000] - 4.006 ms localhost
GET /@fs/C:/Users/USER/Desktop/BroCampTasks/Angular_Project/frontend/node_modules/vite/dist/client/env.mjs 304 [23/Nov/2024:23:28:55 +0000] - 2.813 ms localhost
GET /favicon.ico 304 [23/Nov/2024:23:28:55 +0000] - 3.704 ms localhost
POST /user/login 200 [23/Nov/2024:23:29:17 +0000] - 133.724 ms localhost
GET /user/users 304 [23/Nov/2024:23:29:19 +0000] - 19.372 ms localhost
GET / - [23/Nov/2024:23:32:55 +0000] - - ms localhost
GET /users 200 [24/Nov/2024:10:25:45 +0000] - 73.058 ms localhost
GET /@vite/client 304 [24/Nov/2024:10:25:45 +0000] - 50.706 ms localhost
GET /main.js 200 [24/Nov/2024:10:25:45 +0000] - 49.093 ms localhost
GET /styles.css 200 [24/Nov/2024:10:25:45 +0000] - 50.752 ms localhost
GET /polyfills.js 304 [24/Nov/2024:10:25:45 +0000] - 43.442 ms localhost
GET /@fs/C:/Users/USER/Desktop/BroCampTasks/Angular_Project/frontend/node_modules/vite/dist/client/env.mjs 304 [24/Nov/2024:10:25:45 +0000] - 4.647 ms localhost
GET /@fs/C:/Users/USER/Desktop/BroCampTasks/Angular_Project/frontend/.angular/cache/18.2.11/frontend/vite/deps/@angular_common_http.js?v=64679d3e 200 [24/Nov/2024:10:25:45 +0000] - 28.955 ms localhost
GET /@fs/C:/Users/USER/Desktop/BroCampTasks/Angular_Project/frontend/.angular/cache/18.2.11/frontend/vite/deps/@angular_platform-browser.js?v=64679d3e 200 [24/Nov/2024:10:25:45 +0000] - 44.834 ms localhost
GET /@fs/C:/Users/USER/Desktop/BroCampTasks/Angular_Project/frontend/.angular/cache/18.2.11/frontend/vite/deps/@angular_common.js?v=64679d3e 200 [24/Nov/2024:10:25:45 +0000] - 35.816 ms localhost
GET /@fs/C:/Users/USER/Desktop/BroCampTasks/Angular_Project/frontend/.angular/cache/18.2.11/frontend/vite/deps/@angular_core.js?v=64679d3e 200 [24/Nov/2024:10:25:45 +0000] - 50.193 ms localhost
GET /@fs/C:/Users/USER/Desktop/BroCampTasks/Angular_Project/frontend/.angular/cache/18.2.11/frontend/vite/deps/@angular_router.js?v=64679d3e 200 [24/Nov/2024:10:25:45 +0000] - 61.618 ms localhost
GET /@fs/C:/Users/USER/Desktop/BroCampTasks/Angular_Project/frontend/.angular/cache/18.2.11/frontend/vite/deps/@angular_forms.js?v=64679d3e 200 [24/Nov/2024:10:25:45 +0000] - 67.007 ms localhost
GET /@fs/C:/Users/USER/Desktop/BroCampTasks/Angular_Project/frontend/.angular/cache/18.2.11/frontend/vite/deps/rxjs.js?v=64679d3e 200 [24/Nov/2024:10:25:45 +0000] - 29.311 ms localhost
GET /@fs/C:/Users/USER/Desktop/BroCampTasks/Angular_Project/frontend/.angular/cache/18.2.11/frontend/vite/deps/chunk-PLMZ7O3F.js?v=b8d7e2af 200 [24/Nov/2024:10:25:45 +0000] - 39.283 ms localhost
GET /@fs/C:/Users/USER/Desktop/BroCampTasks/Angular_Project/frontend/.angular/cache/18.2.11/frontend/vite/deps/chunk-SD63G7YN.js?v=b8d7e2af 200 [24/Nov/2024:10:25:45 +0000] - 56.521 ms localhost
GET /@fs/C:/Users/USER/Desktop/BroCampTasks/Angular_Project/frontend/.angular/cache/18.2.11/frontend/vite/deps/chunk-J2M542RS.js?v=b8d7e2af 200 [24/Nov/2024:10:25:45 +0000] - 59.609 ms localhost
GET /@fs/C:/Users/USER/Desktop/BroCampTasks/Angular_Project/frontend/.angular/cache/18.2.11/frontend/vite/deps/chunk-FDUYSLZ7.js?v=b8d7e2af 200 [24/Nov/2024:10:25:45 +0000] - 89.638 ms localhost
GET /@fs/C:/Users/USER/Desktop/BroCampTasks/Angular_Project/frontend/.angular/cache/18.2.11/frontend/vite/deps/chunk-PF6LNL77.js?v=b8d7e2af 200 [24/Nov/2024:10:25:45 +0000] - 83.075 ms localhost
GET /favicon.ico 304 [24/Nov/2024:10:25:46 +0000] - 7.138 ms localhost
POST /user/login 200 [24/Nov/2024:10:26:01 +0000] - 454.017 ms localhost
POST /user/login 200 [24/Nov/2024:10:26:10 +0000] - 321.607 ms localhost
GET /user/users 304 [24/Nov/2024:10:26:17 +0000] - 56.392 ms localhost
GET /styles.css 200 [24/Nov/2024:10:27:01 +0000] - 7.987 ms localhost
GET /@fs/C:/Users/USER/Desktop/BroCampTasks/Angular_Project/frontend/.angular/cache/18.2.11/frontend/vite/deps/rxjs.js.map 200 [24/Nov/2024:10:27:02 +0000] - 21.051 ms localhost
GET /@fs/C:/Users/USER/Desktop/BroCampTasks/Angular_Project/frontend/.angular/cache/18.2.11/frontend/vite/deps/chunk-SD63G7YN.js.map 200 [24/Nov/2024:10:27:02 +0000] - 26.578 ms localhost
GET /@fs/C:/Users/USER/Desktop/BroCampTasks/Angular_Project/frontend/.angular/cache/18.2.11/frontend/vite/deps/chunk-PLMZ7O3F.js.map 200 [24/Nov/2024:10:27:02 +0000] - 43.377 ms localhost
GET /@fs/C:/Users/USER/Desktop/BroCampTasks/Angular_Project/frontend/.angular/cache/18.2.11/frontend/vite/deps/chunk-J2M542RS.js.map 200 [24/Nov/2024:10:27:02 +0000] - 45.155 ms localhost
GET /@fs/C:/Users/USER/Desktop/BroCampTasks/Angular_Project/frontend/.angular/cache/18.2.11/frontend/vite/deps/chunk-PF6LNL77.js.map 200 [24/Nov/2024:10:27:02 +0000] - 73.136 ms localhost
GET /@fs/C:/Users/USER/Desktop/BroCampTasks/Angular_Project/frontend/.angular/cache/18.2.11/frontend/vite/deps/@angular_common.js.map 304 [24/Nov/2024:10:27:02 +0000] - 150.949 ms localhost
GET /@fs/C:/Users/USER/Desktop/BroCampTasks/Angular_Project/frontend/.angular/cache/18.2.11/frontend/vite/deps/@angular_common_http.js.map 304 [24/Nov/2024:10:27:02 +0000] - 120.388 ms localhost
GET /@fs/C:/Users/USER/Desktop/BroCampTasks/Angular_Project/frontend/.angular/cache/18.2.11/frontend/vite/deps/chunk-FDUYSLZ7.js.map 200 [24/Nov/2024:10:27:03 +0000] - 317.570 ms localhost
GET /login.component.css.map 200 [24/Nov/2024:10:27:03 +0000] - 150.208 ms localhost
GET /@fs/C:/Users/USER/Desktop/BroCampTasks/Angular_Project/frontend/.angular/cache/18.2.11/frontend/vite/deps/@angular_platform-browser.js.map 304 [24/Nov/2024:10:27:03 +0000] - 249.468 ms localhost
GET /@fs/C:/Users/USER/Desktop/BroCampTasks/Angular_Project/frontend/.angular/cache/18.2.11/frontend/vite/deps/@angular_core.js.map 304 [24/Nov/2024:10:27:03 +0000] - 253.248 ms localhost
GET /@fs/C:/Users/USER/Desktop/BroCampTasks/Angular_Project/frontend/.angular/cache/18.2.11/frontend/vite/deps/@angular_router.js.map 200 [24/Nov/2024:10:27:03 +0000] - 201.162 ms localhost
GET /@fs/C:/Users/USER/Desktop/BroCampTasks/Angular_Project/frontend/.angular/cache/18.2.11/frontend/vite/deps/@angular_forms.js.map 200 [24/Nov/2024:10:27:03 +0000] - 253.142 ms localhost
GET /styles.css.map 200 [24/Nov/2024:10:27:03 +0000] - 94.902 ms localhost
POST /user/login 200 [24/Nov/2024:10:27:26 +0000] - 257.229 ms localhost
GET /dashboard.component.css.map 200 [24/Nov/2024:10:27:26 +0000] - 5.321 ms localhost
GET /user/users 404 [24/Nov/2024:10:28:29 +0000] - 14.876 ms localhost
GET /user/logout 304 [24/Nov/2024:10:29:35 +0000] - 3.671 ms localhost
GET /login.component.css.map 200 [24/Nov/2024:10:29:35 +0000] - 3.693 ms localhost
GET / - [24/Nov/2024:10:29:45 +0000] - - ms localhost
POST /user/login 200 [24/Nov/2024:10:29:49 +0000] - 315.164 ms localhost
GET /dashboard.component.css.map 200 [24/Nov/2024:10:29:49 +0000] - 3.796 ms localhost
GET /user/users 404 [24/Nov/2024:10:31:03 +0000] - 13.432 ms localhost
GET /user/logout 304 [24/Nov/2024:10:31:34 +0000] - 8.783 ms localhost
GET /login.component.css.map 200 [24/Nov/2024:10:31:34 +0000] - 7.520 ms localhost
POST /user/login 200 [24/Nov/2024:10:31:42 +0000] - 104.136 ms localhost
GET /dashboard.component.css.map 200 [24/Nov/2024:10:31:43 +0000] - 4.974 ms localhost
GET /user/users 200 [24/Nov/2024:10:31:46 +0000] - 25.858 ms localhost
GET /user/logout 304 [24/Nov/2024:10:44:19 +0000] - 30.187 ms localhost
GET /login.component.css.map 200 [24/Nov/2024:10:44:19 +0000] - 22.777 ms localhost
GET /login 200 [24/Nov/2024:10:44:24 +0000] - 113.985 ms localhost
GET /@vite/client 304 [24/Nov/2024:10:44:24 +0000] - 31.563 ms localhost
GET /main.js 200 [24/Nov/2024:10:44:24 +0000] - 36.426 ms localhost
GET /styles.css 200 [24/Nov/2024:10:44:24 +0000] - 42.322 ms localhost
GET /polyfills.js 304 [24/Nov/2024:10:44:24 +0000] - 43.623 ms localhost
GET /@fs/C:/Users/USER/Desktop/BroCampTasks/Angular_Project/frontend/node_modules/vite/dist/client/env.mjs 304 [24/Nov/2024:10:44:24 +0000] - 7.625 ms localhost
GET /styles.css.map 200 [24/Nov/2024:10:44:25 +0000] - 5.691 ms localhost
GET /@fs/C:/Users/USER/Desktop/BroCampTasks/Angular_Project/frontend/.angular/cache/18.2.11/frontend/vite/deps/@angular_platform-browser.js.map 304 [24/Nov/2024:10:44:25 +0000] - 60.298 ms localhost
GET /@fs/C:/Users/USER/Desktop/BroCampTasks/Angular_Project/frontend/.angular/cache/18.2.11/frontend/vite/deps/chunk-SD63G7YN.js.map 304 [24/Nov/2024:10:44:25 +0000] - 71.374 ms localhost
GET /@fs/C:/Users/USER/Desktop/BroCampTasks/Angular_Project/frontend/.angular/cache/18.2.11/frontend/vite/deps/chunk-J2M542RS.js.map 304 [24/Nov/2024:10:44:25 +0000] - 77.631 ms localhost
GET /@fs/C:/Users/USER/Desktop/BroCampTasks/Angular_Project/frontend/.angular/cache/18.2.11/frontend/vite/deps/chunk-PLMZ7O3F.js.map 304 [24/Nov/2024:10:44:25 +0000] - 26.283 ms localhost
GET /@fs/C:/Users/USER/Desktop/BroCampTasks/Angular_Project/frontend/.angular/cache/18.2.11/frontend/vite/deps/chunk-PF6LNL77.js.map 304 [24/Nov/2024:10:44:25 +0000] - 142.590 ms localhost
GET /@fs/C:/Users/USER/Desktop/BroCampTasks/Angular_Project/frontend/.angular/cache/18.2.11/frontend/vite/deps/chunk-FDUYSLZ7.js.map 304 [24/Nov/2024:10:44:25 +0000] - 447.791 ms localhost
GET /@fs/C:/Users/USER/Desktop/BroCampTasks/Angular_Project/frontend/.angular/cache/18.2.11/frontend/vite/deps/@angular_core.js.map 304 [24/Nov/2024:10:44:25 +0000] - 354.431 ms localhost
GET /@fs/C:/Users/USER/Desktop/BroCampTasks/Angular_Project/frontend/.angular/cache/18.2.11/frontend/vite/deps/@angular_common_http.js.map 304 [24/Nov/2024:10:44:25 +0000] - 333.077 ms localhost
GET /@fs/C:/Users/USER/Desktop/BroCampTasks/Angular_Project/frontend/.angular/cache/18.2.11/frontend/vite/deps/@angular_router.js.map 304 [24/Nov/2024:10:44:25 +0000] - 365.572 ms localhost
GET /@fs/C:/Users/USER/Desktop/BroCampTasks/Angular_Project/frontend/.angular/cache/18.2.11/frontend/vite/deps/@angular_forms.js.map 304 [24/Nov/2024:10:44:25 +0000] - 376.987 ms localhost
GET /@fs/C:/Users/USER/Desktop/BroCampTasks/Angular_Project/frontend/.angular/cache/18.2.11/frontend/vite/deps/@angular_common.js.map 304 [24/Nov/2024:10:44:25 +0000] - 337.418 ms localhost
GET /favicon.ico 304 [24/Nov/2024:10:44:25 +0000] - 53.753 ms localhost
GET /login.component.css.map 200 [24/Nov/2024:10:44:25 +0000] - 33.698 ms localhost
GET /@fs/C:/Users/USER/Desktop/BroCampTasks/Angular_Project/frontend/.angular/cache/18.2.11/frontend/vite/deps/rxjs.js.map 304 [24/Nov/2024:10:44:25 +0000] - 38.704 ms localhost
POST /user/login 200 [24/Nov/2024:10:44:32 +0000] - 163.429 ms localhost
GET /dashboard.component.css.map 200 [24/Nov/2024:10:44:32 +0000] - 3.751 ms localhost
GET /user/users 401 [24/Nov/2024:10:45:17 +0000] - 13.573 ms localhost
GET / - [24/Nov/2024:10:48:25 +0000] - - ms localhost
GET /users 200 [24/Nov/2024:10:48:41 +0000] - 11.551 ms localhost
GET /@vite/client 304 [24/Nov/2024:10:48:41 +0000] - 3.595 ms localhost
GET /styles.css 200 [24/Nov/2024:10:48:41 +0000] - 2.799 ms localhost
GET /polyfills.js 304 [24/Nov/2024:10:48:41 +0000] - 2.729 ms localhost
GET /main.js 304 [24/Nov/2024:10:48:42 +0000] - 48.445 ms localhost
GET /@fs/C:/Users/USER/Desktop/BroCampTasks/Angular_Project/frontend/node_modules/vite/dist/client/env.mjs 304 [24/Nov/2024:10:48:42 +0000] - 4.010 ms localhost
GET /styles.css.map 200 [24/Nov/2024:10:48:42 +0000] - 2.726 ms localhost
GET /@fs/C:/Users/USER/Desktop/BroCampTasks/Angular_Project/frontend/.angular/cache/18.2.11/frontend/vite/deps/chunk-J2M542RS.js.map 304 [24/Nov/2024:10:48:42 +0000] - 48.019 ms localhost
GET /@fs/C:/Users/USER/Desktop/BroCampTasks/Angular_Project/frontend/.angular/cache/18.2.11/frontend/vite/deps/chunk-PLMZ7O3F.js.map 304 [24/Nov/2024:10:48:42 +0000] - 49.758 ms localhost
GET /@fs/C:/Users/USER/Desktop/BroCampTasks/Angular_Project/frontend/.angular/cache/18.2.11/frontend/vite/deps/chunk-SD63G7YN.js.map 304 [24/Nov/2024:10:48:42 +0000] - 60.134 ms localhost
GET /@fs/C:/Users/USER/Desktop/BroCampTasks/Angular_Project/frontend/.angular/cache/18.2.11/frontend/vite/deps/@angular_platform-browser.js.map 304 [24/Nov/2024:10:48:42 +0000] - 63.447 ms localhost
GET /@fs/C:/Users/USER/Desktop/BroCampTasks/Angular_Project/frontend/.angular/cache/18.2.11/frontend/vite/deps/chunk-PF6LNL77.js.map 304 [24/Nov/2024:10:48:42 +0000] - 63.824 ms localhost
GET /@fs/C:/Users/USER/Desktop/BroCampTasks/Angular_Project/frontend/.angular/cache/18.2.11/frontend/vite/deps/@angular_core.js.map 304 [24/Nov/2024:10:48:42 +0000] - 22.591 ms localhost
GET /@fs/C:/Users/USER/Desktop/BroCampTasks/Angular_Project/frontend/.angular/cache/18.2.11/frontend/vite/deps/chunk-FDUYSLZ7.js.map 304 [24/Nov/2024:10:48:42 +0000] - 132.064 ms localhost
GET /@fs/C:/Users/USER/Desktop/BroCampTasks/Angular_Project/frontend/.angular/cache/18.2.11/frontend/vite/deps/@angular_router.js.map 304 [24/Nov/2024:10:48:42 +0000] - 93.302 ms localhost
GET /@fs/C:/Users/USER/Desktop/BroCampTasks/Angular_Project/frontend/.angular/cache/18.2.11/frontend/vite/deps/@angular_forms.js.map 304 [24/Nov/2024:10:48:42 +0000] - 94.235 ms localhost
GET /@fs/C:/Users/USER/Desktop/BroCampTasks/Angular_Project/frontend/.angular/cache/18.2.11/frontend/vite/deps/@angular_common_http.js.map 304 [24/Nov/2024:10:48:42 +0000] - 93.088 ms localhost
GET /@fs/C:/Users/USER/Desktop/BroCampTasks/Angular_Project/frontend/.angular/cache/18.2.11/frontend/vite/deps/@angular_common.js.map 304 [24/Nov/2024:10:48:42 +0000] - 84.903 ms localhost
GET /@fs/C:/Users/USER/Desktop/BroCampTasks/Angular_Project/frontend/.angular/cache/18.2.11/frontend/vite/deps/rxjs.js.map 304 [24/Nov/2024:10:48:42 +0000] - 79.960 ms localhost
GET /login.component.css.map 200 [24/Nov/2024:10:48:43 +0000] - 2.729 ms localhost
GET /favicon.ico 304 [24/Nov/2024:10:48:44 +0000] - 4.559 ms localhost
GET / - [24/Nov/2024:10:52:42 +0000] - - ms localhost
POST /user/login 200 [24/Nov/2024:10:57:04 +0000] - 295.381 ms localhost
GET /user/users 401 [24/Nov/2024:10:58:05 +0000] - 12.259 ms localhost
POST /user/login 200 [24/Nov/2024:10:58:27 +0000] - 278.669 ms localhost
GET /user/users 200 [24/Nov/2024:10:58:32 +0000] - 41.118 ms localhost
GET /user/users 200 [24/Nov/2024:10:58:49 +0000] - 30.397 ms localhost
GET /user/users 401 [24/Nov/2024:10:59:09 +0000] - 59.058 ms localhost
POST /user/login 200 [24/Nov/2024:11:00:05 +0000] - 234.721 ms localhost
GET /user/users 200 [24/Nov/2024:11:00:17 +0000] - 57.421 ms localhost
GET /user/users 200 [24/Nov/2024:11:00:28 +0000] - 35.500 ms localhost
GET /user/users 200 [24/Nov/2024:11:00:30 +0000] - 17.509 ms localhost
GET /user/users 401 [24/Nov/2024:11:01:06 +0000] - 7.853 ms localhost
POST /user/login 200 [24/Nov/2024:11:12:13 +0000] - 417.768 ms localhost
GET /user/users 200 [24/Nov/2024:11:13:08 +0000] - 59.877 ms localhost
GET /user/users 401 [24/Nov/2024:11:13:26 +0000] - 79.285 ms localhost
GET /login 200 [24/Nov/2024:11:15:44 +0000] - 64.642 ms localhost
GET /@vite/client 304 [24/Nov/2024:11:15:44 +0000] - 13.818 ms localhost
GET /polyfills.js 304 [24/Nov/2024:11:15:44 +0000] - 10.663 ms localhost
GET /styles.css 200 [24/Nov/2024:11:15:44 +0000] - 11.218 ms localhost
GET /main.js 304 [24/Nov/2024:11:15:44 +0000] - 26.898 ms localhost
GET /styles.css.map 200 [24/Nov/2024:11:15:44 +0000] - 10.084 ms localhost
GET /@fs/C:/Users/USER/Desktop/BroCampTasks/Angular_Project/frontend/node_modules/vite/dist/client/env.mjs 304 [24/Nov/2024:11:15:44 +0000] - 8.820 ms localhost
GET /@fs/C:/Users/USER/Desktop/BroCampTasks/Angular_Project/frontend/.angular/cache/18.2.11/frontend/vite/deps/@angular_platform-browser.js.map 304 [24/Nov/2024:11:15:44 +0000] - 29.509 ms localhost
GET /@fs/C:/Users/USER/Desktop/BroCampTasks/Angular_Project/frontend/.angular/cache/18.2.11/frontend/vite/deps/chunk-J2M542RS.js.map 304 [24/Nov/2024:11:15:44 +0000] - 35.028 ms localhost
GET /@fs/C:/Users/USER/Desktop/BroCampTasks/Angular_Project/frontend/.angular/cache/18.2.11/frontend/vite/deps/chunk-PLMZ7O3F.js.map 304 [24/Nov/2024:11:15:44 +0000] - 50.801 ms localhost
GET /@fs/C:/Users/USER/Desktop/BroCampTasks/Angular_Project/frontend/.angular/cache/18.2.11/frontend/vite/deps/chunk-PF6LNL77.js.map 304 [24/Nov/2024:11:15:44 +0000] - 52.989 ms localhost
GET /@fs/C:/Users/USER/Desktop/BroCampTasks/Angular_Project/frontend/.angular/cache/18.2.11/frontend/vite/deps/chunk-SD63G7YN.js.map 304 [24/Nov/2024:11:15:44 +0000] - 73.714 ms localhost
GET /@fs/C:/Users/USER/Desktop/BroCampTasks/Angular_Project/frontend/.angular/cache/18.2.11/frontend/vite/deps/chunk-FDUYSLZ7.js.map 304 [24/Nov/2024:11:15:44 +0000] - 337.088 ms localhost
GET /@fs/C:/Users/USER/Desktop/BroCampTasks/Angular_Project/frontend/.angular/cache/18.2.11/frontend/vite/deps/@angular_core.js.map 304 [24/Nov/2024:11:15:45 +0000] - 422.035 ms localhost
GET /@fs/C:/Users/USER/Desktop/BroCampTasks/Angular_Project/frontend/.angular/cache/18.2.11/frontend/vite/deps/@angular_forms.js.map 304 [24/Nov/2024:11:15:45 +0000] - 412.317 ms localhost
GET /@fs/C:/Users/USER/Desktop/BroCampTasks/Angular_Project/frontend/.angular/cache/18.2.11/frontend/vite/deps/@angular_router.js.map 304 [24/Nov/2024:11:15:45 +0000] - 434.671 ms localhost
GET /@fs/C:/Users/USER/Desktop/BroCampTasks/Angular_Project/frontend/.angular/cache/18.2.11/frontend/vite/deps/@angular_common_http.js.map 304 [24/Nov/2024:11:15:45 +0000] - 411.477 ms localhost
GET /@fs/C:/Users/USER/Desktop/BroCampTasks/Angular_Project/frontend/.angular/cache/18.2.11/frontend/vite/deps/@angular_common.js.map 304 [24/Nov/2024:11:15:45 +0000] - 406.686 ms localhost
GET /favicon.ico 304 [24/Nov/2024:11:15:45 +0000] - 25.989 ms localhost
GET /login.component.css.map 200 [24/Nov/2024:11:15:45 +0000] - 21.167 ms localhost
GET /@fs/C:/Users/USER/Desktop/BroCampTasks/Angular_Project/frontend/.angular/cache/18.2.11/frontend/vite/deps/rxjs.js.map 304 [24/Nov/2024:11:15:45 +0000] - 92.117 ms localhost
POST /user/login 200 [24/Nov/2024:11:15:53 +0000] - 624.330 ms localhost
GET /dashboard.component.css.map 200 [24/Nov/2024:11:15:53 +0000] - 6.821 ms localhost
GET /user/users 304 [24/Nov/2024:11:16:21 +0000] - 47.603 ms localhost
GET /dashboard.component.css.map 200 [24/Nov/2024:11:16:40 +0000] - 4.693 ms localhost
GET /user/users 304 [24/Nov/2024:11:16:45 +0000] - 32.882 ms localhost
GET /dashboard.component.css.map 200 [24/Nov/2024:11:17:05 +0000] - 5.665 ms localhost
GET /user/users 401 [24/Nov/2024:11:17:13 +0000] - 34.304 ms localhost
GET /dashboard.component.css.map 200 [24/Nov/2024:11:18:45 +0000] - 2.676 ms localhost
GET /user/users 504 [24/Nov/2024:11:18:50 +0000] - 129.881 ms localhost
GET / - [24/Nov/2024:11:19:44 +0000] - - ms localhost
GET /users 200 [24/Nov/2024:12:37:54 +0000] - 85.131 ms localhost
GET /polyfills.js 304 [24/Nov/2024:12:37:54 +0000] - 6.028 ms localhost
GET /@vite/client 304 [24/Nov/2024:12:37:54 +0000] - 4.526 ms localhost
GET /styles.css 200 [24/Nov/2024:12:37:54 +0000] - 8.445 ms localhost
GET /main.js 200 [24/Nov/2024:12:37:54 +0000] - 14.959 ms localhost
GET /@fs/C:/Users/USER/Desktop/BroCampTasks/Angular_Project/frontend/node_modules/vite/dist/client/env.mjs 304 [24/Nov/2024:12:37:55 +0000] - 7.834 ms localhost
GET /styles.css.map 200 [24/Nov/2024:12:37:55 +0000] - 15.558 ms localhost
GET /@fs/C:/Users/USER/Desktop/BroCampTasks/Angular_Project/frontend/.angular/cache/18.2.11/frontend/vite/deps/@angular_platform-browser.js.map 304 [24/Nov/2024:12:37:55 +0000] - 149.618 ms localhost
GET /@fs/C:/Users/USER/Desktop/BroCampTasks/Angular_Project/frontend/.angular/cache/18.2.11/frontend/vite/deps/chunk-SD63G7YN.js.map 304 [24/Nov/2024:12:37:55 +0000] - 222.144 ms localhost
GET /@fs/C:/Users/USER/Desktop/BroCampTasks/Angular_Project/frontend/.angular/cache/18.2.11/frontend/vite/deps/chunk-J2M542RS.js.map 304 [24/Nov/2024:12:37:55 +0000] - 228.256 ms localhost
GET /@fs/C:/Users/USER/Desktop/BroCampTasks/Angular_Project/frontend/.angular/cache/18.2.11/frontend/vite/deps/chunk-PLMZ7O3F.js.map 304 [24/Nov/2024:12:37:55 +0000] - 226.798 ms localhost
GET /@fs/C:/Users/USER/Desktop/BroCampTasks/Angular_Project/frontend/.angular/cache/18.2.11/frontend/vite/deps/@angular_core.js.map 304 [24/Nov/2024:12:37:55 +0000] - 30.186 ms localhost
GET /@fs/C:/Users/USER/Desktop/BroCampTasks/Angular_Project/frontend/.angular/cache/18.2.11/frontend/vite/deps/chunk-PF6LNL77.js.map 304 [24/Nov/2024:12:37:55 +0000] - 277.845 ms localhost
GET /@fs/C:/Users/USER/Desktop/BroCampTasks/Angular_Project/frontend/.angular/cache/18.2.11/frontend/vite/deps/@angular_common_http.js.map 304 [24/Nov/2024:12:37:55 +0000] - 39.374 ms localhost
GET /@fs/C:/Users/USER/Desktop/BroCampTasks/Angular_Project/frontend/.angular/cache/18.2.11/frontend/vite/deps/@angular_common.js.map 304 [24/Nov/2024:12:37:55 +0000] - 63.676 ms localhost
GET /login.component.css.map 200 [24/Nov/2024:12:37:56 +0000] - 263.873 ms localhost
GET /favicon.ico 304 [24/Nov/2024:12:37:56 +0000] - 198.202 ms localhost
GET /@fs/C:/Users/USER/Desktop/BroCampTasks/Angular_Project/frontend/.angular/cache/18.2.11/frontend/vite/deps/@angular_forms.js.map 304 [24/Nov/2024:12:37:56 +0000] - 400.405 ms localhost
GET /@fs/C:/Users/USER/Desktop/BroCampTasks/Angular_Project/frontend/.angular/cache/18.2.11/frontend/vite/deps/chunk-FDUYSLZ7.js.map 304 [24/Nov/2024:12:37:56 +0000] - 766.062 ms localhost
GET /@fs/C:/Users/USER/Desktop/BroCampTasks/Angular_Project/frontend/.angular/cache/18.2.11/frontend/vite/deps/rxjs.js.map 304 [24/Nov/2024:12:37:56 +0000] - 465.578 ms localhost
GET /@fs/C:/Users/USER/Desktop/BroCampTasks/Angular_Project/frontend/.angular/cache/18.2.11/frontend/vite/deps/@angular_router.js.map 304 [24/Nov/2024:12:37:56 +0000] - 564.380 ms localhost
GET /login 200 [24/Nov/2024:12:37:59 +0000] - 22.417 ms localhost
GET / - [24/Nov/2024:12:37:59 +0000] - - ms localhost
GET /@vite/client 304 [24/Nov/2024:12:37:59 +0000] - 4.793 ms localhost
GET /styles.css 200 [24/Nov/2024:12:37:59 +0000] - 3.268 ms localhost
GET /polyfills.js 304 [24/Nov/2024:12:37:59 +0000] - 5.750 ms localhost
GET /main.js 304 [24/Nov/2024:12:37:59 +0000] - 3.255 ms localhost
GET /@fs/C:/Users/USER/Desktop/BroCampTasks/Angular_Project/frontend/node_modules/vite/dist/client/env.mjs 304 [24/Nov/2024:12:37:59 +0000] - 4.714 ms localhost
GET /styles.css.map 200 [24/Nov/2024:12:37:59 +0000] - 3.564 ms localhost
GET /@fs/C:/Users/USER/Desktop/BroCampTasks/Angular_Project/frontend/.angular/cache/18.2.11/frontend/vite/deps/@angular_platform-browser.js.map 304 [24/Nov/2024:12:37:59 +0000] - 5.021 ms localhost
GET /@fs/C:/Users/USER/Desktop/BroCampTasks/Angular_Project/frontend/.angular/cache/18.2.11/frontend/vite/deps/chunk-SD63G7YN.js.map 304 [24/Nov/2024:12:37:59 +0000] - 9.894 ms localhost
GET /@fs/C:/Users/USER/Desktop/BroCampTasks/Angular_Project/frontend/.angular/cache/18.2.11/frontend/vite/deps/chunk-J2M542RS.js.map 304 [24/Nov/2024:12:37:59 +0000] - 67.714 ms localhost
GET /@fs/C:/Users/USER/Desktop/BroCampTasks/Angular_Project/frontend/.angular/cache/18.2.11/frontend/vite/deps/chunk-PLMZ7O3F.js.map 304 [24/Nov/2024:12:37:59 +0000] - 67.188 ms localhost
GET /@fs/C:/Users/USER/Desktop/BroCampTasks/Angular_Project/frontend/.angular/cache/18.2.11/frontend/vite/deps/chunk-FDUYSLZ7.js.map 304 [24/Nov/2024:12:37:59 +0000] - 159.748 ms localhost
GET /@fs/C:/Users/USER/Desktop/BroCampTasks/Angular_Project/frontend/.angular/cache/18.2.11/frontend/vite/deps/@angular_core.js.map 304 [24/Nov/2024:12:38:00 +0000] - 225.838 ms localhost
GET /@fs/C:/Users/USER/Desktop/BroCampTasks/Angular_Project/frontend/.angular/cache/18.2.11/frontend/vite/deps/chunk-PF6LNL77.js.map 304 [24/Nov/2024:12:38:00 +0000] - 297.996 ms localhost
GET /@fs/C:/Users/USER/Desktop/BroCampTasks/Angular_Project/frontend/.angular/cache/18.2.11/frontend/vite/deps/@angular_forms.js.map 304 [24/Nov/2024:12:38:00 +0000] - 159.664 ms localhost
GET /@fs/C:/Users/USER/Desktop/BroCampTasks/Angular_Project/frontend/.angular/cache/18.2.11/frontend/vite/deps/@angular_router.js.map 304 [24/Nov/2024:12:38:00 +0000] - 243.158 ms localhost
GET /@fs/C:/Users/USER/Desktop/BroCampTasks/Angular_Project/frontend/.angular/cache/18.2.11/frontend/vite/deps/@angular_common_http.js.map 304 [24/Nov/2024:12:38:00 +0000] - 172.759 ms localhost
GET /@fs/C:/Users/USER/Desktop/BroCampTasks/Angular_Project/frontend/.angular/cache/18.2.11/frontend/vite/deps/@angular_common.js.map 304 [24/Nov/2024:12:38:00 +0000] - 84.290 ms localhost
GET /@fs/C:/Users/USER/Desktop/BroCampTasks/Angular_Project/frontend/.angular/cache/18.2.11/frontend/vite/deps/rxjs.js.map 304 [24/Nov/2024:12:38:00 +0000] - 38.303 ms localhost
GET /login.component.css.map 200 [24/Nov/2024:12:38:00 +0000] - 3.574 ms localhost
GET /favicon.ico 304 [24/Nov/2024:12:38:00 +0000] - 7.447 ms localhost
POST /user/login 200 [24/Nov/2024:12:38:15 +0000] - 1011.695 ms localhost
GET /dashboard.component.css.map 200 [24/Nov/2024:12:38:15 +0000] - 8.054 ms localhost
GET /user/users 401 [24/Nov/2024:12:39:15 +0000] - 57.153 ms localhost
GET /dashboard.component.css.map 200 [24/Nov/2024:12:39:26 +0000] - 32.632 ms localhost
GET /user/users 401 [24/Nov/2024:12:39:27 +0000] - 20.594 ms localhost
GET /dashboard.component.css.map 200 [24/Nov/2024:12:40:50 +0000] - 2.928 ms localhost
GET /user/users 401 [24/Nov/2024:12:40:56 +0000] - 63.541 ms localhost
GET /user/logout 304 [24/Nov/2024:12:40:58 +0000] - 13.015 ms localhost
GET /login.component.css.map 200 [24/Nov/2024:12:40:58 +0000] - 5.485 ms localhost
POST /user/login 200 [24/Nov/2024:12:41:07 +0000] - 466.863 ms localhost
GET /dashboard.component.css.map 200 [24/Nov/2024:12:41:08 +0000] - 4.801 ms localhost
GET / - [24/Nov/2024:12:41:59 +0000] - - ms localhost
GET /user/users 401 [24/Nov/2024:12:42:28 +0000] - 111.400 ms localhost
GET /users 200 [24/Nov/2024:12:50:56 +0000] - 21.627 ms localhost
GET /@vite/client 304 [24/Nov/2024:12:50:56 +0000] - 5.895 ms localhost
GET /styles.css 200 [24/Nov/2024:12:50:56 +0000] - 5.378 ms localhost
GET /polyfills.js 304 [24/Nov/2024:12:50:56 +0000] - 2.776 ms localhost
GET /main.js 200 [24/Nov/2024:12:50:56 +0000] - 4.912 ms localhost
GET /@fs/C:/Users/USER/Desktop/BroCampTasks/Angular_Project/frontend/node_modules/vite/dist/client/env.mjs 304 [24/Nov/2024:12:50:57 +0000] - 2.433 ms localhost
GET /styles.css.map 200 [24/Nov/2024:12:50:57 +0000] - 5.947 ms localhost
GET /@fs/C:/Users/USER/Desktop/BroCampTasks/Angular_Project/frontend/.angular/cache/18.2.11/frontend/vite/deps/@angular_platform-browser.js.map 304 [24/Nov/2024:12:50:57 +0000] - 24.833 ms localhost
GET /@fs/C:/Users/USER/Desktop/BroCampTasks/Angular_Project/frontend/.angular/cache/18.2.11/frontend/vite/deps/chunk-SD63G7YN.js.map 304 [24/Nov/2024:12:50:57 +0000] - 30.213 ms localhost
GET /@fs/C:/Users/USER/Desktop/BroCampTasks/Angular_Project/frontend/.angular/cache/18.2.11/frontend/vite/deps/chunk-J2M542RS.js.map 304 [24/Nov/2024:12:50:57 +0000] - 31.895 ms localhost
GET /@fs/C:/Users/USER/Desktop/BroCampTasks/Angular_Project/frontend/.angular/cache/18.2.11/frontend/vite/deps/chunk-PLMZ7O3F.js.map 304 [24/Nov/2024:12:50:57 +0000] - 48.136 ms localhost
GET /@fs/C:/Users/USER/Desktop/BroCampTasks/Angular_Project/frontend/.angular/cache/18.2.11/frontend/vite/deps/@angular_core.js.map 304 [24/Nov/2024:12:50:57 +0000] - 27.850 ms localhost
GET /@fs/C:/Users/USER/Desktop/BroCampTasks/Angular_Project/frontend/.angular/cache/18.2.11/frontend/vite/deps/chunk-PF6LNL77.js.map 304 [24/Nov/2024:12:50:57 +0000] - 45.053 ms localhost
GET /@fs/C:/Users/USER/Desktop/BroCampTasks/Angular_Project/frontend/.angular/cache/18.2.11/frontend/vite/deps/chunk-FDUYSLZ7.js.map 304 [24/Nov/2024:12:50:57 +0000] - 161.109 ms localhost
GET /@fs/C:/Users/USER/Desktop/BroCampTasks/Angular_Project/frontend/.angular/cache/18.2.11/frontend/vite/deps/@angular_forms.js.map 304 [24/Nov/2024:12:50:57 +0000] - 154.772 ms localhost
GET /@fs/C:/Users/USER/Desktop/BroCampTasks/Angular_Project/frontend/.angular/cache/18.2.11/frontend/vite/deps/@angular_common_http.js.map 304 [24/Nov/2024:12:50:58 +0000] - 4.401 ms localhost
GET /@fs/C:/Users/USER/Desktop/BroCampTasks/Angular_Project/frontend/.angular/cache/18.2.11/frontend/vite/deps/@angular_router.js.map 304 [24/Nov/2024:12:50:58 +0000] - 230.685 ms localhost
GET /@fs/C:/Users/USER/Desktop/BroCampTasks/Angular_Project/frontend/.angular/cache/18.2.11/frontend/vite/deps/@angular_common.js.map 304 [24/Nov/2024:12:50:58 +0000] - 4.236 ms localhost
GET /@fs/C:/Users/USER/Desktop/BroCampTasks/Angular_Project/frontend/.angular/cache/18.2.11/frontend/vite/deps/rxjs.js.map 304 [24/Nov/2024:12:50:58 +0000] - 5.209 ms localhost
GET /login.component.css.map 200 [24/Nov/2024:12:50:58 +0000] - 2.693 ms localhost
GET /favicon.ico 304 [24/Nov/2024:12:50:59 +0000] - 6.237 ms localhost
GET /login 200 [24/Nov/2024:12:53:59 +0000] - 13.097 ms localhost
GET / - [24/Nov/2024:12:53:59 +0000] - - ms localhost
GET /@vite/client 304 [24/Nov/2024:12:53:59 +0000] - 7.403 ms localhost
GET /styles.css 200 [24/Nov/2024:12:53:59 +0000] - 7.547 ms localhost
GET /polyfills.js 304 [24/Nov/2024:12:53:59 +0000] - 13.605 ms localhost
GET /main.js 200 [24/Nov/2024:12:53:59 +0000] - 13.294 ms localhost
GET /@fs/C:/Users/USER/Desktop/BroCampTasks/Angular_Project/frontend/node_modules/vite/dist/client/env.mjs 304 [24/Nov/2024:12:53:59 +0000] - 3.373 ms localhost
GET /styles.css.map 200 [24/Nov/2024:12:53:59 +0000] - 4.053 ms localhost
GET /@fs/C:/Users/USER/Desktop/BroCampTasks/Angular_Project/frontend/.angular/cache/18.2.11/frontend/vite/deps/@angular_platform-browser.js.map 304 [24/Nov/2024:12:53:59 +0000] - 6.279 ms localhost
GET /@fs/C:/Users/USER/Desktop/BroCampTasks/Angular_Project/frontend/.angular/cache/18.2.11/frontend/vite/deps/chunk-SD63G7YN.js.map 304 [24/Nov/2024:12:53:59 +0000] - 21.529 ms localhost
GET /@fs/C:/Users/USER/Desktop/BroCampTasks/Angular_Project/frontend/.angular/cache/18.2.11/frontend/vite/deps/chunk-J2M542RS.js.map 304 [24/Nov/2024:12:53:59 +0000] - 26.015 ms localhost
GET /@fs/C:/Users/USER/Desktop/BroCampTasks/Angular_Project/frontend/.angular/cache/18.2.11/frontend/vite/deps/chunk-PLMZ7O3F.js.map 304 [24/Nov/2024:12:53:59 +0000] - 31.354 ms localhost
GET /@fs/C:/Users/USER/Desktop/BroCampTasks/Angular_Project/frontend/.angular/cache/18.2.11/frontend/vite/deps/chunk-PF6LNL77.js.map 304 [24/Nov/2024:12:53:59 +0000] - 37.148 ms localhost
GET /@fs/C:/Users/USER/Desktop/BroCampTasks/Angular_Project/frontend/.angular/cache/18.2.11/frontend/vite/deps/@angular_core.js.map 304 [24/Nov/2024:12:53:59 +0000] - 47.578 ms localhost
GET /@fs/C:/Users/USER/Desktop/BroCampTasks/Angular_Project/frontend/.angular/cache/18.2.11/frontend/vite/deps/chunk-FDUYSLZ7.js.map 304 [24/Nov/2024:12:53:59 +0000] - 156.025 ms localhost
GET /@fs/C:/Users/USER/Desktop/BroCampTasks/Angular_Project/frontend/.angular/cache/18.2.11/frontend/vite/deps/@angular_common_http.js.map 304 [24/Nov/2024:12:53:59 +0000] - 127.590 ms localhost
GET /@fs/C:/Users/USER/Desktop/BroCampTasks/Angular_Project/frontend/.angular/cache/18.2.11/frontend/vite/deps/@angular_router.js.map 304 [24/Nov/2024:12:53:59 +0000] - 176.866 ms localhost
GET /@fs/C:/Users/USER/Desktop/BroCampTasks/Angular_Project/frontend/.angular/cache/18.2.11/frontend/vite/deps/@angular_forms.js.map 304 [24/Nov/2024:12:53:59 +0000] - 175.384 ms localhost
GET /@fs/C:/Users/USER/Desktop/BroCampTasks/Angular_Project/frontend/.angular/cache/18.2.11/frontend/vite/deps/@angular_common.js.map 304 [24/Nov/2024:12:53:59 +0000] - 178.719 ms localhost
GET /login.component.css.map 200 [24/Nov/2024:12:53:59 +0000] - 60.043 ms localhost
GET /@fs/C:/Users/USER/Desktop/BroCampTasks/Angular_Project/frontend/.angular/cache/18.2.11/frontend/vite/deps/rxjs.js.map 304 [24/Nov/2024:12:54:00 +0000] - 145.041 ms localhost
GET /favicon.ico 304 [24/Nov/2024:12:54:00 +0000] - 3.222 ms localhost
POST /user/login 200 [24/Nov/2024:12:54:14 +0000] - 459.496 ms localhost
GET /dashboard.component.css.map 200 [24/Nov/2024:12:54:14 +0000] - 8.200 ms localhost
GET /user/users 401 [24/Nov/2024:12:55:15 +0000] - 26.972 ms localhost
GET /user/refreshToken 200 [24/Nov/2024:12:55:15 +0000] - 6.556 ms localhost
GET /user/users 200 [24/Nov/2024:12:55:15 +0000] - 20.177 ms localhost
GET /dashboard.component.css.map 200 [24/Nov/2024:12:56:24 +0000] - 4.824 ms localhost
GET /user/users 401 [24/Nov/2024:12:56:39 +0000] - 11.197 ms localhost
GET /user/refreshToken 200 [24/Nov/2024:12:56:39 +0000] - 4.611 ms localhost
GET /user/users 401 [24/Nov/2024:12:56:39 +0000] - 6.265 ms localhost
GET /dashboard.component.css.map 200 [24/Nov/2024:12:57:36 +0000] - 9.970 ms localhost
GET /user/users 401 [24/Nov/2024:12:57:42 +0000] - 11.925 ms localhost
GET /user/refreshToken 304 [24/Nov/2024:12:57:42 +0000] - 9.949 ms localhost
GET /user/users 401 [24/Nov/2024:12:57:42 +0000] - 17.279 ms localhost
GET / - [24/Nov/2024:12:57:59 +0000] - - ms localhost
GET /users 200 [24/Nov/2024:13:27:02 +0000] - 38.929 ms localhost
GET /styles.css 200 [24/Nov/2024:13:27:02 +0000] - 9.111 ms localhost
GET /main.js 304 [24/Nov/2024:13:27:02 +0000] - 8.588 ms localhost
GET /@vite/client 304 [24/Nov/2024:13:27:02 +0000] - 5.148 ms localhost
GET /polyfills.js 304 [24/Nov/2024:13:27:02 +0000] - 5.184 ms localhost
GET /@fs/C:/Users/USER/Desktop/BroCampTasks/Angular_Project/frontend/node_modules/vite/dist/client/env.mjs 304 [24/Nov/2024:13:27:03 +0000] - 7.095 ms localhost
GET /favicon.ico 304 [24/Nov/2024:13:27:03 +0000] - 6.032 ms localhost
GET /login 200 [24/Nov/2024:13:27:09 +0000] - 9.488 ms localhost
GET / - [24/Nov/2024:13:27:09 +0000] - - ms localhost
GET /@vite/client 304 [24/Nov/2024:13:27:09 +0000] - 2.966 ms localhost
GET /styles.css 200 [24/Nov/2024:13:27:09 +0000] - 5.862 ms localhost
GET /polyfills.js 304 [24/Nov/2024:13:27:09 +0000] - 6.600 ms localhost
GET /main.js 304 [24/Nov/2024:13:27:09 +0000] - 5.912 ms localhost
GET /@fs/C:/Users/USER/Desktop/BroCampTasks/Angular_Project/frontend/node_modules/vite/dist/client/env.mjs 304 [24/Nov/2024:13:27:09 +0000] - 3.187 ms localhost
GET /favicon.ico 304 [24/Nov/2024:13:27:10 +0000] - 3.217 ms localhost
POST /user/login 200 [24/Nov/2024:13:27:20 +0000] - 189.565 ms localhost
GET /styles.css 200 [24/Nov/2024:13:27:35 +0000] - 3.456 ms localhost
GET /@fs/C:/Users/USER/Desktop/BroCampTasks/Angular_Project/frontend/.angular/cache/18.2.11/frontend/vite/deps/@angular_platform-browser.js.map 304 [24/Nov/2024:13:27:36 +0000] - 22.162 ms localhost
GET /@fs/C:/Users/USER/Desktop/BroCampTasks/Angular_Project/frontend/.angular/cache/18.2.11/frontend/vite/deps/@angular_common_http.js.map 304 [24/Nov/2024:13:27:36 +0000] - 20.816 ms localhost
GET /@fs/C:/Users/USER/Desktop/BroCampTasks/Angular_Project/frontend/.angular/cache/18.2.11/frontend/vite/deps/@angular_core.js.map 304 [24/Nov/2024:13:27:36 +0000] - 23.189 ms localhost
GET /@fs/C:/Users/USER/Desktop/BroCampTasks/Angular_Project/frontend/.angular/cache/18.2.11/frontend/vite/deps/@angular_common.js.map 304 [24/Nov/2024:13:27:36 +0000] - 20.020 ms localhost
GET /@fs/C:/Users/USER/Desktop/BroCampTasks/Angular_Project/frontend/.angular/cache/18.2.11/frontend/vite/deps/chunk-SD63G7YN.js.map 304 [24/Nov/2024:13:27:36 +0000] - 22.772 ms localhost
GET /@fs/C:/Users/USER/Desktop/BroCampTasks/Angular_Project/frontend/.angular/cache/18.2.11/frontend/vite/deps/chunk-J2M542RS.js.map 304 [24/Nov/2024:13:27:36 +0000] - 26.147 ms localhost
GET /@fs/C:/Users/USER/Desktop/BroCampTasks/Angular_Project/frontend/.angular/cache/18.2.11/frontend/vite/deps/rxjs.js.map 304 [24/Nov/2024:13:27:36 +0000] - 18.627 ms localhost
GET /@fs/C:/Users/USER/Desktop/BroCampTasks/Angular_Project/frontend/.angular/cache/18.2.11/frontend/vite/deps/chunk-PF6LNL77.js.map 304 [24/Nov/2024:13:27:36 +0000] - 35.001 ms localhost
GET /@fs/C:/Users/USER/Desktop/BroCampTasks/Angular_Project/frontend/.angular/cache/18.2.11/frontend/vite/deps/@angular_router.js.map 304 [24/Nov/2024:13:27:36 +0000] - 47.056 ms localhost
GET /@fs/C:/Users/USER/Desktop/BroCampTasks/Angular_Project/frontend/.angular/cache/18.2.11/frontend/vite/deps/chunk-PLMZ7O3F.js.map 304 [24/Nov/2024:13:27:36 +0000] - 66.424 ms localhost
GET /@fs/C:/Users/USER/Desktop/BroCampTasks/Angular_Project/frontend/.angular/cache/18.2.11/frontend/vite/deps/@angular_forms.js.map 304 [24/Nov/2024:13:27:36 +0000] - 59.244 ms localhost
GET /styles.css.map 200 [24/Nov/2024:13:27:36 +0000] - 28.693 ms localhost
GET /dashboard.component.css.map 200 [24/Nov/2024:13:27:36 +0000] - 45.338 ms localhost
GET /@fs/C:/Users/USER/Desktop/BroCampTasks/Angular_Project/frontend/.angular/cache/18.2.11/frontend/vite/deps/chunk-FDUYSLZ7.js.map 304 [24/Nov/2024:13:27:36 +0000] - 309.253 ms localhost
GET /user/users 304 [24/Nov/2024:13:28:18 +0000] - 34.862 ms localhost
GET /dashboard.component.css.map 200 [24/Nov/2024:13:28:23 +0000] - 5.232 ms localhost
GET /user/users 401 [24/Nov/2024:13:28:34 +0000] - 31.160 ms localhost
GET /user/refreshToken 200 [24/Nov/2024:13:28:34 +0000] - 13.849 ms localhost
GET /user/users 304 [24/Nov/2024:13:28:34 +0000] - 20.683 ms localhost
GET /dashboard.component.css.map 200 [24/Nov/2024:13:29:12 +0000] - 2.660 ms localhost
GET /user/users 304 [24/Nov/2024:13:29:22 +0000] - 21.349 ms localhost
GET /dashboard.component.css.map 200 [24/Nov/2024:13:29:26 +0000] - 4.449 ms localhost
GET /user/users 401 [24/Nov/2024:13:30:01 +0000] - 7.931 ms localhost
GET /user/refreshToken 200 [24/Nov/2024:13:30:01 +0000] - 3.119 ms localhost
GET /user/users 401 [24/Nov/2024:13:30:01 +0000] - 12.192 ms localhost
GET / - [24/Nov/2024:13:31:09 +0000] - - ms localhost
GET /users 200 [24/Nov/2024:14:10:54 +0000] - 35.160 ms localhost
GET /@vite/client 304 [24/Nov/2024:14:10:54 +0000] - 3.595 ms localhost
GET /styles.css 200 [24/Nov/2024:14:10:54 +0000] - 4.304 ms localhost
GET /polyfills.js 304 [24/Nov/2024:14:10:54 +0000] - 3.168 ms localhost
GET /main.js 304 [24/Nov/2024:14:10:54 +0000] - 2.565 ms localhost
GET /@fs/C:/Users/USER/Desktop/BroCampTasks/Angular_Project/frontend/node_modules/vite/dist/client/env.mjs 304 [24/Nov/2024:14:10:54 +0000] - 2.318 ms localhost
GET /styles.css.map 200 [24/Nov/2024:14:10:55 +0000] - 3.381 ms localhost
GET /@fs/C:/Users/USER/Desktop/BroCampTasks/Angular_Project/frontend/.angular/cache/18.2.11/frontend/vite/deps/@angular_platform-browser.js.map 304 [24/Nov/2024:14:10:55 +0000] - 24.137 ms localhost
GET /@fs/C:/Users/USER/Desktop/BroCampTasks/Angular_Project/frontend/.angular/cache/18.2.11/frontend/vite/deps/chunk-J2M542RS.js.map 304 [24/Nov/2024:14:10:55 +0000] - 26.824 ms localhost
GET /@fs/C:/Users/USER/Desktop/BroCampTasks/Angular_Project/frontend/.angular/cache/18.2.11/frontend/vite/deps/chunk-SD63G7YN.js.map 304 [24/Nov/2024:14:10:55 +0000] - 29.680 ms localhost
GET /@fs/C:/Users/USER/Desktop/BroCampTasks/Angular_Project/frontend/.angular/cache/18.2.11/frontend/vite/deps/chunk-PF6LNL77.js.map 304 [24/Nov/2024:14:10:55 +0000] - 38.072 ms localhost
GET /@fs/C:/Users/USER/Desktop/BroCampTasks/Angular_Project/frontend/.angular/cache/18.2.11/frontend/vite/deps/chunk-PLMZ7O3F.js.map 304 [24/Nov/2024:14:10:55 +0000] - 52.557 ms localhost
GET /@fs/C:/Users/USER/Desktop/BroCampTasks/Angular_Project/frontend/.angular/cache/18.2.11/frontend/vite/deps/chunk-FDUYSLZ7.js.map 304 [24/Nov/2024:14:10:55 +0000] - 156.572 ms localhost
GET /@fs/C:/Users/USER/Desktop/BroCampTasks/Angular_Project/frontend/.angular/cache/18.2.11/frontend/vite/deps/@angular_core.js.map 304 [24/Nov/2024:14:10:55 +0000] - 138.528 ms localhost
GET /@fs/C:/Users/USER/Desktop/BroCampTasks/Angular_Project/frontend/.angular/cache/18.2.11/frontend/vite/deps/@angular_router.js.map 304 [24/Nov/2024:14:10:55 +0000] - 147.489 ms localhost
GET /@fs/C:/Users/USER/Desktop/BroCampTasks/Angular_Project/frontend/.angular/cache/18.2.11/frontend/vite/deps/@angular_common_http.js.map 304 [24/Nov/2024:14:10:55 +0000] - 133.830 ms localhost
GET /@fs/C:/Users/USER/Desktop/BroCampTasks/Angular_Project/frontend/.angular/cache/18.2.11/frontend/vite/deps/@angular_common.js.map 304 [24/Nov/2024:14:10:55 +0000] - 121.789 ms localhost
GET /@fs/C:/Users/USER/Desktop/BroCampTasks/Angular_Project/frontend/.angular/cache/18.2.11/frontend/vite/deps/@angular_forms.js.map 304 [24/Nov/2024:14:10:55 +0000] - 150.192 ms localhost
GET /@fs/C:/Users/USER/Desktop/BroCampTasks/Angular_Project/frontend/.angular/cache/18.2.11/frontend/vite/deps/rxjs.js.map 304 [24/Nov/2024:14:10:55 +0000] - 28.250 ms localhost
GET /login.component.css.map 200 [24/Nov/2024:14:10:55 +0000] - 2.797 ms localhost
GET /favicon.ico 304 [24/Nov/2024:14:10:56 +0000] - 6.105 ms localhost
GET / - [24/Nov/2024:14:14:54 +0000] - - ms localhost
GET /login 200 [24/Nov/2024:14:17:58 +0000] - 13.296 ms localhost
GET /@vite/client 304 [24/Nov/2024:14:17:58 +0000] - 5.107 ms localhost
GET /styles.css 200 [24/Nov/2024:14:17:58 +0000] - 7.335 ms localhost
GET /polyfills.js 304 [24/Nov/2024:14:17:58 +0000] - 7.907 ms localhost
GET /main.js 304 [24/Nov/2024:14:17:58 +0000] - 8.244 ms localhost
GET /@fs/C:/Users/USER/Desktop/BroCampTasks/Angular_Project/frontend/node_modules/vite/dist/client/env.mjs 304 [24/Nov/2024:14:17:58 +0000] - 6.839 ms localhost
GET /styles.css.map 200 [24/Nov/2024:14:17:58 +0000] - 9.360 ms localhost
GET /@fs/C:/Users/USER/Desktop/BroCampTasks/Angular_Project/frontend/.angular/cache/18.2.11/frontend/vite/deps/@angular_platform-browser.js.map 304 [24/Nov/2024:14:17:59 +0000] - 12.818 ms localhost
GET /@fs/C:/Users/USER/Desktop/BroCampTasks/Angular_Project/frontend/.angular/cache/18.2.11/frontend/vite/deps/chunk-SD63G7YN.js.map 304 [24/Nov/2024:14:17:59 +0000] - 20.848 ms localhost
GET /@fs/C:/Users/USER/Desktop/BroCampTasks/Angular_Project/frontend/.angular/cache/18.2.11/frontend/vite/deps/chunk-J2M542RS.js.map 304 [24/Nov/2024:14:17:59 +0000] - 23.987 ms localhost
GET /@fs/C:/Users/USER/Desktop/BroCampTasks/Angular_Project/frontend/.angular/cache/18.2.11/frontend/vite/deps/chunk-PF6LNL77.js.map 304 [24/Nov/2024:14:17:59 +0000] - 33.219 ms localhost
GET /@fs/C:/Users/USER/Desktop/BroCampTasks/Angular_Project/frontend/.angular/cache/18.2.11/frontend/vite/deps/chunk-PLMZ7O3F.js.map 304 [24/Nov/2024:14:17:59 +0000] - 67.511 ms localhost
GET /@fs/C:/Users/USER/Desktop/BroCampTasks/Angular_Project/frontend/.angular/cache/18.2.11/frontend/vite/deps/chunk-FDUYSLZ7.js.map 304 [24/Nov/2024:14:17:59 +0000] - 138.191 ms localhost
GET /@fs/C:/Users/USER/Desktop/BroCampTasks/Angular_Project/frontend/.angular/cache/18.2.11/frontend/vite/deps/@angular_core.js.map 304 [24/Nov/2024:14:17:59 +0000] - 128.858 ms localhost
GET /@fs/C:/Users/USER/Desktop/BroCampTasks/Angular_Project/frontend/.angular/cache/18.2.11/frontend/vite/deps/@angular_common_http.js.map 304 [24/Nov/2024:14:17:59 +0000] - 117.464 ms localhost
GET /@fs/C:/Users/USER/Desktop/BroCampTasks/Angular_Project/frontend/.angular/cache/18.2.11/frontend/vite/deps/@angular_router.js.map 304 [24/Nov/2024:14:17:59 +0000] - 181.696 ms localhost
GET /@fs/C:/Users/USER/Desktop/BroCampTasks/Angular_Project/frontend/.angular/cache/18.2.11/frontend/vite/deps/@angular_forms.js.map 304 [24/Nov/2024:14:17:59 +0000] - 196.762 ms localhost
GET /login.component.css.map 200 [24/Nov/2024:14:17:59 +0000] - 60.769 ms localhost
GET /@fs/C:/Users/USER/Desktop/BroCampTasks/Angular_Project/frontend/.angular/cache/18.2.11/frontend/vite/deps/@angular_common.js.map 304 [24/Nov/2024:14:17:59 +0000] - 163.541 ms localhost
GET /@fs/C:/Users/USER/Desktop/BroCampTasks/Angular_Project/frontend/.angular/cache/18.2.11/frontend/vite/deps/rxjs.js.map 304 [24/Nov/2024:14:17:59 +0000] - 123.282 ms localhost
GET /favicon.ico 304 [24/Nov/2024:14:17:59 +0000] - 4.781 ms localhost
POST /user/login 200 [24/Nov/2024:14:18:11 +0000] - 190.396 ms localhost
GET /dashboard.component.css.map 200 [24/Nov/2024:14:18:11 +0000] - 4.473 ms localhost
GET /user/users 304 [24/Nov/2024:14:18:29 +0000] - 33.931 ms localhost
GET /dashboard.component.css.map 200 [24/Nov/2024:14:19:21 +0000] - 3.739 ms localhost
GET /user/users 401 [24/Nov/2024:14:19:24 +0000] - 42.821 ms localhost
GET /user/refreshToken 200 [24/Nov/2024:14:19:24 +0000] - 17.085 ms localhost
GET /user/users 304 [24/Nov/2024:14:19:25 +0000] - 25.761 ms localhost
GET /dashboard.component.css.map 200 [24/Nov/2024:14:20:17 +0000] - 4.887 ms localhost
GET /user/users 304 [24/Nov/2024:14:20:20 +0000] - 28.745 ms localhost
GET /dashboard.component.css.map 200 [24/Nov/2024:14:20:26 +0000] - 3.700 ms localhost
GET /user/users 401 [24/Nov/2024:14:20:53 +0000] - 37.577 ms localhost
GET /user/refreshToken 304 [24/Nov/2024:14:20:53 +0000] - 12.201 ms localhost
GET /user/users 304 [24/Nov/2024:14:20:53 +0000] - 26.110 ms localhost
GET / - [24/Nov/2024:14:21:58 +0000] - - ms localhost
GET /dashboard.component.css.map 200 [24/Nov/2024:14:22:37 +0000] - 16.777 ms localhost
GET /user/users 401 [24/Nov/2024:14:22:40 +0000] - 17.769 ms localhost
GET /user/refreshToken 304 [24/Nov/2024:14:22:40 +0000] - 9.730 ms localhost
GET /user/users 304 [24/Nov/2024:14:22:40 +0000] - 26.127 ms localhost
GET /users 200 [24/Nov/2024:15:09:51 +0000] - 149.206 ms localhost
GET /@vite/client 304 [24/Nov/2024:15:09:51 +0000] - 9.724 ms localhost
GET /styles.css 200 [24/Nov/2024:15:09:51 +0000] - 12.194 ms localhost
GET /polyfills.js 304 [24/Nov/2024:15:09:51 +0000] - 26.167 ms localhost
GET /main.js 304 [24/Nov/2024:15:09:51 +0000] - 22.170 ms localhost
GET /styles.css.map 200 [24/Nov/2024:15:09:51 +0000] - 16.279 ms localhost
GET /@fs/C:/Users/USER/Desktop/BroCampTasks/Angular_Project/frontend/node_modules/vite/dist/client/env.mjs 304 [24/Nov/2024:15:09:51 +0000] - 7.342 ms localhost
GET /@fs/C:/Users/USER/Desktop/BroCampTasks/Angular_Project/frontend/.angular/cache/18.2.11/frontend/vite/deps/@angular_platform-browser.js.map 304 [24/Nov/2024:15:09:52 +0000] - 38.096 ms localhost
GET /@fs/C:/Users/USER/Desktop/BroCampTasks/Angular_Project/frontend/.angular/cache/18.2.11/frontend/vite/deps/chunk-J2M542RS.js.map 304 [24/Nov/2024:15:09:52 +0000] - 52.055 ms localhost
GET /@fs/C:/Users/USER/Desktop/BroCampTasks/Angular_Project/frontend/.angular/cache/18.2.11/frontend/vite/deps/@angular_core.js.map 304 [24/Nov/2024:15:09:52 +0000] - 44.251 ms localhost
GET /@fs/C:/Users/USER/Desktop/BroCampTasks/Angular_Project/frontend/.angular/cache/18.2.11/frontend/vite/deps/chunk-PLMZ7O3F.js.map 304 [24/Nov/2024:15:09:52 +0000] - 101.653 ms localhost
GET /@fs/C:/Users/USER/Desktop/BroCampTasks/Angular_Project/frontend/.angular/cache/18.2.11/frontend/vite/deps/chunk-PF6LNL77.js.map 304 [24/Nov/2024:15:09:52 +0000] - 114.603 ms localhost
GET /@fs/C:/Users/USER/Desktop/BroCampTasks/Angular_Project/frontend/.angular/cache/18.2.11/frontend/vite/deps/chunk-FDUYSLZ7.js.map 304 [24/Nov/2024:15:09:52 +0000] - 466.049 ms localhost
GET /@fs/C:/Users/USER/Desktop/BroCampTasks/Angular_Project/frontend/.angular/cache/18.2.11/frontend/vite/deps/@angular_router.js.map 304 [24/Nov/2024:15:09:52 +0000] - 474.772 ms localhost
GET /@fs/C:/Users/USER/Desktop/BroCampTasks/Angular_Project/frontend/.angular/cache/18.2.11/frontend/vite/deps/@angular_common_http.js.map 304 [24/Nov/2024:15:09:52 +0000] - 457.955 ms localhost
GET /@fs/C:/Users/USER/Desktop/BroCampTasks/Angular_Project/frontend/.angular/cache/18.2.11/frontend/vite/deps/@angular_common.js.map 304 [24/Nov/2024:15:09:52 +0000] - 404.375 ms localhost
GET /@fs/C:/Users/USER/Desktop/BroCampTasks/Angular_Project/frontend/.angular/cache/18.2.11/frontend/vite/deps/@angular_forms.js.map 304 [24/Nov/2024:15:09:52 +0000] - 471.944 ms localhost
GET /favicon.ico 304 [24/Nov/2024:15:09:52 +0000] - 62.804 ms localhost
GET /login.component.css.map 200 [24/Nov/2024:15:09:52 +0000] - 26.002 ms localhost
GET /@fs/C:/Users/USER/Desktop/BroCampTasks/Angular_Project/frontend/.angular/cache/18.2.11/frontend/vite/deps/rxjs.js.map 304 [24/Nov/2024:15:09:52 +0000] - 427.513 ms localhost
GET /@fs/C:/Users/USER/Desktop/BroCampTasks/Angular_Project/frontend/.angular/cache/18.2.11/frontend/vite/deps/chunk-SD63G7YN.js.map 304 [24/Nov/2024:15:09:52 +0000] - 43.136 ms localhost
GET / - [24/Nov/2024:15:13:51 +0000] - - ms localhost
GET /login 200 [24/Nov/2024:17:13:03 +0000] - 27.008 ms localhost
GET /@vite/client 304 [24/Nov/2024:17:13:03 +0000] - 6.402 ms localhost
GET /styles.css 200 [24/Nov/2024:17:13:03 +0000] - 7.868 ms localhost
GET /polyfills.js 304 [24/Nov/2024:17:13:03 +0000] - 6.480 ms localhost
GET /main.js 304 [24/Nov/2024:17:13:03 +0000] - 4.307 ms localhost
GET /styles.css.map 200 [24/Nov/2024:17:13:03 +0000] - 6.247 ms localhost
GET /@fs/C:/Users/USER/Desktop/BroCampTasks/Angular_Project/frontend/node_modules/vite/dist/client/env.mjs 304 [24/Nov/2024:17:13:03 +0000] - 2.581 ms localhost
GET /@fs/C:/Users/USER/Desktop/BroCampTasks/Angular_Project/frontend/.angular/cache/18.2.11/frontend/vite/deps/@angular_platform-browser.js.map 304 [24/Nov/2024:17:13:04 +0000] - 29.724 ms localhost
GET /@fs/C:/Users/USER/Desktop/BroCampTasks/Angular_Project/frontend/.angular/cache/18.2.11/frontend/vite/deps/chunk-SD63G7YN.js.map 304 [24/Nov/2024:17:13:04 +0000] - 30.626 ms localhost
GET /@fs/C:/Users/USER/Desktop/BroCampTasks/Angular_Project/frontend/.angular/cache/18.2.11/frontend/vite/deps/chunk-J2M542RS.js.map 304 [24/Nov/2024:17:13:04 +0000] - 33.512 ms localhost
GET /@fs/C:/Users/USER/Desktop/BroCampTasks/Angular_Project/frontend/.angular/cache/18.2.11/frontend/vite/deps/@angular_core.js.map 304 [24/Nov/2024:17:13:04 +0000] - 26.916 ms localhost
GET /@fs/C:/Users/USER/Desktop/BroCampTasks/Angular_Project/frontend/.angular/cache/18.2.11/frontend/vite/deps/chunk-PLMZ7O3F.js.map 304 [24/Nov/2024:17:13:04 +0000] - 47.770 ms localhost
GET /@fs/C:/Users/USER/Desktop/BroCampTasks/Angular_Project/frontend/.angular/cache/18.2.11/frontend/vite/deps/chunk-PF6LNL77.js.map 304 [24/Nov/2024:17:13:04 +0000] - 57.813 ms localhost
GET /@fs/C:/Users/USER/Desktop/BroCampTasks/Angular_Project/frontend/.angular/cache/18.2.11/frontend/vite/deps/@angular_common.js.map 304 [24/Nov/2024:17:13:04 +0000] - 56.201 ms localhost
GET /@fs/C:/Users/USER/Desktop/BroCampTasks/Angular_Project/frontend/.angular/cache/18.2.11/frontend/vite/deps/@angular_common_http.js.map 304 [24/Nov/2024:17:13:04 +0000] - 62.121 ms localhost
GET /@fs/C:/Users/USER/Desktop/BroCampTasks/Angular_Project/frontend/.angular/cache/18.2.11/frontend/vite/deps/rxjs.js.map 304 [24/Nov/2024:17:13:04 +0000] - 74.952 ms localhost
GET /@fs/C:/Users/USER/Desktop/BroCampTasks/Angular_Project/frontend/.angular/cache/18.2.11/frontend/vite/deps/@angular_router.js.map 304 [24/Nov/2024:17:13:04 +0000] - 112.819 ms localhost
GET /login.component.css.map 200 [24/Nov/2024:17:13:04 +0000] - 16.926 ms localhost
GET /@fs/C:/Users/USER/Desktop/BroCampTasks/Angular_Project/frontend/.angular/cache/18.2.11/frontend/vite/deps/@angular_forms.js.map 304 [24/Nov/2024:17:13:04 +0000] - 140.283 ms localhost
GET /@fs/C:/Users/USER/Desktop/BroCampTasks/Angular_Project/frontend/.angular/cache/18.2.11/frontend/vite/deps/chunk-FDUYSLZ7.js.map 304 [24/Nov/2024:17:13:04 +0000] - 304.174 ms localhost
GET /favicon.ico 304 [24/Nov/2024:17:13:04 +0000] - 5.102 ms localhost
GET / - [24/Nov/2024:17:17:03 +0000] - - ms localhost
GET /login 200 [24/Nov/2024:18:04:07 +0000] - 63.527 ms localhost
GET /@vite/client 304 [24/Nov/2024:18:04:07 +0000] - 13.745 ms localhost
GET /polyfills.js 304 [24/Nov/2024:18:04:07 +0000] - 11.633 ms localhost
GET /main.js 304 [24/Nov/2024:18:04:07 +0000] - 9.728 ms localhost
GET /styles.css 200 [24/Nov/2024:18:04:07 +0000] - 17.303 ms localhost
GET /styles.css.map 200 [24/Nov/2024:18:04:07 +0000] - 10.956 ms localhost
GET /@fs/C:/Users/USER/Desktop/BroCampTasks/Angular_Project/frontend/node_modules/vite/dist/client/env.mjs 304 [24/Nov/2024:18:04:07 +0000] - 2.859 ms localhost
GET /@fs/C:/Users/USER/Desktop/BroCampTasks/Angular_Project/frontend/.angular/cache/18.2.11/frontend/vite/deps/@angular_platform-browser.js.map 304 [24/Nov/2024:18:04:07 +0000] - 51.543 ms localhost
GET /@fs/C:/Users/USER/Desktop/BroCampTasks/Angular_Project/frontend/.angular/cache/18.2.11/frontend/vite/deps/chunk-J2M542RS.js.map 304 [24/Nov/2024:18:04:07 +0000] - 54.229 ms localhost
GET /@fs/C:/Users/USER/Desktop/BroCampTasks/Angular_Project/frontend/.angular/cache/18.2.11/frontend/vite/deps/chunk-PLMZ7O3F.js.map 304 [24/Nov/2024:18:04:07 +0000] - 117.135 ms localhost
GET /@fs/C:/Users/USER/Desktop/BroCampTasks/Angular_Project/frontend/.angular/cache/18.2.11/frontend/vite/deps/@angular_core.js.map 304 [24/Nov/2024:18:04:07 +0000] - 83.508 ms localhost
GET /@fs/C:/Users/USER/Desktop/BroCampTasks/Angular_Project/frontend/.angular/cache/18.2.11/frontend/vite/deps/chunk-FDUYSLZ7.js.map 304 [24/Nov/2024:18:04:08 +0000] - 597.783 ms localhost
GET /@fs/C:/Users/USER/Desktop/BroCampTasks/Angular_Project/frontend/.angular/cache/18.2.11/frontend/vite/deps/chunk-SD63G7YN.js.map 304 [24/Nov/2024:18:04:08 +0000] - 751.760 ms localhost
GET /@fs/C:/Users/USER/Desktop/BroCampTasks/Angular_Project/frontend/.angular/cache/18.2.11/frontend/vite/deps/@angular_router.js.map 304 [24/Nov/2024:18:04:08 +0000] - 717.215 ms localhost
GET /@fs/C:/Users/USER/Desktop/BroCampTasks/Angular_Project/frontend/.angular/cache/18.2.11/frontend/vite/deps/chunk-PF6LNL77.js.map 304 [24/Nov/2024:18:04:08 +0000] - 791.665 ms localhost
GET /login.component.css.map 200 [24/Nov/2024:18:04:08 +0000] - 10.976 ms localhost
GET /@fs/C:/Users/USER/Desktop/BroCampTasks/Angular_Project/frontend/.angular/cache/18.2.11/frontend/vite/deps/@angular_common_http.js.map 304 [24/Nov/2024:18:04:08 +0000] - 670.558 ms localhost
GET /@fs/C:/Users/USER/Desktop/BroCampTasks/Angular_Project/frontend/.angular/cache/18.2.11/frontend/vite/deps/@angular_forms.js.map 304 [24/Nov/2024:18:04:08 +0000] - 682.220 ms localhost
GET /@fs/C:/Users/USER/Desktop/BroCampTasks/Angular_Project/frontend/.angular/cache/18.2.11/frontend/vite/deps/@angular_common.js.map 304 [24/Nov/2024:18:04:08 +0000] - 210.476 ms localhost
GET /@fs/C:/Users/USER/Desktop/BroCampTasks/Angular_Project/frontend/.angular/cache/18.2.11/frontend/vite/deps/rxjs.js.map 304 [24/Nov/2024:18:04:08 +0000] - 38.166 ms localhost
GET /favicon.ico 304 [24/Nov/2024:18:04:08 +0000] - 5.781 ms localhost
GET / - [24/Nov/2024:18:08:07 +0000] - - ms localhost
