GET /login 200 [11/Dec/2024:21:30:50 +0000] - 324.910 ms localhost
GET /@vite/client 304 [11/Dec/2024:21:30:51 +0000] - 9.083 ms localhost
GET /styles.css 200 [11/Dec/2024:21:30:51 +0000] - 13.715 ms localhost
GET /polyfills.js 304 [11/Dec/2024:21:30:51 +0000] - 18.686 ms localhost
GET /main.js 304 [11/Dec/2024:21:30:51 +0000] - 21.407 ms localhost
GET /@fs/C:/Users/USER/Desktop/BroCampTasks/Angular_Project/frontend/node_modules/vite/dist/client/env.mjs 304 [11/Dec/2024:21:30:51 +0000] - 5.987 ms localhost
GET /styles.css.map 200 [11/Dec/2024:21:30:51 +0000] - 7.800 ms localhost
GET /@fs/C:/Users/USER/Desktop/BroCampTasks/Angular_Project/frontend/.angular/cache/18.2.11/frontend/vite/deps/@angular_platform-browser.js.map 304 [11/Dec/2024:21:30:52 +0000] - 111.827 ms localhost
GET /@fs/C:/Users/USER/Desktop/BroCampTasks/Angular_Project/frontend/.angular/cache/18.2.11/frontend/vite/deps/chunk-PLMZ7O3F.js.map 304 [11/Dec/2024:21:30:52 +0000] - 225.713 ms localhost
GET /@fs/C:/Users/USER/Desktop/BroCampTasks/Angular_Project/frontend/.angular/cache/18.2.11/frontend/vite/deps/chunk-J2M542RS.js.map 304 [11/Dec/2024:21:30:52 +0000] - 290.816 ms localhost
GET /@fs/C:/Users/USER/Desktop/BroCampTasks/Angular_Project/frontend/.angular/cache/18.2.11/frontend/vite/deps/chunk-SD63G7YN.js.map 304 [11/Dec/2024:21:30:52 +0000] - 301.642 ms localhost
GET /@fs/C:/Users/USER/Desktop/BroCampTasks/Angular_Project/frontend/.angular/cache/18.2.11/frontend/vite/deps/@angular_core.js.map 304 [11/Dec/2024:21:30:52 +0000] - 18.186 ms localhost
GET /@fs/C:/Users/USER/Desktop/BroCampTasks/Angular_Project/frontend/.angular/cache/18.2.11/frontend/vite/deps/chunk-PF6LNL77.js.map 304 [11/Dec/2024:21:30:52 +0000] - 64.800 ms localhost
GET /@fs/C:/Users/USER/Desktop/BroCampTasks/Angular_Project/frontend/.angular/cache/18.2.11/frontend/vite/deps/chunk-FDUYSLZ7.js.map 304 [11/Dec/2024:21:30:53 +0000] - 580.529 ms localhost
GET /@fs/C:/Users/USER/Desktop/BroCampTasks/Angular_Project/frontend/.angular/cache/18.2.11/frontend/vite/deps/@angular_common_http.js.map 304 [11/Dec/2024:21:30:53 +0000] - 413.390 ms localhost
GET /@fs/C:/Users/USER/Desktop/BroCampTasks/Angular_Project/frontend/.angular/cache/18.2.11/frontend/vite/deps/rxjs.js.map 304 [11/Dec/2024:21:30:53 +0000] - 402.700 ms localhost
GET /@fs/C:/Users/USER/Desktop/BroCampTasks/Angular_Project/frontend/.angular/cache/18.2.11/frontend/vite/deps/@angular_forms.js.map 304 [11/Dec/2024:21:30:53 +0000] - 409.557 ms localhost
GET /@fs/C:/Users/USER/Desktop/BroCampTasks/Angular_Project/frontend/.angular/cache/18.2.11/frontend/vite/deps/@angular_router.js.map 304 [11/Dec/2024:21:30:53 +0000] - 452.358 ms localhost
GET /@fs/C:/Users/USER/Desktop/BroCampTasks/Angular_Project/frontend/.angular/cache/18.2.11/frontend/vite/deps/@angular_common.js.map 304 [11/Dec/2024:21:30:53 +0000] - 394.333 ms localhost
GET /favicon.ico 304 [11/Dec/2024:21:30:53 +0000] - 7.387 ms localhost
GET /login.component.css.map 200 [11/Dec/2024:21:30:54 +0000] - 10.071 ms localhost
GET / - [11/Dec/2024:21:34:51 +0000] - - ms localhost
GET /login 200 [12/Dec/2024:07:49:13 +0000] - 292.279 ms localhost
GET /@vite/client 304 [12/Dec/2024:07:49:17 +0000] - 6.809 ms localhost
GET /styles.css 200 [12/Dec/2024:07:49:18 +0000] - 8.027 ms localhost
GET /polyfills.js 304 [12/Dec/2024:07:49:18 +0000] - 3.587 ms localhost
GET /main.js 304 [12/Dec/2024:07:49:18 +0000] - 2.815 ms localhost
GET /@fs/C:/Users/USER/Desktop/BroCampTasks/Angular_Project/frontend/node_modules/vite/dist/client/env.mjs 304 [12/Dec/2024:07:49:19 +0000] - 2.848 ms localhost
GET /styles.css.map 200 [12/Dec/2024:07:49:19 +0000] - 7.100 ms localhost
GET /@fs/C:/Users/USER/Desktop/BroCampTasks/Angular_Project/frontend/.angular/cache/18.2.11/frontend/vite/deps/@angular_platform-browser.js.map 304 [12/Dec/2024:07:49:20 +0000] - 60.063 ms localhost
GET /@fs/C:/Users/USER/Desktop/BroCampTasks/Angular_Project/frontend/.angular/cache/18.2.11/frontend/vite/deps/chunk-SD63G7YN.js.map 304 [12/Dec/2024:07:49:20 +0000] - 57.606 ms localhost
GET /@fs/C:/Users/USER/Desktop/BroCampTasks/Angular_Project/frontend/.angular/cache/18.2.11/frontend/vite/deps/chunk-J2M542RS.js.map 304 [12/Dec/2024:07:49:20 +0000] - 68.559 ms localhost
GET /@fs/C:/Users/USER/Desktop/BroCampTasks/Angular_Project/frontend/.angular/cache/18.2.11/frontend/vite/deps/chunk-PLMZ7O3F.js.map 304 [12/Dec/2024:07:49:20 +0000] - 58.524 ms localhost
GET /@fs/C:/Users/USER/Desktop/BroCampTasks/Angular_Project/frontend/.angular/cache/18.2.11/frontend/vite/deps/chunk-FDUYSLZ7.js.map 304 [12/Dec/2024:07:49:20 +0000] - 303.940 ms localhost
GET /@fs/C:/Users/USER/Desktop/BroCampTasks/Angular_Project/frontend/.angular/cache/18.2.11/frontend/vite/deps/@angular_core.js.map 304 [12/Dec/2024:07:49:20 +0000] - 428.677 ms localhost
GET /@fs/C:/Users/USER/Desktop/BroCampTasks/Angular_Project/frontend/.angular/cache/18.2.11/frontend/vite/deps/@angular_common_http.js.map 304 [12/Dec/2024:07:49:20 +0000] - 423.950 ms localhost
GET /@fs/C:/Users/USER/Desktop/BroCampTasks/Angular_Project/frontend/.angular/cache/18.2.11/frontend/vite/deps/rxjs.js.map 304 [12/Dec/2024:07:49:20 +0000] - 427.568 ms localhost
GET /@fs/C:/Users/USER/Desktop/BroCampTasks/Angular_Project/frontend/.angular/cache/18.2.11/frontend/vite/deps/chunk-PF6LNL77.js.map 304 [12/Dec/2024:07:49:20 +0000] - 459.663 ms localhost
GET /@fs/C:/Users/USER/Desktop/BroCampTasks/Angular_Project/frontend/.angular/cache/18.2.11/frontend/vite/deps/@angular_forms.js.map 304 [12/Dec/2024:07:49:20 +0000] - 207.707 ms localhost
GET /@fs/C:/Users/USER/Desktop/BroCampTasks/Angular_Project/frontend/.angular/cache/18.2.11/frontend/vite/deps/@angular_common.js.map 304 [12/Dec/2024:07:49:20 +0000] - 42.363 ms localhost
GET /@fs/C:/Users/USER/Desktop/BroCampTasks/Angular_Project/frontend/.angular/cache/18.2.11/frontend/vite/deps/@angular_router.js.map 304 [12/Dec/2024:07:49:20 +0000] - 632.961 ms localhost
GET /login.component.css.map 200 [12/Dec/2024:07:49:21 +0000] - 2.949 ms localhost
GET /favicon.ico 304 [12/Dec/2024:07:49:22 +0000] - 6.716 ms localhost
GET / - [12/Dec/2024:07:53:19 +0000] - - ms localhost
GET /login 200 [12/Dec/2024:08:43:28 +0000] - 101.916 ms localhost
GET /@vite/client 304 [12/Dec/2024:08:43:28 +0000] - 5.881 ms localhost
GET /styles.css 200 [12/Dec/2024:08:43:28 +0000] - 8.173 ms localhost
GET /polyfills.js 304 [12/Dec/2024:08:43:28 +0000] - 3.485 ms localhost
GET /main.js 200 [12/Dec/2024:08:43:28 +0000] - 9.865 ms localhost
GET /@fs/C:/Users/USER/Desktop/BroCampTasks/Angular_Project/frontend/node_modules/vite/dist/client/env.mjs 304 [12/Dec/2024:08:43:28 +0000] - 3.302 ms localhost
GET /styles.css.map 200 [12/Dec/2024:08:43:30 +0000] - 7.177 ms localhost
GET /@fs/C:/Users/USER/Desktop/BroCampTasks/Angular_Project/frontend/.angular/cache/18.2.11/frontend/vite/deps/@angular_platform-browser.js.map 304 [12/Dec/2024:08:43:31 +0000] - 9.674 ms localhost
GET /@fs/C:/Users/USER/Desktop/BroCampTasks/Angular_Project/frontend/.angular/cache/18.2.11/frontend/vite/deps/chunk-SD63G7YN.js.map 304 [12/Dec/2024:08:43:31 +0000] - 10.315 ms localhost
GET /@fs/C:/Users/USER/Desktop/BroCampTasks/Angular_Project/frontend/.angular/cache/18.2.11/frontend/vite/deps/chunk-J2M542RS.js.map 304 [12/Dec/2024:08:43:31 +0000] - 8.997 ms localhost
GET /@fs/C:/Users/USER/Desktop/BroCampTasks/Angular_Project/frontend/.angular/cache/18.2.11/frontend/vite/deps/chunk-PLMZ7O3F.js.map 304 [12/Dec/2024:08:43:31 +0000] - 15.422 ms localhost
GET /@fs/C:/Users/USER/Desktop/BroCampTasks/Angular_Project/frontend/.angular/cache/18.2.11/frontend/vite/deps/chunk-FDUYSLZ7.js.map 304 [12/Dec/2024:08:43:31 +0000] - 116.330 ms localhost
GET /@fs/C:/Users/USER/Desktop/BroCampTasks/Angular_Project/frontend/.angular/cache/18.2.11/frontend/vite/deps/chunk-PF6LNL77.js.map 304 [12/Dec/2024:08:43:31 +0000] - 136.580 ms localhost
GET /@fs/C:/Users/USER/Desktop/BroCampTasks/Angular_Project/frontend/.angular/cache/18.2.11/frontend/vite/deps/@angular_core.js.map 304 [12/Dec/2024:08:43:31 +0000] - 162.676 ms localhost
GET /@fs/C:/Users/USER/Desktop/BroCampTasks/Angular_Project/frontend/.angular/cache/18.2.11/frontend/vite/deps/@angular_router.js.map 304 [12/Dec/2024:08:43:31 +0000] - 14.632 ms localhost
GET /@fs/C:/Users/USER/Desktop/BroCampTasks/Angular_Project/frontend/.angular/cache/18.2.11/frontend/vite/deps/@angular_common_http.js.map 304 [12/Dec/2024:08:43:31 +0000] - 3.918 ms localhost
GET /@fs/C:/Users/USER/Desktop/BroCampTasks/Angular_Project/frontend/.angular/cache/18.2.11/frontend/vite/deps/rxjs.js.map 304 [12/Dec/2024:08:43:31 +0000] - 5.643 ms localhost
GET /@fs/C:/Users/USER/Desktop/BroCampTasks/Angular_Project/frontend/.angular/cache/18.2.11/frontend/vite/deps/@angular_forms.js.map 304 [12/Dec/2024:08:43:31 +0000] - 13.820 ms localhost
GET /@fs/C:/Users/USER/Desktop/BroCampTasks/Angular_Project/frontend/.angular/cache/18.2.11/frontend/vite/deps/@angular_common.js.map 304 [12/Dec/2024:08:43:31 +0000] - 11.057 ms localhost
GET /login.component.css.map 200 [12/Dec/2024:08:43:31 +0000] - 3.582 ms localhost
GET /favicon.ico 304 [12/Dec/2024:08:43:32 +0000] - 6.356 ms localhost
GET / - [12/Dec/2024:08:47:30 +0000] - - ms localhost
GET /login 200 [12/Dec/2024:08:48:44 +0000] - 60.246 ms localhost
GET /@vite/client 304 [12/Dec/2024:08:48:45 +0000] - 3.695 ms localhost
GET /styles.css 200 [12/Dec/2024:08:48:45 +0000] - 5.165 ms localhost
GET /polyfills.js 304 [12/Dec/2024:08:48:45 +0000] - 2.783 ms localhost
GET /main.js 200 [12/Dec/2024:08:48:45 +0000] - 7.339 ms localhost
GET /@fs/C:/Users/USER/Desktop/BroCampTasks/Angular_Project/frontend/node_modules/vite/dist/client/env.mjs 304 [12/Dec/2024:08:48:47 +0000] - 4.922 ms localhost
GET /@fs/C:/Users/USER/Desktop/BroCampTasks/Angular_Project/frontend/.angular/cache/18.2.11/frontend/vite/deps/@angular_platform-browser.js.map 304 [12/Dec/2024:08:48:48 +0000] - 9.346 ms localhost
GET /@fs/C:/Users/USER/Desktop/BroCampTasks/Angular_Project/frontend/.angular/cache/18.2.11/frontend/vite/deps/chunk-SD63G7YN.js.map 304 [12/Dec/2024:08:48:48 +0000] - 10.517 ms localhost
GET /@fs/C:/Users/USER/Desktop/BroCampTasks/Angular_Project/frontend/.angular/cache/18.2.11/frontend/vite/deps/chunk-J2M542RS.js.map 304 [12/Dec/2024:08:48:48 +0000] - 6.888 ms localhost
GET /@fs/C:/Users/USER/Desktop/BroCampTasks/Angular_Project/frontend/.angular/cache/18.2.11/frontend/vite/deps/chunk-PLMZ7O3F.js.map 304 [12/Dec/2024:08:48:48 +0000] - 18.524 ms localhost
GET /@fs/C:/Users/USER/Desktop/BroCampTasks/Angular_Project/frontend/.angular/cache/18.2.11/frontend/vite/deps/chunk-FDUYSLZ7.js.map 304 [12/Dec/2024:08:48:48 +0000] - 58.935 ms localhost
GET /@fs/C:/Users/USER/Desktop/BroCampTasks/Angular_Project/frontend/.angular/cache/18.2.11/frontend/vite/deps/chunk-PF6LNL77.js.map 304 [12/Dec/2024:08:48:48 +0000] - 90.081 ms localhost
GET /@fs/C:/Users/USER/Desktop/BroCampTasks/Angular_Project/frontend/.angular/cache/18.2.11/frontend/vite/deps/rxjs.js.map 304 [12/Dec/2024:08:48:48 +0000] - 81.799 ms localhost
GET /@fs/C:/Users/USER/Desktop/BroCampTasks/Angular_Project/frontend/.angular/cache/18.2.11/frontend/vite/deps/@angular_core.js.map 304 [12/Dec/2024:08:48:48 +0000] - 101.898 ms localhost
GET /@fs/C:/Users/USER/Desktop/BroCampTasks/Angular_Project/frontend/.angular/cache/18.2.11/frontend/vite/deps/@angular_router.js.map 304 [12/Dec/2024:08:48:49 +0000] - 102.638 ms localhost
GET /@fs/C:/Users/USER/Desktop/BroCampTasks/Angular_Project/frontend/.angular/cache/18.2.11/frontend/vite/deps/@angular_common_http.js.map 304 [12/Dec/2024:08:48:49 +0000] - 101.539 ms localhost
GET /@fs/C:/Users/USER/Desktop/BroCampTasks/Angular_Project/frontend/.angular/cache/18.2.11/frontend/vite/deps/@angular_forms.js.map 304 [12/Dec/2024:08:48:49 +0000] - 68.504 ms localhost
GET /@fs/C:/Users/USER/Desktop/BroCampTasks/Angular_Project/frontend/.angular/cache/18.2.11/frontend/vite/deps/@angular_common.js.map 304 [12/Dec/2024:08:48:49 +0000] - 31.810 ms localhost
GET /styles.css.map 200 [12/Dec/2024:08:48:50 +0000] - 6.691 ms localhost
GET /login.component.css.map 200 [12/Dec/2024:08:48:50 +0000] - 8.990 ms localhost
GET /favicon.ico 304 [12/Dec/2024:08:48:50 +0000] - 5.502 ms localhost
GET / - [12/Dec/2024:08:52:47 +0000] - - ms localhost
GET /login 200 [12/Dec/2024:09:25:18 +0000] - 61.134 ms localhost
GET /@vite/client 304 [12/Dec/2024:09:25:18 +0000] - 7.620 ms localhost
GET /styles.css 200 [12/Dec/2024:09:25:18 +0000] - 7.544 ms localhost
GET /polyfills.js 304 [12/Dec/2024:09:25:18 +0000] - 4.825 ms localhost
GET /main.js 200 [12/Dec/2024:09:25:18 +0000] - 11.055 ms localhost
GET /@fs/C:/Users/USER/Desktop/BroCampTasks/Angular_Project/frontend/node_modules/vite/dist/client/env.mjs 304 [12/Dec/2024:09:25:18 +0000] - 2.605 ms localhost
GET /styles.css.map 200 [12/Dec/2024:09:25:20 +0000] - 19.609 ms localhost
GET /@fs/C:/Users/USER/Desktop/BroCampTasks/Angular_Project/frontend/.angular/cache/18.2.11/frontend/vite/deps/@angular_platform-browser.js.map 304 [12/Dec/2024:09:25:20 +0000] - 7.422 ms localhost
GET /@fs/C:/Users/USER/Desktop/BroCampTasks/Angular_Project/frontend/.angular/cache/18.2.11/frontend/vite/deps/chunk-SD63G7YN.js.map 304 [12/Dec/2024:09:25:20 +0000] - 11.955 ms localhost
GET /@fs/C:/Users/USER/Desktop/BroCampTasks/Angular_Project/frontend/.angular/cache/18.2.11/frontend/vite/deps/chunk-J2M542RS.js.map 304 [12/Dec/2024:09:25:20 +0000] - 11.960 ms localhost
GET /@fs/C:/Users/USER/Desktop/BroCampTasks/Angular_Project/frontend/.angular/cache/18.2.11/frontend/vite/deps/chunk-PLMZ7O3F.js.map 304 [12/Dec/2024:09:25:20 +0000] - 15.233 ms localhost
GET /@fs/C:/Users/USER/Desktop/BroCampTasks/Angular_Project/frontend/.angular/cache/18.2.11/frontend/vite/deps/chunk-PF6LNL77.js.map 304 [12/Dec/2024:09:25:20 +0000] - 61.294 ms localhost
GET /@fs/C:/Users/USER/Desktop/BroCampTasks/Angular_Project/frontend/.angular/cache/18.2.11/frontend/vite/deps/chunk-FDUYSLZ7.js.map 304 [12/Dec/2024:09:25:20 +0000] - 121.290 ms localhost
GET /@fs/C:/Users/USER/Desktop/BroCampTasks/Angular_Project/frontend/.angular/cache/18.2.11/frontend/vite/deps/@angular_core.js.map 304 [12/Dec/2024:09:25:20 +0000] - 116.059 ms localhost
GET /@fs/C:/Users/USER/Desktop/BroCampTasks/Angular_Project/frontend/.angular/cache/18.2.11/frontend/vite/deps/@angular_common_http.js.map 304 [12/Dec/2024:09:25:20 +0000] - 67.477 ms localhost
GET /@fs/C:/Users/USER/Desktop/BroCampTasks/Angular_Project/frontend/.angular/cache/18.2.11/frontend/vite/deps/rxjs.js.map 304 [12/Dec/2024:09:25:20 +0000] - 65.363 ms localhost
GET /@fs/C:/Users/USER/Desktop/BroCampTasks/Angular_Project/frontend/.angular/cache/18.2.11/frontend/vite/deps/@angular_common.js.map 304 [12/Dec/2024:09:25:20 +0000] - 57.132 ms localhost
GET /@fs/C:/Users/USER/Desktop/BroCampTasks/Angular_Project/frontend/.angular/cache/18.2.11/frontend/vite/deps/@angular_router.js.map 304 [12/Dec/2024:09:25:20 +0000] - 104.387 ms localhost
GET /@fs/C:/Users/USER/Desktop/BroCampTasks/Angular_Project/frontend/.angular/cache/18.2.11/frontend/vite/deps/@angular_forms.js.map 304 [12/Dec/2024:09:25:20 +0000] - 84.256 ms localhost
GET /login.component.css.map 200 [12/Dec/2024:09:25:21 +0000] - 2.651 ms localhost
GET /favicon.ico 304 [12/Dec/2024:09:25:25 +0000] - 5.088 ms localhost
GET / - [12/Dec/2024:09:29:19 +0000] - - ms localhost
GET /login - [12/Dec/2024:09:46:03 +0000] - - ms localhost
GET /login 200 [12/Dec/2024:09:46:03 +0000] - 502.743 ms localhost
GET /@vite/client 304 [12/Dec/2024:09:46:04 +0000] - 4.698 ms localhost
GET /styles.css 200 [12/Dec/2024:09:46:04 +0000] - 8.733 ms localhost
GET /polyfills.js 304 [12/Dec/2024:09:46:04 +0000] - 3.402 ms localhost
GET /main.js 200 [12/Dec/2024:09:46:04 +0000] - 12.108 ms localhost
GET /@fs/C:/Users/USER/Desktop/BroCampTasks/Angular_Project/frontend/node_modules/vite/dist/client/env.mjs 304 [12/Dec/2024:09:46:04 +0000] - 7.572 ms localhost
GET /styles.css.map 200 [12/Dec/2024:09:46:04 +0000] - 8.923 ms localhost
GET /@fs/C:/Users/USER/Desktop/BroCampTasks/Angular_Project/frontend/.angular/cache/18.2.11/frontend/vite/deps/chunk-PLMZ7O3F.js.map 304 [12/Dec/2024:09:46:05 +0000] - 76.838 ms localhost
GET /@fs/C:/Users/USER/Desktop/BroCampTasks/Angular_Project/frontend/.angular/cache/18.2.11/frontend/vite/deps/chunk-SD63G7YN.js.map 304 [12/Dec/2024:09:46:05 +0000] - 172.064 ms localhost
GET /@fs/C:/Users/USER/Desktop/BroCampTasks/Angular_Project/frontend/.angular/cache/18.2.11/frontend/vite/deps/@angular_platform-browser.js.map 304 [12/Dec/2024:09:46:05 +0000] - 177.637 ms localhost
GET /@fs/C:/Users/USER/Desktop/BroCampTasks/Angular_Project/frontend/.angular/cache/18.2.11/frontend/vite/deps/chunk-J2M542RS.js.map 304 [12/Dec/2024:09:46:05 +0000] - 206.531 ms localhost
GET /@fs/C:/Users/USER/Desktop/BroCampTasks/Angular_Project/frontend/.angular/cache/18.2.11/frontend/vite/deps/chunk-PF6LNL77.js.map 304 [12/Dec/2024:09:46:05 +0000] - 217.667 ms localhost
GET /@fs/C:/Users/USER/Desktop/BroCampTasks/Angular_Project/frontend/.angular/cache/18.2.11/frontend/vite/deps/@angular_core.js.map 304 [12/Dec/2024:09:46:05 +0000] - 173.407 ms localhost
GET /@fs/C:/Users/USER/Desktop/BroCampTasks/Angular_Project/frontend/.angular/cache/18.2.11/frontend/vite/deps/@angular_router.js.map 304 [12/Dec/2024:09:46:05 +0000] - 137.400 ms localhost
GET /@fs/C:/Users/USER/Desktop/BroCampTasks/Angular_Project/frontend/.angular/cache/18.2.11/frontend/vite/deps/@angular_common_http.js.map 304 [12/Dec/2024:09:46:05 +0000] - 133.115 ms localhost
GET /@fs/C:/Users/USER/Desktop/BroCampTasks/Angular_Project/frontend/.angular/cache/18.2.11/frontend/vite/deps/chunk-FDUYSLZ7.js.map 304 [12/Dec/2024:09:46:05 +0000] - 287.765 ms localhost
GET /@fs/C:/Users/USER/Desktop/BroCampTasks/Angular_Project/frontend/.angular/cache/18.2.11/frontend/vite/deps/rxjs.js.map 304 [12/Dec/2024:09:46:05 +0000] - 113.218 ms localhost
GET /@fs/C:/Users/USER/Desktop/BroCampTasks/Angular_Project/frontend/.angular/cache/18.2.11/frontend/vite/deps/@angular_common.js.map 304 [12/Dec/2024:09:46:05 +0000] - 52.682 ms localhost
GET /@fs/C:/Users/USER/Desktop/BroCampTasks/Angular_Project/frontend/.angular/cache/18.2.11/frontend/vite/deps/@angular_forms.js.map 304 [12/Dec/2024:09:46:05 +0000] - 80.816 ms localhost
GET /login.component.css.map 200 [12/Dec/2024:09:46:05 +0000] - 4.490 ms localhost
GET /favicon.ico 304 [12/Dec/2024:09:46:06 +0000] - 5.779 ms localhost
GET / - [12/Dec/2024:09:50:04 +0000] - - ms localhost
GET /login - [12/Dec/2024:10:07:46 +0000] - - ms localhost
GET /login 200 [12/Dec/2024:10:07:46 +0000] - 106.439 ms localhost
GET /@vite/client 304 [12/Dec/2024:10:07:46 +0000] - 8.866 ms localhost
GET /styles.css 200 [12/Dec/2024:10:07:46 +0000] - 8.918 ms localhost
GET /polyfills.js 304 [12/Dec/2024:10:07:46 +0000] - 9.042 ms localhost
GET /main.js 200 [12/Dec/2024:10:07:46 +0000] - 17.077 ms localhost
GET /@fs/C:/Users/USER/Desktop/BroCampTasks/Angular_Project/frontend/node_modules/vite/dist/client/env.mjs 304 [12/Dec/2024:10:07:46 +0000] - 58.689 ms localhost
GET /styles.css.map 200 [12/Dec/2024:10:07:47 +0000] - 8.772 ms localhost
GET /@fs/C:/Users/USER/Desktop/BroCampTasks/Angular_Project/frontend/.angular/cache/18.2.11/frontend/vite/deps/@angular_platform-browser.js.map 304 [12/Dec/2024:10:07:48 +0000] - 60.996 ms localhost
GET /@fs/C:/Users/USER/Desktop/BroCampTasks/Angular_Project/frontend/.angular/cache/18.2.11/frontend/vite/deps/chunk-SD63G7YN.js.map 304 [12/Dec/2024:10:07:48 +0000] - 73.694 ms localhost
GET /@fs/C:/Users/USER/Desktop/BroCampTasks/Angular_Project/frontend/.angular/cache/18.2.11/frontend/vite/deps/chunk-J2M542RS.js.map 304 [12/Dec/2024:10:07:48 +0000] - 85.082 ms localhost
GET /@fs/C:/Users/USER/Desktop/BroCampTasks/Angular_Project/frontend/.angular/cache/18.2.11/frontend/vite/deps/@angular_core.js.map 304 [12/Dec/2024:10:07:48 +0000] - 49.677 ms localhost
GET /@fs/C:/Users/USER/Desktop/BroCampTasks/Angular_Project/frontend/.angular/cache/18.2.11/frontend/vite/deps/chunk-PLMZ7O3F.js.map 304 [12/Dec/2024:10:07:48 +0000] - 68.125 ms localhost
GET /@fs/C:/Users/USER/Desktop/BroCampTasks/Angular_Project/frontend/.angular/cache/18.2.11/frontend/vite/deps/@angular_common_http.js.map 304 [12/Dec/2024:10:07:48 +0000] - 55.583 ms localhost
GET /@fs/C:/Users/USER/Desktop/BroCampTasks/Angular_Project/frontend/.angular/cache/18.2.11/frontend/vite/deps/chunk-PF6LNL77.js.map 304 [12/Dec/2024:10:07:48 +0000] - 84.951 ms localhost
GET /@fs/C:/Users/USER/Desktop/BroCampTasks/Angular_Project/frontend/.angular/cache/18.2.11/frontend/vite/deps/@angular_common.js.map 304 [12/Dec/2024:10:07:48 +0000] - 148.335 ms localhost
GET /@fs/C:/Users/USER/Desktop/BroCampTasks/Angular_Project/frontend/.angular/cache/18.2.11/frontend/vite/deps/rxjs.js.map 304 [12/Dec/2024:10:07:48 +0000] - 203.589 ms localhost
GET /@fs/C:/Users/USER/Desktop/BroCampTasks/Angular_Project/frontend/.angular/cache/18.2.11/frontend/vite/deps/@angular_forms.js.map 304 [12/Dec/2024:10:07:48 +0000] - 277.866 ms localhost
GET /@fs/C:/Users/USER/Desktop/BroCampTasks/Angular_Project/frontend/.angular/cache/18.2.11/frontend/vite/deps/chunk-FDUYSLZ7.js.map 304 [12/Dec/2024:10:07:48 +0000] - 486.827 ms localhost
GET /@fs/C:/Users/USER/Desktop/BroCampTasks/Angular_Project/frontend/.angular/cache/18.2.11/frontend/vite/deps/@angular_router.js.map 304 [12/Dec/2024:10:07:48 +0000] - 493.680 ms localhost
GET /login.component.css.map 200 [12/Dec/2024:10:07:48 +0000] - 7.652 ms localhost
GET /favicon.ico 304 [12/Dec/2024:10:07:49 +0000] - 10.431 ms localhost
GET / - [12/Dec/2024:10:11:47 +0000] - - ms localhost
GET /login 200 [12/Dec/2024:10:11:51 +0000] - 53.518 ms localhost
GET /@vite/client 304 [12/Dec/2024:10:11:51 +0000] - 3.735 ms localhost
GET /polyfills.js 304 [12/Dec/2024:10:11:51 +0000] - 3.051 ms localhost
GET /styles.css 200 [12/Dec/2024:10:11:51 +0000] - 6.546 ms localhost
GET /main.js 200 [12/Dec/2024:10:11:51 +0000] - 11.883 ms localhost
GET /@fs/C:/Users/USER/Desktop/BroCampTasks/Angular_Project/frontend/node_modules/vite/dist/client/env.mjs 304 [12/Dec/2024:10:11:52 +0000] - 3.601 ms localhost
GET /@fs/C:/Users/USER/Desktop/BroCampTasks/Angular_Project/frontend/.angular/cache/18.2.11/frontend/vite/deps/@angular_platform-browser.js.map 304 [12/Dec/2024:10:11:55 +0000] - 65.703 ms localhost
GET /@fs/C:/Users/USER/Desktop/BroCampTasks/Angular_Project/frontend/.angular/cache/18.2.11/frontend/vite/deps/chunk-SD63G7YN.js.map 304 [12/Dec/2024:10:11:56 +0000] - 1104.722 ms localhost
GET /@fs/C:/Users/USER/Desktop/BroCampTasks/Angular_Project/frontend/.angular/cache/18.2.11/frontend/vite/deps/chunk-PLMZ7O3F.js.map 304 [12/Dec/2024:10:11:56 +0000] - 69.310 ms localhost
GET /@fs/C:/Users/USER/Desktop/BroCampTasks/Angular_Project/frontend/.angular/cache/18.2.11/frontend/vite/deps/chunk-J2M542RS.js.map 304 [12/Dec/2024:10:11:56 +0000] - 68.480 ms localhost
GET /@fs/C:/Users/USER/Desktop/BroCampTasks/Angular_Project/frontend/.angular/cache/18.2.11/frontend/vite/deps/chunk-PF6LNL77.js.map 304 [12/Dec/2024:10:11:56 +0000] - 165.860 ms localhost
GET /@fs/C:/Users/USER/Desktop/BroCampTasks/Angular_Project/frontend/.angular/cache/18.2.11/frontend/vite/deps/chunk-FDUYSLZ7.js.map 304 [12/Dec/2024:10:11:56 +0000] - 430.367 ms localhost
GET /@fs/C:/Users/USER/Desktop/BroCampTasks/Angular_Project/frontend/.angular/cache/18.2.11/frontend/vite/deps/@angular_core.js.map 304 [12/Dec/2024:10:11:56 +0000] - 416.543 ms localhost
GET /@fs/C:/Users/USER/Desktop/BroCampTasks/Angular_Project/frontend/.angular/cache/18.2.11/frontend/vite/deps/@angular_common_http.js.map 304 [12/Dec/2024:10:11:56 +0000] - 265.342 ms localhost
GET /@fs/C:/Users/USER/Desktop/BroCampTasks/Angular_Project/frontend/.angular/cache/18.2.11/frontend/vite/deps/@angular_router.js.map 304 [12/Dec/2024:10:11:56 +0000] - 364.547 ms localhost
GET /@fs/C:/Users/USER/Desktop/BroCampTasks/Angular_Project/frontend/.angular/cache/18.2.11/frontend/vite/deps/rxjs.js.map 304 [12/Dec/2024:10:11:56 +0000] - 234.838 ms localhost
GET /@fs/C:/Users/USER/Desktop/BroCampTasks/Angular_Project/frontend/.angular/cache/18.2.11/frontend/vite/deps/@angular_forms.js.map 304 [12/Dec/2024:10:11:56 +0000] - 226.566 ms localhost
GET /@fs/C:/Users/USER/Desktop/BroCampTasks/Angular_Project/frontend/.angular/cache/18.2.11/frontend/vite/deps/@angular_common.js.map 304 [12/Dec/2024:10:11:56 +0000] - 21.718 ms localhost
GET /login.component.css.map 200 [12/Dec/2024:10:11:59 +0000] - 3.245 ms localhost
GET /styles.css.map 200 [12/Dec/2024:10:11:59 +0000] - 8.913 ms localhost
GET /favicon.ico 304 [12/Dec/2024:10:11:59 +0000] - 6.670 ms localhost
GET / - [12/Dec/2024:10:15:52 +0000] - - ms localhost
GET /login 200 [12/Dec/2024:10:19:08 +0000] - 122.780 ms localhost
GET /@vite/client 304 [12/Dec/2024:10:19:08 +0000] - 10.761 ms localhost
GET /styles.css 200 [12/Dec/2024:10:19:08 +0000] - 159.320 ms localhost
GET /polyfills.js 304 [12/Dec/2024:10:19:08 +0000] - 10.788 ms localhost
GET /main.js 200 [12/Dec/2024:10:19:08 +0000] - 20.537 ms localhost
GET /@fs/C:/Users/USER/Desktop/BroCampTasks/Angular_Project/frontend/node_modules/vite/dist/client/env.mjs 304 [12/Dec/2024:10:19:09 +0000] - 4.855 ms localhost
GET /@fs/C:/Users/USER/Desktop/BroCampTasks/Angular_Project/frontend/.angular/cache/18.2.11/frontend/vite/deps/@angular_platform-browser.js.map 304 [12/Dec/2024:10:19:09 +0000] - 5.259 ms localhost
GET /@fs/C:/Users/USER/Desktop/BroCampTasks/Angular_Project/frontend/.angular/cache/18.2.11/frontend/vite/deps/chunk-SD63G7YN.js.map 304 [12/Dec/2024:10:19:09 +0000] - 18.776 ms localhost
GET /@fs/C:/Users/USER/Desktop/BroCampTasks/Angular_Project/frontend/.angular/cache/18.2.11/frontend/vite/deps/chunk-PLMZ7O3F.js.map 304 [12/Dec/2024:10:19:09 +0000] - 25.479 ms localhost
GET /@fs/C:/Users/USER/Desktop/BroCampTasks/Angular_Project/frontend/.angular/cache/18.2.11/frontend/vite/deps/chunk-J2M542RS.js.map 304 [12/Dec/2024:10:19:09 +0000] - 31.779 ms localhost
GET /@fs/C:/Users/USER/Desktop/BroCampTasks/Angular_Project/frontend/.angular/cache/18.2.11/frontend/vite/deps/chunk-PF6LNL77.js.map 304 [12/Dec/2024:10:19:09 +0000] - 39.650 ms localhost
GET /@fs/C:/Users/USER/Desktop/BroCampTasks/Angular_Project/frontend/.angular/cache/18.2.11/frontend/vite/deps/@angular_core.js.map 304 [12/Dec/2024:10:19:09 +0000] - 38.076 ms localhost
GET /@fs/C:/Users/USER/Desktop/BroCampTasks/Angular_Project/frontend/.angular/cache/18.2.11/frontend/vite/deps/@angular_router.js.map 304 [12/Dec/2024:10:19:09 +0000] - 39.526 ms localhost
GET /@fs/C:/Users/USER/Desktop/BroCampTasks/Angular_Project/frontend/.angular/cache/18.2.11/frontend/vite/deps/@angular_common_http.js.map 304 [12/Dec/2024:10:19:09 +0000] - 36.453 ms localhost
GET /@fs/C:/Users/USER/Desktop/BroCampTasks/Angular_Project/frontend/.angular/cache/18.2.11/frontend/vite/deps/rxjs.js.map 304 [12/Dec/2024:10:19:09 +0000] - 34.489 ms localhost
GET /@fs/C:/Users/USER/Desktop/BroCampTasks/Angular_Project/frontend/.angular/cache/18.2.11/frontend/vite/deps/chunk-FDUYSLZ7.js.map 304 [12/Dec/2024:10:19:09 +0000] - 93.977 ms localhost
GET /@fs/C:/Users/USER/Desktop/BroCampTasks/Angular_Project/frontend/.angular/cache/18.2.11/frontend/vite/deps/@angular_common.js.map 304 [12/Dec/2024:10:19:09 +0000] - 87.620 ms localhost
GET /@fs/C:/Users/USER/Desktop/BroCampTasks/Angular_Project/frontend/.angular/cache/18.2.11/frontend/vite/deps/@angular_forms.js.map 304 [12/Dec/2024:10:19:09 +0000] - 99.367 ms localhost
GET /styles.css.map 200 [12/Dec/2024:10:19:10 +0000] - 7.802 ms localhost
GET /login.component.css.map 200 [12/Dec/2024:10:19:10 +0000] - 8.113 ms localhost
GET /favicon.ico 304 [12/Dec/2024:10:19:10 +0000] - 4.831 ms localhost
GET / - [12/Dec/2024:10:23:09 +0000] - - ms localhost
GET /login 200 [12/Dec/2024:10:23:10 +0000] - 10.915 ms localhost
GET /@vite/client 304 [12/Dec/2024:10:23:10 +0000] - 11.828 ms localhost
GET /styles.css 200 [12/Dec/2024:10:23:10 +0000] - 11.078 ms localhost
GET /polyfills.js 304 [12/Dec/2024:10:23:10 +0000] - 7.162 ms localhost
GET /main.js 200 [12/Dec/2024:10:23:10 +0000] - 6.507 ms localhost
GET /@fs/C:/Users/USER/Desktop/BroCampTasks/Angular_Project/frontend/node_modules/vite/dist/client/env.mjs 304 [12/Dec/2024:10:23:10 +0000] - 2.708 ms localhost
GET /styles.css.map 200 [12/Dec/2024:10:23:10 +0000] - 6.244 ms localhost
GET /@fs/C:/Users/USER/Desktop/BroCampTasks/Angular_Project/frontend/.angular/cache/18.2.11/frontend/vite/deps/@angular_platform-browser.js.map 304 [12/Dec/2024:10:23:11 +0000] - 20.046 ms localhost
GET /@fs/C:/Users/USER/Desktop/BroCampTasks/Angular_Project/frontend/.angular/cache/18.2.11/frontend/vite/deps/chunk-J2M542RS.js.map 304 [12/Dec/2024:10:23:11 +0000] - 26.835 ms localhost
GET /@fs/C:/Users/USER/Desktop/BroCampTasks/Angular_Project/frontend/.angular/cache/18.2.11/frontend/vite/deps/chunk-PLMZ7O3F.js.map 304 [12/Dec/2024:10:23:11 +0000] - 31.286 ms localhost
GET /@fs/C:/Users/USER/Desktop/BroCampTasks/Angular_Project/frontend/.angular/cache/18.2.11/frontend/vite/deps/chunk-SD63G7YN.js.map 304 [12/Dec/2024:10:23:11 +0000] - 31.909 ms localhost
GET /@fs/C:/Users/USER/Desktop/BroCampTasks/Angular_Project/frontend/.angular/cache/18.2.11/frontend/vite/deps/@angular_core.js.map 304 [12/Dec/2024:10:23:11 +0000] - 60.119 ms localhost
GET /@fs/C:/Users/USER/Desktop/BroCampTasks/Angular_Project/frontend/.angular/cache/18.2.11/frontend/vite/deps/chunk-FDUYSLZ7.js.map 304 [12/Dec/2024:10:23:11 +0000] - 127.854 ms localhost
GET /@fs/C:/Users/USER/Desktop/BroCampTasks/Angular_Project/frontend/.angular/cache/18.2.11/frontend/vite/deps/chunk-PF6LNL77.js.map 304 [12/Dec/2024:10:23:11 +0000] - 125.381 ms localhost
GET /@fs/C:/Users/USER/Desktop/BroCampTasks/Angular_Project/frontend/.angular/cache/18.2.11/frontend/vite/deps/@angular_router.js.map 304 [12/Dec/2024:10:23:11 +0000] - 137.094 ms localhost
GET /@fs/C:/Users/USER/Desktop/BroCampTasks/Angular_Project/frontend/.angular/cache/18.2.11/frontend/vite/deps/rxjs.js.map 304 [12/Dec/2024:10:23:11 +0000] - 134.404 ms localhost
GET /@fs/C:/Users/USER/Desktop/BroCampTasks/Angular_Project/frontend/.angular/cache/18.2.11/frontend/vite/deps/@angular_common_http.js.map 304 [12/Dec/2024:10:23:11 +0000] - 143.354 ms localhost
GET /@fs/C:/Users/USER/Desktop/BroCampTasks/Angular_Project/frontend/.angular/cache/18.2.11/frontend/vite/deps/@angular_forms.js.map 304 [12/Dec/2024:10:23:11 +0000] - 125.746 ms localhost
GET /@fs/C:/Users/USER/Desktop/BroCampTasks/Angular_Project/frontend/.angular/cache/18.2.11/frontend/vite/deps/@angular_common.js.map 304 [12/Dec/2024:10:23:11 +0000] - 60.376 ms localhost
GET /login.component.css.map 200 [12/Dec/2024:10:23:11 +0000] - 2.927 ms localhost
GET /favicon.ico 304 [12/Dec/2024:10:23:12 +0000] - 5.614 ms localhost
GET / - [12/Dec/2024:10:27:10 +0000] - - ms localhost
GET /login 200 [12/Dec/2024:10:31:04 +0000] - 69.572 ms localhost
GET /@vite/client 304 [12/Dec/2024:10:31:04 +0000] - 18.270 ms localhost
GET /styles.css 200 [12/Dec/2024:10:31:04 +0000] - 20.435 ms localhost
GET /polyfills.js 304 [12/Dec/2024:10:31:04 +0000] - 3.043 ms localhost
GET /main.js 200 [12/Dec/2024:10:31:04 +0000] - 10.183 ms localhost
GET /@fs/C:/Users/USER/Desktop/BroCampTasks/Angular_Project/frontend/node_modules/vite/dist/client/env.mjs 304 [12/Dec/2024:10:31:04 +0000] - 3.582 ms localhost
GET /@fs/C:/Users/USER/Desktop/BroCampTasks/Angular_Project/frontend/.angular/cache/18.2.11/frontend/vite/deps/@angular_platform-browser.js.map 304 [12/Dec/2024:10:31:05 +0000] - 6.986 ms localhost
GET /@fs/C:/Users/USER/Desktop/BroCampTasks/Angular_Project/frontend/.angular/cache/18.2.11/frontend/vite/deps/chunk-J2M542RS.js.map 304 [12/Dec/2024:10:31:05 +0000] - 15.916 ms localhost
GET /@fs/C:/Users/USER/Desktop/BroCampTasks/Angular_Project/frontend/.angular/cache/18.2.11/frontend/vite/deps/chunk-SD63G7YN.js.map 304 [12/Dec/2024:10:31:05 +0000] - 20.695 ms localhost
GET /@fs/C:/Users/USER/Desktop/BroCampTasks/Angular_Project/frontend/.angular/cache/18.2.11/frontend/vite/deps/chunk-PLMZ7O3F.js.map 304 [12/Dec/2024:10:31:05 +0000] - 19.704 ms localhost
GET /@fs/C:/Users/USER/Desktop/BroCampTasks/Angular_Project/frontend/.angular/cache/18.2.11/frontend/vite/deps/chunk-PF6LNL77.js.map 304 [12/Dec/2024:10:31:05 +0000] - 19.982 ms localhost
GET /@fs/C:/Users/USER/Desktop/BroCampTasks/Angular_Project/frontend/.angular/cache/18.2.11/frontend/vite/deps/@angular_core.js.map 304 [12/Dec/2024:10:31:05 +0000] - 22.986 ms localhost
GET /@fs/C:/Users/USER/Desktop/BroCampTasks/Angular_Project/frontend/.angular/cache/18.2.11/frontend/vite/deps/chunk-FDUYSLZ7.js.map 304 [12/Dec/2024:10:31:05 +0000] - 89.121 ms localhost
GET /@fs/C:/Users/USER/Desktop/BroCampTasks/Angular_Project/frontend/.angular/cache/18.2.11/frontend/vite/deps/@angular_router.js.map 304 [12/Dec/2024:10:31:05 +0000] - 84.765 ms localhost
GET /@fs/C:/Users/USER/Desktop/BroCampTasks/Angular_Project/frontend/.angular/cache/18.2.11/frontend/vite/deps/@angular_common_http.js.map 304 [12/Dec/2024:10:31:05 +0000] - 80.469 ms localhost
GET /@fs/C:/Users/USER/Desktop/BroCampTasks/Angular_Project/frontend/.angular/cache/18.2.11/frontend/vite/deps/rxjs.js.map 304 [12/Dec/2024:10:31:05 +0000] - 91.981 ms localhost
GET /@fs/C:/Users/USER/Desktop/BroCampTasks/Angular_Project/frontend/.angular/cache/18.2.11/frontend/vite/deps/@angular_forms.js.map 304 [12/Dec/2024:10:31:05 +0000] - 88.039 ms localhost
GET /@fs/C:/Users/USER/Desktop/BroCampTasks/Angular_Project/frontend/.angular/cache/18.2.11/frontend/vite/deps/@angular_common.js.map 304 [12/Dec/2024:10:31:05 +0000] - 88.732 ms localhost
GET /login.component.css.map 200 [12/Dec/2024:10:31:05 +0000] - 3.562 ms localhost
GET /styles.css.map 200 [12/Dec/2024:10:31:05 +0000] - 8.665 ms localhost
GET /favicon.ico 304 [12/Dec/2024:10:31:06 +0000] - 8.923 ms localhost
GET / - [12/Dec/2024:10:35:04 +0000] - - ms localhost
GET /login 200 [12/Dec/2024:10:35:19 +0000] - 53.111 ms localhost
GET /@vite/client 304 [12/Dec/2024:10:35:19 +0000] - 46.293 ms localhost
GET /styles.css 200 [12/Dec/2024:10:35:19 +0000] - 6.597 ms localhost
GET /polyfills.js 304 [12/Dec/2024:10:35:19 +0000] - 3.850 ms localhost
GET /main.js 200 [12/Dec/2024:10:35:19 +0000] - 7.859 ms localhost
GET /@fs/C:/Users/USER/Desktop/BroCampTasks/Angular_Project/frontend/node_modules/vite/dist/client/env.mjs 304 [12/Dec/2024:10:35:19 +0000] - 4.080 ms localhost
GET /@fs/C:/Users/USER/Desktop/BroCampTasks/Angular_Project/frontend/.angular/cache/18.2.11/frontend/vite/deps/@angular_platform-browser.js.map 304 [12/Dec/2024:10:35:20 +0000] - 10.437 ms localhost
GET /@fs/C:/Users/USER/Desktop/BroCampTasks/Angular_Project/frontend/.angular/cache/18.2.11/frontend/vite/deps/chunk-J2M542RS.js.map 304 [12/Dec/2024:10:35:20 +0000] - 15.216 ms localhost
GET /@fs/C:/Users/USER/Desktop/BroCampTasks/Angular_Project/frontend/.angular/cache/18.2.11/frontend/vite/deps/chunk-SD63G7YN.js.map 304 [12/Dec/2024:10:35:20 +0000] - 28.233 ms localhost
GET /@fs/C:/Users/USER/Desktop/BroCampTasks/Angular_Project/frontend/.angular/cache/18.2.11/frontend/vite/deps/chunk-PLMZ7O3F.js.map 304 [12/Dec/2024:10:35:20 +0000] - 19.339 ms localhost
GET /@fs/C:/Users/USER/Desktop/BroCampTasks/Angular_Project/frontend/.angular/cache/18.2.11/frontend/vite/deps/chunk-FDUYSLZ7.js.map 304 [12/Dec/2024:10:35:20 +0000] - 115.112 ms localhost
GET /@fs/C:/Users/USER/Desktop/BroCampTasks/Angular_Project/frontend/.angular/cache/18.2.11/frontend/vite/deps/chunk-PF6LNL77.js.map 304 [12/Dec/2024:10:35:20 +0000] - 125.669 ms localhost
GET /@fs/C:/Users/USER/Desktop/BroCampTasks/Angular_Project/frontend/.angular/cache/18.2.11/frontend/vite/deps/@angular_core.js.map 304 [12/Dec/2024:10:35:20 +0000] - 124.740 ms localhost
GET /@fs/C:/Users/USER/Desktop/BroCampTasks/Angular_Project/frontend/.angular/cache/18.2.11/frontend/vite/deps/@angular_router.js.map 304 [12/Dec/2024:10:35:20 +0000] - 59.586 ms localhost
GET /@fs/C:/Users/USER/Desktop/BroCampTasks/Angular_Project/frontend/.angular/cache/18.2.11/frontend/vite/deps/@angular_common_http.js.map 304 [12/Dec/2024:10:35:20 +0000] - 10.220 ms localhost
GET /@fs/C:/Users/USER/Desktop/BroCampTasks/Angular_Project/frontend/.angular/cache/18.2.11/frontend/vite/deps/rxjs.js.map 304 [12/Dec/2024:10:35:20 +0000] - 10.502 ms localhost
GET /@fs/C:/Users/USER/Desktop/BroCampTasks/Angular_Project/frontend/.angular/cache/18.2.11/frontend/vite/deps/@angular_forms.js.map 304 [12/Dec/2024:10:35:20 +0000] - 16.343 ms localhost
GET /@fs/C:/Users/USER/Desktop/BroCampTasks/Angular_Project/frontend/.angular/cache/18.2.11/frontend/vite/deps/@angular_common.js.map 304 [12/Dec/2024:10:35:20 +0000] - 8.022 ms localhost
GET /login.component.css.map 200 [12/Dec/2024:10:35:21 +0000] - 3.546 ms localhost
GET /styles.css.map 200 [12/Dec/2024:10:35:21 +0000] - 10.501 ms localhost
GET /favicon.ico 304 [12/Dec/2024:10:35:24 +0000] - 7.648 ms localhost
GET / - [12/Dec/2024:10:39:19 +0000] - - ms localhost
GET /login 200 [12/Dec/2024:10:41:15 +0000] - 100.922 ms localhost
GET /@vite/client 304 [12/Dec/2024:10:41:15 +0000] - 21.282 ms localhost
GET /styles.css 200 [12/Dec/2024:10:41:15 +0000] - 23.160 ms localhost
GET /polyfills.js 304 [12/Dec/2024:10:41:15 +0000] - 23.026 ms localhost
GET /main.js 200 [12/Dec/2024:10:41:15 +0000] - 10.462 ms localhost
GET /@fs/C:/Users/USER/Desktop/BroCampTasks/Angular_Project/frontend/node_modules/vite/dist/client/env.mjs 304 [12/Dec/2024:10:41:15 +0000] - 4.605 ms localhost
GET /styles.css.map 200 [12/Dec/2024:10:41:15 +0000] - 9.314 ms localhost
GET /@fs/C:/Users/USER/Desktop/BroCampTasks/Angular_Project/frontend/.angular/cache/18.2.11/frontend/vite/deps/@angular_platform-browser.js.map 304 [12/Dec/2024:10:41:17 +0000] - 20.707 ms localhost
GET /@fs/C:/Users/USER/Desktop/BroCampTasks/Angular_Project/frontend/.angular/cache/18.2.11/frontend/vite/deps/chunk-J2M542RS.js.map 304 [12/Dec/2024:10:41:17 +0000] - 13.937 ms localhost
GET /@fs/C:/Users/USER/Desktop/BroCampTasks/Angular_Project/frontend/.angular/cache/18.2.11/frontend/vite/deps/chunk-SD63G7YN.js.map 304 [12/Dec/2024:10:41:17 +0000] - 29.183 ms localhost
GET /@fs/C:/Users/USER/Desktop/BroCampTasks/Angular_Project/frontend/.angular/cache/18.2.11/frontend/vite/deps/chunk-PLMZ7O3F.js.map 304 [12/Dec/2024:10:41:17 +0000] - 52.979 ms localhost
GET /@fs/C:/Users/USER/Desktop/BroCampTasks/Angular_Project/frontend/.angular/cache/18.2.11/frontend/vite/deps/chunk-PF6LNL77.js.map 304 [12/Dec/2024:10:41:17 +0000] - 168.429 ms localhost
GET /@fs/C:/Users/USER/Desktop/BroCampTasks/Angular_Project/frontend/.angular/cache/18.2.11/frontend/vite/deps/chunk-FDUYSLZ7.js.map 304 [12/Dec/2024:10:41:17 +0000] - 471.014 ms localhost
GET /@fs/C:/Users/USER/Desktop/BroCampTasks/Angular_Project/frontend/.angular/cache/18.2.11/frontend/vite/deps/@angular_core.js.map 304 [12/Dec/2024:10:41:17 +0000] - 582.228 ms localhost
GET /@fs/C:/Users/USER/Desktop/BroCampTasks/Angular_Project/frontend/.angular/cache/18.2.11/frontend/vite/deps/@angular_common_http.js.map 304 [12/Dec/2024:10:41:17 +0000] - 576.823 ms localhost
GET /@fs/C:/Users/USER/Desktop/BroCampTasks/Angular_Project/frontend/.angular/cache/18.2.11/frontend/vite/deps/rxjs.js.map 304 [12/Dec/2024:10:41:17 +0000] - 550.134 ms localhost
GET /@fs/C:/Users/USER/Desktop/BroCampTasks/Angular_Project/frontend/.angular/cache/18.2.11/frontend/vite/deps/@angular_router.js.map 304 [12/Dec/2024:10:41:17 +0000] - 777.516 ms localhost
GET /login.component.css.map 200 [12/Dec/2024:10:41:17 +0000] - 197.502 ms localhost
GET /@fs/C:/Users/USER/Desktop/BroCampTasks/Angular_Project/frontend/.angular/cache/18.2.11/frontend/vite/deps/@angular_common.js.map 304 [12/Dec/2024:10:41:17 +0000] - 337.885 ms localhost
GET /@fs/C:/Users/USER/Desktop/BroCampTasks/Angular_Project/frontend/.angular/cache/18.2.11/frontend/vite/deps/@angular_forms.js.map 304 [12/Dec/2024:10:41:17 +0000] - 668.391 ms localhost
GET /favicon.ico 304 [12/Dec/2024:10:41:18 +0000] - 6.186 ms localhost
GET / - [12/Dec/2024:10:45:15 +0000] - - ms localhost
GET /login 200 [12/Dec/2024:16:17:57 +0000] - 290.185 ms localhost
GET /@vite/client 304 [12/Dec/2024:16:17:58 +0000] - 5.698 ms localhost
GET /styles.css 200 [12/Dec/2024:16:17:58 +0000] - 12.548 ms localhost
GET /polyfills.js 304 [12/Dec/2024:16:17:58 +0000] - 19.444 ms localhost
GET /main.js 200 [12/Dec/2024:16:17:58 +0000] - 32.956 ms localhost
GET /@fs/C:/Users/USER/Desktop/BroCampTasks/Angular_Project/frontend/node_modules/vite/dist/client/env.mjs 304 [12/Dec/2024:16:17:58 +0000] - 6.121 ms localhost
GET /styles.css.map 200 [12/Dec/2024:16:17:58 +0000] - 18.948 ms localhost
GET /@fs/C:/Users/USER/Desktop/BroCampTasks/Angular_Project/frontend/.angular/cache/18.2.11/frontend/vite/deps/@angular_platform-browser.js.map 304 [12/Dec/2024:16:17:58 +0000] - 35.581 ms localhost
GET /@fs/C:/Users/USER/Desktop/BroCampTasks/Angular_Project/frontend/.angular/cache/18.2.11/frontend/vite/deps/chunk-SD63G7YN.js.map 304 [12/Dec/2024:16:17:58 +0000] - 34.700 ms localhost
GET /@fs/C:/Users/USER/Desktop/BroCampTasks/Angular_Project/frontend/.angular/cache/18.2.11/frontend/vite/deps/@angular_core.js.map 304 [12/Dec/2024:16:17:58 +0000] - 15.396 ms localhost
GET /@fs/C:/Users/USER/Desktop/BroCampTasks/Angular_Project/frontend/.angular/cache/18.2.11/frontend/vite/deps/chunk-PF6LNL77.js.map 304 [12/Dec/2024:16:17:58 +0000] - 43.797 ms localhost
GET /@fs/C:/Users/USER/Desktop/BroCampTasks/Angular_Project/frontend/.angular/cache/18.2.11/frontend/vite/deps/chunk-J2M542RS.js.map 304 [12/Dec/2024:16:17:58 +0000] - 62.407 ms localhost
GET /@fs/C:/Users/USER/Desktop/BroCampTasks/Angular_Project/frontend/.angular/cache/18.2.11/frontend/vite/deps/chunk-FDUYSLZ7.js.map 304 [12/Dec/2024:16:17:59 +0000] - 963.562 ms localhost
GET /@fs/C:/Users/USER/Desktop/BroCampTasks/Angular_Project/frontend/.angular/cache/18.2.11/frontend/vite/deps/@angular_router.js.map 304 [12/Dec/2024:16:18:00 +0000] - 1063.286 ms localhost
GET /favicon.ico 304 [12/Dec/2024:16:18:00 +0000] - 178.956 ms localhost
GET /@fs/C:/Users/USER/Desktop/BroCampTasks/Angular_Project/frontend/.angular/cache/18.2.11/frontend/vite/deps/@angular_common_http.js.map 304 [12/Dec/2024:16:18:00 +0000] - 967.360 ms localhost
GET /@fs/C:/Users/USER/Desktop/BroCampTasks/Angular_Project/frontend/.angular/cache/18.2.11/frontend/vite/deps/rxjs.js.map 304 [12/Dec/2024:16:18:00 +0000] - 965.494 ms localhost
GET /@fs/C:/Users/USER/Desktop/BroCampTasks/Angular_Project/frontend/.angular/cache/18.2.11/frontend/vite/deps/@angular_forms.js.map 304 [12/Dec/2024:16:18:00 +0000] - 1013.678 ms localhost
GET /login.component.css.map 200 [12/Dec/2024:16:18:00 +0000] - 53.298 ms localhost
GET /@fs/C:/Users/USER/Desktop/BroCampTasks/Angular_Project/frontend/.angular/cache/18.2.11/frontend/vite/deps/chunk-PLMZ7O3F.js.map 304 [12/Dec/2024:16:18:00 +0000] - 1283.155 ms localhost
GET /@fs/C:/Users/USER/Desktop/BroCampTasks/Angular_Project/frontend/.angular/cache/18.2.11/frontend/vite/deps/@angular_common.js.map 304 [12/Dec/2024:16:18:00 +0000] - 108.322 ms localhost
GET /login 200 [12/Dec/2024:16:18:00 +0000] - 151.314 ms localhost
GET / - [12/Dec/2024:16:18:00 +0000] - - ms localhost
GET /@vite/client 304 [12/Dec/2024:16:18:00 +0000] - 9.594 ms localhost
GET /styles.css 200 [12/Dec/2024:16:18:00 +0000] - 11.112 ms localhost
GET /polyfills.js 304 [12/Dec/2024:16:18:00 +0000] - 12.836 ms localhost
GET /main.js 304 [12/Dec/2024:16:18:00 +0000] - 12.395 ms localhost
GET /styles.css.map 200 [12/Dec/2024:16:18:00 +0000] - 4.894 ms localhost
GET /@fs/C:/Users/USER/Desktop/BroCampTasks/Angular_Project/frontend/node_modules/vite/dist/client/env.mjs 304 [12/Dec/2024:16:18:00 +0000] - 4.117 ms localhost
GET /@fs/C:/Users/USER/Desktop/BroCampTasks/Angular_Project/frontend/.angular/cache/18.2.11/frontend/vite/deps/@angular_platform-browser.js.map 304 [12/Dec/2024:16:18:00 +0000] - 31.931 ms localhost
GET /@fs/C:/Users/USER/Desktop/BroCampTasks/Angular_Project/frontend/.angular/cache/18.2.11/frontend/vite/deps/chunk-SD63G7YN.js.map 304 [12/Dec/2024:16:18:00 +0000] - 32.269 ms localhost
GET /@fs/C:/Users/USER/Desktop/BroCampTasks/Angular_Project/frontend/.angular/cache/18.2.11/frontend/vite/deps/chunk-J2M542RS.js.map 304 [12/Dec/2024:16:18:00 +0000] - 34.039 ms localhost
GET /@fs/C:/Users/USER/Desktop/BroCampTasks/Angular_Project/frontend/.angular/cache/18.2.11/frontend/vite/deps/chunk-PLMZ7O3F.js.map 304 [12/Dec/2024:16:18:00 +0000] - 49.877 ms localhost
GET /@fs/C:/Users/USER/Desktop/BroCampTasks/Angular_Project/frontend/.angular/cache/18.2.11/frontend/vite/deps/chunk-PF6LNL77.js.map 304 [12/Dec/2024:16:18:00 +0000] - 74.231 ms localhost
GET /@fs/C:/Users/USER/Desktop/BroCampTasks/Angular_Project/frontend/.angular/cache/18.2.11/frontend/vite/deps/chunk-FDUYSLZ7.js.map 304 [12/Dec/2024:16:18:00 +0000] - 163.258 ms localhost
GET /@fs/C:/Users/USER/Desktop/BroCampTasks/Angular_Project/frontend/.angular/cache/18.2.11/frontend/vite/deps/@angular_core.js.map 304 [12/Dec/2024:16:18:00 +0000] - 47.272 ms localhost
GET /@fs/C:/Users/USER/Desktop/BroCampTasks/Angular_Project/frontend/.angular/cache/18.2.11/frontend/vite/deps/@angular_common_http.js.map 304 [12/Dec/2024:16:18:00 +0000] - 49.938 ms localhost
GET /@fs/C:/Users/USER/Desktop/BroCampTasks/Angular_Project/frontend/.angular/cache/18.2.11/frontend/vite/deps/rxjs.js.map 304 [12/Dec/2024:16:18:00 +0000] - 50.041 ms localhost
GET /@fs/C:/Users/USER/Desktop/BroCampTasks/Angular_Project/frontend/.angular/cache/18.2.11/frontend/vite/deps/@angular_router.js.map 304 [12/Dec/2024:16:18:00 +0000] - 73.034 ms localhost
GET /@fs/C:/Users/USER/Desktop/BroCampTasks/Angular_Project/frontend/.angular/cache/18.2.11/frontend/vite/deps/@angular_forms.js.map 304 [12/Dec/2024:16:18:00 +0000] - 74.655 ms localhost
GET /login.component.css.map 200 [12/Dec/2024:16:18:00 +0000] - 4.538 ms localhost
GET /@fs/C:/Users/USER/Desktop/BroCampTasks/Angular_Project/frontend/.angular/cache/18.2.11/frontend/vite/deps/@angular_common.js.map 304 [12/Dec/2024:16:18:00 +0000] - 8.354 ms localhost
GET / - [12/Dec/2024:16:22:00 +0000] - - ms localhost
POST /user/login 400 [12/Dec/2024:16:34:00 +0000] - 993.714 ms localhost
POST /user/login 200 [12/Dec/2024:16:35:09 +0000] - 470.132 ms localhost
POST /user/login 200 [12/Dec/2024:16:35:23 +0000] - 342.353 ms localhost
GET /layout.component.css.map 200 [12/Dec/2024:16:35:23 +0000] - 8.611 ms localhost
GET /dashboard.component.css.map 200 [12/Dec/2024:16:35:23 +0000] - 7.593 ms localhost
GET /user/usersCount 304 [12/Dec/2024:16:35:27 +0000] - 136.064 ms localhost
GET /user/users?pageNumber=1&pageSize=2 304 [12/Dec/2024:16:35:27 +0000] - 125.879 ms localhost
GET /users 200 [12/Dec/2024:16:37:17 +0000] - 87.036 ms localhost
GET /@vite/client 304 [12/Dec/2024:16:37:20 +0000] - 173.381 ms localhost
GET /styles.css 200 [12/Dec/2024:16:37:20 +0000] - 164.944 ms localhost
GET /polyfills.js 304 [12/Dec/2024:16:37:20 +0000] - 109.309 ms localhost
GET /main.js 200 [12/Dec/2024:16:37:21 +0000] - 8.546 ms localhost
GET /@fs/C:/Users/USER/Desktop/BroCampTasks/Angular_Project/frontend/node_modules/vite/dist/client/env.mjs 304 [12/Dec/2024:16:37:21 +0000] - 3.739 ms localhost
GET /@fs/C:/Users/USER/Desktop/BroCampTasks/Angular_Project/frontend/.angular/cache/18.2.11/frontend/vite/deps/@angular_platform-browser.js.map 304 [12/Dec/2024:16:37:22 +0000] - 12.166 ms localhost
GET /@fs/C:/Users/USER/Desktop/BroCampTasks/Angular_Project/frontend/.angular/cache/18.2.11/frontend/vite/deps/chunk-SD63G7YN.js.map 304 [12/Dec/2024:16:37:22 +0000] - 13.001 ms localhost
GET /@fs/C:/Users/USER/Desktop/BroCampTasks/Angular_Project/frontend/.angular/cache/18.2.11/frontend/vite/deps/chunk-J2M542RS.js.map 304 [12/Dec/2024:16:37:22 +0000] - 19.298 ms localhost
GET /@fs/C:/Users/USER/Desktop/BroCampTasks/Angular_Project/frontend/.angular/cache/18.2.11/frontend/vite/deps/chunk-PLMZ7O3F.js.map 304 [12/Dec/2024:16:37:22 +0000] - 20.959 ms localhost
GET /@fs/C:/Users/USER/Desktop/BroCampTasks/Angular_Project/frontend/.angular/cache/18.2.11/frontend/vite/deps/chunk-FDUYSLZ7.js.map 304 [12/Dec/2024:16:37:22 +0000] - 78.452 ms localhost
GET /@fs/C:/Users/USER/Desktop/BroCampTasks/Angular_Project/frontend/.angular/cache/18.2.11/frontend/vite/deps/chunk-PF6LNL77.js.map 304 [12/Dec/2024:16:37:22 +0000] - 124.191 ms localhost
GET /@fs/C:/Users/USER/Desktop/BroCampTasks/Angular_Project/frontend/.angular/cache/18.2.11/frontend/vite/deps/@angular_core.js.map 304 [12/Dec/2024:16:37:22 +0000] - 115.853 ms localhost
GET /@fs/C:/Users/USER/Desktop/BroCampTasks/Angular_Project/frontend/.angular/cache/18.2.11/frontend/vite/deps/@angular_router.js.map 304 [12/Dec/2024:16:37:22 +0000] - 112.275 ms localhost
GET /@fs/C:/Users/USER/Desktop/BroCampTasks/Angular_Project/frontend/.angular/cache/18.2.11/frontend/vite/deps/@angular_common_http.js.map 304 [12/Dec/2024:16:37:22 +0000] - 8.018 ms localhost
GET /@fs/C:/Users/USER/Desktop/BroCampTasks/Angular_Project/frontend/.angular/cache/18.2.11/frontend/vite/deps/rxjs.js.map 304 [12/Dec/2024:16:37:22 +0000] - 3.932 ms localhost
GET /@fs/C:/Users/USER/Desktop/BroCampTasks/Angular_Project/frontend/.angular/cache/18.2.11/frontend/vite/deps/@angular_forms.js.map 304 [12/Dec/2024:16:37:22 +0000] - 15.861 ms localhost
GET /@fs/C:/Users/USER/Desktop/BroCampTasks/Angular_Project/frontend/.angular/cache/18.2.11/frontend/vite/deps/@angular_common.js.map 304 [12/Dec/2024:16:37:22 +0000] - 9.989 ms localhost
GET /favicon.ico 304 [12/Dec/2024:16:37:35 +0000] - 4.117 ms localhost
GET /styles.css.map 200 [12/Dec/2024:16:37:36 +0000] - 5.699 ms localhost
GET /login.component.css.map 200 [12/Dec/2024:16:37:36 +0000] - 2.803 ms localhost
GET /login 200 [12/Dec/2024:16:41:10 +0000] - 56.103 ms localhost
GET / - [12/Dec/2024:16:41:10 +0000] - - ms localhost
GET /polyfills.js 304 [12/Dec/2024:16:41:10 +0000] - 12.307 ms localhost
GET /styles.css 200 [12/Dec/2024:16:41:10 +0000] - 38.011 ms localhost
GET /@vite/client 304 [12/Dec/2024:16:41:10 +0000] - 120.661 ms localhost
GET /main.js 200 [12/Dec/2024:16:41:10 +0000] - 114.786 ms localhost
GET /@fs/C:/Users/USER/Desktop/BroCampTasks/Angular_Project/frontend/node_modules/vite/dist/client/env.mjs 304 [12/Dec/2024:16:41:11 +0000] - 8.363 ms localhost
GET /styles.css.map 200 [12/Dec/2024:16:41:11 +0000] - 74.055 ms localhost
GET /@fs/C:/Users/USER/Desktop/BroCampTasks/Angular_Project/frontend/.angular/cache/18.2.11/frontend/vite/deps/chunk-SD63G7YN.js.map 304 [12/Dec/2024:16:41:11 +0000] - 54.739 ms localhost
GET /@fs/C:/Users/USER/Desktop/BroCampTasks/Angular_Project/frontend/.angular/cache/18.2.11/frontend/vite/deps/@angular_platform-browser.js.map 304 [12/Dec/2024:16:41:11 +0000] - 54.099 ms localhost
GET /@fs/C:/Users/USER/Desktop/BroCampTasks/Angular_Project/frontend/.angular/cache/18.2.11/frontend/vite/deps/chunk-J2M542RS.js.map 304 [12/Dec/2024:16:41:11 +0000] - 57.786 ms localhost
GET /@fs/C:/Users/USER/Desktop/BroCampTasks/Angular_Project/frontend/.angular/cache/18.2.11/frontend/vite/deps/chunk-PLMZ7O3F.js.map 304 [12/Dec/2024:16:41:11 +0000] - 66.962 ms localhost
GET /@fs/C:/Users/USER/Desktop/BroCampTasks/Angular_Project/frontend/.angular/cache/18.2.11/frontend/vite/deps/@angular_common_http.js.map 304 [12/Dec/2024:16:41:11 +0000] - 30.575 ms localhost
GET /@fs/C:/Users/USER/Desktop/BroCampTasks/Angular_Project/frontend/.angular/cache/18.2.11/frontend/vite/deps/@angular_router.js.map 304 [12/Dec/2024:16:41:11 +0000] - 48.589 ms localhost
GET /@fs/C:/Users/USER/Desktop/BroCampTasks/Angular_Project/frontend/.angular/cache/18.2.11/frontend/vite/deps/@angular_core.js.map 304 [12/Dec/2024:16:41:11 +0000] - 62.293 ms localhost
GET /@fs/C:/Users/USER/Desktop/BroCampTasks/Angular_Project/frontend/.angular/cache/18.2.11/frontend/vite/deps/rxjs.js.map 304 [12/Dec/2024:16:41:11 +0000] - 48.898 ms localhost
GET /@fs/C:/Users/USER/Desktop/BroCampTasks/Angular_Project/frontend/.angular/cache/18.2.11/frontend/vite/deps/@angular_forms.js.map 304 [12/Dec/2024:16:41:11 +0000] - 56.201 ms localhost
GET /@fs/C:/Users/USER/Desktop/BroCampTasks/Angular_Project/frontend/.angular/cache/18.2.11/frontend/vite/deps/@angular_common.js.map 304 [12/Dec/2024:16:41:11 +0000] - 33.277 ms localhost
GET /@fs/C:/Users/USER/Desktop/BroCampTasks/Angular_Project/frontend/.angular/cache/18.2.11/frontend/vite/deps/chunk-PF6LNL77.js.map 304 [12/Dec/2024:16:41:11 +0000] - 237.282 ms localhost
GET /@fs/C:/Users/USER/Desktop/BroCampTasks/Angular_Project/frontend/.angular/cache/18.2.11/frontend/vite/deps/chunk-FDUYSLZ7.js.map 304 [12/Dec/2024:16:41:12 +0000] - 625.913 ms localhost
GET /login.component.css.map 200 [12/Dec/2024:16:41:12 +0000] - 250.738 ms localhost
GET /favicon.ico 304 [12/Dec/2024:16:41:12 +0000] - 5.959 ms localhost
POST /user/login 200 [12/Dec/2024:16:41:21 +0000] - 655.990 ms localhost
GET /layout.component.css.map 200 [12/Dec/2024:16:41:21 +0000] - 6.152 ms localhost
GET /dashboard.component.css.map 200 [12/Dec/2024:16:41:21 +0000] - 7.626 ms localhost
GET /user/usersCount 304 [12/Dec/2024:16:41:26 +0000] - 53.818 ms localhost
GET /user/users?pageNumber=1&pageSize=2 304 [12/Dec/2024:16:41:26 +0000] - 72.549 ms localhost
GET /user/users?pageNumber=2&pageSize=2 200 [12/Dec/2024:16:41:38 +0000] - 45.798 ms localhost
POST /user/login 200 [12/Dec/2024:16:41:56 +0000] - 287.145 ms localhost
POST /user/editStatus 200 [12/Dec/2024:16:42:11 +0000] - 5818.703 ms localhost
GET /user/users?pageNumber=2&pageSize=2 200 [12/Dec/2024:16:42:11 +0000] - 66.485 ms localhost
GET / 200 [12/Dec/2024:16:43:05 +0000] - 16.467 ms localhost
GET /@vite/client 304 [12/Dec/2024:16:43:05 +0000] - 8.784 ms localhost
GET /styles.css 200 [12/Dec/2024:16:43:05 +0000] - 4.070 ms localhost
GET /polyfills.js 304 [12/Dec/2024:16:43:05 +0000] - 6.997 ms localhost
GET /main.js 304 [12/Dec/2024:16:43:05 +0000] - 6.199 ms localhost
GET /@fs/C:/Users/USER/Desktop/BroCampTasks/Angular_Project/frontend/node_modules/vite/dist/client/env.mjs 304 [12/Dec/2024:16:43:05 +0000] - 4.235 ms localhost
POST /user/editStatus 401 [12/Dec/2024:16:43:14 +0000] - 81.004 ms localhost
POST /user/editStatus 401 [12/Dec/2024:16:43:50 +0000] - 28.458 ms localhost
GET / - [12/Dec/2024:16:45:11 +0000] - - ms localhost
GET /users 200 [12/Dec/2024:16:46:10 +0000] - 16.841 ms localhost
GET /@vite/client 304 [12/Dec/2024:16:46:12 +0000] - 6.651 ms localhost
GET /styles.css 200 [12/Dec/2024:16:46:12 +0000] - 7.144 ms localhost
GET /polyfills.js 304 [12/Dec/2024:16:46:12 +0000] - 9.613 ms localhost
GET /main.js 200 [12/Dec/2024:16:46:12 +0000] - 21.348 ms localhost
GET /@fs/C:/Users/USER/Desktop/BroCampTasks/Angular_Project/frontend/node_modules/vite/dist/client/env.mjs 304 [12/Dec/2024:16:46:12 +0000] - 5.538 ms localhost
GET /styles.css.map 200 [12/Dec/2024:16:46:13 +0000] - 8.930 ms localhost
GET /@fs/C:/Users/USER/Desktop/BroCampTasks/Angular_Project/frontend/.angular/cache/18.2.11/frontend/vite/deps/@angular_platform-browser.js.map 304 [12/Dec/2024:16:46:13 +0000] - 15.948 ms localhost
GET /@fs/C:/Users/USER/Desktop/BroCampTasks/Angular_Project/frontend/.angular/cache/18.2.11/frontend/vite/deps/chunk-PLMZ7O3F.js.map 304 [12/Dec/2024:16:46:13 +0000] - 29.648 ms localhost
GET /@fs/C:/Users/USER/Desktop/BroCampTasks/Angular_Project/frontend/.angular/cache/18.2.11/frontend/vite/deps/chunk-SD63G7YN.js.map 304 [12/Dec/2024:16:46:13 +0000] - 75.926 ms localhost
GET /@fs/C:/Users/USER/Desktop/BroCampTasks/Angular_Project/frontend/.angular/cache/18.2.11/frontend/vite/deps/chunk-J2M542RS.js.map 304 [12/Dec/2024:16:46:13 +0000] - 135.129 ms localhost
GET /@fs/C:/Users/USER/Desktop/BroCampTasks/Angular_Project/frontend/.angular/cache/18.2.11/frontend/vite/deps/chunk-PF6LNL77.js.map 304 [12/Dec/2024:16:46:13 +0000] - 155.382 ms localhost
GET /@fs/C:/Users/USER/Desktop/BroCampTasks/Angular_Project/frontend/.angular/cache/18.2.11/frontend/vite/deps/@angular_core.js.map 304 [12/Dec/2024:16:46:13 +0000] - 157.568 ms localhost
GET /@fs/C:/Users/USER/Desktop/BroCampTasks/Angular_Project/frontend/.angular/cache/18.2.11/frontend/vite/deps/chunk-FDUYSLZ7.js.map 304 [12/Dec/2024:16:46:13 +0000] - 225.641 ms localhost
GET /@fs/C:/Users/USER/Desktop/BroCampTasks/Angular_Project/frontend/.angular/cache/18.2.11/frontend/vite/deps/@angular_common_http.js.map 304 [12/Dec/2024:16:46:13 +0000] - 192.427 ms localhost
GET /@fs/C:/Users/USER/Desktop/BroCampTasks/Angular_Project/frontend/.angular/cache/18.2.11/frontend/vite/deps/@angular_router.js.map 304 [12/Dec/2024:16:46:13 +0000] - 175.795 ms localhost
GET /@fs/C:/Users/USER/Desktop/BroCampTasks/Angular_Project/frontend/.angular/cache/18.2.11/frontend/vite/deps/rxjs.js.map 304 [12/Dec/2024:16:46:13 +0000] - 122.771 ms localhost
GET /@fs/C:/Users/USER/Desktop/BroCampTasks/Angular_Project/frontend/.angular/cache/18.2.11/frontend/vite/deps/@angular_forms.js.map 304 [12/Dec/2024:16:46:13 +0000] - 101.528 ms localhost
GET /@fs/C:/Users/USER/Desktop/BroCampTasks/Angular_Project/frontend/.angular/cache/18.2.11/frontend/vite/deps/@angular_common.js.map 304 [12/Dec/2024:16:46:13 +0000] - 99.210 ms localhost
GET /login.component.css.map 200 [12/Dec/2024:16:46:13 +0000] - 2.631 ms localhost
GET /favicon.ico 304 [12/Dec/2024:16:46:14 +0000] - 5.525 ms localhost
GET / - [12/Dec/2024:16:47:06 +0000] - - ms localhost
GET /login 200 [12/Dec/2024:16:47:18 +0000] - 12.509 ms localhost
GET / - [12/Dec/2024:16:47:18 +0000] - - ms localhost
GET /@vite/client 304 [12/Dec/2024:16:47:18 +0000] - 24.766 ms localhost
GET /styles.css 200 [12/Dec/2024:16:47:18 +0000] - 16.750 ms localhost
GET /polyfills.js 304 [12/Dec/2024:16:47:18 +0000] - 17.068 ms localhost
GET /main.js 200 [12/Dec/2024:16:47:18 +0000] - 24.107 ms localhost
GET /@fs/C:/Users/USER/Desktop/BroCampTasks/Angular_Project/frontend/node_modules/vite/dist/client/env.mjs 304 [12/Dec/2024:16:47:18 +0000] - 12.505 ms localhost
GET /styles.css.map 200 [12/Dec/2024:16:47:18 +0000] - 12.217 ms localhost
GET /@fs/C:/Users/USER/Desktop/BroCampTasks/Angular_Project/frontend/.angular/cache/18.2.11/frontend/vite/deps/@angular_platform-browser.js.map 304 [12/Dec/2024:16:47:19 +0000] - 95.272 ms localhost
GET /@fs/C:/Users/USER/Desktop/BroCampTasks/Angular_Project/frontend/.angular/cache/18.2.11/frontend/vite/deps/chunk-SD63G7YN.js.map 304 [12/Dec/2024:16:47:19 +0000] - 117.526 ms localhost
GET /@fs/C:/Users/USER/Desktop/BroCampTasks/Angular_Project/frontend/.angular/cache/18.2.11/frontend/vite/deps/chunk-J2M542RS.js.map 304 [12/Dec/2024:16:47:19 +0000] - 118.737 ms localhost
GET /@fs/C:/Users/USER/Desktop/BroCampTasks/Angular_Project/frontend/.angular/cache/18.2.11/frontend/vite/deps/chunk-PLMZ7O3F.js.map 304 [12/Dec/2024:16:47:19 +0000] - 130.713 ms localhost
GET /@fs/C:/Users/USER/Desktop/BroCampTasks/Angular_Project/frontend/.angular/cache/18.2.11/frontend/vite/deps/@angular_core.js.map 304 [12/Dec/2024:16:47:19 +0000] - 44.709 ms localhost
GET /@fs/C:/Users/USER/Desktop/BroCampTasks/Angular_Project/frontend/.angular/cache/18.2.11/frontend/vite/deps/rxjs.js.map 304 [12/Dec/2024:16:47:19 +0000] - 27.684 ms localhost
GET /@fs/C:/Users/USER/Desktop/BroCampTasks/Angular_Project/frontend/.angular/cache/18.2.11/frontend/vite/deps/@angular_router.js.map 304 [12/Dec/2024:16:47:19 +0000] - 62.138 ms localhost
GET /@fs/C:/Users/USER/Desktop/BroCampTasks/Angular_Project/frontend/.angular/cache/18.2.11/frontend/vite/deps/@angular_forms.js.map 304 [12/Dec/2024:16:47:19 +0000] - 50.067 ms localhost
GET /@fs/C:/Users/USER/Desktop/BroCampTasks/Angular_Project/frontend/.angular/cache/18.2.11/frontend/vite/deps/@angular_common.js.map 304 [12/Dec/2024:16:47:19 +0000] - 372.014 ms localhost
GET /@fs/C:/Users/USER/Desktop/BroCampTasks/Angular_Project/frontend/.angular/cache/18.2.11/frontend/vite/deps/@angular_common_http.js.map 304 [12/Dec/2024:16:47:19 +0000] - 363.421 ms localhost
GET /@fs/C:/Users/USER/Desktop/BroCampTasks/Angular_Project/frontend/.angular/cache/18.2.11/frontend/vite/deps/chunk-PF6LNL77.js.map 304 [12/Dec/2024:16:47:19 +0000] - 655.535 ms localhost
GET /login.component.css.map 200 [12/Dec/2024:16:47:19 +0000] - 281.140 ms localhost
GET /@fs/C:/Users/USER/Desktop/BroCampTasks/Angular_Project/frontend/.angular/cache/18.2.11/frontend/vite/deps/chunk-FDUYSLZ7.js.map 304 [12/Dec/2024:16:47:20 +0000] - 1105.386 ms localhost
GET /favicon.ico 304 [12/Dec/2024:16:47:20 +0000] - 4.138 ms localhost
GET /login 200 [12/Dec/2024:16:47:25 +0000] - 23.329 ms localhost
GET /styles.css 200 [12/Dec/2024:16:47:25 +0000] - 8.653 ms localhost
GET /@vite/client 304 [12/Dec/2024:16:47:25 +0000] - 11.293 ms localhost
GET /polyfills.js 304 [12/Dec/2024:16:47:25 +0000] - 11.067 ms localhost
GET /main.js 304 [12/Dec/2024:16:47:25 +0000] - 10.674 ms localhost
GET /@fs/C:/Users/USER/Desktop/BroCampTasks/Angular_Project/frontend/node_modules/vite/dist/client/env.mjs 304 [12/Dec/2024:16:47:25 +0000] - 3.663 ms localhost
GET /favicon.ico 304 [12/Dec/2024:16:47:25 +0000] - 4.395 ms localhost
POST /user/login 200 [12/Dec/2024:16:47:47 +0000] - 540.305 ms localhost
GET /dashboard.component.css.map 200 [12/Dec/2024:16:47:47 +0000] - 5.696 ms localhost
GET /layout.component.css.map 200 [12/Dec/2024:16:47:47 +0000] - 10.188 ms localhost
POST /user/login 400 [12/Dec/2024:16:47:54 +0000] - 27.454 ms localhost
GET /login 200 [12/Dec/2024:16:48:23 +0000] - 8.256 ms localhost
GET / - [12/Dec/2024:16:48:23 +0000] - - ms localhost
GET /@vite/client 304 [12/Dec/2024:16:48:23 +0000] - 11.012 ms localhost
GET /styles.css 200 [12/Dec/2024:16:48:23 +0000] - 13.758 ms localhost
GET /main.js 304 [12/Dec/2024:16:48:23 +0000] - 22.095 ms localhost
GET /polyfills.js 304 [12/Dec/2024:16:48:23 +0000] - 26.827 ms localhost
GET /@fs/C:/Users/USER/Desktop/BroCampTasks/Angular_Project/frontend/node_modules/vite/dist/client/env.mjs 304 [12/Dec/2024:16:48:23 +0000] - 3.593 ms localhost
GET /favicon.ico 304 [12/Dec/2024:16:48:23 +0000] - 3.829 ms localhost
POST /user/login 200 [12/Dec/2024:16:48:33 +0000] - 332.179 ms localhost
GET /user/usersCount 304 [12/Dec/2024:16:48:39 +0000] - 36.893 ms localhost
GET /user/users?pageNumber=1&pageSize=2 304 [12/Dec/2024:16:48:39 +0000] - 62.081 ms localhost
GET /user/users?pageNumber=2&pageSize=2 200 [12/Dec/2024:16:48:44 +0000] - 51.656 ms localhost
GET /service/totalService 304 [12/Dec/2024:16:48:56 +0000] - 729.535 ms localhost
GET /service/services?pageNumber=1&pageSize=2 200 [12/Dec/2024:16:48:56 +0000] - 813.364 ms localhost
GET /user/usersCount 304 [12/Dec/2024:16:49:17 +0000] - 31.818 ms localhost
GET /user/users?pageNumber=1&pageSize=2 304 [12/Dec/2024:16:49:17 +0000] - 50.104 ms localhost
GET /user/users?pageNumber=2&pageSize=2 304 [12/Dec/2024:16:49:27 +0000] - 33.995 ms localhost
POST /user/editStatus 401 [12/Dec/2024:16:49:33 +0000] - 162.465 ms localhost
GET / - [12/Dec/2024:16:51:19 +0000] - - ms localhost
POST /user/editStatus 401 [12/Dec/2024:16:51:34 +0000] - 29.032 ms localhost
GET / - [12/Dec/2024:16:52:23 +0000] - - ms localhost
POST /user/editStatus 401 [12/Dec/2024:16:52:37 +0000] - 26.615 ms localhost
GET /dashboard 200 [12/Dec/2024:16:52:38 +0000] - 14.932 ms localhost
GET /users 200 [12/Dec/2024:16:52:38 +0000] - 102.118 ms localhost
GET /polyfills.js 304 [12/Dec/2024:16:52:38 +0000] - 6.418 ms localhost
GET /main.js 200 [12/Dec/2024:16:52:38 +0000] - 22.029 ms localhost
GET /main.js 304 [12/Dec/2024:16:52:38 +0000] - 17.281 ms localhost
GET /polyfills.js 304 [12/Dec/2024:16:52:38 +0000] - 18.716 ms localhost
GET /styles.css 200 [12/Dec/2024:16:52:38 +0000] - 14.349 ms localhost
GET /@vite/client 304 [12/Dec/2024:16:52:38 +0000] - 18.704 ms localhost
GET /@vite/client 304 [12/Dec/2024:16:52:38 +0000] - 3.538 ms localhost
GET /styles.css 200 [12/Dec/2024:16:52:38 +0000] - 6.768 ms localhost
GET /@fs/C:/Users/USER/Desktop/BroCampTasks/Angular_Project/frontend/node_modules/vite/dist/client/env.mjs 304 [12/Dec/2024:16:52:38 +0000] - 5.826 ms localhost
GET /styles.css.map 200 [12/Dec/2024:16:52:38 +0000] - 9.127 ms localhost
GET /@fs/C:/Users/USER/Desktop/BroCampTasks/Angular_Project/frontend/node_modules/vite/dist/client/env.mjs 304 [12/Dec/2024:16:52:39 +0000] - 4.119 ms localhost
GET /favicon.ico 304 [12/Dec/2024:16:52:39 +0000] - 14.692 ms localhost
GET /@fs/C:/Users/USER/Desktop/BroCampTasks/Angular_Project/frontend/.angular/cache/18.2.11/frontend/vite/deps/@angular_platform-browser.js.map 304 [12/Dec/2024:16:52:39 +0000] - 140.948 ms localhost
GET /@fs/C:/Users/USER/Desktop/BroCampTasks/Angular_Project/frontend/.angular/cache/18.2.11/frontend/vite/deps/chunk-SD63G7YN.js.map 304 [12/Dec/2024:16:52:39 +0000] - 204.917 ms localhost
GET /@fs/C:/Users/USER/Desktop/BroCampTasks/Angular_Project/frontend/.angular/cache/18.2.11/frontend/vite/deps/chunk-PLMZ7O3F.js.map 304 [12/Dec/2024:16:52:39 +0000] - 202.320 ms localhost
GET /@fs/C:/Users/USER/Desktop/BroCampTasks/Angular_Project/frontend/.angular/cache/18.2.11/frontend/vite/deps/chunk-J2M542RS.js.map 304 [12/Dec/2024:16:52:39 +0000] - 229.129 ms localhost
GET /@fs/C:/Users/USER/Desktop/BroCampTasks/Angular_Project/frontend/.angular/cache/18.2.11/frontend/vite/deps/@angular_forms.js.map 304 [12/Dec/2024:16:52:39 +0000] - 274.698 ms localhost
GET /@fs/C:/Users/USER/Desktop/BroCampTasks/Angular_Project/frontend/.angular/cache/18.2.11/frontend/vite/deps/@angular_common.js.map 304 [12/Dec/2024:16:52:39 +0000] - 290.394 ms localhost
GET /@fs/C:/Users/USER/Desktop/BroCampTasks/Angular_Project/frontend/.angular/cache/18.2.11/frontend/vite/deps/@angular_core.js.map 304 [12/Dec/2024:16:52:39 +0000] - 57.156 ms localhost
GET /favicon.ico 304 [12/Dec/2024:16:52:40 +0000] - 77.001 ms localhost
GET /@fs/C:/Users/USER/Desktop/BroCampTasks/Angular_Project/frontend/.angular/cache/18.2.11/frontend/vite/deps/@angular_common_http.js.map 304 [12/Dec/2024:16:52:40 +0000] - 87.933 ms localhost
GET /@fs/C:/Users/USER/Desktop/BroCampTasks/Angular_Project/frontend/.angular/cache/18.2.11/frontend/vite/deps/rxjs.js.map 304 [12/Dec/2024:16:52:40 +0000] - 88.043 ms localhost
GET /login.component.css.map 200 [12/Dec/2024:16:52:40 +0000] - 293.656 ms localhost
GET /@fs/C:/Users/USER/Desktop/BroCampTasks/Angular_Project/frontend/.angular/cache/18.2.11/frontend/vite/deps/chunk-PF6LNL77.js.map 304 [12/Dec/2024:16:52:40 +0000] - 981.370 ms localhost
GET /@fs/C:/Users/USER/Desktop/BroCampTasks/Angular_Project/frontend/.angular/cache/18.2.11/frontend/vite/deps/chunk-FDUYSLZ7.js.map 304 [12/Dec/2024:16:52:40 +0000] - 1089.668 ms localhost
GET /@fs/C:/Users/USER/Desktop/BroCampTasks/Angular_Project/frontend/.angular/cache/18.2.11/frontend/vite/deps/@angular_router.js.map 304 [12/Dec/2024:16:52:41 +0000] - 1342.981 ms localhost
GET /login 200 [12/Dec/2024:16:55:50 +0000] - 99.891 ms localhost
GET / - [12/Dec/2024:16:55:50 +0000] - - ms localhost
GET /styles.css 200 [12/Dec/2024:16:55:50 +0000] - 13.518 ms localhost
GET /@vite/client 304 [12/Dec/2024:16:55:50 +0000] - 26.120 ms localhost
GET /polyfills.js 304 [12/Dec/2024:16:55:50 +0000] - 21.031 ms localhost
GET /main.js 200 [12/Dec/2024:16:55:50 +0000] - 27.989 ms localhost
GET /@fs/C:/Users/USER/Desktop/BroCampTasks/Angular_Project/frontend/node_modules/vite/dist/client/env.mjs 304 [12/Dec/2024:16:55:50 +0000] - 4.785 ms localhost
GET /styles.css.map 200 [12/Dec/2024:16:55:50 +0000] - 18.201 ms localhost
GET /@fs/C:/Users/USER/Desktop/BroCampTasks/Angular_Project/frontend/.angular/cache/18.2.11/frontend/vite/deps/chunk-PLMZ7O3F.js.map 304 [12/Dec/2024:16:55:51 +0000] - 39.204 ms localhost
GET /@fs/C:/Users/USER/Desktop/BroCampTasks/Angular_Project/frontend/.angular/cache/18.2.11/frontend/vite/deps/chunk-PF6LNL77.js.map 304 [12/Dec/2024:16:55:51 +0000] - 43.138 ms localhost
GET /@fs/C:/Users/USER/Desktop/BroCampTasks/Angular_Project/frontend/.angular/cache/18.2.11/frontend/vite/deps/@angular_platform-browser.js.map 304 [12/Dec/2024:16:55:51 +0000] - 96.860 ms localhost
GET /@fs/C:/Users/USER/Desktop/BroCampTasks/Angular_Project/frontend/.angular/cache/18.2.11/frontend/vite/deps/chunk-J2M542RS.js.map 304 [12/Dec/2024:16:55:51 +0000] - 57.495 ms localhost
GET /@fs/C:/Users/USER/Desktop/BroCampTasks/Angular_Project/frontend/.angular/cache/18.2.11/frontend/vite/deps/chunk-SD63G7YN.js.map 304 [12/Dec/2024:16:55:52 +0000] - 1173.731 ms localhost
GET /favicon.ico 304 [12/Dec/2024:16:55:52 +0000] - 9.664 ms localhost
GET /@fs/C:/Users/USER/Desktop/BroCampTasks/Angular_Project/frontend/.angular/cache/18.2.11/frontend/vite/deps/chunk-FDUYSLZ7.js.map 304 [12/Dec/2024:16:55:52 +0000] - 1331.952 ms localhost
GET /@fs/C:/Users/USER/Desktop/BroCampTasks/Angular_Project/frontend/.angular/cache/18.2.11/frontend/vite/deps/@angular_router.js.map 304 [12/Dec/2024:16:55:52 +0000] - 1203.524 ms localhost
GET /@fs/C:/Users/USER/Desktop/BroCampTasks/Angular_Project/frontend/.angular/cache/18.2.11/frontend/vite/deps/@angular_core.js.map 304 [12/Dec/2024:16:55:52 +0000] - 1205.731 ms localhost
GET /@fs/C:/Users/USER/Desktop/BroCampTasks/Angular_Project/frontend/.angular/cache/18.2.11/frontend/vite/deps/@angular_common_http.js.map 304 [12/Dec/2024:16:55:52 +0000] - 1204.156 ms localhost
GET /@fs/C:/Users/USER/Desktop/BroCampTasks/Angular_Project/frontend/.angular/cache/18.2.11/frontend/vite/deps/rxjs.js.map 304 [12/Dec/2024:16:55:52 +0000] - 1203.612 ms localhost
GET /@fs/C:/Users/USER/Desktop/BroCampTasks/Angular_Project/frontend/.angular/cache/18.2.11/frontend/vite/deps/@angular_forms.js.map 304 [12/Dec/2024:16:55:52 +0000] - 230.903 ms localhost
GET /login.component.css.map 200 [12/Dec/2024:16:55:52 +0000] - 31.592 ms localhost
GET /@fs/C:/Users/USER/Desktop/BroCampTasks/Angular_Project/frontend/.angular/cache/18.2.11/frontend/vite/deps/@angular_common.js.map 304 [12/Dec/2024:16:55:52 +0000] - 48.601 ms localhost
POST /user/login 504 [12/Dec/2024:16:55:56 +0000] - 67.967 ms localhost
POST /user/login 504 [12/Dec/2024:16:56:05 +0000] - 8.179 ms localhost
GET / - [12/Dec/2024:16:56:39 +0000] - - ms localhost
GET /login 200 [12/Dec/2024:16:56:43 +0000] - 10.850 ms localhost
GET / - [12/Dec/2024:16:56:43 +0000] - - ms localhost
GET /styles.css 200 [12/Dec/2024:16:56:43 +0000] - 10.146 ms localhost
GET /polyfills.js 304 [12/Dec/2024:16:56:43 +0000] - 16.175 ms localhost
GET /main.js 304 [12/Dec/2024:16:56:43 +0000] - 25.517 ms localhost
GET /@vite/client 304 [12/Dec/2024:16:56:43 +0000] - 68.028 ms localhost
GET /styles.css.map 200 [12/Dec/2024:16:56:43 +0000] - 5.898 ms localhost
GET /@fs/C:/Users/USER/Desktop/BroCampTasks/Angular_Project/frontend/node_modules/vite/dist/client/env.mjs 304 [12/Dec/2024:16:56:43 +0000] - 4.111 ms localhost
GET /@fs/C:/Users/USER/Desktop/BroCampTasks/Angular_Project/frontend/.angular/cache/18.2.11/frontend/vite/deps/@angular_platform-browser.js.map 304 [12/Dec/2024:16:56:44 +0000] - 33.062 ms localhost
GET /@fs/C:/Users/USER/Desktop/BroCampTasks/Angular_Project/frontend/.angular/cache/18.2.11/frontend/vite/deps/chunk-J2M542RS.js.map 304 [12/Dec/2024:16:56:44 +0000] - 37.363 ms localhost
GET /@fs/C:/Users/USER/Desktop/BroCampTasks/Angular_Project/frontend/.angular/cache/18.2.11/frontend/vite/deps/chunk-PLMZ7O3F.js.map 304 [12/Dec/2024:16:56:44 +0000] - 43.485 ms localhost
GET /@fs/C:/Users/USER/Desktop/BroCampTasks/Angular_Project/frontend/.angular/cache/18.2.11/frontend/vite/deps/@angular_core.js.map 304 [12/Dec/2024:16:56:44 +0000] - 33.508 ms localhost
GET /@fs/C:/Users/USER/Desktop/BroCampTasks/Angular_Project/frontend/.angular/cache/18.2.11/frontend/vite/deps/chunk-PF6LNL77.js.map 304 [12/Dec/2024:16:56:44 +0000] - 44.664 ms localhost
GET /@fs/C:/Users/USER/Desktop/BroCampTasks/Angular_Project/frontend/.angular/cache/18.2.11/frontend/vite/deps/chunk-FDUYSLZ7.js.map 304 [12/Dec/2024:16:56:44 +0000] - 261.128 ms localhost
GET /@fs/C:/Users/USER/Desktop/BroCampTasks/Angular_Project/frontend/.angular/cache/18.2.11/frontend/vite/deps/@angular_common_http.js.map 304 [12/Dec/2024:16:56:44 +0000] - 44.262 ms localhost
GET /@fs/C:/Users/USER/Desktop/BroCampTasks/Angular_Project/frontend/.angular/cache/18.2.11/frontend/vite/deps/rxjs.js.map 304 [12/Dec/2024:16:56:44 +0000] - 47.254 ms localhost
GET /@fs/C:/Users/USER/Desktop/BroCampTasks/Angular_Project/frontend/.angular/cache/18.2.11/frontend/vite/deps/@angular_common.js.map 304 [12/Dec/2024:16:56:44 +0000] - 17.768 ms localhost
GET /@fs/C:/Users/USER/Desktop/BroCampTasks/Angular_Project/frontend/.angular/cache/18.2.11/frontend/vite/deps/chunk-SD63G7YN.js.map 304 [12/Dec/2024:16:56:44 +0000] - 75.474 ms localhost
GET /@fs/C:/Users/USER/Desktop/BroCampTasks/Angular_Project/frontend/.angular/cache/18.2.11/frontend/vite/deps/@angular_forms.js.map 304 [12/Dec/2024:16:56:44 +0000] - 109.048 ms localhost
GET /@fs/C:/Users/USER/Desktop/BroCampTasks/Angular_Project/frontend/.angular/cache/18.2.11/frontend/vite/deps/@angular_router.js.map 304 [12/Dec/2024:16:56:44 +0000] - 123.337 ms localhost
GET /login.component.css.map 200 [12/Dec/2024:16:56:44 +0000] - 61.589 ms localhost
GET /favicon.ico 304 [12/Dec/2024:16:56:44 +0000] - 2.672 ms localhost
POST /user/login 200 [12/Dec/2024:16:56:51 +0000] - 731.261 ms localhost
GET /layout.component.css.map 200 [12/Dec/2024:16:56:51 +0000] - 7.848 ms localhost
GET /dashboard.component.css.map 200 [12/Dec/2024:16:56:51 +0000] - 6.933 ms localhost
GET /user/usersCount 304 [12/Dec/2024:16:56:55 +0000] - 93.757 ms localhost
GET /user/users?pageNumber=1&pageSize=2 304 [12/Dec/2024:16:56:55 +0000] - 104.514 ms localhost
GET /user/users?pageNumber=2&pageSize=2 304 [12/Dec/2024:16:56:59 +0000] - 46.774 ms localhost
GET /service/totalService 304 [12/Dec/2024:16:57:34 +0000] - 100.119 ms localhost
GET /service/services?pageNumber=1&pageSize=2 304 [12/Dec/2024:16:57:34 +0000] - 111.675 ms localhost
GET /service/approveService/6757e92bc61b8fbac9567f25 200 [12/Dec/2024:16:57:51 +0000] - 334.217 ms localhost
GET /service/services?pageNumber=1&pageSize=2 200 [12/Dec/2024:16:57:51 +0000] - 24.340 ms localhost
GET /user/673ac7d8306657184e800578 404 [12/Dec/2024:16:57:51 +0000] - 15.455 ms localhost
GET /service/approveService/6757511dc61b8fbac9567eea 504 [12/Dec/2024:16:59:12 +0000] - 17.042 ms localhost
GET / - [12/Dec/2024:17:00:44 +0000] - - ms localhost
GET /user/usersCount 401 [12/Dec/2024:17:04:00 +0000] - 317.139 ms localhost
GET /user/users?pageNumber=1&pageSize=2 401 [12/Dec/2024:17:04:00 +0000] - 306.413 ms localhost
GET /user/refreshToken 304 [12/Dec/2024:17:04:00 +0000] - 33.068 ms localhost
GET /user/refreshToken 304 [12/Dec/2024:17:04:00 +0000] - 13.909 ms localhost
GET /user/usersCount 304 [12/Dec/2024:17:04:00 +0000] - 299.346 ms localhost
GET /user/users?pageNumber=1&pageSize=2 304 [12/Dec/2024:17:04:00 +0000] - 300.410 ms localhost
GET /users 200 [12/Dec/2024:17:04:22 +0000] - 37.084 ms localhost
GET /login 200 [12/Dec/2024:17:04:22 +0000] - 26.871 ms localhost
GET /polyfills.js 304 [12/Dec/2024:17:04:22 +0000] - 7.432 ms localhost
GET /@vite/client 304 [12/Dec/2024:17:04:22 +0000] - 10.768 ms localhost
GET /styles.css 200 [12/Dec/2024:17:04:22 +0000] - 12.160 ms localhost
GET /main.js 200 [12/Dec/2024:17:04:22 +0000] - 37.481 ms localhost
GET /@fs/C:/Users/USER/Desktop/BroCampTasks/Angular_Project/frontend/node_modules/vite/dist/client/env.mjs 304 [12/Dec/2024:17:04:22 +0000] - 3.270 ms localhost
GET /styles.css.map 200 [12/Dec/2024:17:04:22 +0000] - 11.464 ms localhost
GET /@vite/client 304 [12/Dec/2024:17:04:23 +0000] - 3.794 ms localhost
GET /@fs/C:/Users/USER/Desktop/BroCampTasks/Angular_Project/frontend/.angular/cache/18.2.11/frontend/vite/deps/@angular_platform-browser.js.map 304 [12/Dec/2024:17:04:23 +0000] - 26.527 ms localhost
GET /@fs/C:/Users/USER/Desktop/BroCampTasks/Angular_Project/frontend/.angular/cache/18.2.11/frontend/vite/deps/chunk-PLMZ7O3F.js.map 304 [12/Dec/2024:17:04:23 +0000] - 38.875 ms localhost
GET /@fs/C:/Users/USER/Desktop/BroCampTasks/Angular_Project/frontend/.angular/cache/18.2.11/frontend/vite/deps/chunk-PF6LNL77.js.map 304 [12/Dec/2024:17:04:23 +0000] - 48.487 ms localhost
GET /@fs/C:/Users/USER/Desktop/BroCampTasks/Angular_Project/frontend/.angular/cache/18.2.11/frontend/vite/deps/chunk-SD63G7YN.js.map 304 [12/Dec/2024:17:04:23 +0000] - 59.884 ms localhost
GET /@fs/C:/Users/USER/Desktop/BroCampTasks/Angular_Project/frontend/.angular/cache/18.2.11/frontend/vite/deps/chunk-J2M542RS.js.map 304 [12/Dec/2024:17:04:23 +0000] - 74.038 ms localhost
GET /styles.css 200 [12/Dec/2024:17:04:23 +0000] - 50.468 ms localhost
GET /@fs/C:/Users/USER/Desktop/BroCampTasks/Angular_Project/frontend/.angular/cache/18.2.11/frontend/vite/deps/chunk-FDUYSLZ7.js.map 304 [12/Dec/2024:17:04:24 +0000] - 840.204 ms localhost
GET /@fs/C:/Users/USER/Desktop/BroCampTasks/Angular_Project/frontend/.angular/cache/18.2.11/frontend/vite/deps/@angular_router.js.map 304 [12/Dec/2024:17:04:24 +0000] - 795.210 ms localhost
GET /@fs/C:/Users/USER/Desktop/BroCampTasks/Angular_Project/frontend/.angular/cache/18.2.11/frontend/vite/deps/@angular_core.js.map 304 [12/Dec/2024:17:04:24 +0000] - 811.215 ms localhost
GET /@fs/C:/Users/USER/Desktop/BroCampTasks/Angular_Project/frontend/.angular/cache/18.2.11/frontend/vite/deps/@angular_common_http.js.map 304 [12/Dec/2024:17:04:24 +0000] - 797.016 ms localhost
GET /@fs/C:/Users/USER/Desktop/BroCampTasks/Angular_Project/frontend/.angular/cache/18.2.11/frontend/vite/deps/rxjs.js.map 304 [12/Dec/2024:17:04:24 +0000] - 793.583 ms localhost
GET /favicon.ico 304 [12/Dec/2024:17:04:24 +0000] - 33.639 ms localhost
GET /@fs/C:/Users/USER/Desktop/BroCampTasks/Angular_Project/frontend/.angular/cache/18.2.11/frontend/vite/deps/@angular_forms.js.map 304 [12/Dec/2024:17:04:24 +0000] - 807.048 ms localhost
GET /polyfills.js 304 [12/Dec/2024:17:04:24 +0000] - 43.643 ms localhost
GET /login.component.css.map 200 [12/Dec/2024:17:04:24 +0000] - 33.455 ms localhost
GET /@fs/C:/Users/USER/Desktop/BroCampTasks/Angular_Project/frontend/.angular/cache/18.2.11/frontend/vite/deps/@angular_common.js.map 304 [12/Dec/2024:17:04:24 +0000] - 46.044 ms localhost
GET /main.js 304 [12/Dec/2024:17:04:24 +0000] - 4.179 ms localhost
GET /@fs/C:/Users/USER/Desktop/BroCampTasks/Angular_Project/frontend/node_modules/vite/dist/client/env.mjs 304 [12/Dec/2024:17:04:24 +0000] - 2.624 ms localhost
GET /favicon.ico 304 [12/Dec/2024:17:04:24 +0000] - 4.536 ms localhost
GET /login 200 [12/Dec/2024:17:04:27 +0000] - 18.303 ms localhost
GET / - [12/Dec/2024:17:04:27 +0000] - - ms localhost
GET /@vite/client 304 [12/Dec/2024:17:04:27 +0000] - 7.126 ms localhost
GET /styles.css 200 [12/Dec/2024:17:04:27 +0000] - 6.679 ms localhost
GET /polyfills.js 304 [12/Dec/2024:17:04:27 +0000] - 7.147 ms localhost
GET /main.js 304 [12/Dec/2024:17:04:27 +0000] - 3.491 ms localhost
GET /styles.css.map 200 [12/Dec/2024:17:04:27 +0000] - 4.730 ms localhost
GET /@fs/C:/Users/USER/Desktop/BroCampTasks/Angular_Project/frontend/node_modules/vite/dist/client/env.mjs 304 [12/Dec/2024:17:04:27 +0000] - 4.098 ms localhost
GET /@fs/C:/Users/USER/Desktop/BroCampTasks/Angular_Project/frontend/.angular/cache/18.2.11/frontend/vite/deps/@angular_platform-browser.js.map 304 [12/Dec/2024:17:04:27 +0000] - 31.916 ms localhost
GET /@fs/C:/Users/USER/Desktop/BroCampTasks/Angular_Project/frontend/.angular/cache/18.2.11/frontend/vite/deps/chunk-J2M542RS.js.map 304 [12/Dec/2024:17:04:27 +0000] - 26.538 ms localhost
GET /@fs/C:/Users/USER/Desktop/BroCampTasks/Angular_Project/frontend/.angular/cache/18.2.11/frontend/vite/deps/chunk-PF6LNL77.js.map 304 [12/Dec/2024:17:04:27 +0000] - 29.328 ms localhost
GET /@fs/C:/Users/USER/Desktop/BroCampTasks/Angular_Project/frontend/.angular/cache/18.2.11/frontend/vite/deps/chunk-PLMZ7O3F.js.map 304 [12/Dec/2024:17:04:27 +0000] - 40.920 ms localhost
GET /@fs/C:/Users/USER/Desktop/BroCampTasks/Angular_Project/frontend/.angular/cache/18.2.11/frontend/vite/deps/chunk-SD63G7YN.js.map 304 [12/Dec/2024:17:04:27 +0000] - 56.204 ms localhost
GET /@fs/C:/Users/USER/Desktop/BroCampTasks/Angular_Project/frontend/.angular/cache/18.2.11/frontend/vite/deps/@angular_core.js.map 304 [12/Dec/2024:17:04:27 +0000] - 57.412 ms localhost
GET /@fs/C:/Users/USER/Desktop/BroCampTasks/Angular_Project/frontend/.angular/cache/18.2.11/frontend/vite/deps/@angular_router.js.map 304 [12/Dec/2024:17:04:27 +0000] - 43.005 ms localhost
GET /@fs/C:/Users/USER/Desktop/BroCampTasks/Angular_Project/frontend/.angular/cache/18.2.11/frontend/vite/deps/chunk-FDUYSLZ7.js.map 304 [12/Dec/2024:17:04:28 +0000] - 189.999 ms localhost
GET /login.component.css.map 200 [12/Dec/2024:17:04:28 +0000] - 68.224 ms localhost
GET /@fs/C:/Users/USER/Desktop/BroCampTasks/Angular_Project/frontend/.angular/cache/18.2.11/frontend/vite/deps/@angular_common_http.js.map 304 [12/Dec/2024:17:04:28 +0000] - 150.857 ms localhost
GET /@fs/C:/Users/USER/Desktop/BroCampTasks/Angular_Project/frontend/.angular/cache/18.2.11/frontend/vite/deps/rxjs.js.map 304 [12/Dec/2024:17:04:28 +0000] - 164.283 ms localhost
GET /@fs/C:/Users/USER/Desktop/BroCampTasks/Angular_Project/frontend/.angular/cache/18.2.11/frontend/vite/deps/@angular_forms.js.map 304 [12/Dec/2024:17:04:28 +0000] - 134.567 ms localhost
GET /@fs/C:/Users/USER/Desktop/BroCampTasks/Angular_Project/frontend/.angular/cache/18.2.11/frontend/vite/deps/@angular_common.js.map 304 [12/Dec/2024:17:04:28 +0000] - 127.331 ms localhost
GET /favicon.ico 304 [12/Dec/2024:17:04:28 +0000] - 6.221 ms localhost
POST /user/login 200 [12/Dec/2024:17:04:53 +0000] - 430.713 ms localhost
GET /layout.component.css.map 200 [12/Dec/2024:17:04:53 +0000] - 6.809 ms localhost
GET /dashboard.component.css.map 200 [12/Dec/2024:17:04:53 +0000] - 6.029 ms localhost
GET /service/totalService 304 [12/Dec/2024:17:04:57 +0000] - 119.768 ms localhost
GET /service/services?pageNumber=1&pageSize=2 304 [12/Dec/2024:17:04:57 +0000] - 157.299 ms localhost
GET /user/usersCount 304 [12/Dec/2024:17:05:27 +0000] - 78.313 ms localhost
GET /user/users?pageNumber=1&pageSize=2 304 [12/Dec/2024:17:05:27 +0000] - 80.366 ms localhost
GET /service/totalService 304 [12/Dec/2024:17:05:28 +0000] - 36.099 ms localhost
GET /service/services?pageNumber=1&pageSize=2 200 [12/Dec/2024:17:05:28 +0000] - 38.685 ms localhost
GET /user/user/673ac7d8306657184e800578 401 [12/Dec/2024:17:05:34 +0000] - 24.355 ms localhost
GET /service/approveService/6757511dc61b8fbac9567eea 400 [12/Dec/2024:17:05:35 +0000] - 283.088 ms localhost
GET / - [12/Dec/2024:17:08:24 +0000] - - ms localhost
GET / - [12/Dec/2024:17:08:27 +0000] - - ms localhost
GET /user/usersCount 401 [12/Dec/2024:17:15:54 +0000] - 139.376 ms localhost
GET /user/users?pageNumber=1&pageSize=2 401 [12/Dec/2024:17:15:54 +0000] - 143.432 ms localhost
GET /user/refreshToken 304 [12/Dec/2024:17:15:54 +0000] - 32.319 ms localhost
GET /user/refreshToken 304 [12/Dec/2024:17:15:54 +0000] - 12.659 ms localhost
GET /user/usersCount 304 [12/Dec/2024:17:15:54 +0000] - 75.524 ms localhost
GET /user/users?pageNumber=1&pageSize=2 304 [12/Dec/2024:17:15:54 +0000] - 67.070 ms localhost
GET /login.component.css.map 200 [12/Dec/2024:17:16:01 +0000] - 58.471 ms localhost
GET /login 200 [12/Dec/2024:18:02:02 +0000] - 183.118 ms localhost
GET /@vite/client 304 [12/Dec/2024:18:02:02 +0000] - 10.391 ms localhost
GET /styles.css 200 [12/Dec/2024:18:02:02 +0000] - 8.219 ms localhost
GET /polyfills.js 304 [12/Dec/2024:18:02:03 +0000] - 5.999 ms localhost
GET /main.js 304 [12/Dec/2024:18:02:03 +0000] - 15.904 ms localhost
GET /@fs/C:/Users/USER/Desktop/BroCampTasks/Angular_Project/frontend/node_modules/vite/dist/client/env.mjs 304 [12/Dec/2024:18:02:03 +0000] - 5.850 ms localhost
GET /styles.css.map 200 [12/Dec/2024:18:02:03 +0000] - 21.558 ms localhost
GET /@fs/C:/Users/USER/Desktop/BroCampTasks/Angular_Project/frontend/.angular/cache/18.2.11/frontend/vite/deps/@angular_platform-browser.js.map 304 [12/Dec/2024:18:02:04 +0000] - 55.549 ms localhost
GET /@fs/C:/Users/USER/Desktop/BroCampTasks/Angular_Project/frontend/.angular/cache/18.2.11/frontend/vite/deps/chunk-SD63G7YN.js.map 304 [12/Dec/2024:18:02:04 +0000] - 60.653 ms localhost
GET /@fs/C:/Users/USER/Desktop/BroCampTasks/Angular_Project/frontend/.angular/cache/18.2.11/frontend/vite/deps/chunk-J2M542RS.js.map 304 [12/Dec/2024:18:02:04 +0000] - 66.264 ms localhost
GET /@fs/C:/Users/USER/Desktop/BroCampTasks/Angular_Project/frontend/.angular/cache/18.2.11/frontend/vite/deps/@angular_core.js.map 304 [12/Dec/2024:18:02:04 +0000] - 76.851 ms localhost
GET /@fs/C:/Users/USER/Desktop/BroCampTasks/Angular_Project/frontend/.angular/cache/18.2.11/frontend/vite/deps/chunk-PLMZ7O3F.js.map 304 [12/Dec/2024:18:02:04 +0000] - 93.227 ms localhost
GET /@fs/C:/Users/USER/Desktop/BroCampTasks/Angular_Project/frontend/.angular/cache/18.2.11/frontend/vite/deps/chunk-FDUYSLZ7.js.map 304 [12/Dec/2024:18:02:05 +0000] - 1137.394 ms localhost
GET /@fs/C:/Users/USER/Desktop/BroCampTasks/Angular_Project/frontend/.angular/cache/18.2.11/frontend/vite/deps/@angular_common_http.js.map 304 [12/Dec/2024:18:02:05 +0000] - 1079.216 ms localhost
GET /@fs/C:/Users/USER/Desktop/BroCampTasks/Angular_Project/frontend/.angular/cache/18.2.11/frontend/vite/deps/chunk-PF6LNL77.js.map 304 [12/Dec/2024:18:02:05 +0000] - 1151.141 ms localhost
GET /@fs/C:/Users/USER/Desktop/BroCampTasks/Angular_Project/frontend/.angular/cache/18.2.11/frontend/vite/deps/rxjs.js.map 304 [12/Dec/2024:18:02:05 +0000] - 1122.451 ms localhost
GET /@fs/C:/Users/USER/Desktop/BroCampTasks/Angular_Project/frontend/.angular/cache/18.2.11/frontend/vite/deps/@angular_router.js.map 304 [12/Dec/2024:18:02:05 +0000] - 1151.654 ms localhost
GET /@fs/C:/Users/USER/Desktop/BroCampTasks/Angular_Project/frontend/.angular/cache/18.2.11/frontend/vite/deps/@angular_forms.js.map 304 [12/Dec/2024:18:02:05 +0000] - 1119.560 ms localhost
GET /login.component.css.map 200 [12/Dec/2024:18:02:05 +0000] - 64.555 ms localhost
GET /@fs/C:/Users/USER/Desktop/BroCampTasks/Angular_Project/frontend/.angular/cache/18.2.11/frontend/vite/deps/@angular_common.js.map 304 [12/Dec/2024:18:02:05 +0000] - 69.845 ms localhost
GET /favicon.ico 304 [12/Dec/2024:18:02:05 +0000] - 29.075 ms localhost
GET / - [12/Dec/2024:18:06:03 +0000] - - ms localhost
GET /user/users 401 [12/Dec/2024:18:12:48 +0000] - 168.183 ms localhost
POST /user/login 200 [12/Dec/2024:18:13:12 +0000] - 240.037 ms localhost
GET /service/services 200 [12/Dec/2024:18:13:53 +0000] - 400.052 ms localhost
GET /login 200 [12/Dec/2024:18:14:22 +0000] - 259.823 ms localhost
GET /@vite/client 304 [12/Dec/2024:18:14:23 +0000] - 13.960 ms localhost
GET /polyfills.js 304 [12/Dec/2024:18:14:23 +0000] - 6.282 ms localhost
GET /styles.css 200 [12/Dec/2024:18:14:23 +0000] - 15.169 ms localhost
GET /main.js 304 [12/Dec/2024:18:14:23 +0000] - 14.990 ms localhost
GET /styles.css.map 200 [12/Dec/2024:18:14:23 +0000] - 18.698 ms localhost
GET /@fs/C:/Users/USER/Desktop/BroCampTasks/Angular_Project/frontend/node_modules/vite/dist/client/env.mjs 304 [12/Dec/2024:18:14:23 +0000] - 11.810 ms localhost
GET /@fs/C:/Users/USER/Desktop/BroCampTasks/Angular_Project/frontend/.angular/cache/18.2.11/frontend/vite/deps/@angular_platform-browser.js.map 304 [12/Dec/2024:18:14:24 +0000] - 179.461 ms localhost
GET /@fs/C:/Users/USER/Desktop/BroCampTasks/Angular_Project/frontend/.angular/cache/18.2.11/frontend/vite/deps/chunk-J2M542RS.js.map 304 [12/Dec/2024:18:14:24 +0000] - 422.910 ms localhost
GET /favicon.ico 304 [12/Dec/2024:18:14:24 +0000] - 68.050 ms localhost
GET /@fs/C:/Users/USER/Desktop/BroCampTasks/Angular_Project/frontend/.angular/cache/18.2.11/frontend/vite/deps/chunk-SD63G7YN.js.map 304 [12/Dec/2024:18:14:24 +0000] - 562.653 ms localhost
GET /@fs/C:/Users/USER/Desktop/BroCampTasks/Angular_Project/frontend/.angular/cache/18.2.11/frontend/vite/deps/@angular_core.js.map 304 [12/Dec/2024:18:14:24 +0000] - 575.320 ms localhost
GET /@fs/C:/Users/USER/Desktop/BroCampTasks/Angular_Project/frontend/.angular/cache/18.2.11/frontend/vite/deps/chunk-PLMZ7O3F.js.map 304 [12/Dec/2024:18:14:24 +0000] - 626.102 ms localhost
GET /@fs/C:/Users/USER/Desktop/BroCampTasks/Angular_Project/frontend/.angular/cache/18.2.11/frontend/vite/deps/chunk-PF6LNL77.js.map 304 [12/Dec/2024:18:14:24 +0000] - 580.175 ms localhost
GET /@fs/C:/Users/USER/Desktop/BroCampTasks/Angular_Project/frontend/.angular/cache/18.2.11/frontend/vite/deps/chunk-FDUYSLZ7.js.map 304 [12/Dec/2024:18:14:25 +0000] - 1043.542 ms localhost
GET /@fs/C:/Users/USER/Desktop/BroCampTasks/Angular_Project/frontend/.angular/cache/18.2.11/frontend/vite/deps/@angular_router.js.map 304 [12/Dec/2024:18:14:25 +0000] - 705.283 ms localhost
GET /@fs/C:/Users/USER/Desktop/BroCampTasks/Angular_Project/frontend/.angular/cache/18.2.11/frontend/vite/deps/@angular_common_http.js.map 304 [12/Dec/2024:18:14:25 +0000] - 563.918 ms localhost
GET /login.component.css.map 200 [12/Dec/2024:18:14:25 +0000] - 47.255 ms localhost
GET /@fs/C:/Users/USER/Desktop/BroCampTasks/Angular_Project/frontend/.angular/cache/18.2.11/frontend/vite/deps/rxjs.js.map 304 [12/Dec/2024:18:14:25 +0000] - 546.991 ms localhost
GET /@fs/C:/Users/USER/Desktop/BroCampTasks/Angular_Project/frontend/.angular/cache/18.2.11/frontend/vite/deps/@angular_common.js.map 304 [12/Dec/2024:18:14:25 +0000] - 415.981 ms localhost
GET /@fs/C:/Users/USER/Desktop/BroCampTasks/Angular_Project/frontend/.angular/cache/18.2.11/frontend/vite/deps/@angular_forms.js.map 304 [12/Dec/2024:18:14:25 +0000] - 474.756 ms localhost
POST /user/login 200 [12/Dec/2024:18:14:32 +0000] - 136.721 ms localhost
GET /layout.component.css.map 200 [12/Dec/2024:18:14:33 +0000] - 7.200 ms localhost
GET /dashboard.component.css.map 200 [12/Dec/2024:18:14:33 +0000] - 6.933 ms localhost
GET /user/users?pageNumber=1&pageSize=2 304 [12/Dec/2024:18:14:36 +0000] - 60.670 ms localhost
GET /user/usersCount 304 [12/Dec/2024:18:14:36 +0000] - 80.677 ms localhost
GET /service/totalService 304 [12/Dec/2024:18:14:39 +0000] - 57.065 ms localhost
GET /service/services?pageNumber=1&pageSize=2 200 [12/Dec/2024:18:14:39 +0000] - 83.298 ms localhost
GET /user/user/673ac7d8306657184e800578 401 [12/Dec/2024:18:14:47 +0000] - 7.736 ms localhost
GET /service/approveService/6757e92bc61b8fbac9567f25 400 [12/Dec/2024:18:14:48 +0000] - 353.881 ms localhost
GET /user/user/673ac7d8306657184e800578 401 [12/Dec/2024:18:15:34 +0000] - 42.663 ms localhost
GET / - [12/Dec/2024:18:18:23 +0000] - - ms localhost
GET /service/services 200 [12/Dec/2024:18:19:19 +0000] - 133.940 ms localhost
GET /user/user/673ac7d8306657184e800578 401 [12/Dec/2024:18:19:36 +0000] - 58.605 ms localhost
