GET /login 200 [02/Dec/2024:18:33:07 +0000] - 240.389 ms localhost
GET /styles.css 200 [02/Dec/2024:18:33:07 +0000] - 14.549 ms localhost
GET /@vite/client 304 [02/Dec/2024:18:33:07 +0000] - 34.026 ms localhost
GET /main.js 304 [02/Dec/2024:18:33:07 +0000] - 31.949 ms localhost
GET /polyfills.js 304 [02/Dec/2024:18:33:07 +0000] - 44.297 ms localhost
GET /@fs/C:/Users/USER/Desktop/BroCampTasks/Angular_Project/frontend/node_modules/vite/dist/client/env.mjs 304 [02/Dec/2024:18:33:07 +0000] - 6.331 ms localhost
GET /favicon.ico 304 [02/Dec/2024:18:33:08 +0000] - 16.736 ms localhost
GET /styles.css.map 200 [02/Dec/2024:18:33:08 +0000] - 7.225 ms localhost
GET /@fs/C:/Users/USER/Desktop/BroCampTasks/Angular_Project/frontend/.angular/cache/18.2.11/frontend/vite/deps/@angular_platform-browser.js.map 304 [02/Dec/2024:18:33:08 +0000] - 30.865 ms localhost
GET /@fs/C:/Users/USER/Desktop/BroCampTasks/Angular_Project/frontend/.angular/cache/18.2.11/frontend/vite/deps/chunk-HUQWV54Z.js.map 304 [02/Dec/2024:18:33:08 +0000] - 49.634 ms localhost
GET /@fs/C:/Users/USER/Desktop/BroCampTasks/Angular_Project/frontend/.angular/cache/18.2.11/frontend/vite/deps/chunk-OFHBKTFM.js.map 304 [02/Dec/2024:18:33:08 +0000] - 95.655 ms localhost
GET /@fs/C:/Users/USER/Desktop/BroCampTasks/Angular_Project/frontend/.angular/cache/18.2.11/frontend/vite/deps/chunk-56V4FXH3.js.map 304 [02/Dec/2024:18:33:08 +0000] - 155.722 ms localhost
GET /@fs/C:/Users/USER/Desktop/BroCampTasks/Angular_Project/frontend/.angular/cache/18.2.11/frontend/vite/deps/@angular_core.js.map 304 [02/Dec/2024:18:33:08 +0000] - 145.000 ms localhost
GET /@fs/C:/Users/USER/Desktop/BroCampTasks/Angular_Project/frontend/.angular/cache/18.2.11/frontend/vite/deps/chunk-PF6LNL77.js.map 304 [02/Dec/2024:18:33:08 +0000] - 177.572 ms localhost
GET /login.component.css.map 200 [02/Dec/2024:18:33:08 +0000] - 27.952 ms localhost
GET /@fs/C:/Users/USER/Desktop/BroCampTasks/Angular_Project/frontend/.angular/cache/18.2.11/frontend/vite/deps/@angular_router.js.map 304 [02/Dec/2024:18:33:09 +0000] - 273.435 ms localhost
GET /@fs/C:/Users/USER/Desktop/BroCampTasks/Angular_Project/frontend/.angular/cache/18.2.11/frontend/vite/deps/@angular_common_http.js.map 304 [02/Dec/2024:18:33:09 +0000] - 285.169 ms localhost
GET /@fs/C:/Users/USER/Desktop/BroCampTasks/Angular_Project/frontend/.angular/cache/18.2.11/frontend/vite/deps/rxjs.js.map 304 [02/Dec/2024:18:33:09 +0000] - 230.034 ms localhost
GET /@fs/C:/Users/USER/Desktop/BroCampTasks/Angular_Project/frontend/.angular/cache/18.2.11/frontend/vite/deps/@angular_forms.js.map 304 [02/Dec/2024:18:33:09 +0000] - 242.149 ms localhost
GET /@fs/C:/Users/USER/Desktop/BroCampTasks/Angular_Project/frontend/.angular/cache/18.2.11/frontend/vite/deps/chunk-FDUYSLZ7.js.map 304 [02/Dec/2024:18:33:10 +0000] - 1835.380 ms localhost
POST /user/login 504 [02/Dec/2024:18:34:08 +0000] - 50930.515 ms localhost
GET / - [02/Dec/2024:18:37:07 +0000] - - ms localhost
GET /login 200 [02/Dec/2024:18:41:08 +0000] - 52.234 ms localhost
GET /polyfills.js 304 [02/Dec/2024:18:41:08 +0000] - 5.343 ms localhost
GET /main.js 304 [02/Dec/2024:18:41:08 +0000] - 5.263 ms localhost
GET /@vite/client 304 [02/Dec/2024:18:41:08 +0000] - 3.459 ms localhost
GET /styles.css 200 [02/Dec/2024:18:41:08 +0000] - 6.734 ms localhost
GET /@fs/C:/Users/USER/Desktop/BroCampTasks/Angular_Project/frontend/node_modules/vite/dist/client/env.mjs 304 [02/Dec/2024:18:41:08 +0000] - 16.594 ms localhost
GET /styles.css.map 200 [02/Dec/2024:18:41:08 +0000] - 6.770 ms localhost
GET /@fs/C:/Users/USER/Desktop/BroCampTasks/Angular_Project/frontend/.angular/cache/18.2.11/frontend/vite/deps/@angular_platform-browser.js.map 304 [02/Dec/2024:18:41:08 +0000] - 29.054 ms localhost
GET /@fs/C:/Users/USER/Desktop/BroCampTasks/Angular_Project/frontend/.angular/cache/18.2.11/frontend/vite/deps/chunk-HUQWV54Z.js.map 304 [02/Dec/2024:18:41:08 +0000] - 43.753 ms localhost
GET /@fs/C:/Users/USER/Desktop/BroCampTasks/Angular_Project/frontend/.angular/cache/18.2.11/frontend/vite/deps/chunk-56V4FXH3.js.map 304 [02/Dec/2024:18:41:08 +0000] - 52.178 ms localhost
GET /@fs/C:/Users/USER/Desktop/BroCampTasks/Angular_Project/frontend/.angular/cache/18.2.11/frontend/vite/deps/chunk-OFHBKTFM.js.map 304 [02/Dec/2024:18:41:08 +0000] - 69.014 ms localhost
GET /@fs/C:/Users/USER/Desktop/BroCampTasks/Angular_Project/frontend/.angular/cache/18.2.11/frontend/vite/deps/@angular_core.js.map 304 [02/Dec/2024:18:41:08 +0000] - 69.431 ms localhost
GET /@fs/C:/Users/USER/Desktop/BroCampTasks/Angular_Project/frontend/.angular/cache/18.2.11/frontend/vite/deps/@angular_common_http.js.map 304 [02/Dec/2024:18:41:08 +0000] - 74.369 ms localhost
GET /@fs/C:/Users/USER/Desktop/BroCampTasks/Angular_Project/frontend/.angular/cache/18.2.11/frontend/vite/deps/@angular_router.js.map 304 [02/Dec/2024:18:41:08 +0000] - 113.359 ms localhost
GET /@fs/C:/Users/USER/Desktop/BroCampTasks/Angular_Project/frontend/.angular/cache/18.2.11/frontend/vite/deps/rxjs.js.map 304 [02/Dec/2024:18:41:08 +0000] - 92.267 ms localhost
GET /@fs/C:/Users/USER/Desktop/BroCampTasks/Angular_Project/frontend/.angular/cache/18.2.11/frontend/vite/deps/chunk-FDUYSLZ7.js.map 304 [02/Dec/2024:18:41:09 +0000] - 886.159 ms localhost
GET /login.component.css.map 200 [02/Dec/2024:18:41:09 +0000] - 767.022 ms localhost
GET /favicon.ico 304 [02/Dec/2024:18:41:09 +0000] - 343.426 ms localhost
GET /@fs/C:/Users/USER/Desktop/BroCampTasks/Angular_Project/frontend/.angular/cache/18.2.11/frontend/vite/deps/@angular_forms.js.map 304 [02/Dec/2024:18:41:09 +0000] - 939.136 ms localhost
GET /@fs/C:/Users/USER/Desktop/BroCampTasks/Angular_Project/frontend/.angular/cache/18.2.11/frontend/vite/deps/chunk-PF6LNL77.js.map 304 [02/Dec/2024:18:41:09 +0000] - 967.775 ms localhost
POST /user/login 200 [02/Dec/2024:18:41:15 +0000] - 195.434 ms localhost
GET /layout.component.css.map 200 [02/Dec/2024:18:41:15 +0000] - 3.886 ms localhost
GET /dashboard.component.css.map 200 [02/Dec/2024:18:41:15 +0000] - 4.336 ms localhost
GET /user/usersCount 304 [02/Dec/2024:18:41:20 +0000] - 74.962 ms localhost
GET /user/users?pageNumber=1&pageSize=2 304 [02/Dec/2024:18:41:20 +0000] - 46.709 ms localhost
GET /user/users?pageNumber=2&pageSize=2 304 [02/Dec/2024:18:41:29 +0000] - 41.552 ms localhost
GET /user/users?pageNumber=1&pageSize=2 304 [02/Dec/2024:18:41:30 +0000] - 18.884 ms localhost
GET /user/logout 304 [02/Dec/2024:18:41:35 +0000] - 6.765 ms localhost
GET /login.component.css.map 200 [02/Dec/2024:18:41:35 +0000] - 3.432 ms localhost
GET / - [02/Dec/2024:18:45:08 +0000] - - ms localhost
GET /login 200 [02/Dec/2024:20:44:40 +0000] - 348.149 ms localhost
GET /styles.css 200 [02/Dec/2024:20:44:40 +0000] - 35.946 ms localhost
GET /main.js 304 [02/Dec/2024:20:44:40 +0000] - 53.732 ms localhost
GET /polyfills.js 304 [02/Dec/2024:20:44:40 +0000] - 45.155 ms localhost
GET /@vite/client 304 [02/Dec/2024:20:44:40 +0000] - 50.459 ms localhost
GET /@fs/C:/Users/USER/Desktop/BroCampTasks/Angular_Project/frontend/node_modules/vite/dist/client/env.mjs 304 [02/Dec/2024:20:44:41 +0000] - 5.014 ms localhost
GET /favicon.ico 304 [02/Dec/2024:20:44:42 +0000] - 21.276 ms localhost
GET /styles.css.map 200 [02/Dec/2024:20:44:42 +0000] - 15.577 ms localhost
GET /@fs/C:/Users/USER/Desktop/BroCampTasks/Angular_Project/frontend/.angular/cache/18.2.11/frontend/vite/deps/@angular_platform-browser.js.map 304 [02/Dec/2024:20:44:42 +0000] - 132.996 ms localhost
GET /@fs/C:/Users/USER/Desktop/BroCampTasks/Angular_Project/frontend/.angular/cache/18.2.11/frontend/vite/deps/chunk-OFHBKTFM.js.map 304 [02/Dec/2024:20:44:42 +0000] - 166.226 ms localhost
GET /@fs/C:/Users/USER/Desktop/BroCampTasks/Angular_Project/frontend/.angular/cache/18.2.11/frontend/vite/deps/chunk-HUQWV54Z.js.map 304 [02/Dec/2024:20:44:42 +0000] - 219.519 ms localhost
GET /@fs/C:/Users/USER/Desktop/BroCampTasks/Angular_Project/frontend/.angular/cache/18.2.11/frontend/vite/deps/chunk-56V4FXH3.js.map 304 [02/Dec/2024:20:44:42 +0000] - 235.911 ms localhost
GET /@fs/C:/Users/USER/Desktop/BroCampTasks/Angular_Project/frontend/.angular/cache/18.2.11/frontend/vite/deps/chunk-PF6LNL77.js.map 304 [02/Dec/2024:20:44:42 +0000] - 277.534 ms localhost
GET /@fs/C:/Users/USER/Desktop/BroCampTasks/Angular_Project/frontend/.angular/cache/18.2.11/frontend/vite/deps/chunk-FDUYSLZ7.js.map 304 [02/Dec/2024:20:44:44 +0000] - 2056.888 ms localhost
GET /@fs/C:/Users/USER/Desktop/BroCampTasks/Angular_Project/frontend/.angular/cache/18.2.11/frontend/vite/deps/@angular_core.js.map 304 [02/Dec/2024:20:44:44 +0000] - 1991.019 ms localhost
GET /@fs/C:/Users/USER/Desktop/BroCampTasks/Angular_Project/frontend/.angular/cache/18.2.11/frontend/vite/deps/@angular_common_http.js.map 304 [02/Dec/2024:20:44:44 +0000] - 1938.860 ms localhost
GET /@fs/C:/Users/USER/Desktop/BroCampTasks/Angular_Project/frontend/.angular/cache/18.2.11/frontend/vite/deps/rxjs.js.map 304 [02/Dec/2024:20:44:44 +0000] - 1962.640 ms localhost
GET /@fs/C:/Users/USER/Desktop/BroCampTasks/Angular_Project/frontend/.angular/cache/18.2.11/frontend/vite/deps/@angular_forms.js.map 304 [02/Dec/2024:20:44:45 +0000] - 2348.918 ms localhost
GET /@fs/C:/Users/USER/Desktop/BroCampTasks/Angular_Project/frontend/.angular/cache/18.2.11/frontend/vite/deps/@angular_router.js.map 304 [02/Dec/2024:20:44:45 +0000] - 2477.756 ms localhost
GET /login.component.css.map 200 [02/Dec/2024:20:44:45 +0000] - 441.918 ms localhost
POST /user/login 200 [02/Dec/2024:20:44:55 +0000] - 324.761 ms localhost
POST /user/verifyEmail 200 [02/Dec/2024:20:45:09 +0000] - 4414.919 ms localhost
POST /user/verifyOtp 200 [02/Dec/2024:20:45:27 +0000] - 150.512 ms localhost
GET /login.component.css.map 200 [02/Dec/2024:20:45:27 +0000] - 4.286 ms localhost
POST /user/login 200 [02/Dec/2024:20:45:37 +0000] - 303.690 ms localhost
GET /layout.component.css.map 200 [02/Dec/2024:20:45:38 +0000] - 4.413 ms localhost
GET /dashboard.component.css.map 200 [02/Dec/2024:20:45:38 +0000] - 4.519 ms localhost
GET /user/logout 304 [02/Dec/2024:20:45:45 +0000] - 10.942 ms localhost
GET /login.component.css.map 200 [02/Dec/2024:20:45:45 +0000] - 6.297 ms localhost
POST /user/sendResetEmail 200 [02/Dec/2024:20:45:57 +0000] - 3990.747 ms localhost
POST /user/resetPassword 200 [02/Dec/2024:20:46:27 +0000] - 354.814 ms localhost
POST /user/login 200 [02/Dec/2024:20:46:38 +0000] - 325.577 ms localhost
GET /user/logout 304 [02/Dec/2024:20:47:32 +0000] - 8.380 ms localhost
GET / - [02/Dec/2024:20:48:41 +0000] - - ms localhost
POST /user/login 200 [03/Dec/2024:04:12:25 +0000] - 500.713 ms localhost
POST /user/login 200 [03/Dec/2024:04:12:39 +0000] - 155.985 ms localhost
GET /user/logout 304 [03/Dec/2024:04:12:45 +0000] - 9.138 ms localhost
POST /user/login 200 [03/Dec/2024:04:13:50 +0000] - 145.483 ms localhost
GET /user/logout 304 [03/Dec/2024:04:14:03 +0000] - 5.920 ms localhost
POST /user/register 200 [03/Dec/2024:04:34:52 +0000] - 3555.276 ms localhost
POST /user/verifyOtp 200 [03/Dec/2024:04:35:20 +0000] - 86.975 ms localhost
POST /user/login 200 [03/Dec/2024:04:35:38 +0000] - 159.869 ms localhost
POST /user/login 200 [03/Dec/2024:04:35:53 +0000] - 178.780 ms localhost
GET /user/logout 304 [03/Dec/2024:04:36:04 +0000] - 12.027 ms localhost
POST /user/login 200 [03/Dec/2024:04:36:18 +0000] - 151.866 ms localhost
GET /user/usersCount 401 [03/Dec/2024:04:36:21 +0000] - 20.983 ms localhost
GET /user/refreshToken 200 [03/Dec/2024:04:36:21 +0000] - 13.111 ms localhost
GET /user/users?pageNumber=1&pageSize=2 401 [03/Dec/2024:04:36:21 +0000] - 18.232 ms localhost
GET /user/usersCount 401 [03/Dec/2024:04:36:21 +0000] - 23.964 ms localhost
GET /user/refreshToken 304 [03/Dec/2024:04:36:21 +0000] - 8.021 ms localhost
GET /user/users?pageNumber=1&pageSize=2 401 [03/Dec/2024:04:36:21 +0000] - 11.741 ms localhost
POST /user/login 200 [03/Dec/2024:04:36:55 +0000] - 176.162 ms localhost
GET /user/usersCount 401 [03/Dec/2024:04:37:04 +0000] - 17.484 ms localhost
GET /user/users?pageNumber=1&pageSize=2 401 [03/Dec/2024:04:37:04 +0000] - 19.082 ms localhost
GET /user/refreshToken 304 [03/Dec/2024:04:37:04 +0000] - 14.898 ms localhost
GET /user/refreshToken 304 [03/Dec/2024:04:37:04 +0000] - 19.968 ms localhost
GET /user/usersCount 401 [03/Dec/2024:04:37:04 +0000] - 10.901 ms localhost
GET /user/users?pageNumber=1&pageSize=2 401 [03/Dec/2024:04:37:04 +0000] - 18.011 ms localhost
GET /user/logout 304 [03/Dec/2024:04:54:00 +0000] - 78.165 ms localhost
POST /user/sendResetEmail 200 [03/Dec/2024:04:54:12 +0000] - 2651.033 ms localhost
POST /user/resetPassword 200 [03/Dec/2024:04:54:43 +0000] - 253.064 ms localhost
GET / 200 [03/Dec/2024:04:59:17 +0000] - 14.077 ms localhost
GET /@vite/client 304 [03/Dec/2024:04:59:17 +0000] - 15.000 ms localhost
GET /styles.css 200 [03/Dec/2024:04:59:17 +0000] - 17.771 ms localhost
GET /main.js 200 [03/Dec/2024:04:59:17 +0000] - 24.938 ms localhost
GET /polyfills.js 304 [03/Dec/2024:04:59:17 +0000] - 26.487 ms localhost
GET /@fs/C:/Users/USER/Desktop/BroCampTasks/Angular_Project/frontend/node_modules/vite/dist/client/env.mjs 304 [03/Dec/2024:04:59:17 +0000] - 5.274 ms localhost
POST /user/login 200 [03/Dec/2024:04:59:24 +0000] - 227.186 ms localhost
GET /user/usersCount 304 [03/Dec/2024:04:59:27 +0000] - 47.806 ms localhost
GET /user/users?pageNumber=1&pageSize=2 304 [03/Dec/2024:04:59:27 +0000] - 55.275 ms localhost
GET / - [03/Dec/2024:05:03:17 +0000] - - ms localhost
GET /users 200 [03/Dec/2024:11:01:37 +0000] - 12.142 ms localhost
GET /polyfills.js 304 [03/Dec/2024:11:01:37 +0000] - 5.387 ms localhost
GET /main.js 304 [03/Dec/2024:11:01:37 +0000] - 4.795 ms localhost
GET /styles.css 200 [03/Dec/2024:11:01:37 +0000] - 7.990 ms localhost
GET /@vite/client 304 [03/Dec/2024:11:01:37 +0000] - 13.558 ms localhost
GET /@fs/C:/Users/USER/Desktop/BroCampTasks/Angular_Project/frontend/node_modules/vite/dist/client/env.mjs 304 [03/Dec/2024:11:01:38 +0000] - 3.323 ms localhost
GET /favicon.ico 304 [03/Dec/2024:11:01:38 +0000] - 9.589 ms localhost
GET / - [03/Dec/2024:11:05:38 +0000] - - ms localhost
POST /user/login 200 [05/Dec/2024:09:36:53 +0000] - 470.547 ms localhost
POST /user/login 200 [05/Dec/2024:09:37:50 +0000] - 129.365 ms localhost
GET /user/login 404 [05/Dec/2024:09:37:59 +0000] - 13.175 ms localhost
POST /user/login 200 [05/Dec/2024:09:43:25 +0000] - 149.348 ms localhost
GET / 200 [05/Dec/2024:09:44:34 +0000] - 23.982 ms localhost
GET /@vite/client 304 [05/Dec/2024:09:44:34 +0000] - 23.979 ms localhost
GET /styles.css 200 [05/Dec/2024:09:44:34 +0000] - 18.366 ms localhost
GET /main.js 200 [05/Dec/2024:09:44:34 +0000] - 24.387 ms localhost
GET /polyfills.js 304 [05/Dec/2024:09:44:34 +0000] - 26.011 ms localhost
GET /@fs/C:/Users/USER/Desktop/BroCampTasks/Angular_Project/frontend/node_modules/vite/dist/client/env.mjs 304 [05/Dec/2024:09:44:34 +0000] - 4.649 ms localhost
GET /styles.css.map 200 [05/Dec/2024:09:44:34 +0000] - 7.223 ms localhost
GET /@fs/C:/Users/USER/Desktop/BroCampTasks/Angular_Project/frontend/.angular/cache/18.2.11/frontend/vite/deps/@angular_platform-browser.js.map 304 [05/Dec/2024:09:44:34 +0000] - 30.447 ms localhost
GET /@fs/C:/Users/USER/Desktop/BroCampTasks/Angular_Project/frontend/.angular/cache/18.2.11/frontend/vite/deps/chunk-HUQWV54Z.js.map 304 [05/Dec/2024:09:44:34 +0000] - 30.583 ms localhost
GET /@fs/C:/Users/USER/Desktop/BroCampTasks/Angular_Project/frontend/.angular/cache/18.2.11/frontend/vite/deps/chunk-OFHBKTFM.js.map 304 [05/Dec/2024:09:44:34 +0000] - 33.078 ms localhost
GET /@fs/C:/Users/USER/Desktop/BroCampTasks/Angular_Project/frontend/.angular/cache/18.2.11/frontend/vite/deps/chunk-56V4FXH3.js.map 304 [05/Dec/2024:09:44:35 +0000] - 34.647 ms localhost
GET /@fs/C:/Users/USER/Desktop/BroCampTasks/Angular_Project/frontend/.angular/cache/18.2.11/frontend/vite/deps/@angular_common_http.js.map 304 [05/Dec/2024:09:44:35 +0000] - 30.916 ms localhost
GET /@fs/C:/Users/USER/Desktop/BroCampTasks/Angular_Project/frontend/.angular/cache/18.2.11/frontend/vite/deps/chunk-FDUYSLZ7.js.map 304 [05/Dec/2024:09:44:35 +0000] - 110.259 ms localhost
GET /@fs/C:/Users/USER/Desktop/BroCampTasks/Angular_Project/frontend/.angular/cache/18.2.11/frontend/vite/deps/rxjs.js.map 304 [05/Dec/2024:09:44:35 +0000] - 102.127 ms localhost
GET /@fs/C:/Users/USER/Desktop/BroCampTasks/Angular_Project/frontend/.angular/cache/18.2.11/frontend/vite/deps/chunk-PF6LNL77.js.map 304 [05/Dec/2024:09:44:35 +0000] - 103.864 ms localhost
GET /@fs/C:/Users/USER/Desktop/BroCampTasks/Angular_Project/frontend/.angular/cache/18.2.11/frontend/vite/deps/@angular_core.js.map 304 [05/Dec/2024:09:44:35 +0000] - 157.393 ms localhost
GET /login.component.css.map 200 [05/Dec/2024:09:44:35 +0000] - 47.033 ms localhost
GET /@fs/C:/Users/USER/Desktop/BroCampTasks/Angular_Project/frontend/.angular/cache/18.2.11/frontend/vite/deps/@angular_forms.js.map 304 [05/Dec/2024:09:44:35 +0000] - 161.422 ms localhost
GET /@fs/C:/Users/USER/Desktop/BroCampTasks/Angular_Project/frontend/.angular/cache/18.2.11/frontend/vite/deps/@angular_router.js.map 304 [05/Dec/2024:09:44:35 +0000] - 213.620 ms localhost
POST /user/login 200 [05/Dec/2024:09:44:42 +0000] - 130.109 ms localhost
GET / 200 [05/Dec/2024:09:47:01 +0000] - 22.761 ms localhost
GET /@vite/client 304 [05/Dec/2024:09:47:01 +0000] - 10.486 ms localhost
GET /styles.css 200 [05/Dec/2024:09:47:01 +0000] - 9.826 ms localhost
GET /polyfills.js 304 [05/Dec/2024:09:47:01 +0000] - 12.843 ms localhost
GET /main.js 200 [05/Dec/2024:09:47:01 +0000] - 9.742 ms localhost
GET /styles.css.map 200 [05/Dec/2024:09:47:01 +0000] - 3.543 ms localhost
GET / - [05/Dec/2024:09:47:01 +0000] - - ms localhost
GET /@fs/C:/Users/USER/Desktop/BroCampTasks/Angular_Project/frontend/node_modules/vite/dist/client/env.mjs 304 [05/Dec/2024:09:47:01 +0000] - 3.257 ms localhost
GET /@fs/C:/Users/USER/Desktop/BroCampTasks/Angular_Project/frontend/.angular/cache/18.2.11/frontend/vite/deps/@angular_platform-browser.js.map 304 [05/Dec/2024:09:47:02 +0000] - 10.978 ms localhost
GET /@fs/C:/Users/USER/Desktop/BroCampTasks/Angular_Project/frontend/.angular/cache/18.2.11/frontend/vite/deps/chunk-HUQWV54Z.js.map 304 [05/Dec/2024:09:47:02 +0000] - 14.813 ms localhost
GET /@fs/C:/Users/USER/Desktop/BroCampTasks/Angular_Project/frontend/.angular/cache/18.2.11/frontend/vite/deps/chunk-OFHBKTFM.js.map 304 [05/Dec/2024:09:47:02 +0000] - 21.061 ms localhost
GET /@fs/C:/Users/USER/Desktop/BroCampTasks/Angular_Project/frontend/.angular/cache/18.2.11/frontend/vite/deps/chunk-56V4FXH3.js.map 304 [05/Dec/2024:09:47:02 +0000] - 26.085 ms localhost
GET /@fs/C:/Users/USER/Desktop/BroCampTasks/Angular_Project/frontend/.angular/cache/18.2.11/frontend/vite/deps/chunk-PF6LNL77.js.map 304 [05/Dec/2024:09:47:02 +0000] - 30.022 ms localhost
GET /@fs/C:/Users/USER/Desktop/BroCampTasks/Angular_Project/frontend/.angular/cache/18.2.11/frontend/vite/deps/chunk-FDUYSLZ7.js.map 304 [05/Dec/2024:09:47:02 +0000] - 116.182 ms localhost
GET /@fs/C:/Users/USER/Desktop/BroCampTasks/Angular_Project/frontend/.angular/cache/18.2.11/frontend/vite/deps/@angular_core.js.map 304 [05/Dec/2024:09:47:02 +0000] - 218.312 ms localhost
GET /login.component.css.map 200 [05/Dec/2024:09:47:02 +0000] - 127.228 ms localhost
GET /@fs/C:/Users/USER/Desktop/BroCampTasks/Angular_Project/frontend/.angular/cache/18.2.11/frontend/vite/deps/@angular_common_http.js.map 304 [05/Dec/2024:09:47:02 +0000] - 166.069 ms localhost
GET /@fs/C:/Users/USER/Desktop/BroCampTasks/Angular_Project/frontend/.angular/cache/18.2.11/frontend/vite/deps/rxjs.js.map 304 [05/Dec/2024:09:47:02 +0000] - 161.813 ms localhost
GET /@fs/C:/Users/USER/Desktop/BroCampTasks/Angular_Project/frontend/.angular/cache/18.2.11/frontend/vite/deps/@angular_router.js.map 304 [05/Dec/2024:09:47:02 +0000] - 181.938 ms localhost
GET /@fs/C:/Users/USER/Desktop/BroCampTasks/Angular_Project/frontend/.angular/cache/18.2.11/frontend/vite/deps/@angular_forms.js.map 304 [05/Dec/2024:09:47:02 +0000] - 201.678 ms localhost
POST /user/login 200 [05/Dec/2024:09:47:09 +0000] - 177.933 ms localhost
GET /login.component.css.map 200 [05/Dec/2024:09:47:36 +0000] - 5.663 ms localhost
GET /login 200 [05/Dec/2024:09:47:37 +0000] - 6.617 ms localhost
GET / - [05/Dec/2024:09:47:37 +0000] - - ms localhost
GET /@vite/client 304 [05/Dec/2024:09:47:37 +0000] - 5.924 ms localhost
GET /styles.css 200 [05/Dec/2024:09:47:37 +0000] - 7.734 ms localhost
GET /polyfills.js 304 [05/Dec/2024:09:47:37 +0000] - 9.826 ms localhost
GET /main.js 200 [05/Dec/2024:09:47:37 +0000] - 7.478 ms localhost
GET /@fs/C:/Users/USER/Desktop/BroCampTasks/Angular_Project/frontend/node_modules/vite/dist/client/env.mjs 304 [05/Dec/2024:09:47:37 +0000] - 6.713 ms localhost
GET /styles.css.map 200 [05/Dec/2024:09:47:37 +0000] - 3.657 ms localhost
GET /@fs/C:/Users/USER/Desktop/BroCampTasks/Angular_Project/frontend/.angular/cache/18.2.11/frontend/vite/deps/@angular_platform-browser.js.map 304 [05/Dec/2024:09:47:38 +0000] - 23.946 ms localhost
GET /@fs/C:/Users/USER/Desktop/BroCampTasks/Angular_Project/frontend/.angular/cache/18.2.11/frontend/vite/deps/chunk-HUQWV54Z.js.map 304 [05/Dec/2024:09:47:38 +0000] - 24.886 ms localhost
GET /@fs/C:/Users/USER/Desktop/BroCampTasks/Angular_Project/frontend/.angular/cache/18.2.11/frontend/vite/deps/chunk-OFHBKTFM.js.map 304 [05/Dec/2024:09:47:38 +0000] - 26.823 ms localhost
GET /@fs/C:/Users/USER/Desktop/BroCampTasks/Angular_Project/frontend/.angular/cache/18.2.11/frontend/vite/deps/chunk-56V4FXH3.js.map 304 [05/Dec/2024:09:47:38 +0000] - 31.793 ms localhost
GET /@fs/C:/Users/USER/Desktop/BroCampTasks/Angular_Project/frontend/.angular/cache/18.2.11/frontend/vite/deps/chunk-PF6LNL77.js.map 304 [05/Dec/2024:09:47:38 +0000] - 34.618 ms localhost
GET /@fs/C:/Users/USER/Desktop/BroCampTasks/Angular_Project/frontend/.angular/cache/18.2.11/frontend/vite/deps/chunk-FDUYSLZ7.js.map 304 [05/Dec/2024:09:47:38 +0000] - 166.265 ms localhost
GET /@fs/C:/Users/USER/Desktop/BroCampTasks/Angular_Project/frontend/.angular/cache/18.2.11/frontend/vite/deps/@angular_core.js.map 304 [05/Dec/2024:09:47:38 +0000] - 137.573 ms localhost
GET /@fs/C:/Users/USER/Desktop/BroCampTasks/Angular_Project/frontend/.angular/cache/18.2.11/frontend/vite/deps/@angular_router.js.map 304 [05/Dec/2024:09:47:38 +0000] - 149.755 ms localhost
GET /@fs/C:/Users/USER/Desktop/BroCampTasks/Angular_Project/frontend/.angular/cache/18.2.11/frontend/vite/deps/@angular_common_http.js.map 304 [05/Dec/2024:09:47:38 +0000] - 150.059 ms localhost
GET /@fs/C:/Users/USER/Desktop/BroCampTasks/Angular_Project/frontend/.angular/cache/18.2.11/frontend/vite/deps/rxjs.js.map 304 [05/Dec/2024:09:47:38 +0000] - 149.788 ms localhost
GET /@fs/C:/Users/USER/Desktop/BroCampTasks/Angular_Project/frontend/.angular/cache/18.2.11/frontend/vite/deps/@angular_forms.js.map 304 [05/Dec/2024:09:47:38 +0000] - 160.022 ms localhost
GET /login.component.css.map 200 [05/Dec/2024:09:47:38 +0000] - 27.889 ms localhost
GET /favicon.ico 304 [05/Dec/2024:09:47:38 +0000] - 5.141 ms localhost
POST /user/login 200 [05/Dec/2024:09:47:47 +0000] - 166.880 ms localhost
GET /verifyEmail 200 [05/Dec/2024:09:48:08 +0000] - 10.191 ms localhost
GET / - [05/Dec/2024:09:48:08 +0000] - - ms localhost
GET /@vite/client 304 [05/Dec/2024:09:48:08 +0000] - 16.267 ms localhost
GET /styles.css 200 [05/Dec/2024:09:48:08 +0000] - 12.986 ms localhost
GET /polyfills.js 304 [05/Dec/2024:09:48:08 +0000] - 13.740 ms localhost
GET /main.js 200 [05/Dec/2024:09:48:08 +0000] - 12.530 ms localhost
GET /styles.css.map 200 [05/Dec/2024:09:48:09 +0000] - 11.618 ms localhost
GET /@fs/C:/Users/USER/Desktop/BroCampTasks/Angular_Project/frontend/node_modules/vite/dist/client/env.mjs 304 [05/Dec/2024:09:48:09 +0000] - 3.545 ms localhost
GET /@fs/C:/Users/USER/Desktop/BroCampTasks/Angular_Project/frontend/.angular/cache/18.2.11/frontend/vite/deps/@angular_platform-browser.js.map 304 [05/Dec/2024:09:48:09 +0000] - 4.593 ms localhost
GET /@fs/C:/Users/USER/Desktop/BroCampTasks/Angular_Project/frontend/.angular/cache/18.2.11/frontend/vite/deps/chunk-HUQWV54Z.js.map 304 [05/Dec/2024:09:48:09 +0000] - 24.984 ms localhost
GET /@fs/C:/Users/USER/Desktop/BroCampTasks/Angular_Project/frontend/.angular/cache/18.2.11/frontend/vite/deps/chunk-OFHBKTFM.js.map 304 [05/Dec/2024:09:48:09 +0000] - 26.034 ms localhost
GET /@fs/C:/Users/USER/Desktop/BroCampTasks/Angular_Project/frontend/.angular/cache/18.2.11/frontend/vite/deps/chunk-56V4FXH3.js.map 304 [05/Dec/2024:09:48:09 +0000] - 30.357 ms localhost
GET /@fs/C:/Users/USER/Desktop/BroCampTasks/Angular_Project/frontend/.angular/cache/18.2.11/frontend/vite/deps/chunk-PF6LNL77.js.map 304 [05/Dec/2024:09:48:09 +0000] - 35.053 ms localhost
GET /@fs/C:/Users/USER/Desktop/BroCampTasks/Angular_Project/frontend/.angular/cache/18.2.11/frontend/vite/deps/chunk-FDUYSLZ7.js.map 304 [05/Dec/2024:09:48:09 +0000] - 105.569 ms localhost
GET /@fs/C:/Users/USER/Desktop/BroCampTasks/Angular_Project/frontend/.angular/cache/18.2.11/frontend/vite/deps/@angular_core.js.map 304 [05/Dec/2024:09:48:09 +0000] - 75.367 ms localhost
GET /@fs/C:/Users/USER/Desktop/BroCampTasks/Angular_Project/frontend/.angular/cache/18.2.11/frontend/vite/deps/@angular_router.js.map 304 [05/Dec/2024:09:48:09 +0000] - 40.274 ms localhost
GET /@fs/C:/Users/USER/Desktop/BroCampTasks/Angular_Project/frontend/.angular/cache/18.2.11/frontend/vite/deps/@angular_common_http.js.map 304 [05/Dec/2024:09:48:09 +0000] - 40.461 ms localhost
GET /@fs/C:/Users/USER/Desktop/BroCampTasks/Angular_Project/frontend/.angular/cache/18.2.11/frontend/vite/deps/rxjs.js.map 304 [05/Dec/2024:09:48:09 +0000] - 40.254 ms localhost
GET /@fs/C:/Users/USER/Desktop/BroCampTasks/Angular_Project/frontend/.angular/cache/18.2.11/frontend/vite/deps/@angular_forms.js.map 304 [05/Dec/2024:09:48:09 +0000] - 44.996 ms localhost
GET /favicon.ico 304 [05/Dec/2024:09:48:09 +0000] - 6.004 ms localhost
GET /login.component.css.map 200 [05/Dec/2024:09:48:10 +0000] - 3.652 ms localhost
GET /login 200 [05/Dec/2024:09:48:11 +0000] - 6.035 ms localhost
GET / - [05/Dec/2024:09:48:11 +0000] - - ms localhost
GET /@vite/client 304 [05/Dec/2024:09:48:11 +0000] - 6.441 ms localhost
GET /styles.css 200 [05/Dec/2024:09:48:11 +0000] - 7.225 ms localhost
GET /polyfills.js 304 [05/Dec/2024:09:48:11 +0000] - 8.443 ms localhost
GET /main.js 304 [05/Dec/2024:09:48:11 +0000] - 7.869 ms localhost
GET /styles.css.map 200 [05/Dec/2024:09:48:11 +0000] - 3.985 ms localhost
GET /@fs/C:/Users/USER/Desktop/BroCampTasks/Angular_Project/frontend/node_modules/vite/dist/client/env.mjs 304 [05/Dec/2024:09:48:11 +0000] - 3.192 ms localhost
GET /@fs/C:/Users/USER/Desktop/BroCampTasks/Angular_Project/frontend/.angular/cache/18.2.11/frontend/vite/deps/@angular_platform-browser.js.map 304 [05/Dec/2024:09:48:11 +0000] - 5.413 ms localhost
GET /@fs/C:/Users/USER/Desktop/BroCampTasks/Angular_Project/frontend/.angular/cache/18.2.11/frontend/vite/deps/chunk-HUQWV54Z.js.map 304 [05/Dec/2024:09:48:11 +0000] - 10.789 ms localhost
GET /@fs/C:/Users/USER/Desktop/BroCampTasks/Angular_Project/frontend/.angular/cache/18.2.11/frontend/vite/deps/chunk-OFHBKTFM.js.map 304 [05/Dec/2024:09:48:11 +0000] - 7.609 ms localhost
GET /@fs/C:/Users/USER/Desktop/BroCampTasks/Angular_Project/frontend/.angular/cache/18.2.11/frontend/vite/deps/chunk-56V4FXH3.js.map 304 [05/Dec/2024:09:48:11 +0000] - 18.443 ms localhost
GET /@fs/C:/Users/USER/Desktop/BroCampTasks/Angular_Project/frontend/.angular/cache/18.2.11/frontend/vite/deps/chunk-PF6LNL77.js.map 304 [05/Dec/2024:09:48:11 +0000] - 32.287 ms localhost
GET /@fs/C:/Users/USER/Desktop/BroCampTasks/Angular_Project/frontend/.angular/cache/18.2.11/frontend/vite/deps/@angular_core.js.map 304 [05/Dec/2024:09:48:11 +0000] - 32.225 ms localhost
GET /@fs/C:/Users/USER/Desktop/BroCampTasks/Angular_Project/frontend/.angular/cache/18.2.11/frontend/vite/deps/@angular_router.js.map 304 [05/Dec/2024:09:48:11 +0000] - 37.972 ms localhost
GET /login.component.css.map 200 [05/Dec/2024:09:48:11 +0000] - 15.378 ms localhost
GET /@fs/C:/Users/USER/Desktop/BroCampTasks/Angular_Project/frontend/.angular/cache/18.2.11/frontend/vite/deps/@angular_common_http.js.map 304 [05/Dec/2024:09:48:11 +0000] - 68.930 ms localhost
GET /@fs/C:/Users/USER/Desktop/BroCampTasks/Angular_Project/frontend/.angular/cache/18.2.11/frontend/vite/deps/chunk-FDUYSLZ7.js.map 304 [05/Dec/2024:09:48:11 +0000] - 125.472 ms localhost
GET /@fs/C:/Users/USER/Desktop/BroCampTasks/Angular_Project/frontend/.angular/cache/18.2.11/frontend/vite/deps/rxjs.js.map 304 [05/Dec/2024:09:48:11 +0000] - 102.691 ms localhost
GET /@fs/C:/Users/USER/Desktop/BroCampTasks/Angular_Project/frontend/.angular/cache/18.2.11/frontend/vite/deps/@angular_forms.js.map 304 [05/Dec/2024:09:48:11 +0000] - 93.669 ms localhost
GET /favicon.ico 304 [05/Dec/2024:09:48:12 +0000] - 3.618 ms localhost
POST /user/login 200 [05/Dec/2024:09:48:23 +0000] - 138.020 ms localhost
GET /dashboard.component.css.map 200 [05/Dec/2024:09:48:23 +0000] - 7.563 ms localhost
GET /layout.component.css.map 200 [05/Dec/2024:09:48:23 +0000] - 7.895 ms localhost
GET /user/logout 304 [05/Dec/2024:09:49:22 +0000] - 15.851 ms localhost
GET /login.component.css.map 200 [05/Dec/2024:09:49:22 +0000] - 4.943 ms localhost
GET /login 200 [05/Dec/2024:09:49:26 +0000] - 9.074 ms localhost
GET / - [05/Dec/2024:09:49:26 +0000] - - ms localhost
GET /@vite/client 304 [05/Dec/2024:09:49:26 +0000] - 3.152 ms localhost
GET /styles.css 200 [05/Dec/2024:09:49:26 +0000] - 6.012 ms localhost
GET /polyfills.js 304 [05/Dec/2024:09:49:26 +0000] - 4.720 ms localhost
GET /main.js 200 [05/Dec/2024:09:49:26 +0000] - 7.031 ms localhost
GET /@fs/C:/Users/USER/Desktop/BroCampTasks/Angular_Project/frontend/node_modules/vite/dist/client/env.mjs 304 [05/Dec/2024:09:49:26 +0000] - 9.040 ms localhost
GET /styles.css.map 200 [05/Dec/2024:09:49:26 +0000] - 3.905 ms localhost
GET /@fs/C:/Users/USER/Desktop/BroCampTasks/Angular_Project/frontend/.angular/cache/18.2.11/frontend/vite/deps/@angular_platform-browser.js.map 304 [05/Dec/2024:09:49:26 +0000] - 7.788 ms localhost
GET /@fs/C:/Users/USER/Desktop/BroCampTasks/Angular_Project/frontend/.angular/cache/18.2.11/frontend/vite/deps/chunk-HUQWV54Z.js.map 304 [05/Dec/2024:09:49:26 +0000] - 8.513 ms localhost
GET /@fs/C:/Users/USER/Desktop/BroCampTasks/Angular_Project/frontend/.angular/cache/18.2.11/frontend/vite/deps/chunk-OFHBKTFM.js.map 304 [05/Dec/2024:09:49:26 +0000] - 9.004 ms localhost
GET /@fs/C:/Users/USER/Desktop/BroCampTasks/Angular_Project/frontend/.angular/cache/18.2.11/frontend/vite/deps/chunk-56V4FXH3.js.map 304 [05/Dec/2024:09:49:26 +0000] - 16.993 ms localhost
GET /@fs/C:/Users/USER/Desktop/BroCampTasks/Angular_Project/frontend/.angular/cache/18.2.11/frontend/vite/deps/chunk-PF6LNL77.js.map 304 [05/Dec/2024:09:49:26 +0000] - 23.876 ms localhost
GET /@fs/C:/Users/USER/Desktop/BroCampTasks/Angular_Project/frontend/.angular/cache/18.2.11/frontend/vite/deps/chunk-FDUYSLZ7.js.map 304 [05/Dec/2024:09:49:26 +0000] - 165.684 ms localhost
GET /@fs/C:/Users/USER/Desktop/BroCampTasks/Angular_Project/frontend/.angular/cache/18.2.11/frontend/vite/deps/@angular_core.js.map 304 [05/Dec/2024:09:49:26 +0000] - 156.284 ms localhost
GET /@fs/C:/Users/USER/Desktop/BroCampTasks/Angular_Project/frontend/.angular/cache/18.2.11/frontend/vite/deps/@angular_router.js.map 304 [05/Dec/2024:09:49:26 +0000] - 165.096 ms localhost
GET /@fs/C:/Users/USER/Desktop/BroCampTasks/Angular_Project/frontend/.angular/cache/18.2.11/frontend/vite/deps/@angular_common_http.js.map 304 [05/Dec/2024:09:49:26 +0000] - 158.438 ms localhost
GET /@fs/C:/Users/USER/Desktop/BroCampTasks/Angular_Project/frontend/.angular/cache/18.2.11/frontend/vite/deps/rxjs.js.map 304 [05/Dec/2024:09:49:26 +0000] - 158.437 ms localhost
GET /login.component.css.map 200 [05/Dec/2024:09:49:26 +0000] - 20.261 ms localhost
GET /@fs/C:/Users/USER/Desktop/BroCampTasks/Angular_Project/frontend/.angular/cache/18.2.11/frontend/vite/deps/@angular_forms.js.map 304 [05/Dec/2024:09:49:26 +0000] - 178.571 ms localhost
GET /favicon.ico 304 [05/Dec/2024:09:49:27 +0000] - 4.434 ms localhost
POST /user/login 200 [05/Dec/2024:09:49:33 +0000] - 145.755 ms localhost
GET /login.component.css.map 200 [05/Dec/2024:09:50:18 +0000] - 5.354 ms localhost
POST /user/login 200 [05/Dec/2024:09:50:30 +0000] - 127.938 ms localhost
GET / - [05/Dec/2024:09:53:26 +0000] - - ms localhost
GET /verifyEmail 200 [05/Dec/2024:09:56:02 +0000] - 11.119 ms localhost
GET /@vite/client 304 [05/Dec/2024:09:56:02 +0000] - 4.965 ms localhost
GET /styles.css 200 [05/Dec/2024:09:56:02 +0000] - 2.967 ms localhost
GET /polyfills.js 304 [05/Dec/2024:09:56:02 +0000] - 4.962 ms localhost
GET /main.js 200 [05/Dec/2024:09:56:03 +0000] - 5.310 ms localhost
GET /@fs/C:/Users/USER/Desktop/BroCampTasks/Angular_Project/frontend/node_modules/vite/dist/client/env.mjs 304 [05/Dec/2024:09:56:03 +0000] - 2.475 ms localhost
GET /styles.css.map 200 [05/Dec/2024:09:56:03 +0000] - 3.261 ms localhost
GET /@fs/C:/Users/USER/Desktop/BroCampTasks/Angular_Project/frontend/.angular/cache/18.2.11/frontend/vite/deps/@angular_platform-browser.js.map 304 [05/Dec/2024:09:56:03 +0000] - 18.458 ms localhost
GET /@fs/C:/Users/USER/Desktop/BroCampTasks/Angular_Project/frontend/.angular/cache/18.2.11/frontend/vite/deps/chunk-HUQWV54Z.js.map 304 [05/Dec/2024:09:56:03 +0000] - 27.594 ms localhost
GET /@fs/C:/Users/USER/Desktop/BroCampTasks/Angular_Project/frontend/.angular/cache/18.2.11/frontend/vite/deps/chunk-OFHBKTFM.js.map 304 [05/Dec/2024:09:56:03 +0000] - 17.821 ms localhost
GET /@fs/C:/Users/USER/Desktop/BroCampTasks/Angular_Project/frontend/.angular/cache/18.2.11/frontend/vite/deps/chunk-PF6LNL77.js.map 304 [05/Dec/2024:09:56:03 +0000] - 25.833 ms localhost
GET /@fs/C:/Users/USER/Desktop/BroCampTasks/Angular_Project/frontend/.angular/cache/18.2.11/frontend/vite/deps/chunk-56V4FXH3.js.map 304 [05/Dec/2024:09:56:03 +0000] - 37.944 ms localhost
GET /@fs/C:/Users/USER/Desktop/BroCampTasks/Angular_Project/frontend/.angular/cache/18.2.11/frontend/vite/deps/@angular_core.js.map 304 [05/Dec/2024:09:56:03 +0000] - 52.072 ms localhost
GET /@fs/C:/Users/USER/Desktop/BroCampTasks/Angular_Project/frontend/.angular/cache/18.2.11/frontend/vite/deps/@angular_router.js.map 304 [05/Dec/2024:09:56:03 +0000] - 45.597 ms localhost
GET /@fs/C:/Users/USER/Desktop/BroCampTasks/Angular_Project/frontend/.angular/cache/18.2.11/frontend/vite/deps/@angular_common_http.js.map 304 [05/Dec/2024:09:56:03 +0000] - 55.804 ms localhost
GET /@fs/C:/Users/USER/Desktop/BroCampTasks/Angular_Project/frontend/.angular/cache/18.2.11/frontend/vite/deps/rxjs.js.map 304 [05/Dec/2024:09:56:03 +0000] - 43.161 ms localhost
GET /@fs/C:/Users/USER/Desktop/BroCampTasks/Angular_Project/frontend/.angular/cache/18.2.11/frontend/vite/deps/chunk-FDUYSLZ7.js.map 304 [05/Dec/2024:09:56:03 +0000] - 111.393 ms localhost
GET /@fs/C:/Users/USER/Desktop/BroCampTasks/Angular_Project/frontend/.angular/cache/18.2.11/frontend/vite/deps/@angular_forms.js.map 304 [05/Dec/2024:09:56:03 +0000] - 80.504 ms localhost
GET /favicon.ico 304 [05/Dec/2024:09:56:04 +0000] - 4.299 ms localhost
GET /login.component.css.map 200 [05/Dec/2024:09:56:25 +0000] - 5.775 ms localhost
GET /login 200 [05/Dec/2024:09:56:26 +0000] - 6.018 ms localhost
GET / - [05/Dec/2024:09:56:26 +0000] - - ms localhost
GET /@vite/client 304 [05/Dec/2024:09:56:26 +0000] - 8.590 ms localhost
GET /polyfills.js 304 [05/Dec/2024:09:56:26 +0000] - 7.749 ms localhost
GET /styles.css 200 [05/Dec/2024:09:56:26 +0000] - 7.629 ms localhost
GET /main.js 304 [05/Dec/2024:09:56:26 +0000] - 7.800 ms localhost
GET /styles.css.map 200 [05/Dec/2024:09:56:26 +0000] - 3.756 ms localhost
GET /@fs/C:/Users/USER/Desktop/BroCampTasks/Angular_Project/frontend/node_modules/vite/dist/client/env.mjs 304 [05/Dec/2024:09:56:26 +0000] - 4.158 ms localhost
GET /@fs/C:/Users/USER/Desktop/BroCampTasks/Angular_Project/frontend/.angular/cache/18.2.11/frontend/vite/deps/chunk-HUQWV54Z.js.map 304 [05/Dec/2024:09:56:26 +0000] - 30.342 ms localhost
GET /@fs/C:/Users/USER/Desktop/BroCampTasks/Angular_Project/frontend/.angular/cache/18.2.11/frontend/vite/deps/chunk-OFHBKTFM.js.map 304 [05/Dec/2024:09:56:26 +0000] - 33.860 ms localhost
GET /@fs/C:/Users/USER/Desktop/BroCampTasks/Angular_Project/frontend/.angular/cache/18.2.11/frontend/vite/deps/chunk-56V4FXH3.js.map 304 [05/Dec/2024:09:56:26 +0000] - 38.629 ms localhost
GET /@fs/C:/Users/USER/Desktop/BroCampTasks/Angular_Project/frontend/.angular/cache/18.2.11/frontend/vite/deps/chunk-PF6LNL77.js.map 304 [05/Dec/2024:09:56:26 +0000] - 43.839 ms localhost
GET /@fs/C:/Users/USER/Desktop/BroCampTasks/Angular_Project/frontend/.angular/cache/18.2.11/frontend/vite/deps/chunk-FDUYSLZ7.js.map 304 [05/Dec/2024:09:56:26 +0000] - 167.844 ms localhost
GET /@fs/C:/Users/USER/Desktop/BroCampTasks/Angular_Project/frontend/.angular/cache/18.2.11/frontend/vite/deps/@angular_platform-browser.js.map 304 [05/Dec/2024:09:56:26 +0000] - 247.439 ms localhost
GET /@fs/C:/Users/USER/Desktop/BroCampTasks/Angular_Project/frontend/.angular/cache/18.2.11/frontend/vite/deps/@angular_core.js.map 304 [05/Dec/2024:09:56:26 +0000] - 138.838 ms localhost
GET /@fs/C:/Users/USER/Desktop/BroCampTasks/Angular_Project/frontend/.angular/cache/18.2.11/frontend/vite/deps/@angular_router.js.map 304 [05/Dec/2024:09:56:26 +0000] - 144.110 ms localhost
GET /@fs/C:/Users/USER/Desktop/BroCampTasks/Angular_Project/frontend/.angular/cache/18.2.11/frontend/vite/deps/rxjs.js.map 304 [05/Dec/2024:09:56:26 +0000] - 144.058 ms localhost
GET /@fs/C:/Users/USER/Desktop/BroCampTasks/Angular_Project/frontend/.angular/cache/18.2.11/frontend/vite/deps/@angular_common_http.js.map 304 [05/Dec/2024:09:56:26 +0000] - 145.701 ms localhost
GET /@fs/C:/Users/USER/Desktop/BroCampTasks/Angular_Project/frontend/.angular/cache/18.2.11/frontend/vite/deps/@angular_forms.js.map 304 [05/Dec/2024:09:56:26 +0000] - 45.130 ms localhost
GET /login.component.css.map 200 [05/Dec/2024:09:56:26 +0000] - 15.412 ms localhost
GET /favicon.ico 304 [05/Dec/2024:09:56:27 +0000] - 11.072 ms localhost
POST /user/login 200 [05/Dec/2024:09:56:36 +0000] - 150.163 ms localhost
GET /login 200 [05/Dec/2024:09:57:16 +0000] - 8.044 ms localhost
GET / - [05/Dec/2024:09:57:16 +0000] - - ms localhost
GET /@vite/client 304 [05/Dec/2024:09:57:16 +0000] - 5.775 ms localhost
GET /styles.css 200 [05/Dec/2024:09:57:16 +0000] - 6.119 ms localhost
GET /polyfills.js 304 [05/Dec/2024:09:57:16 +0000] - 7.227 ms localhost
GET /main.js 200 [05/Dec/2024:09:57:16 +0000] - 7.661 ms localhost
GET /styles.css.map 200 [05/Dec/2024:09:57:16 +0000] - 2.879 ms localhost
GET /@fs/C:/Users/USER/Desktop/BroCampTasks/Angular_Project/frontend/node_modules/vite/dist/client/env.mjs 304 [05/Dec/2024:09:57:16 +0000] - 3.657 ms localhost
GET /@fs/C:/Users/USER/Desktop/BroCampTasks/Angular_Project/frontend/.angular/cache/18.2.11/frontend/vite/deps/@angular_platform-browser.js.map 304 [05/Dec/2024:09:57:16 +0000] - 35.134 ms localhost
GET /@fs/C:/Users/USER/Desktop/BroCampTasks/Angular_Project/frontend/.angular/cache/18.2.11/frontend/vite/deps/chunk-HUQWV54Z.js.map 304 [05/Dec/2024:09:57:16 +0000] - 8.037 ms localhost
GET /@fs/C:/Users/USER/Desktop/BroCampTasks/Angular_Project/frontend/.angular/cache/18.2.11/frontend/vite/deps/chunk-OFHBKTFM.js.map 304 [05/Dec/2024:09:57:16 +0000] - 18.930 ms localhost
GET /@fs/C:/Users/USER/Desktop/BroCampTasks/Angular_Project/frontend/.angular/cache/18.2.11/frontend/vite/deps/chunk-56V4FXH3.js.map 304 [05/Dec/2024:09:57:16 +0000] - 30.043 ms localhost
GET /@fs/C:/Users/USER/Desktop/BroCampTasks/Angular_Project/frontend/.angular/cache/18.2.11/frontend/vite/deps/chunk-PF6LNL77.js.map 304 [05/Dec/2024:09:57:16 +0000] - 31.924 ms localhost
GET /@fs/C:/Users/USER/Desktop/BroCampTasks/Angular_Project/frontend/.angular/cache/18.2.11/frontend/vite/deps/@angular_core.js.map 304 [05/Dec/2024:09:57:16 +0000] - 33.291 ms localhost
GET /@fs/C:/Users/USER/Desktop/BroCampTasks/Angular_Project/frontend/.angular/cache/18.2.11/frontend/vite/deps/@angular_router.js.map 304 [05/Dec/2024:09:57:16 +0000] - 42.700 ms localhost
GET /login.component.css.map 200 [05/Dec/2024:09:57:16 +0000] - 9.672 ms localhost
GET /@fs/C:/Users/USER/Desktop/BroCampTasks/Angular_Project/frontend/.angular/cache/18.2.11/frontend/vite/deps/chunk-FDUYSLZ7.js.map 304 [05/Dec/2024:09:57:16 +0000] - 162.139 ms localhost
GET /@fs/C:/Users/USER/Desktop/BroCampTasks/Angular_Project/frontend/.angular/cache/18.2.11/frontend/vite/deps/@angular_common_http.js.map 304 [05/Dec/2024:09:57:16 +0000] - 138.903 ms localhost
GET /favicon.ico 304 [05/Dec/2024:09:57:16 +0000] - 13.287 ms localhost
GET /@fs/C:/Users/USER/Desktop/BroCampTasks/Angular_Project/frontend/.angular/cache/18.2.11/frontend/vite/deps/rxjs.js.map 304 [05/Dec/2024:09:57:16 +0000] - 135.582 ms localhost
GET /@fs/C:/Users/USER/Desktop/BroCampTasks/Angular_Project/frontend/.angular/cache/18.2.11/frontend/vite/deps/@angular_forms.js.map 304 [05/Dec/2024:09:57:16 +0000] - 145.696 ms localhost
POST /user/login 200 [05/Dec/2024:09:57:24 +0000] - 136.692 ms localhost
POST /user/login 200 [05/Dec/2024:09:58:34 +0000] - 129.119 ms localhost
GET /login 200 [05/Dec/2024:09:58:41 +0000] - 10.589 ms localhost
GET / - [05/Dec/2024:09:58:41 +0000] - - ms localhost
GET /@vite/client 304 [05/Dec/2024:09:58:41 +0000] - 4.854 ms localhost
GET /styles.css 200 [05/Dec/2024:09:58:41 +0000] - 3.242 ms localhost
GET /polyfills.js 304 [05/Dec/2024:09:58:41 +0000] - 4.192 ms localhost
GET /main.js 200 [05/Dec/2024:09:58:41 +0000] - 6.342 ms localhost
GET /styles.css.map 200 [05/Dec/2024:09:58:41 +0000] - 4.498 ms localhost
GET /@fs/C:/Users/USER/Desktop/BroCampTasks/Angular_Project/frontend/node_modules/vite/dist/client/env.mjs 304 [05/Dec/2024:09:58:41 +0000] - 3.410 ms localhost
GET /@fs/C:/Users/USER/Desktop/BroCampTasks/Angular_Project/frontend/.angular/cache/18.2.11/frontend/vite/deps/@angular_platform-browser.js.map 304 [05/Dec/2024:09:58:41 +0000] - 21.939 ms localhost
GET /@fs/C:/Users/USER/Desktop/BroCampTasks/Angular_Project/frontend/.angular/cache/18.2.11/frontend/vite/deps/chunk-HUQWV54Z.js.map 304 [05/Dec/2024:09:58:41 +0000] - 23.315 ms localhost
GET /@fs/C:/Users/USER/Desktop/BroCampTasks/Angular_Project/frontend/.angular/cache/18.2.11/frontend/vite/deps/chunk-OFHBKTFM.js.map 304 [05/Dec/2024:09:58:41 +0000] - 25.350 ms localhost
GET /@fs/C:/Users/USER/Desktop/BroCampTasks/Angular_Project/frontend/.angular/cache/18.2.11/frontend/vite/deps/chunk-56V4FXH3.js.map 304 [05/Dec/2024:09:58:41 +0000] - 31.172 ms localhost
GET /@fs/C:/Users/USER/Desktop/BroCampTasks/Angular_Project/frontend/.angular/cache/18.2.11/frontend/vite/deps/chunk-PF6LNL77.js.map 304 [05/Dec/2024:09:58:41 +0000] - 35.719 ms localhost
GET /@fs/C:/Users/USER/Desktop/BroCampTasks/Angular_Project/frontend/.angular/cache/18.2.11/frontend/vite/deps/@angular_core.js.map 304 [05/Dec/2024:09:58:41 +0000] - 29.550 ms localhost
GET /@fs/C:/Users/USER/Desktop/BroCampTasks/Angular_Project/frontend/.angular/cache/18.2.11/frontend/vite/deps/chunk-FDUYSLZ7.js.map 304 [05/Dec/2024:09:58:41 +0000] - 182.351 ms localhost
GET /@fs/C:/Users/USER/Desktop/BroCampTasks/Angular_Project/frontend/.angular/cache/18.2.11/frontend/vite/deps/@angular_common_http.js.map 304 [05/Dec/2024:09:58:41 +0000] - 159.428 ms localhost
GET /@fs/C:/Users/USER/Desktop/BroCampTasks/Angular_Project/frontend/.angular/cache/18.2.11/frontend/vite/deps/@angular_router.js.map 304 [05/Dec/2024:09:58:41 +0000] - 178.882 ms localhost
GET /login.component.css.map 200 [05/Dec/2024:09:58:41 +0000] - 17.392 ms localhost
GET /@fs/C:/Users/USER/Desktop/BroCampTasks/Angular_Project/frontend/.angular/cache/18.2.11/frontend/vite/deps/rxjs.js.map 304 [05/Dec/2024:09:58:41 +0000] - 176.655 ms localhost
GET /@fs/C:/Users/USER/Desktop/BroCampTasks/Angular_Project/frontend/.angular/cache/18.2.11/frontend/vite/deps/@angular_forms.js.map 304 [05/Dec/2024:09:58:41 +0000] - 176.366 ms localhost
GET /favicon.ico 304 [05/Dec/2024:09:58:42 +0000] - 4.119 ms localhost
POST /user/login 200 [05/Dec/2024:09:58:46 +0000] - 121.896 ms localhost
GET /login 200 [05/Dec/2024:09:59:22 +0000] - 6.800 ms localhost
GET / - [05/Dec/2024:09:59:22 +0000] - - ms localhost
GET /@vite/client 304 [05/Dec/2024:09:59:22 +0000] - 9.737 ms localhost
GET /styles.css 200 [05/Dec/2024:09:59:22 +0000] - 9.640 ms localhost
GET /polyfills.js 304 [05/Dec/2024:09:59:22 +0000] - 11.354 ms localhost
GET /main.js 200 [05/Dec/2024:09:59:22 +0000] - 13.734 ms localhost
GET /styles.css.map 200 [05/Dec/2024:09:59:22 +0000] - 3.874 ms localhost
GET /@fs/C:/Users/USER/Desktop/BroCampTasks/Angular_Project/frontend/node_modules/vite/dist/client/env.mjs 304 [05/Dec/2024:09:59:22 +0000] - 4.860 ms localhost
GET /@fs/C:/Users/USER/Desktop/BroCampTasks/Angular_Project/frontend/.angular/cache/18.2.11/frontend/vite/deps/@angular_platform-browser.js.map 304 [05/Dec/2024:09:59:22 +0000] - 14.670 ms localhost
GET /@fs/C:/Users/USER/Desktop/BroCampTasks/Angular_Project/frontend/.angular/cache/18.2.11/frontend/vite/deps/chunk-HUQWV54Z.js.map 304 [05/Dec/2024:09:59:22 +0000] - 16.947 ms localhost
GET /@fs/C:/Users/USER/Desktop/BroCampTasks/Angular_Project/frontend/.angular/cache/18.2.11/frontend/vite/deps/chunk-OFHBKTFM.js.map 304 [05/Dec/2024:09:59:22 +0000] - 7.955 ms localhost
GET /@fs/C:/Users/USER/Desktop/BroCampTasks/Angular_Project/frontend/.angular/cache/18.2.11/frontend/vite/deps/chunk-56V4FXH3.js.map 304 [05/Dec/2024:09:59:22 +0000] - 30.833 ms localhost
GET /@fs/C:/Users/USER/Desktop/BroCampTasks/Angular_Project/frontend/.angular/cache/18.2.11/frontend/vite/deps/chunk-PF6LNL77.js.map 304 [05/Dec/2024:09:59:22 +0000] - 36.083 ms localhost
GET /@fs/C:/Users/USER/Desktop/BroCampTasks/Angular_Project/frontend/.angular/cache/18.2.11/frontend/vite/deps/@angular_core.js.map 304 [05/Dec/2024:09:59:22 +0000] - 36.749 ms localhost
GET /@fs/C:/Users/USER/Desktop/BroCampTasks/Angular_Project/frontend/.angular/cache/18.2.11/frontend/vite/deps/@angular_router.js.map 304 [05/Dec/2024:09:59:22 +0000] - 41.588 ms localhost
GET /@fs/C:/Users/USER/Desktop/BroCampTasks/Angular_Project/frontend/.angular/cache/18.2.11/frontend/vite/deps/@angular_common_http.js.map 304 [05/Dec/2024:09:59:22 +0000] - 41.469 ms localhost
GET /login.component.css.map 200 [05/Dec/2024:09:59:22 +0000] - 31.749 ms localhost
GET /@fs/C:/Users/USER/Desktop/BroCampTasks/Angular_Project/frontend/.angular/cache/18.2.11/frontend/vite/deps/chunk-FDUYSLZ7.js.map 304 [05/Dec/2024:09:59:22 +0000] - 193.740 ms localhost
GET /@fs/C:/Users/USER/Desktop/BroCampTasks/Angular_Project/frontend/.angular/cache/18.2.11/frontend/vite/deps/rxjs.js.map 304 [05/Dec/2024:09:59:22 +0000] - 92.614 ms localhost
GET /@fs/C:/Users/USER/Desktop/BroCampTasks/Angular_Project/frontend/.angular/cache/18.2.11/frontend/vite/deps/@angular_forms.js.map 304 [05/Dec/2024:09:59:23 +0000] - 140.547 ms localhost
GET /favicon.ico 304 [05/Dec/2024:09:59:23 +0000] - 15.971 ms localhost
POST /user/login 200 [05/Dec/2024:09:59:29 +0000] - 182.359 ms localhost
GET /login.component.css.map 200 [05/Dec/2024:10:01:50 +0000] - 5.108 ms localhost
GET /login 200 [05/Dec/2024:10:01:51 +0000] - 7.456 ms localhost
GET / - [05/Dec/2024:10:01:51 +0000] - - ms localhost
GET /@vite/client 304 [05/Dec/2024:10:01:51 +0000] - 3.572 ms localhost
GET /styles.css 200 [05/Dec/2024:10:01:51 +0000] - 4.839 ms localhost
GET /polyfills.js 304 [05/Dec/2024:10:01:51 +0000] - 5.636 ms localhost
GET /main.js 200 [05/Dec/2024:10:01:51 +0000] - 4.836 ms localhost
GET /@fs/C:/Users/USER/Desktop/BroCampTasks/Angular_Project/frontend/node_modules/vite/dist/client/env.mjs 304 [05/Dec/2024:10:01:51 +0000] - 3.958 ms localhost
GET /styles.css.map 200 [05/Dec/2024:10:01:52 +0000] - 4.502 ms localhost
GET /@fs/C:/Users/USER/Desktop/BroCampTasks/Angular_Project/frontend/.angular/cache/18.2.11/frontend/vite/deps/chunk-HUQWV54Z.js.map 304 [05/Dec/2024:10:01:52 +0000] - 20.900 ms localhost
GET /@fs/C:/Users/USER/Desktop/BroCampTasks/Angular_Project/frontend/.angular/cache/18.2.11/frontend/vite/deps/chunk-56V4FXH3.js.map 304 [05/Dec/2024:10:01:52 +0000] - 30.463 ms localhost
GET /@fs/C:/Users/USER/Desktop/BroCampTasks/Angular_Project/frontend/.angular/cache/18.2.11/frontend/vite/deps/@angular_platform-browser.js.map 304 [05/Dec/2024:10:01:52 +0000] - 35.270 ms localhost
GET /@fs/C:/Users/USER/Desktop/BroCampTasks/Angular_Project/frontend/.angular/cache/18.2.11/frontend/vite/deps/chunk-PF6LNL77.js.map 304 [05/Dec/2024:10:01:52 +0000] - 37.191 ms localhost
GET /@fs/C:/Users/USER/Desktop/BroCampTasks/Angular_Project/frontend/.angular/cache/18.2.11/frontend/vite/deps/chunk-FDUYSLZ7.js.map 304 [05/Dec/2024:10:01:52 +0000] - 236.115 ms localhost
GET /@fs/C:/Users/USER/Desktop/BroCampTasks/Angular_Project/frontend/.angular/cache/18.2.11/frontend/vite/deps/chunk-OFHBKTFM.js.map 304 [05/Dec/2024:10:01:52 +0000] - 246.592 ms localhost
GET /@fs/C:/Users/USER/Desktop/BroCampTasks/Angular_Project/frontend/.angular/cache/18.2.11/frontend/vite/deps/@angular_core.js.map 304 [05/Dec/2024:10:01:52 +0000] - 92.656 ms localhost
GET /@fs/C:/Users/USER/Desktop/BroCampTasks/Angular_Project/frontend/.angular/cache/18.2.11/frontend/vite/deps/@angular_router.js.map 304 [05/Dec/2024:10:01:52 +0000] - 21.806 ms localhost
GET /@fs/C:/Users/USER/Desktop/BroCampTasks/Angular_Project/frontend/.angular/cache/18.2.11/frontend/vite/deps/@angular_common_http.js.map 304 [05/Dec/2024:10:01:52 +0000] - 22.131 ms localhost
GET /@fs/C:/Users/USER/Desktop/BroCampTasks/Angular_Project/frontend/.angular/cache/18.2.11/frontend/vite/deps/rxjs.js.map 304 [05/Dec/2024:10:01:52 +0000] - 23.007 ms localhost
GET /@fs/C:/Users/USER/Desktop/BroCampTasks/Angular_Project/frontend/.angular/cache/18.2.11/frontend/vite/deps/@angular_forms.js.map 304 [05/Dec/2024:10:01:52 +0000] - 13.502 ms localhost
GET /login.component.css.map 200 [05/Dec/2024:10:01:52 +0000] - 4.838 ms localhost
GET /favicon.ico 304 [05/Dec/2024:10:01:52 +0000] - 12.087 ms localhost
POST /user/login 200 [05/Dec/2024:10:01:59 +0000] - 145.582 ms localhost
GET / - [05/Dec/2024:10:05:51 +0000] - - ms localhost
GET /login 200 [05/Dec/2024:10:09:17 +0000] - 9.454 ms localhost
GET /@vite/client 304 [05/Dec/2024:10:09:17 +0000] - 3.557 ms localhost
GET /styles.css 200 [05/Dec/2024:10:09:17 +0000] - 3.019 ms localhost
GET /polyfills.js 304 [05/Dec/2024:10:09:17 +0000] - 2.710 ms localhost
GET /main.js 200 [05/Dec/2024:10:09:17 +0000] - 5.397 ms localhost
GET /@fs/C:/Users/USER/Desktop/BroCampTasks/Angular_Project/frontend/node_modules/vite/dist/client/env.mjs 304 [05/Dec/2024:10:09:17 +0000] - 2.746 ms localhost
GET /styles.css.map 200 [05/Dec/2024:10:09:18 +0000] - 2.954 ms localhost
GET /@fs/C:/Users/USER/Desktop/BroCampTasks/Angular_Project/frontend/.angular/cache/18.2.11/frontend/vite/deps/chunk-HUQWV54Z.js.map 304 [05/Dec/2024:10:09:18 +0000] - 20.298 ms localhost
GET /@fs/C:/Users/USER/Desktop/BroCampTasks/Angular_Project/frontend/.angular/cache/18.2.11/frontend/vite/deps/@angular_platform-browser.js.map 304 [05/Dec/2024:10:09:18 +0000] - 23.323 ms localhost
GET /@fs/C:/Users/USER/Desktop/BroCampTasks/Angular_Project/frontend/.angular/cache/18.2.11/frontend/vite/deps/chunk-OFHBKTFM.js.map 304 [05/Dec/2024:10:09:18 +0000] - 18.602 ms localhost
GET /@fs/C:/Users/USER/Desktop/BroCampTasks/Angular_Project/frontend/.angular/cache/18.2.11/frontend/vite/deps/chunk-56V4FXH3.js.map 304 [05/Dec/2024:10:09:18 +0000] - 20.366 ms localhost
GET /@fs/C:/Users/USER/Desktop/BroCampTasks/Angular_Project/frontend/.angular/cache/18.2.11/frontend/vite/deps/chunk-PF6LNL77.js.map 304 [05/Dec/2024:10:09:18 +0000] - 47.617 ms localhost
GET /@fs/C:/Users/USER/Desktop/BroCampTasks/Angular_Project/frontend/.angular/cache/18.2.11/frontend/vite/deps/@angular_router.js.map 304 [05/Dec/2024:10:09:18 +0000] - 55.143 ms localhost
GET /@fs/C:/Users/USER/Desktop/BroCampTasks/Angular_Project/frontend/.angular/cache/18.2.11/frontend/vite/deps/@angular_core.js.map 304 [05/Dec/2024:10:09:18 +0000] - 59.032 ms localhost
GET /@fs/C:/Users/USER/Desktop/BroCampTasks/Angular_Project/frontend/.angular/cache/18.2.11/frontend/vite/deps/@angular_common_http.js.map 304 [05/Dec/2024:10:09:18 +0000] - 56.048 ms localhost
GET /@fs/C:/Users/USER/Desktop/BroCampTasks/Angular_Project/frontend/.angular/cache/18.2.11/frontend/vite/deps/chunk-FDUYSLZ7.js.map 304 [05/Dec/2024:10:09:18 +0000] - 100.689 ms localhost
GET /@fs/C:/Users/USER/Desktop/BroCampTasks/Angular_Project/frontend/.angular/cache/18.2.11/frontend/vite/deps/rxjs.js.map 304 [05/Dec/2024:10:09:18 +0000] - 91.704 ms localhost
GET /@fs/C:/Users/USER/Desktop/BroCampTasks/Angular_Project/frontend/.angular/cache/18.2.11/frontend/vite/deps/@angular_forms.js.map 304 [05/Dec/2024:10:09:18 +0000] - 53.725 ms localhost
GET /favicon.ico 304 [05/Dec/2024:10:09:21 +0000] - 6.753 ms localhost
GET /login.component.css.map 200 [05/Dec/2024:10:09:21 +0000] - 4.111 ms localhost
GET /login 200 [05/Dec/2024:10:09:25 +0000] - 10.073 ms localhost
GET / - [05/Dec/2024:10:09:25 +0000] - - ms localhost
GET /@vite/client 304 [05/Dec/2024:10:09:25 +0000] - 2.886 ms localhost
GET /styles.css 200 [05/Dec/2024:10:09:25 +0000] - 6.277 ms localhost
GET /polyfills.js 304 [05/Dec/2024:10:09:25 +0000] - 9.318 ms localhost
GET /main.js 200 [05/Dec/2024:10:09:25 +0000] - 9.396 ms localhost
GET /@fs/C:/Users/USER/Desktop/BroCampTasks/Angular_Project/frontend/node_modules/vite/dist/client/env.mjs 304 [05/Dec/2024:10:09:25 +0000] - 6.599 ms localhost
GET /styles.css.map 200 [05/Dec/2024:10:09:25 +0000] - 2.949 ms localhost
GET /@fs/C:/Users/USER/Desktop/BroCampTasks/Angular_Project/frontend/.angular/cache/18.2.11/frontend/vite/deps/@angular_platform-browser.js.map 304 [05/Dec/2024:10:09:25 +0000] - 25.384 ms localhost
GET /@fs/C:/Users/USER/Desktop/BroCampTasks/Angular_Project/frontend/.angular/cache/18.2.11/frontend/vite/deps/chunk-HUQWV54Z.js.map 304 [05/Dec/2024:10:09:25 +0000] - 29.262 ms localhost
GET /@fs/C:/Users/USER/Desktop/BroCampTasks/Angular_Project/frontend/.angular/cache/18.2.11/frontend/vite/deps/chunk-OFHBKTFM.js.map 304 [05/Dec/2024:10:09:25 +0000] - 32.699 ms localhost
GET /@fs/C:/Users/USER/Desktop/BroCampTasks/Angular_Project/frontend/.angular/cache/18.2.11/frontend/vite/deps/chunk-56V4FXH3.js.map 304 [05/Dec/2024:10:09:25 +0000] - 37.813 ms localhost
GET /@fs/C:/Users/USER/Desktop/BroCampTasks/Angular_Project/frontend/.angular/cache/18.2.11/frontend/vite/deps/chunk-PF6LNL77.js.map 304 [05/Dec/2024:10:09:25 +0000] - 62.394 ms localhost
GET /@fs/C:/Users/USER/Desktop/BroCampTasks/Angular_Project/frontend/.angular/cache/18.2.11/frontend/vite/deps/chunk-FDUYSLZ7.js.map 304 [05/Dec/2024:10:09:25 +0000] - 167.919 ms localhost
GET /@fs/C:/Users/USER/Desktop/BroCampTasks/Angular_Project/frontend/.angular/cache/18.2.11/frontend/vite/deps/@angular_core.js.map 304 [05/Dec/2024:10:09:25 +0000] - 137.411 ms localhost
GET /@fs/C:/Users/USER/Desktop/BroCampTasks/Angular_Project/frontend/.angular/cache/18.2.11/frontend/vite/deps/@angular_common_http.js.map 304 [05/Dec/2024:10:09:25 +0000] - 131.869 ms localhost
GET /@fs/C:/Users/USER/Desktop/BroCampTasks/Angular_Project/frontend/.angular/cache/18.2.11/frontend/vite/deps/@angular_router.js.map 304 [05/Dec/2024:10:09:25 +0000] - 154.830 ms localhost
GET /login.component.css.map 200 [05/Dec/2024:10:09:25 +0000] - 16.847 ms localhost
GET /@fs/C:/Users/USER/Desktop/BroCampTasks/Angular_Project/frontend/.angular/cache/18.2.11/frontend/vite/deps/rxjs.js.map 304 [05/Dec/2024:10:09:25 +0000] - 104.328 ms localhost
GET /@fs/C:/Users/USER/Desktop/BroCampTasks/Angular_Project/frontend/.angular/cache/18.2.11/frontend/vite/deps/@angular_forms.js.map 304 [05/Dec/2024:10:09:25 +0000] - 114.019 ms localhost
GET /favicon.ico 304 [05/Dec/2024:10:09:26 +0000] - 3.475 ms localhost
POST /user/login 200 [05/Dec/2024:10:09:37 +0000] - 119.718 ms localhost
GET / - [05/Dec/2024:10:13:25 +0000] - - ms localhost
GET /login 200 [05/Dec/2024:11:03:31 +0000] - 182.765 ms localhost
GET /@vite/client 304 [05/Dec/2024:11:03:31 +0000] - 6.487 ms localhost
GET /main.js 200 [05/Dec/2024:11:03:31 +0000] - 9.303 ms localhost
GET /polyfills.js 304 [05/Dec/2024:11:03:32 +0000] - 5.740 ms localhost
GET /styles.css 200 [05/Dec/2024:11:03:32 +0000] - 9.764 ms localhost
GET /@fs/C:/Users/USER/Desktop/BroCampTasks/Angular_Project/frontend/node_modules/vite/dist/client/env.mjs 304 [05/Dec/2024:11:03:32 +0000] - 9.910 ms localhost
GET /styles.css.map 200 [05/Dec/2024:11:03:32 +0000] - 3.772 ms localhost
GET /@fs/C:/Users/USER/Desktop/BroCampTasks/Angular_Project/frontend/.angular/cache/18.2.11/frontend/vite/deps/chunk-HUQWV54Z.js.map 304 [05/Dec/2024:11:03:32 +0000] - 222.749 ms localhost
GET /@fs/C:/Users/USER/Desktop/BroCampTasks/Angular_Project/frontend/.angular/cache/18.2.11/frontend/vite/deps/chunk-OFHBKTFM.js.map 304 [05/Dec/2024:11:03:32 +0000] - 225.701 ms localhost
GET /@fs/C:/Users/USER/Desktop/BroCampTasks/Angular_Project/frontend/.angular/cache/18.2.11/frontend/vite/deps/chunk-56V4FXH3.js.map 304 [05/Dec/2024:11:03:32 +0000] - 239.062 ms localhost
GET /@fs/C:/Users/USER/Desktop/BroCampTasks/Angular_Project/frontend/.angular/cache/18.2.11/frontend/vite/deps/@angular_core.js.map 304 [05/Dec/2024:11:03:32 +0000] - 343.534 ms localhost
GET /@fs/C:/Users/USER/Desktop/BroCampTasks/Angular_Project/frontend/.angular/cache/18.2.11/frontend/vite/deps/chunk-PF6LNL77.js.map 304 [05/Dec/2024:11:03:33 +0000] - 872.785 ms localhost
GET /@fs/C:/Users/USER/Desktop/BroCampTasks/Angular_Project/frontend/.angular/cache/18.2.11/frontend/vite/deps/rxjs.js.map 304 [05/Dec/2024:11:03:33 +0000] - 494.870 ms localhost
GET /@fs/C:/Users/USER/Desktop/BroCampTasks/Angular_Project/frontend/.angular/cache/18.2.11/frontend/vite/deps/@angular_common_http.js.map 304 [05/Dec/2024:11:03:33 +0000] - 496.779 ms localhost
GET /@fs/C:/Users/USER/Desktop/BroCampTasks/Angular_Project/frontend/.angular/cache/18.2.11/frontend/vite/deps/@angular_forms.js.map 304 [05/Dec/2024:11:03:33 +0000] - 299.613 ms localhost
GET /@fs/C:/Users/USER/Desktop/BroCampTasks/Angular_Project/frontend/.angular/cache/18.2.11/frontend/vite/deps/chunk-FDUYSLZ7.js.map 304 [05/Dec/2024:11:03:33 +0000] - 973.725 ms localhost
GET /favicon.ico 304 [05/Dec/2024:11:03:33 +0000] - 26.540 ms localhost
GET /login.component.css.map 200 [05/Dec/2024:11:03:33 +0000] - 24.593 ms localhost
GET /@fs/C:/Users/USER/Desktop/BroCampTasks/Angular_Project/frontend/.angular/cache/18.2.11/frontend/vite/deps/@angular_platform-browser.js.map 304 [05/Dec/2024:11:03:33 +0000] - 33.374 ms localhost
GET /@fs/C:/Users/USER/Desktop/BroCampTasks/Angular_Project/frontend/.angular/cache/18.2.11/frontend/vite/deps/@angular_router.js.map 304 [05/Dec/2024:11:03:33 +0000] - 756.584 ms localhost
GET / - [05/Dec/2024:11:07:32 +0000] - - ms localhost
GET /login 200 [05/Dec/2024:12:00:28 +0000] - 230.920 ms localhost
GET /@vite/client 304 [05/Dec/2024:12:00:28 +0000] - 13.973 ms localhost
GET /styles.css 200 [05/Dec/2024:12:00:28 +0000] - 15.681 ms localhost
GET /polyfills.js 304 [05/Dec/2024:12:00:28 +0000] - 21.049 ms localhost
GET /main.js 304 [05/Dec/2024:12:00:28 +0000] - 20.380 ms localhost
GET /@fs/C:/Users/USER/Desktop/BroCampTasks/Angular_Project/frontend/node_modules/vite/dist/client/env.mjs 304 [05/Dec/2024:12:00:28 +0000] - 3.563 ms localhost
GET /styles.css.map 200 [05/Dec/2024:12:00:28 +0000] - 21.360 ms localhost
GET /@fs/C:/Users/USER/Desktop/BroCampTasks/Angular_Project/frontend/.angular/cache/18.2.11/frontend/vite/deps/chunk-HUQWV54Z.js.map 304 [05/Dec/2024:12:00:29 +0000] - 41.036 ms localhost
GET /@fs/C:/Users/USER/Desktop/BroCampTasks/Angular_Project/frontend/.angular/cache/18.2.11/frontend/vite/deps/chunk-PF6LNL77.js.map 304 [05/Dec/2024:12:00:29 +0000] - 69.465 ms localhost
GET /@fs/C:/Users/USER/Desktop/BroCampTasks/Angular_Project/frontend/.angular/cache/18.2.11/frontend/vite/deps/@angular_core.js.map 304 [05/Dec/2024:12:00:29 +0000] - 191.659 ms localhost
GET /@fs/C:/Users/USER/Desktop/BroCampTasks/Angular_Project/frontend/.angular/cache/18.2.11/frontend/vite/deps/@angular_forms.js.map 304 [05/Dec/2024:12:00:29 +0000] - 244.075 ms localhost
GET /@fs/C:/Users/USER/Desktop/BroCampTasks/Angular_Project/frontend/.angular/cache/18.2.11/frontend/vite/deps/@angular_router.js.map 304 [05/Dec/2024:12:00:29 +0000] - 299.928 ms localhost
GET /@fs/C:/Users/USER/Desktop/BroCampTasks/Angular_Project/frontend/.angular/cache/18.2.11/frontend/vite/deps/chunk-FDUYSLZ7.js.map 304 [05/Dec/2024:12:00:29 +0000] - 643.848 ms localhost
GET /@fs/C:/Users/USER/Desktop/BroCampTasks/Angular_Project/frontend/.angular/cache/18.2.11/frontend/vite/deps/@angular_platform-browser.js.map 304 [05/Dec/2024:12:00:29 +0000] - 633.390 ms localhost
GET /login.component.css.map 200 [05/Dec/2024:12:00:29 +0000] - 42.824 ms localhost
GET /favicon.ico 304 [05/Dec/2024:12:00:29 +0000] - 27.560 ms localhost
GET /@fs/C:/Users/USER/Desktop/BroCampTasks/Angular_Project/frontend/.angular/cache/18.2.11/frontend/vite/deps/chunk-OFHBKTFM.js.map 304 [05/Dec/2024:12:00:29 +0000] - 632.267 ms localhost
GET /@fs/C:/Users/USER/Desktop/BroCampTasks/Angular_Project/frontend/.angular/cache/18.2.11/frontend/vite/deps/chunk-56V4FXH3.js.map 304 [05/Dec/2024:12:00:30 +0000] - 463.662 ms localhost
GET /@fs/C:/Users/USER/Desktop/BroCampTasks/Angular_Project/frontend/.angular/cache/18.2.11/frontend/vite/deps/@angular_common_http.js.map 304 [05/Dec/2024:12:00:30 +0000] - 467.550 ms localhost
GET /@fs/C:/Users/USER/Desktop/BroCampTasks/Angular_Project/frontend/.angular/cache/18.2.11/frontend/vite/deps/rxjs.js.map 304 [05/Dec/2024:12:00:30 +0000] - 415.412 ms localhost
POST /user/login 200 [05/Dec/2024:12:00:37 +0000] - 314.184 ms localhost
GET /layout.component.css.map 200 [05/Dec/2024:12:00:40 +0000] - 10.165 ms localhost
GET /dashboard.component.css.map 200 [05/Dec/2024:12:00:40 +0000] - 23.566 ms localhost
GET / - [05/Dec/2024:12:04:28 +0000] - - ms localhost
GET /dashboard 200 [05/Dec/2024:15:38:47 +0000] - 64.450 ms localhost
GET /@vite/client 304 [05/Dec/2024:15:38:47 +0000] - 3.414 ms localhost
GET /styles.css 200 [05/Dec/2024:15:38:47 +0000] - 6.667 ms localhost
GET /main.js 304 [05/Dec/2024:15:38:47 +0000] - 6.008 ms localhost
GET /polyfills.js 304 [05/Dec/2024:15:38:47 +0000] - 2.977 ms localhost
GET /@fs/C:/Users/USER/Desktop/BroCampTasks/Angular_Project/frontend/node_modules/vite/dist/client/env.mjs 304 [05/Dec/2024:15:38:47 +0000] - 7.884 ms localhost
GET /styles.css.map 200 [05/Dec/2024:15:38:48 +0000] - 19.258 ms localhost
GET /@fs/C:/Users/USER/Desktop/BroCampTasks/Angular_Project/frontend/.angular/cache/18.2.11/frontend/vite/deps/chunk-HUQWV54Z.js.map 304 [05/Dec/2024:15:38:48 +0000] - 17.856 ms localhost
GET /login.component.css.map 200 [05/Dec/2024:15:38:48 +0000] - 4.486 ms localhost
GET /@fs/C:/Users/USER/Desktop/BroCampTasks/Angular_Project/frontend/.angular/cache/18.2.11/frontend/vite/deps/@angular_core.js.map 304 [05/Dec/2024:15:38:48 +0000] - 28.309 ms localhost
GET /@fs/C:/Users/USER/Desktop/BroCampTasks/Angular_Project/frontend/.angular/cache/18.2.11/frontend/vite/deps/chunk-OFHBKTFM.js.map 304 [05/Dec/2024:15:38:48 +0000] - 39.608 ms localhost
GET /@fs/C:/Users/USER/Desktop/BroCampTasks/Angular_Project/frontend/.angular/cache/18.2.11/frontend/vite/deps/@angular_platform-browser.js.map 304 [05/Dec/2024:15:38:48 +0000] - 36.811 ms localhost
GET /@fs/C:/Users/USER/Desktop/BroCampTasks/Angular_Project/frontend/.angular/cache/18.2.11/frontend/vite/deps/@angular_router.js.map 304 [05/Dec/2024:15:38:48 +0000] - 53.988 ms localhost
GET /@fs/C:/Users/USER/Desktop/BroCampTasks/Angular_Project/frontend/.angular/cache/18.2.11/frontend/vite/deps/chunk-FDUYSLZ7.js.map 304 [05/Dec/2024:15:38:49 +0000] - 451.023 ms localhost
GET /@fs/C:/Users/USER/Desktop/BroCampTasks/Angular_Project/frontend/.angular/cache/18.2.11/frontend/vite/deps/chunk-PF6LNL77.js.map 304 [05/Dec/2024:15:38:49 +0000] - 460.622 ms localhost
GET /@fs/C:/Users/USER/Desktop/BroCampTasks/Angular_Project/frontend/.angular/cache/18.2.11/frontend/vite/deps/@angular_common_http.js.map 304 [05/Dec/2024:15:38:49 +0000] - 447.895 ms localhost
GET /@fs/C:/Users/USER/Desktop/BroCampTasks/Angular_Project/frontend/.angular/cache/18.2.11/frontend/vite/deps/chunk-56V4FXH3.js.map 304 [05/Dec/2024:15:38:49 +0000] - 656.363 ms localhost
GET /@fs/C:/Users/USER/Desktop/BroCampTasks/Angular_Project/frontend/.angular/cache/18.2.11/frontend/vite/deps/rxjs.js.map 304 [05/Dec/2024:15:38:49 +0000] - 519.585 ms localhost
GET /@fs/C:/Users/USER/Desktop/BroCampTasks/Angular_Project/frontend/.angular/cache/18.2.11/frontend/vite/deps/@angular_forms.js.map 304 [05/Dec/2024:15:38:49 +0000] - 532.595 ms localhost
GET /favicon.ico 304 [05/Dec/2024:15:38:49 +0000] - 85.356 ms localhost
POST /user/login 200 [05/Dec/2024:15:38:58 +0000] - 401.789 ms localhost
GET /dashboard.component.css.map 200 [05/Dec/2024:15:39:00 +0000] - 7.880 ms localhost
GET /layout.component.css.map 200 [05/Dec/2024:15:39:00 +0000] - 8.434 ms localhost
GET /user/usersCount 304 [05/Dec/2024:15:39:05 +0000] - 148.836 ms localhost
GET /user/users?pageNumber=1&pageSize=2 304 [05/Dec/2024:15:39:05 +0000] - 78.883 ms localhost
GET /user/users?pageNumber=1&pageSize=3&sortBy=&sortOrder=asc 401 [05/Dec/2024:15:40:09 +0000] - 217.093 ms localhost
GET /user/refreshToken 200 [05/Dec/2024:15:40:09 +0000] - 15.504 ms localhost
GET /user/users?pageNumber=1&pageSize=3&sortBy=&sortOrder=asc 200 [05/Dec/2024:15:40:09 +0000] - 32.876 ms localhost
GET /user/users?pageNumber=1&pageSize=3&sortBy=email&sortOrder=desc 200 [05/Dec/2024:15:40:13 +0000] - 37.838 ms localhost
GET /user/users?pageNumber=2&pageSize=3&sortBy=email&sortOrder=desc 200 [05/Dec/2024:15:40:19 +0000] - 25.427 ms localhost
GET /user/users?pageNumber=1&pageSize=3&sortBy=email&sortOrder=desc 304 [05/Dec/2024:15:40:22 +0000] - 72.367 ms localhost
GET / - [05/Dec/2024:15:42:47 +0000] - - ms localhost
GET /users 200 [05/Dec/2024:16:03:25 +0000] - 23.776 ms localhost
GET /@vite/client 304 [05/Dec/2024:16:03:25 +0000] - 5.071 ms localhost
GET /styles.css 200 [05/Dec/2024:16:03:25 +0000] - 12.674 ms localhost
GET /polyfills.js 304 [05/Dec/2024:16:03:25 +0000] - 13.894 ms localhost
GET /main.js 304 [05/Dec/2024:16:03:25 +0000] - 8.181 ms localhost
GET /@fs/C:/Users/USER/Desktop/BroCampTasks/Angular_Project/frontend/node_modules/vite/dist/client/env.mjs 304 [05/Dec/2024:16:03:25 +0000] - 6.478 ms localhost
GET /styles.css.map 200 [05/Dec/2024:16:03:26 +0000] - 4.228 ms localhost
GET /@fs/C:/Users/USER/Desktop/BroCampTasks/Angular_Project/frontend/.angular/cache/18.2.11/frontend/vite/deps/rxjs.js.map 304 [05/Dec/2024:16:03:26 +0000] - 6.828 ms localhost
GET /@fs/C:/Users/USER/Desktop/BroCampTasks/Angular_Project/frontend/.angular/cache/18.2.11/frontend/vite/deps/chunk-56V4FXH3.js.map 304 [05/Dec/2024:16:03:26 +0000] - 21.734 ms localhost
GET /@fs/C:/Users/USER/Desktop/BroCampTasks/Angular_Project/frontend/.angular/cache/18.2.11/frontend/vite/deps/@angular_platform-browser.js.map 304 [05/Dec/2024:16:03:27 +0000] - 121.511 ms localhost
GET /@fs/C:/Users/USER/Desktop/BroCampTasks/Angular_Project/frontend/.angular/cache/18.2.11/frontend/vite/deps/@angular_core.js.map 304 [05/Dec/2024:16:03:27 +0000] - 8.609 ms localhost
GET /@fs/C:/Users/USER/Desktop/BroCampTasks/Angular_Project/frontend/.angular/cache/18.2.11/frontend/vite/deps/@angular_router.js.map 304 [05/Dec/2024:16:03:27 +0000] - 15.294 ms localhost
GET /@fs/C:/Users/USER/Desktop/BroCampTasks/Angular_Project/frontend/.angular/cache/18.2.11/frontend/vite/deps/chunk-OFHBKTFM.js.map 304 [05/Dec/2024:16:03:27 +0000] - 19.898 ms localhost
GET /@fs/C:/Users/USER/Desktop/BroCampTasks/Angular_Project/frontend/.angular/cache/18.2.11/frontend/vite/deps/@angular_forms.js.map 304 [05/Dec/2024:16:03:27 +0000] - 21.832 ms localhost
GET /@fs/C:/Users/USER/Desktop/BroCampTasks/Angular_Project/frontend/.angular/cache/18.2.11/frontend/vite/deps/chunk-FDUYSLZ7.js.map 304 [05/Dec/2024:16:03:27 +0000] - 380.581 ms localhost
GET /@fs/C:/Users/USER/Desktop/BroCampTasks/Angular_Project/frontend/.angular/cache/18.2.11/frontend/vite/deps/chunk-PF6LNL77.js.map 304 [05/Dec/2024:16:03:27 +0000] - 358.836 ms localhost
GET /@fs/C:/Users/USER/Desktop/BroCampTasks/Angular_Project/frontend/.angular/cache/18.2.11/frontend/vite/deps/@angular_common_http.js.map 304 [05/Dec/2024:16:03:27 +0000] - 351.058 ms localhost
GET /login.component.css.map 200 [05/Dec/2024:16:03:27 +0000] - 156.851 ms localhost
GET /@fs/C:/Users/USER/Desktop/BroCampTasks/Angular_Project/frontend/.angular/cache/18.2.11/frontend/vite/deps/chunk-HUQWV54Z.js.map 304 [05/Dec/2024:16:03:27 +0000] - 426.238 ms localhost
GET /favicon.ico 304 [05/Dec/2024:16:03:32 +0000] - 3.831 ms localhost
GET / - [05/Dec/2024:16:07:25 +0000] - - ms localhost
GET /login 200 [05/Dec/2024:16:12:29 +0000] - 11.652 ms localhost
GET /@vite/client 304 [05/Dec/2024:16:12:30 +0000] - 3.024 ms localhost
GET /styles.css 200 [05/Dec/2024:16:12:30 +0000] - 13.175 ms localhost
GET /polyfills.js 304 [05/Dec/2024:16:12:30 +0000] - 2.527 ms localhost
GET /main.js 200 [05/Dec/2024:16:12:30 +0000] - 7.825 ms localhost
GET /@fs/C:/Users/USER/Desktop/BroCampTasks/Angular_Project/frontend/node_modules/vite/dist/client/env.mjs 304 [05/Dec/2024:16:12:30 +0000] - 4.042 ms localhost
GET /styles.css.map 200 [05/Dec/2024:16:12:31 +0000] - 3.285 ms localhost
GET /@fs/C:/Users/USER/Desktop/BroCampTasks/Angular_Project/frontend/.angular/cache/18.2.11/frontend/vite/deps/@angular_platform-browser.js.map 304 [05/Dec/2024:16:12:31 +0000] - 5.777 ms localhost
GET /@fs/C:/Users/USER/Desktop/BroCampTasks/Angular_Project/frontend/.angular/cache/18.2.11/frontend/vite/deps/chunk-OFHBKTFM.js.map 304 [05/Dec/2024:16:12:31 +0000] - 8.348 ms localhost
GET /@fs/C:/Users/USER/Desktop/BroCampTasks/Angular_Project/frontend/.angular/cache/18.2.11/frontend/vite/deps/chunk-HUQWV54Z.js.map 304 [05/Dec/2024:16:12:31 +0000] - 13.698 ms localhost
GET /@fs/C:/Users/USER/Desktop/BroCampTasks/Angular_Project/frontend/.angular/cache/18.2.11/frontend/vite/deps/chunk-56V4FXH3.js.map 304 [05/Dec/2024:16:12:31 +0000] - 18.306 ms localhost
GET /@fs/C:/Users/USER/Desktop/BroCampTasks/Angular_Project/frontend/.angular/cache/18.2.11/frontend/vite/deps/chunk-PF6LNL77.js.map 304 [05/Dec/2024:16:12:31 +0000] - 29.600 ms localhost
GET /@fs/C:/Users/USER/Desktop/BroCampTasks/Angular_Project/frontend/.angular/cache/18.2.11/frontend/vite/deps/chunk-FDUYSLZ7.js.map 304 [05/Dec/2024:16:12:31 +0000] - 103.490 ms localhost
GET /@fs/C:/Users/USER/Desktop/BroCampTasks/Angular_Project/frontend/.angular/cache/18.2.11/frontend/vite/deps/@angular_core.js.map 304 [05/Dec/2024:16:12:31 +0000] - 63.284 ms localhost
GET /@fs/C:/Users/USER/Desktop/BroCampTasks/Angular_Project/frontend/.angular/cache/18.2.11/frontend/vite/deps/@angular_router.js.map 304 [05/Dec/2024:16:12:31 +0000] - 118.663 ms localhost
GET /@fs/C:/Users/USER/Desktop/BroCampTasks/Angular_Project/frontend/.angular/cache/18.2.11/frontend/vite/deps/@angular_common_http.js.map 304 [05/Dec/2024:16:12:31 +0000] - 129.311 ms localhost
GET /@fs/C:/Users/USER/Desktop/BroCampTasks/Angular_Project/frontend/.angular/cache/18.2.11/frontend/vite/deps/rxjs.js.map 304 [05/Dec/2024:16:12:31 +0000] - 123.492 ms localhost
GET /@fs/C:/Users/USER/Desktop/BroCampTasks/Angular_Project/frontend/.angular/cache/18.2.11/frontend/vite/deps/@angular_forms.js.map 304 [05/Dec/2024:16:12:31 +0000] - 127.242 ms localhost
GET /favicon.ico 304 [05/Dec/2024:16:12:32 +0000] - 3.403 ms localhost
GET /login.component.css.map 200 [05/Dec/2024:16:12:32 +0000] - 3.419 ms localhost
GET / - [05/Dec/2024:16:16:30 +0000] - - ms localhost
GET /login 200 [05/Dec/2024:16:42:39 +0000] - 10.932 ms localhost
GET /@vite/client 304 [05/Dec/2024:16:42:39 +0000] - 4.248 ms localhost
GET /styles.css 200 [05/Dec/2024:16:42:39 +0000] - 3.505 ms localhost
GET /polyfills.js 304 [05/Dec/2024:16:42:39 +0000] - 2.605 ms localhost
GET /main.js 200 [05/Dec/2024:16:42:39 +0000] - 5.472 ms localhost
GET /@fs/C:/Users/USER/Desktop/BroCampTasks/Angular_Project/frontend/node_modules/vite/dist/client/env.mjs 304 [05/Dec/2024:16:42:40 +0000] - 6.723 ms localhost
GET /@fs/C:/Users/USER/Desktop/BroCampTasks/Angular_Project/frontend/.angular/cache/18.2.11/frontend/vite/deps/@angular_platform-browser.js.map 304 [05/Dec/2024:16:42:42 +0000] - 15.385 ms localhost
GET /@fs/C:/Users/USER/Desktop/BroCampTasks/Angular_Project/frontend/.angular/cache/18.2.11/frontend/vite/deps/chunk-HUQWV54Z.js.map 304 [05/Dec/2024:16:42:42 +0000] - 21.206 ms localhost
GET /@fs/C:/Users/USER/Desktop/BroCampTasks/Angular_Project/frontend/.angular/cache/18.2.11/frontend/vite/deps/chunk-OFHBKTFM.js.map 304 [05/Dec/2024:16:42:42 +0000] - 21.991 ms localhost
GET /@fs/C:/Users/USER/Desktop/BroCampTasks/Angular_Project/frontend/.angular/cache/18.2.11/frontend/vite/deps/chunk-56V4FXH3.js.map 304 [05/Dec/2024:16:42:42 +0000] - 26.604 ms localhost
GET /@fs/C:/Users/USER/Desktop/BroCampTasks/Angular_Project/frontend/.angular/cache/18.2.11/frontend/vite/deps/chunk-FDUYSLZ7.js.map 304 [05/Dec/2024:16:42:42 +0000] - 102.191 ms localhost
GET /@fs/C:/Users/USER/Desktop/BroCampTasks/Angular_Project/frontend/.angular/cache/18.2.11/frontend/vite/deps/@angular_core.js.map 304 [05/Dec/2024:16:42:42 +0000] - 43.340 ms localhost
GET /@fs/C:/Users/USER/Desktop/BroCampTasks/Angular_Project/frontend/.angular/cache/18.2.11/frontend/vite/deps/@angular_common_http.js.map 304 [05/Dec/2024:16:42:42 +0000] - 37.964 ms localhost
GET /@fs/C:/Users/USER/Desktop/BroCampTasks/Angular_Project/frontend/.angular/cache/18.2.11/frontend/vite/deps/rxjs.js.map 304 [05/Dec/2024:16:42:42 +0000] - 35.905 ms localhost
GET /@fs/C:/Users/USER/Desktop/BroCampTasks/Angular_Project/frontend/.angular/cache/18.2.11/frontend/vite/deps/chunk-PF6LNL77.js.map 304 [05/Dec/2024:16:42:42 +0000] - 85.606 ms localhost
GET /@fs/C:/Users/USER/Desktop/BroCampTasks/Angular_Project/frontend/.angular/cache/18.2.11/frontend/vite/deps/@angular_router.js.map 304 [05/Dec/2024:16:42:42 +0000] - 69.240 ms localhost
GET /@fs/C:/Users/USER/Desktop/BroCampTasks/Angular_Project/frontend/.angular/cache/18.2.11/frontend/vite/deps/@angular_forms.js.map 304 [05/Dec/2024:16:42:42 +0000] - 46.859 ms localhost
GET /favicon.ico 304 [05/Dec/2024:16:42:43 +0000] - 4.828 ms localhost
GET /login.component.css.map 200 [05/Dec/2024:16:42:43 +0000] - 2.603 ms localhost
GET /styles.css.map 200 [05/Dec/2024:16:42:43 +0000] - 4.688 ms localhost
GET / - [05/Dec/2024:16:46:40 +0000] - - ms localhost
GET /login 200 [05/Dec/2024:16:53:04 +0000] - 10.836 ms localhost
GET /@vite/client 304 [05/Dec/2024:16:53:04 +0000] - 3.101 ms localhost
GET /styles.css 200 [05/Dec/2024:16:53:04 +0000] - 3.252 ms localhost
GET /polyfills.js 304 [05/Dec/2024:16:53:04 +0000] - 3.562 ms localhost
GET /main.js 200 [05/Dec/2024:16:53:04 +0000] - 6.024 ms localhost
GET /@fs/C:/Users/USER/Desktop/BroCampTasks/Angular_Project/frontend/node_modules/vite/dist/client/env.mjs 304 [05/Dec/2024:16:53:04 +0000] - 2.466 ms localhost
GET /@fs/C:/Users/USER/Desktop/BroCampTasks/Angular_Project/frontend/.angular/cache/18.2.11/frontend/vite/deps/chunk-OFHBKTFM.js.map 304 [05/Dec/2024:16:53:05 +0000] - 21.048 ms localhost
GET /@fs/C:/Users/USER/Desktop/BroCampTasks/Angular_Project/frontend/.angular/cache/18.2.11/frontend/vite/deps/@angular_platform-browser.js.map 304 [05/Dec/2024:16:53:05 +0000] - 17.487 ms localhost
GET /@fs/C:/Users/USER/Desktop/BroCampTasks/Angular_Project/frontend/.angular/cache/18.2.11/frontend/vite/deps/chunk-56V4FXH3.js.map 304 [05/Dec/2024:16:53:05 +0000] - 25.770 ms localhost
GET /@fs/C:/Users/USER/Desktop/BroCampTasks/Angular_Project/frontend/.angular/cache/18.2.11/frontend/vite/deps/chunk-HUQWV54Z.js.map 304 [05/Dec/2024:16:53:05 +0000] - 26.938 ms localhost
GET /@fs/C:/Users/USER/Desktop/BroCampTasks/Angular_Project/frontend/.angular/cache/18.2.11/frontend/vite/deps/chunk-PF6LNL77.js.map 304 [05/Dec/2024:16:53:05 +0000] - 34.399 ms localhost
GET /@fs/C:/Users/USER/Desktop/BroCampTasks/Angular_Project/frontend/.angular/cache/18.2.11/frontend/vite/deps/chunk-FDUYSLZ7.js.map 304 [05/Dec/2024:16:53:05 +0000] - 115.972 ms localhost
GET /@fs/C:/Users/USER/Desktop/BroCampTasks/Angular_Project/frontend/.angular/cache/18.2.11/frontend/vite/deps/@angular_core.js.map 304 [05/Dec/2024:16:53:05 +0000] - 98.032 ms localhost
GET /@fs/C:/Users/USER/Desktop/BroCampTasks/Angular_Project/frontend/.angular/cache/18.2.11/frontend/vite/deps/@angular_router.js.map 304 [05/Dec/2024:16:53:06 +0000] - 108.224 ms localhost
GET /@fs/C:/Users/USER/Desktop/BroCampTasks/Angular_Project/frontend/.angular/cache/18.2.11/frontend/vite/deps/@angular_common_http.js.map 304 [05/Dec/2024:16:53:06 +0000] - 104.039 ms localhost
GET /@fs/C:/Users/USER/Desktop/BroCampTasks/Angular_Project/frontend/.angular/cache/18.2.11/frontend/vite/deps/rxjs.js.map 304 [05/Dec/2024:16:53:06 +0000] - 99.850 ms localhost
GET /@fs/C:/Users/USER/Desktop/BroCampTasks/Angular_Project/frontend/.angular/cache/18.2.11/frontend/vite/deps/@angular_forms.js.map 304 [05/Dec/2024:16:53:06 +0000] - 143.660 ms localhost
GET /styles.css.map 200 [05/Dec/2024:16:53:06 +0000] - 4.862 ms localhost
GET /favicon.ico 304 [05/Dec/2024:16:53:06 +0000] - 3.890 ms localhost
GET /login.component.css.map 200 [05/Dec/2024:16:53:06 +0000] - 3.011 ms localhost
GET / - [05/Dec/2024:16:57:04 +0000] - - ms localhost
GET /login 200 [05/Dec/2024:16:58:07 +0000] - 11.984 ms localhost
GET /@vite/client 304 [05/Dec/2024:16:58:08 +0000] - 3.314 ms localhost
GET /styles.css 200 [05/Dec/2024:16:58:08 +0000] - 3.592 ms localhost
GET /polyfills.js 304 [05/Dec/2024:16:58:08 +0000] - 2.344 ms localhost
GET /main.js 200 [05/Dec/2024:16:58:08 +0000] - 14.129 ms localhost
GET /@fs/C:/Users/USER/Desktop/BroCampTasks/Angular_Project/frontend/node_modules/vite/dist/client/env.mjs 304 [05/Dec/2024:16:58:08 +0000] - 2.940 ms localhost
GET /styles.css.map 200 [05/Dec/2024:16:58:09 +0000] - 3.366 ms localhost
GET /@fs/C:/Users/USER/Desktop/BroCampTasks/Angular_Project/frontend/.angular/cache/18.2.11/frontend/vite/deps/@angular_platform-browser.js.map 304 [05/Dec/2024:16:58:09 +0000] - 5.340 ms localhost
GET /@fs/C:/Users/USER/Desktop/BroCampTasks/Angular_Project/frontend/.angular/cache/18.2.11/frontend/vite/deps/chunk-HUQWV54Z.js.map 304 [05/Dec/2024:16:58:09 +0000] - 9.285 ms localhost
GET /@fs/C:/Users/USER/Desktop/BroCampTasks/Angular_Project/frontend/.angular/cache/18.2.11/frontend/vite/deps/chunk-OFHBKTFM.js.map 304 [05/Dec/2024:16:58:09 +0000] - 9.816 ms localhost
GET /@fs/C:/Users/USER/Desktop/BroCampTasks/Angular_Project/frontend/.angular/cache/18.2.11/frontend/vite/deps/chunk-56V4FXH3.js.map 304 [05/Dec/2024:16:58:09 +0000] - 16.540 ms localhost
GET /@fs/C:/Users/USER/Desktop/BroCampTasks/Angular_Project/frontend/.angular/cache/18.2.11/frontend/vite/deps/chunk-FDUYSLZ7.js.map 304 [05/Dec/2024:16:58:09 +0000] - 62.209 ms localhost
GET /@fs/C:/Users/USER/Desktop/BroCampTasks/Angular_Project/frontend/.angular/cache/18.2.11/frontend/vite/deps/chunk-PF6LNL77.js.map 304 [05/Dec/2024:16:58:09 +0000] - 27.558 ms localhost
GET /@fs/C:/Users/USER/Desktop/BroCampTasks/Angular_Project/frontend/.angular/cache/18.2.11/frontend/vite/deps/@angular_core.js.map 304 [05/Dec/2024:16:58:09 +0000] - 3.354 ms localhost
GET /@fs/C:/Users/USER/Desktop/BroCampTasks/Angular_Project/frontend/.angular/cache/18.2.11/frontend/vite/deps/@angular_router.js.map 304 [05/Dec/2024:16:58:09 +0000] - 10.064 ms localhost
GET /@fs/C:/Users/USER/Desktop/BroCampTasks/Angular_Project/frontend/.angular/cache/18.2.11/frontend/vite/deps/@angular_common_http.js.map 304 [05/Dec/2024:16:58:09 +0000] - 3.959 ms localhost
GET /@fs/C:/Users/USER/Desktop/BroCampTasks/Angular_Project/frontend/.angular/cache/18.2.11/frontend/vite/deps/rxjs.js.map 304 [05/Dec/2024:16:58:10 +0000] - 2.995 ms localhost
GET /@fs/C:/Users/USER/Desktop/BroCampTasks/Angular_Project/frontend/.angular/cache/18.2.11/frontend/vite/deps/@angular_forms.js.map 304 [05/Dec/2024:16:58:10 +0000] - 11.569 ms localhost
GET /login.component.css.map 200 [05/Dec/2024:16:58:10 +0000] - 2.588 ms localhost
GET /favicon.ico 304 [05/Dec/2024:16:58:10 +0000] - 3.091 ms localhost
GET / - [05/Dec/2024:17:02:08 +0000] - - ms localhost
GET /login 200 [05/Dec/2024:18:01:57 +0000] - 159.887 ms localhost
GET /@vite/client 304 [05/Dec/2024:18:01:57 +0000] - 8.946 ms localhost
GET /styles.css 200 [05/Dec/2024:18:01:57 +0000] - 9.983 ms localhost
GET /polyfills.js 304 [05/Dec/2024:18:01:58 +0000] - 4.464 ms localhost
GET /main.js 200 [05/Dec/2024:18:01:58 +0000] - 27.517 ms localhost
GET /@fs/C:/Users/USER/Desktop/BroCampTasks/Angular_Project/frontend/node_modules/vite/dist/client/env.mjs 304 [05/Dec/2024:18:01:58 +0000] - 3.194 ms localhost
GET /@fs/C:/Users/USER/Desktop/BroCampTasks/Angular_Project/frontend/.angular/cache/18.2.11/frontend/vite/deps/@angular_platform-browser.js.map 304 [05/Dec/2024:18:02:01 +0000] - 41.868 ms localhost
GET /@fs/C:/Users/USER/Desktop/BroCampTasks/Angular_Project/frontend/.angular/cache/18.2.11/frontend/vite/deps/chunk-HUQWV54Z.js.map 304 [05/Dec/2024:18:02:01 +0000] - 46.903 ms localhost
GET /@fs/C:/Users/USER/Desktop/BroCampTasks/Angular_Project/frontend/.angular/cache/18.2.11/frontend/vite/deps/chunk-OFHBKTFM.js.map 304 [05/Dec/2024:18:02:01 +0000] - 54.135 ms localhost
GET /@fs/C:/Users/USER/Desktop/BroCampTasks/Angular_Project/frontend/.angular/cache/18.2.11/frontend/vite/deps/chunk-56V4FXH3.js.map 304 [05/Dec/2024:18:02:01 +0000] - 64.882 ms localhost
GET /@fs/C:/Users/USER/Desktop/BroCampTasks/Angular_Project/frontend/.angular/cache/18.2.11/frontend/vite/deps/chunk-PF6LNL77.js.map 304 [05/Dec/2024:18:02:01 +0000] - 62.008 ms localhost
GET /@fs/C:/Users/USER/Desktop/BroCampTasks/Angular_Project/frontend/.angular/cache/18.2.11/frontend/vite/deps/@angular_core.js.map 304 [05/Dec/2024:18:02:01 +0000] - 57.601 ms localhost
GET /@fs/C:/Users/USER/Desktop/BroCampTasks/Angular_Project/frontend/.angular/cache/18.2.11/frontend/vite/deps/chunk-FDUYSLZ7.js.map 304 [05/Dec/2024:18:02:01 +0000] - 184.955 ms localhost
GET /@fs/C:/Users/USER/Desktop/BroCampTasks/Angular_Project/frontend/.angular/cache/18.2.11/frontend/vite/deps/@angular_router.js.map 304 [05/Dec/2024:18:02:01 +0000] - 167.091 ms localhost
GET /login.component.css.map 200 [05/Dec/2024:18:02:01 +0000] - 78.497 ms localhost
GET /styles.css.map 200 [05/Dec/2024:18:02:01 +0000] - 23.933 ms localhost
GET /@fs/C:/Users/USER/Desktop/BroCampTasks/Angular_Project/frontend/.angular/cache/18.2.11/frontend/vite/deps/rxjs.js.map 304 [05/Dec/2024:18:02:01 +0000] - 157.751 ms localhost
GET /@fs/C:/Users/USER/Desktop/BroCampTasks/Angular_Project/frontend/.angular/cache/18.2.11/frontend/vite/deps/@angular_common_http.js.map 304 [05/Dec/2024:18:02:01 +0000] - 170.513 ms localhost
GET /@fs/C:/Users/USER/Desktop/BroCampTasks/Angular_Project/frontend/.angular/cache/18.2.11/frontend/vite/deps/@angular_forms.js.map 304 [05/Dec/2024:18:02:01 +0000] - 156.046 ms localhost
GET /favicon.ico 304 [05/Dec/2024:18:02:01 +0000] - 4.340 ms localhost
GET / - [05/Dec/2024:18:05:58 +0000] - - ms localhost
