GET /login 401 [14/Dec/2024:10:49:36 +0000] - 46.720 ms localhost
GET /favicon.ico 401 [14/Dec/2024:10:49:37 +0000] - 20.819 ms localhost
GET /login 401 [14/Dec/2024:10:51:44 +0000] - 14.241 ms localhost
GET /favicon.ico 401 [14/Dec/2024:10:51:44 +0000] - 16.283 ms localhost
GET /login 401 [14/Dec/2024:10:52:10 +0000] - 43.688 ms localhost
GET /favicon.ico 401 [14/Dec/2024:10:52:10 +0000] - 14.899 ms localhost
GET /login 401 [14/Dec/2024:10:53:18 +0000] - 42.907 ms localhost
GET /favicon.ico 401 [14/Dec/2024:10:53:19 +0000] - 20.747 ms localhost
GET /login 200 [14/Dec/2024:10:54:12 +0000] - 63.224 ms localhost
GET /polyfills.js 304 [14/Dec/2024:10:54:12 +0000] - 11.859 ms localhost
GET /styles.css 200 [14/Dec/2024:10:54:12 +0000] - 54.848 ms localhost
GET /main.js 304 [14/Dec/2024:10:54:12 +0000] - 55.052 ms localhost
GET /@vite/client 304 [14/Dec/2024:10:54:13 +0000] - 573.039 ms localhost
GET /@fs/C:/Users/USER/Desktop/BroCampTasks/Angular_Project/frontend/node_modules/vite/dist/client/env.mjs 304 [14/Dec/2024:10:54:13 +0000] - 38.885 ms localhost
GET /styles.css.map 200 [14/Dec/2024:10:54:13 +0000] - 213.683 ms localhost
GET /favicon.ico 304 [14/Dec/2024:10:54:14 +0000] - 10.494 ms localhost
GET /@fs/C:/Users/USER/Desktop/BroCampTasks/Angular_Project/frontend/.angular/cache/18.2.11/frontend/vite/deps/chunk-SD63G7YN.js.map 304 [14/Dec/2024:10:54:14 +0000] - 89.163 ms localhost
GET /@fs/C:/Users/USER/Desktop/BroCampTasks/Angular_Project/frontend/.angular/cache/18.2.11/frontend/vite/deps/chunk-J2M542RS.js.map 304 [14/Dec/2024:10:54:14 +0000] - 101.559 ms localhost
GET /@fs/C:/Users/USER/Desktop/BroCampTasks/Angular_Project/frontend/.angular/cache/18.2.11/frontend/vite/deps/chunk-PLMZ7O3F.js.map 304 [14/Dec/2024:10:54:14 +0000] - 137.255 ms localhost
GET /@fs/C:/Users/USER/Desktop/BroCampTasks/Angular_Project/frontend/.angular/cache/18.2.11/frontend/vite/deps/chunk-PF6LNL77.js.map 304 [14/Dec/2024:10:54:14 +0000] - 150.724 ms localhost
GET /@fs/C:/Users/USER/Desktop/BroCampTasks/Angular_Project/frontend/.angular/cache/18.2.11/frontend/vite/deps/@angular_platform-browser.js.map 304 [14/Dec/2024:10:54:14 +0000] - 220.083 ms localhost
GET /@fs/C:/Users/USER/Desktop/BroCampTasks/Angular_Project/frontend/.angular/cache/18.2.11/frontend/vite/deps/@angular_core.js.map 304 [14/Dec/2024:10:54:14 +0000] - 109.379 ms localhost
GET /@fs/C:/Users/USER/Desktop/BroCampTasks/Angular_Project/frontend/.angular/cache/18.2.11/frontend/vite/deps/chunk-FDUYSLZ7.js.map 304 [14/Dec/2024:10:54:14 +0000] - 659.472 ms localhost
GET /@fs/C:/Users/USER/Desktop/BroCampTasks/Angular_Project/frontend/.angular/cache/18.2.11/frontend/vite/deps/@angular_common_http.js.map 304 [14/Dec/2024:10:54:14 +0000] - 539.668 ms localhost
GET /@fs/C:/Users/USER/Desktop/BroCampTasks/Angular_Project/frontend/.angular/cache/18.2.11/frontend/vite/deps/rxjs.js.map 304 [14/Dec/2024:10:54:14 +0000] - 547.305 ms localhost
GET /login.component.css.map 200 [14/Dec/2024:10:54:14 +0000] - 35.991 ms localhost
GET /@fs/C:/Users/USER/Desktop/BroCampTasks/Angular_Project/frontend/.angular/cache/18.2.11/frontend/vite/deps/@angular_router.js.map 304 [14/Dec/2024:10:54:14 +0000] - 631.304 ms localhost
GET /@fs/C:/Users/USER/Desktop/BroCampTasks/Angular_Project/frontend/.angular/cache/18.2.11/frontend/vite/deps/@angular_common.js.map 304 [14/Dec/2024:10:54:14 +0000] - 520.711 ms localhost
GET /@fs/C:/Users/USER/Desktop/BroCampTasks/Angular_Project/frontend/.angular/cache/18.2.11/frontend/vite/deps/@angular_forms.js.map 304 [14/Dec/2024:10:54:14 +0000] - 542.942 ms localhost
GET /login 200 [14/Dec/2024:10:54:29 +0000] - 51.639 ms localhost
GET /polyfills.js 304 [14/Dec/2024:10:54:29 +0000] - 6.469 ms localhost
GET /@vite/client 304 [14/Dec/2024:10:54:29 +0000] - 5.968 ms localhost
GET /styles.css 200 [14/Dec/2024:10:54:29 +0000] - 20.723 ms localhost
GET /main.js 304 [14/Dec/2024:10:54:29 +0000] - 16.305 ms localhost
GET /@fs/C:/Users/USER/Desktop/BroCampTasks/Angular_Project/frontend/node_modules/vite/dist/client/env.mjs 304 [14/Dec/2024:10:54:29 +0000] - 6.079 ms localhost
GET /styles.css.map 200 [14/Dec/2024:10:54:29 +0000] - 6.198 ms localhost
GET /@fs/C:/Users/USER/Desktop/BroCampTasks/Angular_Project/frontend/.angular/cache/18.2.11/frontend/vite/deps/@angular_platform-browser.js.map 304 [14/Dec/2024:10:54:29 +0000] - 5.281 ms localhost
GET /@fs/C:/Users/USER/Desktop/BroCampTasks/Angular_Project/frontend/.angular/cache/18.2.11/frontend/vite/deps/chunk-SD63G7YN.js.map 304 [14/Dec/2024:10:54:29 +0000] - 16.969 ms localhost
GET /@fs/C:/Users/USER/Desktop/BroCampTasks/Angular_Project/frontend/.angular/cache/18.2.11/frontend/vite/deps/chunk-J2M542RS.js.map 304 [14/Dec/2024:10:54:29 +0000] - 27.560 ms localhost
GET /@fs/C:/Users/USER/Desktop/BroCampTasks/Angular_Project/frontend/.angular/cache/18.2.11/frontend/vite/deps/chunk-PLMZ7O3F.js.map 304 [14/Dec/2024:10:54:29 +0000] - 34.687 ms localhost
GET /@fs/C:/Users/USER/Desktop/BroCampTasks/Angular_Project/frontend/.angular/cache/18.2.11/frontend/vite/deps/chunk-PF6LNL77.js.map 304 [14/Dec/2024:10:54:29 +0000] - 33.596 ms localhost
GET /@fs/C:/Users/USER/Desktop/BroCampTasks/Angular_Project/frontend/.angular/cache/18.2.11/frontend/vite/deps/chunk-FDUYSLZ7.js.map 304 [14/Dec/2024:10:54:29 +0000] - 222.332 ms localhost
GET /@fs/C:/Users/USER/Desktop/BroCampTasks/Angular_Project/frontend/.angular/cache/18.2.11/frontend/vite/deps/@angular_common_http.js.map 304 [14/Dec/2024:10:54:30 +0000] - 189.077 ms localhost
GET /@fs/C:/Users/USER/Desktop/BroCampTasks/Angular_Project/frontend/.angular/cache/18.2.11/frontend/vite/deps/rxjs.js.map 304 [14/Dec/2024:10:54:30 +0000] - 168.554 ms localhost
GET /@fs/C:/Users/USER/Desktop/BroCampTasks/Angular_Project/frontend/.angular/cache/18.2.11/frontend/vite/deps/@angular_router.js.map 304 [14/Dec/2024:10:54:30 +0000] - 235.938 ms localhost
GET /@fs/C:/Users/USER/Desktop/BroCampTasks/Angular_Project/frontend/.angular/cache/18.2.11/frontend/vite/deps/@angular_core.js.map 304 [14/Dec/2024:10:54:30 +0000] - 244.302 ms localhost
GET /@fs/C:/Users/USER/Desktop/BroCampTasks/Angular_Project/frontend/.angular/cache/18.2.11/frontend/vite/deps/@angular_forms.js.map 304 [14/Dec/2024:10:54:30 +0000] - 91.794 ms localhost
GET /login.component.css.map 200 [14/Dec/2024:10:54:30 +0000] - 321.730 ms localhost
GET /@fs/C:/Users/USER/Desktop/BroCampTasks/Angular_Project/frontend/.angular/cache/18.2.11/frontend/vite/deps/@angular_common.js.map 304 [14/Dec/2024:10:54:30 +0000] - 357.706 ms localhost
GET /favicon.ico 304 [14/Dec/2024:10:54:30 +0000] - 4.412 ms localhost
POST /user/login 401 [14/Dec/2024:10:54:39 +0000] - 65.260 ms localhost
GET /user/refreshToken 401 [14/Dec/2024:10:54:40 +0000] - 18.390 ms localhost
GET /user/refreshToken 401 [14/Dec/2024:10:54:40 +0000] - 42.621 ms localhost
GET /user/refreshToken 401 [14/Dec/2024:10:54:40 +0000] - 22.733 ms localhost
GET /user/refreshToken 401 [14/Dec/2024:10:54:40 +0000] - 30.023 ms localhost
GET /user/refreshToken 401 [14/Dec/2024:10:54:40 +0000] - 30.144 ms localhost
GET /user/refreshToken 401 [14/Dec/2024:10:54:40 +0000] - 11.631 ms localhost
GET /user/refreshToken 401 [14/Dec/2024:10:54:40 +0000] - 10.062 ms localhost
GET /user/refreshToken 401 [14/Dec/2024:10:54:40 +0000] - 11.443 ms localhost
GET /user/refreshToken 401 [14/Dec/2024:10:54:40 +0000] - 22.183 ms localhost
GET /user/refreshToken 401 [14/Dec/2024:10:54:40 +0000] - 41.284 ms localhost
GET /user/refreshToken 401 [14/Dec/2024:10:54:40 +0000] - 11.901 ms localhost
GET /user/refreshToken 401 [14/Dec/2024:10:54:40 +0000] - 10.843 ms localhost
GET /user/refreshToken 401 [14/Dec/2024:10:54:40 +0000] - 10.807 ms localhost
GET /user/refreshToken 401 [14/Dec/2024:10:54:40 +0000] - 13.806 ms localhost
GET /user/refreshToken 401 [14/Dec/2024:10:54:40 +0000] - 10.070 ms localhost
GET /user/refreshToken 401 [14/Dec/2024:10:54:40 +0000] - 8.723 ms localhost
GET /user/refreshToken 401 [14/Dec/2024:10:54:40 +0000] - 16.054 ms localhost
GET /user/refreshToken 401 [14/Dec/2024:10:54:40 +0000] - 11.454 ms localhost
GET /user/refreshToken 401 [14/Dec/2024:10:54:40 +0000] - 9.177 ms localhost
GET /user/refreshToken 401 [14/Dec/2024:10:54:40 +0000] - 12.480 ms localhost
GET /user/refreshToken 401 [14/Dec/2024:10:54:40 +0000] - 13.907 ms localhost
GET /user/refreshToken 401 [14/Dec/2024:10:54:40 +0000] - 10.114 ms localhost
GET /user/refreshToken 401 [14/Dec/2024:10:54:40 +0000] - 13.466 ms localhost
GET /user/refreshToken 401 [14/Dec/2024:10:54:40 +0000] - 7.312 ms localhost
GET /user/refreshToken 401 [14/Dec/2024:10:54:40 +0000] - 12.429 ms localhost
GET /user/refreshToken 401 [14/Dec/2024:10:54:40 +0000] - 36.416 ms localhost
GET /user/refreshToken 401 [14/Dec/2024:10:54:40 +0000] - 23.323 ms localhost
GET /user/refreshToken 401 [14/Dec/2024:10:54:40 +0000] - 32.471 ms localhost
GET /user/refreshToken 401 [14/Dec/2024:10:54:40 +0000] - 16.252 ms localhost
GET /user/refreshToken 401 [14/Dec/2024:10:54:41 +0000] - 30.639 ms localhost
GET /user/refreshToken 401 [14/Dec/2024:10:54:41 +0000] - 15.887 ms localhost
GET /user/refreshToken 401 [14/Dec/2024:10:54:41 +0000] - 18.159 ms localhost
GET /user/refreshToken 401 [14/Dec/2024:10:54:41 +0000] - 188.990 ms localhost
GET /user/refreshToken 401 [14/Dec/2024:10:54:41 +0000] - 83.771 ms localhost
GET /user/refreshToken 401 [14/Dec/2024:10:54:41 +0000] - 49.976 ms localhost
GET /user/refreshToken 401 [14/Dec/2024:10:54:41 +0000] - 32.831 ms localhost
GET /user/refreshToken 401 [14/Dec/2024:10:54:42 +0000] - 494.709 ms localhost
GET /user/refreshToken 401 [14/Dec/2024:10:54:42 +0000] - 9.570 ms localhost
GET /user/refreshToken 401 [14/Dec/2024:10:54:42 +0000] - 242.437 ms localhost
GET /user/refreshToken 401 [14/Dec/2024:10:54:42 +0000] - 9.865 ms localhost
GET /user/refreshToken 401 [14/Dec/2024:10:54:42 +0000] - 13.585 ms localhost
GET /user/refreshToken 401 [14/Dec/2024:10:54:43 +0000] - 14.996 ms localhost
GET /user/refreshToken 401 [14/Dec/2024:10:54:43 +0000] - 10.480 ms localhost
GET /user/refreshToken 401 [14/Dec/2024:10:54:43 +0000] - 16.348 ms localhost
GET /user/refreshToken 401 [14/Dec/2024:10:54:43 +0000] - 10.542 ms localhost
GET /user/refreshToken 401 [14/Dec/2024:10:54:43 +0000] - 9.383 ms localhost
GET /user/refreshToken 401 [14/Dec/2024:10:54:43 +0000] - 8.959 ms localhost
GET /user/refreshToken 401 [14/Dec/2024:10:54:43 +0000] - 9.413 ms localhost
GET /user/refreshToken 401 [14/Dec/2024:10:54:43 +0000] - 8.176 ms localhost
GET /user/refreshToken 401 [14/Dec/2024:10:54:43 +0000] - 11.459 ms localhost
GET /user/refreshToken 401 [14/Dec/2024:10:54:44 +0000] - 7.948 ms localhost
GET /user/refreshToken 401 [14/Dec/2024:10:54:44 +0000] - 8.955 ms localhost
GET /user/refreshToken 401 [14/Dec/2024:10:54:44 +0000] - 11.553 ms localhost
GET /user/refreshToken 401 [14/Dec/2024:10:54:44 +0000] - 8.716 ms localhost
GET /user/refreshToken 401 [14/Dec/2024:10:54:44 +0000] - 6.473 ms localhost
GET /user/refreshToken 401 [14/Dec/2024:10:54:44 +0000] - 7.429 ms localhost
GET /user/refreshToken 401 [14/Dec/2024:10:54:44 +0000] - 7.270 ms localhost
GET /user/refreshToken 401 [14/Dec/2024:10:54:44 +0000] - 7.181 ms localhost
GET /user/refreshToken 401 [14/Dec/2024:10:54:44 +0000] - 9.245 ms localhost
GET /user/refreshToken 401 [14/Dec/2024:10:54:44 +0000] - 9.965 ms localhost
GET /user/refreshToken 401 [14/Dec/2024:10:54:44 +0000] - 9.693 ms localhost
GET /user/refreshToken 401 [14/Dec/2024:10:54:44 +0000] - 10.236 ms localhost
GET /user/refreshToken 401 [14/Dec/2024:10:54:44 +0000] - 11.890 ms localhost
GET /user/refreshToken 401 [14/Dec/2024:10:54:44 +0000] - 12.366 ms localhost
GET /user/refreshToken 401 [14/Dec/2024:10:54:44 +0000] - 7.421 ms localhost
GET /user/refreshToken 401 [14/Dec/2024:10:54:44 +0000] - 9.345 ms localhost
GET /user/refreshToken 401 [14/Dec/2024:10:54:44 +0000] - 15.176 ms localhost
GET /user/refreshToken 401 [14/Dec/2024:10:54:44 +0000] - 10.135 ms localhost
GET /user/refreshToken 401 [14/Dec/2024:10:54:44 +0000] - 12.880 ms localhost
GET /user/refreshToken 401 [14/Dec/2024:10:54:44 +0000] - 10.041 ms localhost
GET /user/refreshToken 401 [14/Dec/2024:10:54:45 +0000] - 19.872 ms localhost
GET /user/refreshToken 401 [14/Dec/2024:10:54:45 +0000] - 9.160 ms localhost
GET /user/refreshToken 401 [14/Dec/2024:10:54:45 +0000] - 12.117 ms localhost
GET /user/refreshToken 401 [14/Dec/2024:10:54:45 +0000] - 16.456 ms localhost
GET /user/refreshToken 401 [14/Dec/2024:10:54:45 +0000] - 14.201 ms localhost
GET /user/refreshToken 401 [14/Dec/2024:10:54:45 +0000] - 15.352 ms localhost
GET /user/refreshToken 401 [14/Dec/2024:10:54:45 +0000] - 12.926 ms localhost
GET /user/refreshToken 401 [14/Dec/2024:10:54:45 +0000] - 11.478 ms localhost
GET /user/refreshToken 401 [14/Dec/2024:10:54:45 +0000] - 11.353 ms localhost
GET /user/refreshToken 401 [14/Dec/2024:10:54:45 +0000] - 11.940 ms localhost
GET /user/refreshToken 401 [14/Dec/2024:10:54:45 +0000] - 8.055 ms localhost
GET /user/refreshToken 401 [14/Dec/2024:10:54:45 +0000] - 9.247 ms localhost
GET /user/refreshToken 401 [14/Dec/2024:10:54:45 +0000] - 12.111 ms localhost
GET /user/refreshToken 401 [14/Dec/2024:10:54:46 +0000] - 7.399 ms localhost
GET /user/refreshToken 401 [14/Dec/2024:10:54:46 +0000] - 8.218 ms localhost
GET /user/refreshToken 401 [14/Dec/2024:10:54:46 +0000] - 7.239 ms localhost
GET /user/refreshToken 401 [14/Dec/2024:10:54:46 +0000] - 14.546 ms localhost
GET /user/refreshToken 401 [14/Dec/2024:10:54:46 +0000] - 13.944 ms localhost
GET /user/refreshToken 401 [14/Dec/2024:10:54:46 +0000] - 7.409 ms localhost
GET /user/refreshToken 401 [14/Dec/2024:10:54:46 +0000] - 10.766 ms localhost
GET /user/refreshToken 401 [14/Dec/2024:10:54:46 +0000] - 11.314 ms localhost
GET /user/refreshToken 401 [14/Dec/2024:10:54:46 +0000] - 10.457 ms localhost
GET /user/refreshToken 401 [14/Dec/2024:10:54:46 +0000] - 15.695 ms localhost
GET /user/refreshToken 401 [14/Dec/2024:10:54:46 +0000] - 10.964 ms localhost
GET /user/refreshToken 401 [14/Dec/2024:10:54:46 +0000] - 9.037 ms localhost
GET /user/refreshToken 401 [14/Dec/2024:10:54:47 +0000] - 8.602 ms localhost
GET /user/refreshToken 401 [14/Dec/2024:10:54:47 +0000] - 7.310 ms localhost
GET /user/refreshToken 401 [14/Dec/2024:10:54:47 +0000] - 8.984 ms localhost
GET /user/refreshToken 401 [14/Dec/2024:10:54:47 +0000] - 18.133 ms localhost
GET /user/refreshToken 401 [14/Dec/2024:10:54:47 +0000] - 11.571 ms localhost
GET /user/refreshToken 401 [14/Dec/2024:10:54:47 +0000] - 32.688 ms localhost
GET /user/refreshToken 401 [14/Dec/2024:10:54:47 +0000] - 10.072 ms localhost
GET /user/refreshToken 401 [14/Dec/2024:10:54:47 +0000] - 10.529 ms localhost
GET /user/refreshToken 401 [14/Dec/2024:10:54:47 +0000] - 7.839 ms localhost
GET /user/refreshToken 401 [14/Dec/2024:10:54:47 +0000] - 11.570 ms localhost
GET /user/refreshToken 401 [14/Dec/2024:10:54:48 +0000] - 10.165 ms localhost
GET /user/refreshToken 401 [14/Dec/2024:10:54:48 +0000] - 12.122 ms localhost
GET /user/refreshToken 401 [14/Dec/2024:10:54:48 +0000] - 11.309 ms localhost
GET /user/refreshToken 401 [14/Dec/2024:10:54:48 +0000] - 10.031 ms localhost
GET /user/refreshToken 401 [14/Dec/2024:10:54:48 +0000] - 11.187 ms localhost
GET /user/refreshToken 401 [14/Dec/2024:10:54:48 +0000] - 7.508 ms localhost
GET /user/refreshToken 401 [14/Dec/2024:10:54:48 +0000] - 15.339 ms localhost
GET /user/refreshToken 401 [14/Dec/2024:10:54:48 +0000] - 13.294 ms localhost
GET /user/refreshToken 401 [14/Dec/2024:10:54:48 +0000] - 26.675 ms localhost
GET /user/refreshToken 401 [14/Dec/2024:10:54:48 +0000] - 8.602 ms localhost
GET /user/refreshToken 401 [14/Dec/2024:10:54:49 +0000] - 12.989 ms localhost
GET /user/refreshToken 401 [14/Dec/2024:10:54:49 +0000] - 11.779 ms localhost
GET /user/refreshToken 401 [14/Dec/2024:10:54:49 +0000] - 7.224 ms localhost
GET /user/refreshToken 401 [14/Dec/2024:10:54:49 +0000] - 8.950 ms localhost
GET /user/refreshToken 401 [14/Dec/2024:10:54:49 +0000] - 12.341 ms localhost
GET /user/refreshToken 401 [14/Dec/2024:10:54:49 +0000] - 19.723 ms localhost
GET /user/refreshToken 401 [14/Dec/2024:10:54:49 +0000] - 13.446 ms localhost
GET /user/refreshToken 401 [14/Dec/2024:10:54:49 +0000] - 9.274 ms localhost
GET /user/refreshToken 401 [14/Dec/2024:10:54:50 +0000] - 16.693 ms localhost
GET /user/refreshToken 401 [14/Dec/2024:10:54:50 +0000] - 9.200 ms localhost
GET /user/refreshToken 401 [14/Dec/2024:10:54:50 +0000] - 7.038 ms localhost
GET /user/refreshToken 401 [14/Dec/2024:10:54:50 +0000] - 7.726 ms localhost
GET /user/refreshToken 401 [14/Dec/2024:10:54:50 +0000] - 8.748 ms localhost
GET /user/refreshToken 401 [14/Dec/2024:10:54:50 +0000] - 6.453 ms localhost
GET /user/refreshToken 401 [14/Dec/2024:10:54:50 +0000] - 7.223 ms localhost
GET /user/refreshToken 401 [14/Dec/2024:10:54:50 +0000] - 6.658 ms localhost
GET /user/refreshToken 401 [14/Dec/2024:10:54:50 +0000] - 8.112 ms localhost
GET /user/refreshToken 401 [14/Dec/2024:10:54:50 +0000] - 6.679 ms localhost
GET /user/refreshToken 401 [14/Dec/2024:10:54:50 +0000] - 8.097 ms localhost
GET /user/refreshToken 401 [14/Dec/2024:10:54:50 +0000] - 10.114 ms localhost
GET /user/refreshToken 401 [14/Dec/2024:10:54:50 +0000] - 9.110 ms localhost
GET /user/refreshToken 401 [14/Dec/2024:10:54:50 +0000] - 6.997 ms localhost
GET /user/refreshToken 401 [14/Dec/2024:10:54:50 +0000] - 7.472 ms localhost
GET /user/refreshToken 401 [14/Dec/2024:10:54:50 +0000] - 9.477 ms localhost
GET /user/refreshToken 401 [14/Dec/2024:10:54:50 +0000] - 6.632 ms localhost
GET /user/refreshToken 401 [14/Dec/2024:10:54:51 +0000] - 12.862 ms localhost
GET /user/refreshToken 401 [14/Dec/2024:10:54:51 +0000] - 8.990 ms localhost
GET /user/refreshToken 401 [14/Dec/2024:10:54:51 +0000] - 19.186 ms localhost
GET /user/refreshToken 401 [14/Dec/2024:10:54:51 +0000] - 8.788 ms localhost
GET /user/refreshToken 401 [14/Dec/2024:10:54:51 +0000] - 8.479 ms localhost
GET /user/refreshToken 401 [14/Dec/2024:10:54:51 +0000] - 9.437 ms localhost
GET /user/refreshToken 401 [14/Dec/2024:10:54:51 +0000] - 9.976 ms localhost
GET /user/refreshToken 401 [14/Dec/2024:10:54:51 +0000] - 8.396 ms localhost
GET /user/refreshToken 401 [14/Dec/2024:10:54:51 +0000] - 7.336 ms localhost
GET /user/refreshToken 401 [14/Dec/2024:10:54:51 +0000] - 7.834 ms localhost
GET /user/refreshToken 401 [14/Dec/2024:10:54:51 +0000] - 6.744 ms localhost
GET /user/refreshToken 401 [14/Dec/2024:10:54:51 +0000] - 8.422 ms localhost
GET /user/refreshToken 401 [14/Dec/2024:10:54:51 +0000] - 9.604 ms localhost
GET /user/refreshToken 401 [14/Dec/2024:10:54:52 +0000] - 7.743 ms localhost
GET /user/refreshToken 401 [14/Dec/2024:10:54:52 +0000] - 8.194 ms localhost
GET /user/refreshToken 401 [14/Dec/2024:10:54:52 +0000] - 12.845 ms localhost
GET /user/refreshToken 401 [14/Dec/2024:10:54:52 +0000] - 9.238 ms localhost
GET /user/refreshToken 401 [14/Dec/2024:10:54:52 +0000] - 18.349 ms localhost
GET /user/refreshToken 401 [14/Dec/2024:10:54:52 +0000] - 7.107 ms localhost
GET /user/refreshToken 401 [14/Dec/2024:10:54:52 +0000] - 7.735 ms localhost
GET /user/refreshToken 401 [14/Dec/2024:10:54:52 +0000] - 6.798 ms localhost
GET /user/refreshToken 401 [14/Dec/2024:10:54:52 +0000] - 9.944 ms localhost
GET /user/refreshToken 401 [14/Dec/2024:10:54:52 +0000] - 7.044 ms localhost
GET /user/refreshToken 401 [14/Dec/2024:10:54:52 +0000] - 9.739 ms localhost
GET /user/refreshToken 401 [14/Dec/2024:10:54:52 +0000] - 7.647 ms localhost
GET /user/refreshToken 401 [14/Dec/2024:10:54:52 +0000] - 6.930 ms localhost
GET /user/refreshToken 401 [14/Dec/2024:10:54:52 +0000] - 9.042 ms localhost
GET /user/refreshToken 401 [14/Dec/2024:10:54:52 +0000] - 8.878 ms localhost
GET /user/refreshToken 401 [14/Dec/2024:10:54:52 +0000] - 7.545 ms localhost
GET /user/refreshToken 401 [14/Dec/2024:10:54:52 +0000] - 8.690 ms localhost
GET /user/refreshToken 401 [14/Dec/2024:10:54:52 +0000] - 8.354 ms localhost
GET /user/refreshToken 401 [14/Dec/2024:10:54:52 +0000] - 9.574 ms localhost
GET /user/refreshToken 401 [14/Dec/2024:10:54:52 +0000] - 8.782 ms localhost
GET /user/refreshToken 401 [14/Dec/2024:10:54:53 +0000] - 10.933 ms localhost
GET /user/refreshToken 401 [14/Dec/2024:10:54:53 +0000] - 9.589 ms localhost
GET /user/refreshToken 401 [14/Dec/2024:10:54:53 +0000] - 11.146 ms localhost
GET /user/refreshToken 401 [14/Dec/2024:10:54:53 +0000] - 10.254 ms localhost
GET /user/refreshToken 401 [14/Dec/2024:10:54:53 +0000] - 10.219 ms localhost
GET /user/refreshToken 401 [14/Dec/2024:10:54:53 +0000] - 11.263 ms localhost
GET /user/refreshToken 401 [14/Dec/2024:10:54:53 +0000] - 6.661 ms localhost
GET /user/refreshToken 401 [14/Dec/2024:10:54:53 +0000] - 6.634 ms localhost
GET /user/refreshToken 401 [14/Dec/2024:10:54:53 +0000] - 9.715 ms localhost
GET /user/refreshToken 401 [14/Dec/2024:10:54:53 +0000] - 11.771 ms localhost
GET /user/refreshToken 401 [14/Dec/2024:10:54:53 +0000] - 11.043 ms localhost
GET /user/refreshToken 401 [14/Dec/2024:10:54:53 +0000] - 9.239 ms localhost
GET /user/refreshToken 401 [14/Dec/2024:10:54:53 +0000] - 12.773 ms localhost
GET /user/refreshToken 401 [14/Dec/2024:10:54:53 +0000] - 16.360 ms localhost
GET /user/refreshToken 401 [14/Dec/2024:10:54:53 +0000] - 8.864 ms localhost
GET /user/refreshToken 401 [14/Dec/2024:10:54:54 +0000] - 10.472 ms localhost
GET /user/refreshToken 401 [14/Dec/2024:10:54:54 +0000] - 6.731 ms localhost
GET /user/refreshToken 401 [14/Dec/2024:10:54:54 +0000] - 10.523 ms localhost
GET /user/refreshToken 401 [14/Dec/2024:10:54:54 +0000] - 11.850 ms localhost
GET /user/refreshToken 401 [14/Dec/2024:10:54:54 +0000] - 10.797 ms localhost
GET /user/refreshToken 401 [14/Dec/2024:10:54:54 +0000] - 10.138 ms localhost
GET /user/refreshToken 401 [14/Dec/2024:10:54:54 +0000] - 9.666 ms localhost
GET /user/refreshToken 401 [14/Dec/2024:10:54:54 +0000] - 10.374 ms localhost
GET /user/refreshToken 401 [14/Dec/2024:10:54:54 +0000] - 8.890 ms localhost
GET /user/refreshToken 401 [14/Dec/2024:10:54:54 +0000] - 13.921 ms localhost
GET /user/refreshToken 401 [14/Dec/2024:10:54:54 +0000] - 10.048 ms localhost
GET /user/refreshToken 401 [14/Dec/2024:10:54:54 +0000] - 11.043 ms localhost
GET /user/refreshToken 401 [14/Dec/2024:10:54:54 +0000] - 8.143 ms localhost
GET /user/refreshToken 401 [14/Dec/2024:10:54:54 +0000] - 10.342 ms localhost
GET /user/refreshToken 401 [14/Dec/2024:10:54:54 +0000] - 9.514 ms localhost
GET /user/refreshToken 401 [14/Dec/2024:10:54:54 +0000] - 11.776 ms localhost
GET /user/refreshToken 401 [14/Dec/2024:10:54:54 +0000] - 9.028 ms localhost
GET /user/refreshToken 401 [14/Dec/2024:10:54:54 +0000] - 10.467 ms localhost
GET /user/refreshToken 401 [14/Dec/2024:10:54:54 +0000] - 10.883 ms localhost
GET /user/refreshToken 401 [14/Dec/2024:10:54:54 +0000] - 9.667 ms localhost
GET /user/refreshToken 401 [14/Dec/2024:10:54:55 +0000] - 9.056 ms localhost
GET /user/refreshToken 401 [14/Dec/2024:10:54:55 +0000] - 9.429 ms localhost
GET /user/refreshToken 401 [14/Dec/2024:10:54:55 +0000] - 8.391 ms localhost
GET /user/refreshToken 401 [14/Dec/2024:10:54:55 +0000] - 9.066 ms localhost
GET /user/refreshToken 401 [14/Dec/2024:10:54:55 +0000] - 6.573 ms localhost
GET /user/refreshToken 401 [14/Dec/2024:10:54:55 +0000] - 9.361 ms localhost
GET /user/refreshToken 401 [14/Dec/2024:10:54:55 +0000] - 14.151 ms localhost
GET /user/refreshToken 401 [14/Dec/2024:10:54:55 +0000] - 9.220 ms localhost
GET /user/refreshToken 401 [14/Dec/2024:10:54:55 +0000] - 9.077 ms localhost
GET /user/refreshToken 401 [14/Dec/2024:10:54:55 +0000] - 7.921 ms localhost
GET /user/refreshToken 401 [14/Dec/2024:10:54:55 +0000] - 9.199 ms localhost
GET /user/refreshToken 401 [14/Dec/2024:10:54:55 +0000] - 10.947 ms localhost
GET /user/refreshToken 401 [14/Dec/2024:10:54:55 +0000] - 9.751 ms localhost
GET /user/refreshToken 401 [14/Dec/2024:10:54:55 +0000] - 11.404 ms localhost
GET /user/refreshToken 401 [14/Dec/2024:10:54:55 +0000] - 10.980 ms localhost
GET /user/refreshToken 401 [14/Dec/2024:10:54:55 +0000] - 10.298 ms localhost
GET /user/refreshToken 401 [14/Dec/2024:10:54:55 +0000] - 9.236 ms localhost
GET /user/refreshToken 401 [14/Dec/2024:10:54:55 +0000] - 11.902 ms localhost
GET /user/refreshToken 401 [14/Dec/2024:10:54:55 +0000] - 13.607 ms localhost
GET /user/refreshToken 401 [14/Dec/2024:10:54:55 +0000] - 11.511 ms localhost
GET /user/refreshToken 401 [14/Dec/2024:10:54:55 +0000] - 8.536 ms localhost
GET /user/refreshToken 401 [14/Dec/2024:10:54:55 +0000] - 8.277 ms localhost
GET /user/refreshToken 401 [14/Dec/2024:10:54:55 +0000] - 8.096 ms localhost
GET /user/refreshToken 401 [14/Dec/2024:10:54:55 +0000] - 9.146 ms localhost
GET /user/refreshToken 401 [14/Dec/2024:10:54:55 +0000] - 7.758 ms localhost
GET /user/refreshToken 401 [14/Dec/2024:10:54:56 +0000] - 7.623 ms localhost
GET /user/refreshToken 401 [14/Dec/2024:10:54:56 +0000] - 9.777 ms localhost
GET /user/refreshToken 401 [14/Dec/2024:10:54:56 +0000] - 8.204 ms localhost
GET /user/refreshToken 401 [14/Dec/2024:10:54:56 +0000] - 12.820 ms localhost
GET /user/refreshToken 401 [14/Dec/2024:10:54:56 +0000] - 10.813 ms localhost
GET /user/refreshToken 401 [14/Dec/2024:10:54:56 +0000] - 9.609 ms localhost
GET /user/refreshToken 401 [14/Dec/2024:10:54:56 +0000] - 9.078 ms localhost
GET /user/refreshToken 401 [14/Dec/2024:10:54:56 +0000] - 12.193 ms localhost
GET /user/refreshToken 401 [14/Dec/2024:10:54:56 +0000] - 12.731 ms localhost
GET /user/refreshToken 401 [14/Dec/2024:10:54:56 +0000] - 12.504 ms localhost
GET /user/refreshToken 401 [14/Dec/2024:10:54:56 +0000] - 10.480 ms localhost
GET /user/refreshToken 401 [14/Dec/2024:10:54:56 +0000] - 11.031 ms localhost
GET /user/refreshToken 401 [14/Dec/2024:10:54:56 +0000] - 10.151 ms localhost
GET /user/refreshToken 401 [14/Dec/2024:10:54:56 +0000] - 7.860 ms localhost
GET /user/refreshToken 401 [14/Dec/2024:10:54:56 +0000] - 8.412 ms localhost
GET /user/refreshToken 401 [14/Dec/2024:10:54:56 +0000] - 7.522 ms localhost
GET /user/refreshToken 401 [14/Dec/2024:10:54:56 +0000] - 7.353 ms localhost
GET /user/refreshToken 401 [14/Dec/2024:10:54:56 +0000] - 7.314 ms localhost
GET /user/refreshToken 401 [14/Dec/2024:10:54:56 +0000] - 7.502 ms localhost
GET /user/refreshToken 401 [14/Dec/2024:10:54:56 +0000] - 8.948 ms localhost
GET /user/refreshToken 401 [14/Dec/2024:10:54:56 +0000] - 8.213 ms localhost
GET /user/refreshToken 401 [14/Dec/2024:10:54:56 +0000] - 7.966 ms localhost
GET /user/refreshToken 401 [14/Dec/2024:10:54:57 +0000] - 7.460 ms localhost
GET /user/refreshToken 401 [14/Dec/2024:10:54:57 +0000] - 7.368 ms localhost
GET /user/refreshToken 401 [14/Dec/2024:10:54:57 +0000] - 7.300 ms localhost
GET /user/refreshToken 401 [14/Dec/2024:10:54:57 +0000] - 8.159 ms localhost
GET /user/refreshToken 401 [14/Dec/2024:10:54:57 +0000] - 8.195 ms localhost
GET /user/refreshToken 401 [14/Dec/2024:10:54:57 +0000] - 7.506 ms localhost
GET /user/refreshToken 401 [14/Dec/2024:10:54:57 +0000] - 7.174 ms localhost
GET /user/refreshToken 401 [14/Dec/2024:10:54:57 +0000] - 8.273 ms localhost
GET /user/refreshToken 401 [14/Dec/2024:10:54:57 +0000] - 7.979 ms localhost
GET /user/refreshToken 401 [14/Dec/2024:10:54:57 +0000] - 7.598 ms localhost
GET /user/refreshToken 401 [14/Dec/2024:10:54:57 +0000] - 6.465 ms localhost
GET /user/refreshToken 401 [14/Dec/2024:10:54:57 +0000] - 8.966 ms localhost
GET /user/refreshToken 401 [14/Dec/2024:10:54:57 +0000] - 6.739 ms localhost
GET /user/refreshToken 401 [14/Dec/2024:10:54:57 +0000] - 8.491 ms localhost
GET /user/refreshToken 401 [14/Dec/2024:10:54:57 +0000] - 8.228 ms localhost
GET /user/refreshToken 401 [14/Dec/2024:10:54:57 +0000] - 7.340 ms localhost
GET /user/refreshToken 401 [14/Dec/2024:10:54:57 +0000] - 8.329 ms localhost
GET /user/refreshToken 401 [14/Dec/2024:10:54:57 +0000] - 8.536 ms localhost
GET /user/refreshToken 401 [14/Dec/2024:10:54:57 +0000] - 7.925 ms localhost
GET /user/refreshToken 401 [14/Dec/2024:10:54:58 +0000] - 8.961 ms localhost
GET /user/refreshToken 401 [14/Dec/2024:10:54:58 +0000] - 9.226 ms localhost
GET /user/refreshToken 401 [14/Dec/2024:10:54:58 +0000] - 7.933 ms localhost
GET /user/refreshToken 401 [14/Dec/2024:10:54:58 +0000] - 8.370 ms localhost
GET /user/refreshToken 401 [14/Dec/2024:10:54:58 +0000] - 7.414 ms localhost
GET /user/refreshToken 401 [14/Dec/2024:10:54:58 +0000] - 7.516 ms localhost
GET /user/refreshToken 401 [14/Dec/2024:10:54:58 +0000] - 8.110 ms localhost
GET /user/refreshToken 401 [14/Dec/2024:10:54:58 +0000] - 7.962 ms localhost
GET /user/refreshToken 401 [14/Dec/2024:10:54:58 +0000] - 7.563 ms localhost
GET /user/refreshToken 401 [14/Dec/2024:10:54:58 +0000] - 8.133 ms localhost
GET /user/refreshToken 401 [14/Dec/2024:10:54:58 +0000] - 10.658 ms localhost
GET /user/refreshToken 401 [14/Dec/2024:10:54:58 +0000] - 7.014 ms localhost
GET /user/refreshToken 401 [14/Dec/2024:10:54:58 +0000] - 7.822 ms localhost
GET /user/refreshToken 401 [14/Dec/2024:10:54:58 +0000] - 8.559 ms localhost
GET /user/refreshToken 401 [14/Dec/2024:10:54:58 +0000] - 6.981 ms localhost
GET /user/refreshToken 401 [14/Dec/2024:10:54:58 +0000] - 7.047 ms localhost
GET /user/refreshToken 401 [14/Dec/2024:10:54:58 +0000] - 7.353 ms localhost
GET /user/refreshToken 401 [14/Dec/2024:10:54:58 +0000] - 7.912 ms localhost
GET /user/refreshToken 401 [14/Dec/2024:10:54:58 +0000] - 7.087 ms localhost
GET /user/refreshToken 401 [14/Dec/2024:10:54:58 +0000] - 7.042 ms localhost
GET /user/refreshToken 401 [14/Dec/2024:10:54:58 +0000] - 7.312 ms localhost
GET /user/refreshToken 401 [14/Dec/2024:10:54:58 +0000] - 8.280 ms localhost
GET /user/refreshToken 401 [14/Dec/2024:10:54:58 +0000] - 6.899 ms localhost
GET /user/refreshToken 401 [14/Dec/2024:10:54:58 +0000] - 7.106 ms localhost
GET /user/refreshToken 401 [14/Dec/2024:10:54:58 +0000] - 7.067 ms localhost
GET /user/refreshToken 401 [14/Dec/2024:10:54:58 +0000] - 7.036 ms localhost
GET /user/refreshToken 401 [14/Dec/2024:10:54:59 +0000] - 8.107 ms localhost
GET /user/refreshToken 401 [14/Dec/2024:10:54:59 +0000] - 9.250 ms localhost
GET /user/refreshToken 401 [14/Dec/2024:10:54:59 +0000] - 7.190 ms localhost
GET /user/refreshToken 401 [14/Dec/2024:10:54:59 +0000] - 6.879 ms localhost
GET /user/refreshToken 401 [14/Dec/2024:10:54:59 +0000] - 7.419 ms localhost
GET /user/refreshToken 401 [14/Dec/2024:10:54:59 +0000] - 7.272 ms localhost
GET /user/refreshToken 401 [14/Dec/2024:10:54:59 +0000] - 11.789 ms localhost
GET /user/refreshToken 401 [14/Dec/2024:10:54:59 +0000] - 11.235 ms localhost
GET /user/refreshToken 401 [14/Dec/2024:10:54:59 +0000] - 8.388 ms localhost
GET /user/refreshToken 401 [14/Dec/2024:10:54:59 +0000] - 9.459 ms localhost
GET /user/refreshToken 401 [14/Dec/2024:10:54:59 +0000] - 9.716 ms localhost
GET /user/refreshToken 401 [14/Dec/2024:10:54:59 +0000] - 8.918 ms localhost
GET /user/refreshToken 401 [14/Dec/2024:10:54:59 +0000] - 9.207 ms localhost
GET /user/refreshToken 401 [14/Dec/2024:10:54:59 +0000] - 7.726 ms localhost
GET /user/refreshToken 401 [14/Dec/2024:10:54:59 +0000] - 8.380 ms localhost
GET /user/refreshToken 401 [14/Dec/2024:10:54:59 +0000] - 8.917 ms localhost
GET /user/refreshToken 401 [14/Dec/2024:10:54:59 +0000] - 9.474 ms localhost
GET /user/refreshToken 401 [14/Dec/2024:10:54:59 +0000] - 6.542 ms localhost
GET /user/refreshToken 401 [14/Dec/2024:10:54:59 +0000] - 6.688 ms localhost
GET /user/refreshToken 401 [14/Dec/2024:10:54:59 +0000] - 7.567 ms localhost
GET /user/refreshToken 401 [14/Dec/2024:10:54:59 +0000] - 8.212 ms localhost
GET /user/refreshToken 401 [14/Dec/2024:10:54:59 +0000] - 7.030 ms localhost
GET /user/refreshToken 401 [14/Dec/2024:10:54:59 +0000] - 6.461 ms localhost
GET /user/refreshToken 401 [14/Dec/2024:10:54:59 +0000] - 9.406 ms localhost
GET /user/refreshToken 401 [14/Dec/2024:10:54:59 +0000] - 8.961 ms localhost
GET /user/refreshToken 401 [14/Dec/2024:10:54:59 +0000] - 9.577 ms localhost
GET /user/refreshToken 401 [14/Dec/2024:10:54:59 +0000] - 9.490 ms localhost
GET /user/refreshToken 401 [14/Dec/2024:10:54:59 +0000] - 8.448 ms localhost
GET /user/refreshToken 401 [14/Dec/2024:10:55:00 +0000] - 8.629 ms localhost
GET /user/refreshToken 401 [14/Dec/2024:10:55:00 +0000] - 7.806 ms localhost
GET /user/refreshToken 401 [14/Dec/2024:10:55:00 +0000] - 8.140 ms localhost
GET /user/refreshToken 401 [14/Dec/2024:10:55:00 +0000] - 9.772 ms localhost
GET /user/refreshToken 401 [14/Dec/2024:10:55:00 +0000] - 8.752 ms localhost
GET /user/refreshToken 401 [14/Dec/2024:10:55:00 +0000] - 8.724 ms localhost
GET /user/refreshToken 401 [14/Dec/2024:10:55:00 +0000] - 8.665 ms localhost
GET /user/refreshToken 401 [14/Dec/2024:10:55:00 +0000] - 14.098 ms localhost
GET /user/refreshToken 401 [14/Dec/2024:10:55:00 +0000] - 10.207 ms localhost
GET /user/refreshToken 401 [14/Dec/2024:10:55:00 +0000] - 8.230 ms localhost
GET /user/refreshToken 401 [14/Dec/2024:10:55:00 +0000] - 7.355 ms localhost
GET /user/refreshToken 401 [14/Dec/2024:10:55:00 +0000] - 8.464 ms localhost
GET /user/refreshToken 401 [14/Dec/2024:10:55:00 +0000] - 10.152 ms localhost
GET /user/refreshToken 401 [14/Dec/2024:10:55:00 +0000] - 8.072 ms localhost
GET /login 200 [14/Dec/2024:10:57:23 +0000] - 113.256 ms localhost
GET /@vite/client 304 [14/Dec/2024:10:57:23 +0000] - 9.790 ms localhost
GET /main.js 304 [14/Dec/2024:10:57:23 +0000] - 12.173 ms localhost
GET /styles.css 200 [14/Dec/2024:10:57:23 +0000] - 9.203 ms localhost
GET /polyfills.js 304 [14/Dec/2024:10:57:23 +0000] - 13.040 ms localhost
GET /@fs/C:/Users/USER/Desktop/BroCampTasks/Angular_Project/frontend/node_modules/vite/dist/client/env.mjs 304 [14/Dec/2024:10:57:24 +0000] - 7.728 ms localhost
GET /favicon.ico 304 [14/Dec/2024:10:57:24 +0000] - 7.050 ms localhost
GET /styles.css.map 200 [14/Dec/2024:10:57:31 +0000] - 21.585 ms localhost
GET /@fs/C:/Users/USER/Desktop/BroCampTasks/Angular_Project/frontend/.angular/cache/18.2.11/frontend/vite/deps/chunk-SD63G7YN.js.map 304 [14/Dec/2024:10:57:31 +0000] - 49.315 ms localhost
GET /@fs/C:/Users/USER/Desktop/BroCampTasks/Angular_Project/frontend/.angular/cache/18.2.11/frontend/vite/deps/@angular_router.js.map 304 [14/Dec/2024:10:57:31 +0000] - 80.929 ms localhost
GET /@fs/C:/Users/USER/Desktop/BroCampTasks/Angular_Project/frontend/.angular/cache/18.2.11/frontend/vite/deps/chunk-PF6LNL77.js.map 304 [14/Dec/2024:10:57:31 +0000] - 132.810 ms localhost
GET /@fs/C:/Users/USER/Desktop/BroCampTasks/Angular_Project/frontend/.angular/cache/18.2.11/frontend/vite/deps/chunk-PLMZ7O3F.js.map 304 [14/Dec/2024:10:57:31 +0000] - 159.366 ms localhost
GET /@fs/C:/Users/USER/Desktop/BroCampTasks/Angular_Project/frontend/.angular/cache/18.2.11/frontend/vite/deps/@angular_forms.js.map 304 [14/Dec/2024:10:57:31 +0000] - 155.885 ms localhost
GET /login 200 [14/Dec/2024:10:57:31 +0000] - 115.685 ms localhost
GET / - [14/Dec/2024:10:57:31 +0000] - - ms localhost
GET /@fs/C:/Users/USER/Desktop/BroCampTasks/Angular_Project/frontend/.angular/cache/18.2.11/frontend/vite/deps/@angular_common.js.map 304 [14/Dec/2024:10:57:32 +0000] - 628.598 ms localhost
GET /@fs/C:/Users/USER/Desktop/BroCampTasks/Angular_Project/frontend/.angular/cache/18.2.11/frontend/vite/deps/chunk-FDUYSLZ7.js.map 304 [14/Dec/2024:10:57:32 +0000] - 814.796 ms localhost
GET /styles.css 200 [14/Dec/2024:10:57:32 +0000] - 133.176 ms localhost
GET /@fs/C:/Users/USER/Desktop/BroCampTasks/Angular_Project/frontend/.angular/cache/18.2.11/frontend/vite/deps/@angular_platform-browser.js.map 304 [14/Dec/2024:10:57:32 +0000] - 665.567 ms localhost
GET /@fs/C:/Users/USER/Desktop/BroCampTasks/Angular_Project/frontend/.angular/cache/18.2.11/frontend/vite/deps/@angular_core.js.map 304 [14/Dec/2024:10:57:32 +0000] - 631.027 ms localhost
GET /@fs/C:/Users/USER/Desktop/BroCampTasks/Angular_Project/frontend/.angular/cache/18.2.11/frontend/vite/deps/chunk-J2M542RS.js.map 304 [14/Dec/2024:10:57:32 +0000] - 677.040 ms localhost
GET /@fs/C:/Users/USER/Desktop/BroCampTasks/Angular_Project/frontend/.angular/cache/18.2.11/frontend/vite/deps/@angular_common_http.js.map 304 [14/Dec/2024:10:57:32 +0000] - 618.868 ms localhost
GET /@vite/client 304 [14/Dec/2024:10:57:32 +0000] - 18.377 ms localhost
GET /polyfills.js 304 [14/Dec/2024:10:57:32 +0000] - 11.561 ms localhost
GET /main.js 304 [14/Dec/2024:10:57:32 +0000] - 11.195 ms localhost
GET /login.component.css.map 200 [14/Dec/2024:10:57:32 +0000] - 12.577 ms localhost
GET /@fs/C:/Users/USER/Desktop/BroCampTasks/Angular_Project/frontend/.angular/cache/18.2.11/frontend/vite/deps/rxjs.js.map 304 [14/Dec/2024:10:57:32 +0000] - 19.782 ms localhost
GET /@fs/C:/Users/USER/Desktop/BroCampTasks/Angular_Project/frontend/node_modules/vite/dist/client/env.mjs 304 [14/Dec/2024:10:57:32 +0000] - 5.265 ms localhost
GET /styles.css.map 200 [14/Dec/2024:10:57:32 +0000] - 6.619 ms localhost
GET /@fs/C:/Users/USER/Desktop/BroCampTasks/Angular_Project/frontend/.angular/cache/18.2.11/frontend/vite/deps/@angular_platform-browser.js.map 304 [14/Dec/2024:10:57:32 +0000] - 9.992 ms localhost
GET /@fs/C:/Users/USER/Desktop/BroCampTasks/Angular_Project/frontend/.angular/cache/18.2.11/frontend/vite/deps/chunk-SD63G7YN.js.map 304 [14/Dec/2024:10:57:32 +0000] - 12.291 ms localhost
GET /@fs/C:/Users/USER/Desktop/BroCampTasks/Angular_Project/frontend/.angular/cache/18.2.11/frontend/vite/deps/chunk-J2M542RS.js.map 304 [14/Dec/2024:10:57:32 +0000] - 13.729 ms localhost
GET /@fs/C:/Users/USER/Desktop/BroCampTasks/Angular_Project/frontend/.angular/cache/18.2.11/frontend/vite/deps/chunk-PLMZ7O3F.js.map 304 [14/Dec/2024:10:57:32 +0000] - 16.032 ms localhost
GET /@fs/C:/Users/USER/Desktop/BroCampTasks/Angular_Project/frontend/.angular/cache/18.2.11/frontend/vite/deps/chunk-FDUYSLZ7.js.map 304 [14/Dec/2024:10:57:32 +0000] - 83.195 ms localhost
GET /@fs/C:/Users/USER/Desktop/BroCampTasks/Angular_Project/frontend/.angular/cache/18.2.11/frontend/vite/deps/@angular_core.js.map 304 [14/Dec/2024:10:57:32 +0000] - 186.925 ms localhost
GET /@fs/C:/Users/USER/Desktop/BroCampTasks/Angular_Project/frontend/.angular/cache/18.2.11/frontend/vite/deps/chunk-PF6LNL77.js.map 304 [14/Dec/2024:10:57:32 +0000] - 203.658 ms localhost
GET /@fs/C:/Users/USER/Desktop/BroCampTasks/Angular_Project/frontend/.angular/cache/18.2.11/frontend/vite/deps/@angular_router.js.map 304 [14/Dec/2024:10:57:32 +0000] - 186.683 ms localhost
GET /@fs/C:/Users/USER/Desktop/BroCampTasks/Angular_Project/frontend/.angular/cache/18.2.11/frontend/vite/deps/@angular_common_http.js.map 304 [14/Dec/2024:10:57:32 +0000] - 173.790 ms localhost
GET /@fs/C:/Users/USER/Desktop/BroCampTasks/Angular_Project/frontend/.angular/cache/18.2.11/frontend/vite/deps/@angular_forms.js.map 304 [14/Dec/2024:10:57:32 +0000] - 96.493 ms localhost
GET /login.component.css.map 200 [14/Dec/2024:10:57:32 +0000] - 17.060 ms localhost
GET /@fs/C:/Users/USER/Desktop/BroCampTasks/Angular_Project/frontend/.angular/cache/18.2.11/frontend/vite/deps/rxjs.js.map 304 [14/Dec/2024:10:57:32 +0000] - 193.109 ms localhost
GET /@fs/C:/Users/USER/Desktop/BroCampTasks/Angular_Project/frontend/.angular/cache/18.2.11/frontend/vite/deps/@angular_common.js.map 304 [14/Dec/2024:10:57:32 +0000] - 44.308 ms localhost
GET /favicon.ico 304 [14/Dec/2024:10:57:33 +0000] - 10.130 ms localhost
POST /user/login 200 [14/Dec/2024:10:57:43 +0000] - 449.495 ms localhost
GET /layout.component.css.map 200 [14/Dec/2024:10:57:43 +0000] - 11.739 ms localhost
GET /dashboard.component.css.map 200 [14/Dec/2024:10:57:43 +0000] - 7.902 ms localhost
GET / - [14/Dec/2024:11:01:32 +0000] - - ms localhost
GET /dashboard 200 [14/Dec/2024:13:35:31 +0000] - 668.800 ms localhost
GET /styles.css 200 [14/Dec/2024:13:35:32 +0000] - 27.760 ms localhost
GET /@vite/client 304 [14/Dec/2024:13:35:32 +0000] - 29.950 ms localhost
GET /polyfills.js 304 [14/Dec/2024:13:35:32 +0000] - 25.077 ms localhost
GET /main.js 304 [14/Dec/2024:13:35:32 +0000] - 23.920 ms localhost
GET /@fs/C:/Users/USER/Desktop/BroCampTasks/Angular_Project/frontend/node_modules/vite/dist/client/env.mjs 304 [14/Dec/2024:13:35:34 +0000] - 9.637 ms localhost
GET /styles.css.map 200 [14/Dec/2024:13:35:34 +0000] - 23.430 ms localhost
GET /@fs/C:/Users/USER/Desktop/BroCampTasks/Angular_Project/frontend/.angular/cache/18.2.11/frontend/vite/deps/@angular_platform-browser.js.map 304 [14/Dec/2024:13:35:36 +0000] - 36.949 ms localhost
GET /@fs/C:/Users/USER/Desktop/BroCampTasks/Angular_Project/frontend/.angular/cache/18.2.11/frontend/vite/deps/chunk-SD63G7YN.js.map 304 [14/Dec/2024:13:35:37 +0000] - 1416.932 ms localhost
GET /@fs/C:/Users/USER/Desktop/BroCampTasks/Angular_Project/frontend/.angular/cache/18.2.11/frontend/vite/deps/chunk-PLMZ7O3F.js.map 304 [14/Dec/2024:13:35:37 +0000] - 1402.848 ms localhost
GET /@fs/C:/Users/USER/Desktop/BroCampTasks/Angular_Project/frontend/.angular/cache/18.2.11/frontend/vite/deps/@angular_forms.js.map 304 [14/Dec/2024:13:35:39 +0000] - 2745.475 ms localhost
GET /@fs/C:/Users/USER/Desktop/BroCampTasks/Angular_Project/frontend/.angular/cache/18.2.11/frontend/vite/deps/chunk-J2M542RS.js.map 304 [14/Dec/2024:13:35:39 +0000] - 3150.749 ms localhost
GET /favicon.ico 304 [14/Dec/2024:13:35:39 +0000] - 1620.361 ms localhost
GET /@fs/C:/Users/USER/Desktop/BroCampTasks/Angular_Project/frontend/.angular/cache/18.2.11/frontend/vite/deps/chunk-FDUYSLZ7.js.map 304 [14/Dec/2024:13:35:40 +0000] - 4091.370 ms localhost
GET /@fs/C:/Users/USER/Desktop/BroCampTasks/Angular_Project/frontend/.angular/cache/18.2.11/frontend/vite/deps/@angular_core.js.map 304 [14/Dec/2024:13:35:40 +0000] - 2972.639 ms localhost
GET /@fs/C:/Users/USER/Desktop/BroCampTasks/Angular_Project/frontend/.angular/cache/18.2.11/frontend/vite/deps/chunk-PF6LNL77.js.map 304 [14/Dec/2024:13:35:40 +0000] - 3842.894 ms localhost
GET /@fs/C:/Users/USER/Desktop/BroCampTasks/Angular_Project/frontend/.angular/cache/18.2.11/frontend/vite/deps/@angular_common_http.js.map 304 [14/Dec/2024:13:35:40 +0000] - 897.042 ms localhost
GET /@fs/C:/Users/USER/Desktop/BroCampTasks/Angular_Project/frontend/.angular/cache/18.2.11/frontend/vite/deps/rxjs.js.map 304 [14/Dec/2024:13:35:40 +0000] - 897.091 ms localhost
GET /@fs/C:/Users/USER/Desktop/BroCampTasks/Angular_Project/frontend/.angular/cache/18.2.11/frontend/vite/deps/@angular_common.js.map 304 [14/Dec/2024:13:35:40 +0000] - 8.292 ms localhost
GET /login.component.css.map 200 [14/Dec/2024:13:35:41 +0000] - 8.184 ms localhost
GET /@fs/C:/Users/USER/Desktop/BroCampTasks/Angular_Project/frontend/.angular/cache/18.2.11/frontend/vite/deps/@angular_router.js.map 304 [14/Dec/2024:13:35:41 +0000] - 2351.765 ms localhost
GET / - [14/Dec/2024:13:39:34 +0000] - - ms localhost
GET /login 200 [14/Dec/2024:15:28:37 +0000] - 367.604 ms localhost
GET /@vite/client 304 [14/Dec/2024:15:28:37 +0000] - 18.382 ms localhost
GET /styles.css 200 [14/Dec/2024:15:28:37 +0000] - 19.443 ms localhost
GET /polyfills.js 304 [14/Dec/2024:15:28:37 +0000] - 28.404 ms localhost
GET /main.js 304 [14/Dec/2024:15:28:37 +0000] - 26.570 ms localhost
GET /@fs/C:/Users/USER/Desktop/BroCampTasks/Angular_Project/frontend/node_modules/vite/dist/client/env.mjs 304 [14/Dec/2024:15:28:38 +0000] - 46.322 ms localhost
GET /styles.css.map 200 [14/Dec/2024:15:28:38 +0000] - 15.793 ms localhost
GET /@fs/C:/Users/USER/Desktop/BroCampTasks/Angular_Project/frontend/.angular/cache/18.2.11/frontend/vite/deps/@angular_platform-browser.js.map 304 [14/Dec/2024:15:28:39 +0000] - 597.617 ms localhost
GET /@fs/C:/Users/USER/Desktop/BroCampTasks/Angular_Project/frontend/.angular/cache/18.2.11/frontend/vite/deps/chunk-J2M542RS.js.map 304 [14/Dec/2024:15:28:39 +0000] - 613.170 ms localhost
GET /@fs/C:/Users/USER/Desktop/BroCampTasks/Angular_Project/frontend/.angular/cache/18.2.11/frontend/vite/deps/chunk-SD63G7YN.js.map 304 [14/Dec/2024:15:28:39 +0000] - 642.226 ms localhost
GET /@fs/C:/Users/USER/Desktop/BroCampTasks/Angular_Project/frontend/.angular/cache/18.2.11/frontend/vite/deps/chunk-PF6LNL77.js.map 304 [14/Dec/2024:15:28:39 +0000] - 680.281 ms localhost
GET /@fs/C:/Users/USER/Desktop/BroCampTasks/Angular_Project/frontend/.angular/cache/18.2.11/frontend/vite/deps/chunk-PLMZ7O3F.js.map 304 [14/Dec/2024:15:28:39 +0000] - 723.321 ms localhost
GET /favicon.ico 304 [14/Dec/2024:15:28:39 +0000] - 177.016 ms localhost
GET /login.component.css.map 200 [14/Dec/2024:15:28:39 +0000] - 22.790 ms localhost
GET /@fs/C:/Users/USER/Desktop/BroCampTasks/Angular_Project/frontend/.angular/cache/18.2.11/frontend/vite/deps/chunk-FDUYSLZ7.js.map 304 [14/Dec/2024:15:28:40 +0000] - 1122.516 ms localhost
GET /@fs/C:/Users/USER/Desktop/BroCampTasks/Angular_Project/frontend/.angular/cache/18.2.11/frontend/vite/deps/@angular_core.js.map 304 [14/Dec/2024:15:28:40 +0000] - 576.131 ms localhost
GET /@fs/C:/Users/USER/Desktop/BroCampTasks/Angular_Project/frontend/.angular/cache/18.2.11/frontend/vite/deps/@angular_router.js.map 304 [14/Dec/2024:15:28:40 +0000] - 566.927 ms localhost
GET /@fs/C:/Users/USER/Desktop/BroCampTasks/Angular_Project/frontend/.angular/cache/18.2.11/frontend/vite/deps/@angular_common_http.js.map 304 [14/Dec/2024:15:28:40 +0000] - 497.225 ms localhost
GET /@fs/C:/Users/USER/Desktop/BroCampTasks/Angular_Project/frontend/.angular/cache/18.2.11/frontend/vite/deps/@angular_forms.js.map 304 [14/Dec/2024:15:28:40 +0000] - 477.001 ms localhost
GET /@fs/C:/Users/USER/Desktop/BroCampTasks/Angular_Project/frontend/.angular/cache/18.2.11/frontend/vite/deps/@angular_common.js.map 304 [14/Dec/2024:15:28:40 +0000] - 67.874 ms localhost
GET /@fs/C:/Users/USER/Desktop/BroCampTasks/Angular_Project/frontend/.angular/cache/18.2.11/frontend/vite/deps/rxjs.js.map 304 [14/Dec/2024:15:28:40 +0000] - 418.641 ms localhost
POST /user/login 200 [14/Dec/2024:15:30:55 +0000] - 797.866 ms localhost
GET /dashboard.component.css.map 200 [14/Dec/2024:15:30:55 +0000] - 14.409 ms localhost
GET /layout.component.css.map 200 [14/Dec/2024:15:30:55 +0000] - 13.462 ms localhost
GET /user/usersCount 304 [14/Dec/2024:15:31:10 +0000] - 125.007 ms localhost
GET /user/users?pageNumber=1&pageSize=2 304 [14/Dec/2024:15:31:10 +0000] - 139.332 ms localhost
POST /user/verifyUser 200 [14/Dec/2024:15:31:28 +0000] - 5471.596 ms localhost
GET /user/users?pageNumber=1&pageSize=2 200 [14/Dec/2024:15:31:28 +0000] - 63.850 ms localhost
GET /user/users?pageNumber=2&pageSize=2 304 [14/Dec/2024:15:32:02 +0000] - 49.544 ms localhost
GET /user/users?pageNumber=3&pageSize=2 200 [14/Dec/2024:15:32:07 +0000] - 73.661 ms localhost
GET /user/users?pageNumber=1&pageSize=2 304 [14/Dec/2024:15:32:10 +0000] - 27.976 ms localhost
GET /service/totalService 304 [14/Dec/2024:15:32:13 +0000] - 1042.525 ms localhost
GET /service/services?pageNumber=1&pageSize=2 304 [14/Dec/2024:15:32:13 +0000] - 1135.342 ms localhost
GET /user/user/673ac7d8306657184e800578 200 [14/Dec/2024:15:32:19 +0000] - 45.365 ms localhost
GET /service/approveService/6757e92bc61b8fbac9567f25 200 [14/Dec/2024:15:32:19 +0000] - 428.547 ms localhost
GET /service/services 200 [14/Dec/2024:15:32:19 +0000] - 41.266 ms localhost
GET /services 200 [14/Dec/2024:17:39:45 +0000] - 163.758 ms localhost
GET /@vite/client 304 [14/Dec/2024:17:39:49 +0000] - 14.429 ms localhost
GET /styles.css 200 [14/Dec/2024:17:39:50 +0000] - 13.871 ms localhost
GET /polyfills.js 304 [14/Dec/2024:17:39:50 +0000] - 4.522 ms localhost
GET /main.js 304 [14/Dec/2024:17:39:50 +0000] - 3.261 ms localhost
GET /@fs/C:/Users/USER/Desktop/BroCampTasks/Angular_Project/frontend/node_modules/vite/dist/client/env.mjs 304 [14/Dec/2024:17:39:50 +0000] - 20.368 ms localhost
GET /@fs/C:/Users/USER/Desktop/BroCampTasks/Angular_Project/frontend/.angular/cache/18.2.11/frontend/vite/deps/@angular_platform-browser.js.map 304 [14/Dec/2024:17:39:52 +0000] - 39.257 ms localhost
GET /@fs/C:/Users/USER/Desktop/BroCampTasks/Angular_Project/frontend/.angular/cache/18.2.11/frontend/vite/deps/chunk-SD63G7YN.js.map 304 [14/Dec/2024:17:39:52 +0000] - 47.273 ms localhost
GET /@fs/C:/Users/USER/Desktop/BroCampTasks/Angular_Project/frontend/.angular/cache/18.2.11/frontend/vite/deps/chunk-J2M542RS.js.map 304 [14/Dec/2024:17:39:53 +0000] - 50.151 ms localhost
GET /@fs/C:/Users/USER/Desktop/BroCampTasks/Angular_Project/frontend/.angular/cache/18.2.11/frontend/vite/deps/chunk-PLMZ7O3F.js.map 304 [14/Dec/2024:17:39:53 +0000] - 88.761 ms localhost
GET /@fs/C:/Users/USER/Desktop/BroCampTasks/Angular_Project/frontend/.angular/cache/18.2.11/frontend/vite/deps/chunk-PF6LNL77.js.map 304 [14/Dec/2024:17:39:53 +0000] - 94.358 ms localhost
GET /favicon.ico 304 [14/Dec/2024:17:39:53 +0000] - 26.901 ms localhost
GET /@fs/C:/Users/USER/Desktop/BroCampTasks/Angular_Project/frontend/.angular/cache/18.2.11/frontend/vite/deps/@angular_common_http.js.map 304 [14/Dec/2024:17:39:53 +0000] - 73.523 ms localhost
GET /@fs/C:/Users/USER/Desktop/BroCampTasks/Angular_Project/frontend/.angular/cache/18.2.11/frontend/vite/deps/@angular_core.js.map 304 [14/Dec/2024:17:39:53 +0000] - 91.304 ms localhost
GET /@fs/C:/Users/USER/Desktop/BroCampTasks/Angular_Project/frontend/.angular/cache/18.2.11/frontend/vite/deps/chunk-FDUYSLZ7.js.map 304 [14/Dec/2024:17:39:53 +0000] - 282.709 ms localhost
GET /@fs/C:/Users/USER/Desktop/BroCampTasks/Angular_Project/frontend/.angular/cache/18.2.11/frontend/vite/deps/rxjs.js.map 304 [14/Dec/2024:17:39:53 +0000] - 186.606 ms localhost
GET /@fs/C:/Users/USER/Desktop/BroCampTasks/Angular_Project/frontend/.angular/cache/18.2.11/frontend/vite/deps/@angular_router.js.map 304 [14/Dec/2024:17:39:53 +0000] - 280.348 ms localhost
GET /login.component.css.map 200 [14/Dec/2024:17:39:53 +0000] - 34.783 ms localhost
GET /styles.css.map 200 [14/Dec/2024:17:39:53 +0000] - 184.484 ms localhost
GET /@fs/C:/Users/USER/Desktop/BroCampTasks/Angular_Project/frontend/.angular/cache/18.2.11/frontend/vite/deps/@angular_common.js.map 304 [14/Dec/2024:17:39:53 +0000] - 202.247 ms localhost
GET /@fs/C:/Users/USER/Desktop/BroCampTasks/Angular_Project/frontend/.angular/cache/18.2.11/frontend/vite/deps/@angular_forms.js.map 304 [14/Dec/2024:17:39:53 +0000] - 237.733 ms localhost
GET / - [14/Dec/2024:17:43:50 +0000] - - ms localhost
GET /login 200 [14/Dec/2024:18:10:18 +0000] - 303.643 ms localhost
GET /@vite/client 304 [14/Dec/2024:18:10:18 +0000] - 15.549 ms localhost
GET /styles.css 200 [14/Dec/2024:18:10:18 +0000] - 17.273 ms localhost
GET /polyfills.js 304 [14/Dec/2024:18:10:18 +0000] - 22.753 ms localhost
GET /main.js 304 [14/Dec/2024:18:10:18 +0000] - 21.331 ms localhost
GET /@fs/C:/Users/USER/Desktop/BroCampTasks/Angular_Project/frontend/node_modules/vite/dist/client/env.mjs 304 [14/Dec/2024:18:10:18 +0000] - 7.251 ms localhost
GET /styles.css.map 200 [14/Dec/2024:18:10:19 +0000] - 19.684 ms localhost
GET /@fs/C:/Users/USER/Desktop/BroCampTasks/Angular_Project/frontend/.angular/cache/18.2.11/frontend/vite/deps/@angular_platform-browser.js.map 304 [14/Dec/2024:18:10:19 +0000] - 66.924 ms localhost
GET /@fs/C:/Users/USER/Desktop/BroCampTasks/Angular_Project/frontend/.angular/cache/18.2.11/frontend/vite/deps/chunk-SD63G7YN.js.map 304 [14/Dec/2024:18:10:19 +0000] - 69.653 ms localhost
GET /@fs/C:/Users/USER/Desktop/BroCampTasks/Angular_Project/frontend/.angular/cache/18.2.11/frontend/vite/deps/chunk-PLMZ7O3F.js.map 304 [14/Dec/2024:18:10:19 +0000] - 139.675 ms localhost
GET /@fs/C:/Users/USER/Desktop/BroCampTasks/Angular_Project/frontend/.angular/cache/18.2.11/frontend/vite/deps/@angular_router.js.map 304 [14/Dec/2024:18:10:19 +0000] - 171.712 ms localhost
GET /@fs/C:/Users/USER/Desktop/BroCampTasks/Angular_Project/frontend/.angular/cache/18.2.11/frontend/vite/deps/chunk-J2M542RS.js.map 304 [14/Dec/2024:18:10:19 +0000] - 260.955 ms localhost
GET /favicon.ico 304 [14/Dec/2024:18:10:19 +0000] - 30.995 ms localhost
GET /@fs/C:/Users/USER/Desktop/BroCampTasks/Angular_Project/frontend/.angular/cache/18.2.11/frontend/vite/deps/chunk-FDUYSLZ7.js.map 304 [14/Dec/2024:18:10:19 +0000] - 438.450 ms localhost
GET /@fs/C:/Users/USER/Desktop/BroCampTasks/Angular_Project/frontend/.angular/cache/18.2.11/frontend/vite/deps/chunk-PF6LNL77.js.map 304 [14/Dec/2024:18:10:19 +0000] - 378.565 ms localhost
GET /@fs/C:/Users/USER/Desktop/BroCampTasks/Angular_Project/frontend/.angular/cache/18.2.11/frontend/vite/deps/@angular_core.js.map 304 [14/Dec/2024:18:10:19 +0000] - 365.609 ms localhost
GET /@fs/C:/Users/USER/Desktop/BroCampTasks/Angular_Project/frontend/.angular/cache/18.2.11/frontend/vite/deps/rxjs.js.map 304 [14/Dec/2024:18:10:19 +0000] - 274.728 ms localhost
GET /login.component.css.map 200 [14/Dec/2024:18:10:19 +0000] - 20.604 ms localhost
GET /@fs/C:/Users/USER/Desktop/BroCampTasks/Angular_Project/frontend/.angular/cache/18.2.11/frontend/vite/deps/@angular_forms.js.map 304 [14/Dec/2024:18:10:19 +0000] - 326.445 ms localhost
GET /@fs/C:/Users/USER/Desktop/BroCampTasks/Angular_Project/frontend/.angular/cache/18.2.11/frontend/vite/deps/@angular_common.js.map 304 [14/Dec/2024:18:10:19 +0000] - 169.570 ms localhost
GET /@fs/C:/Users/USER/Desktop/BroCampTasks/Angular_Project/frontend/.angular/cache/18.2.11/frontend/vite/deps/@angular_common_http.js.map 304 [14/Dec/2024:18:10:19 +0000] - 32.832 ms localhost
POST /user/login 200 [14/Dec/2024:18:10:38 +0000] - 1699.377 ms localhost
GET /layout.component.css.map 200 [14/Dec/2024:18:10:38 +0000] - 11.845 ms localhost
GET /dashboard.component.css.map 200 [14/Dec/2024:18:10:38 +0000] - 12.974 ms localhost
GET /service/totalService 304 [14/Dec/2024:18:10:44 +0000] - 479.124 ms localhost
GET /service/services?pageNumber=1&pageSize=2 200 [14/Dec/2024:18:10:45 +0000] - 538.788 ms localhost
GET /service/service/6757511dc61b8fbac9567eea 200 [14/Dec/2024:18:10:50 +0000] - 72.525 ms localhost
GET / - [14/Dec/2024:18:14:18 +0000] - - ms localhost
GET /services 200 [14/Dec/2024:18:20:44 +0000] - 95.083 ms localhost
GET /@vite/client 304 [14/Dec/2024:18:20:45 +0000] - 17.781 ms localhost
GET /styles.css 200 [14/Dec/2024:18:20:45 +0000] - 15.148 ms localhost
GET /polyfills.js 304 [14/Dec/2024:18:20:45 +0000] - 19.456 ms localhost
GET /main.js 200 [14/Dec/2024:18:20:45 +0000] - 65.550 ms localhost
GET /@fs/C:/Users/USER/Desktop/BroCampTasks/Angular_Project/frontend/node_modules/vite/dist/client/env.mjs 304 [14/Dec/2024:18:20:45 +0000] - 3.486 ms localhost
GET /favicon.ico 304 [14/Dec/2024:18:20:55 +0000] - 7.438 ms localhost
GET /@fs/C:/Users/USER/Desktop/BroCampTasks/Angular_Project/frontend/.angular/cache/18.2.11/frontend/vite/deps/@angular_platform-browser.js.map 304 [14/Dec/2024:18:21:01 +0000] - 6.176 ms localhost
GET /@fs/C:/Users/USER/Desktop/BroCampTasks/Angular_Project/frontend/.angular/cache/18.2.11/frontend/vite/deps/chunk-SD63G7YN.js.map 304 [14/Dec/2024:18:21:01 +0000] - 8.157 ms localhost
GET /@fs/C:/Users/USER/Desktop/BroCampTasks/Angular_Project/frontend/.angular/cache/18.2.11/frontend/vite/deps/chunk-J2M542RS.js.map 304 [14/Dec/2024:18:21:01 +0000] - 7.910 ms localhost
GET /@fs/C:/Users/USER/Desktop/BroCampTasks/Angular_Project/frontend/.angular/cache/18.2.11/frontend/vite/deps/chunk-PLMZ7O3F.js.map 304 [14/Dec/2024:18:21:02 +0000] - 14.443 ms localhost
GET /@fs/C:/Users/USER/Desktop/BroCampTasks/Angular_Project/frontend/.angular/cache/18.2.11/frontend/vite/deps/chunk-FDUYSLZ7.js.map 304 [14/Dec/2024:18:21:02 +0000] - 62.515 ms localhost
GET /@fs/C:/Users/USER/Desktop/BroCampTasks/Angular_Project/frontend/.angular/cache/18.2.11/frontend/vite/deps/@angular_core.js.map 304 [14/Dec/2024:18:21:02 +0000] - 65.809 ms localhost
GET /@fs/C:/Users/USER/Desktop/BroCampTasks/Angular_Project/frontend/.angular/cache/18.2.11/frontend/vite/deps/chunk-PF6LNL77.js.map 304 [14/Dec/2024:18:21:02 +0000] - 76.810 ms localhost
GET /@fs/C:/Users/USER/Desktop/BroCampTasks/Angular_Project/frontend/.angular/cache/18.2.11/frontend/vite/deps/@angular_router.js.map 304 [14/Dec/2024:18:21:02 +0000] - 41.363 ms localhost
GET /@fs/C:/Users/USER/Desktop/BroCampTasks/Angular_Project/frontend/.angular/cache/18.2.11/frontend/vite/deps/@angular_common_http.js.map 304 [14/Dec/2024:18:21:02 +0000] - 11.014 ms localhost
GET /@fs/C:/Users/USER/Desktop/BroCampTasks/Angular_Project/frontend/.angular/cache/18.2.11/frontend/vite/deps/rxjs.js.map 304 [14/Dec/2024:18:21:02 +0000] - 13.055 ms localhost
GET /@fs/C:/Users/USER/Desktop/BroCampTasks/Angular_Project/frontend/.angular/cache/18.2.11/frontend/vite/deps/@angular_forms.js.map 304 [14/Dec/2024:18:21:02 +0000] - 18.566 ms localhost
GET /@fs/C:/Users/USER/Desktop/BroCampTasks/Angular_Project/frontend/.angular/cache/18.2.11/frontend/vite/deps/@angular_common.js.map 304 [14/Dec/2024:18:21:02 +0000] - 12.007 ms localhost
GET /login.component.css.map 200 [14/Dec/2024:18:21:02 +0000] - 3.360 ms localhost
GET /styles.css.map 200 [14/Dec/2024:18:21:02 +0000] - 5.801 ms localhost
GET / - [14/Dec/2024:18:24:45 +0000] - - ms localhost
GET /login 200 [14/Dec/2024:18:25:49 +0000] - 50.328 ms localhost
GET /@vite/client 304 [14/Dec/2024:18:25:50 +0000] - 7.546 ms localhost
GET /styles.css 200 [14/Dec/2024:18:25:50 +0000] - 9.113 ms localhost
GET /polyfills.js 304 [14/Dec/2024:18:25:50 +0000] - 3.422 ms localhost
GET /main.js 200 [14/Dec/2024:18:25:50 +0000] - 19.332 ms localhost
GET /@fs/C:/Users/USER/Desktop/BroCampTasks/Angular_Project/frontend/node_modules/vite/dist/client/env.mjs 304 [14/Dec/2024:18:25:50 +0000] - 2.618 ms localhost
GET /favicon.ico 304 [14/Dec/2024:18:25:52 +0000] - 13.592 ms localhost
GET /@fs/C:/Users/USER/Desktop/BroCampTasks/Angular_Project/frontend/.angular/cache/18.2.11/frontend/vite/deps/@angular_platform-browser.js.map 304 [14/Dec/2024:18:25:55 +0000] - 16.658 ms localhost
GET /@fs/C:/Users/USER/Desktop/BroCampTasks/Angular_Project/frontend/.angular/cache/18.2.11/frontend/vite/deps/chunk-SD63G7YN.js.map 304 [14/Dec/2024:18:25:55 +0000] - 23.207 ms localhost
GET /@fs/C:/Users/USER/Desktop/BroCampTasks/Angular_Project/frontend/.angular/cache/18.2.11/frontend/vite/deps/chunk-J2M542RS.js.map 304 [14/Dec/2024:18:25:55 +0000] - 18.804 ms localhost
GET /@fs/C:/Users/USER/Desktop/BroCampTasks/Angular_Project/frontend/.angular/cache/18.2.11/frontend/vite/deps/chunk-PLMZ7O3F.js.map 304 [14/Dec/2024:18:25:55 +0000] - 38.049 ms localhost
GET /@fs/C:/Users/USER/Desktop/BroCampTasks/Angular_Project/frontend/.angular/cache/18.2.11/frontend/vite/deps/@angular_core.js.map 304 [14/Dec/2024:18:25:55 +0000] - 24.358 ms localhost
GET /@fs/C:/Users/USER/Desktop/BroCampTasks/Angular_Project/frontend/.angular/cache/18.2.11/frontend/vite/deps/chunk-PF6LNL77.js.map 304 [14/Dec/2024:18:25:55 +0000] - 33.601 ms localhost
GET /@fs/C:/Users/USER/Desktop/BroCampTasks/Angular_Project/frontend/.angular/cache/18.2.11/frontend/vite/deps/@angular_common_http.js.map 304 [14/Dec/2024:18:25:55 +0000] - 64.396 ms localhost
GET /@fs/C:/Users/USER/Desktop/BroCampTasks/Angular_Project/frontend/.angular/cache/18.2.11/frontend/vite/deps/chunk-FDUYSLZ7.js.map 304 [14/Dec/2024:18:25:55 +0000] - 131.064 ms localhost
GET /@fs/C:/Users/USER/Desktop/BroCampTasks/Angular_Project/frontend/.angular/cache/18.2.11/frontend/vite/deps/@angular_router.js.map 304 [14/Dec/2024:18:25:55 +0000] - 123.619 ms localhost
GET /@fs/C:/Users/USER/Desktop/BroCampTasks/Angular_Project/frontend/.angular/cache/18.2.11/frontend/vite/deps/rxjs.js.map 304 [14/Dec/2024:18:25:55 +0000] - 37.020 ms localhost
GET /@fs/C:/Users/USER/Desktop/BroCampTasks/Angular_Project/frontend/.angular/cache/18.2.11/frontend/vite/deps/@angular_forms.js.map 304 [14/Dec/2024:18:25:55 +0000] - 42.481 ms localhost
GET /@fs/C:/Users/USER/Desktop/BroCampTasks/Angular_Project/frontend/.angular/cache/18.2.11/frontend/vite/deps/@angular_common.js.map 304 [14/Dec/2024:18:25:55 +0000] - 68.903 ms localhost
GET /styles.css.map 200 [14/Dec/2024:18:25:55 +0000] - 6.563 ms localhost
GET /login.component.css.map 200 [14/Dec/2024:18:25:55 +0000] - 2.627 ms localhost
GET /login 200 [14/Dec/2024:18:27:59 +0000] - 8.825 ms localhost
GET / - [14/Dec/2024:18:27:59 +0000] - - ms localhost
GET /@vite/client 304 [14/Dec/2024:18:27:59 +0000] - 8.002 ms localhost
GET /styles.css 200 [14/Dec/2024:18:27:59 +0000] - 7.766 ms localhost
GET /polyfills.js 304 [14/Dec/2024:18:27:59 +0000] - 13.022 ms localhost
GET /main.js 304 [14/Dec/2024:18:27:59 +0000] - 4.545 ms localhost
GET /styles.css.map 200 [14/Dec/2024:18:27:59 +0000] - 6.325 ms localhost
GET /@fs/C:/Users/USER/Desktop/BroCampTasks/Angular_Project/frontend/node_modules/vite/dist/client/env.mjs 304 [14/Dec/2024:18:27:59 +0000] - 3.774 ms localhost
GET /@fs/C:/Users/USER/Desktop/BroCampTasks/Angular_Project/frontend/.angular/cache/18.2.11/frontend/vite/deps/@angular_platform-browser.js.map 304 [14/Dec/2024:18:27:59 +0000] - 11.691 ms localhost
GET /@fs/C:/Users/USER/Desktop/BroCampTasks/Angular_Project/frontend/.angular/cache/18.2.11/frontend/vite/deps/chunk-SD63G7YN.js.map 304 [14/Dec/2024:18:27:59 +0000] - 15.141 ms localhost
GET /@fs/C:/Users/USER/Desktop/BroCampTasks/Angular_Project/frontend/.angular/cache/18.2.11/frontend/vite/deps/chunk-J2M542RS.js.map 304 [14/Dec/2024:18:27:59 +0000] - 16.418 ms localhost
GET /@fs/C:/Users/USER/Desktop/BroCampTasks/Angular_Project/frontend/.angular/cache/18.2.11/frontend/vite/deps/@angular_common_http.js.map 304 [14/Dec/2024:18:27:59 +0000] - 15.673 ms localhost
GET /@fs/C:/Users/USER/Desktop/BroCampTasks/Angular_Project/frontend/.angular/cache/18.2.11/frontend/vite/deps/chunk-PLMZ7O3F.js.map 304 [14/Dec/2024:18:27:59 +0000] - 39.060 ms localhost
GET /@fs/C:/Users/USER/Desktop/BroCampTasks/Angular_Project/frontend/.angular/cache/18.2.11/frontend/vite/deps/chunk-PF6LNL77.js.map 304 [14/Dec/2024:18:27:59 +0000] - 38.604 ms localhost
GET /@fs/C:/Users/USER/Desktop/BroCampTasks/Angular_Project/frontend/.angular/cache/18.2.11/frontend/vite/deps/@angular_core.js.map 304 [14/Dec/2024:18:27:59 +0000] - 8.210 ms localhost
GET /@fs/C:/Users/USER/Desktop/BroCampTasks/Angular_Project/frontend/.angular/cache/18.2.11/frontend/vite/deps/@angular_router.js.map 304 [14/Dec/2024:18:27:59 +0000] - 35.194 ms localhost
GET /@fs/C:/Users/USER/Desktop/BroCampTasks/Angular_Project/frontend/.angular/cache/18.2.11/frontend/vite/deps/chunk-FDUYSLZ7.js.map 304 [14/Dec/2024:18:27:59 +0000] - 105.993 ms localhost
GET /@fs/C:/Users/USER/Desktop/BroCampTasks/Angular_Project/frontend/.angular/cache/18.2.11/frontend/vite/deps/rxjs.js.map 304 [14/Dec/2024:18:27:59 +0000] - 100.867 ms localhost
GET /@fs/C:/Users/USER/Desktop/BroCampTasks/Angular_Project/frontend/.angular/cache/18.2.11/frontend/vite/deps/@angular_forms.js.map 304 [14/Dec/2024:18:27:59 +0000] - 197.272 ms localhost
GET /login.component.css.map 200 [14/Dec/2024:18:28:00 +0000] - 93.620 ms localhost
GET /@fs/C:/Users/USER/Desktop/BroCampTasks/Angular_Project/frontend/.angular/cache/18.2.11/frontend/vite/deps/@angular_common.js.map 304 [14/Dec/2024:18:28:00 +0000] - 214.155 ms localhost
GET /favicon.ico 304 [14/Dec/2024:18:28:00 +0000] - 5.857 ms localhost
POST /user/login 200 [14/Dec/2024:18:28:10 +0000] - 605.126 ms localhost
GET /dashboard.component.css.map 200 [14/Dec/2024:18:28:10 +0000] - 7.688 ms localhost
GET /layout.component.css.map 200 [14/Dec/2024:18:28:10 +0000] - 3.873 ms localhost
GET /service/totalService 304 [14/Dec/2024:18:28:17 +0000] - 218.346 ms localhost
GET /service/services?pageNumber=1&pageSize=2 304 [14/Dec/2024:18:28:17 +0000] - 269.765 ms localhost
GET /service/service/6757511dc61b8fbac9567eea 304 [14/Dec/2024:18:28:22 +0000] - 50.035 ms localhost
