GET /users 200 [27/Dec/2024:12:40:13 +0000] - 345.186 ms localhost
GET /styles.css 200 [27/Dec/2024:12:40:14 +0000] - 58.995 ms localhost
GET /@vite/client 304 [27/Dec/2024:12:40:14 +0000] - 169.470 ms localhost
GET /polyfills.js 304 [27/Dec/2024:12:40:14 +0000] - 152.376 ms localhost
GET /main.js 200 [27/Dec/2024:12:40:14 +0000] - 184.428 ms localhost
GET /@fs/C:/Users/USER/Desktop/BroCampTasks/Angular_Project/frontend/node_modules/vite/dist/client/env.mjs 304 [27/Dec/2024:12:40:14 +0000] - 208.373 ms localhost
GET /favicon.ico 304 [27/Dec/2024:12:40:15 +0000] - 7.189 ms localhost
GET /styles.css.map 200 [27/Dec/2024:12:40:15 +0000] - 15.384 ms localhost
GET /@fs/C:/Users/USER/Desktop/BroCampTasks/Angular_Project/frontend/.angular/cache/18.2.11/frontend/vite/deps/@angular_platform-browser.js.map 304 [27/Dec/2024:12:40:15 +0000] - 165.318 ms localhost
GET /@fs/C:/Users/USER/Desktop/BroCampTasks/Angular_Project/frontend/.angular/cache/18.2.11/frontend/vite/deps/chunk-SD63G7YN.js.map 304 [27/Dec/2024:12:40:15 +0000] - 181.864 ms localhost
GET /@fs/C:/Users/USER/Desktop/BroCampTasks/Angular_Project/frontend/.angular/cache/18.2.11/frontend/vite/deps/chunk-PLMZ7O3F.js.map 304 [27/Dec/2024:12:40:15 +0000] - 227.330 ms localhost
GET /@fs/C:/Users/USER/Desktop/BroCampTasks/Angular_Project/frontend/.angular/cache/18.2.11/frontend/vite/deps/chunk-PF6LNL77.js.map 304 [27/Dec/2024:12:40:15 +0000] - 229.675 ms localhost
GET /@fs/C:/Users/USER/Desktop/BroCampTasks/Angular_Project/frontend/.angular/cache/18.2.11/frontend/vite/deps/chunk-J2M542RS.js.map 304 [27/Dec/2024:12:40:16 +0000] - 244.721 ms localhost
GET /@fs/C:/Users/USER/Desktop/BroCampTasks/Angular_Project/frontend/.angular/cache/18.2.11/frontend/vite/deps/@angular_core.js.map 304 [27/Dec/2024:12:40:16 +0000] - 141.556 ms localhost
GET /@fs/C:/Users/USER/Desktop/BroCampTasks/Angular_Project/frontend/.angular/cache/18.2.11/frontend/vite/deps/chunk-FDUYSLZ7.js.map 304 [27/Dec/2024:12:40:16 +0000] - 544.545 ms localhost
GET /@fs/C:/Users/USER/Desktop/BroCampTasks/Angular_Project/frontend/.angular/cache/18.2.11/frontend/vite/deps/@angular_forms.js.map 304 [27/Dec/2024:12:40:16 +0000] - 277.490 ms localhost
GET /@fs/C:/Users/USER/Desktop/BroCampTasks/Angular_Project/frontend/.angular/cache/18.2.11/frontend/vite/deps/@angular_common.js.map 304 [27/Dec/2024:12:40:16 +0000] - 280.632 ms localhost
GET /login.component.css.map 200 [27/Dec/2024:12:40:16 +0000] - 136.009 ms localhost
GET /@fs/C:/Users/USER/Desktop/BroCampTasks/Angular_Project/frontend/.angular/cache/18.2.11/frontend/vite/deps/@angular_common_http.js.map 304 [27/Dec/2024:12:40:16 +0000] - 311.412 ms localhost
GET /@fs/C:/Users/USER/Desktop/BroCampTasks/Angular_Project/frontend/.angular/cache/18.2.11/frontend/vite/deps/@angular_router.js.map 304 [27/Dec/2024:12:40:16 +0000] - 550.973 ms localhost
GET /@fs/C:/Users/USER/Desktop/BroCampTasks/Angular_Project/frontend/.angular/cache/18.2.11/frontend/vite/deps/rxjs.js.map 304 [27/Dec/2024:12:40:16 +0000] - 154.661 ms localhost
POST /user/login 200 [27/Dec/2024:12:40:26 +0000] - 868.774 ms localhost
GET /dashboard.component.css.map 200 [27/Dec/2024:12:40:26 +0000] - 10.169 ms localhost
GET /layout.component.css.map 200 [27/Dec/2024:12:40:26 +0000] - 12.657 ms localhost
GET / - [27/Dec/2024:12:44:14 +0000] - - ms localhost
