GET /login 200 [26/Nov/2024:08:25:18 +0000] - 71.264 ms localhost
GET /@vite/client 304 [26/Nov/2024:08:25:18 +0000] - 7.637 ms localhost
GET /styles.css 200 [26/Nov/2024:08:25:18 +0000] - 9.536 ms localhost
GET /polyfills.js 304 [26/Nov/2024:08:25:22 +0000] - 2.961 ms localhost
GET /main.js 200 [26/Nov/2024:08:25:22 +0000] - 14.578 ms localhost
GET /@fs/C:/Users/USER/Desktop/BroCampTasks/Angular_Project/frontend/node_modules/vite/dist/client/env.mjs 304 [26/Nov/2024:08:25:23 +0000] - 2.767 ms localhost
GET /favicon.ico 304 [26/Nov/2024:08:25:27 +0000] - 7.263 ms localhost
GET / - [26/Nov/2024:08:29:25 +0000] - - ms localhost
GET /login 200 [26/Nov/2024:08:29:27 +0000] - 5.305 ms localhost
GET /@vite/client 304 [26/Nov/2024:08:29:27 +0000] - 4.793 ms localhost
GET /styles.css 200 [26/Nov/2024:08:29:27 +0000] - 4.158 ms localhost
GET /polyfills.js 304 [26/Nov/2024:08:29:27 +0000] - 3.653 ms localhost
GET /main.js 200 [26/Nov/2024:08:29:27 +0000] - 5.627 ms localhost
GET /@fs/C:/Users/USER/Desktop/BroCampTasks/Angular_Project/frontend/node_modules/vite/dist/client/env.mjs 304 [26/Nov/2024:08:29:27 +0000] - 6.518 ms localhost
GET /favicon.ico 304 [26/Nov/2024:08:29:28 +0000] - 5.913 ms localhost
GET /login 200 [26/Nov/2024:08:31:08 +0000] - 12.926 ms localhost
GET / - [26/Nov/2024:08:31:08 +0000] - - ms localhost
GET /@vite/client 304 [26/Nov/2024:08:31:08 +0000] - 9.306 ms localhost
GET /styles.css 200 [26/Nov/2024:08:31:09 +0000] - 8.393 ms localhost
GET /main.js 200 [26/Nov/2024:08:31:09 +0000] - 9.766 ms localhost
GET /polyfills.js 304 [26/Nov/2024:08:31:09 +0000] - 9.673 ms localhost
GET /@fs/C:/Users/USER/Desktop/BroCampTasks/Angular_Project/frontend/node_modules/vite/dist/client/env.mjs 304 [26/Nov/2024:08:31:09 +0000] - 3.291 ms localhost
GET /favicon.ico 304 [26/Nov/2024:08:31:09 +0000] - 10.511 ms localhost
POST /user/login 200 [26/Nov/2024:08:31:19 +0000] - 450.509 ms localhost
GET /dashboard 200 [26/Nov/2024:08:33:13 +0000] - 11.226 ms localhost
GET / - [26/Nov/2024:08:33:13 +0000] - - ms localhost
GET /@vite/client 304 [26/Nov/2024:08:33:13 +0000] - 9.363 ms localhost
GET /styles.css 200 [26/Nov/2024:08:33:13 +0000] - 7.542 ms localhost
GET /polyfills.js 304 [26/Nov/2024:08:33:13 +0000] - 7.391 ms localhost
GET /main.js 200 [26/Nov/2024:08:33:13 +0000] - 8.653 ms localhost
GET /@fs/C:/Users/USER/Desktop/BroCampTasks/Angular_Project/frontend/node_modules/vite/dist/client/env.mjs 304 [26/Nov/2024:08:33:13 +0000] - 2.859 ms localhost
GET /favicon.ico 304 [26/Nov/2024:08:33:14 +0000] - 5.458 ms localhost
POST /user/login 200 [26/Nov/2024:08:33:21 +0000] - 280.304 ms localhost
GET /dashboard 200 [26/Nov/2024:08:34:00 +0000] - 7.644 ms localhost
GET / - [26/Nov/2024:08:34:00 +0000] - - ms localhost
GET /@vite/client 304 [26/Nov/2024:08:34:00 +0000] - 5.604 ms localhost
GET /styles.css 200 [26/Nov/2024:08:34:00 +0000] - 5.821 ms localhost
GET /polyfills.js 304 [26/Nov/2024:08:34:00 +0000] - 7.066 ms localhost
GET /main.js 200 [26/Nov/2024:08:34:00 +0000] - 7.446 ms localhost
GET /@fs/C:/Users/USER/Desktop/BroCampTasks/Angular_Project/frontend/node_modules/vite/dist/client/env.mjs 304 [26/Nov/2024:08:34:00 +0000] - 2.413 ms localhost
GET /favicon.ico 304 [26/Nov/2024:08:34:00 +0000] - 4.306 ms localhost
POST /user/login 200 [26/Nov/2024:08:34:06 +0000] - 347.697 ms localhost
GET /dashboard 200 [26/Nov/2024:08:36:04 +0000] - 9.199 ms localhost
GET / - [26/Nov/2024:08:36:04 +0000] - - ms localhost
GET /@vite/client 304 [26/Nov/2024:08:36:04 +0000] - 8.213 ms localhost
GET /main.js 200 [26/Nov/2024:08:36:04 +0000] - 8.026 ms localhost
GET /styles.css 200 [26/Nov/2024:08:36:04 +0000] - 8.856 ms localhost
GET /polyfills.js 304 [26/Nov/2024:08:36:04 +0000] - 3.360 ms localhost
GET /@fs/C:/Users/USER/Desktop/BroCampTasks/Angular_Project/frontend/node_modules/vite/dist/client/env.mjs 304 [26/Nov/2024:08:36:04 +0000] - 2.607 ms localhost
GET /favicon.ico 304 [26/Nov/2024:08:36:05 +0000] - 3.459 ms localhost
POST /user/login 200 [26/Nov/2024:08:36:09 +0000] - 277.743 ms localhost
GET /dashboard 200 [26/Nov/2024:08:38:02 +0000] - 51.556 ms localhost
GET / - [26/Nov/2024:08:38:02 +0000] - - ms localhost
GET /@vite/client 304 [26/Nov/2024:08:38:02 +0000] - 3.700 ms localhost
GET /styles.css 200 [26/Nov/2024:08:38:02 +0000] - 4.980 ms localhost
GET /polyfills.js 304 [26/Nov/2024:08:38:02 +0000] - 6.030 ms localhost
GET /main.js 200 [26/Nov/2024:08:38:02 +0000] - 6.273 ms localhost
GET /@fs/C:/Users/USER/Desktop/BroCampTasks/Angular_Project/frontend/node_modules/vite/dist/client/env.mjs 304 [26/Nov/2024:08:38:02 +0000] - 2.643 ms localhost
GET /favicon.ico 304 [26/Nov/2024:08:38:03 +0000] - 5.293 ms localhost
GET / - [26/Nov/2024:08:42:02 +0000] - - ms localhost
GET /login 200 [26/Nov/2024:08:42:57 +0000] - 8.957 ms localhost
GET /@vite/client 304 [26/Nov/2024:08:42:57 +0000] - 4.570 ms localhost
GET /styles.css 200 [26/Nov/2024:08:42:57 +0000] - 6.006 ms localhost
GET /polyfills.js 304 [26/Nov/2024:08:42:57 +0000] - 9.515 ms localhost
GET /main.js 304 [26/Nov/2024:08:42:57 +0000] - 3.805 ms localhost
GET /@fs/C:/Users/USER/Desktop/BroCampTasks/Angular_Project/frontend/node_modules/vite/dist/client/env.mjs 304 [26/Nov/2024:08:42:57 +0000] - 4.030 ms localhost
GET /favicon.ico 304 [26/Nov/2024:08:42:58 +0000] - 50.066 ms localhost
POST /user/login 200 [26/Nov/2024:08:44:31 +0000] - 305.536 ms localhost
GET /dashboard 200 [26/Nov/2024:08:44:35 +0000] - 16.017 ms localhost
GET / - [26/Nov/2024:08:44:35 +0000] - - ms localhost
GET /@vite/client 304 [26/Nov/2024:08:44:35 +0000] - 6.890 ms localhost
GET /styles.css 200 [26/Nov/2024:08:44:35 +0000] - 9.466 ms localhost
GET /polyfills.js 304 [26/Nov/2024:08:44:35 +0000] - 12.287 ms localhost
GET /main.js 200 [26/Nov/2024:08:44:35 +0000] - 11.998 ms localhost
GET /@fs/C:/Users/USER/Desktop/BroCampTasks/Angular_Project/frontend/node_modules/vite/dist/client/env.mjs 304 [26/Nov/2024:08:44:35 +0000] - 3.392 ms localhost
GET /favicon.ico 304 [26/Nov/2024:08:44:35 +0000] - 4.391 ms localhost
GET /login 200 [26/Nov/2024:08:44:53 +0000] - 8.888 ms localhost
GET / - [26/Nov/2024:08:44:53 +0000] - - ms localhost
GET /@vite/client 304 [26/Nov/2024:08:44:53 +0000] - 10.687 ms localhost
GET /styles.css 200 [26/Nov/2024:08:44:53 +0000] - 8.723 ms localhost
GET /polyfills.js 304 [26/Nov/2024:08:44:53 +0000] - 9.267 ms localhost
GET /main.js 304 [26/Nov/2024:08:44:53 +0000] - 12.413 ms localhost
GET /@fs/C:/Users/USER/Desktop/BroCampTasks/Angular_Project/frontend/node_modules/vite/dist/client/env.mjs 304 [26/Nov/2024:08:44:53 +0000] - 2.226 ms localhost
GET /favicon.ico 304 [26/Nov/2024:08:44:53 +0000] - 3.320 ms localhost
POST /user/login 200 [26/Nov/2024:08:45:00 +0000] - 304.915 ms localhost
GET /images/bg_1.jpg 404 [26/Nov/2024:08:45:00 +0000] - 18.831 ms localhost
GET /images/logo.jpg 404 [26/Nov/2024:08:45:00 +0000] - 19.874 ms localhost
GET /media/fontawesome-webfont.woff2?v=4.7.0 200 [26/Nov/2024:08:45:01 +0000] - 9.530 ms localhost
GET /dashboard 200 [26/Nov/2024:08:45:38 +0000] - 6.411 ms localhost
GET / - [26/Nov/2024:08:45:38 +0000] - - ms localhost
GET /@vite/client 304 [26/Nov/2024:08:45:38 +0000] - 7.098 ms localhost
GET /styles.css 200 [26/Nov/2024:08:45:38 +0000] - 6.969 ms localhost
GET /polyfills.js 304 [26/Nov/2024:08:45:38 +0000] - 7.828 ms localhost
GET /main.js 200 [26/Nov/2024:08:45:38 +0000] - 7.699 ms localhost
GET /@fs/C:/Users/USER/Desktop/BroCampTasks/Angular_Project/frontend/node_modules/vite/dist/client/env.mjs 304 [26/Nov/2024:08:45:38 +0000] - 2.467 ms localhost
GET /favicon.ico 304 [26/Nov/2024:08:45:38 +0000] - 3.621 ms localhost
POST /user/login 200 [26/Nov/2024:08:45:46 +0000] - 298.364 ms localhost
GET /dashboard 200 [26/Nov/2024:08:48:19 +0000] - 37.481 ms localhost
GET / - [26/Nov/2024:08:48:19 +0000] - - ms localhost
GET /@vite/client 304 [26/Nov/2024:08:48:19 +0000] - 21.126 ms localhost
GET /polyfills.js 304 [26/Nov/2024:08:48:19 +0000] - 17.713 ms localhost
GET /styles.css 200 [26/Nov/2024:08:48:19 +0000] - 17.699 ms localhost
GET /main.js 200 [26/Nov/2024:08:48:19 +0000] - 19.428 ms localhost
GET /@fs/C:/Users/USER/Desktop/BroCampTasks/Angular_Project/frontend/node_modules/vite/dist/client/env.mjs 304 [26/Nov/2024:08:48:19 +0000] - 13.969 ms localhost
GET /favicon.ico 304 [26/Nov/2024:08:48:19 +0000] - 3.792 ms localhost
POST /user/login 200 [26/Nov/2024:08:48:27 +0000] - 384.675 ms localhost
POST /user/login 200 [26/Nov/2024:08:48:34 +0000] - 403.066 ms localhost
GET / - [26/Nov/2024:08:52:19 +0000] - - ms localhost
GET /dashboard 200 [26/Nov/2024:08:52:31 +0000] - 5.610 ms localhost
GET /@vite/client 304 [26/Nov/2024:08:52:31 +0000] - 4.606 ms localhost
GET /styles.css 200 [26/Nov/2024:08:52:31 +0000] - 3.083 ms localhost
GET /polyfills.js 304 [26/Nov/2024:08:52:31 +0000] - 4.352 ms localhost
GET /main.js 200 [26/Nov/2024:08:52:31 +0000] - 5.635 ms localhost
GET /@fs/C:/Users/USER/Desktop/BroCampTasks/Angular_Project/frontend/node_modules/vite/dist/client/env.mjs 304 [26/Nov/2024:08:52:31 +0000] - 4.119 ms localhost
GET /favicon.ico 304 [26/Nov/2024:08:52:32 +0000] - 49.359 ms localhost
POST /user/login 200 [26/Nov/2024:08:53:23 +0000] - 176.878 ms localhost
GET /dashboard 200 [26/Nov/2024:08:53:35 +0000] - 6.766 ms localhost
GET / - [26/Nov/2024:08:53:35 +0000] - - ms localhost
GET /@vite/client 304 [26/Nov/2024:08:53:35 +0000] - 4.000 ms localhost
GET /styles.css 200 [26/Nov/2024:08:53:36 +0000] - 7.487 ms localhost
GET /polyfills.js 304 [26/Nov/2024:08:53:36 +0000] - 7.664 ms localhost
GET /main.js 304 [26/Nov/2024:08:53:36 +0000] - 7.268 ms localhost
GET /@fs/C:/Users/USER/Desktop/BroCampTasks/Angular_Project/frontend/node_modules/vite/dist/client/env.mjs 304 [26/Nov/2024:08:53:36 +0000] - 2.616 ms localhost
GET /favicon.ico 304 [26/Nov/2024:08:53:36 +0000] - 3.392 ms localhost
GET /login 200 [26/Nov/2024:08:53:38 +0000] - 5.210 ms localhost
GET / - [26/Nov/2024:08:53:38 +0000] - - ms localhost
GET /@vite/client 304 [26/Nov/2024:08:53:38 +0000] - 6.037 ms localhost
GET /styles.css 200 [26/Nov/2024:08:53:38 +0000] - 8.204 ms localhost
GET /polyfills.js 304 [26/Nov/2024:08:53:38 +0000] - 9.177 ms localhost
GET /main.js 304 [26/Nov/2024:08:53:38 +0000] - 8.325 ms localhost
GET /@fs/C:/Users/USER/Desktop/BroCampTasks/Angular_Project/frontend/node_modules/vite/dist/client/env.mjs 304 [26/Nov/2024:08:53:38 +0000] - 3.473 ms localhost
GET /favicon.ico 304 [26/Nov/2024:08:53:39 +0000] - 2.819 ms localhost
POST /user/login 200 [26/Nov/2024:08:53:46 +0000] - 146.865 ms localhost
GET / - [26/Nov/2024:08:57:38 +0000] - - ms localhost
GET /dashboard 200 [26/Nov/2024:08:59:00 +0000] - 14.608 ms localhost
GET /@vite/client 304 [26/Nov/2024:08:59:00 +0000] - 6.788 ms localhost
GET /styles.css 200 [26/Nov/2024:08:59:00 +0000] - 6.867 ms localhost
GET /polyfills.js 304 [26/Nov/2024:08:59:00 +0000] - 2.786 ms localhost
GET /main.js 200 [26/Nov/2024:08:59:00 +0000] - 3.900 ms localhost
GET /@fs/C:/Users/USER/Desktop/BroCampTasks/Angular_Project/frontend/node_modules/vite/dist/client/env.mjs 304 [26/Nov/2024:08:59:00 +0000] - 2.882 ms localhost
GET /favicon.ico 304 [26/Nov/2024:08:59:01 +0000] - 4.297 ms localhost
GET /login 200 [26/Nov/2024:08:59:49 +0000] - 4.770 ms localhost
GET / - [26/Nov/2024:08:59:49 +0000] - - ms localhost
GET /@vite/client 304 [26/Nov/2024:08:59:49 +0000] - 10.399 ms localhost
GET /styles.css 200 [26/Nov/2024:08:59:49 +0000] - 8.135 ms localhost
GET /polyfills.js 304 [26/Nov/2024:08:59:49 +0000] - 7.811 ms localhost
GET /main.js 200 [26/Nov/2024:08:59:49 +0000] - 9.933 ms localhost
GET /@fs/C:/Users/USER/Desktop/BroCampTasks/Angular_Project/frontend/node_modules/vite/dist/client/env.mjs 304 [26/Nov/2024:08:59:49 +0000] - 2.247 ms localhost
GET /favicon.ico 304 [26/Nov/2024:08:59:49 +0000] - 4.238 ms localhost
POST /user/login 200 [26/Nov/2024:08:59:57 +0000] - 350.984 ms localhost
GET /dashboard 200 [26/Nov/2024:09:02:00 +0000] - 5.888 ms localhost
GET / - [26/Nov/2024:09:02:00 +0000] - - ms localhost
GET /@vite/client 304 [26/Nov/2024:09:02:01 +0000] - 6.286 ms localhost
GET /styles.css 200 [26/Nov/2024:09:02:01 +0000] - 6.776 ms localhost
GET /polyfills.js 304 [26/Nov/2024:09:02:01 +0000] - 7.751 ms localhost
GET /main.js 200 [26/Nov/2024:09:02:01 +0000] - 7.352 ms localhost
GET /@fs/C:/Users/USER/Desktop/BroCampTasks/Angular_Project/frontend/node_modules/vite/dist/client/env.mjs 304 [26/Nov/2024:09:02:01 +0000] - 2.382 ms localhost
GET /favicon.ico 304 [26/Nov/2024:09:02:01 +0000] - 2.736 ms localhost
GET /login 200 [26/Nov/2024:09:03:01 +0000] - 7.026 ms localhost
GET / - [26/Nov/2024:09:03:01 +0000] - - ms localhost
GET /@vite/client 304 [26/Nov/2024:09:03:01 +0000] - 4.753 ms localhost
GET /styles.css 200 [26/Nov/2024:09:03:01 +0000] - 7.329 ms localhost
GET /polyfills.js 304 [26/Nov/2024:09:03:01 +0000] - 6.216 ms localhost
GET /main.js 200 [26/Nov/2024:09:03:01 +0000] - 6.843 ms localhost
GET /@fs/C:/Users/USER/Desktop/BroCampTasks/Angular_Project/frontend/node_modules/vite/dist/client/env.mjs 304 [26/Nov/2024:09:03:01 +0000] - 2.839 ms localhost
GET /favicon.ico 304 [26/Nov/2024:09:03:02 +0000] - 3.196 ms localhost
POST /user/login 200 [26/Nov/2024:09:03:08 +0000] - 358.791 ms localhost
GET /dashboard 200 [26/Nov/2024:09:04:03 +0000] - 5.180 ms localhost
GET / - [26/Nov/2024:09:04:03 +0000] - - ms localhost
GET /@vite/client 304 [26/Nov/2024:09:04:03 +0000] - 3.291 ms localhost
GET /styles.css 200 [26/Nov/2024:09:04:03 +0000] - 4.982 ms localhost
GET /polyfills.js 304 [26/Nov/2024:09:04:03 +0000] - 3.507 ms localhost
GET /main.js 200 [26/Nov/2024:09:04:03 +0000] - 7.919 ms localhost
GET /@fs/C:/Users/USER/Desktop/BroCampTasks/Angular_Project/frontend/node_modules/vite/dist/client/env.mjs 304 [26/Nov/2024:09:04:03 +0000] - 2.956 ms localhost
GET /favicon.ico 304 [26/Nov/2024:09:04:04 +0000] - 3.427 ms localhost
POST /user/login 200 [26/Nov/2024:09:04:13 +0000] - 306.066 ms localhost
GET /dashboard 200 [26/Nov/2024:09:05:10 +0000] - 5.152 ms localhost
GET / - [26/Nov/2024:09:05:10 +0000] - - ms localhost
GET /@vite/client 304 [26/Nov/2024:09:05:10 +0000] - 4.067 ms localhost
GET /styles.css 200 [26/Nov/2024:09:05:10 +0000] - 8.695 ms localhost
GET /polyfills.js 304 [26/Nov/2024:09:05:10 +0000] - 8.998 ms localhost
GET /main.js 304 [26/Nov/2024:09:05:10 +0000] - 8.288 ms localhost
GET /@fs/C:/Users/USER/Desktop/BroCampTasks/Angular_Project/frontend/node_modules/vite/dist/client/env.mjs 304 [26/Nov/2024:09:05:10 +0000] - 2.583 ms localhost
GET /favicon.ico 304 [26/Nov/2024:09:05:11 +0000] - 3.395 ms localhost
POST /user/login 200 [26/Nov/2024:09:05:21 +0000] - 347.777 ms localhost
GET /styles.css 200 [26/Nov/2024:09:06:01 +0000] - 5.571 ms localhost
GET /@fs/C:/Users/USER/Desktop/BroCampTasks/Angular_Project/frontend/.angular/cache/18.2.11/frontend/vite/deps/@angular_platform-browser.js.map 304 [26/Nov/2024:09:06:01 +0000] - 80.408 ms localhost
GET /@fs/C:/Users/USER/Desktop/BroCampTasks/Angular_Project/frontend/.angular/cache/18.2.11/frontend/vite/deps/@angular_forms.js.map 304 [26/Nov/2024:09:06:01 +0000] - 93.883 ms localhost
GET /@fs/C:/Users/USER/Desktop/BroCampTasks/Angular_Project/frontend/.angular/cache/18.2.11/frontend/vite/deps/@angular_core.js.map 304 [26/Nov/2024:09:06:01 +0000] - 98.718 ms localhost
GET /@fs/C:/Users/USER/Desktop/BroCampTasks/Angular_Project/frontend/.angular/cache/18.2.11/frontend/vite/deps/@angular_common_http.js.map 304 [26/Nov/2024:09:06:01 +0000] - 93.110 ms localhost
GET /@fs/C:/Users/USER/Desktop/BroCampTasks/Angular_Project/frontend/.angular/cache/18.2.11/frontend/vite/deps/chunk-J2M542RS.js.map 304 [26/Nov/2024:09:06:01 +0000] - 112.681 ms localhost
GET /@fs/C:/Users/USER/Desktop/BroCampTasks/Angular_Project/frontend/.angular/cache/18.2.11/frontend/vite/deps/chunk-PLMZ7O3F.js.map 304 [26/Nov/2024:09:06:01 +0000] - 112.108 ms localhost
GET /@fs/C:/Users/USER/Desktop/BroCampTasks/Angular_Project/frontend/.angular/cache/18.2.11/frontend/vite/deps/chunk-PF6LNL77.js.map 304 [26/Nov/2024:09:06:02 +0000] - 122.806 ms localhost
GET /@fs/C:/Users/USER/Desktop/BroCampTasks/Angular_Project/frontend/.angular/cache/18.2.11/frontend/vite/deps/rxjs.js.map 304 [26/Nov/2024:09:06:02 +0000] - 121.920 ms localhost
GET /@fs/C:/Users/USER/Desktop/BroCampTasks/Angular_Project/frontend/.angular/cache/18.2.11/frontend/vite/deps/@angular_common.js.map 304 [26/Nov/2024:09:06:02 +0000] - 126.120 ms localhost
GET /@fs/C:/Users/USER/Desktop/BroCampTasks/Angular_Project/frontend/.angular/cache/18.2.11/frontend/vite/deps/chunk-FDUYSLZ7.js.map 304 [26/Nov/2024:09:06:02 +0000] - 413.719 ms localhost
GET /layout.component.css.map 200 [26/Nov/2024:09:06:02 +0000] - 67.143 ms localhost
GET /dashboard.component.css.map 200 [26/Nov/2024:09:06:02 +0000] - 68.736 ms localhost
GET /styles.css.map 200 [26/Nov/2024:09:06:02 +0000] - 75.323 ms localhost
GET /@fs/C:/Users/USER/Desktop/BroCampTasks/Angular_Project/frontend/.angular/cache/18.2.11/frontend/vite/deps/@angular_router.js.map 304 [26/Nov/2024:09:06:02 +0000] - 636.016 ms localhost
GET /@fs/C:/Users/USER/Desktop/BroCampTasks/Angular_Project/frontend/.angular/cache/18.2.11/frontend/vite/deps/chunk-SD63G7YN.js.map 304 [26/Nov/2024:09:06:02 +0000] - 181.459 ms localhost
GET /dashboard 200 [26/Nov/2024:09:07:20 +0000] - 51.183 ms localhost
GET / - [26/Nov/2024:09:07:20 +0000] - - ms localhost
GET /@vite/client 304 [26/Nov/2024:09:07:20 +0000] - 4.497 ms localhost
GET /styles.css 200 [26/Nov/2024:09:07:20 +0000] - 4.239 ms localhost
GET /polyfills.js 304 [26/Nov/2024:09:07:20 +0000] - 3.573 ms localhost
GET /main.js 200 [26/Nov/2024:09:07:20 +0000] - 6.127 ms localhost
GET /@fs/C:/Users/USER/Desktop/BroCampTasks/Angular_Project/frontend/node_modules/vite/dist/client/env.mjs 304 [26/Nov/2024:09:07:20 +0000] - 6.596 ms localhost
GET /favicon.ico 304 [26/Nov/2024:09:07:21 +0000] - 4.116 ms localhost
POST /user/login 200 [26/Nov/2024:09:07:34 +0000] - 363.898 ms localhost
GET / - [26/Nov/2024:09:11:20 +0000] - - ms localhost
GET /dashboard 200 [26/Nov/2024:09:11:27 +0000] - 8.892 ms localhost
GET /styles.css 200 [26/Nov/2024:09:11:27 +0000] - 3.178 ms localhost
GET /@vite/client 304 [26/Nov/2024:09:11:27 +0000] - 7.609 ms localhost
GET /polyfills.js 304 [26/Nov/2024:09:11:27 +0000] - 3.375 ms localhost
GET /main.js 200 [26/Nov/2024:09:11:27 +0000] - 5.563 ms localhost
GET /@fs/C:/Users/USER/Desktop/BroCampTasks/Angular_Project/frontend/node_modules/vite/dist/client/env.mjs 304 [26/Nov/2024:09:11:27 +0000] - 3.061 ms localhost
GET /favicon.ico 304 [26/Nov/2024:09:11:27 +0000] - 2.643 ms localhost
GET /login 200 [26/Nov/2024:09:11:35 +0000] - 3.969 ms localhost
GET / - [26/Nov/2024:09:11:35 +0000] - - ms localhost
GET /@vite/client 304 [26/Nov/2024:09:11:35 +0000] - 5.767 ms localhost
GET /styles.css 200 [26/Nov/2024:09:11:35 +0000] - 5.202 ms localhost
GET /polyfills.js 304 [26/Nov/2024:09:11:35 +0000] - 7.560 ms localhost
GET /main.js 200 [26/Nov/2024:09:11:35 +0000] - 7.938 ms localhost
GET /@fs/C:/Users/USER/Desktop/BroCampTasks/Angular_Project/frontend/node_modules/vite/dist/client/env.mjs 304 [26/Nov/2024:09:11:36 +0000] - 5.253 ms localhost
GET /favicon.ico 304 [26/Nov/2024:09:11:36 +0000] - 4.742 ms localhost
GET /login 200 [26/Nov/2024:09:11:39 +0000] - 12.290 ms localhost
GET / - [26/Nov/2024:09:11:39 +0000] - - ms localhost
GET /@vite/client 304 [26/Nov/2024:09:11:39 +0000] - 43.270 ms localhost
GET /styles.css 200 [26/Nov/2024:09:11:39 +0000] - 44.459 ms localhost
GET /polyfills.js 304 [26/Nov/2024:09:11:39 +0000] - 14.392 ms localhost
GET /main.js 304 [26/Nov/2024:09:11:39 +0000] - 14.336 ms localhost
GET /@fs/C:/Users/USER/Desktop/BroCampTasks/Angular_Project/frontend/node_modules/vite/dist/client/env.mjs 304 [26/Nov/2024:09:11:39 +0000] - 2.803 ms localhost
GET /favicon.ico 304 [26/Nov/2024:09:11:39 +0000] - 7.494 ms localhost
POST /user/login 200 [26/Nov/2024:09:11:46 +0000] - 337.130 ms localhost
GET /dashboard 200 [26/Nov/2024:09:12:01 +0000] - 50.074 ms localhost
GET / - [26/Nov/2024:09:12:01 +0000] - - ms localhost
GET /@vite/client 304 [26/Nov/2024:09:12:01 +0000] - 7.473 ms localhost
GET /styles.css 200 [26/Nov/2024:09:12:01 +0000] - 7.767 ms localhost
GET /polyfills.js 304 [26/Nov/2024:09:12:01 +0000] - 10.641 ms localhost
GET /main.js 200 [26/Nov/2024:09:12:01 +0000] - 10.097 ms localhost
GET /@fs/C:/Users/USER/Desktop/BroCampTasks/Angular_Project/frontend/node_modules/vite/dist/client/env.mjs 304 [26/Nov/2024:09:12:01 +0000] - 3.122 ms localhost
GET /favicon.ico 304 [26/Nov/2024:09:12:02 +0000] - 2.713 ms localhost
POST /user/login 200 [26/Nov/2024:09:12:09 +0000] - 351.987 ms localhost
GET /dashboard 200 [26/Nov/2024:09:13:05 +0000] - 4.807 ms localhost
GET / - [26/Nov/2024:09:13:05 +0000] - - ms localhost
GET /@vite/client 304 [26/Nov/2024:09:13:05 +0000] - 9.647 ms localhost
GET /styles.css 200 [26/Nov/2024:09:13:05 +0000] - 6.775 ms localhost
GET /polyfills.js 304 [26/Nov/2024:09:13:05 +0000] - 7.807 ms localhost
GET /main.js 304 [26/Nov/2024:09:13:05 +0000] - 7.456 ms localhost
GET /@fs/C:/Users/USER/Desktop/BroCampTasks/Angular_Project/frontend/node_modules/vite/dist/client/env.mjs 304 [26/Nov/2024:09:13:05 +0000] - 2.886 ms localhost
GET /favicon.ico 304 [26/Nov/2024:09:13:05 +0000] - 3.336 ms localhost
POST /user/login 200 [26/Nov/2024:09:13:15 +0000] - 396.454 ms localhost
GET /dashboard 200 [26/Nov/2024:09:13:43 +0000] - 11.310 ms localhost
GET / - [26/Nov/2024:09:13:43 +0000] - - ms localhost
GET /@vite/client 304 [26/Nov/2024:09:13:43 +0000] - 5.179 ms localhost
GET /styles.css 200 [26/Nov/2024:09:13:43 +0000] - 5.549 ms localhost
GET /polyfills.js 304 [26/Nov/2024:09:13:43 +0000] - 5.945 ms localhost
GET /main.js 304 [26/Nov/2024:09:13:43 +0000] - 5.436 ms localhost
GET /@fs/C:/Users/USER/Desktop/BroCampTasks/Angular_Project/frontend/node_modules/vite/dist/client/env.mjs 304 [26/Nov/2024:09:13:43 +0000] - 3.890 ms localhost
GET /favicon.ico 304 [26/Nov/2024:09:13:44 +0000] - 4.769 ms localhost
GET /login 200 [26/Nov/2024:09:14:05 +0000] - 9.050 ms localhost
GET / - [26/Nov/2024:09:14:05 +0000] - - ms localhost
GET /@vite/client 304 [26/Nov/2024:09:14:05 +0000] - 3.799 ms localhost
GET /styles.css 200 [26/Nov/2024:09:14:05 +0000] - 5.822 ms localhost
GET /main.js 304 [26/Nov/2024:09:14:05 +0000] - 5.993 ms localhost
GET /polyfills.js 304 [26/Nov/2024:09:14:05 +0000] - 7.633 ms localhost
GET /@fs/C:/Users/USER/Desktop/BroCampTasks/Angular_Project/frontend/node_modules/vite/dist/client/env.mjs 304 [26/Nov/2024:09:14:05 +0000] - 2.446 ms localhost
GET /favicon.ico 304 [26/Nov/2024:09:14:06 +0000] - 47.233 ms localhost
POST /user/login 200 [26/Nov/2024:09:14:13 +0000] - 278.028 ms localhost
GET /dashboard 200 [26/Nov/2024:09:14:52 +0000] - 9.806 ms localhost
GET / - [26/Nov/2024:09:14:52 +0000] - - ms localhost
GET /@vite/client 304 [26/Nov/2024:09:14:52 +0000] - 3.504 ms localhost
GET /styles.css 200 [26/Nov/2024:09:14:52 +0000] - 8.608 ms localhost
GET /polyfills.js 304 [26/Nov/2024:09:14:52 +0000] - 10.551 ms localhost
GET /main.js 200 [26/Nov/2024:09:14:52 +0000] - 13.213 ms localhost
GET /@fs/C:/Users/USER/Desktop/BroCampTasks/Angular_Project/frontend/node_modules/vite/dist/client/env.mjs 304 [26/Nov/2024:09:14:52 +0000] - 11.710 ms localhost
GET /favicon.ico 304 [26/Nov/2024:09:14:53 +0000] - 5.276 ms localhost
POST /user/login 200 [26/Nov/2024:09:15:00 +0000] - 388.889 ms localhost
GET /dashboard 200 [26/Nov/2024:09:15:30 +0000] - 48.835 ms localhost
GET / - [26/Nov/2024:09:15:30 +0000] - - ms localhost
GET /@vite/client 304 [26/Nov/2024:09:15:30 +0000] - 3.811 ms localhost
GET /styles.css 200 [26/Nov/2024:09:15:30 +0000] - 8.141 ms localhost
GET /polyfills.js 304 [26/Nov/2024:09:15:30 +0000] - 5.571 ms localhost
GET /main.js 200 [26/Nov/2024:09:15:30 +0000] - 6.133 ms localhost
GET /@fs/C:/Users/USER/Desktop/BroCampTasks/Angular_Project/frontend/node_modules/vite/dist/client/env.mjs 304 [26/Nov/2024:09:15:30 +0000] - 3.271 ms localhost
GET /favicon.ico 304 [26/Nov/2024:09:15:30 +0000] - 3.460 ms localhost
POST /user/login 200 [26/Nov/2024:09:15:37 +0000] - 255.733 ms localhost
GET /dashboard 200 [26/Nov/2024:09:17:06 +0000] - 8.870 ms localhost
GET / - [26/Nov/2024:09:17:06 +0000] - - ms localhost
GET /styles.css 200 [26/Nov/2024:09:17:06 +0000] - 9.952 ms localhost
GET /@vite/client 304 [26/Nov/2024:09:17:06 +0000] - 12.543 ms localhost
GET /polyfills.js 304 [26/Nov/2024:09:17:06 +0000] - 9.115 ms localhost
GET /main.js 304 [26/Nov/2024:09:17:06 +0000] - 8.291 ms localhost
GET /@fs/C:/Users/USER/Desktop/BroCampTasks/Angular_Project/frontend/node_modules/vite/dist/client/env.mjs 304 [26/Nov/2024:09:17:06 +0000] - 2.745 ms localhost
GET /favicon.ico 304 [26/Nov/2024:09:17:06 +0000] - 3.082 ms localhost
GET /login 200 [26/Nov/2024:09:17:20 +0000] - 59.458 ms localhost
GET / - [26/Nov/2024:09:17:20 +0000] - - ms localhost
GET /@vite/client 304 [26/Nov/2024:09:17:20 +0000] - 6.204 ms localhost
GET /styles.css 200 [26/Nov/2024:09:17:20 +0000] - 8.791 ms localhost
GET /polyfills.js 304 [26/Nov/2024:09:17:20 +0000] - 10.204 ms localhost
GET /main.js 304 [26/Nov/2024:09:17:20 +0000] - 10.130 ms localhost
GET /@fs/C:/Users/USER/Desktop/BroCampTasks/Angular_Project/frontend/node_modules/vite/dist/client/env.mjs 304 [26/Nov/2024:09:17:20 +0000] - 5.078 ms localhost
GET /favicon.ico 304 [26/Nov/2024:09:17:21 +0000] - 51.204 ms localhost
GET /login 200 [26/Nov/2024:09:17:37 +0000] - 5.141 ms localhost
GET / - [26/Nov/2024:09:17:37 +0000] - - ms localhost
GET /@vite/client 304 [26/Nov/2024:09:17:37 +0000] - 6.807 ms localhost
GET /styles.css 200 [26/Nov/2024:09:17:37 +0000] - 6.799 ms localhost
GET /polyfills.js 304 [26/Nov/2024:09:17:37 +0000] - 7.494 ms localhost
GET /main.js 304 [26/Nov/2024:09:17:37 +0000] - 6.218 ms localhost
GET /@fs/C:/Users/USER/Desktop/BroCampTasks/Angular_Project/frontend/node_modules/vite/dist/client/env.mjs 304 [26/Nov/2024:09:17:37 +0000] - 2.287 ms localhost
GET /favicon.ico 304 [26/Nov/2024:09:17:38 +0000] - 3.972 ms localhost
GET /login 200 [26/Nov/2024:09:17:58 +0000] - 5.600 ms localhost
GET / - [26/Nov/2024:09:17:58 +0000] - - ms localhost
GET /@vite/client 304 [26/Nov/2024:09:17:58 +0000] - 4.986 ms localhost
GET /styles.css 200 [26/Nov/2024:09:17:58 +0000] - 6.319 ms localhost
GET /polyfills.js 304 [26/Nov/2024:09:17:58 +0000] - 7.732 ms localhost
GET /main.js 304 [26/Nov/2024:09:17:58 +0000] - 6.740 ms localhost
GET /@fs/C:/Users/USER/Desktop/BroCampTasks/Angular_Project/frontend/node_modules/vite/dist/client/env.mjs 304 [26/Nov/2024:09:17:58 +0000] - 2.528 ms localhost
GET /favicon.ico 304 [26/Nov/2024:09:17:59 +0000] - 3.078 ms localhost
POST /user/login 200 [26/Nov/2024:09:18:06 +0000] - 116.133 ms localhost
GET /dashboard 200 [26/Nov/2024:09:18:32 +0000] - 3.517 ms localhost
GET / - [26/Nov/2024:09:18:32 +0000] - - ms localhost
GET /@vite/client 304 [26/Nov/2024:09:18:32 +0000] - 5.849 ms localhost
GET /polyfills.js 304 [26/Nov/2024:09:18:32 +0000] - 5.528 ms localhost
GET /styles.css 200 [26/Nov/2024:09:18:32 +0000] - 9.333 ms localhost
GET /main.js 304 [26/Nov/2024:09:18:32 +0000] - 10.182 ms localhost
GET /@fs/C:/Users/USER/Desktop/BroCampTasks/Angular_Project/frontend/node_modules/vite/dist/client/env.mjs 304 [26/Nov/2024:09:18:32 +0000] - 2.521 ms localhost
GET /favicon.ico 304 [26/Nov/2024:09:18:33 +0000] - 4.664 ms localhost
POST /user/login 200 [26/Nov/2024:09:18:41 +0000] - 407.656 ms localhost
GET /dashboard 200 [26/Nov/2024:09:19:27 +0000] - 6.232 ms localhost
GET / - [26/Nov/2024:09:19:27 +0000] - - ms localhost
GET /@vite/client 304 [26/Nov/2024:09:19:27 +0000] - 39.906 ms localhost
GET /styles.css 200 [26/Nov/2024:09:19:27 +0000] - 7.417 ms localhost
GET /polyfills.js 304 [26/Nov/2024:09:19:27 +0000] - 8.407 ms localhost
GET /main.js 304 [26/Nov/2024:09:19:27 +0000] - 7.820 ms localhost
GET /@fs/C:/Users/USER/Desktop/BroCampTasks/Angular_Project/frontend/node_modules/vite/dist/client/env.mjs 304 [26/Nov/2024:09:19:27 +0000] - 2.486 ms localhost
GET /favicon.ico 304 [26/Nov/2024:09:19:27 +0000] - 3.689 ms localhost
POST /user/login 200 [26/Nov/2024:09:19:34 +0000] - 153.976 ms localhost
GET /dashboard 200 [26/Nov/2024:09:20:59 +0000] - 48.973 ms localhost
GET / - [26/Nov/2024:09:20:59 +0000] - - ms localhost
GET /@vite/client 304 [26/Nov/2024:09:20:59 +0000] - 8.262 ms localhost
GET /styles.css 200 [26/Nov/2024:09:20:59 +0000] - 6.239 ms localhost
GET /polyfills.js 304 [26/Nov/2024:09:20:59 +0000] - 6.874 ms localhost
GET /main.js 200 [26/Nov/2024:09:20:59 +0000] - 7.133 ms localhost
GET /@fs/C:/Users/USER/Desktop/BroCampTasks/Angular_Project/frontend/node_modules/vite/dist/client/env.mjs 304 [26/Nov/2024:09:20:59 +0000] - 2.034 ms localhost
GET /favicon.ico 304 [26/Nov/2024:09:21:00 +0000] - 3.247 ms localhost
POST /user/login 200 [26/Nov/2024:09:21:05 +0000] - 355.273 ms localhost
GET / - [26/Nov/2024:09:24:59 +0000] - - ms localhost
GET /styles.css?t=1732613138541 200 [26/Nov/2024:09:25:38 +0000] - 9.889 ms localhost
GET /styles.css?t=1732613141994 200 [26/Nov/2024:09:25:42 +0000] - 5.290 ms localhost
GET /styles.css?t=1732613144199 200 [26/Nov/2024:09:25:44 +0000] - 4.676 ms localhost
GET /styles.css?t=1732613144958 200 [26/Nov/2024:09:25:44 +0000] - 2.988 ms localhost
GET /dashboard 200 [26/Nov/2024:09:25:53 +0000] - 6.511 ms localhost
GET /@vite/client 304 [26/Nov/2024:09:25:53 +0000] - 11.005 ms localhost
GET /styles.css 200 [26/Nov/2024:09:25:53 +0000] - 9.595 ms localhost
GET /polyfills.js 304 [26/Nov/2024:09:25:53 +0000] - 10.464 ms localhost
GET /main.js 304 [26/Nov/2024:09:25:53 +0000] - 7.558 ms localhost
GET /@fs/C:/Users/USER/Desktop/BroCampTasks/Angular_Project/frontend/node_modules/vite/dist/client/env.mjs 304 [26/Nov/2024:09:25:53 +0000] - 5.322 ms localhost
GET /favicon.ico 304 [26/Nov/2024:09:25:53 +0000] - 5.197 ms localhost
POST /user/login 200 [26/Nov/2024:09:26:05 +0000] - 230.481 ms localhost
GET /dashboard 200 [26/Nov/2024:09:26:46 +0000] - 44.258 ms localhost
GET / - [26/Nov/2024:09:26:46 +0000] - - ms localhost
GET /@vite/client 304 [26/Nov/2024:09:26:46 +0000] - 3.100 ms localhost
GET /styles.css 200 [26/Nov/2024:09:26:46 +0000] - 5.507 ms localhost
GET /polyfills.js 304 [26/Nov/2024:09:26:46 +0000] - 7.476 ms localhost
GET /main.js 200 [26/Nov/2024:09:26:46 +0000] - 10.393 ms localhost
GET /@fs/C:/Users/USER/Desktop/BroCampTasks/Angular_Project/frontend/node_modules/vite/dist/client/env.mjs 304 [26/Nov/2024:09:26:46 +0000] - 3.322 ms localhost
GET /favicon.ico 304 [26/Nov/2024:09:26:46 +0000] - 5.176 ms localhost
POST /user/login 200 [26/Nov/2024:09:26:58 +0000] - 404.819 ms localhost
GET / - [26/Nov/2024:09:30:46 +0000] - - ms localhost
GET /dashboard 200 [26/Nov/2024:09:31:09 +0000] - 9.270 ms localhost
GET /@vite/client 304 [26/Nov/2024:09:31:09 +0000] - 2.903 ms localhost
GET /styles.css 200 [26/Nov/2024:09:31:09 +0000] - 2.660 ms localhost
GET /polyfills.js 304 [26/Nov/2024:09:31:09 +0000] - 2.767 ms localhost
GET /main.js 200 [26/Nov/2024:09:31:09 +0000] - 5.966 ms localhost
GET /@fs/C:/Users/USER/Desktop/BroCampTasks/Angular_Project/frontend/node_modules/vite/dist/client/env.mjs 304 [26/Nov/2024:09:31:09 +0000] - 2.589 ms localhost
GET /favicon.ico 304 [26/Nov/2024:09:31:10 +0000] - 3.014 ms localhost
GET /login 200 [26/Nov/2024:09:31:18 +0000] - 4.438 ms localhost
GET / - [26/Nov/2024:09:31:18 +0000] - - ms localhost
GET /@vite/client 304 [26/Nov/2024:09:31:18 +0000] - 5.673 ms localhost
GET /styles.css 200 [26/Nov/2024:09:31:18 +0000] - 5.859 ms localhost
GET /polyfills.js 304 [26/Nov/2024:09:31:18 +0000] - 7.352 ms localhost
GET /main.js 304 [26/Nov/2024:09:31:18 +0000] - 7.329 ms localhost
GET /@fs/C:/Users/USER/Desktop/BroCampTasks/Angular_Project/frontend/node_modules/vite/dist/client/env.mjs 304 [26/Nov/2024:09:31:18 +0000] - 2.780 ms localhost
GET /favicon.ico 304 [26/Nov/2024:09:31:19 +0000] - 3.618 ms localhost
POST /user/login 200 [26/Nov/2024:09:31:26 +0000] - 299.637 ms localhost
GET /dashboard 200 [26/Nov/2024:09:31:43 +0000] - 5.024 ms localhost
GET / - [26/Nov/2024:09:31:43 +0000] - - ms localhost
GET /@vite/client 304 [26/Nov/2024:09:31:43 +0000] - 2.316 ms localhost
GET /styles.css 200 [26/Nov/2024:09:31:43 +0000] - 9.128 ms localhost
GET /polyfills.js 304 [26/Nov/2024:09:31:43 +0000] - 9.854 ms localhost
GET /main.js 200 [26/Nov/2024:09:31:43 +0000] - 10.983 ms localhost
GET /@fs/C:/Users/USER/Desktop/BroCampTasks/Angular_Project/frontend/node_modules/vite/dist/client/env.mjs 304 [26/Nov/2024:09:31:43 +0000] - 7.087 ms localhost
GET /favicon.ico 304 [26/Nov/2024:09:31:44 +0000] - 3.211 ms localhost
POST /user/login 200 [26/Nov/2024:09:31:50 +0000] - 346.842 ms localhost
GET /dashboard 200 [26/Nov/2024:09:32:01 +0000] - 4.087 ms localhost
GET / - [26/Nov/2024:09:32:01 +0000] - - ms localhost
GET /@vite/client 304 [26/Nov/2024:09:32:02 +0000] - 11.125 ms localhost
GET /styles.css 200 [26/Nov/2024:09:32:02 +0000] - 10.852 ms localhost
GET /polyfills.js 304 [26/Nov/2024:09:32:02 +0000] - 11.618 ms localhost
GET /main.js 200 [26/Nov/2024:09:32:02 +0000] - 7.255 ms localhost
GET /@fs/C:/Users/USER/Desktop/BroCampTasks/Angular_Project/frontend/node_modules/vite/dist/client/env.mjs 304 [26/Nov/2024:09:32:02 +0000] - 2.576 ms localhost
GET /favicon.ico 304 [26/Nov/2024:09:32:02 +0000] - 2.967 ms localhost
POST /user/login 200 [26/Nov/2024:09:32:08 +0000] - 350.679 ms localhost
GET /dashboard 200 [26/Nov/2024:09:32:33 +0000] - 35.313 ms localhost
GET / - [26/Nov/2024:09:32:33 +0000] - - ms localhost
GET /@vite/client 304 [26/Nov/2024:09:32:33 +0000] - 7.425 ms localhost
GET /styles.css 200 [26/Nov/2024:09:32:33 +0000] - 6.808 ms localhost
GET /polyfills.js 304 [26/Nov/2024:09:32:33 +0000] - 6.949 ms localhost
GET /main.js 200 [26/Nov/2024:09:32:33 +0000] - 9.702 ms localhost
GET /@fs/C:/Users/USER/Desktop/BroCampTasks/Angular_Project/frontend/node_modules/vite/dist/client/env.mjs 304 [26/Nov/2024:09:32:33 +0000] - 2.983 ms localhost
GET /favicon.ico 304 [26/Nov/2024:09:32:33 +0000] - 3.138 ms localhost
POST /user/login 200 [26/Nov/2024:09:32:41 +0000] - 343.075 ms localhost
GET /styles.css 200 [26/Nov/2024:09:32:47 +0000] - 3.607 ms localhost
GET /@fs/C:/Users/USER/Desktop/BroCampTasks/Angular_Project/frontend/.angular/cache/18.2.11/frontend/vite/deps/@angular_common.js.map 304 [26/Nov/2024:09:32:47 +0000] - 17.307 ms localhost
GET /@fs/C:/Users/USER/Desktop/BroCampTasks/Angular_Project/frontend/.angular/cache/18.2.11/frontend/vite/deps/chunk-J2M542RS.js.map 304 [26/Nov/2024:09:32:47 +0000] - 29.444 ms localhost
GET /@fs/C:/Users/USER/Desktop/BroCampTasks/Angular_Project/frontend/.angular/cache/18.2.11/frontend/vite/deps/chunk-PLMZ7O3F.js.map 304 [26/Nov/2024:09:32:47 +0000] - 40.638 ms localhost
GET /@fs/C:/Users/USER/Desktop/BroCampTasks/Angular_Project/frontend/.angular/cache/18.2.11/frontend/vite/deps/rxjs.js.map 304 [26/Nov/2024:09:32:47 +0000] - 36.608 ms localhost
GET /@fs/C:/Users/USER/Desktop/BroCampTasks/Angular_Project/frontend/.angular/cache/18.2.11/frontend/vite/deps/chunk-PF6LNL77.js.map 304 [26/Nov/2024:09:32:47 +0000] - 46.661 ms localhost
GET /@fs/C:/Users/USER/Desktop/BroCampTasks/Angular_Project/frontend/.angular/cache/18.2.11/frontend/vite/deps/@angular_forms.js.map 304 [26/Nov/2024:09:32:47 +0000] - 60.556 ms localhost
GET /@fs/C:/Users/USER/Desktop/BroCampTasks/Angular_Project/frontend/.angular/cache/18.2.11/frontend/vite/deps/@angular_common_http.js.map 304 [26/Nov/2024:09:32:47 +0000] - 139.097 ms localhost
GET /@fs/C:/Users/USER/Desktop/BroCampTasks/Angular_Project/frontend/.angular/cache/18.2.11/frontend/vite/deps/@angular_core.js.map 304 [26/Nov/2024:09:32:47 +0000] - 135.492 ms localhost
GET /@fs/C:/Users/USER/Desktop/BroCampTasks/Angular_Project/frontend/.angular/cache/18.2.11/frontend/vite/deps/@angular_platform-browser.js.map 304 [26/Nov/2024:09:32:47 +0000] - 127.579 ms localhost
GET /layout.component.css.map 200 [26/Nov/2024:09:32:47 +0000] - 34.201 ms localhost
GET /dashboard.component.css.map 200 [26/Nov/2024:09:32:47 +0000] - 28.626 ms localhost
GET /styles.css.map 200 [26/Nov/2024:09:32:47 +0000] - 26.176 ms localhost
GET /@fs/C:/Users/USER/Desktop/BroCampTasks/Angular_Project/frontend/.angular/cache/18.2.11/frontend/vite/deps/chunk-SD63G7YN.js.map 304 [26/Nov/2024:09:32:47 +0000] - 157.831 ms localhost
GET /@fs/C:/Users/USER/Desktop/BroCampTasks/Angular_Project/frontend/.angular/cache/18.2.11/frontend/vite/deps/@angular_router.js.map 304 [26/Nov/2024:09:32:47 +0000] - 156.373 ms localhost
GET /@fs/C:/Users/USER/Desktop/BroCampTasks/Angular_Project/frontend/.angular/cache/18.2.11/frontend/vite/deps/chunk-FDUYSLZ7.js.map 304 [26/Nov/2024:09:32:47 +0000] - 440.764 ms localhost
GET /dashboard 200 [26/Nov/2024:09:35:49 +0000] - 7.653 ms localhost
GET / - [26/Nov/2024:09:35:49 +0000] - - ms localhost
GET /@vite/client 304 [26/Nov/2024:09:35:49 +0000] - 9.987 ms localhost
GET /styles.css 200 [26/Nov/2024:09:35:49 +0000] - 7.339 ms localhost
GET /polyfills.js 304 [26/Nov/2024:09:35:49 +0000] - 8.944 ms localhost
GET /main.js 200 [26/Nov/2024:09:35:49 +0000] - 10.739 ms localhost
GET /@fs/C:/Users/USER/Desktop/BroCampTasks/Angular_Project/frontend/node_modules/vite/dist/client/env.mjs 304 [26/Nov/2024:09:35:49 +0000] - 2.220 ms localhost
GET /favicon.ico 304 [26/Nov/2024:09:35:49 +0000] - 3.833 ms localhost
POST /user/login 200 [26/Nov/2024:09:35:55 +0000] - 356.131 ms localhost
GET / - [26/Nov/2024:09:39:49 +0000] - - ms localhost
GET /dashboard 200 [26/Nov/2024:09:52:04 +0000] - 8.429 ms localhost
GET /@vite/client 304 [26/Nov/2024:09:52:04 +0000] - 3.454 ms localhost
GET /styles.css 200 [26/Nov/2024:09:52:04 +0000] - 7.441 ms localhost
GET /polyfills.js 304 [26/Nov/2024:09:52:04 +0000] - 4.594 ms localhost
GET /main.js 304 [26/Nov/2024:09:52:04 +0000] - 4.749 ms localhost
GET /@fs/C:/Users/USER/Desktop/BroCampTasks/Angular_Project/frontend/node_modules/vite/dist/client/env.mjs 304 [26/Nov/2024:09:52:04 +0000] - 3.336 ms localhost
GET /favicon.ico 304 [26/Nov/2024:09:52:05 +0000] - 3.137 ms localhost
GET / - [26/Nov/2024:09:56:04 +0000] - - ms localhost
GET /login 200 [26/Nov/2024:10:25:28 +0000] - 8.521 ms localhost
GET /styles.css 200 [26/Nov/2024:10:25:31 +0000] - 9.444 ms localhost
GET /@vite/client 304 [26/Nov/2024:10:25:31 +0000] - 9.994 ms localhost
GET /main.js 304 [26/Nov/2024:10:25:31 +0000] - 9.380 ms localhost
GET /polyfills.js 304 [26/Nov/2024:10:25:31 +0000] - 7.026 ms localhost
GET /@fs/C:/Users/USER/Desktop/BroCampTasks/Angular_Project/frontend/node_modules/vite/dist/client/env.mjs 304 [26/Nov/2024:10:25:31 +0000] - 5.936 ms localhost
GET /favicon.ico 304 [26/Nov/2024:10:25:32 +0000] - 2.663 ms localhost
GET /login 200 [26/Nov/2024:10:25:53 +0000] - 6.059 ms localhost
GET / - [26/Nov/2024:10:25:53 +0000] - - ms localhost
GET /@vite/client 304 [26/Nov/2024:10:25:53 +0000] - 7.851 ms localhost
GET /main.js 304 [26/Nov/2024:10:25:53 +0000] - 7.202 ms localhost
GET /polyfills.js 304 [26/Nov/2024:10:25:53 +0000] - 4.202 ms localhost
GET /styles.css 200 [26/Nov/2024:10:25:53 +0000] - 4.231 ms localhost
GET /@fs/C:/Users/USER/Desktop/BroCampTasks/Angular_Project/frontend/node_modules/vite/dist/client/env.mjs 304 [26/Nov/2024:10:25:53 +0000] - 2.802 ms localhost
GET /favicon.ico 304 [26/Nov/2024:10:25:56 +0000] - 4.908 ms localhost
GET / - [26/Nov/2024:10:29:53 +0000] - - ms localhost
POST /user/login 200 [26/Nov/2024:14:19:02 +0000] - 508.352 ms localhost
GET / - [26/Nov/2024:14:22:50 +0000] - - ms localhost
GET /dashboard 200 [26/Nov/2024:15:35:32 +0000] - 33.964 ms localhost
GET /@vite/client 304 [26/Nov/2024:15:35:32 +0000] - 7.686 ms localhost
GET /polyfills.js 304 [26/Nov/2024:15:35:32 +0000] - 6.571 ms localhost
GET /styles.css 200 [26/Nov/2024:15:35:32 +0000] - 10.889 ms localhost
GET /main.js 304 [26/Nov/2024:15:35:32 +0000] - 10.452 ms localhost
GET /@fs/C:/Users/USER/Desktop/BroCampTasks/Angular_Project/frontend/node_modules/vite/dist/client/env.mjs 304 [26/Nov/2024:15:35:32 +0000] - 13.096 ms localhost
GET /favicon.ico 304 [26/Nov/2024:15:35:33 +0000] - 8.095 ms localhost
POST /user/login 200 [26/Nov/2024:15:37:33 +0000] - 485.354 ms localhost
GET /user/users 200 [26/Nov/2024:15:37:38 +0000] - 157.368 ms localhost
GET / - [26/Nov/2024:15:39:33 +0000] - - ms localhost
GET /users 200 [26/Nov/2024:15:40:47 +0000] - 15.098 ms localhost
GET /@vite/client 304 [26/Nov/2024:15:40:47 +0000] - 12.067 ms localhost
GET /styles.css 200 [26/Nov/2024:15:40:47 +0000] - 11.620 ms localhost
GET /polyfills.js 304 [26/Nov/2024:15:40:47 +0000] - 1.798 ms localhost
GET /main.js 200 [26/Nov/2024:15:40:47 +0000] - 7.640 ms localhost
GET /@fs/C:/Users/USER/Desktop/BroCampTasks/Angular_Project/frontend/node_modules/vite/dist/client/env.mjs 304 [26/Nov/2024:15:40:47 +0000] - 4.037 ms localhost
GET /favicon.ico 304 [26/Nov/2024:15:40:48 +0000] - 3.455 ms localhost
POST /user/login 200 [26/Nov/2024:15:40:56 +0000] - 384.529 ms localhost
GET /user/users 304 [26/Nov/2024:15:41:00 +0000] - 49.111 ms localhost
GET /users 200 [26/Nov/2024:15:43:46 +0000] - 13.364 ms localhost
GET / - [26/Nov/2024:15:43:46 +0000] - - ms localhost
GET /@vite/client 304 [26/Nov/2024:15:43:46 +0000] - 7.290 ms localhost
GET /styles.css 200 [26/Nov/2024:15:43:46 +0000] - 7.160 ms localhost
GET /polyfills.js 304 [26/Nov/2024:15:43:46 +0000] - 8.445 ms localhost
GET /main.js 200 [26/Nov/2024:15:43:46 +0000] - 8.588 ms localhost
GET /@fs/C:/Users/USER/Desktop/BroCampTasks/Angular_Project/frontend/node_modules/vite/dist/client/env.mjs 304 [26/Nov/2024:15:43:47 +0000] - 3.545 ms localhost
GET /favicon.ico 304 [26/Nov/2024:15:43:47 +0000] - 8.494 ms localhost
POST /user/login 200 [26/Nov/2024:15:43:54 +0000] - 315.177 ms localhost
GET /user/users 304 [26/Nov/2024:15:43:57 +0000] - 28.610 ms localhost
GET /users 200 [26/Nov/2024:15:44:20 +0000] - 7.812 ms localhost
GET / - [26/Nov/2024:15:44:20 +0000] - - ms localhost
GET /@vite/client 304 [26/Nov/2024:15:44:20 +0000] - 3.653 ms localhost
GET /styles.css 200 [26/Nov/2024:15:44:20 +0000] - 6.457 ms localhost
GET /polyfills.js 304 [26/Nov/2024:15:44:20 +0000] - 8.023 ms localhost
GET /main.js 200 [26/Nov/2024:15:44:20 +0000] - 10.190 ms localhost
GET /@fs/C:/Users/USER/Desktop/BroCampTasks/Angular_Project/frontend/node_modules/vite/dist/client/env.mjs 304 [26/Nov/2024:15:44:20 +0000] - 6.159 ms localhost
GET /favicon.ico 304 [26/Nov/2024:15:44:21 +0000] - 4.532 ms localhost
POST /user/login 200 [26/Nov/2024:15:44:30 +0000] - 347.711 ms localhost
GET /user/users 304 [26/Nov/2024:15:44:40 +0000] - 31.657 ms localhost
GET /users 200 [26/Nov/2024:15:47:03 +0000] - 44.268 ms localhost
GET / - [26/Nov/2024:15:47:03 +0000] - - ms localhost
GET /@vite/client 304 [26/Nov/2024:15:47:03 +0000] - 18.610 ms localhost
GET /polyfills.js 304 [26/Nov/2024:15:47:03 +0000] - 17.958 ms localhost
GET /styles.css 200 [26/Nov/2024:15:47:03 +0000] - 17.041 ms localhost
GET /main.js 200 [26/Nov/2024:15:47:03 +0000] - 8.680 ms localhost
GET /@fs/C:/Users/USER/Desktop/BroCampTasks/Angular_Project/frontend/node_modules/vite/dist/client/env.mjs 304 [26/Nov/2024:15:47:03 +0000] - 3.096 ms localhost
GET /favicon.ico 304 [26/Nov/2024:15:47:03 +0000] - 4.385 ms localhost
POST /user/login 200 [26/Nov/2024:15:47:11 +0000] - 301.368 ms localhost
GET /user/users 304 [26/Nov/2024:15:47:15 +0000] - 25.692 ms localhost
GET /user/logout 304 [26/Nov/2024:15:47:21 +0000] - 17.300 ms localhost
GET / - [26/Nov/2024:15:51:03 +0000] - - ms localhost
GET /login 200 [26/Nov/2024:18:19:12 +0000] - 103.708 ms localhost
GET /polyfills.js 304 [26/Nov/2024:18:19:12 +0000] - 8.938 ms localhost
GET /@vite/client 304 [26/Nov/2024:18:19:12 +0000] - 8.496 ms localhost
GET /styles.css 200 [26/Nov/2024:18:19:12 +0000] - 17.774 ms localhost
GET /main.js 200 [26/Nov/2024:18:19:12 +0000] - 17.815 ms localhost
GET /@fs/C:/Users/USER/Desktop/BroCampTasks/Angular_Project/frontend/node_modules/vite/dist/client/env.mjs 304 [26/Nov/2024:18:19:12 +0000] - 3.921 ms localhost
GET /favicon.ico 304 [26/Nov/2024:18:19:12 +0000] - 6.453 ms localhost
POST /user/login 200 [26/Nov/2024:18:19:19 +0000] - 550.866 ms localhost
GET /user/users 304 [26/Nov/2024:18:19:23 +0000] - 95.010 ms localhost
GET /styles.css 200 [26/Nov/2024:18:19:32 +0000] - 3.930 ms localhost
GET /@fs/C:/Users/USER/Desktop/BroCampTasks/Angular_Project/frontend/.angular/cache/18.2.11/frontend/vite/deps/@angular_platform-browser.js.map 304 [26/Nov/2024:18:19:32 +0000] - 82.018 ms localhost
GET /@fs/C:/Users/USER/Desktop/BroCampTasks/Angular_Project/frontend/.angular/cache/18.2.11/frontend/vite/deps/@angular_common_http.js.map 304 [26/Nov/2024:18:19:32 +0000] - 80.617 ms localhost
GET /@fs/C:/Users/USER/Desktop/BroCampTasks/Angular_Project/frontend/.angular/cache/18.2.11/frontend/vite/deps/rxjs.js.map 304 [26/Nov/2024:18:19:32 +0000] - 73.901 ms localhost
GET /@fs/C:/Users/USER/Desktop/BroCampTasks/Angular_Project/frontend/.angular/cache/18.2.11/frontend/vite/deps/@angular_core.js.map 304 [26/Nov/2024:18:19:32 +0000] - 90.236 ms localhost
GET /@fs/C:/Users/USER/Desktop/BroCampTasks/Angular_Project/frontend/.angular/cache/18.2.11/frontend/vite/deps/chunk-PLMZ7O3F.js.map 304 [26/Nov/2024:18:19:33 +0000] - 488.499 ms localhost
GET /@fs/C:/Users/USER/Desktop/BroCampTasks/Angular_Project/frontend/.angular/cache/18.2.11/frontend/vite/deps/chunk-J2M542RS.js.map 304 [26/Nov/2024:18:19:33 +0000] - 624.740 ms localhost
GET /@fs/C:/Users/USER/Desktop/BroCampTasks/Angular_Project/frontend/.angular/cache/18.2.11/frontend/vite/deps/@angular_forms.js.map 304 [26/Nov/2024:18:19:33 +0000] - 812.600 ms localhost
GET /styles.css.map 200 [26/Nov/2024:18:19:33 +0000] - 154.715 ms localhost
GET /layout.component.css.map 200 [26/Nov/2024:18:19:33 +0000] - 81.114 ms localhost
GET /@fs/C:/Users/USER/Desktop/BroCampTasks/Angular_Project/frontend/.angular/cache/18.2.11/frontend/vite/deps/chunk-PF6LNL77.js.map 304 [26/Nov/2024:18:19:33 +0000] - 922.815 ms localhost
GET /@fs/C:/Users/USER/Desktop/BroCampTasks/Angular_Project/frontend/.angular/cache/18.2.11/frontend/vite/deps/chunk-FDUYSLZ7.js.map 304 [26/Nov/2024:18:19:33 +0000] - 961.543 ms localhost
GET /@fs/C:/Users/USER/Desktop/BroCampTasks/Angular_Project/frontend/.angular/cache/18.2.11/frontend/vite/deps/@angular_router.js.map 304 [26/Nov/2024:18:19:33 +0000] - 967.541 ms localhost
GET /@fs/C:/Users/USER/Desktop/BroCampTasks/Angular_Project/frontend/.angular/cache/18.2.11/frontend/vite/deps/chunk-SD63G7YN.js.map 304 [26/Nov/2024:18:19:33 +0000] - 425.099 ms localhost
GET /users 200 [26/Nov/2024:18:20:26 +0000] - 12.651 ms localhost
GET / - [26/Nov/2024:18:20:26 +0000] - - ms localhost
GET /@vite/client 304 [26/Nov/2024:18:20:26 +0000] - 2.896 ms localhost
GET /styles.css 200 [26/Nov/2024:18:20:26 +0000] - 9.754 ms localhost
GET /polyfills.js 304 [26/Nov/2024:18:20:26 +0000] - 10.882 ms localhost
GET /main.js 200 [26/Nov/2024:18:20:26 +0000] - 6.715 ms localhost
GET /styles.css.map 200 [26/Nov/2024:18:20:26 +0000] - 3.961 ms localhost
GET /@fs/C:/Users/USER/Desktop/BroCampTasks/Angular_Project/frontend/node_modules/vite/dist/client/env.mjs 304 [26/Nov/2024:18:20:26 +0000] - 3.119 ms localhost
GET /@fs/C:/Users/USER/Desktop/BroCampTasks/Angular_Project/frontend/.angular/cache/18.2.11/frontend/vite/deps/@angular_platform-browser.js.map 304 [26/Nov/2024:18:20:27 +0000] - 9.112 ms localhost
GET /@fs/C:/Users/USER/Desktop/BroCampTasks/Angular_Project/frontend/.angular/cache/18.2.11/frontend/vite/deps/@angular_core.js.map 304 [26/Nov/2024:18:20:27 +0000] - 38.383 ms localhost
GET /@fs/C:/Users/USER/Desktop/BroCampTasks/Angular_Project/frontend/.angular/cache/18.2.11/frontend/vite/deps/chunk-SD63G7YN.js.map 304 [26/Nov/2024:18:20:27 +0000] - 56.002 ms localhost
GET /@fs/C:/Users/USER/Desktop/BroCampTasks/Angular_Project/frontend/.angular/cache/18.2.11/frontend/vite/deps/chunk-PF6LNL77.js.map 304 [26/Nov/2024:18:20:27 +0000] - 53.168 ms localhost
GET /@fs/C:/Users/USER/Desktop/BroCampTasks/Angular_Project/frontend/.angular/cache/18.2.11/frontend/vite/deps/chunk-J2M542RS.js.map 304 [26/Nov/2024:18:20:27 +0000] - 64.375 ms localhost
GET /@fs/C:/Users/USER/Desktop/BroCampTasks/Angular_Project/frontend/.angular/cache/18.2.11/frontend/vite/deps/chunk-PLMZ7O3F.js.map 304 [26/Nov/2024:18:20:27 +0000] - 69.426 ms localhost
GET /@fs/C:/Users/USER/Desktop/BroCampTasks/Angular_Project/frontend/.angular/cache/18.2.11/frontend/vite/deps/chunk-FDUYSLZ7.js.map 304 [26/Nov/2024:18:20:27 +0000] - 231.232 ms localhost
GET /@fs/C:/Users/USER/Desktop/BroCampTasks/Angular_Project/frontend/.angular/cache/18.2.11/frontend/vite/deps/@angular_common_http.js.map 304 [26/Nov/2024:18:20:27 +0000] - 75.818 ms localhost
GET /@fs/C:/Users/USER/Desktop/BroCampTasks/Angular_Project/frontend/.angular/cache/18.2.11/frontend/vite/deps/rxjs.js.map 304 [26/Nov/2024:18:20:27 +0000] - 70.798 ms localhost
GET /@fs/C:/Users/USER/Desktop/BroCampTasks/Angular_Project/frontend/.angular/cache/18.2.11/frontend/vite/deps/@angular_router.js.map 304 [26/Nov/2024:18:20:27 +0000] - 93.268 ms localhost
GET /@fs/C:/Users/USER/Desktop/BroCampTasks/Angular_Project/frontend/.angular/cache/18.2.11/frontend/vite/deps/@angular_forms.js.map 304 [26/Nov/2024:18:20:27 +0000] - 110.151 ms localhost
GET /login.component.css.map 200 [26/Nov/2024:18:20:27 +0000] - 31.814 ms localhost
GET /favicon.ico 304 [26/Nov/2024:18:20:28 +0000] - 3.498 ms localhost
POST /user/login 200 [26/Nov/2024:18:20:35 +0000] - 376.796 ms localhost
GET /user/users 304 [26/Nov/2024:18:20:39 +0000] - 31.116 ms localhost
GET /styles.css 200 [26/Nov/2024:18:20:45 +0000] - 4.310 ms localhost
GET /@fs/C:/Users/USER/Desktop/BroCampTasks/Angular_Project/frontend/.angular/cache/18.2.11/frontend/vite/deps/@angular_platform-browser.js.map 304 [26/Nov/2024:18:20:45 +0000] - 4.863 ms localhost
GET /@fs/C:/Users/USER/Desktop/BroCampTasks/Angular_Project/frontend/.angular/cache/18.2.11/frontend/vite/deps/@angular_core.js.map 304 [26/Nov/2024:18:20:45 +0000] - 13.407 ms localhost
GET /@fs/C:/Users/USER/Desktop/BroCampTasks/Angular_Project/frontend/.angular/cache/18.2.11/frontend/vite/deps/@angular_router.js.map 304 [26/Nov/2024:18:20:45 +0000] - 17.704 ms localhost
GET /@fs/C:/Users/USER/Desktop/BroCampTasks/Angular_Project/frontend/.angular/cache/18.2.11/frontend/vite/deps/rxjs.js.map 304 [26/Nov/2024:18:20:45 +0000] - 18.607 ms localhost
GET /@fs/C:/Users/USER/Desktop/BroCampTasks/Angular_Project/frontend/.angular/cache/18.2.11/frontend/vite/deps/chunk-SD63G7YN.js.map 304 [26/Nov/2024:18:20:45 +0000] - 25.367 ms localhost
GET /@fs/C:/Users/USER/Desktop/BroCampTasks/Angular_Project/frontend/.angular/cache/18.2.11/frontend/vite/deps/@angular_common_http.js.map 304 [26/Nov/2024:18:20:45 +0000] - 33.859 ms localhost
GET /@fs/C:/Users/USER/Desktop/BroCampTasks/Angular_Project/frontend/.angular/cache/18.2.11/frontend/vite/deps/@angular_forms.js.map 304 [26/Nov/2024:18:20:45 +0000] - 34.892 ms localhost
GET /@fs/C:/Users/USER/Desktop/BroCampTasks/Angular_Project/frontend/.angular/cache/18.2.11/frontend/vite/deps/chunk-J2M542RS.js.map 304 [26/Nov/2024:18:20:45 +0000] - 29.037 ms localhost
GET /styles.css.map 200 [26/Nov/2024:18:20:45 +0000] - 3.876 ms localhost
GET /@fs/C:/Users/USER/Desktop/BroCampTasks/Angular_Project/frontend/.angular/cache/18.2.11/frontend/vite/deps/chunk-PLMZ7O3F.js.map 304 [26/Nov/2024:18:20:45 +0000] - 29.896 ms localhost
GET /@fs/C:/Users/USER/Desktop/BroCampTasks/Angular_Project/frontend/.angular/cache/18.2.11/frontend/vite/deps/chunk-PF6LNL77.js.map 304 [26/Nov/2024:18:20:45 +0000] - 32.032 ms localhost
GET /layout.component.css.map 200 [26/Nov/2024:18:20:45 +0000] - 15.441 ms localhost
GET /@fs/C:/Users/USER/Desktop/BroCampTasks/Angular_Project/frontend/.angular/cache/18.2.11/frontend/vite/deps/chunk-FDUYSLZ7.js.map 304 [26/Nov/2024:18:20:46 +0000] - 152.034 ms localhost
GET /dashboard.component.css.map 200 [26/Nov/2024:18:21:00 +0000] - 6.159 ms localhost
GET /user/users 304 [26/Nov/2024:18:21:06 +0000] - 22.979 ms localhost
GET /users 200 [26/Nov/2024:18:21:15 +0000] - 17.597 ms localhost
GET / - [26/Nov/2024:18:21:15 +0000] - - ms localhost
GET /@vite/client 304 [26/Nov/2024:18:21:15 +0000] - 5.473 ms localhost
GET /styles.css 200 [26/Nov/2024:18:21:15 +0000] - 5.628 ms localhost
GET /polyfills.js 304 [26/Nov/2024:18:21:15 +0000] - 7.079 ms localhost
GET /main.js 200 [26/Nov/2024:18:21:16 +0000] - 9.170 ms localhost
GET /@fs/C:/Users/USER/Desktop/BroCampTasks/Angular_Project/frontend/node_modules/vite/dist/client/env.mjs 304 [26/Nov/2024:18:21:16 +0000] - 4.815 ms localhost
GET /favicon.ico 304 [26/Nov/2024:18:21:16 +0000] - 4.945 ms localhost
POST /user/login 200 [26/Nov/2024:18:21:36 +0000] - 319.705 ms localhost
GET /user/users 304 [26/Nov/2024:18:21:46 +0000] - 26.837 ms localhost
GET /user/users 304 [26/Nov/2024:18:22:09 +0000] - 22.642 ms localhost
GET /users 200 [26/Nov/2024:18:22:11 +0000] - 9.799 ms localhost
GET / - [26/Nov/2024:18:22:11 +0000] - - ms localhost
GET /@vite/client 304 [26/Nov/2024:18:22:11 +0000] - 2.677 ms localhost
GET /styles.css 200 [26/Nov/2024:18:22:11 +0000] - 4.279 ms localhost
GET /polyfills.js 304 [26/Nov/2024:18:22:11 +0000] - 14.346 ms localhost
GET /main.js 200 [26/Nov/2024:18:22:11 +0000] - 16.087 ms localhost
GET /@fs/C:/Users/USER/Desktop/BroCampTasks/Angular_Project/frontend/node_modules/vite/dist/client/env.mjs 304 [26/Nov/2024:18:22:11 +0000] - 6.244 ms localhost
GET /favicon.ico 304 [26/Nov/2024:18:22:12 +0000] - 4.192 ms localhost
POST /user/login 200 [26/Nov/2024:18:22:28 +0000] - 300.016 ms localhost
GET /user/users 304 [26/Nov/2024:18:22:33 +0000] - 22.802 ms localhost
GET /user/users 401 [26/Nov/2024:18:23:35 +0000] - 208.603 ms localhost
GET /user/refreshToken 304 [26/Nov/2024:18:23:35 +0000] - 8.513 ms localhost
GET /user/users 304 [26/Nov/2024:18:23:35 +0000] - 14.961 ms localhost
GET /user/users 304 [26/Nov/2024:18:24:05 +0000] - 26.774 ms localhost
GET /users 200 [26/Nov/2024:18:24:07 +0000] - 12.372 ms localhost
GET / - [26/Nov/2024:18:24:07 +0000] - - ms localhost
GET /@vite/client 304 [26/Nov/2024:18:24:07 +0000] - 5.537 ms localhost
GET /styles.css 200 [26/Nov/2024:18:24:07 +0000] - 3.874 ms localhost
GET /polyfills.js 304 [26/Nov/2024:18:24:07 +0000] - 7.368 ms localhost
GET /main.js 200 [26/Nov/2024:18:24:07 +0000] - 10.736 ms localhost
GET /@fs/C:/Users/USER/Desktop/BroCampTasks/Angular_Project/frontend/node_modules/vite/dist/client/env.mjs 304 [26/Nov/2024:18:24:07 +0000] - 4.464 ms localhost
GET /favicon.ico 304 [26/Nov/2024:18:24:08 +0000] - 5.672 ms localhost
POST /user/login 200 [26/Nov/2024:18:24:16 +0000] - 334.000 ms localhost
GET /user/users 304 [26/Nov/2024:18:24:21 +0000] - 19.181 ms localhost
GET /styles.css 200 [26/Nov/2024:18:24:30 +0000] - 4.580 ms localhost
GET /@fs/C:/Users/USER/Desktop/BroCampTasks/Angular_Project/frontend/.angular/cache/18.2.11/frontend/vite/deps/@angular_platform-browser.js.map 304 [26/Nov/2024:18:24:30 +0000] - 25.442 ms localhost
GET /@fs/C:/Users/USER/Desktop/BroCampTasks/Angular_Project/frontend/.angular/cache/18.2.11/frontend/vite/deps/@angular_core.js.map 304 [26/Nov/2024:18:24:30 +0000] - 38.676 ms localhost
GET /@fs/C:/Users/USER/Desktop/BroCampTasks/Angular_Project/frontend/.angular/cache/18.2.11/frontend/vite/deps/@angular_forms.js.map 304 [26/Nov/2024:18:24:30 +0000] - 55.615 ms localhost
GET /@fs/C:/Users/USER/Desktop/BroCampTasks/Angular_Project/frontend/.angular/cache/18.2.11/frontend/vite/deps/@angular_router.js.map 304 [26/Nov/2024:18:24:30 +0000] - 68.045 ms localhost
GET /@fs/C:/Users/USER/Desktop/BroCampTasks/Angular_Project/frontend/.angular/cache/18.2.11/frontend/vite/deps/chunk-J2M542RS.js.map 304 [26/Nov/2024:18:24:30 +0000] - 70.842 ms localhost
GET /@fs/C:/Users/USER/Desktop/BroCampTasks/Angular_Project/frontend/.angular/cache/18.2.11/frontend/vite/deps/chunk-PLMZ7O3F.js.map 304 [26/Nov/2024:18:24:30 +0000] - 75.131 ms localhost
GET /layout.component.css.map 200 [26/Nov/2024:18:24:30 +0000] - 13.540 ms localhost
GET /styles.css.map 200 [26/Nov/2024:18:24:30 +0000] - 29.751 ms localhost
GET /@fs/C:/Users/USER/Desktop/BroCampTasks/Angular_Project/frontend/.angular/cache/18.2.11/frontend/vite/deps/chunk-PF6LNL77.js.map 304 [26/Nov/2024:18:24:31 +0000] - 196.543 ms localhost
GET /@fs/C:/Users/USER/Desktop/BroCampTasks/Angular_Project/frontend/.angular/cache/18.2.11/frontend/vite/deps/rxjs.js.map 304 [26/Nov/2024:18:24:31 +0000] - 185.697 ms localhost
GET /@fs/C:/Users/USER/Desktop/BroCampTasks/Angular_Project/frontend/.angular/cache/18.2.11/frontend/vite/deps/@angular_common_http.js.map 304 [26/Nov/2024:18:24:31 +0000] - 178.201 ms localhost
GET /@fs/C:/Users/USER/Desktop/BroCampTasks/Angular_Project/frontend/.angular/cache/18.2.11/frontend/vite/deps/chunk-SD63G7YN.js.map 304 [26/Nov/2024:18:24:31 +0000] - 178.344 ms localhost
GET /@fs/C:/Users/USER/Desktop/BroCampTasks/Angular_Project/frontend/.angular/cache/18.2.11/frontend/vite/deps/chunk-FDUYSLZ7.js.map 304 [26/Nov/2024:18:24:31 +0000] - 332.642 ms localhost
GET /user/users 401 [26/Nov/2024:18:27:42 +0000] - 27.997 ms localhost
GET /user/refreshToken 304 [26/Nov/2024:18:27:42 +0000] - 13.576 ms localhost
GET /user/users 304 [26/Nov/2024:18:27:42 +0000] - 29.067 ms localhost
GET /users 200 [26/Nov/2024:18:27:46 +0000] - 42.536 ms localhost
GET / - [26/Nov/2024:18:27:46 +0000] - - ms localhost
GET /@vite/client 304 [26/Nov/2024:18:27:46 +0000] - 7.721 ms localhost
GET /styles.css 200 [26/Nov/2024:18:27:46 +0000] - 6.892 ms localhost
GET /polyfills.js 304 [26/Nov/2024:18:27:46 +0000] - 7.797 ms localhost
GET /main.js 200 [26/Nov/2024:18:27:46 +0000] - 9.542 ms localhost
GET /@fs/C:/Users/USER/Desktop/BroCampTasks/Angular_Project/frontend/node_modules/vite/dist/client/env.mjs 304 [26/Nov/2024:18:27:46 +0000] - 4.225 ms localhost
GET /favicon.ico 304 [26/Nov/2024:18:27:47 +0000] - 7.639 ms localhost
POST /user/login 200 [26/Nov/2024:18:28:42 +0000] - 282.197 ms localhost
GET /user/users 304 [26/Nov/2024:18:28:45 +0000] - 34.455 ms localhost
