GET /login 200 [09/Dec/2024:19:39:21 +0000] - 51.926 ms localhost
GET / - [09/Dec/2024:19:39:21 +0000] - - ms localhost
GET /@vite/client 304 [09/Dec/2024:19:39:21 +0000] - 13.062 ms localhost
GET /styles.css 200 [09/Dec/2024:19:39:21 +0000] - 14.205 ms localhost
GET /polyfills.js 304 [09/Dec/2024:19:39:21 +0000] - 25.153 ms localhost
GET /main.js 200 [09/Dec/2024:19:39:21 +0000] - 28.207 ms localhost
GET /@fs/C:/Users/USER/Desktop/BroCampTasks/Angular_Project/frontend/node_modules/vite/dist/client/env.mjs 304 [09/Dec/2024:19:39:21 +0000] - 7.944 ms localhost
GET /favicon.ico 304 [09/Dec/2024:19:39:21 +0000] - 5.139 ms localhost
POST /user/login 200 [09/Dec/2024:19:39:34 +0000] - 1053.098 ms localhost
GET /service/totalService 200 [09/Dec/2024:19:39:38 +0000] - 302.884 ms localhost
GET /service/services?pageNumber=1&pageSize=2 304 [09/Dec/2024:19:39:38 +0000] - 373.043 ms localhost
GET /service/approveService/67570d9b2c25c237de46ef44 400 [09/Dec/2024:19:39:51 +0000] - 31.913 ms localhost
GET /services 200 [09/Dec/2024:19:42:07 +0000] - 25.966 ms localhost
GET / - [09/Dec/2024:19:42:07 +0000] - - ms localhost
GET /main.js 200 [09/Dec/2024:19:42:07 +0000] - 25.953 ms localhost
GET /styles.css 200 [09/Dec/2024:19:42:07 +0000] - 49.872 ms localhost
GET /@vite/client 304 [09/Dec/2024:19:42:07 +0000] - 54.895 ms localhost
GET /polyfills.js 304 [09/Dec/2024:19:42:07 +0000] - 58.903 ms localhost
GET /@fs/C:/Users/USER/Desktop/BroCampTasks/Angular_Project/frontend/node_modules/vite/dist/client/env.mjs 304 [09/Dec/2024:19:42:07 +0000] - 3.097 ms localhost
GET /favicon.ico 304 [09/Dec/2024:19:42:07 +0000] - 6.650 ms localhost
POST /user/login 200 [09/Dec/2024:19:42:18 +0000] - 423.383 ms localhost
GET /service/totalService 304 [09/Dec/2024:19:42:24 +0000] - 76.136 ms localhost
GET /service/services?pageNumber=1&pageSize=2 304 [09/Dec/2024:19:42:24 +0000] - 109.236 ms localhost
GET /service/approveService/67570d9b2c25c237de46ef44 200 [09/Dec/2024:19:42:26 +0000] - 63.815 ms localhost
GET /service/services?pageNumber=1&pageSize=2 200 [09/Dec/2024:19:42:26 +0000] - 25.004 ms localhost
GET /user/logout 304 [09/Dec/2024:19:42:37 +0000] - 31.507 ms localhost
POST /user/login 200 [09/Dec/2024:19:42:47 +0000] - 281.247 ms localhost
GET /service/totalService 304 [09/Dec/2024:19:42:50 +0000] - 28.148 ms localhost
GET /service/services?pageNumber=1&pageSize=2 304 [09/Dec/2024:19:42:50 +0000] - 31.675 ms localhost
GET /service/editStatus/67570d9b2c25c237de46ef44 200 [09/Dec/2024:19:43:02 +0000] - 70.497 ms localhost
GET /service/services?pageNumber=1&pageSize=2 200 [09/Dec/2024:19:43:02 +0000] - 23.072 ms localhost
GET /service/editStatus/67570d9b2c25c237de46ef44 200 [09/Dec/2024:19:43:04 +0000] - 45.094 ms localhost
GET /service/services?pageNumber=1&pageSize=2 200 [09/Dec/2024:19:43:04 +0000] - 18.314 ms localhost
GET /service/services?pageNumber=1&pageSize=2&sortBy=&sortOrder=asc&serviceName=ca 200 [09/Dec/2024:19:43:16 +0000] - 24.901 ms localhost
GET /service/services?pageNumber=1&pageSize=2&sortBy=&sortOrder=asc&serviceName=ca 304 [09/Dec/2024:19:43:17 +0000] - 15.551 ms localhost
GET /styles.css 200 [09/Dec/2024:19:43:25 +0000] - 9.853 ms localhost
GET /@fs/C:/Users/USER/Desktop/BroCampTasks/Angular_Project/frontend/.angular/cache/18.2.11/frontend/vite/deps/@angular_platform-browser.js.map 304 [09/Dec/2024:19:43:25 +0000] - 36.073 ms localhost
GET /@fs/C:/Users/USER/Desktop/BroCampTasks/Angular_Project/frontend/.angular/cache/18.2.11/frontend/vite/deps/@angular_common_http.js.map 304 [09/Dec/2024:19:43:25 +0000] - 67.488 ms localhost
GET /@fs/C:/Users/USER/Desktop/BroCampTasks/Angular_Project/frontend/.angular/cache/18.2.11/frontend/vite/deps/chunk-PF6LNL77.js.map 304 [09/Dec/2024:19:43:25 +0000] - 39.865 ms localhost
GET /@fs/C:/Users/USER/Desktop/BroCampTasks/Angular_Project/frontend/.angular/cache/18.2.11/frontend/vite/deps/@angular_common.js.map 304 [09/Dec/2024:19:43:25 +0000] - 35.059 ms localhost
GET /@fs/C:/Users/USER/Desktop/BroCampTasks/Angular_Project/frontend/.angular/cache/18.2.11/frontend/vite/deps/rxjs.js.map 304 [09/Dec/2024:19:43:25 +0000] - 75.888 ms localhost
GET /@fs/C:/Users/USER/Desktop/BroCampTasks/Angular_Project/frontend/.angular/cache/18.2.11/frontend/vite/deps/chunk-FDUYSLZ7.js.map 304 [09/Dec/2024:19:43:26 +0000] - 784.812 ms localhost
GET /@fs/C:/Users/USER/Desktop/BroCampTasks/Angular_Project/frontend/.angular/cache/18.2.11/frontend/vite/deps/@angular_core.js.map 304 [09/Dec/2024:19:43:26 +0000] - 794.234 ms localhost
GET /@fs/C:/Users/USER/Desktop/BroCampTasks/Angular_Project/frontend/.angular/cache/18.2.11/frontend/vite/deps/chunk-J2M542RS.js.map 304 [09/Dec/2024:19:43:26 +0000] - 834.572 ms localhost
GET /@fs/C:/Users/USER/Desktop/BroCampTasks/Angular_Project/frontend/.angular/cache/18.2.11/frontend/vite/deps/@angular_router.js.map 304 [09/Dec/2024:19:43:26 +0000] - 840.977 ms localhost
GET /@fs/C:/Users/USER/Desktop/BroCampTasks/Angular_Project/frontend/.angular/cache/18.2.11/frontend/vite/deps/chunk-PLMZ7O3F.js.map 304 [09/Dec/2024:19:43:26 +0000] - 870.203 ms localhost
GET /@fs/C:/Users/USER/Desktop/BroCampTasks/Angular_Project/frontend/.angular/cache/18.2.11/frontend/vite/deps/chunk-SD63G7YN.js.map 304 [09/Dec/2024:19:43:26 +0000] - 897.264 ms localhost
GET /layout.component.css.map 200 [09/Dec/2024:19:43:26 +0000] - 64.846 ms localhost
GET /styles.css.map 200 [09/Dec/2024:19:43:26 +0000] - 34.033 ms localhost
GET /@fs/C:/Users/USER/Desktop/BroCampTasks/Angular_Project/frontend/.angular/cache/18.2.11/frontend/vite/deps/@angular_forms.js.map 304 [09/Dec/2024:19:43:26 +0000] - 136.779 ms localhost
GET /service/services?pageNumber=1&pageSize=2&sortBy=&sortOrder=asc&serviceName=ca 304 [09/Dec/2024:19:43:35 +0000] - 22.986 ms localhost
GET /service/service/67570d9b2c25c237de46ef44 200 [09/Dec/2024:19:44:06 +0000] - 29.949 ms localhost
GET /service/service/67570d9b2c25c237de46ef44 304 [09/Dec/2024:19:44:20 +0000] - 16.677 ms localhost
GET /services 200 [09/Dec/2024:19:45:27 +0000] - 14.588 ms localhost
GET / - [09/Dec/2024:19:45:27 +0000] - - ms localhost
GET /@vite/client 304 [09/Dec/2024:19:45:27 +0000] - 8.284 ms localhost
GET /polyfills.js 304 [09/Dec/2024:19:45:27 +0000] - 6.610 ms localhost
GET /styles.css 200 [09/Dec/2024:19:45:27 +0000] - 9.610 ms localhost
GET /main.js 304 [09/Dec/2024:19:45:27 +0000] - 8.945 ms localhost
GET /@fs/C:/Users/USER/Desktop/BroCampTasks/Angular_Project/frontend/node_modules/vite/dist/client/env.mjs 304 [09/Dec/2024:19:45:27 +0000] - 5.312 ms localhost
GET /favicon.ico 304 [09/Dec/2024:19:45:28 +0000] - 5.522 ms localhost
POST /user/login 200 [09/Dec/2024:19:45:37 +0000] - 302.868 ms localhost
GET /service/totalService 304 [09/Dec/2024:19:45:40 +0000] - 14.796 ms localhost
GET /service/services?pageNumber=1&pageSize=2 304 [09/Dec/2024:19:45:40 +0000] - 18.964 ms localhost
GET /service/service/67570d9b2c25c237de46ef44 304 [09/Dec/2024:19:45:42 +0000] - 21.504 ms localhost
GET / - [09/Dec/2024:19:49:27 +0000] - - ms localhost
GET /styles.css 200 [09/Dec/2024:19:49:52 +0000] - 8.106 ms localhost
GET /@fs/C:/Users/USER/Desktop/BroCampTasks/Angular_Project/frontend/.angular/cache/18.2.11/frontend/vite/deps/@angular_core.js.map 304 [09/Dec/2024:19:49:53 +0000] - 33.172 ms localhost
GET /@fs/C:/Users/USER/Desktop/BroCampTasks/Angular_Project/frontend/.angular/cache/18.2.11/frontend/vite/deps/@angular_platform-browser.js.map 304 [09/Dec/2024:19:49:53 +0000] - 38.923 ms localhost
GET /@fs/C:/Users/USER/Desktop/BroCampTasks/Angular_Project/frontend/.angular/cache/18.2.11/frontend/vite/deps/@angular_router.js.map 304 [09/Dec/2024:19:49:53 +0000] - 36.384 ms localhost
GET /@fs/C:/Users/USER/Desktop/BroCampTasks/Angular_Project/frontend/.angular/cache/18.2.11/frontend/vite/deps/@angular_common.js.map 304 [09/Dec/2024:19:49:53 +0000] - 34.264 ms localhost
GET /@fs/C:/Users/USER/Desktop/BroCampTasks/Angular_Project/frontend/.angular/cache/18.2.11/frontend/vite/deps/rxjs.js.map 304 [09/Dec/2024:19:49:53 +0000] - 36.937 ms localhost
GET /@fs/C:/Users/USER/Desktop/BroCampTasks/Angular_Project/frontend/.angular/cache/18.2.11/frontend/vite/deps/@angular_forms.js.map 304 [09/Dec/2024:19:49:53 +0000] - 47.220 ms localhost
GET /@fs/C:/Users/USER/Desktop/BroCampTasks/Angular_Project/frontend/.angular/cache/18.2.11/frontend/vite/deps/chunk-SD63G7YN.js.map 304 [09/Dec/2024:19:49:53 +0000] - 47.206 ms localhost
GET /@fs/C:/Users/USER/Desktop/BroCampTasks/Angular_Project/frontend/.angular/cache/18.2.11/frontend/vite/deps/chunk-J2M542RS.js.map 304 [09/Dec/2024:19:49:53 +0000] - 50.248 ms localhost
GET /@fs/C:/Users/USER/Desktop/BroCampTasks/Angular_Project/frontend/.angular/cache/18.2.11/frontend/vite/deps/@angular_common_http.js.map 304 [09/Dec/2024:19:49:53 +0000] - 24.299 ms localhost
GET /@fs/C:/Users/USER/Desktop/BroCampTasks/Angular_Project/frontend/.angular/cache/18.2.11/frontend/vite/deps/chunk-PLMZ7O3F.js.map 304 [09/Dec/2024:19:49:53 +0000] - 46.849 ms localhost
GET /@fs/C:/Users/USER/Desktop/BroCampTasks/Angular_Project/frontend/.angular/cache/18.2.11/frontend/vite/deps/chunk-PF6LNL77.js.map 304 [09/Dec/2024:19:49:53 +0000] - 56.751 ms localhost
GET /styles.css.map 200 [09/Dec/2024:19:49:53 +0000] - 171.556 ms localhost
GET /layout.component.css.map 200 [09/Dec/2024:19:49:53 +0000] - 172.819 ms localhost
GET /@fs/C:/Users/USER/Desktop/BroCampTasks/Angular_Project/frontend/.angular/cache/18.2.11/frontend/vite/deps/chunk-FDUYSLZ7.js.map 304 [09/Dec/2024:19:49:53 +0000] - 354.808 ms localhost
GET /service/service/67570d9b2c25c237de46ef44 304 [09/Dec/2024:19:50:00 +0000] - 50.492 ms localhost
GET /services 200 [09/Dec/2024:19:57:47 +0000] - 13.071 ms localhost
GET /@vite/client 304 [09/Dec/2024:19:57:47 +0000] - 3.494 ms localhost
GET /styles.css 200 [09/Dec/2024:19:57:47 +0000] - 3.390 ms localhost
GET /main.js 200 [09/Dec/2024:19:57:47 +0000] - 23.065 ms localhost
GET /polyfills.js 304 [09/Dec/2024:19:57:47 +0000] - 24.472 ms localhost
GET /@fs/C:/Users/USER/Desktop/BroCampTasks/Angular_Project/frontend/node_modules/vite/dist/client/env.mjs 304 [09/Dec/2024:19:57:48 +0000] - 2.294 ms localhost
GET /styles.css.map 200 [09/Dec/2024:19:57:48 +0000] - 4.794 ms localhost
GET /@fs/C:/Users/USER/Desktop/BroCampTasks/Angular_Project/frontend/.angular/cache/18.2.11/frontend/vite/deps/@angular_platform-browser.js.map 304 [09/Dec/2024:19:57:53 +0000] - 7.108 ms localhost
GET /@fs/C:/Users/USER/Desktop/BroCampTasks/Angular_Project/frontend/.angular/cache/18.2.11/frontend/vite/deps/chunk-J2M542RS.js.map 304 [09/Dec/2024:19:57:53 +0000] - 8.471 ms localhost
GET /@fs/C:/Users/USER/Desktop/BroCampTasks/Angular_Project/frontend/.angular/cache/18.2.11/frontend/vite/deps/chunk-SD63G7YN.js.map 304 [09/Dec/2024:19:57:53 +0000] - 11.559 ms localhost
GET /@fs/C:/Users/USER/Desktop/BroCampTasks/Angular_Project/frontend/.angular/cache/18.2.11/frontend/vite/deps/chunk-PLMZ7O3F.js.map 304 [09/Dec/2024:19:57:53 +0000] - 11.007 ms localhost
GET /@fs/C:/Users/USER/Desktop/BroCampTasks/Angular_Project/frontend/.angular/cache/18.2.11/frontend/vite/deps/chunk-FDUYSLZ7.js.map 304 [09/Dec/2024:19:57:53 +0000] - 47.647 ms localhost
GET /@fs/C:/Users/USER/Desktop/BroCampTasks/Angular_Project/frontend/.angular/cache/18.2.11/frontend/vite/deps/chunk-PF6LNL77.js.map 304 [09/Dec/2024:19:57:53 +0000] - 86.407 ms localhost
GET /@fs/C:/Users/USER/Desktop/BroCampTasks/Angular_Project/frontend/.angular/cache/18.2.11/frontend/vite/deps/@angular_common_http.js.map 304 [09/Dec/2024:19:57:53 +0000] - 76.409 ms localhost
GET /@fs/C:/Users/USER/Desktop/BroCampTasks/Angular_Project/frontend/.angular/cache/18.2.11/frontend/vite/deps/@angular_core.js.map 304 [09/Dec/2024:19:57:53 +0000] - 108.961 ms localhost
GET /@fs/C:/Users/USER/Desktop/BroCampTasks/Angular_Project/frontend/.angular/cache/18.2.11/frontend/vite/deps/@angular_router.js.map 304 [09/Dec/2024:19:57:53 +0000] - 92.510 ms localhost
GET /@fs/C:/Users/USER/Desktop/BroCampTasks/Angular_Project/frontend/.angular/cache/18.2.11/frontend/vite/deps/rxjs.js.map 304 [09/Dec/2024:19:57:53 +0000] - 51.832 ms localhost
GET /@fs/C:/Users/USER/Desktop/BroCampTasks/Angular_Project/frontend/.angular/cache/18.2.11/frontend/vite/deps/@angular_common.js.map 304 [09/Dec/2024:19:57:53 +0000] - 29.027 ms localhost
GET /@fs/C:/Users/USER/Desktop/BroCampTasks/Angular_Project/frontend/.angular/cache/18.2.11/frontend/vite/deps/@angular_forms.js.map 304 [09/Dec/2024:19:57:53 +0000] - 52.422 ms localhost
GET /login.component.css.map 200 [09/Dec/2024:19:57:54 +0000] - 2.796 ms localhost
GET /favicon.ico 304 [09/Dec/2024:19:57:55 +0000] - 4.194 ms localhost
GET /login 200 [09/Dec/2024:19:59:27 +0000] - 12.263 ms localhost
GET / - [09/Dec/2024:19:59:27 +0000] - - ms localhost
GET /@vite/client 304 [09/Dec/2024:19:59:28 +0000] - 15.837 ms localhost
GET /styles.css 200 [09/Dec/2024:19:59:28 +0000] - 19.658 ms localhost
GET /main.js 200 [09/Dec/2024:19:59:28 +0000] - 13.611 ms localhost
GET /polyfills.js 304 [09/Dec/2024:19:59:28 +0000] - 16.706 ms localhost
GET /styles.css.map 200 [09/Dec/2024:19:59:28 +0000] - 5.244 ms localhost
GET /@fs/C:/Users/USER/Desktop/BroCampTasks/Angular_Project/frontend/node_modules/vite/dist/client/env.mjs 304 [09/Dec/2024:19:59:28 +0000] - 4.075 ms localhost
GET /@fs/C:/Users/USER/Desktop/BroCampTasks/Angular_Project/frontend/.angular/cache/18.2.11/frontend/vite/deps/rxjs.js.map 304 [09/Dec/2024:19:59:28 +0000] - 13.044 ms localhost
GET /@fs/C:/Users/USER/Desktop/BroCampTasks/Angular_Project/frontend/.angular/cache/18.2.11/frontend/vite/deps/@angular_platform-browser.js.map 304 [09/Dec/2024:19:59:28 +0000] - 9.119 ms localhost
GET /@fs/C:/Users/USER/Desktop/BroCampTasks/Angular_Project/frontend/.angular/cache/18.2.11/frontend/vite/deps/@angular_common.js.map 304 [09/Dec/2024:19:59:28 +0000] - 14.435 ms localhost
GET /@fs/C:/Users/USER/Desktop/BroCampTasks/Angular_Project/frontend/.angular/cache/18.2.11/frontend/vite/deps/chunk-J2M542RS.js.map 304 [09/Dec/2024:19:59:28 +0000] - 15.344 ms localhost
GET /@fs/C:/Users/USER/Desktop/BroCampTasks/Angular_Project/frontend/.angular/cache/18.2.11/frontend/vite/deps/chunk-PF6LNL77.js.map 304 [09/Dec/2024:19:59:28 +0000] - 26.727 ms localhost
GET /@fs/C:/Users/USER/Desktop/BroCampTasks/Angular_Project/frontend/.angular/cache/18.2.11/frontend/vite/deps/chunk-SD63G7YN.js.map 304 [09/Dec/2024:19:59:28 +0000] - 22.185 ms localhost
GET /@fs/C:/Users/USER/Desktop/BroCampTasks/Angular_Project/frontend/.angular/cache/18.2.11/frontend/vite/deps/@angular_common_http.js.map 304 [09/Dec/2024:19:59:28 +0000] - 24.429 ms localhost
GET /@fs/C:/Users/USER/Desktop/BroCampTasks/Angular_Project/frontend/.angular/cache/18.2.11/frontend/vite/deps/chunk-PLMZ7O3F.js.map 304 [09/Dec/2024:19:59:28 +0000] - 53.254 ms localhost
GET /@fs/C:/Users/USER/Desktop/BroCampTasks/Angular_Project/frontend/.angular/cache/18.2.11/frontend/vite/deps/@angular_core.js.map 304 [09/Dec/2024:19:59:28 +0000] - 59.757 ms localhost
GET /@fs/C:/Users/USER/Desktop/BroCampTasks/Angular_Project/frontend/.angular/cache/18.2.11/frontend/vite/deps/@angular_router.js.map 304 [09/Dec/2024:19:59:28 +0000] - 85.478 ms localhost
GET /login.component.css.map 200 [09/Dec/2024:19:59:29 +0000] - 118.407 ms localhost
GET /@fs/C:/Users/USER/Desktop/BroCampTasks/Angular_Project/frontend/.angular/cache/18.2.11/frontend/vite/deps/@angular_forms.js.map 304 [09/Dec/2024:19:59:29 +0000] - 209.779 ms localhost
GET /@fs/C:/Users/USER/Desktop/BroCampTasks/Angular_Project/frontend/.angular/cache/18.2.11/frontend/vite/deps/chunk-FDUYSLZ7.js.map 304 [09/Dec/2024:19:59:29 +0000] - 384.319 ms localhost
GET /favicon.ico 304 [09/Dec/2024:19:59:29 +0000] - 3.820 ms localhost
POST /user/login 200 [09/Dec/2024:19:59:38 +0000] - 372.269 ms localhost
GET /layout.component.css.map 200 [09/Dec/2024:19:59:38 +0000] - 10.850 ms localhost
GET /dashboard.component.css.map 200 [09/Dec/2024:19:59:38 +0000] - 9.426 ms localhost
GET /service/services?pageNumber=1&pageSize=2 304 [09/Dec/2024:19:59:41 +0000] - 114.518 ms localhost
GET /service/totalService 304 [09/Dec/2024:19:59:41 +0000] - 118.309 ms localhost
GET /service/service/67570d9b2c25c237de46ef44 304 [09/Dec/2024:19:59:52 +0000] - 29.323 ms localhost
GET / 200 [09/Dec/2024:20:11:54 +0000] - 126.163 ms localhost
GET /@vite/client 304 [09/Dec/2024:20:11:54 +0000] - 8.194 ms localhost
GET /styles.css 200 [09/Dec/2024:20:11:54 +0000] - 6.954 ms localhost
GET /polyfills.js 304 [09/Dec/2024:20:11:54 +0000] - 7.893 ms localhost
GET /main.js 304 [09/Dec/2024:20:11:54 +0000] - 49.418 ms localhost
GET /@fs/C:/Users/USER/Desktop/BroCampTasks/Angular_Project/frontend/node_modules/vite/dist/client/env.mjs 304 [09/Dec/2024:20:11:54 +0000] - 10.007 ms localhost
POST /user/login 200 [09/Dec/2024:20:12:13 +0000] - 1168.042 ms localhost
GET /service/totalService 304 [09/Dec/2024:20:12:16 +0000] - 298.526 ms localhost
GET /service/services?pageNumber=1&pageSize=2 304 [09/Dec/2024:20:12:17 +0000] - 336.112 ms localhost
GET /service/service/67570d9b2c25c237de46ef44 304 [09/Dec/2024:20:12:18 +0000] - 46.351 ms localhost
GET /service/service/67570d9b2c25c237de46ef44 304 [09/Dec/2024:20:12:42 +0000] - 75.836 ms localhost
GET / - [09/Dec/2024:20:15:54 +0000] - - ms localhost
GET /service/delete/67570d9b2c25c237de46ef44 200 [09/Dec/2024:20:16:50 +0000] - 52.692 ms localhost
GET /service/services?pageNumber=1&pageSize=2 200 [09/Dec/2024:20:16:50 +0000] - 13.169 ms localhost
GET /services 200 [09/Dec/2024:20:16:59 +0000] - 74.676 ms localhost
GET /@vite/client 304 [09/Dec/2024:20:16:59 +0000] - 18.285 ms localhost
GET /styles.css 200 [09/Dec/2024:20:16:59 +0000] - 16.236 ms localhost
GET /main.js 200 [09/Dec/2024:20:16:59 +0000] - 25.080 ms localhost
GET /polyfills.js 304 [09/Dec/2024:20:16:59 +0000] - 30.992 ms localhost
GET /@fs/C:/Users/USER/Desktop/BroCampTasks/Angular_Project/frontend/node_modules/vite/dist/client/env.mjs 304 [09/Dec/2024:20:16:59 +0000] - 10.358 ms localhost
GET /favicon.ico 304 [09/Dec/2024:20:17:00 +0000] - 13.419 ms localhost
POST /user/login 200 [09/Dec/2024:20:19:54 +0000] - 469.787 ms localhost
GET /service/totalService 400 [09/Dec/2024:20:19:57 +0000] - 39.001 ms localhost
GET /service/services?pageNumber=1&pageSize=2 304 [09/Dec/2024:20:19:57 +0000] - 48.521 ms localhost
GET /styles.css 200 [09/Dec/2024:20:20:02 +0000] - 10.835 ms localhost
GET /@fs/C:/Users/USER/Desktop/BroCampTasks/Angular_Project/frontend/.angular/cache/18.2.11/frontend/vite/deps/@angular_common.js.map 304 [09/Dec/2024:20:20:02 +0000] - 141.017 ms localhost
GET /@fs/C:/Users/USER/Desktop/BroCampTasks/Angular_Project/frontend/.angular/cache/18.2.11/frontend/vite/deps/@angular_common_http.js.map 304 [09/Dec/2024:20:20:02 +0000] - 134.921 ms localhost
GET /@fs/C:/Users/USER/Desktop/BroCampTasks/Angular_Project/frontend/.angular/cache/18.2.11/frontend/vite/deps/@angular_platform-browser.js.map 304 [09/Dec/2024:20:20:02 +0000] - 147.697 ms localhost
GET /@fs/C:/Users/USER/Desktop/BroCampTasks/Angular_Project/frontend/.angular/cache/18.2.11/frontend/vite/deps/@angular_core.js.map 304 [09/Dec/2024:20:20:02 +0000] - 152.295 ms localhost
GET /@fs/C:/Users/USER/Desktop/BroCampTasks/Angular_Project/frontend/.angular/cache/18.2.11/frontend/vite/deps/rxjs.js.map 304 [09/Dec/2024:20:20:02 +0000] - 140.923 ms localhost
GET /@fs/C:/Users/USER/Desktop/BroCampTasks/Angular_Project/frontend/.angular/cache/18.2.11/frontend/vite/deps/chunk-PLMZ7O3F.js.map 304 [09/Dec/2024:20:20:03 +0000] - 498.857 ms localhost
GET /@fs/C:/Users/USER/Desktop/BroCampTasks/Angular_Project/frontend/.angular/cache/18.2.11/frontend/vite/deps/@angular_forms.js.map 304 [09/Dec/2024:20:20:03 +0000] - 652.298 ms localhost
GET /@fs/C:/Users/USER/Desktop/BroCampTasks/Angular_Project/frontend/.angular/cache/18.2.11/frontend/vite/deps/chunk-J2M542RS.js.map 304 [09/Dec/2024:20:20:03 +0000] - 712.406 ms localhost
GET /@fs/C:/Users/USER/Desktop/BroCampTasks/Angular_Project/frontend/.angular/cache/18.2.11/frontend/vite/deps/@angular_router.js.map 304 [09/Dec/2024:20:20:03 +0000] - 910.672 ms localhost
GET /@fs/C:/Users/USER/Desktop/BroCampTasks/Angular_Project/frontend/.angular/cache/18.2.11/frontend/vite/deps/chunk-SD63G7YN.js.map 304 [09/Dec/2024:20:20:03 +0000] - 760.736 ms localhost
GET /styles.css.map 200 [09/Dec/2024:20:20:03 +0000] - 136.599 ms localhost
GET /layout.component.css.map 200 [09/Dec/2024:20:20:03 +0000] - 98.754 ms localhost
GET /@fs/C:/Users/USER/Desktop/BroCampTasks/Angular_Project/frontend/.angular/cache/18.2.11/frontend/vite/deps/chunk-FDUYSLZ7.js.map 304 [09/Dec/2024:20:20:03 +0000] - 973.725 ms localhost
GET /@fs/C:/Users/USER/Desktop/BroCampTasks/Angular_Project/frontend/.angular/cache/18.2.11/frontend/vite/deps/chunk-PF6LNL77.js.map 304 [09/Dec/2024:20:20:03 +0000] - 368.617 ms localhost
POST /service/addService 200 [09/Dec/2024:20:20:45 +0000] - 544.963 ms localhost
GET /service/services?pageNumber=1&pageSize=2 200 [09/Dec/2024:20:20:45 +0000] - 27.617 ms localhost
GET / - [09/Dec/2024:20:20:59 +0000] - - ms localhost
GET /service/service/6757511dc61b8fbac9567eea 200 [09/Dec/2024:20:22:42 +0000] - 30.364 ms localhost
GET /service/service/6757511dc61b8fbac9567eea 304 [09/Dec/2024:20:23:06 +0000] - 22.464 ms localhost
GET /services 200 [09/Dec/2024:20:23:46 +0000] - 13.817 ms localhost
GET /@vite/client 304 [09/Dec/2024:20:23:46 +0000] - 6.074 ms localhost
GET /styles.css 200 [09/Dec/2024:20:23:46 +0000] - 6.069 ms localhost
GET /polyfills.js 304 [09/Dec/2024:20:23:46 +0000] - 2.473 ms localhost
GET /main.js 304 [09/Dec/2024:20:23:46 +0000] - 2.903 ms localhost
GET /@fs/C:/Users/USER/Desktop/BroCampTasks/Angular_Project/frontend/node_modules/vite/dist/client/env.mjs 304 [09/Dec/2024:20:23:46 +0000] - 3.075 ms localhost
GET /styles.css.map 200 [09/Dec/2024:20:23:46 +0000] - 3.147 ms localhost
GET /@fs/C:/Users/USER/Desktop/BroCampTasks/Angular_Project/frontend/.angular/cache/18.2.11/frontend/vite/deps/@angular_platform-browser.js.map 304 [09/Dec/2024:20:23:47 +0000] - 16.816 ms localhost
GET /@fs/C:/Users/USER/Desktop/BroCampTasks/Angular_Project/frontend/.angular/cache/18.2.11/frontend/vite/deps/chunk-PLMZ7O3F.js.map 304 [09/Dec/2024:20:23:47 +0000] - 25.053 ms localhost
GET /@fs/C:/Users/USER/Desktop/BroCampTasks/Angular_Project/frontend/.angular/cache/18.2.11/frontend/vite/deps/chunk-SD63G7YN.js.map 304 [09/Dec/2024:20:23:47 +0000] - 30.931 ms localhost
GET /@fs/C:/Users/USER/Desktop/BroCampTasks/Angular_Project/frontend/.angular/cache/18.2.11/frontend/vite/deps/chunk-J2M542RS.js.map 304 [09/Dec/2024:20:23:47 +0000] - 30.383 ms localhost
GET /@fs/C:/Users/USER/Desktop/BroCampTasks/Angular_Project/frontend/.angular/cache/18.2.11/frontend/vite/deps/chunk-PF6LNL77.js.map 304 [09/Dec/2024:20:23:47 +0000] - 36.635 ms localhost
GET /@fs/C:/Users/USER/Desktop/BroCampTasks/Angular_Project/frontend/.angular/cache/18.2.11/frontend/vite/deps/chunk-FDUYSLZ7.js.map 304 [09/Dec/2024:20:23:47 +0000] - 146.421 ms localhost
GET /@fs/C:/Users/USER/Desktop/BroCampTasks/Angular_Project/frontend/.angular/cache/18.2.11/frontend/vite/deps/@angular_router.js.map 304 [09/Dec/2024:20:23:47 +0000] - 116.352 ms localhost
GET /@fs/C:/Users/USER/Desktop/BroCampTasks/Angular_Project/frontend/.angular/cache/18.2.11/frontend/vite/deps/@angular_core.js.map 304 [09/Dec/2024:20:23:47 +0000] - 140.371 ms localhost
GET /@fs/C:/Users/USER/Desktop/BroCampTasks/Angular_Project/frontend/.angular/cache/18.2.11/frontend/vite/deps/rxjs.js.map 304 [09/Dec/2024:20:23:47 +0000] - 104.437 ms localhost
GET /@fs/C:/Users/USER/Desktop/BroCampTasks/Angular_Project/frontend/.angular/cache/18.2.11/frontend/vite/deps/@angular_common_http.js.map 304 [09/Dec/2024:20:23:47 +0000] - 102.659 ms localhost
GET /@fs/C:/Users/USER/Desktop/BroCampTasks/Angular_Project/frontend/.angular/cache/18.2.11/frontend/vite/deps/@angular_forms.js.map 304 [09/Dec/2024:20:23:47 +0000] - 109.638 ms localhost
GET /@fs/C:/Users/USER/Desktop/BroCampTasks/Angular_Project/frontend/.angular/cache/18.2.11/frontend/vite/deps/@angular_common.js.map 304 [09/Dec/2024:20:23:47 +0000] - 57.514 ms localhost
GET /login.component.css.map 200 [09/Dec/2024:20:23:48 +0000] - 2.882 ms localhost
GET /favicon.ico 304 [09/Dec/2024:20:23:48 +0000] - 7.872 ms localhost
GET /login 200 [09/Dec/2024:20:23:55 +0000] - 10.307 ms localhost
GET / - [09/Dec/2024:20:23:55 +0000] - - ms localhost
GET /@vite/client 304 [09/Dec/2024:20:23:55 +0000] - 9.700 ms localhost
GET /styles.css 200 [09/Dec/2024:20:23:55 +0000] - 9.445 ms localhost
GET /polyfills.js 304 [09/Dec/2024:20:23:55 +0000] - 10.510 ms localhost
GET /main.js 304 [09/Dec/2024:20:23:55 +0000] - 11.134 ms localhost
GET /styles.css.map 200 [09/Dec/2024:20:23:55 +0000] - 6.346 ms localhost
GET /@fs/C:/Users/USER/Desktop/BroCampTasks/Angular_Project/frontend/node_modules/vite/dist/client/env.mjs 304 [09/Dec/2024:20:23:55 +0000] - 2.476 ms localhost
GET /@fs/C:/Users/USER/Desktop/BroCampTasks/Angular_Project/frontend/.angular/cache/18.2.11/frontend/vite/deps/@angular_platform-browser.js.map 304 [09/Dec/2024:20:23:56 +0000] - 62.173 ms localhost
GET /@fs/C:/Users/USER/Desktop/BroCampTasks/Angular_Project/frontend/.angular/cache/18.2.11/frontend/vite/deps/@angular_common_http.js.map 304 [09/Dec/2024:20:23:56 +0000] - 12.647 ms localhost
GET /@fs/C:/Users/USER/Desktop/BroCampTasks/Angular_Project/frontend/.angular/cache/18.2.11/frontend/vite/deps/@angular_core.js.map 304 [09/Dec/2024:20:23:56 +0000] - 14.342 ms localhost
GET /@fs/C:/Users/USER/Desktop/BroCampTasks/Angular_Project/frontend/.angular/cache/18.2.11/frontend/vite/deps/chunk-SD63G7YN.js.map 304 [09/Dec/2024:20:23:56 +0000] - 19.677 ms localhost
GET /@fs/C:/Users/USER/Desktop/BroCampTasks/Angular_Project/frontend/.angular/cache/18.2.11/frontend/vite/deps/chunk-J2M542RS.js.map 304 [09/Dec/2024:20:23:56 +0000] - 20.882 ms localhost
GET /@fs/C:/Users/USER/Desktop/BroCampTasks/Angular_Project/frontend/.angular/cache/18.2.11/frontend/vite/deps/chunk-PF6LNL77.js.map 304 [09/Dec/2024:20:23:56 +0000] - 31.076 ms localhost
GET /@fs/C:/Users/USER/Desktop/BroCampTasks/Angular_Project/frontend/.angular/cache/18.2.11/frontend/vite/deps/rxjs.js.map 304 [09/Dec/2024:20:23:56 +0000] - 37.039 ms localhost
GET /@fs/C:/Users/USER/Desktop/BroCampTasks/Angular_Project/frontend/.angular/cache/18.2.11/frontend/vite/deps/@angular_forms.js.map 304 [09/Dec/2024:20:23:56 +0000] - 37.831 ms localhost
GET /@fs/C:/Users/USER/Desktop/BroCampTasks/Angular_Project/frontend/.angular/cache/18.2.11/frontend/vite/deps/@angular_common.js.map 304 [09/Dec/2024:20:23:56 +0000] - 37.656 ms localhost
GET /login.component.css.map 200 [09/Dec/2024:20:23:56 +0000] - 10.236 ms localhost
GET /@fs/C:/Users/USER/Desktop/BroCampTasks/Angular_Project/frontend/.angular/cache/18.2.11/frontend/vite/deps/@angular_router.js.map 304 [09/Dec/2024:20:23:56 +0000] - 65.023 ms localhost
GET /@fs/C:/Users/USER/Desktop/BroCampTasks/Angular_Project/frontend/.angular/cache/18.2.11/frontend/vite/deps/chunk-PLMZ7O3F.js.map 304 [09/Dec/2024:20:23:56 +0000] - 58.003 ms localhost
GET /@fs/C:/Users/USER/Desktop/BroCampTasks/Angular_Project/frontend/.angular/cache/18.2.11/frontend/vite/deps/chunk-FDUYSLZ7.js.map 304 [09/Dec/2024:20:23:56 +0000] - 233.922 ms localhost
GET /favicon.ico 304 [09/Dec/2024:20:23:56 +0000] - 6.222 ms localhost
POST /user/login 200 [09/Dec/2024:20:24:08 +0000] - 373.353 ms localhost
GET /layout.component.css.map 200 [09/Dec/2024:20:24:08 +0000] - 15.302 ms localhost
GET /dashboard.component.css.map 200 [09/Dec/2024:20:24:08 +0000] - 5.104 ms localhost
GET /service/totalService 200 [09/Dec/2024:20:24:44 +0000] - 26.527 ms localhost
GET /service/services?pageNumber=1&pageSize=2 304 [09/Dec/2024:20:24:44 +0000] - 23.880 ms localhost
GET /service/service/6757511dc61b8fbac9567eea 304 [09/Dec/2024:20:24:48 +0000] - 31.315 ms localhost
GET / - [09/Dec/2024:20:27:55 +0000] - - ms localhost
GET /services 200 [09/Dec/2024:20:27:56 +0000] - 13.806 ms localhost
GET /styles.css 200 [09/Dec/2024:20:27:56 +0000] - 9.141 ms localhost
GET /@vite/client 304 [09/Dec/2024:20:27:56 +0000] - 10.323 ms localhost
GET /polyfills.js 304 [09/Dec/2024:20:27:56 +0000] - 2.865 ms localhost
GET /main.js 200 [09/Dec/2024:20:27:56 +0000] - 7.654 ms localhost
GET /@fs/C:/Users/USER/Desktop/BroCampTasks/Angular_Project/frontend/node_modules/vite/dist/client/env.mjs 304 [09/Dec/2024:20:27:56 +0000] - 2.981 ms localhost
GET /favicon.ico 304 [09/Dec/2024:20:27:57 +0000] - 4.222 ms localhost
GET /login 200 [09/Dec/2024:20:28:03 +0000] - 7.547 ms localhost
GET / - [09/Dec/2024:20:28:03 +0000] - - ms localhost
GET /@vite/client 304 [09/Dec/2024:20:28:03 +0000] - 3.441 ms localhost
GET /main.js 200 [09/Dec/2024:20:28:03 +0000] - 10.703 ms localhost
GET /styles.css 200 [09/Dec/2024:20:28:03 +0000] - 11.561 ms localhost
GET /polyfills.js 304 [09/Dec/2024:20:28:03 +0000] - 13.381 ms localhost
GET /@fs/C:/Users/USER/Desktop/BroCampTasks/Angular_Project/frontend/node_modules/vite/dist/client/env.mjs 304 [09/Dec/2024:20:28:03 +0000] - 8.335 ms localhost
GET /favicon.ico 304 [09/Dec/2024:20:28:03 +0000] - 3.726 ms localhost
GET /login 200 [09/Dec/2024:20:28:08 +0000] - 13.976 ms localhost
GET / - [09/Dec/2024:20:28:08 +0000] - - ms localhost
GET /@vite/client 304 [09/Dec/2024:20:28:08 +0000] - 13.605 ms localhost
GET /styles.css 200 [09/Dec/2024:20:28:08 +0000] - 14.275 ms localhost
GET /polyfills.js 304 [09/Dec/2024:20:28:08 +0000] - 14.864 ms localhost
GET /main.js 304 [09/Dec/2024:20:28:08 +0000] - 16.196 ms localhost
GET /@fs/C:/Users/USER/Desktop/BroCampTasks/Angular_Project/frontend/node_modules/vite/dist/client/env.mjs 304 [09/Dec/2024:20:28:08 +0000] - 6.014 ms localhost
GET /favicon.ico 304 [09/Dec/2024:20:28:08 +0000] - 4.438 ms localhost
GET / 200 [09/Dec/2024:20:28:12 +0000] - 13.385 ms localhost
GET /@vite/client 304 [09/Dec/2024:20:28:13 +0000] - 3.754 ms localhost
GET /styles.css 200 [09/Dec/2024:20:28:13 +0000] - 5.268 ms localhost
GET /polyfills.js 304 [09/Dec/2024:20:28:13 +0000] - 4.369 ms localhost
GET /main.js 304 [09/Dec/2024:20:28:13 +0000] - 5.985 ms localhost
GET /@fs/C:/Users/USER/Desktop/BroCampTasks/Angular_Project/frontend/node_modules/vite/dist/client/env.mjs 304 [09/Dec/2024:20:28:13 +0000] - 3.029 ms localhost
GET / - [09/Dec/2024:20:28:13 +0000] - - ms localhost
GET / - [09/Dec/2024:20:32:13 +0000] - - ms localhost
POST /user/login 200 [09/Dec/2024:20:33:25 +0000] - 403.623 ms localhost
GET /service/totalService 304 [09/Dec/2024:20:33:30 +0000] - 48.998 ms localhost
GET /service/services?pageNumber=1&pageSize=2 304 [09/Dec/2024:20:33:30 +0000] - 50.622 ms localhost
GET /service/service/6757511dc61b8fbac9567eea 304 [09/Dec/2024:20:33:39 +0000] - 25.932 ms localhost
GET /service/totalService 304 [09/Dec/2024:20:33:57 +0000] - 22.167 ms localhost
GET /service/services?pageNumber=1&pageSize=2 304 [09/Dec/2024:20:33:57 +0000] - 23.499 ms localhost
GET /service/service/6757511dc61b8fbac9567eea 304 [09/Dec/2024:20:34:05 +0000] - 61.510 ms localhost
GET /services 200 [09/Dec/2024:20:34:38 +0000] - 23.398 ms localhost
GET /@vite/client 304 [09/Dec/2024:20:34:38 +0000] - 3.042 ms localhost
GET /styles.css 200 [09/Dec/2024:20:34:38 +0000] - 2.818 ms localhost
GET /polyfills.js 304 [09/Dec/2024:20:34:38 +0000] - 2.648 ms localhost
GET /main.js 200 [09/Dec/2024:20:34:38 +0000] - 9.396 ms localhost
GET /@fs/C:/Users/USER/Desktop/BroCampTasks/Angular_Project/frontend/node_modules/vite/dist/client/env.mjs 304 [09/Dec/2024:20:34:38 +0000] - 11.117 ms localhost
GET /favicon.ico 304 [09/Dec/2024:20:34:39 +0000] - 15.318 ms localhost
GET /login 200 [09/Dec/2024:20:34:52 +0000] - 6.361 ms localhost
GET / - [09/Dec/2024:20:34:52 +0000] - - ms localhost
GET /@vite/client 304 [09/Dec/2024:20:34:52 +0000] - 7.627 ms localhost
GET /styles.css 200 [09/Dec/2024:20:34:52 +0000] - 7.658 ms localhost
GET /polyfills.js 304 [09/Dec/2024:20:34:52 +0000] - 8.934 ms localhost
GET /main.js 304 [09/Dec/2024:20:34:52 +0000] - 9.049 ms localhost
GET /@fs/C:/Users/USER/Desktop/BroCampTasks/Angular_Project/frontend/node_modules/vite/dist/client/env.mjs 304 [09/Dec/2024:20:34:52 +0000] - 3.744 ms localhost
GET /favicon.ico 304 [09/Dec/2024:20:34:52 +0000] - 3.711 ms localhost
GET / - [09/Dec/2024:20:38:52 +0000] - - ms localhost
GET /login 200 [09/Dec/2024:20:39:05 +0000] - 11.289 ms localhost
GET /@vite/client 304 [09/Dec/2024:20:39:05 +0000] - 5.028 ms localhost
GET /styles.css 200 [09/Dec/2024:20:39:05 +0000] - 10.186 ms localhost
GET /polyfills.js 304 [09/Dec/2024:20:39:05 +0000] - 7.850 ms localhost
GET /main.js 304 [09/Dec/2024:20:39:05 +0000] - 2.149 ms localhost
GET /@fs/C:/Users/USER/Desktop/BroCampTasks/Angular_Project/frontend/node_modules/vite/dist/client/env.mjs 304 [09/Dec/2024:20:39:05 +0000] - 3.176 ms localhost
GET /favicon.ico 304 [09/Dec/2024:20:39:06 +0000] - 3.414 ms localhost
GET /login 200 [09/Dec/2024:20:39:57 +0000] - 57.273 ms localhost
GET / - [09/Dec/2024:20:39:57 +0000] - - ms localhost
GET /@vite/client 304 [09/Dec/2024:20:39:57 +0000] - 3.557 ms localhost
GET /styles.css 200 [09/Dec/2024:20:39:57 +0000] - 6.178 ms localhost
GET /polyfills.js 304 [09/Dec/2024:20:39:57 +0000] - 7.684 ms localhost
GET /main.js 200 [09/Dec/2024:20:39:57 +0000] - 12.568 ms localhost
GET /@fs/C:/Users/USER/Desktop/BroCampTasks/Angular_Project/frontend/node_modules/vite/dist/client/env.mjs 304 [09/Dec/2024:20:39:57 +0000] - 4.515 ms localhost
GET /favicon.ico 304 [09/Dec/2024:20:39:58 +0000] - 6.749 ms localhost
GET /login 200 [09/Dec/2024:20:40:01 +0000] - 8.071 ms localhost
GET / - [09/Dec/2024:20:40:01 +0000] - - ms localhost
GET /@vite/client 304 [09/Dec/2024:20:40:01 +0000] - 13.622 ms localhost
GET /styles.css 200 [09/Dec/2024:20:40:01 +0000] - 13.144 ms localhost
GET /polyfills.js 304 [09/Dec/2024:20:40:01 +0000] - 13.912 ms localhost
GET /main.js 304 [09/Dec/2024:20:40:01 +0000] - 14.596 ms localhost
GET /@fs/C:/Users/USER/Desktop/BroCampTasks/Angular_Project/frontend/node_modules/vite/dist/client/env.mjs 304 [09/Dec/2024:20:40:01 +0000] - 4.235 ms localhost
GET /favicon.ico 304 [09/Dec/2024:20:40:01 +0000] - 5.683 ms localhost
GET /login 200 [09/Dec/2024:20:40:03 +0000] - 8.766 ms localhost
GET / - [09/Dec/2024:20:40:03 +0000] - - ms localhost
GET /@vite/client 304 [09/Dec/2024:20:40:03 +0000] - 10.043 ms localhost
GET /styles.css 200 [09/Dec/2024:20:40:03 +0000] - 9.402 ms localhost
GET /polyfills.js 304 [09/Dec/2024:20:40:03 +0000] - 10.307 ms localhost
GET /main.js 304 [09/Dec/2024:20:40:03 +0000] - 10.310 ms localhost
GET /@fs/C:/Users/USER/Desktop/BroCampTasks/Angular_Project/frontend/node_modules/vite/dist/client/env.mjs 304 [09/Dec/2024:20:40:03 +0000] - 4.262 ms localhost
GET /favicon.ico 304 [09/Dec/2024:20:40:03 +0000] - 4.266 ms localhost
POST /user/login 200 [09/Dec/2024:20:40:12 +0000] - 352.126 ms localhost
GET /service/services?pageNumber=1&pageSize=2 304 [09/Dec/2024:20:40:17 +0000] - 15.486 ms localhost
GET /service/totalService 304 [09/Dec/2024:20:40:17 +0000] - 22.348 ms localhost
GET /service/service/6757511dc61b8fbac9567eea 304 [09/Dec/2024:20:40:25 +0000] - 30.998 ms localhost
GET /service/service/6757511dc61b8fbac9567eea 304 [09/Dec/2024:20:40:40 +0000] - 67.793 ms localhost
GET /user/logout 304 [09/Dec/2024:20:41:05 +0000] - 36.462 ms localhost
GET / - [09/Dec/2024:20:44:03 +0000] - - ms localhost
GET /login 200 [09/Dec/2024:20:44:56 +0000] - 17.468 ms localhost
GET /@vite/client 304 [09/Dec/2024:20:44:56 +0000] - 7.982 ms localhost
GET /styles.css 200 [09/Dec/2024:20:44:56 +0000] - 12.534 ms localhost
GET /polyfills.js 304 [09/Dec/2024:20:44:56 +0000] - 2.904 ms localhost
GET /main.js 200 [09/Dec/2024:20:44:56 +0000] - 12.632 ms localhost
GET /@fs/C:/Users/USER/Desktop/BroCampTasks/Angular_Project/frontend/node_modules/vite/dist/client/env.mjs 304 [09/Dec/2024:20:44:56 +0000] - 3.349 ms localhost
GET /favicon.ico 304 [09/Dec/2024:20:44:57 +0000] - 4.481 ms localhost
GET /login 200 [09/Dec/2024:20:46:23 +0000] - 7.294 ms localhost
GET / - [09/Dec/2024:20:46:23 +0000] - - ms localhost
GET /@vite/client 304 [09/Dec/2024:20:46:23 +0000] - 9.801 ms localhost
GET /styles.css 200 [09/Dec/2024:20:46:23 +0000] - 9.543 ms localhost
GET /polyfills.js 304 [09/Dec/2024:20:46:23 +0000] - 11.267 ms localhost
GET /main.js 200 [09/Dec/2024:20:46:23 +0000] - 16.396 ms localhost
GET /@fs/C:/Users/USER/Desktop/BroCampTasks/Angular_Project/frontend/node_modules/vite/dist/client/env.mjs 304 [09/Dec/2024:20:46:23 +0000] - 7.371 ms localhost
GET /favicon.ico 304 [09/Dec/2024:20:46:23 +0000] - 3.607 ms localhost
POST /user/login 200 [09/Dec/2024:20:46:32 +0000] - 321.817 ms localhost
GET /service/totalService 304 [09/Dec/2024:20:46:36 +0000] - 24.462 ms localhost
GET /service/services?pageNumber=1&pageSize=2 304 [09/Dec/2024:20:46:36 +0000] - 19.304 ms localhost
GET /service/approveService/6757511dc61b8fbac9567eea 200 [09/Dec/2024:20:46:47 +0000] - 87.239 ms localhost
GET /service/services?pageNumber=1&pageSize=2 200 [09/Dec/2024:20:46:47 +0000] - 24.400 ms localhost
GET / - [09/Dec/2024:20:50:23 +0000] - - ms localhost
GET /services 200 [09/Dec/2024:21:03:49 +0000] - 525.362 ms localhost
GET /@vite/client 304 [09/Dec/2024:21:03:50 +0000] - 7.279 ms localhost
GET /styles.css 200 [09/Dec/2024:21:03:50 +0000] - 8.668 ms localhost
GET /polyfills.js 304 [09/Dec/2024:21:03:50 +0000] - 24.292 ms localhost
GET /main.js 304 [09/Dec/2024:21:03:50 +0000] - 13.513 ms localhost
GET /@fs/C:/Users/USER/Desktop/BroCampTasks/Angular_Project/frontend/node_modules/vite/dist/client/env.mjs 304 [09/Dec/2024:21:03:52 +0000] - 3.484 ms localhost
GET /favicon.ico 304 [09/Dec/2024:21:03:53 +0000] - 17.173 ms localhost
GET / - [09/Dec/2024:21:07:52 +0000] - - ms localhost
GET / - [10/Dec/2024:06:28:41 +0000] - - ms localhost
POST /user/login 200 [10/Dec/2024:07:08:07 +0000] - 450.446 ms localhost
GET /service/services?pageNumber=1&pageSize=2 304 [10/Dec/2024:07:08:11 +0000] - 184.545 ms localhost
GET /service/totalService 304 [10/Dec/2024:07:08:11 +0000] - 202.316 ms localhost
POST /service/addService 200 [10/Dec/2024:07:09:31 +0000] - 149.619 ms localhost
GET /service/services?pageNumber=1&pageSize=2 200 [10/Dec/2024:07:09:31 +0000] - 37.532 ms localhost
GET /service/service/6757e92bc61b8fbac9567f25 200 [10/Dec/2024:07:09:38 +0000] - 64.881 ms localhost
POST /service/edit/6757e92bc61b8fbac9567f25 200 [10/Dec/2024:07:10:03 +0000] - 193.234 ms localhost
GET /service/editStatus/6757511dc61b8fbac9567eea 200 [10/Dec/2024:07:10:48 +0000] - 37.480 ms localhost
GET /service/services?pageNumber=1&pageSize=2 200 [10/Dec/2024:07:10:48 +0000] - 22.051 ms localhost
GET /user/logout 304 [10/Dec/2024:07:11:54 +0000] - 14.669 ms localhost
POST /user/login 200 [10/Dec/2024:07:12:01 +0000] - 294.055 ms localhost
GET /user/usersCount 304 [10/Dec/2024:07:12:06 +0000] - 159.901 ms localhost
GET /user/users?pageNumber=1&pageSize=2 304 [10/Dec/2024:07:12:06 +0000] - 178.452 ms localhost
GET /user/users?pageNumber=2&pageSize=2 304 [10/Dec/2024:07:12:14 +0000] - 36.297 ms localhost
POST /user/editStatus 200 [10/Dec/2024:07:12:19 +0000] - 206.333 ms localhost
GET /user/users?pageNumber=2&pageSize=2 200 [10/Dec/2024:07:12:19 +0000] - 29.152 ms localhost
GET /service/totalService 200 [10/Dec/2024:07:15:41 +0000] - 25.469 ms localhost
GET /service/services?pageNumber=1&pageSize=2 304 [10/Dec/2024:07:15:41 +0000] - 26.456 ms localhost
GET /user/logout 304 [10/Dec/2024:07:16:45 +0000] - 63.336 ms localhost
POST /user/login 200 [10/Dec/2024:07:17:13 +0000] - 244.597 ms localhost
GET /service/totalService 304 [10/Dec/2024:07:17:16 +0000] - 23.276 ms localhost
GET /service/services?pageNumber=1&pageSize=2 304 [10/Dec/2024:07:17:16 +0000] - 34.561 ms localhost
GET /user/logout 304 [10/Dec/2024:07:18:34 +0000] - 11.507 ms localhost
POST /user/login 200 [10/Dec/2024:07:18:41 +0000] - 195.033 ms localhost
GET /user/usersCount 304 [10/Dec/2024:07:18:44 +0000] - 65.998 ms localhost
GET /user/users?pageNumber=1&pageSize=2 304 [10/Dec/2024:07:18:44 +0000] - 55.162 ms localhost
GET /user/users?pageNumber=2&pageSize=2 304 [10/Dec/2024:07:19:04 +0000] - 69.584 ms localhost
GET /users 200 [10/Dec/2024:15:46:43 +0000] - 165.372 ms localhost
GET /@vite/client 304 [10/Dec/2024:15:46:43 +0000] - 30.757 ms localhost
GET /styles.css 200 [10/Dec/2024:15:46:43 +0000] - 43.130 ms localhost
GET /polyfills.js 304 [10/Dec/2024:15:46:43 +0000] - 41.635 ms localhost
GET /main.js 200 [10/Dec/2024:15:46:43 +0000] - 72.588 ms localhost
GET /@fs/C:/Users/USER/Desktop/BroCampTasks/Angular_Project/frontend/node_modules/vite/dist/client/env.mjs 304 [10/Dec/2024:15:46:43 +0000] - 5.063 ms localhost
GET /favicon.ico 304 [10/Dec/2024:15:46:44 +0000] - 20.199 ms localhost
GET / - [10/Dec/2024:15:50:43 +0000] - - ms localhost
GET /login 200 [10/Dec/2024:16:31:50 +0000] - 63.635 ms localhost
GET /@vite/client 304 [10/Dec/2024:16:31:50 +0000] - 14.143 ms localhost
GET /styles.css 200 [10/Dec/2024:16:31:50 +0000] - 15.892 ms localhost
GET /polyfills.js 304 [10/Dec/2024:16:31:50 +0000] - 21.525 ms localhost
GET /main.js 304 [10/Dec/2024:16:31:50 +0000] - 21.806 ms localhost
GET /@fs/C:/Users/USER/Desktop/BroCampTasks/Angular_Project/frontend/node_modules/vite/dist/client/env.mjs 304 [10/Dec/2024:16:31:50 +0000] - 21.211 ms localhost
GET /favicon.ico 304 [10/Dec/2024:16:31:52 +0000] - 29.551 ms localhost
GET / - [10/Dec/2024:16:35:51 +0000] - - ms localhost
GET /login 200 [10/Dec/2024:17:08:19 +0000] - 60.622 ms localhost
GET /@vite/client 304 [10/Dec/2024:17:08:19 +0000] - 3.723 ms localhost
GET /styles.css 200 [10/Dec/2024:17:08:19 +0000] - 8.340 ms localhost
GET /polyfills.js 304 [10/Dec/2024:17:08:19 +0000] - 2.796 ms localhost
GET /main.js 304 [10/Dec/2024:17:08:19 +0000] - 4.040 ms localhost
GET /@fs/C:/Users/USER/Desktop/BroCampTasks/Angular_Project/frontend/node_modules/vite/dist/client/env.mjs 304 [10/Dec/2024:17:08:20 +0000] - 17.130 ms localhost
GET /favicon.ico 304 [10/Dec/2024:17:08:22 +0000] - 11.991 ms localhost
GET / - [10/Dec/2024:17:12:20 +0000] - - ms localhost
