GET /user/logout 304 [17/Nov/2024:20:34:36 +0000] - 30.458 ms localhost
POST /user/login 200 [17/Nov/2024:21:10:06 +0000] - 280.837 ms localhost
POST /user/verifyOtp 200 [17/Nov/2024:21:10:25 +0000] - 29.034 ms localhost
POST /user/login 200 [17/Nov/2024:21:11:41 +0000] - 558.615 ms localhost
POST /user/login 200 [17/Nov/2024:21:12:36 +0000] - 125.765 ms localhost
POST /user/register 200 [18/Nov/2024:04:51:37 +0000] - 418.010 ms localhost
POST /user/login 200 [18/Nov/2024:04:51:50 +0000] - 338.321 ms localhost
POST /user/verifyOtp 200 [18/Nov/2024:04:52:18 +0000] - 33.585 ms localhost
GET /user/logout 304 [18/Nov/2024:04:53:09 +0000] - 13.202 ms localhost
POST /user/login 200 [18/Nov/2024:04:53:44 +0000] - 15.544 ms localhost
GET /user/logout 304 [18/Nov/2024:04:53:47 +0000] - 8.955 ms localhost
POST /user/register 200 [18/Nov/2024:05:40:17 +0000] - 348.390 ms localhost
POST /user/login 200 [18/Nov/2024:05:45:33 +0000] - 280.221 ms localhost
POST /user/verifyOtp 200 [18/Nov/2024:05:46:30 +0000] - 133.037 ms localhost
GET /user/logout 304 [18/Nov/2024:05:46:50 +0000] - 13.944 ms localhost
POST /user/sendMail 200 [18/Nov/2024:05:46:56 +0000] - 51.628 ms localhost
POST /user/sendMail 200 [18/Nov/2024:05:47:31 +0000] - 30.452 ms localhost
POST /user/resetPassword 200 [18/Nov/2024:05:48:32 +0000] - 420.977 ms localhost
POST /user/login 200 [18/Nov/2024:05:48:55 +0000] - 12.996 ms localhost
GET /user/logout 304 [18/Nov/2024:06:03:00 +0000] - 82.130 ms localhost
