GET / 200 [21/Nov/2024:09:50:01 +0000] - 130.125 ms localhost
GET /styles.css 200 [21/Nov/2024:09:50:01 +0000] - 56.400 ms localhost
GET /polyfills.js 304 [21/Nov/2024:09:50:01 +0000] - 54.494 ms localhost
GET /main.js 200 [21/Nov/2024:09:50:01 +0000] - 60.394 ms localhost
GET /@fs/C:/Users/USER/Desktop/BroCampTasks/Angular_Project/frontend/.angular/cache/18.2.11/frontend/vite/deps/@angular_platform-browser.js?v=04682518 200 [21/Nov/2024:09:50:01 +0000] - 45.242 ms localhost
GET /@fs/C:/Users/USER/Desktop/BroCampTasks/Angular_Project/frontend/.angular/cache/18.2.11/frontend/vite/deps/@angular_forms.js?v=04682518 200 [21/Nov/2024:09:50:01 +0000] - 48.395 ms localhost
GET /@fs/C:/Users/USER/Desktop/BroCampTasks/Angular_Project/frontend/.angular/cache/18.2.11/frontend/vite/deps/@angular_router.js?v=04682518 200 [21/Nov/2024:09:50:01 +0000] - 63.790 ms localhost
GET /@fs/C:/Users/USER/Desktop/BroCampTasks/Angular_Project/frontend/.angular/cache/18.2.11/frontend/vite/deps/@angular_core.js?v=04682518 200 [21/Nov/2024:09:50:01 +0000] - 65.291 ms localhost
GET /@fs/C:/Users/USER/Desktop/BroCampTasks/Angular_Project/frontend/.angular/cache/18.2.11/frontend/vite/deps/@angular_common_http.js?v=04682518 200 [21/Nov/2024:09:50:01 +0000] - 63.860 ms localhost
GET /@fs/C:/Users/USER/Desktop/BroCampTasks/Angular_Project/frontend/.angular/cache/18.2.11/frontend/vite/deps/chunk-Y7KSPQPP.js?v=04682518 200 [21/Nov/2024:09:50:01 +0000] - 23.631 ms localhost
GET /@fs/C:/Users/USER/Desktop/BroCampTasks/Angular_Project/frontend/.angular/cache/18.2.11/frontend/vite/deps/chunk-IWPSFZO5.js?v=04682518 200 [21/Nov/2024:09:50:01 +0000] - 31.199 ms localhost
GET /@fs/C:/Users/USER/Desktop/BroCampTasks/Angular_Project/frontend/.angular/cache/18.2.11/frontend/vite/deps/chunk-AG2PCX34.js?v=04682518 200 [21/Nov/2024:09:50:01 +0000] - 36.536 ms localhost
GET /@vite/client 200 [21/Nov/2024:09:50:01 +0000] - 317.031 ms localhost
GET /@fs/C:/Users/USER/Desktop/BroCampTasks/Angular_Project/frontend/.angular/cache/18.2.11/frontend/vite/deps/chunk-EHVSD3XR.js?v=04682518 200 [21/Nov/2024:09:50:01 +0000] - 136.276 ms localhost
GET /@fs/C:/Users/USER/Desktop/BroCampTasks/Angular_Project/frontend/node_modules/vite/dist/client/env.mjs 200 [21/Nov/2024:09:50:01 +0000] - 63.307 ms localhost
GET /favicon.ico 304 [21/Nov/2024:09:50:02 +0000] - 5.312 ms localhost
POST /user/login 200 [21/Nov/2024:09:50:11 +0000] - 883.153 ms localhost
POST /user/sendMail 200 [21/Nov/2024:09:51:24 +0000] - 131.408 ms localhost
POST /user/resetPassword 200 [21/Nov/2024:09:51:57 +0000] - 340.201 ms localhost
POST /user/login 200 [21/Nov/2024:09:52:06 +0000] - 331.830 ms localhost
POST /user/verifyOtp 200 [21/Nov/2024:09:52:22 +0000] - 15.832 ms localhost
GET / - [21/Nov/2024:09:54:01 +0000] - - ms localhost
GET /user/logout 304 [21/Nov/2024:09:54:20 +0000] - 17.867 ms localhost
POST /user/login 200 [21/Nov/2024:09:54:28 +0000] - 172.993 ms localhost
POST /user/verifyOtp 200 [21/Nov/2024:09:54:49 +0000] - 13.440 ms localhost
GET /login 200 [21/Nov/2024:11:27:56 +0000] - 129.716 ms localhost
GET /@vite/client 304 [21/Nov/2024:11:27:56 +0000] - 16.597 ms localhost
GET /styles.css 200 [21/Nov/2024:11:27:56 +0000] - 15.089 ms localhost
GET /main.js 304 [21/Nov/2024:11:27:56 +0000] - 16.634 ms localhost
GET /polyfills.js 304 [21/Nov/2024:11:27:56 +0000] - 25.792 ms localhost
GET /@fs/C:/Users/USER/Desktop/BroCampTasks/Angular_Project/frontend/node_modules/vite/dist/client/env.mjs 304 [21/Nov/2024:11:27:56 +0000] - 4.721 ms localhost
POST /user/login 200 [21/Nov/2024:18:06:19 +0000] - 476.214 ms localhost
POST /user/verifyOtp 504 [21/Nov/2024:18:06:49 +0000] - 46.811 ms localhost
POST /user/verifyOtp 504 [21/Nov/2024:18:06:54 +0000] - 22.654 ms localhost
POST /user/login 200 [21/Nov/2024:18:10:01 +0000] - 264.871 ms localhost
POST /user/verifyOtp 404 [21/Nov/2024:18:10:19 +0000] - 7.130 ms localhost
POST /user/verifyOtp 404 [21/Nov/2024:18:10:51 +0000] - 4.100 ms localhost
POST /user/verifyOtp 404 [21/Nov/2024:18:11:48 +0000] - 28.961 ms localhost
POST /user/login 200 [21/Nov/2024:18:12:35 +0000] - 194.698 ms localhost
