GET /login 200 [24/Nov/2024:19:12:54 +0000] - 26.647 ms localhost
GET /@vite/client 304 [24/Nov/2024:19:12:54 +0000] - 11.979 ms localhost
GET /polyfills.js 304 [24/Nov/2024:19:12:54 +0000] - 3.240 ms localhost
GET /styles.css 200 [24/Nov/2024:19:12:54 +0000] - 14.257 ms localhost
GET /main.js 200 [24/Nov/2024:19:12:54 +0000] - 16.652 ms localhost
GET /@fs/C:/Users/USER/Desktop/BroCampTasks/Angular_Project/frontend/node_modules/vite/dist/client/env.mjs 304 [24/Nov/2024:19:12:54 +0000] - 3.441 ms localhost
GET /styles.css.map 200 [24/Nov/2024:19:12:54 +0000] - 16.095 ms localhost
GET /@fs/C:/Users/USER/Desktop/BroCampTasks/Angular_Project/frontend/.angular/cache/18.2.11/frontend/vite/deps/@angular_core.js.map 304 [24/Nov/2024:19:12:55 +0000] - 42.982 ms localhost
GET /@fs/C:/Users/USER/Desktop/BroCampTasks/Angular_Project/frontend/.angular/cache/18.2.11/frontend/vite/deps/@angular_platform-browser.js.map 304 [24/Nov/2024:19:12:55 +0000] - 52.477 ms localhost
GET /@fs/C:/Users/USER/Desktop/BroCampTasks/Angular_Project/frontend/.angular/cache/18.2.11/frontend/vite/deps/chunk-PF6LNL77.js.map 304 [24/Nov/2024:19:12:55 +0000] - 54.877 ms localhost
GET /@fs/C:/Users/USER/Desktop/BroCampTasks/Angular_Project/frontend/.angular/cache/18.2.11/frontend/vite/deps/chunk-PLMZ7O3F.js.map 304 [24/Nov/2024:19:12:55 +0000] - 68.047 ms localhost
GET /@fs/C:/Users/USER/Desktop/BroCampTasks/Angular_Project/frontend/.angular/cache/18.2.11/frontend/vite/deps/chunk-J2M542RS.js.map 304 [24/Nov/2024:19:12:55 +0000] - 78.708 ms localhost
GET /@fs/C:/Users/USER/Desktop/BroCampTasks/Angular_Project/frontend/.angular/cache/18.2.11/frontend/vite/deps/chunk-FDUYSLZ7.js.map 304 [24/Nov/2024:19:12:55 +0000] - 238.719 ms localhost
GET /login.component.css.map 200 [24/Nov/2024:19:12:55 +0000] - 117.993 ms localhost
GET /@fs/C:/Users/USER/Desktop/BroCampTasks/Angular_Project/frontend/.angular/cache/18.2.11/frontend/vite/deps/@angular_router.js.map 304 [24/Nov/2024:19:12:55 +0000] - 207.428 ms localhost
GET /@fs/C:/Users/USER/Desktop/BroCampTasks/Angular_Project/frontend/.angular/cache/18.2.11/frontend/vite/deps/@angular_common.js.map 304 [24/Nov/2024:19:12:55 +0000] - 205.274 ms localhost
GET /@fs/C:/Users/USER/Desktop/BroCampTasks/Angular_Project/frontend/.angular/cache/18.2.11/frontend/vite/deps/rxjs.js.map 304 [24/Nov/2024:19:12:55 +0000] - 187.759 ms localhost
GET /@fs/C:/Users/USER/Desktop/BroCampTasks/Angular_Project/frontend/.angular/cache/18.2.11/frontend/vite/deps/@angular_forms.js.map 304 [24/Nov/2024:19:12:55 +0000] - 263.245 ms localhost
GET /@fs/C:/Users/USER/Desktop/BroCampTasks/Angular_Project/frontend/.angular/cache/18.2.11/frontend/vite/deps/chunk-SD63G7YN.js.map 304 [24/Nov/2024:19:12:55 +0000] - 92.877 ms localhost
GET /@fs/C:/Users/USER/Desktop/BroCampTasks/Angular_Project/frontend/.angular/cache/18.2.11/frontend/vite/deps/@angular_common_http.js.map 304 [24/Nov/2024:19:12:55 +0000] - 86.058 ms localhost
GET /favicon.ico 304 [24/Nov/2024:19:12:56 +0000] - 4.541 ms localhost
GET /login 200 [24/Nov/2024:19:14:48 +0000] - 18.644 ms localhost
GET / - [24/Nov/2024:19:14:48 +0000] - - ms localhost
GET /@vite/client 304 [24/Nov/2024:19:14:48 +0000] - 7.193 ms localhost
GET /styles.css 200 [24/Nov/2024:19:14:48 +0000] - 5.678 ms localhost
GET /polyfills.js 304 [24/Nov/2024:19:14:48 +0000] - 7.739 ms localhost
GET /main.js 200 [24/Nov/2024:19:14:48 +0000] - 16.275 ms localhost
GET /styles.css.map 200 [24/Nov/2024:19:14:48 +0000] - 4.237 ms localhost
GET /@fs/C:/Users/USER/Desktop/BroCampTasks/Angular_Project/frontend/node_modules/vite/dist/client/env.mjs 304 [24/Nov/2024:19:14:48 +0000] - 4.793 ms localhost
GET /@fs/C:/Users/USER/Desktop/BroCampTasks/Angular_Project/frontend/.angular/cache/18.2.11/frontend/vite/deps/@angular_platform-browser.js.map 304 [24/Nov/2024:19:14:48 +0000] - 9.206 ms localhost
GET /@fs/C:/Users/USER/Desktop/BroCampTasks/Angular_Project/frontend/.angular/cache/18.2.11/frontend/vite/deps/chunk-SD63G7YN.js.map 304 [24/Nov/2024:19:14:48 +0000] - 11.342 ms localhost
GET /@fs/C:/Users/USER/Desktop/BroCampTasks/Angular_Project/frontend/.angular/cache/18.2.11/frontend/vite/deps/chunk-J2M542RS.js.map 304 [24/Nov/2024:19:14:48 +0000] - 12.229 ms localhost
GET /@fs/C:/Users/USER/Desktop/BroCampTasks/Angular_Project/frontend/.angular/cache/18.2.11/frontend/vite/deps/chunk-PLMZ7O3F.js.map 304 [24/Nov/2024:19:14:48 +0000] - 16.550 ms localhost
GET /@fs/C:/Users/USER/Desktop/BroCampTasks/Angular_Project/frontend/.angular/cache/18.2.11/frontend/vite/deps/chunk-PF6LNL77.js.map 304 [24/Nov/2024:19:14:48 +0000] - 32.689 ms localhost
GET /@fs/C:/Users/USER/Desktop/BroCampTasks/Angular_Project/frontend/.angular/cache/18.2.11/frontend/vite/deps/chunk-FDUYSLZ7.js.map 304 [24/Nov/2024:19:14:48 +0000] - 272.565 ms localhost
GET /@fs/C:/Users/USER/Desktop/BroCampTasks/Angular_Project/frontend/.angular/cache/18.2.11/frontend/vite/deps/@angular_core.js.map 304 [24/Nov/2024:19:14:48 +0000] - 137.681 ms localhost
GET /@fs/C:/Users/USER/Desktop/BroCampTasks/Angular_Project/frontend/.angular/cache/18.2.11/frontend/vite/deps/@angular_forms.js.map 304 [24/Nov/2024:19:14:49 +0000] - 180.944 ms localhost
GET /@fs/C:/Users/USER/Desktop/BroCampTasks/Angular_Project/frontend/.angular/cache/18.2.11/frontend/vite/deps/@angular_common_http.js.map 304 [24/Nov/2024:19:14:49 +0000] - 181.800 ms localhost
GET /@fs/C:/Users/USER/Desktop/BroCampTasks/Angular_Project/frontend/.angular/cache/18.2.11/frontend/vite/deps/@angular_router.js.map 304 [24/Nov/2024:19:14:49 +0000] - 218.115 ms localhost
GET /@fs/C:/Users/USER/Desktop/BroCampTasks/Angular_Project/frontend/.angular/cache/18.2.11/frontend/vite/deps/@angular_common.js.map 304 [24/Nov/2024:19:14:49 +0000] - 208.984 ms localhost
GET /login.component.css.map 200 [24/Nov/2024:19:14:49 +0000] - 31.711 ms localhost
GET /@fs/C:/Users/USER/Desktop/BroCampTasks/Angular_Project/frontend/.angular/cache/18.2.11/frontend/vite/deps/rxjs.js.map 304 [24/Nov/2024:19:14:49 +0000] - 56.837 ms localhost
GET /favicon.ico 304 [24/Nov/2024:19:14:49 +0000] - 3.192 ms localhost
GET /login 200 [24/Nov/2024:19:15:46 +0000] - 10.169 ms localhost
GET / - [24/Nov/2024:19:15:46 +0000] - - ms localhost
GET /@vite/client 304 [24/Nov/2024:19:15:46 +0000] - 7.111 ms localhost
GET /styles.css 200 [24/Nov/2024:19:15:46 +0000] - 9.377 ms localhost
GET /polyfills.js 304 [24/Nov/2024:19:15:46 +0000] - 10.013 ms localhost
GET /main.js 304 [24/Nov/2024:19:15:46 +0000] - 9.144 ms localhost
GET /styles.css.map 200 [24/Nov/2024:19:15:47 +0000] - 4.620 ms localhost
GET /@fs/C:/Users/USER/Desktop/BroCampTasks/Angular_Project/frontend/node_modules/vite/dist/client/env.mjs 304 [24/Nov/2024:19:15:47 +0000] - 4.865 ms localhost
GET /@fs/C:/Users/USER/Desktop/BroCampTasks/Angular_Project/frontend/.angular/cache/18.2.11/frontend/vite/deps/@angular_platform-browser.js.map 304 [24/Nov/2024:19:15:47 +0000] - 12.235 ms localhost
GET /@fs/C:/Users/USER/Desktop/BroCampTasks/Angular_Project/frontend/.angular/cache/18.2.11/frontend/vite/deps/chunk-J2M542RS.js.map 304 [24/Nov/2024:19:15:47 +0000] - 13.182 ms localhost
GET /@fs/C:/Users/USER/Desktop/BroCampTasks/Angular_Project/frontend/.angular/cache/18.2.11/frontend/vite/deps/chunk-SD63G7YN.js.map 304 [24/Nov/2024:19:15:47 +0000] - 16.921 ms localhost
GET /@fs/C:/Users/USER/Desktop/BroCampTasks/Angular_Project/frontend/.angular/cache/18.2.11/frontend/vite/deps/chunk-PLMZ7O3F.js.map 304 [24/Nov/2024:19:15:47 +0000] - 37.302 ms localhost
GET /@fs/C:/Users/USER/Desktop/BroCampTasks/Angular_Project/frontend/.angular/cache/18.2.11/frontend/vite/deps/chunk-PF6LNL77.js.map 304 [24/Nov/2024:19:15:47 +0000] - 35.029 ms localhost
GET /@fs/C:/Users/USER/Desktop/BroCampTasks/Angular_Project/frontend/.angular/cache/18.2.11/frontend/vite/deps/chunk-FDUYSLZ7.js.map 304 [24/Nov/2024:19:15:47 +0000] - 197.600 ms localhost
GET /@fs/C:/Users/USER/Desktop/BroCampTasks/Angular_Project/frontend/.angular/cache/18.2.11/frontend/vite/deps/@angular_core.js.map 304 [24/Nov/2024:19:15:47 +0000] - 210.450 ms localhost
GET /@fs/C:/Users/USER/Desktop/BroCampTasks/Angular_Project/frontend/.angular/cache/18.2.11/frontend/vite/deps/@angular_forms.js.map 304 [24/Nov/2024:19:15:47 +0000] - 221.073 ms localhost
GET /@fs/C:/Users/USER/Desktop/BroCampTasks/Angular_Project/frontend/.angular/cache/18.2.11/frontend/vite/deps/@angular_router.js.map 304 [24/Nov/2024:19:15:47 +0000] - 233.828 ms localhost
GET /login.component.css.map 200 [24/Nov/2024:19:15:47 +0000] - 15.801 ms localhost
GET /@fs/C:/Users/USER/Desktop/BroCampTasks/Angular_Project/frontend/.angular/cache/18.2.11/frontend/vite/deps/@angular_common_http.js.map 304 [24/Nov/2024:19:15:47 +0000] - 214.295 ms localhost
GET /@fs/C:/Users/USER/Desktop/BroCampTasks/Angular_Project/frontend/.angular/cache/18.2.11/frontend/vite/deps/@angular_common.js.map 304 [24/Nov/2024:19:15:47 +0000] - 208.613 ms localhost
GET /@fs/C:/Users/USER/Desktop/BroCampTasks/Angular_Project/frontend/.angular/cache/18.2.11/frontend/vite/deps/rxjs.js.map 304 [24/Nov/2024:19:15:47 +0000] - 26.847 ms localhost
GET / - [24/Nov/2024:19:19:47 +0000] - - ms localhost
GET /login 200 [24/Nov/2024:19:21:44 +0000] - 10.233 ms localhost
GET /@vite/client 304 [24/Nov/2024:19:21:44 +0000] - 5.238 ms localhost
GET /styles.css 200 [24/Nov/2024:19:21:44 +0000] - 5.851 ms localhost
GET /polyfills.js 304 [24/Nov/2024:19:21:44 +0000] - 6.764 ms localhost
GET /main.js 200 [24/Nov/2024:19:21:44 +0000] - 4.132 ms localhost
GET /@fs/C:/Users/USER/Desktop/BroCampTasks/Angular_Project/frontend/node_modules/vite/dist/client/env.mjs 304 [24/Nov/2024:19:21:44 +0000] - 2.589 ms localhost
GET /styles.css.map 200 [24/Nov/2024:19:21:44 +0000] - 5.164 ms localhost
GET /@fs/C:/Users/USER/Desktop/BroCampTasks/Angular_Project/frontend/.angular/cache/18.2.11/frontend/vite/deps/@angular_platform-browser.js.map 304 [24/Nov/2024:19:21:45 +0000] - 175.668 ms localhost
GET /@fs/C:/Users/USER/Desktop/BroCampTasks/Angular_Project/frontend/.angular/cache/18.2.11/frontend/vite/deps/chunk-SD63G7YN.js.map 304 [24/Nov/2024:19:21:45 +0000] - 158.736 ms localhost
GET /@fs/C:/Users/USER/Desktop/BroCampTasks/Angular_Project/frontend/.angular/cache/18.2.11/frontend/vite/deps/chunk-J2M542RS.js.map 304 [24/Nov/2024:19:21:45 +0000] - 252.851 ms localhost
GET /@fs/C:/Users/USER/Desktop/BroCampTasks/Angular_Project/frontend/.angular/cache/18.2.11/frontend/vite/deps/chunk-PLMZ7O3F.js.map 304 [24/Nov/2024:19:21:45 +0000] - 128.542 ms localhost
GET /@fs/C:/Users/USER/Desktop/BroCampTasks/Angular_Project/frontend/.angular/cache/18.2.11/frontend/vite/deps/chunk-FDUYSLZ7.js.map 304 [24/Nov/2024:19:21:45 +0000] - 267.038 ms localhost
GET /@fs/C:/Users/USER/Desktop/BroCampTasks/Angular_Project/frontend/.angular/cache/18.2.11/frontend/vite/deps/chunk-PF6LNL77.js.map 304 [24/Nov/2024:19:21:45 +0000] - 60.994 ms localhost
GET /@fs/C:/Users/USER/Desktop/BroCampTasks/Angular_Project/frontend/.angular/cache/18.2.11/frontend/vite/deps/@angular_core.js.map 304 [24/Nov/2024:19:21:45 +0000] - 51.034 ms localhost
GET /@fs/C:/Users/USER/Desktop/BroCampTasks/Angular_Project/frontend/.angular/cache/18.2.11/frontend/vite/deps/@angular_common.js.map 304 [24/Nov/2024:19:21:45 +0000] - 27.469 ms localhost
GET /@fs/C:/Users/USER/Desktop/BroCampTasks/Angular_Project/frontend/.angular/cache/18.2.11/frontend/vite/deps/@angular_common_http.js.map 304 [24/Nov/2024:19:21:45 +0000] - 30.420 ms localhost
GET /@fs/C:/Users/USER/Desktop/BroCampTasks/Angular_Project/frontend/.angular/cache/18.2.11/frontend/vite/deps/@angular_router.js.map 304 [24/Nov/2024:19:21:45 +0000] - 42.708 ms localhost
GET /@fs/C:/Users/USER/Desktop/BroCampTasks/Angular_Project/frontend/.angular/cache/18.2.11/frontend/vite/deps/@angular_forms.js.map 304 [24/Nov/2024:19:21:45 +0000] - 47.331 ms localhost
GET /@fs/C:/Users/USER/Desktop/BroCampTasks/Angular_Project/frontend/.angular/cache/18.2.11/frontend/vite/deps/rxjs.js.map 304 [24/Nov/2024:19:21:45 +0000] - 9.452 ms localhost
GET /login.component.css.map 200 [24/Nov/2024:19:21:47 +0000] - 3.695 ms localhost
GET /favicon.ico 304 [24/Nov/2024:19:21:47 +0000] - 3.545 ms localhost
GET / - [24/Nov/2024:19:25:44 +0000] - - ms localhost
GET /login 200 [24/Nov/2024:19:26:09 +0000] - 10.366 ms localhost
GET /styles.css 200 [24/Nov/2024:19:26:09 +0000] - 3.779 ms localhost
GET /@vite/client 304 [24/Nov/2024:19:26:09 +0000] - 7.401 ms localhost
GET /polyfills.js 304 [24/Nov/2024:19:26:09 +0000] - 5.775 ms localhost
GET /main.js 200 [24/Nov/2024:19:26:09 +0000] - 5.007 ms localhost
GET /@fs/C:/Users/USER/Desktop/BroCampTasks/Angular_Project/frontend/node_modules/vite/dist/client/env.mjs 304 [24/Nov/2024:19:26:10 +0000] - 2.435 ms localhost
GET /@fs/C:/Users/USER/Desktop/BroCampTasks/Angular_Project/frontend/.angular/cache/18.2.11/frontend/vite/deps/@angular_platform-browser.js.map 304 [24/Nov/2024:19:26:10 +0000] - 62.392 ms localhost
GET /@fs/C:/Users/USER/Desktop/BroCampTasks/Angular_Project/frontend/.angular/cache/18.2.11/frontend/vite/deps/chunk-SD63G7YN.js.map 304 [24/Nov/2024:19:26:10 +0000] - 23.171 ms localhost
GET /@fs/C:/Users/USER/Desktop/BroCampTasks/Angular_Project/frontend/.angular/cache/18.2.11/frontend/vite/deps/chunk-J2M542RS.js.map 304 [24/Nov/2024:19:26:10 +0000] - 24.671 ms localhost
GET /@fs/C:/Users/USER/Desktop/BroCampTasks/Angular_Project/frontend/.angular/cache/18.2.11/frontend/vite/deps/chunk-PLMZ7O3F.js.map 304 [24/Nov/2024:19:26:10 +0000] - 31.485 ms localhost
GET /@fs/C:/Users/USER/Desktop/BroCampTasks/Angular_Project/frontend/.angular/cache/18.2.11/frontend/vite/deps/chunk-PF6LNL77.js.map 304 [24/Nov/2024:19:26:10 +0000] - 33.597 ms localhost
GET /@fs/C:/Users/USER/Desktop/BroCampTasks/Angular_Project/frontend/.angular/cache/18.2.11/frontend/vite/deps/@angular_core.js.map 304 [24/Nov/2024:19:26:10 +0000] - 66.566 ms localhost
GET /@fs/C:/Users/USER/Desktop/BroCampTasks/Angular_Project/frontend/.angular/cache/18.2.11/frontend/vite/deps/chunk-FDUYSLZ7.js.map 304 [24/Nov/2024:19:26:10 +0000] - 112.591 ms localhost
GET /@fs/C:/Users/USER/Desktop/BroCampTasks/Angular_Project/frontend/.angular/cache/18.2.11/frontend/vite/deps/@angular_router.js.map 304 [24/Nov/2024:19:26:10 +0000] - 102.014 ms localhost
GET /@fs/C:/Users/USER/Desktop/BroCampTasks/Angular_Project/frontend/.angular/cache/18.2.11/frontend/vite/deps/@angular_forms.js.map 304 [24/Nov/2024:19:26:10 +0000] - 131.660 ms localhost
GET /@fs/C:/Users/USER/Desktop/BroCampTasks/Angular_Project/frontend/.angular/cache/18.2.11/frontend/vite/deps/@angular_common.js.map 304 [24/Nov/2024:19:26:10 +0000] - 95.938 ms localhost
GET /@fs/C:/Users/USER/Desktop/BroCampTasks/Angular_Project/frontend/.angular/cache/18.2.11/frontend/vite/deps/@angular_common_http.js.map 304 [24/Nov/2024:19:26:10 +0000] - 124.878 ms localhost
GET /@fs/C:/Users/USER/Desktop/BroCampTasks/Angular_Project/frontend/.angular/cache/18.2.11/frontend/vite/deps/rxjs.js.map 304 [24/Nov/2024:19:26:10 +0000] - 91.091 ms localhost
GET /login.component.css.map 200 [24/Nov/2024:19:26:12 +0000] - 3.647 ms localhost
GET /styles.css.map 200 [24/Nov/2024:19:26:12 +0000] - 3.972 ms localhost
GET /favicon.ico 304 [24/Nov/2024:19:26:12 +0000] - 3.639 ms localhost
GET / - [24/Nov/2024:19:30:10 +0000] - - ms localhost
GET /login 200 [24/Nov/2024:19:33:03 +0000] - 26.771 ms localhost
GET /@vite/client 304 [24/Nov/2024:19:33:03 +0000] - 4.139 ms localhost
GET /styles.css 200 [24/Nov/2024:19:33:03 +0000] - 3.899 ms localhost
GET /polyfills.js 304 [24/Nov/2024:19:33:03 +0000] - 3.705 ms localhost
GET /main.js 200 [24/Nov/2024:19:33:03 +0000] - 4.952 ms localhost
GET /@fs/C:/Users/USER/Desktop/BroCampTasks/Angular_Project/frontend/node_modules/vite/dist/client/env.mjs 304 [24/Nov/2024:19:33:03 +0000] - 2.456 ms localhost
GET /styles.css.map 200 [24/Nov/2024:19:33:03 +0000] - 3.009 ms localhost
GET /@fs/C:/Users/USER/Desktop/BroCampTasks/Angular_Project/frontend/.angular/cache/18.2.11/frontend/vite/deps/@angular_platform-browser.js.map 304 [24/Nov/2024:19:33:04 +0000] - 9.986 ms localhost
GET /@fs/C:/Users/USER/Desktop/BroCampTasks/Angular_Project/frontend/.angular/cache/18.2.11/frontend/vite/deps/chunk-SD63G7YN.js.map 304 [24/Nov/2024:19:33:04 +0000] - 10.929 ms localhost
GET /@fs/C:/Users/USER/Desktop/BroCampTasks/Angular_Project/frontend/.angular/cache/18.2.11/frontend/vite/deps/chunk-J2M542RS.js.map 304 [24/Nov/2024:19:33:04 +0000] - 18.008 ms localhost
GET /@fs/C:/Users/USER/Desktop/BroCampTasks/Angular_Project/frontend/.angular/cache/18.2.11/frontend/vite/deps/chunk-PLMZ7O3F.js.map 304 [24/Nov/2024:19:33:04 +0000] - 20.911 ms localhost
GET /@fs/C:/Users/USER/Desktop/BroCampTasks/Angular_Project/frontend/.angular/cache/18.2.11/frontend/vite/deps/chunk-PF6LNL77.js.map 304 [24/Nov/2024:19:33:04 +0000] - 65.010 ms localhost
GET /@fs/C:/Users/USER/Desktop/BroCampTasks/Angular_Project/frontend/.angular/cache/18.2.11/frontend/vite/deps/@angular_core.js.map 304 [24/Nov/2024:19:33:04 +0000] - 60.469 ms localhost
GET /@fs/C:/Users/USER/Desktop/BroCampTasks/Angular_Project/frontend/.angular/cache/18.2.11/frontend/vite/deps/@angular_router.js.map 304 [24/Nov/2024:19:33:04 +0000] - 53.104 ms localhost
GET /@fs/C:/Users/USER/Desktop/BroCampTasks/Angular_Project/frontend/.angular/cache/18.2.11/frontend/vite/deps/@angular_forms.js.map 304 [24/Nov/2024:19:33:04 +0000] - 52.406 ms localhost
GET /@fs/C:/Users/USER/Desktop/BroCampTasks/Angular_Project/frontend/.angular/cache/18.2.11/frontend/vite/deps/chunk-FDUYSLZ7.js.map 304 [24/Nov/2024:19:33:04 +0000] - 118.157 ms localhost
GET /@fs/C:/Users/USER/Desktop/BroCampTasks/Angular_Project/frontend/.angular/cache/18.2.11/frontend/vite/deps/@angular_common.js.map 304 [24/Nov/2024:19:33:04 +0000] - 54.198 ms localhost
GET /@fs/C:/Users/USER/Desktop/BroCampTasks/Angular_Project/frontend/.angular/cache/18.2.11/frontend/vite/deps/@angular_common_http.js.map 304 [24/Nov/2024:19:33:04 +0000] - 113.615 ms localhost
GET /@fs/C:/Users/USER/Desktop/BroCampTasks/Angular_Project/frontend/.angular/cache/18.2.11/frontend/vite/deps/rxjs.js.map 304 [24/Nov/2024:19:33:04 +0000] - 55.056 ms localhost
GET /login.component.css.map 200 [24/Nov/2024:19:33:04 +0000] - 3.123 ms localhost
GET /favicon.ico 304 [24/Nov/2024:19:33:05 +0000] - 48.330 ms localhost
GET / - [24/Nov/2024:19:37:03 +0000] - - ms localhost
GET /login 200 [24/Nov/2024:19:38:05 +0000] - 9.890 ms localhost
GET /@vite/client 304 [24/Nov/2024:19:38:05 +0000] - 2.824 ms localhost
GET /styles.css 200 [24/Nov/2024:19:38:05 +0000] - 5.037 ms localhost
GET /polyfills.js 304 [24/Nov/2024:19:38:05 +0000] - 6.631 ms localhost
GET /main.js 200 [24/Nov/2024:19:38:05 +0000] - 4.362 ms localhost
GET /@fs/C:/Users/USER/Desktop/BroCampTasks/Angular_Project/frontend/node_modules/vite/dist/client/env.mjs 304 [24/Nov/2024:19:38:05 +0000] - 2.883 ms localhost
GET /styles.css.map 200 [24/Nov/2024:19:38:05 +0000] - 6.136 ms localhost
GET /@fs/C:/Users/USER/Desktop/BroCampTasks/Angular_Project/frontend/.angular/cache/18.2.11/frontend/vite/deps/@angular_platform-browser.js.map 304 [24/Nov/2024:19:38:06 +0000] - 5.385 ms localhost
GET /@fs/C:/Users/USER/Desktop/BroCampTasks/Angular_Project/frontend/.angular/cache/18.2.11/frontend/vite/deps/chunk-SD63G7YN.js.map 304 [24/Nov/2024:19:38:06 +0000] - 6.207 ms localhost
GET /@fs/C:/Users/USER/Desktop/BroCampTasks/Angular_Project/frontend/.angular/cache/18.2.11/frontend/vite/deps/chunk-J2M542RS.js.map 304 [24/Nov/2024:19:38:06 +0000] - 12.312 ms localhost
GET /@fs/C:/Users/USER/Desktop/BroCampTasks/Angular_Project/frontend/.angular/cache/18.2.11/frontend/vite/deps/chunk-PLMZ7O3F.js.map 304 [24/Nov/2024:19:38:06 +0000] - 49.182 ms localhost
GET /@fs/C:/Users/USER/Desktop/BroCampTasks/Angular_Project/frontend/.angular/cache/18.2.11/frontend/vite/deps/chunk-PF6LNL77.js.map 304 [24/Nov/2024:19:38:06 +0000] - 43.242 ms localhost
GET /@fs/C:/Users/USER/Desktop/BroCampTasks/Angular_Project/frontend/.angular/cache/18.2.11/frontend/vite/deps/@angular_core.js.map 304 [24/Nov/2024:19:38:06 +0000] - 59.876 ms localhost
GET /@fs/C:/Users/USER/Desktop/BroCampTasks/Angular_Project/frontend/.angular/cache/18.2.11/frontend/vite/deps/@angular_router.js.map 304 [24/Nov/2024:19:38:06 +0000] - 45.431 ms localhost
GET /@fs/C:/Users/USER/Desktop/BroCampTasks/Angular_Project/frontend/.angular/cache/18.2.11/frontend/vite/deps/@angular_forms.js.map 304 [24/Nov/2024:19:38:06 +0000] - 52.394 ms localhost
GET /@fs/C:/Users/USER/Desktop/BroCampTasks/Angular_Project/frontend/.angular/cache/18.2.11/frontend/vite/deps/@angular_common_http.js.map 304 [24/Nov/2024:19:38:06 +0000] - 55.546 ms localhost
GET /@fs/C:/Users/USER/Desktop/BroCampTasks/Angular_Project/frontend/.angular/cache/18.2.11/frontend/vite/deps/chunk-FDUYSLZ7.js.map 304 [24/Nov/2024:19:38:06 +0000] - 127.288 ms localhost
GET /@fs/C:/Users/USER/Desktop/BroCampTasks/Angular_Project/frontend/.angular/cache/18.2.11/frontend/vite/deps/@angular_common.js.map 304 [24/Nov/2024:19:38:06 +0000] - 83.553 ms localhost
GET /@fs/C:/Users/USER/Desktop/BroCampTasks/Angular_Project/frontend/.angular/cache/18.2.11/frontend/vite/deps/rxjs.js.map 304 [24/Nov/2024:19:38:06 +0000] - 46.224 ms localhost
GET /login.component.css.map 200 [24/Nov/2024:19:38:06 +0000] - 3.046 ms localhost
GET /favicon.ico 304 [24/Nov/2024:19:38:07 +0000] - 3.715 ms localhost
GET / - [24/Nov/2024:19:42:05 +0000] - - ms localhost
GET /login 200 [24/Nov/2024:19:42:15 +0000] - 11.480 ms localhost
GET /@vite/client 304 [24/Nov/2024:19:42:15 +0000] - 5.180 ms localhost
GET /styles.css 200 [24/Nov/2024:19:42:15 +0000] - 5.331 ms localhost
GET /polyfills.js 304 [24/Nov/2024:19:42:15 +0000] - 6.260 ms localhost
GET /main.js 200 [24/Nov/2024:19:42:15 +0000] - 3.979 ms localhost
GET /@fs/C:/Users/USER/Desktop/BroCampTasks/Angular_Project/frontend/node_modules/vite/dist/client/env.mjs 304 [24/Nov/2024:19:42:16 +0000] - 2.637 ms localhost
GET /styles.css.map 200 [24/Nov/2024:19:42:16 +0000] - 5.841 ms localhost
GET /@fs/C:/Users/USER/Desktop/BroCampTasks/Angular_Project/frontend/.angular/cache/18.2.11/frontend/vite/deps/@angular_platform-browser.js.map 304 [24/Nov/2024:19:42:16 +0000] - 5.762 ms localhost
GET /@fs/C:/Users/USER/Desktop/BroCampTasks/Angular_Project/frontend/.angular/cache/18.2.11/frontend/vite/deps/chunk-SD63G7YN.js.map 304 [24/Nov/2024:19:42:16 +0000] - 54.200 ms localhost
GET /@fs/C:/Users/USER/Desktop/BroCampTasks/Angular_Project/frontend/.angular/cache/18.2.11/frontend/vite/deps/chunk-J2M542RS.js.map 304 [24/Nov/2024:19:42:16 +0000] - 57.685 ms localhost
GET /@fs/C:/Users/USER/Desktop/BroCampTasks/Angular_Project/frontend/.angular/cache/18.2.11/frontend/vite/deps/chunk-PLMZ7O3F.js.map 304 [24/Nov/2024:19:42:16 +0000] - 64.119 ms localhost
GET /@fs/C:/Users/USER/Desktop/BroCampTasks/Angular_Project/frontend/.angular/cache/18.2.11/frontend/vite/deps/chunk-FDUYSLZ7.js.map 304 [24/Nov/2024:19:42:16 +0000] - 133.863 ms localhost
GET /@fs/C:/Users/USER/Desktop/BroCampTasks/Angular_Project/frontend/.angular/cache/18.2.11/frontend/vite/deps/@angular_core.js.map 304 [24/Nov/2024:19:42:16 +0000] - 101.199 ms localhost
GET /@fs/C:/Users/USER/Desktop/BroCampTasks/Angular_Project/frontend/.angular/cache/18.2.11/frontend/vite/deps/chunk-PF6LNL77.js.map 304 [24/Nov/2024:19:42:16 +0000] - 169.065 ms localhost
GET /@fs/C:/Users/USER/Desktop/BroCampTasks/Angular_Project/frontend/.angular/cache/18.2.11/frontend/vite/deps/@angular_forms.js.map 304 [24/Nov/2024:19:42:16 +0000] - 130.446 ms localhost
GET /@fs/C:/Users/USER/Desktop/BroCampTasks/Angular_Project/frontend/.angular/cache/18.2.11/frontend/vite/deps/@angular_router.js.map 304 [24/Nov/2024:19:42:16 +0000] - 143.306 ms localhost
GET /@fs/C:/Users/USER/Desktop/BroCampTasks/Angular_Project/frontend/.angular/cache/18.2.11/frontend/vite/deps/@angular_common_http.js.map 304 [24/Nov/2024:19:42:16 +0000] - 132.227 ms localhost
GET /@fs/C:/Users/USER/Desktop/BroCampTasks/Angular_Project/frontend/.angular/cache/18.2.11/frontend/vite/deps/@angular_common.js.map 304 [24/Nov/2024:19:42:16 +0000] - 70.227 ms localhost
GET /@fs/C:/Users/USER/Desktop/BroCampTasks/Angular_Project/frontend/.angular/cache/18.2.11/frontend/vite/deps/rxjs.js.map 304 [24/Nov/2024:19:42:16 +0000] - 71.150 ms localhost
GET /login.component.css.map 200 [24/Nov/2024:19:42:16 +0000] - 2.926 ms localhost
GET /favicon.ico 304 [24/Nov/2024:19:42:17 +0000] - 6.085 ms localhost
GET / - [24/Nov/2024:19:46:16 +0000] - - ms localhost
GET /login 200 [24/Nov/2024:19:53:11 +0000] - 9.519 ms localhost
GET /@vite/client 304 [24/Nov/2024:19:53:11 +0000] - 4.907 ms localhost
GET /styles.css 200 [24/Nov/2024:19:53:11 +0000] - 4.938 ms localhost
GET /polyfills.js 304 [24/Nov/2024:19:53:11 +0000] - 5.429 ms localhost
GET /main.js 200 [24/Nov/2024:19:53:11 +0000] - 5.593 ms localhost
GET /@fs/C:/Users/USER/Desktop/BroCampTasks/Angular_Project/frontend/node_modules/vite/dist/client/env.mjs 304 [24/Nov/2024:19:53:11 +0000] - 2.597 ms localhost
GET /@fs/C:/Users/USER/Desktop/BroCampTasks/Angular_Project/frontend/.angular/cache/18.2.11/frontend/vite/deps/@angular_platform-browser.js.map 304 [24/Nov/2024:19:53:12 +0000] - 5.843 ms localhost
GET /@fs/C:/Users/USER/Desktop/BroCampTasks/Angular_Project/frontend/.angular/cache/18.2.11/frontend/vite/deps/chunk-SD63G7YN.js.map 304 [24/Nov/2024:19:53:12 +0000] - 11.144 ms localhost
GET /@fs/C:/Users/USER/Desktop/BroCampTasks/Angular_Project/frontend/.angular/cache/18.2.11/frontend/vite/deps/chunk-J2M542RS.js.map 304 [24/Nov/2024:19:53:12 +0000] - 14.852 ms localhost
GET /@fs/C:/Users/USER/Desktop/BroCampTasks/Angular_Project/frontend/.angular/cache/18.2.11/frontend/vite/deps/chunk-PLMZ7O3F.js.map 304 [24/Nov/2024:19:53:12 +0000] - 23.450 ms localhost
GET /@fs/C:/Users/USER/Desktop/BroCampTasks/Angular_Project/frontend/.angular/cache/18.2.11/frontend/vite/deps/chunk-PF6LNL77.js.map 304 [24/Nov/2024:19:53:12 +0000] - 15.033 ms localhost
GET /@fs/C:/Users/USER/Desktop/BroCampTasks/Angular_Project/frontend/.angular/cache/18.2.11/frontend/vite/deps/@angular_core.js.map 304 [24/Nov/2024:19:53:12 +0000] - 26.949 ms localhost
GET /@fs/C:/Users/USER/Desktop/BroCampTasks/Angular_Project/frontend/.angular/cache/18.2.11/frontend/vite/deps/chunk-FDUYSLZ7.js.map 304 [24/Nov/2024:19:53:12 +0000] - 92.414 ms localhost
GET /@fs/C:/Users/USER/Desktop/BroCampTasks/Angular_Project/frontend/.angular/cache/18.2.11/frontend/vite/deps/@angular_router.js.map 304 [24/Nov/2024:19:53:12 +0000] - 84.215 ms localhost
GET /@fs/C:/Users/USER/Desktop/BroCampTasks/Angular_Project/frontend/.angular/cache/18.2.11/frontend/vite/deps/@angular_forms.js.map 304 [24/Nov/2024:19:53:12 +0000] - 98.621 ms localhost
GET /@fs/C:/Users/USER/Desktop/BroCampTasks/Angular_Project/frontend/.angular/cache/18.2.11/frontend/vite/deps/@angular_common_http.js.map 304 [24/Nov/2024:19:53:12 +0000] - 98.492 ms localhost
GET /@fs/C:/Users/USER/Desktop/BroCampTasks/Angular_Project/frontend/.angular/cache/18.2.11/frontend/vite/deps/@angular_common.js.map 304 [24/Nov/2024:19:53:12 +0000] - 98.718 ms localhost
GET /@fs/C:/Users/USER/Desktop/BroCampTasks/Angular_Project/frontend/.angular/cache/18.2.11/frontend/vite/deps/rxjs.js.map 304 [24/Nov/2024:19:53:12 +0000] - 88.999 ms localhost
GET /styles.css.map 200 [24/Nov/2024:19:53:13 +0000] - 4.702 ms localhost
GET /login.component.css.map 200 [24/Nov/2024:19:53:13 +0000] - 7.418 ms localhost
GET /favicon.ico 304 [24/Nov/2024:19:53:14 +0000] - 4.066 ms localhost
GET / - [24/Nov/2024:19:57:11 +0000] - - ms localhost
POST /user/login 200 [24/Nov/2024:20:11:07 +0000] - 95.971 ms localhost
GET /login 200 [24/Nov/2024:20:12:26 +0000] - 11.894 ms localhost
GET /@vite/client 304 [24/Nov/2024:20:12:26 +0000] - 11.445 ms localhost
GET /styles.css 200 [24/Nov/2024:20:12:26 +0000] - 8.066 ms localhost
GET /polyfills.js 304 [24/Nov/2024:20:12:26 +0000] - 7.702 ms localhost
GET /main.js 200 [24/Nov/2024:20:12:26 +0000] - 7.727 ms localhost
GET /styles.css.map 200 [24/Nov/2024:20:12:26 +0000] - 4.085 ms localhost
GET /@fs/C:/Users/USER/Desktop/BroCampTasks/Angular_Project/frontend/node_modules/vite/dist/client/env.mjs 304 [24/Nov/2024:20:12:26 +0000] - 9.847 ms localhost
GET /@fs/C:/Users/USER/Desktop/BroCampTasks/Angular_Project/frontend/.angular/cache/18.2.11/frontend/vite/deps/@angular_platform-browser.js.map 304 [24/Nov/2024:20:12:27 +0000] - 22.590 ms localhost
GET /@fs/C:/Users/USER/Desktop/BroCampTasks/Angular_Project/frontend/.angular/cache/18.2.11/frontend/vite/deps/chunk-SD63G7YN.js.map 304 [24/Nov/2024:20:12:27 +0000] - 28.834 ms localhost
GET /@fs/C:/Users/USER/Desktop/BroCampTasks/Angular_Project/frontend/.angular/cache/18.2.11/frontend/vite/deps/chunk-J2M542RS.js.map 304 [24/Nov/2024:20:12:27 +0000] - 29.937 ms localhost
GET /@fs/C:/Users/USER/Desktop/BroCampTasks/Angular_Project/frontend/.angular/cache/18.2.11/frontend/vite/deps/chunk-PLMZ7O3F.js.map 304 [24/Nov/2024:20:12:27 +0000] - 34.810 ms localhost
GET /@fs/C:/Users/USER/Desktop/BroCampTasks/Angular_Project/frontend/.angular/cache/18.2.11/frontend/vite/deps/chunk-PF6LNL77.js.map 304 [24/Nov/2024:20:12:27 +0000] - 62.467 ms localhost
GET /@fs/C:/Users/USER/Desktop/BroCampTasks/Angular_Project/frontend/.angular/cache/18.2.11/frontend/vite/deps/chunk-FDUYSLZ7.js.map 304 [24/Nov/2024:20:12:27 +0000] - 191.781 ms localhost
GET /@fs/C:/Users/USER/Desktop/BroCampTasks/Angular_Project/frontend/.angular/cache/18.2.11/frontend/vite/deps/@angular_core.js.map 304 [24/Nov/2024:20:12:27 +0000] - 181.439 ms localhost
GET /@fs/C:/Users/USER/Desktop/BroCampTasks/Angular_Project/frontend/.angular/cache/18.2.11/frontend/vite/deps/@angular_router.js.map 304 [24/Nov/2024:20:12:27 +0000] - 202.059 ms localhost
GET /@fs/C:/Users/USER/Desktop/BroCampTasks/Angular_Project/frontend/.angular/cache/18.2.11/frontend/vite/deps/@angular_forms.js.map 304 [24/Nov/2024:20:12:27 +0000] - 215.598 ms localhost
GET /@fs/C:/Users/USER/Desktop/BroCampTasks/Angular_Project/frontend/.angular/cache/18.2.11/frontend/vite/deps/@angular_common_http.js.map 304 [24/Nov/2024:20:12:27 +0000] - 205.722 ms localhost
GET /login.component.css.map 200 [24/Nov/2024:20:12:27 +0000] - 31.124 ms localhost
GET /@fs/C:/Users/USER/Desktop/BroCampTasks/Angular_Project/frontend/.angular/cache/18.2.11/frontend/vite/deps/@angular_common.js.map 304 [24/Nov/2024:20:12:27 +0000] - 189.297 ms localhost
GET /@fs/C:/Users/USER/Desktop/BroCampTasks/Angular_Project/frontend/.angular/cache/18.2.11/frontend/vite/deps/rxjs.js.map 304 [24/Nov/2024:20:12:27 +0000] - 53.719 ms localhost
GET /favicon.ico 304 [24/Nov/2024:20:12:27 +0000] - 4.526 ms localhost
POST /user/login 200 [24/Nov/2024:20:12:32 +0000] - 20.620 ms localhost
POST /user/login 200 [24/Nov/2024:20:15:34 +0000] - 24.122 ms localhost
GET /login 200 [24/Nov/2024:20:16:05 +0000] - 11.481 ms localhost
GET / - [24/Nov/2024:20:16:05 +0000] - - ms localhost
GET /@vite/client 304 [24/Nov/2024:20:16:05 +0000] - 7.401 ms localhost
GET /styles.css 200 [24/Nov/2024:20:16:05 +0000] - 8.471 ms localhost
GET /polyfills.js 304 [24/Nov/2024:20:16:05 +0000] - 9.314 ms localhost
GET /main.js 304 [24/Nov/2024:20:16:05 +0000] - 7.662 ms localhost
GET /@fs/C:/Users/USER/Desktop/BroCampTasks/Angular_Project/frontend/node_modules/vite/dist/client/env.mjs 304 [24/Nov/2024:20:16:05 +0000] - 2.803 ms localhost
GET /favicon.ico 304 [24/Nov/2024:20:16:05 +0000] - 3.504 ms localhost
POST /user/login 200 [24/Nov/2024:20:17:37 +0000] - 8.860 ms localhost
GET /login 200 [24/Nov/2024:20:20:02 +0000] - 17.665 ms localhost
GET / - [24/Nov/2024:20:20:02 +0000] - - ms localhost
GET /@vite/client 304 [24/Nov/2024:20:20:02 +0000] - 5.011 ms localhost
GET /styles.css 200 [24/Nov/2024:20:20:02 +0000] - 7.646 ms localhost
GET /polyfills.js 304 [24/Nov/2024:20:20:02 +0000] - 8.256 ms localhost
GET /main.js 304 [24/Nov/2024:20:20:02 +0000] - 8.390 ms localhost
GET /@fs/C:/Users/USER/Desktop/BroCampTasks/Angular_Project/frontend/node_modules/vite/dist/client/env.mjs 304 [24/Nov/2024:20:20:02 +0000] - 6.547 ms localhost
GET /favicon.ico 304 [24/Nov/2024:20:20:03 +0000] - 3.339 ms localhost
GET /login 200 [24/Nov/2024:20:20:50 +0000] - 6.776 ms localhost
GET / - [24/Nov/2024:20:20:50 +0000] - - ms localhost
GET /@vite/client 304 [24/Nov/2024:20:20:50 +0000] - 6.366 ms localhost
GET /styles.css 200 [24/Nov/2024:20:20:50 +0000] - 6.178 ms localhost
GET /polyfills.js 304 [24/Nov/2024:20:20:50 +0000] - 11.910 ms localhost
GET /main.js 304 [24/Nov/2024:20:20:50 +0000] - 11.511 ms localhost
GET /@fs/C:/Users/USER/Desktop/BroCampTasks/Angular_Project/frontend/node_modules/vite/dist/client/env.mjs 304 [24/Nov/2024:20:20:50 +0000] - 2.998 ms localhost
GET /favicon.ico 304 [24/Nov/2024:20:20:50 +0000] - 4.480 ms localhost
POST /user/login 200 [24/Nov/2024:20:23:14 +0000] - 21.152 ms localhost
GET / - [24/Nov/2024:20:24:50 +0000] - - ms localhost
GET /login 200 [24/Nov/2024:20:25:00 +0000] - 124.706 ms localhost
GET /@vite/client 304 [24/Nov/2024:20:25:00 +0000] - 496.580 ms localhost
GET /styles.css 200 [24/Nov/2024:20:25:01 +0000] - 17.954 ms localhost
GET /polyfills.js 304 [24/Nov/2024:20:25:01 +0000] - 10.655 ms localhost
GET /main.js 200 [24/Nov/2024:20:25:01 +0000] - 5.775 ms localhost
GET /@fs/C:/Users/USER/Desktop/BroCampTasks/Angular_Project/frontend/node_modules/vite/dist/client/env.mjs 304 [24/Nov/2024:20:25:01 +0000] - 27.755 ms localhost
GET /@fs/C:/Users/USER/Desktop/BroCampTasks/Angular_Project/frontend/.angular/cache/18.2.11/frontend/vite/deps/@angular_platform-browser.js?v=51da5217 200 [24/Nov/2024:20:25:01 +0000] - 20.351 ms localhost
GET /@fs/C:/Users/USER/Desktop/BroCampTasks/Angular_Project/frontend/.angular/cache/18.2.11/frontend/vite/deps/@angular_core.js?v=51da5217 200 [24/Nov/2024:20:25:01 +0000] - 6.193 ms localhost
GET /@fs/C:/Users/USER/Desktop/BroCampTasks/Angular_Project/frontend/.angular/cache/18.2.11/frontend/vite/deps/@angular_router.js?v=51da5217 200 [24/Nov/2024:20:25:01 +0000] - 5.717 ms localhost
GET /@fs/C:/Users/USER/Desktop/BroCampTasks/Angular_Project/frontend/.angular/cache/18.2.11/frontend/vite/deps/@angular_forms.js?v=51da5217 200 [24/Nov/2024:20:25:01 +0000] - 7.518 ms localhost
GET /@fs/C:/Users/USER/Desktop/BroCampTasks/Angular_Project/frontend/.angular/cache/18.2.11/frontend/vite/deps/@angular_common_http.js?v=51da5217 200 [24/Nov/2024:20:25:01 +0000] - 3.979 ms localhost
GET /@fs/C:/Users/USER/Desktop/BroCampTasks/Angular_Project/frontend/.angular/cache/18.2.11/frontend/vite/deps/@angular_common.js?v=51da5217 200 [24/Nov/2024:20:25:01 +0000] - 3.951 ms localhost
GET /@fs/C:/Users/USER/Desktop/BroCampTasks/Angular_Project/frontend/.angular/cache/18.2.11/frontend/vite/deps/rxjs.js?v=51da5217 200 [24/Nov/2024:20:25:01 +0000] - 4.756 ms localhost
GET /@fs/C:/Users/USER/Desktop/BroCampTasks/Angular_Project/frontend/.angular/cache/18.2.11/frontend/vite/deps/chunk-SD63G7YN.js?v=51da5217 200 [24/Nov/2024:20:25:01 +0000] - 5.093 ms localhost
GET /@fs/C:/Users/USER/Desktop/BroCampTasks/Angular_Project/frontend/.angular/cache/18.2.11/frontend/vite/deps/chunk-J2M542RS.js?v=51da5217 200 [24/Nov/2024:20:25:01 +0000] - 5.443 ms localhost
GET /@fs/C:/Users/USER/Desktop/BroCampTasks/Angular_Project/frontend/.angular/cache/18.2.11/frontend/vite/deps/chunk-PLMZ7O3F.js?v=51da5217 200 [24/Nov/2024:20:25:01 +0000] - 7.198 ms localhost
GET /@fs/C:/Users/USER/Desktop/BroCampTasks/Angular_Project/frontend/.angular/cache/18.2.11/frontend/vite/deps/chunk-FDUYSLZ7.js?v=51da5217 200 [24/Nov/2024:20:25:01 +0000] - 12.485 ms localhost
GET /@fs/C:/Users/USER/Desktop/BroCampTasks/Angular_Project/frontend/.angular/cache/18.2.11/frontend/vite/deps/chunk-PF6LNL77.js?v=51da5217 200 [24/Nov/2024:20:25:01 +0000] - 12.747 ms localhost
GET /favicon.ico 304 [24/Nov/2024:20:25:04 +0000] - 14.285 ms localhost
GET / - [24/Nov/2024:20:29:01 +0000] - - ms localhost
GET /login 200 [24/Nov/2024:20:32:55 +0000] - 19.253 ms localhost
GET /@vite/client 304 [24/Nov/2024:20:32:55 +0000] - 7.349 ms localhost
GET /styles.css 200 [24/Nov/2024:20:32:55 +0000] - 9.361 ms localhost
GET /polyfills.js 304 [24/Nov/2024:20:32:55 +0000] - 10.595 ms localhost
GET /main.js 200 [24/Nov/2024:20:32:55 +0000] - 14.187 ms localhost
GET /@fs/C:/Users/USER/Desktop/BroCampTasks/Angular_Project/frontend/node_modules/vite/dist/client/env.mjs 304 [24/Nov/2024:20:32:55 +0000] - 2.319 ms localhost
GET /favicon.ico 304 [24/Nov/2024:20:32:56 +0000] - 5.763 ms localhost
GET /styles.css 200 [24/Nov/2024:20:33:02 +0000] - 4.104 ms localhost
GET /@fs/C:/Users/USER/Desktop/BroCampTasks/Angular_Project/frontend/.angular/cache/18.2.11/frontend/vite/deps/@angular_platform-browser.js.map 304 [24/Nov/2024:20:33:02 +0000] - 17.674 ms localhost
GET /@fs/C:/Users/USER/Desktop/BroCampTasks/Angular_Project/frontend/.angular/cache/18.2.11/frontend/vite/deps/@angular_core.js.map 304 [24/Nov/2024:20:33:02 +0000] - 17.795 ms localhost
GET /@fs/C:/Users/USER/Desktop/BroCampTasks/Angular_Project/frontend/.angular/cache/18.2.11/frontend/vite/deps/@angular_common_http.js.map 304 [24/Nov/2024:20:33:02 +0000] - 14.884 ms localhost
GET /@fs/C:/Users/USER/Desktop/BroCampTasks/Angular_Project/frontend/.angular/cache/18.2.11/frontend/vite/deps/@angular_common.js.map 304 [24/Nov/2024:20:33:02 +0000] - 14.505 ms localhost
GET /@fs/C:/Users/USER/Desktop/BroCampTasks/Angular_Project/frontend/.angular/cache/18.2.11/frontend/vite/deps/@angular_router.js.map 304 [24/Nov/2024:20:33:02 +0000] - 52.660 ms localhost
GET /@fs/C:/Users/USER/Desktop/BroCampTasks/Angular_Project/frontend/.angular/cache/18.2.11/frontend/vite/deps/@angular_forms.js.map 304 [24/Nov/2024:20:33:02 +0000] - 58.364 ms localhost
GET /@fs/C:/Users/USER/Desktop/BroCampTasks/Angular_Project/frontend/.angular/cache/18.2.11/frontend/vite/deps/rxjs.js.map 304 [24/Nov/2024:20:33:02 +0000] - 37.949 ms localhost
GET /@fs/C:/Users/USER/Desktop/BroCampTasks/Angular_Project/frontend/.angular/cache/18.2.11/frontend/vite/deps/chunk-PF6LNL77.js.map 304 [24/Nov/2024:20:33:02 +0000] - 61.136 ms localhost
GET /styles.css.map 200 [24/Nov/2024:20:33:02 +0000] - 8.693 ms localhost
GET /login.component.css.map 200 [24/Nov/2024:20:33:02 +0000] - 7.326 ms localhost
GET /@fs/C:/Users/USER/Desktop/BroCampTasks/Angular_Project/frontend/.angular/cache/18.2.11/frontend/vite/deps/chunk-PLMZ7O3F.js.map 304 [24/Nov/2024:20:33:02 +0000] - 82.922 ms localhost
GET /@fs/C:/Users/USER/Desktop/BroCampTasks/Angular_Project/frontend/.angular/cache/18.2.11/frontend/vite/deps/chunk-J2M542RS.js.map 304 [24/Nov/2024:20:33:02 +0000] - 131.019 ms localhost
GET /@fs/C:/Users/USER/Desktop/BroCampTasks/Angular_Project/frontend/.angular/cache/18.2.11/frontend/vite/deps/chunk-SD63G7YN.js.map 304 [24/Nov/2024:20:33:02 +0000] - 135.129 ms localhost
GET /@fs/C:/Users/USER/Desktop/BroCampTasks/Angular_Project/frontend/.angular/cache/18.2.11/frontend/vite/deps/chunk-FDUYSLZ7.js.map 304 [24/Nov/2024:20:33:02 +0000] - 149.732 ms localhost
POST /user/login 200 [24/Nov/2024:20:33:10 +0000] - 20.528 ms localhost
GET / - [24/Nov/2024:20:36:55 +0000] - - ms localhost
GET / 200 [24/Nov/2024:20:38:22 +0000] - 15.172 ms localhost
GET /@vite/client 304 [24/Nov/2024:20:38:22 +0000] - 10.133 ms localhost
GET /polyfills.js 304 [24/Nov/2024:20:38:22 +0000] - 7.358 ms localhost
GET /main.js 304 [24/Nov/2024:20:38:22 +0000] - 6.770 ms localhost
GET /styles.css 200 [24/Nov/2024:20:38:22 +0000] - 6.787 ms localhost
GET /@fs/C:/Users/USER/Desktop/BroCampTasks/Angular_Project/frontend/node_modules/vite/dist/client/env.mjs 304 [24/Nov/2024:20:38:22 +0000] - 2.860 ms localhost
POST /user/login 200 [24/Nov/2024:20:38:31 +0000] - 20.669 ms localhost
GET / - [24/Nov/2024:20:42:23 +0000] - - ms localhost
GET /login 200 [25/Nov/2024:04:53:39 +0000] - 50.489 ms localhost
GET /@vite/client 304 [25/Nov/2024:04:53:39 +0000] - 7.535 ms localhost
GET /polyfills.js 304 [25/Nov/2024:04:53:39 +0000] - 8.619 ms localhost
GET /styles.css 200 [25/Nov/2024:04:53:39 +0000] - 9.972 ms localhost
GET /main.js 304 [25/Nov/2024:04:53:39 +0000] - 11.340 ms localhost
GET /@fs/C:/Users/USER/Desktop/BroCampTasks/Angular_Project/frontend/node_modules/vite/dist/client/env.mjs 304 [25/Nov/2024:04:53:39 +0000] - 2.706 ms localhost
GET /favicon.ico 304 [25/Nov/2024:04:53:39 +0000] - 13.129 ms localhost
GET /login 200 [25/Nov/2024:04:54:13 +0000] - 50.221 ms localhost
GET / - [25/Nov/2024:04:54:13 +0000] - - ms localhost
GET /@vite/client 304 [25/Nov/2024:04:54:13 +0000] - 6.467 ms localhost
GET /styles.css 200 [25/Nov/2024:04:54:13 +0000] - 5.631 ms localhost
GET /polyfills.js 304 [25/Nov/2024:04:54:13 +0000] - 8.847 ms localhost
GET /main.js 304 [25/Nov/2024:04:54:13 +0000] - 4.921 ms localhost
GET /@fs/C:/Users/USER/Desktop/BroCampTasks/Angular_Project/frontend/node_modules/vite/dist/client/env.mjs 304 [25/Nov/2024:04:54:13 +0000] - 2.429 ms localhost
GET /favicon.ico 304 [25/Nov/2024:04:54:14 +0000] - 6.643 ms localhost
GET / - [25/Nov/2024:04:58:13 +0000] - - ms localhost
GET /login 200 [25/Nov/2024:06:11:32 +0000] - 19.484 ms localhost
GET /main.js 304 [25/Nov/2024:06:11:32 +0000] - 3.228 ms localhost
GET /styles.css 200 [25/Nov/2024:06:11:32 +0000] - 6.038 ms localhost
GET /@vite/client 304 [25/Nov/2024:06:11:32 +0000] - 4.564 ms localhost
GET /polyfills.js 304 [25/Nov/2024:06:11:32 +0000] - 6.383 ms localhost
GET /@fs/C:/Users/USER/Desktop/BroCampTasks/Angular_Project/frontend/node_modules/vite/dist/client/env.mjs 304 [25/Nov/2024:06:11:32 +0000] - 2.415 ms localhost
GET /favicon.ico 304 [25/Nov/2024:06:11:32 +0000] - 3.863 ms localhost
GET /login 200 [25/Nov/2024:06:11:35 +0000] - 49.494 ms localhost
GET / - [25/Nov/2024:06:11:35 +0000] - - ms localhost
GET /@vite/client 304 [25/Nov/2024:06:11:35 +0000] - 10.196 ms localhost
GET /styles.css 200 [25/Nov/2024:06:11:35 +0000] - 10.230 ms localhost
GET /polyfills.js 304 [25/Nov/2024:06:11:35 +0000] - 10.426 ms localhost
GET /main.js 304 [25/Nov/2024:06:11:35 +0000] - 8.485 ms localhost
GET /@fs/C:/Users/USER/Desktop/BroCampTasks/Angular_Project/frontend/node_modules/vite/dist/client/env.mjs 304 [25/Nov/2024:06:11:35 +0000] - 1.941 ms localhost
GET /favicon.ico 304 [25/Nov/2024:06:11:36 +0000] - 3.308 ms localhost
GET / - [25/Nov/2024:06:15:35 +0000] - - ms localhost
GET /login 200 [25/Nov/2024:10:36:26 +0000] - 119.019 ms localhost
GET /styles.css 200 [25/Nov/2024:10:36:26 +0000] - 20.157 ms localhost
GET /polyfills.js 304 [25/Nov/2024:10:36:26 +0000] - 21.305 ms localhost
GET /main.js 200 [25/Nov/2024:10:36:26 +0000] - 22.782 ms localhost
GET /@vite/client 304 [25/Nov/2024:10:36:26 +0000] - 270.834 ms localhost
GET /@fs/C:/Users/USER/Desktop/BroCampTasks/Angular_Project/frontend/node_modules/vite/dist/client/env.mjs 304 [25/Nov/2024:10:36:27 +0000] - 30.660 ms localhost
GET /favicon.ico 304 [25/Nov/2024:10:36:27 +0000] - 8.750 ms localhost
GET /login 200 [25/Nov/2024:10:36:32 +0000] - 9.666 ms localhost
GET / - [25/Nov/2024:10:36:32 +0000] - - ms localhost
GET /@vite/client 304 [25/Nov/2024:10:36:32 +0000] - 13.002 ms localhost
GET /styles.css 200 [25/Nov/2024:10:36:32 +0000] - 12.300 ms localhost
GET /main.js 304 [25/Nov/2024:10:36:32 +0000] - 13.159 ms localhost
GET /polyfills.js 304 [25/Nov/2024:10:36:32 +0000] - 13.803 ms localhost
GET /@fs/C:/Users/USER/Desktop/BroCampTasks/Angular_Project/frontend/node_modules/vite/dist/client/env.mjs 304 [25/Nov/2024:10:36:32 +0000] - 3.909 ms localhost
GET /favicon.ico 304 [25/Nov/2024:10:36:32 +0000] - 4.647 ms localhost
POST /user/login 200 [25/Nov/2024:10:36:54 +0000] - 378.548 ms localhost
GET / - [25/Nov/2024:10:40:32 +0000] - - ms localhost
GET /dashboard 200 [25/Nov/2024:12:28:36 +0000] - 31.465 ms localhost
GET /@vite/client 304 [25/Nov/2024:12:28:36 +0000] - 6.578 ms localhost
GET /styles.css 200 [25/Nov/2024:12:28:36 +0000] - 5.974 ms localhost
GET /polyfills.js 304 [25/Nov/2024:12:28:36 +0000] - 2.882 ms localhost
GET /main.js 200 [25/Nov/2024:12:28:36 +0000] - 45.833 ms localhost
GET /@fs/C:/Users/USER/Desktop/BroCampTasks/Angular_Project/frontend/node_modules/vite/dist/client/env.mjs 304 [25/Nov/2024:12:28:36 +0000] - 8.565 ms localhost
GET /favicon.ico 304 [25/Nov/2024:12:28:37 +0000] - 6.437 ms localhost
GET / - [25/Nov/2024:12:32:36 +0000] - - ms localhost
GET /login 200 [25/Nov/2024:12:32:54 +0000] - 17.800 ms localhost
GET /styles.css 200 [25/Nov/2024:12:32:54 +0000] - 6.606 ms localhost
GET /@vite/client 304 [25/Nov/2024:12:32:54 +0000] - 9.055 ms localhost
GET /polyfills.js 304 [25/Nov/2024:12:32:54 +0000] - 2.637 ms localhost
GET /main.js 200 [25/Nov/2024:12:32:54 +0000] - 4.825 ms localhost
GET /@fs/C:/Users/USER/Desktop/BroCampTasks/Angular_Project/frontend/node_modules/vite/dist/client/env.mjs 304 [25/Nov/2024:12:32:54 +0000] - 3.498 ms localhost
GET /favicon.ico 304 [25/Nov/2024:12:32:54 +0000] - 4.098 ms localhost
GET / - [25/Nov/2024:12:36:54 +0000] - - ms localhost
GET /login 200 [25/Nov/2024:12:37:10 +0000] - 20.732 ms localhost
GET /@vite/client 304 [25/Nov/2024:12:37:10 +0000] - 6.278 ms localhost
GET /styles.css 200 [25/Nov/2024:12:37:10 +0000] - 8.291 ms localhost
GET /polyfills.js 304 [25/Nov/2024:12:37:10 +0000] - 3.091 ms localhost
GET /main.js 200 [25/Nov/2024:12:37:10 +0000] - 4.706 ms localhost
GET /@fs/C:/Users/USER/Desktop/BroCampTasks/Angular_Project/frontend/node_modules/vite/dist/client/env.mjs 304 [25/Nov/2024:12:37:10 +0000] - 2.797 ms localhost
GET /favicon.ico 304 [25/Nov/2024:12:37:11 +0000] - 6.183 ms localhost
GET / - [25/Nov/2024:12:41:10 +0000] - - ms localhost
GET /login 200 [25/Nov/2024:12:41:16 +0000] - 16.469 ms localhost
GET /@vite/client 304 [25/Nov/2024:12:41:16 +0000] - 4.689 ms localhost
GET /styles.css 200 [25/Nov/2024:12:41:16 +0000] - 5.824 ms localhost
GET /polyfills.js 304 [25/Nov/2024:12:41:16 +0000] - 4.223 ms localhost
GET /main.js 200 [25/Nov/2024:12:41:16 +0000] - 5.358 ms localhost
GET /@fs/C:/Users/USER/Desktop/BroCampTasks/Angular_Project/frontend/node_modules/vite/dist/client/env.mjs 304 [25/Nov/2024:12:41:16 +0000] - 2.536 ms localhost
GET /favicon.ico 304 [25/Nov/2024:12:41:16 +0000] - 5.652 ms localhost
GET / - [25/Nov/2024:12:45:16 +0000] - - ms localhost
GET /login 200 [25/Nov/2024:12:49:05 +0000] - 7.777 ms localhost
GET /@vite/client 304 [25/Nov/2024:12:49:05 +0000] - 5.031 ms localhost
GET /styles.css 200 [25/Nov/2024:12:49:05 +0000] - 4.896 ms localhost
GET /polyfills.js 304 [25/Nov/2024:12:49:05 +0000] - 3.492 ms localhost
GET /main.js 200 [25/Nov/2024:12:49:05 +0000] - 4.396 ms localhost
GET /@fs/C:/Users/USER/Desktop/BroCampTasks/Angular_Project/frontend/node_modules/vite/dist/client/env.mjs 304 [25/Nov/2024:12:49:05 +0000] - 3.327 ms localhost
GET /favicon.ico 304 [25/Nov/2024:12:49:05 +0000] - 16.551 ms localhost
GET /login 200 [25/Nov/2024:12:52:26 +0000] - 5.694 ms localhost
GET / - [25/Nov/2024:12:52:26 +0000] - - ms localhost
GET /@vite/client 304 [25/Nov/2024:12:52:26 +0000] - 7.192 ms localhost
GET /styles.css 200 [25/Nov/2024:12:52:26 +0000] - 8.063 ms localhost
GET /polyfills.js 304 [25/Nov/2024:12:52:26 +0000] - 9.274 ms localhost
GET /main.js 200 [25/Nov/2024:12:52:26 +0000] - 8.438 ms localhost
GET /@fs/C:/Users/USER/Desktop/BroCampTasks/Angular_Project/frontend/node_modules/vite/dist/client/env.mjs 304 [25/Nov/2024:12:52:26 +0000] - 3.067 ms localhost
GET /favicon.ico 304 [25/Nov/2024:12:52:26 +0000] - 4.019 ms localhost
GET /login 200 [25/Nov/2024:12:53:56 +0000] - 9.376 ms localhost
GET / - [25/Nov/2024:12:53:56 +0000] - - ms localhost
GET /@vite/client 304 [25/Nov/2024:12:53:56 +0000] - 7.495 ms localhost
GET /styles.css 200 [25/Nov/2024:12:53:56 +0000] - 7.470 ms localhost
GET /polyfills.js 304 [25/Nov/2024:12:53:56 +0000] - 7.964 ms localhost
GET /main.js 304 [25/Nov/2024:12:53:56 +0000] - 8.031 ms localhost
GET /@fs/C:/Users/USER/Desktop/BroCampTasks/Angular_Project/frontend/node_modules/vite/dist/client/env.mjs 304 [25/Nov/2024:12:53:56 +0000] - 7.566 ms localhost
GET / - [25/Nov/2024:12:57:56 +0000] - - ms localhost
GET /login 200 [25/Nov/2024:12:58:15 +0000] - 8.304 ms localhost
GET /styles.css 200 [25/Nov/2024:12:58:15 +0000] - 5.758 ms localhost
GET /@vite/client 304 [25/Nov/2024:12:58:15 +0000] - 8.015 ms localhost
GET /polyfills.js 304 [25/Nov/2024:12:58:15 +0000] - 2.921 ms localhost
GET /main.js 200 [25/Nov/2024:12:58:15 +0000] - 6.384 ms localhost
GET /@fs/C:/Users/USER/Desktop/BroCampTasks/Angular_Project/frontend/node_modules/vite/dist/client/env.mjs 304 [25/Nov/2024:12:58:15 +0000] - 8.459 ms localhost
GET /favicon.ico 304 [25/Nov/2024:12:58:16 +0000] - 4.058 ms localhost
POST /user/sendMail 200 [25/Nov/2024:12:58:54 +0000] - 250.627 ms localhost
GET / - [25/Nov/2024:13:02:15 +0000] - - ms localhost
GET /login 200 [25/Nov/2024:13:02:46 +0000] - 4.614 ms localhost
GET /@vite/client 304 [25/Nov/2024:13:02:46 +0000] - 7.511 ms localhost
GET /styles.css 200 [25/Nov/2024:13:02:46 +0000] - 7.448 ms localhost
GET /polyfills.js 304 [25/Nov/2024:13:02:46 +0000] - 8.292 ms localhost
GET /main.js 200 [25/Nov/2024:13:02:46 +0000] - 9.895 ms localhost
GET /@fs/C:/Users/USER/Desktop/BroCampTasks/Angular_Project/frontend/node_modules/vite/dist/client/env.mjs 304 [25/Nov/2024:13:02:46 +0000] - 4.997 ms localhost
GET /favicon.ico 304 [25/Nov/2024:13:02:46 +0000] - 4.277 ms localhost
GET /login 200 [25/Nov/2024:13:02:50 +0000] - 6.576 ms localhost
GET / - [25/Nov/2024:13:02:50 +0000] - - ms localhost
GET /@vite/client 304 [25/Nov/2024:13:02:50 +0000] - 6.735 ms localhost
GET /main.js 304 [25/Nov/2024:13:02:50 +0000] - 8.617 ms localhost
GET /polyfills.js 304 [25/Nov/2024:13:02:50 +0000] - 8.513 ms localhost
GET /styles.css 200 [25/Nov/2024:13:02:50 +0000] - 10.204 ms localhost
GET /@fs/C:/Users/USER/Desktop/BroCampTasks/Angular_Project/frontend/node_modules/vite/dist/client/env.mjs 304 [25/Nov/2024:13:02:50 +0000] - 2.891 ms localhost
GET /favicon.ico 304 [25/Nov/2024:13:02:50 +0000] - 3.334 ms localhost
POST /user/sendMail 200 [25/Nov/2024:13:02:55 +0000] - 359.541 ms localhost
GET /styles.css 200 [25/Nov/2024:13:04:32 +0000] - 3.704 ms localhost
GET /@fs/C:/Users/USER/Desktop/BroCampTasks/Angular_Project/frontend/.angular/cache/18.2.11/frontend/vite/deps/@angular_core.js.map 304 [25/Nov/2024:13:04:32 +0000] - 34.214 ms localhost
GET /@fs/C:/Users/USER/Desktop/BroCampTasks/Angular_Project/frontend/.angular/cache/18.2.11/frontend/vite/deps/@angular_platform-browser.js.map 304 [25/Nov/2024:13:04:32 +0000] - 39.842 ms localhost
GET /@fs/C:/Users/USER/Desktop/BroCampTasks/Angular_Project/frontend/.angular/cache/18.2.11/frontend/vite/deps/@angular_common.js.map 304 [25/Nov/2024:13:04:32 +0000] - 30.390 ms localhost
GET /@fs/C:/Users/USER/Desktop/BroCampTasks/Angular_Project/frontend/.angular/cache/18.2.11/frontend/vite/deps/@angular_common_http.js.map 304 [25/Nov/2024:13:04:32 +0000] - 47.688 ms localhost
GET /@fs/C:/Users/USER/Desktop/BroCampTasks/Angular_Project/frontend/.angular/cache/18.2.11/frontend/vite/deps/rxjs.js.map 304 [25/Nov/2024:13:04:32 +0000] - 41.799 ms localhost
GET /@fs/C:/Users/USER/Desktop/BroCampTasks/Angular_Project/frontend/.angular/cache/18.2.11/frontend/vite/deps/chunk-SD63G7YN.js.map 304 [25/Nov/2024:13:04:32 +0000] - 76.268 ms localhost
GET /@fs/C:/Users/USER/Desktop/BroCampTasks/Angular_Project/frontend/.angular/cache/18.2.11/frontend/vite/deps/chunk-PF6LNL77.js.map 304 [25/Nov/2024:13:04:32 +0000] - 133.956 ms localhost
GET /@fs/C:/Users/USER/Desktop/BroCampTasks/Angular_Project/frontend/.angular/cache/18.2.11/frontend/vite/deps/chunk-PLMZ7O3F.js.map 304 [25/Nov/2024:13:04:32 +0000] - 343.936 ms localhost
GET /@fs/C:/Users/USER/Desktop/BroCampTasks/Angular_Project/frontend/.angular/cache/18.2.11/frontend/vite/deps/chunk-FDUYSLZ7.js.map 304 [25/Nov/2024:13:04:33 +0000] - 423.188 ms localhost
GET /login.component.css.map 200 [25/Nov/2024:13:04:33 +0000] - 125.552 ms localhost
GET /styles.css.map 200 [25/Nov/2024:13:04:33 +0000] - 73.506 ms localhost
GET /@fs/C:/Users/USER/Desktop/BroCampTasks/Angular_Project/frontend/.angular/cache/18.2.11/frontend/vite/deps/@angular_forms.js.map 304 [25/Nov/2024:13:04:33 +0000] - 466.544 ms localhost
GET /@fs/C:/Users/USER/Desktop/BroCampTasks/Angular_Project/frontend/.angular/cache/18.2.11/frontend/vite/deps/@angular_router.js.map 304 [25/Nov/2024:13:04:33 +0000] - 581.957 ms localhost
GET /@fs/C:/Users/USER/Desktop/BroCampTasks/Angular_Project/frontend/.angular/cache/18.2.11/frontend/vite/deps/chunk-J2M542RS.js.map 304 [25/Nov/2024:13:04:33 +0000] - 310.986 ms localhost
GET /login 200 [25/Nov/2024:13:05:56 +0000] - 12.546 ms localhost
GET / - [25/Nov/2024:13:05:56 +0000] - - ms localhost
GET /@vite/client 304 [25/Nov/2024:13:05:56 +0000] - 4.275 ms localhost
GET /styles.css 200 [25/Nov/2024:13:05:56 +0000] - 3.807 ms localhost
GET /polyfills.js 304 [25/Nov/2024:13:05:56 +0000] - 5.460 ms localhost
GET /main.js 304 [25/Nov/2024:13:05:56 +0000] - 5.829 ms localhost
GET /styles.css.map 200 [25/Nov/2024:13:05:56 +0000] - 5.775 ms localhost
GET /@fs/C:/Users/USER/Desktop/BroCampTasks/Angular_Project/frontend/node_modules/vite/dist/client/env.mjs 304 [25/Nov/2024:13:05:56 +0000] - 3.853 ms localhost
GET /@fs/C:/Users/USER/Desktop/BroCampTasks/Angular_Project/frontend/.angular/cache/18.2.11/frontend/vite/deps/@angular_platform-browser.js.map 304 [25/Nov/2024:13:05:56 +0000] - 19.095 ms localhost
GET /@fs/C:/Users/USER/Desktop/BroCampTasks/Angular_Project/frontend/.angular/cache/18.2.11/frontend/vite/deps/chunk-J2M542RS.js.map 304 [25/Nov/2024:13:05:56 +0000] - 18.635 ms localhost
GET /@fs/C:/Users/USER/Desktop/BroCampTasks/Angular_Project/frontend/.angular/cache/18.2.11/frontend/vite/deps/chunk-SD63G7YN.js.map 304 [25/Nov/2024:13:05:56 +0000] - 25.329 ms localhost
GET /@fs/C:/Users/USER/Desktop/BroCampTasks/Angular_Project/frontend/.angular/cache/18.2.11/frontend/vite/deps/chunk-PLMZ7O3F.js.map 304 [25/Nov/2024:13:05:56 +0000] - 32.673 ms localhost
GET /@fs/C:/Users/USER/Desktop/BroCampTasks/Angular_Project/frontend/.angular/cache/18.2.11/frontend/vite/deps/chunk-PF6LNL77.js.map 304 [25/Nov/2024:13:05:56 +0000] - 46.924 ms localhost
GET /@fs/C:/Users/USER/Desktop/BroCampTasks/Angular_Project/frontend/.angular/cache/18.2.11/frontend/vite/deps/@angular_core.js.map 304 [25/Nov/2024:13:05:56 +0000] - 39.715 ms localhost
GET /@fs/C:/Users/USER/Desktop/BroCampTasks/Angular_Project/frontend/.angular/cache/18.2.11/frontend/vite/deps/@angular_router.js.map 304 [25/Nov/2024:13:05:56 +0000] - 90.959 ms localhost
GET /@fs/C:/Users/USER/Desktop/BroCampTasks/Angular_Project/frontend/.angular/cache/18.2.11/frontend/vite/deps/@angular_forms.js.map 304 [25/Nov/2024:13:05:56 +0000] - 100.642 ms localhost
GET /@fs/C:/Users/USER/Desktop/BroCampTasks/Angular_Project/frontend/.angular/cache/18.2.11/frontend/vite/deps/chunk-FDUYSLZ7.js.map 304 [25/Nov/2024:13:05:56 +0000] - 291.088 ms localhost
GET /login.component.css.map 200 [25/Nov/2024:13:05:56 +0000] - 101.764 ms localhost
GET /@fs/C:/Users/USER/Desktop/BroCampTasks/Angular_Project/frontend/.angular/cache/18.2.11/frontend/vite/deps/@angular_common_http.js.map 304 [25/Nov/2024:13:05:56 +0000] - 261.892 ms localhost
GET /@fs/C:/Users/USER/Desktop/BroCampTasks/Angular_Project/frontend/.angular/cache/18.2.11/frontend/vite/deps/@angular_common.js.map 304 [25/Nov/2024:13:05:56 +0000] - 249.853 ms localhost
GET /@fs/C:/Users/USER/Desktop/BroCampTasks/Angular_Project/frontend/.angular/cache/18.2.11/frontend/vite/deps/rxjs.js.map 304 [25/Nov/2024:13:05:56 +0000] - 245.658 ms localhost
GET /favicon.ico 304 [25/Nov/2024:13:05:57 +0000] - 2.925 ms localhost
POST /user/register 200 [25/Nov/2024:13:06:17 +0000] - 274.206 ms localhost
POST /user/verifyOtp 200 [25/Nov/2024:13:06:47 +0000] - 18.395 ms localhost
GET /login.component.css.map 200 [25/Nov/2024:13:06:47 +0000] - 7.646 ms localhost
POST /user/login 200 [25/Nov/2024:13:06:59 +0000] - 282.194 ms localhost
GET /dashboard.component.css.map 200 [25/Nov/2024:13:06:59 +0000] - 3.084 ms localhost
GET / - [25/Nov/2024:13:09:56 +0000] - - ms localhost
GET /dashboard 200 [25/Nov/2024:13:20:34 +0000] - 15.264 ms localhost
GET /@vite/client 304 [25/Nov/2024:13:20:34 +0000] - 155.843 ms localhost
GET /polyfills.js 304 [25/Nov/2024:13:20:34 +0000] - 15.504 ms localhost
GET /styles.css 200 [25/Nov/2024:13:20:34 +0000] - 16.181 ms localhost
GET /main.js 304 [25/Nov/2024:13:20:34 +0000] - 23.153 ms localhost
GET /@fs/C:/Users/USER/Desktop/BroCampTasks/Angular_Project/frontend/node_modules/vite/dist/client/env.mjs 304 [25/Nov/2024:13:20:35 +0000] - 2.313 ms localhost
GET /styles.css.map 200 [25/Nov/2024:13:20:35 +0000] - 2.895 ms localhost
GET /@fs/C:/Users/USER/Desktop/BroCampTasks/Angular_Project/frontend/.angular/cache/18.2.11/frontend/vite/deps/@angular_platform-browser.js.map 304 [25/Nov/2024:13:20:38 +0000] - 16.344 ms localhost
GET /@fs/C:/Users/USER/Desktop/BroCampTasks/Angular_Project/frontend/.angular/cache/18.2.11/frontend/vite/deps/chunk-PLMZ7O3F.js.map 304 [25/Nov/2024:13:20:38 +0000] - 21.136 ms localhost
GET /@fs/C:/Users/USER/Desktop/BroCampTasks/Angular_Project/frontend/.angular/cache/18.2.11/frontend/vite/deps/chunk-J2M542RS.js.map 304 [25/Nov/2024:13:20:38 +0000] - 29.356 ms localhost
GET /@fs/C:/Users/USER/Desktop/BroCampTasks/Angular_Project/frontend/.angular/cache/18.2.11/frontend/vite/deps/chunk-SD63G7YN.js.map 304 [25/Nov/2024:13:20:38 +0000] - 33.512 ms localhost
GET /@fs/C:/Users/USER/Desktop/BroCampTasks/Angular_Project/frontend/.angular/cache/18.2.11/frontend/vite/deps/chunk-PF6LNL77.js.map 304 [25/Nov/2024:13:20:38 +0000] - 22.295 ms localhost
GET /@fs/C:/Users/USER/Desktop/BroCampTasks/Angular_Project/frontend/.angular/cache/18.2.11/frontend/vite/deps/chunk-FDUYSLZ7.js.map 304 [25/Nov/2024:13:20:38 +0000] - 102.375 ms localhost
GET /@fs/C:/Users/USER/Desktop/BroCampTasks/Angular_Project/frontend/.angular/cache/18.2.11/frontend/vite/deps/@angular_core.js.map 304 [25/Nov/2024:13:20:38 +0000] - 84.129 ms localhost
GET /@fs/C:/Users/USER/Desktop/BroCampTasks/Angular_Project/frontend/.angular/cache/18.2.11/frontend/vite/deps/@angular_router.js.map 304 [25/Nov/2024:13:20:38 +0000] - 102.983 ms localhost
GET /@fs/C:/Users/USER/Desktop/BroCampTasks/Angular_Project/frontend/.angular/cache/18.2.11/frontend/vite/deps/@angular_common_http.js.map 304 [25/Nov/2024:13:20:38 +0000] - 102.135 ms localhost
GET /@fs/C:/Users/USER/Desktop/BroCampTasks/Angular_Project/frontend/.angular/cache/18.2.11/frontend/vite/deps/@angular_forms.js.map 304 [25/Nov/2024:13:20:38 +0000] - 115.721 ms localhost
GET /@fs/C:/Users/USER/Desktop/BroCampTasks/Angular_Project/frontend/.angular/cache/18.2.11/frontend/vite/deps/@angular_common.js.map 304 [25/Nov/2024:13:20:38 +0000] - 39.935 ms localhost
GET /@fs/C:/Users/USER/Desktop/BroCampTasks/Angular_Project/frontend/.angular/cache/18.2.11/frontend/vite/deps/rxjs.js.map 304 [25/Nov/2024:13:20:38 +0000] - 28.869 ms localhost
GET /login.component.css.map 200 [25/Nov/2024:13:20:38 +0000] - 2.474 ms localhost
GET /favicon.ico 304 [25/Nov/2024:13:20:39 +0000] - 3.195 ms localhost
GET / - [25/Nov/2024:13:24:35 +0000] - - ms localhost
POST /user/sendMail 200 [25/Nov/2024:13:25:18 +0000] - 206.210 ms localhost
POST /user/sendMail 200 [25/Nov/2024:13:27:52 +0000] - 223.076 ms localhost
POST /user/sendMail 200 [25/Nov/2024:13:32:00 +0000] - 114.112 ms localhost
GET /login 200 [25/Nov/2024:13:39:38 +0000] - 169.870 ms localhost
GET /polyfills.js 304 [25/Nov/2024:13:39:38 +0000] - 18.154 ms localhost
GET /@vite/client 304 [25/Nov/2024:13:39:38 +0000] - 21.300 ms localhost
GET /styles.css 200 [25/Nov/2024:13:39:38 +0000] - 20.205 ms localhost
GET /main.js 304 [25/Nov/2024:13:39:38 +0000] - 22.918 ms localhost
GET /@fs/C:/Users/USER/Desktop/BroCampTasks/Angular_Project/frontend/node_modules/vite/dist/client/env.mjs 304 [25/Nov/2024:13:39:38 +0000] - 3.321 ms localhost
GET /styles.css.map 200 [25/Nov/2024:13:39:39 +0000] - 8.222 ms localhost
GET /@fs/C:/Users/USER/Desktop/BroCampTasks/Angular_Project/frontend/.angular/cache/18.2.11/frontend/vite/deps/chunk-J2M542RS.js.map 304 [25/Nov/2024:13:39:39 +0000] - 39.999 ms localhost
GET /@fs/C:/Users/USER/Desktop/BroCampTasks/Angular_Project/frontend/.angular/cache/18.2.11/frontend/vite/deps/@angular_platform-browser.js.map 304 [25/Nov/2024:13:39:39 +0000] - 44.777 ms localhost
GET /@fs/C:/Users/USER/Desktop/BroCampTasks/Angular_Project/frontend/.angular/cache/18.2.11/frontend/vite/deps/@angular_common_http.js.map 304 [25/Nov/2024:13:39:39 +0000] - 31.467 ms localhost
GET /@fs/C:/Users/USER/Desktop/BroCampTasks/Angular_Project/frontend/.angular/cache/18.2.11/frontend/vite/deps/@angular_core.js.map 304 [25/Nov/2024:13:39:39 +0000] - 42.569 ms localhost
GET /@fs/C:/Users/USER/Desktop/BroCampTasks/Angular_Project/frontend/.angular/cache/18.2.11/frontend/vite/deps/@angular_forms.js.map 304 [25/Nov/2024:13:39:39 +0000] - 63.397 ms localhost
GET /@fs/C:/Users/USER/Desktop/BroCampTasks/Angular_Project/frontend/.angular/cache/18.2.11/frontend/vite/deps/chunk-FDUYSLZ7.js.map 304 [25/Nov/2024:13:39:39 +0000] - 391.370 ms localhost
GET /@fs/C:/Users/USER/Desktop/BroCampTasks/Angular_Project/frontend/.angular/cache/18.2.11/frontend/vite/deps/@angular_common.js.map 304 [25/Nov/2024:13:39:39 +0000] - 248.130 ms localhost
GET /@fs/C:/Users/USER/Desktop/BroCampTasks/Angular_Project/frontend/.angular/cache/18.2.11/frontend/vite/deps/rxjs.js.map 304 [25/Nov/2024:13:39:39 +0000] - 246.444 ms localhost
GET /@fs/C:/Users/USER/Desktop/BroCampTasks/Angular_Project/frontend/.angular/cache/18.2.11/frontend/vite/deps/chunk-SD63G7YN.js.map 304 [25/Nov/2024:13:39:39 +0000] - 249.987 ms localhost
GET /@fs/C:/Users/USER/Desktop/BroCampTasks/Angular_Project/frontend/.angular/cache/18.2.11/frontend/vite/deps/chunk-PLMZ7O3F.js.map 304 [25/Nov/2024:13:39:39 +0000] - 261.756 ms localhost
GET /@fs/C:/Users/USER/Desktop/BroCampTasks/Angular_Project/frontend/.angular/cache/18.2.11/frontend/vite/deps/chunk-PF6LNL77.js.map 304 [25/Nov/2024:13:39:39 +0000] - 314.333 ms localhost
GET /login.component.css.map 200 [25/Nov/2024:13:39:39 +0000] - 58.568 ms localhost
GET /@fs/C:/Users/USER/Desktop/BroCampTasks/Angular_Project/frontend/.angular/cache/18.2.11/frontend/vite/deps/@angular_router.js.map 304 [25/Nov/2024:13:39:39 +0000] - 87.256 ms localhost
POST /user/register 200 [25/Nov/2024:13:40:30 +0000] - 661.118 ms localhost
GET /login.component.css.map 200 [25/Nov/2024:13:40:40 +0000] - 7.294 ms localhost
GET /login 200 [25/Nov/2024:13:40:43 +0000] - 13.490 ms localhost
GET / - [25/Nov/2024:13:40:43 +0000] - - ms localhost
GET /@vite/client 304 [25/Nov/2024:13:40:43 +0000] - 14.130 ms localhost
GET /styles.css 200 [25/Nov/2024:13:40:43 +0000] - 14.667 ms localhost
GET /polyfills.js 304 [25/Nov/2024:13:40:43 +0000] - 13.934 ms localhost
GET /main.js 304 [25/Nov/2024:13:40:43 +0000] - 14.379 ms localhost
GET /@fs/C:/Users/USER/Desktop/BroCampTasks/Angular_Project/frontend/node_modules/vite/dist/client/env.mjs 304 [25/Nov/2024:13:40:43 +0000] - 21.790 ms localhost
GET /styles.css.map 200 [25/Nov/2024:13:40:43 +0000] - 3.757 ms localhost
GET /@fs/C:/Users/USER/Desktop/BroCampTasks/Angular_Project/frontend/.angular/cache/18.2.11/frontend/vite/deps/@angular_platform-browser.js.map 304 [25/Nov/2024:13:40:44 +0000] - 5.343 ms localhost
GET /@fs/C:/Users/USER/Desktop/BroCampTasks/Angular_Project/frontend/.angular/cache/18.2.11/frontend/vite/deps/chunk-SD63G7YN.js.map 304 [25/Nov/2024:13:40:44 +0000] - 23.516 ms localhost
GET /@fs/C:/Users/USER/Desktop/BroCampTasks/Angular_Project/frontend/.angular/cache/18.2.11/frontend/vite/deps/chunk-J2M542RS.js.map 304 [25/Nov/2024:13:40:44 +0000] - 20.998 ms localhost
GET /@fs/C:/Users/USER/Desktop/BroCampTasks/Angular_Project/frontend/.angular/cache/18.2.11/frontend/vite/deps/chunk-PLMZ7O3F.js.map 304 [25/Nov/2024:13:40:44 +0000] - 29.091 ms localhost
GET /@fs/C:/Users/USER/Desktop/BroCampTasks/Angular_Project/frontend/.angular/cache/18.2.11/frontend/vite/deps/chunk-FDUYSLZ7.js.map 304 [25/Nov/2024:13:40:44 +0000] - 201.506 ms localhost
GET /@fs/C:/Users/USER/Desktop/BroCampTasks/Angular_Project/frontend/.angular/cache/18.2.11/frontend/vite/deps/@angular_core.js.map 304 [25/Nov/2024:13:40:44 +0000] - 98.413 ms localhost
GET /@fs/C:/Users/USER/Desktop/BroCampTasks/Angular_Project/frontend/.angular/cache/18.2.11/frontend/vite/deps/chunk-PF6LNL77.js.map 304 [25/Nov/2024:13:40:44 +0000] - 154.536 ms localhost
GET /@fs/C:/Users/USER/Desktop/BroCampTasks/Angular_Project/frontend/.angular/cache/18.2.11/frontend/vite/deps/@angular_forms.js.map 304 [25/Nov/2024:13:40:44 +0000] - 107.403 ms localhost
GET /@fs/C:/Users/USER/Desktop/BroCampTasks/Angular_Project/frontend/.angular/cache/18.2.11/frontend/vite/deps/@angular_router.js.map 304 [25/Nov/2024:13:40:44 +0000] - 115.129 ms localhost
GET /@fs/C:/Users/USER/Desktop/BroCampTasks/Angular_Project/frontend/.angular/cache/18.2.11/frontend/vite/deps/@angular_common_http.js.map 304 [25/Nov/2024:13:40:44 +0000] - 86.645 ms localhost
GET /login.component.css.map 200 [25/Nov/2024:13:40:44 +0000] - 10.934 ms localhost
GET /@fs/C:/Users/USER/Desktop/BroCampTasks/Angular_Project/frontend/.angular/cache/18.2.11/frontend/vite/deps/@angular_common.js.map 304 [25/Nov/2024:13:40:44 +0000] - 39.466 ms localhost
GET /@fs/C:/Users/USER/Desktop/BroCampTasks/Angular_Project/frontend/.angular/cache/18.2.11/frontend/vite/deps/rxjs.js.map 304 [25/Nov/2024:13:40:44 +0000] - 27.264 ms localhost
GET /favicon.ico 304 [25/Nov/2024:13:40:44 +0000] - 50.565 ms localhost
GET / - [25/Nov/2024:13:44:43 +0000] - - ms localhost
GET /login 200 [25/Nov/2024:13:45:04 +0000] - 10.621 ms localhost
GET /polyfills.js 304 [25/Nov/2024:13:45:04 +0000] - 4.630 ms localhost
GET /styles.css 200 [25/Nov/2024:13:45:04 +0000] - 18.151 ms localhost
GET /@vite/client 304 [25/Nov/2024:13:45:04 +0000] - 18.873 ms localhost
GET /main.js 200 [25/Nov/2024:13:45:04 +0000] - 20.295 ms localhost
GET /@fs/C:/Users/USER/Desktop/BroCampTasks/Angular_Project/frontend/node_modules/vite/dist/client/env.mjs 304 [25/Nov/2024:13:45:04 +0000] - 4.428 ms localhost
GET /styles.css.map 200 [25/Nov/2024:13:45:04 +0000] - 13.310 ms localhost
GET /@fs/C:/Users/USER/Desktop/BroCampTasks/Angular_Project/frontend/.angular/cache/18.2.11/frontend/vite/deps/@angular_platform-browser.js.map 304 [25/Nov/2024:13:45:05 +0000] - 16.705 ms localhost
GET /@fs/C:/Users/USER/Desktop/BroCampTasks/Angular_Project/frontend/.angular/cache/18.2.11/frontend/vite/deps/chunk-SD63G7YN.js.map 304 [25/Nov/2024:13:45:05 +0000] - 25.821 ms localhost
GET /@fs/C:/Users/USER/Desktop/BroCampTasks/Angular_Project/frontend/.angular/cache/18.2.11/frontend/vite/deps/@angular_core.js.map 304 [25/Nov/2024:13:45:05 +0000] - 20.938 ms localhost
GET /@fs/C:/Users/USER/Desktop/BroCampTasks/Angular_Project/frontend/.angular/cache/18.2.11/frontend/vite/deps/chunk-J2M542RS.js.map 304 [25/Nov/2024:13:45:05 +0000] - 38.799 ms localhost
GET /@fs/C:/Users/USER/Desktop/BroCampTasks/Angular_Project/frontend/.angular/cache/18.2.11/frontend/vite/deps/chunk-PLMZ7O3F.js.map 304 [25/Nov/2024:13:45:05 +0000] - 43.867 ms localhost
GET /@fs/C:/Users/USER/Desktop/BroCampTasks/Angular_Project/frontend/.angular/cache/18.2.11/frontend/vite/deps/@angular_common.js.map 304 [25/Nov/2024:13:45:05 +0000] - 40.983 ms localhost
GET /@fs/C:/Users/USER/Desktop/BroCampTasks/Angular_Project/frontend/.angular/cache/18.2.11/frontend/vite/deps/chunk-FDUYSLZ7.js.map 304 [25/Nov/2024:13:45:05 +0000] - 399.401 ms localhost
GET /@fs/C:/Users/USER/Desktop/BroCampTasks/Angular_Project/frontend/.angular/cache/18.2.11/frontend/vite/deps/rxjs.js.map 304 [25/Nov/2024:13:45:05 +0000] - 379.912 ms localhost
GET /@fs/C:/Users/USER/Desktop/BroCampTasks/Angular_Project/frontend/.angular/cache/18.2.11/frontend/vite/deps/chunk-PF6LNL77.js.map 304 [25/Nov/2024:13:45:06 +0000] - 429.480 ms localhost
GET /@fs/C:/Users/USER/Desktop/BroCampTasks/Angular_Project/frontend/.angular/cache/18.2.11/frontend/vite/deps/@angular_common_http.js.map 304 [25/Nov/2024:13:45:06 +0000] - 425.210 ms localhost
GET /@fs/C:/Users/USER/Desktop/BroCampTasks/Angular_Project/frontend/.angular/cache/18.2.11/frontend/vite/deps/@angular_router.js.map 304 [25/Nov/2024:13:45:06 +0000] - 429.238 ms localhost
GET /@fs/C:/Users/USER/Desktop/BroCampTasks/Angular_Project/frontend/.angular/cache/18.2.11/frontend/vite/deps/@angular_forms.js.map 304 [25/Nov/2024:13:45:06 +0000] - 432.304 ms localhost
GET /favicon.ico 304 [25/Nov/2024:13:45:06 +0000] - 4.095 ms localhost
GET /login.component.css.map 200 [25/Nov/2024:13:45:06 +0000] - 9.282 ms localhost
POST /user/sendMail 200 [25/Nov/2024:13:45:15 +0000] - 4191.854 ms localhost
POST /user/sendMail 200 [25/Nov/2024:13:45:18 +0000] - 4447.905 ms localhost
POST /user/resetPassword 200 [25/Nov/2024:13:45:52 +0000] - 15.518 ms localhost
POST /user/resetPassword 200 [25/Nov/2024:13:46:01 +0000] - 49.880 ms localhost
GET / - [25/Nov/2024:13:49:04 +0000] - - ms localhost
GET /login 200 [25/Nov/2024:13:50:41 +0000] - 7.773 ms localhost
GET /@vite/client 304 [25/Nov/2024:13:50:41 +0000] - 6.790 ms localhost
GET /styles.css 200 [25/Nov/2024:13:50:41 +0000] - 3.464 ms localhost
GET /main.js 200 [25/Nov/2024:13:50:41 +0000] - 5.519 ms localhost
GET /polyfills.js 304 [25/Nov/2024:13:50:41 +0000] - 6.526 ms localhost
GET /@fs/C:/Users/USER/Desktop/BroCampTasks/Angular_Project/frontend/node_modules/vite/dist/client/env.mjs 304 [25/Nov/2024:13:50:41 +0000] - 2.531 ms localhost
GET /styles.css.map 200 [25/Nov/2024:13:50:43 +0000] - 2.961 ms localhost
GET /@fs/C:/Users/USER/Desktop/BroCampTasks/Angular_Project/frontend/.angular/cache/18.2.11/frontend/vite/deps/@angular_platform-browser.js.map 304 [25/Nov/2024:13:50:43 +0000] - 4.262 ms localhost
GET /@fs/C:/Users/USER/Desktop/BroCampTasks/Angular_Project/frontend/.angular/cache/18.2.11/frontend/vite/deps/chunk-SD63G7YN.js.map 304 [25/Nov/2024:13:50:43 +0000] - 45.693 ms localhost
GET /@fs/C:/Users/USER/Desktop/BroCampTasks/Angular_Project/frontend/.angular/cache/18.2.11/frontend/vite/deps/chunk-J2M542RS.js.map 304 [25/Nov/2024:13:50:43 +0000] - 23.022 ms localhost
GET /@fs/C:/Users/USER/Desktop/BroCampTasks/Angular_Project/frontend/.angular/cache/18.2.11/frontend/vite/deps/chunk-PLMZ7O3F.js.map 304 [25/Nov/2024:13:50:43 +0000] - 33.849 ms localhost
GET /@fs/C:/Users/USER/Desktop/BroCampTasks/Angular_Project/frontend/.angular/cache/18.2.11/frontend/vite/deps/@angular_core.js.map 304 [25/Nov/2024:13:50:43 +0000] - 24.897 ms localhost
GET /@fs/C:/Users/USER/Desktop/BroCampTasks/Angular_Project/frontend/.angular/cache/18.2.11/frontend/vite/deps/chunk-PF6LNL77.js.map 304 [25/Nov/2024:13:50:43 +0000] - 34.853 ms localhost
GET /@fs/C:/Users/USER/Desktop/BroCampTasks/Angular_Project/frontend/.angular/cache/18.2.11/frontend/vite/deps/@angular_router.js.map 304 [25/Nov/2024:13:50:43 +0000] - 42.323 ms localhost
GET /@fs/C:/Users/USER/Desktop/BroCampTasks/Angular_Project/frontend/.angular/cache/18.2.11/frontend/vite/deps/chunk-FDUYSLZ7.js.map 304 [25/Nov/2024:13:50:43 +0000] - 116.797 ms localhost
GET /@fs/C:/Users/USER/Desktop/BroCampTasks/Angular_Project/frontend/.angular/cache/18.2.11/frontend/vite/deps/@angular_forms.js.map 304 [25/Nov/2024:13:50:43 +0000] - 101.341 ms localhost
GET /@fs/C:/Users/USER/Desktop/BroCampTasks/Angular_Project/frontend/.angular/cache/18.2.11/frontend/vite/deps/@angular_common_http.js.map 304 [25/Nov/2024:13:50:43 +0000] - 3.583 ms localhost
GET /@fs/C:/Users/USER/Desktop/BroCampTasks/Angular_Project/frontend/.angular/cache/18.2.11/frontend/vite/deps/@angular_common.js.map 304 [25/Nov/2024:13:50:43 +0000] - 3.652 ms localhost
GET /@fs/C:/Users/USER/Desktop/BroCampTasks/Angular_Project/frontend/.angular/cache/18.2.11/frontend/vite/deps/rxjs.js.map 304 [25/Nov/2024:13:50:43 +0000] - 3.060 ms localhost
GET /login.component.css.map 200 [25/Nov/2024:13:50:45 +0000] - 4.049 ms localhost
GET /favicon.ico 304 [25/Nov/2024:13:50:45 +0000] - 3.599 ms localhost
GET /login 200 [25/Nov/2024:13:52:37 +0000] - 26.094 ms localhost
GET / - [25/Nov/2024:13:52:37 +0000] - - ms localhost
GET /@vite/client 304 [25/Nov/2024:13:52:37 +0000] - 5.995 ms localhost
GET /polyfills.js 304 [25/Nov/2024:13:52:37 +0000] - 4.827 ms localhost
GET /main.js 200 [25/Nov/2024:13:52:37 +0000] - 8.684 ms localhost
GET /styles.css 200 [25/Nov/2024:13:52:37 +0000] - 5.154 ms localhost
GET /styles.css.map 200 [25/Nov/2024:13:52:37 +0000] - 4.910 ms localhost
GET /@fs/C:/Users/USER/Desktop/BroCampTasks/Angular_Project/frontend/node_modules/vite/dist/client/env.mjs 304 [25/Nov/2024:13:52:37 +0000] - 5.320 ms localhost
GET /@fs/C:/Users/USER/Desktop/BroCampTasks/Angular_Project/frontend/.angular/cache/18.2.11/frontend/vite/deps/@angular_platform-browser.js.map 304 [25/Nov/2024:13:52:37 +0000] - 15.286 ms localhost
GET /@fs/C:/Users/USER/Desktop/BroCampTasks/Angular_Project/frontend/.angular/cache/18.2.11/frontend/vite/deps/@angular_common.js.map 304 [25/Nov/2024:13:52:37 +0000] - 13.870 ms localhost
GET /@fs/C:/Users/USER/Desktop/BroCampTasks/Angular_Project/frontend/.angular/cache/18.2.11/frontend/vite/deps/rxjs.js.map 304 [25/Nov/2024:13:52:37 +0000] - 13.518 ms localhost
GET /@fs/C:/Users/USER/Desktop/BroCampTasks/Angular_Project/frontend/.angular/cache/18.2.11/frontend/vite/deps/@angular_forms.js.map 304 [25/Nov/2024:13:52:37 +0000] - 39.938 ms localhost
GET /@fs/C:/Users/USER/Desktop/BroCampTasks/Angular_Project/frontend/.angular/cache/18.2.11/frontend/vite/deps/chunk-SD63G7YN.js.map 304 [25/Nov/2024:13:52:37 +0000] - 38.436 ms localhost
GET /@fs/C:/Users/USER/Desktop/BroCampTasks/Angular_Project/frontend/.angular/cache/18.2.11/frontend/vite/deps/chunk-FDUYSLZ7.js.map 304 [25/Nov/2024:13:52:38 +0000] - 191.928 ms localhost
GET /@fs/C:/Users/USER/Desktop/BroCampTasks/Angular_Project/frontend/.angular/cache/18.2.11/frontend/vite/deps/@angular_core.js.map 304 [25/Nov/2024:13:52:38 +0000] - 179.881 ms localhost
GET /@fs/C:/Users/USER/Desktop/BroCampTasks/Angular_Project/frontend/.angular/cache/18.2.11/frontend/vite/deps/chunk-J2M542RS.js.map 304 [25/Nov/2024:13:52:38 +0000] - 206.127 ms localhost
GET /@fs/C:/Users/USER/Desktop/BroCampTasks/Angular_Project/frontend/.angular/cache/18.2.11/frontend/vite/deps/chunk-PLMZ7O3F.js.map 304 [25/Nov/2024:13:52:38 +0000] - 213.340 ms localhost
GET /@fs/C:/Users/USER/Desktop/BroCampTasks/Angular_Project/frontend/.angular/cache/18.2.11/frontend/vite/deps/@angular_router.js.map 304 [25/Nov/2024:13:52:38 +0000] - 211.918 ms localhost
GET /login.component.css.map 200 [25/Nov/2024:13:52:38 +0000] - 52.765 ms localhost
GET /@fs/C:/Users/USER/Desktop/BroCampTasks/Angular_Project/frontend/.angular/cache/18.2.11/frontend/vite/deps/chunk-PF6LNL77.js.map 304 [25/Nov/2024:13:52:38 +0000] - 221.791 ms localhost
GET /@fs/C:/Users/USER/Desktop/BroCampTasks/Angular_Project/frontend/.angular/cache/18.2.11/frontend/vite/deps/@angular_common_http.js.map 304 [25/Nov/2024:13:52:38 +0000] - 85.365 ms localhost
GET /favicon.ico 304 [25/Nov/2024:13:52:38 +0000] - 3.811 ms localhost
POST /user/sendMail 200 [25/Nov/2024:13:52:52 +0000] - 3780.241 ms localhost
POST /user/resetPassword 200 [25/Nov/2024:13:53:22 +0000] - 65.225 ms localhost
GET / - [25/Nov/2024:13:56:37 +0000] - - ms localhost
GET /login 200 [25/Nov/2024:13:57:03 +0000] - 27.226 ms localhost
GET /@vite/client 304 [25/Nov/2024:13:57:03 +0000] - 3.137 ms localhost
GET /styles.css 200 [25/Nov/2024:13:57:03 +0000] - 4.228 ms localhost
GET /polyfills.js 304 [25/Nov/2024:13:57:03 +0000] - 7.280 ms localhost
GET /main.js 200 [25/Nov/2024:13:57:03 +0000] - 6.322 ms localhost
GET /@fs/C:/Users/USER/Desktop/BroCampTasks/Angular_Project/frontend/node_modules/vite/dist/client/env.mjs 304 [25/Nov/2024:13:57:04 +0000] - 5.509 ms localhost
GET /styles.css.map 200 [25/Nov/2024:13:57:04 +0000] - 3.165 ms localhost
GET /@fs/C:/Users/USER/Desktop/BroCampTasks/Angular_Project/frontend/.angular/cache/18.2.11/frontend/vite/deps/@angular_platform-browser.js.map 304 [25/Nov/2024:13:57:05 +0000] - 16.509 ms localhost
GET /@fs/C:/Users/USER/Desktop/BroCampTasks/Angular_Project/frontend/.angular/cache/18.2.11/frontend/vite/deps/chunk-SD63G7YN.js.map 304 [25/Nov/2024:13:57:05 +0000] - 20.568 ms localhost
GET /@fs/C:/Users/USER/Desktop/BroCampTasks/Angular_Project/frontend/.angular/cache/18.2.11/frontend/vite/deps/chunk-J2M542RS.js.map 304 [25/Nov/2024:13:57:05 +0000] - 20.900 ms localhost
GET /@fs/C:/Users/USER/Desktop/BroCampTasks/Angular_Project/frontend/.angular/cache/18.2.11/frontend/vite/deps/chunk-PLMZ7O3F.js.map 304 [25/Nov/2024:13:57:05 +0000] - 24.467 ms localhost
GET /@fs/C:/Users/USER/Desktop/BroCampTasks/Angular_Project/frontend/.angular/cache/18.2.11/frontend/vite/deps/chunk-PF6LNL77.js.map 304 [25/Nov/2024:13:57:05 +0000] - 27.481 ms localhost
GET /@fs/C:/Users/USER/Desktop/BroCampTasks/Angular_Project/frontend/.angular/cache/18.2.11/frontend/vite/deps/@angular_core.js.map 304 [25/Nov/2024:13:57:05 +0000] - 29.412 ms localhost
GET /@fs/C:/Users/USER/Desktop/BroCampTasks/Angular_Project/frontend/.angular/cache/18.2.11/frontend/vite/deps/@angular_forms.js.map 304 [25/Nov/2024:13:57:05 +0000] - 31.674 ms localhost
GET /@fs/C:/Users/USER/Desktop/BroCampTasks/Angular_Project/frontend/.angular/cache/18.2.11/frontend/vite/deps/@angular_common_http.js.map 304 [25/Nov/2024:13:57:05 +0000] - 30.658 ms localhost
GET /@fs/C:/Users/USER/Desktop/BroCampTasks/Angular_Project/frontend/.angular/cache/18.2.11/frontend/vite/deps/chunk-FDUYSLZ7.js.map 304 [25/Nov/2024:13:57:05 +0000] - 81.798 ms localhost
GET /@fs/C:/Users/USER/Desktop/BroCampTasks/Angular_Project/frontend/.angular/cache/18.2.11/frontend/vite/deps/@angular_router.js.map 304 [25/Nov/2024:13:57:05 +0000] - 63.453 ms localhost
GET /@fs/C:/Users/USER/Desktop/BroCampTasks/Angular_Project/frontend/.angular/cache/18.2.11/frontend/vite/deps/@angular_common.js.map 304 [25/Nov/2024:13:57:05 +0000] - 59.997 ms localhost
GET /@fs/C:/Users/USER/Desktop/BroCampTasks/Angular_Project/frontend/.angular/cache/18.2.11/frontend/vite/deps/rxjs.js.map 304 [25/Nov/2024:13:57:05 +0000] - 48.933 ms localhost
GET /login.component.css.map 200 [25/Nov/2024:13:57:08 +0000] - 2.968 ms localhost
GET /favicon.ico 304 [25/Nov/2024:13:57:10 +0000] - 3.287 ms localhost
POST /user/resetPassword 200 [25/Nov/2024:13:59:14 +0000] - 613.159 ms localhost
GET / - [25/Nov/2024:14:01:04 +0000] - - ms localhost
GET /login 200 [25/Nov/2024:16:07:12 +0000] - 20.988 ms localhost
GET /polyfills.js 304 [25/Nov/2024:16:07:12 +0000] - 25.465 ms localhost
GET /main.js 200 [25/Nov/2024:16:07:12 +0000] - 26.586 ms localhost
GET /styles.css 200 [25/Nov/2024:16:07:12 +0000] - 29.985 ms localhost
GET /@vite/client 304 [25/Nov/2024:16:07:12 +0000] - 34.463 ms localhost
GET /@fs/C:/Users/USER/Desktop/BroCampTasks/Angular_Project/frontend/node_modules/vite/dist/client/env.mjs 304 [25/Nov/2024:16:07:12 +0000] - 3.270 ms localhost
GET /styles.css.map 200 [25/Nov/2024:16:07:12 +0000] - 9.288 ms localhost
GET /@fs/C:/Users/USER/Desktop/BroCampTasks/Angular_Project/frontend/.angular/cache/18.2.11/frontend/vite/deps/@angular_platform-browser.js.map 304 [25/Nov/2024:16:07:12 +0000] - 57.736 ms localhost
GET /@fs/C:/Users/USER/Desktop/BroCampTasks/Angular_Project/frontend/.angular/cache/18.2.11/frontend/vite/deps/chunk-SD63G7YN.js.map 304 [25/Nov/2024:16:07:12 +0000] - 63.498 ms localhost
GET /@fs/C:/Users/USER/Desktop/BroCampTasks/Angular_Project/frontend/.angular/cache/18.2.11/frontend/vite/deps/chunk-J2M542RS.js.map 304 [25/Nov/2024:16:07:12 +0000] - 66.412 ms localhost
GET /@fs/C:/Users/USER/Desktop/BroCampTasks/Angular_Project/frontend/.angular/cache/18.2.11/frontend/vite/deps/@angular_core.js.map 304 [25/Nov/2024:16:07:12 +0000] - 59.021 ms localhost
GET /@fs/C:/Users/USER/Desktop/BroCampTasks/Angular_Project/frontend/.angular/cache/18.2.11/frontend/vite/deps/chunk-PLMZ7O3F.js.map 304 [25/Nov/2024:16:07:12 +0000] - 72.013 ms localhost
GET /@fs/C:/Users/USER/Desktop/BroCampTasks/Angular_Project/frontend/.angular/cache/18.2.11/frontend/vite/deps/chunk-PF6LNL77.js.map 304 [25/Nov/2024:16:07:13 +0000] - 118.948 ms localhost
GET /@fs/C:/Users/USER/Desktop/BroCampTasks/Angular_Project/frontend/.angular/cache/18.2.11/frontend/vite/deps/@angular_router.js.map 304 [25/Nov/2024:16:07:13 +0000] - 153.631 ms localhost
GET /@fs/C:/Users/USER/Desktop/BroCampTasks/Angular_Project/frontend/.angular/cache/18.2.11/frontend/vite/deps/@angular_common_http.js.map 304 [25/Nov/2024:16:07:13 +0000] - 93.698 ms localhost
GET /favicon.ico 304 [25/Nov/2024:16:07:13 +0000] - 22.268 ms localhost
GET /@fs/C:/Users/USER/Desktop/BroCampTasks/Angular_Project/frontend/.angular/cache/18.2.11/frontend/vite/deps/@angular_common.js.map 304 [25/Nov/2024:16:07:13 +0000] - 118.561 ms localhost
GET /@fs/C:/Users/USER/Desktop/BroCampTasks/Angular_Project/frontend/.angular/cache/18.2.11/frontend/vite/deps/rxjs.js.map 304 [25/Nov/2024:16:07:13 +0000] - 121.556 ms localhost
GET /login.component.css.map 200 [25/Nov/2024:16:07:13 +0000] - 32.919 ms localhost
GET /@fs/C:/Users/USER/Desktop/BroCampTasks/Angular_Project/frontend/.angular/cache/18.2.11/frontend/vite/deps/chunk-FDUYSLZ7.js.map 304 [25/Nov/2024:16:07:13 +0000] - 284.759 ms localhost
GET /@fs/C:/Users/USER/Desktop/BroCampTasks/Angular_Project/frontend/.angular/cache/18.2.11/frontend/vite/deps/@angular_forms.js.map 304 [25/Nov/2024:16:07:13 +0000] - 216.750 ms localhost
GET /login 200 [25/Nov/2024:16:07:17 +0000] - 10.214 ms localhost
GET / - [25/Nov/2024:16:07:17 +0000] - - ms localhost
GET /@vite/client 304 [25/Nov/2024:16:07:17 +0000] - 12.505 ms localhost
GET /styles.css 200 [25/Nov/2024:16:07:17 +0000] - 12.359 ms localhost
GET /polyfills.js 304 [25/Nov/2024:16:07:17 +0000] - 12.745 ms localhost
GET /main.js 304 [25/Nov/2024:16:07:17 +0000] - 12.077 ms localhost
GET /@fs/C:/Users/USER/Desktop/BroCampTasks/Angular_Project/frontend/node_modules/vite/dist/client/env.mjs 304 [25/Nov/2024:16:07:17 +0000] - 2.713 ms localhost
GET /favicon.ico 304 [25/Nov/2024:16:07:18 +0000] - 3.784 ms localhost
POST /user/login 200 [25/Nov/2024:16:07:30 +0000] - 562.531 ms localhost
GET /dashboard 200 [25/Nov/2024:16:09:49 +0000] - 6.699 ms localhost
GET / - [25/Nov/2024:16:09:49 +0000] - - ms localhost
GET /@vite/client 304 [25/Nov/2024:16:09:49 +0000] - 2.882 ms localhost
GET /styles.css 200 [25/Nov/2024:16:09:49 +0000] - 3.821 ms localhost
GET /polyfills.js 304 [25/Nov/2024:16:09:49 +0000] - 4.857 ms localhost
GET /main.js 200 [25/Nov/2024:16:09:49 +0000] - 4.548 ms localhost
GET /@fs/C:/Users/USER/Desktop/BroCampTasks/Angular_Project/frontend/node_modules/vite/dist/client/env.mjs 304 [25/Nov/2024:16:09:49 +0000] - 2.373 ms localhost
GET /favicon.ico 304 [25/Nov/2024:16:09:50 +0000] - 5.542 ms localhost
POST /user/login 200 [25/Nov/2024:16:09:58 +0000] - 382.031 ms localhost
GET / - [25/Nov/2024:16:13:49 +0000] - - ms localhost
GET /dashboard 200 [25/Nov/2024:16:31:33 +0000] - 13.600 ms localhost
GET /@vite/client 304 [25/Nov/2024:16:31:33 +0000] - 3.660 ms localhost
GET /styles.css 200 [25/Nov/2024:16:31:33 +0000] - 3.918 ms localhost
GET /polyfills.js 304 [25/Nov/2024:16:31:33 +0000] - 2.603 ms localhost
GET /main.js 200 [25/Nov/2024:16:31:33 +0000] - 5.083 ms localhost
GET /@fs/C:/Users/USER/Desktop/BroCampTasks/Angular_Project/frontend/node_modules/vite/dist/client/env.mjs 304 [25/Nov/2024:16:31:33 +0000] - 12.364 ms localhost
GET /favicon.ico 304 [25/Nov/2024:16:31:34 +0000] - 3.482 ms localhost
POST /user/login 200 [25/Nov/2024:16:33:58 +0000] - 429.740 ms localhost
GET / - [25/Nov/2024:16:35:33 +0000] - - ms localhost
GET /dashboard 200 [25/Nov/2024:16:35:57 +0000] - 7.269 ms localhost
GET /@vite/client 304 [25/Nov/2024:16:35:57 +0000] - 12.902 ms localhost
GET /styles.css 200 [25/Nov/2024:16:35:57 +0000] - 8.549 ms localhost
GET /main.js 200 [25/Nov/2024:16:35:57 +0000] - 10.874 ms localhost
GET /polyfills.js 304 [25/Nov/2024:16:35:57 +0000] - 13.040 ms localhost
GET /@fs/C:/Users/USER/Desktop/BroCampTasks/Angular_Project/frontend/node_modules/vite/dist/client/env.mjs 304 [25/Nov/2024:16:35:58 +0000] - 4.823 ms localhost
GET /favicon.ico 304 [25/Nov/2024:16:35:58 +0000] - 3.467 ms localhost
POST /user/login 200 [25/Nov/2024:16:36:06 +0000] - 400.541 ms localhost
GET /dashboard 200 [25/Nov/2024:16:37:05 +0000] - 6.597 ms localhost
GET / - [25/Nov/2024:16:37:05 +0000] - - ms localhost
GET /@vite/client 304 [25/Nov/2024:16:37:05 +0000] - 8.198 ms localhost
GET /styles.css 200 [25/Nov/2024:16:37:05 +0000] - 8.044 ms localhost
GET /polyfills.js 304 [25/Nov/2024:16:37:05 +0000] - 9.877 ms localhost
GET /main.js 200 [25/Nov/2024:16:37:05 +0000] - 9.378 ms localhost
GET /@fs/C:/Users/USER/Desktop/BroCampTasks/Angular_Project/frontend/node_modules/vite/dist/client/env.mjs 304 [25/Nov/2024:16:37:05 +0000] - 3.171 ms localhost
GET /favicon.ico 304 [25/Nov/2024:16:37:06 +0000] - 3.744 ms localhost
POST /user/login 200 [25/Nov/2024:16:37:14 +0000] - 395.986 ms localhost
GET / - [25/Nov/2024:16:41:05 +0000] - - ms localhost
GET /dashboard 200 [25/Nov/2024:16:43:12 +0000] - 8.286 ms localhost
GET /@vite/client 304 [25/Nov/2024:16:43:12 +0000] - 4.147 ms localhost
GET /styles.css 200 [25/Nov/2024:16:43:12 +0000] - 3.079 ms localhost
GET /polyfills.js 304 [25/Nov/2024:16:43:12 +0000] - 7.556 ms localhost
GET /main.js 200 [25/Nov/2024:16:43:12 +0000] - 7.390 ms localhost
GET /@fs/C:/Users/USER/Desktop/BroCampTasks/Angular_Project/frontend/node_modules/vite/dist/client/env.mjs 304 [25/Nov/2024:16:43:12 +0000] - 2.851 ms localhost
GET /favicon.ico 304 [25/Nov/2024:16:43:13 +0000] - 3.046 ms localhost
GET /login 200 [25/Nov/2024:16:43:18 +0000] - 5.782 ms localhost
GET / - [25/Nov/2024:16:43:18 +0000] - - ms localhost
GET /@vite/client 304 [25/Nov/2024:16:43:18 +0000] - 5.114 ms localhost
GET /styles.css 200 [25/Nov/2024:16:43:18 +0000] - 5.966 ms localhost
GET /polyfills.js 304 [25/Nov/2024:16:43:18 +0000] - 7.143 ms localhost
GET /main.js 200 [25/Nov/2024:16:43:18 +0000] - 9.788 ms localhost
GET /@fs/C:/Users/USER/Desktop/BroCampTasks/Angular_Project/frontend/node_modules/vite/dist/client/env.mjs 304 [25/Nov/2024:16:43:18 +0000] - 4.558 ms localhost
GET /favicon.ico 304 [25/Nov/2024:16:43:19 +0000] - 6.122 ms localhost
POST /user/login 200 [25/Nov/2024:16:43:27 +0000] - 346.668 ms localhost
GET /dashboard 200 [25/Nov/2024:16:43:56 +0000] - 5.811 ms localhost
GET / - [25/Nov/2024:16:43:56 +0000] - - ms localhost
GET /@vite/client 304 [25/Nov/2024:16:43:56 +0000] - 6.934 ms localhost
GET /styles.css 200 [25/Nov/2024:16:43:56 +0000] - 6.540 ms localhost
GET /polyfills.js 304 [25/Nov/2024:16:43:56 +0000] - 6.813 ms localhost
GET /main.js 200 [25/Nov/2024:16:43:56 +0000] - 6.858 ms localhost
GET /@fs/C:/Users/USER/Desktop/BroCampTasks/Angular_Project/frontend/node_modules/vite/dist/client/env.mjs 304 [25/Nov/2024:16:43:56 +0000] - 2.612 ms localhost
GET /favicon.ico 304 [25/Nov/2024:16:43:57 +0000] - 4.970 ms localhost
POST /user/login 200 [25/Nov/2024:16:44:03 +0000] - 330.892 ms localhost
GET /dashboard 200 [25/Nov/2024:16:44:51 +0000] - 5.226 ms localhost
GET / - [25/Nov/2024:16:44:51 +0000] - - ms localhost
GET /@vite/client 304 [25/Nov/2024:16:44:51 +0000] - 5.924 ms localhost
GET /styles.css 200 [25/Nov/2024:16:44:51 +0000] - 7.916 ms localhost
GET /polyfills.js 304 [25/Nov/2024:16:44:51 +0000] - 8.165 ms localhost
GET /main.js 200 [25/Nov/2024:16:44:51 +0000] - 5.769 ms localhost
GET /@fs/C:/Users/USER/Desktop/BroCampTasks/Angular_Project/frontend/node_modules/vite/dist/client/env.mjs 304 [25/Nov/2024:16:44:51 +0000] - 2.855 ms localhost
GET /favicon.ico 304 [25/Nov/2024:16:44:52 +0000] - 3.834 ms localhost
POST /user/login 200 [25/Nov/2024:16:44:58 +0000] - 389.173 ms localhost
GET / - [25/Nov/2024:16:48:51 +0000] - - ms localhost
GET /dashboard 200 [25/Nov/2024:16:53:06 +0000] - 18.407 ms localhost
GET /@vite/client 304 [25/Nov/2024:16:53:06 +0000] - 3.982 ms localhost
GET /styles.css 200 [25/Nov/2024:16:53:06 +0000] - 6.362 ms localhost
GET /polyfills.js 304 [25/Nov/2024:16:53:06 +0000] - 7.272 ms localhost
GET /main.js 200 [25/Nov/2024:16:53:06 +0000] - 12.321 ms localhost
GET /@fs/C:/Users/USER/Desktop/BroCampTasks/Angular_Project/frontend/node_modules/vite/dist/client/env.mjs 304 [25/Nov/2024:16:53:06 +0000] - 3.111 ms localhost
GET /favicon.ico 304 [25/Nov/2024:16:53:07 +0000] - 6.419 ms localhost
GET / - [25/Nov/2024:16:57:06 +0000] - - ms localhost
GET /login 200 [25/Nov/2024:17:03:05 +0000] - 13.977 ms localhost
GET /@vite/client 304 [25/Nov/2024:17:03:05 +0000] - 4.018 ms localhost
GET /styles.css 200 [25/Nov/2024:17:03:05 +0000] - 9.097 ms localhost
GET /polyfills.js 304 [25/Nov/2024:17:03:05 +0000] - 2.457 ms localhost
GET /main.js 200 [25/Nov/2024:17:03:05 +0000] - 4.562 ms localhost
GET /@fs/C:/Users/USER/Desktop/BroCampTasks/Angular_Project/frontend/node_modules/vite/dist/client/env.mjs 304 [25/Nov/2024:17:03:05 +0000] - 2.664 ms localhost
GET /favicon.ico 304 [25/Nov/2024:17:03:07 +0000] - 3.233 ms localhost
GET / - [25/Nov/2024:17:07:05 +0000] - - ms localhost
