GET /login 200 [18/Dec/2024:08:30:44 +0000] - 338.284 ms localhost
GET /polyfills.js 304 [18/Dec/2024:08:30:45 +0000] - 121.232 ms localhost
GET /@vite/client 304 [18/Dec/2024:08:30:45 +0000] - 119.770 ms localhost
GET /main.js 304 [18/Dec/2024:08:30:45 +0000] - 117.743 ms localhost
GET /styles.css 200 [18/Dec/2024:08:30:45 +0000] - 140.894 ms localhost
GET /@fs/C:/Users/USER/Desktop/BroCampTasks/Angular_Project/frontend/node_modules/vite/dist/client/env.mjs 304 [18/Dec/2024:08:30:45 +0000] - 5.130 ms localhost
GET /styles.css.map 200 [18/Dec/2024:08:30:45 +0000] - 40.208 ms localhost
GET /@fs/C:/Users/USER/Desktop/BroCampTasks/Angular_Project/frontend/.angular/cache/18.2.11/frontend/vite/deps/@angular_common_http.js.map 304 [18/Dec/2024:08:30:46 +0000] - 239.088 ms localhost
GET /@fs/C:/Users/USER/Desktop/BroCampTasks/Angular_Project/frontend/.angular/cache/18.2.11/frontend/vite/deps/@angular_platform-browser.js.map 304 [18/Dec/2024:08:30:46 +0000] - 245.172 ms localhost
GET /@fs/C:/Users/USER/Desktop/BroCampTasks/Angular_Project/frontend/.angular/cache/18.2.11/frontend/vite/deps/chunk-LD4QUOG7.js.map 304 [18/Dec/2024:08:30:46 +0000] - 364.419 ms localhost
GET /@fs/C:/Users/USER/Desktop/BroCampTasks/Angular_Project/frontend/.angular/cache/18.2.11/frontend/vite/deps/chunk-BWJ345IV.js.map 304 [18/Dec/2024:08:30:46 +0000] - 370.522 ms localhost
GET /@fs/C:/Users/USER/Desktop/BroCampTasks/Angular_Project/frontend/.angular/cache/18.2.11/frontend/vite/deps/chunk-G23HOXG6.js.map 304 [18/Dec/2024:08:30:46 +0000] - 524.457 ms localhost
GET /@fs/C:/Users/USER/Desktop/BroCampTasks/Angular_Project/frontend/.angular/cache/18.2.11/frontend/vite/deps/@angular_forms.js.map 304 [18/Dec/2024:08:30:46 +0000] - 662.272 ms localhost
GET /favicon.ico 304 [18/Dec/2024:08:30:46 +0000] - 112.803 ms localhost
GET /@fs/C:/Users/USER/Desktop/BroCampTasks/Angular_Project/frontend/.angular/cache/18.2.11/frontend/vite/deps/@angular_core.js.map 304 [18/Dec/2024:08:30:46 +0000] - 440.830 ms localhost
GET /@fs/C:/Users/USER/Desktop/BroCampTasks/Angular_Project/frontend/.angular/cache/18.2.11/frontend/vite/deps/chunk-7Z5IUEXQ.js.map 304 [18/Dec/2024:08:30:46 +0000] - 567.922 ms localhost
GET /@fs/C:/Users/USER/Desktop/BroCampTasks/Angular_Project/frontend/.angular/cache/18.2.11/frontend/vite/deps/chunk-IPIO5KKK.js.map 304 [18/Dec/2024:08:30:46 +0000] - 595.787 ms localhost
GET /login.component.css.map 200 [18/Dec/2024:08:30:46 +0000] - 24.934 ms localhost
GET /@fs/C:/Users/USER/Desktop/BroCampTasks/Angular_Project/frontend/.angular/cache/18.2.11/frontend/vite/deps/rxjs.js.map 304 [18/Dec/2024:08:30:46 +0000] - 66.722 ms localhost
GET /@fs/C:/Users/USER/Desktop/BroCampTasks/Angular_Project/frontend/.angular/cache/18.2.11/frontend/vite/deps/@angular_common.js.map 304 [18/Dec/2024:08:30:46 +0000] - 57.954 ms localhost
GET /@fs/C:/Users/USER/Desktop/BroCampTasks/Angular_Project/frontend/.angular/cache/18.2.11/frontend/vite/deps/chunk-YL3M6K34.js.map 304 [18/Dec/2024:08:30:47 +0000] - 1119.484 ms localhost
GET /@fs/C:/Users/USER/Desktop/BroCampTasks/Angular_Project/frontend/.angular/cache/18.2.11/frontend/vite/deps/@angular_router.js.map 304 [18/Dec/2024:08:30:47 +0000] - 1112.645 ms localhost
GET / - [18/Dec/2024:08:31:19 +0000] - - ms localhost
GET /styles.css 200 [19/Dec/2024:14:50:40 +0000] - 874.438 ms localhost
GET /@fs/C:/Users/USER/Desktop/BroCampTasks/Angular_Project/frontend/.angular/cache/18.2.11/frontend/vite/deps/@angular_platform-browser.js.map 304 [19/Dec/2024:14:50:40 +0000] - 422.672 ms localhost
GET /login 200 [19/Dec/2024:14:50:41 +0000] - 1201.629 ms localhost
GET /@fs/C:/Users/USER/Desktop/BroCampTasks/Angular_Project/frontend/.angular/cache/18.2.11/frontend/vite/deps/rxjs.js.map 304 [19/Dec/2024:14:50:41 +0000] - 845.722 ms localhost
GET /@fs/C:/Users/USER/Desktop/BroCampTasks/Angular_Project/frontend/.angular/cache/18.2.11/frontend/vite/deps/@angular_core.js.map 304 [19/Dec/2024:14:50:41 +0000] - 865.478 ms localhost
GET /@fs/C:/Users/USER/Desktop/BroCampTasks/Angular_Project/frontend/.angular/cache/18.2.11/frontend/vite/deps/@angular_common_http.js.map 304 [19/Dec/2024:14:50:41 +0000] - 865.651 ms localhost
GET /@fs/C:/Users/USER/Desktop/BroCampTasks/Angular_Project/frontend/.angular/cache/18.2.11/frontend/vite/deps/chunk-BWJ345IV.js.map 200 [19/Dec/2024:14:50:41 +0000] - 529.099 ms localhost
GET /@fs/C:/Users/USER/Desktop/BroCampTasks/Angular_Project/frontend/.angular/cache/18.2.11/frontend/vite/deps/chunk-LD4QUOG7.js.map 200 [19/Dec/2024:14:50:41 +0000] - 277.840 ms localhost
GET /@fs/C:/Users/USER/Desktop/BroCampTasks/Angular_Project/frontend/.angular/cache/18.2.11/frontend/vite/deps/chunk-IPIO5KKK.js.map 200 [19/Dec/2024:14:50:41 +0000] - 157.345 ms localhost
GET /@fs/C:/Users/USER/Desktop/BroCampTasks/Angular_Project/frontend/.angular/cache/18.2.11/frontend/vite/deps/@angular_common.js.map 304 [19/Dec/2024:14:50:42 +0000] - 1150.197 ms localhost
GET /@fs/C:/Users/USER/Desktop/BroCampTasks/Angular_Project/frontend/.angular/cache/18.2.11/frontend/vite/deps/chunk-G23HOXG6.js.map 200 [19/Dec/2024:14:50:42 +0000] - 595.629 ms localhost
GET /@fs/C:/Users/USER/Desktop/BroCampTasks/Angular_Project/frontend/.angular/cache/18.2.11/frontend/vite/deps/chunk-YL3M6K34.js.map 200 [19/Dec/2024:14:50:42 +0000] - 597.557 ms localhost
GET /@fs/C:/Users/USER/Desktop/BroCampTasks/Angular_Project/frontend/.angular/cache/18.2.11/frontend/vite/deps/@angular_forms.js.map 200 [19/Dec/2024:14:50:42 +0000] - 816.650 ms localhost
GET /@fs/C:/Users/USER/Desktop/BroCampTasks/Angular_Project/frontend/.angular/cache/18.2.11/frontend/vite/deps/@angular_router.js.map 200 [19/Dec/2024:14:50:42 +0000] - 964.354 ms localhost
GET /login.component.css.map 200 [19/Dec/2024:14:50:42 +0000] - 365.606 ms localhost
GET /styles.css.map 200 [19/Dec/2024:14:50:42 +0000] - 329.861 ms localhost
GET /@fs/C:/Users/USER/Desktop/BroCampTasks/Angular_Project/frontend/.angular/cache/18.2.11/frontend/vite/deps/chunk-7Z5IUEXQ.js.map 200 [19/Dec/2024:14:50:42 +0000] - 472.297 ms localhost
POST /user/login 200 [19/Dec/2024:14:50:55 +0000] - 1365.481 ms localhost
GET /layout.component.css.map 200 [19/Dec/2024:14:50:55 +0000] - 9.001 ms localhost
GET /dashboard.component.css.map 200 [19/Dec/2024:14:50:55 +0000] - 9.834 ms localhost
GET /user/logout 304 [19/Dec/2024:14:51:01 +0000] - 62.457 ms localhost
GET /login.component.css.map 200 [19/Dec/2024:14:51:02 +0000] - 6.582 ms localhost
POST /user/login 200 [19/Dec/2024:14:51:09 +0000] - 361.865 ms localhost
GET /layout.component.css.map 200 [19/Dec/2024:14:51:09 +0000] - 4.829 ms localhost
GET /dashboard.component.css.map 200 [19/Dec/2024:14:51:09 +0000] - 5.019 ms localhost
GET /user/users?pageNumber=1&pageSize=2 304 [19/Dec/2024:14:51:12 +0000] - 95.486 ms localhost
GET /user/usersCount 304 [19/Dec/2024:14:51:12 +0000] - 214.756 ms localhost
GET /user/users?pageNumber=1&pageSize=3&sortBy=&sortOrder=asc 200 [19/Dec/2024:14:51:18 +0000] - 71.194 ms localhost
GET /user/users?pageNumber=1&pageSize=3&sortBy=email&sortOrder=desc 200 [19/Dec/2024:14:51:23 +0000] - 92.743 ms localhost
GET /user/users?pageNumber=1&pageSize=3&sortBy=email&sortOrder=asc 200 [19/Dec/2024:14:51:26 +0000] - 133.167 ms localhost
POST /user/editStatus 200 [19/Dec/2024:14:51:39 +0000] - 5263.172 ms localhost
GET /user/users?pageNumber=1&pageSize=3&sortBy=email&sortOrder=asc 200 [19/Dec/2024:14:51:39 +0000] - 61.565 ms localhost
POST /user/editStatus 200 [19/Dec/2024:14:51:49 +0000] - 5104.428 ms localhost
GET /user/users?pageNumber=1&pageSize=3&sortBy=email&sortOrder=asc 200 [19/Dec/2024:14:51:49 +0000] - 74.158 ms localhost
GET /user/users?pageNumber=1&pageSize=2&sortBy=&sortOrder=asc 200 [19/Dec/2024:14:52:07 +0000] - 71.683 ms localhost
GET /service/totalService 401 [19/Dec/2024:14:52:09 +0000] - 257.238 ms localhost
GET /service/services?pageNumber=1&pageSize=2 401 [19/Dec/2024:14:52:09 +0000] - 42.187 ms localhost
GET /user/refreshToken 200 [19/Dec/2024:14:52:09 +0000] - 95.798 ms localhost
GET /user/refreshToken 304 [19/Dec/2024:14:52:09 +0000] - 34.468 ms localhost
GET /service/totalService 304 [19/Dec/2024:14:52:10 +0000] - 803.486 ms localhost
GET /service/services?pageNumber=1&pageSize=2 304 [19/Dec/2024:14:52:11 +0000] - 1093.784 ms localhost
GET /user/logout 304 [19/Dec/2024:14:52:26 +0000] - 31.960 ms localhost
GET /login.component.css.map 200 [19/Dec/2024:14:52:26 +0000] - 11.581 ms localhost
GET / - [19/Dec/2024:14:54:30 +0000] - - ms localhost
GET /login 200 [19/Dec/2024:15:23:40 +0000] - 165.757 ms localhost
GET /styles.css 200 [19/Dec/2024:15:23:41 +0000] - 21.456 ms localhost
GET /@vite/client 304 [19/Dec/2024:15:23:42 +0000] - 855.431 ms localhost
GET /polyfills.js 304 [19/Dec/2024:15:23:42 +0000] - 21.956 ms localhost
GET /main.js 200 [19/Dec/2024:15:23:42 +0000] - 23.410 ms localhost
GET /@fs/C:/Users/USER/Desktop/BroCampTasks/Angular_Project/frontend/node_modules/vite/dist/client/env.mjs 304 [19/Dec/2024:15:23:42 +0000] - 3.384 ms localhost
GET /@fs/C:/Users/USER/Desktop/BroCampTasks/Angular_Project/frontend/.angular/cache/18.2.11/frontend/vite/deps/@angular_platform-browser.js?v=0d0f9b67 200 [19/Dec/2024:15:23:42 +0000] - 5.584 ms localhost
GET /@fs/C:/Users/USER/Desktop/BroCampTasks/Angular_Project/frontend/.angular/cache/18.2.11/frontend/vite/deps/@angular_core.js?v=0d0f9b67 200 [19/Dec/2024:15:23:42 +0000] - 4.306 ms localhost
GET /@fs/C:/Users/USER/Desktop/BroCampTasks/Angular_Project/frontend/.angular/cache/18.2.11/frontend/vite/deps/@angular_router.js?v=0d0f9b67 200 [19/Dec/2024:15:23:43 +0000] - 9.760 ms localhost
GET /@fs/C:/Users/USER/Desktop/BroCampTasks/Angular_Project/frontend/.angular/cache/18.2.11/frontend/vite/deps/@angular_common_http.js?v=0d0f9b67 200 [19/Dec/2024:15:23:43 +0000] - 6.654 ms localhost
GET /@fs/C:/Users/USER/Desktop/BroCampTasks/Angular_Project/frontend/.angular/cache/18.2.11/frontend/vite/deps/rxjs.js?v=0d0f9b67 200 [19/Dec/2024:15:23:43 +0000] - 3.925 ms localhost
GET /@fs/C:/Users/USER/Desktop/BroCampTasks/Angular_Project/frontend/.angular/cache/18.2.11/frontend/vite/deps/@angular_forms.js?v=0d0f9b67 200 [19/Dec/2024:15:23:43 +0000] - 10.284 ms localhost
GET /@fs/C:/Users/USER/Desktop/BroCampTasks/Angular_Project/frontend/.angular/cache/18.2.11/frontend/vite/deps/@angular_common.js?v=0d0f9b67 200 [19/Dec/2024:15:23:43 +0000] - 3.758 ms localhost
GET /@fs/C:/Users/USER/Desktop/BroCampTasks/Angular_Project/frontend/.angular/cache/18.2.11/frontend/vite/deps/chunk-SD63G7YN.js?v=2f219a69 200 [19/Dec/2024:15:23:43 +0000] - 3.851 ms localhost
GET /@fs/C:/Users/USER/Desktop/BroCampTasks/Angular_Project/frontend/.angular/cache/18.2.11/frontend/vite/deps/chunk-J2M542RS.js?v=2f219a69 200 [19/Dec/2024:15:23:43 +0000] - 5.824 ms localhost
GET /@fs/C:/Users/USER/Desktop/BroCampTasks/Angular_Project/frontend/.angular/cache/18.2.11/frontend/vite/deps/chunk-PLMZ7O3F.js?v=2f219a69 200 [19/Dec/2024:15:23:43 +0000] - 5.913 ms localhost
GET /@fs/C:/Users/USER/Desktop/BroCampTasks/Angular_Project/frontend/.angular/cache/18.2.11/frontend/vite/deps/chunk-FDUYSLZ7.js?v=2f219a69 200 [19/Dec/2024:15:23:43 +0000] - 17.196 ms localhost
GET /@fs/C:/Users/USER/Desktop/BroCampTasks/Angular_Project/frontend/.angular/cache/18.2.11/frontend/vite/deps/chunk-PF6LNL77.js?v=2f219a69 200 [19/Dec/2024:15:23:43 +0000] - 20.611 ms localhost
GET /styles.css.map 200 [19/Dec/2024:15:23:43 +0000] - 6.827 ms localhost
GET /@fs/C:/Users/USER/Desktop/BroCampTasks/Angular_Project/frontend/.angular/cache/18.2.11/frontend/vite/deps/@angular_platform-browser.js.map 304 [19/Dec/2024:15:23:44 +0000] - 6.150 ms localhost
GET /@fs/C:/Users/USER/Desktop/BroCampTasks/Angular_Project/frontend/.angular/cache/18.2.11/frontend/vite/deps/chunk-J2M542RS.js.map 200 [19/Dec/2024:15:23:44 +0000] - 30.051 ms localhost
GET /@fs/C:/Users/USER/Desktop/BroCampTasks/Angular_Project/frontend/.angular/cache/18.2.11/frontend/vite/deps/chunk-SD63G7YN.js.map 200 [19/Dec/2024:15:23:44 +0000] - 57.335 ms localhost
GET /@fs/C:/Users/USER/Desktop/BroCampTasks/Angular_Project/frontend/.angular/cache/18.2.11/frontend/vite/deps/chunk-PLMZ7O3F.js.map 200 [19/Dec/2024:15:23:44 +0000] - 84.870 ms localhost
GET /@fs/C:/Users/USER/Desktop/BroCampTasks/Angular_Project/frontend/.angular/cache/18.2.11/frontend/vite/deps/@angular_core.js.map 304 [19/Dec/2024:15:23:44 +0000] - 95.111 ms localhost
GET /@fs/C:/Users/USER/Desktop/BroCampTasks/Angular_Project/frontend/.angular/cache/18.2.11/frontend/vite/deps/chunk-PF6LNL77.js.map 200 [19/Dec/2024:15:23:44 +0000] - 115.215 ms localhost
GET /@fs/C:/Users/USER/Desktop/BroCampTasks/Angular_Project/frontend/.angular/cache/18.2.11/frontend/vite/deps/@angular_common_http.js.map 304 [19/Dec/2024:15:23:44 +0000] - 433.385 ms localhost
GET /@fs/C:/Users/USER/Desktop/BroCampTasks/Angular_Project/frontend/.angular/cache/18.2.11/frontend/vite/deps/@angular_router.js.map 304 [19/Dec/2024:15:23:44 +0000] - 528.773 ms localhost
GET /@fs/C:/Users/USER/Desktop/BroCampTasks/Angular_Project/frontend/.angular/cache/18.2.11/frontend/vite/deps/rxjs.js.map 304 [19/Dec/2024:15:23:44 +0000] - 481.527 ms localhost
GET /@fs/C:/Users/USER/Desktop/BroCampTasks/Angular_Project/frontend/.angular/cache/18.2.11/frontend/vite/deps/chunk-FDUYSLZ7.js.map 200 [19/Dec/2024:15:23:45 +0000] - 617.481 ms localhost
GET /@fs/C:/Users/USER/Desktop/BroCampTasks/Angular_Project/frontend/.angular/cache/18.2.11/frontend/vite/deps/@angular_common.js.map 304 [19/Dec/2024:15:23:45 +0000] - 498.423 ms localhost
GET /@fs/C:/Users/USER/Desktop/BroCampTasks/Angular_Project/frontend/.angular/cache/18.2.11/frontend/vite/deps/@angular_forms.js.map 304 [19/Dec/2024:15:23:45 +0000] - 527.403 ms localhost
GET /login.component.css.map 200 [19/Dec/2024:15:23:45 +0000] - 6.425 ms localhost
GET /favicon.ico 304 [19/Dec/2024:15:23:45 +0000] - 11.678 ms localhost
GET / - [19/Dec/2024:15:27:43 +0000] - - ms localhost
GET /login 200 [19/Dec/2024:17:38:55 +0000] - 343.866 ms localhost
GET /polyfills.js 304 [19/Dec/2024:17:38:55 +0000] - 15.322 ms localhost
GET /@vite/client 304 [19/Dec/2024:17:38:55 +0000] - 26.260 ms localhost
GET /styles.css 200 [19/Dec/2024:17:38:55 +0000] - 25.836 ms localhost
GET /main.js 304 [19/Dec/2024:17:38:55 +0000] - 88.360 ms localhost
GET /@fs/C:/Users/USER/Desktop/BroCampTasks/Angular_Project/frontend/node_modules/vite/dist/client/env.mjs 304 [19/Dec/2024:17:38:55 +0000] - 9.304 ms localhost
GET /styles.css.map 200 [19/Dec/2024:17:38:56 +0000] - 13.207 ms localhost
GET /@fs/C:/Users/USER/Desktop/BroCampTasks/Angular_Project/frontend/.angular/cache/18.2.11/frontend/vite/deps/@angular_platform-browser.js.map 304 [19/Dec/2024:17:38:56 +0000] - 372.826 ms localhost
GET /@fs/C:/Users/USER/Desktop/BroCampTasks/Angular_Project/frontend/.angular/cache/18.2.11/frontend/vite/deps/chunk-PF6LNL77.js.map 304 [19/Dec/2024:17:38:56 +0000] - 382.455 ms localhost
GET /@fs/C:/Users/USER/Desktop/BroCampTasks/Angular_Project/frontend/.angular/cache/18.2.11/frontend/vite/deps/chunk-PLMZ7O3F.js.map 304 [19/Dec/2024:17:38:56 +0000] - 408.928 ms localhost
GET /@fs/C:/Users/USER/Desktop/BroCampTasks/Angular_Project/frontend/.angular/cache/18.2.11/frontend/vite/deps/chunk-SD63G7YN.js.map 304 [19/Dec/2024:17:38:56 +0000] - 432.444 ms localhost
GET /@fs/C:/Users/USER/Desktop/BroCampTasks/Angular_Project/frontend/.angular/cache/18.2.11/frontend/vite/deps/chunk-J2M542RS.js.map 304 [19/Dec/2024:17:38:57 +0000] - 789.612 ms localhost
GET /@fs/C:/Users/USER/Desktop/BroCampTasks/Angular_Project/frontend/.angular/cache/18.2.11/frontend/vite/deps/chunk-FDUYSLZ7.js.map 304 [19/Dec/2024:17:38:57 +0000] - 938.785 ms localhost
GET /favicon.ico 304 [19/Dec/2024:17:38:57 +0000] - 166.688 ms localhost
GET /@fs/C:/Users/USER/Desktop/BroCampTasks/Angular_Project/frontend/.angular/cache/18.2.11/frontend/vite/deps/rxjs.js.map 304 [19/Dec/2024:17:38:57 +0000] - 532.064 ms localhost
GET /@fs/C:/Users/USER/Desktop/BroCampTasks/Angular_Project/frontend/.angular/cache/18.2.11/frontend/vite/deps/@angular_core.js.map 304 [19/Dec/2024:17:38:57 +0000] - 591.322 ms localhost
GET /@fs/C:/Users/USER/Desktop/BroCampTasks/Angular_Project/frontend/.angular/cache/18.2.11/frontend/vite/deps/@angular_common_http.js.map 304 [19/Dec/2024:17:38:57 +0000] - 554.768 ms localhost
GET /login.component.css.map 200 [19/Dec/2024:17:38:57 +0000] - 8.664 ms localhost
GET /@fs/C:/Users/USER/Desktop/BroCampTasks/Angular_Project/frontend/.angular/cache/18.2.11/frontend/vite/deps/@angular_common.js.map 304 [19/Dec/2024:17:38:57 +0000] - 128.400 ms localhost
GET /@fs/C:/Users/USER/Desktop/BroCampTasks/Angular_Project/frontend/.angular/cache/18.2.11/frontend/vite/deps/@angular_forms.js.map 304 [19/Dec/2024:17:38:57 +0000] - 152.416 ms localhost
GET /@fs/C:/Users/USER/Desktop/BroCampTasks/Angular_Project/frontend/.angular/cache/18.2.11/frontend/vite/deps/@angular_router.js.map 304 [19/Dec/2024:17:38:57 +0000] - 960.945 ms localhost
POST /user/login 200 [19/Dec/2024:17:39:09 +0000] - 814.531 ms localhost
GET /layout.component.css.map 200 [19/Dec/2024:17:39:09 +0000] - 11.154 ms localhost
GET /dashboard.component.css.map 200 [19/Dec/2024:17:39:09 +0000] - 12.048 ms localhost
GET /service/services?pageNumber=1&pageSize=2 304 [19/Dec/2024:17:39:14 +0000] - 930.549 ms localhost
GET /service/totalService 304 [19/Dec/2024:17:39:14 +0000] - 960.027 ms localhost
GET /service/service/6757511dc61b8fbac9567eea 200 [19/Dec/2024:17:39:23 +0000] - 91.804 ms localhost
GET /service/editStatus/6757511dc61b8fbac9567eea 200 [19/Dec/2024:17:39:54 +0000] - 230.289 ms localhost
GET /service/services?pageNumber=1&pageSize=2 200 [19/Dec/2024:17:39:54 +0000] - 102.340 ms localhost
GET /user/logout 304 [19/Dec/2024:17:40:34 +0000] - 56.887 ms localhost
GET / - [19/Dec/2024:17:42:56 +0000] - - ms localhost
