GET / - [26/Nov/2024:18:31:46 +0000] - - ms localhost
GET /users 200 [26/Nov/2024:18:33:36 +0000] - 18.049 ms localhost
GET /@vite/client 304 [26/Nov/2024:18:33:36 +0000] - 9.174 ms localhost
GET /styles.css 200 [26/Nov/2024:18:33:36 +0000] - 4.419 ms localhost
GET /polyfills.js 304 [26/Nov/2024:18:33:36 +0000] - 4.377 ms localhost
GET /main.js 200 [26/Nov/2024:18:33:36 +0000] - 15.704 ms localhost
GET /@fs/C:/Users/USER/Desktop/BroCampTasks/Angular_Project/frontend/node_modules/vite/dist/client/env.mjs 304 [26/Nov/2024:18:33:36 +0000] - 4.100 ms localhost
GET /favicon.ico 304 [26/Nov/2024:18:33:38 +0000] - 3.505 ms localhost
GET /login 200 [26/Nov/2024:18:34:19 +0000] - 7.890 ms localhost
GET / - [26/Nov/2024:18:34:19 +0000] - - ms localhost
GET /@vite/client 304 [26/Nov/2024:18:34:20 +0000] - 5.686 ms localhost
GET /styles.css 200 [26/Nov/2024:18:34:20 +0000] - 9.436 ms localhost
GET /main.js 200 [26/Nov/2024:18:34:20 +0000] - 7.499 ms localhost
GET /polyfills.js 304 [26/Nov/2024:18:34:20 +0000] - 11.779 ms localhost
GET /@fs/C:/Users/USER/Desktop/BroCampTasks/Angular_Project/frontend/node_modules/vite/dist/client/env.mjs 304 [26/Nov/2024:18:34:20 +0000] - 3.313 ms localhost
GET /favicon.ico 304 [26/Nov/2024:18:34:20 +0000] - 3.365 ms localhost
POST /user/login 200 [26/Nov/2024:18:34:33 +0000] - 419.188 ms localhost
GET /user/users 304 [26/Nov/2024:18:34:37 +0000] - 27.434 ms localhost
GET / - [26/Nov/2024:18:38:20 +0000] - - ms localhost
GET /users 200 [26/Nov/2024:18:38:22 +0000] - 9.279 ms localhost
GET /@vite/client 304 [26/Nov/2024:18:38:22 +0000] - 3.105 ms localhost
GET /styles.css 200 [26/Nov/2024:18:38:22 +0000] - 2.499 ms localhost
GET /polyfills.js 304 [26/Nov/2024:18:38:22 +0000] - 3.707 ms localhost
GET /main.js 200 [26/Nov/2024:18:38:22 +0000] - 6.952 ms localhost
GET /@fs/C:/Users/USER/Desktop/BroCampTasks/Angular_Project/frontend/node_modules/vite/dist/client/env.mjs 304 [26/Nov/2024:18:38:22 +0000] - 5.986 ms localhost
GET /favicon.ico 304 [26/Nov/2024:18:38:23 +0000] - 5.213 ms localhost
POST /user/login 200 [26/Nov/2024:18:38:40 +0000] - 303.456 ms localhost
GET /user/users 304 [26/Nov/2024:18:38:43 +0000] - 24.100 ms localhost
GET /user/users 401 [26/Nov/2024:18:40:05 +0000] - 17.687 ms localhost
GET /user/refreshToken 304 [26/Nov/2024:18:40:05 +0000] - 6.693 ms localhost
GET /user/users 304 [26/Nov/2024:18:40:05 +0000] - 13.215 ms localhost
GET /users 200 [26/Nov/2024:18:40:08 +0000] - 43.211 ms localhost
GET / - [26/Nov/2024:18:40:08 +0000] - - ms localhost
GET /@vite/client 304 [26/Nov/2024:18:40:08 +0000] - 4.329 ms localhost
GET /styles.css 200 [26/Nov/2024:18:40:08 +0000] - 5.230 ms localhost
GET /polyfills.js 304 [26/Nov/2024:18:40:08 +0000] - 8.573 ms localhost
GET /main.js 200 [26/Nov/2024:18:40:08 +0000] - 8.636 ms localhost
GET /@fs/C:/Users/USER/Desktop/BroCampTasks/Angular_Project/frontend/node_modules/vite/dist/client/env.mjs 304 [26/Nov/2024:18:40:08 +0000] - 2.880 ms localhost
GET /favicon.ico 304 [26/Nov/2024:18:40:09 +0000] - 4.408 ms localhost
POST /user/login 200 [26/Nov/2024:18:40:21 +0000] - 156.430 ms localhost
GET /user/users 304 [26/Nov/2024:18:40:29 +0000] - 16.356 ms localhost
GET /media/fontawesome-webfont.woff2?v=4.7.0 200 [26/Nov/2024:18:40:29 +0000] - 3.491 ms localhost
GET /user/users 304 [26/Nov/2024:18:41:08 +0000] - 22.085 ms localhost
GET / - [26/Nov/2024:18:44:09 +0000] - - ms localhost
GET /users 500 [26/Nov/2024:18:48:56 +0000] - 131.650 ms localhost
GET /@vite/client 304 [26/Nov/2024:18:48:56 +0000] - 3.534 ms localhost
GET /@fs/C:/Users/USER/Desktop/BroCampTasks/Angular_Project/frontend/node_modules/vite/dist/client/env.mjs 304 [26/Nov/2024:18:48:56 +0000] - 2.771 ms localhost
GET /favicon.ico 304 [26/Nov/2024:18:48:56 +0000] - 5.473 ms localhost
GET / - [26/Nov/2024:18:52:56 +0000] - - ms localhost
GET /users 200 [26/Nov/2024:18:53:29 +0000] - 65.840 ms localhost
GET /@vite/client 304 [26/Nov/2024:18:53:29 +0000] - 3.215 ms localhost
GET /styles.css 200 [26/Nov/2024:18:53:29 +0000] - 6.435 ms localhost
GET /polyfills.js 304 [26/Nov/2024:18:53:29 +0000] - 2.264 ms localhost
GET /main.js 200 [26/Nov/2024:18:53:29 +0000] - 4.924 ms localhost
GET /@fs/C:/Users/USER/Desktop/BroCampTasks/Angular_Project/frontend/node_modules/vite/dist/client/env.mjs 304 [26/Nov/2024:18:53:29 +0000] - 2.565 ms localhost
GET /favicon.ico 304 [26/Nov/2024:18:53:30 +0000] - 4.971 ms localhost
GET /login 200 [26/Nov/2024:18:53:41 +0000] - 5.633 ms localhost
GET / - [26/Nov/2024:18:53:41 +0000] - - ms localhost
GET /@vite/client 304 [26/Nov/2024:18:53:41 +0000] - 3.213 ms localhost
GET /styles.css 200 [26/Nov/2024:18:53:41 +0000] - 5.747 ms localhost
GET /polyfills.js 304 [26/Nov/2024:18:53:41 +0000] - 7.639 ms localhost
GET /main.js 304 [26/Nov/2024:18:53:41 +0000] - 9.134 ms localhost
GET /@fs/C:/Users/USER/Desktop/BroCampTasks/Angular_Project/frontend/node_modules/vite/dist/client/env.mjs 304 [26/Nov/2024:18:53:41 +0000] - 2.411 ms localhost
GET /favicon.ico 304 [26/Nov/2024:18:53:41 +0000] - 3.559 ms localhost
POST /user/login 200 [26/Nov/2024:18:53:50 +0000] - 486.004 ms localhost
GET /user/users 304 [26/Nov/2024:18:53:53 +0000] - 48.142 ms localhost
GET /media/fontawesome-webfont.woff2?v=4.7.0 200 [26/Nov/2024:18:53:53 +0000] - 8.672 ms localhost
GET /user/users 304 [26/Nov/2024:18:54:18 +0000] - 27.284 ms localhost
GET /users 200 [26/Nov/2024:18:54:20 +0000] - 12.446 ms localhost
GET / - [26/Nov/2024:18:54:20 +0000] - - ms localhost
GET /@vite/client 304 [26/Nov/2024:18:54:20 +0000] - 10.354 ms localhost
GET /styles.css 200 [26/Nov/2024:18:54:20 +0000] - 11.446 ms localhost
GET /polyfills.js 304 [26/Nov/2024:18:54:20 +0000] - 15.692 ms localhost
GET /main.js 200 [26/Nov/2024:18:54:20 +0000] - 13.685 ms localhost
GET /@fs/C:/Users/USER/Desktop/BroCampTasks/Angular_Project/frontend/node_modules/vite/dist/client/env.mjs 304 [26/Nov/2024:18:54:20 +0000] - 5.034 ms localhost
GET /favicon.ico 304 [26/Nov/2024:18:54:21 +0000] - 6.005 ms localhost
GET / - [26/Nov/2024:18:58:20 +0000] - - ms localhost
GET /login 200 [27/Nov/2024:06:56:34 +0000] - 59.677 ms localhost
GET /@vite/client 304 [27/Nov/2024:06:56:34 +0000] - 93.111 ms localhost
GET /styles.css 200 [27/Nov/2024:06:56:34 +0000] - 62.230 ms localhost
GET /polyfills.js 304 [27/Nov/2024:06:56:34 +0000] - 45.006 ms localhost
GET /main.js 200 [27/Nov/2024:06:56:34 +0000] - 64.552 ms localhost
GET /@fs/C:/Users/USER/Desktop/BroCampTasks/Angular_Project/frontend/node_modules/vite/dist/client/env.mjs 304 [27/Nov/2024:06:56:34 +0000] - 40.729 ms localhost
GET /favicon.ico 304 [27/Nov/2024:06:56:35 +0000] - 7.534 ms localhost
POST /user/login 200 [27/Nov/2024:06:56:41 +0000] - 482.314 ms localhost
GET /user/users 304 [27/Nov/2024:06:56:45 +0000] - 69.435 ms localhost
GET /media/fontawesome-webfont.woff2?v=4.7.0 200 [27/Nov/2024:06:56:45 +0000] - 9.208 ms localhost
GET / - [27/Nov/2024:07:00:34 +0000] - - ms localhost
GET /users 200 [27/Nov/2024:08:06:07 +0000] - 97.870 ms localhost
GET /@vite/client 304 [27/Nov/2024:08:06:07 +0000] - 26.869 ms localhost
GET /styles.css 200 [27/Nov/2024:08:06:07 +0000] - 28.511 ms localhost
GET /main.js 200 [27/Nov/2024:08:06:07 +0000] - 30.272 ms localhost
GET /polyfills.js 304 [27/Nov/2024:08:06:07 +0000] - 30.157 ms localhost
GET /@fs/C:/Users/USER/Desktop/BroCampTasks/Angular_Project/frontend/node_modules/vite/dist/client/env.mjs 304 [27/Nov/2024:08:06:07 +0000] - 166.176 ms localhost
GET /favicon.ico 304 [27/Nov/2024:08:06:08 +0000] - 14.490 ms localhost
GET /login 200 [27/Nov/2024:08:06:10 +0000] - 6.994 ms localhost
GET / - [27/Nov/2024:08:06:10 +0000] - - ms localhost
GET /@vite/client 304 [27/Nov/2024:08:06:10 +0000] - 3.982 ms localhost
GET /styles.css 200 [27/Nov/2024:08:06:10 +0000] - 4.439 ms localhost
GET /polyfills.js 304 [27/Nov/2024:08:06:10 +0000] - 3.449 ms localhost
GET /main.js 304 [27/Nov/2024:08:06:10 +0000] - 8.909 ms localhost
GET /@fs/C:/Users/USER/Desktop/BroCampTasks/Angular_Project/frontend/node_modules/vite/dist/client/env.mjs 304 [27/Nov/2024:08:06:10 +0000] - 4.748 ms localhost
GET /favicon.ico 304 [27/Nov/2024:08:06:11 +0000] - 4.457 ms localhost
POST /user/login 200 [27/Nov/2024:08:06:22 +0000] - 252.521 ms localhost
POST /user/login 200 [27/Nov/2024:08:06:29 +0000] - 122.514 ms localhost
GET /user/users 304 [27/Nov/2024:08:06:33 +0000] - 44.807 ms localhost
GET /media/fontawesome-webfont.woff2?v=4.7.0 200 [27/Nov/2024:08:06:33 +0000] - 6.441 ms localhost
GET /user/users 304 [27/Nov/2024:08:07:08 +0000] - 21.803 ms localhost
GET /users 200 [27/Nov/2024:08:07:12 +0000] - 10.187 ms localhost
GET / - [27/Nov/2024:08:07:12 +0000] - - ms localhost
GET /@vite/client 304 [27/Nov/2024:08:07:12 +0000] - 4.207 ms localhost
GET /styles.css 200 [27/Nov/2024:08:07:12 +0000] - 5.457 ms localhost
GET /polyfills.js 304 [27/Nov/2024:08:07:12 +0000] - 6.003 ms localhost
GET /main.js 200 [27/Nov/2024:08:07:12 +0000] - 7.943 ms localhost
GET /@fs/C:/Users/USER/Desktop/BroCampTasks/Angular_Project/frontend/node_modules/vite/dist/client/env.mjs 304 [27/Nov/2024:08:07:12 +0000] - 7.969 ms localhost
GET /favicon.ico 304 [27/Nov/2024:08:07:13 +0000] - 6.386 ms localhost
POST /user/login 200 [27/Nov/2024:08:07:36 +0000] - 290.443 ms localhost
GET /user/users 304 [27/Nov/2024:08:07:40 +0000] - 24.289 ms localhost
GET /media/fontawesome-webfont.woff2?v=4.7.0 200 [27/Nov/2024:08:07:40 +0000] - 3.708 ms localhost
GET /user/users 304 [27/Nov/2024:08:08:00 +0000] - 20.775 ms localhost
GET /user/users 304 [27/Nov/2024:08:08:05 +0000] - 35.493 ms localhost
GET / - [27/Nov/2024:08:11:12 +0000] - - ms localhost
GET /users 200 [27/Nov/2024:08:11:34 +0000] - 46.454 ms localhost
GET /@vite/client 304 [27/Nov/2024:08:11:34 +0000] - 19.459 ms localhost
GET /styles.css 200 [27/Nov/2024:08:11:34 +0000] - 11.583 ms localhost
GET /polyfills.js 304 [27/Nov/2024:08:11:34 +0000] - 18.934 ms localhost
GET /main.js 200 [27/Nov/2024:08:11:34 +0000] - 4.801 ms localhost
GET /@fs/C:/Users/USER/Desktop/BroCampTasks/Angular_Project/frontend/node_modules/vite/dist/client/env.mjs 304 [27/Nov/2024:08:11:34 +0000] - 2.696 ms localhost
GET /favicon.ico 304 [27/Nov/2024:08:11:36 +0000] - 5.367 ms localhost
POST /user/login 200 [27/Nov/2024:08:12:02 +0000] - 496.084 ms localhost
GET /user/users 304 [27/Nov/2024:08:12:06 +0000] - 47.387 ms localhost
GET /media/fontawesome-webfont.woff2?v=4.7.0 200 [27/Nov/2024:08:12:06 +0000] - 5.587 ms localhost
GET /users 200 [27/Nov/2024:08:12:36 +0000] - 9.341 ms localhost
GET / - [27/Nov/2024:08:12:36 +0000] - - ms localhost
GET /@vite/client 304 [27/Nov/2024:08:12:36 +0000] - 6.619 ms localhost
GET /styles.css 200 [27/Nov/2024:08:12:36 +0000] - 7.670 ms localhost
GET /polyfills.js 304 [27/Nov/2024:08:12:36 +0000] - 8.981 ms localhost
GET /main.js 200 [27/Nov/2024:08:12:36 +0000] - 9.004 ms localhost
GET /@fs/C:/Users/USER/Desktop/BroCampTasks/Angular_Project/frontend/node_modules/vite/dist/client/env.mjs 304 [27/Nov/2024:08:12:36 +0000] - 5.304 ms localhost
GET /favicon.ico 304 [27/Nov/2024:08:12:37 +0000] - 4.578 ms localhost
POST /user/login 200 [27/Nov/2024:08:12:45 +0000] - 151.887 ms localhost
GET /user/users 304 [27/Nov/2024:08:12:48 +0000] - 31.681 ms localhost
GET /media/fontawesome-webfont.woff2?v=4.7.0 200 [27/Nov/2024:08:12:48 +0000] - 3.944 ms localhost
GET /user/users 304 [27/Nov/2024:08:13:26 +0000] - 20.854 ms localhost
GET /user/users 401 [27/Nov/2024:08:13:56 +0000] - 33.031 ms localhost
GET /user/refreshToken 304 [27/Nov/2024:08:13:56 +0000] - 6.732 ms localhost
GET /user/users 304 [27/Nov/2024:08:13:56 +0000] - 11.532 ms localhost
GET /users 200 [27/Nov/2024:08:13:58 +0000] - 13.170 ms localhost
GET / - [27/Nov/2024:08:13:58 +0000] - - ms localhost
GET /@vite/client 304 [27/Nov/2024:08:13:58 +0000] - 5.795 ms localhost
GET /styles.css 200 [27/Nov/2024:08:13:58 +0000] - 6.334 ms localhost
GET /polyfills.js 304 [27/Nov/2024:08:13:58 +0000] - 10.658 ms localhost
GET /main.js 200 [27/Nov/2024:08:13:58 +0000] - 6.932 ms localhost
GET /@fs/C:/Users/USER/Desktop/BroCampTasks/Angular_Project/frontend/node_modules/vite/dist/client/env.mjs 304 [27/Nov/2024:08:13:58 +0000] - 3.358 ms localhost
GET /favicon.ico 304 [27/Nov/2024:08:13:59 +0000] - 10.314 ms localhost
POST /user/login 200 [27/Nov/2024:08:14:06 +0000] - 330.385 ms localhost
GET /user/users 304 [27/Nov/2024:08:14:09 +0000] - 19.598 ms localhost
GET /media/fontawesome-webfont.woff2?v=4.7.0 200 [27/Nov/2024:08:14:09 +0000] - 5.835 ms localhost
GET /user/users 401 [27/Nov/2024:08:16:58 +0000] - 143.613 ms localhost
GET /user/refreshToken 304 [27/Nov/2024:08:16:58 +0000] - 18.210 ms localhost
GET /user/users 304 [27/Nov/2024:08:16:58 +0000] - 54.917 ms localhost
GET / - [27/Nov/2024:08:17:58 +0000] - - ms localhost
GET /users 200 [27/Nov/2024:08:19:00 +0000] - 25.638 ms localhost
GET /polyfills.js 304 [27/Nov/2024:08:19:00 +0000] - 7.294 ms localhost
GET /@vite/client 304 [27/Nov/2024:08:19:00 +0000] - 43.055 ms localhost
GET /styles.css 200 [27/Nov/2024:08:19:00 +0000] - 16.765 ms localhost
GET /main.js 200 [27/Nov/2024:08:19:00 +0000] - 18.065 ms localhost
GET /@fs/C:/Users/USER/Desktop/BroCampTasks/Angular_Project/frontend/node_modules/vite/dist/client/env.mjs 304 [27/Nov/2024:08:19:00 +0000] - 5.798 ms localhost
GET /favicon.ico 304 [27/Nov/2024:08:19:01 +0000] - 5.957 ms localhost
POST /user/login 200 [27/Nov/2024:08:19:07 +0000] - 250.141 ms localhost
GET /user/users 304 [27/Nov/2024:08:19:11 +0000] - 37.221 ms localhost
GET /media/fontawesome-webfont.woff2?v=4.7.0 200 [27/Nov/2024:08:19:11 +0000] - 7.471 ms localhost
GET /user/users 401 [27/Nov/2024:08:21:39 +0000] - 15.573 ms localhost
GET /user/refreshToken 304 [27/Nov/2024:08:21:39 +0000] - 4.704 ms localhost
GET /user/users 304 [27/Nov/2024:08:21:39 +0000] - 22.228 ms localhost
GET / - [27/Nov/2024:08:23:00 +0000] - - ms localhost
GET /users 200 [27/Nov/2024:08:41:49 +0000] - 93.342 ms localhost
GET /main.js 200 [27/Nov/2024:08:41:49 +0000] - 10.539 ms localhost
GET /polyfills.js 304 [27/Nov/2024:08:41:49 +0000] - 29.831 ms localhost
GET /styles.css 200 [27/Nov/2024:08:41:49 +0000] - 19.262 ms localhost
GET /@vite/client 304 [27/Nov/2024:08:41:49 +0000] - 10.342 ms localhost
GET /@fs/C:/Users/USER/Desktop/BroCampTasks/Angular_Project/frontend/node_modules/vite/dist/client/env.mjs 304 [27/Nov/2024:08:41:49 +0000] - 3.480 ms localhost
GET /favicon.ico 304 [27/Nov/2024:08:41:49 +0000] - 7.117 ms localhost
GET / - [27/Nov/2024:08:45:49 +0000] - - ms localhost
GET /login 200 [27/Nov/2024:08:50:54 +0000] - 85.969 ms localhost
GET /login 200 [27/Nov/2024:08:50:54 +0000] - 13.867 ms localhost
GET /@vite/client 304 [27/Nov/2024:08:50:54 +0000] - 3.981 ms localhost
GET /styles.css 200 [27/Nov/2024:08:50:54 +0000] - 7.367 ms localhost
GET /polyfills.js 304 [27/Nov/2024:08:50:54 +0000] - 2.295 ms localhost
GET /main.js 200 [27/Nov/2024:08:50:54 +0000] - 6.072 ms localhost
GET /@fs/C:/Users/USER/Desktop/BroCampTasks/Angular_Project/frontend/node_modules/vite/dist/client/env.mjs 304 [27/Nov/2024:08:50:54 +0000] - 2.990 ms localhost
GET /favicon.ico 304 [27/Nov/2024:08:50:56 +0000] - 5.982 ms localhost
GET / - [27/Nov/2024:08:54:54 +0000] - - ms localhost
GET /login 200 [27/Nov/2024:09:00:22 +0000] - 92.250 ms localhost
GET /@vite/client 304 [27/Nov/2024:09:00:22 +0000] - 4.185 ms localhost
GET /styles.css 200 [27/Nov/2024:09:00:23 +0000] - 6.413 ms localhost
GET /polyfills.js 304 [27/Nov/2024:09:00:23 +0000] - 2.598 ms localhost
GET /main.js 200 [27/Nov/2024:09:00:23 +0000] - 3.516 ms localhost
GET /@fs/C:/Users/USER/Desktop/BroCampTasks/Angular_Project/frontend/node_modules/vite/dist/client/env.mjs 304 [27/Nov/2024:09:00:23 +0000] - 2.934 ms localhost
GET /favicon.ico 304 [27/Nov/2024:09:00:24 +0000] - 17.922 ms localhost
GET / - [27/Nov/2024:09:01:59 +0000] - - ms localhost
POST /user/login 200 [27/Nov/2024:09:02:10 +0000] - 1332.059 ms localhost
GET /user/users 200 [27/Nov/2024:09:02:14 +0000] - 70.871 ms localhost
GET /users 200 [27/Nov/2024:09:02:22 +0000] - 18.242 ms localhost
GET / - [27/Nov/2024:09:02:22 +0000] - - ms localhost
GET /@vite/client 304 [27/Nov/2024:09:02:22 +0000] - 14.964 ms localhost
GET /polyfills.js 304 [27/Nov/2024:09:02:22 +0000] - 13.442 ms localhost
GET /main.js 200 [27/Nov/2024:09:02:22 +0000] - 14.256 ms localhost
GET /styles.css 200 [27/Nov/2024:09:02:22 +0000] - 18.137 ms localhost
GET /@fs/C:/Users/USER/Desktop/BroCampTasks/Angular_Project/frontend/node_modules/vite/dist/client/env.mjs 304 [27/Nov/2024:09:02:22 +0000] - 8.120 ms localhost
GET /favicon.ico 304 [27/Nov/2024:09:02:23 +0000] - 5.574 ms localhost
POST /user/login 200 [27/Nov/2024:09:02:31 +0000] - 159.341 ms localhost
GET /user/users 304 [27/Nov/2024:09:02:34 +0000] - 22.093 ms localhost
GET /media/fontawesome-webfont.woff2?v=4.7.0 200 [27/Nov/2024:09:02:34 +0000] - 9.203 ms localhost
GET /users 200 [27/Nov/2024:09:02:52 +0000] - 3.407 ms localhost
GET / - [27/Nov/2024:09:02:52 +0000] - - ms localhost
GET /@vite/client 304 [27/Nov/2024:09:02:52 +0000] - 4.119 ms localhost
GET /styles.css 200 [27/Nov/2024:09:02:52 +0000] - 6.804 ms localhost
GET /polyfills.js 304 [27/Nov/2024:09:02:52 +0000] - 6.526 ms localhost
GET /main.js 200 [27/Nov/2024:09:02:52 +0000] - 11.453 ms localhost
GET /@fs/C:/Users/USER/Desktop/BroCampTasks/Angular_Project/frontend/node_modules/vite/dist/client/env.mjs 304 [27/Nov/2024:09:02:52 +0000] - 2.373 ms localhost
GET /favicon.ico 304 [27/Nov/2024:09:02:52 +0000] - 3.325 ms localhost
POST /user/login 200 [27/Nov/2024:09:02:58 +0000] - 313.196 ms localhost
GET /user/users 304 [27/Nov/2024:09:03:01 +0000] - 27.815 ms localhost
GET / - [27/Nov/2024:09:06:52 +0000] - - ms localhost
GET /users 200 [27/Nov/2024:09:07:41 +0000] - 14.703 ms localhost
GET /@vite/client 304 [27/Nov/2024:09:07:41 +0000] - 4.129 ms localhost
GET /styles.css 200 [27/Nov/2024:09:07:41 +0000] - 3.898 ms localhost
GET /polyfills.js 304 [27/Nov/2024:09:07:41 +0000] - 12.518 ms localhost
GET /main.js 200 [27/Nov/2024:09:07:41 +0000] - 12.829 ms localhost
GET /@fs/C:/Users/USER/Desktop/BroCampTasks/Angular_Project/frontend/node_modules/vite/dist/client/env.mjs 304 [27/Nov/2024:09:07:41 +0000] - 4.846 ms localhost
GET /favicon.ico 304 [27/Nov/2024:09:07:43 +0000] - 7.044 ms localhost
GET / - [27/Nov/2024:09:11:41 +0000] - - ms localhost
GET /login 200 [27/Nov/2024:09:16:56 +0000] - 59.998 ms localhost
GET /login 200 [27/Nov/2024:09:16:57 +0000] - 11.233 ms localhost
GET /@vite/client 304 [27/Nov/2024:09:16:57 +0000] - 17.106 ms localhost
GET /styles.css 200 [27/Nov/2024:09:16:57 +0000] - 8.406 ms localhost
GET /polyfills.js 304 [27/Nov/2024:09:16:58 +0000] - 29.175 ms localhost
GET /main.js 200 [27/Nov/2024:09:16:58 +0000] - 10.144 ms localhost
GET /@fs/C:/Users/USER/Desktop/BroCampTasks/Angular_Project/frontend/node_modules/vite/dist/client/env.mjs 304 [27/Nov/2024:09:16:58 +0000] - 11.022 ms localhost
GET /favicon.ico 304 [27/Nov/2024:09:16:59 +0000] - 10.711 ms localhost
GET / - [27/Nov/2024:09:20:58 +0000] - - ms localhost
GET /login 200 [27/Nov/2024:09:21:25 +0000] - 6.836 ms localhost
GET /@vite/client 304 [27/Nov/2024:09:21:25 +0000] - 4.159 ms localhost
GET /styles.css 200 [27/Nov/2024:09:21:26 +0000] - 2.763 ms localhost
GET /polyfills.js 304 [27/Nov/2024:09:21:26 +0000] - 2.656 ms localhost
GET /main.js 200 [27/Nov/2024:09:21:26 +0000] - 3.574 ms localhost
GET /@fs/C:/Users/USER/Desktop/BroCampTasks/Angular_Project/frontend/node_modules/vite/dist/client/env.mjs 304 [27/Nov/2024:09:21:26 +0000] - 2.967 ms localhost
GET /favicon.ico 304 [27/Nov/2024:09:21:27 +0000] - 2.957 ms localhost
GET /login 200 [27/Nov/2024:09:21:55 +0000] - 11.761 ms localhost
GET / - [27/Nov/2024:09:21:55 +0000] - - ms localhost
GET /@vite/client 304 [27/Nov/2024:09:21:55 +0000] - 5.205 ms localhost
GET /styles.css 200 [27/Nov/2024:09:21:55 +0000] - 11.142 ms localhost
GET /polyfills.js 304 [27/Nov/2024:09:21:55 +0000] - 11.494 ms localhost
GET /main.js 200 [27/Nov/2024:09:21:55 +0000] - 7.979 ms localhost
GET /@fs/C:/Users/USER/Desktop/BroCampTasks/Angular_Project/frontend/node_modules/vite/dist/client/env.mjs 304 [27/Nov/2024:09:21:55 +0000] - 2.614 ms localhost
GET /favicon.ico 304 [27/Nov/2024:09:21:55 +0000] - 6.019 ms localhost
POST /user/login 200 [27/Nov/2024:09:22:01 +0000] - 287.397 ms localhost
POST /user/login 200 [27/Nov/2024:09:22:09 +0000] - 412.044 ms localhost
GET /styles.css 200 [27/Nov/2024:09:22:14 +0000] - 18.339 ms localhost
GET /@fs/C:/Users/USER/Desktop/BroCampTasks/Angular_Project/frontend/.angular/cache/18.2.11/frontend/vite/deps/@angular_platform-browser.js.map 304 [27/Nov/2024:09:22:15 +0000] - 41.841 ms localhost
GET /@fs/C:/Users/USER/Desktop/BroCampTasks/Angular_Project/frontend/.angular/cache/18.2.11/frontend/vite/deps/@angular_common_http.js.map 304 [27/Nov/2024:09:22:15 +0000] - 31.836 ms localhost
GET /@fs/C:/Users/USER/Desktop/BroCampTasks/Angular_Project/frontend/.angular/cache/18.2.11/frontend/vite/deps/@angular_core.js.map 304 [27/Nov/2024:09:22:15 +0000] - 30.396 ms localhost
GET /@fs/C:/Users/USER/Desktop/BroCampTasks/Angular_Project/frontend/.angular/cache/18.2.11/frontend/vite/deps/rxjs.js.map 304 [27/Nov/2024:09:22:15 +0000] - 34.961 ms localhost
GET /@fs/C:/Users/USER/Desktop/BroCampTasks/Angular_Project/frontend/.angular/cache/18.2.11/frontend/vite/deps/chunk-PF6LNL77.js.map 304 [27/Nov/2024:09:22:15 +0000] - 97.218 ms localhost
GET /@fs/C:/Users/USER/Desktop/BroCampTasks/Angular_Project/frontend/.angular/cache/18.2.11/frontend/vite/deps/chunk-PLMZ7O3F.js.map 304 [27/Nov/2024:09:22:15 +0000] - 180.452 ms localhost
GET /@fs/C:/Users/USER/Desktop/BroCampTasks/Angular_Project/frontend/.angular/cache/18.2.11/frontend/vite/deps/chunk-J2M542RS.js.map 304 [27/Nov/2024:09:22:15 +0000] - 186.146 ms localhost
GET /dashboard.component.css.map 200 [27/Nov/2024:09:22:15 +0000] - 14.643 ms localhost
GET /layout.component.css.map 200 [27/Nov/2024:09:22:15 +0000] - 14.800 ms localhost
GET /styles.css.map 200 [27/Nov/2024:09:22:15 +0000] - 254.052 ms localhost
GET /@fs/C:/Users/USER/Desktop/BroCampTasks/Angular_Project/frontend/.angular/cache/18.2.11/frontend/vite/deps/@angular_forms.js.map 304 [27/Nov/2024:09:22:15 +0000] - 395.255 ms localhost
GET /@fs/C:/Users/USER/Desktop/BroCampTasks/Angular_Project/frontend/.angular/cache/18.2.11/frontend/vite/deps/chunk-SD63G7YN.js.map 304 [27/Nov/2024:09:22:15 +0000] - 402.268 ms localhost
GET /@fs/C:/Users/USER/Desktop/BroCampTasks/Angular_Project/frontend/.angular/cache/18.2.11/frontend/vite/deps/@angular_router.js.map 304 [27/Nov/2024:09:22:15 +0000] - 663.961 ms localhost
GET /@fs/C:/Users/USER/Desktop/BroCampTasks/Angular_Project/frontend/.angular/cache/18.2.11/frontend/vite/deps/chunk-FDUYSLZ7.js.map 304 [27/Nov/2024:09:22:15 +0000] - 696.874 ms localhost
GET /user/users 304 [27/Nov/2024:09:22:29 +0000] - 87.586 ms localhost
GET / - [27/Nov/2024:09:25:55 +0000] - - ms localhost
GET /users 200 [27/Nov/2024:09:46:00 +0000] - 254.539 ms localhost
GET /main.js 200 [27/Nov/2024:09:46:01 +0000] - 25.876 ms localhost
GET /styles.css 200 [27/Nov/2024:09:46:01 +0000] - 202.734 ms localhost
GET /polyfills.js 304 [27/Nov/2024:09:46:01 +0000] - 222.233 ms localhost
GET /@vite/client 304 [27/Nov/2024:09:46:01 +0000] - 234.572 ms localhost
GET /@fs/C:/Users/USER/Desktop/BroCampTasks/Angular_Project/frontend/node_modules/vite/dist/client/env.mjs 304 [27/Nov/2024:09:46:01 +0000] - 7.687 ms localhost
GET /styles.css.map 200 [27/Nov/2024:09:46:02 +0000] - 763.330 ms localhost
GET /@fs/C:/Users/USER/Desktop/BroCampTasks/Angular_Project/frontend/.angular/cache/18.2.11/frontend/vite/deps/chunk-SD63G7YN.js.map 304 [27/Nov/2024:09:46:02 +0000] - 178.243 ms localhost
GET /@fs/C:/Users/USER/Desktop/BroCampTasks/Angular_Project/frontend/.angular/cache/18.2.11/frontend/vite/deps/@angular_core.js.map 304 [27/Nov/2024:09:46:02 +0000] - 186.124 ms localhost
GET /@fs/C:/Users/USER/Desktop/BroCampTasks/Angular_Project/frontend/.angular/cache/18.2.11/frontend/vite/deps/chunk-J2M542RS.js.map 304 [27/Nov/2024:09:46:02 +0000] - 196.804 ms localhost
GET /@fs/C:/Users/USER/Desktop/BroCampTasks/Angular_Project/frontend/.angular/cache/18.2.11/frontend/vite/deps/chunk-PLMZ7O3F.js.map 304 [27/Nov/2024:09:46:02 +0000] - 234.813 ms localhost
GET /@fs/C:/Users/USER/Desktop/BroCampTasks/Angular_Project/frontend/.angular/cache/18.2.11/frontend/vite/deps/@angular_forms.js.map 304 [27/Nov/2024:09:46:02 +0000] - 222.927 ms localhost
GET /@fs/C:/Users/USER/Desktop/BroCampTasks/Angular_Project/frontend/.angular/cache/18.2.11/frontend/vite/deps/@angular_router.js.map 304 [27/Nov/2024:09:46:02 +0000] - 306.527 ms localhost
GET /login.component.css.map 200 [27/Nov/2024:09:46:02 +0000] - 17.714 ms localhost
GET /@fs/C:/Users/USER/Desktop/BroCampTasks/Angular_Project/frontend/.angular/cache/18.2.11/frontend/vite/deps/rxjs.js.map 304 [27/Nov/2024:09:46:02 +0000] - 164.808 ms localhost
GET /@fs/C:/Users/USER/Desktop/BroCampTasks/Angular_Project/frontend/.angular/cache/18.2.11/frontend/vite/deps/@angular_platform-browser.js.map 304 [27/Nov/2024:09:46:02 +0000] - 153.838 ms localhost
GET /@fs/C:/Users/USER/Desktop/BroCampTasks/Angular_Project/frontend/.angular/cache/18.2.11/frontend/vite/deps/@angular_common_http.js.map 304 [27/Nov/2024:09:46:02 +0000] - 105.262 ms localhost
GET /@fs/C:/Users/USER/Desktop/BroCampTasks/Angular_Project/frontend/.angular/cache/18.2.11/frontend/vite/deps/chunk-PF6LNL77.js.map 304 [27/Nov/2024:09:46:03 +0000] - 1108.989 ms localhost
GET /favicon.ico 304 [27/Nov/2024:09:46:03 +0000] - 487.029 ms localhost
GET /@fs/C:/Users/USER/Desktop/BroCampTasks/Angular_Project/frontend/.angular/cache/18.2.11/frontend/vite/deps/chunk-FDUYSLZ7.js.map 304 [27/Nov/2024:09:46:03 +0000] - 1243.643 ms localhost
POST /user/login 200 [27/Nov/2024:09:46:08 +0000] - 229.293 ms localhost
GET /layout.component.css.map 200 [27/Nov/2024:09:46:09 +0000] - 7.015 ms localhost
GET /dashboard.component.css.map 200 [27/Nov/2024:09:46:09 +0000] - 6.539 ms localhost
GET /user/users 304 [27/Nov/2024:09:46:12 +0000] - 33.468 ms localhost
GET /users 200 [27/Nov/2024:09:47:58 +0000] - 11.787 ms localhost
GET / - [27/Nov/2024:09:47:58 +0000] - - ms localhost
GET /@vite/client 304 [27/Nov/2024:09:47:58 +0000] - 3.842 ms localhost
GET /styles.css 200 [27/Nov/2024:09:47:58 +0000] - 5.686 ms localhost
GET /polyfills.js 304 [27/Nov/2024:09:47:58 +0000] - 5.569 ms localhost
GET /main.js 304 [27/Nov/2024:09:47:58 +0000] - 4.776 ms localhost
GET /@fs/C:/Users/USER/Desktop/BroCampTasks/Angular_Project/frontend/node_modules/vite/dist/client/env.mjs 304 [27/Nov/2024:09:47:58 +0000] - 2.817 ms localhost
GET /styles.css.map 200 [27/Nov/2024:09:47:58 +0000] - 11.576 ms localhost
GET /@fs/C:/Users/USER/Desktop/BroCampTasks/Angular_Project/frontend/.angular/cache/18.2.11/frontend/vite/deps/@angular_platform-browser.js.map 304 [27/Nov/2024:09:47:59 +0000] - 12.800 ms localhost
GET /@fs/C:/Users/USER/Desktop/BroCampTasks/Angular_Project/frontend/.angular/cache/18.2.11/frontend/vite/deps/chunk-PF6LNL77.js.map 304 [27/Nov/2024:09:47:59 +0000] - 13.858 ms localhost
GET /@fs/C:/Users/USER/Desktop/BroCampTasks/Angular_Project/frontend/.angular/cache/18.2.11/frontend/vite/deps/chunk-SD63G7YN.js.map 304 [27/Nov/2024:09:47:59 +0000] - 24.371 ms localhost
GET /@fs/C:/Users/USER/Desktop/BroCampTasks/Angular_Project/frontend/.angular/cache/18.2.11/frontend/vite/deps/chunk-J2M542RS.js.map 304 [27/Nov/2024:09:47:59 +0000] - 27.625 ms localhost
GET /@fs/C:/Users/USER/Desktop/BroCampTasks/Angular_Project/frontend/.angular/cache/18.2.11/frontend/vite/deps/chunk-PLMZ7O3F.js.map 304 [27/Nov/2024:09:47:59 +0000] - 33.952 ms localhost
GET /@fs/C:/Users/USER/Desktop/BroCampTasks/Angular_Project/frontend/.angular/cache/18.2.11/frontend/vite/deps/chunk-FDUYSLZ7.js.map 304 [27/Nov/2024:09:47:59 +0000] - 367.366 ms localhost
GET /@fs/C:/Users/USER/Desktop/BroCampTasks/Angular_Project/frontend/.angular/cache/18.2.11/frontend/vite/deps/@angular_core.js.map 304 [27/Nov/2024:09:47:59 +0000] - 335.800 ms localhost
GET /@fs/C:/Users/USER/Desktop/BroCampTasks/Angular_Project/frontend/.angular/cache/18.2.11/frontend/vite/deps/@angular_common_http.js.map 304 [27/Nov/2024:09:47:59 +0000] - 470.146 ms localhost
GET /@fs/C:/Users/USER/Desktop/BroCampTasks/Angular_Project/frontend/.angular/cache/18.2.11/frontend/vite/deps/rxjs.js.map 304 [27/Nov/2024:09:47:59 +0000] - 480.993 ms localhost
GET /login.component.css.map 200 [27/Nov/2024:09:47:59 +0000] - 101.690 ms localhost
GET /@fs/C:/Users/USER/Desktop/BroCampTasks/Angular_Project/frontend/.angular/cache/18.2.11/frontend/vite/deps/@angular_forms.js.map 304 [27/Nov/2024:09:47:59 +0000] - 525.093 ms localhost
GET /@fs/C:/Users/USER/Desktop/BroCampTasks/Angular_Project/frontend/.angular/cache/18.2.11/frontend/vite/deps/@angular_router.js.map 304 [27/Nov/2024:09:47:59 +0000] - 533.428 ms localhost
GET /favicon.ico 304 [27/Nov/2024:09:47:59 +0000] - 3.293 ms localhost
POST /user/login 200 [27/Nov/2024:09:48:06 +0000] - 195.753 ms localhost
GET /dashboard.component.css.map 200 [27/Nov/2024:09:48:06 +0000] - 5.092 ms localhost
GET /layout.component.css.map 200 [27/Nov/2024:09:48:06 +0000] - 23.494 ms localhost
GET /user/users 304 [27/Nov/2024:09:48:09 +0000] - 32.307 ms localhost
GET /dashboard.component.css.map 200 [27/Nov/2024:09:48:44 +0000] - 6.507 ms localhost
GET /user/users 304 [27/Nov/2024:09:48:45 +0000] - 57.791 ms localhost
GET / - [27/Nov/2024:09:51:58 +0000] - - ms localhost
GET /users 200 [27/Nov/2024:09:54:12 +0000] - 93.765 ms localhost
GET /@vite/client 304 [27/Nov/2024:09:54:12 +0000] - 14.459 ms localhost
GET /styles.css 200 [27/Nov/2024:09:54:12 +0000] - 10.531 ms localhost
GET /polyfills.js 304 [27/Nov/2024:09:54:12 +0000] - 10.777 ms localhost
GET /main.js 304 [27/Nov/2024:09:54:12 +0000] - 10.625 ms localhost
GET /@fs/C:/Users/USER/Desktop/BroCampTasks/Angular_Project/frontend/node_modules/vite/dist/client/env.mjs 304 [27/Nov/2024:09:54:12 +0000] - 10.425 ms localhost
GET /styles.css.map 200 [27/Nov/2024:09:54:12 +0000] - 27.054 ms localhost
GET /@fs/C:/Users/USER/Desktop/BroCampTasks/Angular_Project/frontend/.angular/cache/18.2.11/frontend/vite/deps/@angular_platform-browser.js.map 304 [27/Nov/2024:09:54:13 +0000] - 23.794 ms localhost
GET /@fs/C:/Users/USER/Desktop/BroCampTasks/Angular_Project/frontend/.angular/cache/18.2.11/frontend/vite/deps/chunk-SD63G7YN.js.map 304 [27/Nov/2024:09:54:13 +0000] - 31.421 ms localhost
GET /@fs/C:/Users/USER/Desktop/BroCampTasks/Angular_Project/frontend/.angular/cache/18.2.11/frontend/vite/deps/chunk-J2M542RS.js.map 304 [27/Nov/2024:09:54:13 +0000] - 44.768 ms localhost
GET /@fs/C:/Users/USER/Desktop/BroCampTasks/Angular_Project/frontend/.angular/cache/18.2.11/frontend/vite/deps/chunk-PLMZ7O3F.js.map 304 [27/Nov/2024:09:54:13 +0000] - 80.088 ms localhost
GET /@fs/C:/Users/USER/Desktop/BroCampTasks/Angular_Project/frontend/.angular/cache/18.2.11/frontend/vite/deps/chunk-PF6LNL77.js.map 304 [27/Nov/2024:09:54:13 +0000] - 105.838 ms localhost
GET /@fs/C:/Users/USER/Desktop/BroCampTasks/Angular_Project/frontend/.angular/cache/18.2.11/frontend/vite/deps/@angular_core.js.map 304 [27/Nov/2024:09:54:13 +0000] - 92.530 ms localhost
GET /@fs/C:/Users/USER/Desktop/BroCampTasks/Angular_Project/frontend/.angular/cache/18.2.11/frontend/vite/deps/@angular_router.js.map 304 [27/Nov/2024:09:54:13 +0000] - 117.131 ms localhost
GET /@fs/C:/Users/USER/Desktop/BroCampTasks/Angular_Project/frontend/.angular/cache/18.2.11/frontend/vite/deps/@angular_common_http.js.map 304 [27/Nov/2024:09:54:13 +0000] - 316.830 ms localhost
GET /@fs/C:/Users/USER/Desktop/BroCampTasks/Angular_Project/frontend/.angular/cache/18.2.11/frontend/vite/deps/chunk-FDUYSLZ7.js.map 304 [27/Nov/2024:09:54:13 +0000] - 729.475 ms localhost
GET /login.component.css.map 200 [27/Nov/2024:09:54:13 +0000] - 508.428 ms localhost
GET /favicon.ico 304 [27/Nov/2024:09:54:13 +0000] - 84.495 ms localhost
GET /@fs/C:/Users/USER/Desktop/BroCampTasks/Angular_Project/frontend/.angular/cache/18.2.11/frontend/vite/deps/rxjs.js.map 304 [27/Nov/2024:09:54:13 +0000] - 638.034 ms localhost
GET /@fs/C:/Users/USER/Desktop/BroCampTasks/Angular_Project/frontend/.angular/cache/18.2.11/frontend/vite/deps/@angular_forms.js.map 304 [27/Nov/2024:09:54:13 +0000] - 687.652 ms localhost
POST /user/login 200 [27/Nov/2024:09:56:07 +0000] - 194.932 ms localhost
GET /layout.component.css.map 200 [27/Nov/2024:09:56:07 +0000] - 7.625 ms localhost
GET /dashboard.component.css.map 200 [27/Nov/2024:09:56:07 +0000] - 7.907 ms localhost
GET /user/users 304 [27/Nov/2024:09:56:10 +0000] - 32.237 ms localhost
GET /users 200 [27/Nov/2024:09:57:57 +0000] - 10.763 ms localhost
GET / - [27/Nov/2024:09:57:57 +0000] - - ms localhost
GET /@vite/client 304 [27/Nov/2024:09:57:57 +0000] - 7.635 ms localhost
GET /styles.css 200 [27/Nov/2024:09:57:57 +0000] - 7.870 ms localhost
GET /polyfills.js 304 [27/Nov/2024:09:57:57 +0000] - 8.899 ms localhost
GET /main.js 200 [27/Nov/2024:09:57:57 +0000] - 11.475 ms localhost
GET /styles.css.map 200 [27/Nov/2024:09:57:57 +0000] - 3.838 ms localhost
GET /@fs/C:/Users/USER/Desktop/BroCampTasks/Angular_Project/frontend/node_modules/vite/dist/client/env.mjs 304 [27/Nov/2024:09:57:57 +0000] - 110.682 ms localhost
GET /@fs/C:/Users/USER/Desktop/BroCampTasks/Angular_Project/frontend/.angular/cache/18.2.11/frontend/vite/deps/@angular_platform-browser.js.map 304 [27/Nov/2024:09:57:58 +0000] - 14.346 ms localhost
GET /@fs/C:/Users/USER/Desktop/BroCampTasks/Angular_Project/frontend/.angular/cache/18.2.11/frontend/vite/deps/chunk-SD63G7YN.js.map 304 [27/Nov/2024:09:57:58 +0000] - 19.854 ms localhost
GET /@fs/C:/Users/USER/Desktop/BroCampTasks/Angular_Project/frontend/.angular/cache/18.2.11/frontend/vite/deps/chunk-J2M542RS.js.map 304 [27/Nov/2024:09:57:58 +0000] - 24.556 ms localhost
GET /@fs/C:/Users/USER/Desktop/BroCampTasks/Angular_Project/frontend/.angular/cache/18.2.11/frontend/vite/deps/chunk-PLMZ7O3F.js.map 304 [27/Nov/2024:09:57:58 +0000] - 29.639 ms localhost
GET /@fs/C:/Users/USER/Desktop/BroCampTasks/Angular_Project/frontend/.angular/cache/18.2.11/frontend/vite/deps/chunk-PF6LNL77.js.map 304 [27/Nov/2024:09:57:58 +0000] - 34.607 ms localhost
GET /@fs/C:/Users/USER/Desktop/BroCampTasks/Angular_Project/frontend/.angular/cache/18.2.11/frontend/vite/deps/chunk-FDUYSLZ7.js.map 304 [27/Nov/2024:09:57:58 +0000] - 198.686 ms localhost
GET /@fs/C:/Users/USER/Desktop/BroCampTasks/Angular_Project/frontend/.angular/cache/18.2.11/frontend/vite/deps/@angular_core.js.map 304 [27/Nov/2024:09:57:58 +0000] - 184.671 ms localhost
GET /@fs/C:/Users/USER/Desktop/BroCampTasks/Angular_Project/frontend/.angular/cache/18.2.11/frontend/vite/deps/@angular_router.js.map 304 [27/Nov/2024:09:57:58 +0000] - 187.451 ms localhost
GET /@fs/C:/Users/USER/Desktop/BroCampTasks/Angular_Project/frontend/.angular/cache/18.2.11/frontend/vite/deps/@angular_common_http.js.map 304 [27/Nov/2024:09:57:58 +0000] - 186.723 ms localhost
GET /@fs/C:/Users/USER/Desktop/BroCampTasks/Angular_Project/frontend/.angular/cache/18.2.11/frontend/vite/deps/@angular_forms.js.map 304 [27/Nov/2024:09:57:58 +0000] - 257.899 ms localhost
GET /@fs/C:/Users/USER/Desktop/BroCampTasks/Angular_Project/frontend/.angular/cache/18.2.11/frontend/vite/deps/rxjs.js.map 304 [27/Nov/2024:09:57:58 +0000] - 253.698 ms localhost
GET /login.component.css.map 200 [27/Nov/2024:09:57:58 +0000] - 2.132 ms localhost
GET /favicon.ico 304 [27/Nov/2024:09:57:59 +0000] - 4.826 ms localhost
POST /user/login 200 [27/Nov/2024:09:58:06 +0000] - 276.479 ms localhost
GET /dashboard.component.css.map 200 [27/Nov/2024:09:58:06 +0000] - 3.480 ms localhost
GET /layout.component.css.map 200 [27/Nov/2024:09:58:06 +0000] - 4.107 ms localhost
GET /user/users 304 [27/Nov/2024:09:58:09 +0000] - 26.732 ms localhost
POST /user/editStatus 200 [27/Nov/2024:09:58:12 +0000] - 40.467 ms localhost
GET /dashboard.component.css.map 200 [27/Nov/2024:09:59:13 +0000] - 4.489 ms localhost
GET /user/users 504 [27/Nov/2024:09:59:14 +0000] - 76.298 ms localhost
GET /users 200 [27/Nov/2024:09:59:20 +0000] - 13.831 ms localhost
GET / - [27/Nov/2024:09:59:20 +0000] - - ms localhost
GET /@vite/client 304 [27/Nov/2024:09:59:20 +0000] - 8.277 ms localhost
GET /styles.css 200 [27/Nov/2024:09:59:20 +0000] - 5.570 ms localhost
GET /polyfills.js 304 [27/Nov/2024:09:59:20 +0000] - 9.901 ms localhost
GET /main.js 304 [27/Nov/2024:09:59:20 +0000] - 10.404 ms localhost
GET /styles.css.map 200 [27/Nov/2024:09:59:20 +0000] - 3.621 ms localhost
GET /@fs/C:/Users/USER/Desktop/BroCampTasks/Angular_Project/frontend/node_modules/vite/dist/client/env.mjs 304 [27/Nov/2024:09:59:20 +0000] - 9.687 ms localhost
GET /@fs/C:/Users/USER/Desktop/BroCampTasks/Angular_Project/frontend/.angular/cache/18.2.11/frontend/vite/deps/@angular_platform-browser.js.map 304 [27/Nov/2024:09:59:21 +0000] - 3.939 ms localhost
GET /@fs/C:/Users/USER/Desktop/BroCampTasks/Angular_Project/frontend/.angular/cache/18.2.11/frontend/vite/deps/chunk-SD63G7YN.js.map 304 [27/Nov/2024:09:59:21 +0000] - 7.393 ms localhost
GET /@fs/C:/Users/USER/Desktop/BroCampTasks/Angular_Project/frontend/.angular/cache/18.2.11/frontend/vite/deps/chunk-J2M542RS.js.map 304 [27/Nov/2024:09:59:21 +0000] - 11.351 ms localhost
GET /@fs/C:/Users/USER/Desktop/BroCampTasks/Angular_Project/frontend/.angular/cache/18.2.11/frontend/vite/deps/chunk-PLMZ7O3F.js.map 304 [27/Nov/2024:09:59:21 +0000] - 27.922 ms localhost
GET /@fs/C:/Users/USER/Desktop/BroCampTasks/Angular_Project/frontend/.angular/cache/18.2.11/frontend/vite/deps/@angular_core.js.map 304 [27/Nov/2024:09:59:21 +0000] - 21.872 ms localhost
GET /@fs/C:/Users/USER/Desktop/BroCampTasks/Angular_Project/frontend/.angular/cache/18.2.11/frontend/vite/deps/chunk-PF6LNL77.js.map 304 [27/Nov/2024:09:59:21 +0000] - 28.747 ms localhost
GET /@fs/C:/Users/USER/Desktop/BroCampTasks/Angular_Project/frontend/.angular/cache/18.2.11/frontend/vite/deps/@angular_common_http.js.map 304 [27/Nov/2024:09:59:21 +0000] - 39.587 ms localhost
GET /@fs/C:/Users/USER/Desktop/BroCampTasks/Angular_Project/frontend/.angular/cache/18.2.11/frontend/vite/deps/chunk-FDUYSLZ7.js.map 304 [27/Nov/2024:09:59:21 +0000] - 175.741 ms localhost
GET /@fs/C:/Users/USER/Desktop/BroCampTasks/Angular_Project/frontend/.angular/cache/18.2.11/frontend/vite/deps/@angular_router.js.map 304 [27/Nov/2024:09:59:21 +0000] - 175.741 ms localhost
GET /@fs/C:/Users/USER/Desktop/BroCampTasks/Angular_Project/frontend/.angular/cache/18.2.11/frontend/vite/deps/@angular_forms.js.map 304 [27/Nov/2024:09:59:21 +0000] - 223.418 ms localhost
GET /login.component.css.map 200 [27/Nov/2024:09:59:21 +0000] - 97.776 ms localhost
GET /@fs/C:/Users/USER/Desktop/BroCampTasks/Angular_Project/frontend/.angular/cache/18.2.11/frontend/vite/deps/rxjs.js.map 304 [27/Nov/2024:09:59:21 +0000] - 127.855 ms localhost
GET /favicon.ico 304 [27/Nov/2024:09:59:22 +0000] - 4.152 ms localhost
POST /user/login 200 [27/Nov/2024:09:59:32 +0000] - 246.183 ms localhost
GET /dashboard.component.css.map 200 [27/Nov/2024:09:59:32 +0000] - 18.965 ms localhost
GET /layout.component.css.map 200 [27/Nov/2024:09:59:32 +0000] - 6.752 ms localhost
GET /user/users 200 [27/Nov/2024:09:59:35 +0000] - 34.301 ms localhost
POST /user/editStatus 200 [27/Nov/2024:09:59:37 +0000] - 21.633 ms localhost
GET /dashboard.component.css.map 200 [27/Nov/2024:10:01:19 +0000] - 4.321 ms localhost
GET /user/users 401 [27/Nov/2024:10:01:20 +0000] - 40.633 ms localhost
GET /user/refreshToken 304 [27/Nov/2024:10:01:20 +0000] - 14.214 ms localhost
GET /user/users 304 [27/Nov/2024:10:01:20 +0000] - 62.100 ms localhost
POST /user/editStatus 200 [27/Nov/2024:10:01:23 +0000] - 29.686 ms localhost
GET /users 200 [27/Nov/2024:10:01:28 +0000] - 13.051 ms localhost
GET / - [27/Nov/2024:10:01:28 +0000] - - ms localhost
GET /@vite/client 304 [27/Nov/2024:10:01:28 +0000] - 5.109 ms localhost
GET /styles.css 200 [27/Nov/2024:10:01:28 +0000] - 5.085 ms localhost
GET /polyfills.js 304 [27/Nov/2024:10:01:28 +0000] - 3.725 ms localhost
GET /main.js 200 [27/Nov/2024:10:01:28 +0000] - 5.973 ms localhost
GET /styles.css.map 200 [27/Nov/2024:10:01:28 +0000] - 8.673 ms localhost
GET /@fs/C:/Users/USER/Desktop/BroCampTasks/Angular_Project/frontend/node_modules/vite/dist/client/env.mjs 304 [27/Nov/2024:10:01:28 +0000] - 7.355 ms localhost
GET /@fs/C:/Users/USER/Desktop/BroCampTasks/Angular_Project/frontend/.angular/cache/18.2.11/frontend/vite/deps/@angular_platform-browser.js.map 304 [27/Nov/2024:10:01:28 +0000] - 11.099 ms localhost
GET /@fs/C:/Users/USER/Desktop/BroCampTasks/Angular_Project/frontend/.angular/cache/18.2.11/frontend/vite/deps/chunk-SD63G7YN.js.map 304 [27/Nov/2024:10:01:28 +0000] - 16.956 ms localhost
GET /@fs/C:/Users/USER/Desktop/BroCampTasks/Angular_Project/frontend/.angular/cache/18.2.11/frontend/vite/deps/chunk-J2M542RS.js.map 304 [27/Nov/2024:10:01:28 +0000] - 21.927 ms localhost
GET /@fs/C:/Users/USER/Desktop/BroCampTasks/Angular_Project/frontend/.angular/cache/18.2.11/frontend/vite/deps/chunk-PLMZ7O3F.js.map 304 [27/Nov/2024:10:01:28 +0000] - 28.834 ms localhost
GET /@fs/C:/Users/USER/Desktop/BroCampTasks/Angular_Project/frontend/.angular/cache/18.2.11/frontend/vite/deps/chunk-PF6LNL77.js.map 304 [27/Nov/2024:10:01:28 +0000] - 36.455 ms localhost
GET /@fs/C:/Users/USER/Desktop/BroCampTasks/Angular_Project/frontend/.angular/cache/18.2.11/frontend/vite/deps/chunk-FDUYSLZ7.js.map 304 [27/Nov/2024:10:01:29 +0000] - 279.215 ms localhost
GET /@fs/C:/Users/USER/Desktop/BroCampTasks/Angular_Project/frontend/.angular/cache/18.2.11/frontend/vite/deps/@angular_core.js.map 304 [27/Nov/2024:10:01:29 +0000] - 265.670 ms localhost
GET /@fs/C:/Users/USER/Desktop/BroCampTasks/Angular_Project/frontend/.angular/cache/18.2.11/frontend/vite/deps/@angular_common_http.js.map 304 [27/Nov/2024:10:01:29 +0000] - 266.054 ms localhost
GET /@fs/C:/Users/USER/Desktop/BroCampTasks/Angular_Project/frontend/.angular/cache/18.2.11/frontend/vite/deps/rxjs.js.map 304 [27/Nov/2024:10:01:29 +0000] - 182.592 ms localhost
GET /@fs/C:/Users/USER/Desktop/BroCampTasks/Angular_Project/frontend/.angular/cache/18.2.11/frontend/vite/deps/@angular_router.js.map 304 [27/Nov/2024:10:01:29 +0000] - 303.626 ms localhost
GET /@fs/C:/Users/USER/Desktop/BroCampTasks/Angular_Project/frontend/.angular/cache/18.2.11/frontend/vite/deps/@angular_forms.js.map 304 [27/Nov/2024:10:01:29 +0000] - 313.402 ms localhost
GET /login.component.css.map 200 [27/Nov/2024:10:01:29 +0000] - 37.424 ms localhost
GET /favicon.ico 304 [27/Nov/2024:10:01:29 +0000] - 2.751 ms localhost
POST /user/login 200 [27/Nov/2024:10:01:39 +0000] - 142.900 ms localhost
GET /dashboard.component.css.map 200 [27/Nov/2024:10:01:39 +0000] - 3.840 ms localhost
GET /layout.component.css.map 200 [27/Nov/2024:10:01:39 +0000] - 6.931 ms localhost
GET /user/users 304 [27/Nov/2024:10:01:42 +0000] - 20.213 ms localhost
POST /user/editStatus 200 [27/Nov/2024:10:02:17 +0000] - 32.352 ms localhost
GET / - [27/Nov/2024:10:05:28 +0000] - - ms localhost
GET /users 200 [27/Nov/2024:10:05:35 +0000] - 20.622 ms localhost
GET /@vite/client 304 [27/Nov/2024:10:05:36 +0000] - 2.875 ms localhost
GET /styles.css 200 [27/Nov/2024:10:05:36 +0000] - 4.954 ms localhost
GET /polyfills.js 304 [27/Nov/2024:10:05:36 +0000] - 3.681 ms localhost
GET /main.js 200 [27/Nov/2024:10:05:36 +0000] - 7.651 ms localhost
GET /@fs/C:/Users/USER/Desktop/BroCampTasks/Angular_Project/frontend/node_modules/vite/dist/client/env.mjs 304 [27/Nov/2024:10:05:36 +0000] - 3.263 ms localhost
GET /styles.css.map 200 [27/Nov/2024:10:05:36 +0000] - 8.915 ms localhost
GET /@fs/C:/Users/USER/Desktop/BroCampTasks/Angular_Project/frontend/.angular/cache/18.2.11/frontend/vite/deps/@angular_platform-browser.js.map 304 [27/Nov/2024:10:05:36 +0000] - 14.097 ms localhost
GET /@fs/C:/Users/USER/Desktop/BroCampTasks/Angular_Project/frontend/.angular/cache/18.2.11/frontend/vite/deps/chunk-SD63G7YN.js.map 304 [27/Nov/2024:10:05:36 +0000] - 22.957 ms localhost
GET /@fs/C:/Users/USER/Desktop/BroCampTasks/Angular_Project/frontend/.angular/cache/18.2.11/frontend/vite/deps/chunk-J2M542RS.js.map 304 [27/Nov/2024:10:05:36 +0000] - 37.913 ms localhost
GET /@fs/C:/Users/USER/Desktop/BroCampTasks/Angular_Project/frontend/.angular/cache/18.2.11/frontend/vite/deps/chunk-PLMZ7O3F.js.map 304 [27/Nov/2024:10:05:37 +0000] - 473.126 ms localhost
GET /@fs/C:/Users/USER/Desktop/BroCampTasks/Angular_Project/frontend/.angular/cache/18.2.11/frontend/vite/deps/chunk-FDUYSLZ7.js.map 304 [27/Nov/2024:10:05:37 +0000] - 701.485 ms localhost
GET /@fs/C:/Users/USER/Desktop/BroCampTasks/Angular_Project/frontend/.angular/cache/18.2.11/frontend/vite/deps/chunk-PF6LNL77.js.map 304 [27/Nov/2024:10:05:37 +0000] - 607.396 ms localhost
GET /@fs/C:/Users/USER/Desktop/BroCampTasks/Angular_Project/frontend/.angular/cache/18.2.11/frontend/vite/deps/@angular_core.js.map 304 [27/Nov/2024:10:05:37 +0000] - 364.159 ms localhost
GET /@fs/C:/Users/USER/Desktop/BroCampTasks/Angular_Project/frontend/.angular/cache/18.2.11/frontend/vite/deps/@angular_common_http.js.map 304 [27/Nov/2024:10:05:37 +0000] - 326.414 ms localhost
GET /@fs/C:/Users/USER/Desktop/BroCampTasks/Angular_Project/frontend/.angular/cache/18.2.11/frontend/vite/deps/@angular_router.js.map 304 [27/Nov/2024:10:05:37 +0000] - 335.246 ms localhost
GET /login.component.css.map 200 [27/Nov/2024:10:05:37 +0000] - 62.618 ms localhost
GET /@fs/C:/Users/USER/Desktop/BroCampTasks/Angular_Project/frontend/.angular/cache/18.2.11/frontend/vite/deps/rxjs.js.map 304 [27/Nov/2024:10:05:37 +0000] - 134.196 ms localhost
GET /@fs/C:/Users/USER/Desktop/BroCampTasks/Angular_Project/frontend/.angular/cache/18.2.11/frontend/vite/deps/@angular_forms.js.map 304 [27/Nov/2024:10:05:37 +0000] - 372.349 ms localhost
GET /favicon.ico 304 [27/Nov/2024:10:05:37 +0000] - 68.837 ms localhost
POST /user/login 200 [27/Nov/2024:10:05:49 +0000] - 124.268 ms localhost
GET /layout.component.css.map 200 [27/Nov/2024:10:05:49 +0000] - 6.042 ms localhost
GET /dashboard.component.css.map 200 [27/Nov/2024:10:05:49 +0000] - 6.167 ms localhost
GET /user/users 304 [27/Nov/2024:10:05:51 +0000] - 20.410 ms localhost
POST /user/editStatus 200 [27/Nov/2024:10:06:03 +0000] - 76.643 ms localhost
GET /users 200 [27/Nov/2024:10:06:54 +0000] - 35.311 ms localhost
GET / - [27/Nov/2024:10:06:54 +0000] - - ms localhost
GET /@vite/client 304 [27/Nov/2024:10:06:54 +0000] - 6.339 ms localhost
GET /styles.css 200 [27/Nov/2024:10:06:54 +0000] - 5.709 ms localhost
GET /polyfills.js 304 [27/Nov/2024:10:06:54 +0000] - 10.086 ms localhost
GET /main.js 304 [27/Nov/2024:10:06:54 +0000] - 10.052 ms localhost
GET /styles.css.map 200 [27/Nov/2024:10:06:54 +0000] - 10.949 ms localhost
GET /@fs/C:/Users/USER/Desktop/BroCampTasks/Angular_Project/frontend/node_modules/vite/dist/client/env.mjs 304 [27/Nov/2024:10:06:54 +0000] - 6.939 ms localhost
GET /@fs/C:/Users/USER/Desktop/BroCampTasks/Angular_Project/frontend/.angular/cache/18.2.11/frontend/vite/deps/@angular_platform-browser.js.map 304 [27/Nov/2024:10:06:54 +0000] - 58.384 ms localhost
GET /@fs/C:/Users/USER/Desktop/BroCampTasks/Angular_Project/frontend/.angular/cache/18.2.11/frontend/vite/deps/chunk-J2M542RS.js.map 304 [27/Nov/2024:10:06:54 +0000] - 61.889 ms localhost
GET /@fs/C:/Users/USER/Desktop/BroCampTasks/Angular_Project/frontend/.angular/cache/18.2.11/frontend/vite/deps/chunk-SD63G7YN.js.map 304 [27/Nov/2024:10:06:54 +0000] - 65.695 ms localhost
GET /@fs/C:/Users/USER/Desktop/BroCampTasks/Angular_Project/frontend/.angular/cache/18.2.11/frontend/vite/deps/chunk-PLMZ7O3F.js.map 304 [27/Nov/2024:10:06:54 +0000] - 156.011 ms localhost
GET /@fs/C:/Users/USER/Desktop/BroCampTasks/Angular_Project/frontend/.angular/cache/18.2.11/frontend/vite/deps/chunk-PF6LNL77.js.map 304 [27/Nov/2024:10:06:54 +0000] - 158.118 ms localhost
GET /@fs/C:/Users/USER/Desktop/BroCampTasks/Angular_Project/frontend/.angular/cache/18.2.11/frontend/vite/deps/chunk-FDUYSLZ7.js.map 304 [27/Nov/2024:10:06:55 +0000] - 423.795 ms localhost
GET /@fs/C:/Users/USER/Desktop/BroCampTasks/Angular_Project/frontend/.angular/cache/18.2.11/frontend/vite/deps/@angular_core.js.map 304 [27/Nov/2024:10:06:55 +0000] - 371.386 ms localhost
GET /@fs/C:/Users/USER/Desktop/BroCampTasks/Angular_Project/frontend/.angular/cache/18.2.11/frontend/vite/deps/@angular_common_http.js.map 304 [27/Nov/2024:10:06:55 +0000] - 370.811 ms localhost
GET /login.component.css.map 200 [27/Nov/2024:10:06:55 +0000] - 10.113 ms localhost
GET /@fs/C:/Users/USER/Desktop/BroCampTasks/Angular_Project/frontend/.angular/cache/18.2.11/frontend/vite/deps/@angular_router.js.map 304 [27/Nov/2024:10:06:55 +0000] - 406.639 ms localhost
GET /@fs/C:/Users/USER/Desktop/BroCampTasks/Angular_Project/frontend/.angular/cache/18.2.11/frontend/vite/deps/@angular_forms.js.map 304 [27/Nov/2024:10:06:55 +0000] - 678.802 ms localhost
GET /@fs/C:/Users/USER/Desktop/BroCampTasks/Angular_Project/frontend/.angular/cache/18.2.11/frontend/vite/deps/rxjs.js.map 304 [27/Nov/2024:10:06:55 +0000] - 659.709 ms localhost
GET /favicon.ico 304 [27/Nov/2024:10:06:55 +0000] - 4.418 ms localhost
POST /user/login 200 [27/Nov/2024:10:07:03 +0000] - 275.504 ms localhost
GET /layout.component.css.map 200 [27/Nov/2024:10:07:03 +0000] - 4.670 ms localhost
GET /dashboard.component.css.map 200 [27/Nov/2024:10:07:03 +0000] - 8.298 ms localhost
GET /user/users 200 [27/Nov/2024:10:07:06 +0000] - 30.836 ms localhost
POST /user/editStatus 200 [27/Nov/2024:10:07:12 +0000] - 80.734 ms localhost
GET / - [27/Nov/2024:10:10:54 +0000] - - ms localhost
GET /users 200 [27/Nov/2024:10:56:59 +0000] - 171.880 ms localhost
GET /@vite/client 304 [27/Nov/2024:10:56:59 +0000] - 17.081 ms localhost
GET /styles.css 200 [27/Nov/2024:10:57:00 +0000] - 16.495 ms localhost
GET /main.js 304 [27/Nov/2024:10:57:00 +0000] - 46.563 ms localhost
GET /polyfills.js 304 [27/Nov/2024:10:57:00 +0000] - 96.474 ms localhost
GET /@fs/C:/Users/USER/Desktop/BroCampTasks/Angular_Project/frontend/node_modules/vite/dist/client/env.mjs 304 [27/Nov/2024:10:57:00 +0000] - 7.729 ms localhost
GET /styles.css.map 200 [27/Nov/2024:10:57:00 +0000] - 8.786 ms localhost
GET /@fs/C:/Users/USER/Desktop/BroCampTasks/Angular_Project/frontend/.angular/cache/18.2.11/frontend/vite/deps/chunk-SD63G7YN.js.map 304 [27/Nov/2024:10:57:00 +0000] - 211.999 ms localhost
GET /@fs/C:/Users/USER/Desktop/BroCampTasks/Angular_Project/frontend/.angular/cache/18.2.11/frontend/vite/deps/chunk-PF6LNL77.js.map 304 [27/Nov/2024:10:57:00 +0000] - 211.631 ms localhost
GET /@fs/C:/Users/USER/Desktop/BroCampTasks/Angular_Project/frontend/.angular/cache/18.2.11/frontend/vite/deps/@angular_forms.js.map 304 [27/Nov/2024:10:57:01 +0000] - 287.191 ms localhost
GET /@fs/C:/Users/USER/Desktop/BroCampTasks/Angular_Project/frontend/.angular/cache/18.2.11/frontend/vite/deps/chunk-J2M542RS.js.map 304 [27/Nov/2024:10:57:01 +0000] - 308.564 ms localhost
GET /@fs/C:/Users/USER/Desktop/BroCampTasks/Angular_Project/frontend/.angular/cache/18.2.11/frontend/vite/deps/@angular_platform-browser.js.map 304 [27/Nov/2024:10:57:01 +0000] - 406.823 ms localhost
GET /@fs/C:/Users/USER/Desktop/BroCampTasks/Angular_Project/frontend/.angular/cache/18.2.11/frontend/vite/deps/@angular_router.js.map 304 [27/Nov/2024:10:57:01 +0000] - 351.668 ms localhost
GET /login.component.css.map 200 [27/Nov/2024:10:57:01 +0000] - 4.393 ms localhost
GET /@fs/C:/Users/USER/Desktop/BroCampTasks/Angular_Project/frontend/.angular/cache/18.2.11/frontend/vite/deps/@angular_core.js.map 304 [27/Nov/2024:10:57:01 +0000] - 29.694 ms localhost
GET /@fs/C:/Users/USER/Desktop/BroCampTasks/Angular_Project/frontend/.angular/cache/18.2.11/frontend/vite/deps/rxjs.js.map 304 [27/Nov/2024:10:57:01 +0000] - 39.312 ms localhost
GET /@fs/C:/Users/USER/Desktop/BroCampTasks/Angular_Project/frontend/.angular/cache/18.2.11/frontend/vite/deps/@angular_common_http.js.map 304 [27/Nov/2024:10:57:01 +0000] - 98.413 ms localhost
GET /@fs/C:/Users/USER/Desktop/BroCampTasks/Angular_Project/frontend/.angular/cache/18.2.11/frontend/vite/deps/chunk-PLMZ7O3F.js.map 304 [27/Nov/2024:10:57:01 +0000] - 227.520 ms localhost
GET /@fs/C:/Users/USER/Desktop/BroCampTasks/Angular_Project/frontend/.angular/cache/18.2.11/frontend/vite/deps/chunk-FDUYSLZ7.js.map 304 [27/Nov/2024:10:57:01 +0000] - 602.667 ms localhost
GET /favicon.ico 304 [27/Nov/2024:10:57:01 +0000] - 193.840 ms localhost
GET / - [27/Nov/2024:11:01:00 +0000] - - ms localhost
GET /login 200 [27/Nov/2024:11:19:27 +0000] - 259.623 ms localhost
GET /styles.css 200 [27/Nov/2024:11:19:27 +0000] - 83.471 ms localhost
GET /main.js 304 [27/Nov/2024:11:19:27 +0000] - 85.597 ms localhost
GET /polyfills.js 304 [27/Nov/2024:11:19:27 +0000] - 85.357 ms localhost
GET /@vite/client 304 [27/Nov/2024:11:19:27 +0000] - 101.053 ms localhost
GET /@fs/C:/Users/USER/Desktop/BroCampTasks/Angular_Project/frontend/node_modules/vite/dist/client/env.mjs 304 [27/Nov/2024:11:19:28 +0000] - 10.632 ms localhost
GET /styles.css.map 200 [27/Nov/2024:11:19:28 +0000] - 8.265 ms localhost
GET /@fs/C:/Users/USER/Desktop/BroCampTasks/Angular_Project/frontend/.angular/cache/18.2.11/frontend/vite/deps/@angular_platform-browser.js.map 304 [27/Nov/2024:11:19:28 +0000] - 85.336 ms localhost
GET /@fs/C:/Users/USER/Desktop/BroCampTasks/Angular_Project/frontend/.angular/cache/18.2.11/frontend/vite/deps/chunk-SD63G7YN.js.map 304 [27/Nov/2024:11:19:28 +0000] - 88.975 ms localhost
GET /@fs/C:/Users/USER/Desktop/BroCampTasks/Angular_Project/frontend/.angular/cache/18.2.11/frontend/vite/deps/chunk-J2M542RS.js.map 304 [27/Nov/2024:11:19:28 +0000] - 218.623 ms localhost
GET /@fs/C:/Users/USER/Desktop/BroCampTasks/Angular_Project/frontend/.angular/cache/18.2.11/frontend/vite/deps/chunk-PF6LNL77.js.map 304 [27/Nov/2024:11:19:28 +0000] - 251.918 ms localhost
GET /@fs/C:/Users/USER/Desktop/BroCampTasks/Angular_Project/frontend/.angular/cache/18.2.11/frontend/vite/deps/chunk-PLMZ7O3F.js.map 304 [27/Nov/2024:11:19:28 +0000] - 344.185 ms localhost
GET /@fs/C:/Users/USER/Desktop/BroCampTasks/Angular_Project/frontend/.angular/cache/18.2.11/frontend/vite/deps/chunk-FDUYSLZ7.js.map 304 [27/Nov/2024:11:19:30 +0000] - 2279.822 ms localhost
GET /@fs/C:/Users/USER/Desktop/BroCampTasks/Angular_Project/frontend/.angular/cache/18.2.11/frontend/vite/deps/@angular_core.js.map 304 [27/Nov/2024:11:19:30 +0000] - 2164.630 ms localhost
GET /@fs/C:/Users/USER/Desktop/BroCampTasks/Angular_Project/frontend/.angular/cache/18.2.11/frontend/vite/deps/@angular_common_http.js.map 304 [27/Nov/2024:11:19:30 +0000] - 1993.601 ms localhost
GET /@fs/C:/Users/USER/Desktop/BroCampTasks/Angular_Project/frontend/.angular/cache/18.2.11/frontend/vite/deps/@angular_forms.js.map 304 [27/Nov/2024:11:19:30 +0000] - 2057.086 ms localhost
GET /@fs/C:/Users/USER/Desktop/BroCampTasks/Angular_Project/frontend/.angular/cache/18.2.11/frontend/vite/deps/@angular_router.js.map 304 [27/Nov/2024:11:19:30 +0000] - 2270.724 ms localhost
GET /favicon.ico 304 [27/Nov/2024:11:19:30 +0000] - 115.210 ms localhost
GET /login.component.css.map 200 [27/Nov/2024:11:19:30 +0000] - 114.246 ms localhost
GET /@fs/C:/Users/USER/Desktop/BroCampTasks/Angular_Project/frontend/.angular/cache/18.2.11/frontend/vite/deps/rxjs.js.map 304 [27/Nov/2024:11:19:30 +0000] - 1734.113 ms localhost
POST /user/login 200 [27/Nov/2024:11:19:37 +0000] - 893.385 ms localhost
GET /layout.component.css.map 200 [27/Nov/2024:11:19:37 +0000] - 58.915 ms localhost
GET /dashboard.component.css.map 200 [27/Nov/2024:11:19:37 +0000] - 59.567 ms localhost
GET /user/users 200 [27/Nov/2024:11:19:42 +0000] - 53.099 ms localhost
POST /user/editStatus 200 [27/Nov/2024:11:19:47 +0000] - 138.300 ms localhost
GET / - [27/Nov/2024:11:23:28 +0000] - - ms localhost
POST /user/editStatus 401 [27/Nov/2024:12:12:04 +0000] - 155.481 ms localhost
GET /user/refreshToken 304 [27/Nov/2024:12:12:04 +0000] - 13.014 ms localhost
POST /user/editStatus 200 [27/Nov/2024:12:12:04 +0000] - 67.395 ms localhost
GET /users 200 [27/Nov/2024:12:12:11 +0000] - 71.765 ms localhost
GET /@vite/client 304 [27/Nov/2024:12:12:11 +0000] - 8.779 ms localhost
GET /styles.css 200 [27/Nov/2024:12:12:11 +0000] - 9.630 ms localhost
GET /polyfills.js 304 [27/Nov/2024:12:12:11 +0000] - 11.362 ms localhost
GET /main.js 304 [27/Nov/2024:12:12:11 +0000] - 20.194 ms localhost
GET /@fs/C:/Users/USER/Desktop/BroCampTasks/Angular_Project/frontend/node_modules/vite/dist/client/env.mjs 304 [27/Nov/2024:12:12:11 +0000] - 3.808 ms localhost
GET /styles.css.map 200 [27/Nov/2024:12:12:12 +0000] - 5.967 ms localhost
GET /@fs/C:/Users/USER/Desktop/BroCampTasks/Angular_Project/frontend/.angular/cache/18.2.11/frontend/vite/deps/@angular_platform-browser.js.map 304 [27/Nov/2024:12:12:12 +0000] - 25.011 ms localhost
GET /@fs/C:/Users/USER/Desktop/BroCampTasks/Angular_Project/frontend/.angular/cache/18.2.11/frontend/vite/deps/rxjs.js.map 304 [27/Nov/2024:12:12:12 +0000] - 23.365 ms localhost
GET /@fs/C:/Users/USER/Desktop/BroCampTasks/Angular_Project/frontend/.angular/cache/18.2.11/frontend/vite/deps/@angular_forms.js.map 304 [27/Nov/2024:12:12:12 +0000] - 42.715 ms localhost
GET /@fs/C:/Users/USER/Desktop/BroCampTasks/Angular_Project/frontend/.angular/cache/18.2.11/frontend/vite/deps/@angular_router.js.map 304 [27/Nov/2024:12:12:12 +0000] - 56.499 ms localhost
GET /@fs/C:/Users/USER/Desktop/BroCampTasks/Angular_Project/frontend/.angular/cache/18.2.11/frontend/vite/deps/chunk-PLMZ7O3F.js.map 304 [27/Nov/2024:12:12:12 +0000] - 72.004 ms localhost
GET /@fs/C:/Users/USER/Desktop/BroCampTasks/Angular_Project/frontend/.angular/cache/18.2.11/frontend/vite/deps/chunk-PF6LNL77.js.map 304 [27/Nov/2024:12:12:12 +0000] - 87.197 ms localhost
GET /login.component.css.map 200 [27/Nov/2024:12:12:12 +0000] - 107.660 ms localhost
GET /@fs/C:/Users/USER/Desktop/BroCampTasks/Angular_Project/frontend/.angular/cache/18.2.11/frontend/vite/deps/chunk-J2M542RS.js.map 304 [27/Nov/2024:12:12:12 +0000] - 631.893 ms localhost
GET /@fs/C:/Users/USER/Desktop/BroCampTasks/Angular_Project/frontend/.angular/cache/18.2.11/frontend/vite/deps/chunk-SD63G7YN.js.map 304 [27/Nov/2024:12:12:12 +0000] - 619.809 ms localhost
GET /favicon.ico 304 [27/Nov/2024:12:12:12 +0000] - 20.421 ms localhost
GET /@fs/C:/Users/USER/Desktop/BroCampTasks/Angular_Project/frontend/.angular/cache/18.2.11/frontend/vite/deps/@angular_core.js.map 304 [27/Nov/2024:12:12:12 +0000] - 582.451 ms localhost
GET /@fs/C:/Users/USER/Desktop/BroCampTasks/Angular_Project/frontend/.angular/cache/18.2.11/frontend/vite/deps/@angular_common_http.js.map 304 [27/Nov/2024:12:12:12 +0000] - 586.050 ms localhost
GET /@fs/C:/Users/USER/Desktop/BroCampTasks/Angular_Project/frontend/.angular/cache/18.2.11/frontend/vite/deps/chunk-FDUYSLZ7.js.map 304 [27/Nov/2024:12:12:13 +0000] - 693.233 ms localhost
GET /login 200 [27/Nov/2024:12:12:54 +0000] - 9.191 ms localhost
GET / - [27/Nov/2024:12:12:54 +0000] - - ms localhost
GET /@vite/client 304 [27/Nov/2024:12:12:54 +0000] - 3.271 ms localhost
GET /styles.css 200 [27/Nov/2024:12:12:54 +0000] - 3.612 ms localhost
GET /polyfills.js 304 [27/Nov/2024:12:12:54 +0000] - 6.479 ms localhost
GET /main.js 304 [27/Nov/2024:12:12:54 +0000] - 6.634 ms localhost
GET /@fs/C:/Users/USER/Desktop/BroCampTasks/Angular_Project/frontend/node_modules/vite/dist/client/env.mjs 304 [27/Nov/2024:12:12:54 +0000] - 6.592 ms localhost
GET /styles.css.map 200 [27/Nov/2024:12:12:54 +0000] - 5.997 ms localhost
GET /@fs/C:/Users/USER/Desktop/BroCampTasks/Angular_Project/frontend/.angular/cache/18.2.11/frontend/vite/deps/@angular_platform-browser.js.map 304 [27/Nov/2024:12:12:54 +0000] - 23.158 ms localhost
GET /@fs/C:/Users/USER/Desktop/BroCampTasks/Angular_Project/frontend/.angular/cache/18.2.11/frontend/vite/deps/chunk-SD63G7YN.js.map 304 [27/Nov/2024:12:12:54 +0000] - 24.532 ms localhost
GET /@fs/C:/Users/USER/Desktop/BroCampTasks/Angular_Project/frontend/.angular/cache/18.2.11/frontend/vite/deps/chunk-J2M542RS.js.map 304 [27/Nov/2024:12:12:54 +0000] - 29.730 ms localhost
GET /@fs/C:/Users/USER/Desktop/BroCampTasks/Angular_Project/frontend/.angular/cache/18.2.11/frontend/vite/deps/chunk-PLMZ7O3F.js.map 304 [27/Nov/2024:12:12:54 +0000] - 38.674 ms localhost
GET /@fs/C:/Users/USER/Desktop/BroCampTasks/Angular_Project/frontend/.angular/cache/18.2.11/frontend/vite/deps/chunk-PF6LNL77.js.map 304 [27/Nov/2024:12:12:54 +0000] - 45.340 ms localhost
GET /@fs/C:/Users/USER/Desktop/BroCampTasks/Angular_Project/frontend/.angular/cache/18.2.11/frontend/vite/deps/chunk-FDUYSLZ7.js.map 304 [27/Nov/2024:12:12:54 +0000] - 141.685 ms localhost
GET /@fs/C:/Users/USER/Desktop/BroCampTasks/Angular_Project/frontend/.angular/cache/18.2.11/frontend/vite/deps/@angular_core.js.map 304 [27/Nov/2024:12:12:54 +0000] - 119.090 ms localhost
GET /@fs/C:/Users/USER/Desktop/BroCampTasks/Angular_Project/frontend/.angular/cache/18.2.11/frontend/vite/deps/@angular_router.js.map 304 [27/Nov/2024:12:12:54 +0000] - 118.483 ms localhost
GET /@fs/C:/Users/USER/Desktop/BroCampTasks/Angular_Project/frontend/.angular/cache/18.2.11/frontend/vite/deps/@angular_common_http.js.map 304 [27/Nov/2024:12:12:54 +0000] - 121.438 ms localhost
GET /@fs/C:/Users/USER/Desktop/BroCampTasks/Angular_Project/frontend/.angular/cache/18.2.11/frontend/vite/deps/@angular_forms.js.map 304 [27/Nov/2024:12:12:54 +0000] - 231.900 ms localhost
GET /@fs/C:/Users/USER/Desktop/BroCampTasks/Angular_Project/frontend/.angular/cache/18.2.11/frontend/vite/deps/rxjs.js.map 304 [27/Nov/2024:12:12:54 +0000] - 235.933 ms localhost
GET /login.component.css.map 200 [27/Nov/2024:12:12:54 +0000] - 2.856 ms localhost
GET /favicon.ico 304 [27/Nov/2024:12:12:55 +0000] - 3.862 ms localhost
POST /user/login 200 [27/Nov/2024:12:13:04 +0000] - 129.643 ms localhost
GET /layout.component.css.map 200 [27/Nov/2024:12:13:04 +0000] - 7.545 ms localhost
GET /dashboard.component.css.map 200 [27/Nov/2024:12:13:04 +0000] - 10.248 ms localhost
GET /user/users 200 [27/Nov/2024:12:13:08 +0000] - 28.391 ms localhost
POST /user/editStatus 200 [27/Nov/2024:12:13:14 +0000] - 43.767 ms localhost
POST /user/editStatus 200 [27/Nov/2024:12:13:20 +0000] - 58.881 ms localhost
GET /dashboard.component.css.map 200 [27/Nov/2024:12:13:26 +0000] - 3.065 ms localhost
GET /user/users 200 [27/Nov/2024:12:13:27 +0000] - 18.840 ms localhost
GET / - [27/Nov/2024:12:16:54 +0000] - - ms localhost
GET /users 200 [27/Nov/2024:12:36:27 +0000] - 94.279 ms localhost
GET /@vite/client 304 [27/Nov/2024:12:36:28 +0000] - 11.368 ms localhost
GET /styles.css 200 [27/Nov/2024:12:36:28 +0000] - 25.568 ms localhost
GET /polyfills.js 304 [27/Nov/2024:12:36:28 +0000] - 26.780 ms localhost
GET /main.js 304 [27/Nov/2024:12:36:28 +0000] - 26.868 ms localhost
GET /@fs/C:/Users/USER/Desktop/BroCampTasks/Angular_Project/frontend/node_modules/vite/dist/client/env.mjs 304 [27/Nov/2024:12:36:28 +0000] - 9.646 ms localhost
GET /styles.css.map 200 [27/Nov/2024:12:36:28 +0000] - 13.299 ms localhost
GET /@fs/C:/Users/USER/Desktop/BroCampTasks/Angular_Project/frontend/.angular/cache/18.2.11/frontend/vite/deps/@angular_platform-browser.js.map 304 [27/Nov/2024:12:36:29 +0000] - 34.355 ms localhost
GET /@fs/C:/Users/USER/Desktop/BroCampTasks/Angular_Project/frontend/.angular/cache/18.2.11/frontend/vite/deps/rxjs.js.map 304 [27/Nov/2024:12:36:29 +0000] - 27.995 ms localhost
GET /@fs/C:/Users/USER/Desktop/BroCampTasks/Angular_Project/frontend/.angular/cache/18.2.11/frontend/vite/deps/@angular_common_http.js.map 304 [27/Nov/2024:12:36:29 +0000] - 31.181 ms localhost
GET /@fs/C:/Users/USER/Desktop/BroCampTasks/Angular_Project/frontend/.angular/cache/18.2.11/frontend/vite/deps/chunk-PF6LNL77.js.map 304 [27/Nov/2024:12:36:29 +0000] - 49.181 ms localhost
GET /@fs/C:/Users/USER/Desktop/BroCampTasks/Angular_Project/frontend/.angular/cache/18.2.11/frontend/vite/deps/chunk-SD63G7YN.js.map 304 [27/Nov/2024:12:36:29 +0000] - 201.594 ms localhost
GET /@fs/C:/Users/USER/Desktop/BroCampTasks/Angular_Project/frontend/.angular/cache/18.2.11/frontend/vite/deps/@angular_forms.js.map 304 [27/Nov/2024:12:36:29 +0000] - 208.296 ms localhost
GET /@fs/C:/Users/USER/Desktop/BroCampTasks/Angular_Project/frontend/.angular/cache/18.2.11/frontend/vite/deps/@angular_router.js.map 304 [27/Nov/2024:12:36:29 +0000] - 228.562 ms localhost
GET /@fs/C:/Users/USER/Desktop/BroCampTasks/Angular_Project/frontend/.angular/cache/18.2.11/frontend/vite/deps/chunk-PLMZ7O3F.js.map 304 [27/Nov/2024:12:36:29 +0000] - 403.929 ms localhost
GET /login.component.css.map 200 [27/Nov/2024:12:36:30 +0000] - 849.954 ms localhost
GET /favicon.ico 304 [27/Nov/2024:12:36:31 +0000] - 1404.659 ms localhost
GET /@fs/C:/Users/USER/Desktop/BroCampTasks/Angular_Project/frontend/.angular/cache/18.2.11/frontend/vite/deps/chunk-FDUYSLZ7.js.map 304 [27/Nov/2024:12:36:32 +0000] - 2713.173 ms localhost
GET /@fs/C:/Users/USER/Desktop/BroCampTasks/Angular_Project/frontend/.angular/cache/18.2.11/frontend/vite/deps/chunk-J2M542RS.js.map 304 [27/Nov/2024:12:36:32 +0000] - 2541.012 ms localhost
GET /@fs/C:/Users/USER/Desktop/BroCampTasks/Angular_Project/frontend/.angular/cache/18.2.11/frontend/vite/deps/@angular_core.js.map 304 [27/Nov/2024:12:36:32 +0000] - 2405.261 ms localhost
POST /user/login 200 [27/Nov/2024:12:37:50 +0000] - 377.113 ms localhost
GET /layout.component.css.map 200 [27/Nov/2024:12:37:50 +0000] - 6.653 ms localhost
GET /dashboard.component.css.map 200 [27/Nov/2024:12:37:50 +0000] - 6.812 ms localhost
GET /user/users 304 [27/Nov/2024:12:37:54 +0000] - 83.652 ms localhost
POST /user/editStatus 200 [27/Nov/2024:12:37:59 +0000] - 90.979 ms localhost
GET / - [27/Nov/2024:12:40:28 +0000] - - ms localhost
GET /users 200 [27/Nov/2024:12:41:05 +0000] - 83.786 ms localhost
GET /@vite/client 304 [27/Nov/2024:12:41:08 +0000] - 6.840 ms localhost
GET /styles.css 200 [27/Nov/2024:12:41:08 +0000] - 6.143 ms localhost
GET /polyfills.js 304 [27/Nov/2024:12:41:08 +0000] - 3.320 ms localhost
GET /main.js 200 [27/Nov/2024:12:41:08 +0000] - 4.617 ms localhost
GET /@fs/C:/Users/USER/Desktop/BroCampTasks/Angular_Project/frontend/node_modules/vite/dist/client/env.mjs 304 [27/Nov/2024:12:41:08 +0000] - 22.498 ms localhost
GET /@fs/C:/Users/USER/Desktop/BroCampTasks/Angular_Project/frontend/.angular/cache/18.2.11/frontend/vite/deps/@angular_platform-browser.js.map 304 [27/Nov/2024:12:41:09 +0000] - 7.978 ms localhost
GET /@fs/C:/Users/USER/Desktop/BroCampTasks/Angular_Project/frontend/.angular/cache/18.2.11/frontend/vite/deps/chunk-SD63G7YN.js.map 304 [27/Nov/2024:12:41:09 +0000] - 13.438 ms localhost
GET /@fs/C:/Users/USER/Desktop/BroCampTasks/Angular_Project/frontend/.angular/cache/18.2.11/frontend/vite/deps/chunk-J2M542RS.js.map 304 [27/Nov/2024:12:41:09 +0000] - 9.991 ms localhost
GET /@fs/C:/Users/USER/Desktop/BroCampTasks/Angular_Project/frontend/.angular/cache/18.2.11/frontend/vite/deps/chunk-PLMZ7O3F.js.map 304 [27/Nov/2024:12:41:09 +0000] - 22.611 ms localhost
GET /@fs/C:/Users/USER/Desktop/BroCampTasks/Angular_Project/frontend/.angular/cache/18.2.11/frontend/vite/deps/@angular_core.js.map 304 [27/Nov/2024:12:41:09 +0000] - 7.182 ms localhost
GET /@fs/C:/Users/USER/Desktop/BroCampTasks/Angular_Project/frontend/.angular/cache/18.2.11/frontend/vite/deps/chunk-PF6LNL77.js.map 304 [27/Nov/2024:12:41:09 +0000] - 26.484 ms localhost
GET /@fs/C:/Users/USER/Desktop/BroCampTasks/Angular_Project/frontend/.angular/cache/18.2.11/frontend/vite/deps/chunk-FDUYSLZ7.js.map 304 [27/Nov/2024:12:41:10 +0000] - 416.315 ms localhost
GET /@fs/C:/Users/USER/Desktop/BroCampTasks/Angular_Project/frontend/.angular/cache/18.2.11/frontend/vite/deps/@angular_router.js.map 304 [27/Nov/2024:12:41:10 +0000] - 414.285 ms localhost
GET /@fs/C:/Users/USER/Desktop/BroCampTasks/Angular_Project/frontend/.angular/cache/18.2.11/frontend/vite/deps/@angular_common_http.js.map 304 [27/Nov/2024:12:41:10 +0000] - 405.378 ms localhost
GET /styles.css.map 200 [27/Nov/2024:12:41:10 +0000] - 53.490 ms localhost
GET /@fs/C:/Users/USER/Desktop/BroCampTasks/Angular_Project/frontend/.angular/cache/18.2.11/frontend/vite/deps/rxjs.js.map 304 [27/Nov/2024:12:41:10 +0000] - 405.326 ms localhost
GET /@fs/C:/Users/USER/Desktop/BroCampTasks/Angular_Project/frontend/.angular/cache/18.2.11/frontend/vite/deps/@angular_forms.js.map 304 [27/Nov/2024:12:41:10 +0000] - 428.818 ms localhost
GET /login.component.css.map 200 [27/Nov/2024:12:41:10 +0000] - 2.761 ms localhost
GET /favicon.ico 304 [27/Nov/2024:12:41:11 +0000] - 4.727 ms localhost
GET /login 200 [27/Nov/2024:12:42:22 +0000] - 19.958 ms localhost
GET / - [27/Nov/2024:12:42:22 +0000] - - ms localhost
GET /polyfills.js 304 [27/Nov/2024:12:42:22 +0000] - 7.748 ms localhost
GET /main.js 200 [27/Nov/2024:12:42:22 +0000] - 7.189 ms localhost
GET /@vite/client 304 [27/Nov/2024:12:42:22 +0000] - 10.644 ms localhost
GET /styles.css 200 [27/Nov/2024:12:42:22 +0000] - 7.366 ms localhost
GET /@fs/C:/Users/USER/Desktop/BroCampTasks/Angular_Project/frontend/node_modules/vite/dist/client/env.mjs 304 [27/Nov/2024:12:42:23 +0000] - 15.911 ms localhost
GET /styles.css.map 200 [27/Nov/2024:12:42:23 +0000] - 24.371 ms localhost
GET /@fs/C:/Users/USER/Desktop/BroCampTasks/Angular_Project/frontend/.angular/cache/18.2.11/frontend/vite/deps/@angular_platform-browser.js.map 304 [27/Nov/2024:12:42:24 +0000] - 203.876 ms localhost
GET /@fs/C:/Users/USER/Desktop/BroCampTasks/Angular_Project/frontend/.angular/cache/18.2.11/frontend/vite/deps/chunk-J2M542RS.js.map 304 [27/Nov/2024:12:42:24 +0000] - 103.323 ms localhost
GET /@fs/C:/Users/USER/Desktop/BroCampTasks/Angular_Project/frontend/.angular/cache/18.2.11/frontend/vite/deps/chunk-SD63G7YN.js.map 304 [27/Nov/2024:12:42:24 +0000] - 275.659 ms localhost
GET /@fs/C:/Users/USER/Desktop/BroCampTasks/Angular_Project/frontend/.angular/cache/18.2.11/frontend/vite/deps/chunk-PLMZ7O3F.js.map 304 [27/Nov/2024:12:42:24 +0000] - 248.002 ms localhost
GET /@fs/C:/Users/USER/Desktop/BroCampTasks/Angular_Project/frontend/.angular/cache/18.2.11/frontend/vite/deps/chunk-PF6LNL77.js.map 304 [27/Nov/2024:12:42:24 +0000] - 205.473 ms localhost
GET /@fs/C:/Users/USER/Desktop/BroCampTasks/Angular_Project/frontend/.angular/cache/18.2.11/frontend/vite/deps/chunk-FDUYSLZ7.js.map 304 [27/Nov/2024:12:42:24 +0000] - 456.432 ms localhost
GET /favicon.ico 504 [27/Nov/2024:12:42:24 +0000] - 470.563 ms localhost
GET /@fs/C:/Users/USER/Desktop/BroCampTasks/Angular_Project/frontend/.angular/cache/18.2.11/frontend/vite/deps/@angular_core.js.map 504 [27/Nov/2024:12:42:24 +0000] - 368.102 ms localhost
GET /@fs/C:/Users/USER/Desktop/BroCampTasks/Angular_Project/frontend/.angular/cache/18.2.11/frontend/vite/deps/@angular_common_http.js.map 304 [27/Nov/2024:12:42:24 +0000] - 297.033 ms localhost
GET /@fs/C:/Users/USER/Desktop/BroCampTasks/Angular_Project/frontend/.angular/cache/18.2.11/frontend/vite/deps/@angular_router.js.map 304 [27/Nov/2024:12:42:24 +0000] - 371.042 ms localhost
GET /@fs/C:/Users/USER/Desktop/BroCampTasks/Angular_Project/frontend/.angular/cache/18.2.11/frontend/vite/deps/@angular_forms.js.map 304 [27/Nov/2024:12:42:24 +0000] - 154.437 ms localhost
GET /@fs/C:/Users/USER/Desktop/BroCampTasks/Angular_Project/frontend/.angular/cache/18.2.11/frontend/vite/deps/rxjs.js.map 304 [27/Nov/2024:12:42:24 +0000] - 77.405 ms localhost
GET /login.component.css.map 200 [27/Nov/2024:12:42:24 +0000] - 32.482 ms localhost
POST /user/login 200 [27/Nov/2024:12:42:35 +0000] - 406.283 ms localhost
GET /layout.component.css.map 200 [27/Nov/2024:12:42:35 +0000] - 6.347 ms localhost
GET /dashboard.component.css.map 200 [27/Nov/2024:12:42:35 +0000] - 6.697 ms localhost
GET /favicon.ico 200 [27/Nov/2024:12:42:35 +0000] - 56.222 ms localhost
GET /user/users 200 [27/Nov/2024:12:42:39 +0000] - 44.984 ms localhost
POST /user/editStatus 200 [27/Nov/2024:12:42:42 +0000] - 50.266 ms localhost
GET / - [27/Nov/2024:12:46:23 +0000] - - ms localhost
GET /users 200 [27/Nov/2024:13:02:08 +0000] - 96.473 ms localhost
GET /@vite/client 304 [27/Nov/2024:13:02:08 +0000] - 15.091 ms localhost
GET /polyfills.js 304 [27/Nov/2024:13:02:08 +0000] - 14.017 ms localhost
GET /styles.css 200 [27/Nov/2024:13:02:08 +0000] - 15.626 ms localhost
GET /main.js 200 [27/Nov/2024:13:02:08 +0000] - 162.509 ms localhost
GET /@fs/C:/Users/USER/Desktop/BroCampTasks/Angular_Project/frontend/node_modules/vite/dist/client/env.mjs 304 [27/Nov/2024:13:02:08 +0000] - 4.298 ms localhost
GET /@fs/C:/Users/USER/Desktop/BroCampTasks/Angular_Project/frontend/.angular/cache/18.2.11/frontend/vite/deps/@angular_platform-browser.js.map 304 [27/Nov/2024:13:02:09 +0000] - 5.131 ms localhost
GET /@fs/C:/Users/USER/Desktop/BroCampTasks/Angular_Project/frontend/.angular/cache/18.2.11/frontend/vite/deps/chunk-SD63G7YN.js.map 304 [27/Nov/2024:13:02:09 +0000] - 8.218 ms localhost
GET /@fs/C:/Users/USER/Desktop/BroCampTasks/Angular_Project/frontend/.angular/cache/18.2.11/frontend/vite/deps/chunk-J2M542RS.js.map 304 [27/Nov/2024:13:02:09 +0000] - 9.726 ms localhost
GET /@fs/C:/Users/USER/Desktop/BroCampTasks/Angular_Project/frontend/.angular/cache/18.2.11/frontend/vite/deps/chunk-PLMZ7O3F.js.map 304 [27/Nov/2024:13:02:10 +0000] - 16.371 ms localhost
GET /@fs/C:/Users/USER/Desktop/BroCampTasks/Angular_Project/frontend/.angular/cache/18.2.11/frontend/vite/deps/chunk-FDUYSLZ7.js.map 304 [27/Nov/2024:13:02:10 +0000] - 417.393 ms localhost
GET /@fs/C:/Users/USER/Desktop/BroCampTasks/Angular_Project/frontend/.angular/cache/18.2.11/frontend/vite/deps/chunk-PF6LNL77.js.map 304 [27/Nov/2024:13:02:11 +0000] - 655.576 ms localhost
GET /@fs/C:/Users/USER/Desktop/BroCampTasks/Angular_Project/frontend/.angular/cache/18.2.11/frontend/vite/deps/@angular_core.js.map 200 [27/Nov/2024:13:02:11 +0000] - 586.476 ms localhost
GET /@fs/C:/Users/USER/Desktop/BroCampTasks/Angular_Project/frontend/.angular/cache/18.2.11/frontend/vite/deps/@angular_common_http.js.map 304 [27/Nov/2024:13:02:11 +0000] - 561.991 ms localhost
GET /@fs/C:/Users/USER/Desktop/BroCampTasks/Angular_Project/frontend/.angular/cache/18.2.11/frontend/vite/deps/@angular_router.js.map 304 [27/Nov/2024:13:02:11 +0000] - 589.606 ms localhost
GET /@fs/C:/Users/USER/Desktop/BroCampTasks/Angular_Project/frontend/.angular/cache/18.2.11/frontend/vite/deps/@angular_forms.js.map 304 [27/Nov/2024:13:02:11 +0000] - 480.922 ms localhost
GET /@fs/C:/Users/USER/Desktop/BroCampTasks/Angular_Project/frontend/.angular/cache/18.2.11/frontend/vite/deps/rxjs.js.map 304 [27/Nov/2024:13:02:11 +0000] - 269.086 ms localhost
GET /styles.css.map 200 [27/Nov/2024:13:02:12 +0000] - 15.882 ms localhost
GET /login.component.css.map 200 [27/Nov/2024:13:02:12 +0000] - 15.133 ms localhost
GET /favicon.ico 304 [27/Nov/2024:13:02:13 +0000] - 6.316 ms localhost
GET / - [27/Nov/2024:13:06:09 +0000] - - ms localhost
GET /login 200 [27/Nov/2024:13:07:12 +0000] - 29.258 ms localhost
GET /styles.css 200 [27/Nov/2024:13:07:12 +0000] - 6.625 ms localhost
GET /polyfills.js 304 [27/Nov/2024:13:07:12 +0000] - 8.377 ms localhost
GET /@vite/client 304 [27/Nov/2024:13:07:12 +0000] - 8.065 ms localhost
GET /main.js 200 [27/Nov/2024:13:07:12 +0000] - 5.739 ms localhost
GET /@fs/C:/Users/USER/Desktop/BroCampTasks/Angular_Project/frontend/node_modules/vite/dist/client/env.mjs 304 [27/Nov/2024:13:07:12 +0000] - 2.248 ms localhost
GET /@fs/C:/Users/USER/Desktop/BroCampTasks/Angular_Project/frontend/.angular/cache/18.2.11/frontend/vite/deps/@angular_platform-browser.js.map 304 [27/Nov/2024:13:07:13 +0000] - 5.300 ms localhost
GET /@fs/C:/Users/USER/Desktop/BroCampTasks/Angular_Project/frontend/.angular/cache/18.2.11/frontend/vite/deps/chunk-SD63G7YN.js.map 304 [27/Nov/2024:13:07:13 +0000] - 7.106 ms localhost
GET /@fs/C:/Users/USER/Desktop/BroCampTasks/Angular_Project/frontend/.angular/cache/18.2.11/frontend/vite/deps/chunk-J2M542RS.js.map 304 [27/Nov/2024:13:07:13 +0000] - 11.848 ms localhost
GET /@fs/C:/Users/USER/Desktop/BroCampTasks/Angular_Project/frontend/.angular/cache/18.2.11/frontend/vite/deps/chunk-PLMZ7O3F.js.map 304 [27/Nov/2024:13:07:13 +0000] - 11.954 ms localhost
GET /@fs/C:/Users/USER/Desktop/BroCampTasks/Angular_Project/frontend/.angular/cache/18.2.11/frontend/vite/deps/chunk-PF6LNL77.js.map 304 [27/Nov/2024:13:07:13 +0000] - 17.911 ms localhost
GET /@fs/C:/Users/USER/Desktop/BroCampTasks/Angular_Project/frontend/.angular/cache/18.2.11/frontend/vite/deps/@angular_core.js.map 304 [27/Nov/2024:13:07:13 +0000] - 20.381 ms localhost
GET /@fs/C:/Users/USER/Desktop/BroCampTasks/Angular_Project/frontend/.angular/cache/18.2.11/frontend/vite/deps/chunk-FDUYSLZ7.js.map 304 [27/Nov/2024:13:07:13 +0000] - 97.875 ms localhost
GET /@fs/C:/Users/USER/Desktop/BroCampTasks/Angular_Project/frontend/.angular/cache/18.2.11/frontend/vite/deps/@angular_router.js.map 304 [27/Nov/2024:13:07:13 +0000] - 108.834 ms localhost
GET /@fs/C:/Users/USER/Desktop/BroCampTasks/Angular_Project/frontend/.angular/cache/18.2.11/frontend/vite/deps/@angular_common_http.js.map 304 [27/Nov/2024:13:07:13 +0000] - 109.263 ms localhost
GET /@fs/C:/Users/USER/Desktop/BroCampTasks/Angular_Project/frontend/.angular/cache/18.2.11/frontend/vite/deps/@angular_forms.js.map 304 [27/Nov/2024:13:07:13 +0000] - 114.848 ms localhost
GET /@fs/C:/Users/USER/Desktop/BroCampTasks/Angular_Project/frontend/.angular/cache/18.2.11/frontend/vite/deps/rxjs.js.map 304 [27/Nov/2024:13:07:13 +0000] - 112.831 ms localhost
GET /login.component.css.map 200 [27/Nov/2024:13:07:14 +0000] - 8.412 ms localhost
GET /styles.css.map 200 [27/Nov/2024:13:07:14 +0000] - 5.746 ms localhost
GET /favicon.ico 304 [27/Nov/2024:13:07:15 +0000] - 3.092 ms localhost
POST /user/login 200 [27/Nov/2024:13:08:46 +0000] - 486.632 ms localhost
GET /dashboard.component.css.map 200 [27/Nov/2024:13:08:46 +0000] - 7.455 ms localhost
GET /layout.component.css.map 200 [27/Nov/2024:13:08:46 +0000] - 6.098 ms localhost
GET /user/users 200 [27/Nov/2024:13:08:49 +0000] - 50.272 ms localhost
POST /user/editStatus 200 [27/Nov/2024:13:08:52 +0000] - 71.087 ms localhost
POST /user/editStatus 200 [27/Nov/2024:13:08:55 +0000] - 50.117 ms localhost
GET /dashboard.component.css.map 200 [27/Nov/2024:13:09:50 +0000] - 2.899 ms localhost
GET /user/users 401 [27/Nov/2024:13:09:52 +0000] - 29.393 ms localhost
GET /user/refreshToken 304 [27/Nov/2024:13:09:52 +0000] - 11.341 ms localhost
GET /user/users 200 [27/Nov/2024:13:09:52 +0000] - 17.616 ms localhost
POST /user/editStatus 200 [27/Nov/2024:13:09:54 +0000] - 44.287 ms localhost
GET /dashboard.component.css.map 200 [27/Nov/2024:13:09:57 +0000] - 5.435 ms localhost
GET /user/users 200 [27/Nov/2024:13:09:59 +0000] - 20.281 ms localhost
POST /user/editStatus 200 [27/Nov/2024:13:10:01 +0000] - 39.494 ms localhost
GET / - [27/Nov/2024:13:11:12 +0000] - - ms localhost
GET /users 200 [27/Nov/2024:13:12:56 +0000] - 95.718 ms localhost
GET /styles.css 200 [27/Nov/2024:13:12:56 +0000] - 9.545 ms localhost
GET /@vite/client 304 [27/Nov/2024:13:12:56 +0000] - 21.667 ms localhost
GET /polyfills.js 304 [27/Nov/2024:13:12:56 +0000] - 2.372 ms localhost
GET /main.js 200 [27/Nov/2024:13:12:56 +0000] - 16.368 ms localhost
GET /@fs/C:/Users/USER/Desktop/BroCampTasks/Angular_Project/frontend/node_modules/vite/dist/client/env.mjs 304 [27/Nov/2024:13:12:56 +0000] - 6.362 ms localhost
GET /@fs/C:/Users/USER/Desktop/BroCampTasks/Angular_Project/frontend/.angular/cache/18.2.11/frontend/vite/deps/@angular_platform-browser.js.map 304 [27/Nov/2024:13:12:58 +0000] - 7.182 ms localhost
GET /@fs/C:/Users/USER/Desktop/BroCampTasks/Angular_Project/frontend/.angular/cache/18.2.11/frontend/vite/deps/chunk-SD63G7YN.js.map 304 [27/Nov/2024:13:12:58 +0000] - 8.074 ms localhost
GET /@fs/C:/Users/USER/Desktop/BroCampTasks/Angular_Project/frontend/.angular/cache/18.2.11/frontend/vite/deps/chunk-J2M542RS.js.map 304 [27/Nov/2024:13:12:58 +0000] - 12.956 ms localhost
GET /@fs/C:/Users/USER/Desktop/BroCampTasks/Angular_Project/frontend/.angular/cache/18.2.11/frontend/vite/deps/chunk-PLMZ7O3F.js.map 304 [27/Nov/2024:13:12:58 +0000] - 68.345 ms localhost
GET /@fs/C:/Users/USER/Desktop/BroCampTasks/Angular_Project/frontend/.angular/cache/18.2.11/frontend/vite/deps/@angular_core.js.map 304 [27/Nov/2024:13:12:59 +0000] - 417.623 ms localhost
GET /@fs/C:/Users/USER/Desktop/BroCampTasks/Angular_Project/frontend/.angular/cache/18.2.11/frontend/vite/deps/@angular_common_http.js.map 304 [27/Nov/2024:13:12:59 +0000] - 405.472 ms localhost
GET /@fs/C:/Users/USER/Desktop/BroCampTasks/Angular_Project/frontend/.angular/cache/18.2.11/frontend/vite/deps/@angular_router.js.map 304 [27/Nov/2024:13:12:59 +0000] - 470.946 ms localhost
GET /@fs/C:/Users/USER/Desktop/BroCampTasks/Angular_Project/frontend/.angular/cache/18.2.11/frontend/vite/deps/chunk-PF6LNL77.js.map 304 [27/Nov/2024:13:12:59 +0000] - 495.678 ms localhost
GET /@fs/C:/Users/USER/Desktop/BroCampTasks/Angular_Project/frontend/.angular/cache/18.2.11/frontend/vite/deps/@angular_forms.js.map 304 [27/Nov/2024:13:12:59 +0000] - 457.675 ms localhost
GET /@fs/C:/Users/USER/Desktop/BroCampTasks/Angular_Project/frontend/.angular/cache/18.2.11/frontend/vite/deps/chunk-FDUYSLZ7.js.map 304 [27/Nov/2024:13:12:59 +0000] - 561.248 ms localhost
GET /@fs/C:/Users/USER/Desktop/BroCampTasks/Angular_Project/frontend/.angular/cache/18.2.11/frontend/vite/deps/rxjs.js.map 304 [27/Nov/2024:13:12:59 +0000] - 118.424 ms localhost
GET /styles.css.map 200 [27/Nov/2024:13:12:59 +0000] - 8.843 ms localhost
GET /login.component.css.map 200 [27/Nov/2024:13:12:59 +0000] - 3.091 ms localhost
GET /favicon.ico 304 [27/Nov/2024:13:13:00 +0000] - 3.604 ms localhost
GET / - [27/Nov/2024:13:16:57 +0000] - - ms localhost
GET /login 200 [27/Nov/2024:13:21:34 +0000] - 58.005 ms localhost
GET /@vite/client 304 [27/Nov/2024:13:21:34 +0000] - 6.612 ms localhost
GET /styles.css 200 [27/Nov/2024:13:21:34 +0000] - 10.351 ms localhost
GET /polyfills.js 304 [27/Nov/2024:13:21:34 +0000] - 4.010 ms localhost
GET /main.js 200 [27/Nov/2024:13:21:34 +0000] - 10.610 ms localhost
GET /@fs/C:/Users/USER/Desktop/BroCampTasks/Angular_Project/frontend/node_modules/vite/dist/client/env.mjs 304 [27/Nov/2024:13:21:35 +0000] - 2.933 ms localhost
GET /@fs/C:/Users/USER/Desktop/BroCampTasks/Angular_Project/frontend/.angular/cache/18.2.11/frontend/vite/deps/@angular_platform-browser.js.map 304 [27/Nov/2024:13:21:35 +0000] - 12.233 ms localhost
GET /@fs/C:/Users/USER/Desktop/BroCampTasks/Angular_Project/frontend/.angular/cache/18.2.11/frontend/vite/deps/chunk-SD63G7YN.js.map 304 [27/Nov/2024:13:21:35 +0000] - 17.409 ms localhost
GET /@fs/C:/Users/USER/Desktop/BroCampTasks/Angular_Project/frontend/.angular/cache/18.2.11/frontend/vite/deps/chunk-J2M542RS.js.map 304 [27/Nov/2024:13:21:35 +0000] - 21.608 ms localhost
GET /@fs/C:/Users/USER/Desktop/BroCampTasks/Angular_Project/frontend/.angular/cache/18.2.11/frontend/vite/deps/chunk-PLMZ7O3F.js.map 304 [27/Nov/2024:13:21:35 +0000] - 25.760 ms localhost
GET /@fs/C:/Users/USER/Desktop/BroCampTasks/Angular_Project/frontend/.angular/cache/18.2.11/frontend/vite/deps/chunk-PF6LNL77.js.map 304 [27/Nov/2024:13:21:35 +0000] - 19.650 ms localhost
GET /@fs/C:/Users/USER/Desktop/BroCampTasks/Angular_Project/frontend/.angular/cache/18.2.11/frontend/vite/deps/chunk-FDUYSLZ7.js.map 304 [27/Nov/2024:13:21:35 +0000] - 154.403 ms localhost
GET /@fs/C:/Users/USER/Desktop/BroCampTasks/Angular_Project/frontend/.angular/cache/18.2.11/frontend/vite/deps/@angular_common_http.js.map 304 [27/Nov/2024:13:21:35 +0000] - 180.308 ms localhost
GET /@fs/C:/Users/USER/Desktop/BroCampTasks/Angular_Project/frontend/.angular/cache/18.2.11/frontend/vite/deps/@angular_core.js.map 304 [27/Nov/2024:13:21:35 +0000] - 191.875 ms localhost
GET /@fs/C:/Users/USER/Desktop/BroCampTasks/Angular_Project/frontend/.angular/cache/18.2.11/frontend/vite/deps/rxjs.js.map 304 [27/Nov/2024:13:21:35 +0000] - 181.926 ms localhost
GET /@fs/C:/Users/USER/Desktop/BroCampTasks/Angular_Project/frontend/.angular/cache/18.2.11/frontend/vite/deps/@angular_router.js.map 304 [27/Nov/2024:13:21:35 +0000] - 209.368 ms localhost
GET /@fs/C:/Users/USER/Desktop/BroCampTasks/Angular_Project/frontend/.angular/cache/18.2.11/frontend/vite/deps/@angular_forms.js.map 304 [27/Nov/2024:13:21:35 +0000] - 209.232 ms localhost
GET /styles.css.map 200 [27/Nov/2024:13:21:38 +0000] - 7.843 ms localhost
GET /login.component.css.map 200 [27/Nov/2024:13:21:38 +0000] - 4.388 ms localhost
GET /favicon.ico 304 [27/Nov/2024:13:21:38 +0000] - 4.978 ms localhost
GET /login 200 [27/Nov/2024:13:22:18 +0000] - 9.212 ms localhost
GET / - [27/Nov/2024:13:22:18 +0000] - - ms localhost
GET /@vite/client 304 [27/Nov/2024:13:22:18 +0000] - 8.081 ms localhost
GET /styles.css 200 [27/Nov/2024:13:22:18 +0000] - 7.380 ms localhost
GET /polyfills.js 304 [27/Nov/2024:13:22:18 +0000] - 6.765 ms localhost
GET /main.js 200 [27/Nov/2024:13:22:18 +0000] - 6.696 ms localhost
GET /styles.css.map 200 [27/Nov/2024:13:22:19 +0000] - 5.368 ms localhost
GET /@fs/C:/Users/USER/Desktop/BroCampTasks/Angular_Project/frontend/node_modules/vite/dist/client/env.mjs 304 [27/Nov/2024:13:22:19 +0000] - 5.456 ms localhost
GET /@fs/C:/Users/USER/Desktop/BroCampTasks/Angular_Project/frontend/.angular/cache/18.2.11/frontend/vite/deps/@angular_platform-browser.js.map 304 [27/Nov/2024:13:22:19 +0000] - 4.787 ms localhost
GET /@fs/C:/Users/USER/Desktop/BroCampTasks/Angular_Project/frontend/.angular/cache/18.2.11/frontend/vite/deps/chunk-SD63G7YN.js.map 304 [27/Nov/2024:13:22:19 +0000] - 13.473 ms localhost
GET /@fs/C:/Users/USER/Desktop/BroCampTasks/Angular_Project/frontend/.angular/cache/18.2.11/frontend/vite/deps/chunk-J2M542RS.js.map 304 [27/Nov/2024:13:22:19 +0000] - 13.493 ms localhost
GET /@fs/C:/Users/USER/Desktop/BroCampTasks/Angular_Project/frontend/.angular/cache/18.2.11/frontend/vite/deps/chunk-PLMZ7O3F.js.map 304 [27/Nov/2024:13:22:19 +0000] - 31.552 ms localhost
GET /@fs/C:/Users/USER/Desktop/BroCampTasks/Angular_Project/frontend/.angular/cache/18.2.11/frontend/vite/deps/chunk-PF6LNL77.js.map 304 [27/Nov/2024:13:22:19 +0000] - 33.921 ms localhost
GET /@fs/C:/Users/USER/Desktop/BroCampTasks/Angular_Project/frontend/.angular/cache/18.2.11/frontend/vite/deps/chunk-FDUYSLZ7.js.map 304 [27/Nov/2024:13:22:19 +0000] - 162.966 ms localhost
GET /login.component.css.map 200 [27/Nov/2024:13:22:19 +0000] - 61.286 ms localhost
GET /@fs/C:/Users/USER/Desktop/BroCampTasks/Angular_Project/frontend/.angular/cache/18.2.11/frontend/vite/deps/@angular_core.js.map 304 [27/Nov/2024:13:22:19 +0000] - 91.767 ms localhost
GET /@fs/C:/Users/USER/Desktop/BroCampTasks/Angular_Project/frontend/.angular/cache/18.2.11/frontend/vite/deps/@angular_common_http.js.map 304 [27/Nov/2024:13:22:19 +0000] - 87.269 ms localhost
GET /@fs/C:/Users/USER/Desktop/BroCampTasks/Angular_Project/frontend/.angular/cache/18.2.11/frontend/vite/deps/rxjs.js.map 304 [27/Nov/2024:13:22:19 +0000] - 80.634 ms localhost
GET /@fs/C:/Users/USER/Desktop/BroCampTasks/Angular_Project/frontend/.angular/cache/18.2.11/frontend/vite/deps/@angular_router.js.map 304 [27/Nov/2024:13:22:19 +0000] - 100.891 ms localhost
GET /@fs/C:/Users/USER/Desktop/BroCampTasks/Angular_Project/frontend/.angular/cache/18.2.11/frontend/vite/deps/@angular_forms.js.map 304 [27/Nov/2024:13:22:19 +0000] - 99.559 ms localhost
GET /favicon.ico 304 [27/Nov/2024:13:22:19 +0000] - 5.374 ms localhost
POST /user/login 200 [27/Nov/2024:13:22:28 +0000] - 444.964 ms localhost
GET /layout.component.css.map 200 [27/Nov/2024:13:22:28 +0000] - 4.900 ms localhost
GET /dashboard.component.css.map 200 [27/Nov/2024:13:22:28 +0000] - 6.290 ms localhost
GET /user/users 200 [27/Nov/2024:13:22:31 +0000] - 44.407 ms localhost
GET /dashboard.component.css.map 200 [27/Nov/2024:13:24:21 +0000] - 7.350 ms localhost
GET /user/users 401 [27/Nov/2024:13:24:22 +0000] - 27.368 ms localhost
GET /user/refreshToken 304 [27/Nov/2024:13:24:22 +0000] - 21.049 ms localhost
GET /user/users 304 [27/Nov/2024:13:24:22 +0000] - 23.193 ms localhost
POST /user/editStatus 200 [27/Nov/2024:13:24:26 +0000] - 56.764 ms localhost
POST /user/editStatus 200 [27/Nov/2024:13:24:30 +0000] - 42.692 ms localhost
GET /dashboard.component.css.map 200 [27/Nov/2024:13:26:06 +0000] - 3.254 ms localhost
GET /user/users 401 [27/Nov/2024:13:26:08 +0000] - 20.611 ms localhost
GET /user/refreshToken 304 [27/Nov/2024:13:26:08 +0000] - 6.430 ms localhost
GET /user/users 200 [27/Nov/2024:13:26:08 +0000] - 15.495 ms localhost
GET /users 200 [27/Nov/2024:13:26:11 +0000] - 39.351 ms localhost
GET / - [27/Nov/2024:13:26:11 +0000] - - ms localhost
GET /@vite/client 304 [27/Nov/2024:13:26:11 +0000] - 5.175 ms localhost
GET /styles.css 200 [27/Nov/2024:13:26:11 +0000] - 6.633 ms localhost
GET /polyfills.js 304 [27/Nov/2024:13:26:11 +0000] - 4.225 ms localhost
GET /main.js 200 [27/Nov/2024:13:26:11 +0000] - 4.729 ms localhost
GET /styles.css.map 200 [27/Nov/2024:13:26:11 +0000] - 4.261 ms localhost
GET /@fs/C:/Users/USER/Desktop/BroCampTasks/Angular_Project/frontend/node_modules/vite/dist/client/env.mjs 304 [27/Nov/2024:13:26:11 +0000] - 3.286 ms localhost
GET /@fs/C:/Users/USER/Desktop/BroCampTasks/Angular_Project/frontend/.angular/cache/18.2.11/frontend/vite/deps/@angular_platform-browser.js.map 304 [27/Nov/2024:13:26:11 +0000] - 32.146 ms localhost
GET /@fs/C:/Users/USER/Desktop/BroCampTasks/Angular_Project/frontend/.angular/cache/18.2.11/frontend/vite/deps/chunk-SD63G7YN.js.map 304 [27/Nov/2024:13:26:11 +0000] - 27.356 ms localhost
GET /@fs/C:/Users/USER/Desktop/BroCampTasks/Angular_Project/frontend/.angular/cache/18.2.11/frontend/vite/deps/chunk-J2M542RS.js.map 304 [27/Nov/2024:13:26:11 +0000] - 37.973 ms localhost
GET /@fs/C:/Users/USER/Desktop/BroCampTasks/Angular_Project/frontend/.angular/cache/18.2.11/frontend/vite/deps/chunk-PLMZ7O3F.js.map 304 [27/Nov/2024:13:26:11 +0000] - 49.218 ms localhost
GET /@fs/C:/Users/USER/Desktop/BroCampTasks/Angular_Project/frontend/.angular/cache/18.2.11/frontend/vite/deps/chunk-PF6LNL77.js.map 304 [27/Nov/2024:13:26:11 +0000] - 258.814 ms localhost
GET /@fs/C:/Users/USER/Desktop/BroCampTasks/Angular_Project/frontend/.angular/cache/18.2.11/frontend/vite/deps/chunk-FDUYSLZ7.js.map 304 [27/Nov/2024:13:26:12 +0000] - 435.848 ms localhost
GET /login.component.css.map 200 [27/Nov/2024:13:26:12 +0000] - 4.047 ms localhost
GET /@fs/C:/Users/USER/Desktop/BroCampTasks/Angular_Project/frontend/.angular/cache/18.2.11/frontend/vite/deps/@angular_core.js.map 304 [27/Nov/2024:13:26:12 +0000] - 147.541 ms localhost
GET /@fs/C:/Users/USER/Desktop/BroCampTasks/Angular_Project/frontend/.angular/cache/18.2.11/frontend/vite/deps/@angular_common_http.js.map 304 [27/Nov/2024:13:26:12 +0000] - 143.415 ms localhost
GET /@fs/C:/Users/USER/Desktop/BroCampTasks/Angular_Project/frontend/.angular/cache/18.2.11/frontend/vite/deps/rxjs.js.map 304 [27/Nov/2024:13:26:12 +0000] - 138.437 ms localhost
GET /@fs/C:/Users/USER/Desktop/BroCampTasks/Angular_Project/frontend/.angular/cache/18.2.11/frontend/vite/deps/@angular_router.js.map 304 [27/Nov/2024:13:26:12 +0000] - 154.231 ms localhost
GET /@fs/C:/Users/USER/Desktop/BroCampTasks/Angular_Project/frontend/.angular/cache/18.2.11/frontend/vite/deps/@angular_forms.js.map 304 [27/Nov/2024:13:26:12 +0000] - 160.986 ms localhost
GET /favicon.ico 304 [27/Nov/2024:13:26:12 +0000] - 3.433 ms localhost
POST /user/login 200 [27/Nov/2024:13:26:19 +0000] - 298.427 ms localhost
GET /layout.component.css.map 200 [27/Nov/2024:13:26:19 +0000] - 8.158 ms localhost
GET /dashboard.component.css.map 200 [27/Nov/2024:13:26:19 +0000] - 10.118 ms localhost
GET /user/users 304 [27/Nov/2024:13:26:23 +0000] - 41.069 ms localhost
POST /user/editStatus 200 [27/Nov/2024:13:26:27 +0000] - 43.778 ms localhost
POST /user/editStatus 200 [27/Nov/2024:13:26:28 +0000] - 53.845 ms localhost
GET / - [27/Nov/2024:13:30:11 +0000] - - ms localhost
