GET /login 200 [20/Feb/2025:06:53:58 +0000] - 871.703 ms localhost
GET /@vite/client 304 [20/Feb/2025:06:53:58 +0000] - 19.982 ms localhost
GET /styles.css 200 [20/Feb/2025:06:53:58 +0000] - 21.247 ms localhost
GET /main.js 304 [20/Feb/2025:06:53:58 +0000] - 16.263 ms localhost
GET /polyfills.js 304 [20/Feb/2025:06:53:58 +0000] - 27.294 ms localhost
GET /@fs/C:/Users/USER/Desktop/BroCampTasks/Angular_Project/frontend/node_modules/vite/dist/client/env.mjs 304 [20/Feb/2025:06:53:59 +0000] - 3.666 ms localhost
GET /chunk-LQXIB7A4.js 304 [20/Feb/2025:06:53:59 +0000] - 9.460 ms localhost
GET /chunk-JK2OZDZD.js 304 [20/Feb/2025:06:53:59 +0000] - 8.562 ms localhost
GET /chunk-MVVCEGMG.js 304 [20/Feb/2025:06:53:59 +0000] - 6.016 ms localhost
GET /styles.css.map 200 [20/Feb/2025:06:53:59 +0000] - 8.318 ms localhost
GET /chunk-QA724MRA.js 304 [20/Feb/2025:06:54:00 +0000] - 9.526 ms localhost
GET /chunk-MQDO5BT4.js 304 [20/Feb/2025:06:54:00 +0000] - 17.519 ms localhost
GET /chunk-F64TRUFE.js 304 [20/Feb/2025:06:54:00 +0000] - 17.371 ms localhost
GET /@fs/C:/Users/USER/Desktop/BroCampTasks/Angular_Project/frontend/.angular/cache/18.2.11/frontend/vite/deps/@angular_common_http.js.map 304 [20/Feb/2025:06:54:00 +0000] - 91.084 ms localhost
GET /@fs/C:/Users/USER/Desktop/BroCampTasks/Angular_Project/frontend/.angular/cache/18.2.11/frontend/vite/deps/@angular_core.js.map 304 [20/Feb/2025:06:54:00 +0000] - 101.240 ms localhost
GET /@fs/C:/Users/USER/Desktop/BroCampTasks/Angular_Project/frontend/.angular/cache/18.2.11/frontend/vite/deps/rxjs.js.map 304 [20/Feb/2025:06:54:00 +0000] - 95.837 ms localhost
GET /chunk-KSELMSGV.js 304 [20/Feb/2025:06:54:00 +0000] - 17.487 ms localhost
GET /chunk-AD6BEBTX.js 304 [20/Feb/2025:06:54:00 +0000] - 22.023 ms localhost
GET /favicon.ico 304 [20/Feb/2025:06:54:00 +0000] - 24.024 ms localhost
GET /@fs/C:/Users/USER/Desktop/BroCampTasks/Angular_Project/frontend/.angular/cache/18.2.11/frontend/vite/deps/chunk-66JPAEYR.js.map 304 [20/Feb/2025:06:54:00 +0000] - 191.636 ms localhost
GET /@fs/C:/Users/USER/Desktop/BroCampTasks/Angular_Project/frontend/.angular/cache/18.2.11/frontend/vite/deps/chunk-7MS5FTBZ.js.map 304 [20/Feb/2025:06:54:00 +0000] - 184.351 ms localhost
GET /@fs/C:/Users/USER/Desktop/BroCampTasks/Angular_Project/frontend/.angular/cache/18.2.11/frontend/vite/deps/chunk-2ZWNOPXZ.js.map 304 [20/Feb/2025:06:54:01 +0000] - 410.950 ms localhost
GET /@fs/C:/Users/USER/Desktop/BroCampTasks/Angular_Project/frontend/.angular/cache/18.2.11/frontend/vite/deps/chunk-ZKQIAUIS.js.map 304 [20/Feb/2025:06:54:01 +0000] - 280.946 ms localhost
GET /@fs/C:/Users/USER/Desktop/BroCampTasks/Angular_Project/frontend/.angular/cache/18.2.11/frontend/vite/deps/emoji-picker-element.js.map 304 [20/Feb/2025:06:54:01 +0000] - 380.747 ms localhost
GET /@fs/C:/Users/USER/Desktop/BroCampTasks/Angular_Project/frontend/.angular/cache/18.2.11/frontend/vite/deps/chunk-XWLXMCJQ.js.map 304 [20/Feb/2025:06:54:01 +0000] - 313.839 ms localhost
GET /@fs/C:/Users/USER/Desktop/BroCampTasks/Angular_Project/frontend/.angular/cache/18.2.11/frontend/vite/deps/chunk-F4ZW7LLY.js.map 304 [20/Feb/2025:06:54:01 +0000] - 106.957 ms localhost
GET /@fs/C:/Users/USER/Desktop/BroCampTasks/Angular_Project/frontend/.angular/cache/18.2.11/frontend/vite/deps/@angular_forms.js.map 304 [20/Feb/2025:06:54:01 +0000] - 361.940 ms localhost
GET /@fs/C:/Users/USER/Desktop/BroCampTasks/Angular_Project/frontend/.angular/cache/18.2.11/frontend/vite/deps/@angular_router.js.map 304 [20/Feb/2025:06:54:01 +0000] - 447.569 ms localhost
GET /login.component.css.map 200 [20/Feb/2025:06:54:01 +0000] - 166.837 ms localhost
GET /@fs/C:/Users/USER/Desktop/BroCampTasks/Angular_Project/frontend/.angular/cache/18.2.11/frontend/vite/deps/chunk-BKIWMXDL.js.map 304 [20/Feb/2025:06:54:01 +0000] - 709.963 ms localhost
GET /@fs/C:/Users/USER/Desktop/BroCampTasks/Angular_Project/frontend/.angular/cache/18.2.11/frontend/vite/deps/@angular_platform-browser.js.map 304 [20/Feb/2025:06:54:01 +0000] - 527.953 ms localhost
GET /@fs/C:/Users/USER/Desktop/BroCampTasks/Angular_Project/frontend/.angular/cache/18.2.11/frontend/vite/deps/@angular_common.js.map 304 [20/Feb/2025:06:54:01 +0000] - 485.849 ms localhost
GET /@fs/C:/Users/USER/Desktop/BroCampTasks/Angular_Project/frontend/.angular/cache/18.2.11/frontend/vite/deps/ngx-socket-io.js.map 304 [20/Feb/2025:06:54:01 +0000] - 527.802 ms localhost
GET / 200 [21/Feb/2025:08:51:37 +0000] - 350.127 ms localhost
GET /@vite/client 304 [21/Feb/2025:08:51:38 +0000] - 244.855 ms localhost
GET /styles.css 200 [21/Feb/2025:08:51:38 +0000] - 9.169 ms localhost
GET /polyfills.js 304 [21/Feb/2025:08:51:38 +0000] - 6.224 ms localhost
GET /main.js 200 [21/Feb/2025:08:51:38 +0000] - 6.677 ms localhost
GET /@fs/C:/Users/USER/Desktop/BroCampTasks/Angular_Project/frontend/node_modules/vite/dist/client/env.mjs 304 [21/Feb/2025:08:51:38 +0000] - 7.623 ms localhost
GET /chunk-LQXIB7A4.js 304 [21/Feb/2025:08:51:38 +0000] - 7.323 ms localhost
GET /chunk-JK2OZDZD.js 304 [21/Feb/2025:08:51:38 +0000] - 7.832 ms localhost
GET /chunk-MVVCEGMG.js 304 [21/Feb/2025:08:51:38 +0000] - 4.087 ms localhost
GET /chunk-QA724MRA.js 304 [21/Feb/2025:08:51:38 +0000] - 11.611 ms localhost
GET /chunk-MQDO5BT4.js 304 [21/Feb/2025:08:51:39 +0000] - 9.062 ms localhost
GET /chunk-KSELMSGV.js 304 [21/Feb/2025:08:51:39 +0000] - 8.939 ms localhost
GET /chunk-AD6BEBTX.js 304 [21/Feb/2025:08:51:39 +0000] - 8.164 ms localhost
GET /chunk-F64TRUFE.js 304 [21/Feb/2025:08:51:39 +0000] - 21.875 ms localhost
POST /api/user/login 200 [21/Feb/2025:08:51:49 +0000] - 798.061 ms localhost
GET /chunk-BNG26WZD.js 200 [21/Feb/2025:08:51:49 +0000] - 11.138 ms localhost
GET /chunk-YO3T3DAV.js 304 [21/Feb/2025:08:51:49 +0000] - 13.140 ms localhost
GET /chunk-C6VTIA56.js 304 [21/Feb/2025:08:51:49 +0000] - 12.307 ms localhost
GET /chunk-UTK57PFC.js 200 [21/Feb/2025:08:51:53 +0000] - 16.606 ms localhost
GET /chunk-KN2KASIV.js 200 [21/Feb/2025:08:51:53 +0000] - 4.956 ms localhost
GET /api/booking/user/674e8a6920bc39246157f503 304 [21/Feb/2025:08:51:54 +0000] - 321.883 ms localhost
GET / - [21/Feb/2025:08:55:38 +0000] - - ms localhost
GET /favorites 200 [21/Feb/2025:09:06:04 +0000] - 175.430 ms localhost
GET /@vite/client 304 [21/Feb/2025:09:06:04 +0000] - 4.935 ms localhost
GET /styles.css 200 [21/Feb/2025:09:06:04 +0000] - 5.451 ms localhost
GET /polyfills.js 304 [21/Feb/2025:09:06:04 +0000] - 4.398 ms localhost
GET /main.js 200 [21/Feb/2025:09:06:04 +0000] - 5.406 ms localhost
GET /@fs/C:/Users/USER/Desktop/BroCampTasks/Angular_Project/frontend/node_modules/vite/dist/client/env.mjs 304 [21/Feb/2025:09:06:04 +0000] - 3.693 ms localhost
GET /chunk-LQXIB7A4.js 304 [21/Feb/2025:09:06:04 +0000] - 9.067 ms localhost
GET /chunk-JK2OZDZD.js 304 [21/Feb/2025:09:06:04 +0000] - 3.057 ms localhost
GET /chunk-MVVCEGMG.js 304 [21/Feb/2025:09:06:04 +0000] - 3.704 ms localhost
GET /chunk-FXOGP2YG.js 200 [21/Feb/2025:09:06:05 +0000] - 6.423 ms localhost
GET /chunk-QA724MRA.js 304 [21/Feb/2025:09:06:05 +0000] - 3.074 ms localhost
GET /favicon.ico 304 [21/Feb/2025:09:06:05 +0000] - 10.904 ms localhost
GET /chunk-KSELMSGV.js 304 [21/Feb/2025:09:06:05 +0000] - 5.187 ms localhost
GET /chunk-AD6BEBTX.js 304 [21/Feb/2025:09:06:05 +0000] - 3.055 ms localhost
GET /chunk-MQDO5BT4.js 304 [21/Feb/2025:09:06:05 +0000] - 3.301 ms localhost
GET /chunk-F64TRUFE.js 304 [21/Feb/2025:09:06:05 +0000] - 3.208 ms localhost
GET / - [21/Feb/2025:09:10:04 +0000] - - ms localhost
GET /login 200 [21/Feb/2025:09:12:35 +0000] - 17.673 ms localhost
GET /@vite/client 304 [21/Feb/2025:09:12:35 +0000] - 4.271 ms localhost
GET /styles.css 200 [21/Feb/2025:09:12:35 +0000] - 3.769 ms localhost
GET /polyfills.js 304 [21/Feb/2025:09:12:36 +0000] - 3.962 ms localhost
GET /main.js 200 [21/Feb/2025:09:12:36 +0000] - 3.309 ms localhost
GET /@fs/C:/Users/USER/Desktop/BroCampTasks/Angular_Project/frontend/node_modules/vite/dist/client/env.mjs 304 [21/Feb/2025:09:12:36 +0000] - 8.665 ms localhost
GET /chunk-LQXIB7A4.js 304 [21/Feb/2025:09:12:36 +0000] - 2.491 ms localhost
GET /chunk-JK2OZDZD.js 304 [21/Feb/2025:09:12:36 +0000] - 3.502 ms localhost
GET /chunk-MVVCEGMG.js 304 [21/Feb/2025:09:12:36 +0000] - 2.570 ms localhost
GET /chunk-QA724MRA.js 304 [21/Feb/2025:09:12:36 +0000] - 2.411 ms localhost
GET /chunk-KSELMSGV.js 304 [21/Feb/2025:09:12:36 +0000] - 2.643 ms localhost
GET /chunk-AD6BEBTX.js 304 [21/Feb/2025:09:12:36 +0000] - 4.808 ms localhost
GET /chunk-MQDO5BT4.js 304 [21/Feb/2025:09:12:36 +0000] - 5.897 ms localhost
GET /chunk-F64TRUFE.js 304 [21/Feb/2025:09:12:37 +0000] - 4.616 ms localhost
GET /favicon.ico 304 [21/Feb/2025:09:12:37 +0000] - 4.803 ms localhost
GET / - [21/Feb/2025:09:16:36 +0000] - - ms localhost
GET /login 200 [21/Feb/2025:09:17:21 +0000] - 21.673 ms localhost
GET /@vite/client 304 [21/Feb/2025:09:17:21 +0000] - 4.782 ms localhost
GET /styles.css 200 [21/Feb/2025:09:17:21 +0000] - 3.465 ms localhost
GET /polyfills.js 304 [21/Feb/2025:09:17:21 +0000] - 4.279 ms localhost
GET /main.js 200 [21/Feb/2025:09:17:21 +0000] - 3.607 ms localhost
GET /@fs/C:/Users/USER/Desktop/BroCampTasks/Angular_Project/frontend/node_modules/vite/dist/client/env.mjs 304 [21/Feb/2025:09:17:21 +0000] - 3.702 ms localhost
GET /chunk-LQXIB7A4.js 304 [21/Feb/2025:09:17:22 +0000] - 4.084 ms localhost
GET /chunk-JK2OZDZD.js 304 [21/Feb/2025:09:17:22 +0000] - 13.026 ms localhost
GET /chunk-MVVCEGMG.js 304 [21/Feb/2025:09:17:22 +0000] - 4.654 ms localhost
GET /chunk-QA724MRA.js 304 [21/Feb/2025:09:17:22 +0000] - 2.947 ms localhost
GET /chunk-KSELMSGV.js 304 [21/Feb/2025:09:17:23 +0000] - 5.413 ms localhost
GET /chunk-AD6BEBTX.js 304 [21/Feb/2025:09:17:23 +0000] - 5.752 ms localhost
GET /chunk-MQDO5BT4.js 304 [21/Feb/2025:09:17:23 +0000] - 7.993 ms localhost
GET /chunk-F64TRUFE.js 304 [21/Feb/2025:09:17:23 +0000] - 2.630 ms localhost
GET /favicon.ico 304 [21/Feb/2025:09:17:23 +0000] - 6.310 ms localhost
GET / - [21/Feb/2025:09:18:07 +0000] - - ms localhost
GET / - [21/Feb/2025:12:53:53 +0000] - - ms localhost
GET /login 200 [21/Feb/2025:14:45:02 +0000] - 659.575 ms localhost
GET /@vite/client 304 [21/Feb/2025:14:45:03 +0000] - 114.429 ms localhost
GET /styles.css 200 [21/Feb/2025:14:45:03 +0000] - 114.760 ms localhost
GET /polyfills.js 304 [21/Feb/2025:14:45:03 +0000] - 123.094 ms localhost
GET /main.js 200 [21/Feb/2025:14:45:03 +0000] - 116.389 ms localhost
GET /@fs/C:/Users/USER/Desktop/BroCampTasks/Angular_Project/frontend/node_modules/vite/dist/client/env.mjs 304 [21/Feb/2025:14:45:03 +0000] - 8.462 ms localhost
GET /chunk-LQXIB7A4.js 304 [21/Feb/2025:14:45:03 +0000] - 2.656 ms localhost
GET /chunk-MVVCEGMG.js 304 [21/Feb/2025:14:45:03 +0000] - 14.088 ms localhost
GET /chunk-JK2OZDZD.js 304 [21/Feb/2025:14:45:03 +0000] - 13.882 ms localhost
GET /chunk-QA724MRA.js 304 [21/Feb/2025:14:45:05 +0000] - 9.856 ms localhost
GET /favicon.ico 304 [21/Feb/2025:14:45:05 +0000] - 18.823 ms localhost
GET /chunk-MQDO5BT4.js 304 [21/Feb/2025:14:45:05 +0000] - 6.706 ms localhost
GET /chunk-KSELMSGV.js 304 [21/Feb/2025:14:45:05 +0000] - 10.043 ms localhost
GET /chunk-F64TRUFE.js 304 [21/Feb/2025:14:45:05 +0000] - 7.139 ms localhost
GET /chunk-AD6BEBTX.js 304 [21/Feb/2025:14:45:05 +0000] - 4.611 ms localhost
GET / - [21/Feb/2025:14:49:03 +0000] - - ms localhost
GET /login 200 [21/Feb/2025:15:01:57 +0000] - 162.523 ms localhost
GET /@vite/client 304 [21/Feb/2025:15:01:58 +0000] - 147.871 ms localhost
GET /styles.css 200 [21/Feb/2025:15:01:58 +0000] - 35.337 ms localhost
GET /polyfills.js 304 [21/Feb/2025:15:01:58 +0000] - 41.398 ms localhost
GET /main.js 304 [21/Feb/2025:15:01:58 +0000] - 33.969 ms localhost
GET /@fs/C:/Users/USER/Desktop/BroCampTasks/Angular_Project/frontend/node_modules/vite/dist/client/env.mjs 304 [21/Feb/2025:15:01:58 +0000] - 5.957 ms localhost
GET /chunk-LQXIB7A4.js 304 [21/Feb/2025:15:01:58 +0000] - 5.475 ms localhost
GET /chunk-JK2OZDZD.js 304 [21/Feb/2025:15:01:58 +0000] - 6.542 ms localhost
GET /chunk-MVVCEGMG.js 304 [21/Feb/2025:15:01:58 +0000] - 11.190 ms localhost
GET /chunk-QA724MRA.js 304 [21/Feb/2025:15:01:58 +0000] - 3.288 ms localhost
GET /chunk-KSELMSGV.js 304 [21/Feb/2025:15:01:58 +0000] - 10.510 ms localhost
GET /chunk-F64TRUFE.js 304 [21/Feb/2025:15:01:58 +0000] - 7.470 ms localhost
GET /chunk-MQDO5BT4.js 304 [21/Feb/2025:15:01:58 +0000] - 11.226 ms localhost
GET /chunk-AD6BEBTX.js 304 [21/Feb/2025:15:01:58 +0000] - 11.569 ms localhost
GET /favicon.ico 304 [21/Feb/2025:15:01:58 +0000] - 15.837 ms localhost
POST /api/user/login 200 [21/Feb/2025:15:02:05 +0000] - 896.605 ms localhost
GET /chunk-BT55AZBO.js 200 [21/Feb/2025:15:02:05 +0000] - 44.143 ms localhost
GET /chunk-C6VTIA56.js 304 [21/Feb/2025:15:02:05 +0000] - 4.144 ms localhost
GET /chunk-2SFNWRCD.js 200 [21/Feb/2025:15:02:05 +0000] - 21.686 ms localhost
GET /dashboard 200 [21/Feb/2025:15:03:25 +0000] - 36.562 ms localhost
GET / - [21/Feb/2025:15:03:25 +0000] - - ms localhost
GET /@vite/client 304 [21/Feb/2025:15:03:25 +0000] - 12.168 ms localhost
GET /styles.css 200 [21/Feb/2025:15:03:25 +0000] - 12.025 ms localhost
GET /polyfills.js 304 [21/Feb/2025:15:03:25 +0000] - 16.017 ms localhost
GET /main.js 200 [21/Feb/2025:15:03:25 +0000] - 15.109 ms localhost
GET /@fs/C:/Users/USER/Desktop/BroCampTasks/Angular_Project/frontend/node_modules/vite/dist/client/env.mjs 304 [21/Feb/2025:15:03:25 +0000] - 3.958 ms localhost
GET /chunk-LQXIB7A4.js 304 [21/Feb/2025:15:03:25 +0000] - 4.369 ms localhost
GET /chunk-JK2OZDZD.js 304 [21/Feb/2025:15:03:25 +0000] - 8.878 ms localhost
GET /chunk-MVVCEGMG.js 304 [21/Feb/2025:15:03:25 +0000] - 6.869 ms localhost
GET /chunk-RDM4DPZM.js 200 [21/Feb/2025:15:03:26 +0000] - 6.369 ms localhost
GET /chunk-QA724MRA.js 304 [21/Feb/2025:15:03:26 +0000] - 7.556 ms localhost
GET /favicon.ico 304 [21/Feb/2025:15:03:26 +0000] - 8.075 ms localhost
GET /chunk-KSELMSGV.js 304 [21/Feb/2025:15:03:26 +0000] - 10.608 ms localhost
GET /chunk-AD6BEBTX.js 304 [21/Feb/2025:15:03:26 +0000] - 10.960 ms localhost
GET /chunk-MQDO5BT4.js 304 [21/Feb/2025:15:03:26 +0000] - 11.516 ms localhost
GET /chunk-F64TRUFE.js 304 [21/Feb/2025:15:03:26 +0000] - 9.988 ms localhost
POST /api/user/login 200 [21/Feb/2025:15:03:35 +0000] - 550.065 ms localhost
GET /chunk-2SFNWRCD.js 304 [21/Feb/2025:15:03:35 +0000] - 7.740 ms localhost
GET /chunk-C6VTIA56.js 304 [21/Feb/2025:15:03:35 +0000] - 7.899 ms localhost
GET /chunk-E24Z7BF6.js 200 [21/Feb/2025:15:03:39 +0000] - 8.312 ms localhost
GET /chunk-H5DLJVJR.js 200 [21/Feb/2025:15:03:39 +0000] - 4.615 ms localhost
GET /api/booking/user/674e8a6920bc39246157f503 304 [21/Feb/2025:15:03:40 +0000] - 1072.099 ms localhost
GET /styles.css 200 [21/Feb/2025:15:03:47 +0000] - 9.662 ms localhost
GET /@fs/C:/Users/USER/Desktop/BroCampTasks/Angular_Project/frontend/.angular/cache/18.2.11/frontend/vite/deps/@angular_common_http.js.map 304 [21/Feb/2025:15:03:47 +0000] - 45.817 ms localhost
GET /@fs/C:/Users/USER/Desktop/BroCampTasks/Angular_Project/frontend/.angular/cache/18.2.11/frontend/vite/deps/@angular_core.js.map 304 [21/Feb/2025:15:03:47 +0000] - 57.039 ms localhost
GET /@fs/C:/Users/USER/Desktop/BroCampTasks/Angular_Project/frontend/.angular/cache/18.2.11/frontend/vite/deps/@angular_platform-browser.js.map 304 [21/Feb/2025:15:03:47 +0000] - 135.223 ms localhost
GET /@fs/C:/Users/USER/Desktop/BroCampTasks/Angular_Project/frontend/.angular/cache/18.2.11/frontend/vite/deps/rxjs.js.map 304 [21/Feb/2025:15:03:47 +0000] - 116.395 ms localhost
GET /@fs/C:/Users/USER/Desktop/BroCampTasks/Angular_Project/frontend/.angular/cache/18.2.11/frontend/vite/deps/@angular_forms.js.map 304 [21/Feb/2025:15:03:47 +0000] - 92.175 ms localhost
GET /@fs/C:/Users/USER/Desktop/BroCampTasks/Angular_Project/frontend/.angular/cache/18.2.11/frontend/vite/deps/ngx-socket-io.js.map 304 [21/Feb/2025:15:03:47 +0000] - 138.615 ms localhost
GET /@fs/C:/Users/USER/Desktop/BroCampTasks/Angular_Project/frontend/.angular/cache/18.2.11/frontend/vite/deps/emoji-picker-element.js.map 304 [21/Feb/2025:15:03:47 +0000] - 190.380 ms localhost
GET /@fs/C:/Users/USER/Desktop/BroCampTasks/Angular_Project/frontend/.angular/cache/18.2.11/frontend/vite/deps/chunk-ZKQIAUIS.js.map 304 [21/Feb/2025:15:03:47 +0000] - 114.712 ms localhost
GET /@fs/C:/Users/USER/Desktop/BroCampTasks/Angular_Project/frontend/.angular/cache/18.2.11/frontend/vite/deps/chunk-2ZWNOPXZ.js.map 304 [21/Feb/2025:15:03:47 +0000] - 102.151 ms localhost
GET /@fs/C:/Users/USER/Desktop/BroCampTasks/Angular_Project/frontend/.angular/cache/18.2.11/frontend/vite/deps/chunk-F4ZW7LLY.js.map 304 [21/Feb/2025:15:03:47 +0000] - 124.681 ms localhost
GET /@fs/C:/Users/USER/Desktop/BroCampTasks/Angular_Project/frontend/.angular/cache/18.2.11/frontend/vite/deps/chunk-66JPAEYR.js.map 304 [21/Feb/2025:15:03:48 +0000] - 407.389 ms localhost
GET /@fs/C:/Users/USER/Desktop/BroCampTasks/Angular_Project/frontend/.angular/cache/18.2.11/frontend/vite/deps/chunk-XWLXMCJQ.js.map 304 [21/Feb/2025:15:03:48 +0000] - 357.657 ms localhost
GET /@fs/C:/Users/USER/Desktop/BroCampTasks/Angular_Project/frontend/.angular/cache/18.2.11/frontend/vite/deps/@angular_common.js.map 304 [21/Feb/2025:15:03:48 +0000] - 323.683 ms localhost
GET /styles.css.map 200 [21/Feb/2025:15:03:48 +0000] - 24.483 ms localhost
GET /layout.component.css.map 200 [21/Feb/2025:15:03:48 +0000] - 26.196 ms localhost
GET /@fs/C:/Users/USER/Desktop/BroCampTasks/Angular_Project/frontend/.angular/cache/18.2.11/frontend/vite/deps/chunk-BKIWMXDL.js.map 304 [21/Feb/2025:15:03:48 +0000] - 727.473 ms localhost
GET /@fs/C:/Users/USER/Desktop/BroCampTasks/Angular_Project/frontend/.angular/cache/18.2.11/frontend/vite/deps/chunk-7MS5FTBZ.js.map 304 [21/Feb/2025:15:03:48 +0000] - 882.290 ms localhost
GET /@fs/C:/Users/USER/Desktop/BroCampTasks/Angular_Project/frontend/.angular/cache/18.2.11/frontend/vite/deps/@angular_router.js.map 304 [21/Feb/2025:15:03:49 +0000] - 1795.092 ms localhost
POST /api/booking/confirm 404 [21/Feb/2025:15:03:53 +0000] - 108.140 ms localhost
GET /favourites 200 [21/Feb/2025:15:04:55 +0000] - 14.135 ms localhost
GET / - [21/Feb/2025:15:04:55 +0000] - - ms localhost
GET /@vite/client 200 [21/Feb/2025:15:04:55 +0000] - 41.080 ms localhost
GET /styles.css 200 [21/Feb/2025:15:04:55 +0000] - 39.892 ms localhost
GET /polyfills.js 200 [21/Feb/2025:15:04:55 +0000] - 63.580 ms localhost
GET /main.js 200 [21/Feb/2025:15:04:55 +0000] - 64.380 ms localhost
GET /@fs/C:/Users/USER/Desktop/BroCampTasks/Angular_Project/frontend/node_modules/vite/dist/client/env.mjs 200 [21/Feb/2025:15:04:55 +0000] - 3.999 ms localhost
GET /chunk-LQXIB7A4.js 200 [21/Feb/2025:15:04:55 +0000] - 4.200 ms localhost
GET /chunk-MVVCEGMG.js 200 [21/Feb/2025:15:04:55 +0000] - 43.021 ms localhost
GET /chunk-JK2OZDZD.js 200 [21/Feb/2025:15:04:55 +0000] - 49.767 ms localhost
GET /@fs/C:/Users/USER/Desktop/BroCampTasks/Angular_Project/frontend/.angular/cache/18.2.11/frontend/vite/deps/@angular_platform-browser.js?v=30d9074f 200 [21/Feb/2025:15:04:55 +0000] - 15.398 ms localhost
GET /@fs/C:/Users/USER/Desktop/BroCampTasks/Angular_Project/frontend/.angular/cache/18.2.11/frontend/vite/deps/@angular_core.js?v=30d9074f 200 [21/Feb/2025:15:04:55 +0000] - 12.726 ms localhost
GET /@fs/C:/Users/USER/Desktop/BroCampTasks/Angular_Project/frontend/.angular/cache/18.2.11/frontend/vite/deps/@angular_router.js?v=30d9074f 200 [21/Feb/2025:15:04:55 +0000] - 18.662 ms localhost
GET /@fs/C:/Users/USER/Desktop/BroCampTasks/Angular_Project/frontend/.angular/cache/18.2.11/frontend/vite/deps/@angular_common_http.js?v=30d9074f 200 [21/Feb/2025:15:04:55 +0000] - 21.001 ms localhost
GET /@fs/C:/Users/USER/Desktop/BroCampTasks/Angular_Project/frontend/.angular/cache/18.2.11/frontend/vite/deps/rxjs.js?v=30d9074f 200 [21/Feb/2025:15:04:55 +0000] - 29.238 ms localhost
GET /@fs/C:/Users/USER/Desktop/BroCampTasks/Angular_Project/frontend/.angular/cache/18.2.11/frontend/vite/deps/ngx-socket-io.js?v=30d9074f 200 [21/Feb/2025:15:04:55 +0000] - 29.201 ms localhost
GET /@fs/C:/Users/USER/Desktop/BroCampTasks/Angular_Project/frontend/.angular/cache/18.2.11/frontend/vite/deps/@angular_forms.js?v=30d9074f 200 [21/Feb/2025:15:04:55 +0000] - 31.367 ms localhost
GET /@fs/C:/Users/USER/Desktop/BroCampTasks/Angular_Project/frontend/.angular/cache/18.2.11/frontend/vite/deps/emoji-picker-element.js?v=30d9074f 200 [21/Feb/2025:15:04:55 +0000] - 10.592 ms localhost
GET /@fs/C:/Users/USER/Desktop/BroCampTasks/Angular_Project/frontend/.angular/cache/18.2.11/frontend/vite/deps/chunk-ZKQIAUIS.js?v=30d9074f 200 [21/Feb/2025:15:04:55 +0000] - 8.398 ms localhost
GET /@fs/C:/Users/USER/Desktop/BroCampTasks/Angular_Project/frontend/.angular/cache/18.2.11/frontend/vite/deps/chunk-F4ZW7LLY.js?v=30d9074f 200 [21/Feb/2025:15:04:55 +0000] - 12.522 ms localhost
GET /@fs/C:/Users/USER/Desktop/BroCampTasks/Angular_Project/frontend/.angular/cache/18.2.11/frontend/vite/deps/chunk-2ZWNOPXZ.js?v=30d9074f 200 [21/Feb/2025:15:04:55 +0000] - 11.604 ms localhost
GET /@fs/C:/Users/USER/Desktop/BroCampTasks/Angular_Project/frontend/.angular/cache/18.2.11/frontend/vite/deps/chunk-BKIWMXDL.js?v=30d9074f 200 [21/Feb/2025:15:04:55 +0000] - 20.279 ms localhost
GET /@fs/C:/Users/USER/Desktop/BroCampTasks/Angular_Project/frontend/.angular/cache/18.2.11/frontend/vite/deps/chunk-66JPAEYR.js?v=30d9074f 200 [21/Feb/2025:15:04:55 +0000] - 20.715 ms localhost
GET /@fs/C:/Users/USER/Desktop/BroCampTasks/Angular_Project/frontend/.angular/cache/18.2.11/frontend/vite/deps/chunk-XWLXMCJQ.js?v=30d9074f 200 [21/Feb/2025:15:04:55 +0000] - 13.833 ms localhost
GET /@fs/C:/Users/USER/Desktop/BroCampTasks/Angular_Project/frontend/.angular/cache/18.2.11/frontend/vite/deps/chunk-7MS5FTBZ.js?v=30d9074f 200 [21/Feb/2025:15:04:55 +0000] - 12.970 ms localhost
GET /styles.css.map 200 [21/Feb/2025:15:04:55 +0000] - 13.548 ms localhost
GET /@fs/C:/Users/USER/Desktop/BroCampTasks/Angular_Project/frontend/.angular/cache/18.2.11/frontend/vite/deps/@angular_core.js.map 304 [21/Feb/2025:15:04:55 +0000] - 12.248 ms localhost
GET /@fs/C:/Users/USER/Desktop/BroCampTasks/Angular_Project/frontend/.angular/cache/18.2.11/frontend/vite/deps/chunk-BKIWMXDL.js.map 304 [21/Feb/2025:15:04:56 +0000] - 170.788 ms localhost
GET /@fs/C:/Users/USER/Desktop/BroCampTasks/Angular_Project/frontend/.angular/cache/18.2.11/frontend/vite/deps/chunk-66JPAEYR.js.map 304 [21/Feb/2025:15:04:56 +0000] - 191.037 ms localhost
GET /@fs/C:/Users/USER/Desktop/BroCampTasks/Angular_Project/frontend/.angular/cache/18.2.11/frontend/vite/deps/rxjs.js.map 304 [21/Feb/2025:15:04:56 +0000] - 195.455 ms localhost
GET /@fs/C:/Users/USER/Desktop/BroCampTasks/Angular_Project/frontend/.angular/cache/18.2.11/frontend/vite/deps/chunk-ZKQIAUIS.js.map 304 [21/Feb/2025:15:04:56 +0000] - 192.446 ms localhost
GET /@fs/C:/Users/USER/Desktop/BroCampTasks/Angular_Project/frontend/.angular/cache/18.2.11/frontend/vite/deps/chunk-2ZWNOPXZ.js.map 304 [21/Feb/2025:15:04:56 +0000] - 254.400 ms localhost
GET /chunk-RDM4DPZM.js 200 [21/Feb/2025:15:04:56 +0000] - 83.007 ms localhost
GET /@fs/C:/Users/USER/Desktop/BroCampTasks/Angular_Project/frontend/.angular/cache/18.2.11/frontend/vite/deps/@angular_common_http.js.map 304 [21/Feb/2025:15:04:56 +0000] - 294.112 ms localhost
GET /@fs/C:/Users/USER/Desktop/BroCampTasks/Angular_Project/frontend/.angular/cache/18.2.11/frontend/vite/deps/ngx-socket-io.js.map 304 [21/Feb/2025:15:04:56 +0000] - 99.616 ms localhost
GET /@fs/C:/Users/USER/Desktop/BroCampTasks/Angular_Project/frontend/.angular/cache/18.2.11/frontend/vite/deps/chunk-XWLXMCJQ.js.map 304 [21/Feb/2025:15:04:56 +0000] - 25.653 ms localhost
GET /@fs/C:/Users/USER/Desktop/BroCampTasks/Angular_Project/frontend/.angular/cache/18.2.11/frontend/vite/deps/chunk-7MS5FTBZ.js.map 304 [21/Feb/2025:15:04:56 +0000] - 121.857 ms localhost
GET /@fs/C:/Users/USER/Desktop/BroCampTasks/Angular_Project/frontend/.angular/cache/18.2.11/frontend/vite/deps/emoji-picker-element.js.map 304 [21/Feb/2025:15:04:56 +0000] - 68.242 ms localhost
GET /@fs/C:/Users/USER/Desktop/BroCampTasks/Angular_Project/frontend/.angular/cache/18.2.11/frontend/vite/deps/chunk-F4ZW7LLY.js.map 304 [21/Feb/2025:15:04:56 +0000] - 110.081 ms localhost
GET /@fs/C:/Users/USER/Desktop/BroCampTasks/Angular_Project/frontend/.angular/cache/18.2.11/frontend/vite/deps/@angular_platform-browser.js.map 304 [21/Feb/2025:15:04:56 +0000] - 107.753 ms localhost
GET /@fs/C:/Users/USER/Desktop/BroCampTasks/Angular_Project/frontend/.angular/cache/18.2.11/frontend/vite/deps/@angular_forms.js.map 304 [21/Feb/2025:15:04:56 +0000] - 117.803 ms localhost
GET /@fs/C:/Users/USER/Desktop/BroCampTasks/Angular_Project/frontend/.angular/cache/18.2.11/frontend/vite/deps/@angular_router.js.map 304 [21/Feb/2025:15:04:56 +0000] - 246.119 ms localhost
GET /chunk-QA724MRA.js 304 [21/Feb/2025:15:04:56 +0000] - 33.150 ms localhost
GET /favicon.ico 200 [21/Feb/2025:15:04:56 +0000] - 54.006 ms localhost
GET /chunk-KSELMSGV.js 304 [21/Feb/2025:15:04:56 +0000] - 6.196 ms localhost
GET /chunk-AD6BEBTX.js 304 [21/Feb/2025:15:04:56 +0000] - 5.485 ms localhost
GET /chunk-F64TRUFE.js 304 [21/Feb/2025:15:04:56 +0000] - 6.818 ms localhost
GET /chunk-MQDO5BT4.js 304 [21/Feb/2025:15:04:56 +0000] - 5.928 ms localhost
GET /@fs/C:/Users/USER/Desktop/BroCampTasks/Angular_Project/frontend/.angular/cache/18.2.11/frontend/vite/deps/@angular_common.js.map 304 [21/Feb/2025:15:04:56 +0000] - 8.168 ms localhost
GET /login.component.css.map 200 [21/Feb/2025:15:04:56 +0000] - 3.065 ms localhost
POST /api/user/login 200 [21/Feb/2025:15:05:03 +0000] - 345.958 ms localhost
GET /chunk-2SFNWRCD.js 304 [21/Feb/2025:15:05:04 +0000] - 5.391 ms localhost
GET /chunk-C6VTIA56.js 304 [21/Feb/2025:15:05:04 +0000] - 3.402 ms localhost
GET /layout.component.css.map 200 [21/Feb/2025:15:05:04 +0000] - 7.199 ms localhost
GET /dashboard.component.css.map 200 [21/Feb/2025:15:05:04 +0000] - 7.743 ms localhost
GET /chunk-E24Z7BF6.js 304 [21/Feb/2025:15:05:50 +0000] - 3.638 ms localhost
GET /chunk-H5DLJVJR.js 304 [21/Feb/2025:15:05:50 +0000] - 1.894 ms localhost
GET /api/booking/user/674e8a6920bc39246157f503 304 [21/Feb/2025:15:05:50 +0000] - 221.750 ms localhost
POST /api/booking/confirm 404 [21/Feb/2025:15:05:52 +0000] - 146.195 ms localhost
GET /favourites 200 [21/Feb/2025:15:07:23 +0000] - 20.872 ms localhost
GET / - [21/Feb/2025:15:07:23 +0000] - - ms localhost
GET /styles.css 200 [21/Feb/2025:15:07:23 +0000] - 5.769 ms localhost
GET /@vite/client 304 [21/Feb/2025:15:07:23 +0000] - 4.518 ms localhost
GET /polyfills.js 304 [21/Feb/2025:15:07:23 +0000] - 8.311 ms localhost
GET /main.js 304 [21/Feb/2025:15:07:23 +0000] - 8.563 ms localhost
GET /styles.css.map 200 [21/Feb/2025:15:07:23 +0000] - 12.965 ms localhost
GET /chunk-LQXIB7A4.js 304 [21/Feb/2025:15:07:23 +0000] - 14.903 ms localhost
GET /chunk-JK2OZDZD.js 304 [21/Feb/2025:15:07:23 +0000] - 14.471 ms localhost
GET /chunk-MVVCEGMG.js 304 [21/Feb/2025:15:07:23 +0000] - 16.323 ms localhost
GET /@fs/C:/Users/USER/Desktop/BroCampTasks/Angular_Project/frontend/node_modules/vite/dist/client/env.mjs 304 [21/Feb/2025:15:07:23 +0000] - 3.707 ms localhost
GET /@fs/C:/Users/USER/Desktop/BroCampTasks/Angular_Project/frontend/.angular/cache/18.2.11/frontend/vite/deps/@angular_core.js.map 304 [21/Feb/2025:15:07:23 +0000] - 47.039 ms localhost
GET /@fs/C:/Users/USER/Desktop/BroCampTasks/Angular_Project/frontend/.angular/cache/18.2.11/frontend/vite/deps/chunk-XWLXMCJQ.js.map 304 [21/Feb/2025:15:07:23 +0000] - 46.095 ms localhost
GET /@fs/C:/Users/USER/Desktop/BroCampTasks/Angular_Project/frontend/.angular/cache/18.2.11/frontend/vite/deps/rxjs.js.map 304 [21/Feb/2025:15:07:23 +0000] - 45.648 ms localhost
GET /@fs/C:/Users/USER/Desktop/BroCampTasks/Angular_Project/frontend/.angular/cache/18.2.11/frontend/vite/deps/@angular_common_http.js.map 304 [21/Feb/2025:15:07:23 +0000] - 45.331 ms localhost
GET /@fs/C:/Users/USER/Desktop/BroCampTasks/Angular_Project/frontend/.angular/cache/18.2.11/frontend/vite/deps/chunk-66JPAEYR.js.map 304 [21/Feb/2025:15:07:23 +0000] - 66.003 ms localhost
GET /@fs/C:/Users/USER/Desktop/BroCampTasks/Angular_Project/frontend/.angular/cache/18.2.11/frontend/vite/deps/chunk-BKIWMXDL.js.map 304 [21/Feb/2025:15:07:24 +0000] - 182.289 ms localhost
GET /chunk-RDM4DPZM.js 304 [21/Feb/2025:15:07:24 +0000] - 51.166 ms localhost
GET /@fs/C:/Users/USER/Desktop/BroCampTasks/Angular_Project/frontend/.angular/cache/18.2.11/frontend/vite/deps/chunk-2ZWNOPXZ.js.map 304 [21/Feb/2025:15:07:24 +0000] - 138.004 ms localhost
GET /@fs/C:/Users/USER/Desktop/BroCampTasks/Angular_Project/frontend/.angular/cache/18.2.11/frontend/vite/deps/chunk-ZKQIAUIS.js.map 304 [21/Feb/2025:15:07:24 +0000] - 139.194 ms localhost
GET /@fs/C:/Users/USER/Desktop/BroCampTasks/Angular_Project/frontend/.angular/cache/18.2.11/frontend/vite/deps/ngx-socket-io.js.map 304 [21/Feb/2025:15:07:24 +0000] - 139.999 ms localhost
GET /@fs/C:/Users/USER/Desktop/BroCampTasks/Angular_Project/frontend/.angular/cache/18.2.11/frontend/vite/deps/@angular_forms.js.map 304 [21/Feb/2025:15:07:24 +0000] - 154.137 ms localhost
GET /@fs/C:/Users/USER/Desktop/BroCampTasks/Angular_Project/frontend/.angular/cache/18.2.11/frontend/vite/deps/emoji-picker-element.js.map 304 [21/Feb/2025:15:07:24 +0000] - 167.384 ms localhost
GET /@fs/C:/Users/USER/Desktop/BroCampTasks/Angular_Project/frontend/.angular/cache/18.2.11/frontend/vite/deps/@angular_platform-browser.js.map 304 [21/Feb/2025:15:07:24 +0000] - 63.956 ms localhost
GET /@fs/C:/Users/USER/Desktop/BroCampTasks/Angular_Project/frontend/.angular/cache/18.2.11/frontend/vite/deps/chunk-F4ZW7LLY.js.map 304 [21/Feb/2025:15:07:24 +0000] - 148.338 ms localhost
GET /@fs/C:/Users/USER/Desktop/BroCampTasks/Angular_Project/frontend/.angular/cache/18.2.11/frontend/vite/deps/@angular_router.js.map 304 [21/Feb/2025:15:07:24 +0000] - 150.587 ms localhost
GET /@fs/C:/Users/USER/Desktop/BroCampTasks/Angular_Project/frontend/.angular/cache/18.2.11/frontend/vite/deps/chunk-7MS5FTBZ.js.map 304 [21/Feb/2025:15:07:24 +0000] - 145.508 ms localhost
GET /favicon.ico 304 [21/Feb/2025:15:07:24 +0000] - 11.341 ms localhost
GET /chunk-QA724MRA.js 304 [21/Feb/2025:15:07:24 +0000] - 10.599 ms localhost
GET /chunk-KSELMSGV.js 304 [21/Feb/2025:15:07:24 +0000] - 7.394 ms localhost
GET /chunk-MQDO5BT4.js 304 [21/Feb/2025:15:07:24 +0000] - 7.344 ms localhost
GET /chunk-AD6BEBTX.js 304 [21/Feb/2025:15:07:24 +0000] - 7.041 ms localhost
GET /chunk-F64TRUFE.js 304 [21/Feb/2025:15:07:24 +0000] - 5.863 ms localhost
GET /@fs/C:/Users/USER/Desktop/BroCampTasks/Angular_Project/frontend/.angular/cache/18.2.11/frontend/vite/deps/@angular_common.js.map 304 [21/Feb/2025:15:07:24 +0000] - 4.956 ms localhost
GET /login.component.css.map 200 [21/Feb/2025:15:07:24 +0000] - 3.675 ms localhost
POST /api/user/login 200 [21/Feb/2025:15:07:31 +0000] - 335.308 ms localhost
GET /chunk-2SFNWRCD.js 304 [21/Feb/2025:15:07:31 +0000] - 7.565 ms localhost
GET /chunk-C6VTIA56.js 304 [21/Feb/2025:15:07:31 +0000] - 4.168 ms localhost
GET /layout.component.css.map 200 [21/Feb/2025:15:07:31 +0000] - 4.262 ms localhost
GET /dashboard.component.css.map 200 [21/Feb/2025:15:07:31 +0000] - 4.340 ms localhost
GET /chunk-E24Z7BF6.js 304 [21/Feb/2025:15:07:34 +0000] - 9.818 ms localhost
GET /chunk-H5DLJVJR.js 304 [21/Feb/2025:15:07:34 +0000] - 4.139 ms localhost
GET /api/booking/user/674e8a6920bc39246157f503 304 [21/Feb/2025:15:07:34 +0000] - 400.847 ms localhost
POST /api/booking/confirm 200 [21/Feb/2025:15:07:36 +0000] - 181.941 ms localhost
GET /favourites 200 [21/Feb/2025:15:08:31 +0000] - 12.076 ms localhost
GET / - [21/Feb/2025:15:08:31 +0000] - - ms localhost
GET /@vite/client 304 [21/Feb/2025:15:08:31 +0000] - 3.743 ms localhost
GET /styles.css 200 [21/Feb/2025:15:08:31 +0000] - 4.834 ms localhost
GET /polyfills.js 304 [21/Feb/2025:15:08:31 +0000] - 6.443 ms localhost
GET /main.js 200 [21/Feb/2025:15:08:31 +0000] - 6.604 ms localhost
GET /@fs/C:/Users/USER/Desktop/BroCampTasks/Angular_Project/frontend/node_modules/vite/dist/client/env.mjs 304 [21/Feb/2025:15:08:31 +0000] - 3.846 ms localhost
GET /styles.css.map 200 [21/Feb/2025:15:08:31 +0000] - 3.795 ms localhost
GET /chunk-LQXIB7A4.js 304 [21/Feb/2025:15:08:31 +0000] - 3.615 ms localhost
GET /chunk-JK2OZDZD.js 304 [21/Feb/2025:15:08:31 +0000] - 5.125 ms localhost
GET /chunk-MVVCEGMG.js 304 [21/Feb/2025:15:08:31 +0000] - 4.815 ms localhost
GET /@fs/C:/Users/USER/Desktop/BroCampTasks/Angular_Project/frontend/.angular/cache/18.2.11/frontend/vite/deps/@angular_core.js.map 304 [21/Feb/2025:15:08:31 +0000] - 20.786 ms localhost
GET /@fs/C:/Users/USER/Desktop/BroCampTasks/Angular_Project/frontend/.angular/cache/18.2.11/frontend/vite/deps/chunk-XWLXMCJQ.js.map 304 [21/Feb/2025:15:08:31 +0000] - 19.357 ms localhost
GET /@fs/C:/Users/USER/Desktop/BroCampTasks/Angular_Project/frontend/.angular/cache/18.2.11/frontend/vite/deps/rxjs.js.map 304 [21/Feb/2025:15:08:31 +0000] - 19.296 ms localhost
GET /@fs/C:/Users/USER/Desktop/BroCampTasks/Angular_Project/frontend/.angular/cache/18.2.11/frontend/vite/deps/@angular_common_http.js.map 304 [21/Feb/2025:15:08:31 +0000] - 18.938 ms localhost
GET /@fs/C:/Users/USER/Desktop/BroCampTasks/Angular_Project/frontend/.angular/cache/18.2.11/frontend/vite/deps/chunk-66JPAEYR.js.map 304 [21/Feb/2025:15:08:31 +0000] - 27.236 ms localhost
GET /@fs/C:/Users/USER/Desktop/BroCampTasks/Angular_Project/frontend/.angular/cache/18.2.11/frontend/vite/deps/chunk-BKIWMXDL.js.map 304 [21/Feb/2025:15:08:31 +0000] - 102.827 ms localhost
GET /chunk-QX4WAGVQ.js 200 [21/Feb/2025:15:08:32 +0000] - 72.719 ms localhost
GET /@fs/C:/Users/USER/Desktop/BroCampTasks/Angular_Project/frontend/.angular/cache/18.2.11/frontend/vite/deps/chunk-F4ZW7LLY.js.map 304 [21/Feb/2025:15:08:32 +0000] - 165.604 ms localhost
GET /@fs/C:/Users/USER/Desktop/BroCampTasks/Angular_Project/frontend/.angular/cache/18.2.11/frontend/vite/deps/@angular_platform-browser.js.map 304 [21/Feb/2025:15:08:32 +0000] - 159.227 ms localhost
GET /@fs/C:/Users/USER/Desktop/BroCampTasks/Angular_Project/frontend/.angular/cache/18.2.11/frontend/vite/deps/chunk-2ZWNOPXZ.js.map 304 [21/Feb/2025:15:08:32 +0000] - 166.066 ms localhost
GET /@fs/C:/Users/USER/Desktop/BroCampTasks/Angular_Project/frontend/.angular/cache/18.2.11/frontend/vite/deps/chunk-ZKQIAUIS.js.map 304 [21/Feb/2025:15:08:32 +0000] - 166.800 ms localhost
GET /@fs/C:/Users/USER/Desktop/BroCampTasks/Angular_Project/frontend/.angular/cache/18.2.11/frontend/vite/deps/@angular_router.js.map 304 [21/Feb/2025:15:08:32 +0000] - 204.758 ms localhost
GET /@fs/C:/Users/USER/Desktop/BroCampTasks/Angular_Project/frontend/.angular/cache/18.2.11/frontend/vite/deps/ngx-socket-io.js.map 304 [21/Feb/2025:15:08:32 +0000] - 68.975 ms localhost
GET /@fs/C:/Users/USER/Desktop/BroCampTasks/Angular_Project/frontend/.angular/cache/18.2.11/frontend/vite/deps/chunk-7MS5FTBZ.js.map 304 [21/Feb/2025:15:08:32 +0000] - 69.869 ms localhost
GET /@fs/C:/Users/USER/Desktop/BroCampTasks/Angular_Project/frontend/.angular/cache/18.2.11/frontend/vite/deps/@angular_forms.js.map 304 [21/Feb/2025:15:08:32 +0000] - 75.323 ms localhost
GET /@fs/C:/Users/USER/Desktop/BroCampTasks/Angular_Project/frontend/.angular/cache/18.2.11/frontend/vite/deps/emoji-picker-element.js.map 304 [21/Feb/2025:15:08:32 +0000] - 77.903 ms localhost
GET /favicon.ico 304 [21/Feb/2025:15:08:32 +0000] - 14.698 ms localhost
GET /chunk-QA724MRA.js 304 [21/Feb/2025:15:08:32 +0000] - 4.229 ms localhost
GET /chunk-KSELMSGV.js 304 [21/Feb/2025:15:08:32 +0000] - 8.117 ms localhost
GET /chunk-AD6BEBTX.js 304 [21/Feb/2025:15:08:32 +0000] - 7.100 ms localhost
GET /chunk-MQDO5BT4.js 304 [21/Feb/2025:15:08:32 +0000] - 8.785 ms localhost
GET /chunk-F64TRUFE.js 304 [21/Feb/2025:15:08:32 +0000] - 8.874 ms localhost
GET /login.component.css.map 200 [21/Feb/2025:15:08:32 +0000] - 4.031 ms localhost
GET /@fs/C:/Users/USER/Desktop/BroCampTasks/Angular_Project/frontend/.angular/cache/18.2.11/frontend/vite/deps/@angular_common.js.map 304 [21/Feb/2025:15:08:32 +0000] - 14.352 ms localhost
POST /api/user/login 200 [21/Feb/2025:15:08:41 +0000] - 343.381 ms localhost
GET /chunk-2SFNWRCD.js 304 [21/Feb/2025:15:08:41 +0000] - 7.541 ms localhost
GET /chunk-C6VTIA56.js 304 [21/Feb/2025:15:08:41 +0000] - 6.404 ms localhost
GET /layout.component.css.map 200 [21/Feb/2025:15:08:41 +0000] - 4.166 ms localhost
GET /dashboard.component.css.map 200 [21/Feb/2025:15:08:41 +0000] - 7.340 ms localhost
GET /chunk-ZAQWKUQZ.js 200 [21/Feb/2025:15:08:44 +0000] - 11.456 ms localhost
GET /chunk-ME24I62C.js 200 [21/Feb/2025:15:08:44 +0000] - 6.099 ms localhost
GET /api/booking/user/674e8a6920bc39246157f503 304 [21/Feb/2025:15:08:44 +0000] - 125.466 ms localhost
POST /api/booking/confirm 200 [21/Feb/2025:15:08:48 +0000] - 2420.070 ms localhost
GET / - [21/Feb/2025:15:12:31 +0000] - - ms localhost
GET /favourites 200 [21/Feb/2025:15:14:06 +0000] - 187.245 ms localhost
GET /styles.css 200 [21/Feb/2025:15:14:06 +0000] - 29.846 ms localhost
GET /polyfills.js 304 [21/Feb/2025:15:14:06 +0000] - 42.191 ms localhost
GET /main.js 304 [21/Feb/2025:15:14:06 +0000] - 41.671 ms localhost
GET /@vite/client 304 [21/Feb/2025:15:14:06 +0000] - 43.498 ms localhost
GET /@fs/C:/Users/USER/Desktop/BroCampTasks/Angular_Project/frontend/node_modules/vite/dist/client/env.mjs 304 [21/Feb/2025:15:14:06 +0000] - 6.054 ms localhost
GET /chunk-MVVCEGMG.js 304 [21/Feb/2025:15:14:06 +0000] - 105.460 ms localhost
GET /chunk-JK2OZDZD.js 304 [21/Feb/2025:15:14:06 +0000] - 28.338 ms localhost
GET /chunk-LQXIB7A4.js 304 [21/Feb/2025:15:14:06 +0000] - 26.820 ms localhost
GET /styles.css.map 200 [21/Feb/2025:15:14:06 +0000] - 13.567 ms localhost
GET /@fs/C:/Users/USER/Desktop/BroCampTasks/Angular_Project/frontend/.angular/cache/18.2.11/frontend/vite/deps/@angular_core.js.map 304 [21/Feb/2025:15:14:07 +0000] - 37.090 ms localhost
GET /@fs/C:/Users/USER/Desktop/BroCampTasks/Angular_Project/frontend/.angular/cache/18.2.11/frontend/vite/deps/chunk-BKIWMXDL.js.map 304 [21/Feb/2025:15:14:07 +0000] - 328.364 ms localhost
GET /@fs/C:/Users/USER/Desktop/BroCampTasks/Angular_Project/frontend/.angular/cache/18.2.11/frontend/vite/deps/chunk-XWLXMCJQ.js.map 304 [21/Feb/2025:15:14:07 +0000] - 322.922 ms localhost
GET /@fs/C:/Users/USER/Desktop/BroCampTasks/Angular_Project/frontend/.angular/cache/18.2.11/frontend/vite/deps/rxjs.js.map 304 [21/Feb/2025:15:14:07 +0000] - 323.237 ms localhost
GET /@fs/C:/Users/USER/Desktop/BroCampTasks/Angular_Project/frontend/.angular/cache/18.2.11/frontend/vite/deps/@angular_common_http.js.map 304 [21/Feb/2025:15:14:07 +0000] - 323.126 ms localhost
GET /chunk-QX4WAGVQ.js 304 [21/Feb/2025:15:14:07 +0000] - 282.771 ms localhost
GET /@fs/C:/Users/USER/Desktop/BroCampTasks/Angular_Project/frontend/.angular/cache/18.2.11/frontend/vite/deps/chunk-F4ZW7LLY.js.map 304 [21/Feb/2025:15:14:07 +0000] - 639.461 ms localhost
GET /@fs/C:/Users/USER/Desktop/BroCampTasks/Angular_Project/frontend/.angular/cache/18.2.11/frontend/vite/deps/chunk-66JPAEYR.js.map 304 [21/Feb/2025:15:14:07 +0000] - 688.767 ms localhost
GET /favicon.ico 304 [21/Feb/2025:15:14:07 +0000] - 13.591 ms localhost
GET /@fs/C:/Users/USER/Desktop/BroCampTasks/Angular_Project/frontend/.angular/cache/18.2.11/frontend/vite/deps/@angular_router.js.map 304 [21/Feb/2025:15:14:07 +0000] - 347.880 ms localhost
GET /@fs/C:/Users/USER/Desktop/BroCampTasks/Angular_Project/frontend/.angular/cache/18.2.11/frontend/vite/deps/chunk-2ZWNOPXZ.js.map 304 [21/Feb/2025:15:14:07 +0000] - 375.388 ms localhost
GET /@fs/C:/Users/USER/Desktop/BroCampTasks/Angular_Project/frontend/.angular/cache/18.2.11/frontend/vite/deps/chunk-7MS5FTBZ.js.map 304 [21/Feb/2025:15:14:07 +0000] - 367.654 ms localhost
GET /chunk-QA724MRA.js 304 [21/Feb/2025:15:14:07 +0000] - 8.621 ms localhost
GET /@fs/C:/Users/USER/Desktop/BroCampTasks/Angular_Project/frontend/.angular/cache/18.2.11/frontend/vite/deps/emoji-picker-element.js.map 304 [21/Feb/2025:15:14:07 +0000] - 75.623 ms localhost
GET /@fs/C:/Users/USER/Desktop/BroCampTasks/Angular_Project/frontend/.angular/cache/18.2.11/frontend/vite/deps/@angular_forms.js.map 304 [21/Feb/2025:15:14:07 +0000] - 99.498 ms localhost
GET /@fs/C:/Users/USER/Desktop/BroCampTasks/Angular_Project/frontend/.angular/cache/18.2.11/frontend/vite/deps/@angular_platform-browser.js.map 304 [21/Feb/2025:15:14:07 +0000] - 86.923 ms localhost
GET /@fs/C:/Users/USER/Desktop/BroCampTasks/Angular_Project/frontend/.angular/cache/18.2.11/frontend/vite/deps/chunk-ZKQIAUIS.js.map 304 [21/Feb/2025:15:14:07 +0000] - 63.578 ms localhost
GET /chunk-KSELMSGV.js 304 [21/Feb/2025:15:14:07 +0000] - 10.931 ms localhost
GET /chunk-AD6BEBTX.js 304 [21/Feb/2025:15:14:07 +0000] - 8.029 ms localhost
GET /@fs/C:/Users/USER/Desktop/BroCampTasks/Angular_Project/frontend/.angular/cache/18.2.11/frontend/vite/deps/ngx-socket-io.js.map 304 [21/Feb/2025:15:14:07 +0000] - 41.177 ms localhost
GET /chunk-MQDO5BT4.js 304 [21/Feb/2025:15:14:07 +0000] - 2.163 ms localhost
GET /chunk-F64TRUFE.js 304 [21/Feb/2025:15:14:07 +0000] - 3.858 ms localhost
GET /@fs/C:/Users/USER/Desktop/BroCampTasks/Angular_Project/frontend/.angular/cache/18.2.11/frontend/vite/deps/@angular_common.js.map 304 [21/Feb/2025:15:14:08 +0000] - 19.105 ms localhost
GET /login.component.css.map 200 [21/Feb/2025:15:14:08 +0000] - 5.476 ms localhost
POST /api/user/login 200 [21/Feb/2025:15:14:16 +0000] - 682.670 ms localhost
GET /chunk-2SFNWRCD.js 304 [21/Feb/2025:15:14:16 +0000] - 5.218 ms localhost
GET /chunk-C6VTIA56.js 304 [21/Feb/2025:15:14:16 +0000] - 3.997 ms localhost
GET /dashboard.component.css.map 200 [21/Feb/2025:15:14:16 +0000] - 7.160 ms localhost
GET /layout.component.css.map 200 [21/Feb/2025:15:14:16 +0000] - 7.877 ms localhost
GET /chunk-ZAQWKUQZ.js 304 [21/Feb/2025:15:14:19 +0000] - 3.917 ms localhost
GET /chunk-ME24I62C.js 304 [21/Feb/2025:15:14:19 +0000] - 6.035 ms localhost
GET /api/booking/user/674e8a6920bc39246157f503 304 [21/Feb/2025:15:14:20 +0000] - 340.546 ms localhost
POST /api/booking/confirm 200 [21/Feb/2025:15:14:22 +0000] - 774.550 ms localhost
GET / - [21/Feb/2025:15:18:06 +0000] - - ms localhost
GET /favourites 200 [21/Feb/2025:15:29:19 +0000] - 196.903 ms localhost
GET /@vite/client 304 [21/Feb/2025:15:29:24 +0000] - 12.675 ms localhost
GET /styles.css 200 [21/Feb/2025:15:29:25 +0000] - 11.236 ms localhost
GET /polyfills.js 304 [21/Feb/2025:15:29:25 +0000] - 44.059 ms localhost
GET /main.js 304 [21/Feb/2025:15:29:27 +0000] - 6.209 ms localhost
GET /@fs/C:/Users/USER/Desktop/BroCampTasks/Angular_Project/frontend/node_modules/vite/dist/client/env.mjs 304 [21/Feb/2025:15:29:27 +0000] - 4.378 ms localhost
GET /chunk-LQXIB7A4.js 304 [21/Feb/2025:15:29:31 +0000] - 3.589 ms localhost
GET /chunk-JK2OZDZD.js 304 [21/Feb/2025:15:29:31 +0000] - 6.967 ms localhost
GET /chunk-MVVCEGMG.js 304 [21/Feb/2025:15:29:31 +0000] - 6.377 ms localhost
GET /styles.css.map 200 [21/Feb/2025:15:29:34 +0000] - 9.894 ms localhost
GET /chunk-QX4WAGVQ.js 304 [21/Feb/2025:15:29:34 +0000] - 20.648 ms localhost
GET /@fs/C:/Users/USER/Desktop/BroCampTasks/Angular_Project/frontend/.angular/cache/18.2.11/frontend/vite/deps/@angular_core.js.map 304 [21/Feb/2025:15:29:35 +0000] - 41.286 ms localhost
GET /@fs/C:/Users/USER/Desktop/BroCampTasks/Angular_Project/frontend/.angular/cache/18.2.11/frontend/vite/deps/chunk-XWLXMCJQ.js.map 304 [21/Feb/2025:15:29:35 +0000] - 45.623 ms localhost
GET /@fs/C:/Users/USER/Desktop/BroCampTasks/Angular_Project/frontend/.angular/cache/18.2.11/frontend/vite/deps/@angular_common_http.js.map 304 [21/Feb/2025:15:29:35 +0000] - 42.852 ms localhost
GET /@fs/C:/Users/USER/Desktop/BroCampTasks/Angular_Project/frontend/.angular/cache/18.2.11/frontend/vite/deps/rxjs.js.map 304 [21/Feb/2025:15:29:35 +0000] - 46.186 ms localhost
GET /@fs/C:/Users/USER/Desktop/BroCampTasks/Angular_Project/frontend/.angular/cache/18.2.11/frontend/vite/deps/chunk-66JPAEYR.js.map 304 [21/Feb/2025:15:29:35 +0000] - 73.158 ms localhost
GET /@fs/C:/Users/USER/Desktop/BroCampTasks/Angular_Project/frontend/.angular/cache/18.2.11/frontend/vite/deps/chunk-BKIWMXDL.js.map 304 [21/Feb/2025:15:29:35 +0000] - 280.467 ms localhost
GET /@fs/C:/Users/USER/Desktop/BroCampTasks/Angular_Project/frontend/.angular/cache/18.2.11/frontend/vite/deps/chunk-F4ZW7LLY.js.map 304 [21/Feb/2025:15:29:35 +0000] - 277.372 ms localhost
GET /@fs/C:/Users/USER/Desktop/BroCampTasks/Angular_Project/frontend/.angular/cache/18.2.11/frontend/vite/deps/chunk-2ZWNOPXZ.js.map 304 [21/Feb/2025:15:29:35 +0000] - 252.594 ms localhost
GET /@fs/C:/Users/USER/Desktop/BroCampTasks/Angular_Project/frontend/.angular/cache/18.2.11/frontend/vite/deps/@angular_platform-browser.js.map 304 [21/Feb/2025:15:29:35 +0000] - 251.876 ms localhost
GET /@fs/C:/Users/USER/Desktop/BroCampTasks/Angular_Project/frontend/.angular/cache/18.2.11/frontend/vite/deps/@angular_router.js.map 304 [21/Feb/2025:15:29:35 +0000] - 252.601 ms localhost
GET /@fs/C:/Users/USER/Desktop/BroCampTasks/Angular_Project/frontend/.angular/cache/18.2.11/frontend/vite/deps/chunk-ZKQIAUIS.js.map 304 [21/Feb/2025:15:29:35 +0000] - 260.244 ms localhost
GET /@fs/C:/Users/USER/Desktop/BroCampTasks/Angular_Project/frontend/.angular/cache/18.2.11/frontend/vite/deps/chunk-7MS5FTBZ.js.map 304 [21/Feb/2025:15:29:35 +0000] - 76.431 ms localhost
GET /@fs/C:/Users/USER/Desktop/BroCampTasks/Angular_Project/frontend/.angular/cache/18.2.11/frontend/vite/deps/@angular_forms.js.map 304 [21/Feb/2025:15:29:35 +0000] - 56.544 ms localhost
GET /@fs/C:/Users/USER/Desktop/BroCampTasks/Angular_Project/frontend/.angular/cache/18.2.11/frontend/vite/deps/ngx-socket-io.js.map 304 [21/Feb/2025:15:29:35 +0000] - 61.356 ms localhost
GET /@fs/C:/Users/USER/Desktop/BroCampTasks/Angular_Project/frontend/.angular/cache/18.2.11/frontend/vite/deps/emoji-picker-element.js.map 304 [21/Feb/2025:15:29:35 +0000] - 70.394 ms localhost
GET /chunk-QA724MRA.js 304 [21/Feb/2025:15:29:36 +0000] - 4.197 ms localhost
GET /favicon.ico 304 [21/Feb/2025:15:29:36 +0000] - 6.560 ms localhost
GET /chunk-AD6BEBTX.js 304 [21/Feb/2025:15:29:36 +0000] - 4.229 ms localhost
GET /chunk-KSELMSGV.js 304 [21/Feb/2025:15:29:36 +0000] - 6.046 ms localhost
GET /chunk-MQDO5BT4.js 304 [21/Feb/2025:15:29:36 +0000] - 3.326 ms localhost
GET /chunk-F64TRUFE.js 304 [21/Feb/2025:15:29:36 +0000] - 3.300 ms localhost
GET /@fs/C:/Users/USER/Desktop/BroCampTasks/Angular_Project/frontend/.angular/cache/18.2.11/frontend/vite/deps/@angular_common.js.map 304 [21/Feb/2025:15:29:37 +0000] - 4.844 ms localhost
GET /login.component.css.map 200 [21/Feb/2025:15:29:37 +0000] - 3.162 ms localhost
GET / - [21/Feb/2025:15:33:27 +0000] - - ms localhost
GET /login 200 [21/Feb/2025:15:50:47 +0000] - 328.897 ms localhost
GET /@vite/client 304 [21/Feb/2025:15:50:49 +0000] - 9.994 ms localhost
GET /styles.css 200 [21/Feb/2025:15:50:50 +0000] - 11.831 ms localhost
GET /polyfills.js 304 [21/Feb/2025:15:50:50 +0000] - 3.964 ms localhost
GET /main.js 304 [21/Feb/2025:15:50:50 +0000] - 2.607 ms localhost
GET /@fs/C:/Users/USER/Desktop/BroCampTasks/Angular_Project/frontend/node_modules/vite/dist/client/env.mjs 304 [21/Feb/2025:15:50:51 +0000] - 79.569 ms localhost
GET /chunk-LQXIB7A4.js 304 [21/Feb/2025:15:50:51 +0000] - 8.007 ms localhost
GET /chunk-JK2OZDZD.js 304 [21/Feb/2025:15:50:51 +0000] - 3.376 ms localhost
GET /chunk-MVVCEGMG.js 304 [21/Feb/2025:15:50:51 +0000] - 6.038 ms localhost
GET /chunk-QA724MRA.js 304 [21/Feb/2025:15:50:52 +0000] - 6.165 ms localhost
GET /@fs/C:/Users/USER/Desktop/BroCampTasks/Angular_Project/frontend/.angular/cache/18.2.11/frontend/vite/deps/@angular_core.js.map 304 [21/Feb/2025:15:50:52 +0000] - 30.433 ms localhost
GET /@fs/C:/Users/USER/Desktop/BroCampTasks/Angular_Project/frontend/.angular/cache/18.2.11/frontend/vite/deps/chunk-66JPAEYR.js.map 304 [21/Feb/2025:15:50:52 +0000] - 54.036 ms localhost
GET /@fs/C:/Users/USER/Desktop/BroCampTasks/Angular_Project/frontend/.angular/cache/18.2.11/frontend/vite/deps/chunk-XWLXMCJQ.js.map 304 [21/Feb/2025:15:50:52 +0000] - 56.972 ms localhost
GET /@fs/C:/Users/USER/Desktop/BroCampTasks/Angular_Project/frontend/.angular/cache/18.2.11/frontend/vite/deps/rxjs.js.map 304 [21/Feb/2025:15:50:52 +0000] - 61.822 ms localhost
GET /@fs/C:/Users/USER/Desktop/BroCampTasks/Angular_Project/frontend/.angular/cache/18.2.11/frontend/vite/deps/@angular_common_http.js.map 304 [21/Feb/2025:15:50:52 +0000] - 52.365 ms localhost
GET /@fs/C:/Users/USER/Desktop/BroCampTasks/Angular_Project/frontend/.angular/cache/18.2.11/frontend/vite/deps/chunk-BKIWMXDL.js.map 304 [21/Feb/2025:15:50:53 +0000] - 285.190 ms localhost
GET /@fs/C:/Users/USER/Desktop/BroCampTasks/Angular_Project/frontend/.angular/cache/18.2.11/frontend/vite/deps/chunk-F4ZW7LLY.js.map 304 [21/Feb/2025:15:50:53 +0000] - 346.921 ms localhost
GET /@fs/C:/Users/USER/Desktop/BroCampTasks/Angular_Project/frontend/.angular/cache/18.2.11/frontend/vite/deps/chunk-2ZWNOPXZ.js.map 304 [21/Feb/2025:15:50:53 +0000] - 430.345 ms localhost
GET /@fs/C:/Users/USER/Desktop/BroCampTasks/Angular_Project/frontend/.angular/cache/18.2.11/frontend/vite/deps/@angular_platform-browser.js.map 304 [21/Feb/2025:15:50:53 +0000] - 425.760 ms localhost
GET /@fs/C:/Users/USER/Desktop/BroCampTasks/Angular_Project/frontend/.angular/cache/18.2.11/frontend/vite/deps/chunk-ZKQIAUIS.js.map 304 [21/Feb/2025:15:50:53 +0000] - 435.346 ms localhost
GET /@fs/C:/Users/USER/Desktop/BroCampTasks/Angular_Project/frontend/.angular/cache/18.2.11/frontend/vite/deps/ngx-socket-io.js.map 304 [21/Feb/2025:15:50:53 +0000] - 217.687 ms localhost
GET /@fs/C:/Users/USER/Desktop/BroCampTasks/Angular_Project/frontend/.angular/cache/18.2.11/frontend/vite/deps/@angular_router.js.map 304 [21/Feb/2025:15:50:53 +0000] - 480.114 ms localhost
GET /@fs/C:/Users/USER/Desktop/BroCampTasks/Angular_Project/frontend/.angular/cache/18.2.11/frontend/vite/deps/chunk-7MS5FTBZ.js.map 304 [21/Feb/2025:15:50:53 +0000] - 175.664 ms localhost
GET /styles.css.map 200 [21/Feb/2025:15:50:53 +0000] - 56.418 ms localhost
GET /@fs/C:/Users/USER/Desktop/BroCampTasks/Angular_Project/frontend/.angular/cache/18.2.11/frontend/vite/deps/@angular_forms.js.map 304 [21/Feb/2025:15:50:53 +0000] - 106.290 ms localhost
GET /@fs/C:/Users/USER/Desktop/BroCampTasks/Angular_Project/frontend/.angular/cache/18.2.11/frontend/vite/deps/emoji-picker-element.js.map 304 [21/Feb/2025:15:50:53 +0000] - 106.548 ms localhost
GET /chunk-AD6BEBTX.js 304 [21/Feb/2025:15:50:53 +0000] - 6.839 ms localhost
GET /chunk-KSELMSGV.js 304 [21/Feb/2025:15:50:53 +0000] - 4.327 ms localhost
GET /chunk-MQDO5BT4.js 304 [21/Feb/2025:15:50:53 +0000] - 6.661 ms localhost
GET /chunk-F64TRUFE.js 304 [21/Feb/2025:15:50:53 +0000] - 3.784 ms localhost
GET /favicon.ico 304 [21/Feb/2025:15:50:53 +0000] - 9.512 ms localhost
GET /@fs/C:/Users/USER/Desktop/BroCampTasks/Angular_Project/frontend/.angular/cache/18.2.11/frontend/vite/deps/@angular_common.js.map 304 [21/Feb/2025:15:50:54 +0000] - 3.947 ms localhost
GET /login.component.css.map 200 [21/Feb/2025:15:50:54 +0000] - 2.335 ms localhost
GET / - [21/Feb/2025:15:54:51 +0000] - - ms localhost
GET /login 200 [21/Feb/2025:16:53:55 +0000] - 342.367 ms localhost
GET /@vite/client 304 [21/Feb/2025:16:53:56 +0000] - 27.192 ms localhost
GET /styles.css 200 [21/Feb/2025:16:53:57 +0000] - 13.736 ms localhost
GET /polyfills.js 304 [21/Feb/2025:16:53:57 +0000] - 4.531 ms localhost
GET /main.js 304 [21/Feb/2025:16:53:57 +0000] - 3.033 ms localhost
GET /@fs/C:/Users/USER/Desktop/BroCampTasks/Angular_Project/frontend/node_modules/vite/dist/client/env.mjs 304 [21/Feb/2025:16:53:58 +0000] - 4.334 ms localhost
GET /chunk-LQXIB7A4.js 304 [21/Feb/2025:16:53:58 +0000] - 5.276 ms localhost
GET /chunk-JK2OZDZD.js 304 [21/Feb/2025:16:53:58 +0000] - 2.797 ms localhost
GET /chunk-MVVCEGMG.js 304 [21/Feb/2025:16:53:58 +0000] - 2.565 ms localhost
GET /styles.css.map 200 [21/Feb/2025:16:53:59 +0000] - 7.493 ms localhost
GET /@fs/C:/Users/USER/Desktop/BroCampTasks/Angular_Project/frontend/.angular/cache/18.2.11/frontend/vite/deps/@angular_core.js.map 304 [21/Feb/2025:16:54:01 +0000] - 48.688 ms localhost
GET /@fs/C:/Users/USER/Desktop/BroCampTasks/Angular_Project/frontend/.angular/cache/18.2.11/frontend/vite/deps/chunk-66JPAEYR.js.map 304 [21/Feb/2025:16:54:01 +0000] - 71.495 ms localhost
GET /@fs/C:/Users/USER/Desktop/BroCampTasks/Angular_Project/frontend/.angular/cache/18.2.11/frontend/vite/deps/chunk-XWLXMCJQ.js.map 304 [21/Feb/2025:16:54:01 +0000] - 73.467 ms localhost
GET /chunk-QA724MRA.js 304 [21/Feb/2025:16:54:01 +0000] - 15.167 ms localhost
GET /@fs/C:/Users/USER/Desktop/BroCampTasks/Angular_Project/frontend/.angular/cache/18.2.11/frontend/vite/deps/@angular_common_http.js.map 304 [21/Feb/2025:16:54:01 +0000] - 76.592 ms localhost
GET /@fs/C:/Users/USER/Desktop/BroCampTasks/Angular_Project/frontend/.angular/cache/18.2.11/frontend/vite/deps/rxjs.js.map 304 [21/Feb/2025:16:54:01 +0000] - 84.872 ms localhost
GET /@fs/C:/Users/USER/Desktop/BroCampTasks/Angular_Project/frontend/.angular/cache/18.2.11/frontend/vite/deps/chunk-BKIWMXDL.js.map 304 [21/Feb/2025:16:54:01 +0000] - 300.202 ms localhost
GET /@fs/C:/Users/USER/Desktop/BroCampTasks/Angular_Project/frontend/.angular/cache/18.2.11/frontend/vite/deps/chunk-F4ZW7LLY.js.map 304 [21/Feb/2025:16:54:02 +0000] - 331.081 ms localhost
GET /@fs/C:/Users/USER/Desktop/BroCampTasks/Angular_Project/frontend/.angular/cache/18.2.11/frontend/vite/deps/chunk-2ZWNOPXZ.js.map 304 [21/Feb/2025:16:54:02 +0000] - 314.900 ms localhost
GET /@fs/C:/Users/USER/Desktop/BroCampTasks/Angular_Project/frontend/.angular/cache/18.2.11/frontend/vite/deps/@angular_platform-browser.js.map 304 [21/Feb/2025:16:54:02 +0000] - 303.969 ms localhost
GET /@fs/C:/Users/USER/Desktop/BroCampTasks/Angular_Project/frontend/.angular/cache/18.2.11/frontend/vite/deps/chunk-ZKQIAUIS.js.map 304 [21/Feb/2025:16:54:02 +0000] - 307.240 ms localhost
GET /@fs/C:/Users/USER/Desktop/BroCampTasks/Angular_Project/frontend/.angular/cache/18.2.11/frontend/vite/deps/@angular_router.js.map 304 [21/Feb/2025:16:54:02 +0000] - 310.374 ms localhost
GET /@fs/C:/Users/USER/Desktop/BroCampTasks/Angular_Project/frontend/.angular/cache/18.2.11/frontend/vite/deps/ngx-socket-io.js.map 304 [21/Feb/2025:16:54:02 +0000] - 120.139 ms localhost
GET /@fs/C:/Users/USER/Desktop/BroCampTasks/Angular_Project/frontend/.angular/cache/18.2.11/frontend/vite/deps/chunk-7MS5FTBZ.js.map 304 [21/Feb/2025:16:54:02 +0000] - 47.017 ms localhost
GET /@fs/C:/Users/USER/Desktop/BroCampTasks/Angular_Project/frontend/.angular/cache/18.2.11/frontend/vite/deps/emoji-picker-element.js.map 304 [21/Feb/2025:16:54:02 +0000] - 33.039 ms localhost
GET /@fs/C:/Users/USER/Desktop/BroCampTasks/Angular_Project/frontend/.angular/cache/18.2.11/frontend/vite/deps/@angular_forms.js.map 304 [21/Feb/2025:16:54:02 +0000] - 65.161 ms localhost
GET /chunk-KSELMSGV.js 304 [21/Feb/2025:16:54:04 +0000] - 5.268 ms localhost
GET /chunk-AD6BEBTX.js 304 [21/Feb/2025:16:54:04 +0000] - 4.189 ms localhost
GET /chunk-MQDO5BT4.js 304 [21/Feb/2025:16:54:04 +0000] - 4.665 ms localhost
GET /chunk-F64TRUFE.js 304 [21/Feb/2025:16:54:04 +0000] - 5.067 ms localhost
GET /favicon.ico 304 [21/Feb/2025:16:54:04 +0000] - 9.827 ms localhost
GET /@fs/C:/Users/USER/Desktop/BroCampTasks/Angular_Project/frontend/.angular/cache/18.2.11/frontend/vite/deps/@angular_common.js.map 304 [21/Feb/2025:16:54:04 +0000] - 4.973 ms localhost
GET /login.component.css.map 200 [21/Feb/2025:16:54:04 +0000] - 3.614 ms localhost
GET / - [21/Feb/2025:16:57:58 +0000] - - ms localhost
GET /login 200 [21/Feb/2025:17:13:04 +0000] - 208.947 ms localhost
GET /@vite/client 304 [21/Feb/2025:17:13:05 +0000] - 20.611 ms localhost
GET /styles.css 200 [21/Feb/2025:17:13:05 +0000] - 10.435 ms localhost
GET /polyfills.js 304 [21/Feb/2025:17:13:05 +0000] - 3.105 ms localhost
GET /main.js 200 [21/Feb/2025:17:13:05 +0000] - 5.832 ms localhost
GET /@fs/C:/Users/USER/Desktop/BroCampTasks/Angular_Project/frontend/node_modules/vite/dist/client/env.mjs 304 [21/Feb/2025:17:13:05 +0000] - 5.050 ms localhost
GET /chunk-LQXIB7A4.js 304 [21/Feb/2025:17:13:05 +0000] - 3.070 ms localhost
GET /chunk-JK2OZDZD.js 304 [21/Feb/2025:17:13:05 +0000] - 4.390 ms localhost
GET /chunk-MVVCEGMG.js 304 [21/Feb/2025:17:13:06 +0000] - 3.305 ms localhost
GET /styles.css.map 200 [21/Feb/2025:17:13:07 +0000] - 6.914 ms localhost
GET /chunk-QA724MRA.js 304 [21/Feb/2025:17:13:10 +0000] - 5.197 ms localhost
GET /@fs/C:/Users/USER/Desktop/BroCampTasks/Angular_Project/frontend/.angular/cache/18.2.11/frontend/vite/deps/@angular_core.js.map 304 [21/Feb/2025:17:13:11 +0000] - 4.864 ms localhost
GET /@fs/C:/Users/USER/Desktop/BroCampTasks/Angular_Project/frontend/.angular/cache/18.2.11/frontend/vite/deps/chunk-66JPAEYR.js.map 304 [21/Feb/2025:17:13:11 +0000] - 22.770 ms localhost
GET /@fs/C:/Users/USER/Desktop/BroCampTasks/Angular_Project/frontend/.angular/cache/18.2.11/frontend/vite/deps/chunk-BKIWMXDL.js.map 304 [21/Feb/2025:17:13:11 +0000] - 144.662 ms localhost
GET /@fs/C:/Users/USER/Desktop/BroCampTasks/Angular_Project/frontend/.angular/cache/18.2.11/frontend/vite/deps/chunk-XWLXMCJQ.js.map 304 [21/Feb/2025:17:13:11 +0000] - 135.435 ms localhost
GET /@fs/C:/Users/USER/Desktop/BroCampTasks/Angular_Project/frontend/.angular/cache/18.2.11/frontend/vite/deps/rxjs.js.map 304 [21/Feb/2025:17:13:11 +0000] - 151.632 ms localhost
GET /@fs/C:/Users/USER/Desktop/BroCampTasks/Angular_Project/frontend/.angular/cache/18.2.11/frontend/vite/deps/@angular_common_http.js.map 304 [21/Feb/2025:17:13:11 +0000] - 140.577 ms localhost
GET /@fs/C:/Users/USER/Desktop/BroCampTasks/Angular_Project/frontend/.angular/cache/18.2.11/frontend/vite/deps/chunk-2ZWNOPXZ.js.map 304 [21/Feb/2025:17:13:11 +0000] - 128.540 ms localhost
GET /@fs/C:/Users/USER/Desktop/BroCampTasks/Angular_Project/frontend/.angular/cache/18.2.11/frontend/vite/deps/chunk-F4ZW7LLY.js.map 304 [21/Feb/2025:17:13:11 +0000] - 156.390 ms localhost
GET /@fs/C:/Users/USER/Desktop/BroCampTasks/Angular_Project/frontend/.angular/cache/18.2.11/frontend/vite/deps/@angular_platform-browser.js.map 304 [21/Feb/2025:17:13:11 +0000] - 57.162 ms localhost
GET /@fs/C:/Users/USER/Desktop/BroCampTasks/Angular_Project/frontend/.angular/cache/18.2.11/frontend/vite/deps/chunk-ZKQIAUIS.js.map 304 [21/Feb/2025:17:13:11 +0000] - 73.285 ms localhost
GET /@fs/C:/Users/USER/Desktop/BroCampTasks/Angular_Project/frontend/.angular/cache/18.2.11/frontend/vite/deps/@angular_router.js.map 304 [21/Feb/2025:17:13:11 +0000] - 61.144 ms localhost
GET /@fs/C:/Users/USER/Desktop/BroCampTasks/Angular_Project/frontend/.angular/cache/18.2.11/frontend/vite/deps/ngx-socket-io.js.map 304 [21/Feb/2025:17:13:11 +0000] - 65.959 ms localhost
GET /@fs/C:/Users/USER/Desktop/BroCampTasks/Angular_Project/frontend/.angular/cache/18.2.11/frontend/vite/deps/chunk-7MS5FTBZ.js.map 304 [21/Feb/2025:17:13:11 +0000] - 59.756 ms localhost
GET /@fs/C:/Users/USER/Desktop/BroCampTasks/Angular_Project/frontend/.angular/cache/18.2.11/frontend/vite/deps/emoji-picker-element.js.map 304 [21/Feb/2025:17:13:11 +0000] - 41.295 ms localhost
GET /@fs/C:/Users/USER/Desktop/BroCampTasks/Angular_Project/frontend/.angular/cache/18.2.11/frontend/vite/deps/@angular_forms.js.map 304 [21/Feb/2025:17:13:11 +0000] - 55.135 ms localhost
GET /chunk-KSELMSGV.js 304 [21/Feb/2025:17:13:13 +0000] - 2.842 ms localhost
GET /chunk-AD6BEBTX.js 304 [21/Feb/2025:17:13:13 +0000] - 3.744 ms localhost
GET /chunk-MQDO5BT4.js 304 [21/Feb/2025:17:13:13 +0000] - 3.060 ms localhost
GET /chunk-F64TRUFE.js 304 [21/Feb/2025:17:13:13 +0000] - 2.993 ms localhost
GET /favicon.ico 304 [21/Feb/2025:17:13:13 +0000] - 7.393 ms localhost
GET /@fs/C:/Users/USER/Desktop/BroCampTasks/Angular_Project/frontend/.angular/cache/18.2.11/frontend/vite/deps/@angular_common.js.map 304 [21/Feb/2025:17:13:16 +0000] - 4.297 ms localhost
GET /login.component.css.map 200 [21/Feb/2025:17:13:17 +0000] - 5.369 ms localhost
GET / - [21/Feb/2025:17:17:06 +0000] - - ms localhost
GET /login 200 [21/Feb/2025:17:17:29 +0000] - 52.434 ms localhost
GET /@vite/client 304 [21/Feb/2025:17:17:30 +0000] - 9.347 ms localhost
GET /styles.css 200 [21/Feb/2025:17:17:30 +0000] - 7.535 ms localhost
GET /polyfills.js 304 [21/Feb/2025:17:17:30 +0000] - 2.946 ms localhost
GET /main.js 200 [21/Feb/2025:17:17:30 +0000] - 60.823 ms localhost
GET /@fs/C:/Users/USER/Desktop/BroCampTasks/Angular_Project/frontend/node_modules/vite/dist/client/env.mjs 304 [21/Feb/2025:17:17:30 +0000] - 4.153 ms localhost
GET /styles.css.map 200 [21/Feb/2025:17:17:30 +0000] - 4.900 ms localhost
GET /chunk-LQXIB7A4.js 304 [21/Feb/2025:17:17:31 +0000] - 16.369 ms localhost
GET /chunk-JK2OZDZD.js 304 [21/Feb/2025:17:17:31 +0000] - 9.207 ms localhost
GET /chunk-MVVCEGMG.js 304 [21/Feb/2025:17:17:31 +0000] - 3.767 ms localhost
GET /chunk-QA724MRA.js 304 [21/Feb/2025:17:17:31 +0000] - 6.238 ms localhost
GET /@fs/C:/Users/USER/Desktop/BroCampTasks/Angular_Project/frontend/.angular/cache/18.2.11/frontend/vite/deps/@angular_core.js.map 304 [21/Feb/2025:17:17:32 +0000] - 6.948 ms localhost
GET /@fs/C:/Users/USER/Desktop/BroCampTasks/Angular_Project/frontend/.angular/cache/18.2.11/frontend/vite/deps/chunk-BKIWMXDL.js.map 304 [21/Feb/2025:17:17:32 +0000] - 82.802 ms localhost
GET /@fs/C:/Users/USER/Desktop/BroCampTasks/Angular_Project/frontend/.angular/cache/18.2.11/frontend/vite/deps/chunk-XWLXMCJQ.js.map 304 [21/Feb/2025:17:17:32 +0000] - 89.933 ms localhost
GET /@fs/C:/Users/USER/Desktop/BroCampTasks/Angular_Project/frontend/.angular/cache/18.2.11/frontend/vite/deps/chunk-66JPAEYR.js.map 304 [21/Feb/2025:17:17:32 +0000] - 102.533 ms localhost
GET /@fs/C:/Users/USER/Desktop/BroCampTasks/Angular_Project/frontend/.angular/cache/18.2.11/frontend/vite/deps/rxjs.js.map 304 [21/Feb/2025:17:17:32 +0000] - 100.611 ms localhost
GET /@fs/C:/Users/USER/Desktop/BroCampTasks/Angular_Project/frontend/.angular/cache/18.2.11/frontend/vite/deps/chunk-F4ZW7LLY.js.map 304 [21/Feb/2025:17:17:32 +0000] - 68.115 ms localhost
GET /@fs/C:/Users/USER/Desktop/BroCampTasks/Angular_Project/frontend/.angular/cache/18.2.11/frontend/vite/deps/@angular_common_http.js.map 304 [21/Feb/2025:17:17:32 +0000] - 109.155 ms localhost
GET /@fs/C:/Users/USER/Desktop/BroCampTasks/Angular_Project/frontend/.angular/cache/18.2.11/frontend/vite/deps/chunk-2ZWNOPXZ.js.map 304 [21/Feb/2025:17:17:32 +0000] - 71.028 ms localhost
GET /@fs/C:/Users/USER/Desktop/BroCampTasks/Angular_Project/frontend/.angular/cache/18.2.11/frontend/vite/deps/@angular_platform-browser.js.map 304 [21/Feb/2025:17:17:32 +0000] - 54.060 ms localhost
GET /@fs/C:/Users/USER/Desktop/BroCampTasks/Angular_Project/frontend/.angular/cache/18.2.11/frontend/vite/deps/chunk-ZKQIAUIS.js.map 304 [21/Feb/2025:17:17:32 +0000] - 58.270 ms localhost
GET /@fs/C:/Users/USER/Desktop/BroCampTasks/Angular_Project/frontend/.angular/cache/18.2.11/frontend/vite/deps/@angular_router.js.map 304 [21/Feb/2025:17:17:32 +0000] - 69.004 ms localhost
GET /@fs/C:/Users/USER/Desktop/BroCampTasks/Angular_Project/frontend/.angular/cache/18.2.11/frontend/vite/deps/ngx-socket-io.js.map 304 [21/Feb/2025:17:17:32 +0000] - 58.689 ms localhost
GET /@fs/C:/Users/USER/Desktop/BroCampTasks/Angular_Project/frontend/.angular/cache/18.2.11/frontend/vite/deps/chunk-7MS5FTBZ.js.map 304 [21/Feb/2025:17:17:32 +0000] - 54.196 ms localhost
GET /@fs/C:/Users/USER/Desktop/BroCampTasks/Angular_Project/frontend/.angular/cache/18.2.11/frontend/vite/deps/@angular_forms.js.map 304 [21/Feb/2025:17:17:32 +0000] - 52.802 ms localhost
GET /@fs/C:/Users/USER/Desktop/BroCampTasks/Angular_Project/frontend/.angular/cache/18.2.11/frontend/vite/deps/emoji-picker-element.js.map 304 [21/Feb/2025:17:17:32 +0000] - 55.320 ms localhost
GET /chunk-KSELMSGV.js 304 [21/Feb/2025:17:17:32 +0000] - 5.194 ms localhost
GET /chunk-AD6BEBTX.js 304 [21/Feb/2025:17:17:32 +0000] - 3.444 ms localhost
GET /chunk-MQDO5BT4.js 304 [21/Feb/2025:17:17:32 +0000] - 5.165 ms localhost
GET /chunk-F64TRUFE.js 304 [21/Feb/2025:17:17:32 +0000] - 2.791 ms localhost
GET /favicon.ico 304 [21/Feb/2025:17:17:32 +0000] - 6.224 ms localhost
GET /@fs/C:/Users/USER/Desktop/BroCampTasks/Angular_Project/frontend/.angular/cache/18.2.11/frontend/vite/deps/@angular_common.js.map 304 [21/Feb/2025:17:17:33 +0000] - 4.526 ms localhost
GET /login.component.css.map 200 [21/Feb/2025:17:17:33 +0000] - 3.156 ms localhost
GET / - [21/Feb/2025:17:21:30 +0000] - - ms localhost
GET /login 200 [21/Feb/2025:17:21:32 +0000] - 16.242 ms localhost
GET /@vite/client 304 [21/Feb/2025:17:21:33 +0000] - 3.037 ms localhost
GET /styles.css 200 [21/Feb/2025:17:21:33 +0000] - 2.701 ms localhost
GET /polyfills.js 304 [21/Feb/2025:17:21:33 +0000] - 2.632 ms localhost
GET /main.js 200 [21/Feb/2025:17:21:33 +0000] - 3.032 ms localhost
GET /@fs/C:/Users/USER/Desktop/BroCampTasks/Angular_Project/frontend/node_modules/vite/dist/client/env.mjs 304 [21/Feb/2025:17:21:33 +0000] - 2.283 ms localhost
GET /chunk-LQXIB7A4.js 304 [21/Feb/2025:17:21:34 +0000] - 3.992 ms localhost
GET /chunk-JK2OZDZD.js 304 [21/Feb/2025:17:21:34 +0000] - 2.499 ms localhost
GET /chunk-MVVCEGMG.js 304 [21/Feb/2025:17:21:34 +0000] - 2.562 ms localhost
GET /@fs/C:/Users/USER/Desktop/BroCampTasks/Angular_Project/frontend/.angular/cache/18.2.11/frontend/vite/deps/@angular_core.js.map 304 [21/Feb/2025:17:21:34 +0000] - 8.135 ms localhost
GET /@fs/C:/Users/USER/Desktop/BroCampTasks/Angular_Project/frontend/.angular/cache/18.2.11/frontend/vite/deps/chunk-BKIWMXDL.js.map 304 [21/Feb/2025:17:21:35 +0000] - 56.362 ms localhost
GET /@fs/C:/Users/USER/Desktop/BroCampTasks/Angular_Project/frontend/.angular/cache/18.2.11/frontend/vite/deps/chunk-XWLXMCJQ.js.map 304 [21/Feb/2025:17:21:35 +0000] - 78.528 ms localhost
GET /@fs/C:/Users/USER/Desktop/BroCampTasks/Angular_Project/frontend/.angular/cache/18.2.11/frontend/vite/deps/chunk-66JPAEYR.js.map 304 [21/Feb/2025:17:21:35 +0000] - 93.761 ms localhost
GET /@fs/C:/Users/USER/Desktop/BroCampTasks/Angular_Project/frontend/.angular/cache/18.2.11/frontend/vite/deps/rxjs.js.map 304 [21/Feb/2025:17:21:35 +0000] - 97.747 ms localhost
GET /@fs/C:/Users/USER/Desktop/BroCampTasks/Angular_Project/frontend/.angular/cache/18.2.11/frontend/vite/deps/@angular_common_http.js.map 304 [21/Feb/2025:17:21:35 +0000] - 90.426 ms localhost
GET /@fs/C:/Users/USER/Desktop/BroCampTasks/Angular_Project/frontend/.angular/cache/18.2.11/frontend/vite/deps/chunk-F4ZW7LLY.js.map 304 [21/Feb/2025:17:21:35 +0000] - 92.138 ms localhost
GET /@fs/C:/Users/USER/Desktop/BroCampTasks/Angular_Project/frontend/.angular/cache/18.2.11/frontend/vite/deps/chunk-2ZWNOPXZ.js.map 304 [21/Feb/2025:17:21:35 +0000] - 56.147 ms localhost
GET /@fs/C:/Users/USER/Desktop/BroCampTasks/Angular_Project/frontend/.angular/cache/18.2.11/frontend/vite/deps/chunk-ZKQIAUIS.js.map 304 [21/Feb/2025:17:21:35 +0000] - 30.235 ms localhost
GET /@fs/C:/Users/USER/Desktop/BroCampTasks/Angular_Project/frontend/.angular/cache/18.2.11/frontend/vite/deps/@angular_platform-browser.js.map 304 [21/Feb/2025:17:21:35 +0000] - 45.329 ms localhost
GET /@fs/C:/Users/USER/Desktop/BroCampTasks/Angular_Project/frontend/.angular/cache/18.2.11/frontend/vite/deps/@angular_router.js.map 304 [21/Feb/2025:17:21:35 +0000] - 33.149 ms localhost
GET /@fs/C:/Users/USER/Desktop/BroCampTasks/Angular_Project/frontend/.angular/cache/18.2.11/frontend/vite/deps/chunk-7MS5FTBZ.js.map 304 [21/Feb/2025:17:21:35 +0000] - 28.161 ms localhost
GET /@fs/C:/Users/USER/Desktop/BroCampTasks/Angular_Project/frontend/.angular/cache/18.2.11/frontend/vite/deps/ngx-socket-io.js.map 304 [21/Feb/2025:17:21:35 +0000] - 34.567 ms localhost
GET /@fs/C:/Users/USER/Desktop/BroCampTasks/Angular_Project/frontend/.angular/cache/18.2.11/frontend/vite/deps/@angular_forms.js.map 304 [21/Feb/2025:17:21:35 +0000] - 33.013 ms localhost
GET /@fs/C:/Users/USER/Desktop/BroCampTasks/Angular_Project/frontend/.angular/cache/18.2.11/frontend/vite/deps/emoji-picker-element.js.map 304 [21/Feb/2025:17:21:35 +0000] - 31.255 ms localhost
GET /chunk-QA724MRA.js 304 [21/Feb/2025:17:21:35 +0000] - 2.338 ms localhost
GET /chunk-KSELMSGV.js 304 [21/Feb/2025:17:21:41 +0000] - 5.447 ms localhost
GET /chunk-AD6BEBTX.js 304 [21/Feb/2025:17:21:41 +0000] - 5.932 ms localhost
GET /chunk-MQDO5BT4.js 304 [21/Feb/2025:17:21:41 +0000] - 5.514 ms localhost
GET /styles.css.map 200 [21/Feb/2025:17:21:41 +0000] - 8.250 ms localhost
GET /chunk-F64TRUFE.js 304 [21/Feb/2025:17:21:43 +0000] - 22.453 ms localhost
GET /favicon.ico 304 [21/Feb/2025:17:21:43 +0000] - 5.988 ms localhost
GET /@fs/C:/Users/USER/Desktop/BroCampTasks/Angular_Project/frontend/.angular/cache/18.2.11/frontend/vite/deps/@angular_common.js.map 304 [21/Feb/2025:17:21:43 +0000] - 4.850 ms localhost
GET /login.component.css.map 200 [21/Feb/2025:17:21:43 +0000] - 2.862 ms localhost
GET / - [21/Feb/2025:17:25:34 +0000] - - ms localhost
GET /login 200 [21/Feb/2025:17:40:16 +0000] - 116.691 ms localhost
GET /@vite/client 304 [21/Feb/2025:17:40:16 +0000] - 91.499 ms localhost
GET /styles.css 200 [21/Feb/2025:17:40:16 +0000] - 9.127 ms localhost
GET /polyfills.js 304 [21/Feb/2025:17:40:17 +0000] - 5.299 ms localhost
GET /main.js 200 [21/Feb/2025:17:40:17 +0000] - 5.108 ms localhost
GET /@fs/C:/Users/USER/Desktop/BroCampTasks/Angular_Project/frontend/node_modules/vite/dist/client/env.mjs 304 [21/Feb/2025:17:40:17 +0000] - 3.303 ms localhost
GET /chunk-LQXIB7A4.js 304 [21/Feb/2025:17:40:18 +0000] - 2.774 ms localhost
GET /chunk-JK2OZDZD.js 304 [21/Feb/2025:17:40:18 +0000] - 2.642 ms localhost
GET /chunk-MVVCEGMG.js 304 [21/Feb/2025:17:40:18 +0000] - 3.204 ms localhost
GET /@fs/C:/Users/USER/Desktop/BroCampTasks/Angular_Project/frontend/.angular/cache/18.2.11/frontend/vite/deps/@angular_core.js.map 304 [21/Feb/2025:17:40:19 +0000] - 15.358 ms localhost
GET /@fs/C:/Users/USER/Desktop/BroCampTasks/Angular_Project/frontend/.angular/cache/18.2.11/frontend/vite/deps/chunk-XWLXMCJQ.js.map 304 [21/Feb/2025:17:40:19 +0000] - 12.856 ms localhost
GET /@fs/C:/Users/USER/Desktop/BroCampTasks/Angular_Project/frontend/.angular/cache/18.2.11/frontend/vite/deps/chunk-66JPAEYR.js.map 304 [21/Feb/2025:17:40:19 +0000] - 19.392 ms localhost
GET /@fs/C:/Users/USER/Desktop/BroCampTasks/Angular_Project/frontend/.angular/cache/18.2.11/frontend/vite/deps/rxjs.js.map 304 [21/Feb/2025:17:40:19 +0000] - 21.338 ms localhost
GET /chunk-QA724MRA.js 304 [21/Feb/2025:17:40:19 +0000] - 8.671 ms localhost
GET /@fs/C:/Users/USER/Desktop/BroCampTasks/Angular_Project/frontend/.angular/cache/18.2.11/frontend/vite/deps/chunk-BKIWMXDL.js.map 304 [21/Feb/2025:17:40:19 +0000] - 112.087 ms localhost
GET /@fs/C:/Users/USER/Desktop/BroCampTasks/Angular_Project/frontend/.angular/cache/18.2.11/frontend/vite/deps/@angular_common_http.js.map 304 [21/Feb/2025:17:40:19 +0000] - 4.239 ms localhost
GET /@fs/C:/Users/USER/Desktop/BroCampTasks/Angular_Project/frontend/.angular/cache/18.2.11/frontend/vite/deps/chunk-F4ZW7LLY.js.map 304 [21/Feb/2025:17:40:19 +0000] - 6.853 ms localhost
GET /@fs/C:/Users/USER/Desktop/BroCampTasks/Angular_Project/frontend/.angular/cache/18.2.11/frontend/vite/deps/@angular_platform-browser.js.map 304 [21/Feb/2025:17:40:19 +0000] - 6.404 ms localhost
GET /@fs/C:/Users/USER/Desktop/BroCampTasks/Angular_Project/frontend/.angular/cache/18.2.11/frontend/vite/deps/chunk-2ZWNOPXZ.js.map 304 [21/Feb/2025:17:40:19 +0000] - 14.771 ms localhost
GET /@fs/C:/Users/USER/Desktop/BroCampTasks/Angular_Project/frontend/.angular/cache/18.2.11/frontend/vite/deps/chunk-ZKQIAUIS.js.map 304 [21/Feb/2025:17:40:19 +0000] - 10.503 ms localhost
GET /@fs/C:/Users/USER/Desktop/BroCampTasks/Angular_Project/frontend/.angular/cache/18.2.11/frontend/vite/deps/@angular_router.js.map 304 [21/Feb/2025:17:40:19 +0000] - 16.660 ms localhost
GET /@fs/C:/Users/USER/Desktop/BroCampTasks/Angular_Project/frontend/.angular/cache/18.2.11/frontend/vite/deps/ngx-socket-io.js.map 304 [21/Feb/2025:17:40:19 +0000] - 11.081 ms localhost
GET /@fs/C:/Users/USER/Desktop/BroCampTasks/Angular_Project/frontend/.angular/cache/18.2.11/frontend/vite/deps/chunk-7MS5FTBZ.js.map 304 [21/Feb/2025:17:40:19 +0000] - 7.280 ms localhost
GET /@fs/C:/Users/USER/Desktop/BroCampTasks/Angular_Project/frontend/.angular/cache/18.2.11/frontend/vite/deps/@angular_forms.js.map 304 [21/Feb/2025:17:40:19 +0000] - 17.463 ms localhost
GET /@fs/C:/Users/USER/Desktop/BroCampTasks/Angular_Project/frontend/.angular/cache/18.2.11/frontend/vite/deps/emoji-picker-element.js.map 304 [21/Feb/2025:17:40:19 +0000] - 18.787 ms localhost
GET /chunk-KSELMSGV.js 304 [21/Feb/2025:17:40:19 +0000] - 2.742 ms localhost
GET /chunk-AD6BEBTX.js 304 [21/Feb/2025:17:40:19 +0000] - 4.641 ms localhost
GET /chunk-MQDO5BT4.js 304 [21/Feb/2025:17:40:19 +0000] - 8.859 ms localhost
GET /chunk-F64TRUFE.js 304 [21/Feb/2025:17:40:20 +0000] - 4.138 ms localhost
GET /favicon.ico 304 [21/Feb/2025:17:40:20 +0000] - 8.195 ms localhost
GET /styles.css.map 200 [21/Feb/2025:17:40:20 +0000] - 6.877 ms localhost
GET /@fs/C:/Users/USER/Desktop/BroCampTasks/Angular_Project/frontend/.angular/cache/18.2.11/frontend/vite/deps/@angular_common.js.map 304 [21/Feb/2025:17:40:20 +0000] - 4.665 ms localhost
GET /login.component.css.map 200 [21/Feb/2025:17:40:20 +0000] - 3.035 ms localhost
GET / - [21/Feb/2025:17:44:18 +0000] - - ms localhost
GET /login 200 [21/Feb/2025:17:46:28 +0000] - 169.808 ms localhost
GET /@vite/client 304 [21/Feb/2025:17:46:29 +0000] - 8.277 ms localhost
GET /styles.css 200 [21/Feb/2025:17:46:29 +0000] - 137.362 ms localhost
GET /polyfills.js 304 [21/Feb/2025:17:46:29 +0000] - 2.961 ms localhost
GET /main.js 200 [21/Feb/2025:17:46:29 +0000] - 5.434 ms localhost
GET /@fs/C:/Users/USER/Desktop/BroCampTasks/Angular_Project/frontend/node_modules/vite/dist/client/env.mjs 304 [21/Feb/2025:17:46:29 +0000] - 3.894 ms localhost
GET /chunk-LQXIB7A4.js 304 [21/Feb/2025:17:46:30 +0000] - 7.413 ms localhost
GET /chunk-JK2OZDZD.js 304 [21/Feb/2025:17:46:30 +0000] - 9.194 ms localhost
GET /chunk-MVVCEGMG.js 304 [21/Feb/2025:17:46:30 +0000] - 10.277 ms localhost
GET /chunk-QA724MRA.js 304 [21/Feb/2025:17:46:31 +0000] - 2.679 ms localhost
GET /styles.css.map 200 [21/Feb/2025:17:46:31 +0000] - 5.575 ms localhost
GET /@fs/C:/Users/USER/Desktop/BroCampTasks/Angular_Project/frontend/.angular/cache/18.2.11/frontend/vite/deps/@angular_core.js.map 304 [21/Feb/2025:17:46:31 +0000] - 6.392 ms localhost
GET /@fs/C:/Users/USER/Desktop/BroCampTasks/Angular_Project/frontend/.angular/cache/18.2.11/frontend/vite/deps/chunk-BKIWMXDL.js.map 304 [21/Feb/2025:17:46:31 +0000] - 82.169 ms localhost
GET /@fs/C:/Users/USER/Desktop/BroCampTasks/Angular_Project/frontend/.angular/cache/18.2.11/frontend/vite/deps/chunk-66JPAEYR.js.map 304 [21/Feb/2025:17:46:31 +0000] - 154.819 ms localhost
GET /@fs/C:/Users/USER/Desktop/BroCampTasks/Angular_Project/frontend/.angular/cache/18.2.11/frontend/vite/deps/chunk-XWLXMCJQ.js.map 304 [21/Feb/2025:17:46:31 +0000] - 57.594 ms localhost
GET /@fs/C:/Users/USER/Desktop/BroCampTasks/Angular_Project/frontend/.angular/cache/18.2.11/frontend/vite/deps/rxjs.js.map 304 [21/Feb/2025:17:46:31 +0000] - 4.215 ms localhost
GET /@fs/C:/Users/USER/Desktop/BroCampTasks/Angular_Project/frontend/.angular/cache/18.2.11/frontend/vite/deps/@angular_common_http.js.map 304 [21/Feb/2025:17:46:31 +0000] - 14.448 ms localhost
GET /@fs/C:/Users/USER/Desktop/BroCampTasks/Angular_Project/frontend/.angular/cache/18.2.11/frontend/vite/deps/chunk-F4ZW7LLY.js.map 304 [21/Feb/2025:17:46:31 +0000] - 23.156 ms localhost
GET /@fs/C:/Users/USER/Desktop/BroCampTasks/Angular_Project/frontend/.angular/cache/18.2.11/frontend/vite/deps/chunk-2ZWNOPXZ.js.map 304 [21/Feb/2025:17:46:31 +0000] - 12.693 ms localhost
GET /@fs/C:/Users/USER/Desktop/BroCampTasks/Angular_Project/frontend/.angular/cache/18.2.11/frontend/vite/deps/@angular_platform-browser.js.map 304 [21/Feb/2025:17:46:31 +0000] - 6.415 ms localhost
GET /@fs/C:/Users/USER/Desktop/BroCampTasks/Angular_Project/frontend/.angular/cache/18.2.11/frontend/vite/deps/chunk-ZKQIAUIS.js.map 304 [21/Feb/2025:17:46:31 +0000] - 16.431 ms localhost
GET /@fs/C:/Users/USER/Desktop/BroCampTasks/Angular_Project/frontend/.angular/cache/18.2.11/frontend/vite/deps/@angular_router.js.map 304 [21/Feb/2025:17:46:31 +0000] - 19.308 ms localhost
GET /@fs/C:/Users/USER/Desktop/BroCampTasks/Angular_Project/frontend/.angular/cache/18.2.11/frontend/vite/deps/ngx-socket-io.js.map 304 [21/Feb/2025:17:46:31 +0000] - 14.198 ms localhost
GET /@fs/C:/Users/USER/Desktop/BroCampTasks/Angular_Project/frontend/.angular/cache/18.2.11/frontend/vite/deps/chunk-7MS5FTBZ.js.map 304 [21/Feb/2025:17:46:31 +0000] - 8.974 ms localhost
GET /@fs/C:/Users/USER/Desktop/BroCampTasks/Angular_Project/frontend/.angular/cache/18.2.11/frontend/vite/deps/@angular_forms.js.map 304 [21/Feb/2025:17:46:32 +0000] - 18.421 ms localhost
GET /@fs/C:/Users/USER/Desktop/BroCampTasks/Angular_Project/frontend/.angular/cache/18.2.11/frontend/vite/deps/emoji-picker-element.js.map 304 [21/Feb/2025:17:46:32 +0000] - 22.034 ms localhost
GET /chunk-KSELMSGV.js 304 [21/Feb/2025:17:46:32 +0000] - 2.652 ms localhost
GET /chunk-AD6BEBTX.js 304 [21/Feb/2025:17:46:32 +0000] - 2.294 ms localhost
GET /chunk-MQDO5BT4.js 304 [21/Feb/2025:17:46:32 +0000] - 2.769 ms localhost
GET /chunk-F64TRUFE.js 304 [21/Feb/2025:17:46:32 +0000] - 4.323 ms localhost
GET /@fs/C:/Users/USER/Desktop/BroCampTasks/Angular_Project/frontend/.angular/cache/18.2.11/frontend/vite/deps/@angular_common.js.map 304 [21/Feb/2025:17:46:33 +0000] - 5.182 ms localhost
GET /login.component.css.map 200 [21/Feb/2025:17:46:33 +0000] - 3.026 ms localhost
GET /favicon.ico 304 [21/Feb/2025:17:46:34 +0000] - 12.802 ms localhost
GET / - [21/Feb/2025:17:50:30 +0000] - - ms localhost
GET /login 200 [21/Feb/2025:17:55:04 +0000] - 91.596 ms localhost
GET /@vite/client 304 [21/Feb/2025:17:55:04 +0000] - 11.122 ms localhost
GET /styles.css 200 [21/Feb/2025:17:55:04 +0000] - 6.985 ms localhost
GET /polyfills.js 304 [21/Feb/2025:17:55:05 +0000] - 79.027 ms localhost
GET /main.js 200 [21/Feb/2025:17:55:05 +0000] - 6.186 ms localhost
GET /@fs/C:/Users/USER/Desktop/BroCampTasks/Angular_Project/frontend/node_modules/vite/dist/client/env.mjs 304 [21/Feb/2025:17:55:05 +0000] - 4.336 ms localhost
GET /chunk-LQXIB7A4.js 304 [21/Feb/2025:17:55:05 +0000] - 6.145 ms localhost
GET /chunk-JK2OZDZD.js 304 [21/Feb/2025:17:55:05 +0000] - 6.967 ms localhost
GET /chunk-MVVCEGMG.js 304 [21/Feb/2025:17:55:05 +0000] - 6.320 ms localhost
GET /styles.css.map 200 [21/Feb/2025:17:55:06 +0000] - 18.595 ms localhost
GET /chunk-QA724MRA.js 304 [21/Feb/2025:17:55:06 +0000] - 3.517 ms localhost
GET /@fs/C:/Users/USER/Desktop/BroCampTasks/Angular_Project/frontend/.angular/cache/18.2.11/frontend/vite/deps/@angular_core.js.map 304 [21/Feb/2025:17:55:07 +0000] - 10.916 ms localhost
GET /@fs/C:/Users/USER/Desktop/BroCampTasks/Angular_Project/frontend/.angular/cache/18.2.11/frontend/vite/deps/chunk-BKIWMXDL.js.map 304 [21/Feb/2025:17:55:07 +0000] - 189.983 ms localhost
GET /@fs/C:/Users/USER/Desktop/BroCampTasks/Angular_Project/frontend/.angular/cache/18.2.11/frontend/vite/deps/chunk-XWLXMCJQ.js.map 304 [21/Feb/2025:17:55:07 +0000] - 178.922 ms localhost
GET /@fs/C:/Users/USER/Desktop/BroCampTasks/Angular_Project/frontend/.angular/cache/18.2.11/frontend/vite/deps/rxjs.js.map 304 [21/Feb/2025:17:55:07 +0000] - 177.217 ms localhost
GET /@fs/C:/Users/USER/Desktop/BroCampTasks/Angular_Project/frontend/.angular/cache/18.2.11/frontend/vite/deps/chunk-66JPAEYR.js.map 304 [21/Feb/2025:17:55:07 +0000] - 201.783 ms localhost
GET /@fs/C:/Users/USER/Desktop/BroCampTasks/Angular_Project/frontend/.angular/cache/18.2.11/frontend/vite/deps/@angular_common_http.js.map 304 [21/Feb/2025:17:55:07 +0000] - 235.666 ms localhost
GET /@fs/C:/Users/USER/Desktop/BroCampTasks/Angular_Project/frontend/.angular/cache/18.2.11/frontend/vite/deps/chunk-F4ZW7LLY.js.map 304 [21/Feb/2025:17:55:07 +0000] - 242.899 ms localhost
GET /@fs/C:/Users/USER/Desktop/BroCampTasks/Angular_Project/frontend/.angular/cache/18.2.11/frontend/vite/deps/@angular_platform-browser.js.map 304 [21/Feb/2025:17:55:07 +0000] - 152.091 ms localhost
GET /@fs/C:/Users/USER/Desktop/BroCampTasks/Angular_Project/frontend/.angular/cache/18.2.11/frontend/vite/deps/chunk-2ZWNOPXZ.js.map 304 [21/Feb/2025:17:55:07 +0000] - 179.751 ms localhost
GET /@fs/C:/Users/USER/Desktop/BroCampTasks/Angular_Project/frontend/.angular/cache/18.2.11/frontend/vite/deps/chunk-ZKQIAUIS.js.map 304 [21/Feb/2025:17:55:07 +0000] - 124.349 ms localhost
GET /@fs/C:/Users/USER/Desktop/BroCampTasks/Angular_Project/frontend/.angular/cache/18.2.11/frontend/vite/deps/@angular_router.js.map 304 [21/Feb/2025:17:55:07 +0000] - 116.895 ms localhost
GET /@fs/C:/Users/USER/Desktop/BroCampTasks/Angular_Project/frontend/.angular/cache/18.2.11/frontend/vite/deps/ngx-socket-io.js.map 304 [21/Feb/2025:17:55:08 +0000] - 269.769 ms localhost
GET /@fs/C:/Users/USER/Desktop/BroCampTasks/Angular_Project/frontend/.angular/cache/18.2.11/frontend/vite/deps/chunk-7MS5FTBZ.js.map 304 [21/Feb/2025:17:55:08 +0000] - 255.609 ms localhost
GET /@fs/C:/Users/USER/Desktop/BroCampTasks/Angular_Project/frontend/.angular/cache/18.2.11/frontend/vite/deps/emoji-picker-element.js.map 304 [21/Feb/2025:17:55:08 +0000] - 36.163 ms localhost
GET /@fs/C:/Users/USER/Desktop/BroCampTasks/Angular_Project/frontend/.angular/cache/18.2.11/frontend/vite/deps/@angular_forms.js.map 304 [21/Feb/2025:17:55:08 +0000] - 86.359 ms localhost
GET /chunk-KSELMSGV.js 304 [21/Feb/2025:17:55:08 +0000] - 72.535 ms localhost
GET /chunk-AD6BEBTX.js 304 [21/Feb/2025:17:55:08 +0000] - 53.361 ms localhost
GET /chunk-MQDO5BT4.js 304 [21/Feb/2025:17:55:08 +0000] - 46.099 ms localhost
GET /chunk-F64TRUFE.js 304 [21/Feb/2025:17:55:08 +0000] - 4.695 ms localhost
GET /favicon.ico 304 [21/Feb/2025:17:55:08 +0000] - 10.159 ms localhost
GET /@fs/C:/Users/USER/Desktop/BroCampTasks/Angular_Project/frontend/.angular/cache/18.2.11/frontend/vite/deps/@angular_common.js.map 304 [21/Feb/2025:17:55:09 +0000] - 3.803 ms localhost
GET /login.component.css.map 200 [21/Feb/2025:17:55:09 +0000] - 2.528 ms localhost
GET / - [21/Feb/2025:17:59:06 +0000] - - ms localhost
GET /login 200 [21/Feb/2025:18:04:46 +0000] - 99.061 ms localhost
GET /@vite/client 304 [21/Feb/2025:18:04:46 +0000] - 7.811 ms localhost
GET /styles.css 200 [21/Feb/2025:18:04:46 +0000] - 7.638 ms localhost
GET /polyfills.js 304 [21/Feb/2025:18:04:46 +0000] - 3.071 ms localhost
GET /main.js 200 [21/Feb/2025:18:04:46 +0000] - 10.567 ms localhost
GET /@fs/C:/Users/USER/Desktop/BroCampTasks/Angular_Project/frontend/node_modules/vite/dist/client/env.mjs 304 [21/Feb/2025:18:04:47 +0000] - 4.472 ms localhost
GET /chunk-LQXIB7A4.js 304 [21/Feb/2025:18:04:47 +0000] - 3.548 ms localhost
GET /chunk-JK2OZDZD.js 304 [21/Feb/2025:18:04:47 +0000] - 7.556 ms localhost
GET /chunk-MVVCEGMG.js 304 [21/Feb/2025:18:04:47 +0000] - 7.947 ms localhost
GET /styles.css.map 200 [21/Feb/2025:18:04:47 +0000] - 7.018 ms localhost
GET /chunk-QA724MRA.js 304 [21/Feb/2025:18:04:48 +0000] - 2.382 ms localhost
GET /@fs/C:/Users/USER/Desktop/BroCampTasks/Angular_Project/frontend/.angular/cache/18.2.11/frontend/vite/deps/@angular_core.js.map 304 [21/Feb/2025:18:04:48 +0000] - 6.694 ms localhost
GET /@fs/C:/Users/USER/Desktop/BroCampTasks/Angular_Project/frontend/.angular/cache/18.2.11/frontend/vite/deps/chunk-BKIWMXDL.js.map 304 [21/Feb/2025:18:04:48 +0000] - 184.761 ms localhost
GET /@fs/C:/Users/USER/Desktop/BroCampTasks/Angular_Project/frontend/.angular/cache/18.2.11/frontend/vite/deps/chunk-XWLXMCJQ.js.map 304 [21/Feb/2025:18:04:48 +0000] - 191.509 ms localhost
GET /@fs/C:/Users/USER/Desktop/BroCampTasks/Angular_Project/frontend/.angular/cache/18.2.11/frontend/vite/deps/chunk-66JPAEYR.js.map 304 [21/Feb/2025:18:04:48 +0000] - 206.557 ms localhost
GET /@fs/C:/Users/USER/Desktop/BroCampTasks/Angular_Project/frontend/.angular/cache/18.2.11/frontend/vite/deps/rxjs.js.map 304 [21/Feb/2025:18:04:48 +0000] - 215.101 ms localhost
GET /@fs/C:/Users/USER/Desktop/BroCampTasks/Angular_Project/frontend/.angular/cache/18.2.11/frontend/vite/deps/@angular_common_http.js.map 304 [21/Feb/2025:18:04:48 +0000] - 157.889 ms localhost
GET /@fs/C:/Users/USER/Desktop/BroCampTasks/Angular_Project/frontend/.angular/cache/18.2.11/frontend/vite/deps/chunk-F4ZW7LLY.js.map 304 [21/Feb/2025:18:04:48 +0000] - 156.531 ms localhost
GET /@fs/C:/Users/USER/Desktop/BroCampTasks/Angular_Project/frontend/.angular/cache/18.2.11/frontend/vite/deps/@angular_platform-browser.js.map 304 [21/Feb/2025:18:04:48 +0000] - 42.738 ms localhost
GET /@fs/C:/Users/USER/Desktop/BroCampTasks/Angular_Project/frontend/.angular/cache/18.2.11/frontend/vite/deps/chunk-ZKQIAUIS.js.map 304 [21/Feb/2025:18:04:48 +0000] - 36.261 ms localhost
GET /@fs/C:/Users/USER/Desktop/BroCampTasks/Angular_Project/frontend/.angular/cache/18.2.11/frontend/vite/deps/chunk-2ZWNOPXZ.js.map 304 [21/Feb/2025:18:04:48 +0000] - 83.823 ms localhost
GET /@fs/C:/Users/USER/Desktop/BroCampTasks/Angular_Project/frontend/.angular/cache/18.2.11/frontend/vite/deps/@angular_router.js.map 304 [21/Feb/2025:18:04:48 +0000] - 43.190 ms localhost
GET /@fs/C:/Users/USER/Desktop/BroCampTasks/Angular_Project/frontend/.angular/cache/18.2.11/frontend/vite/deps/ngx-socket-io.js.map 304 [21/Feb/2025:18:04:48 +0000] - 47.552 ms localhost
GET /@fs/C:/Users/USER/Desktop/BroCampTasks/Angular_Project/frontend/.angular/cache/18.2.11/frontend/vite/deps/emoji-picker-element.js.map 304 [21/Feb/2025:18:04:48 +0000] - 13.216 ms localhost
GET /@fs/C:/Users/USER/Desktop/BroCampTasks/Angular_Project/frontend/.angular/cache/18.2.11/frontend/vite/deps/chunk-7MS5FTBZ.js.map 304 [21/Feb/2025:18:04:48 +0000] - 47.798 ms localhost
GET /@fs/C:/Users/USER/Desktop/BroCampTasks/Angular_Project/frontend/.angular/cache/18.2.11/frontend/vite/deps/@angular_forms.js.map 304 [21/Feb/2025:18:04:48 +0000] - 58.109 ms localhost
GET /chunk-KSELMSGV.js 304 [21/Feb/2025:18:04:49 +0000] - 7.204 ms localhost
GET /chunk-AD6BEBTX.js 304 [21/Feb/2025:18:04:49 +0000] - 7.128 ms localhost
GET /chunk-MQDO5BT4.js 304 [21/Feb/2025:18:04:49 +0000] - 6.824 ms localhost
GET /chunk-F64TRUFE.js 304 [21/Feb/2025:18:04:49 +0000] - 3.195 ms localhost
GET /favicon.ico 304 [21/Feb/2025:18:04:49 +0000] - 5.194 ms localhost
GET /@fs/C:/Users/USER/Desktop/BroCampTasks/Angular_Project/frontend/.angular/cache/18.2.11/frontend/vite/deps/@angular_common.js.map 304 [21/Feb/2025:18:04:49 +0000] - 5.178 ms localhost
GET /login.component.css.map 200 [21/Feb/2025:18:04:49 +0000] - 2.518 ms localhost
GET / - [21/Feb/2025:18:08:47 +0000] - - ms localhost
GET /login 200 [21/Feb/2025:18:15:01 +0000] - 117.298 ms localhost
GET /@vite/client 304 [21/Feb/2025:18:15:02 +0000] - 6.892 ms localhost
GET /styles.css 200 [21/Feb/2025:18:15:02 +0000] - 6.023 ms localhost
GET /polyfills.js 304 [21/Feb/2025:18:15:02 +0000] - 4.746 ms localhost
GET /main.js 200 [21/Feb/2025:18:15:02 +0000] - 4.941 ms localhost
GET /@fs/C:/Users/USER/Desktop/BroCampTasks/Angular_Project/frontend/node_modules/vite/dist/client/env.mjs 304 [21/Feb/2025:18:15:02 +0000] - 32.037 ms localhost
GET /styles.css.map 200 [21/Feb/2025:18:15:03 +0000] - 8.846 ms localhost
GET /chunk-LQXIB7A4.js 304 [21/Feb/2025:18:15:03 +0000] - 4.913 ms localhost
GET /chunk-JK2OZDZD.js 304 [21/Feb/2025:18:15:03 +0000] - 8.764 ms localhost
GET /chunk-MVVCEGMG.js 304 [21/Feb/2025:18:15:03 +0000] - 11.113 ms localhost
GET /chunk-QA724MRA.js 304 [21/Feb/2025:18:15:04 +0000] - 2.774 ms localhost
GET /chunk-KSELMSGV.js 304 [21/Feb/2025:18:15:07 +0000] - 4.237 ms localhost
GET /chunk-AD6BEBTX.js 304 [21/Feb/2025:18:15:07 +0000] - 5.660 ms localhost
GET /chunk-MQDO5BT4.js 304 [21/Feb/2025:18:15:07 +0000] - 18.627 ms localhost
GET /chunk-F64TRUFE.js 304 [21/Feb/2025:18:15:07 +0000] - 9.093 ms localhost
GET /@fs/C:/Users/USER/Desktop/BroCampTasks/Angular_Project/frontend/.angular/cache/18.2.11/frontend/vite/deps/@angular_core.js.map 304 [21/Feb/2025:18:15:07 +0000] - 9.035 ms localhost
GET /@fs/C:/Users/USER/Desktop/BroCampTasks/Angular_Project/frontend/.angular/cache/18.2.11/frontend/vite/deps/chunk-BKIWMXDL.js.map 304 [21/Feb/2025:18:15:07 +0000] - 70.597 ms localhost
GET /@fs/C:/Users/USER/Desktop/BroCampTasks/Angular_Project/frontend/.angular/cache/18.2.11/frontend/vite/deps/chunk-XWLXMCJQ.js.map 304 [21/Feb/2025:18:15:07 +0000] - 92.110 ms localhost
GET /@fs/C:/Users/USER/Desktop/BroCampTasks/Angular_Project/frontend/.angular/cache/18.2.11/frontend/vite/deps/rxjs.js.map 304 [21/Feb/2025:18:15:07 +0000] - 90.028 ms localhost
GET /@fs/C:/Users/USER/Desktop/BroCampTasks/Angular_Project/frontend/.angular/cache/18.2.11/frontend/vite/deps/chunk-66JPAEYR.js.map 304 [21/Feb/2025:18:15:07 +0000] - 97.522 ms localhost
GET /@fs/C:/Users/USER/Desktop/BroCampTasks/Angular_Project/frontend/.angular/cache/18.2.11/frontend/vite/deps/chunk-F4ZW7LLY.js.map 304 [21/Feb/2025:18:15:07 +0000] - 94.084 ms localhost
GET /@fs/C:/Users/USER/Desktop/BroCampTasks/Angular_Project/frontend/.angular/cache/18.2.11/frontend/vite/deps/@angular_common_http.js.map 304 [21/Feb/2025:18:15:07 +0000] - 99.231 ms localhost
GET /@fs/C:/Users/USER/Desktop/BroCampTasks/Angular_Project/frontend/.angular/cache/18.2.11/frontend/vite/deps/chunk-2ZWNOPXZ.js.map 304 [21/Feb/2025:18:15:07 +0000] - 112.282 ms localhost
GET /@fs/C:/Users/USER/Desktop/BroCampTasks/Angular_Project/frontend/.angular/cache/18.2.11/frontend/vite/deps/@angular_platform-browser.js.map 304 [21/Feb/2025:18:15:07 +0000] - 98.135 ms localhost
GET /@fs/C:/Users/USER/Desktop/BroCampTasks/Angular_Project/frontend/.angular/cache/18.2.11/frontend/vite/deps/ngx-socket-io.js.map 304 [21/Feb/2025:18:15:07 +0000] - 31.484 ms localhost
GET /@fs/C:/Users/USER/Desktop/BroCampTasks/Angular_Project/frontend/.angular/cache/18.2.11/frontend/vite/deps/@angular_router.js.map 304 [21/Feb/2025:18:15:07 +0000] - 40.998 ms localhost
GET /@fs/C:/Users/USER/Desktop/BroCampTasks/Angular_Project/frontend/.angular/cache/18.2.11/frontend/vite/deps/chunk-7MS5FTBZ.js.map 304 [21/Feb/2025:18:15:07 +0000] - 38.656 ms localhost
GET /@fs/C:/Users/USER/Desktop/BroCampTasks/Angular_Project/frontend/.angular/cache/18.2.11/frontend/vite/deps/chunk-ZKQIAUIS.js.map 304 [21/Feb/2025:18:15:07 +0000] - 62.127 ms localhost
GET /@fs/C:/Users/USER/Desktop/BroCampTasks/Angular_Project/frontend/.angular/cache/18.2.11/frontend/vite/deps/@angular_forms.js.map 304 [21/Feb/2025:18:15:07 +0000] - 16.752 ms localhost
GET /@fs/C:/Users/USER/Desktop/BroCampTasks/Angular_Project/frontend/.angular/cache/18.2.11/frontend/vite/deps/emoji-picker-element.js.map 304 [21/Feb/2025:18:15:07 +0000] - 33.107 ms localhost
GET /@fs/C:/Users/USER/Desktop/BroCampTasks/Angular_Project/frontend/.angular/cache/18.2.11/frontend/vite/deps/@angular_common.js.map 304 [21/Feb/2025:18:15:07 +0000] - 3.801 ms localhost
GET /login.component.css.map 200 [21/Feb/2025:18:15:08 +0000] - 3.419 ms localhost
GET /favicon.ico 304 [21/Feb/2025:18:15:09 +0000] - 5.665 ms localhost
GET / - [21/Feb/2025:18:19:03 +0000] - - ms localhost
GET /login 200 [21/Feb/2025:18:19:09 +0000] - 37.220 ms localhost
GET /@vite/client 304 [21/Feb/2025:18:19:10 +0000] - 5.095 ms localhost
GET /styles.css 200 [21/Feb/2025:18:19:10 +0000] - 4.808 ms localhost
GET /polyfills.js 304 [21/Feb/2025:18:19:10 +0000] - 3.577 ms localhost
GET /main.js 200 [21/Feb/2025:18:19:10 +0000] - 7.855 ms localhost
GET /@fs/C:/Users/USER/Desktop/BroCampTasks/Angular_Project/frontend/node_modules/vite/dist/client/env.mjs 304 [21/Feb/2025:18:19:10 +0000] - 4.618 ms localhost
GET /chunk-LQXIB7A4.js 304 [21/Feb/2025:18:19:11 +0000] - 2.580 ms localhost
GET /styles.css.map 200 [21/Feb/2025:18:19:11 +0000] - 8.006 ms localhost
GET /chunk-JK2OZDZD.js 304 [21/Feb/2025:18:19:11 +0000] - 4.415 ms localhost
GET /chunk-MVVCEGMG.js 304 [21/Feb/2025:18:19:11 +0000] - 7.726 ms localhost
GET /chunk-QA724MRA.js 304 [21/Feb/2025:18:19:13 +0000] - 2.539 ms localhost
GET /@fs/C:/Users/USER/Desktop/BroCampTasks/Angular_Project/frontend/.angular/cache/18.2.11/frontend/vite/deps/@angular_core.js.map 304 [21/Feb/2025:18:19:13 +0000] - 4.172 ms localhost
GET /@fs/C:/Users/USER/Desktop/BroCampTasks/Angular_Project/frontend/.angular/cache/18.2.11/frontend/vite/deps/chunk-66JPAEYR.js.map 304 [21/Feb/2025:18:19:13 +0000] - 18.926 ms localhost
GET /@fs/C:/Users/USER/Desktop/BroCampTasks/Angular_Project/frontend/.angular/cache/18.2.11/frontend/vite/deps/chunk-XWLXMCJQ.js.map 304 [21/Feb/2025:18:19:13 +0000] - 23.716 ms localhost
GET /@fs/C:/Users/USER/Desktop/BroCampTasks/Angular_Project/frontend/.angular/cache/18.2.11/frontend/vite/deps/chunk-BKIWMXDL.js.map 304 [21/Feb/2025:18:19:14 +0000] - 121.122 ms localhost
GET /@fs/C:/Users/USER/Desktop/BroCampTasks/Angular_Project/frontend/.angular/cache/18.2.11/frontend/vite/deps/rxjs.js.map 304 [21/Feb/2025:18:19:14 +0000] - 111.998 ms localhost
GET /@fs/C:/Users/USER/Desktop/BroCampTasks/Angular_Project/frontend/.angular/cache/18.2.11/frontend/vite/deps/@angular_common_http.js.map 304 [21/Feb/2025:18:19:14 +0000] - 131.888 ms localhost
GET /@fs/C:/Users/USER/Desktop/BroCampTasks/Angular_Project/frontend/.angular/cache/18.2.11/frontend/vite/deps/chunk-2ZWNOPXZ.js.map 304 [21/Feb/2025:18:19:14 +0000] - 86.475 ms localhost
GET /@fs/C:/Users/USER/Desktop/BroCampTasks/Angular_Project/frontend/.angular/cache/18.2.11/frontend/vite/deps/chunk-F4ZW7LLY.js.map 304 [21/Feb/2025:18:19:14 +0000] - 142.104 ms localhost
GET /@fs/C:/Users/USER/Desktop/BroCampTasks/Angular_Project/frontend/.angular/cache/18.2.11/frontend/vite/deps/@angular_platform-browser.js.map 304 [21/Feb/2025:18:19:14 +0000] - 9.659 ms localhost
GET /@fs/C:/Users/USER/Desktop/BroCampTasks/Angular_Project/frontend/.angular/cache/18.2.11/frontend/vite/deps/chunk-ZKQIAUIS.js.map 304 [21/Feb/2025:18:19:14 +0000] - 7.884 ms localhost
GET /@fs/C:/Users/USER/Desktop/BroCampTasks/Angular_Project/frontend/.angular/cache/18.2.11/frontend/vite/deps/@angular_router.js.map 304 [21/Feb/2025:18:19:14 +0000] - 15.287 ms localhost
GET /@fs/C:/Users/USER/Desktop/BroCampTasks/Angular_Project/frontend/.angular/cache/18.2.11/frontend/vite/deps/ngx-socket-io.js.map 304 [21/Feb/2025:18:19:14 +0000] - 3.560 ms localhost
GET /@fs/C:/Users/USER/Desktop/BroCampTasks/Angular_Project/frontend/.angular/cache/18.2.11/frontend/vite/deps/chunk-7MS5FTBZ.js.map 304 [21/Feb/2025:18:19:14 +0000] - 18.360 ms localhost
GET /@fs/C:/Users/USER/Desktop/BroCampTasks/Angular_Project/frontend/.angular/cache/18.2.11/frontend/vite/deps/@angular_forms.js.map 304 [21/Feb/2025:18:19:14 +0000] - 27.098 ms localhost
GET /@fs/C:/Users/USER/Desktop/BroCampTasks/Angular_Project/frontend/.angular/cache/18.2.11/frontend/vite/deps/emoji-picker-element.js.map 304 [21/Feb/2025:18:19:14 +0000] - 28.434 ms localhost
GET /chunk-KSELMSGV.js 304 [21/Feb/2025:18:19:14 +0000] - 8.353 ms localhost
GET /chunk-AD6BEBTX.js 304 [21/Feb/2025:18:19:14 +0000] - 8.153 ms localhost
GET /chunk-MQDO5BT4.js 304 [21/Feb/2025:18:19:14 +0000] - 10.822 ms localhost
GET /chunk-F64TRUFE.js 304 [21/Feb/2025:18:19:14 +0000] - 5.337 ms localhost
GET /favicon.ico 304 [21/Feb/2025:18:19:14 +0000] - 8.169 ms localhost
GET /@fs/C:/Users/USER/Desktop/BroCampTasks/Angular_Project/frontend/.angular/cache/18.2.11/frontend/vite/deps/@angular_common.js.map 304 [21/Feb/2025:18:19:15 +0000] - 3.551 ms localhost
GET /login.component.css.map 200 [21/Feb/2025:18:19:15 +0000] - 2.196 ms localhost
GET / - [21/Feb/2025:18:23:11 +0000] - - ms localhost
GET /login 200 [21/Feb/2025:18:27:28 +0000] - 102.411 ms localhost
GET /@vite/client 304 [21/Feb/2025:18:27:32 +0000] - 11.918 ms localhost
GET /styles.css 200 [21/Feb/2025:18:27:33 +0000] - 12.760 ms localhost
GET /polyfills.js 304 [21/Feb/2025:18:27:33 +0000] - 5.418 ms localhost
GET /main.js 200 [21/Feb/2025:18:27:33 +0000] - 16.220 ms localhost
GET /@fs/C:/Users/USER/Desktop/BroCampTasks/Angular_Project/frontend/node_modules/vite/dist/client/env.mjs 304 [21/Feb/2025:18:27:33 +0000] - 3.198 ms localhost
GET /styles.css.map 200 [21/Feb/2025:18:27:34 +0000] - 34.579 ms localhost
GET /chunk-COJZJL3A.js 200 [21/Feb/2025:18:27:34 +0000] - 5.118 ms localhost
GET /chunk-JK2OZDZD.js 304 [21/Feb/2025:18:27:34 +0000] - 2.489 ms localhost
GET /chunk-MVVCEGMG.js 304 [21/Feb/2025:18:27:34 +0000] - 2.306 ms localhost
GET /chunk-OS5KHSDK.js 404 [21/Feb/2025:18:27:40 +0000] - 13.057 ms localhost
GET /@fs/C:/Users/USER/Desktop/BroCampTasks/Angular_Project/frontend/.angular/cache/18.2.11/frontend/vite/deps/@angular_core.js.map 304 [21/Feb/2025:18:27:43 +0000] - 23.707 ms localhost
GET /@fs/C:/Users/USER/Desktop/BroCampTasks/Angular_Project/frontend/.angular/cache/18.2.11/frontend/vite/deps/chunk-66JPAEYR.js.map 304 [21/Feb/2025:18:27:43 +0000] - 24.088 ms localhost
GET /@fs/C:/Users/USER/Desktop/BroCampTasks/Angular_Project/frontend/.angular/cache/18.2.11/frontend/vite/deps/chunk-XWLXMCJQ.js.map 304 [21/Feb/2025:18:27:43 +0000] - 24.731 ms localhost
GET /@fs/C:/Users/USER/Desktop/BroCampTasks/Angular_Project/frontend/.angular/cache/18.2.11/frontend/vite/deps/chunk-BKIWMXDL.js.map 304 [21/Feb/2025:18:27:43 +0000] - 85.484 ms localhost
GET /@fs/C:/Users/USER/Desktop/BroCampTasks/Angular_Project/frontend/.angular/cache/18.2.11/frontend/vite/deps/rxjs.js.map 304 [21/Feb/2025:18:27:43 +0000] - 88.076 ms localhost
GET /@fs/C:/Users/USER/Desktop/BroCampTasks/Angular_Project/frontend/.angular/cache/18.2.11/frontend/vite/deps/chunk-2ZWNOPXZ.js.map 304 [21/Feb/2025:18:27:43 +0000] - 77.063 ms localhost
GET /@fs/C:/Users/USER/Desktop/BroCampTasks/Angular_Project/frontend/.angular/cache/18.2.11/frontend/vite/deps/@angular_common_http.js.map 304 [21/Feb/2025:18:27:43 +0000] - 95.100 ms localhost
GET /@fs/C:/Users/USER/Desktop/BroCampTasks/Angular_Project/frontend/.angular/cache/18.2.11/frontend/vite/deps/chunk-F4ZW7LLY.js.map 304 [21/Feb/2025:18:27:43 +0000] - 94.242 ms localhost
GET /@fs/C:/Users/USER/Desktop/BroCampTasks/Angular_Project/frontend/.angular/cache/18.2.11/frontend/vite/deps/@angular_platform-browser.js.map 304 [21/Feb/2025:18:27:43 +0000] - 85.973 ms localhost
GET /@fs/C:/Users/USER/Desktop/BroCampTasks/Angular_Project/frontend/.angular/cache/18.2.11/frontend/vite/deps/chunk-ZKQIAUIS.js.map 304 [21/Feb/2025:18:27:43 +0000] - 44.829 ms localhost
GET /@fs/C:/Users/USER/Desktop/BroCampTasks/Angular_Project/frontend/.angular/cache/18.2.11/frontend/vite/deps/@angular_router.js.map 304 [21/Feb/2025:18:27:43 +0000] - 38.619 ms localhost
GET /@fs/C:/Users/USER/Desktop/BroCampTasks/Angular_Project/frontend/.angular/cache/18.2.11/frontend/vite/deps/ngx-socket-io.js.map 304 [21/Feb/2025:18:27:43 +0000] - 31.687 ms localhost
GET /@fs/C:/Users/USER/Desktop/BroCampTasks/Angular_Project/frontend/.angular/cache/18.2.11/frontend/vite/deps/chunk-7MS5FTBZ.js.map 304 [21/Feb/2025:18:27:43 +0000] - 33.084 ms localhost
GET /@fs/C:/Users/USER/Desktop/BroCampTasks/Angular_Project/frontend/.angular/cache/18.2.11/frontend/vite/deps/@angular_forms.js.map 304 [21/Feb/2025:18:27:43 +0000] - 35.908 ms localhost
GET /@fs/C:/Users/USER/Desktop/BroCampTasks/Angular_Project/frontend/.angular/cache/18.2.11/frontend/vite/deps/emoji-picker-element.js.map 304 [21/Feb/2025:18:27:43 +0000] - 47.145 ms localhost
GET /favicon.ico 304 [21/Feb/2025:18:27:44 +0000] - 5.996 ms localhost
