GET / 200 [24/Apr/2025:11:35:23 +0000] - 373.310 ms localhost
GET /@vite/client 200 [24/Apr/2025:11:35:23 +0000] - 175.923 ms localhost
GET /styles.css 200 [24/Apr/2025:11:35:23 +0000] - 149.182 ms localhost
GET /polyfills.js 200 [24/Apr/2025:11:35:24 +0000] - 230.936 ms localhost
GET /main.js 200 [24/Apr/2025:11:35:24 +0000] - 240.709 ms localhost
GET /@fs/C:/Users/USER/Documents/BroCampTasks/Angular_Project/frontend/node_modules/vite/dist/client/env.mjs 200 [24/Apr/2025:11:35:24 +0000] - 254.435 ms localhost
GET /scripts.js 200 [24/Apr/2025:11:35:24 +0000] - 170.798 ms localhost
GET /chunk-JK2OZDZD.js 200 [24/Apr/2025:11:35:24 +0000] - 176.254 ms localhost
GET /chunk-JSSMBHFL.js 200 [24/Apr/2025:11:35:24 +0000] - 171.605 ms localhost
GET /chunk-DS2VOW6E.js 200 [24/Apr/2025:11:35:24 +0000] - 158.455 ms localhost
GET /@fs/C:/Users/USER/Documents/BroCampTasks/Angular_Project/frontend/.angular/cache/18.2.15/frontend/vite/deps/@angular_platform-browser.js?v=ffa03c27 200 [24/Apr/2025:11:35:24 +0000] - 148.401 ms localhost
GET /@fs/C:/Users/USER/Documents/BroCampTasks/Angular_Project/frontend/.angular/cache/18.2.15/frontend/vite/deps/@angular_core.js?v=ffa03c27 200 [24/Apr/2025:11:35:24 +0000] - 135.102 ms localhost
GET /@fs/C:/Users/USER/Documents/BroCampTasks/Angular_Project/frontend/.angular/cache/18.2.15/frontend/vite/deps/@angular_router.js?v=ffa03c27 200 [24/Apr/2025:11:35:24 +0000] - 110.413 ms localhost
GET /@fs/C:/Users/USER/Documents/BroCampTasks/Angular_Project/frontend/.angular/cache/18.2.15/frontend/vite/deps/@angular_common_http.js?v=ffa03c27 200 [24/Apr/2025:11:35:24 +0000] - 52.191 ms localhost
GET /@fs/C:/Users/USER/Documents/BroCampTasks/Angular_Project/frontend/.angular/cache/18.2.15/frontend/vite/deps/rxjs.js?v=ffa03c27 200 [24/Apr/2025:11:35:25 +0000] - 134.778 ms localhost
GET /@fs/C:/Users/USER/Documents/BroCampTasks/Angular_Project/frontend/.angular/cache/18.2.15/frontend/vite/deps/ngx-socket-io.js?v=ffa03c27 200 [24/Apr/2025:11:35:25 +0000] - 133.226 ms localhost
GET /@fs/C:/Users/USER/Documents/BroCampTasks/Angular_Project/frontend/.angular/cache/18.2.15/frontend/vite/deps/@angular_forms.js?v=ffa03c27 200 [24/Apr/2025:11:35:25 +0000] - 111.588 ms localhost
GET /@fs/C:/Users/USER/Documents/BroCampTasks/Angular_Project/frontend/.angular/cache/18.2.15/frontend/vite/deps/emoji-picker-element.js?v=ffa03c27 200 [24/Apr/2025:11:35:25 +0000] - 105.563 ms localhost
GET /@fs/C:/Users/USER/Documents/BroCampTasks/Angular_Project/frontend/.angular/cache/18.2.15/frontend/vite/deps/chunk-TI4NIV3R.js?v=ffa03c27 200 [24/Apr/2025:11:35:25 +0000] - 147.650 ms localhost
GET /@fs/C:/Users/USER/Documents/BroCampTasks/Angular_Project/frontend/.angular/cache/18.2.15/frontend/vite/deps/chunk-KHJLBV7G.js?v=ffa03c27 200 [24/Apr/2025:11:35:25 +0000] - 16.738 ms localhost
GET /@fs/C:/Users/USER/Documents/BroCampTasks/Angular_Project/frontend/.angular/cache/18.2.15/frontend/vite/deps/chunk-UWVBNKXZ.js?v=ffa03c27 200 [24/Apr/2025:11:35:25 +0000] - 67.399 ms localhost
GET /@fs/C:/Users/USER/Documents/BroCampTasks/Angular_Project/frontend/.angular/cache/18.2.15/frontend/vite/deps/chunk-KPU55VW5.js?v=ffa03c27 200 [24/Apr/2025:11:35:25 +0000] - 89.334 ms localhost
GET /@fs/C:/Users/USER/Documents/BroCampTasks/Angular_Project/frontend/.angular/cache/18.2.15/frontend/vite/deps/chunk-P6U2JBMQ.js?v=ffa03c27 200 [24/Apr/2025:11:35:25 +0000] - 82.963 ms localhost
GET /@fs/C:/Users/USER/Documents/BroCampTasks/Angular_Project/frontend/.angular/cache/18.2.15/frontend/vite/deps/chunk-XWLXMCJQ.js?v=ffa03c27 200 [24/Apr/2025:11:35:25 +0000] - 106.495 ms localhost
GET /chunk-64PX7TW2.js 200 [24/Apr/2025:11:35:25 +0000] - 9.490 ms localhost
GET /chunk-KSELMSGV.js 200 [24/Apr/2025:11:35:26 +0000] - 84.565 ms localhost
GET /chunk-NEDMBWF5.js 200 [24/Apr/2025:11:35:26 +0000] - 67.832 ms localhost
GET /chunk-J7PPH75M.js 200 [24/Apr/2025:11:35:26 +0000] - 69.535 ms localhost
GET /chunk-KJ77OHGA.js 200 [24/Apr/2025:11:35:26 +0000] - 67.438 ms localhost
GET /favicon.ico 200 [24/Apr/2025:11:35:26 +0000] - 165.216 ms localhost
GET /favicon.ico 304 [24/Apr/2025:11:35:26 +0000] - 16.509 ms localhost
POST /api/user/login 200 [24/Apr/2025:11:35:33 +0000] - 1028.506 ms localhost
GET /chunk-XVYBADGO.js 200 [24/Apr/2025:11:35:33 +0000] - 8.886 ms localhost
GET /chunk-3QULYRM7.js 200 [24/Apr/2025:11:35:34 +0000] - 21.569 ms localhost
GET /chunk-ULRPEUP5.js 200 [24/Apr/2025:11:35:34 +0000] - 27.392 ms localhost
GET /chunk-D3RU6VCD.js 200 [24/Apr/2025:11:35:34 +0000] - 14.691 ms localhost
GET /@fs/C:/Users/USER/Documents/BroCampTasks/Angular_Project/frontend/.angular/cache/18.2.15/frontend/vite/deps/bootstrap.js?v=ffa03c27 200 [24/Apr/2025:11:35:34 +0000] - 36.038 ms localhost
GET /@fs/C:/Users/USER/Documents/BroCampTasks/Angular_Project/frontend/.angular/cache/18.2.15/frontend/vite/deps/@angular_common.js?v=ffa03c27 200 [24/Apr/2025:11:35:34 +0000] - 44.202 ms localhost
GET /@fs/C:/Users/USER/Documents/BroCampTasks/Angular_Project/frontend/.angular/cache/18.2.15/frontend/vite/deps/chart__js.js?v=ffa03c27 200 [24/Apr/2025:11:35:34 +0000] - 43.067 ms localhost
GET /chunk-BCBM2DCM.js 200 [24/Apr/2025:11:35:40 +0000] - 18.009 ms localhost
GET /chunk-T3RXNJIH.js 200 [24/Apr/2025:11:35:40 +0000] - 17.145 ms localhost
GET /api/event/events/Engagement 200 [24/Apr/2025:11:35:44 +0000] - 1703.317 ms localhost
GET /chunk-MOGCUT6X.js 200 [24/Apr/2025:11:35:44 +0000] - 8.974 ms localhost
GET /chunk-ILRA5XHX.js 200 [24/Apr/2025:11:35:45 +0000] - 9.243 ms localhost
GET /chunk-277RL4Z3.js 200 [24/Apr/2025:11:35:45 +0000] - 11.798 ms localhost
GET /api/booking/events 200 [24/Apr/2025:11:35:46 +0000] - 833.414 ms localhost
GET /chunk-KVHDQOXL.js 200 [24/Apr/2025:11:35:49 +0000] - 31.445 ms localhost
GET /api/booking/bookings?userName=Sreedevi%20K&pageNumber=1&pageSize=2&isConfirmed=true 200 [24/Apr/2025:11:35:50 +0000] - 252.449 ms localhost
GET /chunk-UWXUGDKH.js 200 [24/Apr/2025:11:35:59 +0000] - 118.374 ms localhost
GET /chunk-RPK2ZVIJ.js 200 [24/Apr/2025:11:35:59 +0000] - 13.676 ms localhost
GET /api/wallet/userWallet/674e8a6920bc39246157f503 200 [24/Apr/2025:11:36:00 +0000] - 891.786 ms localhost
