GET /api/user/check 200 [08/May/2025:12:52:06 +0000] - 1128.497 ms localhost
POST /api/user/login 200 [08/May/2025:12:52:16 +0000] - 372.374 ms localhost
GET /api/booking/bookings?userName=Sreedevi%20K&pageNumber=1&pageSize=2&isConfirmed=false 304 [08/May/2025:12:52:22 +0000] - 448.837 ms localhost
GET /api/user/check 200 [08/May/2025:12:59:20 +0000] - 487.808 ms localhost
POST /api/user/login 200 [08/May/2025:12:59:34 +0000] - 200.701 ms localhost
GET /api/booking/bookings?userName=Sreedevi%20K&pageNumber=1&pageSize=2&isConfirmed=false 200 [08/May/2025:12:59:45 +0000] - 334.520 ms localhost
GET /api/user/check 200 [08/May/2025:12:59:49 +0000] - 81.548 ms localhost
GET /api/service/services?role=user&limit=10&isApproved=true 200 [08/May/2025:12:59:50 +0000] - 589.760 ms localhost
GET /api/user/check 304 [08/May/2025:13:00:08 +0000] - 84.769 ms localhost
GET /api/service/services?role=user&limit=10&isApproved=true 304 [08/May/2025:13:00:08 +0000] - 170.937 ms localhost
GET /api/user/check 200 [08/May/2025:13:00:13 +0000] - 161.955 ms localhost
GET /api/booking/bookings?userName=Sreedevi%20K&pageNumber=1&pageSize=2&isConfirmed=false 200 [08/May/2025:13:00:13 +0000] - 224.053 ms localhost
GET /api/booking/bookings?userName=Sreedevi%20K&pageNumber=1&pageSize=2&isConfirmed=false 304 [08/May/2025:13:00:37 +0000] - 77.577 ms localhost
GET /api/user/check 304 [08/May/2025:13:10:42 +0000] - 357.720 ms localhost
GET /api/user/check 200 [08/May/2025:13:10:42 +0000] - 200.742 ms localhost
GET /api/booking/bookings?userName=Sreedevi%20K&pageNumber=1&pageSize=2&isConfirmed=false 304 [08/May/2025:13:10:43 +0000] - 290.283 ms localhost
GET /api/booking/bookings?userName=Sreedevi%20K&pageNumber=1&pageSize=2&isConfirmed=false 200 [08/May/2025:13:10:44 +0000] - 60.319 ms localhost
GET /api/user/check 304 [08/May/2025:13:11:15 +0000] - 195.276 ms localhost
GET /api/booking/bookings?userName=Sreedevi%20K&pageNumber=1&pageSize=2&isConfirmed=false 304 [08/May/2025:13:11:16 +0000] - 63.951 ms localhost
GET /api/user/check 304 [08/May/2025:13:11:20 +0000] - 60.198 ms localhost
GET /api/user/check 200 [08/May/2025:13:11:22 +0000] - 73.189 ms localhost
GET /api/booking/bookings?userName=Sreedevi%20K&pageNumber=1&pageSize=2&isConfirmed=false 200 [08/May/2025:13:11:23 +0000] - 913.136 ms localhost
GET /api/user/check 304 [08/May/2025:13:12:14 +0000] - 41.081 ms localhost
GET /api/user/check 200 [08/May/2025:13:12:20 +0000] - 864.622 ms localhost
GET /api/booking/bookings?userName=Sreedevi%20K&pageNumber=1&pageSize=2&isConfirmed=false 200 [08/May/2025:13:12:20 +0000] - 285.176 ms localhost
GET /api/booking/bookings?userName=Sreedevi%20K&pageNumber=1&pageSize=2&isConfirmed=false 304 [08/May/2025:13:12:44 +0000] - 70.409 ms localhost
GET /api/user/check 304 [08/May/2025:13:12:59 +0000] - 65.097 ms localhost
POST /api/user/login 200 [08/May/2025:13:13:08 +0000] - 173.398 ms localhost
GET /api/user/logout 200 [08/May/2025:13:13:14 +0000] - 108.241 ms localhost
GET /api/booking/bookings?userName=Sreedevi%20K&pageNumber=1&pageSize=2&isConfirmed=false 401 [08/May/2025:13:13:22 +0000] - 59.309 ms localhost
GET /api/user/token/refresh 400 [08/May/2025:13:13:22 +0000] - 91.304 ms localhost
GET /api/user/check 401 [08/May/2025:13:14:09 +0000] - 215.156 ms localhost
GET /api/user/token/refresh 400 [08/May/2025:13:14:09 +0000] - 25.070 ms localhost
POST /api/user/login 200 [08/May/2025:13:14:32 +0000] - 131.771 ms localhost
GET /api/booking/bookings?userName=Sreedevi%20K&pageNumber=1&pageSize=2&isConfirmed=false 200 [08/May/2025:13:14:40 +0000] - 72.747 ms localhost
GET /api/user/check 200 [08/May/2025:13:14:44 +0000] - 44.727 ms localhost
GET /api/wallet/userWallet/674e8a6920bc39246157f503 200 [08/May/2025:13:14:46 +0000] - 572.149 ms localhost
GET /api/user/logout 200 [08/May/2025:13:15:42 +0000] - 34.176 ms localhost
GET /api/user/check 401 [08/May/2025:13:15:58 +0000] - 64.930 ms localhost
GET /api/user/check 401 [08/May/2025:13:15:58 +0000] - 73.630 ms localhost
GET /api/user/token/refresh 400 [08/May/2025:13:15:58 +0000] - 39.344 ms localhost
GET /api/user/token/refresh - [08/May/2025:13:15:58 +0000] - - ms localhost
GET /api/user/check 401 [08/May/2025:14:28:06 +0000] - 158.789 ms localhost
GET /api/user/token/refresh 400 [08/May/2025:14:28:06 +0000] - 193.859 ms localhost
GET /api/user/check 401 [08/May/2025:14:28:29 +0000] - 22.311 ms localhost
GET /api/user/token/refresh 400 [08/May/2025:14:28:29 +0000] - 20.452 ms localhost
GET /api/user/check 401 [08/May/2025:14:28:33 +0000] - 100.057 ms localhost
GET /api/user/token/refresh 400 [08/May/2025:14:28:33 +0000] - 53.823 ms localhost
POST /api/user/login 200 [08/May/2025:14:28:43 +0000] - 198.708 ms localhost
GET /api/booking/bookings?userName=Sreedevi%20K&pageNumber=1&pageSize=2&isConfirmed=false 304 [08/May/2025:14:28:50 +0000] - 284.345 ms localhost
GET /api/user/check 200 [08/May/2025:14:28:55 +0000] - 58.549 ms localhost
GET /api/user/check 304 [08/May/2025:14:28:55 +0000] - 59.713 ms localhost
GET /api/user/check 304 [08/May/2025:14:28:55 +0000] - 81.625 ms localhost
GET /api/service/services?role=user&limit=10&isApproved=true 304 [08/May/2025:14:28:56 +0000] - 306.979 ms localhost
GET /api/chat/674e8a6920bc39246157f503 200 [08/May/2025:14:29:24 +0000] - 733.857 ms localhost
GET /socket.io/?EIO=4&transport=websocket - [08/May/2025:14:29:43 +0000] - - ms localhost
GET /api/user/logout 200 [08/May/2025:14:32:41 +0000] - 220.004 ms localhost
GET /api/user/check 401 [08/May/2025:14:32:48 +0000] - 110.110 ms localhost
GET /api/user/check 401 [08/May/2025:14:32:48 +0000] - 50.835 ms localhost
GET /api/user/token/refresh 400 [08/May/2025:14:32:48 +0000] - 253.873 ms localhost
GET /api/user/token/refresh - [08/May/2025:14:32:48 +0000] - - ms localhost
GET /api/user/check 401 [08/May/2025:14:35:11 +0000] - 63.453 ms localhost
GET /api/user/check 401 [08/May/2025:14:35:12 +0000] - 91.605 ms localhost
GET /api/user/token/refresh 400 [08/May/2025:14:35:13 +0000] - 347.196 ms localhost
GET /api/user/token/refresh 400 [08/May/2025:14:35:13 +0000] - 30.945 ms localhost
GET /api/user/check 401 [08/May/2025:14:51:43 +0000] - 663.292 ms localhost
GET /api/user/token/refresh 400 [08/May/2025:14:51:43 +0000] - 230.392 ms localhost
POST /api/user/login 200 [08/May/2025:15:06:47 +0000] - 521.712 ms localhost
GET /api/user/check 200 [08/May/2025:15:06:48 +0000] - 204.218 ms localhost
GET /api/user/check 200 [08/May/2025:15:09:39 +0000] - 348.809 ms localhost
GET /api/user/check 200 [08/May/2025:15:09:39 +0000] - 504.547 ms localhost
GET /api/user/check 200 [08/May/2025:15:09:39 +0000] - 66.418 ms localhost
GET /api/user/check 200 [08/May/2025:15:09:40 +0000] - 85.951 ms localhost
GET /api/user/check 200 [08/May/2025:15:09:53 +0000] - 237.811 ms localhost
GET /api/user/check 200 [08/May/2025:15:09:53 +0000] - 71.004 ms localhost
GET /api/user/check 200 [08/May/2025:15:09:53 +0000] - 51.525 ms localhost
GET /api/user/check 200 [08/May/2025:15:10:42 +0000] - 92.745 ms localhost
GET /api/user/check 200 [08/May/2025:15:10:43 +0000] - 51.977 ms localhost
GET /api/user/check 200 [08/May/2025:15:10:43 +0000] - 40.538 ms localhost
GET /api/user/check 200 [08/May/2025:15:10:51 +0000] - 96.154 ms localhost
GET /api/user/check 200 [08/May/2025:15:10:51 +0000] - 84.991 ms localhost
GET /api/user/check 200 [08/May/2025:15:10:51 +0000] - 40.537 ms localhost
GET /api/user/check 200 [08/May/2025:15:12:10 +0000] - 52.952 ms localhost
GET /api/user/check 200 [08/May/2025:15:25:59 +0000] - 345.012 ms localhost
GET /api/user/check 200 [08/May/2025:15:43:33 +0000] - 527.144 ms localhost
GET /api/user/check 200 [08/May/2025:15:44:06 +0000] - 142.466 ms localhost
GET /api/user/check 200 [08/May/2025:15:44:12 +0000] - 74.005 ms localhost
GET /api/user/check 200 [08/May/2025:15:44:22 +0000] - 189.672 ms localhost
GET /api/user/check 200 [08/May/2025:15:44:25 +0000] - 53.309 ms localhost
GET /api/user/check 200 [08/May/2025:15:44:30 +0000] - 654.898 ms localhost
POST /api/user/login 200 [08/May/2025:15:44:40 +0000] - 173.204 ms localhost
GET /api/booking/bookings?userName=Sreedevi%20K&pageNumber=1&pageSize=2&isConfirmed=false 200 [08/May/2025:15:44:46 +0000] - 371.805 ms localhost
GET /api/user/check 200 [08/May/2025:15:44:59 +0000] - 167.410 ms localhost
GET /api/user/check 304 [08/May/2025:15:44:59 +0000] - 47.017 ms localhost
GET /api/user/check 200 [08/May/2025:15:45:00 +0000] - 105.406 ms localhost
GET /api/service/services?role=user&limit=10&isApproved=true 304 [08/May/2025:15:45:00 +0000] - 473.278 ms localhost
GET /api/booking/bookings?userName=Sreedevi%20K&pageNumber=1&pageSize=2&isConfirmed=false 200 [08/May/2025:15:46:25 +0000] - 351.514 ms localhost
GET /api/booking/bookings?userName=Sreedevi%20K&pageNumber=1&pageSize=2&isConfirmed=false 200 [08/May/2025:15:46:58 +0000] - 88.737 ms localhost
GET /api/event/events/Engagement 200 [08/May/2025:15:47:06 +0000] - 975.032 ms localhost
GET /api/booking/events 200 [08/May/2025:15:47:06 +0000] - 333.306 ms localhost
GET /api/wallet/userWallet/674e8a6920bc39246157f503 200 [08/May/2025:15:47:35 +0000] - 341.469 ms localhost
GET /api/user/check 304 [08/May/2025:15:47:56 +0000] - 60.654 ms localhost
GET /api/user/check 304 [08/May/2025:15:47:56 +0000] - 48.928 ms localhost
GET /api/user/check 200 [08/May/2025:15:47:56 +0000] - 84.029 ms localhost
GET /api/user/check 200 [08/May/2025:15:47:56 +0000] - 64.617 ms localhost
GET /api/service/services?role=user&limit=10&isApproved=true 304 [08/May/2025:15:47:56 +0000] - 131.793 ms localhost
GET /api/booking/bookings?userName=Sreedevi%20K&pageNumber=1&pageSize=2&isConfirmed=true 200 [08/May/2025:15:48:29 +0000] - 75.503 ms localhost
GET /api/service/services?role=user&limit=10&isApproved=true 200 [08/May/2025:15:48:34 +0000] - 320.439 ms localhost
GET /api/service/services?role=user&limit=10&isApproved=true 200 [08/May/2025:15:48:39 +0000] - 112.274 ms localhost
GET /api/booking/bookings?userName=Sreedevi%20K&pageNumber=1&pageSize=2&isConfirmed=false 200 [08/May/2025:15:48:40 +0000] - 102.512 ms localhost
GET /api/wallet/userWallet/674e8a6920bc39246157f503 200 [08/May/2025:15:48:51 +0000] - 105.702 ms localhost
GET /api/service/services?role=user&limit=10&isApproved=true 200 [08/May/2025:15:48:59 +0000] - 145.818 ms localhost
GET /api/booking/bookings?userName=Sreedevi%20K&pageNumber=1&pageSize=2&isConfirmed=false 200 [08/May/2025:15:49:02 +0000] - 78.020 ms localhost
GET /api/booking/bookings?userName=Sreedevi%20K&pageNumber=1&pageSize=2&isConfirmed=true 200 [08/May/2025:15:49:05 +0000] - 109.878 ms localhost
GET /api/wallet/userWallet/674e8a6920bc39246157f503 200 [08/May/2025:15:49:06 +0000] - 121.585 ms localhost
GET /api/user/logout 200 [08/May/2025:15:49:21 +0000] - 55.806 ms localhost
GET /api/user/check 401 [08/May/2025:16:13:14 +0000] - 127.224 ms localhost
GET /api/user/token/refresh 400 [08/May/2025:16:13:14 +0000] - 171.504 ms localhost
