GET /login 200 [23/Feb/2025:14:09:19 +0000] - 173.204 ms localhost
GET /@vite/client 304 [23/Feb/2025:14:09:21 +0000] - 20.453 ms localhost
GET /styles.css 200 [23/Feb/2025:14:09:21 +0000] - 12.749 ms localhost
GET /polyfills.js 304 [23/Feb/2025:14:09:21 +0000] - 7.744 ms localhost
GET /main.js 200 [23/Feb/2025:14:09:21 +0000] - 6.111 ms localhost
GET /@fs/C:/Users/USER/Desktop/BroCampTasks/Angular_Project/frontend/node_modules/vite/dist/client/env.mjs 304 [23/Feb/2025:14:09:21 +0000] - 5.073 ms localhost
GET /chunk-ZVXQP2MQ.js 304 [23/Feb/2025:14:09:21 +0000] - 9.009 ms localhost
GET /chunk-JK2OZDZD.js 304 [23/Feb/2025:14:09:21 +0000] - 8.791 ms localhost
GET /chunk-NROI7E46.js 304 [23/Feb/2025:14:09:22 +0000] - 8.689 ms localhost
GET /chunk-IE2DDJPX.js 304 [23/Feb/2025:14:09:22 +0000] - 11.927 ms localhost
GET /chunk-KSELMSGV.js 304 [23/Feb/2025:14:09:22 +0000] - 28.856 ms localhost
GET /chunk-AD6BEBTX.js 304 [23/Feb/2025:14:09:22 +0000] - 24.147 ms localhost
GET /chunk-F64TRUFE.js 304 [23/Feb/2025:14:09:22 +0000] - 22.530 ms localhost
GET /chunk-MQDO5BT4.js 304 [23/Feb/2025:14:09:22 +0000] - 29.470 ms localhost
GET /styles.css.map 200 [23/Feb/2025:14:09:25 +0000] - 7.592 ms localhost
GET /@fs/C:/Users/USER/Desktop/BroCampTasks/Angular_Project/frontend/.angular/cache/18.2.11/frontend/vite/deps/chunk-XWLXMCJQ.js.map 304 [23/Feb/2025:14:09:25 +0000] - 40.310 ms localhost
GET /@fs/C:/Users/USER/Desktop/BroCampTasks/Angular_Project/frontend/.angular/cache/18.2.11/frontend/vite/deps/chunk-66JPAEYR.js.map 304 [23/Feb/2025:14:09:25 +0000] - 53.195 ms localhost
GET /@fs/C:/Users/USER/Desktop/BroCampTasks/Angular_Project/frontend/.angular/cache/18.2.11/frontend/vite/deps/@angular_core.js.map 304 [23/Feb/2025:14:09:25 +0000] - 52.289 ms localhost
GET /@fs/C:/Users/USER/Desktop/BroCampTasks/Angular_Project/frontend/.angular/cache/18.2.11/frontend/vite/deps/@angular_common_http.js.map 304 [23/Feb/2025:14:09:25 +0000] - 53.165 ms localhost
GET /@fs/C:/Users/USER/Desktop/BroCampTasks/Angular_Project/frontend/.angular/cache/18.2.11/frontend/vite/deps/chunk-F4ZW7LLY.js.map 304 [23/Feb/2025:14:09:25 +0000] - 76.151 ms localhost
GET /@fs/C:/Users/USER/Desktop/BroCampTasks/Angular_Project/frontend/.angular/cache/18.2.11/frontend/vite/deps/chunk-2ZWNOPXZ.js.map 304 [23/Feb/2025:14:09:25 +0000] - 84.032 ms localhost
GET /@fs/C:/Users/USER/Desktop/BroCampTasks/Angular_Project/frontend/.angular/cache/18.2.11/frontend/vite/deps/rxjs.js.map 304 [23/Feb/2025:14:09:25 +0000] - 91.473 ms localhost
GET /@fs/C:/Users/USER/Desktop/BroCampTasks/Angular_Project/frontend/.angular/cache/18.2.11/frontend/vite/deps/@angular_platform-browser.js.map 304 [23/Feb/2025:14:09:25 +0000] - 92.733 ms localhost
GET /@fs/C:/Users/USER/Desktop/BroCampTasks/Angular_Project/frontend/.angular/cache/18.2.11/frontend/vite/deps/chunk-BKIWMXDL.js.map 304 [23/Feb/2025:14:09:26 +0000] - 558.004 ms localhost
GET /@fs/C:/Users/USER/Desktop/BroCampTasks/Angular_Project/frontend/.angular/cache/18.2.11/frontend/vite/deps/chunk-ZKQIAUIS.js.map 304 [23/Feb/2025:14:09:26 +0000] - 395.710 ms localhost
GET /@fs/C:/Users/USER/Desktop/BroCampTasks/Angular_Project/frontend/.angular/cache/18.2.11/frontend/vite/deps/chunk-7MS5FTBZ.js.map 304 [23/Feb/2025:14:09:26 +0000] - 363.756 ms localhost
GET /@fs/C:/Users/USER/Desktop/BroCampTasks/Angular_Project/frontend/.angular/cache/18.2.11/frontend/vite/deps/emoji-picker-element.js.map 304 [23/Feb/2025:14:09:26 +0000] - 370.530 ms localhost
GET /@fs/C:/Users/USER/Desktop/BroCampTasks/Angular_Project/frontend/.angular/cache/18.2.11/frontend/vite/deps/ngx-socket-io.js.map 304 [23/Feb/2025:14:09:26 +0000] - 382.831 ms localhost
GET /@fs/C:/Users/USER/Desktop/BroCampTasks/Angular_Project/frontend/.angular/cache/18.2.11/frontend/vite/deps/@angular_router.js.map 304 [23/Feb/2025:14:09:26 +0000] - 601.188 ms localhost
GET /login.component.css.map 200 [23/Feb/2025:14:09:26 +0000] - 12.492 ms localhost
GET /@fs/C:/Users/USER/Desktop/BroCampTasks/Angular_Project/frontend/.angular/cache/18.2.11/frontend/vite/deps/@angular_forms.js.map 304 [23/Feb/2025:14:09:26 +0000] - 218.751 ms localhost
GET /@fs/C:/Users/USER/Desktop/BroCampTasks/Angular_Project/frontend/.angular/cache/18.2.11/frontend/vite/deps/@angular_common.js.map 304 [23/Feb/2025:14:09:26 +0000] - 218.774 ms localhost
GET /favicon.ico 304 [23/Feb/2025:14:09:32 +0000] - 8.575 ms localhost
POST /api/user/login 200 [23/Feb/2025:14:09:33 +0000] - 1082.298 ms localhost
GET /chunk-YNCIXSZ7.js 200 [23/Feb/2025:14:09:33 +0000] - 12.063 ms localhost
GET /chunk-FYADWRS6.js 304 [23/Feb/2025:14:09:33 +0000] - 3.128 ms localhost
GET /chunk-ZH4HHEI3.js 304 [23/Feb/2025:14:09:33 +0000] - 3.203 ms localhost
GET /layout.component.css.map 200 [23/Feb/2025:14:09:33 +0000] - 3.889 ms localhost
GET /dashboard.component.css.map 200 [23/Feb/2025:14:09:33 +0000] - 4.289 ms localhost
GET /chunk-X4ALBSWX.js 200 [23/Feb/2025:14:09:34 +0000] - 8.740 ms localhost
GET / - [23/Feb/2025:14:13:22 +0000] - - ms localhost
GET /sales 200 [23/Feb/2025:14:26:57 +0000] - 524.052 ms localhost
GET /@vite/client 304 [23/Feb/2025:14:26:59 +0000] - 16.335 ms localhost
GET /styles.css 200 [23/Feb/2025:14:26:59 +0000] - 16.341 ms localhost
GET /polyfills.js 304 [23/Feb/2025:14:26:59 +0000] - 6.778 ms localhost
GET /main.js 200 [23/Feb/2025:14:26:59 +0000] - 26.295 ms localhost
GET /@fs/C:/Users/USER/Desktop/BroCampTasks/Angular_Project/frontend/node_modules/vite/dist/client/env.mjs 304 [23/Feb/2025:14:27:01 +0000] - 4.280 ms localhost
GET /chunk-CHCF33F4.js 200 [23/Feb/2025:14:27:02 +0000] - 10.405 ms localhost
GET /chunk-JK2OZDZD.js 304 [23/Feb/2025:14:27:02 +0000] - 6.021 ms localhost
GET /chunk-NROI7E46.js 304 [23/Feb/2025:14:27:02 +0000] - 5.529 ms localhost
GET /styles.css.map 200 [23/Feb/2025:14:27:02 +0000] - 5.600 ms localhost
GET /chunk-JX7D2FSK.js 200 [23/Feb/2025:14:27:02 +0000] - 12.742 ms localhost
GET /@fs/C:/Users/USER/Desktop/BroCampTasks/Angular_Project/frontend/.angular/cache/18.2.11/frontend/vite/deps/@angular_core.js.map 304 [23/Feb/2025:14:27:04 +0000] - 16.272 ms localhost
GET /@fs/C:/Users/USER/Desktop/BroCampTasks/Angular_Project/frontend/.angular/cache/18.2.11/frontend/vite/deps/chunk-66JPAEYR.js.map 304 [23/Feb/2025:14:27:04 +0000] - 15.976 ms localhost
GET /@fs/C:/Users/USER/Desktop/BroCampTasks/Angular_Project/frontend/.angular/cache/18.2.11/frontend/vite/deps/chunk-BKIWMXDL.js.map 304 [23/Feb/2025:14:27:04 +0000] - 396.731 ms localhost
GET /@fs/C:/Users/USER/Desktop/BroCampTasks/Angular_Project/frontend/.angular/cache/18.2.11/frontend/vite/deps/chunk-XWLXMCJQ.js.map 304 [23/Feb/2025:14:27:04 +0000] - 445.465 ms localhost
GET /@fs/C:/Users/USER/Desktop/BroCampTasks/Angular_Project/frontend/.angular/cache/18.2.11/frontend/vite/deps/rxjs.js.map 304 [23/Feb/2025:14:27:05 +0000] - 479.474 ms localhost
GET /@fs/C:/Users/USER/Desktop/BroCampTasks/Angular_Project/frontend/.angular/cache/18.2.11/frontend/vite/deps/@angular_common_http.js.map 304 [23/Feb/2025:14:27:05 +0000] - 456.245 ms localhost
GET /@fs/C:/Users/USER/Desktop/BroCampTasks/Angular_Project/frontend/.angular/cache/18.2.11/frontend/vite/deps/@angular_platform-browser.js.map 304 [23/Feb/2025:14:27:05 +0000] - 132.802 ms localhost
GET /@fs/C:/Users/USER/Desktop/BroCampTasks/Angular_Project/frontend/.angular/cache/18.2.11/frontend/vite/deps/chunk-2ZWNOPXZ.js.map 304 [23/Feb/2025:14:27:05 +0000] - 475.045 ms localhost
GET /@fs/C:/Users/USER/Desktop/BroCampTasks/Angular_Project/frontend/.angular/cache/18.2.11/frontend/vite/deps/chunk-F4ZW7LLY.js.map 304 [23/Feb/2025:14:27:05 +0000] - 490.427 ms localhost
GET /@fs/C:/Users/USER/Desktop/BroCampTasks/Angular_Project/frontend/.angular/cache/18.2.11/frontend/vite/deps/chunk-ZKQIAUIS.js.map 304 [23/Feb/2025:14:27:05 +0000] - 163.577 ms localhost
GET /@fs/C:/Users/USER/Desktop/BroCampTasks/Angular_Project/frontend/.angular/cache/18.2.11/frontend/vite/deps/@angular_forms.js.map 304 [23/Feb/2025:14:27:05 +0000] - 59.429 ms localhost
GET /@fs/C:/Users/USER/Desktop/BroCampTasks/Angular_Project/frontend/.angular/cache/18.2.11/frontend/vite/deps/ngx-socket-io.js.map 304 [23/Feb/2025:14:27:05 +0000] - 111.524 ms localhost
GET /@fs/C:/Users/USER/Desktop/BroCampTasks/Angular_Project/frontend/.angular/cache/18.2.11/frontend/vite/deps/emoji-picker-element.js.map 304 [23/Feb/2025:14:27:05 +0000] - 68.132 ms localhost
GET /@fs/C:/Users/USER/Desktop/BroCampTasks/Angular_Project/frontend/.angular/cache/18.2.11/frontend/vite/deps/@angular_router.js.map 304 [23/Feb/2025:14:27:05 +0000] - 124.904 ms localhost
GET /@fs/C:/Users/USER/Desktop/BroCampTasks/Angular_Project/frontend/.angular/cache/18.2.11/frontend/vite/deps/chunk-7MS5FTBZ.js.map 304 [23/Feb/2025:14:27:05 +0000] - 117.395 ms localhost
GET /chunk-QUCZYD5P.js 200 [23/Feb/2025:14:27:05 +0000] - 6.972 ms localhost
GET /chunk-KSELMSGV.js 304 [23/Feb/2025:14:27:05 +0000] - 5.521 ms localhost
GET /chunk-AD6BEBTX.js 304 [23/Feb/2025:14:27:05 +0000] - 4.510 ms localhost
GET /chunk-MQDO5BT4.js 304 [23/Feb/2025:14:27:05 +0000] - 4.060 ms localhost
GET /chunk-F64TRUFE.js 304 [23/Feb/2025:14:27:05 +0000] - 7.049 ms localhost
GET /@fs/C:/Users/USER/Desktop/BroCampTasks/Angular_Project/frontend/.angular/cache/18.2.11/frontend/vite/deps/@angular_common.js.map 304 [23/Feb/2025:14:27:06 +0000] - 3.800 ms localhost
GET /login.component.css.map 200 [23/Feb/2025:14:27:06 +0000] - 4.258 ms localhost
GET /favicon.ico 304 [23/Feb/2025:14:27:06 +0000] - 3.809 ms localhost
GET / - [23/Feb/2025:14:31:01 +0000] - - ms localhost
GET /login 200 [23/Feb/2025:14:34:14 +0000] - 179.671 ms localhost
GET /@vite/client 304 [23/Feb/2025:14:34:16 +0000] - 150.034 ms localhost
GET /styles.css 200 [23/Feb/2025:14:34:17 +0000] - 10.015 ms localhost
GET /polyfills.js 304 [23/Feb/2025:14:34:19 +0000] - 8.114 ms localhost
GET /main.js 200 [23/Feb/2025:14:34:19 +0000] - 15.472 ms localhost
GET /@fs/C:/Users/USER/Desktop/BroCampTasks/Angular_Project/frontend/node_modules/vite/dist/client/env.mjs 304 [23/Feb/2025:14:34:19 +0000] - 2.760 ms localhost
GET /chunk-QG3VQKDF.js 200 [23/Feb/2025:14:34:20 +0000] - 5.835 ms localhost
GET /chunk-JK2OZDZD.js 304 [23/Feb/2025:14:34:20 +0000] - 3.305 ms localhost
GET /chunk-NROI7E46.js 304 [23/Feb/2025:14:34:20 +0000] - 5.429 ms localhost
GET /chunk-2GFEA42V.js 404 [23/Feb/2025:14:34:22 +0000] - 16.444 ms localhost
GET /styles.css.map 200 [23/Feb/2025:14:34:24 +0000] - 6.616 ms localhost
GET /@fs/C:/Users/USER/Desktop/BroCampTasks/Angular_Project/frontend/.angular/cache/18.2.11/frontend/vite/deps/@angular_core.js.map 304 [23/Feb/2025:14:34:24 +0000] - 4.447 ms localhost
GET /@fs/C:/Users/USER/Desktop/BroCampTasks/Angular_Project/frontend/.angular/cache/18.2.11/frontend/vite/deps/chunk-BKIWMXDL.js.map 304 [23/Feb/2025:14:34:25 +0000] - 50.815 ms localhost
GET /@fs/C:/Users/USER/Desktop/BroCampTasks/Angular_Project/frontend/.angular/cache/18.2.11/frontend/vite/deps/chunk-66JPAEYR.js.map 304 [23/Feb/2025:14:34:25 +0000] - 97.362 ms localhost
GET /@fs/C:/Users/USER/Desktop/BroCampTasks/Angular_Project/frontend/.angular/cache/18.2.11/frontend/vite/deps/chunk-XWLXMCJQ.js.map 304 [23/Feb/2025:14:34:25 +0000] - 3.455 ms localhost
GET /@fs/C:/Users/USER/Desktop/BroCampTasks/Angular_Project/frontend/.angular/cache/18.2.11/frontend/vite/deps/rxjs.js.map 304 [23/Feb/2025:14:34:25 +0000] - 82.022 ms localhost
GET /@fs/C:/Users/USER/Desktop/BroCampTasks/Angular_Project/frontend/.angular/cache/18.2.11/frontend/vite/deps/@angular_common_http.js.map 304 [23/Feb/2025:14:34:25 +0000] - 32.396 ms localhost
GET /@fs/C:/Users/USER/Desktop/BroCampTasks/Angular_Project/frontend/.angular/cache/18.2.11/frontend/vite/deps/chunk-F4ZW7LLY.js.map 304 [23/Feb/2025:14:34:25 +0000] - 94.509 ms localhost
GET /@fs/C:/Users/USER/Desktop/BroCampTasks/Angular_Project/frontend/.angular/cache/18.2.11/frontend/vite/deps/chunk-2ZWNOPXZ.js.map 304 [23/Feb/2025:14:34:25 +0000] - 44.257 ms localhost
GET /@fs/C:/Users/USER/Desktop/BroCampTasks/Angular_Project/frontend/.angular/cache/18.2.11/frontend/vite/deps/@angular_platform-browser.js.map 304 [23/Feb/2025:14:34:26 +0000] - 116.963 ms localhost
GET /@fs/C:/Users/USER/Desktop/BroCampTasks/Angular_Project/frontend/.angular/cache/18.2.11/frontend/vite/deps/ngx-socket-io.js.map 304 [23/Feb/2025:14:34:27 +0000] - 58.965 ms localhost
GET /@fs/C:/Users/USER/Desktop/BroCampTasks/Angular_Project/frontend/.angular/cache/18.2.11/frontend/vite/deps/chunk-7MS5FTBZ.js.map 304 [23/Feb/2025:14:34:27 +0000] - 56.492 ms localhost
GET /@fs/C:/Users/USER/Desktop/BroCampTasks/Angular_Project/frontend/.angular/cache/18.2.11/frontend/vite/deps/chunk-ZKQIAUIS.js.map 304 [23/Feb/2025:14:34:27 +0000] - 65.268 ms localhost
GET /@fs/C:/Users/USER/Desktop/BroCampTasks/Angular_Project/frontend/.angular/cache/18.2.11/frontend/vite/deps/@angular_forms.js.map 304 [23/Feb/2025:14:34:27 +0000] - 56.915 ms localhost
GET /@fs/C:/Users/USER/Desktop/BroCampTasks/Angular_Project/frontend/.angular/cache/18.2.11/frontend/vite/deps/@angular_router.js.map 304 [23/Feb/2025:14:34:27 +0000] - 65.404 ms localhost
GET /@fs/C:/Users/USER/Desktop/BroCampTasks/Angular_Project/frontend/.angular/cache/18.2.11/frontend/vite/deps/emoji-picker-element.js.map 304 [23/Feb/2025:14:34:27 +0000] - 6.314 ms localhost
GET /favicon.ico 304 [23/Feb/2025:14:34:31 +0000] - 11.987 ms localhost
GET / - [23/Feb/2025:14:38:21 +0000] - - ms localhost
GET / 200 [23/Feb/2025:15:00:13 +0000] - 180.361 ms localhost
GET /@vite/client 304 [23/Feb/2025:15:00:14 +0000] - 255.970 ms localhost
GET /styles.css 200 [23/Feb/2025:15:00:14 +0000] - 12.993 ms localhost
GET /polyfills.js 304 [23/Feb/2025:15:00:15 +0000] - 3.632 ms localhost
GET /main.js 200 [23/Feb/2025:15:00:15 +0000] - 5.175 ms localhost
GET /@fs/C:/Users/USER/Desktop/BroCampTasks/Angular_Project/frontend/node_modules/vite/dist/client/env.mjs 304 [23/Feb/2025:15:00:15 +0000] - 3.619 ms localhost
GET /styles.css.map 200 [23/Feb/2025:15:00:15 +0000] - 7.851 ms localhost
GET /chunk-NQGEO6MV.js 200 [23/Feb/2025:15:00:15 +0000] - 5.343 ms localhost
GET /chunk-NROI7E46.js 304 [23/Feb/2025:15:00:15 +0000] - 8.402 ms localhost
GET /chunk-JK2OZDZD.js 304 [23/Feb/2025:15:00:15 +0000] - 10.782 ms localhost
GET /@fs/C:/Users/USER/Desktop/BroCampTasks/Angular_Project/frontend/.angular/cache/18.2.11/frontend/vite/deps/@angular_core.js.map 304 [23/Feb/2025:15:00:17 +0000] - 5.872 ms localhost
GET /@fs/C:/Users/USER/Desktop/BroCampTasks/Angular_Project/frontend/.angular/cache/18.2.11/frontend/vite/deps/chunk-BKIWMXDL.js.map 304 [23/Feb/2025:15:00:18 +0000] - 701.299 ms localhost
GET /chunk-V7PBRNGZ.js 200 [23/Feb/2025:15:00:18 +0000] - 173.551 ms localhost
GET /@fs/C:/Users/USER/Desktop/BroCampTasks/Angular_Project/frontend/.angular/cache/18.2.11/frontend/vite/deps/chunk-66JPAEYR.js.map 304 [23/Feb/2025:15:00:18 +0000] - 878.901 ms localhost
GET /@fs/C:/Users/USER/Desktop/BroCampTasks/Angular_Project/frontend/.angular/cache/18.2.11/frontend/vite/deps/chunk-XWLXMCJQ.js.map 304 [23/Feb/2025:15:00:18 +0000] - 849.621 ms localhost
GET /@fs/C:/Users/USER/Desktop/BroCampTasks/Angular_Project/frontend/.angular/cache/18.2.11/frontend/vite/deps/rxjs.js.map 304 [23/Feb/2025:15:00:18 +0000] - 842.803 ms localhost
GET /@fs/C:/Users/USER/Desktop/BroCampTasks/Angular_Project/frontend/.angular/cache/18.2.11/frontend/vite/deps/@angular_common_http.js.map 304 [23/Feb/2025:15:00:18 +0000] - 821.869 ms localhost
GET /@fs/C:/Users/USER/Desktop/BroCampTasks/Angular_Project/frontend/.angular/cache/18.2.11/frontend/vite/deps/chunk-F4ZW7LLY.js.map 304 [23/Feb/2025:15:00:18 +0000] - 827.537 ms localhost
GET /@fs/C:/Users/USER/Desktop/BroCampTasks/Angular_Project/frontend/.angular/cache/18.2.11/frontend/vite/deps/chunk-2ZWNOPXZ.js.map 304 [23/Feb/2025:15:00:18 +0000] - 35.581 ms localhost
GET /@fs/C:/Users/USER/Desktop/BroCampTasks/Angular_Project/frontend/.angular/cache/18.2.11/frontend/vite/deps/@angular_platform-browser.js.map 304 [23/Feb/2025:15:00:18 +0000] - 29.108 ms localhost
GET /@fs/C:/Users/USER/Desktop/BroCampTasks/Angular_Project/frontend/.angular/cache/18.2.11/frontend/vite/deps/chunk-ZKQIAUIS.js.map 304 [23/Feb/2025:15:00:18 +0000] - 38.191 ms localhost
GET /@fs/C:/Users/USER/Desktop/BroCampTasks/Angular_Project/frontend/.angular/cache/18.2.11/frontend/vite/deps/chunk-7MS5FTBZ.js.map 304 [23/Feb/2025:15:00:18 +0000] - 21.924 ms localhost
GET /@fs/C:/Users/USER/Desktop/BroCampTasks/Angular_Project/frontend/.angular/cache/18.2.11/frontend/vite/deps/@angular_forms.js.map 304 [23/Feb/2025:15:00:18 +0000] - 22.221 ms localhost
GET /@fs/C:/Users/USER/Desktop/BroCampTasks/Angular_Project/frontend/.angular/cache/18.2.11/frontend/vite/deps/@angular_router.js.map 304 [23/Feb/2025:15:00:18 +0000] - 58.544 ms localhost
GET /@fs/C:/Users/USER/Desktop/BroCampTasks/Angular_Project/frontend/.angular/cache/18.2.11/frontend/vite/deps/emoji-picker-element.js.map 304 [23/Feb/2025:15:00:18 +0000] - 37.243 ms localhost
GET /@fs/C:/Users/USER/Desktop/BroCampTasks/Angular_Project/frontend/.angular/cache/18.2.11/frontend/vite/deps/ngx-socket-io.js.map 304 [23/Feb/2025:15:00:18 +0000] - 53.480 ms localhost
GET /chunk-KSELMSGV.js 304 [23/Feb/2025:15:00:18 +0000] - 4.708 ms localhost
GET /chunk-AD6BEBTX.js 304 [23/Feb/2025:15:00:18 +0000] - 10.151 ms localhost
GET /chunk-MQDO5BT4.js 304 [23/Feb/2025:15:00:18 +0000] - 10.145 ms localhost
GET /chunk-F64TRUFE.js 304 [23/Feb/2025:15:00:18 +0000] - 2.193 ms localhost
GET /favicon.ico 304 [23/Feb/2025:15:00:19 +0000] - 21.114 ms localhost
GET /@fs/C:/Users/USER/Desktop/BroCampTasks/Angular_Project/frontend/.angular/cache/18.2.11/frontend/vite/deps/@angular_common.js.map 304 [23/Feb/2025:15:00:19 +0000] - 4.589 ms localhost
GET /login.component.css.map 200 [23/Feb/2025:15:00:19 +0000] - 2.739 ms localhost
GET / - [23/Feb/2025:15:04:15 +0000] - - ms localhost
GET /login 200 [23/Feb/2025:15:24:43 +0000] - 83.231 ms localhost
GET /@vite/client 304 [23/Feb/2025:15:24:44 +0000] - 59.198 ms localhost
GET /styles.css 200 [23/Feb/2025:15:24:44 +0000] - 21.008 ms localhost
GET /polyfills.js 304 [23/Feb/2025:15:24:44 +0000] - 5.814 ms localhost
GET /main.js 200 [23/Feb/2025:15:24:44 +0000] - 6.670 ms localhost
GET /@fs/C:/Users/USER/Desktop/BroCampTasks/Angular_Project/frontend/node_modules/vite/dist/client/env.mjs 304 [23/Feb/2025:15:24:44 +0000] - 4.503 ms localhost
GET /chunk-VUDBINDS.js 200 [23/Feb/2025:15:24:46 +0000] - 5.936 ms localhost
GET /chunk-JK2OZDZD.js 304 [23/Feb/2025:15:24:46 +0000] - 14.502 ms localhost
GET /chunk-NROI7E46.js 304 [23/Feb/2025:15:24:46 +0000] - 12.036 ms localhost
GET /chunk-WYTGJWIV.js 200 [23/Feb/2025:15:24:46 +0000] - 7.648 ms localhost
GET /chunk-KSELMSGV.js 304 [23/Feb/2025:15:24:47 +0000] - 5.690 ms localhost
GET /chunk-AD6BEBTX.js 304 [23/Feb/2025:15:24:47 +0000] - 6.836 ms localhost
GET /chunk-MQDO5BT4.js 304 [23/Feb/2025:15:24:47 +0000] - 6.955 ms localhost
GET /chunk-F64TRUFE.js 304 [23/Feb/2025:15:24:47 +0000] - 2.492 ms localhost
GET /styles.css.map 200 [23/Feb/2025:15:24:48 +0000] - 6.261 ms localhost
GET /@fs/C:/Users/USER/Desktop/BroCampTasks/Angular_Project/frontend/.angular/cache/18.2.11/frontend/vite/deps/@angular_core.js.map 304 [23/Feb/2025:15:24:48 +0000] - 6.184 ms localhost
GET /@fs/C:/Users/USER/Desktop/BroCampTasks/Angular_Project/frontend/.angular/cache/18.2.11/frontend/vite/deps/chunk-BKIWMXDL.js.map 304 [23/Feb/2025:15:24:48 +0000] - 47.761 ms localhost
GET /@fs/C:/Users/USER/Desktop/BroCampTasks/Angular_Project/frontend/.angular/cache/18.2.11/frontend/vite/deps/rxjs.js.map 304 [23/Feb/2025:15:24:48 +0000] - 71.594 ms localhost
GET /@fs/C:/Users/USER/Desktop/BroCampTasks/Angular_Project/frontend/.angular/cache/18.2.11/frontend/vite/deps/chunk-XWLXMCJQ.js.map 304 [23/Feb/2025:15:24:48 +0000] - 78.953 ms localhost
GET /@fs/C:/Users/USER/Desktop/BroCampTasks/Angular_Project/frontend/.angular/cache/18.2.11/frontend/vite/deps/chunk-66JPAEYR.js.map 304 [23/Feb/2025:15:24:48 +0000] - 105.993 ms localhost
GET /@fs/C:/Users/USER/Desktop/BroCampTasks/Angular_Project/frontend/.angular/cache/18.2.11/frontend/vite/deps/@angular_common_http.js.map 304 [23/Feb/2025:15:24:48 +0000] - 4.245 ms localhost
GET /@fs/C:/Users/USER/Desktop/BroCampTasks/Angular_Project/frontend/.angular/cache/18.2.11/frontend/vite/deps/chunk-F4ZW7LLY.js.map 304 [23/Feb/2025:15:24:48 +0000] - 7.730 ms localhost
GET /@fs/C:/Users/USER/Desktop/BroCampTasks/Angular_Project/frontend/.angular/cache/18.2.11/frontend/vite/deps/chunk-2ZWNOPXZ.js.map 304 [23/Feb/2025:15:24:48 +0000] - 13.002 ms localhost
GET /@fs/C:/Users/USER/Desktop/BroCampTasks/Angular_Project/frontend/.angular/cache/18.2.11/frontend/vite/deps/@angular_platform-browser.js.map 304 [23/Feb/2025:15:24:48 +0000] - 11.049 ms localhost
GET /@fs/C:/Users/USER/Desktop/BroCampTasks/Angular_Project/frontend/.angular/cache/18.2.11/frontend/vite/deps/chunk-ZKQIAUIS.js.map 304 [23/Feb/2025:15:24:48 +0000] - 12.474 ms localhost
GET /@fs/C:/Users/USER/Desktop/BroCampTasks/Angular_Project/frontend/.angular/cache/18.2.11/frontend/vite/deps/@angular_router.js.map 304 [23/Feb/2025:15:24:48 +0000] - 15.220 ms localhost
GET /@fs/C:/Users/USER/Desktop/BroCampTasks/Angular_Project/frontend/.angular/cache/18.2.11/frontend/vite/deps/ngx-socket-io.js.map 304 [23/Feb/2025:15:24:48 +0000] - 10.967 ms localhost
GET /@fs/C:/Users/USER/Desktop/BroCampTasks/Angular_Project/frontend/.angular/cache/18.2.11/frontend/vite/deps/chunk-7MS5FTBZ.js.map 304 [23/Feb/2025:15:24:48 +0000] - 7.893 ms localhost
GET /@fs/C:/Users/USER/Desktop/BroCampTasks/Angular_Project/frontend/.angular/cache/18.2.11/frontend/vite/deps/@angular_forms.js.map 304 [23/Feb/2025:15:24:48 +0000] - 12.436 ms localhost
GET /@fs/C:/Users/USER/Desktop/BroCampTasks/Angular_Project/frontend/.angular/cache/18.2.11/frontend/vite/deps/emoji-picker-element.js.map 304 [23/Feb/2025:15:24:48 +0000] - 12.295 ms localhost
GET /@fs/C:/Users/USER/Desktop/BroCampTasks/Angular_Project/frontend/.angular/cache/18.2.11/frontend/vite/deps/@angular_common.js.map 304 [23/Feb/2025:15:24:48 +0000] - 5.430 ms localhost
GET /login.component.css.map 200 [23/Feb/2025:15:24:49 +0000] - 2.611 ms localhost
GET /favicon.ico 304 [23/Feb/2025:15:24:49 +0000] - 9.042 ms localhost
GET / - [23/Feb/2025:15:28:46 +0000] - - ms localhost
