GET /dashboard 200 [26/Jan/2025:18:32:58 +0000] - 41.378 ms localhost
GET /@vite/client 304 [26/Jan/2025:18:32:59 +0000] - 13.115 ms localhost
GET /styles.css 200 [26/Jan/2025:18:32:59 +0000] - 17.371 ms localhost
GET /polyfills.js 304 [26/Jan/2025:18:32:59 +0000] - 26.934 ms localhost
GET /main.js 200 [26/Jan/2025:18:32:59 +0000] - 27.040 ms localhost
GET /@fs/C:/Users/USER/Desktop/BroCampTasks/Angular_Project/frontend/node_modules/vite/dist/client/env.mjs 304 [26/Jan/2025:18:32:59 +0000] - 72.441 ms localhost
GET /styles.css.map 200 [26/Jan/2025:18:32:59 +0000] - 8.214 ms localhost
GET /@fs/C:/Users/USER/Desktop/BroCampTasks/Angular_Project/frontend/.angular/cache/18.2.11/frontend/vite/deps/@angular_platform-browser.js.map 304 [26/Jan/2025:18:32:59 +0000] - 15.057 ms localhost
GET /@fs/C:/Users/USER/Desktop/BroCampTasks/Angular_Project/frontend/.angular/cache/18.2.11/frontend/vite/deps/chunk-F4ZW7LLY.js.map 304 [26/Jan/2025:18:32:59 +0000] - 22.184 ms localhost
GET /@fs/C:/Users/USER/Desktop/BroCampTasks/Angular_Project/frontend/.angular/cache/18.2.11/frontend/vite/deps/chunk-ZKQIAUIS.js.map 304 [26/Jan/2025:18:32:59 +0000] - 35.701 ms localhost
GET /@fs/C:/Users/USER/Desktop/BroCampTasks/Angular_Project/frontend/.angular/cache/18.2.11/frontend/vite/deps/@angular_common_http.js.map 304 [26/Jan/2025:18:32:59 +0000] - 14.754 ms localhost
GET /@fs/C:/Users/USER/Desktop/BroCampTasks/Angular_Project/frontend/.angular/cache/18.2.11/frontend/vite/deps/chunk-2ZWNOPXZ.js.map 304 [26/Jan/2025:18:32:59 +0000] - 42.482 ms localhost
GET /@fs/C:/Users/USER/Desktop/BroCampTasks/Angular_Project/frontend/.angular/cache/18.2.11/frontend/vite/deps/chunk-66JPAEYR.js.map 304 [26/Jan/2025:18:32:59 +0000] - 118.603 ms localhost
GET /@fs/C:/Users/USER/Desktop/BroCampTasks/Angular_Project/frontend/.angular/cache/18.2.11/frontend/vite/deps/chunk-BKIWMXDL.js.map 304 [26/Jan/2025:18:32:59 +0000] - 289.014 ms localhost
GET /@fs/C:/Users/USER/Desktop/BroCampTasks/Angular_Project/frontend/.angular/cache/18.2.11/frontend/vite/deps/chunk-XWLXMCJQ.js.map 304 [26/Jan/2025:18:32:59 +0000] - 252.288 ms localhost
GET /@fs/C:/Users/USER/Desktop/BroCampTasks/Angular_Project/frontend/.angular/cache/18.2.11/frontend/vite/deps/@angular_core.js.map 304 [26/Jan/2025:18:32:59 +0000] - 250.608 ms localhost
GET /@fs/C:/Users/USER/Desktop/BroCampTasks/Angular_Project/frontend/.angular/cache/18.2.11/frontend/vite/deps/rxjs.js.map 304 [26/Jan/2025:18:32:59 +0000] - 254.207 ms localhost
GET /@fs/C:/Users/USER/Desktop/BroCampTasks/Angular_Project/frontend/.angular/cache/18.2.11/frontend/vite/deps/@angular_common.js.map 304 [26/Jan/2025:18:33:00 +0000] - 84.278 ms localhost
GET /@fs/C:/Users/USER/Desktop/BroCampTasks/Angular_Project/frontend/.angular/cache/18.2.11/frontend/vite/deps/@angular_forms.js.map 304 [26/Jan/2025:18:33:00 +0000] - 569.635 ms localhost
GET /login.component.css.map 200 [26/Jan/2025:18:33:00 +0000] - 311.114 ms localhost
GET /@fs/C:/Users/USER/Desktop/BroCampTasks/Angular_Project/frontend/.angular/cache/18.2.11/frontend/vite/deps/@angular_router.js.map 304 [26/Jan/2025:18:33:00 +0000] - 698.807 ms localhost
GET /@fs/C:/Users/USER/Desktop/BroCampTasks/Angular_Project/frontend/.angular/cache/18.2.11/frontend/vite/deps/ngx-socket-io.js.map 304 [26/Jan/2025:18:33:00 +0000] - 482.805 ms localhost
GET /favicon.ico 304 [26/Jan/2025:18:33:00 +0000] - 84.497 ms localhost
GET /@fs/C:/Users/USER/Desktop/BroCampTasks/Angular_Project/frontend/.angular/cache/18.2.11/frontend/vite/deps/emoji-picker-element.js.map 304 [26/Jan/2025:18:33:00 +0000] - 534.381 ms localhost
GET /@fs/C:/Users/USER/Desktop/BroCampTasks/Angular_Project/frontend/.angular/cache/18.2.11/frontend/vite/deps/chunk-7MS5FTBZ.js.map 304 [26/Jan/2025:18:33:00 +0000] - 555.497 ms localhost
POST /user/login 200 [26/Jan/2025:18:33:11 +0000] - 476.442 ms localhost
GET /layout.component.css.map 200 [26/Jan/2025:18:33:11 +0000] - 7.503 ms localhost
GET /dashboard.component.css.map 200 [26/Jan/2025:18:33:11 +0000] - 6.860 ms localhost
GET /user-chat.component.css.map 200 [26/Jan/2025:18:33:14 +0000] - 7.452 ms localhost
GET /chat/674e8a6920bc39246157f503 304 [26/Jan/2025:18:33:14 +0000] - 224.179 ms localhost
GET /chat 404 [26/Jan/2025:18:38:45 +0000] - 98.572 ms localhost
GET /dashboard 200 [26/Jan/2025:18:44:01 +0000] - 131.102 ms localhost
GET /styles.css 200 [26/Jan/2025:18:44:01 +0000] - 150.256 ms localhost
GET /polyfills.js 304 [26/Jan/2025:18:44:01 +0000] - 30.297 ms localhost
GET /@vite/client 304 [26/Jan/2025:18:44:01 +0000] - 26.879 ms localhost
GET /main.js 200 [26/Jan/2025:18:44:01 +0000] - 68.816 ms localhost
GET /styles.css.map 200 [26/Jan/2025:18:44:01 +0000] - 78.279 ms localhost
GET /@fs/C:/Users/USER/Desktop/BroCampTasks/Angular_Project/frontend/node_modules/vite/dist/client/env.mjs 304 [26/Jan/2025:18:44:01 +0000] - 87.008 ms localhost
GET /@fs/C:/Users/USER/Desktop/BroCampTasks/Angular_Project/frontend/.angular/cache/18.2.11/frontend/vite/deps/chunk-F4ZW7LLY.js.map 304 [26/Jan/2025:18:44:02 +0000] - 551.208 ms localhost
GET /@fs/C:/Users/USER/Desktop/BroCampTasks/Angular_Project/frontend/.angular/cache/18.2.11/frontend/vite/deps/chunk-ZKQIAUIS.js.map 304 [26/Jan/2025:18:44:02 +0000] - 577.548 ms localhost
GET /@fs/C:/Users/USER/Desktop/BroCampTasks/Angular_Project/frontend/.angular/cache/18.2.11/frontend/vite/deps/@angular_platform-browser.js.map 304 [26/Jan/2025:18:44:02 +0000] - 594.668 ms localhost
GET /@fs/C:/Users/USER/Desktop/BroCampTasks/Angular_Project/frontend/.angular/cache/18.2.11/frontend/vite/deps/chunk-66JPAEYR.js.map 304 [26/Jan/2025:18:44:02 +0000] - 636.319 ms localhost
GET /@fs/C:/Users/USER/Desktop/BroCampTasks/Angular_Project/frontend/.angular/cache/18.2.11/frontend/vite/deps/chunk-2ZWNOPXZ.js.map 304 [26/Jan/2025:18:44:02 +0000] - 704.217 ms localhost
GET /favicon.ico 304 [26/Jan/2025:18:44:02 +0000] - 146.828 ms localhost
GET /@fs/C:/Users/USER/Desktop/BroCampTasks/Angular_Project/frontend/.angular/cache/18.2.11/frontend/vite/deps/chunk-BKIWMXDL.js.map 304 [26/Jan/2025:18:44:03 +0000] - 893.769 ms localhost
GET /@fs/C:/Users/USER/Desktop/BroCampTasks/Angular_Project/frontend/.angular/cache/18.2.11/frontend/vite/deps/chunk-XWLXMCJQ.js.map 304 [26/Jan/2025:18:44:03 +0000] - 328.010 ms localhost
GET /@fs/C:/Users/USER/Desktop/BroCampTasks/Angular_Project/frontend/.angular/cache/18.2.11/frontend/vite/deps/@angular_core.js.map 304 [26/Jan/2025:18:44:03 +0000] - 309.765 ms localhost
GET /@fs/C:/Users/USER/Desktop/BroCampTasks/Angular_Project/frontend/.angular/cache/18.2.11/frontend/vite/deps/@angular_router.js.map 304 [26/Jan/2025:18:44:03 +0000] - 298.718 ms localhost
GET /@fs/C:/Users/USER/Desktop/BroCampTasks/Angular_Project/frontend/.angular/cache/18.2.11/frontend/vite/deps/rxjs.js.map 304 [26/Jan/2025:18:44:03 +0000] - 237.751 ms localhost
GET /@fs/C:/Users/USER/Desktop/BroCampTasks/Angular_Project/frontend/.angular/cache/18.2.11/frontend/vite/deps/@angular_common_http.js.map 304 [26/Jan/2025:18:44:03 +0000] - 241.769 ms localhost
GET /@fs/C:/Users/USER/Desktop/BroCampTasks/Angular_Project/frontend/.angular/cache/18.2.11/frontend/vite/deps/@angular_forms.js.map 304 [26/Jan/2025:18:44:03 +0000] - 107.827 ms localhost
GET /login.component.css.map 200 [26/Jan/2025:18:44:03 +0000] - 42.307 ms localhost
GET /@fs/C:/Users/USER/Desktop/BroCampTasks/Angular_Project/frontend/.angular/cache/18.2.11/frontend/vite/deps/@angular_common.js.map 304 [26/Jan/2025:18:44:03 +0000] - 120.714 ms localhost
GET /@fs/C:/Users/USER/Desktop/BroCampTasks/Angular_Project/frontend/.angular/cache/18.2.11/frontend/vite/deps/ngx-socket-io.js.map 304 [26/Jan/2025:18:44:03 +0000] - 122.853 ms localhost
GET /@fs/C:/Users/USER/Desktop/BroCampTasks/Angular_Project/frontend/.angular/cache/18.2.11/frontend/vite/deps/chunk-7MS5FTBZ.js.map 304 [26/Jan/2025:18:44:03 +0000] - 105.653 ms localhost
GET /@fs/C:/Users/USER/Desktop/BroCampTasks/Angular_Project/frontend/.angular/cache/18.2.11/frontend/vite/deps/emoji-picker-element.js.map 304 [26/Jan/2025:18:44:03 +0000] - 85.766 ms localhost
POST /user/login 200 [26/Jan/2025:18:44:17 +0000] - 678.195 ms localhost
GET /dashboard.component.css.map 200 [26/Jan/2025:18:44:17 +0000] - 4.610 ms localhost
GET /layout.component.css.map 200 [26/Jan/2025:18:44:17 +0000] - 7.441 ms localhost
GET /user-chat.component.css.map 200 [26/Jan/2025:18:44:20 +0000] - 3.982 ms localhost
GET /chat/674e8a6920bc39246157f503 304 [26/Jan/2025:18:44:21 +0000] - 359.820 ms localhost
GET /chat 404 [26/Jan/2025:18:45:23 +0000] - 49.680 ms localhost
GET /dashboard 200 [26/Jan/2025:21:20:43 +0000] - 656.661 ms localhost
GET /@vite/client 304 [26/Jan/2025:21:20:44 +0000] - 754.816 ms localhost
GET /polyfills.js 304 [26/Jan/2025:21:20:44 +0000] - 734.712 ms localhost
GET /styles.css 200 [26/Jan/2025:21:20:44 +0000] - 791.830 ms localhost
GET /main.js 200 [26/Jan/2025:21:20:44 +0000] - 1043.287 ms localhost
GET /@fs/C:/Users/USER/Desktop/BroCampTasks/Angular_Project/frontend/node_modules/vite/dist/client/env.mjs 304 [26/Jan/2025:21:20:44 +0000] - 326.276 ms localhost
GET /styles.css.map 200 [26/Jan/2025:21:20:44 +0000] - 200.788 ms localhost
GET /@fs/C:/Users/USER/Desktop/BroCampTasks/Angular_Project/frontend/.angular/cache/18.2.11/frontend/vite/deps/@angular_platform-browser.js.map 304 [26/Jan/2025:21:20:48 +0000] - 3154.340 ms localhost
GET /@fs/C:/Users/USER/Desktop/BroCampTasks/Angular_Project/frontend/.angular/cache/18.2.11/frontend/vite/deps/chunk-66JPAEYR.js.map 304 [26/Jan/2025:21:20:49 +0000] - 4237.508 ms localhost
GET /@fs/C:/Users/USER/Desktop/BroCampTasks/Angular_Project/frontend/.angular/cache/18.2.11/frontend/vite/deps/chunk-2ZWNOPXZ.js.map 304 [26/Jan/2025:21:20:49 +0000] - 4541.633 ms localhost
GET /@fs/C:/Users/USER/Desktop/BroCampTasks/Angular_Project/frontend/.angular/cache/18.2.11/frontend/vite/deps/chunk-F4ZW7LLY.js.map 304 [26/Jan/2025:21:20:49 +0000] - 4635.297 ms localhost
GET /favicon.ico 304 [26/Jan/2025:21:20:49 +0000] - 1577.827 ms localhost
GET /@fs/C:/Users/USER/Desktop/BroCampTasks/Angular_Project/frontend/.angular/cache/18.2.11/frontend/vite/deps/chunk-ZKQIAUIS.js.map 304 [26/Jan/2025:21:20:49 +0000] - 4765.408 ms localhost
GET /@fs/C:/Users/USER/Desktop/BroCampTasks/Angular_Project/frontend/.angular/cache/18.2.11/frontend/vite/deps/chunk-BKIWMXDL.js.map 304 [26/Jan/2025:21:20:50 +0000] - 4883.441 ms localhost
GET /@fs/C:/Users/USER/Desktop/BroCampTasks/Angular_Project/frontend/.angular/cache/18.2.11/frontend/vite/deps/chunk-XWLXMCJQ.js.map 304 [26/Jan/2025:21:20:50 +0000] - 670.411 ms localhost
GET /@fs/C:/Users/USER/Desktop/BroCampTasks/Angular_Project/frontend/.angular/cache/18.2.11/frontend/vite/deps/@angular_core.js.map 304 [26/Jan/2025:21:20:50 +0000] - 358.136 ms localhost
GET /@fs/C:/Users/USER/Desktop/BroCampTasks/Angular_Project/frontend/.angular/cache/18.2.11/frontend/vite/deps/@angular_router.js.map 304 [26/Jan/2025:21:20:50 +0000] - 279.365 ms localhost
GET /@fs/C:/Users/USER/Desktop/BroCampTasks/Angular_Project/frontend/.angular/cache/18.2.11/frontend/vite/deps/rxjs.js.map 304 [26/Jan/2025:21:20:50 +0000] - 172.524 ms localhost
GET /@fs/C:/Users/USER/Desktop/BroCampTasks/Angular_Project/frontend/.angular/cache/18.2.11/frontend/vite/deps/@angular_common_http.js.map 304 [26/Jan/2025:21:20:50 +0000] - 223.122 ms localhost
GET /@fs/C:/Users/USER/Desktop/BroCampTasks/Angular_Project/frontend/.angular/cache/18.2.11/frontend/vite/deps/@angular_forms.js.map 304 [26/Jan/2025:21:20:50 +0000] - 145.973 ms localhost
GET /login.component.css.map 200 [26/Jan/2025:21:20:50 +0000] - 54.180 ms localhost
GET /@fs/C:/Users/USER/Desktop/BroCampTasks/Angular_Project/frontend/.angular/cache/18.2.11/frontend/vite/deps/ngx-socket-io.js.map 304 [26/Jan/2025:21:20:50 +0000] - 143.161 ms localhost
GET /@fs/C:/Users/USER/Desktop/BroCampTasks/Angular_Project/frontend/.angular/cache/18.2.11/frontend/vite/deps/@angular_common.js.map 304 [26/Jan/2025:21:20:50 +0000] - 196.922 ms localhost
GET /@fs/C:/Users/USER/Desktop/BroCampTasks/Angular_Project/frontend/.angular/cache/18.2.11/frontend/vite/deps/chunk-7MS5FTBZ.js.map 304 [26/Jan/2025:21:20:50 +0000] - 166.413 ms localhost
GET /@fs/C:/Users/USER/Desktop/BroCampTasks/Angular_Project/frontend/.angular/cache/18.2.11/frontend/vite/deps/emoji-picker-element.js.map 304 [26/Jan/2025:21:20:50 +0000] - 162.555 ms localhost
POST /user/login 200 [26/Jan/2025:21:20:53 +0000] - 979.274 ms localhost
GET /layout.component.css.map 200 [26/Jan/2025:21:20:53 +0000] - 4.175 ms localhost
GET /dashboard.component.css.map 200 [26/Jan/2025:21:20:53 +0000] - 4.100 ms localhost
GET /user-chat.component.css.map 200 [26/Jan/2025:21:20:58 +0000] - 30.759 ms localhost
GET /chat/674e8a6920bc39246157f503 304 [26/Jan/2025:21:20:58 +0000] - 731.882 ms localhost
GET /dashboard.component.css.map 200 [26/Jan/2025:21:28:29 +0000] - 808.902 ms localhost
GET /dashboard 200 [26/Jan/2025:21:28:29 +0000] - 1101.494 ms localhost
GET /styles.css 200 [26/Jan/2025:21:28:30 +0000] - 117.197 ms localhost
GET /polyfills.js 304 [26/Jan/2025:21:28:30 +0000] - 166.769 ms localhost
GET /main.js 304 [26/Jan/2025:21:28:30 +0000] - 167.058 ms localhost
GET /@vite/client 304 [26/Jan/2025:21:28:30 +0000] - 747.878 ms localhost
GET /styles.css.map 200 [26/Jan/2025:21:28:30 +0000] - 9.138 ms localhost
GET /@fs/C:/Users/USER/Desktop/BroCampTasks/Angular_Project/frontend/.angular/cache/18.2.11/frontend/vite/deps/@angular_platform-browser.js.map 304 [26/Jan/2025:21:28:31 +0000] - 270.403 ms localhost
GET /@fs/C:/Users/USER/Desktop/BroCampTasks/Angular_Project/frontend/.angular/cache/18.2.11/frontend/vite/deps/chunk-F4ZW7LLY.js.map 304 [26/Jan/2025:21:28:31 +0000] - 298.606 ms localhost
GET /@fs/C:/Users/USER/Desktop/BroCampTasks/Angular_Project/frontend/.angular/cache/18.2.11/frontend/vite/deps/chunk-ZKQIAUIS.js.map 304 [26/Jan/2025:21:28:31 +0000] - 334.670 ms localhost
GET /@fs/C:/Users/USER/Desktop/BroCampTasks/Angular_Project/frontend/.angular/cache/18.2.11/frontend/vite/deps/chunk-XWLXMCJQ.js.map 304 [26/Jan/2025:21:28:31 +0000] - 317.587 ms localhost
GET /@fs/C:/Users/USER/Desktop/BroCampTasks/Angular_Project/frontend/.angular/cache/18.2.11/frontend/vite/deps/chunk-66JPAEYR.js.map 304 [26/Jan/2025:21:28:31 +0000] - 366.266 ms localhost
GET /@fs/C:/Users/USER/Desktop/BroCampTasks/Angular_Project/frontend/node_modules/vite/dist/client/env.mjs 304 [26/Jan/2025:21:28:31 +0000] - 152.845 ms localhost
GET /@fs/C:/Users/USER/Desktop/BroCampTasks/Angular_Project/frontend/.angular/cache/18.2.11/frontend/vite/deps/chunk-BKIWMXDL.js.map 304 [26/Jan/2025:21:28:31 +0000] - 809.284 ms localhost
GET /@fs/C:/Users/USER/Desktop/BroCampTasks/Angular_Project/frontend/.angular/cache/18.2.11/frontend/vite/deps/@angular_common_http.js.map 304 [26/Jan/2025:21:28:31 +0000] - 531.683 ms localhost
GET /@fs/C:/Users/USER/Desktop/BroCampTasks/Angular_Project/frontend/.angular/cache/18.2.11/frontend/vite/deps/@angular_core.js.map 304 [26/Jan/2025:21:28:31 +0000] - 569.910 ms localhost
GET /@fs/C:/Users/USER/Desktop/BroCampTasks/Angular_Project/frontend/.angular/cache/18.2.11/frontend/vite/deps/@angular_forms.js.map 304 [26/Jan/2025:21:28:31 +0000] - 549.414 ms localhost
GET /@fs/C:/Users/USER/Desktop/BroCampTasks/Angular_Project/frontend/.angular/cache/18.2.11/frontend/vite/deps/@angular_common.js.map 304 [26/Jan/2025:21:28:32 +0000] - 1297.231 ms localhost
GET /favicon.ico 304 [26/Jan/2025:21:28:33 +0000] - 313.866 ms localhost
GET /@fs/C:/Users/USER/Desktop/BroCampTasks/Angular_Project/frontend/.angular/cache/18.2.11/frontend/vite/deps/ngx-socket-io.js.map 304 [26/Jan/2025:21:28:33 +0000] - 1596.974 ms localhost
GET /login.component.css.map 200 [26/Jan/2025:21:28:33 +0000] - 104.186 ms localhost
GET /@fs/C:/Users/USER/Desktop/BroCampTasks/Angular_Project/frontend/.angular/cache/18.2.11/frontend/vite/deps/rxjs.js.map 304 [26/Jan/2025:21:28:33 +0000] - 1244.503 ms localhost
GET /@fs/C:/Users/USER/Desktop/BroCampTasks/Angular_Project/frontend/.angular/cache/18.2.11/frontend/vite/deps/chunk-7MS5FTBZ.js.map 304 [26/Jan/2025:21:28:35 +0000] - 3363.105 ms localhost
GET /@fs/C:/Users/USER/Desktop/BroCampTasks/Angular_Project/frontend/.angular/cache/18.2.11/frontend/vite/deps/chunk-2ZWNOPXZ.js.map 304 [26/Jan/2025:21:28:35 +0000] - 3504.507 ms localhost
GET /@fs/C:/Users/USER/Desktop/BroCampTasks/Angular_Project/frontend/.angular/cache/18.2.11/frontend/vite/deps/@angular_router.js.map 304 [26/Jan/2025:21:28:35 +0000] - 3545.768 ms localhost
GET /@fs/C:/Users/USER/Desktop/BroCampTasks/Angular_Project/frontend/.angular/cache/18.2.11/frontend/vite/deps/emoji-picker-element.js.map 304 [26/Jan/2025:21:28:35 +0000] - 2511.210 ms localhost
GET /login 200 [26/Jan/2025:21:28:36 +0000] - 11.642 ms localhost
GET /@vite/client 304 [26/Jan/2025:21:28:36 +0000] - 63.769 ms localhost
GET /polyfills.js 304 [26/Jan/2025:21:28:36 +0000] - 78.189 ms localhost
GET /styles.css 200 [26/Jan/2025:21:28:36 +0000] - 89.065 ms localhost
GET /main.js 200 [26/Jan/2025:21:28:36 +0000] - 210.532 ms localhost
GET /@fs/C:/Users/USER/Desktop/BroCampTasks/Angular_Project/frontend/node_modules/vite/dist/client/env.mjs 304 [26/Jan/2025:21:28:36 +0000] - 155.179 ms localhost
GET /styles.css.map 200 [26/Jan/2025:21:28:36 +0000] - 105.082 ms localhost
GET /@fs/C:/Users/USER/Desktop/BroCampTasks/Angular_Project/frontend/.angular/cache/18.2.11/frontend/vite/deps/chunk-ZKQIAUIS.js.map 304 [26/Jan/2025:21:28:37 +0000] - 263.016 ms localhost
GET /@fs/C:/Users/USER/Desktop/BroCampTasks/Angular_Project/frontend/.angular/cache/18.2.11/frontend/vite/deps/chunk-66JPAEYR.js.map 304 [26/Jan/2025:21:28:37 +0000] - 101.282 ms localhost
GET /@fs/C:/Users/USER/Desktop/BroCampTasks/Angular_Project/frontend/.angular/cache/18.2.11/frontend/vite/deps/chunk-XWLXMCJQ.js.map 304 [26/Jan/2025:21:28:37 +0000] - 104.095 ms localhost
GET /@fs/C:/Users/USER/Desktop/BroCampTasks/Angular_Project/frontend/.angular/cache/18.2.11/frontend/vite/deps/chunk-2ZWNOPXZ.js.map 304 [26/Jan/2025:21:28:37 +0000] - 172.591 ms localhost
GET /@fs/C:/Users/USER/Desktop/BroCampTasks/Angular_Project/frontend/.angular/cache/18.2.11/frontend/vite/deps/chunk-F4ZW7LLY.js.map 304 [26/Jan/2025:21:28:37 +0000] - 296.707 ms localhost
GET /@fs/C:/Users/USER/Desktop/BroCampTasks/Angular_Project/frontend/.angular/cache/18.2.11/frontend/vite/deps/chunk-BKIWMXDL.js.map 304 [26/Jan/2025:21:28:37 +0000] - 389.653 ms localhost
GET /favicon.ico 304 [26/Jan/2025:21:28:37 +0000] - 116.366 ms localhost
GET /@fs/C:/Users/USER/Desktop/BroCampTasks/Angular_Project/frontend/.angular/cache/18.2.11/frontend/vite/deps/@angular_core.js.map 304 [26/Jan/2025:21:28:37 +0000] - 136.337 ms localhost
GET /@fs/C:/Users/USER/Desktop/BroCampTasks/Angular_Project/frontend/.angular/cache/18.2.11/frontend/vite/deps/rxjs.js.map 304 [26/Jan/2025:21:28:37 +0000] - 117.447 ms localhost
GET /@fs/C:/Users/USER/Desktop/BroCampTasks/Angular_Project/frontend/.angular/cache/18.2.11/frontend/vite/deps/@angular_common_http.js.map 304 [26/Jan/2025:21:28:37 +0000] - 177.773 ms localhost
GET /@fs/C:/Users/USER/Desktop/BroCampTasks/Angular_Project/frontend/.angular/cache/18.2.11/frontend/vite/deps/@angular_router.js.map 304 [26/Jan/2025:21:28:37 +0000] - 184.923 ms localhost
GET /@fs/C:/Users/USER/Desktop/BroCampTasks/Angular_Project/frontend/.angular/cache/18.2.11/frontend/vite/deps/@angular_common.js.map 304 [26/Jan/2025:21:28:37 +0000] - 86.468 ms localhost
GET /@fs/C:/Users/USER/Desktop/BroCampTasks/Angular_Project/frontend/.angular/cache/18.2.11/frontend/vite/deps/ngx-socket-io.js.map 304 [26/Jan/2025:21:28:37 +0000] - 85.658 ms localhost
GET /@fs/C:/Users/USER/Desktop/BroCampTasks/Angular_Project/frontend/.angular/cache/18.2.11/frontend/vite/deps/chunk-7MS5FTBZ.js.map 304 [26/Jan/2025:21:28:37 +0000] - 84.826 ms localhost
GET /@fs/C:/Users/USER/Desktop/BroCampTasks/Angular_Project/frontend/.angular/cache/18.2.11/frontend/vite/deps/@angular_forms.js.map 304 [26/Jan/2025:21:28:37 +0000] - 94.789 ms localhost
GET /@fs/C:/Users/USER/Desktop/BroCampTasks/Angular_Project/frontend/.angular/cache/18.2.11/frontend/vite/deps/emoji-picker-element.js.map 304 [26/Jan/2025:21:28:38 +0000] - 160.918 ms localhost
GET /@fs/C:/Users/USER/Desktop/BroCampTasks/Angular_Project/frontend/.angular/cache/18.2.11/frontend/vite/deps/@angular_platform-browser.js.map 304 [26/Jan/2025:21:28:38 +0000] - 136.854 ms localhost
GET /login.component.css.map 200 [26/Jan/2025:21:28:38 +0000] - 95.049 ms localhost
POST /user/login 200 [26/Jan/2025:21:28:43 +0000] - 776.656 ms localhost
GET /dashboard.component.css.map 200 [26/Jan/2025:21:28:43 +0000] - 9.766 ms localhost
GET /layout.component.css.map 200 [26/Jan/2025:21:28:43 +0000] - 4.024 ms localhost
GET /user-chat.component.css.map 200 [26/Jan/2025:21:28:46 +0000] - 4.238 ms localhost
GET /chat/674e8a6920bc39246157f503 304 [26/Jan/2025:21:28:47 +0000] - 287.842 ms localhost
GET /chat 404 [26/Jan/2025:21:30:38 +0000] - 79.303 ms localhost
GET /chat 404 [26/Jan/2025:21:30:38 +0000] - 11.254 ms localhost
GET /dashboard 200 [26/Jan/2025:21:35:10 +0000] - 117.084 ms localhost
GET /@vite/client 304 [26/Jan/2025:21:35:10 +0000] - 17.213 ms localhost
GET /styles.css 200 [26/Jan/2025:21:35:10 +0000] - 18.885 ms localhost
GET /main.js 200 [26/Jan/2025:21:35:10 +0000] - 31.163 ms localhost
GET /polyfills.js 304 [26/Jan/2025:21:35:10 +0000] - 54.079 ms localhost
GET /@fs/C:/Users/USER/Desktop/BroCampTasks/Angular_Project/frontend/node_modules/vite/dist/client/env.mjs 304 [26/Jan/2025:21:35:10 +0000] - 3.941 ms localhost
GET /styles.css.map 200 [26/Jan/2025:21:35:10 +0000] - 9.949 ms localhost
GET /favicon.ico 304 [26/Jan/2025:21:35:11 +0000] - 15.973 ms localhost
GET /@fs/C:/Users/USER/Desktop/BroCampTasks/Angular_Project/frontend/.angular/cache/18.2.11/frontend/vite/deps/@angular_platform-browser.js.map 304 [26/Jan/2025:21:35:11 +0000] - 22.990 ms localhost
GET /@fs/C:/Users/USER/Desktop/BroCampTasks/Angular_Project/frontend/.angular/cache/18.2.11/frontend/vite/deps/chunk-ZKQIAUIS.js.map 304 [26/Jan/2025:21:35:11 +0000] - 54.266 ms localhost
GET /@fs/C:/Users/USER/Desktop/BroCampTasks/Angular_Project/frontend/.angular/cache/18.2.11/frontend/vite/deps/chunk-F4ZW7LLY.js.map 304 [26/Jan/2025:21:35:11 +0000] - 68.749 ms localhost
GET /@fs/C:/Users/USER/Desktop/BroCampTasks/Angular_Project/frontend/.angular/cache/18.2.11/frontend/vite/deps/chunk-2ZWNOPXZ.js.map 304 [26/Jan/2025:21:35:11 +0000] - 97.491 ms localhost
GET /@fs/C:/Users/USER/Desktop/BroCampTasks/Angular_Project/frontend/.angular/cache/18.2.11/frontend/vite/deps/chunk-66JPAEYR.js.map 304 [26/Jan/2025:21:35:11 +0000] - 97.291 ms localhost
GET /@fs/C:/Users/USER/Desktop/BroCampTasks/Angular_Project/frontend/.angular/cache/18.2.11/frontend/vite/deps/chunk-XWLXMCJQ.js.map 304 [26/Jan/2025:21:35:12 +0000] - 426.697 ms localhost
GET /@fs/C:/Users/USER/Desktop/BroCampTasks/Angular_Project/frontend/.angular/cache/18.2.11/frontend/vite/deps/@angular_core.js.map 304 [26/Jan/2025:21:35:12 +0000] - 691.678 ms localhost
GET /@fs/C:/Users/USER/Desktop/BroCampTasks/Angular_Project/frontend/.angular/cache/18.2.11/frontend/vite/deps/chunk-BKIWMXDL.js.map 304 [26/Jan/2025:21:35:13 +0000] - 2367.989 ms localhost
GET /@fs/C:/Users/USER/Desktop/BroCampTasks/Angular_Project/frontend/.angular/cache/18.2.11/frontend/vite/deps/@angular_router.js.map 304 [26/Jan/2025:21:35:13 +0000] - 2327.048 ms localhost
GET /@fs/C:/Users/USER/Desktop/BroCampTasks/Angular_Project/frontend/.angular/cache/18.2.11/frontend/vite/deps/rxjs.js.map 304 [26/Jan/2025:21:35:14 +0000] - 2338.894 ms localhost
GET /@fs/C:/Users/USER/Desktop/BroCampTasks/Angular_Project/frontend/.angular/cache/18.2.11/frontend/vite/deps/@angular_forms.js.map 304 [26/Jan/2025:21:35:14 +0000] - 2347.916 ms localhost
GET /@fs/C:/Users/USER/Desktop/BroCampTasks/Angular_Project/frontend/.angular/cache/18.2.11/frontend/vite/deps/@angular_common_http.js.map 304 [26/Jan/2025:21:35:14 +0000] - 2012.639 ms localhost
GET /login.component.css.map 200 [26/Jan/2025:21:35:14 +0000] - 18.929 ms localhost
GET /@fs/C:/Users/USER/Desktop/BroCampTasks/Angular_Project/frontend/.angular/cache/18.2.11/frontend/vite/deps/chunk-7MS5FTBZ.js.map 304 [26/Jan/2025:21:35:14 +0000] - 1743.195 ms localhost
GET /@fs/C:/Users/USER/Desktop/BroCampTasks/Angular_Project/frontend/.angular/cache/18.2.11/frontend/vite/deps/emoji-picker-element.js.map 304 [26/Jan/2025:21:35:14 +0000] - 153.393 ms localhost
GET /@fs/C:/Users/USER/Desktop/BroCampTasks/Angular_Project/frontend/.angular/cache/18.2.11/frontend/vite/deps/@angular_common.js.map 304 [26/Jan/2025:21:35:14 +0000] - 147.632 ms localhost
GET /@fs/C:/Users/USER/Desktop/BroCampTasks/Angular_Project/frontend/.angular/cache/18.2.11/frontend/vite/deps/ngx-socket-io.js.map 304 [26/Jan/2025:21:35:14 +0000] - 99.995 ms localhost
POST /user/login 200 [26/Jan/2025:21:35:22 +0000] - 907.855 ms localhost
GET /dashboard.component.css.map 200 [26/Jan/2025:21:35:22 +0000] - 8.504 ms localhost
GET /layout.component.css.map 200 [26/Jan/2025:21:35:22 +0000] - 11.559 ms localhost
GET /user-chat.component.css.map 200 [26/Jan/2025:21:35:26 +0000] - 6.133 ms localhost
GET /chat/674e8a6920bc39246157f503 304 [26/Jan/2025:21:35:26 +0000] - 447.591 ms localhost
POST /chat/upload 504 [26/Jan/2025:21:41:53 +0000] - 369209.019 ms localhost
GET /dashboard.component.css.map 200 [26/Jan/2025:21:44:07 +0000] - 729.578 ms localhost
GET /dashboard 200 [26/Jan/2025:21:44:08 +0000] - 1123.952 ms localhost
GET /@vite/client 304 [26/Jan/2025:21:44:08 +0000] - 25.888 ms localhost
GET /styles.css 200 [26/Jan/2025:21:44:08 +0000] - 19.971 ms localhost
GET /polyfills.js 304 [26/Jan/2025:21:44:08 +0000] - 32.886 ms localhost
GET /main.js 304 [26/Jan/2025:21:44:08 +0000] - 31.502 ms localhost
GET /styles.css.map 200 [26/Jan/2025:21:44:09 +0000] - 6.960 ms localhost
GET /@fs/C:/Users/USER/Desktop/BroCampTasks/Angular_Project/frontend/node_modules/vite/dist/client/env.mjs 304 [26/Jan/2025:21:44:09 +0000] - 8.323 ms localhost
GET /@fs/C:/Users/USER/Desktop/BroCampTasks/Angular_Project/frontend/.angular/cache/18.2.11/frontend/vite/deps/@angular_core.js.map 304 [26/Jan/2025:21:44:10 +0000] - 269.200 ms localhost
GET /@fs/C:/Users/USER/Desktop/BroCampTasks/Angular_Project/frontend/.angular/cache/18.2.11/frontend/vite/deps/@angular_platform-browser.js.map 304 [26/Jan/2025:21:44:10 +0000] - 251.901 ms localhost
GET /@fs/C:/Users/USER/Desktop/BroCampTasks/Angular_Project/frontend/.angular/cache/18.2.11/frontend/vite/deps/chunk-XWLXMCJQ.js.map 304 [26/Jan/2025:21:44:10 +0000] - 323.181 ms localhost
GET /@fs/C:/Users/USER/Desktop/BroCampTasks/Angular_Project/frontend/.angular/cache/18.2.11/frontend/vite/deps/chunk-2ZWNOPXZ.js.map 304 [26/Jan/2025:21:44:10 +0000] - 409.215 ms localhost
GET /@fs/C:/Users/USER/Desktop/BroCampTasks/Angular_Project/frontend/.angular/cache/18.2.11/frontend/vite/deps/@angular_forms.js.map 304 [26/Jan/2025:21:44:10 +0000] - 444.009 ms localhost
GET /@fs/C:/Users/USER/Desktop/BroCampTasks/Angular_Project/frontend/.angular/cache/18.2.11/frontend/vite/deps/emoji-picker-element.js.map 304 [26/Jan/2025:21:44:10 +0000] - 466.330 ms localhost
GET /@fs/C:/Users/USER/Desktop/BroCampTasks/Angular_Project/frontend/.angular/cache/18.2.11/frontend/vite/deps/chunk-F4ZW7LLY.js.map 304 [26/Jan/2025:21:44:10 +0000] - 405.880 ms localhost
GET /@fs/C:/Users/USER/Desktop/BroCampTasks/Angular_Project/frontend/.angular/cache/18.2.11/frontend/vite/deps/chunk-ZKQIAUIS.js.map 304 [26/Jan/2025:21:44:11 +0000] - 523.554 ms localhost
GET /@fs/C:/Users/USER/Desktop/BroCampTasks/Angular_Project/frontend/.angular/cache/18.2.11/frontend/vite/deps/chunk-66JPAEYR.js.map 304 [26/Jan/2025:21:44:11 +0000] - 429.083 ms localhost
GET /@fs/C:/Users/USER/Desktop/BroCampTasks/Angular_Project/frontend/.angular/cache/18.2.11/frontend/vite/deps/chunk-BKIWMXDL.js.map 304 [26/Jan/2025:21:44:12 +0000] - 1586.719 ms localhost
GET /@fs/C:/Users/USER/Desktop/BroCampTasks/Angular_Project/frontend/.angular/cache/18.2.11/frontend/vite/deps/rxjs.js.map 304 [26/Jan/2025:21:44:12 +0000] - 1345.556 ms localhost
GET /@fs/C:/Users/USER/Desktop/BroCampTasks/Angular_Project/frontend/.angular/cache/18.2.11/frontend/vite/deps/@angular_common_http.js.map 304 [26/Jan/2025:21:44:12 +0000] - 1380.454 ms localhost
GET /@fs/C:/Users/USER/Desktop/BroCampTasks/Angular_Project/frontend/.angular/cache/18.2.11/frontend/vite/deps/chunk-7MS5FTBZ.js.map 304 [26/Jan/2025:21:44:14 +0000] - 3288.174 ms localhost
GET /@fs/C:/Users/USER/Desktop/BroCampTasks/Angular_Project/frontend/.angular/cache/18.2.11/frontend/vite/deps/@angular_router.js.map 304 [26/Jan/2025:21:44:14 +0000] - 3435.232 ms localhost
GET /favicon.ico 304 [26/Jan/2025:21:44:14 +0000] - 2436.356 ms localhost
GET /login.component.css.map 200 [26/Jan/2025:21:44:14 +0000] - 2059.738 ms localhost
GET /@fs/C:/Users/USER/Desktop/BroCampTasks/Angular_Project/frontend/.angular/cache/18.2.11/frontend/vite/deps/@angular_common.js.map 304 [26/Jan/2025:21:44:14 +0000] - 3413.107 ms localhost
GET /@fs/C:/Users/USER/Desktop/BroCampTasks/Angular_Project/frontend/.angular/cache/18.2.11/frontend/vite/deps/ngx-socket-io.js.map 304 [26/Jan/2025:21:44:14 +0000] - 2116.296 ms localhost
POST /user/login 200 [26/Jan/2025:21:44:18 +0000] - 1132.469 ms localhost
GET /dashboard.component.css.map 200 [26/Jan/2025:21:44:18 +0000] - 5.098 ms localhost
GET /layout.component.css.map 200 [26/Jan/2025:21:44:18 +0000] - 6.736 ms localhost
GET /user-chat.component.css.map 200 [26/Jan/2025:21:44:22 +0000] - 3.862 ms localhost
GET /chat/674e8a6920bc39246157f503 304 [26/Jan/2025:21:44:22 +0000] - 388.920 ms localhost
POST /chat/upload 504 [26/Jan/2025:21:45:18 +0000] - 46210.054 ms localhost
GET /dashboard.component.css.map 200 [26/Jan/2025:21:45:30 +0000] - 9.324 ms localhost
GET /dashboard 200 [26/Jan/2025:21:45:31 +0000] - 42.577 ms localhost
GET /main.js 304 [26/Jan/2025:21:45:31 +0000] - 91.735 ms localhost
GET /polyfills.js 304 [26/Jan/2025:21:45:31 +0000] - 72.359 ms localhost
GET /styles.css 200 [26/Jan/2025:21:45:31 +0000] - 96.797 ms localhost
GET /@vite/client 304 [26/Jan/2025:21:45:31 +0000] - 129.083 ms localhost
GET /styles.css.map 200 [26/Jan/2025:21:45:31 +0000] - 9.912 ms localhost
GET /@fs/C:/Users/USER/Desktop/BroCampTasks/Angular_Project/frontend/node_modules/vite/dist/client/env.mjs 304 [26/Jan/2025:21:45:31 +0000] - 7.855 ms localhost
GET /@fs/C:/Users/USER/Desktop/BroCampTasks/Angular_Project/frontend/.angular/cache/18.2.11/frontend/vite/deps/@angular_platform-browser.js.map 304 [26/Jan/2025:21:45:32 +0000] - 26.546 ms localhost
GET /@fs/C:/Users/USER/Desktop/BroCampTasks/Angular_Project/frontend/.angular/cache/18.2.11/frontend/vite/deps/chunk-XWLXMCJQ.js.map 304 [26/Jan/2025:21:45:32 +0000] - 22.431 ms localhost
GET /@fs/C:/Users/USER/Desktop/BroCampTasks/Angular_Project/frontend/.angular/cache/18.2.11/frontend/vite/deps/chunk-66JPAEYR.js.map 304 [26/Jan/2025:21:45:32 +0000] - 44.207 ms localhost
GET /@fs/C:/Users/USER/Desktop/BroCampTasks/Angular_Project/frontend/.angular/cache/18.2.11/frontend/vite/deps/@angular_router.js.map 304 [26/Jan/2025:21:45:32 +0000] - 61.533 ms localhost
GET /@fs/C:/Users/USER/Desktop/BroCampTasks/Angular_Project/frontend/.angular/cache/18.2.11/frontend/vite/deps/chunk-2ZWNOPXZ.js.map 304 [26/Jan/2025:21:45:32 +0000] - 104.442 ms localhost
GET /@fs/C:/Users/USER/Desktop/BroCampTasks/Angular_Project/frontend/.angular/cache/18.2.11/frontend/vite/deps/chunk-BKIWMXDL.js.map 304 [26/Jan/2025:21:45:32 +0000] - 325.859 ms localhost
GET /@fs/C:/Users/USER/Desktop/BroCampTasks/Angular_Project/frontend/.angular/cache/18.2.11/frontend/vite/deps/@angular_forms.js.map 304 [26/Jan/2025:21:45:32 +0000] - 314.882 ms localhost
GET /@fs/C:/Users/USER/Desktop/BroCampTasks/Angular_Project/frontend/.angular/cache/18.2.11/frontend/vite/deps/@angular_common.js.map 304 [26/Jan/2025:21:45:32 +0000] - 290.998 ms localhost
GET /@fs/C:/Users/USER/Desktop/BroCampTasks/Angular_Project/frontend/.angular/cache/18.2.11/frontend/vite/deps/chunk-ZKQIAUIS.js.map 304 [26/Jan/2025:21:45:32 +0000] - 298.502 ms localhost
GET /@fs/C:/Users/USER/Desktop/BroCampTasks/Angular_Project/frontend/.angular/cache/18.2.11/frontend/vite/deps/chunk-F4ZW7LLY.js.map 304 [26/Jan/2025:21:45:32 +0000] - 317.806 ms localhost
GET /@fs/C:/Users/USER/Desktop/BroCampTasks/Angular_Project/frontend/.angular/cache/18.2.11/frontend/vite/deps/@angular_core.js.map 304 [26/Jan/2025:21:45:32 +0000] - 308.837 ms localhost
GET /@fs/C:/Users/USER/Desktop/BroCampTasks/Angular_Project/frontend/.angular/cache/18.2.11/frontend/vite/deps/@angular_common_http.js.map 304 [26/Jan/2025:21:45:32 +0000] - 178.087 ms localhost
GET /@fs/C:/Users/USER/Desktop/BroCampTasks/Angular_Project/frontend/.angular/cache/18.2.11/frontend/vite/deps/ngx-socket-io.js.map 304 [26/Jan/2025:21:45:32 +0000] - 58.144 ms localhost
GET /@fs/C:/Users/USER/Desktop/BroCampTasks/Angular_Project/frontend/.angular/cache/18.2.11/frontend/vite/deps/rxjs.js.map 304 [26/Jan/2025:21:45:32 +0000] - 146.780 ms localhost
GET /login.component.css.map 200 [26/Jan/2025:21:45:32 +0000] - 2.452 ms localhost
GET /@fs/C:/Users/USER/Desktop/BroCampTasks/Angular_Project/frontend/.angular/cache/18.2.11/frontend/vite/deps/chunk-7MS5FTBZ.js.map 304 [26/Jan/2025:21:45:32 +0000] - 13.254 ms localhost
GET /favicon.ico 304 [26/Jan/2025:21:45:32 +0000] - 9.521 ms localhost
GET /@fs/C:/Users/USER/Desktop/BroCampTasks/Angular_Project/frontend/.angular/cache/18.2.11/frontend/vite/deps/emoji-picker-element.js.map 304 [26/Jan/2025:21:45:32 +0000] - 54.009 ms localhost
POST /user/login 200 [26/Jan/2025:21:45:40 +0000] - 351.114 ms localhost
GET /dashboard.component.css.map 200 [26/Jan/2025:21:45:40 +0000] - 5.819 ms localhost
GET /layout.component.css.map 200 [26/Jan/2025:21:45:40 +0000] - 6.869 ms localhost
GET /user-chat.component.css.map 200 [26/Jan/2025:21:45:44 +0000] - 26.426 ms localhost
GET /chat/674e8a6920bc39246157f503 304 [26/Jan/2025:21:45:44 +0000] - 229.439 ms localhost
POST /chat/upload 504 [26/Jan/2025:21:50:12 +0000] - 260448.992 ms localhost
GET /dashboard.component.css.map 200 [26/Jan/2025:21:50:30 +0000] - 120.568 ms localhost
GET /dashboard 200 [26/Jan/2025:21:50:31 +0000] - 142.514 ms localhost
GET /@vite/client 304 [26/Jan/2025:21:50:32 +0000] - 36.079 ms localhost
GET /styles.css 200 [26/Jan/2025:21:50:32 +0000] - 41.710 ms localhost
GET /main.js 304 [26/Jan/2025:21:50:32 +0000] - 48.689 ms localhost
GET /polyfills.js 304 [26/Jan/2025:21:50:32 +0000] - 47.798 ms localhost
GET /styles.css.map 200 [26/Jan/2025:21:50:32 +0000] - 12.315 ms localhost
GET /@fs/C:/Users/USER/Desktop/BroCampTasks/Angular_Project/frontend/node_modules/vite/dist/client/env.mjs 304 [26/Jan/2025:21:50:32 +0000] - 4.124 ms localhost
GET /@fs/C:/Users/USER/Desktop/BroCampTasks/Angular_Project/frontend/.angular/cache/18.2.11/frontend/vite/deps/chunk-ZKQIAUIS.js.map 304 [26/Jan/2025:21:50:32 +0000] - 86.293 ms localhost
GET /@fs/C:/Users/USER/Desktop/BroCampTasks/Angular_Project/frontend/.angular/cache/18.2.11/frontend/vite/deps/@angular_platform-browser.js.map 304 [26/Jan/2025:21:50:32 +0000] - 85.102 ms localhost
GET /@fs/C:/Users/USER/Desktop/BroCampTasks/Angular_Project/frontend/.angular/cache/18.2.11/frontend/vite/deps/chunk-F4ZW7LLY.js.map 304 [26/Jan/2025:21:50:32 +0000] - 115.173 ms localhost
GET /@fs/C:/Users/USER/Desktop/BroCampTasks/Angular_Project/frontend/.angular/cache/18.2.11/frontend/vite/deps/chunk-66JPAEYR.js.map 304 [26/Jan/2025:21:50:32 +0000] - 151.112 ms localhost
GET /@fs/C:/Users/USER/Desktop/BroCampTasks/Angular_Project/frontend/.angular/cache/18.2.11/frontend/vite/deps/chunk-2ZWNOPXZ.js.map 304 [26/Jan/2025:21:50:32 +0000] - 173.536 ms localhost
GET /@fs/C:/Users/USER/Desktop/BroCampTasks/Angular_Project/frontend/.angular/cache/18.2.11/frontend/vite/deps/chunk-BKIWMXDL.js.map 304 [26/Jan/2025:21:50:34 +0000] - 1507.877 ms localhost
GET /@fs/C:/Users/USER/Desktop/BroCampTasks/Angular_Project/frontend/.angular/cache/18.2.11/frontend/vite/deps/ngx-socket-io.js.map 304 [26/Jan/2025:21:50:34 +0000] - 1348.297 ms localhost
GET /@fs/C:/Users/USER/Desktop/BroCampTasks/Angular_Project/frontend/.angular/cache/18.2.11/frontend/vite/deps/chunk-XWLXMCJQ.js.map 304 [26/Jan/2025:21:50:34 +0000] - 1418.460 ms localhost
GET /@fs/C:/Users/USER/Desktop/BroCampTasks/Angular_Project/frontend/.angular/cache/18.2.11/frontend/vite/deps/@angular_forms.js.map 304 [26/Jan/2025:21:50:34 +0000] - 1572.744 ms localhost
GET /@fs/C:/Users/USER/Desktop/BroCampTasks/Angular_Project/frontend/.angular/cache/18.2.11/frontend/vite/deps/@angular_router.js.map 304 [26/Jan/2025:21:50:34 +0000] - 1652.791 ms localhost
GET /@fs/C:/Users/USER/Desktop/BroCampTasks/Angular_Project/frontend/.angular/cache/18.2.11/frontend/vite/deps/@angular_core.js.map 304 [26/Jan/2025:21:50:34 +0000] - 1573.376 ms localhost
GET /favicon.ico 304 [26/Jan/2025:21:50:34 +0000] - 242.388 ms localhost
GET /@fs/C:/Users/USER/Desktop/BroCampTasks/Angular_Project/frontend/.angular/cache/18.2.11/frontend/vite/deps/rxjs.js.map 304 [26/Jan/2025:21:50:34 +0000] - 256.553 ms localhost
GET /@fs/C:/Users/USER/Desktop/BroCampTasks/Angular_Project/frontend/.angular/cache/18.2.11/frontend/vite/deps/@angular_common_http.js.map 304 [26/Jan/2025:21:50:34 +0000] - 258.267 ms localhost
GET /@fs/C:/Users/USER/Desktop/BroCampTasks/Angular_Project/frontend/.angular/cache/18.2.11/frontend/vite/deps/@angular_common.js.map 304 [26/Jan/2025:21:50:34 +0000] - 81.552 ms localhost
GET /@fs/C:/Users/USER/Desktop/BroCampTasks/Angular_Project/frontend/.angular/cache/18.2.11/frontend/vite/deps/emoji-picker-element.js.map 304 [26/Jan/2025:21:50:34 +0000] - 81.945 ms localhost
GET /login.component.css.map 200 [26/Jan/2025:21:50:34 +0000] - 62.958 ms localhost
GET /@fs/C:/Users/USER/Desktop/BroCampTasks/Angular_Project/frontend/.angular/cache/18.2.11/frontend/vite/deps/chunk-7MS5FTBZ.js.map 304 [26/Jan/2025:21:50:34 +0000] - 114.010 ms localhost
POST /user/login 200 [26/Jan/2025:21:50:40 +0000] - 486.749 ms localhost
GET /dashboard.component.css.map 200 [26/Jan/2025:21:50:40 +0000] - 3.919 ms localhost
GET /layout.component.css.map 200 [26/Jan/2025:21:50:40 +0000] - 3.242 ms localhost
GET /user-chat.component.css.map 200 [26/Jan/2025:21:50:44 +0000] - 19.986 ms localhost
GET /chat/674e8a6920bc39246157f503 304 [26/Jan/2025:21:50:44 +0000] - 222.136 ms localhost
POST /chat/upload 504 [26/Jan/2025:21:54:03 +0000] - 191467.665 ms localhost
GET /dashboard.component.css.map 200 [26/Jan/2025:21:56:34 +0000] - 117.940 ms localhost
GET /dashboard 200 [26/Jan/2025:21:56:35 +0000] - 109.804 ms localhost
GET /styles.css 200 [26/Jan/2025:21:56:35 +0000] - 10.983 ms localhost
GET /@vite/client 304 [26/Jan/2025:21:56:35 +0000] - 20.322 ms localhost
GET /polyfills.js 304 [26/Jan/2025:21:56:35 +0000] - 21.511 ms localhost
GET /main.js 304 [26/Jan/2025:21:56:35 +0000] - 23.304 ms localhost
GET /@fs/C:/Users/USER/Desktop/BroCampTasks/Angular_Project/frontend/node_modules/vite/dist/client/env.mjs 304 [26/Jan/2025:21:56:36 +0000] - 5.492 ms localhost
GET /styles.css.map 200 [26/Jan/2025:21:56:36 +0000] - 7.594 ms localhost
GET /@fs/C:/Users/USER/Desktop/BroCampTasks/Angular_Project/frontend/.angular/cache/18.2.11/frontend/vite/deps/@angular_platform-browser.js.map 304 [26/Jan/2025:21:56:36 +0000] - 204.548 ms localhost
GET /@fs/C:/Users/USER/Desktop/BroCampTasks/Angular_Project/frontend/.angular/cache/18.2.11/frontend/vite/deps/chunk-ZKQIAUIS.js.map 304 [26/Jan/2025:21:56:36 +0000] - 210.130 ms localhost
GET /@fs/C:/Users/USER/Desktop/BroCampTasks/Angular_Project/frontend/.angular/cache/18.2.11/frontend/vite/deps/chunk-XWLXMCJQ.js.map 304 [26/Jan/2025:21:56:36 +0000] - 184.143 ms localhost
GET /@fs/C:/Users/USER/Desktop/BroCampTasks/Angular_Project/frontend/.angular/cache/18.2.11/frontend/vite/deps/chunk-66JPAEYR.js.map 304 [26/Jan/2025:21:56:36 +0000] - 288.239 ms localhost
GET /favicon.ico 304 [26/Jan/2025:21:56:36 +0000] - 44.129 ms localhost
GET /@fs/C:/Users/USER/Desktop/BroCampTasks/Angular_Project/frontend/.angular/cache/18.2.11/frontend/vite/deps/chunk-2ZWNOPXZ.js.map 304 [26/Jan/2025:21:56:37 +0000] - 381.868 ms localhost
GET /@fs/C:/Users/USER/Desktop/BroCampTasks/Angular_Project/frontend/.angular/cache/18.2.11/frontend/vite/deps/chunk-F4ZW7LLY.js.map 304 [26/Jan/2025:21:56:37 +0000] - 411.649 ms localhost
GET /@fs/C:/Users/USER/Desktop/BroCampTasks/Angular_Project/frontend/.angular/cache/18.2.11/frontend/vite/deps/@angular_common.js.map 304 [26/Jan/2025:21:56:37 +0000] - 267.927 ms localhost
GET /@fs/C:/Users/USER/Desktop/BroCampTasks/Angular_Project/frontend/.angular/cache/18.2.11/frontend/vite/deps/ngx-socket-io.js.map 304 [26/Jan/2025:21:56:37 +0000] - 244.732 ms localhost
GET /@fs/C:/Users/USER/Desktop/BroCampTasks/Angular_Project/frontend/.angular/cache/18.2.11/frontend/vite/deps/chunk-BKIWMXDL.js.map 304 [26/Jan/2025:21:56:37 +0000] - 347.786 ms localhost
GET /@fs/C:/Users/USER/Desktop/BroCampTasks/Angular_Project/frontend/.angular/cache/18.2.11/frontend/vite/deps/@angular_core.js.map 304 [26/Jan/2025:21:56:37 +0000] - 176.994 ms localhost
GET /@fs/C:/Users/USER/Desktop/BroCampTasks/Angular_Project/frontend/.angular/cache/18.2.11/frontend/vite/deps/@angular_common_http.js.map 304 [26/Jan/2025:21:56:37 +0000] - 324.391 ms localhost
GET /@fs/C:/Users/USER/Desktop/BroCampTasks/Angular_Project/frontend/.angular/cache/18.2.11/frontend/vite/deps/rxjs.js.map 304 [26/Jan/2025:21:56:37 +0000] - 310.188 ms localhost
GET /@fs/C:/Users/USER/Desktop/BroCampTasks/Angular_Project/frontend/.angular/cache/18.2.11/frontend/vite/deps/@angular_forms.js.map 304 [26/Jan/2025:21:56:38 +0000] - 1398.638 ms localhost
GET /login.component.css.map 200 [26/Jan/2025:21:56:38 +0000] - 1070.346 ms localhost
GET /@fs/C:/Users/USER/Desktop/BroCampTasks/Angular_Project/frontend/.angular/cache/18.2.11/frontend/vite/deps/@angular_router.js.map 304 [26/Jan/2025:21:56:38 +0000] - 1685.795 ms localhost
GET /@fs/C:/Users/USER/Desktop/BroCampTasks/Angular_Project/frontend/.angular/cache/18.2.11/frontend/vite/deps/chunk-7MS5FTBZ.js.map 304 [26/Jan/2025:21:56:38 +0000] - 1528.546 ms localhost
GET /@fs/C:/Users/USER/Desktop/BroCampTasks/Angular_Project/frontend/.angular/cache/18.2.11/frontend/vite/deps/emoji-picker-element.js.map 304 [26/Jan/2025:21:56:38 +0000] - 1592.828 ms localhost
POST /user/login 200 [26/Jan/2025:21:56:45 +0000] - 602.650 ms localhost
GET /layout.component.css.map 200 [26/Jan/2025:21:56:45 +0000] - 10.069 ms localhost
GET /dashboard.component.css.map 200 [26/Jan/2025:21:56:45 +0000] - 4.555 ms localhost
GET /user-chat.component.css.map 200 [26/Jan/2025:21:56:51 +0000] - 6.430 ms localhost
GET /chat/674e8a6920bc39246157f503 304 [26/Jan/2025:21:56:51 +0000] - 247.933 ms localhost
POST /chat/upload 504 [26/Jan/2025:21:59:12 +0000] - 110871.498 ms localhost
GET /chat 404 [27/Jan/2025:06:24:56 +0000] - 977.839 ms localhost
GET /dashboard 200 [27/Jan/2025:07:19:45 +0000] - 372.922 ms localhost
GET /styles.css 200 [27/Jan/2025:07:19:46 +0000] - 120.821 ms localhost
GET /@vite/client 304 [27/Jan/2025:07:19:46 +0000] - 136.886 ms localhost
GET /polyfills.js 304 [27/Jan/2025:07:19:46 +0000] - 141.722 ms localhost
GET /main.js 200 [27/Jan/2025:07:19:46 +0000] - 69.949 ms localhost
GET /@fs/C:/Users/USER/Desktop/BroCampTasks/Angular_Project/frontend/node_modules/vite/dist/client/env.mjs 304 [27/Jan/2025:07:19:46 +0000] - 3.720 ms localhost
GET /styles.css.map 200 [27/Jan/2025:07:19:46 +0000] - 8.380 ms localhost
GET /@fs/C:/Users/USER/Desktop/BroCampTasks/Angular_Project/frontend/.angular/cache/18.2.11/frontend/vite/deps/@angular_platform-browser.js.map 304 [27/Jan/2025:07:19:47 +0000] - 100.745 ms localhost
GET /@fs/C:/Users/USER/Desktop/BroCampTasks/Angular_Project/frontend/.angular/cache/18.2.11/frontend/vite/deps/chunk-F4ZW7LLY.js.map 304 [27/Jan/2025:07:19:47 +0000] - 87.919 ms localhost
GET /@fs/C:/Users/USER/Desktop/BroCampTasks/Angular_Project/frontend/.angular/cache/18.2.11/frontend/vite/deps/chunk-2ZWNOPXZ.js.map 304 [27/Jan/2025:07:19:47 +0000] - 103.136 ms localhost
GET /@fs/C:/Users/USER/Desktop/BroCampTasks/Angular_Project/frontend/.angular/cache/18.2.11/frontend/vite/deps/chunk-ZKQIAUIS.js.map 304 [27/Jan/2025:07:19:47 +0000] - 122.418 ms localhost
GET /@fs/C:/Users/USER/Desktop/BroCampTasks/Angular_Project/frontend/.angular/cache/18.2.11/frontend/vite/deps/chunk-66JPAEYR.js.map 304 [27/Jan/2025:07:19:47 +0000] - 164.592 ms localhost
GET /@fs/C:/Users/USER/Desktop/BroCampTasks/Angular_Project/frontend/.angular/cache/18.2.11/frontend/vite/deps/chunk-XWLXMCJQ.js.map 304 [27/Jan/2025:07:19:47 +0000] - 137.839 ms localhost
GET /@fs/C:/Users/USER/Desktop/BroCampTasks/Angular_Project/frontend/.angular/cache/18.2.11/frontend/vite/deps/@angular_core.js.map 304 [27/Jan/2025:07:19:47 +0000] - 116.119 ms localhost
GET /@fs/C:/Users/USER/Desktop/BroCampTasks/Angular_Project/frontend/.angular/cache/18.2.11/frontend/vite/deps/@angular_router.js.map 304 [27/Jan/2025:07:19:47 +0000] - 179.108 ms localhost
GET /@fs/C:/Users/USER/Desktop/BroCampTasks/Angular_Project/frontend/.angular/cache/18.2.11/frontend/vite/deps/chunk-BKIWMXDL.js.map 304 [27/Jan/2025:07:19:48 +0000] - 815.518 ms localhost
GET /@fs/C:/Users/USER/Desktop/BroCampTasks/Angular_Project/frontend/.angular/cache/18.2.11/frontend/vite/deps/@angular_common_http.js.map 304 [27/Jan/2025:07:19:48 +0000] - 717.383 ms localhost
GET /@fs/C:/Users/USER/Desktop/BroCampTasks/Angular_Project/frontend/.angular/cache/18.2.11/frontend/vite/deps/rxjs.js.map 304 [27/Jan/2025:07:19:48 +0000] - 738.170 ms localhost
GET /favicon.ico 304 [27/Jan/2025:07:19:48 +0000] - 127.556 ms localhost
GET /@fs/C:/Users/USER/Desktop/BroCampTasks/Angular_Project/frontend/.angular/cache/18.2.11/frontend/vite/deps/@angular_common.js.map 304 [27/Jan/2025:07:19:48 +0000] - 1337.745 ms localhost
GET /@fs/C:/Users/USER/Desktop/BroCampTasks/Angular_Project/frontend/.angular/cache/18.2.11/frontend/vite/deps/ngx-socket-io.js.map 304 [27/Jan/2025:07:19:48 +0000] - 1317.504 ms localhost
GET /@fs/C:/Users/USER/Desktop/BroCampTasks/Angular_Project/frontend/.angular/cache/18.2.11/frontend/vite/deps/@angular_forms.js.map 304 [27/Jan/2025:07:19:48 +0000] - 1412.849 ms localhost
GET /login.component.css.map 200 [27/Jan/2025:07:19:48 +0000] - 649.324 ms localhost
GET /@fs/C:/Users/USER/Desktop/BroCampTasks/Angular_Project/frontend/.angular/cache/18.2.11/frontend/vite/deps/chunk-7MS5FTBZ.js.map 304 [27/Jan/2025:07:19:48 +0000] - 819.521 ms localhost
GET /@fs/C:/Users/USER/Desktop/BroCampTasks/Angular_Project/frontend/.angular/cache/18.2.11/frontend/vite/deps/emoji-picker-element.js.map 304 [27/Jan/2025:07:19:48 +0000] - 713.392 ms localhost
POST /user/login 200 [27/Jan/2025:07:19:58 +0000] - 622.901 ms localhost
GET /layout.component.css.map 200 [27/Jan/2025:07:19:58 +0000] - 18.691 ms localhost
GET /dashboard.component.css.map 200 [27/Jan/2025:07:19:58 +0000] - 26.300 ms localhost
GET /user-chat.component.css.map 200 [27/Jan/2025:07:20:02 +0000] - 28.204 ms localhost
GET /chat/674e8a6920bc39246157f503 304 [27/Jan/2025:07:20:02 +0000] - 596.820 ms localhost
POST /chat/upload 200 [27/Jan/2025:07:20:29 +0000] - 1863.073 ms localhost
GET /chat 404 [27/Jan/2025:07:23:58 +0000] - 186.961 ms localhost
GET /chat 404 [27/Jan/2025:07:23:58 +0000] - 115.765 ms localhost
GET /dashboard 200 [27/Jan/2025:07:25:12 +0000] - 136.867 ms localhost
GET /styles.css 200 [27/Jan/2025:07:25:12 +0000] - 26.446 ms localhost
GET /main.js 200 [27/Jan/2025:07:25:12 +0000] - 50.032 ms localhost
GET /@vite/client 304 [27/Jan/2025:07:25:12 +0000] - 285.103 ms localhost
GET /polyfills.js 304 [27/Jan/2025:07:25:12 +0000] - 172.629 ms localhost
GET /styles.css.map 200 [27/Jan/2025:07:25:13 +0000] - 298.715 ms localhost
GET /@fs/C:/Users/USER/Desktop/BroCampTasks/Angular_Project/frontend/node_modules/vite/dist/client/env.mjs 304 [27/Jan/2025:07:25:13 +0000] - 670.338 ms localhost
GET /@fs/C:/Users/USER/Desktop/BroCampTasks/Angular_Project/frontend/.angular/cache/18.2.11/frontend/vite/deps/chunk-ZKQIAUIS.js.map 304 [27/Jan/2025:07:25:15 +0000] - 2139.358 ms localhost
GET /@fs/C:/Users/USER/Desktop/BroCampTasks/Angular_Project/frontend/.angular/cache/18.2.11/frontend/vite/deps/@angular_platform-browser.js.map 304 [27/Jan/2025:07:25:15 +0000] - 2162.122 ms localhost
GET /@fs/C:/Users/USER/Desktop/BroCampTasks/Angular_Project/frontend/.angular/cache/18.2.11/frontend/vite/deps/chunk-F4ZW7LLY.js.map 304 [27/Jan/2025:07:25:15 +0000] - 2210.911 ms localhost
GET /@fs/C:/Users/USER/Desktop/BroCampTasks/Angular_Project/frontend/.angular/cache/18.2.11/frontend/vite/deps/chunk-66JPAEYR.js.map 304 [27/Jan/2025:07:25:15 +0000] - 1888.151 ms localhost
GET /favicon.ico 304 [27/Jan/2025:07:25:15 +0000] - 164.524 ms localhost
GET /@fs/C:/Users/USER/Desktop/BroCampTasks/Angular_Project/frontend/.angular/cache/18.2.11/frontend/vite/deps/chunk-2ZWNOPXZ.js.map 304 [27/Jan/2025:07:25:15 +0000] - 2302.929 ms localhost
GET /@fs/C:/Users/USER/Desktop/BroCampTasks/Angular_Project/frontend/.angular/cache/18.2.11/frontend/vite/deps/chunk-BKIWMXDL.js.map 304 [27/Jan/2025:07:25:16 +0000] - 2400.025 ms localhost
GET /@fs/C:/Users/USER/Desktop/BroCampTasks/Angular_Project/frontend/.angular/cache/18.2.11/frontend/vite/deps/chunk-XWLXMCJQ.js.map 304 [27/Jan/2025:07:25:16 +0000] - 265.944 ms localhost
GET /@fs/C:/Users/USER/Desktop/BroCampTasks/Angular_Project/frontend/.angular/cache/18.2.11/frontend/vite/deps/@angular_core.js.map 304 [27/Jan/2025:07:25:16 +0000] - 219.018 ms localhost
GET /@fs/C:/Users/USER/Desktop/BroCampTasks/Angular_Project/frontend/.angular/cache/18.2.11/frontend/vite/deps/@angular_common_http.js.map 304 [27/Jan/2025:07:25:16 +0000] - 136.921 ms localhost
GET /@fs/C:/Users/USER/Desktop/BroCampTasks/Angular_Project/frontend/.angular/cache/18.2.11/frontend/vite/deps/rxjs.js.map 304 [27/Jan/2025:07:25:16 +0000] - 154.909 ms localhost
GET /@fs/C:/Users/USER/Desktop/BroCampTasks/Angular_Project/frontend/.angular/cache/18.2.11/frontend/vite/deps/ngx-socket-io.js.map 304 [27/Jan/2025:07:25:16 +0000] - 57.576 ms localhost
GET /@fs/C:/Users/USER/Desktop/BroCampTasks/Angular_Project/frontend/.angular/cache/18.2.11/frontend/vite/deps/@angular_forms.js.map 304 [27/Jan/2025:07:25:16 +0000] - 118.381 ms localhost
GET /@fs/C:/Users/USER/Desktop/BroCampTasks/Angular_Project/frontend/.angular/cache/18.2.11/frontend/vite/deps/chunk-7MS5FTBZ.js.map 304 [27/Jan/2025:07:25:16 +0000] - 63.947 ms localhost
GET /@fs/C:/Users/USER/Desktop/BroCampTasks/Angular_Project/frontend/.angular/cache/18.2.11/frontend/vite/deps/emoji-picker-element.js.map 304 [27/Jan/2025:07:25:16 +0000] - 60.359 ms localhost
GET /@fs/C:/Users/USER/Desktop/BroCampTasks/Angular_Project/frontend/.angular/cache/18.2.11/frontend/vite/deps/@angular_router.js.map 304 [27/Jan/2025:07:25:16 +0000] - 246.407 ms localhost
GET /login.component.css.map 200 [27/Jan/2025:07:25:16 +0000] - 79.096 ms localhost
GET /@fs/C:/Users/USER/Desktop/BroCampTasks/Angular_Project/frontend/.angular/cache/18.2.11/frontend/vite/deps/@angular_common.js.map 304 [27/Jan/2025:07:25:16 +0000] - 153.858 ms localhost
POST /user/login 200 [27/Jan/2025:07:25:21 +0000] - 502.005 ms localhost
GET /layout.component.css.map 200 [27/Jan/2025:07:25:21 +0000] - 4.064 ms localhost
GET /dashboard.component.css.map 200 [27/Jan/2025:07:25:21 +0000] - 5.104 ms localhost
GET /user-chat.component.css.map 200 [27/Jan/2025:07:25:25 +0000] - 2.963 ms localhost
GET /chat/674e8a6920bc39246157f503 304 [27/Jan/2025:07:25:25 +0000] - 269.501 ms localhost
POST /chat/upload 200 [27/Jan/2025:07:25:33 +0000] - 2387.890 ms localhost
GET /chat 404 [27/Jan/2025:07:26:44 +0000] - 11.942 ms localhost
GET /dashboard 200 [27/Jan/2025:07:31:01 +0000] - 174.185 ms localhost
GET /@vite/client 304 [27/Jan/2025:07:31:02 +0000] - 14.074 ms localhost
GET /styles.css 200 [27/Jan/2025:07:31:02 +0000] - 16.628 ms localhost
GET /polyfills.js 304 [27/Jan/2025:07:31:02 +0000] - 18.219 ms localhost
GET /main.js 200 [27/Jan/2025:07:31:02 +0000] - 35.746 ms localhost
GET /styles.css.map 200 [27/Jan/2025:07:31:02 +0000] - 5.839 ms localhost
GET /@fs/C:/Users/USER/Desktop/BroCampTasks/Angular_Project/frontend/node_modules/vite/dist/client/env.mjs 304 [27/Jan/2025:07:31:02 +0000] - 3.878 ms localhost
GET /@fs/C:/Users/USER/Desktop/BroCampTasks/Angular_Project/frontend/.angular/cache/18.2.11/frontend/vite/deps/@angular_common.js.map 304 [27/Jan/2025:07:31:03 +0000] - 157.183 ms localhost
GET /@fs/C:/Users/USER/Desktop/BroCampTasks/Angular_Project/frontend/.angular/cache/18.2.11/frontend/vite/deps/@angular_core.js.map 304 [27/Jan/2025:07:31:03 +0000] - 143.578 ms localhost
GET /@fs/C:/Users/USER/Desktop/BroCampTasks/Angular_Project/frontend/.angular/cache/18.2.11/frontend/vite/deps/chunk-XWLXMCJQ.js.map 304 [27/Jan/2025:07:31:03 +0000] - 104.261 ms localhost
GET /@fs/C:/Users/USER/Desktop/BroCampTasks/Angular_Project/frontend/.angular/cache/18.2.11/frontend/vite/deps/@angular_forms.js.map 304 [27/Jan/2025:07:31:03 +0000] - 174.546 ms localhost
GET /@fs/C:/Users/USER/Desktop/BroCampTasks/Angular_Project/frontend/.angular/cache/18.2.11/frontend/vite/deps/chunk-2ZWNOPXZ.js.map 304 [27/Jan/2025:07:31:03 +0000] - 116.132 ms localhost
GET /@fs/C:/Users/USER/Desktop/BroCampTasks/Angular_Project/frontend/.angular/cache/18.2.11/frontend/vite/deps/@angular_router.js.map 304 [27/Jan/2025:07:31:06 +0000] - 2845.056 ms localhost
GET /favicon.ico 304 [27/Jan/2025:07:31:06 +0000] - 54.870 ms localhost
GET /@fs/C:/Users/USER/Desktop/BroCampTasks/Angular_Project/frontend/.angular/cache/18.2.11/frontend/vite/deps/chunk-ZKQIAUIS.js.map 304 [27/Jan/2025:07:31:06 +0000] - 2709.911 ms localhost
GET /@fs/C:/Users/USER/Desktop/BroCampTasks/Angular_Project/frontend/.angular/cache/18.2.11/frontend/vite/deps/ngx-socket-io.js.map 304 [27/Jan/2025:07:31:06 +0000] - 2748.559 ms localhost
GET /@fs/C:/Users/USER/Desktop/BroCampTasks/Angular_Project/frontend/.angular/cache/18.2.11/frontend/vite/deps/@angular_platform-browser.js.map 304 [27/Jan/2025:07:31:06 +0000] - 2739.061 ms localhost
GET /@fs/C:/Users/USER/Desktop/BroCampTasks/Angular_Project/frontend/.angular/cache/18.2.11/frontend/vite/deps/chunk-F4ZW7LLY.js.map 304 [27/Jan/2025:07:31:06 +0000] - 2721.623 ms localhost
GET /@fs/C:/Users/USER/Desktop/BroCampTasks/Angular_Project/frontend/.angular/cache/18.2.11/frontend/vite/deps/chunk-66JPAEYR.js.map 304 [27/Jan/2025:07:31:07 +0000] - 547.760 ms localhost
GET /@fs/C:/Users/USER/Desktop/BroCampTasks/Angular_Project/frontend/.angular/cache/18.2.11/frontend/vite/deps/chunk-BKIWMXDL.js.map 304 [27/Jan/2025:07:31:07 +0000] - 2888.887 ms localhost
GET /@fs/C:/Users/USER/Desktop/BroCampTasks/Angular_Project/frontend/.angular/cache/18.2.11/frontend/vite/deps/rxjs.js.map 304 [27/Jan/2025:07:31:07 +0000] - 167.522 ms localhost
GET /login.component.css.map 200 [27/Jan/2025:07:31:07 +0000] - 65.344 ms localhost
GET /@fs/C:/Users/USER/Desktop/BroCampTasks/Angular_Project/frontend/.angular/cache/18.2.11/frontend/vite/deps/@angular_common_http.js.map 304 [27/Jan/2025:07:31:07 +0000] - 182.107 ms localhost
GET /@fs/C:/Users/USER/Desktop/BroCampTasks/Angular_Project/frontend/.angular/cache/18.2.11/frontend/vite/deps/chunk-7MS5FTBZ.js.map 304 [27/Jan/2025:07:31:07 +0000] - 202.149 ms localhost
GET /@fs/C:/Users/USER/Desktop/BroCampTasks/Angular_Project/frontend/.angular/cache/18.2.11/frontend/vite/deps/emoji-picker-element.js.map 304 [27/Jan/2025:07:31:07 +0000] - 205.221 ms localhost
POST /user/login 200 [27/Jan/2025:07:31:11 +0000] - 627.085 ms localhost
GET /dashboard.component.css.map 200 [27/Jan/2025:07:31:11 +0000] - 3.041 ms localhost
GET /layout.component.css.map 200 [27/Jan/2025:07:31:11 +0000] - 4.667 ms localhost
GET /user-chat.component.css.map 200 [27/Jan/2025:07:31:14 +0000] - 5.693 ms localhost
GET /chat/674e8a6920bc39246157f503 304 [27/Jan/2025:07:31:14 +0000] - 365.427 ms localhost
POST /chat/upload 200 [27/Jan/2025:07:31:21 +0000] - 1801.709 ms localhost
GET /chat 404 [27/Jan/2025:07:31:58 +0000] - 24.405 ms localhost
GET /dashboard 200 [27/Jan/2025:17:36:23 +0000] - 220.441 ms localhost
GET /styles.css 200 [27/Jan/2025:17:36:24 +0000] - 215.809 ms localhost
GET /@vite/client 304 [27/Jan/2025:17:36:24 +0000] - 242.365 ms localhost
GET /polyfills.js 304 [27/Jan/2025:17:36:24 +0000] - 238.170 ms localhost
GET /main.js 200 [27/Jan/2025:17:36:24 +0000] - 262.139 ms localhost
GET /@fs/C:/Users/USER/Desktop/BroCampTasks/Angular_Project/frontend/node_modules/vite/dist/client/env.mjs 304 [27/Jan/2025:17:36:24 +0000] - 6.660 ms localhost
GET /styles.css.map 200 [27/Jan/2025:17:36:25 +0000] - 9.023 ms localhost
GET /@fs/C:/Users/USER/Desktop/BroCampTasks/Angular_Project/frontend/.angular/cache/18.2.11/frontend/vite/deps/@angular_platform-browser.js.map 304 [27/Jan/2025:17:36:25 +0000] - 347.121 ms localhost
GET /@fs/C:/Users/USER/Desktop/BroCampTasks/Angular_Project/frontend/.angular/cache/18.2.11/frontend/vite/deps/chunk-F4ZW7LLY.js.map 304 [27/Jan/2025:17:36:25 +0000] - 422.582 ms localhost
GET /@fs/C:/Users/USER/Desktop/BroCampTasks/Angular_Project/frontend/.angular/cache/18.2.11/frontend/vite/deps/chunk-ZKQIAUIS.js.map 304 [27/Jan/2025:17:36:25 +0000] - 532.355 ms localhost
GET /@fs/C:/Users/USER/Desktop/BroCampTasks/Angular_Project/frontend/.angular/cache/18.2.11/frontend/vite/deps/chunk-2ZWNOPXZ.js.map 304 [27/Jan/2025:17:36:26 +0000] - 1180.077 ms localhost
GET /@fs/C:/Users/USER/Desktop/BroCampTasks/Angular_Project/frontend/.angular/cache/18.2.11/frontend/vite/deps/chunk-66JPAEYR.js.map 304 [27/Jan/2025:17:36:26 +0000] - 1518.832 ms localhost
GET /favicon.ico 304 [27/Jan/2025:17:36:27 +0000] - 522.178 ms localhost
GET /@fs/C:/Users/USER/Desktop/BroCampTasks/Angular_Project/frontend/.angular/cache/18.2.11/frontend/vite/deps/chunk-BKIWMXDL.js.map 304 [27/Jan/2025:17:36:27 +0000] - 2005.933 ms localhost
GET /@fs/C:/Users/USER/Desktop/BroCampTasks/Angular_Project/frontend/.angular/cache/18.2.11/frontend/vite/deps/chunk-XWLXMCJQ.js.map 304 [27/Jan/2025:17:36:27 +0000] - 1690.068 ms localhost
GET /@fs/C:/Users/USER/Desktop/BroCampTasks/Angular_Project/frontend/.angular/cache/18.2.11/frontend/vite/deps/@angular_core.js.map 304 [27/Jan/2025:17:36:27 +0000] - 485.460 ms localhost
GET /@fs/C:/Users/USER/Desktop/BroCampTasks/Angular_Project/frontend/.angular/cache/18.2.11/frontend/vite/deps/@angular_forms.js.map 304 [27/Jan/2025:17:36:27 +0000] - 1345.961 ms localhost
GET /@fs/C:/Users/USER/Desktop/BroCampTasks/Angular_Project/frontend/.angular/cache/18.2.11/frontend/vite/deps/@angular_common_http.js.map 304 [27/Jan/2025:17:36:27 +0000] - 348.207 ms localhost
GET /@fs/C:/Users/USER/Desktop/BroCampTasks/Angular_Project/frontend/.angular/cache/18.2.11/frontend/vite/deps/@angular_router.js.map 304 [27/Jan/2025:17:36:27 +0000] - 1375.080 ms localhost
GET /login.component.css.map 200 [27/Jan/2025:17:36:27 +0000] - 3.383 ms localhost
GET /@fs/C:/Users/USER/Desktop/BroCampTasks/Angular_Project/frontend/.angular/cache/18.2.11/frontend/vite/deps/@angular_common.js.map 304 [27/Jan/2025:17:36:27 +0000] - 40.913 ms localhost
GET /@fs/C:/Users/USER/Desktop/BroCampTasks/Angular_Project/frontend/.angular/cache/18.2.11/frontend/vite/deps/rxjs.js.map 304 [27/Jan/2025:17:36:27 +0000] - 44.226 ms localhost
GET /@fs/C:/Users/USER/Desktop/BroCampTasks/Angular_Project/frontend/.angular/cache/18.2.11/frontend/vite/deps/chunk-7MS5FTBZ.js.map 304 [27/Jan/2025:17:36:27 +0000] - 75.938 ms localhost
GET /@fs/C:/Users/USER/Desktop/BroCampTasks/Angular_Project/frontend/.angular/cache/18.2.11/frontend/vite/deps/ngx-socket-io.js.map 304 [27/Jan/2025:17:36:27 +0000] - 89.704 ms localhost
GET /@fs/C:/Users/USER/Desktop/BroCampTasks/Angular_Project/frontend/.angular/cache/18.2.11/frontend/vite/deps/emoji-picker-element.js.map 304 [27/Jan/2025:17:36:27 +0000] - 91.077 ms localhost
GET /login 200 [27/Jan/2025:17:36:59 +0000] - 15.734 ms localhost
GET /@vite/client 304 [27/Jan/2025:17:36:59 +0000] - 7.526 ms localhost
GET /styles.css 200 [27/Jan/2025:17:36:59 +0000] - 7.594 ms localhost
GET /polyfills.js 304 [27/Jan/2025:17:36:59 +0000] - 4.306 ms localhost
GET /main.js 200 [27/Jan/2025:17:37:00 +0000] - 13.069 ms localhost
GET /@fs/C:/Users/USER/Desktop/BroCampTasks/Angular_Project/frontend/node_modules/vite/dist/client/env.mjs 304 [27/Jan/2025:17:37:00 +0000] - 2.454 ms localhost
GET /styles.css.map 200 [27/Jan/2025:17:37:00 +0000] - 2.959 ms localhost
GET /@fs/C:/Users/USER/Desktop/BroCampTasks/Angular_Project/frontend/.angular/cache/18.2.11/frontend/vite/deps/@angular_platform-browser.js.map 304 [27/Jan/2025:17:37:01 +0000] - 10.907 ms localhost
GET /@fs/C:/Users/USER/Desktop/BroCampTasks/Angular_Project/frontend/.angular/cache/18.2.11/frontend/vite/deps/chunk-ZKQIAUIS.js.map 304 [27/Jan/2025:17:37:01 +0000] - 19.087 ms localhost
GET /@fs/C:/Users/USER/Desktop/BroCampTasks/Angular_Project/frontend/.angular/cache/18.2.11/frontend/vite/deps/chunk-F4ZW7LLY.js.map 304 [27/Jan/2025:17:37:01 +0000] - 22.010 ms localhost
GET /@fs/C:/Users/USER/Desktop/BroCampTasks/Angular_Project/frontend/.angular/cache/18.2.11/frontend/vite/deps/chunk-2ZWNOPXZ.js.map 304 [27/Jan/2025:17:37:01 +0000] - 30.064 ms localhost
GET /@fs/C:/Users/USER/Desktop/BroCampTasks/Angular_Project/frontend/.angular/cache/18.2.11/frontend/vite/deps/chunk-66JPAEYR.js.map 304 [27/Jan/2025:17:37:01 +0000] - 60.840 ms localhost
GET /@fs/C:/Users/USER/Desktop/BroCampTasks/Angular_Project/frontend/.angular/cache/18.2.11/frontend/vite/deps/chunk-BKIWMXDL.js.map 304 [27/Jan/2025:17:37:01 +0000] - 121.866 ms localhost
GET /@fs/C:/Users/USER/Desktop/BroCampTasks/Angular_Project/frontend/.angular/cache/18.2.11/frontend/vite/deps/chunk-XWLXMCJQ.js.map 304 [27/Jan/2025:17:37:01 +0000] - 98.707 ms localhost
GET /@fs/C:/Users/USER/Desktop/BroCampTasks/Angular_Project/frontend/.angular/cache/18.2.11/frontend/vite/deps/@angular_core.js.map 304 [27/Jan/2025:17:37:01 +0000] - 84.181 ms localhost
GET /@fs/C:/Users/USER/Desktop/BroCampTasks/Angular_Project/frontend/.angular/cache/18.2.11/frontend/vite/deps/@angular_router.js.map 304 [27/Jan/2025:17:37:01 +0000] - 85.811 ms localhost
GET /@fs/C:/Users/USER/Desktop/BroCampTasks/Angular_Project/frontend/.angular/cache/18.2.11/frontend/vite/deps/@angular_common_http.js.map 304 [27/Jan/2025:17:37:01 +0000] - 82.710 ms localhost
GET /@fs/C:/Users/USER/Desktop/BroCampTasks/Angular_Project/frontend/.angular/cache/18.2.11/frontend/vite/deps/rxjs.js.map 304 [27/Jan/2025:17:37:01 +0000] - 81.485 ms localhost
GET /@fs/C:/Users/USER/Desktop/BroCampTasks/Angular_Project/frontend/.angular/cache/18.2.11/frontend/vite/deps/@angular_forms.js.map 304 [27/Jan/2025:17:37:01 +0000] - 39.475 ms localhost
GET /@fs/C:/Users/USER/Desktop/BroCampTasks/Angular_Project/frontend/.angular/cache/18.2.11/frontend/vite/deps/@angular_common.js.map 304 [27/Jan/2025:17:37:01 +0000] - 38.261 ms localhost
GET /@fs/C:/Users/USER/Desktop/BroCampTasks/Angular_Project/frontend/.angular/cache/18.2.11/frontend/vite/deps/ngx-socket-io.js.map 304 [27/Jan/2025:17:37:01 +0000] - 31.606 ms localhost
GET /@fs/C:/Users/USER/Desktop/BroCampTasks/Angular_Project/frontend/.angular/cache/18.2.11/frontend/vite/deps/emoji-picker-element.js.map 304 [27/Jan/2025:17:37:01 +0000] - 23.247 ms localhost
GET /@fs/C:/Users/USER/Desktop/BroCampTasks/Angular_Project/frontend/.angular/cache/18.2.11/frontend/vite/deps/chunk-7MS5FTBZ.js.map 304 [27/Jan/2025:17:37:01 +0000] - 27.369 ms localhost
GET /login.component.css.map 200 [27/Jan/2025:17:37:02 +0000] - 2.781 ms localhost
GET /favicon.ico 304 [27/Jan/2025:17:37:02 +0000] - 3.397 ms localhost
GET /login 200 [27/Jan/2025:17:37:37 +0000] - 945.734 ms localhost
GET /styles.css 200 [27/Jan/2025:17:37:38 +0000] - 414.571 ms localhost
GET /@vite/client 304 [27/Jan/2025:17:37:38 +0000] - 426.088 ms localhost
GET /main.js 304 [27/Jan/2025:17:37:38 +0000] - 438.497 ms localhost
GET /polyfills.js 304 [27/Jan/2025:17:37:38 +0000] - 443.704 ms localhost
GET /styles.css.map 200 [27/Jan/2025:17:37:38 +0000] - 12.705 ms localhost
GET /@fs/C:/Users/USER/Desktop/BroCampTasks/Angular_Project/frontend/node_modules/vite/dist/client/env.mjs 304 [27/Jan/2025:17:37:38 +0000] - 3.514 ms localhost
GET /favicon.ico 304 [27/Jan/2025:17:37:39 +0000] - 36.367 ms localhost
GET /@fs/C:/Users/USER/Desktop/BroCampTasks/Angular_Project/frontend/.angular/cache/18.2.11/frontend/vite/deps/@angular_core.js.map 304 [27/Jan/2025:17:37:40 +0000] - 91.528 ms localhost
GET /@fs/C:/Users/USER/Desktop/BroCampTasks/Angular_Project/frontend/.angular/cache/18.2.11/frontend/vite/deps/@angular_platform-browser.js.map 304 [27/Jan/2025:17:37:40 +0000] - 85.042 ms localhost
GET /@fs/C:/Users/USER/Desktop/BroCampTasks/Angular_Project/frontend/.angular/cache/18.2.11/frontend/vite/deps/chunk-66JPAEYR.js.map 304 [27/Jan/2025:17:37:40 +0000] - 301.435 ms localhost
GET /@fs/C:/Users/USER/Desktop/BroCampTasks/Angular_Project/frontend/.angular/cache/18.2.11/frontend/vite/deps/@angular_common_http.js.map 304 [27/Jan/2025:17:37:40 +0000] - 289.758 ms localhost
GET /@fs/C:/Users/USER/Desktop/BroCampTasks/Angular_Project/frontend/.angular/cache/18.2.11/frontend/vite/deps/chunk-2ZWNOPXZ.js.map 304 [27/Jan/2025:17:37:40 +0000] - 380.975 ms localhost
GET /@fs/C:/Users/USER/Desktop/BroCampTasks/Angular_Project/frontend/.angular/cache/18.2.11/frontend/vite/deps/@angular_forms.js.map 304 [27/Jan/2025:17:37:40 +0000] - 393.594 ms localhost
GET /@fs/C:/Users/USER/Desktop/BroCampTasks/Angular_Project/frontend/.angular/cache/18.2.11/frontend/vite/deps/chunk-ZKQIAUIS.js.map 304 [27/Jan/2025:17:37:40 +0000] - 330.521 ms localhost
GET /@fs/C:/Users/USER/Desktop/BroCampTasks/Angular_Project/frontend/.angular/cache/18.2.11/frontend/vite/deps/@angular_common.js.map 304 [27/Jan/2025:17:37:40 +0000] - 133.926 ms localhost
GET /@fs/C:/Users/USER/Desktop/BroCampTasks/Angular_Project/frontend/.angular/cache/18.2.11/frontend/vite/deps/chunk-F4ZW7LLY.js.map 304 [27/Jan/2025:17:37:40 +0000] - 377.519 ms localhost
GET /@fs/C:/Users/USER/Desktop/BroCampTasks/Angular_Project/frontend/.angular/cache/18.2.11/frontend/vite/deps/chunk-XWLXMCJQ.js.map 304 [27/Jan/2025:17:37:40 +0000] - 119.233 ms localhost
GET /@fs/C:/Users/USER/Desktop/BroCampTasks/Angular_Project/frontend/.angular/cache/18.2.11/frontend/vite/deps/@angular_router.js.map 304 [27/Jan/2025:17:37:40 +0000] - 169.478 ms localhost
GET /login.component.css.map 200 [27/Jan/2025:17:37:40 +0000] - 26.656 ms localhost
GET /@fs/C:/Users/USER/Desktop/BroCampTasks/Angular_Project/frontend/.angular/cache/18.2.11/frontend/vite/deps/chunk-BKIWMXDL.js.map 304 [27/Jan/2025:17:37:40 +0000] - 428.031 ms localhost
GET /@fs/C:/Users/USER/Desktop/BroCampTasks/Angular_Project/frontend/.angular/cache/18.2.11/frontend/vite/deps/rxjs.js.map 304 [27/Jan/2025:17:37:40 +0000] - 278.150 ms localhost
GET /@fs/C:/Users/USER/Desktop/BroCampTasks/Angular_Project/frontend/.angular/cache/18.2.11/frontend/vite/deps/ngx-socket-io.js.map 304 [27/Jan/2025:17:37:40 +0000] - 403.317 ms localhost
GET /@fs/C:/Users/USER/Desktop/BroCampTasks/Angular_Project/frontend/.angular/cache/18.2.11/frontend/vite/deps/chunk-7MS5FTBZ.js.map 304 [27/Jan/2025:17:37:40 +0000] - 398.989 ms localhost
GET /@fs/C:/Users/USER/Desktop/BroCampTasks/Angular_Project/frontend/.angular/cache/18.2.11/frontend/vite/deps/emoji-picker-element.js.map 304 [27/Jan/2025:17:37:40 +0000] - 446.971 ms localhost
POST /user/login 200 [27/Jan/2025:17:37:48 +0000] - 1167.178 ms localhost
GET /dashboard.component.css.map 200 [27/Jan/2025:17:37:48 +0000] - 13.061 ms localhost
GET /layout.component.css.map 200 [27/Jan/2025:17:37:48 +0000] - 13.060 ms localhost
GET /user-chat.component.css.map 200 [27/Jan/2025:17:37:53 +0000] - 35.393 ms localhost
GET /chat/674e8a6920bc39246157f503 304 [27/Jan/2025:17:37:53 +0000] - 522.331 ms localhost
POST /chat/audioUpload 401 [27/Jan/2025:17:39:05 +0000] - 74.219 ms localhost
GET /user/token/refresh 304 [27/Jan/2025:17:39:05 +0000] - 82.745 ms localhost
GET /chat 404 [27/Jan/2025:17:40:04 +0000] - 27.807 ms localhost
POST /chat/audioUpload - [27/Jan/2025:17:40:04 +0000] - - ms localhost
POST /chat/audioUpload - [27/Jan/2025:17:40:04 +0000] - - ms localhost
GET /dashboard 200 [27/Jan/2025:17:40:38 +0000] - 319.315 ms localhost
GET /@vite/client 304 [27/Jan/2025:17:40:39 +0000] - 12.772 ms localhost
GET /styles.css 200 [27/Jan/2025:17:40:39 +0000] - 22.176 ms localhost
GET /polyfills.js 304 [27/Jan/2025:17:40:39 +0000] - 72.809 ms localhost
GET /main.js 200 [27/Jan/2025:17:40:39 +0000] - 92.391 ms localhost
GET /@fs/C:/Users/USER/Desktop/BroCampTasks/Angular_Project/frontend/node_modules/vite/dist/client/env.mjs 304 [27/Jan/2025:17:40:39 +0000] - 167.101 ms localhost
GET /styles.css.map 200 [27/Jan/2025:17:40:39 +0000] - 158.582 ms localhost
GET /@fs/C:/Users/USER/Desktop/BroCampTasks/Angular_Project/frontend/.angular/cache/18.2.11/frontend/vite/deps/@angular_forms.js.map 304 [27/Jan/2025:17:40:44 +0000] - 2525.494 ms localhost
GET /@fs/C:/Users/USER/Desktop/BroCampTasks/Angular_Project/frontend/.angular/cache/18.2.11/frontend/vite/deps/chunk-66JPAEYR.js.map 304 [27/Jan/2025:17:40:44 +0000] - 2530.030 ms localhost
GET /@fs/C:/Users/USER/Desktop/BroCampTasks/Angular_Project/frontend/.angular/cache/18.2.11/frontend/vite/deps/@angular_platform-browser.js.map 304 [27/Jan/2025:17:40:44 +0000] - 2522.245 ms localhost
GET /@fs/C:/Users/USER/Desktop/BroCampTasks/Angular_Project/frontend/.angular/cache/18.2.11/frontend/vite/deps/chunk-ZKQIAUIS.js.map 304 [27/Jan/2025:17:40:44 +0000] - 2526.159 ms localhost
GET /@fs/C:/Users/USER/Desktop/BroCampTasks/Angular_Project/frontend/.angular/cache/18.2.11/frontend/vite/deps/chunk-2ZWNOPXZ.js.map 304 [27/Jan/2025:17:40:44 +0000] - 2541.760 ms localhost
GET /@fs/C:/Users/USER/Desktop/BroCampTasks/Angular_Project/frontend/.angular/cache/18.2.11/frontend/vite/deps/@angular_common_http.js.map 304 [27/Jan/2025:17:40:44 +0000] - 2548.061 ms localhost
GET /favicon.ico 304 [27/Jan/2025:17:40:44 +0000] - 93.895 ms localhost
GET /@fs/C:/Users/USER/Desktop/BroCampTasks/Angular_Project/frontend/.angular/cache/18.2.11/frontend/vite/deps/@angular_core.js.map 304 [27/Jan/2025:17:40:44 +0000] - 176.992 ms localhost
GET /@fs/C:/Users/USER/Desktop/BroCampTasks/Angular_Project/frontend/.angular/cache/18.2.11/frontend/vite/deps/chunk-F4ZW7LLY.js.map 304 [27/Jan/2025:17:40:44 +0000] - 192.329 ms localhost
GET /@fs/C:/Users/USER/Desktop/BroCampTasks/Angular_Project/frontend/.angular/cache/18.2.11/frontend/vite/deps/chunk-XWLXMCJQ.js.map 304 [27/Jan/2025:17:40:44 +0000] - 191.953 ms localhost
GET /@fs/C:/Users/USER/Desktop/BroCampTasks/Angular_Project/frontend/.angular/cache/18.2.11/frontend/vite/deps/@angular_router.js.map 304 [27/Jan/2025:17:40:44 +0000] - 192.036 ms localhost
GET /@fs/C:/Users/USER/Desktop/BroCampTasks/Angular_Project/frontend/.angular/cache/18.2.11/frontend/vite/deps/chunk-BKIWMXDL.js.map 304 [27/Jan/2025:17:40:44 +0000] - 276.685 ms localhost
GET /login.component.css.map 200 [27/Jan/2025:17:40:44 +0000] - 41.748 ms localhost
GET /@fs/C:/Users/USER/Desktop/BroCampTasks/Angular_Project/frontend/.angular/cache/18.2.11/frontend/vite/deps/ngx-socket-io.js.map 304 [27/Jan/2025:17:40:44 +0000] - 111.419 ms localhost
GET /@fs/C:/Users/USER/Desktop/BroCampTasks/Angular_Project/frontend/.angular/cache/18.2.11/frontend/vite/deps/emoji-picker-element.js.map 304 [27/Jan/2025:17:40:44 +0000] - 112.815 ms localhost
GET /@fs/C:/Users/USER/Desktop/BroCampTasks/Angular_Project/frontend/.angular/cache/18.2.11/frontend/vite/deps/rxjs.js.map 304 [27/Jan/2025:17:40:44 +0000] - 151.959 ms localhost
GET /@fs/C:/Users/USER/Desktop/BroCampTasks/Angular_Project/frontend/.angular/cache/18.2.11/frontend/vite/deps/@angular_common.js.map 304 [27/Jan/2025:17:40:44 +0000] - 137.662 ms localhost
GET /@fs/C:/Users/USER/Desktop/BroCampTasks/Angular_Project/frontend/.angular/cache/18.2.11/frontend/vite/deps/chunk-7MS5FTBZ.js.map 304 [27/Jan/2025:17:40:44 +0000] - 123.917 ms localhost
GET /login 200 [27/Jan/2025:17:40:54 +0000] - 9.248 ms localhost
GET /styles.css 200 [27/Jan/2025:17:40:54 +0000] - 11.151 ms localhost
GET /@vite/client 304 [27/Jan/2025:17:40:54 +0000] - 8.141 ms localhost
GET /polyfills.js 304 [27/Jan/2025:17:40:54 +0000] - 8.881 ms localhost
GET /main.js 304 [27/Jan/2025:17:40:54 +0000] - 9.732 ms localhost
GET /styles.css.map 200 [27/Jan/2025:17:40:54 +0000] - 5.752 ms localhost
GET /@fs/C:/Users/USER/Desktop/BroCampTasks/Angular_Project/frontend/node_modules/vite/dist/client/env.mjs 304 [27/Jan/2025:17:40:54 +0000] - 2.151 ms localhost
GET /@fs/C:/Users/USER/Desktop/BroCampTasks/Angular_Project/frontend/.angular/cache/18.2.11/frontend/vite/deps/@angular_platform-browser.js.map 304 [27/Jan/2025:17:40:54 +0000] - 13.410 ms localhost
GET /@fs/C:/Users/USER/Desktop/BroCampTasks/Angular_Project/frontend/.angular/cache/18.2.11/frontend/vite/deps/chunk-ZKQIAUIS.js.map 304 [27/Jan/2025:17:40:54 +0000] - 13.276 ms localhost
GET /@fs/C:/Users/USER/Desktop/BroCampTasks/Angular_Project/frontend/.angular/cache/18.2.11/frontend/vite/deps/chunk-F4ZW7LLY.js.map 304 [27/Jan/2025:17:40:54 +0000] - 19.618 ms localhost
GET /@fs/C:/Users/USER/Desktop/BroCampTasks/Angular_Project/frontend/.angular/cache/18.2.11/frontend/vite/deps/chunk-2ZWNOPXZ.js.map 304 [27/Jan/2025:17:40:54 +0000] - 32.584 ms localhost
GET /@fs/C:/Users/USER/Desktop/BroCampTasks/Angular_Project/frontend/.angular/cache/18.2.11/frontend/vite/deps/chunk-66JPAEYR.js.map 304 [27/Jan/2025:17:40:54 +0000] - 76.887 ms localhost
GET /@fs/C:/Users/USER/Desktop/BroCampTasks/Angular_Project/frontend/.angular/cache/18.2.11/frontend/vite/deps/chunk-XWLXMCJQ.js.map 304 [27/Jan/2025:17:40:54 +0000] - 116.663 ms localhost
GET /@fs/C:/Users/USER/Desktop/BroCampTasks/Angular_Project/frontend/.angular/cache/18.2.11/frontend/vite/deps/@angular_core.js.map 304 [27/Jan/2025:17:40:54 +0000] - 120.483 ms localhost
GET /@fs/C:/Users/USER/Desktop/BroCampTasks/Angular_Project/frontend/.angular/cache/18.2.11/frontend/vite/deps/@angular_router.js.map 304 [27/Jan/2025:17:40:54 +0000] - 117.283 ms localhost
GET /@fs/C:/Users/USER/Desktop/BroCampTasks/Angular_Project/frontend/.angular/cache/18.2.11/frontend/vite/deps/@angular_common_http.js.map 304 [27/Jan/2025:17:40:54 +0000] - 124.283 ms localhost
GET /@fs/C:/Users/USER/Desktop/BroCampTasks/Angular_Project/frontend/.angular/cache/18.2.11/frontend/vite/deps/rxjs.js.map 304 [27/Jan/2025:17:40:54 +0000] - 111.933 ms localhost
GET /@fs/C:/Users/USER/Desktop/BroCampTasks/Angular_Project/frontend/.angular/cache/18.2.11/frontend/vite/deps/chunk-BKIWMXDL.js.map 304 [27/Jan/2025:17:40:54 +0000] - 326.977 ms localhost
GET /login.component.css.map 200 [27/Jan/2025:17:40:54 +0000] - 10.416 ms localhost
GET /@fs/C:/Users/USER/Desktop/BroCampTasks/Angular_Project/frontend/.angular/cache/18.2.11/frontend/vite/deps/@angular_common.js.map 304 [27/Jan/2025:17:40:54 +0000] - 204.390 ms localhost
GET /@fs/C:/Users/USER/Desktop/BroCampTasks/Angular_Project/frontend/.angular/cache/18.2.11/frontend/vite/deps/@angular_forms.js.map 304 [27/Jan/2025:17:40:54 +0000] - 219.747 ms localhost
GET /@fs/C:/Users/USER/Desktop/BroCampTasks/Angular_Project/frontend/.angular/cache/18.2.11/frontend/vite/deps/ngx-socket-io.js.map 304 [27/Jan/2025:17:40:54 +0000] - 161.390 ms localhost
GET /@fs/C:/Users/USER/Desktop/BroCampTasks/Angular_Project/frontend/.angular/cache/18.2.11/frontend/vite/deps/chunk-7MS5FTBZ.js.map 304 [27/Jan/2025:17:40:54 +0000] - 178.536 ms localhost
GET /@fs/C:/Users/USER/Desktop/BroCampTasks/Angular_Project/frontend/.angular/cache/18.2.11/frontend/vite/deps/emoji-picker-element.js.map 304 [27/Jan/2025:17:40:54 +0000] - 99.055 ms localhost
GET /favicon.ico 304 [27/Jan/2025:17:40:55 +0000] - 4.114 ms localhost
POST /user/login 200 [27/Jan/2025:17:41:07 +0000] - 423.789 ms localhost
GET /dashboard.component.css.map 200 [27/Jan/2025:17:41:07 +0000] - 9.298 ms localhost
GET /layout.component.css.map 200 [27/Jan/2025:17:41:07 +0000] - 4.397 ms localhost
GET /user-chat.component.css.map 200 [27/Jan/2025:17:41:12 +0000] - 8.178 ms localhost
GET /chat/674e8a6920bc39246157f503 200 [27/Jan/2025:17:41:12 +0000] - 321.441 ms localhost
GET /chat 404 [27/Jan/2025:17:47:31 +0000] - 140.641 ms localhost
POST /chat/audioUpload - [27/Jan/2025:17:47:31 +0000] - - ms localhost
GET /dashboard 200 [27/Jan/2025:17:50:04 +0000] - 246.626 ms localhost
GET /@vite/client 304 [27/Jan/2025:17:50:05 +0000] - 23.294 ms localhost
GET /styles.css 200 [27/Jan/2025:17:50:05 +0000] - 26.816 ms localhost
GET /main.js 200 [27/Jan/2025:17:50:05 +0000] - 58.413 ms localhost
GET /polyfills.js 304 [27/Jan/2025:17:50:05 +0000] - 82.204 ms localhost
GET /@fs/C:/Users/USER/Desktop/BroCampTasks/Angular_Project/frontend/node_modules/vite/dist/client/env.mjs 304 [27/Jan/2025:17:50:05 +0000] - 5.423 ms localhost
GET /styles.css.map 200 [27/Jan/2025:17:50:05 +0000] - 10.781 ms localhost
GET /@fs/C:/Users/USER/Desktop/BroCampTasks/Angular_Project/frontend/.angular/cache/18.2.11/frontend/vite/deps/rxjs.js.map 304 [27/Jan/2025:17:50:06 +0000] - 24.697 ms localhost
GET /@fs/C:/Users/USER/Desktop/BroCampTasks/Angular_Project/frontend/.angular/cache/18.2.11/frontend/vite/deps/@angular_common_http.js.map 304 [27/Jan/2025:17:50:06 +0000] - 29.810 ms localhost
GET /@fs/C:/Users/USER/Desktop/BroCampTasks/Angular_Project/frontend/.angular/cache/18.2.11/frontend/vite/deps/@angular_platform-browser.js.map 304 [27/Jan/2025:17:50:06 +0000] - 27.159 ms localhost
GET /@fs/C:/Users/USER/Desktop/BroCampTasks/Angular_Project/frontend/.angular/cache/18.2.11/frontend/vite/deps/chunk-7MS5FTBZ.js.map 304 [27/Jan/2025:17:50:06 +0000] - 42.249 ms localhost
GET /@fs/C:/Users/USER/Desktop/BroCampTasks/Angular_Project/frontend/.angular/cache/18.2.11/frontend/vite/deps/chunk-66JPAEYR.js.map 304 [27/Jan/2025:17:50:06 +0000] - 55.660 ms localhost
GET /@fs/C:/Users/USER/Desktop/BroCampTasks/Angular_Project/frontend/.angular/cache/18.2.11/frontend/vite/deps/@angular_forms.js.map 304 [27/Jan/2025:17:50:06 +0000] - 60.015 ms localhost
GET /@fs/C:/Users/USER/Desktop/BroCampTasks/Angular_Project/frontend/.angular/cache/18.2.11/frontend/vite/deps/chunk-ZKQIAUIS.js.map 304 [27/Jan/2025:17:50:06 +0000] - 57.345 ms localhost
GET /@fs/C:/Users/USER/Desktop/BroCampTasks/Angular_Project/frontend/.angular/cache/18.2.11/frontend/vite/deps/chunk-2ZWNOPXZ.js.map 304 [27/Jan/2025:17:50:06 +0000] - 355.799 ms localhost
GET /@fs/C:/Users/USER/Desktop/BroCampTasks/Angular_Project/frontend/.angular/cache/18.2.11/frontend/vite/deps/@angular_router.js.map 304 [27/Jan/2025:17:50:07 +0000] - 1422.940 ms localhost
GET /@fs/C:/Users/USER/Desktop/BroCampTasks/Angular_Project/frontend/.angular/cache/18.2.11/frontend/vite/deps/chunk-F4ZW7LLY.js.map 304 [27/Jan/2025:17:50:07 +0000] - 1455.061 ms localhost
GET /@fs/C:/Users/USER/Desktop/BroCampTasks/Angular_Project/frontend/.angular/cache/18.2.11/frontend/vite/deps/chunk-XWLXMCJQ.js.map 304 [27/Jan/2025:17:50:07 +0000] - 1443.970 ms localhost
GET /favicon.ico 304 [27/Jan/2025:17:50:07 +0000] - 1139.983 ms localhost
GET /login.component.css.map 200 [27/Jan/2025:17:50:08 +0000] - 277.362 ms localhost
GET /@fs/C:/Users/USER/Desktop/BroCampTasks/Angular_Project/frontend/.angular/cache/18.2.11/frontend/vite/deps/chunk-BKIWMXDL.js.map 304 [27/Jan/2025:17:50:09 +0000] - 2924.173 ms localhost
GET /@fs/C:/Users/USER/Desktop/BroCampTasks/Angular_Project/frontend/.angular/cache/18.2.11/frontend/vite/deps/@angular_core.js.map 304 [27/Jan/2025:17:50:09 +0000] - 2890.079 ms localhost
GET /@fs/C:/Users/USER/Desktop/BroCampTasks/Angular_Project/frontend/.angular/cache/18.2.11/frontend/vite/deps/@angular_common.js.map 304 [27/Jan/2025:17:50:09 +0000] - 1512.601 ms localhost
GET /@fs/C:/Users/USER/Desktop/BroCampTasks/Angular_Project/frontend/.angular/cache/18.2.11/frontend/vite/deps/ngx-socket-io.js.map 304 [27/Jan/2025:17:50:09 +0000] - 1490.682 ms localhost
GET /@fs/C:/Users/USER/Desktop/BroCampTasks/Angular_Project/frontend/.angular/cache/18.2.11/frontend/vite/deps/emoji-picker-element.js.map 304 [27/Jan/2025:17:50:09 +0000] - 1492.481 ms localhost
POST /user/login 200 [27/Jan/2025:17:50:15 +0000] - 989.326 ms localhost
GET /layout.component.css.map 200 [27/Jan/2025:17:50:16 +0000] - 4.543 ms localhost
GET /dashboard.component.css.map 200 [27/Jan/2025:17:50:16 +0000] - 4.641 ms localhost
GET /user-chat.component.css.map 200 [27/Jan/2025:17:50:19 +0000] - 8.964 ms localhost
GET /chat/674e8a6920bc39246157f503 304 [27/Jan/2025:17:50:19 +0000] - 397.671 ms localhost
POST /chat/audioUpload 504 [27/Jan/2025:17:50:48 +0000] - 21026.679 ms localhost
GET /dashboard.component.css.map 200 [27/Jan/2025:18:10:27 +0000] - 619.709 ms localhost
GET /dashboard 200 [27/Jan/2025:18:10:28 +0000] - 1154.014 ms localhost
GET /@vite/client 304 [27/Jan/2025:18:10:29 +0000] - 31.656 ms localhost
GET /styles.css 200 [27/Jan/2025:18:10:29 +0000] - 14.395 ms localhost
GET /polyfills.js 304 [27/Jan/2025:18:10:29 +0000] - 9.035 ms localhost
GET /main.js 304 [27/Jan/2025:18:10:29 +0000] - 34.419 ms localhost
GET /@fs/C:/Users/USER/Desktop/BroCampTasks/Angular_Project/frontend/node_modules/vite/dist/client/env.mjs 304 [27/Jan/2025:18:10:30 +0000] - 2.982 ms localhost
GET /favicon.ico 304 [27/Jan/2025:18:10:32 +0000] - 71.667 ms localhost
GET /styles.css.map 200 [27/Jan/2025:18:10:34 +0000] - 13.492 ms localhost
GET /@fs/C:/Users/USER/Desktop/BroCampTasks/Angular_Project/frontend/.angular/cache/18.2.11/frontend/vite/deps/@angular_platform-browser.js.map 304 [27/Jan/2025:18:10:34 +0000] - 85.896 ms localhost
GET /@fs/C:/Users/USER/Desktop/BroCampTasks/Angular_Project/frontend/.angular/cache/18.2.11/frontend/vite/deps/chunk-ZKQIAUIS.js.map 304 [27/Jan/2025:18:10:34 +0000] - 167.890 ms localhost
GET /@fs/C:/Users/USER/Desktop/BroCampTasks/Angular_Project/frontend/.angular/cache/18.2.11/frontend/vite/deps/chunk-F4ZW7LLY.js.map 304 [27/Jan/2025:18:10:34 +0000] - 173.111 ms localhost
GET /@fs/C:/Users/USER/Desktop/BroCampTasks/Angular_Project/frontend/.angular/cache/18.2.11/frontend/vite/deps/chunk-2ZWNOPXZ.js.map 304 [27/Jan/2025:18:10:34 +0000] - 201.749 ms localhost
GET /@fs/C:/Users/USER/Desktop/BroCampTasks/Angular_Project/frontend/.angular/cache/18.2.11/frontend/vite/deps/chunk-66JPAEYR.js.map 304 [27/Jan/2025:18:10:34 +0000] - 216.304 ms localhost
GET /@fs/C:/Users/USER/Desktop/BroCampTasks/Angular_Project/frontend/.angular/cache/18.2.11/frontend/vite/deps/chunk-BKIWMXDL.js.map 304 [27/Jan/2025:18:10:34 +0000] - 317.296 ms localhost
GET /@fs/C:/Users/USER/Desktop/BroCampTasks/Angular_Project/frontend/.angular/cache/18.2.11/frontend/vite/deps/@angular_common_http.js.map 304 [27/Jan/2025:18:10:34 +0000] - 231.524 ms localhost
GET /@fs/C:/Users/USER/Desktop/BroCampTasks/Angular_Project/frontend/.angular/cache/18.2.11/frontend/vite/deps/rxjs.js.map 304 [27/Jan/2025:18:10:35 +0000] - 336.298 ms localhost
GET /@fs/C:/Users/USER/Desktop/BroCampTasks/Angular_Project/frontend/.angular/cache/18.2.11/frontend/vite/deps/@angular_core.js.map 304 [27/Jan/2025:18:10:35 +0000] - 376.748 ms localhost
GET /@fs/C:/Users/USER/Desktop/BroCampTasks/Angular_Project/frontend/.angular/cache/18.2.11/frontend/vite/deps/@angular_forms.js.map 304 [27/Jan/2025:18:10:35 +0000] - 751.888 ms localhost
GET /@fs/C:/Users/USER/Desktop/BroCampTasks/Angular_Project/frontend/.angular/cache/18.2.11/frontend/vite/deps/chunk-XWLXMCJQ.js.map 304 [27/Jan/2025:18:10:35 +0000] - 711.413 ms localhost
GET /@fs/C:/Users/USER/Desktop/BroCampTasks/Angular_Project/frontend/.angular/cache/18.2.11/frontend/vite/deps/chunk-7MS5FTBZ.js.map 304 [27/Jan/2025:18:10:35 +0000] - 703.170 ms localhost
GET /@fs/C:/Users/USER/Desktop/BroCampTasks/Angular_Project/frontend/.angular/cache/18.2.11/frontend/vite/deps/@angular_common.js.map 304 [27/Jan/2025:18:10:35 +0000] - 471.515 ms localhost
GET /@fs/C:/Users/USER/Desktop/BroCampTasks/Angular_Project/frontend/.angular/cache/18.2.11/frontend/vite/deps/@angular_router.js.map 304 [27/Jan/2025:18:10:35 +0000] - 827.053 ms localhost
GET /login.component.css.map 200 [27/Jan/2025:18:10:35 +0000] - 203.871 ms localhost
GET /@fs/C:/Users/USER/Desktop/BroCampTasks/Angular_Project/frontend/.angular/cache/18.2.11/frontend/vite/deps/ngx-socket-io.js.map 304 [27/Jan/2025:18:10:35 +0000] - 582.762 ms localhost
GET /@fs/C:/Users/USER/Desktop/BroCampTasks/Angular_Project/frontend/.angular/cache/18.2.11/frontend/vite/deps/emoji-picker-element.js.map 304 [27/Jan/2025:18:10:35 +0000] - 245.507 ms localhost
POST /user/login 200 [27/Jan/2025:18:10:39 +0000] - 632.910 ms localhost
GET /layout.component.css.map 200 [27/Jan/2025:18:10:39 +0000] - 5.847 ms localhost
GET /dashboard.component.css.map 200 [27/Jan/2025:18:10:39 +0000] - 7.764 ms localhost
GET /user-chat.component.css.map 200 [27/Jan/2025:18:10:44 +0000] - 8.963 ms localhost
GET /chat/674e8a6920bc39246157f503 304 [27/Jan/2025:18:10:44 +0000] - 640.842 ms localhost
POST /chat/audioUpload 200 [27/Jan/2025:18:11:15 +0000] - 2915.723 ms localhost
