GET /login 200 [23/Jan/2025:15:31:21 +0000] - 128.874 ms localhost
GET /@vite/client 304 [23/Jan/2025:15:31:21 +0000] - 10.274 ms localhost
GET /styles.css 200 [23/Jan/2025:15:31:21 +0000] - 14.541 ms localhost
GET /polyfills.js 304 [23/Jan/2025:15:31:21 +0000] - 2.373 ms localhost
GET /main.js 200 [23/Jan/2025:15:31:22 +0000] - 240.674 ms localhost
GET /@fs/C:/Users/USER/Desktop/BroCampTasks/Angular_Project/frontend/node_modules/vite/dist/client/env.mjs 304 [23/Jan/2025:15:31:22 +0000] - 38.850 ms localhost
GET /favicon.ico 304 [23/Jan/2025:15:31:23 +0000] - 13.185 ms localhost
POST /user/login 200 [23/Jan/2025:15:31:39 +0000] - 919.039 ms localhost
GET /styles.css 200 [23/Jan/2025:15:31:48 +0000] - 3.176 ms localhost
GET /@fs/C:/Users/USER/Desktop/BroCampTasks/Angular_Project/frontend/.angular/cache/18.2.11/frontend/vite/deps/@angular_core.js.map 304 [23/Jan/2025:15:31:49 +0000] - 103.894 ms localhost
GET /@fs/C:/Users/USER/Desktop/BroCampTasks/Angular_Project/frontend/.angular/cache/18.2.11/frontend/vite/deps/@angular_platform-browser.js.map 304 [23/Jan/2025:15:31:49 +0000] - 106.322 ms localhost
GET /@fs/C:/Users/USER/Desktop/BroCampTasks/Angular_Project/frontend/.angular/cache/18.2.11/frontend/vite/deps/@angular_common_http.js.map 304 [23/Jan/2025:15:31:49 +0000] - 109.074 ms localhost
GET /@fs/C:/Users/USER/Desktop/BroCampTasks/Angular_Project/frontend/.angular/cache/18.2.11/frontend/vite/deps/rxjs.js.map 304 [23/Jan/2025:15:31:49 +0000] - 99.363 ms localhost
GET /@fs/C:/Users/USER/Desktop/BroCampTasks/Angular_Project/frontend/.angular/cache/18.2.11/frontend/vite/deps/@angular_common.js.map 304 [23/Jan/2025:15:31:49 +0000] - 98.051 ms localhost
GET /@fs/C:/Users/USER/Desktop/BroCampTasks/Angular_Project/frontend/.angular/cache/18.2.11/frontend/vite/deps/ngx-socket-io.js.map 304 [23/Jan/2025:15:31:49 +0000] - 336.921 ms localhost
GET /@fs/C:/Users/USER/Desktop/BroCampTasks/Angular_Project/frontend/.angular/cache/18.2.11/frontend/vite/deps/chunk-F4ZW7LLY.js.map 304 [23/Jan/2025:15:31:49 +0000] - 346.722 ms localhost
GET /@fs/C:/Users/USER/Desktop/BroCampTasks/Angular_Project/frontend/.angular/cache/18.2.11/frontend/vite/deps/chunk-ZKQIAUIS.js.map 304 [23/Jan/2025:15:31:50 +0000] - 1172.045 ms localhost
GET /@fs/C:/Users/USER/Desktop/BroCampTasks/Angular_Project/frontend/.angular/cache/18.2.11/frontend/vite/deps/chunk-BKIWMXDL.js.map 304 [23/Jan/2025:15:31:52 +0000] - 2949.721 ms localhost
GET /@fs/C:/Users/USER/Desktop/BroCampTasks/Angular_Project/frontend/.angular/cache/18.2.11/frontend/vite/deps/chunk-2ZWNOPXZ.js.map 304 [23/Jan/2025:15:31:52 +0000] - 3004.830 ms localhost
GET /styles.css.map 200 [23/Jan/2025:15:31:52 +0000] - 28.883 ms localhost
GET /@fs/C:/Users/USER/Desktop/BroCampTasks/Angular_Project/frontend/.angular/cache/18.2.11/frontend/vite/deps/@angular_router.js.map 304 [23/Jan/2025:15:31:52 +0000] - 3092.320 ms localhost
GET /@fs/C:/Users/USER/Desktop/BroCampTasks/Angular_Project/frontend/.angular/cache/18.2.11/frontend/vite/deps/chunk-XWLXMCJQ.js.map 304 [23/Jan/2025:15:31:52 +0000] - 2549.396 ms localhost
GET /layout.component.css.map 200 [23/Jan/2025:15:31:52 +0000] - 28.529 ms localhost
GET /@fs/C:/Users/USER/Desktop/BroCampTasks/Angular_Project/frontend/.angular/cache/18.2.11/frontend/vite/deps/chunk-7MS5FTBZ.js.map 304 [23/Jan/2025:15:31:52 +0000] - 153.063 ms localhost
GET /@fs/C:/Users/USER/Desktop/BroCampTasks/Angular_Project/frontend/.angular/cache/18.2.11/frontend/vite/deps/chunk-66JPAEYR.js.map 304 [23/Jan/2025:15:31:52 +0000] - 1942.908 ms localhost
GET /@fs/C:/Users/USER/Desktop/BroCampTasks/Angular_Project/frontend/.angular/cache/18.2.11/frontend/vite/deps/@angular_forms.js.map 304 [23/Jan/2025:15:31:52 +0000] - 2598.977 ms localhost
GET /dashboard.component.css.map 200 [23/Jan/2025:15:33:20 +0000] - 49.194 ms localhost
GET /dashboard 200 [23/Jan/2025:15:33:23 +0000] - 77.421 ms localhost
GET /@vite/client 304 [23/Jan/2025:15:33:23 +0000] - 7.393 ms localhost
GET /styles.css 200 [23/Jan/2025:15:33:23 +0000] - 14.602 ms localhost
GET /polyfills.js 304 [23/Jan/2025:15:33:23 +0000] - 16.526 ms localhost
GET /main.js 304 [23/Jan/2025:15:33:23 +0000] - 17.884 ms localhost
GET /styles.css.map 200 [23/Jan/2025:15:33:23 +0000] - 11.622 ms localhost
GET /@fs/C:/Users/USER/Desktop/BroCampTasks/Angular_Project/frontend/node_modules/vite/dist/client/env.mjs 304 [23/Jan/2025:15:33:23 +0000] - 3.561 ms localhost
GET /@fs/C:/Users/USER/Desktop/BroCampTasks/Angular_Project/frontend/.angular/cache/18.2.11/frontend/vite/deps/@angular_platform-browser.js.map 304 [23/Jan/2025:15:33:23 +0000] - 54.026 ms localhost
GET /@fs/C:/Users/USER/Desktop/BroCampTasks/Angular_Project/frontend/.angular/cache/18.2.11/frontend/vite/deps/chunk-ZKQIAUIS.js.map 304 [23/Jan/2025:15:33:23 +0000] - 86.949 ms localhost
GET /@fs/C:/Users/USER/Desktop/BroCampTasks/Angular_Project/frontend/.angular/cache/18.2.11/frontend/vite/deps/chunk-2ZWNOPXZ.js.map 304 [23/Jan/2025:15:33:23 +0000] - 100.374 ms localhost
GET /@fs/C:/Users/USER/Desktop/BroCampTasks/Angular_Project/frontend/.angular/cache/18.2.11/frontend/vite/deps/chunk-66JPAEYR.js.map 304 [23/Jan/2025:15:33:23 +0000] - 180.445 ms localhost
GET /@fs/C:/Users/USER/Desktop/BroCampTasks/Angular_Project/frontend/.angular/cache/18.2.11/frontend/vite/deps/chunk-F4ZW7LLY.js.map 304 [23/Jan/2025:15:33:23 +0000] - 207.834 ms localhost
GET /@fs/C:/Users/USER/Desktop/BroCampTasks/Angular_Project/frontend/.angular/cache/18.2.11/frontend/vite/deps/chunk-XWLXMCJQ.js.map 304 [23/Jan/2025:15:33:23 +0000] - 170.134 ms localhost
GET /@fs/C:/Users/USER/Desktop/BroCampTasks/Angular_Project/frontend/.angular/cache/18.2.11/frontend/vite/deps/chunk-BKIWMXDL.js.map 304 [23/Jan/2025:15:33:24 +0000] - 394.463 ms localhost
GET /@fs/C:/Users/USER/Desktop/BroCampTasks/Angular_Project/frontend/.angular/cache/18.2.11/frontend/vite/deps/@angular_core.js.map 304 [23/Jan/2025:15:33:24 +0000] - 316.880 ms localhost
GET /@fs/C:/Users/USER/Desktop/BroCampTasks/Angular_Project/frontend/.angular/cache/18.2.11/frontend/vite/deps/@angular_router.js.map 304 [23/Jan/2025:15:33:24 +0000] - 487.936 ms localhost
GET /@fs/C:/Users/USER/Desktop/BroCampTasks/Angular_Project/frontend/.angular/cache/18.2.11/frontend/vite/deps/@angular_common_http.js.map 304 [23/Jan/2025:15:33:24 +0000] - 400.699 ms localhost
GET /favicon.ico 304 [23/Jan/2025:15:33:24 +0000] - 204.588 ms localhost
GET /@fs/C:/Users/USER/Desktop/BroCampTasks/Angular_Project/frontend/.angular/cache/18.2.11/frontend/vite/deps/rxjs.js.map 304 [23/Jan/2025:15:33:24 +0000] - 402.493 ms localhost
GET /login.component.css.map 200 [23/Jan/2025:15:33:24 +0000] - 8.395 ms localhost
GET /@fs/C:/Users/USER/Desktop/BroCampTasks/Angular_Project/frontend/.angular/cache/18.2.11/frontend/vite/deps/@angular_common.js.map 304 [23/Jan/2025:15:33:24 +0000] - 218.730 ms localhost
GET /@fs/C:/Users/USER/Desktop/BroCampTasks/Angular_Project/frontend/.angular/cache/18.2.11/frontend/vite/deps/chunk-7MS5FTBZ.js.map 304 [23/Jan/2025:15:33:24 +0000] - 74.210 ms localhost
GET /@fs/C:/Users/USER/Desktop/BroCampTasks/Angular_Project/frontend/.angular/cache/18.2.11/frontend/vite/deps/ngx-socket-io.js.map 304 [23/Jan/2025:15:33:24 +0000] - 89.166 ms localhost
GET /@fs/C:/Users/USER/Desktop/BroCampTasks/Angular_Project/frontend/.angular/cache/18.2.11/frontend/vite/deps/@angular_forms.js.map 304 [23/Jan/2025:15:33:24 +0000] - 685.101 ms localhost
POST /user/login 200 [23/Jan/2025:15:33:31 +0000] - 334.114 ms localhost
GET /dashboard.component.css.map 200 [23/Jan/2025:15:33:31 +0000] - 5.585 ms localhost
GET /layout.component.css.map 200 [23/Jan/2025:15:33:31 +0000] - 7.115 ms localhost
GET /user/logout 304 [23/Jan/2025:15:34:09 +0000] - 110.554 ms localhost
GET /login.component.css.map 200 [23/Jan/2025:15:34:09 +0000] - 5.027 ms localhost
POST /user/login 200 [23/Jan/2025:15:34:16 +0000] - 361.659 ms localhost
GET /layout.component.css.map 200 [23/Jan/2025:15:34:16 +0000] - 3.953 ms localhost
GET /dashboard.component.css.map 200 [23/Jan/2025:15:34:16 +0000] - 5.895 ms localhost
GET /service/services/count 304 [23/Jan/2025:15:35:03 +0000] - 678.588 ms localhost
GET /service/services?pageNumber=1&pageSize=2 304 [23/Jan/2025:15:35:03 +0000] - 633.793 ms localhost
GET /user/users/count 200 [23/Jan/2025:15:35:08 +0000] - 84.879 ms localhost
GET /user/users?pageNumber=1&pageSize=2 200 [23/Jan/2025:15:35:09 +0000] - 79.525 ms localhost
GET /user/users?pageNumber=2&pageSize=2 304 [23/Jan/2025:15:35:14 +0000] - 42.403 ms localhost
GET /user/users?pageNumber=1&pageSize=2 401 [23/Jan/2025:15:35:17 +0000] - 46.499 ms localhost
GET /user/token/refresh 200 [23/Jan/2025:15:35:17 +0000] - 50.015 ms localhost
GET /user/users?pageNumber=1&pageSize=2 304 [23/Jan/2025:15:35:17 +0000] - 155.672 ms localhost
PATCH /user/status 200 [23/Jan/2025:15:35:26 +0000] - 4278.898 ms localhost
GET /user/users?pageNumber=1&pageSize=2 200 [23/Jan/2025:15:35:26 +0000] - 48.956 ms localhost
GET /chat 504 [23/Jan/2025:15:35:50 +0000] - 27.105 ms localhost
GET /favicon.ico 304 [23/Jan/2025:15:35:51 +0000] - 110.189 ms localhost
GET /services 200 [23/Jan/2025:15:35:57 +0000] - 212.064 ms localhost
GET /@vite/client 304 [23/Jan/2025:15:35:57 +0000] - 7.017 ms localhost
GET /polyfills.js 304 [23/Jan/2025:15:35:57 +0000] - 4.032 ms localhost
GET /styles.css 200 [23/Jan/2025:15:35:57 +0000] - 9.383 ms localhost
GET /main.js 304 [23/Jan/2025:15:35:57 +0000] - 11.577 ms localhost
GET /styles.css.map 200 [23/Jan/2025:15:35:57 +0000] - 9.243 ms localhost
GET /@fs/C:/Users/USER/Desktop/BroCampTasks/Angular_Project/frontend/node_modules/vite/dist/client/env.mjs 304 [23/Jan/2025:15:35:57 +0000] - 2.568 ms localhost
GET /@fs/C:/Users/USER/Desktop/BroCampTasks/Angular_Project/frontend/.angular/cache/18.2.11/frontend/vite/deps/@angular_platform-browser.js.map 304 [23/Jan/2025:15:35:58 +0000] - 49.596 ms localhost
GET /@fs/C:/Users/USER/Desktop/BroCampTasks/Angular_Project/frontend/.angular/cache/18.2.11/frontend/vite/deps/chunk-66JPAEYR.js.map 304 [23/Jan/2025:15:35:58 +0000] - 82.948 ms localhost
GET /@fs/C:/Users/USER/Desktop/BroCampTasks/Angular_Project/frontend/.angular/cache/18.2.11/frontend/vite/deps/chunk-ZKQIAUIS.js.map 304 [23/Jan/2025:15:35:58 +0000] - 89.905 ms localhost
GET /@fs/C:/Users/USER/Desktop/BroCampTasks/Angular_Project/frontend/.angular/cache/18.2.11/frontend/vite/deps/@angular_common_http.js.map 304 [23/Jan/2025:15:35:58 +0000] - 91.550 ms localhost
GET /@fs/C:/Users/USER/Desktop/BroCampTasks/Angular_Project/frontend/.angular/cache/18.2.11/frontend/vite/deps/chunk-2ZWNOPXZ.js.map 304 [23/Jan/2025:15:35:58 +0000] - 110.962 ms localhost
GET /@fs/C:/Users/USER/Desktop/BroCampTasks/Angular_Project/frontend/.angular/cache/18.2.11/frontend/vite/deps/chunk-F4ZW7LLY.js.map 304 [23/Jan/2025:15:35:58 +0000] - 161.728 ms localhost
GET /@fs/C:/Users/USER/Desktop/BroCampTasks/Angular_Project/frontend/.angular/cache/18.2.11/frontend/vite/deps/chunk-XWLXMCJQ.js.map 304 [23/Jan/2025:15:35:58 +0000] - 77.818 ms localhost
GET /@fs/C:/Users/USER/Desktop/BroCampTasks/Angular_Project/frontend/.angular/cache/18.2.11/frontend/vite/deps/@angular_core.js.map 304 [23/Jan/2025:15:35:58 +0000] - 91.753 ms localhost
GET /@fs/C:/Users/USER/Desktop/BroCampTasks/Angular_Project/frontend/.angular/cache/18.2.11/frontend/vite/deps/@angular_router.js.map 304 [23/Jan/2025:15:35:58 +0000] - 110.053 ms localhost
GET /@fs/C:/Users/USER/Desktop/BroCampTasks/Angular_Project/frontend/.angular/cache/18.2.11/frontend/vite/deps/rxjs.js.map 304 [23/Jan/2025:15:35:58 +0000] - 151.155 ms localhost
GET /@fs/C:/Users/USER/Desktop/BroCampTasks/Angular_Project/frontend/.angular/cache/18.2.11/frontend/vite/deps/chunk-BKIWMXDL.js.map 304 [23/Jan/2025:15:35:59 +0000] - 1235.572 ms localhost
GET /@fs/C:/Users/USER/Desktop/BroCampTasks/Angular_Project/frontend/.angular/cache/18.2.11/frontend/vite/deps/@angular_common.js.map 304 [23/Jan/2025:15:35:59 +0000] - 1142.899 ms localhost
GET /@fs/C:/Users/USER/Desktop/BroCampTasks/Angular_Project/frontend/.angular/cache/18.2.11/frontend/vite/deps/ngx-socket-io.js.map 304 [23/Jan/2025:15:35:59 +0000] - 1146.132 ms localhost
GET /login.component.css.map 200 [23/Jan/2025:15:35:59 +0000] - 1053.589 ms localhost
GET /@fs/C:/Users/USER/Desktop/BroCampTasks/Angular_Project/frontend/.angular/cache/18.2.11/frontend/vite/deps/chunk-7MS5FTBZ.js.map 304 [23/Jan/2025:15:35:59 +0000] - 1242.294 ms localhost
GET /@fs/C:/Users/USER/Desktop/BroCampTasks/Angular_Project/frontend/.angular/cache/18.2.11/frontend/vite/deps/@angular_forms.js.map 304 [23/Jan/2025:15:35:59 +0000] - 1455.873 ms localhost
GET /favicon.ico 304 [23/Jan/2025:15:35:59 +0000] - 303.410 ms localhost
GET /login 200 [23/Jan/2025:15:36:02 +0000] - 18.418 ms localhost
GET /@vite/client 304 [23/Jan/2025:15:36:02 +0000] - 10.042 ms localhost
GET /styles.css 200 [23/Jan/2025:15:36:02 +0000] - 6.836 ms localhost
GET /polyfills.js 304 [23/Jan/2025:15:36:02 +0000] - 9.634 ms localhost
GET /main.js 304 [23/Jan/2025:15:36:02 +0000] - 10.300 ms localhost
GET /styles.css.map 200 [23/Jan/2025:15:36:02 +0000] - 5.277 ms localhost
GET /@fs/C:/Users/USER/Desktop/BroCampTasks/Angular_Project/frontend/node_modules/vite/dist/client/env.mjs 304 [23/Jan/2025:15:36:02 +0000] - 7.481 ms localhost
GET /@fs/C:/Users/USER/Desktop/BroCampTasks/Angular_Project/frontend/.angular/cache/18.2.11/frontend/vite/deps/@angular_platform-browser.js.map 304 [23/Jan/2025:15:36:02 +0000] - 13.418 ms localhost
GET /@fs/C:/Users/USER/Desktop/BroCampTasks/Angular_Project/frontend/.angular/cache/18.2.11/frontend/vite/deps/chunk-ZKQIAUIS.js.map 304 [23/Jan/2025:15:36:02 +0000] - 17.603 ms localhost
GET /@fs/C:/Users/USER/Desktop/BroCampTasks/Angular_Project/frontend/.angular/cache/18.2.11/frontend/vite/deps/chunk-F4ZW7LLY.js.map 304 [23/Jan/2025:15:36:03 +0000] - 27.530 ms localhost
GET /@fs/C:/Users/USER/Desktop/BroCampTasks/Angular_Project/frontend/.angular/cache/18.2.11/frontend/vite/deps/chunk-2ZWNOPXZ.js.map 304 [23/Jan/2025:15:36:03 +0000] - 32.716 ms localhost
GET /@fs/C:/Users/USER/Desktop/BroCampTasks/Angular_Project/frontend/.angular/cache/18.2.11/frontend/vite/deps/chunk-BKIWMXDL.js.map 304 [23/Jan/2025:15:36:03 +0000] - 339.288 ms localhost
GET /@fs/C:/Users/USER/Desktop/BroCampTasks/Angular_Project/frontend/.angular/cache/18.2.11/frontend/vite/deps/chunk-66JPAEYR.js.map 304 [23/Jan/2025:15:36:03 +0000] - 309.705 ms localhost
GET /@fs/C:/Users/USER/Desktop/BroCampTasks/Angular_Project/frontend/.angular/cache/18.2.11/frontend/vite/deps/@angular_core.js.map 304 [23/Jan/2025:15:36:03 +0000] - 305.096 ms localhost
GET /@fs/C:/Users/USER/Desktop/BroCampTasks/Angular_Project/frontend/.angular/cache/18.2.11/frontend/vite/deps/@angular_router.js.map 304 [23/Jan/2025:15:36:03 +0000] - 314.991 ms localhost
GET /@fs/C:/Users/USER/Desktop/BroCampTasks/Angular_Project/frontend/.angular/cache/18.2.11/frontend/vite/deps/@angular_common_http.js.map 304 [23/Jan/2025:15:36:03 +0000] - 315.282 ms localhost
GET /@fs/C:/Users/USER/Desktop/BroCampTasks/Angular_Project/frontend/.angular/cache/18.2.11/frontend/vite/deps/chunk-XWLXMCJQ.js.map 304 [23/Jan/2025:15:36:03 +0000] - 320.543 ms localhost
GET /@fs/C:/Users/USER/Desktop/BroCampTasks/Angular_Project/frontend/.angular/cache/18.2.11/frontend/vite/deps/rxjs.js.map 304 [23/Jan/2025:15:36:03 +0000] - 59.125 ms localhost
GET /login.component.css.map 200 [23/Jan/2025:15:36:03 +0000] - 27.939 ms localhost
GET /@fs/C:/Users/USER/Desktop/BroCampTasks/Angular_Project/frontend/.angular/cache/18.2.11/frontend/vite/deps/@angular_forms.js.map 304 [23/Jan/2025:15:36:03 +0000] - 110.003 ms localhost
GET /@fs/C:/Users/USER/Desktop/BroCampTasks/Angular_Project/frontend/.angular/cache/18.2.11/frontend/vite/deps/@angular_common.js.map 304 [23/Jan/2025:15:36:03 +0000] - 98.985 ms localhost
GET /@fs/C:/Users/USER/Desktop/BroCampTasks/Angular_Project/frontend/.angular/cache/18.2.11/frontend/vite/deps/ngx-socket-io.js.map 304 [23/Jan/2025:15:36:03 +0000] - 89.420 ms localhost
GET /@fs/C:/Users/USER/Desktop/BroCampTasks/Angular_Project/frontend/.angular/cache/18.2.11/frontend/vite/deps/chunk-7MS5FTBZ.js.map 304 [23/Jan/2025:15:36:03 +0000] - 121.521 ms localhost
GET /favicon.ico 304 [23/Jan/2025:15:36:03 +0000] - 15.146 ms localhost
POST /user/login 200 [23/Jan/2025:15:36:15 +0000] - 302.644 ms localhost
GET /dashboard.component.css.map 200 [23/Jan/2025:15:36:15 +0000] - 4.430 ms localhost
GET /layout.component.css.map 200 [23/Jan/2025:15:36:15 +0000] - 4.988 ms localhost
GET /chat 404 [23/Jan/2025:15:36:42 +0000] - 25.075 ms localhost
GET /dashboard 200 [23/Jan/2025:15:36:47 +0000] - 8.482 ms localhost
GET /@vite/client 304 [23/Jan/2025:15:36:47 +0000] - 7.025 ms localhost
GET /styles.css 200 [23/Jan/2025:15:36:47 +0000] - 5.576 ms localhost
GET /polyfills.js 304 [23/Jan/2025:15:36:47 +0000] - 6.767 ms localhost
GET /main.js 200 [23/Jan/2025:15:36:47 +0000] - 32.406 ms localhost
GET /styles.css.map 200 [23/Jan/2025:15:36:47 +0000] - 4.529 ms localhost
GET /@fs/C:/Users/USER/Desktop/BroCampTasks/Angular_Project/frontend/node_modules/vite/dist/client/env.mjs 304 [23/Jan/2025:15:36:47 +0000] - 2.278 ms localhost
GET /@fs/C:/Users/USER/Desktop/BroCampTasks/Angular_Project/frontend/.angular/cache/18.2.11/frontend/vite/deps/@angular_platform-browser.js.map 304 [23/Jan/2025:15:36:48 +0000] - 31.820 ms localhost
GET /@fs/C:/Users/USER/Desktop/BroCampTasks/Angular_Project/frontend/.angular/cache/18.2.11/frontend/vite/deps/chunk-2ZWNOPXZ.js.map 304 [23/Jan/2025:15:36:48 +0000] - 42.164 ms localhost
GET /@fs/C:/Users/USER/Desktop/BroCampTasks/Angular_Project/frontend/.angular/cache/18.2.11/frontend/vite/deps/chunk-ZKQIAUIS.js.map 304 [23/Jan/2025:15:36:48 +0000] - 48.407 ms localhost
GET /@fs/C:/Users/USER/Desktop/BroCampTasks/Angular_Project/frontend/.angular/cache/18.2.11/frontend/vite/deps/chunk-F4ZW7LLY.js.map 304 [23/Jan/2025:15:36:48 +0000] - 60.441 ms localhost
GET /@fs/C:/Users/USER/Desktop/BroCampTasks/Angular_Project/frontend/.angular/cache/18.2.11/frontend/vite/deps/chunk-66JPAEYR.js.map 304 [23/Jan/2025:15:36:48 +0000] - 80.632 ms localhost
GET /@fs/C:/Users/USER/Desktop/BroCampTasks/Angular_Project/frontend/.angular/cache/18.2.11/frontend/vite/deps/chunk-BKIWMXDL.js.map 304 [23/Jan/2025:15:36:48 +0000] - 153.646 ms localhost
GET /@fs/C:/Users/USER/Desktop/BroCampTasks/Angular_Project/frontend/.angular/cache/18.2.11/frontend/vite/deps/chunk-XWLXMCJQ.js.map 304 [23/Jan/2025:15:36:48 +0000] - 113.762 ms localhost
GET /@fs/C:/Users/USER/Desktop/BroCampTasks/Angular_Project/frontend/.angular/cache/18.2.11/frontend/vite/deps/@angular_core.js.map 304 [23/Jan/2025:15:36:48 +0000] - 77.292 ms localhost
GET /@fs/C:/Users/USER/Desktop/BroCampTasks/Angular_Project/frontend/.angular/cache/18.2.11/frontend/vite/deps/@angular_router.js.map 304 [23/Jan/2025:15:36:48 +0000] - 83.697 ms localhost
GET /@fs/C:/Users/USER/Desktop/BroCampTasks/Angular_Project/frontend/.angular/cache/18.2.11/frontend/vite/deps/rxjs.js.map 304 [23/Jan/2025:15:36:48 +0000] - 72.172 ms localhost
GET /@fs/C:/Users/USER/Desktop/BroCampTasks/Angular_Project/frontend/.angular/cache/18.2.11/frontend/vite/deps/@angular_forms.js.map 304 [23/Jan/2025:15:36:48 +0000] - 24.033 ms localhost
GET /@fs/C:/Users/USER/Desktop/BroCampTasks/Angular_Project/frontend/.angular/cache/18.2.11/frontend/vite/deps/ngx-socket-io.js.map 304 [23/Jan/2025:15:36:48 +0000] - 8.595 ms localhost
GET /login.component.css.map 200 [23/Jan/2025:15:36:48 +0000] - 2.589 ms localhost
GET /@fs/C:/Users/USER/Desktop/BroCampTasks/Angular_Project/frontend/.angular/cache/18.2.11/frontend/vite/deps/@angular_common_http.js.map 304 [23/Jan/2025:15:36:48 +0000] - 169.892 ms localhost
GET /@fs/C:/Users/USER/Desktop/BroCampTasks/Angular_Project/frontend/.angular/cache/18.2.11/frontend/vite/deps/@angular_common.js.map 304 [23/Jan/2025:15:36:48 +0000] - 97.407 ms localhost
GET /@fs/C:/Users/USER/Desktop/BroCampTasks/Angular_Project/frontend/.angular/cache/18.2.11/frontend/vite/deps/chunk-7MS5FTBZ.js.map 304 [23/Jan/2025:15:36:48 +0000] - 73.084 ms localhost
GET /favicon.ico 304 [23/Jan/2025:15:36:48 +0000] - 6.971 ms localhost
POST /user/login 200 [23/Jan/2025:15:36:56 +0000] - 363.297 ms localhost
GET /layout.component.css.map 200 [23/Jan/2025:15:36:56 +0000] - 6.243 ms localhost
GET /dashboard.component.css.map 200 [23/Jan/2025:15:36:56 +0000] - 5.343 ms localhost
GET /user-chat.component.css.map 200 [23/Jan/2025:15:36:59 +0000] - 4.170 ms localhost
GET /chat/674e8a6920bc39246157f503 200 [23/Jan/2025:15:37:00 +0000] - 217.114 ms localhost
GET /chat 404 [23/Jan/2025:17:52:15 +0000] - 129.103 ms localhost
GET /dashboard 200 [23/Jan/2025:17:52:21 +0000] - 130.161 ms localhost
GET /polyfills.js 304 [23/Jan/2025:17:52:21 +0000] - 30.661 ms localhost
GET /@vite/client 304 [23/Jan/2025:17:52:21 +0000] - 16.092 ms localhost
GET /styles.css 200 [23/Jan/2025:17:52:21 +0000] - 23.926 ms localhost
GET /main.js 304 [23/Jan/2025:17:52:21 +0000] - 26.486 ms localhost
GET /@fs/C:/Users/USER/Desktop/BroCampTasks/Angular_Project/frontend/node_modules/vite/dist/client/env.mjs 304 [23/Jan/2025:17:52:21 +0000] - 3.052 ms localhost
GET /styles.css.map 200 [23/Jan/2025:17:52:21 +0000] - 5.858 ms localhost
GET /@fs/C:/Users/USER/Desktop/BroCampTasks/Angular_Project/frontend/.angular/cache/18.2.11/frontend/vite/deps/@angular_platform-browser.js.map 304 [23/Jan/2025:17:52:22 +0000] - 80.464 ms localhost
GET /@fs/C:/Users/USER/Desktop/BroCampTasks/Angular_Project/frontend/.angular/cache/18.2.11/frontend/vite/deps/chunk-F4ZW7LLY.js.map 304 [23/Jan/2025:17:52:22 +0000] - 93.953 ms localhost
GET /@fs/C:/Users/USER/Desktop/BroCampTasks/Angular_Project/frontend/.angular/cache/18.2.11/frontend/vite/deps/chunk-66JPAEYR.js.map 304 [23/Jan/2025:17:52:22 +0000] - 145.346 ms localhost
GET /@fs/C:/Users/USER/Desktop/BroCampTasks/Angular_Project/frontend/.angular/cache/18.2.11/frontend/vite/deps/chunk-ZKQIAUIS.js.map 304 [23/Jan/2025:17:52:22 +0000] - 163.553 ms localhost
GET /@fs/C:/Users/USER/Desktop/BroCampTasks/Angular_Project/frontend/.angular/cache/18.2.11/frontend/vite/deps/chunk-2ZWNOPXZ.js.map 304 [23/Jan/2025:17:52:22 +0000] - 196.053 ms localhost
GET /@fs/C:/Users/USER/Desktop/BroCampTasks/Angular_Project/frontend/.angular/cache/18.2.11/frontend/vite/deps/@angular_core.js.map 304 [23/Jan/2025:17:52:22 +0000] - 146.566 ms localhost
GET /@fs/C:/Users/USER/Desktop/BroCampTasks/Angular_Project/frontend/.angular/cache/18.2.11/frontend/vite/deps/@angular_common.js.map 304 [23/Jan/2025:17:52:22 +0000] - 139.800 ms localhost
GET /@fs/C:/Users/USER/Desktop/BroCampTasks/Angular_Project/frontend/.angular/cache/18.2.11/frontend/vite/deps/chunk-7MS5FTBZ.js.map 304 [23/Jan/2025:17:52:22 +0000] - 95.933 ms localhost
GET /@fs/C:/Users/USER/Desktop/BroCampTasks/Angular_Project/frontend/.angular/cache/18.2.11/frontend/vite/deps/chunk-XWLXMCJQ.js.map 304 [23/Jan/2025:17:52:22 +0000] - 87.418 ms localhost
GET /@fs/C:/Users/USER/Desktop/BroCampTasks/Angular_Project/frontend/.angular/cache/18.2.11/frontend/vite/deps/chunk-BKIWMXDL.js.map 304 [23/Jan/2025:17:52:23 +0000] - 885.595 ms localhost
GET /@fs/C:/Users/USER/Desktop/BroCampTasks/Angular_Project/frontend/.angular/cache/18.2.11/frontend/vite/deps/@angular_router.js.map 304 [23/Jan/2025:17:52:23 +0000] - 705.444 ms localhost
GET /favicon.ico 304 [23/Jan/2025:17:52:23 +0000] - 37.883 ms localhost
GET /login.component.css.map 200 [23/Jan/2025:17:52:23 +0000] - 37.346 ms localhost
GET /@fs/C:/Users/USER/Desktop/BroCampTasks/Angular_Project/frontend/.angular/cache/18.2.11/frontend/vite/deps/@angular_common_http.js.map 304 [23/Jan/2025:17:52:23 +0000] - 735.209 ms localhost
GET /@fs/C:/Users/USER/Desktop/BroCampTasks/Angular_Project/frontend/.angular/cache/18.2.11/frontend/vite/deps/rxjs.js.map 304 [23/Jan/2025:17:52:23 +0000] - 721.735 ms localhost
GET /@fs/C:/Users/USER/Desktop/BroCampTasks/Angular_Project/frontend/.angular/cache/18.2.11/frontend/vite/deps/ngx-socket-io.js.map 304 [23/Jan/2025:17:52:23 +0000] - 722.149 ms localhost
GET /@fs/C:/Users/USER/Desktop/BroCampTasks/Angular_Project/frontend/.angular/cache/18.2.11/frontend/vite/deps/@angular_forms.js.map 304 [23/Jan/2025:17:52:23 +0000] - 798.520 ms localhost
POST /user/login 200 [23/Jan/2025:17:52:30 +0000] - 380.993 ms localhost
GET /dashboard.component.css.map 200 [23/Jan/2025:17:52:30 +0000] - 3.479 ms localhost
GET /layout.component.css.map 200 [23/Jan/2025:17:52:30 +0000] - 3.489 ms localhost
GET /user-chat.component.css.map 200 [23/Jan/2025:17:52:34 +0000] - 23.796 ms localhost
GET /chat/674e8a6920bc39246157f503 200 [23/Jan/2025:17:52:34 +0000] - 244.371 ms localhost
GET /dashboard.component.css.map 200 [23/Jan/2025:17:57:06 +0000] - 448.557 ms localhost
GET /dashboard 200 [23/Jan/2025:17:57:06 +0000] - 98.621 ms localhost
GET /styles.css 200 [23/Jan/2025:17:57:06 +0000] - 13.640 ms localhost
GET /polyfills.js 304 [23/Jan/2025:17:57:06 +0000] - 22.577 ms localhost
GET /@vite/client 304 [23/Jan/2025:17:57:06 +0000] - 19.123 ms localhost
GET /main.js 304 [23/Jan/2025:17:57:06 +0000] - 21.301 ms localhost
GET /@fs/C:/Users/USER/Desktop/BroCampTasks/Angular_Project/frontend/node_modules/vite/dist/client/env.mjs 304 [23/Jan/2025:17:57:06 +0000] - 2.540 ms localhost
GET /styles.css.map 200 [23/Jan/2025:17:57:07 +0000] - 8.053 ms localhost
GET /@fs/C:/Users/USER/Desktop/BroCampTasks/Angular_Project/frontend/.angular/cache/18.2.11/frontend/vite/deps/@angular_platform-browser.js.map 304 [23/Jan/2025:17:57:07 +0000] - 49.709 ms localhost
GET /@fs/C:/Users/USER/Desktop/BroCampTasks/Angular_Project/frontend/.angular/cache/18.2.11/frontend/vite/deps/@angular_common.js.map 304 [23/Jan/2025:17:57:07 +0000] - 51.201 ms localhost
GET /@fs/C:/Users/USER/Desktop/BroCampTasks/Angular_Project/frontend/.angular/cache/18.2.11/frontend/vite/deps/ngx-socket-io.js.map 304 [23/Jan/2025:17:57:07 +0000] - 50.637 ms localhost
GET /@fs/C:/Users/USER/Desktop/BroCampTasks/Angular_Project/frontend/.angular/cache/18.2.11/frontend/vite/deps/@angular_core.js.map 304 [23/Jan/2025:17:57:07 +0000] - 51.561 ms localhost
GET /@fs/C:/Users/USER/Desktop/BroCampTasks/Angular_Project/frontend/.angular/cache/18.2.11/frontend/vite/deps/chunk-F4ZW7LLY.js.map 304 [23/Jan/2025:17:57:07 +0000] - 69.086 ms localhost
GET /@fs/C:/Users/USER/Desktop/BroCampTasks/Angular_Project/frontend/.angular/cache/18.2.11/frontend/vite/deps/chunk-ZKQIAUIS.js.map 304 [23/Jan/2025:17:57:07 +0000] - 76.631 ms localhost
GET /@fs/C:/Users/USER/Desktop/BroCampTasks/Angular_Project/frontend/.angular/cache/18.2.11/frontend/vite/deps/chunk-2ZWNOPXZ.js.map 304 [23/Jan/2025:17:57:07 +0000] - 102.437 ms localhost
GET /@fs/C:/Users/USER/Desktop/BroCampTasks/Angular_Project/frontend/.angular/cache/18.2.11/frontend/vite/deps/chunk-66JPAEYR.js.map 304 [23/Jan/2025:17:57:07 +0000] - 125.733 ms localhost
GET /@fs/C:/Users/USER/Desktop/BroCampTasks/Angular_Project/frontend/.angular/cache/18.2.11/frontend/vite/deps/chunk-XWLXMCJQ.js.map 304 [23/Jan/2025:17:57:07 +0000] - 123.177 ms localhost
GET /@fs/C:/Users/USER/Desktop/BroCampTasks/Angular_Project/frontend/.angular/cache/18.2.11/frontend/vite/deps/@angular_router.js.map 304 [23/Jan/2025:17:57:07 +0000] - 136.326 ms localhost
GET /@fs/C:/Users/USER/Desktop/BroCampTasks/Angular_Project/frontend/.angular/cache/18.2.11/frontend/vite/deps/@angular_common_http.js.map 304 [23/Jan/2025:17:57:07 +0000] - 135.961 ms localhost
GET /login.component.css.map 200 [23/Jan/2025:17:57:07 +0000] - 21.416 ms localhost
GET /@fs/C:/Users/USER/Desktop/BroCampTasks/Angular_Project/frontend/.angular/cache/18.2.11/frontend/vite/deps/chunk-BKIWMXDL.js.map 304 [23/Jan/2025:17:57:08 +0000] - 796.748 ms localhost
GET /@fs/C:/Users/USER/Desktop/BroCampTasks/Angular_Project/frontend/.angular/cache/18.2.11/frontend/vite/deps/rxjs.js.map 304 [23/Jan/2025:17:57:08 +0000] - 691.439 ms localhost
GET /favicon.ico 304 [23/Jan/2025:17:57:08 +0000] - 371.690 ms localhost
GET /@fs/C:/Users/USER/Desktop/BroCampTasks/Angular_Project/frontend/.angular/cache/18.2.11/frontend/vite/deps/chunk-7MS5FTBZ.js.map 304 [23/Jan/2025:17:57:08 +0000] - 809.895 ms localhost
GET /@fs/C:/Users/USER/Desktop/BroCampTasks/Angular_Project/frontend/.angular/cache/18.2.11/frontend/vite/deps/@angular_forms.js.map 304 [23/Jan/2025:17:57:08 +0000] - 879.388 ms localhost
POST /user/login 200 [23/Jan/2025:17:57:39 +0000] - 538.566 ms localhost
GET /layout.component.css.map 200 [23/Jan/2025:17:57:39 +0000] - 9.105 ms localhost
GET /dashboard.component.css.map 200 [23/Jan/2025:17:57:39 +0000] - 9.872 ms localhost
GET /user-chat.component.css.map 200 [23/Jan/2025:17:57:44 +0000] - 3.102 ms localhost
GET /chat/674e8a6920bc39246157f503 200 [23/Jan/2025:17:57:44 +0000] - 207.218 ms localhost
GET /chat 404 [23/Jan/2025:18:03:08 +0000] - 32.900 ms localhost
GET /chat 404 [23/Jan/2025:18:03:08 +0000] - 15.517 ms localhost
