GET /dashboard 200 [01/Mar/2025:21:20:11 +0000] - 201.784 ms localhost
GET /@vite/client 304 [01/Mar/2025:21:20:11 +0000] - 48.723 ms localhost
GET /polyfills.js 304 [01/Mar/2025:21:20:11 +0000] - 41.466 ms localhost
GET /main.js 200 [01/Mar/2025:21:20:11 +0000] - 43.537 ms localhost
GET /styles.css 200 [01/Mar/2025:21:20:11 +0000] - 58.769 ms localhost
GET /scripts.js 304 [01/Mar/2025:21:20:11 +0000] - 2.962 ms localhost
GET /@fs/C:/Users/USER/Desktop/BroCampTasks/Angular_Project/frontend/node_modules/vite/dist/client/env.mjs 304 [01/Mar/2025:21:20:11 +0000] - 4.587 ms localhost
GET /chunk-NROI7E46.js 304 [01/Mar/2025:21:20:11 +0000] - 87.250 ms localhost
GET /chunk-JK2OZDZD.js 304 [01/Mar/2025:21:20:11 +0000] - 71.174 ms localhost
GET /chunk-VUVL3YRK.js 304 [01/Mar/2025:21:20:11 +0000] - 71.222 ms localhost
GET /chunk-XSBJNNQT.js 200 [01/Mar/2025:21:20:11 +0000] - 15.196 ms localhost
GET /chunk-U72LVGY7.js 304 [01/Mar/2025:21:20:12 +0000] - 2.481 ms localhost
GET /chunk-AD6BEBTX.js 304 [01/Mar/2025:21:20:12 +0000] - 5.759 ms localhost
GET /chunk-F64TRUFE.js 304 [01/Mar/2025:21:20:12 +0000] - 5.664 ms localhost
GET /chunk-KSELMSGV.js 304 [01/Mar/2025:21:20:12 +0000] - 6.237 ms localhost
GET /chunk-MQDO5BT4.js 304 [01/Mar/2025:21:20:12 +0000] - 6.775 ms localhost
GET /favicon.ico 304 [01/Mar/2025:21:20:13 +0000] - 23.056 ms localhost
POST /api/user/login 200 [01/Mar/2025:21:20:21 +0000] - 504.281 ms localhost
GET /chunk-QRRTNKWP.js 200 [01/Mar/2025:21:20:21 +0000] - 33.678 ms localhost
GET /chunk-VKIE2WKY.js 304 [01/Mar/2025:21:20:21 +0000] - 35.450 ms localhost
GET /chunk-2BDDLQBH.js 200 [01/Mar/2025:21:20:21 +0000] - 3.909 ms localhost
GET /dashboard 200 [01/Mar/2025:21:21:18 +0000] - 50.404 ms localhost
GET / - [01/Mar/2025:21:21:18 +0000] - - ms localhost
GET /@vite/client 304 [01/Mar/2025:21:21:18 +0000] - 5.172 ms localhost
GET /styles.css 200 [01/Mar/2025:21:21:18 +0000] - 9.834 ms localhost
GET /polyfills.js 304 [01/Mar/2025:21:21:18 +0000] - 10.506 ms localhost
GET /main.js 304 [01/Mar/2025:21:21:18 +0000] - 10.241 ms localhost
GET /@fs/C:/Users/USER/Desktop/BroCampTasks/Angular_Project/frontend/node_modules/vite/dist/client/env.mjs 304 [01/Mar/2025:21:21:18 +0000] - 4.848 ms localhost
GET /scripts.js 304 [01/Mar/2025:21:21:18 +0000] - 3.947 ms localhost
GET /chunk-JK2OZDZD.js 304 [01/Mar/2025:21:21:18 +0000] - 5.104 ms localhost
GET /chunk-VUVL3YRK.js 304 [01/Mar/2025:21:21:18 +0000] - 3.201 ms localhost
GET /chunk-NROI7E46.js 304 [01/Mar/2025:21:21:18 +0000] - 4.399 ms localhost
GET /chunk-XSBJNNQT.js 304 [01/Mar/2025:21:21:18 +0000] - 4.206 ms localhost
GET /chunk-U72LVGY7.js 304 [01/Mar/2025:21:21:18 +0000] - 4.765 ms localhost
GET /chunk-KSELMSGV.js 304 [01/Mar/2025:21:21:18 +0000] - 2.885 ms localhost
GET /chunk-AD6BEBTX.js 304 [01/Mar/2025:21:21:18 +0000] - 4.244 ms localhost
GET /chunk-MQDO5BT4.js 304 [01/Mar/2025:21:21:18 +0000] - 4.431 ms localhost
GET /chunk-F64TRUFE.js 304 [01/Mar/2025:21:21:18 +0000] - 4.673 ms localhost
GET /favicon.ico 304 [01/Mar/2025:21:21:19 +0000] - 5.563 ms localhost
POST /api/user/login 200 [01/Mar/2025:21:21:26 +0000] - 376.891 ms localhost
GET /chunk-VKIE2WKY.js 304 [01/Mar/2025:21:21:26 +0000] - 4.618 ms localhost
GET /chunk-QRRTNKWP.js 304 [01/Mar/2025:21:21:26 +0000] - 4.636 ms localhost
GET /chunk-2BDDLQBH.js 304 [01/Mar/2025:21:21:26 +0000] - 3.412 ms localhost
GET /styles.css 200 [01/Mar/2025:21:22:16 +0000] - 8.922 ms localhost
GET /@fs/C:/Users/USER/Desktop/BroCampTasks/Angular_Project/frontend/.angular/cache/18.2.11/frontend/vite/deps/@angular_common_http.js.map 304 [01/Mar/2025:21:22:17 +0000] - 45.280 ms localhost
GET /@fs/C:/Users/USER/Desktop/BroCampTasks/Angular_Project/frontend/.angular/cache/18.2.11/frontend/vite/deps/@angular_platform-browser.js.map 304 [01/Mar/2025:21:22:17 +0000] - 50.247 ms localhost
GET /@fs/C:/Users/USER/Desktop/BroCampTasks/Angular_Project/frontend/.angular/cache/18.2.11/frontend/vite/deps/rxjs.js.map 304 [01/Mar/2025:21:22:17 +0000] - 36.116 ms localhost
GET /@fs/C:/Users/USER/Desktop/BroCampTasks/Angular_Project/frontend/.angular/cache/18.2.11/frontend/vite/deps/@angular_core.js.map 304 [01/Mar/2025:21:22:17 +0000] - 49.237 ms localhost
GET /@fs/C:/Users/USER/Desktop/BroCampTasks/Angular_Project/frontend/.angular/cache/18.2.11/frontend/vite/deps/ngx-socket-io.js.map 304 [01/Mar/2025:21:22:17 +0000] - 48.608 ms localhost
GET /@fs/C:/Users/USER/Desktop/BroCampTasks/Angular_Project/frontend/.angular/cache/18.2.11/frontend/vite/deps/emoji-picker-element.js.map 304 [01/Mar/2025:21:22:17 +0000] - 37.156 ms localhost
GET /@fs/C:/Users/USER/Desktop/BroCampTasks/Angular_Project/frontend/.angular/cache/18.2.11/frontend/vite/deps/chunk-F4ZW7LLY.js.map 304 [01/Mar/2025:21:22:17 +0000] - 34.422 ms localhost
GET /@fs/C:/Users/USER/Desktop/BroCampTasks/Angular_Project/frontend/.angular/cache/18.2.11/frontend/vite/deps/chunk-ZKQIAUIS.js.map 304 [01/Mar/2025:21:22:17 +0000] - 42.857 ms localhost
GET /@fs/C:/Users/USER/Desktop/BroCampTasks/Angular_Project/frontend/.angular/cache/18.2.11/frontend/vite/deps/@angular_router.js.map 304 [01/Mar/2025:21:22:17 +0000] - 65.818 ms localhost
GET /@fs/C:/Users/USER/Desktop/BroCampTasks/Angular_Project/frontend/.angular/cache/18.2.11/frontend/vite/deps/chunk-66JPAEYR.js.map 304 [01/Mar/2025:21:22:17 +0000] - 73.006 ms localhost
GET /@fs/C:/Users/USER/Desktop/BroCampTasks/Angular_Project/frontend/.angular/cache/18.2.11/frontend/vite/deps/chunk-2ZWNOPXZ.js.map 304 [01/Mar/2025:21:22:17 +0000] - 89.382 ms localhost
GET /@fs/C:/Users/USER/Desktop/BroCampTasks/Angular_Project/frontend/.angular/cache/18.2.11/frontend/vite/deps/chunk-XWLXMCJQ.js.map 304 [01/Mar/2025:21:22:17 +0000] - 155.892 ms localhost
GET /@fs/C:/Users/USER/Desktop/BroCampTasks/Angular_Project/frontend/.angular/cache/18.2.11/frontend/vite/deps/@angular_forms.js.map 304 [01/Mar/2025:21:22:17 +0000] - 431.852 ms localhost
GET /@fs/C:/Users/USER/Desktop/BroCampTasks/Angular_Project/frontend/.angular/cache/18.2.11/frontend/vite/deps/chunk-7MS5FTBZ.js.map 304 [01/Mar/2025:21:22:17 +0000] - 613.054 ms localhost
GET /styles.css.map 200 [01/Mar/2025:21:22:17 +0000] - 387.768 ms localhost
GET /admin-dashboard.component.css.map 200 [01/Mar/2025:21:22:17 +0000] - 213.577 ms localhost
GET /@fs/C:/Users/USER/Desktop/BroCampTasks/Angular_Project/frontend/.angular/cache/18.2.11/frontend/vite/deps/@angular_common.js.map 304 [01/Mar/2025:21:22:17 +0000] - 605.613 ms localhost
GET /layout.component.css.map 200 [01/Mar/2025:21:22:17 +0000] - 10.913 ms localhost
GET /dashboard.component.css.map 200 [01/Mar/2025:21:22:17 +0000] - 10.847 ms localhost
GET /@fs/C:/Users/USER/Desktop/BroCampTasks/Angular_Project/frontend/.angular/cache/18.2.11/frontend/vite/deps/chunk-BKIWMXDL.js.map 304 [01/Mar/2025:21:22:17 +0000] - 695.004 ms localhost
GET /@fs/C:/Users/USER/Desktop/BroCampTasks/Angular_Project/frontend/.angular/cache/18.2.11/frontend/vite/deps/bootstrap.js.map 304 [01/Mar/2025:21:22:17 +0000] - 673.471 ms localhost
GET /api/user/logout 304 [01/Mar/2025:21:22:56 +0000] - 105.208 ms localhost
GET /login.component.css.map 200 [01/Mar/2025:21:22:56 +0000] - 8.013 ms localhost
GET /login 200 [01/Mar/2025:21:22:59 +0000] - 14.097 ms localhost
GET / - [01/Mar/2025:21:22:59 +0000] - - ms localhost
GET /@vite/client 200 [01/Mar/2025:21:22:59 +0000] - 74.143 ms localhost
GET /styles.css 200 [01/Mar/2025:21:22:59 +0000] - 60.957 ms localhost
GET /polyfills.js 200 [01/Mar/2025:21:22:59 +0000] - 72.378 ms localhost
GET /main.js 200 [01/Mar/2025:21:22:59 +0000] - 78.312 ms localhost
GET /scripts.js 200 [01/Mar/2025:21:22:59 +0000] - 11.681 ms localhost
GET /@fs/C:/Users/USER/Desktop/BroCampTasks/Angular_Project/frontend/node_modules/vite/dist/client/env.mjs 200 [01/Mar/2025:21:22:59 +0000] - 4.932 ms localhost
GET /styles.css.map 200 [01/Mar/2025:21:22:59 +0000] - 3.711 ms localhost
GET /chunk-JK2OZDZD.js 200 [01/Mar/2025:21:23:00 +0000] - 82.121 ms localhost
GET /chunk-VUVL3YRK.js 200 [01/Mar/2025:21:23:00 +0000] - 132.806 ms localhost
GET /chunk-NROI7E46.js 200 [01/Mar/2025:21:23:00 +0000] - 140.351 ms localhost
GET /@fs/C:/Users/USER/Desktop/BroCampTasks/Angular_Project/frontend/.angular/cache/18.2.11/frontend/vite/deps/@angular_platform-browser.js?v=ac43e784 200 [01/Mar/2025:21:23:00 +0000] - 188.852 ms localhost
GET /@fs/C:/Users/USER/Desktop/BroCampTasks/Angular_Project/frontend/.angular/cache/18.2.11/frontend/vite/deps/@angular_core.js?v=ac43e784 200 [01/Mar/2025:21:23:00 +0000] - 202.900 ms localhost
GET /@fs/C:/Users/USER/Desktop/BroCampTasks/Angular_Project/frontend/.angular/cache/18.2.11/frontend/vite/deps/@angular_router.js?v=ac43e784 200 [01/Mar/2025:21:23:00 +0000] - 213.378 ms localhost
GET /@fs/C:/Users/USER/Desktop/BroCampTasks/Angular_Project/frontend/.angular/cache/18.2.11/frontend/vite/deps/@angular_common_http.js?v=ac43e784 200 [01/Mar/2025:21:23:00 +0000] - 368.087 ms localhost
GET /@fs/C:/Users/USER/Desktop/BroCampTasks/Angular_Project/frontend/.angular/cache/18.2.11/frontend/vite/deps/rxjs.js?v=ac43e784 200 [01/Mar/2025:21:23:00 +0000] - 330.541 ms localhost
GET /@fs/C:/Users/USER/Desktop/BroCampTasks/Angular_Project/frontend/.angular/cache/18.2.11/frontend/vite/deps/ngx-socket-io.js?v=ac43e784 200 [01/Mar/2025:21:23:00 +0000] - 296.975 ms localhost
GET /@fs/C:/Users/USER/Desktop/BroCampTasks/Angular_Project/frontend/.angular/cache/18.2.11/frontend/vite/deps/@angular_forms.js?v=ac43e784 200 [01/Mar/2025:21:23:00 +0000] - 286.000 ms localhost
GET /@fs/C:/Users/USER/Desktop/BroCampTasks/Angular_Project/frontend/.angular/cache/18.2.11/frontend/vite/deps/emoji-picker-element.js?v=ac43e784 200 [01/Mar/2025:21:23:00 +0000] - 259.305 ms localhost
GET /@fs/C:/Users/USER/Desktop/BroCampTasks/Angular_Project/frontend/.angular/cache/18.2.11/frontend/vite/deps/chunk-ZKQIAUIS.js?v=ac43e784 200 [01/Mar/2025:21:23:00 +0000] - 198.527 ms localhost
GET /@fs/C:/Users/USER/Desktop/BroCampTasks/Angular_Project/frontend/.angular/cache/18.2.11/frontend/vite/deps/chunk-F4ZW7LLY.js?v=ac43e784 200 [01/Mar/2025:21:23:00 +0000] - 173.871 ms localhost
GET /@fs/C:/Users/USER/Desktop/BroCampTasks/Angular_Project/frontend/.angular/cache/18.2.11/frontend/vite/deps/chunk-2ZWNOPXZ.js?v=ac43e784 200 [01/Mar/2025:21:23:00 +0000] - 196.958 ms localhost
GET /@fs/C:/Users/USER/Desktop/BroCampTasks/Angular_Project/frontend/.angular/cache/18.2.11/frontend/vite/deps/chunk-BKIWMXDL.js?v=ac43e784 200 [01/Mar/2025:21:23:00 +0000] - 150.479 ms localhost
GET /@fs/C:/Users/USER/Desktop/BroCampTasks/Angular_Project/frontend/.angular/cache/18.2.11/frontend/vite/deps/chunk-66JPAEYR.js?v=ac43e784 200 [01/Mar/2025:21:23:00 +0000] - 123.592 ms localhost
GET /@fs/C:/Users/USER/Desktop/BroCampTasks/Angular_Project/frontend/.angular/cache/18.2.11/frontend/vite/deps/chunk-XWLXMCJQ.js?v=ac43e784 200 [01/Mar/2025:21:23:00 +0000] - 85.902 ms localhost
GET /@fs/C:/Users/USER/Desktop/BroCampTasks/Angular_Project/frontend/.angular/cache/18.2.11/frontend/vite/deps/chunk-7MS5FTBZ.js?v=ac43e784 200 [01/Mar/2025:21:23:00 +0000] - 72.834 ms localhost
GET /@fs/C:/Users/USER/Desktop/BroCampTasks/Angular_Project/frontend/.angular/cache/18.2.11/frontend/vite/deps/chunk-ZKQIAUIS.js.map 304 [01/Mar/2025:21:23:01 +0000] - 133.524 ms localhost
GET /@fs/C:/Users/USER/Desktop/BroCampTasks/Angular_Project/frontend/.angular/cache/18.2.11/frontend/vite/deps/chunk-66JPAEYR.js.map 304 [01/Mar/2025:21:23:01 +0000] - 144.451 ms localhost
GET /@fs/C:/Users/USER/Desktop/BroCampTasks/Angular_Project/frontend/.angular/cache/18.2.11/frontend/vite/deps/@angular_forms.js.map 304 [01/Mar/2025:21:23:01 +0000] - 130.447 ms localhost
GET /@fs/C:/Users/USER/Desktop/BroCampTasks/Angular_Project/frontend/.angular/cache/18.2.11/frontend/vite/deps/emoji-picker-element.js.map 304 [01/Mar/2025:21:23:01 +0000] - 121.684 ms localhost
GET /@fs/C:/Users/USER/Desktop/BroCampTasks/Angular_Project/frontend/.angular/cache/18.2.11/frontend/vite/deps/ngx-socket-io.js.map 304 [01/Mar/2025:21:23:01 +0000] - 215.704 ms localhost
GET /chunk-U72LVGY7.js 200 [01/Mar/2025:21:23:01 +0000] - 156.472 ms localhost
GET /@fs/C:/Users/USER/Desktop/BroCampTasks/Angular_Project/frontend/.angular/cache/18.2.11/frontend/vite/deps/chunk-BKIWMXDL.js.map 304 [01/Mar/2025:21:23:01 +0000] - 394.735 ms localhost
GET /@fs/C:/Users/USER/Desktop/BroCampTasks/Angular_Project/frontend/.angular/cache/18.2.11/frontend/vite/deps/@angular_core.js.map 304 [01/Mar/2025:21:23:01 +0000] - 167.370 ms localhost
GET /@fs/C:/Users/USER/Desktop/BroCampTasks/Angular_Project/frontend/.angular/cache/18.2.11/frontend/vite/deps/chunk-XWLXMCJQ.js.map 304 [01/Mar/2025:21:23:01 +0000] - 111.706 ms localhost
GET /@fs/C:/Users/USER/Desktop/BroCampTasks/Angular_Project/frontend/.angular/cache/18.2.11/frontend/vite/deps/rxjs.js.map 304 [01/Mar/2025:21:23:01 +0000] - 23.489 ms localhost
GET /@fs/C:/Users/USER/Desktop/BroCampTasks/Angular_Project/frontend/.angular/cache/18.2.11/frontend/vite/deps/@angular_common_http.js.map 304 [01/Mar/2025:21:23:01 +0000] - 36.685 ms localhost
GET /@fs/C:/Users/USER/Desktop/BroCampTasks/Angular_Project/frontend/.angular/cache/18.2.11/frontend/vite/deps/@angular_platform-browser.js.map 304 [01/Mar/2025:21:23:01 +0000] - 103.458 ms localhost
GET /@fs/C:/Users/USER/Desktop/BroCampTasks/Angular_Project/frontend/.angular/cache/18.2.11/frontend/vite/deps/chunk-F4ZW7LLY.js.map 304 [01/Mar/2025:21:23:01 +0000] - 119.075 ms localhost
GET /@fs/C:/Users/USER/Desktop/BroCampTasks/Angular_Project/frontend/.angular/cache/18.2.11/frontend/vite/deps/chunk-2ZWNOPXZ.js.map 304 [01/Mar/2025:21:23:01 +0000] - 116.399 ms localhost
GET /chunk-KSELMSGV.js 200 [01/Mar/2025:21:23:01 +0000] - 92.541 ms localhost
GET /@fs/C:/Users/USER/Desktop/BroCampTasks/Angular_Project/frontend/.angular/cache/18.2.11/frontend/vite/deps/chunk-7MS5FTBZ.js.map 304 [01/Mar/2025:21:23:01 +0000] - 211.817 ms localhost
GET /@fs/C:/Users/USER/Desktop/BroCampTasks/Angular_Project/frontend/.angular/cache/18.2.11/frontend/vite/deps/@angular_router.js.map 304 [01/Mar/2025:21:23:01 +0000] - 220.732 ms localhost
GET /chunk-AD6BEBTX.js 200 [01/Mar/2025:21:23:01 +0000] - 133.632 ms localhost
GET /chunk-MQDO5BT4.js 200 [01/Mar/2025:21:23:01 +0000] - 17.882 ms localhost
GET /chunk-F64TRUFE.js 200 [01/Mar/2025:21:23:01 +0000] - 17.351 ms localhost
GET /@fs/C:/Users/USER/Desktop/BroCampTasks/Angular_Project/frontend/.angular/cache/18.2.11/frontend/vite/deps/@angular_common.js?v=ac43e784 200 [01/Mar/2025:21:23:01 +0000] - 4.615 ms localhost
GET /@fs/C:/Users/USER/Desktop/BroCampTasks/Angular_Project/frontend/.angular/cache/18.2.11/frontend/vite/deps/@angular_common.js.map 304 [01/Mar/2025:21:23:01 +0000] - 5.722 ms localhost
GET /login.component.css.map 200 [01/Mar/2025:21:23:01 +0000] - 3.495 ms localhost
GET /favicon.ico 200 [01/Mar/2025:21:23:02 +0000] - 34.615 ms localhost
POST /api/user/login 200 [01/Mar/2025:21:23:08 +0000] - 308.276 ms localhost
GET /chunk-33KUZXLT.js 200 [01/Mar/2025:21:23:08 +0000] - 9.655 ms localhost
GET /chunk-VKIE2WKY.js 304 [01/Mar/2025:21:23:08 +0000] - 4.772 ms localhost
GET /chunk-2AQRYRFN.js 200 [01/Mar/2025:21:23:08 +0000] - 8.095 ms localhost
GET /chunk-2BDDLQBH.js 304 [01/Mar/2025:21:23:08 +0000] - 2.998 ms localhost
GET /@fs/C:/Users/USER/Desktop/BroCampTasks/Angular_Project/frontend/.angular/cache/18.2.11/frontend/vite/deps/bootstrap.js.map 304 [01/Mar/2025:21:23:08 +0000] - 12.500 ms localhost
GET /layout.component.css.map 200 [01/Mar/2025:21:23:08 +0000] - 8.316 ms localhost
GET /dashboard.component.css.map 200 [01/Mar/2025:21:23:08 +0000] - 8.328 ms localhost
GET /admin-dashboard.component.css.map 200 [01/Mar/2025:21:23:08 +0000] - 9.099 ms localhost
GET /api/booking/adminData 400 [01/Mar/2025:21:23:09 +0000] - 243.337 ms localhost
GET / - [01/Mar/2025:21:26:59 +0000] - - ms localhost
GET /dashboard 200 [01/Mar/2025:21:29:13 +0000] - 12.866 ms localhost
GET /@vite/client 304 [01/Mar/2025:21:29:13 +0000] - 3.172 ms localhost
GET /styles.css 200 [01/Mar/2025:21:29:13 +0000] - 12.868 ms localhost
GET /polyfills.js 304 [01/Mar/2025:21:29:13 +0000] - 9.137 ms localhost
GET /main.js 304 [01/Mar/2025:21:29:13 +0000] - 5.969 ms localhost
GET /@fs/C:/Users/USER/Desktop/BroCampTasks/Angular_Project/frontend/node_modules/vite/dist/client/env.mjs 304 [01/Mar/2025:21:29:13 +0000] - 3.261 ms localhost
GET /scripts.js 304 [01/Mar/2025:21:29:13 +0000] - 3.450 ms localhost
GET /styles.css.map 200 [01/Mar/2025:21:29:13 +0000] - 50.377 ms localhost
GET /chunk-JK2OZDZD.js 304 [01/Mar/2025:21:29:16 +0000] - 11.955 ms localhost
GET /chunk-VUVL3YRK.js 304 [01/Mar/2025:21:29:16 +0000] - 13.986 ms localhost
GET /chunk-NROI7E46.js 304 [01/Mar/2025:21:29:16 +0000] - 5.375 ms localhost
GET /@fs/C:/Users/USER/Desktop/BroCampTasks/Angular_Project/frontend/.angular/cache/18.2.11/frontend/vite/deps/@angular_core.js.map 304 [01/Mar/2025:21:29:16 +0000] - 13.838 ms localhost
GET /@fs/C:/Users/USER/Desktop/BroCampTasks/Angular_Project/frontend/.angular/cache/18.2.11/frontend/vite/deps/chunk-ZKQIAUIS.js.map 304 [01/Mar/2025:21:29:16 +0000] - 21.062 ms localhost
GET /@fs/C:/Users/USER/Desktop/BroCampTasks/Angular_Project/frontend/.angular/cache/18.2.11/frontend/vite/deps/chunk-7MS5FTBZ.js.map 304 [01/Mar/2025:21:29:16 +0000] - 21.180 ms localhost
GET /@fs/C:/Users/USER/Desktop/BroCampTasks/Angular_Project/frontend/.angular/cache/18.2.11/frontend/vite/deps/ngx-socket-io.js.map 304 [01/Mar/2025:21:29:16 +0000] - 24.685 ms localhost
GET /@fs/C:/Users/USER/Desktop/BroCampTasks/Angular_Project/frontend/.angular/cache/18.2.11/frontend/vite/deps/@angular_forms.js.map 304 [01/Mar/2025:21:29:16 +0000] - 32.608 ms localhost
GET /@fs/C:/Users/USER/Desktop/BroCampTasks/Angular_Project/frontend/.angular/cache/18.2.11/frontend/vite/deps/chunk-2ZWNOPXZ.js.map 304 [01/Mar/2025:21:29:16 +0000] - 60.853 ms localhost
GET /@fs/C:/Users/USER/Desktop/BroCampTasks/Angular_Project/frontend/.angular/cache/18.2.11/frontend/vite/deps/emoji-picker-element.js.map 304 [01/Mar/2025:21:29:16 +0000] - 50.341 ms localhost
GET /@fs/C:/Users/USER/Desktop/BroCampTasks/Angular_Project/frontend/.angular/cache/18.2.11/frontend/vite/deps/chunk-XWLXMCJQ.js.map 304 [01/Mar/2025:21:29:16 +0000] - 47.433 ms localhost
GET /@fs/C:/Users/USER/Desktop/BroCampTasks/Angular_Project/frontend/.angular/cache/18.2.11/frontend/vite/deps/rxjs.js.map 304 [01/Mar/2025:21:29:16 +0000] - 39.278 ms localhost
GET /@fs/C:/Users/USER/Desktop/BroCampTasks/Angular_Project/frontend/.angular/cache/18.2.11/frontend/vite/deps/chunk-66JPAEYR.js.map 304 [01/Mar/2025:21:29:16 +0000] - 67.830 ms localhost
GET /chunk-33KUZXLT.js 304 [01/Mar/2025:21:29:16 +0000] - 45.006 ms localhost
GET /@fs/C:/Users/USER/Desktop/BroCampTasks/Angular_Project/frontend/.angular/cache/18.2.11/frontend/vite/deps/@angular_common_http.js.map 304 [01/Mar/2025:21:29:16 +0000] - 33.352 ms localhost
GET /@fs/C:/Users/USER/Desktop/BroCampTasks/Angular_Project/frontend/.angular/cache/18.2.11/frontend/vite/deps/@angular_platform-browser.js.map 304 [01/Mar/2025:21:29:16 +0000] - 24.374 ms localhost
GET /@fs/C:/Users/USER/Desktop/BroCampTasks/Angular_Project/frontend/.angular/cache/18.2.11/frontend/vite/deps/chunk-F4ZW7LLY.js.map 304 [01/Mar/2025:21:29:16 +0000] - 92.737 ms localhost
GET /@fs/C:/Users/USER/Desktop/BroCampTasks/Angular_Project/frontend/.angular/cache/18.2.11/frontend/vite/deps/@angular_router.js.map 304 [01/Mar/2025:21:29:16 +0000] - 98.511 ms localhost
GET /@fs/C:/Users/USER/Desktop/BroCampTasks/Angular_Project/frontend/.angular/cache/18.2.11/frontend/vite/deps/chunk-BKIWMXDL.js.map 304 [01/Mar/2025:21:29:16 +0000] - 279.247 ms localhost
GET /chunk-U72LVGY7.js 304 [01/Mar/2025:21:29:16 +0000] - 7.213 ms localhost
GET /chunk-MQDO5BT4.js 304 [01/Mar/2025:21:29:16 +0000] - 6.016 ms localhost
GET /chunk-F64TRUFE.js 304 [01/Mar/2025:21:29:16 +0000] - 12.202 ms localhost
GET /chunk-KSELMSGV.js 304 [01/Mar/2025:21:29:16 +0000] - 9.929 ms localhost
GET /chunk-AD6BEBTX.js 304 [01/Mar/2025:21:29:16 +0000] - 5.760 ms localhost
GET /login.component.css.map 200 [01/Mar/2025:21:29:16 +0000] - 5.446 ms localhost
GET /@fs/C:/Users/USER/Desktop/BroCampTasks/Angular_Project/frontend/.angular/cache/18.2.11/frontend/vite/deps/@angular_common.js.map 304 [01/Mar/2025:21:29:16 +0000] - 12.226 ms localhost
GET /favicon.ico 304 [01/Mar/2025:21:29:17 +0000] - 3.756 ms localhost
POST /api/user/login 200 [01/Mar/2025:21:29:28 +0000] - 358.509 ms localhost
GET /chunk-VKIE2WKY.js 304 [01/Mar/2025:21:29:28 +0000] - 5.831 ms localhost
GET /chunk-2AQRYRFN.js 304 [01/Mar/2025:21:29:28 +0000] - 6.481 ms localhost
GET /chunk-2BDDLQBH.js 304 [01/Mar/2025:21:29:28 +0000] - 2.891 ms localhost
GET /@fs/C:/Users/USER/Desktop/BroCampTasks/Angular_Project/frontend/.angular/cache/18.2.11/frontend/vite/deps/bootstrap.js.map 304 [01/Mar/2025:21:29:28 +0000] - 15.778 ms localhost
GET /admin-dashboard.component.css.map 200 [01/Mar/2025:21:29:28 +0000] - 12.705 ms localhost
GET /dashboard.component.css.map 200 [01/Mar/2025:21:29:28 +0000] - 13.577 ms localhost
GET /layout.component.css.map 200 [01/Mar/2025:21:29:28 +0000] - 14.322 ms localhost
GET /api/booking/adminData 400 [01/Mar/2025:21:29:29 +0000] - 182.750 ms localhost
GET /dashboard 200 [01/Mar/2025:21:31:46 +0000] - 9.713 ms localhost
GET / - [01/Mar/2025:21:31:46 +0000] - - ms localhost
GET /@vite/client 304 [01/Mar/2025:21:31:46 +0000] - 19.580 ms localhost
GET /styles.css 200 [01/Mar/2025:21:31:46 +0000] - 9.364 ms localhost
GET /polyfills.js 304 [01/Mar/2025:21:31:46 +0000] - 15.345 ms localhost
GET /main.js 304 [01/Mar/2025:21:31:46 +0000] - 24.750 ms localhost
GET /scripts.js 304 [01/Mar/2025:21:31:46 +0000] - 2.986 ms localhost
GET /@fs/C:/Users/USER/Desktop/BroCampTasks/Angular_Project/frontend/node_modules/vite/dist/client/env.mjs 304 [01/Mar/2025:21:31:47 +0000] - 19.278 ms localhost
GET /styles.css.map 200 [01/Mar/2025:21:31:47 +0000] - 3.460 ms localhost
GET /chunk-JK2OZDZD.js 304 [01/Mar/2025:21:31:47 +0000] - 4.297 ms localhost
GET /chunk-VUVL3YRK.js 304 [01/Mar/2025:21:31:47 +0000] - 4.608 ms localhost
GET /chunk-NROI7E46.js 304 [01/Mar/2025:21:31:47 +0000] - 8.948 ms localhost
GET /@fs/C:/Users/USER/Desktop/BroCampTasks/Angular_Project/frontend/.angular/cache/18.2.11/frontend/vite/deps/@angular_core.js.map 304 [01/Mar/2025:21:31:47 +0000] - 8.208 ms localhost
GET /@fs/C:/Users/USER/Desktop/BroCampTasks/Angular_Project/frontend/.angular/cache/18.2.11/frontend/vite/deps/chunk-66JPAEYR.js.map 304 [01/Mar/2025:21:31:47 +0000] - 20.845 ms localhost
GET /@fs/C:/Users/USER/Desktop/BroCampTasks/Angular_Project/frontend/.angular/cache/18.2.11/frontend/vite/deps/chunk-BKIWMXDL.js.map 304 [01/Mar/2025:21:31:47 +0000] - 96.571 ms localhost
GET /@fs/C:/Users/USER/Desktop/BroCampTasks/Angular_Project/frontend/.angular/cache/18.2.11/frontend/vite/deps/chunk-XWLXMCJQ.js.map 304 [01/Mar/2025:21:31:47 +0000] - 91.719 ms localhost
GET /@fs/C:/Users/USER/Desktop/BroCampTasks/Angular_Project/frontend/.angular/cache/18.2.11/frontend/vite/deps/rxjs.js.map 304 [01/Mar/2025:21:31:47 +0000] - 94.293 ms localhost
GET /@fs/C:/Users/USER/Desktop/BroCampTasks/Angular_Project/frontend/.angular/cache/18.2.11/frontend/vite/deps/@angular_common_http.js.map 304 [01/Mar/2025:21:31:47 +0000] - 115.614 ms localhost
GET /@fs/C:/Users/USER/Desktop/BroCampTasks/Angular_Project/frontend/.angular/cache/18.2.11/frontend/vite/deps/chunk-F4ZW7LLY.js.map 304 [01/Mar/2025:21:31:47 +0000] - 117.258 ms localhost
GET /@fs/C:/Users/USER/Desktop/BroCampTasks/Angular_Project/frontend/.angular/cache/18.2.11/frontend/vite/deps/chunk-2ZWNOPXZ.js.map 304 [01/Mar/2025:21:31:47 +0000] - 126.529 ms localhost
GET /chunk-33KUZXLT.js 304 [01/Mar/2025:21:31:47 +0000] - 15.564 ms localhost
GET /@fs/C:/Users/USER/Desktop/BroCampTasks/Angular_Project/frontend/.angular/cache/18.2.11/frontend/vite/deps/@angular_platform-browser.js.map 304 [01/Mar/2025:21:31:47 +0000] - 68.203 ms localhost
GET /@fs/C:/Users/USER/Desktop/BroCampTasks/Angular_Project/frontend/.angular/cache/18.2.11/frontend/vite/deps/chunk-ZKQIAUIS.js.map 304 [01/Mar/2025:21:31:47 +0000] - 39.798 ms localhost
GET /@fs/C:/Users/USER/Desktop/BroCampTasks/Angular_Project/frontend/.angular/cache/18.2.11/frontend/vite/deps/@angular_router.js.map 304 [01/Mar/2025:21:31:47 +0000] - 47.067 ms localhost
GET /@fs/C:/Users/USER/Desktop/BroCampTasks/Angular_Project/frontend/.angular/cache/18.2.11/frontend/vite/deps/ngx-socket-io.js.map 304 [01/Mar/2025:21:31:47 +0000] - 49.177 ms localhost
GET /@fs/C:/Users/USER/Desktop/BroCampTasks/Angular_Project/frontend/.angular/cache/18.2.11/frontend/vite/deps/chunk-7MS5FTBZ.js.map 304 [01/Mar/2025:21:31:47 +0000] - 43.801 ms localhost
GET /@fs/C:/Users/USER/Desktop/BroCampTasks/Angular_Project/frontend/.angular/cache/18.2.11/frontend/vite/deps/@angular_forms.js.map 304 [01/Mar/2025:21:31:47 +0000] - 56.897 ms localhost
GET /@fs/C:/Users/USER/Desktop/BroCampTasks/Angular_Project/frontend/.angular/cache/18.2.11/frontend/vite/deps/emoji-picker-element.js.map 304 [01/Mar/2025:21:31:47 +0000] - 71.831 ms localhost
GET /chunk-U72LVGY7.js 304 [01/Mar/2025:21:31:48 +0000] - 2.287 ms localhost
GET /favicon.ico 304 [01/Mar/2025:21:31:48 +0000] - 4.279 ms localhost
GET /chunk-KSELMSGV.js 304 [01/Mar/2025:21:31:48 +0000] - 7.843 ms localhost
GET /chunk-AD6BEBTX.js 304 [01/Mar/2025:21:31:48 +0000] - 7.998 ms localhost
GET /chunk-MQDO5BT4.js 304 [01/Mar/2025:21:31:48 +0000] - 4.907 ms localhost
GET /chunk-F64TRUFE.js 304 [01/Mar/2025:21:31:48 +0000] - 5.271 ms localhost
GET /login.component.css.map 200 [01/Mar/2025:21:31:48 +0000] - 4.776 ms localhost
GET /@fs/C:/Users/USER/Desktop/BroCampTasks/Angular_Project/frontend/.angular/cache/18.2.11/frontend/vite/deps/@angular_common.js.map 304 [01/Mar/2025:21:31:48 +0000] - 10.625 ms localhost
POST /api/user/login 200 [01/Mar/2025:21:31:56 +0000] - 380.492 ms localhost
GET /chunk-VKIE2WKY.js 304 [01/Mar/2025:21:31:56 +0000] - 10.204 ms localhost
GET /chunk-2AQRYRFN.js 304 [01/Mar/2025:21:31:56 +0000] - 7.060 ms localhost
GET /chunk-2BDDLQBH.js 304 [01/Mar/2025:21:31:56 +0000] - 2.996 ms localhost
GET /@fs/C:/Users/USER/Desktop/BroCampTasks/Angular_Project/frontend/.angular/cache/18.2.11/frontend/vite/deps/bootstrap.js.map 304 [01/Mar/2025:21:31:56 +0000] - 108.285 ms localhost
GET /dashboard.component.css.map 200 [01/Mar/2025:21:31:56 +0000] - 28.750 ms localhost
GET /layout.component.css.map 200 [01/Mar/2025:21:31:56 +0000] - 23.134 ms localhost
GET /admin-dashboard.component.css.map 200 [01/Mar/2025:21:31:56 +0000] - 27.155 ms localhost
GET /api/booking/adminData 200 [01/Mar/2025:21:31:56 +0000] - 149.209 ms localhost
GET / - [01/Mar/2025:21:35:47 +0000] - - ms localhost
GET /dashboard 200 [01/Mar/2025:21:37:30 +0000] - 29.529 ms localhost
GET /@vite/client 200 [01/Mar/2025:21:37:31 +0000] - 73.492 ms localhost
GET /styles.css 200 [01/Mar/2025:21:37:31 +0000] - 68.741 ms localhost
GET /polyfills.js 200 [01/Mar/2025:21:37:31 +0000] - 171.248 ms localhost
GET /main.js 200 [01/Mar/2025:21:37:31 +0000] - 171.382 ms localhost
GET /scripts.js 200 [01/Mar/2025:21:37:31 +0000] - 119.396 ms localhost
GET /@fs/C:/Users/USER/Desktop/BroCampTasks/Angular_Project/frontend/node_modules/vite/dist/client/env.mjs 200 [01/Mar/2025:21:37:31 +0000] - 8.340 ms localhost
GET /styles.css.map 200 [01/Mar/2025:21:37:31 +0000] - 7.058 ms localhost
GET /chunk-JK2OZDZD.js 200 [01/Mar/2025:21:37:31 +0000] - 7.091 ms localhost
GET /chunk-VUVL3YRK.js 200 [01/Mar/2025:21:37:31 +0000] - 5.913 ms localhost
GET /chunk-NROI7E46.js 200 [01/Mar/2025:21:37:31 +0000] - 15.063 ms localhost
GET /@fs/C:/Users/USER/Desktop/BroCampTasks/Angular_Project/frontend/.angular/cache/18.2.11/frontend/vite/deps/@angular_platform-browser.js?v=ac43e784 200 [01/Mar/2025:21:37:31 +0000] - 10.440 ms localhost
GET /@fs/C:/Users/USER/Desktop/BroCampTasks/Angular_Project/frontend/.angular/cache/18.2.11/frontend/vite/deps/@angular_core.js?v=ac43e784 200 [01/Mar/2025:21:37:31 +0000] - 15.266 ms localhost
GET /@fs/C:/Users/USER/Desktop/BroCampTasks/Angular_Project/frontend/.angular/cache/18.2.11/frontend/vite/deps/@angular_router.js?v=ac43e784 200 [01/Mar/2025:21:37:31 +0000] - 17.943 ms localhost
GET /@fs/C:/Users/USER/Desktop/BroCampTasks/Angular_Project/frontend/.angular/cache/18.2.11/frontend/vite/deps/@angular_common_http.js?v=ac43e784 200 [01/Mar/2025:21:37:31 +0000] - 19.653 ms localhost
GET /@fs/C:/Users/USER/Desktop/BroCampTasks/Angular_Project/frontend/.angular/cache/18.2.11/frontend/vite/deps/rxjs.js?v=ac43e784 200 [01/Mar/2025:21:37:31 +0000] - 17.839 ms localhost
GET /@fs/C:/Users/USER/Desktop/BroCampTasks/Angular_Project/frontend/.angular/cache/18.2.11/frontend/vite/deps/ngx-socket-io.js?v=ac43e784 200 [01/Mar/2025:21:37:31 +0000] - 4.546 ms localhost
GET /@fs/C:/Users/USER/Desktop/BroCampTasks/Angular_Project/frontend/.angular/cache/18.2.11/frontend/vite/deps/@angular_forms.js?v=ac43e784 200 [01/Mar/2025:21:37:31 +0000] - 12.412 ms localhost
GET /@fs/C:/Users/USER/Desktop/BroCampTasks/Angular_Project/frontend/.angular/cache/18.2.11/frontend/vite/deps/emoji-picker-element.js?v=ac43e784 200 [01/Mar/2025:21:37:31 +0000] - 11.698 ms localhost
GET /@fs/C:/Users/USER/Desktop/BroCampTasks/Angular_Project/frontend/.angular/cache/18.2.11/frontend/vite/deps/chunk-ZKQIAUIS.js?v=ac43e784 200 [01/Mar/2025:21:37:31 +0000] - 14.222 ms localhost
GET /@fs/C:/Users/USER/Desktop/BroCampTasks/Angular_Project/frontend/.angular/cache/18.2.11/frontend/vite/deps/chunk-F4ZW7LLY.js?v=ac43e784 200 [01/Mar/2025:21:37:31 +0000] - 16.902 ms localhost
GET /@fs/C:/Users/USER/Desktop/BroCampTasks/Angular_Project/frontend/.angular/cache/18.2.11/frontend/vite/deps/chunk-2ZWNOPXZ.js?v=ac43e784 200 [01/Mar/2025:21:37:31 +0000] - 19.584 ms localhost
GET /@fs/C:/Users/USER/Desktop/BroCampTasks/Angular_Project/frontend/.angular/cache/18.2.11/frontend/vite/deps/chunk-BKIWMXDL.js?v=ac43e784 200 [01/Mar/2025:21:37:31 +0000] - 36.841 ms localhost
GET /@fs/C:/Users/USER/Desktop/BroCampTasks/Angular_Project/frontend/.angular/cache/18.2.11/frontend/vite/deps/chunk-XWLXMCJQ.js?v=ac43e784 200 [01/Mar/2025:21:37:31 +0000] - 37.948 ms localhost
GET /@fs/C:/Users/USER/Desktop/BroCampTasks/Angular_Project/frontend/.angular/cache/18.2.11/frontend/vite/deps/chunk-66JPAEYR.js?v=ac43e784 200 [01/Mar/2025:21:37:31 +0000] - 44.557 ms localhost
GET /@fs/C:/Users/USER/Desktop/BroCampTasks/Angular_Project/frontend/.angular/cache/18.2.11/frontend/vite/deps/chunk-7MS5FTBZ.js?v=ac43e784 200 [01/Mar/2025:21:37:31 +0000] - 55.989 ms localhost
GET /@fs/C:/Users/USER/Desktop/BroCampTasks/Angular_Project/frontend/.angular/cache/18.2.11/frontend/vite/deps/@angular_core.js.map 304 [01/Mar/2025:21:37:31 +0000] - 18.847 ms localhost
GET /@fs/C:/Users/USER/Desktop/BroCampTasks/Angular_Project/frontend/.angular/cache/18.2.11/frontend/vite/deps/rxjs.js.map 304 [01/Mar/2025:21:37:31 +0000] - 19.650 ms localhost
GET /@fs/C:/Users/USER/Desktop/BroCampTasks/Angular_Project/frontend/.angular/cache/18.2.11/frontend/vite/deps/@angular_common_http.js.map 304 [01/Mar/2025:21:37:31 +0000] - 20.027 ms localhost
GET /@fs/C:/Users/USER/Desktop/BroCampTasks/Angular_Project/frontend/.angular/cache/18.2.11/frontend/vite/deps/chunk-XWLXMCJQ.js.map 304 [01/Mar/2025:21:37:31 +0000] - 31.723 ms localhost
GET /@fs/C:/Users/USER/Desktop/BroCampTasks/Angular_Project/frontend/.angular/cache/18.2.11/frontend/vite/deps/chunk-66JPAEYR.js.map 304 [01/Mar/2025:21:37:31 +0000] - 37.403 ms localhost
GET /@fs/C:/Users/USER/Desktop/BroCampTasks/Angular_Project/frontend/.angular/cache/18.2.11/frontend/vite/deps/chunk-BKIWMXDL.js.map 304 [01/Mar/2025:21:37:32 +0000] - 255.211 ms localhost
GET /@fs/C:/Users/USER/Desktop/BroCampTasks/Angular_Project/frontend/.angular/cache/18.2.11/frontend/vite/deps/chunk-F4ZW7LLY.js.map 304 [01/Mar/2025:21:37:32 +0000] - 245.457 ms localhost
GET /@fs/C:/Users/USER/Desktop/BroCampTasks/Angular_Project/frontend/.angular/cache/18.2.11/frontend/vite/deps/chunk-2ZWNOPXZ.js.map 304 [01/Mar/2025:21:37:32 +0000] - 241.984 ms localhost
GET /chunk-33KUZXLT.js 200 [01/Mar/2025:21:37:32 +0000] - 52.001 ms localhost
GET /@fs/C:/Users/USER/Desktop/BroCampTasks/Angular_Project/frontend/.angular/cache/18.2.11/frontend/vite/deps/@angular_router.js.map 304 [01/Mar/2025:21:37:32 +0000] - 295.838 ms localhost
GET /@fs/C:/Users/USER/Desktop/BroCampTasks/Angular_Project/frontend/.angular/cache/18.2.11/frontend/vite/deps/@angular_platform-browser.js.map 304 [01/Mar/2025:21:37:32 +0000] - 318.225 ms localhost
GET /@fs/C:/Users/USER/Desktop/BroCampTasks/Angular_Project/frontend/.angular/cache/18.2.11/frontend/vite/deps/chunk-ZKQIAUIS.js.map 304 [01/Mar/2025:21:37:32 +0000] - 328.928 ms localhost
GET /@fs/C:/Users/USER/Desktop/BroCampTasks/Angular_Project/frontend/.angular/cache/18.2.11/frontend/vite/deps/ngx-socket-io.js.map 304 [01/Mar/2025:21:37:32 +0000] - 116.694 ms localhost
GET /@fs/C:/Users/USER/Desktop/BroCampTasks/Angular_Project/frontend/.angular/cache/18.2.11/frontend/vite/deps/chunk-7MS5FTBZ.js.map 304 [01/Mar/2025:21:37:32 +0000] - 124.016 ms localhost
GET /@fs/C:/Users/USER/Desktop/BroCampTasks/Angular_Project/frontend/.angular/cache/18.2.11/frontend/vite/deps/emoji-picker-element.js.map 304 [01/Mar/2025:21:37:32 +0000] - 80.245 ms localhost
GET /@fs/C:/Users/USER/Desktop/BroCampTasks/Angular_Project/frontend/.angular/cache/18.2.11/frontend/vite/deps/@angular_forms.js.map 304 [01/Mar/2025:21:37:32 +0000] - 105.010 ms localhost
GET /chunk-U72LVGY7.js 200 [01/Mar/2025:21:37:32 +0000] - 29.072 ms localhost
GET /chunk-KSELMSGV.js 200 [01/Mar/2025:21:37:32 +0000] - 24.313 ms localhost
GET /chunk-AD6BEBTX.js 200 [01/Mar/2025:21:37:32 +0000] - 25.150 ms localhost
GET /chunk-MQDO5BT4.js 200 [01/Mar/2025:21:37:32 +0000] - 22.687 ms localhost
GET /chunk-F64TRUFE.js 200 [01/Mar/2025:21:37:32 +0000] - 22.374 ms localhost
GET /@fs/C:/Users/USER/Desktop/BroCampTasks/Angular_Project/frontend/.angular/cache/18.2.11/frontend/vite/deps/@angular_common.js?v=ac43e784 200 [01/Mar/2025:21:37:32 +0000] - 3.417 ms localhost
GET /login.component.css.map 200 [01/Mar/2025:21:37:32 +0000] - 3.952 ms localhost
GET /@fs/C:/Users/USER/Desktop/BroCampTasks/Angular_Project/frontend/.angular/cache/18.2.11/frontend/vite/deps/@angular_common.js.map 304 [01/Mar/2025:21:37:32 +0000] - 7.995 ms localhost
GET /favicon.ico 304 [01/Mar/2025:21:37:33 +0000] - 4.258 ms localhost
POST /api/user/login 200 [01/Mar/2025:21:37:42 +0000] - 338.731 ms localhost
GET /chunk-VKIE2WKY.js 304 [01/Mar/2025:21:37:42 +0000] - 6.399 ms localhost
GET /chunk-2AQRYRFN.js 304 [01/Mar/2025:21:37:42 +0000] - 5.348 ms localhost
GET /chunk-2BDDLQBH.js 304 [01/Mar/2025:21:37:42 +0000] - 2.894 ms localhost
GET /@fs/C:/Users/USER/Desktop/BroCampTasks/Angular_Project/frontend/.angular/cache/18.2.11/frontend/vite/deps/bootstrap.js.map 304 [01/Mar/2025:21:37:43 +0000] - 36.073 ms localhost
GET /dashboard.component.css.map 200 [01/Mar/2025:21:37:43 +0000] - 5.207 ms localhost
GET /layout.component.css.map 200 [01/Mar/2025:21:37:43 +0000] - 11.016 ms localhost
GET /admin-dashboard.component.css.map 200 [01/Mar/2025:21:37:43 +0000] - 10.833 ms localhost
GET /api/booking/adminData 304 [01/Mar/2025:21:37:43 +0000] - 178.995 ms localhost
GET /chunk-WDITLWEJ.js 200 [01/Mar/2025:21:38:35 +0000] - 19.027 ms localhost
GET /api/booking/salesData/admin?pageNumberService=1&pageNumberEvent=1&pageSize=2 304 [01/Mar/2025:21:38:35 +0000] - 146.008 ms localhost
GET /api/booking/salesData/admin?pageNumberService=1&pageNumberEvent=1&pageSize=2 304 [01/Mar/2025:21:38:35 +0000] - 76.968 ms localhost
GET /sales 200 [01/Mar/2025:21:40:38 +0000] - 32.512 ms localhost
GET / - [01/Mar/2025:21:40:38 +0000] - - ms localhost
GET /@vite/client 304 [01/Mar/2025:21:40:39 +0000] - 15.928 ms localhost
GET /styles.css 200 [01/Mar/2025:21:40:39 +0000] - 5.931 ms localhost
GET /polyfills.js 304 [01/Mar/2025:21:40:39 +0000] - 6.288 ms localhost
GET /main.js 304 [01/Mar/2025:21:40:39 +0000] - 4.953 ms localhost
GET /scripts.js 304 [01/Mar/2025:21:40:39 +0000] - 3.952 ms localhost
GET /styles.css.map 200 [01/Mar/2025:21:40:39 +0000] - 2.899 ms localhost
GET /@fs/C:/Users/USER/Desktop/BroCampTasks/Angular_Project/frontend/node_modules/vite/dist/client/env.mjs 304 [01/Mar/2025:21:40:39 +0000] - 3.183 ms localhost
GET /chunk-JK2OZDZD.js 304 [01/Mar/2025:21:40:39 +0000] - 18.729 ms localhost
GET /chunk-NROI7E46.js 304 [01/Mar/2025:21:40:39 +0000] - 18.559 ms localhost
GET /chunk-VUVL3YRK.js 304 [01/Mar/2025:21:40:39 +0000] - 15.851 ms localhost
GET /@fs/C:/Users/USER/Desktop/BroCampTasks/Angular_Project/frontend/.angular/cache/18.2.11/frontend/vite/deps/@angular_platform-browser.js.map 304 [01/Mar/2025:21:40:39 +0000] - 3.497 ms localhost
GET /@fs/C:/Users/USER/Desktop/BroCampTasks/Angular_Project/frontend/.angular/cache/18.2.11/frontend/vite/deps/@angular_common_http.js.map 304 [01/Mar/2025:21:40:39 +0000] - 5.570 ms localhost
GET /@fs/C:/Users/USER/Desktop/BroCampTasks/Angular_Project/frontend/.angular/cache/18.2.11/frontend/vite/deps/@angular_core.js.map 304 [01/Mar/2025:21:40:39 +0000] - 12.920 ms localhost
GET /@fs/C:/Users/USER/Desktop/BroCampTasks/Angular_Project/frontend/.angular/cache/18.2.11/frontend/vite/deps/chunk-XWLXMCJQ.js.map 304 [01/Mar/2025:21:40:39 +0000] - 14.730 ms localhost
GET /@fs/C:/Users/USER/Desktop/BroCampTasks/Angular_Project/frontend/.angular/cache/18.2.11/frontend/vite/deps/rxjs.js.map 304 [01/Mar/2025:21:40:39 +0000] - 15.511 ms localhost
GET /@fs/C:/Users/USER/Desktop/BroCampTasks/Angular_Project/frontend/.angular/cache/18.2.11/frontend/vite/deps/chunk-66JPAEYR.js.map 304 [01/Mar/2025:21:40:39 +0000] - 29.009 ms localhost
GET /@fs/C:/Users/USER/Desktop/BroCampTasks/Angular_Project/frontend/.angular/cache/18.2.11/frontend/vite/deps/emoji-picker-element.js.map 304 [01/Mar/2025:21:40:39 +0000] - 30.271 ms localhost
GET /@fs/C:/Users/USER/Desktop/BroCampTasks/Angular_Project/frontend/.angular/cache/18.2.11/frontend/vite/deps/chunk-F4ZW7LLY.js.map 304 [01/Mar/2025:21:40:39 +0000] - 23.801 ms localhost
GET /@fs/C:/Users/USER/Desktop/BroCampTasks/Angular_Project/frontend/.angular/cache/18.2.11/frontend/vite/deps/chunk-2ZWNOPXZ.js.map 304 [01/Mar/2025:21:40:39 +0000] - 39.163 ms localhost
GET /@fs/C:/Users/USER/Desktop/BroCampTasks/Angular_Project/frontend/.angular/cache/18.2.11/frontend/vite/deps/chunk-ZKQIAUIS.js.map 304 [01/Mar/2025:21:40:39 +0000] - 41.258 ms localhost
GET /@fs/C:/Users/USER/Desktop/BroCampTasks/Angular_Project/frontend/.angular/cache/18.2.11/frontend/vite/deps/ngx-socket-io.js.map 304 [01/Mar/2025:21:40:39 +0000] - 37.220 ms localhost
GET /@fs/C:/Users/USER/Desktop/BroCampTasks/Angular_Project/frontend/.angular/cache/18.2.11/frontend/vite/deps/chunk-7MS5FTBZ.js.map 304 [01/Mar/2025:21:40:39 +0000] - 17.773 ms localhost
GET /chunk-33KUZXLT.js 304 [01/Mar/2025:21:40:39 +0000] - 13.516 ms localhost
GET /@fs/C:/Users/USER/Desktop/BroCampTasks/Angular_Project/frontend/.angular/cache/18.2.11/frontend/vite/deps/@angular_forms.js.map 304 [01/Mar/2025:21:40:39 +0000] - 24.188 ms localhost
GET /@fs/C:/Users/USER/Desktop/BroCampTasks/Angular_Project/frontend/.angular/cache/18.2.11/frontend/vite/deps/chunk-BKIWMXDL.js.map 304 [01/Mar/2025:21:40:39 +0000] - 221.508 ms localhost
GET /@fs/C:/Users/USER/Desktop/BroCampTasks/Angular_Project/frontend/.angular/cache/18.2.11/frontend/vite/deps/@angular_router.js.map 304 [01/Mar/2025:21:40:39 +0000] - 196.655 ms localhost
GET /chunk-U72LVGY7.js 304 [01/Mar/2025:21:40:39 +0000] - 4.143 ms localhost
GET /chunk-KSELMSGV.js 304 [01/Mar/2025:21:40:39 +0000] - 9.699 ms localhost
GET /chunk-AD6BEBTX.js 304 [01/Mar/2025:21:40:39 +0000] - 9.295 ms localhost
GET /chunk-MQDO5BT4.js 304 [01/Mar/2025:21:40:39 +0000] - 7.959 ms localhost
GET /chunk-F64TRUFE.js 304 [01/Mar/2025:21:40:39 +0000] - 7.707 ms localhost
GET /login.component.css.map 200 [01/Mar/2025:21:40:40 +0000] - 3.309 ms localhost
GET /@fs/C:/Users/USER/Desktop/BroCampTasks/Angular_Project/frontend/.angular/cache/18.2.11/frontend/vite/deps/@angular_common.js.map 304 [01/Mar/2025:21:40:40 +0000] - 8.084 ms localhost
GET /favicon.ico 304 [01/Mar/2025:21:40:40 +0000] - 4.988 ms localhost
POST /api/user/login 200 [01/Mar/2025:21:40:48 +0000] - 340.424 ms localhost
GET /chunk-VKIE2WKY.js 304 [01/Mar/2025:21:40:48 +0000] - 7.133 ms localhost
GET /chunk-2AQRYRFN.js 304 [01/Mar/2025:21:40:48 +0000] - 3.751 ms localhost
GET /chunk-2BDDLQBH.js 304 [01/Mar/2025:21:40:48 +0000] - 2.748 ms localhost
GET /@fs/C:/Users/USER/Desktop/BroCampTasks/Angular_Project/frontend/.angular/cache/18.2.11/frontend/vite/deps/bootstrap.js.map 304 [01/Mar/2025:21:40:48 +0000] - 13.996 ms localhost
GET /admin-dashboard.component.css.map 200 [01/Mar/2025:21:40:48 +0000] - 5.423 ms localhost
GET /layout.component.css.map 200 [01/Mar/2025:21:40:48 +0000] - 8.759 ms localhost
GET /api/booking/adminData 304 [01/Mar/2025:21:40:48 +0000] - 77.530 ms localhost
GET /dashboard.component.css.map 200 [01/Mar/2025:21:40:48 +0000] - 2.680 ms localhost
GET / - [01/Mar/2025:21:44:39 +0000] - - ms localhost
GET /dashboard 200 [01/Mar/2025:21:45:52 +0000] - 14.138 ms localhost
GET /@vite/client 304 [01/Mar/2025:21:45:52 +0000] - 6.558 ms localhost
GET /styles.css 200 [01/Mar/2025:21:45:52 +0000] - 7.064 ms localhost
GET /main.js 304 [01/Mar/2025:21:45:52 +0000] - 6.101 ms localhost
GET /polyfills.js 304 [01/Mar/2025:21:45:52 +0000] - 7.973 ms localhost
GET /scripts.js 304 [01/Mar/2025:21:45:52 +0000] - 6.415 ms localhost
GET /styles.css.map 200 [01/Mar/2025:21:45:52 +0000] - 5.484 ms localhost
GET /@fs/C:/Users/USER/Desktop/BroCampTasks/Angular_Project/frontend/node_modules/vite/dist/client/env.mjs 304 [01/Mar/2025:21:45:52 +0000] - 2.304 ms localhost
GET /chunk-JK2OZDZD.js 304 [01/Mar/2025:21:45:52 +0000] - 4.036 ms localhost
GET /chunk-VUVL3YRK.js 304 [01/Mar/2025:21:45:52 +0000] - 4.253 ms localhost
GET /chunk-NROI7E46.js 304 [01/Mar/2025:21:45:52 +0000] - 5.322 ms localhost
GET /@fs/C:/Users/USER/Desktop/BroCampTasks/Angular_Project/frontend/.angular/cache/18.2.11/frontend/vite/deps/@angular_core.js.map 304 [01/Mar/2025:21:45:52 +0000] - 67.069 ms localhost
GET /@fs/C:/Users/USER/Desktop/BroCampTasks/Angular_Project/frontend/.angular/cache/18.2.11/frontend/vite/deps/chunk-BKIWMXDL.js.map 304 [01/Mar/2025:21:45:52 +0000] - 132.532 ms localhost
GET /chunk-33KUZXLT.js 304 [01/Mar/2025:21:45:52 +0000] - 165.722 ms localhost
GET /@fs/C:/Users/USER/Desktop/BroCampTasks/Angular_Project/frontend/.angular/cache/18.2.11/frontend/vite/deps/chunk-66JPAEYR.js.map 304 [01/Mar/2025:21:45:52 +0000] - 252.562 ms localhost
GET /@fs/C:/Users/USER/Desktop/BroCampTasks/Angular_Project/frontend/.angular/cache/18.2.11/frontend/vite/deps/chunk-XWLXMCJQ.js.map 304 [01/Mar/2025:21:45:52 +0000] - 197.901 ms localhost
GET /@fs/C:/Users/USER/Desktop/BroCampTasks/Angular_Project/frontend/.angular/cache/18.2.11/frontend/vite/deps/rxjs.js.map 304 [01/Mar/2025:21:45:52 +0000] - 200.183 ms localhost
GET /@fs/C:/Users/USER/Desktop/BroCampTasks/Angular_Project/frontend/.angular/cache/18.2.11/frontend/vite/deps/@angular_common_http.js.map 304 [01/Mar/2025:21:45:52 +0000] - 201.632 ms localhost
GET /@fs/C:/Users/USER/Desktop/BroCampTasks/Angular_Project/frontend/.angular/cache/18.2.11/frontend/vite/deps/chunk-F4ZW7LLY.js.map 304 [01/Mar/2025:21:45:53 +0000] - 168.891 ms localhost
GET /@fs/C:/Users/USER/Desktop/BroCampTasks/Angular_Project/frontend/.angular/cache/18.2.11/frontend/vite/deps/chunk-2ZWNOPXZ.js.map 304 [01/Mar/2025:21:45:53 +0000] - 229.583 ms localhost
GET /@fs/C:/Users/USER/Desktop/BroCampTasks/Angular_Project/frontend/.angular/cache/18.2.11/frontend/vite/deps/@angular_platform-browser.js.map 304 [01/Mar/2025:21:45:53 +0000] - 213.309 ms localhost
GET /@fs/C:/Users/USER/Desktop/BroCampTasks/Angular_Project/frontend/.angular/cache/18.2.11/frontend/vite/deps/chunk-ZKQIAUIS.js.map 304 [01/Mar/2025:21:45:53 +0000] - 212.035 ms localhost
GET /@fs/C:/Users/USER/Desktop/BroCampTasks/Angular_Project/frontend/.angular/cache/18.2.11/frontend/vite/deps/@angular_router.js.map 304 [01/Mar/2025:21:45:53 +0000] - 224.419 ms localhost
GET /@fs/C:/Users/USER/Desktop/BroCampTasks/Angular_Project/frontend/.angular/cache/18.2.11/frontend/vite/deps/ngx-socket-io.js.map 304 [01/Mar/2025:21:45:53 +0000] - 232.999 ms localhost
GET /@fs/C:/Users/USER/Desktop/BroCampTasks/Angular_Project/frontend/.angular/cache/18.2.11/frontend/vite/deps/chunk-7MS5FTBZ.js.map 304 [01/Mar/2025:21:45:53 +0000] - 214.725 ms localhost
GET /chunk-U72LVGY7.js 304 [01/Mar/2025:21:45:53 +0000] - 5.868 ms localhost
GET /@fs/C:/Users/USER/Desktop/BroCampTasks/Angular_Project/frontend/.angular/cache/18.2.11/frontend/vite/deps/emoji-picker-element.js.map 304 [01/Mar/2025:21:45:53 +0000] - 6.400 ms localhost
GET /@fs/C:/Users/USER/Desktop/BroCampTasks/Angular_Project/frontend/.angular/cache/18.2.11/frontend/vite/deps/@angular_forms.js.map 304 [01/Mar/2025:21:45:53 +0000] - 16.977 ms localhost
GET /chunk-KSELMSGV.js 304 [01/Mar/2025:21:45:53 +0000] - 6.855 ms localhost
GET /chunk-AD6BEBTX.js 304 [01/Mar/2025:21:45:53 +0000] - 6.921 ms localhost
GET /chunk-MQDO5BT4.js 304 [01/Mar/2025:21:45:53 +0000] - 4.912 ms localhost
GET /chunk-F64TRUFE.js 304 [01/Mar/2025:21:45:53 +0000] - 3.178 ms localhost
GET /@fs/C:/Users/USER/Desktop/BroCampTasks/Angular_Project/frontend/.angular/cache/18.2.11/frontend/vite/deps/@angular_common.js.map 304 [01/Mar/2025:21:45:53 +0000] - 5.602 ms localhost
GET /login.component.css.map 200 [01/Mar/2025:21:45:53 +0000] - 2.723 ms localhost
GET /favicon.ico 304 [01/Mar/2025:21:45:53 +0000] - 6.215 ms localhost
POST /api/user/login 200 [01/Mar/2025:21:45:59 +0000] - 358.072 ms localhost
GET /chunk-VKIE2WKY.js 304 [01/Mar/2025:21:45:59 +0000] - 8.221 ms localhost
GET /chunk-2AQRYRFN.js 304 [01/Mar/2025:21:45:59 +0000] - 5.023 ms localhost
GET /chunk-2BDDLQBH.js 304 [01/Mar/2025:21:45:59 +0000] - 2.897 ms localhost
GET /@fs/C:/Users/USER/Desktop/BroCampTasks/Angular_Project/frontend/.angular/cache/18.2.11/frontend/vite/deps/bootstrap.js.map 304 [01/Mar/2025:21:45:59 +0000] - 28.077 ms localhost
GET /dashboard.component.css.map 200 [01/Mar/2025:21:45:59 +0000] - 5.237 ms localhost
GET /layout.component.css.map 200 [01/Mar/2025:21:45:59 +0000] - 7.262 ms localhost
GET /admin-dashboard.component.css.map 200 [01/Mar/2025:21:45:59 +0000] - 12.460 ms localhost
GET /api/booking/adminData 304 [01/Mar/2025:21:45:59 +0000] - 136.310 ms localhost
GET / - [01/Mar/2025:21:49:52 +0000] - - ms localhost
GET /dashboard 200 [01/Mar/2025:21:55:59 +0000] - 50.290 ms localhost
GET /@vite/client 200 [01/Mar/2025:21:55:59 +0000] - 59.721 ms localhost
GET /styles.css 200 [01/Mar/2025:21:55:59 +0000] - 48.113 ms localhost
GET /polyfills.js 200 [01/Mar/2025:21:55:59 +0000] - 51.180 ms localhost
GET /main.js 200 [01/Mar/2025:21:55:59 +0000] - 55.409 ms localhost
GET /scripts.js 200 [01/Mar/2025:21:55:59 +0000] - 9.229 ms localhost
GET /@fs/C:/Users/USER/Desktop/BroCampTasks/Angular_Project/frontend/node_modules/vite/dist/client/env.mjs 200 [01/Mar/2025:21:55:59 +0000] - 6.887 ms localhost
GET /styles.css.map 200 [01/Mar/2025:21:55:59 +0000] - 5.259 ms localhost
GET /chunk-JK2OZDZD.js 200 [01/Mar/2025:21:56:00 +0000] - 10.679 ms localhost
GET /chunk-VUVL3YRK.js 200 [01/Mar/2025:21:56:00 +0000] - 12.435 ms localhost
GET /chunk-NROI7E46.js 200 [01/Mar/2025:21:56:00 +0000] - 12.324 ms localhost
GET /@fs/C:/Users/USER/Desktop/BroCampTasks/Angular_Project/frontend/.angular/cache/18.2.11/frontend/vite/deps/@angular_platform-browser.js?v=ac43e784 200 [01/Mar/2025:21:56:00 +0000] - 11.352 ms localhost
GET /@fs/C:/Users/USER/Desktop/BroCampTasks/Angular_Project/frontend/.angular/cache/18.2.11/frontend/vite/deps/@angular_core.js?v=ac43e784 200 [01/Mar/2025:21:56:00 +0000] - 11.312 ms localhost
GET /@fs/C:/Users/USER/Desktop/BroCampTasks/Angular_Project/frontend/.angular/cache/18.2.11/frontend/vite/deps/@angular_router.js?v=ac43e784 200 [01/Mar/2025:21:56:00 +0000] - 13.909 ms localhost
GET /@fs/C:/Users/USER/Desktop/BroCampTasks/Angular_Project/frontend/.angular/cache/18.2.11/frontend/vite/deps/@angular_common_http.js?v=ac43e784 200 [01/Mar/2025:21:56:00 +0000] - 8.258 ms localhost
GET /@fs/C:/Users/USER/Desktop/BroCampTasks/Angular_Project/frontend/.angular/cache/18.2.11/frontend/vite/deps/rxjs.js?v=ac43e784 200 [01/Mar/2025:21:56:00 +0000] - 7.720 ms localhost
GET /@fs/C:/Users/USER/Desktop/BroCampTasks/Angular_Project/frontend/.angular/cache/18.2.11/frontend/vite/deps/ngx-socket-io.js?v=ac43e784 200 [01/Mar/2025:21:56:00 +0000] - 8.136 ms localhost
GET /@fs/C:/Users/USER/Desktop/BroCampTasks/Angular_Project/frontend/.angular/cache/18.2.11/frontend/vite/deps/@angular_forms.js?v=ac43e784 200 [01/Mar/2025:21:56:00 +0000] - 12.172 ms localhost
GET /@fs/C:/Users/USER/Desktop/BroCampTasks/Angular_Project/frontend/.angular/cache/18.2.11/frontend/vite/deps/emoji-picker-element.js?v=ac43e784 200 [01/Mar/2025:21:56:00 +0000] - 13.303 ms localhost
GET /@fs/C:/Users/USER/Desktop/BroCampTasks/Angular_Project/frontend/.angular/cache/18.2.11/frontend/vite/deps/chunk-ZKQIAUIS.js?v=ac43e784 200 [01/Mar/2025:21:56:00 +0000] - 8.908 ms localhost
GET /@fs/C:/Users/USER/Desktop/BroCampTasks/Angular_Project/frontend/.angular/cache/18.2.11/frontend/vite/deps/chunk-F4ZW7LLY.js?v=ac43e784 200 [01/Mar/2025:21:56:00 +0000] - 11.615 ms localhost
GET /@fs/C:/Users/USER/Desktop/BroCampTasks/Angular_Project/frontend/.angular/cache/18.2.11/frontend/vite/deps/chunk-2ZWNOPXZ.js?v=ac43e784 200 [01/Mar/2025:21:56:00 +0000] - 22.128 ms localhost
GET /@fs/C:/Users/USER/Desktop/BroCampTasks/Angular_Project/frontend/.angular/cache/18.2.11/frontend/vite/deps/chunk-BKIWMXDL.js?v=ac43e784 200 [01/Mar/2025:21:56:00 +0000] - 29.243 ms localhost
GET /@fs/C:/Users/USER/Desktop/BroCampTasks/Angular_Project/frontend/.angular/cache/18.2.11/frontend/vite/deps/chunk-66JPAEYR.js?v=ac43e784 200 [01/Mar/2025:21:56:00 +0000] - 25.388 ms localhost
GET /@fs/C:/Users/USER/Desktop/BroCampTasks/Angular_Project/frontend/.angular/cache/18.2.11/frontend/vite/deps/chunk-XWLXMCJQ.js?v=ac43e784 200 [01/Mar/2025:21:56:00 +0000] - 10.171 ms localhost
GET /@fs/C:/Users/USER/Desktop/BroCampTasks/Angular_Project/frontend/.angular/cache/18.2.11/frontend/vite/deps/chunk-7MS5FTBZ.js?v=ac43e784 200 [01/Mar/2025:21:56:00 +0000] - 10.417 ms localhost
GET /@fs/C:/Users/USER/Desktop/BroCampTasks/Angular_Project/frontend/.angular/cache/18.2.11/frontend/vite/deps/@angular_core.js.map 304 [01/Mar/2025:21:56:00 +0000] - 44.371 ms localhost
GET /@fs/C:/Users/USER/Desktop/BroCampTasks/Angular_Project/frontend/.angular/cache/18.2.11/frontend/vite/deps/chunk-66JPAEYR.js.map 304 [01/Mar/2025:21:56:00 +0000] - 45.609 ms localhost
GET /@fs/C:/Users/USER/Desktop/BroCampTasks/Angular_Project/frontend/.angular/cache/18.2.11/frontend/vite/deps/@angular_common_http.js.map 304 [01/Mar/2025:21:56:00 +0000] - 45.683 ms localhost
GET /@fs/C:/Users/USER/Desktop/BroCampTasks/Angular_Project/frontend/.angular/cache/18.2.11/frontend/vite/deps/rxjs.js.map 304 [01/Mar/2025:21:56:00 +0000] - 48.706 ms localhost
GET /@fs/C:/Users/USER/Desktop/BroCampTasks/Angular_Project/frontend/.angular/cache/18.2.11/frontend/vite/deps/ngx-socket-io.js.map 304 [01/Mar/2025:21:56:00 +0000] - 56.480 ms localhost
GET /@fs/C:/Users/USER/Desktop/BroCampTasks/Angular_Project/frontend/.angular/cache/18.2.11/frontend/vite/deps/chunk-2ZWNOPXZ.js.map 304 [01/Mar/2025:21:56:00 +0000] - 124.299 ms localhost
GET /@fs/C:/Users/USER/Desktop/BroCampTasks/Angular_Project/frontend/.angular/cache/18.2.11/frontend/vite/deps/chunk-XWLXMCJQ.js.map 304 [01/Mar/2025:21:56:00 +0000] - 13.202 ms localhost
GET /@fs/C:/Users/USER/Desktop/BroCampTasks/Angular_Project/frontend/.angular/cache/18.2.11/frontend/vite/deps/chunk-ZKQIAUIS.js.map 304 [01/Mar/2025:21:56:00 +0000] - 131.177 ms localhost
GET /chunk-33KUZXLT.js 200 [01/Mar/2025:21:56:00 +0000] - 9.812 ms localhost
GET /@fs/C:/Users/USER/Desktop/BroCampTasks/Angular_Project/frontend/.angular/cache/18.2.11/frontend/vite/deps/@angular_platform-browser.js.map 304 [01/Mar/2025:21:56:00 +0000] - 17.296 ms localhost
GET /@fs/C:/Users/USER/Desktop/BroCampTasks/Angular_Project/frontend/.angular/cache/18.2.11/frontend/vite/deps/chunk-BKIWMXDL.js.map 304 [01/Mar/2025:21:56:00 +0000] - 200.035 ms localhost
GET /@fs/C:/Users/USER/Desktop/BroCampTasks/Angular_Project/frontend/.angular/cache/18.2.11/frontend/vite/deps/chunk-F4ZW7LLY.js.map 304 [01/Mar/2025:21:56:00 +0000] - 185.980 ms localhost
GET /@fs/C:/Users/USER/Desktop/BroCampTasks/Angular_Project/frontend/.angular/cache/18.2.11/frontend/vite/deps/chunk-7MS5FTBZ.js.map 304 [01/Mar/2025:21:56:00 +0000] - 185.392 ms localhost
GET /@fs/C:/Users/USER/Desktop/BroCampTasks/Angular_Project/frontend/.angular/cache/18.2.11/frontend/vite/deps/emoji-picker-element.js.map 304 [01/Mar/2025:21:56:00 +0000] - 171.931 ms localhost
GET /@fs/C:/Users/USER/Desktop/BroCampTasks/Angular_Project/frontend/.angular/cache/18.2.11/frontend/vite/deps/@angular_forms.js.map 304 [01/Mar/2025:21:56:00 +0000] - 188.357 ms localhost
GET /chunk-U72LVGY7.js 200 [01/Mar/2025:21:56:01 +0000] - 27.019 ms localhost
GET /@fs/C:/Users/USER/Desktop/BroCampTasks/Angular_Project/frontend/.angular/cache/18.2.11/frontend/vite/deps/@angular_router.js.map 304 [01/Mar/2025:21:56:01 +0000] - 554.474 ms localhost
GET /chunk-KSELMSGV.js 200 [01/Mar/2025:21:56:01 +0000] - 5.926 ms localhost
GET /chunk-AD6BEBTX.js 200 [01/Mar/2025:21:56:01 +0000] - 6.026 ms localhost
GET /chunk-MQDO5BT4.js 200 [01/Mar/2025:21:56:01 +0000] - 5.620 ms localhost
GET /chunk-F64TRUFE.js 200 [01/Mar/2025:21:56:01 +0000] - 5.675 ms localhost
GET /@fs/C:/Users/USER/Desktop/BroCampTasks/Angular_Project/frontend/.angular/cache/18.2.11/frontend/vite/deps/@angular_common.js?v=ac43e784 200 [01/Mar/2025:21:56:01 +0000] - 15.322 ms localhost
GET /login.component.css.map 200 [01/Mar/2025:21:56:01 +0000] - 4.566 ms localhost
GET /@fs/C:/Users/USER/Desktop/BroCampTasks/Angular_Project/frontend/.angular/cache/18.2.11/frontend/vite/deps/@angular_common.js.map 304 [01/Mar/2025:21:56:01 +0000] - 11.442 ms localhost
GET /favicon.ico 304 [01/Mar/2025:21:56:03 +0000] - 9.142 ms localhost
POST /api/user/login 400 [01/Mar/2025:21:56:25 +0000] - 428.723 ms localhost
POST /api/user/login 200 [01/Mar/2025:21:56:35 +0000] - 351.658 ms localhost
GET /chunk-VKIE2WKY.js 304 [01/Mar/2025:21:56:35 +0000] - 6.384 ms localhost
GET /chunk-2AQRYRFN.js 304 [01/Mar/2025:21:56:35 +0000] - 2.954 ms localhost
GET /chunk-2BDDLQBH.js 304 [01/Mar/2025:21:56:35 +0000] - 3.078 ms localhost
GET /@fs/C:/Users/USER/Desktop/BroCampTasks/Angular_Project/frontend/.angular/cache/18.2.11/frontend/vite/deps/bootstrap.js.map 304 [01/Mar/2025:21:56:35 +0000] - 38.639 ms localhost
GET /dashboard.component.css.map 200 [01/Mar/2025:21:56:35 +0000] - 36.480 ms localhost
GET /admin-dashboard.component.css.map 200 [01/Mar/2025:21:56:35 +0000] - 37.572 ms localhost
GET /layout.component.css.map 200 [01/Mar/2025:21:56:35 +0000] - 38.497 ms localhost
GET /api/booking/adminData 304 [01/Mar/2025:21:56:35 +0000] - 157.632 ms localhost
GET /dashboard 200 [01/Mar/2025:21:57:30 +0000] - 43.112 ms localhost
GET / - [01/Mar/2025:21:57:30 +0000] - - ms localhost
GET /@vite/client 200 [01/Mar/2025:21:57:30 +0000] - 32.127 ms localhost
GET /styles.css 200 [01/Mar/2025:21:57:30 +0000] - 23.581 ms localhost
GET /polyfills.js 200 [01/Mar/2025:21:57:30 +0000] - 28.376 ms localhost
GET /main.js 200 [01/Mar/2025:21:57:30 +0000] - 30.224 ms localhost
GET /scripts.js 200 [01/Mar/2025:21:57:30 +0000] - 34.703 ms localhost
GET /@fs/C:/Users/USER/Desktop/BroCampTasks/Angular_Project/frontend/node_modules/vite/dist/client/env.mjs 200 [01/Mar/2025:21:57:30 +0000] - 3.491 ms localhost
GET /styles.css.map 200 [01/Mar/2025:21:57:30 +0000] - 3.046 ms localhost
GET /chunk-JK2OZDZD.js 200 [01/Mar/2025:21:57:31 +0000] - 9.813 ms localhost
GET /chunk-VUVL3YRK.js 200 [01/Mar/2025:21:57:31 +0000] - 10.128 ms localhost
GET /chunk-NROI7E46.js 200 [01/Mar/2025:21:57:31 +0000] - 9.995 ms localhost
GET /@fs/C:/Users/USER/Desktop/BroCampTasks/Angular_Project/frontend/.angular/cache/18.2.11/frontend/vite/deps/@angular_platform-browser.js?v=ac43e784 200 [01/Mar/2025:21:57:31 +0000] - 15.753 ms localhost
GET /@fs/C:/Users/USER/Desktop/BroCampTasks/Angular_Project/frontend/.angular/cache/18.2.11/frontend/vite/deps/@angular_core.js?v=ac43e784 200 [01/Mar/2025:21:57:31 +0000] - 15.903 ms localhost
GET /@fs/C:/Users/USER/Desktop/BroCampTasks/Angular_Project/frontend/.angular/cache/18.2.11/frontend/vite/deps/@angular_router.js?v=ac43e784 200 [01/Mar/2025:21:57:31 +0000] - 15.833 ms localhost
GET /@fs/C:/Users/USER/Desktop/BroCampTasks/Angular_Project/frontend/.angular/cache/18.2.11/frontend/vite/deps/@angular_common_http.js?v=ac43e784 200 [01/Mar/2025:21:57:31 +0000] - 3.774 ms localhost
GET /@fs/C:/Users/USER/Desktop/BroCampTasks/Angular_Project/frontend/.angular/cache/18.2.11/frontend/vite/deps/rxjs.js?v=ac43e784 200 [01/Mar/2025:21:57:31 +0000] - 19.260 ms localhost
GET /@fs/C:/Users/USER/Desktop/BroCampTasks/Angular_Project/frontend/.angular/cache/18.2.11/frontend/vite/deps/ngx-socket-io.js?v=ac43e784 200 [01/Mar/2025:21:57:31 +0000] - 16.671 ms localhost
GET /@fs/C:/Users/USER/Desktop/BroCampTasks/Angular_Project/frontend/.angular/cache/18.2.11/frontend/vite/deps/@angular_forms.js?v=ac43e784 200 [01/Mar/2025:21:57:31 +0000] - 14.750 ms localhost
GET /@fs/C:/Users/USER/Desktop/BroCampTasks/Angular_Project/frontend/.angular/cache/18.2.11/frontend/vite/deps/emoji-picker-element.js?v=ac43e784 200 [01/Mar/2025:21:57:31 +0000] - 14.204 ms localhost
GET /@fs/C:/Users/USER/Desktop/BroCampTasks/Angular_Project/frontend/.angular/cache/18.2.11/frontend/vite/deps/chunk-ZKQIAUIS.js?v=ac43e784 200 [01/Mar/2025:21:57:31 +0000] - 10.941 ms localhost
GET /@fs/C:/Users/USER/Desktop/BroCampTasks/Angular_Project/frontend/.angular/cache/18.2.11/frontend/vite/deps/chunk-F4ZW7LLY.js?v=ac43e784 200 [01/Mar/2025:21:57:31 +0000] - 11.427 ms localhost
GET /@fs/C:/Users/USER/Desktop/BroCampTasks/Angular_Project/frontend/.angular/cache/18.2.11/frontend/vite/deps/chunk-2ZWNOPXZ.js?v=ac43e784 200 [01/Mar/2025:21:57:31 +0000] - 11.790 ms localhost
GET /@fs/C:/Users/USER/Desktop/BroCampTasks/Angular_Project/frontend/.angular/cache/18.2.11/frontend/vite/deps/chunk-BKIWMXDL.js?v=ac43e784 200 [01/Mar/2025:21:57:31 +0000] - 17.524 ms localhost
GET /@fs/C:/Users/USER/Desktop/BroCampTasks/Angular_Project/frontend/.angular/cache/18.2.11/frontend/vite/deps/chunk-66JPAEYR.js?v=ac43e784 200 [01/Mar/2025:21:57:31 +0000] - 13.981 ms localhost
GET /@fs/C:/Users/USER/Desktop/BroCampTasks/Angular_Project/frontend/.angular/cache/18.2.11/frontend/vite/deps/chunk-XWLXMCJQ.js?v=ac43e784 200 [01/Mar/2025:21:57:31 +0000] - 18.601 ms localhost
GET /@fs/C:/Users/USER/Desktop/BroCampTasks/Angular_Project/frontend/.angular/cache/18.2.11/frontend/vite/deps/chunk-7MS5FTBZ.js?v=ac43e784 200 [01/Mar/2025:21:57:31 +0000] - 6.233 ms localhost
GET /@fs/C:/Users/USER/Desktop/BroCampTasks/Angular_Project/frontend/.angular/cache/18.2.11/frontend/vite/deps/@angular_core.js.map 304 [01/Mar/2025:21:57:31 +0000] - 12.298 ms localhost
GET /@fs/C:/Users/USER/Desktop/BroCampTasks/Angular_Project/frontend/.angular/cache/18.2.11/frontend/vite/deps/chunk-66JPAEYR.js.map 304 [01/Mar/2025:21:57:31 +0000] - 18.847 ms localhost
GET /@fs/C:/Users/USER/Desktop/BroCampTasks/Angular_Project/frontend/.angular/cache/18.2.11/frontend/vite/deps/chunk-XWLXMCJQ.js.map 304 [01/Mar/2025:21:57:31 +0000] - 18.906 ms localhost
GET /@fs/C:/Users/USER/Desktop/BroCampTasks/Angular_Project/frontend/.angular/cache/18.2.11/frontend/vite/deps/rxjs.js.map 304 [01/Mar/2025:21:57:31 +0000] - 19.268 ms localhost
GET /@fs/C:/Users/USER/Desktop/BroCampTasks/Angular_Project/frontend/.angular/cache/18.2.11/frontend/vite/deps/chunk-BKIWMXDL.js.map 304 [01/Mar/2025:21:57:31 +0000] - 85.967 ms localhost
GET /@fs/C:/Users/USER/Desktop/BroCampTasks/Angular_Project/frontend/.angular/cache/18.2.11/frontend/vite/deps/@angular_common_http.js.map 304 [01/Mar/2025:21:57:31 +0000] - 109.540 ms localhost
GET /@fs/C:/Users/USER/Desktop/BroCampTasks/Angular_Project/frontend/.angular/cache/18.2.11/frontend/vite/deps/chunk-F4ZW7LLY.js.map 304 [01/Mar/2025:21:57:31 +0000] - 111.473 ms localhost
GET /@fs/C:/Users/USER/Desktop/BroCampTasks/Angular_Project/frontend/.angular/cache/18.2.11/frontend/vite/deps/@angular_platform-browser.js.map 304 [01/Mar/2025:21:57:31 +0000] - 79.723 ms localhost
GET /@fs/C:/Users/USER/Desktop/BroCampTasks/Angular_Project/frontend/.angular/cache/18.2.11/frontend/vite/deps/chunk-2ZWNOPXZ.js.map 304 [01/Mar/2025:21:57:31 +0000] - 118.951 ms localhost
GET /@fs/C:/Users/USER/Desktop/BroCampTasks/Angular_Project/frontend/.angular/cache/18.2.11/frontend/vite/deps/chunk-ZKQIAUIS.js.map 304 [01/Mar/2025:21:57:31 +0000] - 85.671 ms localhost
GET /@fs/C:/Users/USER/Desktop/BroCampTasks/Angular_Project/frontend/.angular/cache/18.2.11/frontend/vite/deps/@angular_router.js.map 304 [01/Mar/2025:21:57:31 +0000] - 45.352 ms localhost
GET /chunk-33KUZXLT.js 200 [01/Mar/2025:21:57:31 +0000] - 3.368 ms localhost
GET /@fs/C:/Users/USER/Desktop/BroCampTasks/Angular_Project/frontend/.angular/cache/18.2.11/frontend/vite/deps/ngx-socket-io.js.map 304 [01/Mar/2025:21:57:31 +0000] - 41.645 ms localhost
GET /@fs/C:/Users/USER/Desktop/BroCampTasks/Angular_Project/frontend/.angular/cache/18.2.11/frontend/vite/deps/chunk-7MS5FTBZ.js.map 304 [01/Mar/2025:21:57:31 +0000] - 11.485 ms localhost
GET /@fs/C:/Users/USER/Desktop/BroCampTasks/Angular_Project/frontend/.angular/cache/18.2.11/frontend/vite/deps/@angular_forms.js.map 304 [01/Mar/2025:21:57:31 +0000] - 19.149 ms localhost
GET /@fs/C:/Users/USER/Desktop/BroCampTasks/Angular_Project/frontend/.angular/cache/18.2.11/frontend/vite/deps/emoji-picker-element.js.map 304 [01/Mar/2025:21:57:31 +0000] - 8.956 ms localhost
GET /chunk-U72LVGY7.js 200 [01/Mar/2025:21:57:31 +0000] - 25.136 ms localhost
GET /chunk-KSELMSGV.js 200 [01/Mar/2025:21:57:31 +0000] - 3.270 ms localhost
GET /chunk-AD6BEBTX.js 200 [01/Mar/2025:21:57:31 +0000] - 5.108 ms localhost
GET /chunk-MQDO5BT4.js 200 [01/Mar/2025:21:57:31 +0000] - 6.286 ms localhost
GET /chunk-F64TRUFE.js 200 [01/Mar/2025:21:57:31 +0000] - 6.530 ms localhost
GET /@fs/C:/Users/USER/Desktop/BroCampTasks/Angular_Project/frontend/.angular/cache/18.2.11/frontend/vite/deps/@angular_common.js?v=ac43e784 200 [01/Mar/2025:21:57:32 +0000] - 2.615 ms localhost
GET /@fs/C:/Users/USER/Desktop/BroCampTasks/Angular_Project/frontend/.angular/cache/18.2.11/frontend/vite/deps/@angular_common.js.map 304 [01/Mar/2025:21:57:32 +0000] - 8.446 ms localhost
GET /login.component.css.map 200 [01/Mar/2025:21:57:32 +0000] - 5.402 ms localhost
GET /favicon.ico 304 [01/Mar/2025:21:57:33 +0000] - 5.592 ms localhost
POST /api/user/login 200 [01/Mar/2025:21:57:38 +0000] - 333.287 ms localhost
GET /chunk-VKIE2WKY.js 304 [01/Mar/2025:21:57:38 +0000] - 7.710 ms localhost
GET /chunk-2AQRYRFN.js 304 [01/Mar/2025:21:57:38 +0000] - 3.975 ms localhost
GET /chunk-2BDDLQBH.js 304 [01/Mar/2025:21:57:38 +0000] - 2.695 ms localhost
GET /@fs/C:/Users/USER/Desktop/BroCampTasks/Angular_Project/frontend/.angular/cache/18.2.11/frontend/vite/deps/bootstrap.js.map 304 [01/Mar/2025:21:57:38 +0000] - 23.251 ms localhost
GET /admin-dashboard.component.css.map 200 [01/Mar/2025:21:57:38 +0000] - 5.967 ms localhost
GET /layout.component.css.map 200 [01/Mar/2025:21:57:38 +0000] - 8.283 ms localhost
GET /dashboard.component.css.map 200 [01/Mar/2025:21:57:38 +0000] - 5.193 ms localhost
GET /api/booking/adminData 304 [01/Mar/2025:21:57:38 +0000] - 204.123 ms localhost
GET / - [01/Mar/2025:21:58:28 +0000] - - ms localhost
GET /dashboard 200 [02/Mar/2025:16:54:32 +0000] - 45.578 ms localhost
GET /@vite/client 304 [02/Mar/2025:16:54:33 +0000] - 12.880 ms localhost
GET /polyfills.js 304 [02/Mar/2025:16:54:33 +0000] - 12.575 ms localhost
GET /main.js 200 [02/Mar/2025:16:54:33 +0000] - 18.834 ms localhost
GET /styles.css 200 [02/Mar/2025:16:54:33 +0000] - 30.948 ms localhost
GET /scripts.js 304 [02/Mar/2025:16:54:33 +0000] - 8.155 ms localhost
GET /styles.css.map 200 [02/Mar/2025:16:54:33 +0000] - 13.855 ms localhost
GET /@fs/C:/Users/USER/Desktop/BroCampTasks/Angular_Project/frontend/node_modules/vite/dist/client/env.mjs 304 [02/Mar/2025:16:54:33 +0000] - 7.447 ms localhost
GET /chunk-JK2OZDZD.js 304 [02/Mar/2025:16:54:33 +0000] - 2.875 ms localhost
GET /chunk-6E5DOX4L.js 200 [02/Mar/2025:16:54:33 +0000] - 5.638 ms localhost
GET /chunk-NROI7E46.js 304 [02/Mar/2025:16:54:33 +0000] - 9.263 ms localhost
GET /@fs/C:/Users/USER/Desktop/BroCampTasks/Angular_Project/frontend/.angular/cache/18.2.11/frontend/vite/deps/chunk-XWLXMCJQ.js.map 304 [02/Mar/2025:16:54:34 +0000] - 33.320 ms localhost
GET /@fs/C:/Users/USER/Desktop/BroCampTasks/Angular_Project/frontend/.angular/cache/18.2.11/frontend/vite/deps/rxjs.js.map 304 [02/Mar/2025:16:54:34 +0000] - 28.149 ms localhost
GET /@fs/C:/Users/USER/Desktop/BroCampTasks/Angular_Project/frontend/.angular/cache/18.2.11/frontend/vite/deps/@angular_core.js.map 304 [02/Mar/2025:16:54:34 +0000] - 38.714 ms localhost
GET /@fs/C:/Users/USER/Desktop/BroCampTasks/Angular_Project/frontend/.angular/cache/18.2.11/frontend/vite/deps/@angular_common_http.js.map 304 [02/Mar/2025:16:54:34 +0000] - 28.440 ms localhost
GET /@fs/C:/Users/USER/Desktop/BroCampTasks/Angular_Project/frontend/.angular/cache/18.2.11/frontend/vite/deps/chunk-F4ZW7LLY.js.map 304 [02/Mar/2025:16:54:34 +0000] - 74.346 ms localhost
GET /@fs/C:/Users/USER/Desktop/BroCampTasks/Angular_Project/frontend/.angular/cache/18.2.11/frontend/vite/deps/@angular_platform-browser.js.map 304 [02/Mar/2025:16:54:34 +0000] - 50.635 ms localhost
GET /chunk-4UR3CMFR.js 200 [02/Mar/2025:16:54:34 +0000] - 9.854 ms localhost
GET /@fs/C:/Users/USER/Desktop/BroCampTasks/Angular_Project/frontend/.angular/cache/18.2.11/frontend/vite/deps/chunk-BKIWMXDL.js.map 304 [02/Mar/2025:16:54:34 +0000] - 235.787 ms localhost
GET /@fs/C:/Users/USER/Desktop/BroCampTasks/Angular_Project/frontend/.angular/cache/18.2.11/frontend/vite/deps/chunk-2ZWNOPXZ.js.map 304 [02/Mar/2025:16:54:34 +0000] - 213.620 ms localhost
GET /@fs/C:/Users/USER/Desktop/BroCampTasks/Angular_Project/frontend/.angular/cache/18.2.11/frontend/vite/deps/chunk-66JPAEYR.js.map 304 [02/Mar/2025:16:54:34 +0000] - 352.968 ms localhost
GET /@fs/C:/Users/USER/Desktop/BroCampTasks/Angular_Project/frontend/.angular/cache/18.2.11/frontend/vite/deps/chunk-ZKQIAUIS.js.map 304 [02/Mar/2025:16:54:34 +0000] - 273.336 ms localhost
GET /@fs/C:/Users/USER/Desktop/BroCampTasks/Angular_Project/frontend/.angular/cache/18.2.11/frontend/vite/deps/ngx-socket-io.js.map 304 [02/Mar/2025:16:54:34 +0000] - 365.302 ms localhost
GET /@fs/C:/Users/USER/Desktop/BroCampTasks/Angular_Project/frontend/.angular/cache/18.2.11/frontend/vite/deps/chunk-7MS5FTBZ.js.map 304 [02/Mar/2025:16:54:34 +0000] - 253.405 ms localhost
GET /chunk-66XJD4MT.js 200 [02/Mar/2025:16:54:34 +0000] - 95.612 ms localhost
GET /@fs/C:/Users/USER/Desktop/BroCampTasks/Angular_Project/frontend/.angular/cache/18.2.11/frontend/vite/deps/@angular_forms.js.map 304 [02/Mar/2025:16:54:34 +0000] - 407.994 ms localhost
GET /chunk-MQDO5BT4.js 304 [02/Mar/2025:16:54:34 +0000] - 18.102 ms localhost
GET /chunk-KSELMSGV.js 304 [02/Mar/2025:16:54:34 +0000] - 19.533 ms localhost
GET /chunk-F64TRUFE.js 304 [02/Mar/2025:16:54:34 +0000] - 21.796 ms localhost
GET /chunk-AD6BEBTX.js 304 [02/Mar/2025:16:54:34 +0000] - 17.468 ms localhost
GET /@fs/C:/Users/USER/Desktop/BroCampTasks/Angular_Project/frontend/.angular/cache/18.2.11/frontend/vite/deps/@angular_router.js.map 304 [02/Mar/2025:16:54:34 +0000] - 585.341 ms localhost
GET /@fs/C:/Users/USER/Desktop/BroCampTasks/Angular_Project/frontend/.angular/cache/18.2.11/frontend/vite/deps/emoji-picker-element.js.map 304 [02/Mar/2025:16:54:34 +0000] - 205.208 ms localhost
GET /@fs/C:/Users/USER/Desktop/BroCampTasks/Angular_Project/frontend/.angular/cache/18.2.11/frontend/vite/deps/@angular_common.js.map 304 [02/Mar/2025:16:54:34 +0000] - 15.575 ms localhost
GET /login.component.css.map 200 [02/Mar/2025:16:54:34 +0000] - 11.892 ms localhost
GET /favicon.ico 304 [02/Mar/2025:16:54:35 +0000] - 8.056 ms localhost
POST /api/user/login 200 [02/Mar/2025:16:54:42 +0000] - 555.307 ms localhost
GET /chunk-VKIE2WKY.js 304 [02/Mar/2025:16:54:42 +0000] - 3.427 ms localhost
GET /chunk-NUOB25EC.js 200 [02/Mar/2025:16:54:42 +0000] - 13.552 ms localhost
GET /chunk-2BDDLQBH.js 304 [02/Mar/2025:16:54:42 +0000] - 3.198 ms localhost
GET /@fs/C:/Users/USER/Desktop/BroCampTasks/Angular_Project/frontend/.angular/cache/18.2.11/frontend/vite/deps/bootstrap.js.map 304 [02/Mar/2025:16:54:42 +0000] - 75.501 ms localhost
GET /layout.component.css.map 200 [02/Mar/2025:16:54:42 +0000] - 6.287 ms localhost
GET /admin-dashboard.component.css.map 200 [02/Mar/2025:16:54:42 +0000] - 6.240 ms localhost
GET /dashboard.component.css.map 200 [02/Mar/2025:16:54:42 +0000] - 6.676 ms localhost
GET /api/booking/adminData 200 [02/Mar/2025:16:54:43 +0000] - 663.111 ms localhost
GET /dashboard 200 [02/Mar/2025:16:56:35 +0000] - 15.681 ms localhost
GET / - [02/Mar/2025:16:56:35 +0000] - - ms localhost
GET /@vite/client 304 [02/Mar/2025:16:56:35 +0000] - 6.430 ms localhost
GET /main.js 200 [02/Mar/2025:16:56:35 +0000] - 4.039 ms localhost
GET /styles.css 200 [02/Mar/2025:16:56:35 +0000] - 7.946 ms localhost
GET /polyfills.js 304 [02/Mar/2025:16:56:35 +0000] - 9.239 ms localhost
GET /scripts.js 304 [02/Mar/2025:16:56:35 +0000] - 2.692 ms localhost
GET /@fs/C:/Users/USER/Desktop/BroCampTasks/Angular_Project/frontend/node_modules/vite/dist/client/env.mjs 304 [02/Mar/2025:16:56:35 +0000] - 2.651 ms localhost
GET /chunk-6E5DOX4L.js 304 [02/Mar/2025:16:56:35 +0000] - 4.321 ms localhost
GET /chunk-NROI7E46.js 304 [02/Mar/2025:16:56:35 +0000] - 5.600 ms localhost
GET /chunk-JK2OZDZD.js 304 [02/Mar/2025:16:56:35 +0000] - 7.507 ms localhost
GET /chunk-JXSHSUHB.js 200 [02/Mar/2025:16:56:36 +0000] - 5.742 ms localhost
GET /chunk-66XJD4MT.js 304 [02/Mar/2025:16:56:36 +0000] - 2.602 ms localhost
GET /chunk-KSELMSGV.js 304 [02/Mar/2025:16:56:36 +0000] - 7.603 ms localhost
GET /chunk-F64TRUFE.js 304 [02/Mar/2025:16:56:36 +0000] - 7.643 ms localhost
GET /chunk-AD6BEBTX.js 304 [02/Mar/2025:16:56:36 +0000] - 5.082 ms localhost
GET /chunk-MQDO5BT4.js 304 [02/Mar/2025:16:56:36 +0000] - 5.851 ms localhost
GET /favicon.ico 304 [02/Mar/2025:16:56:36 +0000] - 3.763 ms localhost
POST /api/user/login 200 [02/Mar/2025:16:56:42 +0000] - 369.194 ms localhost
GET /chunk-VKIE2WKY.js 304 [02/Mar/2025:16:56:42 +0000] - 12.411 ms localhost
GET /chunk-TT6STR3E.js 200 [02/Mar/2025:16:56:42 +0000] - 27.086 ms localhost
GET /chunk-2BDDLQBH.js 304 [02/Mar/2025:16:56:42 +0000] - 3.681 ms localhost
GET /api/booking/adminData 304 [02/Mar/2025:16:56:43 +0000] - 56.560 ms localhost
GET / - [02/Mar/2025:17:00:35 +0000] - - ms localhost
