GET /api/user/logout 200 [04/Apr/2025:20:06:33 +0000] - 491.916 ms localhost
GET /login.component.css.map 200 [04/Apr/2025:20:06:34 +0000] - 92.021 ms localhost
GET / 200 [07/Apr/2025:16:07:16 +0000] - 225.948 ms localhost
GET /styles.css 200 [07/Apr/2025:16:07:16 +0000] - 47.561 ms localhost
GET /@vite/client 200 [07/Apr/2025:16:07:16 +0000] - 339.415 ms localhost
GET /polyfills.js 200 [07/Apr/2025:16:07:16 +0000] - 21.166 ms localhost
GET /scripts.js 200 [07/Apr/2025:16:07:16 +0000] - 30.397 ms localhost
GET /main.js 200 [07/Apr/2025:16:07:16 +0000] - 33.420 ms localhost
GET /@fs/C:/Users/USER/Documents/BroCampTasks/Angular_Project/frontend/node_modules/vite/dist/client/env.mjs 200 [07/Apr/2025:16:07:16 +0000] - 11.337 ms localhost
GET /chunk-JGBXDEY7.js 200 [07/Apr/2025:16:07:16 +0000] - 21.856 ms localhost
GET /chunk-JK2OZDZD.js 200 [07/Apr/2025:16:07:16 +0000] - 22.814 ms localhost
GET /chunk-DS2VOW6E.js 200 [07/Apr/2025:16:07:16 +0000] - 20.288 ms localhost
GET /@fs/C:/Users/USER/Documents/BroCampTasks/Angular_Project/frontend/.angular/cache/18.2.15/frontend/vite/deps/@angular_platform-browser.js?v=ffa03c27 200 [07/Apr/2025:16:07:16 +0000] - 16.026 ms localhost
GET /@fs/C:/Users/USER/Documents/BroCampTasks/Angular_Project/frontend/.angular/cache/18.2.15/frontend/vite/deps/@angular_core.js?v=ffa03c27 200 [07/Apr/2025:16:07:16 +0000] - 17.688 ms localhost
GET /@fs/C:/Users/USER/Documents/BroCampTasks/Angular_Project/frontend/.angular/cache/18.2.15/frontend/vite/deps/@angular_router.js?v=ffa03c27 200 [07/Apr/2025:16:07:17 +0000] - 8.944 ms localhost
GET /@fs/C:/Users/USER/Documents/BroCampTasks/Angular_Project/frontend/.angular/cache/18.2.15/frontend/vite/deps/@angular_common_http.js?v=ffa03c27 200 [07/Apr/2025:16:07:17 +0000] - 25.559 ms localhost
GET /@fs/C:/Users/USER/Documents/BroCampTasks/Angular_Project/frontend/.angular/cache/18.2.15/frontend/vite/deps/rxjs.js?v=ffa03c27 200 [07/Apr/2025:16:07:17 +0000] - 27.793 ms localhost
GET /@fs/C:/Users/USER/Documents/BroCampTasks/Angular_Project/frontend/.angular/cache/18.2.15/frontend/vite/deps/ngx-socket-io.js?v=ffa03c27 200 [07/Apr/2025:16:07:17 +0000] - 26.171 ms localhost
GET /@fs/C:/Users/USER/Documents/BroCampTasks/Angular_Project/frontend/.angular/cache/18.2.15/frontend/vite/deps/@angular_forms.js?v=ffa03c27 200 [07/Apr/2025:16:07:17 +0000] - 28.689 ms localhost
GET /@fs/C:/Users/USER/Documents/BroCampTasks/Angular_Project/frontend/.angular/cache/18.2.15/frontend/vite/deps/emoji-picker-element.js?v=ffa03c27 200 [07/Apr/2025:16:07:17 +0000] - 24.460 ms localhost
GET /@fs/C:/Users/USER/Documents/BroCampTasks/Angular_Project/frontend/.angular/cache/18.2.15/frontend/vite/deps/chunk-TI4NIV3R.js?v=ffa03c27 200 [07/Apr/2025:16:07:17 +0000] - 4.364 ms localhost
GET /@fs/C:/Users/USER/Documents/BroCampTasks/Angular_Project/frontend/.angular/cache/18.2.15/frontend/vite/deps/chunk-KHJLBV7G.js?v=ffa03c27 200 [07/Apr/2025:16:07:17 +0000] - 10.094 ms localhost
GET /@fs/C:/Users/USER/Documents/BroCampTasks/Angular_Project/frontend/.angular/cache/18.2.15/frontend/vite/deps/chunk-UWVBNKXZ.js?v=ffa03c27 200 [07/Apr/2025:16:07:17 +0000] - 11.431 ms localhost
GET /@fs/C:/Users/USER/Documents/BroCampTasks/Angular_Project/frontend/.angular/cache/18.2.15/frontend/vite/deps/chunk-P6U2JBMQ.js?v=ffa03c27 200 [07/Apr/2025:16:07:17 +0000] - 13.788 ms localhost
GET /@fs/C:/Users/USER/Documents/BroCampTasks/Angular_Project/frontend/.angular/cache/18.2.15/frontend/vite/deps/chunk-XWLXMCJQ.js?v=ffa03c27 200 [07/Apr/2025:16:07:17 +0000] - 14.582 ms localhost
GET /@fs/C:/Users/USER/Documents/BroCampTasks/Angular_Project/frontend/.angular/cache/18.2.15/frontend/vite/deps/chunk-KPU55VW5.js?v=ffa03c27 200 [07/Apr/2025:16:07:17 +0000] - 18.601 ms localhost
GET /chunk-NFJAFHB4.js 200 [07/Apr/2025:16:07:17 +0000] - 10.137 ms localhost
GET /favicon.ico 200 [07/Apr/2025:16:07:18 +0000] - 21.699 ms localhost
GET /chunk-KSELMSGV.js 200 [07/Apr/2025:16:07:18 +0000] - 4.688 ms localhost
GET /chunk-NEDMBWF5.js 200 [07/Apr/2025:16:07:18 +0000] - 9.047 ms localhost
GET /chunk-J7PPH75M.js 200 [07/Apr/2025:16:07:18 +0000] - 10.276 ms localhost
GET /chunk-KJ77OHGA.js 200 [07/Apr/2025:16:07:18 +0000] - 10.599 ms localhost
GET /styles.css 200 [07/Apr/2025:16:07:20 +0000] - 7.264 ms localhost
GET /@fs/C:/Users/USER/Documents/BroCampTasks/Angular_Project/frontend/.angular/cache/18.2.15/frontend/vite/deps/@angular_platform-browser.js.map 200 [07/Apr/2025:16:07:21 +0000] - 15.985 ms localhost
GET /@fs/C:/Users/USER/Documents/BroCampTasks/Angular_Project/frontend/.angular/cache/18.2.15/frontend/vite/deps/@angular_common_http.js.map 200 [07/Apr/2025:16:07:21 +0000] - 14.556 ms localhost
GET /@fs/C:/Users/USER/Documents/BroCampTasks/Angular_Project/frontend/.angular/cache/18.2.15/frontend/vite/deps/rxjs.js.map 200 [07/Apr/2025:16:07:21 +0000] - 13.699 ms localhost
GET /@fs/C:/Users/USER/Documents/BroCampTasks/Angular_Project/frontend/.angular/cache/18.2.15/frontend/vite/deps/@angular_core.js.map 200 [07/Apr/2025:16:07:21 +0000] - 19.287 ms localhost
GET /@fs/C:/Users/USER/Documents/BroCampTasks/Angular_Project/frontend/.angular/cache/18.2.15/frontend/vite/deps/@angular_router.js.map 200 [07/Apr/2025:16:07:21 +0000] - 26.418 ms localhost
GET /@fs/C:/Users/USER/Documents/BroCampTasks/Angular_Project/frontend/.angular/cache/18.2.15/frontend/vite/deps/ngx-socket-io.js.map 200 [07/Apr/2025:16:07:21 +0000] - 27.401 ms localhost
GET /@fs/C:/Users/USER/Documents/BroCampTasks/Angular_Project/frontend/.angular/cache/18.2.15/frontend/vite/deps/emoji-picker-element.js.map 200 [07/Apr/2025:16:07:21 +0000] - 12.745 ms localhost
GET /@fs/C:/Users/USER/Documents/BroCampTasks/Angular_Project/frontend/.angular/cache/18.2.15/frontend/vite/deps/@angular_forms.js.map 200 [07/Apr/2025:16:07:21 +0000] - 28.592 ms localhost
GET /@fs/C:/Users/USER/Documents/BroCampTasks/Angular_Project/frontend/.angular/cache/18.2.15/frontend/vite/deps/chunk-TI4NIV3R.js.map 200 [07/Apr/2025:16:07:21 +0000] - 31.206 ms localhost
GET /@fs/C:/Users/USER/Documents/BroCampTasks/Angular_Project/frontend/.angular/cache/18.2.15/frontend/vite/deps/chunk-KHJLBV7G.js.map 200 [07/Apr/2025:16:07:21 +0000] - 32.204 ms localhost
GET /@fs/C:/Users/USER/Documents/BroCampTasks/Angular_Project/frontend/.angular/cache/18.2.15/frontend/vite/deps/chunk-UWVBNKXZ.js.map 200 [07/Apr/2025:16:07:21 +0000] - 23.139 ms localhost
GET /@fs/C:/Users/USER/Documents/BroCampTasks/Angular_Project/frontend/.angular/cache/18.2.15/frontend/vite/deps/chunk-XWLXMCJQ.js.map 200 [07/Apr/2025:16:07:21 +0000] - 30.781 ms localhost
GET /@fs/C:/Users/USER/Documents/BroCampTasks/Angular_Project/frontend/.angular/cache/18.2.15/frontend/vite/deps/chunk-P6U2JBMQ.js.map 200 [07/Apr/2025:16:07:21 +0000] - 9.237 ms localhost
GET /@fs/C:/Users/USER/Documents/BroCampTasks/Angular_Project/frontend/.angular/cache/18.2.15/frontend/vite/deps/chunk-KPU55VW5.js.map 200 [07/Apr/2025:16:07:21 +0000] - 68.859 ms localhost
GET /login.component.css.map 200 [07/Apr/2025:16:07:21 +0000] - 62.163 ms localhost
GET /styles.css.map 200 [07/Apr/2025:16:07:21 +0000] - 65.399 ms localhost
POST /api/user/register 200 [07/Apr/2025:16:08:12 +0000] - 3896.267 ms localhost
GET /login 200 [07/Apr/2025:16:10:15 +0000] - 32.096 ms localhost
GET /?token=OCIXJZtcKpSg - [07/Apr/2025:16:10:15 +0000] - - ms localhost
GET /@vite/client 200 [07/Apr/2025:16:10:15 +0000] - 44.615 ms localhost
GET /styles.css 200 [07/Apr/2025:16:10:15 +0000] - 49.659 ms localhost
GET /polyfills.js 200 [07/Apr/2025:16:10:15 +0000] - 42.888 ms localhost
GET /main.js 200 [07/Apr/2025:16:10:15 +0000] - 42.614 ms localhost
GET /@fs/C:/Users/USER/Documents/BroCampTasks/Angular_Project/frontend/node_modules/vite/dist/client/env.mjs 200 [07/Apr/2025:16:10:15 +0000] - 37.014 ms localhost
GET /scripts.js 200 [07/Apr/2025:16:10:15 +0000] - 22.851 ms localhost
GET /chunk-JK2OZDZD.js 200 [07/Apr/2025:16:10:16 +0000] - 3.695 ms localhost
GET /chunk-DS2VOW6E.js 200 [07/Apr/2025:16:10:16 +0000] - 16.369 ms localhost
GET /chunk-JGBXDEY7.js 200 [07/Apr/2025:16:10:16 +0000] - 20.528 ms localhost
GET /@fs/C:/Users/USER/Documents/BroCampTasks/Angular_Project/frontend/.angular/cache/18.2.15/frontend/vite/deps/@angular_platform-browser.js?v=ffa03c27 200 [07/Apr/2025:16:10:16 +0000] - 15.006 ms localhost
GET /@fs/C:/Users/USER/Documents/BroCampTasks/Angular_Project/frontend/.angular/cache/18.2.15/frontend/vite/deps/@angular_core.js?v=ffa03c27 200 [07/Apr/2025:16:10:16 +0000] - 13.651 ms localhost
GET /@fs/C:/Users/USER/Documents/BroCampTasks/Angular_Project/frontend/.angular/cache/18.2.15/frontend/vite/deps/@angular_router.js?v=ffa03c27 200 [07/Apr/2025:16:10:16 +0000] - 20.309 ms localhost
GET /@fs/C:/Users/USER/Documents/BroCampTasks/Angular_Project/frontend/.angular/cache/18.2.15/frontend/vite/deps/@angular_common_http.js?v=ffa03c27 200 [07/Apr/2025:16:10:16 +0000] - 3.411 ms localhost
GET /@fs/C:/Users/USER/Documents/BroCampTasks/Angular_Project/frontend/.angular/cache/18.2.15/frontend/vite/deps/rxjs.js?v=ffa03c27 200 [07/Apr/2025:16:10:16 +0000] - 7.635 ms localhost
GET /@fs/C:/Users/USER/Documents/BroCampTasks/Angular_Project/frontend/.angular/cache/18.2.15/frontend/vite/deps/ngx-socket-io.js?v=ffa03c27 200 [07/Apr/2025:16:10:16 +0000] - 5.043 ms localhost
GET /@fs/C:/Users/USER/Documents/BroCampTasks/Angular_Project/frontend/.angular/cache/18.2.15/frontend/vite/deps/@angular_forms.js?v=ffa03c27 200 [07/Apr/2025:16:10:16 +0000] - 9.290 ms localhost
GET /@fs/C:/Users/USER/Documents/BroCampTasks/Angular_Project/frontend/.angular/cache/18.2.15/frontend/vite/deps/emoji-picker-element.js?v=ffa03c27 200 [07/Apr/2025:16:10:16 +0000] - 4.802 ms localhost
GET /@fs/C:/Users/USER/Documents/BroCampTasks/Angular_Project/frontend/.angular/cache/18.2.15/frontend/vite/deps/chunk-TI4NIV3R.js?v=ffa03c27 200 [07/Apr/2025:16:10:16 +0000] - 5.539 ms localhost
GET /@fs/C:/Users/USER/Documents/BroCampTasks/Angular_Project/frontend/.angular/cache/18.2.15/frontend/vite/deps/chunk-KHJLBV7G.js?v=ffa03c27 200 [07/Apr/2025:16:10:16 +0000] - 9.905 ms localhost
GET /@fs/C:/Users/USER/Documents/BroCampTasks/Angular_Project/frontend/.angular/cache/18.2.15/frontend/vite/deps/chunk-UWVBNKXZ.js?v=ffa03c27 200 [07/Apr/2025:16:10:17 +0000] - 10.746 ms localhost
GET /@fs/C:/Users/USER/Documents/BroCampTasks/Angular_Project/frontend/.angular/cache/18.2.15/frontend/vite/deps/chunk-KPU55VW5.js?v=ffa03c27 200 [07/Apr/2025:16:10:17 +0000] - 25.354 ms localhost
GET /@fs/C:/Users/USER/Documents/BroCampTasks/Angular_Project/frontend/.angular/cache/18.2.15/frontend/vite/deps/chunk-P6U2JBMQ.js?v=ffa03c27 200 [07/Apr/2025:16:10:17 +0000] - 24.939 ms localhost
GET /@fs/C:/Users/USER/Documents/BroCampTasks/Angular_Project/frontend/.angular/cache/18.2.15/frontend/vite/deps/chunk-XWLXMCJQ.js?v=ffa03c27 200 [07/Apr/2025:16:10:17 +0000] - 26.978 ms localhost
GET /styles.css.map 200 [07/Apr/2025:16:10:17 +0000] - 10.335 ms localhost
GET /chunk-NFJAFHB4.js 200 [07/Apr/2025:16:10:17 +0000] - 12.139 ms localhost
GET /@fs/C:/Users/USER/Documents/BroCampTasks/Angular_Project/frontend/.angular/cache/18.2.15/frontend/vite/deps/@angular_core.js.map 200 [07/Apr/2025:16:10:17 +0000] - 20.903 ms localhost
GET /@fs/C:/Users/USER/Documents/BroCampTasks/Angular_Project/frontend/.angular/cache/18.2.15/frontend/vite/deps/chunk-P6U2JBMQ.js.map 200 [07/Apr/2025:16:10:17 +0000] - 29.119 ms localhost
GET /@fs/C:/Users/USER/Documents/BroCampTasks/Angular_Project/frontend/.angular/cache/18.2.15/frontend/vite/deps/rxjs.js.map 200 [07/Apr/2025:16:10:17 +0000] - 28.697 ms localhost
GET /@fs/C:/Users/USER/Documents/BroCampTasks/Angular_Project/frontend/.angular/cache/18.2.15/frontend/vite/deps/chunk-XWLXMCJQ.js.map 200 [07/Apr/2025:16:10:17 +0000] - 31.938 ms localhost
GET /@fs/C:/Users/USER/Documents/BroCampTasks/Angular_Project/frontend/.angular/cache/18.2.15/frontend/vite/deps/chunk-KPU55VW5.js.map 200 [07/Apr/2025:16:10:17 +0000] - 96.108 ms localhost
GET /chunk-KSELMSGV.js 200 [07/Apr/2025:16:10:17 +0000] - 2.608 ms localhost
GET /chunk-NEDMBWF5.js 200 [07/Apr/2025:16:10:17 +0000] - 2.188 ms localhost
GET /chunk-J7PPH75M.js 200 [07/Apr/2025:16:10:17 +0000] - 4.526 ms localhost
GET /chunk-KJ77OHGA.js 200 [07/Apr/2025:16:10:17 +0000] - 2.568 ms localhost
GET /@fs/C:/Users/USER/Documents/BroCampTasks/Angular_Project/frontend/.angular/cache/18.2.15/frontend/vite/deps/@angular_common_http.js.map 200 [07/Apr/2025:16:10:17 +0000] - 3.749 ms localhost
GET /@fs/C:/Users/USER/Documents/BroCampTasks/Angular_Project/frontend/.angular/cache/18.2.15/frontend/vite/deps/chunk-KHJLBV7G.js.map 200 [07/Apr/2025:16:10:18 +0000] - 10.977 ms localhost
GET /@fs/C:/Users/USER/Documents/BroCampTasks/Angular_Project/frontend/.angular/cache/18.2.15/frontend/vite/deps/chunk-UWVBNKXZ.js.map 200 [07/Apr/2025:16:10:18 +0000] - 25.517 ms localhost
GET /@fs/C:/Users/USER/Documents/BroCampTasks/Angular_Project/frontend/.angular/cache/18.2.15/frontend/vite/deps/@angular_platform-browser.js.map 200 [07/Apr/2025:16:10:18 +0000] - 16.154 ms localhost
GET /@fs/C:/Users/USER/Documents/BroCampTasks/Angular_Project/frontend/.angular/cache/18.2.15/frontend/vite/deps/chunk-TI4NIV3R.js.map 200 [07/Apr/2025:16:10:18 +0000] - 16.489 ms localhost
GET /@fs/C:/Users/USER/Documents/BroCampTasks/Angular_Project/frontend/.angular/cache/18.2.15/frontend/vite/deps/ngx-socket-io.js.map 200 [07/Apr/2025:16:10:18 +0000] - 44.711 ms localhost
GET /@fs/C:/Users/USER/Documents/BroCampTasks/Angular_Project/frontend/.angular/cache/18.2.15/frontend/vite/deps/@angular_router.js.map 200 [07/Apr/2025:16:10:18 +0000] - 56.321 ms localhost
GET /@fs/C:/Users/USER/Documents/BroCampTasks/Angular_Project/frontend/.angular/cache/18.2.15/frontend/vite/deps/@angular_forms.js.map 200 [07/Apr/2025:16:10:18 +0000] - 17.659 ms localhost
GET /@fs/C:/Users/USER/Documents/BroCampTasks/Angular_Project/frontend/.angular/cache/18.2.15/frontend/vite/deps/emoji-picker-element.js.map 200 [07/Apr/2025:16:10:18 +0000] - 7.185 ms localhost
GET /login.component.css.map 200 [07/Apr/2025:16:10:18 +0000] - 3.211 ms localhost
POST /api/user/login 400 [07/Apr/2025:16:10:27 +0000] - 83.780 ms localhost
GET /chunk-PASMQHTY.js 200 [07/Apr/2025:16:10:27 +0000] - 6.613 ms localhost
POST /api/user/email/verify 200 [07/Apr/2025:16:10:48 +0000] - 2400.261 ms localhost
GET /chunk-3W7M4UWT.js 200 [07/Apr/2025:16:10:50 +0000] - 13.515 ms localhost
POST /api/user/email/verify - [07/Apr/2025:16:10:50 +0000] - - ms localhost
POST /api/user/otp/verify 200 [07/Apr/2025:16:11:19 +0000] - 32.103 ms localhost
GET /login.component.css.map 200 [07/Apr/2025:16:11:20 +0000] - 3.124 ms localhost
POST /api/user/login 200 [07/Apr/2025:16:11:30 +0000] - 145.232 ms localhost
GET /chunk-LOGHFZ4K.js 200 [07/Apr/2025:16:11:30 +0000] - 5.327 ms localhost
GET /chunk-KHP6R7IV.js 200 [07/Apr/2025:16:11:30 +0000] - 10.544 ms localhost
GET /chunk-7BOPWNU7.js 200 [07/Apr/2025:16:11:30 +0000] - 16.874 ms localhost
GET /chunk-7PGNXLEN.js 200 [07/Apr/2025:16:11:30 +0000] - 7.645 ms localhost
GET /@fs/C:/Users/USER/Documents/BroCampTasks/Angular_Project/frontend/.angular/cache/18.2.15/frontend/vite/deps/bootstrap.js?v=ffa03c27 200 [07/Apr/2025:16:11:30 +0000] - 13.818 ms localhost
GET /@fs/C:/Users/USER/Documents/BroCampTasks/Angular_Project/frontend/.angular/cache/18.2.15/frontend/vite/deps/@angular_common.js?v=ffa03c27 200 [07/Apr/2025:16:11:30 +0000] - 17.648 ms localhost
GET /@fs/C:/Users/USER/Documents/BroCampTasks/Angular_Project/frontend/.angular/cache/18.2.15/frontend/vite/deps/chart__js.js?v=ffa03c27 200 [07/Apr/2025:16:11:30 +0000] - 18.579 ms localhost
GET /@fs/C:/Users/USER/Documents/BroCampTasks/Angular_Project/frontend/.angular/cache/18.2.15/frontend/vite/deps/@angular_common.js.map 200 [07/Apr/2025:16:11:31 +0000] - 37.933 ms localhost
GET /@fs/C:/Users/USER/Documents/BroCampTasks/Angular_Project/frontend/.angular/cache/18.2.15/frontend/vite/deps/bootstrap.js.map 200 [07/Apr/2025:16:11:31 +0000] - 54.916 ms localhost
GET /@fs/C:/Users/USER/Documents/BroCampTasks/Angular_Project/frontend/.angular/cache/18.2.15/frontend/vite/deps/chart__js.js.map 200 [07/Apr/2025:16:11:31 +0000] - 70.442 ms localhost
GET /dashboard.component.css.map 200 [07/Apr/2025:16:11:31 +0000] - 6.778 ms localhost
GET /user-dashboard.component.css.map 200 [07/Apr/2025:16:11:31 +0000] - 6.911 ms localhost
GET /layout.component.css.map 200 [07/Apr/2025:16:11:31 +0000] - 6.270 ms localhost
GET /api/user/logout 200 [07/Apr/2025:16:11:36 +0000] - 48.793 ms localhost
GET /login.component.css.map 200 [07/Apr/2025:16:11:36 +0000] - 4.816 ms localhost
GET /login 200 [07/Apr/2025:16:12:21 +0000] - 19.131 ms localhost
GET /?token=OCIXJZtcKpSg - [07/Apr/2025:16:12:21 +0000] - - ms localhost
GET /@vite/client 200 [07/Apr/2025:16:12:21 +0000] - 24.773 ms localhost
GET /styles.css 200 [07/Apr/2025:16:12:22 +0000] - 4.376 ms localhost
GET /polyfills.js 200 [07/Apr/2025:16:12:22 +0000] - 14.213 ms localhost
GET /main.js 200 [07/Apr/2025:16:12:22 +0000] - 16.152 ms localhost
GET /@fs/C:/Users/USER/Documents/BroCampTasks/Angular_Project/frontend/node_modules/vite/dist/client/env.mjs 200 [07/Apr/2025:16:12:22 +0000] - 16.061 ms localhost
GET /scripts.js 200 [07/Apr/2025:16:12:22 +0000] - 14.072 ms localhost
GET /chunk-JK2OZDZD.js 200 [07/Apr/2025:16:12:22 +0000] - 3.651 ms localhost
GET /@fs/C:/Users/USER/Documents/BroCampTasks/Angular_Project/frontend/.angular/cache/18.2.15/frontend/vite/deps/@angular_router.js?v=ffa03c27 200 [07/Apr/2025:16:12:22 +0000] - 7.055 ms localhost
GET /chunk-JGBXDEY7.js 200 [07/Apr/2025:16:12:22 +0000] - 26.374 ms localhost
GET /chunk-DS2VOW6E.js 200 [07/Apr/2025:16:12:22 +0000] - 25.581 ms localhost
GET /@fs/C:/Users/USER/Documents/BroCampTasks/Angular_Project/frontend/.angular/cache/18.2.15/frontend/vite/deps/@angular_platform-browser.js?v=ffa03c27 200 [07/Apr/2025:16:12:22 +0000] - 24.826 ms localhost
GET /@fs/C:/Users/USER/Documents/BroCampTasks/Angular_Project/frontend/.angular/cache/18.2.15/frontend/vite/deps/@angular_core.js?v=ffa03c27 200 [07/Apr/2025:16:12:22 +0000] - 22.924 ms localhost
GET /@fs/C:/Users/USER/Documents/BroCampTasks/Angular_Project/frontend/.angular/cache/18.2.15/frontend/vite/deps/@angular_common_http.js?v=ffa03c27 200 [07/Apr/2025:16:12:22 +0000] - 3.467 ms localhost
GET /@fs/C:/Users/USER/Documents/BroCampTasks/Angular_Project/frontend/.angular/cache/18.2.15/frontend/vite/deps/ngx-socket-io.js?v=ffa03c27 200 [07/Apr/2025:16:12:23 +0000] - 18.943 ms localhost
GET /@fs/C:/Users/USER/Documents/BroCampTasks/Angular_Project/frontend/.angular/cache/18.2.15/frontend/vite/deps/@angular_forms.js?v=ffa03c27 200 [07/Apr/2025:16:12:23 +0000] - 22.155 ms localhost
GET /@fs/C:/Users/USER/Documents/BroCampTasks/Angular_Project/frontend/.angular/cache/18.2.15/frontend/vite/deps/emoji-picker-element.js?v=ffa03c27 200 [07/Apr/2025:16:12:23 +0000] - 23.436 ms localhost
GET /@fs/C:/Users/USER/Documents/BroCampTasks/Angular_Project/frontend/.angular/cache/18.2.15/frontend/vite/deps/chunk-TI4NIV3R.js?v=ffa03c27 200 [07/Apr/2025:16:12:23 +0000] - 20.948 ms localhost
GET /@fs/C:/Users/USER/Documents/BroCampTasks/Angular_Project/frontend/.angular/cache/18.2.15/frontend/vite/deps/rxjs.js?v=ffa03c27 200 [07/Apr/2025:16:12:23 +0000] - 33.150 ms localhost
GET /@fs/C:/Users/USER/Documents/BroCampTasks/Angular_Project/frontend/.angular/cache/18.2.15/frontend/vite/deps/chunk-KHJLBV7G.js?v=ffa03c27 200 [07/Apr/2025:16:12:23 +0000] - 6.626 ms localhost
GET /@fs/C:/Users/USER/Documents/BroCampTasks/Angular_Project/frontend/.angular/cache/18.2.15/frontend/vite/deps/chunk-UWVBNKXZ.js?v=ffa03c27 200 [07/Apr/2025:16:12:23 +0000] - 13.019 ms localhost
GET /@fs/C:/Users/USER/Documents/BroCampTasks/Angular_Project/frontend/.angular/cache/18.2.15/frontend/vite/deps/chunk-KPU55VW5.js?v=ffa03c27 200 [07/Apr/2025:16:12:23 +0000] - 18.790 ms localhost
GET /@fs/C:/Users/USER/Documents/BroCampTasks/Angular_Project/frontend/.angular/cache/18.2.15/frontend/vite/deps/chunk-P6U2JBMQ.js?v=ffa03c27 200 [07/Apr/2025:16:12:23 +0000] - 21.854 ms localhost
GET /@fs/C:/Users/USER/Documents/BroCampTasks/Angular_Project/frontend/.angular/cache/18.2.15/frontend/vite/deps/chunk-XWLXMCJQ.js?v=ffa03c27 200 [07/Apr/2025:16:12:23 +0000] - 21.498 ms localhost
GET /styles.css.map 200 [07/Apr/2025:16:12:23 +0000] - 22.097 ms localhost
GET /chunk-NFJAFHB4.js 200 [07/Apr/2025:16:12:23 +0000] - 3.529 ms localhost
GET /chunk-KSELMSGV.js 200 [07/Apr/2025:16:12:23 +0000] - 7.774 ms localhost
GET /chunk-NEDMBWF5.js 200 [07/Apr/2025:16:12:23 +0000] - 7.907 ms localhost
GET /chunk-J7PPH75M.js 200 [07/Apr/2025:16:12:23 +0000] - 8.543 ms localhost
GET /chunk-KJ77OHGA.js 200 [07/Apr/2025:16:12:23 +0000] - 8.953 ms localhost
GET /favicon.ico 200 [07/Apr/2025:16:12:23 +0000] - 20.290 ms localhost
GET /@fs/C:/Users/USER/Documents/BroCampTasks/Angular_Project/frontend/.angular/cache/18.2.15/frontend/vite/deps/@angular_core.js.map 200 [07/Apr/2025:16:12:23 +0000] - 5.840 ms localhost
GET /@fs/C:/Users/USER/Documents/BroCampTasks/Angular_Project/frontend/.angular/cache/18.2.15/frontend/vite/deps/chunk-XWLXMCJQ.js.map 200 [07/Apr/2025:16:12:24 +0000] - 8.021 ms localhost
GET /@fs/C:/Users/USER/Documents/BroCampTasks/Angular_Project/frontend/.angular/cache/18.2.15/frontend/vite/deps/chunk-P6U2JBMQ.js.map 200 [07/Apr/2025:16:12:24 +0000] - 28.970 ms localhost
GET /@fs/C:/Users/USER/Documents/BroCampTasks/Angular_Project/frontend/.angular/cache/18.2.15/frontend/vite/deps/rxjs.js.map 200 [07/Apr/2025:16:12:24 +0000] - 35.616 ms localhost
GET /@fs/C:/Users/USER/Documents/BroCampTasks/Angular_Project/frontend/.angular/cache/18.2.15/frontend/vite/deps/chunk-KPU55VW5.js.map 200 [07/Apr/2025:16:12:24 +0000] - 176.387 ms localhost
GET /@fs/C:/Users/USER/Documents/BroCampTasks/Angular_Project/frontend/.angular/cache/18.2.15/frontend/vite/deps/@angular_common_http.js.map 200 [07/Apr/2025:16:12:24 +0000] - 170.870 ms localhost
GET /@fs/C:/Users/USER/Documents/BroCampTasks/Angular_Project/frontend/.angular/cache/18.2.15/frontend/vite/deps/chunk-KHJLBV7G.js.map 200 [07/Apr/2025:16:12:24 +0000] - 108.093 ms localhost
GET /@fs/C:/Users/USER/Documents/BroCampTasks/Angular_Project/frontend/.angular/cache/18.2.15/frontend/vite/deps/chunk-UWVBNKXZ.js.map 200 [07/Apr/2025:16:12:24 +0000] - 13.436 ms localhost
GET /@fs/C:/Users/USER/Documents/BroCampTasks/Angular_Project/frontend/.angular/cache/18.2.15/frontend/vite/deps/@angular_platform-browser.js.map 200 [07/Apr/2025:16:12:24 +0000] - 7.933 ms localhost
GET /@fs/C:/Users/USER/Documents/BroCampTasks/Angular_Project/frontend/.angular/cache/18.2.15/frontend/vite/deps/chunk-TI4NIV3R.js.map 200 [07/Apr/2025:16:12:24 +0000] - 13.518 ms localhost
GET /@fs/C:/Users/USER/Documents/BroCampTasks/Angular_Project/frontend/.angular/cache/18.2.15/frontend/vite/deps/ngx-socket-io.js.map 200 [07/Apr/2025:16:12:24 +0000] - 18.085 ms localhost
GET /@fs/C:/Users/USER/Documents/BroCampTasks/Angular_Project/frontend/.angular/cache/18.2.15/frontend/vite/deps/@angular_router.js.map 200 [07/Apr/2025:16:12:24 +0000] - 37.216 ms localhost
GET /@fs/C:/Users/USER/Documents/BroCampTasks/Angular_Project/frontend/.angular/cache/18.2.15/frontend/vite/deps/@angular_forms.js.map 200 [07/Apr/2025:16:12:24 +0000] - 34.980 ms localhost
GET /@fs/C:/Users/USER/Documents/BroCampTasks/Angular_Project/frontend/.angular/cache/18.2.15/frontend/vite/deps/emoji-picker-element.js.map 200 [07/Apr/2025:16:12:24 +0000] - 7.076 ms localhost
GET /login.component.css.map 200 [07/Apr/2025:16:12:24 +0000] - 2.573 ms localhost
GET /?token=OCIXJZtcKpSg - [07/Apr/2025:16:16:22 +0000] - - ms localhost
GET /login 200 [07/Apr/2025:16:18:31 +0000] - 12.314 ms localhost
GET /@vite/client 200 [07/Apr/2025:16:18:31 +0000] - 31.732 ms localhost
GET /styles.css 200 [07/Apr/2025:16:18:31 +0000] - 3.175 ms localhost
GET /polyfills.js 200 [07/Apr/2025:16:18:31 +0000] - 7.834 ms localhost
GET /main.js 200 [07/Apr/2025:16:18:31 +0000] - 8.946 ms localhost
GET /@fs/C:/Users/USER/Documents/BroCampTasks/Angular_Project/frontend/node_modules/vite/dist/client/env.mjs 200 [07/Apr/2025:16:18:32 +0000] - 6.093 ms localhost
GET /scripts.js 200 [07/Apr/2025:16:18:32 +0000] - 10.263 ms localhost
GET /chunk-JK2OZDZD.js 200 [07/Apr/2025:16:18:32 +0000] - 3.081 ms localhost
GET /chunk-JGBXDEY7.js 200 [07/Apr/2025:16:18:32 +0000] - 11.832 ms localhost
GET /@fs/C:/Users/USER/Documents/BroCampTasks/Angular_Project/frontend/.angular/cache/18.2.15/frontend/vite/deps/@angular_router.js?v=ffa03c27 200 [07/Apr/2025:16:18:32 +0000] - 10.159 ms localhost
GET /chunk-DS2VOW6E.js 200 [07/Apr/2025:16:18:32 +0000] - 15.910 ms localhost
GET /@fs/C:/Users/USER/Documents/BroCampTasks/Angular_Project/frontend/.angular/cache/18.2.15/frontend/vite/deps/@angular_platform-browser.js?v=ffa03c27 200 [07/Apr/2025:16:18:32 +0000] - 15.666 ms localhost
GET /@fs/C:/Users/USER/Documents/BroCampTasks/Angular_Project/frontend/.angular/cache/18.2.15/frontend/vite/deps/@angular_core.js?v=ffa03c27 200 [07/Apr/2025:16:18:32 +0000] - 15.128 ms localhost
GET /@fs/C:/Users/USER/Documents/BroCampTasks/Angular_Project/frontend/.angular/cache/18.2.15/frontend/vite/deps/@angular_common_http.js?v=ffa03c27 200 [07/Apr/2025:16:18:32 +0000] - 2.401 ms localhost
GET /@fs/C:/Users/USER/Documents/BroCampTasks/Angular_Project/frontend/.angular/cache/18.2.15/frontend/vite/deps/rxjs.js?v=ffa03c27 200 [07/Apr/2025:16:18:32 +0000] - 9.206 ms localhost
GET /@fs/C:/Users/USER/Documents/BroCampTasks/Angular_Project/frontend/.angular/cache/18.2.15/frontend/vite/deps/ngx-socket-io.js?v=ffa03c27 200 [07/Apr/2025:16:18:32 +0000] - 9.015 ms localhost
GET /@fs/C:/Users/USER/Documents/BroCampTasks/Angular_Project/frontend/.angular/cache/18.2.15/frontend/vite/deps/@angular_forms.js?v=ffa03c27 200 [07/Apr/2025:16:18:32 +0000] - 11.067 ms localhost
GET /@fs/C:/Users/USER/Documents/BroCampTasks/Angular_Project/frontend/.angular/cache/18.2.15/frontend/vite/deps/emoji-picker-element.js?v=ffa03c27 200 [07/Apr/2025:16:18:32 +0000] - 11.779 ms localhost
GET /@fs/C:/Users/USER/Documents/BroCampTasks/Angular_Project/frontend/.angular/cache/18.2.15/frontend/vite/deps/chunk-TI4NIV3R.js?v=ffa03c27 200 [07/Apr/2025:16:18:32 +0000] - 8.053 ms localhost
GET /@fs/C:/Users/USER/Documents/BroCampTasks/Angular_Project/frontend/.angular/cache/18.2.15/frontend/vite/deps/chunk-KHJLBV7G.js?v=ffa03c27 200 [07/Apr/2025:16:18:33 +0000] - 4.179 ms localhost
GET /@fs/C:/Users/USER/Documents/BroCampTasks/Angular_Project/frontend/.angular/cache/18.2.15/frontend/vite/deps/chunk-UWVBNKXZ.js?v=ffa03c27 200 [07/Apr/2025:16:18:33 +0000] - 5.061 ms localhost
GET /@fs/C:/Users/USER/Documents/BroCampTasks/Angular_Project/frontend/.angular/cache/18.2.15/frontend/vite/deps/chunk-KPU55VW5.js?v=ffa03c27 200 [07/Apr/2025:16:18:33 +0000] - 13.347 ms localhost
GET /@fs/C:/Users/USER/Documents/BroCampTasks/Angular_Project/frontend/.angular/cache/18.2.15/frontend/vite/deps/chunk-P6U2JBMQ.js?v=ffa03c27 200 [07/Apr/2025:16:18:33 +0000] - 13.589 ms localhost
GET /@fs/C:/Users/USER/Documents/BroCampTasks/Angular_Project/frontend/.angular/cache/18.2.15/frontend/vite/deps/chunk-XWLXMCJQ.js?v=ffa03c27 200 [07/Apr/2025:16:18:33 +0000] - 14.145 ms localhost
GET /styles.css.map 200 [07/Apr/2025:16:18:33 +0000] - 7.635 ms localhost
GET /chunk-NFJAFHB4.js 200 [07/Apr/2025:16:18:33 +0000] - 10.324 ms localhost
GET /@fs/C:/Users/USER/Documents/BroCampTasks/Angular_Project/frontend/.angular/cache/18.2.15/frontend/vite/deps/@angular_core.js.map 200 [07/Apr/2025:16:18:33 +0000] - 13.808 ms localhost
GET /@fs/C:/Users/USER/Documents/BroCampTasks/Angular_Project/frontend/.angular/cache/18.2.15/frontend/vite/deps/chunk-XWLXMCJQ.js.map 200 [07/Apr/2025:16:18:33 +0000] - 11.824 ms localhost
GET /@fs/C:/Users/USER/Documents/BroCampTasks/Angular_Project/frontend/.angular/cache/18.2.15/frontend/vite/deps/rxjs.js.map 200 [07/Apr/2025:16:18:33 +0000] - 12.875 ms localhost
GET /@fs/C:/Users/USER/Documents/BroCampTasks/Angular_Project/frontend/.angular/cache/18.2.15/frontend/vite/deps/chunk-P6U2JBMQ.js.map 200 [07/Apr/2025:16:18:33 +0000] - 25.009 ms localhost
GET /@fs/C:/Users/USER/Documents/BroCampTasks/Angular_Project/frontend/.angular/cache/18.2.15/frontend/vite/deps/chunk-KPU55VW5.js.map 200 [07/Apr/2025:16:18:33 +0000] - 101.054 ms localhost
GET /chunk-KSELMSGV.js 200 [07/Apr/2025:16:18:33 +0000] - 7.282 ms localhost
GET /chunk-NEDMBWF5.js 200 [07/Apr/2025:16:18:33 +0000] - 7.349 ms localhost
GET /favicon.ico 200 [07/Apr/2025:16:18:33 +0000] - 13.413 ms localhost
GET /chunk-J7PPH75M.js 200 [07/Apr/2025:16:18:33 +0000] - 4.906 ms localhost
GET /chunk-KJ77OHGA.js 200 [07/Apr/2025:16:18:34 +0000] - 4.658 ms localhost
GET /@fs/C:/Users/USER/Documents/BroCampTasks/Angular_Project/frontend/.angular/cache/18.2.15/frontend/vite/deps/@angular_common_http.js.map 200 [07/Apr/2025:16:18:34 +0000] - 16.252 ms localhost
GET /@fs/C:/Users/USER/Documents/BroCampTasks/Angular_Project/frontend/.angular/cache/18.2.15/frontend/vite/deps/@angular_platform-browser.js.map 200 [07/Apr/2025:16:18:34 +0000] - 9.816 ms localhost
GET /@fs/C:/Users/USER/Documents/BroCampTasks/Angular_Project/frontend/.angular/cache/18.2.15/frontend/vite/deps/chunk-UWVBNKXZ.js.map 200 [07/Apr/2025:16:18:34 +0000] - 22.874 ms localhost
GET /@fs/C:/Users/USER/Documents/BroCampTasks/Angular_Project/frontend/.angular/cache/18.2.15/frontend/vite/deps/chunk-KHJLBV7G.js.map 200 [07/Apr/2025:16:18:34 +0000] - 28.584 ms localhost
GET /@fs/C:/Users/USER/Documents/BroCampTasks/Angular_Project/frontend/.angular/cache/18.2.15/frontend/vite/deps/chunk-TI4NIV3R.js.map 200 [07/Apr/2025:16:18:34 +0000] - 27.531 ms localhost
GET /@fs/C:/Users/USER/Documents/BroCampTasks/Angular_Project/frontend/.angular/cache/18.2.15/frontend/vite/deps/@angular_router.js.map 200 [07/Apr/2025:16:18:34 +0000] - 19.761 ms localhost
GET /@fs/C:/Users/USER/Documents/BroCampTasks/Angular_Project/frontend/.angular/cache/18.2.15/frontend/vite/deps/ngx-socket-io.js.map 200 [07/Apr/2025:16:18:34 +0000] - 11.480 ms localhost
GET /@fs/C:/Users/USER/Documents/BroCampTasks/Angular_Project/frontend/.angular/cache/18.2.15/frontend/vite/deps/@angular_forms.js.map 200 [07/Apr/2025:16:18:34 +0000] - 12.051 ms localhost
GET /login.component.css.map 200 [07/Apr/2025:16:18:34 +0000] - 5.258 ms localhost
GET /@fs/C:/Users/USER/Documents/BroCampTasks/Angular_Project/frontend/.angular/cache/18.2.15/frontend/vite/deps/emoji-picker-element.js.map 200 [07/Apr/2025:16:18:34 +0000] - 14.974 ms localhost
GET /?token=OCIXJZtcKpSg - [07/Apr/2025:16:22:32 +0000] - - ms localhost
GET /api/user/auth/google 302 [07/Apr/2025:16:25:27 +0000] - 84.046 ms localhost
GET /api/user/auth/google/callback?code=4%2F0Ab_5qllGvuaS_y8gpdxbL2ah_NGk8LfqvlZzOQsn7UZQPBG97v0OJuP2C_OBXJcdOGq11Q&scope=email+profile+https%3A%2F%2Fwww.googleapis.com%2Fauth%2Fuserinfo.profile+openid+https%3A%2F%2Fwww.googleapis.com%2Fauth%2Fuserinfo.email&authuser=0&prompt=none 302 [07/Apr/2025:16:25:28 +0000] - 595.165 ms localhost
GET /googleLogin/callback 200 [07/Apr/2025:16:25:28 +0000] - 13.535 ms localhost
GET /styles.css 200 [07/Apr/2025:16:25:28 +0000] - 8.316 ms localhost
GET /@vite/client 200 [07/Apr/2025:16:25:29 +0000] - 23.875 ms localhost
GET /polyfills.js 200 [07/Apr/2025:16:25:29 +0000] - 29.772 ms localhost
GET /main.js 200 [07/Apr/2025:16:25:29 +0000] - 31.505 ms localhost
GET /scripts.js 200 [07/Apr/2025:16:25:29 +0000] - 34.093 ms localhost
GET /@fs/C:/Users/USER/Documents/BroCampTasks/Angular_Project/frontend/node_modules/vite/dist/client/env.mjs 200 [07/Apr/2025:16:25:29 +0000] - 4.257 ms localhost
GET /chunk-JK2OZDZD.js 200 [07/Apr/2025:16:25:29 +0000] - 2.851 ms localhost
GET /chunk-JGBXDEY7.js 200 [07/Apr/2025:16:25:29 +0000] - 11.872 ms localhost
GET /chunk-DS2VOW6E.js 200 [07/Apr/2025:16:25:29 +0000] - 11.594 ms localhost
GET /@fs/C:/Users/USER/Documents/BroCampTasks/Angular_Project/frontend/.angular/cache/18.2.15/frontend/vite/deps/@angular_platform-browser.js?v=ffa03c27 200 [07/Apr/2025:16:25:29 +0000] - 10.985 ms localhost
GET /@fs/C:/Users/USER/Documents/BroCampTasks/Angular_Project/frontend/.angular/cache/18.2.15/frontend/vite/deps/@angular_core.js?v=ffa03c27 200 [07/Apr/2025:16:25:29 +0000] - 10.299 ms localhost
GET /@fs/C:/Users/USER/Documents/BroCampTasks/Angular_Project/frontend/.angular/cache/18.2.15/frontend/vite/deps/@angular_router.js?v=ffa03c27 200 [07/Apr/2025:16:25:29 +0000] - 11.175 ms localhost
GET /@fs/C:/Users/USER/Documents/BroCampTasks/Angular_Project/frontend/.angular/cache/18.2.15/frontend/vite/deps/@angular_common_http.js?v=ffa03c27 200 [07/Apr/2025:16:25:29 +0000] - 3.237 ms localhost
GET /@fs/C:/Users/USER/Documents/BroCampTasks/Angular_Project/frontend/.angular/cache/18.2.15/frontend/vite/deps/rxjs.js?v=ffa03c27 200 [07/Apr/2025:16:25:29 +0000] - 12.202 ms localhost
GET /@fs/C:/Users/USER/Documents/BroCampTasks/Angular_Project/frontend/.angular/cache/18.2.15/frontend/vite/deps/ngx-socket-io.js?v=ffa03c27 200 [07/Apr/2025:16:25:29 +0000] - 16.926 ms localhost
GET /@fs/C:/Users/USER/Documents/BroCampTasks/Angular_Project/frontend/.angular/cache/18.2.15/frontend/vite/deps/emoji-picker-element.js?v=ffa03c27 200 [07/Apr/2025:16:25:29 +0000] - 16.719 ms localhost
GET /@fs/C:/Users/USER/Documents/BroCampTasks/Angular_Project/frontend/.angular/cache/18.2.15/frontend/vite/deps/@angular_forms.js?v=ffa03c27 200 [07/Apr/2025:16:25:29 +0000] - 16.582 ms localhost
GET /@fs/C:/Users/USER/Documents/BroCampTasks/Angular_Project/frontend/.angular/cache/18.2.15/frontend/vite/deps/chunk-TI4NIV3R.js?v=ffa03c27 200 [07/Apr/2025:16:25:29 +0000] - 12.029 ms localhost
GET /@fs/C:/Users/USER/Documents/BroCampTasks/Angular_Project/frontend/.angular/cache/18.2.15/frontend/vite/deps/chunk-KHJLBV7G.js?v=ffa03c27 200 [07/Apr/2025:16:25:30 +0000] - 3.438 ms localhost
GET /@fs/C:/Users/USER/Documents/BroCampTasks/Angular_Project/frontend/.angular/cache/18.2.15/frontend/vite/deps/chunk-UWVBNKXZ.js?v=ffa03c27 200 [07/Apr/2025:16:25:30 +0000] - 3.609 ms localhost
GET /@fs/C:/Users/USER/Documents/BroCampTasks/Angular_Project/frontend/.angular/cache/18.2.15/frontend/vite/deps/chunk-KPU55VW5.js?v=ffa03c27 200 [07/Apr/2025:16:25:30 +0000] - 9.812 ms localhost
GET /@fs/C:/Users/USER/Documents/BroCampTasks/Angular_Project/frontend/.angular/cache/18.2.15/frontend/vite/deps/chunk-P6U2JBMQ.js?v=ffa03c27 200 [07/Apr/2025:16:25:30 +0000] - 14.471 ms localhost
GET /@fs/C:/Users/USER/Documents/BroCampTasks/Angular_Project/frontend/.angular/cache/18.2.15/frontend/vite/deps/chunk-XWLXMCJQ.js?v=ffa03c27 200 [07/Apr/2025:16:25:30 +0000] - 15.112 ms localhost
GET /styles.css.map 200 [07/Apr/2025:16:25:30 +0000] - 3.885 ms localhost
GET /chunk-UTZYDV4E.js 200 [07/Apr/2025:16:25:30 +0000] - 7.330 ms localhost
GET /chunk-KJ77OHGA.js 200 [07/Apr/2025:16:25:30 +0000] - 12.938 ms localhost
GET /@fs/C:/Users/USER/Documents/BroCampTasks/Angular_Project/frontend/.angular/cache/18.2.15/frontend/vite/deps/@angular_core.js.map 200 [07/Apr/2025:16:25:30 +0000] - 14.536 ms localhost
GET /@fs/C:/Users/USER/Documents/BroCampTasks/Angular_Project/frontend/.angular/cache/18.2.15/frontend/vite/deps/chunk-XWLXMCJQ.js.map 200 [07/Apr/2025:16:25:30 +0000] - 11.382 ms localhost
GET /@fs/C:/Users/USER/Documents/BroCampTasks/Angular_Project/frontend/.angular/cache/18.2.15/frontend/vite/deps/chunk-P6U2JBMQ.js.map 200 [07/Apr/2025:16:25:30 +0000] - 31.099 ms localhost
GET /@fs/C:/Users/USER/Documents/BroCampTasks/Angular_Project/frontend/.angular/cache/18.2.15/frontend/vite/deps/chunk-KPU55VW5.js.map 200 [07/Apr/2025:16:25:30 +0000] - 146.647 ms localhost
GET /@fs/C:/Users/USER/Documents/BroCampTasks/Angular_Project/frontend/.angular/cache/18.2.15/frontend/vite/deps/@angular_common_http.js.map 200 [07/Apr/2025:16:25:31 +0000] - 18.320 ms localhost
GET /@fs/C:/Users/USER/Documents/BroCampTasks/Angular_Project/frontend/.angular/cache/18.2.15/frontend/vite/deps/rxjs.js.map 200 [07/Apr/2025:16:25:31 +0000] - 19.209 ms localhost
GET /@fs/C:/Users/USER/Documents/BroCampTasks/Angular_Project/frontend/.angular/cache/18.2.15/frontend/vite/deps/chunk-KHJLBV7G.js.map 200 [07/Apr/2025:16:25:31 +0000] - 26.346 ms localhost
GET /@fs/C:/Users/USER/Documents/BroCampTasks/Angular_Project/frontend/.angular/cache/18.2.15/frontend/vite/deps/chunk-UWVBNKXZ.js.map 200 [07/Apr/2025:16:25:31 +0000] - 33.813 ms localhost
GET /@fs/C:/Users/USER/Documents/BroCampTasks/Angular_Project/frontend/.angular/cache/18.2.15/frontend/vite/deps/@angular_platform-browser.js.map 200 [07/Apr/2025:16:25:31 +0000] - 31.854 ms localhost
GET /api/user/data 200 [07/Apr/2025:16:25:31 +0000] - 448.036 ms localhost
GET /chunk-LOGHFZ4K.js 200 [07/Apr/2025:16:25:31 +0000] - 10.568 ms localhost
GET /@fs/C:/Users/USER/Documents/BroCampTasks/Angular_Project/frontend/.angular/cache/18.2.15/frontend/vite/deps/chunk-TI4NIV3R.js.map 200 [07/Apr/2025:16:25:31 +0000] - 17.351 ms localhost
GET /@fs/C:/Users/USER/Documents/BroCampTasks/Angular_Project/frontend/.angular/cache/18.2.15/frontend/vite/deps/@angular_router.js.map 200 [07/Apr/2025:16:25:31 +0000] - 41.294 ms localhost
GET /@fs/C:/Users/USER/Documents/BroCampTasks/Angular_Project/frontend/.angular/cache/18.2.15/frontend/vite/deps/ngx-socket-io.js.map 200 [07/Apr/2025:16:25:31 +0000] - 52.897 ms localhost
GET /@fs/C:/Users/USER/Documents/BroCampTasks/Angular_Project/frontend/.angular/cache/18.2.15/frontend/vite/deps/@angular_forms.js.map 200 [07/Apr/2025:16:25:31 +0000] - 91.744 ms localhost
GET /@fs/C:/Users/USER/Documents/BroCampTasks/Angular_Project/frontend/.angular/cache/18.2.15/frontend/vite/deps/emoji-picker-element.js.map 200 [07/Apr/2025:16:25:31 +0000] - 26.481 ms localhost
GET /chunk-KHP6R7IV.js 200 [07/Apr/2025:16:25:32 +0000] - 5.488 ms localhost
GET /chunk-7BOPWNU7.js 200 [07/Apr/2025:16:25:32 +0000] - 13.924 ms localhost
GET /chunk-7PGNXLEN.js 200 [07/Apr/2025:16:25:32 +0000] - 10.131 ms localhost
GET /@fs/C:/Users/USER/Documents/BroCampTasks/Angular_Project/frontend/.angular/cache/18.2.15/frontend/vite/deps/bootstrap.js?v=ffa03c27 200 [07/Apr/2025:16:25:32 +0000] - 9.413 ms localhost
GET /@fs/C:/Users/USER/Documents/BroCampTasks/Angular_Project/frontend/.angular/cache/18.2.15/frontend/vite/deps/@angular_common.js?v=ffa03c27 200 [07/Apr/2025:16:25:32 +0000] - 9.719 ms localhost
GET /@fs/C:/Users/USER/Documents/BroCampTasks/Angular_Project/frontend/.angular/cache/18.2.15/frontend/vite/deps/chart__js.js?v=ffa03c27 200 [07/Apr/2025:16:25:32 +0000] - 19.351 ms localhost
GET /@fs/C:/Users/USER/Documents/BroCampTasks/Angular_Project/frontend/.angular/cache/18.2.15/frontend/vite/deps/bootstrap.js.map 200 [07/Apr/2025:16:25:32 +0000] - 16.378 ms localhost
GET /@fs/C:/Users/USER/Documents/BroCampTasks/Angular_Project/frontend/.angular/cache/18.2.15/frontend/vite/deps/@angular_common.js.map 200 [07/Apr/2025:16:25:33 +0000] - 4.788 ms localhost
GET /@fs/C:/Users/USER/Documents/BroCampTasks/Angular_Project/frontend/.angular/cache/18.2.15/frontend/vite/deps/chart__js.js.map 200 [07/Apr/2025:16:25:33 +0000] - 24.381 ms localhost
GET /googleLogin/layout.component.css.map 404 [07/Apr/2025:16:25:33 +0000] - 8.189 ms localhost
GET /googleLogin/user-dashboard.component.css.map 404 [07/Apr/2025:16:25:33 +0000] - 5.680 ms localhost
GET /googleLogin/dashboard.component.css.map 404 [07/Apr/2025:16:25:33 +0000] - 6.081 ms localhost
GET /dashboard 200 [07/Apr/2025:16:26:43 +0000] - 9.282 ms localhost
GET /?token=OCIXJZtcKpSg - [07/Apr/2025:16:26:43 +0000] - - ms localhost
GET /@vite/client 200 [07/Apr/2025:16:26:43 +0000] - 35.128 ms localhost
GET /styles.css 200 [07/Apr/2025:16:26:43 +0000] - 3.552 ms localhost
GET /polyfills.js 200 [07/Apr/2025:16:26:43 +0000] - 33.867 ms localhost
GET /main.js 200 [07/Apr/2025:16:26:43 +0000] - 36.117 ms localhost
GET /@fs/C:/Users/USER/Documents/BroCampTasks/Angular_Project/frontend/node_modules/vite/dist/client/env.mjs 200 [07/Apr/2025:16:26:43 +0000] - 15.148 ms localhost
GET /chunk-JK2OZDZD.js 200 [07/Apr/2025:16:26:43 +0000] - 6.175 ms localhost
GET /chunk-JGBXDEY7.js 200 [07/Apr/2025:16:26:44 +0000] - 4.391 ms localhost
GET /chunk-DS2VOW6E.js 200 [07/Apr/2025:16:26:44 +0000] - 7.256 ms localhost
GET /@fs/C:/Users/USER/Documents/BroCampTasks/Angular_Project/frontend/.angular/cache/18.2.15/frontend/vite/deps/@angular_platform-browser.js?v=ffa03c27 200 [07/Apr/2025:16:26:44 +0000] - 5.876 ms localhost
GET /@fs/C:/Users/USER/Documents/BroCampTasks/Angular_Project/frontend/.angular/cache/18.2.15/frontend/vite/deps/@angular_core.js?v=ffa03c27 200 [07/Apr/2025:16:26:44 +0000] - 4.097 ms localhost
GET /@fs/C:/Users/USER/Documents/BroCampTasks/Angular_Project/frontend/.angular/cache/18.2.15/frontend/vite/deps/@angular_router.js?v=ffa03c27 200 [07/Apr/2025:16:26:44 +0000] - 7.706 ms localhost
GET /@fs/C:/Users/USER/Documents/BroCampTasks/Angular_Project/frontend/.angular/cache/18.2.15/frontend/vite/deps/@angular_common_http.js?v=ffa03c27 200 [07/Apr/2025:16:26:44 +0000] - 8.453 ms localhost
GET /@fs/C:/Users/USER/Documents/BroCampTasks/Angular_Project/frontend/.angular/cache/18.2.15/frontend/vite/deps/rxjs.js?v=ffa03c27 200 [07/Apr/2025:16:26:44 +0000] - 3.229 ms localhost
GET /@fs/C:/Users/USER/Documents/BroCampTasks/Angular_Project/frontend/.angular/cache/18.2.15/frontend/vite/deps/ngx-socket-io.js?v=ffa03c27 200 [07/Apr/2025:16:26:44 +0000] - 4.398 ms localhost
GET /@fs/C:/Users/USER/Documents/BroCampTasks/Angular_Project/frontend/.angular/cache/18.2.15/frontend/vite/deps/@angular_forms.js?v=ffa03c27 200 [07/Apr/2025:16:26:44 +0000] - 6.280 ms localhost
GET /@fs/C:/Users/USER/Documents/BroCampTasks/Angular_Project/frontend/.angular/cache/18.2.15/frontend/vite/deps/emoji-picker-element.js?v=ffa03c27 200 [07/Apr/2025:16:26:44 +0000] - 8.301 ms localhost
GET /@fs/C:/Users/USER/Documents/BroCampTasks/Angular_Project/frontend/.angular/cache/18.2.15/frontend/vite/deps/chunk-TI4NIV3R.js?v=ffa03c27 200 [07/Apr/2025:16:26:44 +0000] - 7.586 ms localhost
GET /@fs/C:/Users/USER/Documents/BroCampTasks/Angular_Project/frontend/.angular/cache/18.2.15/frontend/vite/deps/chunk-KHJLBV7G.js?v=ffa03c27 200 [07/Apr/2025:16:26:44 +0000] - 6.047 ms localhost
GET /@fs/C:/Users/USER/Documents/BroCampTasks/Angular_Project/frontend/.angular/cache/18.2.15/frontend/vite/deps/chunk-UWVBNKXZ.js?v=ffa03c27 200 [07/Apr/2025:16:26:44 +0000] - 5.744 ms localhost
GET /@fs/C:/Users/USER/Documents/BroCampTasks/Angular_Project/frontend/.angular/cache/18.2.15/frontend/vite/deps/chunk-KPU55VW5.js?v=ffa03c27 200 [07/Apr/2025:16:26:44 +0000] - 12.424 ms localhost
GET /@fs/C:/Users/USER/Documents/BroCampTasks/Angular_Project/frontend/.angular/cache/18.2.15/frontend/vite/deps/chunk-P6U2JBMQ.js?v=ffa03c27 200 [07/Apr/2025:16:26:44 +0000] - 10.480 ms localhost
GET /@fs/C:/Users/USER/Documents/BroCampTasks/Angular_Project/frontend/.angular/cache/18.2.15/frontend/vite/deps/chunk-XWLXMCJQ.js?v=ffa03c27 200 [07/Apr/2025:16:26:44 +0000] - 5.991 ms localhost
GET /scripts.js 200 [07/Apr/2025:16:26:44 +0000] - 8.067 ms localhost
GET /styles.css.map 200 [07/Apr/2025:16:26:44 +0000] - 9.127 ms localhost
GET /chunk-LOGHFZ4K.js 200 [07/Apr/2025:16:26:45 +0000] - 9.852 ms localhost
GET /@fs/C:/Users/USER/Documents/BroCampTasks/Angular_Project/frontend/.angular/cache/18.2.15/frontend/vite/deps/@angular_core.js.map 200 [07/Apr/2025:16:26:45 +0000] - 15.108 ms localhost
GET /favicon.ico 200 [07/Apr/2025:16:26:45 +0000] - 17.540 ms localhost
GET /@fs/C:/Users/USER/Documents/BroCampTasks/Angular_Project/frontend/.angular/cache/18.2.15/frontend/vite/deps/chunk-P6U2JBMQ.js.map 200 [07/Apr/2025:16:26:45 +0000] - 19.653 ms localhost
GET /@fs/C:/Users/USER/Documents/BroCampTasks/Angular_Project/frontend/.angular/cache/18.2.15/frontend/vite/deps/chunk-XWLXMCJQ.js.map 200 [07/Apr/2025:16:26:45 +0000] - 21.273 ms localhost
GET /@fs/C:/Users/USER/Documents/BroCampTasks/Angular_Project/frontend/.angular/cache/18.2.15/frontend/vite/deps/chunk-KPU55VW5.js.map 200 [07/Apr/2025:16:26:45 +0000] - 89.547 ms localhost
GET /chunk-NFJAFHB4.js 200 [07/Apr/2025:16:26:45 +0000] - 3.546 ms localhost
GET /chunk-KSELMSGV.js 200 [07/Apr/2025:16:26:45 +0000] - 7.442 ms localhost
GET /chunk-NEDMBWF5.js 200 [07/Apr/2025:16:26:45 +0000] - 7.085 ms localhost
GET /chunk-J7PPH75M.js 200 [07/Apr/2025:16:26:45 +0000] - 7.780 ms localhost
GET /chunk-KJ77OHGA.js 200 [07/Apr/2025:16:26:45 +0000] - 2.320 ms localhost
GET /@fs/C:/Users/USER/Documents/BroCampTasks/Angular_Project/frontend/.angular/cache/18.2.15/frontend/vite/deps/rxjs.js.map 200 [07/Apr/2025:16:26:45 +0000] - 4.067 ms localhost
GET /@fs/C:/Users/USER/Documents/BroCampTasks/Angular_Project/frontend/.angular/cache/18.2.15/frontend/vite/deps/@angular_common_http.js.map 200 [07/Apr/2025:16:26:45 +0000] - 3.687 ms localhost
GET /@fs/C:/Users/USER/Documents/BroCampTasks/Angular_Project/frontend/.angular/cache/18.2.15/frontend/vite/deps/chunk-KHJLBV7G.js.map 200 [07/Apr/2025:16:26:45 +0000] - 6.834 ms localhost
GET /@fs/C:/Users/USER/Documents/BroCampTasks/Angular_Project/frontend/.angular/cache/18.2.15/frontend/vite/deps/@angular_platform-browser.js.map 200 [07/Apr/2025:16:26:45 +0000] - 7.446 ms localhost
GET /@fs/C:/Users/USER/Documents/BroCampTasks/Angular_Project/frontend/.angular/cache/18.2.15/frontend/vite/deps/chunk-UWVBNKXZ.js.map 200 [07/Apr/2025:16:26:45 +0000] - 16.582 ms localhost
GET /@fs/C:/Users/USER/Documents/BroCampTasks/Angular_Project/frontend/.angular/cache/18.2.15/frontend/vite/deps/chunk-TI4NIV3R.js.map 200 [07/Apr/2025:16:26:45 +0000] - 5.196 ms localhost
GET /@fs/C:/Users/USER/Documents/BroCampTasks/Angular_Project/frontend/.angular/cache/18.2.15/frontend/vite/deps/@angular_router.js.map 200 [07/Apr/2025:16:26:45 +0000] - 11.112 ms localhost
GET /@fs/C:/Users/USER/Documents/BroCampTasks/Angular_Project/frontend/.angular/cache/18.2.15/frontend/vite/deps/ngx-socket-io.js.map 200 [07/Apr/2025:16:26:46 +0000] - 9.721 ms localhost
GET /@fs/C:/Users/USER/Documents/BroCampTasks/Angular_Project/frontend/.angular/cache/18.2.15/frontend/vite/deps/emoji-picker-element.js.map 200 [07/Apr/2025:16:26:46 +0000] - 7.540 ms localhost
GET /@fs/C:/Users/USER/Documents/BroCampTasks/Angular_Project/frontend/.angular/cache/18.2.15/frontend/vite/deps/@angular_forms.js.map 200 [07/Apr/2025:16:26:46 +0000] - 16.180 ms localhost
GET /login.component.css.map 200 [07/Apr/2025:16:26:46 +0000] - 8.041 ms localhost
GET /login 200 [07/Apr/2025:16:26:50 +0000] - 6.001 ms localhost
GET /?token=OCIXJZtcKpSg - [07/Apr/2025:16:26:50 +0000] - - ms localhost
GET /@vite/client 200 [07/Apr/2025:16:26:50 +0000] - 8.248 ms localhost
GET /styles.css 200 [07/Apr/2025:16:26:50 +0000] - 2.824 ms localhost
GET /polyfills.js 200 [07/Apr/2025:16:26:50 +0000] - 5.883 ms localhost
GET /main.js 200 [07/Apr/2025:16:26:50 +0000] - 8.283 ms localhost
GET /@fs/C:/Users/USER/Documents/BroCampTasks/Angular_Project/frontend/node_modules/vite/dist/client/env.mjs 200 [07/Apr/2025:16:26:50 +0000] - 7.054 ms localhost
GET /scripts.js 200 [07/Apr/2025:16:26:50 +0000] - 9.233 ms localhost
GET /chunk-JK2OZDZD.js 200 [07/Apr/2025:16:26:51 +0000] - 3.645 ms localhost
GET /chunk-JGBXDEY7.js 200 [07/Apr/2025:16:26:51 +0000] - 16.268 ms localhost
GET /chunk-DS2VOW6E.js 200 [07/Apr/2025:16:26:51 +0000] - 16.924 ms localhost
GET /@fs/C:/Users/USER/Documents/BroCampTasks/Angular_Project/frontend/.angular/cache/18.2.15/frontend/vite/deps/@angular_platform-browser.js?v=ffa03c27 200 [07/Apr/2025:16:26:51 +0000] - 19.291 ms localhost
GET /@fs/C:/Users/USER/Documents/BroCampTasks/Angular_Project/frontend/.angular/cache/18.2.15/frontend/vite/deps/@angular_core.js?v=ffa03c27 200 [07/Apr/2025:16:26:51 +0000] - 18.947 ms localhost
GET /@fs/C:/Users/USER/Documents/BroCampTasks/Angular_Project/frontend/.angular/cache/18.2.15/frontend/vite/deps/@angular_router.js?v=ffa03c27 200 [07/Apr/2025:16:26:51 +0000] - 18.852 ms localhost
GET /@fs/C:/Users/USER/Documents/BroCampTasks/Angular_Project/frontend/.angular/cache/18.2.15/frontend/vite/deps/@angular_common_http.js?v=ffa03c27 200 [07/Apr/2025:16:26:51 +0000] - 4.302 ms localhost
GET /@fs/C:/Users/USER/Documents/BroCampTasks/Angular_Project/frontend/.angular/cache/18.2.15/frontend/vite/deps/rxjs.js?v=ffa03c27 200 [07/Apr/2025:16:26:51 +0000] - 4.653 ms localhost
GET /@fs/C:/Users/USER/Documents/BroCampTasks/Angular_Project/frontend/.angular/cache/18.2.15/frontend/vite/deps/ngx-socket-io.js?v=ffa03c27 200 [07/Apr/2025:16:26:51 +0000] - 7.408 ms localhost
GET /@fs/C:/Users/USER/Documents/BroCampTasks/Angular_Project/frontend/.angular/cache/18.2.15/frontend/vite/deps/@angular_forms.js?v=ffa03c27 200 [07/Apr/2025:16:26:51 +0000] - 6.348 ms localhost
GET /@fs/C:/Users/USER/Documents/BroCampTasks/Angular_Project/frontend/.angular/cache/18.2.15/frontend/vite/deps/emoji-picker-element.js?v=ffa03c27 200 [07/Apr/2025:16:26:51 +0000] - 4.112 ms localhost
GET /@fs/C:/Users/USER/Documents/BroCampTasks/Angular_Project/frontend/.angular/cache/18.2.15/frontend/vite/deps/chunk-TI4NIV3R.js?v=ffa03c27 200 [07/Apr/2025:16:26:51 +0000] - 5.139 ms localhost
GET /@fs/C:/Users/USER/Documents/BroCampTasks/Angular_Project/frontend/.angular/cache/18.2.15/frontend/vite/deps/chunk-KHJLBV7G.js?v=ffa03c27 200 [07/Apr/2025:16:26:51 +0000] - 3.596 ms localhost
GET /@fs/C:/Users/USER/Documents/BroCampTasks/Angular_Project/frontend/.angular/cache/18.2.15/frontend/vite/deps/chunk-UWVBNKXZ.js?v=ffa03c27 200 [07/Apr/2025:16:26:51 +0000] - 6.152 ms localhost
GET /@fs/C:/Users/USER/Documents/BroCampTasks/Angular_Project/frontend/.angular/cache/18.2.15/frontend/vite/deps/chunk-KPU55VW5.js?v=ffa03c27 200 [07/Apr/2025:16:26:51 +0000] - 11.508 ms localhost
GET /@fs/C:/Users/USER/Documents/BroCampTasks/Angular_Project/frontend/.angular/cache/18.2.15/frontend/vite/deps/chunk-P6U2JBMQ.js?v=ffa03c27 200 [07/Apr/2025:16:26:51 +0000] - 11.370 ms localhost
GET /@fs/C:/Users/USER/Documents/BroCampTasks/Angular_Project/frontend/.angular/cache/18.2.15/frontend/vite/deps/chunk-XWLXMCJQ.js?v=ffa03c27 200 [07/Apr/2025:16:26:51 +0000] - 6.742 ms localhost
GET /styles.css.map 200 [07/Apr/2025:16:26:51 +0000] - 6.957 ms localhost
GET /chunk-NFJAFHB4.js 200 [07/Apr/2025:16:26:52 +0000] - 3.538 ms localhost
GET /favicon.ico 200 [07/Apr/2025:16:26:52 +0000] - 14.828 ms localhost
GET /@fs/C:/Users/USER/Documents/BroCampTasks/Angular_Project/frontend/.angular/cache/18.2.15/frontend/vite/deps/@angular_core.js.map 200 [07/Apr/2025:16:26:52 +0000] - 15.956 ms localhost
GET /@fs/C:/Users/USER/Documents/BroCampTasks/Angular_Project/frontend/.angular/cache/18.2.15/frontend/vite/deps/chunk-XWLXMCJQ.js.map 200 [07/Apr/2025:16:26:52 +0000] - 14.048 ms localhost
GET /@fs/C:/Users/USER/Documents/BroCampTasks/Angular_Project/frontend/.angular/cache/18.2.15/frontend/vite/deps/chunk-P6U2JBMQ.js.map 200 [07/Apr/2025:16:26:52 +0000] - 22.283 ms localhost
GET /@fs/C:/Users/USER/Documents/BroCampTasks/Angular_Project/frontend/.angular/cache/18.2.15/frontend/vite/deps/chunk-KPU55VW5.js.map 200 [07/Apr/2025:16:26:52 +0000] - 81.681 ms localhost
GET /chunk-KSELMSGV.js 200 [07/Apr/2025:16:26:52 +0000] - 3.560 ms localhost
GET /chunk-NEDMBWF5.js 200 [07/Apr/2025:16:26:52 +0000] - 3.171 ms localhost
GET /chunk-J7PPH75M.js 200 [07/Apr/2025:16:26:52 +0000] - 4.701 ms localhost
GET /chunk-KJ77OHGA.js 200 [07/Apr/2025:16:26:52 +0000] - 2.199 ms localhost
GET /@fs/C:/Users/USER/Documents/BroCampTasks/Angular_Project/frontend/.angular/cache/18.2.15/frontend/vite/deps/rxjs.js.map 200 [07/Apr/2025:16:26:52 +0000] - 15.509 ms localhost
GET /@fs/C:/Users/USER/Documents/BroCampTasks/Angular_Project/frontend/.angular/cache/18.2.15/frontend/vite/deps/@angular_common_http.js.map 200 [07/Apr/2025:16:26:52 +0000] - 5.914 ms localhost
GET /@fs/C:/Users/USER/Documents/BroCampTasks/Angular_Project/frontend/.angular/cache/18.2.15/frontend/vite/deps/chunk-KHJLBV7G.js.map 200 [07/Apr/2025:16:26:52 +0000] - 9.183 ms localhost
GET /@fs/C:/Users/USER/Documents/BroCampTasks/Angular_Project/frontend/.angular/cache/18.2.15/frontend/vite/deps/chunk-UWVBNKXZ.js.map 200 [07/Apr/2025:16:26:52 +0000] - 14.838 ms localhost
GET /@fs/C:/Users/USER/Documents/BroCampTasks/Angular_Project/frontend/.angular/cache/18.2.15/frontend/vite/deps/@angular_platform-browser.js.map 200 [07/Apr/2025:16:26:52 +0000] - 12.255 ms localhost
GET /@fs/C:/Users/USER/Documents/BroCampTasks/Angular_Project/frontend/.angular/cache/18.2.15/frontend/vite/deps/chunk-TI4NIV3R.js.map 200 [07/Apr/2025:16:26:52 +0000] - 6.357 ms localhost
GET /@fs/C:/Users/USER/Documents/BroCampTasks/Angular_Project/frontend/.angular/cache/18.2.15/frontend/vite/deps/@angular_router.js.map 200 [07/Apr/2025:16:26:52 +0000] - 35.184 ms localhost
GET /@fs/C:/Users/USER/Documents/BroCampTasks/Angular_Project/frontend/.angular/cache/18.2.15/frontend/vite/deps/ngx-socket-io.js.map 200 [07/Apr/2025:16:26:52 +0000] - 8.669 ms localhost
GET /@fs/C:/Users/USER/Documents/BroCampTasks/Angular_Project/frontend/.angular/cache/18.2.15/frontend/vite/deps/@angular_forms.js.map 200 [07/Apr/2025:16:26:53 +0000] - 10.510 ms localhost
GET /login.component.css.map 200 [07/Apr/2025:16:26:53 +0000] - 2.752 ms localhost
GET /@fs/C:/Users/USER/Documents/BroCampTasks/Angular_Project/frontend/.angular/cache/18.2.15/frontend/vite/deps/emoji-picker-element.js.map 200 [07/Apr/2025:16:26:53 +0000] - 8.384 ms localhost
GET / 200 [07/Apr/2025:16:27:03 +0000] - 7.688 ms localhost
GET /styles.css 200 [07/Apr/2025:16:27:03 +0000] - 3.771 ms localhost
GET /@vite/client 200 [07/Apr/2025:16:27:03 +0000] - 29.715 ms localhost
GET /polyfills.js 200 [07/Apr/2025:16:27:03 +0000] - 33.948 ms localhost
GET /main.js 200 [07/Apr/2025:16:27:03 +0000] - 34.643 ms localhost
GET /scripts.js 200 [07/Apr/2025:16:27:03 +0000] - 36.402 ms localhost
GET /@fs/C:/Users/USER/Documents/BroCampTasks/Angular_Project/frontend/node_modules/vite/dist/client/env.mjs 200 [07/Apr/2025:16:27:03 +0000] - 7.305 ms localhost
GET /chunk-JK2OZDZD.js 200 [07/Apr/2025:16:27:04 +0000] - 17.081 ms localhost
GET /chunk-JGBXDEY7.js 200 [07/Apr/2025:16:27:04 +0000] - 18.014 ms localhost
GET /chunk-DS2VOW6E.js 200 [07/Apr/2025:16:27:04 +0000] - 17.767 ms localhost
GET /@fs/C:/Users/USER/Documents/BroCampTasks/Angular_Project/frontend/.angular/cache/18.2.15/frontend/vite/deps/@angular_platform-browser.js?v=ffa03c27 200 [07/Apr/2025:16:27:04 +0000] - 18.080 ms localhost
GET /@fs/C:/Users/USER/Documents/BroCampTasks/Angular_Project/frontend/.angular/cache/18.2.15/frontend/vite/deps/@angular_core.js?v=ffa03c27 200 [07/Apr/2025:16:27:04 +0000] - 17.959 ms localhost
GET /@fs/C:/Users/USER/Documents/BroCampTasks/Angular_Project/frontend/.angular/cache/18.2.15/frontend/vite/deps/@angular_router.js?v=ffa03c27 200 [07/Apr/2025:16:27:04 +0000] - 19.971 ms localhost
GET /@fs/C:/Users/USER/Documents/BroCampTasks/Angular_Project/frontend/.angular/cache/18.2.15/frontend/vite/deps/@angular_common_http.js?v=ffa03c27 200 [07/Apr/2025:16:27:04 +0000] - 16.471 ms localhost
GET /@fs/C:/Users/USER/Documents/BroCampTasks/Angular_Project/frontend/.angular/cache/18.2.15/frontend/vite/deps/rxjs.js?v=ffa03c27 200 [07/Apr/2025:16:27:04 +0000] - 17.332 ms localhost
GET /@fs/C:/Users/USER/Documents/BroCampTasks/Angular_Project/frontend/.angular/cache/18.2.15/frontend/vite/deps/ngx-socket-io.js?v=ffa03c27 200 [07/Apr/2025:16:27:04 +0000] - 21.334 ms localhost
GET /@fs/C:/Users/USER/Documents/BroCampTasks/Angular_Project/frontend/.angular/cache/18.2.15/frontend/vite/deps/@angular_forms.js?v=ffa03c27 200 [07/Apr/2025:16:27:04 +0000] - 23.075 ms localhost
GET /@fs/C:/Users/USER/Documents/BroCampTasks/Angular_Project/frontend/.angular/cache/18.2.15/frontend/vite/deps/emoji-picker-element.js?v=ffa03c27 200 [07/Apr/2025:16:27:04 +0000] - 24.774 ms localhost
GET /@fs/C:/Users/USER/Documents/BroCampTasks/Angular_Project/frontend/.angular/cache/18.2.15/frontend/vite/deps/chunk-TI4NIV3R.js?v=ffa03c27 200 [07/Apr/2025:16:27:04 +0000] - 25.483 ms localhost
GET /@fs/C:/Users/USER/Documents/BroCampTasks/Angular_Project/frontend/.angular/cache/18.2.15/frontend/vite/deps/chunk-KHJLBV7G.js?v=ffa03c27 200 [07/Apr/2025:16:27:04 +0000] - 4.777 ms localhost
GET /@fs/C:/Users/USER/Documents/BroCampTasks/Angular_Project/frontend/.angular/cache/18.2.15/frontend/vite/deps/chunk-UWVBNKXZ.js?v=ffa03c27 200 [07/Apr/2025:16:27:04 +0000] - 5.488 ms localhost
GET /@fs/C:/Users/USER/Documents/BroCampTasks/Angular_Project/frontend/.angular/cache/18.2.15/frontend/vite/deps/chunk-KPU55VW5.js?v=ffa03c27 200 [07/Apr/2025:16:27:04 +0000] - 12.308 ms localhost
GET /@fs/C:/Users/USER/Documents/BroCampTasks/Angular_Project/frontend/.angular/cache/18.2.15/frontend/vite/deps/chunk-P6U2JBMQ.js?v=ffa03c27 200 [07/Apr/2025:16:27:04 +0000] - 13.691 ms localhost
GET /@fs/C:/Users/USER/Documents/BroCampTasks/Angular_Project/frontend/.angular/cache/18.2.15/frontend/vite/deps/chunk-XWLXMCJQ.js?v=ffa03c27 200 [07/Apr/2025:16:27:04 +0000] - 14.147 ms localhost
GET /chunk-NFJAFHB4.js 200 [07/Apr/2025:16:27:05 +0000] - 2.918 ms localhost
GET /favicon.ico 200 [07/Apr/2025:16:27:05 +0000] - 4.811 ms localhost
GET /chunk-KSELMSGV.js 200 [07/Apr/2025:16:27:05 +0000] - 2.688 ms localhost
GET /chunk-NEDMBWF5.js 200 [07/Apr/2025:16:27:05 +0000] - 5.506 ms localhost
GET /chunk-J7PPH75M.js 200 [07/Apr/2025:16:27:05 +0000] - 5.991 ms localhost
GET /chunk-KJ77OHGA.js 200 [07/Apr/2025:16:27:05 +0000] - 6.291 ms localhost
GET /favicon.ico 304 [07/Apr/2025:16:27:05 +0000] - 4.725 ms localhost
GET /api/user/auth/google 302 [07/Apr/2025:16:27:13 +0000] - 12.803 ms localhost
GET /?token=OCIXJZtcKpSg - [07/Apr/2025:16:27:14 +0000] - - ms localhost
GET /api/user/auth/google/callback?code=4%2F0Ab_5qllcMgg05F1bWFaJ9KN5WqphMt8GfgMlq8q8zhylEDMMhMhXQWIjA1Bk6qfbBI5JRw&scope=email+profile+openid+https%3A%2F%2Fwww.googleapis.com%2Fauth%2Fuserinfo.profile+https%3A%2F%2Fwww.googleapis.com%2Fauth%2Fuserinfo.email&authuser=0&prompt=consent 302 [07/Apr/2025:16:28:05 +0000] - 489.480 ms localhost
GET /googleLogin/callback 200 [07/Apr/2025:16:28:05 +0000] - 7.524 ms localhost
GET /styles.css 200 [07/Apr/2025:16:28:05 +0000] - 3.552 ms localhost
GET /@vite/client 304 [07/Apr/2025:16:28:06 +0000] - 9.932 ms localhost
GET /polyfills.js 304 [07/Apr/2025:16:28:06 +0000] - 10.023 ms localhost
GET /main.js 304 [07/Apr/2025:16:28:06 +0000] - 9.678 ms localhost
GET /scripts.js 304 [07/Apr/2025:16:28:06 +0000] - 10.041 ms localhost
GET /@fs/C:/Users/USER/Documents/BroCampTasks/Angular_Project/frontend/node_modules/vite/dist/client/env.mjs 304 [07/Apr/2025:16:28:06 +0000] - 2.239 ms localhost
GET /chunk-JK2OZDZD.js 304 [07/Apr/2025:16:28:06 +0000] - 11.224 ms localhost
GET /chunk-JGBXDEY7.js 304 [07/Apr/2025:16:28:06 +0000] - 12.478 ms localhost
GET /chunk-DS2VOW6E.js 304 [07/Apr/2025:16:28:06 +0000] - 9.425 ms localhost
GET /chunk-UTZYDV4E.js 200 [07/Apr/2025:16:28:06 +0000] - 2.693 ms localhost
GET /chunk-KJ77OHGA.js 304 [07/Apr/2025:16:28:06 +0000] - 5.558 ms localhost
GET /favicon.ico 304 [07/Apr/2025:16:28:06 +0000] - 2.971 ms localhost
GET /api/user/data 200 [07/Apr/2025:16:28:07 +0000] - 50.886 ms localhost
GET /chunk-LOGHFZ4K.js 200 [07/Apr/2025:16:28:07 +0000] - 2.677 ms localhost
GET /chunk-KHP6R7IV.js 200 [07/Apr/2025:16:28:07 +0000] - 4.960 ms localhost
GET /chunk-7BOPWNU7.js 200 [07/Apr/2025:16:28:07 +0000] - 6.741 ms localhost
GET /chunk-7PGNXLEN.js 200 [07/Apr/2025:16:28:07 +0000] - 5.649 ms localhost
GET /@fs/C:/Users/USER/Documents/BroCampTasks/Angular_Project/frontend/.angular/cache/18.2.15/frontend/vite/deps/bootstrap.js?v=ffa03c27 200 [07/Apr/2025:16:28:07 +0000] - 15.018 ms localhost
GET /@fs/C:/Users/USER/Documents/BroCampTasks/Angular_Project/frontend/.angular/cache/18.2.15/frontend/vite/deps/@angular_common.js?v=ffa03c27 200 [07/Apr/2025:16:28:07 +0000] - 16.066 ms localhost
GET /@fs/C:/Users/USER/Documents/BroCampTasks/Angular_Project/frontend/.angular/cache/18.2.15/frontend/vite/deps/chart__js.js?v=ffa03c27 200 [07/Apr/2025:16:28:07 +0000] - 16.342 ms localhost
GET /favicon.ico 304 [07/Apr/2025:16:28:08 +0000] - 5.604 ms localhost
GET /api/user/logout 200 [07/Apr/2025:16:28:18 +0000] - 18.563 ms localhost
GET /chunk-NFJAFHB4.js 304 [07/Apr/2025:16:28:18 +0000] - 5.980 ms localhost
GET /chunk-KSELMSGV.js 304 [07/Apr/2025:16:28:18 +0000] - 2.724 ms localhost
GET /chunk-NEDMBWF5.js 304 [07/Apr/2025:16:28:19 +0000] - 3.303 ms localhost
GET /chunk-J7PPH75M.js 304 [07/Apr/2025:16:28:19 +0000] - 3.937 ms localhost
GET /favicon.ico 304 [07/Apr/2025:16:28:19 +0000] - 3.268 ms localhost
GET /?token=OCIXJZtcKpSg - [07/Apr/2025:16:30:50 +0000] - - ms localhost
POST /api/user/register 201 [07/Apr/2025:16:31:26 +0000] - 2634.533 ms localhost
GET /chunk-3W7M4UWT.js 200 [07/Apr/2025:16:31:26 +0000] - 4.816 ms localhost
GET /favicon.ico 304 [07/Apr/2025:16:31:26 +0000] - 6.070 ms localhost
POST /api/user/otp/verify 200 [07/Apr/2025:16:31:43 +0000] - 38.279 ms localhost
GET /favicon.ico 304 [07/Apr/2025:16:31:43 +0000] - 5.747 ms localhost
POST /api/user/login 200 [07/Apr/2025:16:31:52 +0000] - 170.448 ms localhost
GET /favicon.ico 304 [07/Apr/2025:16:31:52 +0000] - 3.997 ms localhost
GET /api/user/logout 200 [07/Apr/2025:16:31:57 +0000] - 50.216 ms localhost
GET /favicon.ico 304 [07/Apr/2025:16:31:58 +0000] - 6.173 ms localhost
GET /?token=OCIXJZtcKpSg - [07/Apr/2025:16:32:06 +0000] - - ms localhost
POST /api/user/register 400 [07/Apr/2025:16:32:44 +0000] - 154.610 ms localhost
GET /login 200 [07/Apr/2025:17:46:45 +0000] - 194.699 ms localhost
GET /@vite/client 200 [07/Apr/2025:17:46:46 +0000] - 371.525 ms localhost
GET /styles.css 200 [07/Apr/2025:17:46:46 +0000] - 262.842 ms localhost
GET /polyfills.js 200 [07/Apr/2025:17:46:46 +0000] - 113.428 ms localhost
GET /main.js 200 [07/Apr/2025:17:46:46 +0000] - 113.498 ms localhost
GET /@fs/C:/Users/USER/Documents/BroCampTasks/Angular_Project/frontend/node_modules/vite/dist/client/env.mjs 200 [07/Apr/2025:17:46:46 +0000] - 13.720 ms localhost
GET /scripts.js 200 [07/Apr/2025:17:46:46 +0000] - 27.175 ms localhost
GET /chunk-JK2OZDZD.js 200 [07/Apr/2025:17:46:47 +0000] - 20.736 ms localhost
GET /chunk-JGBXDEY7.js 200 [07/Apr/2025:17:46:47 +0000] - 7.108 ms localhost
GET /chunk-DS2VOW6E.js 200 [07/Apr/2025:17:46:47 +0000] - 14.822 ms localhost
GET /@fs/C:/Users/USER/Documents/BroCampTasks/Angular_Project/frontend/.angular/cache/18.2.15/frontend/vite/deps/@angular_platform-browser.js?v=ffa03c27 200 [07/Apr/2025:17:46:47 +0000] - 15.131 ms localhost
GET /@fs/C:/Users/USER/Documents/BroCampTasks/Angular_Project/frontend/.angular/cache/18.2.15/frontend/vite/deps/@angular_core.js?v=ffa03c27 200 [07/Apr/2025:17:46:47 +0000] - 17.489 ms localhost
GET /@fs/C:/Users/USER/Documents/BroCampTasks/Angular_Project/frontend/.angular/cache/18.2.15/frontend/vite/deps/@angular_router.js?v=ffa03c27 200 [07/Apr/2025:17:46:47 +0000] - 25.360 ms localhost
GET /@fs/C:/Users/USER/Documents/BroCampTasks/Angular_Project/frontend/.angular/cache/18.2.15/frontend/vite/deps/@angular_common_http.js?v=ffa03c27 200 [07/Apr/2025:17:46:47 +0000] - 4.556 ms localhost
GET /@fs/C:/Users/USER/Documents/BroCampTasks/Angular_Project/frontend/.angular/cache/18.2.15/frontend/vite/deps/rxjs.js?v=ffa03c27 200 [07/Apr/2025:17:46:47 +0000] - 7.218 ms localhost
GET /@fs/C:/Users/USER/Documents/BroCampTasks/Angular_Project/frontend/.angular/cache/18.2.15/frontend/vite/deps/ngx-socket-io.js?v=ffa03c27 200 [07/Apr/2025:17:46:47 +0000] - 9.188 ms localhost
GET /@fs/C:/Users/USER/Documents/BroCampTasks/Angular_Project/frontend/.angular/cache/18.2.15/frontend/vite/deps/@angular_forms.js?v=ffa03c27 200 [07/Apr/2025:17:46:47 +0000] - 19.172 ms localhost
GET /@fs/C:/Users/USER/Documents/BroCampTasks/Angular_Project/frontend/.angular/cache/18.2.15/frontend/vite/deps/emoji-picker-element.js?v=ffa03c27 200 [07/Apr/2025:17:46:47 +0000] - 21.429 ms localhost
GET /@fs/C:/Users/USER/Documents/BroCampTasks/Angular_Project/frontend/.angular/cache/18.2.15/frontend/vite/deps/chunk-TI4NIV3R.js?v=ffa03c27 200 [07/Apr/2025:17:46:47 +0000] - 18.488 ms localhost
GET /@fs/C:/Users/USER/Documents/BroCampTasks/Angular_Project/frontend/.angular/cache/18.2.15/frontend/vite/deps/chunk-KHJLBV7G.js?v=ffa03c27 200 [07/Apr/2025:17:46:47 +0000] - 6.010 ms localhost
GET /@fs/C:/Users/USER/Documents/BroCampTasks/Angular_Project/frontend/.angular/cache/18.2.15/frontend/vite/deps/chunk-UWVBNKXZ.js?v=ffa03c27 200 [07/Apr/2025:17:46:47 +0000] - 7.855 ms localhost
GET /@fs/C:/Users/USER/Documents/BroCampTasks/Angular_Project/frontend/.angular/cache/18.2.15/frontend/vite/deps/chunk-KPU55VW5.js?v=ffa03c27 200 [07/Apr/2025:17:46:47 +0000] - 36.435 ms localhost
GET /@fs/C:/Users/USER/Documents/BroCampTasks/Angular_Project/frontend/.angular/cache/18.2.15/frontend/vite/deps/chunk-P6U2JBMQ.js?v=ffa03c27 200 [07/Apr/2025:17:46:48 +0000] - 47.383 ms localhost
GET /@fs/C:/Users/USER/Documents/BroCampTasks/Angular_Project/frontend/.angular/cache/18.2.15/frontend/vite/deps/chunk-XWLXMCJQ.js?v=ffa03c27 200 [07/Apr/2025:17:46:48 +0000] - 47.805 ms localhost
GET /styles.css.map 200 [07/Apr/2025:17:46:48 +0000] - 42.682 ms localhost
GET /@fs/C:/Users/USER/Documents/BroCampTasks/Angular_Project/frontend/.angular/cache/18.2.15/frontend/vite/deps/@angular_core.js.map 200 [07/Apr/2025:17:46:48 +0000] - 20.223 ms localhost
GET /chunk-NFJAFHB4.js 200 [07/Apr/2025:17:46:49 +0000] - 24.047 ms localhost
GET /@fs/C:/Users/USER/Documents/BroCampTasks/Angular_Project/frontend/.angular/cache/18.2.15/frontend/vite/deps/@angular_common_http.js.map 200 [07/Apr/2025:17:46:49 +0000] - 36.926 ms localhost
GET /@fs/C:/Users/USER/Documents/BroCampTasks/Angular_Project/frontend/.angular/cache/18.2.15/frontend/vite/deps/chunk-P6U2JBMQ.js.map 200 [07/Apr/2025:17:46:49 +0000] - 82.201 ms localhost
GET /@fs/C:/Users/USER/Documents/BroCampTasks/Angular_Project/frontend/.angular/cache/18.2.15/frontend/vite/deps/rxjs.js.map 200 [07/Apr/2025:17:46:49 +0000] - 84.412 ms localhost
GET /@fs/C:/Users/USER/Documents/BroCampTasks/Angular_Project/frontend/.angular/cache/18.2.15/frontend/vite/deps/chunk-XWLXMCJQ.js.map 200 [07/Apr/2025:17:46:49 +0000] - 88.177 ms localhost
GET /@fs/C:/Users/USER/Documents/BroCampTasks/Angular_Project/frontend/.angular/cache/18.2.15/frontend/vite/deps/chunk-KPU55VW5.js.map 200 [07/Apr/2025:17:46:49 +0000] - 603.067 ms localhost
GET /chunk-KSELMSGV.js 200 [07/Apr/2025:17:46:49 +0000] - 550.109 ms localhost
GET /chunk-NEDMBWF5.js 200 [07/Apr/2025:17:46:49 +0000] - 509.296 ms localhost
GET /chunk-J7PPH75M.js 200 [07/Apr/2025:17:46:49 +0000] - 486.305 ms localhost
GET /chunk-KJ77OHGA.js 200 [07/Apr/2025:17:46:49 +0000] - 495.092 ms localhost
GET /@fs/C:/Users/USER/Documents/BroCampTasks/Angular_Project/frontend/.angular/cache/18.2.15/frontend/vite/deps/chunk-KHJLBV7G.js.map 200 [07/Apr/2025:17:46:49 +0000] - 486.131 ms localhost
GET /@fs/C:/Users/USER/Documents/BroCampTasks/Angular_Project/frontend/.angular/cache/18.2.15/frontend/vite/deps/chunk-UWVBNKXZ.js.map 200 [07/Apr/2025:17:46:50 +0000] - 112.202 ms localhost
GET /@fs/C:/Users/USER/Documents/BroCampTasks/Angular_Project/frontend/.angular/cache/18.2.15/frontend/vite/deps/@angular_platform-browser.js.map 200 [07/Apr/2025:17:46:50 +0000] - 200.213 ms localhost
GET /@fs/C:/Users/USER/Documents/BroCampTasks/Angular_Project/frontend/.angular/cache/18.2.15/frontend/vite/deps/chunk-TI4NIV3R.js.map 200 [07/Apr/2025:17:46:50 +0000] - 172.561 ms localhost
GET /@fs/C:/Users/USER/Documents/BroCampTasks/Angular_Project/frontend/.angular/cache/18.2.15/frontend/vite/deps/@angular_router.js.map 200 [07/Apr/2025:17:46:50 +0000] - 188.512 ms localhost
GET /@fs/C:/Users/USER/Documents/BroCampTasks/Angular_Project/frontend/.angular/cache/18.2.15/frontend/vite/deps/ngx-socket-io.js.map 200 [07/Apr/2025:17:46:50 +0000] - 186.128 ms localhost
GET /@fs/C:/Users/USER/Documents/BroCampTasks/Angular_Project/frontend/.angular/cache/18.2.15/frontend/vite/deps/@angular_forms.js.map 200 [07/Apr/2025:17:46:50 +0000] - 203.403 ms localhost
GET /@fs/C:/Users/USER/Documents/BroCampTasks/Angular_Project/frontend/.angular/cache/18.2.15/frontend/vite/deps/emoji-picker-element.js.map 200 [07/Apr/2025:17:46:50 +0000] - 33.942 ms localhost
GET /favicon.ico 200 [07/Apr/2025:17:46:50 +0000] - 28.867 ms localhost
GET /login.component.css.map 200 [07/Apr/2025:17:46:51 +0000] - 18.221 ms localhost
POST /api/user/register 400 [07/Apr/2025:17:47:24 +0000] - 576.015 ms localhost
GET /?token=OCIXJZtcKpSg - [07/Apr/2025:17:50:46 +0000] - - ms localhost
GET /login 200 [07/Apr/2025:17:51:09 +0000] - 72.303 ms localhost
GET /@vite/client 200 [07/Apr/2025:17:51:09 +0000] - 35.712 ms localhost
GET /styles.css 200 [07/Apr/2025:17:51:09 +0000] - 4.923 ms localhost
GET /polyfills.js 200 [07/Apr/2025:17:51:10 +0000] - 7.909 ms localhost
GET /main.js 200 [07/Apr/2025:17:51:10 +0000] - 10.322 ms localhost
GET /@fs/C:/Users/USER/Documents/BroCampTasks/Angular_Project/frontend/node_modules/vite/dist/client/env.mjs 200 [07/Apr/2025:17:51:10 +0000] - 8.670 ms localhost
GET /scripts.js 200 [07/Apr/2025:17:51:10 +0000] - 17.377 ms localhost
GET /chunk-JK2OZDZD.js 200 [07/Apr/2025:17:51:10 +0000] - 4.022 ms localhost
GET /chunk-JGBXDEY7.js 200 [07/Apr/2025:17:51:10 +0000] - 28.955 ms localhost
GET /chunk-DS2VOW6E.js 200 [07/Apr/2025:17:51:10 +0000] - 28.702 ms localhost
GET /@fs/C:/Users/USER/Documents/BroCampTasks/Angular_Project/frontend/.angular/cache/18.2.15/frontend/vite/deps/@angular_platform-browser.js?v=ffa03c27 200 [07/Apr/2025:17:51:10 +0000] - 29.478 ms localhost
GET /@fs/C:/Users/USER/Documents/BroCampTasks/Angular_Project/frontend/.angular/cache/18.2.15/frontend/vite/deps/@angular_core.js?v=ffa03c27 200 [07/Apr/2025:17:51:10 +0000] - 29.460 ms localhost
GET /@fs/C:/Users/USER/Documents/BroCampTasks/Angular_Project/frontend/.angular/cache/18.2.15/frontend/vite/deps/@angular_router.js?v=ffa03c27 200 [07/Apr/2025:17:51:10 +0000] - 30.089 ms localhost
GET /@fs/C:/Users/USER/Documents/BroCampTasks/Angular_Project/frontend/.angular/cache/18.2.15/frontend/vite/deps/@angular_common_http.js?v=ffa03c27 200 [07/Apr/2025:17:51:10 +0000] - 5.209 ms localhost
GET /@fs/C:/Users/USER/Documents/BroCampTasks/Angular_Project/frontend/.angular/cache/18.2.15/frontend/vite/deps/rxjs.js?v=ffa03c27 200 [07/Apr/2025:17:51:10 +0000] - 7.117 ms localhost
GET /@fs/C:/Users/USER/Documents/BroCampTasks/Angular_Project/frontend/.angular/cache/18.2.15/frontend/vite/deps/ngx-socket-io.js?v=ffa03c27 200 [07/Apr/2025:17:51:11 +0000] - 19.038 ms localhost
GET /@fs/C:/Users/USER/Documents/BroCampTasks/Angular_Project/frontend/.angular/cache/18.2.15/frontend/vite/deps/@angular_forms.js?v=ffa03c27 200 [07/Apr/2025:17:51:11 +0000] - 25.944 ms localhost
GET /@fs/C:/Users/USER/Documents/BroCampTasks/Angular_Project/frontend/.angular/cache/18.2.15/frontend/vite/deps/emoji-picker-element.js?v=ffa03c27 200 [07/Apr/2025:17:51:11 +0000] - 30.381 ms localhost
GET /@fs/C:/Users/USER/Documents/BroCampTasks/Angular_Project/frontend/.angular/cache/18.2.15/frontend/vite/deps/chunk-TI4NIV3R.js?v=ffa03c27 200 [07/Apr/2025:17:51:11 +0000] - 30.627 ms localhost
GET /@fs/C:/Users/USER/Documents/BroCampTasks/Angular_Project/frontend/.angular/cache/18.2.15/frontend/vite/deps/chunk-KHJLBV7G.js?v=ffa03c27 200 [07/Apr/2025:17:51:11 +0000] - 6.534 ms localhost
GET /@fs/C:/Users/USER/Documents/BroCampTasks/Angular_Project/frontend/.angular/cache/18.2.15/frontend/vite/deps/chunk-UWVBNKXZ.js?v=ffa03c27 200 [07/Apr/2025:17:51:11 +0000] - 4.520 ms localhost
GET /@fs/C:/Users/USER/Documents/BroCampTasks/Angular_Project/frontend/.angular/cache/18.2.15/frontend/vite/deps/chunk-KPU55VW5.js?v=ffa03c27 200 [07/Apr/2025:17:51:11 +0000] - 12.367 ms localhost
GET /@fs/C:/Users/USER/Documents/BroCampTasks/Angular_Project/frontend/.angular/cache/18.2.15/frontend/vite/deps/chunk-P6U2JBMQ.js?v=ffa03c27 200 [07/Apr/2025:17:51:11 +0000] - 16.594 ms localhost
GET /@fs/C:/Users/USER/Documents/BroCampTasks/Angular_Project/frontend/.angular/cache/18.2.15/frontend/vite/deps/chunk-XWLXMCJQ.js?v=ffa03c27 200 [07/Apr/2025:17:51:11 +0000] - 7.660 ms localhost
GET /styles.css.map 200 [07/Apr/2025:17:51:11 +0000] - 7.957 ms localhost
GET /@fs/C:/Users/USER/Documents/BroCampTasks/Angular_Project/frontend/.angular/cache/18.2.15/frontend/vite/deps/@angular_core.js.map 200 [07/Apr/2025:17:51:11 +0000] - 10.774 ms localhost
GET /chunk-NFJAFHB4.js 200 [07/Apr/2025:17:51:11 +0000] - 16.262 ms localhost
GET /@fs/C:/Users/USER/Documents/BroCampTasks/Angular_Project/frontend/.angular/cache/18.2.15/frontend/vite/deps/chunk-XWLXMCJQ.js.map 200 [07/Apr/2025:17:51:11 +0000] - 19.314 ms localhost
GET /@fs/C:/Users/USER/Documents/BroCampTasks/Angular_Project/frontend/.angular/cache/18.2.15/frontend/vite/deps/rxjs.js.map 200 [07/Apr/2025:17:51:11 +0000] - 19.424 ms localhost
GET /@fs/C:/Users/USER/Documents/BroCampTasks/Angular_Project/frontend/.angular/cache/18.2.15/frontend/vite/deps/chunk-P6U2JBMQ.js.map 200 [07/Apr/2025:17:51:11 +0000] - 33.128 ms localhost
GET /@fs/C:/Users/USER/Documents/BroCampTasks/Angular_Project/frontend/.angular/cache/18.2.15/frontend/vite/deps/chunk-KPU55VW5.js.map 200 [07/Apr/2025:17:51:12 +0000] - 167.637 ms localhost
GET /favicon.ico 200 [07/Apr/2025:17:51:12 +0000] - 84.789 ms localhost
GET /chunk-KSELMSGV.js 200 [07/Apr/2025:17:51:12 +0000] - 15.280 ms localhost
GET /chunk-NEDMBWF5.js 200 [07/Apr/2025:17:51:12 +0000] - 14.601 ms localhost
GET /chunk-J7PPH75M.js 200 [07/Apr/2025:17:51:12 +0000] - 15.059 ms localhost
GET /chunk-KJ77OHGA.js 200 [07/Apr/2025:17:51:12 +0000] - 9.802 ms localhost
GET /@fs/C:/Users/USER/Documents/BroCampTasks/Angular_Project/frontend/.angular/cache/18.2.15/frontend/vite/deps/@angular_common_http.js.map 200 [07/Apr/2025:17:51:12 +0000] - 10.381 ms localhost
GET /@fs/C:/Users/USER/Documents/BroCampTasks/Angular_Project/frontend/.angular/cache/18.2.15/frontend/vite/deps/chunk-KHJLBV7G.js.map 200 [07/Apr/2025:17:51:12 +0000] - 17.187 ms localhost
GET /@fs/C:/Users/USER/Documents/BroCampTasks/Angular_Project/frontend/.angular/cache/18.2.15/frontend/vite/deps/@angular_platform-browser.js.map 200 [07/Apr/2025:17:51:12 +0000] - 18.184 ms localhost
GET /@fs/C:/Users/USER/Documents/BroCampTasks/Angular_Project/frontend/.angular/cache/18.2.15/frontend/vite/deps/chunk-TI4NIV3R.js.map 200 [07/Apr/2025:17:51:12 +0000] - 33.974 ms localhost
GET /@fs/C:/Users/USER/Documents/BroCampTasks/Angular_Project/frontend/.angular/cache/18.2.15/frontend/vite/deps/chunk-UWVBNKXZ.js.map 200 [07/Apr/2025:17:51:12 +0000] - 56.983 ms localhost
GET /@fs/C:/Users/USER/Documents/BroCampTasks/Angular_Project/frontend/.angular/cache/18.2.15/frontend/vite/deps/@angular_router.js.map 200 [07/Apr/2025:17:51:12 +0000] - 66.079 ms localhost
GET /@fs/C:/Users/USER/Documents/BroCampTasks/Angular_Project/frontend/.angular/cache/18.2.15/frontend/vite/deps/ngx-socket-io.js.map 200 [07/Apr/2025:17:51:12 +0000] - 29.973 ms localhost
GET /@fs/C:/Users/USER/Documents/BroCampTasks/Angular_Project/frontend/.angular/cache/18.2.15/frontend/vite/deps/@angular_forms.js.map 200 [07/Apr/2025:17:51:12 +0000] - 47.193 ms localhost
GET /login.component.css.map 200 [07/Apr/2025:17:51:12 +0000] - 5.778 ms localhost
GET /@fs/C:/Users/USER/Documents/BroCampTasks/Angular_Project/frontend/.angular/cache/18.2.15/frontend/vite/deps/emoji-picker-element.js.map 200 [07/Apr/2025:17:51:12 +0000] - 19.481 ms localhost
POST /api/user/register 201 [07/Apr/2025:17:51:36 +0000] - 205.220 ms localhost
GET /chunk-3W7M4UWT.js 200 [07/Apr/2025:17:51:36 +0000] - 8.829 ms localhost
GET /api/user/otp/67f3fd151ef9f990e64a2054 200 [07/Apr/2025:17:53:04 +0000] - 4063.586 ms localhost
GET /api/user/otp/67f3fd151ef9f990e64a2054 200 [07/Apr/2025:17:53:06 +0000] - 3058.577 ms localhost
POST /api/user/otp/verify 400 [07/Apr/2025:17:53:25 +0000] - 113.266 ms localhost
POST /api/user/otp/verify 200 [07/Apr/2025:17:53:34 +0000] - 86.806 ms localhost
GET /login.component.css.map 200 [07/Apr/2025:17:53:35 +0000] - 36.804 ms localhost
POST /api/user/login 400 [07/Apr/2025:17:53:43 +0000] - 79.548 ms localhost
POST /api/user/login 400 [07/Apr/2025:17:53:52 +0000] - 52.477 ms localhost
GET /?token=OCIXJZtcKpSg - [07/Apr/2025:17:55:10 +0000] - - ms localhost
