GET /login 200 [16/Jan/2025:04:44:42 +0000] - 309.212 ms localhost
GET /@vite/client 304 [16/Jan/2025:04:44:43 +0000] - 32.714 ms localhost
GET /polyfills.js 304 [16/Jan/2025:04:44:43 +0000] - 7.095 ms localhost
GET /styles.css 200 [16/Jan/2025:04:44:43 +0000] - 27.288 ms localhost
GET /main.js 304 [16/Jan/2025:04:44:43 +0000] - 32.362 ms localhost
GET /@fs/C:/Users/USER/Desktop/BroCampTasks/Angular_Project/frontend/node_modules/vite/dist/client/env.mjs 304 [16/Jan/2025:04:44:43 +0000] - 31.034 ms localhost
GET /styles.css.map 200 [16/Jan/2025:04:45:06 +0000] - 9.304 ms localhost
GET /@fs/C:/Users/USER/Desktop/BroCampTasks/Angular_Project/frontend/.angular/cache/18.2.11/frontend/vite/deps/@angular_platform-browser.js.map 304 [16/Jan/2025:04:45:09 +0000] - 35.326 ms localhost
GET /@fs/C:/Users/USER/Desktop/BroCampTasks/Angular_Project/frontend/.angular/cache/18.2.11/frontend/vite/deps/chunk-SD63G7YN.js.map 304 [16/Jan/2025:04:45:09 +0000] - 36.328 ms localhost
GET /@fs/C:/Users/USER/Desktop/BroCampTasks/Angular_Project/frontend/.angular/cache/18.2.11/frontend/vite/deps/chunk-J2M542RS.js.map 304 [16/Jan/2025:04:45:09 +0000] - 27.573 ms localhost
GET /@fs/C:/Users/USER/Desktop/BroCampTasks/Angular_Project/frontend/.angular/cache/18.2.11/frontend/vite/deps/chunk-PLMZ7O3F.js.map 304 [16/Jan/2025:04:45:09 +0000] - 75.907 ms localhost
GET /@fs/C:/Users/USER/Desktop/BroCampTasks/Angular_Project/frontend/.angular/cache/18.2.11/frontend/vite/deps/chunk-FDUYSLZ7.js.map 304 [16/Jan/2025:04:45:10 +0000] - 870.518 ms localhost
GET /@fs/C:/Users/USER/Desktop/BroCampTasks/Angular_Project/frontend/.angular/cache/18.2.11/frontend/vite/deps/@angular_core.js.map 304 [16/Jan/2025:04:45:10 +0000] - 901.402 ms localhost
GET /@fs/C:/Users/USER/Desktop/BroCampTasks/Angular_Project/frontend/.angular/cache/18.2.11/frontend/vite/deps/chunk-PF6LNL77.js.map 304 [16/Jan/2025:04:45:10 +0000] - 932.769 ms localhost
GET /@fs/C:/Users/USER/Desktop/BroCampTasks/Angular_Project/frontend/.angular/cache/18.2.11/frontend/vite/deps/@angular_router.js.map 304 [16/Jan/2025:04:45:10 +0000] - 946.779 ms localhost
GET /login.component.css.map 200 [16/Jan/2025:04:45:10 +0000] - 38.395 ms localhost
GET /@fs/C:/Users/USER/Desktop/BroCampTasks/Angular_Project/frontend/.angular/cache/18.2.11/frontend/vite/deps/@angular_common_http.js.map 304 [16/Jan/2025:04:45:10 +0000] - 955.438 ms localhost
GET /@fs/C:/Users/USER/Desktop/BroCampTasks/Angular_Project/frontend/.angular/cache/18.2.11/frontend/vite/deps/rxjs.js.map 304 [16/Jan/2025:04:45:10 +0000] - 964.957 ms localhost
GET /@fs/C:/Users/USER/Desktop/BroCampTasks/Angular_Project/frontend/.angular/cache/18.2.11/frontend/vite/deps/@angular_common.js.map 304 [16/Jan/2025:04:45:10 +0000] - 155.860 ms localhost
GET /@fs/C:/Users/USER/Desktop/BroCampTasks/Angular_Project/frontend/.angular/cache/18.2.11/frontend/vite/deps/@angular_forms.js.map 304 [16/Jan/2025:04:45:10 +0000] - 224.477 ms localhost
GET /favicon.ico 304 [16/Jan/2025:04:45:10 +0000] - 9.283 ms localhost
GET / - [16/Jan/2025:04:48:56 +0000] - - ms localhost
GET /login 200 [16/Jan/2025:11:20:14 +0000] - 240.196 ms localhost
GET /styles.css 200 [16/Jan/2025:11:20:14 +0000] - 15.626 ms localhost
GET /polyfills.js 304 [16/Jan/2025:11:20:14 +0000] - 23.966 ms localhost
GET /@vite/client 304 [16/Jan/2025:11:20:14 +0000] - 21.012 ms localhost
GET /main.js 304 [16/Jan/2025:11:20:14 +0000] - 29.819 ms localhost
GET /@fs/C:/Users/USER/Desktop/BroCampTasks/Angular_Project/frontend/node_modules/vite/dist/client/env.mjs 304 [16/Jan/2025:11:20:14 +0000] - 5.568 ms localhost
GET /styles.css.map 200 [16/Jan/2025:11:20:15 +0000] - 10.253 ms localhost
GET /@fs/C:/Users/USER/Desktop/BroCampTasks/Angular_Project/frontend/.angular/cache/18.2.11/frontend/vite/deps/@angular_platform-browser.js.map 304 [16/Jan/2025:11:20:15 +0000] - 135.906 ms localhost
GET /@fs/C:/Users/USER/Desktop/BroCampTasks/Angular_Project/frontend/.angular/cache/18.2.11/frontend/vite/deps/rxjs.js.map 304 [16/Jan/2025:11:20:15 +0000] - 152.560 ms localhost
GET /@fs/C:/Users/USER/Desktop/BroCampTasks/Angular_Project/frontend/.angular/cache/18.2.11/frontend/vite/deps/@angular_common_http.js.map 304 [16/Jan/2025:11:20:15 +0000] - 158.142 ms localhost
GET /@fs/C:/Users/USER/Desktop/BroCampTasks/Angular_Project/frontend/.angular/cache/18.2.11/frontend/vite/deps/chunk-SD63G7YN.js.map 304 [16/Jan/2025:11:20:15 +0000] - 172.135 ms localhost
GET /@fs/C:/Users/USER/Desktop/BroCampTasks/Angular_Project/frontend/.angular/cache/18.2.11/frontend/vite/deps/chunk-PLMZ7O3F.js.map 304 [16/Jan/2025:11:20:15 +0000] - 345.688 ms localhost
GET /@fs/C:/Users/USER/Desktop/BroCampTasks/Angular_Project/frontend/.angular/cache/18.2.11/frontend/vite/deps/chunk-J2M542RS.js.map 304 [16/Jan/2025:11:20:15 +0000] - 379.097 ms localhost
GET /@fs/C:/Users/USER/Desktop/BroCampTasks/Angular_Project/frontend/.angular/cache/18.2.11/frontend/vite/deps/@angular_core.js.map 304 [16/Jan/2025:11:20:15 +0000] - 219.606 ms localhost
GET /favicon.ico 304 [16/Jan/2025:11:20:15 +0000] - 50.832 ms localhost
GET /@fs/C:/Users/USER/Desktop/BroCampTasks/Angular_Project/frontend/.angular/cache/18.2.11/frontend/vite/deps/chunk-PF6LNL77.js.map 304 [16/Jan/2025:11:20:15 +0000] - 336.503 ms localhost
GET /@fs/C:/Users/USER/Desktop/BroCampTasks/Angular_Project/frontend/.angular/cache/18.2.11/frontend/vite/deps/chunk-FDUYSLZ7.js.map 304 [16/Jan/2025:11:20:16 +0000] - 894.269 ms localhost
GET /login.component.css.map 200 [16/Jan/2025:11:20:16 +0000] - 439.007 ms localhost
GET /@fs/C:/Users/USER/Desktop/BroCampTasks/Angular_Project/frontend/.angular/cache/18.2.11/frontend/vite/deps/@angular_common.js.map 304 [16/Jan/2025:11:20:16 +0000] - 630.836 ms localhost
GET /@fs/C:/Users/USER/Desktop/BroCampTasks/Angular_Project/frontend/.angular/cache/18.2.11/frontend/vite/deps/@angular_forms.js.map 304 [16/Jan/2025:11:20:16 +0000] - 700.409 ms localhost
GET /@fs/C:/Users/USER/Desktop/BroCampTasks/Angular_Project/frontend/.angular/cache/18.2.11/frontend/vite/deps/@angular_router.js.map 304 [16/Jan/2025:11:20:16 +0000] - 1015.013 ms localhost
GET / - [16/Jan/2025:11:24:14 +0000] - - ms localhost
GET /login 200 [16/Jan/2025:11:35:25 +0000] - 98.367 ms localhost
GET /polyfills.js 304 [16/Jan/2025:11:35:26 +0000] - 6.027 ms localhost
GET /main.js 304 [16/Jan/2025:11:35:26 +0000] - 6.038 ms localhost
GET /styles.css 200 [16/Jan/2025:11:35:26 +0000] - 144.969 ms localhost
GET /@vite/client 304 [16/Jan/2025:11:35:26 +0000] - 12.325 ms localhost
GET /styles.css.map 200 [16/Jan/2025:11:35:27 +0000] - 9.978 ms localhost
GET /@fs/C:/Users/USER/Desktop/BroCampTasks/Angular_Project/frontend/node_modules/vite/dist/client/env.mjs 304 [16/Jan/2025:11:35:28 +0000] - 7.510 ms localhost
GET /favicon.ico 304 [16/Jan/2025:11:35:30 +0000] - 40.022 ms localhost
GET /@fs/C:/Users/USER/Desktop/BroCampTasks/Angular_Project/frontend/.angular/cache/18.2.11/frontend/vite/deps/@angular_platform-browser.js.map 304 [16/Jan/2025:11:35:30 +0000] - 76.420 ms localhost
GET /@fs/C:/Users/USER/Desktop/BroCampTasks/Angular_Project/frontend/.angular/cache/18.2.11/frontend/vite/deps/rxjs.js.map 304 [16/Jan/2025:11:35:30 +0000] - 60.673 ms localhost
GET /@fs/C:/Users/USER/Desktop/BroCampTasks/Angular_Project/frontend/.angular/cache/18.2.11/frontend/vite/deps/chunk-PLMZ7O3F.js.map 304 [16/Jan/2025:11:35:30 +0000] - 99.776 ms localhost
GET /@fs/C:/Users/USER/Desktop/BroCampTasks/Angular_Project/frontend/.angular/cache/18.2.11/frontend/vite/deps/chunk-J2M542RS.js.map 304 [16/Jan/2025:11:35:30 +0000] - 147.359 ms localhost
GET /login.component.css.map 200 [16/Jan/2025:11:35:30 +0000] - 26.345 ms localhost
GET /@fs/C:/Users/USER/Desktop/BroCampTasks/Angular_Project/frontend/.angular/cache/18.2.11/frontend/vite/deps/@angular_common.js.map 304 [16/Jan/2025:11:35:30 +0000] - 30.570 ms localhost
GET /@fs/C:/Users/USER/Desktop/BroCampTasks/Angular_Project/frontend/.angular/cache/18.2.11/frontend/vite/deps/@angular_common_http.js.map 304 [16/Jan/2025:11:35:30 +0000] - 33.086 ms localhost
GET /@fs/C:/Users/USER/Desktop/BroCampTasks/Angular_Project/frontend/.angular/cache/18.2.11/frontend/vite/deps/chunk-PF6LNL77.js.map 304 [16/Jan/2025:11:35:30 +0000] - 92.902 ms localhost
GET /@fs/C:/Users/USER/Desktop/BroCampTasks/Angular_Project/frontend/.angular/cache/18.2.11/frontend/vite/deps/@angular_core.js.map 304 [16/Jan/2025:11:35:30 +0000] - 234.512 ms localhost
GET /@fs/C:/Users/USER/Desktop/BroCampTasks/Angular_Project/frontend/.angular/cache/18.2.11/frontend/vite/deps/chunk-FDUYSLZ7.js.map 304 [16/Jan/2025:11:35:31 +0000] - 695.200 ms localhost
GET /@fs/C:/Users/USER/Desktop/BroCampTasks/Angular_Project/frontend/.angular/cache/18.2.11/frontend/vite/deps/chunk-SD63G7YN.js.map 304 [16/Jan/2025:11:35:31 +0000] - 930.914 ms localhost
GET /@fs/C:/Users/USER/Desktop/BroCampTasks/Angular_Project/frontend/.angular/cache/18.2.11/frontend/vite/deps/@angular_forms.js.map 304 [16/Jan/2025:11:35:31 +0000] - 939.144 ms localhost
GET /@fs/C:/Users/USER/Desktop/BroCampTasks/Angular_Project/frontend/.angular/cache/18.2.11/frontend/vite/deps/@angular_router.js.map 304 [16/Jan/2025:11:35:31 +0000] - 937.654 ms localhost
GET / - [16/Jan/2025:11:39:28 +0000] - - ms localhost
GET /login 200 [16/Jan/2025:13:07:18 +0000] - 187.525 ms localhost
GET /@vite/client 304 [16/Jan/2025:13:07:25 +0000] - 12.779 ms localhost
GET /styles.css 200 [16/Jan/2025:13:07:25 +0000] - 11.511 ms localhost
GET /polyfills.js 304 [16/Jan/2025:13:07:26 +0000] - 23.204 ms localhost
GET /main.js 304 [16/Jan/2025:13:07:26 +0000] - 15.215 ms localhost
GET /@fs/C:/Users/USER/Desktop/BroCampTasks/Angular_Project/frontend/node_modules/vite/dist/client/env.mjs 304 [16/Jan/2025:13:07:26 +0000] - 8.658 ms localhost
GET /styles.css.map 200 [16/Jan/2025:13:07:27 +0000] - 24.773 ms localhost
GET /favicon.ico 304 [16/Jan/2025:13:07:27 +0000] - 15.211 ms localhost
GET /@fs/C:/Users/USER/Desktop/BroCampTasks/Angular_Project/frontend/.angular/cache/18.2.11/frontend/vite/deps/@angular_platform-browser.js.map 304 [16/Jan/2025:13:07:27 +0000] - 73.303 ms localhost
GET /@fs/C:/Users/USER/Desktop/BroCampTasks/Angular_Project/frontend/.angular/cache/18.2.11/frontend/vite/deps/chunk-PLMZ7O3F.js.map 304 [16/Jan/2025:13:07:27 +0000] - 119.971 ms localhost
GET /@fs/C:/Users/USER/Desktop/BroCampTasks/Angular_Project/frontend/.angular/cache/18.2.11/frontend/vite/deps/chunk-PF6LNL77.js.map 304 [16/Jan/2025:13:07:27 +0000] - 139.282 ms localhost
GET /@fs/C:/Users/USER/Desktop/BroCampTasks/Angular_Project/frontend/.angular/cache/18.2.11/frontend/vite/deps/chunk-J2M542RS.js.map 304 [16/Jan/2025:13:07:27 +0000] - 146.117 ms localhost
GET /@fs/C:/Users/USER/Desktop/BroCampTasks/Angular_Project/frontend/.angular/cache/18.2.11/frontend/vite/deps/chunk-SD63G7YN.js.map 304 [16/Jan/2025:13:07:27 +0000] - 293.831 ms localhost
GET /@fs/C:/Users/USER/Desktop/BroCampTasks/Angular_Project/frontend/.angular/cache/18.2.11/frontend/vite/deps/@angular_common_http.js.map 304 [16/Jan/2025:13:07:27 +0000] - 55.813 ms localhost
GET /@fs/C:/Users/USER/Desktop/BroCampTasks/Angular_Project/frontend/.angular/cache/18.2.11/frontend/vite/deps/@angular_router.js.map 304 [16/Jan/2025:13:07:27 +0000] - 73.266 ms localhost
GET /@fs/C:/Users/USER/Desktop/BroCampTasks/Angular_Project/frontend/.angular/cache/18.2.11/frontend/vite/deps/rxjs.js.map 304 [16/Jan/2025:13:07:27 +0000] - 217.406 ms localhost
GET /@fs/C:/Users/USER/Desktop/BroCampTasks/Angular_Project/frontend/.angular/cache/18.2.11/frontend/vite/deps/@angular_core.js.map 304 [16/Jan/2025:13:07:28 +0000] - 514.588 ms localhost
GET /login.component.css.map 200 [16/Jan/2025:13:07:28 +0000] - 337.297 ms localhost
GET /@fs/C:/Users/USER/Desktop/BroCampTasks/Angular_Project/frontend/.angular/cache/18.2.11/frontend/vite/deps/chunk-FDUYSLZ7.js.map 304 [16/Jan/2025:13:07:28 +0000] - 1431.889 ms localhost
GET /@fs/C:/Users/USER/Desktop/BroCampTasks/Angular_Project/frontend/.angular/cache/18.2.11/frontend/vite/deps/@angular_common.js.map 304 [16/Jan/2025:13:07:28 +0000] - 904.319 ms localhost
GET /@fs/C:/Users/USER/Desktop/BroCampTasks/Angular_Project/frontend/.angular/cache/18.2.11/frontend/vite/deps/@angular_forms.js.map 304 [16/Jan/2025:13:07:28 +0000] - 919.970 ms localhost
GET /booking 404 [16/Jan/2025:13:07:31 +0000] - 454.297 ms localhost
GET / - [16/Jan/2025:13:07:33 +0000] - - ms localhost
GET / 200 [16/Jan/2025:13:07:43 +0000] - 15.177 ms localhost
GET /@vite/client 304 [16/Jan/2025:13:07:43 +0000] - 5.130 ms localhost
GET /styles.css 200 [16/Jan/2025:13:07:43 +0000] - 9.117 ms localhost
GET /main.js 304 [16/Jan/2025:13:07:43 +0000] - 3.876 ms localhost
GET /polyfills.js 304 [16/Jan/2025:13:07:43 +0000] - 7.123 ms localhost
GET /styles.css.map 200 [16/Jan/2025:13:07:43 +0000] - 3.513 ms localhost
GET /@fs/C:/Users/USER/Desktop/BroCampTasks/Angular_Project/frontend/node_modules/vite/dist/client/env.mjs 304 [16/Jan/2025:13:07:43 +0000] - 5.164 ms localhost
GET /@fs/C:/Users/USER/Desktop/BroCampTasks/Angular_Project/frontend/.angular/cache/18.2.11/frontend/vite/deps/@angular_platform-browser.js.map 304 [16/Jan/2025:13:07:44 +0000] - 5.488 ms localhost
GET /@fs/C:/Users/USER/Desktop/BroCampTasks/Angular_Project/frontend/.angular/cache/18.2.11/frontend/vite/deps/@angular_core.js.map 304 [16/Jan/2025:13:07:44 +0000] - 9.623 ms localhost
GET /@fs/C:/Users/USER/Desktop/BroCampTasks/Angular_Project/frontend/.angular/cache/18.2.11/frontend/vite/deps/chunk-J2M542RS.js.map 304 [16/Jan/2025:13:07:44 +0000] - 17.943 ms localhost
GET /@fs/C:/Users/USER/Desktop/BroCampTasks/Angular_Project/frontend/.angular/cache/18.2.11/frontend/vite/deps/chunk-PF6LNL77.js.map 304 [16/Jan/2025:13:07:44 +0000] - 20.930 ms localhost
GET /@fs/C:/Users/USER/Desktop/BroCampTasks/Angular_Project/frontend/.angular/cache/18.2.11/frontend/vite/deps/chunk-SD63G7YN.js.map 304 [16/Jan/2025:13:07:44 +0000] - 48.281 ms localhost
GET /@fs/C:/Users/USER/Desktop/BroCampTasks/Angular_Project/frontend/.angular/cache/18.2.11/frontend/vite/deps/chunk-PLMZ7O3F.js.map 304 [16/Jan/2025:13:07:44 +0000] - 53.104 ms localhost
GET /@fs/C:/Users/USER/Desktop/BroCampTasks/Angular_Project/frontend/.angular/cache/18.2.11/frontend/vite/deps/@angular_router.js.map 304 [16/Jan/2025:13:07:44 +0000] - 69.418 ms localhost
GET /@fs/C:/Users/USER/Desktop/BroCampTasks/Angular_Project/frontend/.angular/cache/18.2.11/frontend/vite/deps/chunk-FDUYSLZ7.js.map 304 [16/Jan/2025:13:07:44 +0000] - 147.900 ms localhost
GET /@fs/C:/Users/USER/Desktop/BroCampTasks/Angular_Project/frontend/.angular/cache/18.2.11/frontend/vite/deps/@angular_common_http.js.map 304 [16/Jan/2025:13:07:44 +0000] - 122.329 ms localhost
GET /@fs/C:/Users/USER/Desktop/BroCampTasks/Angular_Project/frontend/.angular/cache/18.2.11/frontend/vite/deps/rxjs.js.map 304 [16/Jan/2025:13:07:44 +0000] - 104.501 ms localhost
GET /@fs/C:/Users/USER/Desktop/BroCampTasks/Angular_Project/frontend/.angular/cache/18.2.11/frontend/vite/deps/@angular_forms.js.map 304 [16/Jan/2025:13:07:44 +0000] - 133.730 ms localhost
GET /@fs/C:/Users/USER/Desktop/BroCampTasks/Angular_Project/frontend/.angular/cache/18.2.11/frontend/vite/deps/@angular_common.js.map 304 [16/Jan/2025:13:07:44 +0000] - 229.010 ms localhost
GET /login.component.css.map 200 [16/Jan/2025:13:07:44 +0000] - 3.993 ms localhost
GET /favicon.ico 304 [16/Jan/2025:13:07:44 +0000] - 8.935 ms localhost
GET / - [16/Jan/2025:13:11:43 +0000] - - ms localhost
POST /user/register 400 [16/Jan/2025:13:16:58 +0000] - 927.857 ms localhost
POST /user/register 201 [16/Jan/2025:13:18:47 +0000] - 5070.701 ms localhost
GET /login.component.css.map 200 [16/Jan/2025:13:18:53 +0000] - 68.082 ms localhost
GET /login 200 [16/Jan/2025:16:00:44 +0000] - 355.361 ms localhost
GET /@vite/client 304 [16/Jan/2025:16:00:47 +0000] - 96.358 ms localhost
GET /styles.css 200 [16/Jan/2025:16:00:47 +0000] - 13.154 ms localhost
GET /polyfills.js 304 [16/Jan/2025:16:00:47 +0000] - 3.096 ms localhost
GET /main.js 304 [16/Jan/2025:16:00:47 +0000] - 3.112 ms localhost
GET /@fs/C:/Users/USER/Desktop/BroCampTasks/Angular_Project/frontend/node_modules/vite/dist/client/env.mjs 304 [16/Jan/2025:16:00:47 +0000] - 3.412 ms localhost
GET /styles.css.map 200 [16/Jan/2025:16:00:48 +0000] - 8.669 ms localhost
GET /@fs/C:/Users/USER/Desktop/BroCampTasks/Angular_Project/frontend/.angular/cache/18.2.11/frontend/vite/deps/@angular_platform-browser.js.map 304 [16/Jan/2025:16:00:49 +0000] - 156.218 ms localhost
GET /@fs/C:/Users/USER/Desktop/BroCampTasks/Angular_Project/frontend/.angular/cache/18.2.11/frontend/vite/deps/chunk-SD63G7YN.js.map 304 [16/Jan/2025:16:00:49 +0000] - 132.935 ms localhost
GET /@fs/C:/Users/USER/Desktop/BroCampTasks/Angular_Project/frontend/.angular/cache/18.2.11/frontend/vite/deps/chunk-J2M542RS.js.map 304 [16/Jan/2025:16:00:49 +0000] - 140.336 ms localhost
GET /@fs/C:/Users/USER/Desktop/BroCampTasks/Angular_Project/frontend/.angular/cache/18.2.11/frontend/vite/deps/chunk-PF6LNL77.js.map 304 [16/Jan/2025:16:00:49 +0000] - 136.846 ms localhost
GET /@fs/C:/Users/USER/Desktop/BroCampTasks/Angular_Project/frontend/.angular/cache/18.2.11/frontend/vite/deps/chunk-PLMZ7O3F.js.map 304 [16/Jan/2025:16:00:49 +0000] - 184.670 ms localhost
GET /@fs/C:/Users/USER/Desktop/BroCampTasks/Angular_Project/frontend/.angular/cache/18.2.11/frontend/vite/deps/chunk-FDUYSLZ7.js.map 304 [16/Jan/2025:16:00:49 +0000] - 605.533 ms localhost
GET /@fs/C:/Users/USER/Desktop/BroCampTasks/Angular_Project/frontend/.angular/cache/18.2.11/frontend/vite/deps/@angular_core.js.map 304 [16/Jan/2025:16:00:49 +0000] - 538.457 ms localhost
GET /@fs/C:/Users/USER/Desktop/BroCampTasks/Angular_Project/frontend/.angular/cache/18.2.11/frontend/vite/deps/@angular_common_http.js.map 304 [16/Jan/2025:16:00:49 +0000] - 518.019 ms localhost
GET /@fs/C:/Users/USER/Desktop/BroCampTasks/Angular_Project/frontend/.angular/cache/18.2.11/frontend/vite/deps/@angular_router.js.map 304 [16/Jan/2025:16:00:50 +0000] - 726.151 ms localhost
GET /@fs/C:/Users/USER/Desktop/BroCampTasks/Angular_Project/frontend/.angular/cache/18.2.11/frontend/vite/deps/rxjs.js.map 304 [16/Jan/2025:16:00:50 +0000] - 668.245 ms localhost
GET /@fs/C:/Users/USER/Desktop/BroCampTasks/Angular_Project/frontend/.angular/cache/18.2.11/frontend/vite/deps/@angular_forms.js.map 304 [16/Jan/2025:16:00:50 +0000] - 359.031 ms localhost
GET /@fs/C:/Users/USER/Desktop/BroCampTasks/Angular_Project/frontend/.angular/cache/18.2.11/frontend/vite/deps/@angular_common.js.map 304 [16/Jan/2025:16:00:50 +0000] - 803.801 ms localhost
GET /login.component.css.map 200 [16/Jan/2025:16:00:51 +0000] - 4.422 ms localhost
GET /favicon.ico 304 [16/Jan/2025:16:00:51 +0000] - 6.739 ms localhost
GET / - [16/Jan/2025:16:04:48 +0000] - - ms localhost
GET /login 200 [16/Jan/2025:16:41:10 +0000] - 322.626 ms localhost
GET /@vite/client 304 [16/Jan/2025:16:41:10 +0000] - 11.810 ms localhost
GET /styles.css 200 [16/Jan/2025:16:41:12 +0000] - 13.742 ms localhost
GET /polyfills.js 304 [16/Jan/2025:16:41:13 +0000] - 9.490 ms localhost
GET /main.js 304 [16/Jan/2025:16:41:13 +0000] - 5.438 ms localhost
GET /@fs/C:/Users/USER/Desktop/BroCampTasks/Angular_Project/frontend/node_modules/vite/dist/client/env.mjs 304 [16/Jan/2025:16:41:13 +0000] - 6.165 ms localhost
GET /styles.css.map 200 [16/Jan/2025:16:41:13 +0000] - 15.906 ms localhost
GET /@fs/C:/Users/USER/Desktop/BroCampTasks/Angular_Project/frontend/.angular/cache/18.2.11/frontend/vite/deps/@angular_platform-browser.js.map 304 [16/Jan/2025:16:41:14 +0000] - 56.468 ms localhost
GET /@fs/C:/Users/USER/Desktop/BroCampTasks/Angular_Project/frontend/.angular/cache/18.2.11/frontend/vite/deps/chunk-SD63G7YN.js.map 304 [16/Jan/2025:16:41:14 +0000] - 106.196 ms localhost
GET /@fs/C:/Users/USER/Desktop/BroCampTasks/Angular_Project/frontend/.angular/cache/18.2.11/frontend/vite/deps/chunk-PLMZ7O3F.js.map 304 [16/Jan/2025:16:41:14 +0000] - 108.911 ms localhost
GET /@fs/C:/Users/USER/Desktop/BroCampTasks/Angular_Project/frontend/.angular/cache/18.2.11/frontend/vite/deps/chunk-J2M542RS.js.map 304 [16/Jan/2025:16:41:14 +0000] - 134.332 ms localhost
GET /@fs/C:/Users/USER/Desktop/BroCampTasks/Angular_Project/frontend/.angular/cache/18.2.11/frontend/vite/deps/@angular_core.js.map 304 [16/Jan/2025:16:41:14 +0000] - 93.914 ms localhost
GET /@fs/C:/Users/USER/Desktop/BroCampTasks/Angular_Project/frontend/.angular/cache/18.2.11/frontend/vite/deps/chunk-PF6LNL77.js.map 304 [16/Jan/2025:16:41:14 +0000] - 217.212 ms localhost
GET /@fs/C:/Users/USER/Desktop/BroCampTasks/Angular_Project/frontend/.angular/cache/18.2.11/frontend/vite/deps/chunk-FDUYSLZ7.js.map 304 [16/Jan/2025:16:41:15 +0000] - 1570.861 ms localhost
GET /@fs/C:/Users/USER/Desktop/BroCampTasks/Angular_Project/frontend/.angular/cache/18.2.11/frontend/vite/deps/@angular_common_http.js.map 304 [16/Jan/2025:16:41:15 +0000] - 1469.225 ms localhost
GET /@fs/C:/Users/USER/Desktop/BroCampTasks/Angular_Project/frontend/.angular/cache/18.2.11/frontend/vite/deps/rxjs.js.map 304 [16/Jan/2025:16:41:16 +0000] - 1423.962 ms localhost
GET /@fs/C:/Users/USER/Desktop/BroCampTasks/Angular_Project/frontend/.angular/cache/18.2.11/frontend/vite/deps/@angular_router.js.map 304 [16/Jan/2025:16:41:16 +0000] - 1632.987 ms localhost
GET /@fs/C:/Users/USER/Desktop/BroCampTasks/Angular_Project/frontend/.angular/cache/18.2.11/frontend/vite/deps/@angular_forms.js.map 304 [16/Jan/2025:16:41:16 +0000] - 1420.492 ms localhost
GET /@fs/C:/Users/USER/Desktop/BroCampTasks/Angular_Project/frontend/.angular/cache/18.2.11/frontend/vite/deps/@angular_common.js.map 304 [16/Jan/2025:16:41:16 +0000] - 550.230 ms localhost
GET /favicon.ico 304 [16/Jan/2025:16:41:16 +0000] - 6.723 ms localhost
GET /login.component.css.map 200 [16/Jan/2025:16:41:17 +0000] - 2.609 ms localhost
GET / - [16/Jan/2025:16:45:13 +0000] - - ms localhost
