GET /services 200 [02/Jan/2025:07:25:17 +0000] - 61.892 ms localhost
GET /@vite/client 304 [02/Jan/2025:07:25:18 +0000] - 41.778 ms localhost
GET /polyfills.js 304 [02/Jan/2025:07:25:18 +0000] - 40.290 ms localhost
GET /main.js 304 [02/Jan/2025:07:25:18 +0000] - 37.748 ms localhost
GET /styles.css 200 [02/Jan/2025:07:25:19 +0000] - 222.167 ms localhost
GET /@fs/C:/Users/USER/Desktop/BroCampTasks/Angular_Project/frontend/node_modules/vite/dist/client/env.mjs 304 [02/Jan/2025:07:25:19 +0000] - 4.573 ms localhost
GET /favicon.ico 304 [02/Jan/2025:07:25:26 +0000] - 32.991 ms localhost
GET /@fs/C:/Users/USER/Desktop/BroCampTasks/Angular_Project/frontend/.angular/cache/18.2.11/frontend/vite/deps/@angular_core.js.map 304 [02/Jan/2025:07:25:26 +0000] - 70.181 ms localhost
GET /@fs/C:/Users/USER/Desktop/BroCampTasks/Angular_Project/frontend/.angular/cache/18.2.11/frontend/vite/deps/chunk-PF6LNL77.js.map 304 [02/Jan/2025:07:25:26 +0000] - 91.945 ms localhost
GET /@fs/C:/Users/USER/Desktop/BroCampTasks/Angular_Project/frontend/.angular/cache/18.2.11/frontend/vite/deps/chunk-SD63G7YN.js.map 304 [02/Jan/2025:07:25:26 +0000] - 100.646 ms localhost
GET /@fs/C:/Users/USER/Desktop/BroCampTasks/Angular_Project/frontend/.angular/cache/18.2.11/frontend/vite/deps/chunk-PLMZ7O3F.js.map 304 [02/Jan/2025:07:25:26 +0000] - 155.031 ms localhost
GET /@fs/C:/Users/USER/Desktop/BroCampTasks/Angular_Project/frontend/.angular/cache/18.2.11/frontend/vite/deps/chunk-J2M542RS.js.map 304 [02/Jan/2025:07:25:26 +0000] - 159.773 ms localhost
GET /@fs/C:/Users/USER/Desktop/BroCampTasks/Angular_Project/frontend/.angular/cache/18.2.11/frontend/vite/deps/@angular_platform-browser.js.map 304 [02/Jan/2025:07:25:26 +0000] - 12.955 ms localhost
GET /styles.css.map 200 [02/Jan/2025:07:25:26 +0000] - 6.899 ms localhost
GET /@fs/C:/Users/USER/Desktop/BroCampTasks/Angular_Project/frontend/.angular/cache/18.2.11/frontend/vite/deps/chunk-FDUYSLZ7.js.map 304 [02/Jan/2025:07:25:28 +0000] - 1200.791 ms localhost
GET /login.component.css.map 200 [02/Jan/2025:07:25:28 +0000] - 1213.656 ms localhost
GET /@fs/C:/Users/USER/Desktop/BroCampTasks/Angular_Project/frontend/.angular/cache/18.2.11/frontend/vite/deps/@angular_common_http.js.map 304 [02/Jan/2025:07:25:28 +0000] - 1304.286 ms localhost
GET /@fs/C:/Users/USER/Desktop/BroCampTasks/Angular_Project/frontend/.angular/cache/18.2.11/frontend/vite/deps/@angular_router.js.map 304 [02/Jan/2025:07:25:28 +0000] - 1500.681 ms localhost
GET /@fs/C:/Users/USER/Desktop/BroCampTasks/Angular_Project/frontend/.angular/cache/18.2.11/frontend/vite/deps/@angular_forms.js.map 304 [02/Jan/2025:07:25:28 +0000] - 1521.138 ms localhost
GET /@fs/C:/Users/USER/Desktop/BroCampTasks/Angular_Project/frontend/.angular/cache/18.2.11/frontend/vite/deps/rxjs.js.map 304 [02/Jan/2025:07:25:28 +0000] - 1519.244 ms localhost
GET /@fs/C:/Users/USER/Desktop/BroCampTasks/Angular_Project/frontend/.angular/cache/18.2.11/frontend/vite/deps/@angular_common.js.map 304 [02/Jan/2025:07:25:28 +0000] - 352.233 ms localhost
GET / - [02/Jan/2025:07:29:19 +0000] - - ms localhost
GET /login 200 [02/Jan/2025:08:18:26 +0000] - 182.747 ms localhost
GET /styles.css 200 [02/Jan/2025:08:18:27 +0000] - 16.758 ms localhost
GET /main.js 304 [02/Jan/2025:08:18:27 +0000] - 18.399 ms localhost
GET /polyfills.js 304 [02/Jan/2025:08:18:27 +0000] - 21.371 ms localhost
GET /@vite/client 304 [02/Jan/2025:08:18:28 +0000] - 4.749 ms localhost
GET /@fs/C:/Users/USER/Desktop/BroCampTasks/Angular_Project/frontend/node_modules/vite/dist/client/env.mjs 304 [02/Jan/2025:08:18:28 +0000] - 17.098 ms localhost
GET /styles.css.map 200 [02/Jan/2025:08:18:29 +0000] - 11.897 ms localhost
GET /login.component.css.map 200 [02/Jan/2025:08:18:29 +0000] - 19.075 ms localhost
GET /@fs/C:/Users/USER/Desktop/BroCampTasks/Angular_Project/frontend/.angular/cache/18.2.11/frontend/vite/deps/chunk-PLMZ7O3F.js.map 304 [02/Jan/2025:08:18:29 +0000] - 243.958 ms localhost
GET /favicon.ico 304 [02/Jan/2025:08:18:29 +0000] - 179.275 ms localhost
GET /@fs/C:/Users/USER/Desktop/BroCampTasks/Angular_Project/frontend/.angular/cache/18.2.11/frontend/vite/deps/chunk-PF6LNL77.js.map 304 [02/Jan/2025:08:18:30 +0000] - 319.837 ms localhost
GET /@fs/C:/Users/USER/Desktop/BroCampTasks/Angular_Project/frontend/.angular/cache/18.2.11/frontend/vite/deps/@angular_forms.js.map 304 [02/Jan/2025:08:18:30 +0000] - 330.791 ms localhost
GET /@fs/C:/Users/USER/Desktop/BroCampTasks/Angular_Project/frontend/.angular/cache/18.2.11/frontend/vite/deps/chunk-J2M542RS.js.map 304 [02/Jan/2025:08:18:30 +0000] - 1109.213 ms localhost
GET /@fs/C:/Users/USER/Desktop/BroCampTasks/Angular_Project/frontend/.angular/cache/18.2.11/frontend/vite/deps/chunk-FDUYSLZ7.js.map 304 [02/Jan/2025:08:18:31 +0000] - 1935.486 ms localhost
GET /@fs/C:/Users/USER/Desktop/BroCampTasks/Angular_Project/frontend/.angular/cache/18.2.11/frontend/vite/deps/chunk-SD63G7YN.js.map 304 [02/Jan/2025:08:18:31 +0000] - 1741.706 ms localhost
GET /@fs/C:/Users/USER/Desktop/BroCampTasks/Angular_Project/frontend/.angular/cache/18.2.11/frontend/vite/deps/@angular_platform-browser.js.map 304 [02/Jan/2025:08:18:31 +0000] - 1844.715 ms localhost
GET /@fs/C:/Users/USER/Desktop/BroCampTasks/Angular_Project/frontend/.angular/cache/18.2.11/frontend/vite/deps/@angular_core.js.map 304 [02/Jan/2025:08:18:32 +0000] - 1466.243 ms localhost
GET /@fs/C:/Users/USER/Desktop/BroCampTasks/Angular_Project/frontend/.angular/cache/18.2.11/frontend/vite/deps/@angular_router.js.map 304 [02/Jan/2025:08:18:32 +0000] - 1584.131 ms localhost
GET /@fs/C:/Users/USER/Desktop/BroCampTasks/Angular_Project/frontend/.angular/cache/18.2.11/frontend/vite/deps/@angular_common_http.js.map 304 [02/Jan/2025:08:18:32 +0000] - 1327.756 ms localhost
GET /@fs/C:/Users/USER/Desktop/BroCampTasks/Angular_Project/frontend/.angular/cache/18.2.11/frontend/vite/deps/rxjs.js.map 304 [02/Jan/2025:08:18:32 +0000] - 484.733 ms localhost
GET /@fs/C:/Users/USER/Desktop/BroCampTasks/Angular_Project/frontend/.angular/cache/18.2.11/frontend/vite/deps/@angular_common.js.map 304 [02/Jan/2025:08:18:32 +0000] - 303.201 ms localhost
GET / - [02/Jan/2025:08:22:28 +0000] - - ms localhost
GET / 200 [02/Jan/2025:18:17:08 +0000] - 400.730 ms localhost
GET /styles.css 200 [02/Jan/2025:18:17:09 +0000] - 99.213 ms localhost
GET /polyfills.js 304 [02/Jan/2025:18:17:09 +0000] - 110.132 ms localhost
GET /main.js 200 [02/Jan/2025:18:17:09 +0000] - 246.581 ms localhost
GET /@vite/client 304 [02/Jan/2025:18:17:09 +0000] - 814.971 ms localhost
GET /@fs/C:/Users/USER/Desktop/BroCampTasks/Angular_Project/frontend/node_modules/vite/dist/client/env.mjs 304 [02/Jan/2025:18:17:09 +0000] - 40.456 ms localhost
POST /user/login 200 [02/Jan/2025:18:17:17 +0000] - 822.981 ms localhost
GET /service/uploads/ 400 [02/Jan/2025:18:17:39 +0000] - 423.324 ms localhost
GET /service/services?isApproved=true 200 [02/Jan/2025:18:17:39 +0000] - 548.079 ms localhost
GET /styles.css 200 [02/Jan/2025:18:17:48 +0000] - 7.116 ms localhost
GET /@fs/C:/Users/USER/Desktop/BroCampTasks/Angular_Project/frontend/.angular/cache/18.2.11/frontend/vite/deps/chunk-PF6LNL77.js.map 304 [02/Jan/2025:18:17:48 +0000] - 51.684 ms localhost
GET /@fs/C:/Users/USER/Desktop/BroCampTasks/Angular_Project/frontend/.angular/cache/18.2.11/frontend/vite/deps/chunk-FDUYSLZ7.js.map 304 [02/Jan/2025:18:17:48 +0000] - 152.791 ms localhost
GET /@fs/C:/Users/USER/Desktop/BroCampTasks/Angular_Project/frontend/.angular/cache/18.2.11/frontend/vite/deps/@angular_forms.js.map 304 [02/Jan/2025:18:17:49 +0000] - 389.292 ms localhost
GET /@fs/C:/Users/USER/Desktop/BroCampTasks/Angular_Project/frontend/.angular/cache/18.2.11/frontend/vite/deps/chunk-PLMZ7O3F.js.map 304 [02/Jan/2025:18:17:49 +0000] - 427.933 ms localhost
GET /@fs/C:/Users/USER/Desktop/BroCampTasks/Angular_Project/frontend/.angular/cache/18.2.11/frontend/vite/deps/@angular_platform-browser.js.map 304 [02/Jan/2025:18:17:49 +0000] - 406.151 ms localhost
GET /@fs/C:/Users/USER/Desktop/BroCampTasks/Angular_Project/frontend/.angular/cache/18.2.11/frontend/vite/deps/@angular_common_http.js.map 304 [02/Jan/2025:18:17:49 +0000] - 404.838 ms localhost
GET /@fs/C:/Users/USER/Desktop/BroCampTasks/Angular_Project/frontend/.angular/cache/18.2.11/frontend/vite/deps/@angular_core.js.map 304 [02/Jan/2025:18:17:49 +0000] - 361.270 ms localhost
GET /@fs/C:/Users/USER/Desktop/BroCampTasks/Angular_Project/frontend/.angular/cache/18.2.11/frontend/vite/deps/rxjs.js.map 304 [02/Jan/2025:18:17:49 +0000] - 351.929 ms localhost
GET /@fs/C:/Users/USER/Desktop/BroCampTasks/Angular_Project/frontend/.angular/cache/18.2.11/frontend/vite/deps/@angular_common.js.map 304 [02/Jan/2025:18:17:49 +0000] - 8.571 ms localhost
GET /@fs/C:/Users/USER/Desktop/BroCampTasks/Angular_Project/frontend/.angular/cache/18.2.11/frontend/vite/deps/chunk-J2M542RS.js.map 304 [02/Jan/2025:18:17:49 +0000] - 55.795 ms localhost
GET /layout.component.css.map 200 [02/Jan/2025:18:17:49 +0000] - 34.010 ms localhost
GET /styles.css.map 200 [02/Jan/2025:18:17:49 +0000] - 43.501 ms localhost
GET /@fs/C:/Users/USER/Desktop/BroCampTasks/Angular_Project/frontend/.angular/cache/18.2.11/frontend/vite/deps/chunk-SD63G7YN.js.map 304 [02/Jan/2025:18:17:49 +0000] - 246.181 ms localhost
GET /@fs/C:/Users/USER/Desktop/BroCampTasks/Angular_Project/frontend/.angular/cache/18.2.11/frontend/vite/deps/@angular_router.js.map 304 [02/Jan/2025:18:17:49 +0000] - 384.178 ms localhost
GET /event/events/Decor 200 [02/Jan/2025:18:18:08 +0000] - 235.976 ms localhost
GET /events 200 [02/Jan/2025:18:20:56 +0000] - 30.477 ms localhost
GET / - [02/Jan/2025:18:20:56 +0000] - - ms localhost
GET /@vite/client 304 [02/Jan/2025:18:20:56 +0000] - 10.165 ms localhost
GET /main.js 200 [02/Jan/2025:18:20:57 +0000] - 22.303 ms localhost
GET /polyfills.js 304 [02/Jan/2025:18:20:57 +0000] - 4.555 ms localhost
GET /styles.css 200 [02/Jan/2025:18:20:57 +0000] - 8.664 ms localhost
GET /styles.css.map 200 [02/Jan/2025:18:20:57 +0000] - 6.461 ms localhost
GET /@fs/C:/Users/USER/Desktop/BroCampTasks/Angular_Project/frontend/node_modules/vite/dist/client/env.mjs 304 [02/Jan/2025:18:20:57 +0000] - 3.826 ms localhost
GET /@fs/C:/Users/USER/Desktop/BroCampTasks/Angular_Project/frontend/.angular/cache/18.2.11/frontend/vite/deps/chunk-PF6LNL77.js.map 304 [02/Jan/2025:18:20:57 +0000] - 28.701 ms localhost
GET /@fs/C:/Users/USER/Desktop/BroCampTasks/Angular_Project/frontend/.angular/cache/18.2.11/frontend/vite/deps/@angular_router.js.map 304 [02/Jan/2025:18:20:57 +0000] - 38.969 ms localhost
GET /@fs/C:/Users/USER/Desktop/BroCampTasks/Angular_Project/frontend/.angular/cache/18.2.11/frontend/vite/deps/@angular_core.js.map 304 [02/Jan/2025:18:20:57 +0000] - 414.524 ms localhost
GET /@fs/C:/Users/USER/Desktop/BroCampTasks/Angular_Project/frontend/.angular/cache/18.2.11/frontend/vite/deps/chunk-FDUYSLZ7.js.map 304 [02/Jan/2025:18:20:58 +0000] - 651.272 ms localhost
GET /@fs/C:/Users/USER/Desktop/BroCampTasks/Angular_Project/frontend/.angular/cache/18.2.11/frontend/vite/deps/chunk-PLMZ7O3F.js.map 304 [02/Jan/2025:18:20:58 +0000] - 703.458 ms localhost
GET /@fs/C:/Users/USER/Desktop/BroCampTasks/Angular_Project/frontend/.angular/cache/18.2.11/frontend/vite/deps/@angular_common_http.js.map 304 [02/Jan/2025:18:20:58 +0000] - 145.036 ms localhost
GET /@fs/C:/Users/USER/Desktop/BroCampTasks/Angular_Project/frontend/.angular/cache/18.2.11/frontend/vite/deps/rxjs.js.map 304 [02/Jan/2025:18:20:58 +0000] - 121.425 ms localhost
GET /@fs/C:/Users/USER/Desktop/BroCampTasks/Angular_Project/frontend/.angular/cache/18.2.11/frontend/vite/deps/chunk-SD63G7YN.js.map 304 [02/Jan/2025:18:20:58 +0000] - 714.439 ms localhost
GET /@fs/C:/Users/USER/Desktop/BroCampTasks/Angular_Project/frontend/.angular/cache/18.2.11/frontend/vite/deps/@angular_forms.js.map 304 [02/Jan/2025:18:20:58 +0000] - 167.212 ms localhost
GET /login.component.css.map 200 [02/Jan/2025:18:20:58 +0000] - 28.202 ms localhost
GET /favicon.ico 304 [02/Jan/2025:18:20:58 +0000] - 33.387 ms localhost
GET /@fs/C:/Users/USER/Desktop/BroCampTasks/Angular_Project/frontend/.angular/cache/18.2.11/frontend/vite/deps/@angular_common.js.map 304 [02/Jan/2025:18:20:58 +0000] - 105.525 ms localhost
GET /@fs/C:/Users/USER/Desktop/BroCampTasks/Angular_Project/frontend/.angular/cache/18.2.11/frontend/vite/deps/@angular_platform-browser.js.map 304 [02/Jan/2025:18:20:58 +0000] - 41.700 ms localhost
GET /@fs/C:/Users/USER/Desktop/BroCampTasks/Angular_Project/frontend/.angular/cache/18.2.11/frontend/vite/deps/chunk-J2M542RS.js.map 304 [02/Jan/2025:18:20:58 +0000] - 43.623 ms localhost
POST /user/login 200 [02/Jan/2025:18:21:16 +0000] - 243.621 ms localhost
GET /layout.component.css.map 200 [02/Jan/2025:18:21:16 +0000] - 7.313 ms localhost
GET /dashboard.component.css.map 200 [02/Jan/2025:18:21:16 +0000] - 8.314 ms localhost
GET /event/events/Marriage 200 [02/Jan/2025:18:21:21 +0000] - 246.777 ms localhost
GET / - [02/Jan/2025:18:24:57 +0000] - - ms localhost
