OPTIONS /api/user/login 200 [07/May/2025:14:27:54 +0000] - 232.892 ms localhost
POST /api/user/login 200 [07/May/2025:14:32:21 +0000] - 725.209 ms localhost
GET /api/service/services?role=user&limit=10&isApproved=true 200 [07/May/2025:14:33:20 +0000] - 793.020 ms localhost
GET /api/user/logout 200 [07/May/2025:14:40:22 +0000] - 128.785 ms localhost
POST /api/user/login 200 [07/May/2025:15:24:47 +0000] - 637.784 ms localhost
GET /api/user/logout 200 [07/May/2025:15:24:59 +0000] - 195.773 ms localhost
POST /api/user/login 200 [07/May/2025:15:27:29 +0000] - 265.059 ms localhost
GET /api/service/services?role=user&limit=10&isApproved=true 200 [07/May/2025:15:27:34 +0000] - 843.574 ms localhost
GET /api/service/name/Catering 200 [07/May/2025:15:27:38 +0000] - 210.579 ms localhost
GET /api/user/logout 200 [07/May/2025:15:28:10 +0000] - 83.548 ms localhost
GET /api/service/services?role=user&limit=10&isApproved=true 401 [07/May/2025:15:28:36 +0000] - 102.859 ms localhost
GET /favicon.ico 200 [07/May/2025:15:28:37 +0000] - 17.709 ms localhost
POST /api/user/login 200 [07/May/2025:15:30:36 +0000] - 214.087 ms localhost
POST /api/user/login 200 [07/May/2025:16:06:03 +0000] - 387.463 ms localhost
POST /api/user/login 200 [07/May/2025:16:40:02 +0000] - 414.398 ms localhost
GET /api/booking/bookings?userName=Sreedevi%20K&pageNumber=1&pageSize=2&isConfirmed=false 200 [07/May/2025:16:40:08 +0000] - 583.421 ms localhost
POST /api/user/login 200 [07/May/2025:16:49:33 +0000] - 487.680 ms localhost
GET /api/booking/bookings?userName=Sreedevi%20K&pageNumber=1&pageSize=2&isConfirmed=false 200 [07/May/2025:16:49:37 +0000] - 288.681 ms localhost
GET /api/service/services?role=user&limit=10&isApproved=true 200 [07/May/2025:16:50:32 +0000] - 494.842 ms localhost
GET /favicon.ico 200 [07/May/2025:16:50:32 +0000] - 13.162 ms localhost
GET /api/user/logout 200 [07/May/2025:16:51:08 +0000] - 97.190 ms localhost
GET /api/service/services?role=user&limit=10&isApproved=true 401 [07/May/2025:16:51:12 +0000] - 33.651 ms localhost
GET /favicon.ico 304 [07/May/2025:16:51:12 +0000] - 8.593 ms localhost
POST /api/user/login 200 [07/May/2025:16:52:45 +0000] - 141.791 ms localhost
GET /api/booking/bookings?userName=Sreedevi%20K&pageNumber=1&pageSize=2&isConfirmed=false 200 [07/May/2025:16:52:50 +0000] - 108.515 ms localhost
POST /api/user/login 200 [07/May/2025:17:08:20 +0000] - 381.623 ms localhost
GET /api/booking/bookings?userName=Sreedevi%20K&pageNumber=1&pageSize=2&isConfirmed=false 200 [07/May/2025:17:09:30 +0000] - 253.999 ms localhost
GET /api/service/services?role=user&limit=10&isApproved=true 200 [07/May/2025:17:09:36 +0000] - 489.207 ms localhost
