GET /login 200 [13/Feb/2025:19:12:35 +0000] - 184.086 ms localhost
GET /styles.css 200 [13/Feb/2025:19:12:35 +0000] - 111.167 ms localhost
GET /@vite/client 304 [13/Feb/2025:19:12:35 +0000] - 219.178 ms localhost
GET /polyfills.js 304 [13/Feb/2025:19:12:35 +0000] - 37.320 ms localhost
GET /main.js 304 [13/Feb/2025:19:12:36 +0000] - 69.697 ms localhost
GET /@fs/C:/Users/USER/Desktop/BroCampTasks/Angular_Project/frontend/node_modules/vite/dist/client/env.mjs 304 [13/Feb/2025:19:12:36 +0000] - 42.235 ms localhost
GET /styles.css.map 200 [13/Feb/2025:19:12:36 +0000] - 47.718 ms localhost
GET /@fs/C:/Users/USER/Desktop/BroCampTasks/Angular_Project/frontend/.angular/cache/18.2.11/frontend/vite/deps/@angular_platform-browser.js.map 304 [13/Feb/2025:19:12:37 +0000] - 372.621 ms localhost
GET /@fs/C:/Users/USER/Desktop/BroCampTasks/Angular_Project/frontend/.angular/cache/18.2.11/frontend/vite/deps/chunk-ZKQIAUIS.js.map 304 [13/Feb/2025:19:12:38 +0000] - 384.887 ms localhost
GET /@fs/C:/Users/USER/Desktop/BroCampTasks/Angular_Project/frontend/.angular/cache/18.2.11/frontend/vite/deps/chunk-F4ZW7LLY.js.map 304 [13/Feb/2025:19:12:38 +0000] - 403.714 ms localhost
GET /@fs/C:/Users/USER/Desktop/BroCampTasks/Angular_Project/frontend/.angular/cache/18.2.11/frontend/vite/deps/chunk-2ZWNOPXZ.js.map 304 [13/Feb/2025:19:12:38 +0000] - 417.392 ms localhost
GET /@fs/C:/Users/USER/Desktop/BroCampTasks/Angular_Project/frontend/.angular/cache/18.2.11/frontend/vite/deps/chunk-66JPAEYR.js.map 304 [13/Feb/2025:19:12:38 +0000] - 348.523 ms localhost
GET /@fs/C:/Users/USER/Desktop/BroCampTasks/Angular_Project/frontend/.angular/cache/18.2.11/frontend/vite/deps/chunk-BKIWMXDL.js.map 304 [13/Feb/2025:19:12:38 +0000] - 795.833 ms localhost
GET /@fs/C:/Users/USER/Desktop/BroCampTasks/Angular_Project/frontend/.angular/cache/18.2.11/frontend/vite/deps/@angular_core.js.map 304 [13/Feb/2025:19:12:38 +0000] - 444.415 ms localhost
GET /@fs/C:/Users/USER/Desktop/BroCampTasks/Angular_Project/frontend/.angular/cache/18.2.11/frontend/vite/deps/chunk-XWLXMCJQ.js.map 304 [13/Feb/2025:19:12:38 +0000] - 488.800 ms localhost
GET /@fs/C:/Users/USER/Desktop/BroCampTasks/Angular_Project/frontend/.angular/cache/18.2.11/frontend/vite/deps/@angular_router.js.map 304 [13/Feb/2025:19:12:39 +0000] - 979.845 ms localhost
GET /@fs/C:/Users/USER/Desktop/BroCampTasks/Angular_Project/frontend/.angular/cache/18.2.11/frontend/vite/deps/@angular_common_http.js.map 504 [13/Feb/2025:19:12:39 +0000] - 901.907 ms localhost
GET /@fs/C:/Users/USER/Desktop/BroCampTasks/Angular_Project/frontend/.angular/cache/18.2.11/frontend/vite/deps/rxjs.js.map 304 [13/Feb/2025:19:12:39 +0000] - 721.346 ms localhost
GET /@fs/C:/Users/USER/Desktop/BroCampTasks/Angular_Project/frontend/.angular/cache/18.2.11/frontend/vite/deps/@angular_forms.js.map 304 [13/Feb/2025:19:12:39 +0000] - 708.527 ms localhost
GET /@fs/C:/Users/USER/Desktop/BroCampTasks/Angular_Project/frontend/.angular/cache/18.2.11/frontend/vite/deps/@angular_common.js.map 304 [13/Feb/2025:19:12:39 +0000] - 711.518 ms localhost
GET /@fs/C:/Users/USER/Desktop/BroCampTasks/Angular_Project/frontend/.angular/cache/18.2.11/frontend/vite/deps/ngx-socket-io.js.map 304 [13/Feb/2025:19:12:39 +0000] - 715.252 ms localhost
GET /@fs/C:/Users/USER/Desktop/BroCampTasks/Angular_Project/frontend/.angular/cache/18.2.11/frontend/vite/deps/chunk-7MS5FTBZ.js.map 304 [13/Feb/2025:19:12:39 +0000] - 248.341 ms localhost
GET /@fs/C:/Users/USER/Desktop/BroCampTasks/Angular_Project/frontend/.angular/cache/18.2.11/frontend/vite/deps/emoji-picker-element.js.map 304 [13/Feb/2025:19:12:39 +0000] - 162.714 ms localhost
GET /login.component.css.map 200 [13/Feb/2025:19:12:39 +0000] - 98.531 ms localhost
GET /favicon.ico 304 [13/Feb/2025:19:12:39 +0000] - 42.573 ms localhost
GET / - [13/Feb/2025:19:16:36 +0000] - - ms localhost
GET /login 200 [14/Feb/2025:06:49:47 +0000] - 108.156 ms localhost
GET /polyfills.js 304 [14/Feb/2025:06:49:47 +0000] - 314.815 ms localhost
GET /styles.css 200 [14/Feb/2025:06:49:47 +0000] - 209.814 ms localhost
GET /main.js 304 [14/Feb/2025:06:49:47 +0000] - 211.849 ms localhost
GET /@vite/client 304 [14/Feb/2025:06:49:47 +0000] - 212.533 ms localhost
GET /@fs/C:/Users/USER/Desktop/BroCampTasks/Angular_Project/frontend/node_modules/vite/dist/client/env.mjs 304 [14/Feb/2025:06:49:49 +0000] - 44.072 ms localhost
GET /styles.css.map 200 [14/Feb/2025:06:50:04 +0000] - 48.695 ms localhost
GET /@fs/C:/Users/USER/Desktop/BroCampTasks/Angular_Project/frontend/.angular/cache/18.2.11/frontend/vite/deps/chunk-F4ZW7LLY.js.map 304 [14/Feb/2025:06:50:07 +0000] - 457.111 ms localhost
GET /@fs/C:/Users/USER/Desktop/BroCampTasks/Angular_Project/frontend/.angular/cache/18.2.11/frontend/vite/deps/@angular_platform-browser.js.map 304 [14/Feb/2025:06:50:07 +0000] - 464.104 ms localhost
GET /@fs/C:/Users/USER/Desktop/BroCampTasks/Angular_Project/frontend/.angular/cache/18.2.11/frontend/vite/deps/chunk-2ZWNOPXZ.js.map 304 [14/Feb/2025:06:50:07 +0000] - 333.733 ms localhost
GET /@fs/C:/Users/USER/Desktop/BroCampTasks/Angular_Project/frontend/.angular/cache/18.2.11/frontend/vite/deps/chunk-ZKQIAUIS.js.map 304 [14/Feb/2025:06:50:07 +0000] - 487.713 ms localhost
GET /@fs/C:/Users/USER/Desktop/BroCampTasks/Angular_Project/frontend/.angular/cache/18.2.11/frontend/vite/deps/chunk-66JPAEYR.js.map 304 [14/Feb/2025:06:50:07 +0000] - 244.417 ms localhost
GET /@fs/C:/Users/USER/Desktop/BroCampTasks/Angular_Project/frontend/.angular/cache/18.2.11/frontend/vite/deps/chunk-BKIWMXDL.js.map 304 [14/Feb/2025:06:50:08 +0000] - 954.094 ms localhost
GET /@fs/C:/Users/USER/Desktop/BroCampTasks/Angular_Project/frontend/.angular/cache/18.2.11/frontend/vite/deps/chunk-XWLXMCJQ.js.map 304 [14/Feb/2025:06:50:08 +0000] - 748.766 ms localhost
GET /@fs/C:/Users/USER/Desktop/BroCampTasks/Angular_Project/frontend/.angular/cache/18.2.11/frontend/vite/deps/@angular_core.js.map 304 [14/Feb/2025:06:50:08 +0000] - 751.647 ms localhost
GET /@fs/C:/Users/USER/Desktop/BroCampTasks/Angular_Project/frontend/.angular/cache/18.2.11/frontend/vite/deps/@angular_common_http.js.map 200 [14/Feb/2025:06:50:08 +0000] - 752.192 ms localhost
GET /@fs/C:/Users/USER/Desktop/BroCampTasks/Angular_Project/frontend/.angular/cache/18.2.11/frontend/vite/deps/rxjs.js.map 304 [14/Feb/2025:06:50:08 +0000] - 856.954 ms localhost
GET /@fs/C:/Users/USER/Desktop/BroCampTasks/Angular_Project/frontend/.angular/cache/18.2.11/frontend/vite/deps/@angular_router.js.map 304 [14/Feb/2025:06:50:08 +0000] - 925.117 ms localhost
GET /@fs/C:/Users/USER/Desktop/BroCampTasks/Angular_Project/frontend/.angular/cache/18.2.11/frontend/vite/deps/@angular_forms.js.map 304 [14/Feb/2025:06:50:08 +0000] - 233.072 ms localhost
GET /@fs/C:/Users/USER/Desktop/BroCampTasks/Angular_Project/frontend/.angular/cache/18.2.11/frontend/vite/deps/@angular_common.js.map 304 [14/Feb/2025:06:50:08 +0000] - 36.129 ms localhost
GET /@fs/C:/Users/USER/Desktop/BroCampTasks/Angular_Project/frontend/.angular/cache/18.2.11/frontend/vite/deps/ngx-socket-io.js.map 304 [14/Feb/2025:06:50:09 +0000] - 399.545 ms localhost
GET /@fs/C:/Users/USER/Desktop/BroCampTasks/Angular_Project/frontend/.angular/cache/18.2.11/frontend/vite/deps/emoji-picker-element.js.map 304 [14/Feb/2025:06:50:09 +0000] - 378.124 ms localhost
GET /@fs/C:/Users/USER/Desktop/BroCampTasks/Angular_Project/frontend/.angular/cache/18.2.11/frontend/vite/deps/chunk-7MS5FTBZ.js.map 304 [14/Feb/2025:06:50:09 +0000] - 429.773 ms localhost
GET /login.component.css.map 200 [14/Feb/2025:06:50:09 +0000] - 88.882 ms localhost
GET /favicon.ico 304 [14/Feb/2025:06:50:11 +0000] - 30.804 ms localhost
GET / - [14/Feb/2025:06:53:56 +0000] - - ms localhost
GET /login 200 [14/Feb/2025:07:32:59 +0000] - 207.051 ms localhost
GET /@vite/client 304 [14/Feb/2025:07:33:00 +0000] - 532.032 ms localhost
GET /styles.css 200 [14/Feb/2025:07:33:00 +0000] - 447.543 ms localhost
GET /polyfills.js 304 [14/Feb/2025:07:33:00 +0000] - 448.166 ms localhost
GET /main.js 304 [14/Feb/2025:07:33:00 +0000] - 448.505 ms localhost
GET /@fs/C:/Users/USER/Desktop/BroCampTasks/Angular_Project/frontend/node_modules/vite/dist/client/env.mjs 304 [14/Feb/2025:07:33:00 +0000] - 32.992 ms localhost
GET /styles.css.map 200 [14/Feb/2025:07:33:00 +0000] - 75.889 ms localhost
GET /@fs/C:/Users/USER/Desktop/BroCampTasks/Angular_Project/frontend/.angular/cache/18.2.11/frontend/vite/deps/@angular_common_http.js.map 304 [14/Feb/2025:07:33:01 +0000] - 546.703 ms localhost
GET /@fs/C:/Users/USER/Desktop/BroCampTasks/Angular_Project/frontend/.angular/cache/18.2.11/frontend/vite/deps/@angular_platform-browser.js.map 304 [14/Feb/2025:07:33:01 +0000] - 597.282 ms localhost
GET /@fs/C:/Users/USER/Desktop/BroCampTasks/Angular_Project/frontend/.angular/cache/18.2.11/frontend/vite/deps/chunk-ZKQIAUIS.js.map 304 [14/Feb/2025:07:33:01 +0000] - 576.722 ms localhost
GET /@fs/C:/Users/USER/Desktop/BroCampTasks/Angular_Project/frontend/.angular/cache/18.2.11/frontend/vite/deps/chunk-66JPAEYR.js.map 304 [14/Feb/2025:07:33:01 +0000] - 680.378 ms localhost
GET /@fs/C:/Users/USER/Desktop/BroCampTasks/Angular_Project/frontend/.angular/cache/18.2.11/frontend/vite/deps/chunk-2ZWNOPXZ.js.map 304 [14/Feb/2025:07:33:01 +0000] - 679.994 ms localhost
GET /@fs/C:/Users/USER/Desktop/BroCampTasks/Angular_Project/frontend/.angular/cache/18.2.11/frontend/vite/deps/chunk-BKIWMXDL.js.map 304 [14/Feb/2025:07:33:01 +0000] - 862.857 ms localhost
GET /favicon.ico 304 [14/Feb/2025:07:33:01 +0000] - 363.166 ms localhost
GET /@fs/C:/Users/USER/Desktop/BroCampTasks/Angular_Project/frontend/.angular/cache/18.2.11/frontend/vite/deps/@angular_forms.js.map 304 [14/Feb/2025:07:33:01 +0000] - 374.252 ms localhost
GET /@fs/C:/Users/USER/Desktop/BroCampTasks/Angular_Project/frontend/.angular/cache/18.2.11/frontend/vite/deps/ngx-socket-io.js.map 304 [14/Feb/2025:07:33:01 +0000] - 381.665 ms localhost
GET /@fs/C:/Users/USER/Desktop/BroCampTasks/Angular_Project/frontend/.angular/cache/18.2.11/frontend/vite/deps/chunk-F4ZW7LLY.js.map 304 [14/Feb/2025:07:33:01 +0000] - 405.794 ms localhost
GET /@fs/C:/Users/USER/Desktop/BroCampTasks/Angular_Project/frontend/.angular/cache/18.2.11/frontend/vite/deps/@angular_core.js.map 304 [14/Feb/2025:07:33:01 +0000] - 263.642 ms localhost
GET /@fs/C:/Users/USER/Desktop/BroCampTasks/Angular_Project/frontend/.angular/cache/18.2.11/frontend/vite/deps/chunk-XWLXMCJQ.js.map 304 [14/Feb/2025:07:33:01 +0000] - 147.526 ms localhost
GET /@fs/C:/Users/USER/Desktop/BroCampTasks/Angular_Project/frontend/.angular/cache/18.2.11/frontend/vite/deps/@angular_common.js.map 304 [14/Feb/2025:07:33:01 +0000] - 124.763 ms localhost
GET /@fs/C:/Users/USER/Desktop/BroCampTasks/Angular_Project/frontend/.angular/cache/18.2.11/frontend/vite/deps/rxjs.js.map 304 [14/Feb/2025:07:33:01 +0000] - 251.770 ms localhost
GET /@fs/C:/Users/USER/Desktop/BroCampTasks/Angular_Project/frontend/.angular/cache/18.2.11/frontend/vite/deps/chunk-7MS5FTBZ.js.map 304 [14/Feb/2025:07:33:01 +0000] - 154.575 ms localhost
GET /@fs/C:/Users/USER/Desktop/BroCampTasks/Angular_Project/frontend/.angular/cache/18.2.11/frontend/vite/deps/emoji-picker-element.js.map 304 [14/Feb/2025:07:33:01 +0000] - 105.362 ms localhost
GET /login.component.css.map 200 [14/Feb/2025:07:33:02 +0000] - 223.552 ms localhost
GET /@fs/C:/Users/USER/Desktop/BroCampTasks/Angular_Project/frontend/.angular/cache/18.2.11/frontend/vite/deps/@angular_router.js.map 304 [14/Feb/2025:07:33:02 +0000] - 735.324 ms localhost
GET /login 404 [14/Feb/2025:07:33:50 +0000] - 8.567 ms localhost
GET /login 404 [14/Feb/2025:07:34:24 +0000] - 0.855 ms localhost
GET /login 200 [14/Feb/2025:07:34:33 +0000] - 142.109 ms localhost
GET /main.js 304 [14/Feb/2025:07:34:34 +0000] - 197.945 ms localhost
GET /polyfills.js 304 [14/Feb/2025:07:34:34 +0000] - 196.221 ms localhost
GET /styles.css 200 [14/Feb/2025:07:34:34 +0000] - 197.389 ms localhost
GET /@vite/client 304 [14/Feb/2025:07:34:34 +0000] - 1046.198 ms localhost
GET /styles.css.map 200 [14/Feb/2025:07:34:34 +0000] - 78.082 ms localhost
GET /@fs/C:/Users/USER/Desktop/BroCampTasks/Angular_Project/frontend/node_modules/vite/dist/client/env.mjs 304 [14/Feb/2025:07:34:34 +0000] - 32.089 ms localhost
GET /@fs/C:/Users/USER/Desktop/BroCampTasks/Angular_Project/frontend/.angular/cache/18.2.11/frontend/vite/deps/chunk-XWLXMCJQ.js.map 304 [14/Feb/2025:07:34:35 +0000] - 286.124 ms localhost
GET /@fs/C:/Users/USER/Desktop/BroCampTasks/Angular_Project/frontend/.angular/cache/18.2.11/frontend/vite/deps/@angular_platform-browser.js.map 304 [14/Feb/2025:07:34:35 +0000] - 290.565 ms localhost
GET /@fs/C:/Users/USER/Desktop/BroCampTasks/Angular_Project/frontend/.angular/cache/18.2.11/frontend/vite/deps/rxjs.js.map 304 [14/Feb/2025:07:34:35 +0000] - 287.220 ms localhost
GET /@fs/C:/Users/USER/Desktop/BroCampTasks/Angular_Project/frontend/.angular/cache/18.2.11/frontend/vite/deps/@angular_forms.js.map 304 [14/Feb/2025:07:34:35 +0000] - 457.813 ms localhost
GET /@fs/C:/Users/USER/Desktop/BroCampTasks/Angular_Project/frontend/.angular/cache/18.2.11/frontend/vite/deps/@angular_router.js.map 304 [14/Feb/2025:07:34:35 +0000] - 466.577 ms localhost
GET /@fs/C:/Users/USER/Desktop/BroCampTasks/Angular_Project/frontend/.angular/cache/18.2.11/frontend/vite/deps/chunk-BKIWMXDL.js.map 304 [14/Feb/2025:07:34:35 +0000] - 485.313 ms localhost
GET /@fs/C:/Users/USER/Desktop/BroCampTasks/Angular_Project/frontend/.angular/cache/18.2.11/frontend/vite/deps/ngx-socket-io.js.map 304 [14/Feb/2025:07:34:35 +0000] - 322.028 ms localhost
GET /@fs/C:/Users/USER/Desktop/BroCampTasks/Angular_Project/frontend/.angular/cache/18.2.11/frontend/vite/deps/chunk-7MS5FTBZ.js.map 304 [14/Feb/2025:07:34:35 +0000] - 327.606 ms localhost
GET /@fs/C:/Users/USER/Desktop/BroCampTasks/Angular_Project/frontend/.angular/cache/18.2.11/frontend/vite/deps/emoji-picker-element.js.map 304 [14/Feb/2025:07:34:35 +0000] - 256.399 ms localhost
GET /favicon.ico 304 [14/Feb/2025:07:34:35 +0000] - 163.505 ms localhost
GET /@fs/C:/Users/USER/Desktop/BroCampTasks/Angular_Project/frontend/.angular/cache/18.2.11/frontend/vite/deps/chunk-ZKQIAUIS.js.map 304 [14/Feb/2025:07:34:35 +0000] - 170.024 ms localhost
GET /@fs/C:/Users/USER/Desktop/BroCampTasks/Angular_Project/frontend/.angular/cache/18.2.11/frontend/vite/deps/chunk-F4ZW7LLY.js.map 304 [14/Feb/2025:07:34:35 +0000] - 129.449 ms localhost
GET /@fs/C:/Users/USER/Desktop/BroCampTasks/Angular_Project/frontend/.angular/cache/18.2.11/frontend/vite/deps/@angular_core.js.map 304 [14/Feb/2025:07:34:35 +0000] - 82.890 ms localhost
GET /@fs/C:/Users/USER/Desktop/BroCampTasks/Angular_Project/frontend/.angular/cache/18.2.11/frontend/vite/deps/chunk-66JPAEYR.js.map 304 [14/Feb/2025:07:34:35 +0000] - 142.049 ms localhost
GET /@fs/C:/Users/USER/Desktop/BroCampTasks/Angular_Project/frontend/.angular/cache/18.2.11/frontend/vite/deps/chunk-2ZWNOPXZ.js.map 304 [14/Feb/2025:07:34:35 +0000] - 143.809 ms localhost
GET /login.component.css.map 200 [14/Feb/2025:07:34:35 +0000] - 55.095 ms localhost
GET /@fs/C:/Users/USER/Desktop/BroCampTasks/Angular_Project/frontend/.angular/cache/18.2.11/frontend/vite/deps/@angular_common_http.js.map 304 [14/Feb/2025:07:34:35 +0000] - 79.585 ms localhost
GET /@fs/C:/Users/USER/Desktop/BroCampTasks/Angular_Project/frontend/.angular/cache/18.2.11/frontend/vite/deps/@angular_common.js.map 304 [14/Feb/2025:07:34:35 +0000] - 58.844 ms localhost
GET / - [14/Feb/2025:07:38:34 +0000] - - ms localhost
GET /login 200 [14/Feb/2025:08:16:00 +0000] - 260.745 ms localhost
GET /@vite/client 304 [14/Feb/2025:08:16:00 +0000] - 167.926 ms localhost
GET /styles.css 200 [14/Feb/2025:08:16:00 +0000] - 83.591 ms localhost
GET /polyfills.js 304 [14/Feb/2025:08:16:00 +0000] - 30.867 ms localhost
GET /main.js 304 [14/Feb/2025:08:16:00 +0000] - 28.221 ms localhost
GET /@fs/C:/Users/USER/Desktop/BroCampTasks/Angular_Project/frontend/node_modules/vite/dist/client/env.mjs 304 [14/Feb/2025:08:16:01 +0000] - 34.578 ms localhost
GET /@fs/C:/Users/USER/Desktop/BroCampTasks/Angular_Project/frontend/.angular/cache/18.2.11/frontend/vite/deps/@angular_platform-browser.js.map 304 [14/Feb/2025:08:16:02 +0000] - 199.395 ms localhost
GET /@fs/C:/Users/USER/Desktop/BroCampTasks/Angular_Project/frontend/.angular/cache/18.2.11/frontend/vite/deps/chunk-F4ZW7LLY.js.map 304 [14/Feb/2025:08:16:02 +0000] - 169.118 ms localhost
GET /@fs/C:/Users/USER/Desktop/BroCampTasks/Angular_Project/frontend/.angular/cache/18.2.11/frontend/vite/deps/chunk-2ZWNOPXZ.js.map 304 [14/Feb/2025:08:16:02 +0000] - 196.610 ms localhost
GET /@fs/C:/Users/USER/Desktop/BroCampTasks/Angular_Project/frontend/.angular/cache/18.2.11/frontend/vite/deps/chunk-66JPAEYR.js.map 304 [14/Feb/2025:08:16:02 +0000] - 208.000 ms localhost
GET /@fs/C:/Users/USER/Desktop/BroCampTasks/Angular_Project/frontend/.angular/cache/18.2.11/frontend/vite/deps/chunk-ZKQIAUIS.js.map 304 [14/Feb/2025:08:16:02 +0000] - 314.415 ms localhost
GET /@fs/C:/Users/USER/Desktop/BroCampTasks/Angular_Project/frontend/.angular/cache/18.2.11/frontend/vite/deps/chunk-BKIWMXDL.js.map 304 [14/Feb/2025:08:16:02 +0000] - 331.623 ms localhost
GET /@fs/C:/Users/USER/Desktop/BroCampTasks/Angular_Project/frontend/.angular/cache/18.2.11/frontend/vite/deps/chunk-XWLXMCJQ.js.map 304 [14/Feb/2025:08:16:02 +0000] - 211.424 ms localhost
GET /@fs/C:/Users/USER/Desktop/BroCampTasks/Angular_Project/frontend/.angular/cache/18.2.11/frontend/vite/deps/@angular_core.js.map 304 [14/Feb/2025:08:16:02 +0000] - 238.434 ms localhost
GET /@fs/C:/Users/USER/Desktop/BroCampTasks/Angular_Project/frontend/.angular/cache/18.2.11/frontend/vite/deps/@angular_common_http.js.map 304 [14/Feb/2025:08:16:02 +0000] - 143.320 ms localhost
GET /@fs/C:/Users/USER/Desktop/BroCampTasks/Angular_Project/frontend/.angular/cache/18.2.11/frontend/vite/deps/rxjs.js.map 304 [14/Feb/2025:08:16:02 +0000] - 143.762 ms localhost
GET /@fs/C:/Users/USER/Desktop/BroCampTasks/Angular_Project/frontend/.angular/cache/18.2.11/frontend/vite/deps/@angular_router.js.map 304 [14/Feb/2025:08:16:02 +0000] - 226.305 ms localhost
GET /@fs/C:/Users/USER/Desktop/BroCampTasks/Angular_Project/frontend/.angular/cache/18.2.11/frontend/vite/deps/@angular_common.js.map 304 [14/Feb/2025:08:16:02 +0000] - 136.169 ms localhost
GET /@fs/C:/Users/USER/Desktop/BroCampTasks/Angular_Project/frontend/.angular/cache/18.2.11/frontend/vite/deps/@angular_forms.js.map 304 [14/Feb/2025:08:16:02 +0000] - 172.110 ms localhost
GET /@fs/C:/Users/USER/Desktop/BroCampTasks/Angular_Project/frontend/.angular/cache/18.2.11/frontend/vite/deps/ngx-socket-io.js.map 304 [14/Feb/2025:08:16:02 +0000] - 107.466 ms localhost
GET /@fs/C:/Users/USER/Desktop/BroCampTasks/Angular_Project/frontend/.angular/cache/18.2.11/frontend/vite/deps/chunk-7MS5FTBZ.js.map 304 [14/Feb/2025:08:16:02 +0000] - 84.904 ms localhost
GET /@fs/C:/Users/USER/Desktop/BroCampTasks/Angular_Project/frontend/.angular/cache/18.2.11/frontend/vite/deps/emoji-picker-element.js.map 304 [14/Feb/2025:08:16:02 +0000] - 86.064 ms localhost
GET /styles.css.map 200 [14/Feb/2025:08:16:02 +0000] - 34.053 ms localhost
GET /login.component.css.map 200 [14/Feb/2025:08:16:02 +0000] - 44.585 ms localhost
GET /favicon.ico 304 [14/Feb/2025:08:16:03 +0000] - 39.151 ms localhost
GET / - [14/Feb/2025:08:20:01 +0000] - - ms localhost
GET /login 200 [14/Feb/2025:08:21:49 +0000] - 33.775 ms localhost
GET /@vite/client 304 [14/Feb/2025:08:21:50 +0000] - 38.943 ms localhost
GET /styles.css 200 [14/Feb/2025:08:21:50 +0000] - 28.382 ms localhost
GET /polyfills.js 304 [14/Feb/2025:08:21:50 +0000] - 59.950 ms localhost
GET /main.js 200 [14/Feb/2025:08:21:50 +0000] - 89.319 ms localhost
GET /@fs/C:/Users/USER/Desktop/BroCampTasks/Angular_Project/frontend/node_modules/vite/dist/client/env.mjs 304 [14/Feb/2025:08:21:50 +0000] - 44.405 ms localhost
GET /chunk-RKIF63WK.js 200 [14/Feb/2025:08:21:50 +0000] - 31.472 ms localhost
GET /@fs/C:/Users/USER/Desktop/BroCampTasks/Angular_Project/frontend/.angular/cache/18.2.11/frontend/vite/deps/@angular_common_http.js.map 304 [14/Feb/2025:08:21:50 +0000] - 161.844 ms localhost
GET /@fs/C:/Users/USER/Desktop/BroCampTasks/Angular_Project/frontend/.angular/cache/18.2.11/frontend/vite/deps/chunk-F4ZW7LLY.js.map 304 [14/Feb/2025:08:21:50 +0000] - 143.808 ms localhost
GET /@fs/C:/Users/USER/Desktop/BroCampTasks/Angular_Project/frontend/.angular/cache/18.2.11/frontend/vite/deps/chunk-2ZWNOPXZ.js.map 304 [14/Feb/2025:08:21:51 +0000] - 195.604 ms localhost
GET /chunk-A52XZBZV.js 200 [14/Feb/2025:08:21:51 +0000] - 96.155 ms localhost
GET /@fs/C:/Users/USER/Desktop/BroCampTasks/Angular_Project/frontend/.angular/cache/18.2.11/frontend/vite/deps/chunk-XWLXMCJQ.js.map 304 [14/Feb/2025:08:21:51 +0000] - 288.017 ms localhost
GET /@fs/C:/Users/USER/Desktop/BroCampTasks/Angular_Project/frontend/.angular/cache/18.2.11/frontend/vite/deps/chunk-66JPAEYR.js.map 304 [14/Feb/2025:08:21:51 +0000] - 290.708 ms localhost
GET /@fs/C:/Users/USER/Desktop/BroCampTasks/Angular_Project/frontend/.angular/cache/18.2.11/frontend/vite/deps/chunk-BKIWMXDL.js.map 304 [14/Feb/2025:08:21:51 +0000] - 292.955 ms localhost
GET /@fs/C:/Users/USER/Desktop/BroCampTasks/Angular_Project/frontend/.angular/cache/18.2.11/frontend/vite/deps/@angular_core.js.map 304 [14/Feb/2025:08:21:51 +0000] - 186.604 ms localhost
GET /@fs/C:/Users/USER/Desktop/BroCampTasks/Angular_Project/frontend/.angular/cache/18.2.11/frontend/vite/deps/rxjs.js.map 304 [14/Feb/2025:08:21:51 +0000] - 254.552 ms localhost
GET /@fs/C:/Users/USER/Desktop/BroCampTasks/Angular_Project/frontend/.angular/cache/18.2.11/frontend/vite/deps/@angular_common.js.map 304 [14/Feb/2025:08:21:51 +0000] - 190.979 ms localhost
GET /@fs/C:/Users/USER/Desktop/BroCampTasks/Angular_Project/frontend/.angular/cache/18.2.11/frontend/vite/deps/@angular_platform-browser.js.map 304 [14/Feb/2025:08:21:52 +0000] - 1018.048 ms localhost
GET /@fs/C:/Users/USER/Desktop/BroCampTasks/Angular_Project/frontend/.angular/cache/18.2.11/frontend/vite/deps/@angular_router.js.map 304 [14/Feb/2025:08:21:52 +0000] - 1018.039 ms localhost
GET /@fs/C:/Users/USER/Desktop/BroCampTasks/Angular_Project/frontend/.angular/cache/18.2.11/frontend/vite/deps/chunk-ZKQIAUIS.js.map 304 [14/Feb/2025:08:21:52 +0000] - 1019.514 ms localhost
GET /@fs/C:/Users/USER/Desktop/BroCampTasks/Angular_Project/frontend/.angular/cache/18.2.11/frontend/vite/deps/@angular_forms.js.map 504 [14/Feb/2025:08:21:52 +0000] - 959.515 ms localhost
GET /@fs/C:/Users/USER/Desktop/BroCampTasks/Angular_Project/frontend/.angular/cache/18.2.11/frontend/vite/deps/ngx-socket-io.js.map 304 [14/Feb/2025:08:21:52 +0000] - 1366.553 ms localhost
GET /@fs/C:/Users/USER/Desktop/BroCampTasks/Angular_Project/frontend/.angular/cache/18.2.11/frontend/vite/deps/chunk-7MS5FTBZ.js.map 504 [14/Feb/2025:08:21:52 +0000] - 1578.524 ms localhost
GET /login.component.css.map 200 [14/Feb/2025:08:21:52 +0000] - 668.515 ms localhost
GET /favicon.ico 304 [14/Feb/2025:08:21:52 +0000] - 665.162 ms localhost
GET /styles.css.map 200 [14/Feb/2025:08:21:52 +0000] - 665.571 ms localhost
GET /@fs/C:/Users/USER/Desktop/BroCampTasks/Angular_Project/frontend/.angular/cache/18.2.11/frontend/vite/deps/emoji-picker-element.js.map 304 [14/Feb/2025:08:21:53 +0000] - 678.440 ms localhost
GET /login 200 [14/Feb/2025:08:21:56 +0000] - 16.405 ms localhost
GET / - [14/Feb/2025:08:21:56 +0000] - - ms localhost
GET /@vite/client 304 [14/Feb/2025:08:21:56 +0000] - 148.518 ms localhost
GET /styles.css 200 [14/Feb/2025:08:21:56 +0000] - 148.901 ms localhost
GET /polyfills.js 304 [14/Feb/2025:08:21:56 +0000] - 149.173 ms localhost
GET /main.js 304 [14/Feb/2025:08:21:56 +0000] - 152.342 ms localhost
GET /@fs/C:/Users/USER/Desktop/BroCampTasks/Angular_Project/frontend/node_modules/vite/dist/client/env.mjs 304 [14/Feb/2025:08:21:56 +0000] - 31.577 ms localhost
GET /styles.css.map 200 [14/Feb/2025:08:21:56 +0000] - 26.793 ms localhost
GET /chunk-RKIF63WK.js 304 [14/Feb/2025:08:21:56 +0000] - 53.484 ms localhost
GET /@fs/C:/Users/USER/Desktop/BroCampTasks/Angular_Project/frontend/.angular/cache/18.2.11/frontend/vite/deps/@angular_common_http.js.map 304 [14/Feb/2025:08:21:57 +0000] - 34.632 ms localhost
GET /@fs/C:/Users/USER/Desktop/BroCampTasks/Angular_Project/frontend/.angular/cache/18.2.11/frontend/vite/deps/chunk-F4ZW7LLY.js.map 304 [14/Feb/2025:08:21:57 +0000] - 180.085 ms localhost
GET /@fs/C:/Users/USER/Desktop/BroCampTasks/Angular_Project/frontend/.angular/cache/18.2.11/frontend/vite/deps/chunk-2ZWNOPXZ.js.map 304 [14/Feb/2025:08:21:57 +0000] - 214.210 ms localhost
GET /@fs/C:/Users/USER/Desktop/BroCampTasks/Angular_Project/frontend/.angular/cache/18.2.11/frontend/vite/deps/chunk-66JPAEYR.js.map 304 [14/Feb/2025:08:21:57 +0000] - 226.071 ms localhost
GET /chunk-A52XZBZV.js 304 [14/Feb/2025:08:21:57 +0000] - 88.024 ms localhost
GET /@fs/C:/Users/USER/Desktop/BroCampTasks/Angular_Project/frontend/.angular/cache/18.2.11/frontend/vite/deps/@angular_forms.js.map 200 [14/Feb/2025:08:21:57 +0000] - 257.434 ms localhost
GET /@fs/C:/Users/USER/Desktop/BroCampTasks/Angular_Project/frontend/.angular/cache/18.2.11/frontend/vite/deps/chunk-BKIWMXDL.js.map 304 [14/Feb/2025:08:21:57 +0000] - 374.465 ms localhost
GET /@fs/C:/Users/USER/Desktop/BroCampTasks/Angular_Project/frontend/.angular/cache/18.2.11/frontend/vite/deps/chunk-XWLXMCJQ.js.map 304 [14/Feb/2025:08:21:57 +0000] - 194.984 ms localhost
GET /@fs/C:/Users/USER/Desktop/BroCampTasks/Angular_Project/frontend/.angular/cache/18.2.11/frontend/vite/deps/@angular_core.js.map 304 [14/Feb/2025:08:21:57 +0000] - 272.228 ms localhost
GET /@fs/C:/Users/USER/Desktop/BroCampTasks/Angular_Project/frontend/.angular/cache/18.2.11/frontend/vite/deps/rxjs.js.map 304 [14/Feb/2025:08:21:57 +0000] - 278.634 ms localhost
GET /@fs/C:/Users/USER/Desktop/BroCampTasks/Angular_Project/frontend/.angular/cache/18.2.11/frontend/vite/deps/@angular_common.js.map 304 [14/Feb/2025:08:21:57 +0000] - 283.364 ms localhost
GET /@fs/C:/Users/USER/Desktop/BroCampTasks/Angular_Project/frontend/.angular/cache/18.2.11/frontend/vite/deps/@angular_platform-browser.js.map 304 [14/Feb/2025:08:21:57 +0000] - 189.570 ms localhost
GET /favicon.ico 304 [14/Feb/2025:08:21:57 +0000] - 167.486 ms localhost
GET /@fs/C:/Users/USER/Desktop/BroCampTasks/Angular_Project/frontend/.angular/cache/18.2.11/frontend/vite/deps/chunk-ZKQIAUIS.js.map 304 [14/Feb/2025:08:21:57 +0000] - 183.768 ms localhost
GET /@fs/C:/Users/USER/Desktop/BroCampTasks/Angular_Project/frontend/.angular/cache/18.2.11/frontend/vite/deps/ngx-socket-io.js.map 304 [14/Feb/2025:08:21:57 +0000] - 99.853 ms localhost
GET /@fs/C:/Users/USER/Desktop/BroCampTasks/Angular_Project/frontend/.angular/cache/18.2.11/frontend/vite/deps/@angular_router.js.map 304 [14/Feb/2025:08:21:57 +0000] - 143.136 ms localhost
GET /@fs/C:/Users/USER/Desktop/BroCampTasks/Angular_Project/frontend/.angular/cache/18.2.11/frontend/vite/deps/emoji-picker-element.js.map 304 [14/Feb/2025:08:21:57 +0000] - 71.323 ms localhost
GET /login.component.css.map 200 [14/Feb/2025:08:21:57 +0000] - 47.915 ms localhost
GET /@fs/C:/Users/USER/Desktop/BroCampTasks/Angular_Project/frontend/.angular/cache/18.2.11/frontend/vite/deps/chunk-7MS5FTBZ.js.map 200 [14/Feb/2025:08:21:57 +0000] - 93.779 ms localhost
GET / - [14/Feb/2025:08:25:56 +0000] - - ms localhost
GET /login 200 [14/Feb/2025:08:27:17 +0000] - 110.544 ms localhost
GET /@vite/client 304 [14/Feb/2025:08:27:18 +0000] - 41.874 ms localhost
GET /styles.css 200 [14/Feb/2025:08:27:18 +0000] - 34.514 ms localhost
GET /polyfills.js 304 [14/Feb/2025:08:27:18 +0000] - 62.017 ms localhost
GET /main.js 200 [14/Feb/2025:08:27:18 +0000] - 49.859 ms localhost
GET /@fs/C:/Users/USER/Desktop/BroCampTasks/Angular_Project/frontend/node_modules/vite/dist/client/env.mjs 304 [14/Feb/2025:08:27:18 +0000] - 30.824 ms localhost
GET /styles.css.map 200 [14/Feb/2025:08:27:19 +0000] - 27.788 ms localhost
GET /chunk-HYQJ76LH.js 200 [14/Feb/2025:08:27:19 +0000] - 43.751 ms localhost
GET /chunk-OAJ4RGOJ.js 200 [14/Feb/2025:08:27:19 +0000] - 31.336 ms localhost
GET /@fs/C:/Users/USER/Desktop/BroCampTasks/Angular_Project/frontend/.angular/cache/18.2.11/frontend/vite/deps/@angular_common.js.map 304 [14/Feb/2025:08:27:20 +0000] - 93.043 ms localhost
GET /@fs/C:/Users/USER/Desktop/BroCampTasks/Angular_Project/frontend/.angular/cache/18.2.11/frontend/vite/deps/chunk-2ZWNOPXZ.js.map 304 [14/Feb/2025:08:27:20 +0000] - 102.424 ms localhost
GET /@fs/C:/Users/USER/Desktop/BroCampTasks/Angular_Project/frontend/.angular/cache/18.2.11/frontend/vite/deps/chunk-BKIWMXDL.js.map 304 [14/Feb/2025:08:27:20 +0000] - 210.823 ms localhost
GET /@fs/C:/Users/USER/Desktop/BroCampTasks/Angular_Project/frontend/.angular/cache/18.2.11/frontend/vite/deps/@angular_core.js.map 304 [14/Feb/2025:08:27:20 +0000] - 213.057 ms localhost
GET /@fs/C:/Users/USER/Desktop/BroCampTasks/Angular_Project/frontend/.angular/cache/18.2.11/frontend/vite/deps/chunk-66JPAEYR.js.map 304 [14/Feb/2025:08:27:20 +0000] - 221.201 ms localhost
GET /@fs/C:/Users/USER/Desktop/BroCampTasks/Angular_Project/frontend/.angular/cache/18.2.11/frontend/vite/deps/chunk-XWLXMCJQ.js.map 304 [14/Feb/2025:08:27:20 +0000] - 145.161 ms localhost
GET /@fs/C:/Users/USER/Desktop/BroCampTasks/Angular_Project/frontend/.angular/cache/18.2.11/frontend/vite/deps/@angular_common_http.js.map 304 [14/Feb/2025:08:27:20 +0000] - 113.679 ms localhost
GET /@fs/C:/Users/USER/Desktop/BroCampTasks/Angular_Project/frontend/.angular/cache/18.2.11/frontend/vite/deps/chunk-F4ZW7LLY.js.map 304 [14/Feb/2025:08:27:20 +0000] - 139.584 ms localhost
GET /@fs/C:/Users/USER/Desktop/BroCampTasks/Angular_Project/frontend/.angular/cache/18.2.11/frontend/vite/deps/rxjs.js.map 304 [14/Feb/2025:08:27:20 +0000] - 93.995 ms localhost
GET /@fs/C:/Users/USER/Desktop/BroCampTasks/Angular_Project/frontend/.angular/cache/18.2.11/frontend/vite/deps/@angular_platform-browser.js.map 304 [14/Feb/2025:08:27:20 +0000] - 168.328 ms localhost
GET /@fs/C:/Users/USER/Desktop/BroCampTasks/Angular_Project/frontend/.angular/cache/18.2.11/frontend/vite/deps/chunk-ZKQIAUIS.js.map 304 [14/Feb/2025:08:27:20 +0000] - 139.678 ms localhost
GET /@fs/C:/Users/USER/Desktop/BroCampTasks/Angular_Project/frontend/.angular/cache/18.2.11/frontend/vite/deps/ngx-socket-io.js.map 304 [14/Feb/2025:08:27:20 +0000] - 153.616 ms localhost
GET /@fs/C:/Users/USER/Desktop/BroCampTasks/Angular_Project/frontend/.angular/cache/18.2.11/frontend/vite/deps/@angular_router.js.map 304 [14/Feb/2025:08:27:20 +0000] - 159.050 ms localhost
GET /@fs/C:/Users/USER/Desktop/BroCampTasks/Angular_Project/frontend/.angular/cache/18.2.11/frontend/vite/deps/chunk-7MS5FTBZ.js.map 304 [14/Feb/2025:08:27:20 +0000] - 86.830 ms localhost
GET /@fs/C:/Users/USER/Desktop/BroCampTasks/Angular_Project/frontend/.angular/cache/18.2.11/frontend/vite/deps/@angular_forms.js.map 304 [14/Feb/2025:08:27:20 +0000] - 165.892 ms localhost
GET /@fs/C:/Users/USER/Desktop/BroCampTasks/Angular_Project/frontend/.angular/cache/18.2.11/frontend/vite/deps/emoji-picker-element.js.map 304 [14/Feb/2025:08:27:20 +0000] - 51.004 ms localhost
GET /favicon.ico 304 [14/Feb/2025:08:27:20 +0000] - 59.311 ms localhost
GET / - [14/Feb/2025:08:31:18 +0000] - - ms localhost
GET /login 200 [14/Feb/2025:08:32:02 +0000] - 37.816 ms localhost
GET /@vite/client 304 [14/Feb/2025:08:32:02 +0000] - 69.758 ms localhost
GET /styles.css 200 [14/Feb/2025:08:32:03 +0000] - 32.914 ms localhost
GET /polyfills.js 304 [14/Feb/2025:08:32:03 +0000] - 56.457 ms localhost
GET /main.js 200 [14/Feb/2025:08:32:03 +0000] - 62.575 ms localhost
GET /@fs/C:/Users/USER/Desktop/BroCampTasks/Angular_Project/frontend/node_modules/vite/dist/client/env.mjs 304 [14/Feb/2025:08:32:03 +0000] - 55.041 ms localhost
GET /chunk-ACPJPF3O.js 200 [14/Feb/2025:08:32:03 +0000] - 175.592 ms localhost
GET /chunk-MQDO5BT4.js 200 [14/Feb/2025:08:32:03 +0000] - 141.559 ms localhost
GET /chunk-OAJ4RGOJ.js 304 [14/Feb/2025:08:32:03 +0000] - 141.778 ms localhost
GET /chunk-BWF3V5G5.js 200 [14/Feb/2025:08:32:04 +0000] - 370.966 ms localhost
GET /@fs/C:/Users/USER/Desktop/BroCampTasks/Angular_Project/frontend/.angular/cache/18.2.11/frontend/vite/deps/@angular_core.js.map 304 [14/Feb/2025:08:32:04 +0000] - 326.538 ms localhost
GET /@fs/C:/Users/USER/Desktop/BroCampTasks/Angular_Project/frontend/.angular/cache/18.2.11/frontend/vite/deps/chunk-XWLXMCJQ.js.map 304 [14/Feb/2025:08:32:04 +0000] - 324.022 ms localhost
GET /@fs/C:/Users/USER/Desktop/BroCampTasks/Angular_Project/frontend/.angular/cache/18.2.11/frontend/vite/deps/chunk-66JPAEYR.js.map 304 [14/Feb/2025:08:32:04 +0000] - 417.565 ms localhost
GET /@fs/C:/Users/USER/Desktop/BroCampTasks/Angular_Project/frontend/.angular/cache/18.2.11/frontend/vite/deps/@angular_common.js.map 304 [14/Feb/2025:08:32:04 +0000] - 218.368 ms localhost
GET /@fs/C:/Users/USER/Desktop/BroCampTasks/Angular_Project/frontend/.angular/cache/18.2.11/frontend/vite/deps/chunk-BKIWMXDL.js.map 304 [14/Feb/2025:08:32:04 +0000] - 469.075 ms localhost
GET /@fs/C:/Users/USER/Desktop/BroCampTasks/Angular_Project/frontend/.angular/cache/18.2.11/frontend/vite/deps/@angular_common_http.js.map 304 [14/Feb/2025:08:32:05 +0000] - 350.512 ms localhost
GET /@fs/C:/Users/USER/Desktop/BroCampTasks/Angular_Project/frontend/.angular/cache/18.2.11/frontend/vite/deps/chunk-2ZWNOPXZ.js.map 304 [14/Feb/2025:08:32:05 +0000] - 363.283 ms localhost
GET /@fs/C:/Users/USER/Desktop/BroCampTasks/Angular_Project/frontend/.angular/cache/18.2.11/frontend/vite/deps/chunk-F4ZW7LLY.js.map 304 [14/Feb/2025:08:32:05 +0000] - 279.052 ms localhost
GET /@fs/C:/Users/USER/Desktop/BroCampTasks/Angular_Project/frontend/.angular/cache/18.2.11/frontend/vite/deps/rxjs.js.map 304 [14/Feb/2025:08:32:05 +0000] - 370.257 ms localhost
GET /@fs/C:/Users/USER/Desktop/BroCampTasks/Angular_Project/frontend/.angular/cache/18.2.11/frontend/vite/deps/@angular_platform-browser.js.map 304 [14/Feb/2025:08:32:05 +0000] - 368.655 ms localhost
GET /@fs/C:/Users/USER/Desktop/BroCampTasks/Angular_Project/frontend/.angular/cache/18.2.11/frontend/vite/deps/chunk-ZKQIAUIS.js.map 304 [14/Feb/2025:08:32:05 +0000] - 257.261 ms localhost
GET /@fs/C:/Users/USER/Desktop/BroCampTasks/Angular_Project/frontend/.angular/cache/18.2.11/frontend/vite/deps/@angular_router.js.map 304 [14/Feb/2025:08:32:05 +0000] - 439.621 ms localhost
GET /@fs/C:/Users/USER/Desktop/BroCampTasks/Angular_Project/frontend/.angular/cache/18.2.11/frontend/vite/deps/ngx-socket-io.js.map 304 [14/Feb/2025:08:32:05 +0000] - 296.660 ms localhost
GET /@fs/C:/Users/USER/Desktop/BroCampTasks/Angular_Project/frontend/.angular/cache/18.2.11/frontend/vite/deps/@angular_forms.js.map 304 [14/Feb/2025:08:32:05 +0000] - 307.889 ms localhost
GET /@fs/C:/Users/USER/Desktop/BroCampTasks/Angular_Project/frontend/.angular/cache/18.2.11/frontend/vite/deps/chunk-7MS5FTBZ.js.map 304 [14/Feb/2025:08:32:05 +0000] - 179.662 ms localhost
GET /@fs/C:/Users/USER/Desktop/BroCampTasks/Angular_Project/frontend/.angular/cache/18.2.11/frontend/vite/deps/emoji-picker-element.js.map 304 [14/Feb/2025:08:32:05 +0000] - 181.575 ms localhost
GET /styles.css.map 200 [14/Feb/2025:08:32:05 +0000] - 60.903 ms localhost
GET /favicon.ico 304 [14/Feb/2025:08:32:06 +0000] - 60.943 ms localhost
GET /login.component.css.map 200 [14/Feb/2025:08:32:07 +0000] - 94.648 ms localhost
GET / - [14/Feb/2025:08:36:03 +0000] - - ms localhost
GET /login 200 [14/Feb/2025:08:38:52 +0000] - 41.671 ms localhost
GET /@vite/client 304 [14/Feb/2025:08:38:52 +0000] - 38.965 ms localhost
GET /styles.css 200 [14/Feb/2025:08:38:52 +0000] - 29.346 ms localhost
GET /polyfills.js 304 [14/Feb/2025:08:38:52 +0000] - 44.792 ms localhost
GET /main.js 200 [14/Feb/2025:08:38:52 +0000] - 37.654 ms localhost
GET /@fs/C:/Users/USER/Desktop/BroCampTasks/Angular_Project/frontend/node_modules/vite/dist/client/env.mjs 304 [14/Feb/2025:08:38:52 +0000] - 35.287 ms localhost
GET /chunk-ACPJPF3O.js 304 [14/Feb/2025:08:38:52 +0000] - 77.682 ms localhost
GET /chunk-MQDO5BT4.js 304 [14/Feb/2025:08:38:52 +0000] - 78.227 ms localhost
GET /chunk-OAJ4RGOJ.js 304 [14/Feb/2025:08:38:52 +0000] - 57.541 ms localhost
GET /chunk-BWF3V5G5.js 304 [14/Feb/2025:08:38:53 +0000] - 109.556 ms localhost
GET /@fs/C:/Users/USER/Desktop/BroCampTasks/Angular_Project/frontend/.angular/cache/18.2.11/frontend/vite/deps/@angular_core.js.map 304 [14/Feb/2025:08:38:53 +0000] - 132.786 ms localhost
GET /@fs/C:/Users/USER/Desktop/BroCampTasks/Angular_Project/frontend/.angular/cache/18.2.11/frontend/vite/deps/chunk-66JPAEYR.js.map 304 [14/Feb/2025:08:38:53 +0000] - 116.518 ms localhost
GET /@fs/C:/Users/USER/Desktop/BroCampTasks/Angular_Project/frontend/.angular/cache/18.2.11/frontend/vite/deps/chunk-BKIWMXDL.js.map 304 [14/Feb/2025:08:38:53 +0000] - 203.648 ms localhost
GET /@fs/C:/Users/USER/Desktop/BroCampTasks/Angular_Project/frontend/.angular/cache/18.2.11/frontend/vite/deps/chunk-XWLXMCJQ.js.map 304 [14/Feb/2025:08:38:53 +0000] - 206.823 ms localhost
GET /@fs/C:/Users/USER/Desktop/BroCampTasks/Angular_Project/frontend/.angular/cache/18.2.11/frontend/vite/deps/@angular_common.js.map 304 [14/Feb/2025:08:38:53 +0000] - 145.142 ms localhost
GET /@fs/C:/Users/USER/Desktop/BroCampTasks/Angular_Project/frontend/.angular/cache/18.2.11/frontend/vite/deps/chunk-2ZWNOPXZ.js.map 304 [14/Feb/2025:08:38:53 +0000] - 162.139 ms localhost
GET /@fs/C:/Users/USER/Desktop/BroCampTasks/Angular_Project/frontend/.angular/cache/18.2.11/frontend/vite/deps/@angular_common_http.js.map 304 [14/Feb/2025:08:38:53 +0000] - 220.459 ms localhost
GET /@fs/C:/Users/USER/Desktop/BroCampTasks/Angular_Project/frontend/.angular/cache/18.2.11/frontend/vite/deps/chunk-F4ZW7LLY.js.map 304 [14/Feb/2025:08:38:53 +0000] - 229.597 ms localhost
GET /@fs/C:/Users/USER/Desktop/BroCampTasks/Angular_Project/frontend/.angular/cache/18.2.11/frontend/vite/deps/rxjs.js.map 304 [14/Feb/2025:08:38:53 +0000] - 188.039 ms localhost
GET /@fs/C:/Users/USER/Desktop/BroCampTasks/Angular_Project/frontend/.angular/cache/18.2.11/frontend/vite/deps/@angular_platform-browser.js.map 304 [14/Feb/2025:08:38:53 +0000] - 166.944 ms localhost
GET /@fs/C:/Users/USER/Desktop/BroCampTasks/Angular_Project/frontend/.angular/cache/18.2.11/frontend/vite/deps/chunk-ZKQIAUIS.js.map 304 [14/Feb/2025:08:38:53 +0000] - 167.808 ms localhost
GET /@fs/C:/Users/USER/Desktop/BroCampTasks/Angular_Project/frontend/.angular/cache/18.2.11/frontend/vite/deps/@angular_router.js.map 304 [14/Feb/2025:08:38:54 +0000] - 185.510 ms localhost
GET /@fs/C:/Users/USER/Desktop/BroCampTasks/Angular_Project/frontend/.angular/cache/18.2.11/frontend/vite/deps/@angular_forms.js.map 304 [14/Feb/2025:08:38:54 +0000] - 148.605 ms localhost
GET /@fs/C:/Users/USER/Desktop/BroCampTasks/Angular_Project/frontend/.angular/cache/18.2.11/frontend/vite/deps/ngx-socket-io.js.map 304 [14/Feb/2025:08:38:54 +0000] - 108.091 ms localhost
GET /@fs/C:/Users/USER/Desktop/BroCampTasks/Angular_Project/frontend/.angular/cache/18.2.11/frontend/vite/deps/chunk-7MS5FTBZ.js.map 304 [14/Feb/2025:08:38:54 +0000] - 90.727 ms localhost
GET /@fs/C:/Users/USER/Desktop/BroCampTasks/Angular_Project/frontend/.angular/cache/18.2.11/frontend/vite/deps/emoji-picker-element.js.map 304 [14/Feb/2025:08:38:54 +0000] - 56.319 ms localhost
GET /styles.css.map 200 [14/Feb/2025:08:38:55 +0000] - 33.814 ms localhost
GET /favicon.ico 304 [14/Feb/2025:08:38:56 +0000] - 26.757 ms localhost
GET /login.component.css.map 200 [14/Feb/2025:08:38:57 +0000] - 33.026 ms localhost
GET / - [14/Feb/2025:08:42:52 +0000] - - ms localhost
GET /login 200 [14/Feb/2025:08:51:48 +0000] - 96.613 ms localhost
GET /@vite/client 304 [14/Feb/2025:08:51:48 +0000] - 563.263 ms localhost
GET /styles.css 200 [14/Feb/2025:08:51:48 +0000] - 34.328 ms localhost
GET /polyfills.js 304 [14/Feb/2025:08:51:48 +0000] - 54.057 ms localhost
GET /main.js 200 [14/Feb/2025:08:51:48 +0000] - 45.582 ms localhost
GET /@fs/C:/Users/USER/Desktop/BroCampTasks/Angular_Project/frontend/node_modules/vite/dist/client/env.mjs 304 [14/Feb/2025:08:51:48 +0000] - 31.825 ms localhost
GET /chunk-AD6BEBTX.js 200 [14/Feb/2025:08:51:49 +0000] - 78.067 ms localhost
GET /chunk-MQDO5BT4.js 304 [14/Feb/2025:08:51:49 +0000] - 53.580 ms localhost
GET /chunk-RUOA3NBX.js 200 [14/Feb/2025:08:51:49 +0000] - 66.198 ms localhost
GET /chunk-FLV4Z7HD.js 200 [14/Feb/2025:08:51:49 +0000] - 68.260 ms localhost
GET /styles.css.map 200 [14/Feb/2025:08:51:49 +0000] - 32.603 ms localhost
GET /chunk-XHUSQ2XS.js 200 [14/Feb/2025:08:51:50 +0000] - 34.395 ms localhost
GET /@fs/C:/Users/USER/Desktop/BroCampTasks/Angular_Project/frontend/.angular/cache/18.2.11/frontend/vite/deps/@angular_common.js.map 304 [14/Feb/2025:08:51:50 +0000] - 30.105 ms localhost
GET /@fs/C:/Users/USER/Desktop/BroCampTasks/Angular_Project/frontend/.angular/cache/18.2.11/frontend/vite/deps/chunk-2ZWNOPXZ.js.map 304 [14/Feb/2025:08:51:51 +0000] - 143.992 ms localhost
GET /@fs/C:/Users/USER/Desktop/BroCampTasks/Angular_Project/frontend/.angular/cache/18.2.11/frontend/vite/deps/chunk-66JPAEYR.js.map 304 [14/Feb/2025:08:51:51 +0000] - 178.227 ms localhost
GET /@fs/C:/Users/USER/Desktop/BroCampTasks/Angular_Project/frontend/.angular/cache/18.2.11/frontend/vite/deps/chunk-XWLXMCJQ.js.map 304 [14/Feb/2025:08:51:51 +0000] - 215.035 ms localhost
GET /@fs/C:/Users/USER/Desktop/BroCampTasks/Angular_Project/frontend/.angular/cache/18.2.11/frontend/vite/deps/@angular_core.js.map 304 [14/Feb/2025:08:51:51 +0000] - 217.430 ms localhost
GET /@fs/C:/Users/USER/Desktop/BroCampTasks/Angular_Project/frontend/.angular/cache/18.2.11/frontend/vite/deps/chunk-BKIWMXDL.js.map 304 [14/Feb/2025:08:51:51 +0000] - 305.583 ms localhost
GET /@fs/C:/Users/USER/Desktop/BroCampTasks/Angular_Project/frontend/.angular/cache/18.2.11/frontend/vite/deps/rxjs.js.map 304 [14/Feb/2025:08:51:51 +0000] - 230.460 ms localhost
GET /@fs/C:/Users/USER/Desktop/BroCampTasks/Angular_Project/frontend/.angular/cache/18.2.11/frontend/vite/deps/@angular_common_http.js.map 304 [14/Feb/2025:08:51:51 +0000] - 184.969 ms localhost
GET /@fs/C:/Users/USER/Desktop/BroCampTasks/Angular_Project/frontend/.angular/cache/18.2.11/frontend/vite/deps/@angular_platform-browser.js.map 304 [14/Feb/2025:08:51:51 +0000] - 88.443 ms localhost
GET /@fs/C:/Users/USER/Desktop/BroCampTasks/Angular_Project/frontend/.angular/cache/18.2.11/frontend/vite/deps/chunk-F4ZW7LLY.js.map 304 [14/Feb/2025:08:51:51 +0000] - 133.673 ms localhost
GET /@fs/C:/Users/USER/Desktop/BroCampTasks/Angular_Project/frontend/.angular/cache/18.2.11/frontend/vite/deps/chunk-ZKQIAUIS.js.map 304 [14/Feb/2025:08:51:51 +0000] - 98.669 ms localhost
GET /@fs/C:/Users/USER/Desktop/BroCampTasks/Angular_Project/frontend/.angular/cache/18.2.11/frontend/vite/deps/@angular_router.js.map 304 [14/Feb/2025:08:51:51 +0000] - 112.791 ms localhost
GET /@fs/C:/Users/USER/Desktop/BroCampTasks/Angular_Project/frontend/.angular/cache/18.2.11/frontend/vite/deps/@angular_forms.js.map 304 [14/Feb/2025:08:51:51 +0000] - 98.885 ms localhost
GET /@fs/C:/Users/USER/Desktop/BroCampTasks/Angular_Project/frontend/.angular/cache/18.2.11/frontend/vite/deps/ngx-socket-io.js.map 304 [14/Feb/2025:08:51:51 +0000] - 80.954 ms localhost
GET /@fs/C:/Users/USER/Desktop/BroCampTasks/Angular_Project/frontend/.angular/cache/18.2.11/frontend/vite/deps/chunk-7MS5FTBZ.js.map 304 [14/Feb/2025:08:51:51 +0000] - 82.821 ms localhost
GET /@fs/C:/Users/USER/Desktop/BroCampTasks/Angular_Project/frontend/.angular/cache/18.2.11/frontend/vite/deps/emoji-picker-element.js.map 304 [14/Feb/2025:08:51:51 +0000] - 43.999 ms localhost
GET /favicon.ico 304 [14/Feb/2025:08:51:51 +0000] - 27.173 ms localhost
GET /login.component.css.map 200 [14/Feb/2025:08:51:52 +0000] - 27.848 ms localhost
GET /login 200 [14/Feb/2025:08:53:05 +0000] - 22.390 ms localhost
GET / - [14/Feb/2025:08:53:05 +0000] - - ms localhost
GET /polyfills.js 304 [14/Feb/2025:08:53:06 +0000] - 175.149 ms localhost
GET /@vite/client 304 [14/Feb/2025:08:53:06 +0000] - 175.366 ms localhost
GET /styles.css 200 [14/Feb/2025:08:53:06 +0000] - 175.954 ms localhost
GET /main.js 200 [14/Feb/2025:08:53:06 +0000] - 179.810 ms localhost
GET /@fs/C:/Users/USER/Desktop/BroCampTasks/Angular_Project/frontend/node_modules/vite/dist/client/env.mjs 304 [14/Feb/2025:08:53:06 +0000] - 30.204 ms localhost
GET /styles.css.map 200 [14/Feb/2025:08:53:06 +0000] - 33.825 ms localhost
GET /chunk-F64TRUFE.js 200 [14/Feb/2025:08:53:06 +0000] - 225.769 ms localhost
GET /chunk-LQXIB7A4.js 200 [14/Feb/2025:08:53:06 +0000] - 263.880 ms localhost
GET /chunk-JK2OZDZD.js 200 [14/Feb/2025:08:53:06 +0000] - 166.538 ms localhost
GET /chunk-3ODDCFU3.js 200 [14/Feb/2025:08:53:06 +0000] - 112.322 ms localhost
GET /chunk-AD6BEBTX.js 304 [14/Feb/2025:08:53:06 +0000] - 112.867 ms localhost
GET /chunk-MQDO5BT4.js 304 [14/Feb/2025:08:53:06 +0000] - 112.559 ms localhost
GET /@fs/C:/Users/USER/Desktop/BroCampTasks/Angular_Project/frontend/.angular/cache/18.2.11/frontend/vite/deps/@angular_common.js.map 304 [14/Feb/2025:08:53:06 +0000] - 165.955 ms localhost
GET /@fs/C:/Users/USER/Desktop/BroCampTasks/Angular_Project/frontend/.angular/cache/18.2.11/frontend/vite/deps/chunk-2ZWNOPXZ.js.map 304 [14/Feb/2025:08:53:06 +0000] - 264.958 ms localhost
GET /@fs/C:/Users/USER/Desktop/BroCampTasks/Angular_Project/frontend/.angular/cache/18.2.11/frontend/vite/deps/chunk-BKIWMXDL.js.map 304 [14/Feb/2025:08:53:06 +0000] - 294.612 ms localhost
GET /@fs/C:/Users/USER/Desktop/BroCampTasks/Angular_Project/frontend/.angular/cache/18.2.11/frontend/vite/deps/chunk-XWLXMCJQ.js.map 304 [14/Feb/2025:08:53:06 +0000] - 297.465 ms localhost
GET /@fs/C:/Users/USER/Desktop/BroCampTasks/Angular_Project/frontend/.angular/cache/18.2.11/frontend/vite/deps/@angular_core.js.map 304 [14/Feb/2025:08:53:06 +0000] - 300.676 ms localhost
GET /@fs/C:/Users/USER/Desktop/BroCampTasks/Angular_Project/frontend/.angular/cache/18.2.11/frontend/vite/deps/chunk-66JPAEYR.js.map 304 [14/Feb/2025:08:53:07 +0000] - 490.761 ms localhost
GET /chunk-XFLFWE3J.js 200 [14/Feb/2025:08:53:07 +0000] - 457.819 ms localhost
GET /@fs/C:/Users/USER/Desktop/BroCampTasks/Angular_Project/frontend/.angular/cache/18.2.11/frontend/vite/deps/rxjs.js.map 304 [14/Feb/2025:08:53:07 +0000] - 252.948 ms localhost
GET /@fs/C:/Users/USER/Desktop/BroCampTasks/Angular_Project/frontend/.angular/cache/18.2.11/frontend/vite/deps/@angular_common_http.js.map 304 [14/Feb/2025:08:53:07 +0000] - 160.545 ms localhost
GET /@fs/C:/Users/USER/Desktop/BroCampTasks/Angular_Project/frontend/.angular/cache/18.2.11/frontend/vite/deps/chunk-F4ZW7LLY.js.map 304 [14/Feb/2025:08:53:07 +0000] - 182.810 ms localhost
GET /favicon.ico 304 [14/Feb/2025:08:53:07 +0000] - 182.460 ms localhost
GET /@fs/C:/Users/USER/Desktop/BroCampTasks/Angular_Project/frontend/.angular/cache/18.2.11/frontend/vite/deps/@angular_platform-browser.js.map 304 [14/Feb/2025:08:53:07 +0000] - 100.126 ms localhost
GET /@fs/C:/Users/USER/Desktop/BroCampTasks/Angular_Project/frontend/.angular/cache/18.2.11/frontend/vite/deps/@angular_forms.js.map 304 [14/Feb/2025:08:53:07 +0000] - 135.896 ms localhost
GET /@fs/C:/Users/USER/Desktop/BroCampTasks/Angular_Project/frontend/.angular/cache/18.2.11/frontend/vite/deps/ngx-socket-io.js.map 304 [14/Feb/2025:08:53:07 +0000] - 206.790 ms localhost
GET /chunk-KSELMSGV.js 200 [14/Feb/2025:08:53:07 +0000] - 194.439 ms localhost
GET /@fs/C:/Users/USER/Desktop/BroCampTasks/Angular_Project/frontend/.angular/cache/18.2.11/frontend/vite/deps/chunk-7MS5FTBZ.js.map 304 [14/Feb/2025:08:53:07 +0000] - 218.307 ms localhost
GET /@fs/C:/Users/USER/Desktop/BroCampTasks/Angular_Project/frontend/.angular/cache/18.2.11/frontend/vite/deps/emoji-picker-element.js.map 304 [14/Feb/2025:08:53:07 +0000] - 218.747 ms localhost
GET /@fs/C:/Users/USER/Desktop/BroCampTasks/Angular_Project/frontend/.angular/cache/18.2.11/frontend/vite/deps/chunk-ZKQIAUIS.js.map 304 [14/Feb/2025:08:53:07 +0000] - 256.327 ms localhost
GET /@fs/C:/Users/USER/Desktop/BroCampTasks/Angular_Project/frontend/.angular/cache/18.2.11/frontend/vite/deps/@angular_router.js.map 304 [14/Feb/2025:08:53:07 +0000] - 241.453 ms localhost
GET /login.component.css.map 200 [14/Feb/2025:08:53:07 +0000] - 121.472 ms localhost
POST /api/user/login 200 [14/Feb/2025:08:53:15 +0000] - 638.088 ms localhost
GET /chunk-JSWLNB2R.js 200 [14/Feb/2025:08:53:15 +0000] - 42.749 ms localhost
GET /chunk-DIF5VTMK.js 200 [14/Feb/2025:08:53:15 +0000] - 85.739 ms localhost
GET /chunk-UNQSZJW3.js 200 [14/Feb/2025:08:53:15 +0000] - 66.603 ms localhost
GET /dashboard.component.css.map 200 [14/Feb/2025:08:53:15 +0000] - 60.982 ms localhost
GET /layout.component.css.map 200 [14/Feb/2025:08:53:15 +0000] - 45.903 ms localhost
GET /chunk-3GHWOJWU.js 200 [14/Feb/2025:08:53:23 +0000] - 71.466 ms localhost
GET /chunk-NQAXOCQR.js 200 [14/Feb/2025:08:53:24 +0000] - 66.825 ms localhost
GET /user-services.component.css.map 200 [14/Feb/2025:08:53:24 +0000] - 188.308 ms localhost
GET /api/service/uploads/ 400 [14/Feb/2025:08:53:24 +0000] - 454.660 ms localhost
GET /api/service/services?isApproved=true 200 [14/Feb/2025:08:53:24 +0000] - 579.042 ms localhost
GET /chunk-SON5L67G.js 200 [14/Feb/2025:08:53:25 +0000] - 61.318 ms localhost
GET /user-events.component.css.map 200 [14/Feb/2025:08:53:25 +0000] - 35.896 ms localhost
GET /login.component.css.map 200 [14/Feb/2025:08:53:27 +0000] - 38.582 ms localhost
GET / - [14/Feb/2025:08:57:06 +0000] - - ms localhost
GET /login 200 [14/Feb/2025:08:58:47 +0000] - 64.800 ms localhost
GET /@vite/client 304 [14/Feb/2025:08:58:47 +0000] - 70.033 ms localhost
GET /styles.css 200 [14/Feb/2025:08:58:47 +0000] - 62.942 ms localhost
GET /polyfills.js 304 [14/Feb/2025:08:58:47 +0000] - 50.075 ms localhost
GET /main.js 200 [14/Feb/2025:08:58:47 +0000] - 40.337 ms localhost
GET /@fs/C:/Users/USER/Desktop/BroCampTasks/Angular_Project/frontend/node_modules/vite/dist/client/env.mjs 304 [14/Feb/2025:08:58:47 +0000] - 28.814 ms localhost
GET /chunk-LQXIB7A4.js 304 [14/Feb/2025:08:58:47 +0000] - 48.493 ms localhost
GET /chunk-JK2OZDZD.js 304 [14/Feb/2025:08:58:47 +0000] - 38.061 ms localhost
GET /chunk-3ODDCFU3.js 304 [14/Feb/2025:08:58:47 +0000] - 31.778 ms localhost
GET /chunk-OLCKZYCA.js 200 [14/Feb/2025:08:58:48 +0000] - 42.662 ms localhost
GET /@fs/C:/Users/USER/Desktop/BroCampTasks/Angular_Project/frontend/.angular/cache/18.2.11/frontend/vite/deps/@angular_core.js.map 304 [14/Feb/2025:08:58:48 +0000] - 152.939 ms localhost
GET /@fs/C:/Users/USER/Desktop/BroCampTasks/Angular_Project/frontend/.angular/cache/18.2.11/frontend/vite/deps/rxjs.js.map 304 [14/Feb/2025:08:58:48 +0000] - 118.673 ms localhost
GET /@fs/C:/Users/USER/Desktop/BroCampTasks/Angular_Project/frontend/.angular/cache/18.2.11/frontend/vite/deps/chunk-XWLXMCJQ.js.map 304 [14/Feb/2025:08:58:48 +0000] - 121.024 ms localhost
GET /@fs/C:/Users/USER/Desktop/BroCampTasks/Angular_Project/frontend/.angular/cache/18.2.11/frontend/vite/deps/chunk-66JPAEYR.js.map 304 [14/Feb/2025:08:58:49 +0000] - 126.018 ms localhost
GET /@fs/C:/Users/USER/Desktop/BroCampTasks/Angular_Project/frontend/.angular/cache/18.2.11/frontend/vite/deps/chunk-BKIWMXDL.js.map 304 [14/Feb/2025:08:58:49 +0000] - 296.800 ms localhost
GET /@fs/C:/Users/USER/Desktop/BroCampTasks/Angular_Project/frontend/.angular/cache/18.2.11/frontend/vite/deps/@angular_common_http.js.map 304 [14/Feb/2025:08:58:49 +0000] - 200.047 ms localhost
GET /@fs/C:/Users/USER/Desktop/BroCampTasks/Angular_Project/frontend/.angular/cache/18.2.11/frontend/vite/deps/@angular_platform-browser.js.map 304 [14/Feb/2025:08:58:49 +0000] - 251.773 ms localhost
GET /@fs/C:/Users/USER/Desktop/BroCampTasks/Angular_Project/frontend/.angular/cache/18.2.11/frontend/vite/deps/chunk-F4ZW7LLY.js.map 304 [14/Feb/2025:08:58:49 +0000] - 342.037 ms localhost
GET /@fs/C:/Users/USER/Desktop/BroCampTasks/Angular_Project/frontend/.angular/cache/18.2.11/frontend/vite/deps/chunk-2ZWNOPXZ.js.map 304 [14/Feb/2025:08:58:49 +0000] - 340.049 ms localhost
GET /@fs/C:/Users/USER/Desktop/BroCampTasks/Angular_Project/frontend/.angular/cache/18.2.11/frontend/vite/deps/chunk-ZKQIAUIS.js.map 304 [14/Feb/2025:08:58:49 +0000] - 281.956 ms localhost
GET /@fs/C:/Users/USER/Desktop/BroCampTasks/Angular_Project/frontend/.angular/cache/18.2.11/frontend/vite/deps/@angular_router.js.map 304 [14/Feb/2025:08:58:50 +0000] - 950.650 ms localhost
GET /@fs/C:/Users/USER/Desktop/BroCampTasks/Angular_Project/frontend/.angular/cache/18.2.11/frontend/vite/deps/ngx-socket-io.js.map 304 [14/Feb/2025:08:58:50 +0000] - 949.466 ms localhost
GET /@fs/C:/Users/USER/Desktop/BroCampTasks/Angular_Project/frontend/.angular/cache/18.2.11/frontend/vite/deps/chunk-7MS5FTBZ.js.map 304 [14/Feb/2025:08:58:50 +0000] - 795.641 ms localhost
GET /@fs/C:/Users/USER/Desktop/BroCampTasks/Angular_Project/frontend/.angular/cache/18.2.11/frontend/vite/deps/emoji-picker-element.js.map 304 [14/Feb/2025:08:58:50 +0000] - 759.305 ms localhost
GET /@fs/C:/Users/USER/Desktop/BroCampTasks/Angular_Project/frontend/.angular/cache/18.2.11/frontend/vite/deps/@angular_forms.js.map 304 [14/Feb/2025:08:58:50 +0000] - 955.978 ms localhost
GET /styles.css.map 200 [14/Feb/2025:08:58:50 +0000] - 698.712 ms localhost
GET /chunk-KSELMSGV.js 304 [14/Feb/2025:08:58:50 +0000] - 783.207 ms localhost
GET /chunk-AD6BEBTX.js 304 [14/Feb/2025:08:58:50 +0000] - 783.519 ms localhost
GET /chunk-MQDO5BT4.js 304 [14/Feb/2025:08:58:50 +0000] - 783.343 ms localhost
GET /chunk-F64TRUFE.js 304 [14/Feb/2025:08:58:50 +0000] - 616.358 ms localhost
GET /favicon.ico 304 [14/Feb/2025:08:58:50 +0000] - 177.837 ms localhost
GET /@fs/C:/Users/USER/Desktop/BroCampTasks/Angular_Project/frontend/.angular/cache/18.2.11/frontend/vite/deps/@angular_common.js.map 304 [14/Feb/2025:08:58:51 +0000] - 45.103 ms localhost
GET /login.component.css.map 200 [14/Feb/2025:08:58:51 +0000] - 28.841 ms localhost
POST /api/user/login 200 [14/Feb/2025:09:00:14 +0000] - 466.240 ms localhost
GET /chunk-RF72A3ZP.js 200 [14/Feb/2025:09:00:14 +0000] - 40.513 ms localhost
GET /chunk-DIF5VTMK.js 304 [14/Feb/2025:09:00:14 +0000] - 91.724 ms localhost
GET /chunk-UNQSZJW3.js 304 [14/Feb/2025:09:00:14 +0000] - 69.062 ms localhost
GET /dashboard.component.css.map 200 [14/Feb/2025:09:00:15 +0000] - 76.063 ms localhost
GET /layout.component.css.map 200 [14/Feb/2025:09:00:15 +0000] - 77.374 ms localhost
GET /dashboard 200 [14/Feb/2025:09:01:01 +0000] - 76.701 ms localhost
GET / - [14/Feb/2025:09:01:01 +0000] - - ms localhost
GET /main.js 200 [14/Feb/2025:09:01:01 +0000] - 366.786 ms localhost
GET /polyfills.js 304 [14/Feb/2025:09:01:01 +0000] - 370.926 ms localhost
GET /styles.css 200 [14/Feb/2025:09:01:01 +0000] - 371.994 ms localhost
GET /@vite/client 304 [14/Feb/2025:09:01:01 +0000] - 445.885 ms localhost
GET /styles.css.map 200 [14/Feb/2025:09:01:01 +0000] - 189.733 ms localhost
GET /@fs/C:/Users/USER/Desktop/BroCampTasks/Angular_Project/frontend/node_modules/vite/dist/client/env.mjs 304 [14/Feb/2025:09:01:01 +0000] - 154.965 ms localhost
GET /chunk-JK2OZDZD.js 304 [14/Feb/2025:09:01:01 +0000] - 156.021 ms localhost
GET /chunk-LQXIB7A4.js 304 [14/Feb/2025:09:01:01 +0000] - 161.440 ms localhost
GET /chunk-3ODDCFU3.js 304 [14/Feb/2025:09:01:01 +0000] - 161.978 ms localhost
GET /@fs/C:/Users/USER/Desktop/BroCampTasks/Angular_Project/frontend/.angular/cache/18.2.11/frontend/vite/deps/@angular_core.js.map 304 [14/Feb/2025:09:01:02 +0000] - 515.968 ms localhost
GET /@fs/C:/Users/USER/Desktop/BroCampTasks/Angular_Project/frontend/.angular/cache/18.2.11/frontend/vite/deps/chunk-BKIWMXDL.js.map 304 [14/Feb/2025:09:01:02 +0000] - 564.384 ms localhost
GET /@fs/C:/Users/USER/Desktop/BroCampTasks/Angular_Project/frontend/.angular/cache/18.2.11/frontend/vite/deps/@angular_platform-browser.js.map 304 [14/Feb/2025:09:01:02 +0000] - 525.351 ms localhost
GET /@fs/C:/Users/USER/Desktop/BroCampTasks/Angular_Project/frontend/.angular/cache/18.2.11/frontend/vite/deps/@angular_common_http.js.map 304 [14/Feb/2025:09:01:02 +0000] - 526.996 ms localhost
GET /@fs/C:/Users/USER/Desktop/BroCampTasks/Angular_Project/frontend/.angular/cache/18.2.11/frontend/vite/deps/@angular_router.js.map 304 [14/Feb/2025:09:01:02 +0000] - 560.788 ms localhost
GET /@fs/C:/Users/USER/Desktop/BroCampTasks/Angular_Project/frontend/.angular/cache/18.2.11/frontend/vite/deps/chunk-2ZWNOPXZ.js.map 304 [14/Feb/2025:09:01:02 +0000] - 567.179 ms localhost
GET /chunk-RF72A3ZP.js 304 [14/Feb/2025:09:01:02 +0000] - 75.601 ms localhost
GET /favicon.ico 304 [14/Feb/2025:09:01:02 +0000] - 171.243 ms localhost
GET /@fs/C:/Users/USER/Desktop/BroCampTasks/Angular_Project/frontend/.angular/cache/18.2.11/frontend/vite/deps/chunk-XWLXMCJQ.js.map 304 [14/Feb/2025:09:01:02 +0000] - 126.342 ms localhost
GET /@fs/C:/Users/USER/Desktop/BroCampTasks/Angular_Project/frontend/.angular/cache/18.2.11/frontend/vite/deps/chunk-7MS5FTBZ.js.map 304 [14/Feb/2025:09:01:02 +0000] - 173.393 ms localhost
GET /@fs/C:/Users/USER/Desktop/BroCampTasks/Angular_Project/frontend/.angular/cache/18.2.11/frontend/vite/deps/ngx-socket-io.js.map 304 [14/Feb/2025:09:01:02 +0000] - 176.283 ms localhost
GET /@fs/C:/Users/USER/Desktop/BroCampTasks/Angular_Project/frontend/.angular/cache/18.2.11/frontend/vite/deps/chunk-66JPAEYR.js.map 304 [14/Feb/2025:09:01:02 +0000] - 132.524 ms localhost
GET /@fs/C:/Users/USER/Desktop/BroCampTasks/Angular_Project/frontend/.angular/cache/18.2.11/frontend/vite/deps/rxjs.js.map 304 [14/Feb/2025:09:01:02 +0000] - 93.681 ms localhost
GET /chunk-OLCKZYCA.js 304 [14/Feb/2025:09:01:02 +0000] - 154.454 ms localhost
GET /@fs/C:/Users/USER/Desktop/BroCampTasks/Angular_Project/frontend/.angular/cache/18.2.11/frontend/vite/deps/chunk-F4ZW7LLY.js.map 304 [14/Feb/2025:09:01:02 +0000] - 118.997 ms localhost
GET /@fs/C:/Users/USER/Desktop/BroCampTasks/Angular_Project/frontend/.angular/cache/18.2.11/frontend/vite/deps/chunk-ZKQIAUIS.js.map 304 [14/Feb/2025:09:01:02 +0000] - 119.782 ms localhost
GET /@fs/C:/Users/USER/Desktop/BroCampTasks/Angular_Project/frontend/.angular/cache/18.2.11/frontend/vite/deps/@angular_forms.js.map 304 [14/Feb/2025:09:01:02 +0000] - 125.264 ms localhost
GET /@fs/C:/Users/USER/Desktop/BroCampTasks/Angular_Project/frontend/.angular/cache/18.2.11/frontend/vite/deps/emoji-picker-element.js.map 304 [14/Feb/2025:09:01:03 +0000] - 147.558 ms localhost
GET /chunk-F64TRUFE.js 304 [14/Feb/2025:09:01:03 +0000] - 77.884 ms localhost
GET /chunk-KSELMSGV.js 304 [14/Feb/2025:09:01:03 +0000] - 128.104 ms localhost
GET /chunk-AD6BEBTX.js 304 [14/Feb/2025:09:01:03 +0000] - 127.334 ms localhost
GET /chunk-MQDO5BT4.js 304 [14/Feb/2025:09:01:03 +0000] - 126.240 ms localhost
GET /login.component.css.map 200 [14/Feb/2025:09:01:03 +0000] - 70.097 ms localhost
GET /@fs/C:/Users/USER/Desktop/BroCampTasks/Angular_Project/frontend/.angular/cache/18.2.11/frontend/vite/deps/@angular_common.js.map 304 [14/Feb/2025:09:01:03 +0000] - 76.502 ms localhost
POST /api/user/login 200 [14/Feb/2025:09:01:07 +0000] - 402.235 ms localhost
GET /chunk-DIF5VTMK.js 304 [14/Feb/2025:09:01:07 +0000] - 85.116 ms localhost
GET /chunk-UNQSZJW3.js 304 [14/Feb/2025:09:01:07 +0000] - 62.953 ms localhost
GET /layout.component.css.map 200 [14/Feb/2025:09:01:07 +0000] - 76.486 ms localhost
GET /dashboard.component.css.map 200 [14/Feb/2025:09:01:07 +0000] - 83.770 ms localhost
GET /chunk-VW54NDP2.js 200 [14/Feb/2025:09:01:11 +0000] - 61.722 ms localhost
GET /chunk-UDY2ZBIT.js 200 [14/Feb/2025:09:01:11 +0000] - 60.158 ms localhost
GET /api/booking/user/674e8a6920bc39246157f503 304 [14/Feb/2025:09:01:11 +0000] - 278.556 ms localhost
GET /login.component.css.map 200 [14/Feb/2025:09:01:13 +0000] - 37.975 ms localhost
GET / - [14/Feb/2025:09:05:01 +0000] - - ms localhost
