GET /service/services?isApproved=true 401 [10/Jan/2025:18:31:28 +0000] - 44.630 ms localhost
GET /service/uploads/ 401 [10/Jan/2025:18:31:28 +0000] - 25.232 ms localhost
GET /services/user-services.component.css.map 404 [10/Jan/2025:18:31:28 +0000] - 28.456 ms localhost
GET /user/token/refresh 304 [10/Jan/2025:18:31:28 +0000] - 36.675 ms localhost
GET /service/services?isApproved=true 304 [10/Jan/2025:18:31:28 +0000] - 48.102 ms localhost
GET /services/user-events.component.css.map 404 [10/Jan/2025:18:31:30 +0000] - 4.861 ms localhost
GET /event/events/Marriage 304 [10/Jan/2025:18:31:39 +0000] - 93.112 ms localhost
GET /services/user-event-details.component.css.map 404 [10/Jan/2025:18:31:39 +0000] - 3.869 ms localhost
GET /events/details 200 [11/Jan/2025:03:57:10 +0000] - 76.733 ms localhost
GET /@vite/client 304 [11/Jan/2025:03:57:11 +0000] - 11.496 ms localhost
GET /styles.css 200 [11/Jan/2025:03:57:11 +0000] - 10.155 ms localhost
GET /polyfills.js 304 [11/Jan/2025:03:57:11 +0000] - 11.538 ms localhost
GET /main.js 304 [11/Jan/2025:03:57:11 +0000] - 11.450 ms localhost
GET /@fs/C:/Users/USER/Desktop/BroCampTasks/Angular_Project/frontend/node_modules/vite/dist/client/env.mjs 304 [11/Jan/2025:03:57:11 +0000] - 3.418 ms localhost
GET /styles.css.map 200 [11/Jan/2025:03:57:11 +0000] - 5.680 ms localhost
GET /@fs/C:/Users/USER/Desktop/BroCampTasks/Angular_Project/frontend/.angular/cache/18.2.11/frontend/vite/deps/chunk-J2M542RS.js.map 304 [11/Jan/2025:03:57:12 +0000] - 60.702 ms localhost
GET /@fs/C:/Users/USER/Desktop/BroCampTasks/Angular_Project/frontend/.angular/cache/18.2.11/frontend/vite/deps/chunk-PLMZ7O3F.js.map 304 [11/Jan/2025:03:57:13 +0000] - 134.256 ms localhost
GET /@fs/C:/Users/USER/Desktop/BroCampTasks/Angular_Project/frontend/.angular/cache/18.2.11/frontend/vite/deps/chunk-SD63G7YN.js.map 304 [11/Jan/2025:03:57:13 +0000] - 174.892 ms localhost
GET /@fs/C:/Users/USER/Desktop/BroCampTasks/Angular_Project/frontend/.angular/cache/18.2.11/frontend/vite/deps/chunk-PF6LNL77.js.map 304 [11/Jan/2025:03:57:13 +0000] - 207.321 ms localhost
GET /@fs/C:/Users/USER/Desktop/BroCampTasks/Angular_Project/frontend/.angular/cache/18.2.11/frontend/vite/deps/chunk-FDUYSLZ7.js.map 304 [11/Jan/2025:03:57:13 +0000] - 872.756 ms localhost
GET /@fs/C:/Users/USER/Desktop/BroCampTasks/Angular_Project/frontend/.angular/cache/18.2.11/frontend/vite/deps/@angular_core.js.map 304 [11/Jan/2025:03:57:13 +0000] - 787.777 ms localhost
GET /@fs/C:/Users/USER/Desktop/BroCampTasks/Angular_Project/frontend/.angular/cache/18.2.11/frontend/vite/deps/@angular_platform-browser.js.map 304 [11/Jan/2025:03:57:13 +0000] - 876.290 ms localhost
GET /@fs/C:/Users/USER/Desktop/BroCampTasks/Angular_Project/frontend/.angular/cache/18.2.11/frontend/vite/deps/@angular_common_http.js.map 304 [11/Jan/2025:03:57:14 +0000] - 1144.511 ms localhost
GET /@fs/C:/Users/USER/Desktop/BroCampTasks/Angular_Project/frontend/.angular/cache/18.2.11/frontend/vite/deps/rxjs.js.map 304 [11/Jan/2025:03:57:14 +0000] - 1136.815 ms localhost
GET /@fs/C:/Users/USER/Desktop/BroCampTasks/Angular_Project/frontend/.angular/cache/18.2.11/frontend/vite/deps/@angular_router.js.map 304 [11/Jan/2025:03:57:14 +0000] - 1209.645 ms localhost
GET / - [11/Jan/2025:04:01:11 +0000] - - ms localhost
GET /login 200 [11/Jan/2025:04:53:19 +0000] - 96.819 ms localhost
GET /@vite/client 304 [11/Jan/2025:04:53:19 +0000] - 3.883 ms localhost
GET /styles.css 200 [11/Jan/2025:04:53:19 +0000] - 5.536 ms localhost
GET /polyfills.js 304 [11/Jan/2025:04:53:19 +0000] - 2.384 ms localhost
GET /main.js 200 [11/Jan/2025:04:53:19 +0000] - 15.218 ms localhost
GET /@fs/C:/Users/USER/Desktop/BroCampTasks/Angular_Project/frontend/node_modules/vite/dist/client/env.mjs 304 [11/Jan/2025:04:53:19 +0000] - 2.661 ms localhost
GET /styles.css.map 200 [11/Jan/2025:04:53:20 +0000] - 7.732 ms localhost
GET /@fs/C:/Users/USER/Desktop/BroCampTasks/Angular_Project/frontend/.angular/cache/18.2.11/frontend/vite/deps/@angular_platform-browser.js.map 304 [11/Jan/2025:04:53:21 +0000] - 26.974 ms localhost
GET /@fs/C:/Users/USER/Desktop/BroCampTasks/Angular_Project/frontend/.angular/cache/18.2.11/frontend/vite/deps/chunk-SD63G7YN.js.map 304 [11/Jan/2025:04:53:21 +0000] - 54.432 ms localhost
GET /@fs/C:/Users/USER/Desktop/BroCampTasks/Angular_Project/frontend/.angular/cache/18.2.11/frontend/vite/deps/chunk-J2M542RS.js.map 304 [11/Jan/2025:04:53:21 +0000] - 62.595 ms localhost
GET /@fs/C:/Users/USER/Desktop/BroCampTasks/Angular_Project/frontend/.angular/cache/18.2.11/frontend/vite/deps/chunk-PLMZ7O3F.js.map 304 [11/Jan/2025:04:53:21 +0000] - 89.001 ms localhost
GET /@fs/C:/Users/USER/Desktop/BroCampTasks/Angular_Project/frontend/.angular/cache/18.2.11/frontend/vite/deps/chunk-FDUYSLZ7.js.map 304 [11/Jan/2025:04:53:21 +0000] - 159.747 ms localhost
GET /@fs/C:/Users/USER/Desktop/BroCampTasks/Angular_Project/frontend/.angular/cache/18.2.11/frontend/vite/deps/@angular_core.js.map 304 [11/Jan/2025:04:53:21 +0000] - 109.199 ms localhost
GET /@fs/C:/Users/USER/Desktop/BroCampTasks/Angular_Project/frontend/.angular/cache/18.2.11/frontend/vite/deps/chunk-PF6LNL77.js.map 304 [11/Jan/2025:04:53:21 +0000] - 125.459 ms localhost
GET /@fs/C:/Users/USER/Desktop/BroCampTasks/Angular_Project/frontend/.angular/cache/18.2.11/frontend/vite/deps/rxjs.js.map 304 [11/Jan/2025:04:53:21 +0000] - 21.640 ms localhost
GET /@fs/C:/Users/USER/Desktop/BroCampTasks/Angular_Project/frontend/.angular/cache/18.2.11/frontend/vite/deps/@angular_common_http.js.map 304 [11/Jan/2025:04:53:21 +0000] - 74.538 ms localhost
GET /@fs/C:/Users/USER/Desktop/BroCampTasks/Angular_Project/frontend/.angular/cache/18.2.11/frontend/vite/deps/@angular_common.js.map 304 [11/Jan/2025:04:53:21 +0000] - 10.549 ms localhost
GET /@fs/C:/Users/USER/Desktop/BroCampTasks/Angular_Project/frontend/.angular/cache/18.2.11/frontend/vite/deps/@angular_forms.js.map 304 [11/Jan/2025:04:53:21 +0000] - 41.335 ms localhost
GET /@fs/C:/Users/USER/Desktop/BroCampTasks/Angular_Project/frontend/.angular/cache/18.2.11/frontend/vite/deps/@angular_router.js.map 304 [11/Jan/2025:04:53:21 +0000] - 372.431 ms localhost
GET /favicon.ico 304 [11/Jan/2025:04:53:23 +0000] - 4.928 ms localhost
GET /login.component.css.map 200 [11/Jan/2025:04:53:23 +0000] - 2.335 ms localhost
GET / - [11/Jan/2025:04:57:19 +0000] - - ms localhost
GET /login 200 [11/Jan/2025:04:57:28 +0000] - 30.515 ms localhost
GET /@vite/client 304 [11/Jan/2025:04:57:28 +0000] - 3.444 ms localhost
GET /styles.css 200 [11/Jan/2025:04:57:28 +0000] - 3.486 ms localhost
GET /polyfills.js 304 [11/Jan/2025:04:57:28 +0000] - 2.656 ms localhost
GET /main.js 304 [11/Jan/2025:04:57:28 +0000] - 2.316 ms localhost
GET /@fs/C:/Users/USER/Desktop/BroCampTasks/Angular_Project/frontend/node_modules/vite/dist/client/env.mjs 304 [11/Jan/2025:04:57:28 +0000] - 2.746 ms localhost
GET /@fs/C:/Users/USER/Desktop/BroCampTasks/Angular_Project/frontend/.angular/cache/18.2.11/frontend/vite/deps/@angular_platform-browser.js.map 304 [11/Jan/2025:04:57:30 +0000] - 26.728 ms localhost
GET /@fs/C:/Users/USER/Desktop/BroCampTasks/Angular_Project/frontend/.angular/cache/18.2.11/frontend/vite/deps/chunk-SD63G7YN.js.map 304 [11/Jan/2025:04:57:30 +0000] - 33.849 ms localhost
GET /@fs/C:/Users/USER/Desktop/BroCampTasks/Angular_Project/frontend/.angular/cache/18.2.11/frontend/vite/deps/chunk-PLMZ7O3F.js.map 304 [11/Jan/2025:04:57:30 +0000] - 38.897 ms localhost
GET /@fs/C:/Users/USER/Desktop/BroCampTasks/Angular_Project/frontend/.angular/cache/18.2.11/frontend/vite/deps/chunk-PF6LNL77.js.map 304 [11/Jan/2025:04:57:30 +0000] - 40.261 ms localhost
GET /@fs/C:/Users/USER/Desktop/BroCampTasks/Angular_Project/frontend/.angular/cache/18.2.11/frontend/vite/deps/chunk-J2M542RS.js.map 304 [11/Jan/2025:04:57:30 +0000] - 90.861 ms localhost
GET /@fs/C:/Users/USER/Desktop/BroCampTasks/Angular_Project/frontend/.angular/cache/18.2.11/frontend/vite/deps/chunk-FDUYSLZ7.js.map 304 [11/Jan/2025:04:57:30 +0000] - 194.617 ms localhost
GET /@fs/C:/Users/USER/Desktop/BroCampTasks/Angular_Project/frontend/.angular/cache/18.2.11/frontend/vite/deps/@angular_core.js.map 304 [11/Jan/2025:04:57:30 +0000] - 106.297 ms localhost
GET /@fs/C:/Users/USER/Desktop/BroCampTasks/Angular_Project/frontend/.angular/cache/18.2.11/frontend/vite/deps/@angular_common_http.js.map 304 [11/Jan/2025:04:57:30 +0000] - 90.631 ms localhost
GET /@fs/C:/Users/USER/Desktop/BroCampTasks/Angular_Project/frontend/.angular/cache/18.2.11/frontend/vite/deps/rxjs.js.map 304 [11/Jan/2025:04:57:30 +0000] - 81.525 ms localhost
GET /@fs/C:/Users/USER/Desktop/BroCampTasks/Angular_Project/frontend/.angular/cache/18.2.11/frontend/vite/deps/@angular_common.js.map 304 [11/Jan/2025:04:57:30 +0000] - 42.934 ms localhost
GET /@fs/C:/Users/USER/Desktop/BroCampTasks/Angular_Project/frontend/.angular/cache/18.2.11/frontend/vite/deps/@angular_router.js.map 304 [11/Jan/2025:04:57:30 +0000] - 117.314 ms localhost
GET /@fs/C:/Users/USER/Desktop/BroCampTasks/Angular_Project/frontend/.angular/cache/18.2.11/frontend/vite/deps/@angular_forms.js.map 304 [11/Jan/2025:04:57:30 +0000] - 105.269 ms localhost
GET /favicon.ico 304 [11/Jan/2025:04:57:31 +0000] - 7.854 ms localhost
GET /login.component.css.map 200 [11/Jan/2025:04:57:32 +0000] - 3.214 ms localhost
GET /styles.css.map 200 [11/Jan/2025:04:57:32 +0000] - 6.683 ms localhost
GET / - [11/Jan/2025:05:01:29 +0000] - - ms localhost
GET /login 200 [11/Jan/2025:05:07:33 +0000] - 17.983 ms localhost
GET /@vite/client 304 [11/Jan/2025:05:07:33 +0000] - 3.287 ms localhost
GET /styles.css 200 [11/Jan/2025:05:07:33 +0000] - 4.839 ms localhost
GET /polyfills.js 304 [11/Jan/2025:05:07:33 +0000] - 6.538 ms localhost
GET /main.js 200 [11/Jan/2025:05:07:33 +0000] - 12.039 ms localhost
GET /@fs/C:/Users/USER/Desktop/BroCampTasks/Angular_Project/frontend/node_modules/vite/dist/client/env.mjs 304 [11/Jan/2025:05:07:33 +0000] - 3.031 ms localhost
GET /@fs/C:/Users/USER/Desktop/BroCampTasks/Angular_Project/frontend/.angular/cache/18.2.11/frontend/vite/deps/@angular_platform-browser.js.map 304 [11/Jan/2025:05:07:34 +0000] - 17.688 ms localhost
GET /@fs/C:/Users/USER/Desktop/BroCampTasks/Angular_Project/frontend/.angular/cache/18.2.11/frontend/vite/deps/chunk-SD63G7YN.js.map 304 [11/Jan/2025:05:07:34 +0000] - 19.088 ms localhost
GET /@fs/C:/Users/USER/Desktop/BroCampTasks/Angular_Project/frontend/.angular/cache/18.2.11/frontend/vite/deps/chunk-J2M542RS.js.map 304 [11/Jan/2025:05:07:34 +0000] - 22.753 ms localhost
GET /@fs/C:/Users/USER/Desktop/BroCampTasks/Angular_Project/frontend/.angular/cache/18.2.11/frontend/vite/deps/@angular_core.js.map 304 [11/Jan/2025:05:07:34 +0000] - 55.274 ms localhost
GET /@fs/C:/Users/USER/Desktop/BroCampTasks/Angular_Project/frontend/.angular/cache/18.2.11/frontend/vite/deps/@angular_common_http.js.map 304 [11/Jan/2025:05:07:34 +0000] - 49.195 ms localhost
GET /@fs/C:/Users/USER/Desktop/BroCampTasks/Angular_Project/frontend/.angular/cache/18.2.11/frontend/vite/deps/@angular_router.js.map 304 [11/Jan/2025:05:07:34 +0000] - 68.996 ms localhost
GET /@fs/C:/Users/USER/Desktop/BroCampTasks/Angular_Project/frontend/.angular/cache/18.2.11/frontend/vite/deps/chunk-PLMZ7O3F.js.map 304 [11/Jan/2025:05:07:34 +0000] - 72.835 ms localhost
GET /@fs/C:/Users/USER/Desktop/BroCampTasks/Angular_Project/frontend/.angular/cache/18.2.11/frontend/vite/deps/rxjs.js.map 304 [11/Jan/2025:05:07:34 +0000] - 58.750 ms localhost
GET /@fs/C:/Users/USER/Desktop/BroCampTasks/Angular_Project/frontend/.angular/cache/18.2.11/frontend/vite/deps/chunk-PF6LNL77.js.map 304 [11/Jan/2025:05:07:35 +0000] - 37.459 ms localhost
GET /@fs/C:/Users/USER/Desktop/BroCampTasks/Angular_Project/frontend/.angular/cache/18.2.11/frontend/vite/deps/chunk-FDUYSLZ7.js.map 304 [11/Jan/2025:05:07:35 +0000] - 85.050 ms localhost
GET /@fs/C:/Users/USER/Desktop/BroCampTasks/Angular_Project/frontend/.angular/cache/18.2.11/frontend/vite/deps/@angular_common.js.map 304 [11/Jan/2025:05:07:35 +0000] - 6.611 ms localhost
GET /@fs/C:/Users/USER/Desktop/BroCampTasks/Angular_Project/frontend/.angular/cache/18.2.11/frontend/vite/deps/@angular_forms.js.map 304 [11/Jan/2025:05:07:35 +0000] - 13.912 ms localhost
GET /favicon.ico 304 [11/Jan/2025:05:07:36 +0000] - 3.915 ms localhost
GET /styles.css.map 200 [11/Jan/2025:05:07:36 +0000] - 7.109 ms localhost
GET /login.component.css.map 200 [11/Jan/2025:05:07:36 +0000] - 6.594 ms localhost
GET / - [11/Jan/2025:05:11:33 +0000] - - ms localhost
GET /login 200 [11/Jan/2025:17:27:36 +0000] - 174.664 ms localhost
GET /polyfills.js 304 [11/Jan/2025:17:27:36 +0000] - 15.164 ms localhost
GET /@vite/client 304 [11/Jan/2025:17:27:36 +0000] - 29.310 ms localhost
GET /main.js 200 [11/Jan/2025:17:27:36 +0000] - 49.066 ms localhost
GET /styles.css 200 [11/Jan/2025:17:27:36 +0000] - 64.410 ms localhost
GET /@fs/C:/Users/USER/Desktop/BroCampTasks/Angular_Project/frontend/node_modules/vite/dist/client/env.mjs 304 [11/Jan/2025:17:27:36 +0000] - 7.579 ms localhost
GET /styles.css.map 200 [11/Jan/2025:17:27:36 +0000] - 12.205 ms localhost
GET /@fs/C:/Users/USER/Desktop/BroCampTasks/Angular_Project/frontend/.angular/cache/18.2.11/frontend/vite/deps/@angular_platform-browser.js.map 304 [11/Jan/2025:17:27:37 +0000] - 82.920 ms localhost
GET /@fs/C:/Users/USER/Desktop/BroCampTasks/Angular_Project/frontend/.angular/cache/18.2.11/frontend/vite/deps/chunk-PF6LNL77.js.map 304 [11/Jan/2025:17:27:37 +0000] - 88.597 ms localhost
GET /@fs/C:/Users/USER/Desktop/BroCampTasks/Angular_Project/frontend/.angular/cache/18.2.11/frontend/vite/deps/chunk-J2M542RS.js.map 304 [11/Jan/2025:17:27:37 +0000] - 543.351 ms localhost
GET /@fs/C:/Users/USER/Desktop/BroCampTasks/Angular_Project/frontend/.angular/cache/18.2.11/frontend/vite/deps/chunk-PLMZ7O3F.js.map 304 [11/Jan/2025:17:27:37 +0000] - 565.217 ms localhost
GET /@fs/C:/Users/USER/Desktop/BroCampTasks/Angular_Project/frontend/.angular/cache/18.2.11/frontend/vite/deps/chunk-SD63G7YN.js.map 304 [11/Jan/2025:17:27:37 +0000] - 615.825 ms localhost
GET /@fs/C:/Users/USER/Desktop/BroCampTasks/Angular_Project/frontend/.angular/cache/18.2.11/frontend/vite/deps/chunk-FDUYSLZ7.js.map 304 [11/Jan/2025:17:27:37 +0000] - 679.664 ms localhost
GET /favicon.ico 304 [11/Jan/2025:17:27:37 +0000] - 139.980 ms localhost
GET /@fs/C:/Users/USER/Desktop/BroCampTasks/Angular_Project/frontend/.angular/cache/18.2.11/frontend/vite/deps/@angular_core.js.map 304 [11/Jan/2025:17:27:37 +0000] - 628.615 ms localhost
GET /@fs/C:/Users/USER/Desktop/BroCampTasks/Angular_Project/frontend/.angular/cache/18.2.11/frontend/vite/deps/@angular_common_http.js.map 304 [11/Jan/2025:17:27:37 +0000] - 595.892 ms localhost
GET /login.component.css.map 200 [11/Jan/2025:17:27:37 +0000] - 19.410 ms localhost
GET /@fs/C:/Users/USER/Desktop/BroCampTasks/Angular_Project/frontend/.angular/cache/18.2.11/frontend/vite/deps/rxjs.js.map 304 [11/Jan/2025:17:27:37 +0000] - 160.198 ms localhost
GET /@fs/C:/Users/USER/Desktop/BroCampTasks/Angular_Project/frontend/.angular/cache/18.2.11/frontend/vite/deps/@angular_common.js.map 304 [11/Jan/2025:17:27:37 +0000] - 47.633 ms localhost
GET /@fs/C:/Users/USER/Desktop/BroCampTasks/Angular_Project/frontend/.angular/cache/18.2.11/frontend/vite/deps/@angular_forms.js.map 304 [11/Jan/2025:17:27:37 +0000] - 82.331 ms localhost
GET /@fs/C:/Users/USER/Desktop/BroCampTasks/Angular_Project/frontend/.angular/cache/18.2.11/frontend/vite/deps/@angular_router.js.map 304 [11/Jan/2025:17:27:38 +0000] - 433.409 ms localhost
POST /user/login 200 [11/Jan/2025:17:27:46 +0000] - 647.298 ms localhost
GET /dashboard.component.css.map 200 [11/Jan/2025:17:27:46 +0000] - 5.137 ms localhost
GET /layout.component.css.map 200 [11/Jan/2025:17:27:46 +0000] - 6.199 ms localhost
GET /user-services.component.css.map 200 [11/Jan/2025:17:27:49 +0000] - 21.647 ms localhost
GET /service/uploads/ 400 [11/Jan/2025:17:27:50 +0000] - 332.137 ms localhost
GET /service/services?isApproved=true 304 [11/Jan/2025:17:27:50 +0000] - 429.371 ms localhost
GET /service/name/Decor 200 [11/Jan/2025:17:27:52 +0000] - 87.297 ms localhost
GET /user-service-details.component.css.map 200 [11/Jan/2025:17:27:52 +0000] - 8.988 ms localhost
GET /service/uploads/1736073037702_artifitial%20decor3.jpg 304 [11/Jan/2025:17:27:52 +0000] - 117.845 ms localhost
GET /service/uploads/1736073037708_natural%20decor1.jpg 304 [11/Jan/2025:17:27:52 +0000] - 95.127 ms localhost
GET /service/uploads/1735018966975_artifitial%20decor.webp 304 [11/Jan/2025:17:27:52 +0000] - 68.111 ms localhost
GET /booking/service/Decor/673ac7d8306657184e800578 304 [11/Jan/2025:17:27:55 +0000] - 775.511 ms localhost
GET / - [11/Jan/2025:17:31:36 +0000] - - ms localhost
GET /services/details 200 [11/Jan/2025:17:31:43 +0000] - 12.780 ms localhost
GET /@vite/client 304 [11/Jan/2025:17:31:43 +0000] - 3.633 ms localhost
GET /styles.css 200 [11/Jan/2025:17:31:43 +0000] - 4.265 ms localhost
GET /polyfills.js 304 [11/Jan/2025:17:31:43 +0000] - 2.741 ms localhost
GET /main.js 200 [11/Jan/2025:17:31:43 +0000] - 11.486 ms localhost
GET /@fs/C:/Users/USER/Desktop/BroCampTasks/Angular_Project/frontend/node_modules/vite/dist/client/env.mjs 304 [11/Jan/2025:17:31:44 +0000] - 3.700 ms localhost
GET /styles.css.map 200 [11/Jan/2025:17:31:45 +0000] - 5.167 ms localhost
GET /@fs/C:/Users/USER/Desktop/BroCampTasks/Angular_Project/frontend/.angular/cache/18.2.11/frontend/vite/deps/@angular_platform-browser.js.map 304 [11/Jan/2025:17:31:45 +0000] - 12.728 ms localhost
GET /@fs/C:/Users/USER/Desktop/BroCampTasks/Angular_Project/frontend/.angular/cache/18.2.11/frontend/vite/deps/chunk-PLMZ7O3F.js.map 304 [11/Jan/2025:17:31:45 +0000] - 45.814 ms localhost
GET /@fs/C:/Users/USER/Desktop/BroCampTasks/Angular_Project/frontend/.angular/cache/18.2.11/frontend/vite/deps/rxjs.js.map 304 [11/Jan/2025:17:31:45 +0000] - 45.143 ms localhost
GET /@fs/C:/Users/USER/Desktop/BroCampTasks/Angular_Project/frontend/.angular/cache/18.2.11/frontend/vite/deps/@angular_router.js.map 304 [11/Jan/2025:17:31:45 +0000] - 55.995 ms localhost
GET /@fs/C:/Users/USER/Desktop/BroCampTasks/Angular_Project/frontend/.angular/cache/18.2.11/frontend/vite/deps/@angular_common.js.map 304 [11/Jan/2025:17:31:45 +0000] - 52.734 ms localhost
GET /@fs/C:/Users/USER/Desktop/BroCampTasks/Angular_Project/frontend/.angular/cache/18.2.11/frontend/vite/deps/@angular_forms.js.map 304 [11/Jan/2025:17:31:45 +0000] - 59.421 ms localhost
GET /@fs/C:/Users/USER/Desktop/BroCampTasks/Angular_Project/frontend/.angular/cache/18.2.11/frontend/vite/deps/chunk-SD63G7YN.js.map 304 [11/Jan/2025:17:31:45 +0000] - 19.727 ms localhost
GET /@fs/C:/Users/USER/Desktop/BroCampTasks/Angular_Project/frontend/.angular/cache/18.2.11/frontend/vite/deps/chunk-J2M542RS.js.map 304 [11/Jan/2025:17:31:45 +0000] - 23.131 ms localhost
GET /@fs/C:/Users/USER/Desktop/BroCampTasks/Angular_Project/frontend/.angular/cache/18.2.11/frontend/vite/deps/chunk-FDUYSLZ7.js.map 304 [11/Jan/2025:17:31:45 +0000] - 56.062 ms localhost
GET /@fs/C:/Users/USER/Desktop/BroCampTasks/Angular_Project/frontend/.angular/cache/18.2.11/frontend/vite/deps/@angular_core.js.map 304 [11/Jan/2025:17:31:45 +0000] - 50.676 ms localhost
GET /@fs/C:/Users/USER/Desktop/BroCampTasks/Angular_Project/frontend/.angular/cache/18.2.11/frontend/vite/deps/chunk-PF6LNL77.js.map 304 [11/Jan/2025:17:31:45 +0000] - 54.578 ms localhost
GET /@fs/C:/Users/USER/Desktop/BroCampTasks/Angular_Project/frontend/.angular/cache/18.2.11/frontend/vite/deps/@angular_common_http.js.map 304 [11/Jan/2025:17:31:45 +0000] - 53.565 ms localhost
GET /services/login.component.css.map 404 [11/Jan/2025:17:31:46 +0000] - 6.994 ms localhost
GET /favicon.ico 304 [11/Jan/2025:17:31:47 +0000] - 3.486 ms localhost
GET / - [11/Jan/2025:17:35:44 +0000] - - ms localhost
