GET /favorites 200 [05/Jan/2025:06:19:11 +0000] - 404.194 ms localhost
GET /@vite/client 304 [05/Jan/2025:06:19:12 +0000] - 97.433 ms localhost
GET /styles.css 200 [05/Jan/2025:06:19:12 +0000] - 29.729 ms localhost
GET /polyfills.js 304 [05/Jan/2025:06:19:12 +0000] - 36.029 ms localhost
GET /main.js 200 [05/Jan/2025:06:19:12 +0000] - 85.065 ms localhost
GET /@fs/C:/Users/USER/Desktop/BroCampTasks/Angular_Project/frontend/node_modules/vite/dist/client/env.mjs 304 [05/Jan/2025:06:19:12 +0000] - 12.202 ms localhost
GET /styles.css.map 200 [05/Jan/2025:06:19:13 +0000] - 17.219 ms localhost
GET /favicon.ico 304 [05/Jan/2025:06:19:13 +0000] - 50.326 ms localhost
GET /@fs/C:/Users/USER/Desktop/BroCampTasks/Angular_Project/frontend/.angular/cache/18.2.11/frontend/vite/deps/@angular_platform-browser.js.map 304 [05/Jan/2025:06:19:13 +0000] - 269.576 ms localhost
GET /@fs/C:/Users/USER/Desktop/BroCampTasks/Angular_Project/frontend/.angular/cache/18.2.11/frontend/vite/deps/chunk-BWJ345IV.js.map 304 [05/Jan/2025:06:19:13 +0000] - 316.473 ms localhost
GET /@fs/C:/Users/USER/Desktop/BroCampTasks/Angular_Project/frontend/.angular/cache/18.2.11/frontend/vite/deps/chunk-IPIO5KKK.js.map 304 [05/Jan/2025:06:19:14 +0000] - 778.705 ms localhost
GET /@fs/C:/Users/USER/Desktop/BroCampTasks/Angular_Project/frontend/.angular/cache/18.2.11/frontend/vite/deps/chunk-LD4QUOG7.js.map 304 [05/Jan/2025:06:19:14 +0000] - 818.361 ms localhost
GET /@fs/C:/Users/USER/Desktop/BroCampTasks/Angular_Project/frontend/.angular/cache/18.2.11/frontend/vite/deps/chunk-G23HOXG6.js.map 304 [05/Jan/2025:06:19:14 +0000] - 1176.002 ms localhost
GET /@fs/C:/Users/USER/Desktop/BroCampTasks/Angular_Project/frontend/.angular/cache/18.2.11/frontend/vite/deps/chunk-YL3M6K34.js.map 304 [05/Jan/2025:06:19:14 +0000] - 1320.194 ms localhost
GET /@fs/C:/Users/USER/Desktop/BroCampTasks/Angular_Project/frontend/.angular/cache/18.2.11/frontend/vite/deps/chunk-7Z5IUEXQ.js.map 304 [05/Jan/2025:06:19:14 +0000] - 1072.715 ms localhost
GET /@fs/C:/Users/USER/Desktop/BroCampTasks/Angular_Project/frontend/.angular/cache/18.2.11/frontend/vite/deps/@angular_core.js.map 304 [05/Jan/2025:06:19:14 +0000] - 932.739 ms localhost
GET /@fs/C:/Users/USER/Desktop/BroCampTasks/Angular_Project/frontend/.angular/cache/18.2.11/frontend/vite/deps/@angular_common_http.js.map 304 [05/Jan/2025:06:19:15 +0000] - 522.681 ms localhost
GET /@fs/C:/Users/USER/Desktop/BroCampTasks/Angular_Project/frontend/.angular/cache/18.2.11/frontend/vite/deps/rxjs.js.map 304 [05/Jan/2025:06:19:15 +0000] - 74.971 ms localhost
GET /@fs/C:/Users/USER/Desktop/BroCampTasks/Angular_Project/frontend/.angular/cache/18.2.11/frontend/vite/deps/@angular_forms.js.map 304 [05/Jan/2025:06:19:15 +0000] - 198.683 ms localhost
GET /@fs/C:/Users/USER/Desktop/BroCampTasks/Angular_Project/frontend/.angular/cache/18.2.11/frontend/vite/deps/@angular_common.js.map 304 [05/Jan/2025:06:19:15 +0000] - 178.676 ms localhost
GET /@fs/C:/Users/USER/Desktop/BroCampTasks/Angular_Project/frontend/.angular/cache/18.2.11/frontend/vite/deps/@angular_router.js.map 304 [05/Jan/2025:06:19:15 +0000] - 899.729 ms localhost
GET /login.component.css.map 200 [05/Jan/2025:06:19:16 +0000] - 7.325 ms localhost
GET / - [05/Jan/2025:06:23:13 +0000] - - ms localhost
GET /login 200 [05/Jan/2025:06:25:16 +0000] - 58.966 ms localhost
GET /@vite/client 304 [05/Jan/2025:06:25:16 +0000] - 7.155 ms localhost
GET /styles.css 200 [05/Jan/2025:06:25:16 +0000] - 8.105 ms localhost
GET /polyfills.js 304 [05/Jan/2025:06:25:16 +0000] - 15.749 ms localhost
GET /main.js 200 [05/Jan/2025:06:25:17 +0000] - 12.404 ms localhost
GET /@fs/C:/Users/USER/Desktop/BroCampTasks/Angular_Project/frontend/node_modules/vite/dist/client/env.mjs 304 [05/Jan/2025:06:25:18 +0000] - 2.783 ms localhost
GET /@fs/C:/Users/USER/Desktop/BroCampTasks/Angular_Project/frontend/.angular/cache/18.2.11/frontend/vite/deps/chunk-LD4QUOG7.js.map 304 [05/Jan/2025:06:25:20 +0000] - 18.459 ms localhost
GET /@fs/C:/Users/USER/Desktop/BroCampTasks/Angular_Project/frontend/.angular/cache/18.2.11/frontend/vite/deps/chunk-BWJ345IV.js.map 304 [05/Jan/2025:06:25:20 +0000] - 23.570 ms localhost
GET /@fs/C:/Users/USER/Desktop/BroCampTasks/Angular_Project/frontend/.angular/cache/18.2.11/frontend/vite/deps/chunk-7Z5IUEXQ.js.map 304 [05/Jan/2025:06:25:20 +0000] - 20.363 ms localhost
GET /@fs/C:/Users/USER/Desktop/BroCampTasks/Angular_Project/frontend/.angular/cache/18.2.11/frontend/vite/deps/@angular_platform-browser.js.map 304 [05/Jan/2025:06:25:20 +0000] - 24.136 ms localhost
GET /@fs/C:/Users/USER/Desktop/BroCampTasks/Angular_Project/frontend/.angular/cache/18.2.11/frontend/vite/deps/chunk-IPIO5KKK.js.map 304 [05/Jan/2025:06:25:20 +0000] - 30.678 ms localhost
GET /@fs/C:/Users/USER/Desktop/BroCampTasks/Angular_Project/frontend/.angular/cache/18.2.11/frontend/vite/deps/chunk-YL3M6K34.js.map 304 [05/Jan/2025:06:25:20 +0000] - 103.758 ms localhost
GET /@fs/C:/Users/USER/Desktop/BroCampTasks/Angular_Project/frontend/.angular/cache/18.2.11/frontend/vite/deps/@angular_core.js.map 304 [05/Jan/2025:06:25:20 +0000] - 75.878 ms localhost
GET /@fs/C:/Users/USER/Desktop/BroCampTasks/Angular_Project/frontend/.angular/cache/18.2.11/frontend/vite/deps/@angular_common_http.js.map 304 [05/Jan/2025:06:25:20 +0000] - 59.398 ms localhost
GET /@fs/C:/Users/USER/Desktop/BroCampTasks/Angular_Project/frontend/.angular/cache/18.2.11/frontend/vite/deps/chunk-G23HOXG6.js.map 304 [05/Jan/2025:06:25:20 +0000] - 93.380 ms localhost
GET /@fs/C:/Users/USER/Desktop/BroCampTasks/Angular_Project/frontend/.angular/cache/18.2.11/frontend/vite/deps/@angular_router.js.map 304 [05/Jan/2025:06:25:20 +0000] - 106.146 ms localhost
GET /styles.css.map 200 [05/Jan/2025:06:25:20 +0000] - 35.520 ms localhost
GET /login.component.css.map 200 [05/Jan/2025:06:25:20 +0000] - 21.788 ms localhost
GET /@fs/C:/Users/USER/Desktop/BroCampTasks/Angular_Project/frontend/.angular/cache/18.2.11/frontend/vite/deps/rxjs.js.map 304 [05/Jan/2025:06:25:20 +0000] - 104.961 ms localhost
GET /@fs/C:/Users/USER/Desktop/BroCampTasks/Angular_Project/frontend/.angular/cache/18.2.11/frontend/vite/deps/@angular_common.js.map 304 [05/Jan/2025:06:25:20 +0000] - 48.523 ms localhost
GET /@fs/C:/Users/USER/Desktop/BroCampTasks/Angular_Project/frontend/.angular/cache/18.2.11/frontend/vite/deps/@angular_forms.js.map 304 [05/Jan/2025:06:25:20 +0000] - 60.949 ms localhost
GET /favicon.ico 304 [05/Jan/2025:06:25:20 +0000] - 4.935 ms localhost
GET / - [05/Jan/2025:06:29:18 +0000] - - ms localhost
GET /login - [05/Jan/2025:06:31:07 +0000] - - ms localhost
GET /login 200 [05/Jan/2025:06:31:08 +0000] - 352.949 ms localhost
GET /@vite/client 304 [05/Jan/2025:06:31:08 +0000] - 80.056 ms localhost
GET /styles.css 200 [05/Jan/2025:06:31:08 +0000] - 9.725 ms localhost
GET /polyfills.js 304 [05/Jan/2025:06:31:08 +0000] - 9.081 ms localhost
GET /main.js 200 [05/Jan/2025:06:31:09 +0000] - 16.535 ms localhost
GET /@fs/C:/Users/USER/Desktop/BroCampTasks/Angular_Project/frontend/node_modules/vite/dist/client/env.mjs 304 [05/Jan/2025:06:31:09 +0000] - 3.575 ms localhost
GET /@fs/C:/Users/USER/Desktop/BroCampTasks/Angular_Project/frontend/.angular/cache/18.2.11/frontend/vite/deps/@angular_platform-browser.js.map 304 [05/Jan/2025:06:31:11 +0000] - 12.047 ms localhost
GET /@fs/C:/Users/USER/Desktop/BroCampTasks/Angular_Project/frontend/.angular/cache/18.2.11/frontend/vite/deps/chunk-BWJ345IV.js.map 304 [05/Jan/2025:06:31:11 +0000] - 12.928 ms localhost
GET /@fs/C:/Users/USER/Desktop/BroCampTasks/Angular_Project/frontend/.angular/cache/18.2.11/frontend/vite/deps/chunk-LD4QUOG7.js.map 304 [05/Jan/2025:06:31:11 +0000] - 9.608 ms localhost
GET /@fs/C:/Users/USER/Desktop/BroCampTasks/Angular_Project/frontend/.angular/cache/18.2.11/frontend/vite/deps/chunk-IPIO5KKK.js.map 304 [05/Jan/2025:06:31:11 +0000] - 16.112 ms localhost
GET /@fs/C:/Users/USER/Desktop/BroCampTasks/Angular_Project/frontend/.angular/cache/18.2.11/frontend/vite/deps/@angular_core.js.map 304 [05/Jan/2025:06:31:11 +0000] - 72.605 ms localhost
GET /@fs/C:/Users/USER/Desktop/BroCampTasks/Angular_Project/frontend/.angular/cache/18.2.11/frontend/vite/deps/chunk-G23HOXG6.js.map 304 [05/Jan/2025:06:31:11 +0000] - 105.384 ms localhost
GET /@fs/C:/Users/USER/Desktop/BroCampTasks/Angular_Project/frontend/.angular/cache/18.2.11/frontend/vite/deps/chunk-7Z5IUEXQ.js.map 304 [05/Jan/2025:06:31:11 +0000] - 103.112 ms localhost
GET /@fs/C:/Users/USER/Desktop/BroCampTasks/Angular_Project/frontend/.angular/cache/18.2.11/frontend/vite/deps/@angular_router.js.map 304 [05/Jan/2025:06:31:11 +0000] - 119.845 ms localhost
GET /@fs/C:/Users/USER/Desktop/BroCampTasks/Angular_Project/frontend/.angular/cache/18.2.11/frontend/vite/deps/@angular_common_http.js.map 304 [05/Jan/2025:06:31:11 +0000] - 116.605 ms localhost
GET /@fs/C:/Users/USER/Desktop/BroCampTasks/Angular_Project/frontend/.angular/cache/18.2.11/frontend/vite/deps/chunk-YL3M6K34.js.map 304 [05/Jan/2025:06:31:11 +0000] - 237.604 ms localhost
GET /styles.css.map 200 [05/Jan/2025:06:31:11 +0000] - 101.861 ms localhost
GET /@fs/C:/Users/USER/Desktop/BroCampTasks/Angular_Project/frontend/.angular/cache/18.2.11/frontend/vite/deps/rxjs.js.map 304 [05/Jan/2025:06:31:11 +0000] - 169.810 ms localhost
GET /login.component.css.map 200 [05/Jan/2025:06:31:11 +0000] - 137.839 ms localhost
GET /@fs/C:/Users/USER/Desktop/BroCampTasks/Angular_Project/frontend/.angular/cache/18.2.11/frontend/vite/deps/@angular_common.js.map 304 [05/Jan/2025:06:31:11 +0000] - 184.499 ms localhost
GET /@fs/C:/Users/USER/Desktop/BroCampTasks/Angular_Project/frontend/.angular/cache/18.2.11/frontend/vite/deps/@angular_forms.js.map 304 [05/Jan/2025:06:31:11 +0000] - 195.958 ms localhost
GET /favicon.ico 304 [05/Jan/2025:06:31:11 +0000] - 6.645 ms localhost
GET / - [05/Jan/2025:06:35:09 +0000] - - ms localhost
GET /login - [05/Jan/2025:06:37:35 +0000] - - ms localhost
GET /login 200 [05/Jan/2025:06:37:36 +0000] - 61.729 ms localhost
GET /@vite/client 304 [05/Jan/2025:06:37:36 +0000] - 122.991 ms localhost
GET /styles.css 200 [05/Jan/2025:06:37:36 +0000] - 123.518 ms localhost
GET /polyfills.js 304 [05/Jan/2025:06:37:36 +0000] - 32.297 ms localhost
GET /main.js 200 [05/Jan/2025:06:37:36 +0000] - 11.335 ms localhost
GET /@fs/C:/Users/USER/Desktop/BroCampTasks/Angular_Project/frontend/node_modules/vite/dist/client/env.mjs 304 [05/Jan/2025:06:37:37 +0000] - 2.205 ms localhost
GET /@fs/C:/Users/USER/Desktop/BroCampTasks/Angular_Project/frontend/.angular/cache/18.2.11/frontend/vite/deps/chunk-BWJ345IV.js.map 304 [05/Jan/2025:06:37:38 +0000] - 9.514 ms localhost
GET /@fs/C:/Users/USER/Desktop/BroCampTasks/Angular_Project/frontend/.angular/cache/18.2.11/frontend/vite/deps/@angular_platform-browser.js.map 304 [05/Jan/2025:06:37:38 +0000] - 12.751 ms localhost
GET /@fs/C:/Users/USER/Desktop/BroCampTasks/Angular_Project/frontend/.angular/cache/18.2.11/frontend/vite/deps/chunk-LD4QUOG7.js.map 304 [05/Jan/2025:06:37:38 +0000] - 13.703 ms localhost
GET /@fs/C:/Users/USER/Desktop/BroCampTasks/Angular_Project/frontend/.angular/cache/18.2.11/frontend/vite/deps/chunk-IPIO5KKK.js.map 304 [05/Jan/2025:06:37:38 +0000] - 11.735 ms localhost
GET /@fs/C:/Users/USER/Desktop/BroCampTasks/Angular_Project/frontend/.angular/cache/18.2.11/frontend/vite/deps/chunk-G23HOXG6.js.map 304 [05/Jan/2025:06:37:38 +0000] - 16.331 ms localhost
GET /@fs/C:/Users/USER/Desktop/BroCampTasks/Angular_Project/frontend/.angular/cache/18.2.11/frontend/vite/deps/chunk-YL3M6K34.js.map 304 [05/Jan/2025:06:37:38 +0000] - 55.621 ms localhost
GET /@fs/C:/Users/USER/Desktop/BroCampTasks/Angular_Project/frontend/.angular/cache/18.2.11/frontend/vite/deps/chunk-7Z5IUEXQ.js.map 304 [05/Jan/2025:06:37:38 +0000] - 44.508 ms localhost
GET /@fs/C:/Users/USER/Desktop/BroCampTasks/Angular_Project/frontend/.angular/cache/18.2.11/frontend/vite/deps/@angular_core.js.map 304 [05/Jan/2025:06:37:38 +0000] - 41.700 ms localhost
GET /@fs/C:/Users/USER/Desktop/BroCampTasks/Angular_Project/frontend/.angular/cache/18.2.11/frontend/vite/deps/@angular_common_http.js.map 304 [05/Jan/2025:06:37:38 +0000] - 19.760 ms localhost
GET /@fs/C:/Users/USER/Desktop/BroCampTasks/Angular_Project/frontend/.angular/cache/18.2.11/frontend/vite/deps/@angular_router.js.map 304 [05/Jan/2025:06:37:38 +0000] - 30.027 ms localhost
GET /@fs/C:/Users/USER/Desktop/BroCampTasks/Angular_Project/frontend/.angular/cache/18.2.11/frontend/vite/deps/rxjs.js.map 304 [05/Jan/2025:06:37:38 +0000] - 20.994 ms localhost
GET /@fs/C:/Users/USER/Desktop/BroCampTasks/Angular_Project/frontend/.angular/cache/18.2.11/frontend/vite/deps/@angular_forms.js.map 304 [05/Jan/2025:06:37:38 +0000] - 12.438 ms localhost
GET /@fs/C:/Users/USER/Desktop/BroCampTasks/Angular_Project/frontend/.angular/cache/18.2.11/frontend/vite/deps/@angular_common.js.map 304 [05/Jan/2025:06:37:38 +0000] - 9.605 ms localhost
GET /login.component.css.map 200 [05/Jan/2025:06:37:39 +0000] - 5.936 ms localhost
GET /styles.css.map 200 [05/Jan/2025:06:37:39 +0000] - 13.208 ms localhost
GET /favicon.ico 304 [05/Jan/2025:06:37:39 +0000] - 7.472 ms localhost
GET / - [05/Jan/2025:06:41:37 +0000] - - ms localhost
GET /login 200 [05/Jan/2025:06:43:43 +0000] - 197.416 ms localhost
GET /@vite/client 304 [05/Jan/2025:06:43:44 +0000] - 22.287 ms localhost
GET /polyfills.js 304 [05/Jan/2025:06:43:44 +0000] - 11.643 ms localhost
GET /main.js 200 [05/Jan/2025:06:43:44 +0000] - 32.107 ms localhost
GET /styles.css 200 [05/Jan/2025:06:43:44 +0000] - 54.264 ms localhost
GET /@fs/C:/Users/USER/Desktop/BroCampTasks/Angular_Project/frontend/node_modules/vite/dist/client/env.mjs 304 [05/Jan/2025:06:43:44 +0000] - 6.181 ms localhost
GET /styles.css.map 200 [05/Jan/2025:06:43:45 +0000] - 13.654 ms localhost
GET /@fs/C:/Users/USER/Desktop/BroCampTasks/Angular_Project/frontend/.angular/cache/18.2.11/frontend/vite/deps/@angular_platform-browser.js.map 304 [05/Jan/2025:06:43:45 +0000] - 150.293 ms localhost
GET /@fs/C:/Users/USER/Desktop/BroCampTasks/Angular_Project/frontend/.angular/cache/18.2.11/frontend/vite/deps/chunk-LD4QUOG7.js.map 304 [05/Jan/2025:06:43:45 +0000] - 194.401 ms localhost
GET /@fs/C:/Users/USER/Desktop/BroCampTasks/Angular_Project/frontend/.angular/cache/18.2.11/frontend/vite/deps/chunk-BWJ345IV.js.map 304 [05/Jan/2025:06:43:45 +0000] - 305.890 ms localhost
GET /@fs/C:/Users/USER/Desktop/BroCampTasks/Angular_Project/frontend/.angular/cache/18.2.11/frontend/vite/deps/chunk-IPIO5KKK.js.map 304 [05/Jan/2025:06:43:45 +0000] - 328.812 ms localhost
GET /@fs/C:/Users/USER/Desktop/BroCampTasks/Angular_Project/frontend/.angular/cache/18.2.11/frontend/vite/deps/chunk-G23HOXG6.js.map 304 [05/Jan/2025:06:43:45 +0000] - 401.520 ms localhost
GET /@fs/C:/Users/USER/Desktop/BroCampTasks/Angular_Project/frontend/.angular/cache/18.2.11/frontend/vite/deps/@angular_core.js.map 304 [05/Jan/2025:06:43:45 +0000] - 309.771 ms localhost
GET /@fs/C:/Users/USER/Desktop/BroCampTasks/Angular_Project/frontend/.angular/cache/18.2.11/frontend/vite/deps/@angular_common_http.js.map 304 [05/Jan/2025:06:43:46 +0000] - 354.020 ms localhost
GET /favicon.ico 304 [05/Jan/2025:06:43:46 +0000] - 207.920 ms localhost
GET /@fs/C:/Users/USER/Desktop/BroCampTasks/Angular_Project/frontend/.angular/cache/18.2.11/frontend/vite/deps/chunk-7Z5IUEXQ.js.map 304 [05/Jan/2025:06:43:46 +0000] - 871.081 ms localhost
GET /@fs/C:/Users/USER/Desktop/BroCampTasks/Angular_Project/frontend/.angular/cache/18.2.11/frontend/vite/deps/chunk-YL3M6K34.js.map 304 [05/Jan/2025:06:43:46 +0000] - 1221.814 ms localhost
GET /login.component.css.map 200 [05/Jan/2025:06:43:46 +0000] - 115.804 ms localhost
GET /@fs/C:/Users/USER/Desktop/BroCampTasks/Angular_Project/frontend/.angular/cache/18.2.11/frontend/vite/deps/@angular_router.js.map 304 [05/Jan/2025:06:43:46 +0000] - 939.774 ms localhost
GET /@fs/C:/Users/USER/Desktop/BroCampTasks/Angular_Project/frontend/.angular/cache/18.2.11/frontend/vite/deps/rxjs.js.map 304 [05/Jan/2025:06:43:46 +0000] - 533.292 ms localhost
GET /@fs/C:/Users/USER/Desktop/BroCampTasks/Angular_Project/frontend/.angular/cache/18.2.11/frontend/vite/deps/@angular_forms.js.map 304 [05/Jan/2025:06:43:46 +0000] - 552.484 ms localhost
GET /@fs/C:/Users/USER/Desktop/BroCampTasks/Angular_Project/frontend/.angular/cache/18.2.11/frontend/vite/deps/@angular_common.js.map 304 [05/Jan/2025:06:43:46 +0000] - 387.176 ms localhost
POST /user/login 200 [05/Jan/2025:06:43:59 +0000] - 984.800 ms localhost
GET /layout.component.css.map 200 [05/Jan/2025:06:43:59 +0000] - 7.645 ms localhost
GET /dashboard.component.css.map 200 [05/Jan/2025:06:43:59 +0000] - 7.957 ms localhost
GET /user-services.component.css.map 200 [05/Jan/2025:06:44:07 +0000] - 32.076 ms localhost
GET /service/uploads/ 400 [05/Jan/2025:06:44:08 +0000] - 1306.603 ms localhost
GET /service/services?isApproved=true 304 [05/Jan/2025:06:44:08 +0000] - 1266.292 ms localhost
GET /service/name/Decor 200 [05/Jan/2025:06:44:11 +0000] - 144.737 ms localhost
GET /service/uploads/1735018966975_artifitial%20decor.webp 304 [05/Jan/2025:06:44:11 +0000] - 93.780 ms localhost
GET /service/uploads/1735018966957_decor.jpeg 304 [05/Jan/2025:06:44:11 +0000] - 70.139 ms localhost
GET /user-service-details.component.css.map 200 [05/Jan/2025:06:44:12 +0000] - 15.315 ms localhost
GET /service/uploads/1735018966964_natural%20decor.jpg 304 [05/Jan/2025:06:44:12 +0000] - 219.128 ms localhost
GET /service/uploads/1735137286330_decor.jpeg 304 [05/Jan/2025:06:44:12 +0000] - 188.455 ms localhost
GET /service/uploads/1735137286345_natural%20decor.jpg 304 [05/Jan/2025:06:44:12 +0000] - 165.063 ms localhost
GET /service/uploads/1735540890762_artifitial%20decor.webp 304 [05/Jan/2025:06:44:12 +0000] - 131.054 ms localhost
GET / - [05/Jan/2025:06:47:44 +0000] - - ms localhost
GET /services/details?data=%5B%7B%22_id%22:%22676a49d65f3e79805ff156c1%22,%22name%22:%22Decor%22,%22img%22:%221735018966957_decor.jpeg%22,%22events%22:%5B%22Marriage%22,%22Engagement%22,%22Birthday%22%5D,%22provider%22:%22673ac7d8306657184e800578%22,%22choices%22:%5B%7B%22choiceName%22:%22Natural%20Materials%22,%22choiceType%22:%22%22,%22choicePrice%22:7000,%22choiceImg%22:%221735018966964_natural%20decor.jpg%22,%22_id%22:%22676a49d65f3e79805ff156c2%22%7D,%7B%22choiceName%22:%22Artificial%20Materials%22,%22choiceType%22:%22%22,%22choicePrice%22:5000,%22choiceImg%22:%221735018966975_artifitial%20decor.webp%22,%22_id%22:%22676a49d65f3e79805ff156c3%22%7D%5D,%22isApproved%22:true,%22isActive%22:true,%22createdAt%22:%222024-12-24T05:42:47.009Z%22,%22updatedAt%22:%222024-12-30T17:09:40.705Z%22,%22__v%22:0%7D,%7B%22_id%22:%22676c0bcda6c3f4031a3d4428%22,%22name%22:%22Decor%22,%22img%22:%221735137286330_decor.jpeg%22,%22events%22:%5B%22Engagement%22,%22Marriage%22%5D,%22provider%22:%22673ac7d8306657184e800578%22,%22choices%22:%5B%7B%22choiceName%22:%22Natural%20Materials%22,%22choiceType%22:%22%22,%22choicePrice%22:7000,%22choiceImg%22:%221735137286345_natural%20decor.jpg%22,%22_id%22:%226772409bbb85a0bbd07ca4f7%22%7D,%7B%22choiceName%22:%22Artificial%20Materials%22,%22choiceType%22:%22%22,%22choicePrice%22:4000,%22choiceImg%22:%221735540890762_artifitial%20decor.webp%22,%22_id%22:%226772409bbb85a0bbd07ca4f8%22%7D%5D,%22isApproved%22:false,%22isActive%22:true,%22createdAt%22:%222024-12-25T13:42:37.711Z%22,%22updatedAt%22:%222024-12-30T06:41:31.012Z%22,%22__v%22:0%7D%5D&service=Decor 200 [05/Jan/2025:07:50:13 +0000] - 188.594 ms localhost
GET /@vite/client 304 [05/Jan/2025:07:50:14 +0000] - 76.784 ms localhost
GET /styles.css 200 [05/Jan/2025:07:50:15 +0000] - 20.983 ms localhost
GET /polyfills.js 304 [05/Jan/2025:07:50:16 +0000] - 5.485 ms localhost
GET /main.js 304 [05/Jan/2025:07:50:16 +0000] - 3.626 ms localhost
GET /@fs/C:/Users/USER/Desktop/BroCampTasks/Angular_Project/frontend/node_modules/vite/dist/client/env.mjs 304 [05/Jan/2025:07:50:16 +0000] - 6.311 ms localhost
GET /@fs/C:/Users/USER/Desktop/BroCampTasks/Angular_Project/frontend/.angular/cache/18.2.11/frontend/vite/deps/@angular_platform-browser.js.map 304 [05/Jan/2025:07:50:17 +0000] - 61.010 ms localhost
GET /@fs/C:/Users/USER/Desktop/BroCampTasks/Angular_Project/frontend/.angular/cache/18.2.11/frontend/vite/deps/chunk-BWJ345IV.js.map 304 [05/Jan/2025:07:50:17 +0000] - 68.679 ms localhost
GET /@fs/C:/Users/USER/Desktop/BroCampTasks/Angular_Project/frontend/.angular/cache/18.2.11/frontend/vite/deps/chunk-LD4QUOG7.js.map 304 [05/Jan/2025:07:50:17 +0000] - 65.631 ms localhost
GET /@fs/C:/Users/USER/Desktop/BroCampTasks/Angular_Project/frontend/.angular/cache/18.2.11/frontend/vite/deps/chunk-IPIO5KKK.js.map 304 [05/Jan/2025:07:50:17 +0000] - 73.632 ms localhost
GET /@fs/C:/Users/USER/Desktop/BroCampTasks/Angular_Project/frontend/.angular/cache/18.2.11/frontend/vite/deps/chunk-G23HOXG6.js.map 304 [05/Jan/2025:07:50:17 +0000] - 82.013 ms localhost
GET /@fs/C:/Users/USER/Desktop/BroCampTasks/Angular_Project/frontend/.angular/cache/18.2.11/frontend/vite/deps/chunk-YL3M6K34.js.map 304 [05/Jan/2025:07:50:17 +0000] - 284.858 ms localhost
GET /@fs/C:/Users/USER/Desktop/BroCampTasks/Angular_Project/frontend/.angular/cache/18.2.11/frontend/vite/deps/chunk-7Z5IUEXQ.js.map 304 [05/Jan/2025:07:50:17 +0000] - 237.465 ms localhost
GET /@fs/C:/Users/USER/Desktop/BroCampTasks/Angular_Project/frontend/.angular/cache/18.2.11/frontend/vite/deps/@angular_core.js.map 304 [05/Jan/2025:07:50:17 +0000] - 231.957 ms localhost
GET /@fs/C:/Users/USER/Desktop/BroCampTasks/Angular_Project/frontend/.angular/cache/18.2.11/frontend/vite/deps/@angular_common_http.js.map 304 [05/Jan/2025:07:50:17 +0000] - 222.757 ms localhost
GET /@fs/C:/Users/USER/Desktop/BroCampTasks/Angular_Project/frontend/.angular/cache/18.2.11/frontend/vite/deps/rxjs.js.map 304 [05/Jan/2025:07:50:17 +0000] - 210.757 ms localhost
GET /@fs/C:/Users/USER/Desktop/BroCampTasks/Angular_Project/frontend/.angular/cache/18.2.11/frontend/vite/deps/@angular_router.js.map 304 [05/Jan/2025:07:50:17 +0000] - 245.779 ms localhost
GET /@fs/C:/Users/USER/Desktop/BroCampTasks/Angular_Project/frontend/.angular/cache/18.2.11/frontend/vite/deps/@angular_common.js.map 304 [05/Jan/2025:07:50:17 +0000] - 22.640 ms localhost
GET /@fs/C:/Users/USER/Desktop/BroCampTasks/Angular_Project/frontend/.angular/cache/18.2.11/frontend/vite/deps/@angular_forms.js.map 304 [05/Jan/2025:07:50:17 +0000] - 39.308 ms localhost
GET /favicon.ico 304 [05/Jan/2025:07:50:17 +0000] - 6.175 ms localhost
GET /styles.css.map 200 [05/Jan/2025:07:50:18 +0000] - 5.356 ms localhost
GET /services/login.component.css.map 404 [05/Jan/2025:07:50:18 +0000] - 14.017 ms localhost
GET / - [05/Jan/2025:07:54:16 +0000] - - ms localhost
GET /login - [05/Jan/2025:08:03:20 +0000] - - ms localhost
GET /login 200 [05/Jan/2025:08:03:20 +0000] - 10.162 ms localhost
GET /@vite/client 304 [05/Jan/2025:08:03:21 +0000] - 5.378 ms localhost
GET /styles.css 200 [05/Jan/2025:08:03:22 +0000] - 6.888 ms localhost
GET /polyfills.js 304 [05/Jan/2025:08:03:22 +0000] - 4.131 ms localhost
GET /main.js 200 [05/Jan/2025:08:03:22 +0000] - 9.971 ms localhost
GET /@fs/C:/Users/USER/Desktop/BroCampTasks/Angular_Project/frontend/node_modules/vite/dist/client/env.mjs 304 [05/Jan/2025:08:03:22 +0000] - 4.145 ms localhost
GET /@fs/C:/Users/USER/Desktop/BroCampTasks/Angular_Project/frontend/.angular/cache/18.2.11/frontend/vite/deps/@angular_platform-browser.js.map 304 [05/Jan/2025:08:03:24 +0000] - 27.160 ms localhost
GET /@fs/C:/Users/USER/Desktop/BroCampTasks/Angular_Project/frontend/.angular/cache/18.2.11/frontend/vite/deps/chunk-BWJ345IV.js.map 304 [05/Jan/2025:08:03:24 +0000] - 27.025 ms localhost
GET /@fs/C:/Users/USER/Desktop/BroCampTasks/Angular_Project/frontend/.angular/cache/18.2.11/frontend/vite/deps/chunk-LD4QUOG7.js.map 304 [05/Jan/2025:08:03:24 +0000] - 46.662 ms localhost
GET /@fs/C:/Users/USER/Desktop/BroCampTasks/Angular_Project/frontend/.angular/cache/18.2.11/frontend/vite/deps/@angular_core.js.map 304 [05/Jan/2025:08:03:24 +0000] - 14.648 ms localhost
GET /@fs/C:/Users/USER/Desktop/BroCampTasks/Angular_Project/frontend/.angular/cache/18.2.11/frontend/vite/deps/chunk-YL3M6K34.js.map 304 [05/Jan/2025:08:03:24 +0000] - 78.908 ms localhost
GET /@fs/C:/Users/USER/Desktop/BroCampTasks/Angular_Project/frontend/.angular/cache/18.2.11/frontend/vite/deps/chunk-7Z5IUEXQ.js.map 304 [05/Jan/2025:08:03:25 +0000] - 213.913 ms localhost
GET /@fs/C:/Users/USER/Desktop/BroCampTasks/Angular_Project/frontend/.angular/cache/18.2.11/frontend/vite/deps/chunk-G23HOXG6.js.map 304 [05/Jan/2025:08:03:25 +0000] - 237.703 ms localhost
GET /@fs/C:/Users/USER/Desktop/BroCampTasks/Angular_Project/frontend/.angular/cache/18.2.11/frontend/vite/deps/chunk-IPIO5KKK.js.map 304 [05/Jan/2025:08:03:25 +0000] - 263.359 ms localhost
GET /@fs/C:/Users/USER/Desktop/BroCampTasks/Angular_Project/frontend/.angular/cache/18.2.11/frontend/vite/deps/@angular_router.js.map 304 [05/Jan/2025:08:03:25 +0000] - 47.095 ms localhost
GET /@fs/C:/Users/USER/Desktop/BroCampTasks/Angular_Project/frontend/.angular/cache/18.2.11/frontend/vite/deps/@angular_common_http.js.map 304 [05/Jan/2025:08:03:25 +0000] - 7.039 ms localhost
GET /@fs/C:/Users/USER/Desktop/BroCampTasks/Angular_Project/frontend/.angular/cache/18.2.11/frontend/vite/deps/rxjs.js.map 304 [05/Jan/2025:08:03:25 +0000] - 12.464 ms localhost
GET /@fs/C:/Users/USER/Desktop/BroCampTasks/Angular_Project/frontend/.angular/cache/18.2.11/frontend/vite/deps/@angular_forms.js.map 304 [05/Jan/2025:08:03:25 +0000] - 19.729 ms localhost
GET /@fs/C:/Users/USER/Desktop/BroCampTasks/Angular_Project/frontend/.angular/cache/18.2.11/frontend/vite/deps/@angular_common.js.map 304 [05/Jan/2025:08:03:25 +0000] - 3.221 ms localhost
GET /styles.css.map 200 [05/Jan/2025:08:03:25 +0000] - 5.698 ms localhost
GET /login.component.css.map 200 [05/Jan/2025:08:03:25 +0000] - 11.128 ms localhost
GET /favicon.ico 304 [05/Jan/2025:08:03:26 +0000] - 6.035 ms localhost
GET / - [05/Jan/2025:08:07:22 +0000] - - ms localhost
GET /services 200 [05/Jan/2025:10:02:09 +0000] - 126.722 ms localhost
GET /@vite/client 304 [05/Jan/2025:10:02:12 +0000] - 123.949 ms localhost
GET /styles.css 200 [05/Jan/2025:10:02:23 +0000] - 9.346 ms localhost
GET /main.js 200 [05/Jan/2025:10:02:23 +0000] - 10.055 ms localhost
GET /polyfills.js 304 [05/Jan/2025:10:02:23 +0000] - 3.473 ms localhost
GET /@fs/C:/Users/USER/Desktop/BroCampTasks/Angular_Project/frontend/node_modules/vite/dist/client/env.mjs 304 [05/Jan/2025:10:02:30 +0000] - 5.919 ms localhost
GET /favicon.ico 304 [05/Jan/2025:10:02:55 +0000] - 30.863 ms localhost
GET / - [05/Jan/2025:10:06:30 +0000] - - ms localhost
GET /login 200 [05/Jan/2025:10:09:27 +0000] - 143.435 ms localhost
GET /@vite/client 304 [05/Jan/2025:10:09:27 +0000] - 140.365 ms localhost
GET /polyfills.js 304 [05/Jan/2025:10:09:27 +0000] - 132.999 ms localhost
GET /styles.css 200 [05/Jan/2025:10:09:27 +0000] - 141.960 ms localhost
GET /main.js 200 [05/Jan/2025:10:09:27 +0000] - 154.503 ms localhost
GET /@fs/C:/Users/USER/Desktop/BroCampTasks/Angular_Project/frontend/node_modules/vite/dist/client/env.mjs 304 [05/Jan/2025:10:09:27 +0000] - 19.939 ms localhost
GET /favicon.ico 304 [05/Jan/2025:10:09:27 +0000] - 9.597 ms localhost
GET /login 200 [05/Jan/2025:10:09:30 +0000] - 10.000 ms localhost
GET / - [05/Jan/2025:10:09:30 +0000] - - ms localhost
GET /@vite/client 304 [05/Jan/2025:10:09:30 +0000] - 45.330 ms localhost
GET /styles.css 200 [05/Jan/2025:10:09:30 +0000] - 73.621 ms localhost
GET /polyfills.js 304 [05/Jan/2025:10:09:30 +0000] - 75.364 ms localhost
GET /main.js 304 [05/Jan/2025:10:09:30 +0000] - 71.955 ms localhost
GET /@fs/C:/Users/USER/Desktop/BroCampTasks/Angular_Project/frontend/node_modules/vite/dist/client/env.mjs 304 [05/Jan/2025:10:09:30 +0000] - 41.788 ms localhost
GET /favicon.ico 304 [05/Jan/2025:10:09:30 +0000] - 4.738 ms localhost
POST /user/login 200 [05/Jan/2025:10:09:38 +0000] - 415.996 ms localhost
GET /service/services/count 200 [05/Jan/2025:10:09:48 +0000] - 615.614 ms localhost
GET /service/uploads/null 404 [05/Jan/2025:10:09:48 +0000] - 452.434 ms localhost
GET /service/services?pageNumber=1&pageSize=2 200 [05/Jan/2025:10:09:48 +0000] - 567.797 ms localhost
GET /service/services?pageNumber=2&pageSize=2 200 [05/Jan/2025:10:09:57 +0000] - 38.797 ms localhost
GET /service/services?pageNumber=1&pageSize=2 304 [05/Jan/2025:10:09:59 +0000] - 42.773 ms localhost
GET /service/services?pageNumber=1&pageSize=3&sortBy=&sortOrder=asc 200 [05/Jan/2025:10:10:01 +0000] - 40.296 ms localhost
POST /service/new 401 [05/Jan/2025:10:12:40 +0000] - 50.027 ms localhost
GET /user/token/refresh 304 [05/Jan/2025:10:12:40 +0000] - 30.130 ms localhost
POST /service/new 200 [05/Jan/2025:10:12:40 +0000] - 189.381 ms localhost
GET /service/services/count 304 [05/Jan/2025:10:12:40 +0000] - 84.868 ms localhost
GET /service/services?pageNumber=1&pageSize=3&sortBy=&sortOrder=asc 200 [05/Jan/2025:10:12:41 +0000] - 77.137 ms localhost
GET /service/uploads/null 404 [05/Jan/2025:10:12:41 +0000] - 53.215 ms localhost
GET / - [05/Jan/2025:10:13:30 +0000] - - ms localhost
GET /styles.css 200 [05/Jan/2025:10:14:35 +0000] - 7.559 ms localhost
GET /@fs/C:/Users/USER/Desktop/BroCampTasks/Angular_Project/frontend/.angular/cache/18.2.11/frontend/vite/deps/@angular_platform-browser.js.map 304 [05/Jan/2025:10:14:35 +0000] - 27.654 ms localhost
GET /@fs/C:/Users/USER/Desktop/BroCampTasks/Angular_Project/frontend/.angular/cache/18.2.11/frontend/vite/deps/@angular_core.js.map 304 [05/Jan/2025:10:14:35 +0000] - 27.689 ms localhost
GET /@fs/C:/Users/USER/Desktop/BroCampTasks/Angular_Project/frontend/.angular/cache/18.2.11/frontend/vite/deps/@angular_common_http.js.map 304 [05/Jan/2025:10:14:35 +0000] - 22.240 ms localhost
GET /@fs/C:/Users/USER/Desktop/BroCampTasks/Angular_Project/frontend/.angular/cache/18.2.11/frontend/vite/deps/@angular_common.js.map 304 [05/Jan/2025:10:14:35 +0000] - 19.076 ms localhost
GET /@fs/C:/Users/USER/Desktop/BroCampTasks/Angular_Project/frontend/.angular/cache/18.2.11/frontend/vite/deps/rxjs.js.map 304 [05/Jan/2025:10:14:35 +0000] - 43.486 ms localhost
GET /@fs/C:/Users/USER/Desktop/BroCampTasks/Angular_Project/frontend/.angular/cache/18.2.11/frontend/vite/deps/@angular_forms.js.map 304 [05/Jan/2025:10:14:35 +0000] - 65.977 ms localhost
GET /@fs/C:/Users/USER/Desktop/BroCampTasks/Angular_Project/frontend/.angular/cache/18.2.11/frontend/vite/deps/chunk-BWJ345IV.js.map 304 [05/Jan/2025:10:14:35 +0000] - 52.121 ms localhost
GET /@fs/C:/Users/USER/Desktop/BroCampTasks/Angular_Project/frontend/.angular/cache/18.2.11/frontend/vite/deps/@angular_router.js.map 304 [05/Jan/2025:10:14:35 +0000] - 91.539 ms localhost
GET /@fs/C:/Users/USER/Desktop/BroCampTasks/Angular_Project/frontend/.angular/cache/18.2.11/frontend/vite/deps/chunk-IPIO5KKK.js.map 304 [05/Jan/2025:10:14:35 +0000] - 91.811 ms localhost
GET /@fs/C:/Users/USER/Desktop/BroCampTasks/Angular_Project/frontend/.angular/cache/18.2.11/frontend/vite/deps/chunk-LD4QUOG7.js.map 304 [05/Jan/2025:10:14:35 +0000] - 76.393 ms localhost
GET /@fs/C:/Users/USER/Desktop/BroCampTasks/Angular_Project/frontend/.angular/cache/18.2.11/frontend/vite/deps/chunk-G23HOXG6.js.map 304 [05/Jan/2025:10:14:35 +0000] - 81.813 ms localhost
GET /@fs/C:/Users/USER/Desktop/BroCampTasks/Angular_Project/frontend/.angular/cache/18.2.11/frontend/vite/deps/chunk-7Z5IUEXQ.js.map 304 [05/Jan/2025:10:14:35 +0000] - 72.505 ms localhost
GET /styles.css.map 200 [05/Jan/2025:10:14:35 +0000] - 34.469 ms localhost
GET /layout.component.css.map 200 [05/Jan/2025:10:14:35 +0000] - 39.668 ms localhost
GET /@fs/C:/Users/USER/Desktop/BroCampTasks/Angular_Project/frontend/.angular/cache/18.2.11/frontend/vite/deps/chunk-YL3M6K34.js.map 304 [05/Jan/2025:10:14:35 +0000] - 203.542 ms localhost
GET /services 200 [05/Jan/2025:10:21:07 +0000] - 178.962 ms localhost
GET /styles.css 200 [05/Jan/2025:10:21:08 +0000] - 16.301 ms localhost
GET /polyfills.js 304 [05/Jan/2025:10:21:08 +0000] - 17.578 ms localhost
GET /@vite/client 304 [05/Jan/2025:10:21:08 +0000] - 17.265 ms localhost
GET /main.js 304 [05/Jan/2025:10:21:08 +0000] - 20.868 ms localhost
GET /@fs/C:/Users/USER/Desktop/BroCampTasks/Angular_Project/frontend/node_modules/vite/dist/client/env.mjs 304 [05/Jan/2025:10:21:08 +0000] - 8.792 ms localhost
GET /styles.css.map 200 [05/Jan/2025:10:21:08 +0000] - 11.718 ms localhost
GET /@fs/C:/Users/USER/Desktop/BroCampTasks/Angular_Project/frontend/.angular/cache/18.2.11/frontend/vite/deps/@angular_platform-browser.js.map 304 [05/Jan/2025:10:21:08 +0000] - 30.911 ms localhost
GET /@fs/C:/Users/USER/Desktop/BroCampTasks/Angular_Project/frontend/.angular/cache/18.2.11/frontend/vite/deps/chunk-BWJ345IV.js.map 304 [05/Jan/2025:10:21:08 +0000] - 37.658 ms localhost
GET /@fs/C:/Users/USER/Desktop/BroCampTasks/Angular_Project/frontend/.angular/cache/18.2.11/frontend/vite/deps/chunk-LD4QUOG7.js.map 304 [05/Jan/2025:10:21:08 +0000] - 42.675 ms localhost
GET /@fs/C:/Users/USER/Desktop/BroCampTasks/Angular_Project/frontend/.angular/cache/18.2.11/frontend/vite/deps/chunk-IPIO5KKK.js.map 304 [05/Jan/2025:10:21:08 +0000] - 110.242 ms localhost
GET /@fs/C:/Users/USER/Desktop/BroCampTasks/Angular_Project/frontend/.angular/cache/18.2.11/frontend/vite/deps/chunk-G23HOXG6.js.map 304 [05/Jan/2025:10:21:08 +0000] - 143.988 ms localhost
GET /@fs/C:/Users/USER/Desktop/BroCampTasks/Angular_Project/frontend/.angular/cache/18.2.11/frontend/vite/deps/chunk-7Z5IUEXQ.js.map 304 [05/Jan/2025:10:21:08 +0000] - 152.047 ms localhost
GET /@fs/C:/Users/USER/Desktop/BroCampTasks/Angular_Project/frontend/.angular/cache/18.2.11/frontend/vite/deps/chunk-YL3M6K34.js.map 304 [05/Jan/2025:10:21:09 +0000] - 377.924 ms localhost
GET /@fs/C:/Users/USER/Desktop/BroCampTasks/Angular_Project/frontend/.angular/cache/18.2.11/frontend/vite/deps/@angular_core.js.map 304 [05/Jan/2025:10:21:09 +0000] - 392.513 ms localhost
GET /@fs/C:/Users/USER/Desktop/BroCampTasks/Angular_Project/frontend/.angular/cache/18.2.11/frontend/vite/deps/@angular_common_http.js.map 304 [05/Jan/2025:10:21:09 +0000] - 354.631 ms localhost
GET /@fs/C:/Users/USER/Desktop/BroCampTasks/Angular_Project/frontend/.angular/cache/18.2.11/frontend/vite/deps/@angular_router.js.map 304 [05/Jan/2025:10:21:09 +0000] - 558.302 ms localhost
GET /@fs/C:/Users/USER/Desktop/BroCampTasks/Angular_Project/frontend/.angular/cache/18.2.11/frontend/vite/deps/rxjs.js.map 304 [05/Jan/2025:10:21:09 +0000] - 479.206 ms localhost
GET /favicon.ico 304 [05/Jan/2025:10:21:09 +0000] - 237.008 ms localhost
GET /login.component.css.map 200 [05/Jan/2025:10:21:09 +0000] - 235.371 ms localhost
GET /@fs/C:/Users/USER/Desktop/BroCampTasks/Angular_Project/frontend/.angular/cache/18.2.11/frontend/vite/deps/@angular_common.js.map 304 [05/Jan/2025:10:21:09 +0000] - 287.540 ms localhost
GET /@fs/C:/Users/USER/Desktop/BroCampTasks/Angular_Project/frontend/.angular/cache/18.2.11/frontend/vite/deps/@angular_forms.js.map 304 [05/Jan/2025:10:21:09 +0000] - 565.926 ms localhost
POST /user/login 200 [05/Jan/2025:10:21:22 +0000] - 317.129 ms localhost
GET /dashboard.component.css.map 200 [05/Jan/2025:10:21:22 +0000] - 6.708 ms localhost
GET /layout.component.css.map 200 [05/Jan/2025:10:21:22 +0000] - 9.026 ms localhost
GET /service/services/count 304 [05/Jan/2025:10:21:25 +0000] - 278.883 ms localhost
GET /service/services?pageNumber=1&pageSize=2 200 [05/Jan/2025:10:21:25 +0000] - 187.454 ms localhost
GET /service/uploads/null 404 [05/Jan/2025:10:21:25 +0000] - 217.100 ms localhost
GET /service/services?pageNumber=1&pageSize=3&sortBy=&sortOrder=asc 304 [05/Jan/2025:10:21:31 +0000] - 50.007 ms localhost
POST /service/new 401 [05/Jan/2025:10:22:33 +0000] - 41.396 ms localhost
GET /user/token/refresh 304 [05/Jan/2025:10:22:33 +0000] - 37.122 ms localhost
POST /service/new 200 [05/Jan/2025:10:22:33 +0000] - 167.053 ms localhost
GET /service/services/count 304 [05/Jan/2025:10:22:33 +0000] - 132.174 ms localhost
GET /service/services?pageNumber=1&pageSize=3&sortBy=&sortOrder=asc 200 [05/Jan/2025:10:22:33 +0000] - 107.656 ms localhost
GET /service/uploads/null 404 [05/Jan/2025:10:22:33 +0000] - 83.810 ms localhost
GET / - [05/Jan/2025:10:25:08 +0000] - - ms localhost
GET /services 504 [05/Jan/2025:10:27:46 +0000] - 41.965 ms localhost
GET /favicon.ico 504 [05/Jan/2025:10:27:48 +0000] - 6.483 ms localhost
GET /services 200 [05/Jan/2025:10:28:57 +0000] - 121.521 ms localhost
GET /main.js 200 [05/Jan/2025:10:28:58 +0000] - 130.243 ms localhost
GET /styles.css 200 [05/Jan/2025:10:28:58 +0000] - 126.507 ms localhost
GET /polyfills.js 304 [05/Jan/2025:10:28:58 +0000] - 130.455 ms localhost
GET /@vite/client 304 [05/Jan/2025:10:28:58 +0000] - 334.158 ms localhost
GET /@fs/C:/Users/USER/Desktop/BroCampTasks/Angular_Project/frontend/.angular/cache/18.2.11/frontend/vite/deps/@angular_platform-browser.js?v=8bce0ace 200 [05/Jan/2025:10:28:58 +0000] - 68.110 ms localhost
GET /@fs/C:/Users/USER/Desktop/BroCampTasks/Angular_Project/frontend/.angular/cache/18.2.11/frontend/vite/deps/@angular_core.js?v=8bce0ace 200 [05/Jan/2025:10:28:58 +0000] - 70.092 ms localhost
GET /@fs/C:/Users/USER/Desktop/BroCampTasks/Angular_Project/frontend/.angular/cache/18.2.11/frontend/vite/deps/@angular_router.js?v=8bce0ace 200 [05/Jan/2025:10:28:58 +0000] - 71.925 ms localhost
GET /@fs/C:/Users/USER/Desktop/BroCampTasks/Angular_Project/frontend/.angular/cache/18.2.11/frontend/vite/deps/@angular_common_http.js?v=8bce0ace 200 [05/Jan/2025:10:28:58 +0000] - 75.294 ms localhost
GET /@fs/C:/Users/USER/Desktop/BroCampTasks/Angular_Project/frontend/.angular/cache/18.2.11/frontend/vite/deps/rxjs.js?v=8bce0ace 200 [05/Jan/2025:10:28:58 +0000] - 71.321 ms localhost
GET /@fs/C:/Users/USER/Desktop/BroCampTasks/Angular_Project/frontend/.angular/cache/18.2.11/frontend/vite/deps/@angular_forms.js?v=8bce0ace 200 [05/Jan/2025:10:28:58 +0000] - 75.974 ms localhost
GET /@fs/C:/Users/USER/Desktop/BroCampTasks/Angular_Project/frontend/.angular/cache/18.2.11/frontend/vite/deps/@angular_common.js?v=8bce0ace 200 [05/Jan/2025:10:28:58 +0000] - 120.038 ms localhost
GET /styles.css.map 200 [05/Jan/2025:10:28:58 +0000] - 118.304 ms localhost
GET /@fs/C:/Users/USER/Desktop/BroCampTasks/Angular_Project/frontend/.angular/cache/18.2.11/frontend/vite/deps/chunk-SD63G7YN.js?v=679e22f5 200 [05/Jan/2025:10:28:58 +0000] - 111.873 ms localhost
GET /@fs/C:/Users/USER/Desktop/BroCampTasks/Angular_Project/frontend/.angular/cache/18.2.11/frontend/vite/deps/chunk-J2M542RS.js?v=679e22f5 200 [05/Jan/2025:10:28:58 +0000] - 106.526 ms localhost
GET /@fs/C:/Users/USER/Desktop/BroCampTasks/Angular_Project/frontend/.angular/cache/18.2.11/frontend/vite/deps/chunk-PLMZ7O3F.js?v=679e22f5 200 [05/Jan/2025:10:28:58 +0000] - 80.414 ms localhost
GET /@fs/C:/Users/USER/Desktop/BroCampTasks/Angular_Project/frontend/node_modules/vite/dist/client/env.mjs 304 [05/Jan/2025:10:28:58 +0000] - 139.133 ms localhost
GET /@fs/C:/Users/USER/Desktop/BroCampTasks/Angular_Project/frontend/.angular/cache/18.2.11/frontend/vite/deps/chunk-FDUYSLZ7.js?v=679e22f5 200 [05/Jan/2025:10:28:58 +0000] - 13.362 ms localhost
GET /@fs/C:/Users/USER/Desktop/BroCampTasks/Angular_Project/frontend/.angular/cache/18.2.11/frontend/vite/deps/chunk-PF6LNL77.js?v=679e22f5 200 [05/Jan/2025:10:28:58 +0000] - 19.675 ms localhost
GET /@fs/C:/Users/USER/Desktop/BroCampTasks/Angular_Project/frontend/.angular/cache/18.2.11/frontend/vite/deps/@angular_platform-browser.js.map 304 [05/Jan/2025:10:28:58 +0000] - 14.700 ms localhost
GET /@fs/C:/Users/USER/Desktop/BroCampTasks/Angular_Project/frontend/.angular/cache/18.2.11/frontend/vite/deps/chunk-PLMZ7O3F.js.map 200 [05/Jan/2025:10:28:59 +0000] - 34.428 ms localhost
GET /@fs/C:/Users/USER/Desktop/BroCampTasks/Angular_Project/frontend/.angular/cache/18.2.11/frontend/vite/deps/chunk-J2M542RS.js.map 200 [05/Jan/2025:10:28:59 +0000] - 50.024 ms localhost
GET /@fs/C:/Users/USER/Desktop/BroCampTasks/Angular_Project/frontend/.angular/cache/18.2.11/frontend/vite/deps/chunk-SD63G7YN.js.map 200 [05/Jan/2025:10:28:59 +0000] - 153.526 ms localhost
GET /@fs/C:/Users/USER/Desktop/BroCampTasks/Angular_Project/frontend/.angular/cache/18.2.11/frontend/vite/deps/chunk-FDUYSLZ7.js.map 200 [05/Jan/2025:10:28:59 +0000] - 257.603 ms localhost
GET /@fs/C:/Users/USER/Desktop/BroCampTasks/Angular_Project/frontend/.angular/cache/18.2.11/frontend/vite/deps/chunk-PF6LNL77.js.map 200 [05/Jan/2025:10:28:59 +0000] - 319.586 ms localhost
GET /@fs/C:/Users/USER/Desktop/BroCampTasks/Angular_Project/frontend/.angular/cache/18.2.11/frontend/vite/deps/@angular_core.js.map 304 [05/Jan/2025:10:28:59 +0000] - 291.365 ms localhost
GET /@fs/C:/Users/USER/Desktop/BroCampTasks/Angular_Project/frontend/.angular/cache/18.2.11/frontend/vite/deps/@angular_common_http.js.map 304 [05/Jan/2025:10:28:59 +0000] - 198.575 ms localhost
GET /@fs/C:/Users/USER/Desktop/BroCampTasks/Angular_Project/frontend/.angular/cache/18.2.11/frontend/vite/deps/@angular_router.js.map 200 [05/Jan/2025:10:28:59 +0000] - 239.200 ms localhost
GET /@fs/C:/Users/USER/Desktop/BroCampTasks/Angular_Project/frontend/.angular/cache/18.2.11/frontend/vite/deps/rxjs.js.map 304 [05/Jan/2025:10:28:59 +0000] - 119.825 ms localhost
GET /@fs/C:/Users/USER/Desktop/BroCampTasks/Angular_Project/frontend/.angular/cache/18.2.11/frontend/vite/deps/@angular_common.js.map 304 [05/Jan/2025:10:28:59 +0000] - 39.424 ms localhost
GET /@fs/C:/Users/USER/Desktop/BroCampTasks/Angular_Project/frontend/.angular/cache/18.2.11/frontend/vite/deps/@angular_forms.js.map 200 [05/Jan/2025:10:28:59 +0000] - 52.746 ms localhost
GET /favicon.ico 200 [05/Jan/2025:10:28:59 +0000] - 76.684 ms localhost
GET /login.component.css.map 200 [05/Jan/2025:10:28:59 +0000] - 89.347 ms localhost
POST /user/login 400 [05/Jan/2025:10:29:25 +0000] - 483.613 ms localhost
POST /user/login 200 [05/Jan/2025:10:29:34 +0000] - 139.940 ms localhost
GET /dashboard.component.css.map 200 [05/Jan/2025:10:29:34 +0000] - 5.940 ms localhost
GET /layout.component.css.map 200 [05/Jan/2025:10:29:34 +0000] - 6.532 ms localhost
GET /service/services/count 304 [05/Jan/2025:10:29:38 +0000] - 692.244 ms localhost
GET /service/uploads/null 404 [05/Jan/2025:10:29:38 +0000] - 550.293 ms localhost
GET /service/services?pageNumber=1&pageSize=2 200 [05/Jan/2025:10:29:38 +0000] - 657.759 ms localhost
POST /service/new 401 [05/Jan/2025:10:30:37 +0000] - 54.248 ms localhost
GET /user/token/refresh 304 [05/Jan/2025:10:30:37 +0000] - 152.926 ms localhost
POST /service/new 200 [05/Jan/2025:10:30:37 +0000] - 268.898 ms localhost
GET /service/services/count 304 [05/Jan/2025:10:30:38 +0000] - 88.636 ms localhost
GET /service/services?pageNumber=1&pageSize=2 200 [05/Jan/2025:10:30:38 +0000] - 68.664 ms localhost
GET /service/uploads/null 404 [05/Jan/2025:10:30:38 +0000] - 52.659 ms localhost
GET /service/services?pageNumber=2&pageSize=2 304 [05/Jan/2025:10:30:46 +0000] - 38.304 ms localhost
GET / - [05/Jan/2025:10:32:58 +0000] - - ms localhost
