GET /wallet 200 [02/Apr/2025:05:58:26 +0000] - 169.276 ms localhost
GET /@vite/client 200 [02/Apr/2025:05:58:27 +0000] - 312.743 ms localhost
GET /styles.css 200 [02/Apr/2025:05:58:27 +0000] - 320.988 ms localhost
GET /polyfills.js 200 [02/Apr/2025:05:58:27 +0000] - 57.590 ms localhost
GET /main.js 200 [02/Apr/2025:05:58:27 +0000] - 62.760 ms localhost
GET /scripts.js 200 [02/Apr/2025:05:58:27 +0000] - 32.524 ms localhost
GET /@fs/C:/Users/USER/Documents/BroCampTasks/Angular_Project/frontend/node_modules/vite/dist/client/env.mjs 200 [02/Apr/2025:05:58:27 +0000] - 7.885 ms localhost
GET /chunk-JK2OZDZD.js 200 [02/Apr/2025:05:58:29 +0000] - 5.304 ms localhost
GET /chunk-JGBXDEY7.js 200 [02/Apr/2025:05:58:29 +0000] - 9.047 ms localhost
GET /chunk-DS2VOW6E.js 200 [02/Apr/2025:05:58:29 +0000] - 8.951 ms localhost
GET /styles.css.map 200 [02/Apr/2025:05:58:29 +0000] - 6.981 ms localhost
GET /@fs/C:/Users/USER/Documents/BroCampTasks/Angular_Project/frontend/.angular/cache/18.2.15/frontend/vite/deps/@angular_platform-browser.js?v=ffa03c27 200 [02/Apr/2025:05:58:29 +0000] - 7.586 ms localhost
GET /@fs/C:/Users/USER/Documents/BroCampTasks/Angular_Project/frontend/.angular/cache/18.2.15/frontend/vite/deps/@angular_core.js?v=ffa03c27 200 [02/Apr/2025:05:58:29 +0000] - 4.674 ms localhost
GET /@fs/C:/Users/USER/Documents/BroCampTasks/Angular_Project/frontend/.angular/cache/18.2.15/frontend/vite/deps/@angular_router.js?v=ffa03c27 200 [02/Apr/2025:05:58:29 +0000] - 14.355 ms localhost
GET /@fs/C:/Users/USER/Documents/BroCampTasks/Angular_Project/frontend/.angular/cache/18.2.15/frontend/vite/deps/@angular_common_http.js?v=ffa03c27 200 [02/Apr/2025:05:58:29 +0000] - 14.975 ms localhost
GET /@fs/C:/Users/USER/Documents/BroCampTasks/Angular_Project/frontend/.angular/cache/18.2.15/frontend/vite/deps/rxjs.js?v=ffa03c27 200 [02/Apr/2025:05:58:29 +0000] - 19.442 ms localhost
GET /@fs/C:/Users/USER/Documents/BroCampTasks/Angular_Project/frontend/.angular/cache/18.2.15/frontend/vite/deps/ngx-socket-io.js?v=ffa03c27 200 [02/Apr/2025:05:58:30 +0000] - 8.904 ms localhost
GET /@fs/C:/Users/USER/Documents/BroCampTasks/Angular_Project/frontend/.angular/cache/18.2.15/frontend/vite/deps/@angular_forms.js?v=ffa03c27 200 [02/Apr/2025:05:58:30 +0000] - 13.486 ms localhost
GET /@fs/C:/Users/USER/Documents/BroCampTasks/Angular_Project/frontend/.angular/cache/18.2.15/frontend/vite/deps/emoji-picker-element.js?v=ffa03c27 200 [02/Apr/2025:05:58:30 +0000] - 5.508 ms localhost
GET /@fs/C:/Users/USER/Documents/BroCampTasks/Angular_Project/frontend/.angular/cache/18.2.15/frontend/vite/deps/chunk-TI4NIV3R.js?v=ffa03c27 200 [02/Apr/2025:05:58:30 +0000] - 5.199 ms localhost
GET /@fs/C:/Users/USER/Documents/BroCampTasks/Angular_Project/frontend/.angular/cache/18.2.15/frontend/vite/deps/chunk-KHJLBV7G.js?v=ffa03c27 200 [02/Apr/2025:05:58:30 +0000] - 4.481 ms localhost
GET /@fs/C:/Users/USER/Documents/BroCampTasks/Angular_Project/frontend/.angular/cache/18.2.15/frontend/vite/deps/chunk-UWVBNKXZ.js?v=ffa03c27 200 [02/Apr/2025:05:58:30 +0000] - 13.897 ms localhost
GET /@fs/C:/Users/USER/Documents/BroCampTasks/Angular_Project/frontend/.angular/cache/18.2.15/frontend/vite/deps/chunk-KPU55VW5.js?v=ffa03c27 200 [02/Apr/2025:05:58:30 +0000] - 16.808 ms localhost
GET /@fs/C:/Users/USER/Documents/BroCampTasks/Angular_Project/frontend/.angular/cache/18.2.15/frontend/vite/deps/chunk-P6U2JBMQ.js?v=ffa03c27 200 [02/Apr/2025:05:58:31 +0000] - 7.765 ms localhost
GET /@fs/C:/Users/USER/Documents/BroCampTasks/Angular_Project/frontend/.angular/cache/18.2.15/frontend/vite/deps/chunk-XWLXMCJQ.js?v=ffa03c27 200 [02/Apr/2025:05:58:31 +0000] - 9.157 ms localhost
GET /@fs/C:/Users/USER/Documents/BroCampTasks/Angular_Project/frontend/.angular/cache/18.2.15/frontend/vite/deps/@angular_core.js.map 200 [02/Apr/2025:05:58:31 +0000] - 22.208 ms localhost
GET /chunk-LOGHFZ4K.js 200 [02/Apr/2025:05:58:31 +0000] - 5.418 ms localhost
GET /@fs/C:/Users/USER/Documents/BroCampTasks/Angular_Project/frontend/.angular/cache/18.2.15/frontend/vite/deps/chunk-P6U2JBMQ.js.map 200 [02/Apr/2025:05:58:31 +0000] - 22.497 ms localhost
GET /@fs/C:/Users/USER/Documents/BroCampTasks/Angular_Project/frontend/.angular/cache/18.2.15/frontend/vite/deps/chunk-XWLXMCJQ.js.map 200 [02/Apr/2025:05:58:31 +0000] - 253.696 ms localhost
GET /@fs/C:/Users/USER/Documents/BroCampTasks/Angular_Project/frontend/.angular/cache/18.2.15/frontend/vite/deps/chunk-KPU55VW5.js.map 200 [02/Apr/2025:05:58:31 +0000] - 291.316 ms localhost
GET /@fs/C:/Users/USER/Documents/BroCampTasks/Angular_Project/frontend/.angular/cache/18.2.15/frontend/vite/deps/rxjs.js.map 200 [02/Apr/2025:05:58:31 +0000] - 256.111 ms localhost
GET /@fs/C:/Users/USER/Documents/BroCampTasks/Angular_Project/frontend/.angular/cache/18.2.15/frontend/vite/deps/@angular_common_http.js.map 200 [02/Apr/2025:05:58:31 +0000] - 195.697 ms localhost
GET /@fs/C:/Users/USER/Documents/BroCampTasks/Angular_Project/frontend/.angular/cache/18.2.15/frontend/vite/deps/chunk-KHJLBV7G.js.map 200 [02/Apr/2025:05:58:32 +0000] - 13.965 ms localhost
GET /@fs/C:/Users/USER/Documents/BroCampTasks/Angular_Project/frontend/.angular/cache/18.2.15/frontend/vite/deps/chunk-UWVBNKXZ.js.map 200 [02/Apr/2025:05:58:32 +0000] - 22.335 ms localhost
GET /@fs/C:/Users/USER/Documents/BroCampTasks/Angular_Project/frontend/.angular/cache/18.2.15/frontend/vite/deps/@angular_platform-browser.js.map 200 [02/Apr/2025:05:58:32 +0000] - 4.351 ms localhost
GET /@fs/C:/Users/USER/Documents/BroCampTasks/Angular_Project/frontend/.angular/cache/18.2.15/frontend/vite/deps/chunk-TI4NIV3R.js.map 200 [02/Apr/2025:05:58:32 +0000] - 9.274 ms localhost
GET /@fs/C:/Users/USER/Documents/BroCampTasks/Angular_Project/frontend/.angular/cache/18.2.15/frontend/vite/deps/@angular_router.js.map 200 [02/Apr/2025:05:58:32 +0000] - 20.946 ms localhost
GET /@fs/C:/Users/USER/Documents/BroCampTasks/Angular_Project/frontend/.angular/cache/18.2.15/frontend/vite/deps/ngx-socket-io.js.map 200 [02/Apr/2025:05:58:32 +0000] - 17.807 ms localhost
GET /@fs/C:/Users/USER/Documents/BroCampTasks/Angular_Project/frontend/.angular/cache/18.2.15/frontend/vite/deps/@angular_forms.js.map 200 [02/Apr/2025:05:58:32 +0000] - 20.940 ms localhost
GET /@fs/C:/Users/USER/Documents/BroCampTasks/Angular_Project/frontend/.angular/cache/18.2.15/frontend/vite/deps/emoji-picker-element.js.map 200 [02/Apr/2025:05:58:32 +0000] - 17.900 ms localhost
GET /favicon.ico 200 [02/Apr/2025:05:58:33 +0000] - 14.515 ms localhost
GET /chunk-JPQVZ4OJ.js 200 [02/Apr/2025:05:58:33 +0000] - 7.345 ms localhost
GET /chunk-KSELMSGV.js 200 [02/Apr/2025:05:58:33 +0000] - 2.639 ms localhost
GET /chunk-NEDMBWF5.js 200 [02/Apr/2025:05:58:33 +0000] - 5.459 ms localhost
GET /chunk-J7PPH75M.js 200 [02/Apr/2025:05:58:33 +0000] - 6.574 ms localhost
GET /chunk-KJ77OHGA.js 200 [02/Apr/2025:05:58:33 +0000] - 7.371 ms localhost
GET /login.component.css.map 200 [02/Apr/2025:05:58:34 +0000] - 5.866 ms localhost
GET /?token=EPvzwcCAeTqb - [02/Apr/2025:06:02:30 +0000] - - ms localhost
GET / 200 [04/Apr/2025:13:44:01 +0000] - 285.604 ms localhost
GET /styles.css 200 [04/Apr/2025:13:44:01 +0000] - 41.976 ms localhost
GET /@vite/client 200 [04/Apr/2025:13:44:02 +0000] - 225.755 ms localhost
GET /main.js 200 [04/Apr/2025:13:44:02 +0000] - 180.900 ms localhost
GET /@fs/C:/Users/USER/Documents/BroCampTasks/Angular_Project/frontend/node_modules/vite/dist/client/env.mjs 200 [04/Apr/2025:13:44:02 +0000] - 182.169 ms localhost
GET /polyfills.js 200 [04/Apr/2025:13:44:02 +0000] - 204.855 ms localhost
GET /chunk-JK2OZDZD.js 200 [04/Apr/2025:13:44:02 +0000] - 7.039 ms localhost
GET /chunk-JGBXDEY7.js 200 [04/Apr/2025:13:44:02 +0000] - 47.729 ms localhost
GET /chunk-DS2VOW6E.js 200 [04/Apr/2025:13:44:02 +0000] - 101.758 ms localhost
GET /@fs/C:/Users/USER/Documents/BroCampTasks/Angular_Project/frontend/.angular/cache/18.2.15/frontend/vite/deps/@angular_platform-browser.js?v=ffa03c27 200 [04/Apr/2025:13:44:02 +0000] - 84.215 ms localhost
GET /@fs/C:/Users/USER/Documents/BroCampTasks/Angular_Project/frontend/.angular/cache/18.2.15/frontend/vite/deps/@angular_router.js?v=ffa03c27 200 [04/Apr/2025:13:44:02 +0000] - 81.523 ms localhost
GET /@fs/C:/Users/USER/Documents/BroCampTasks/Angular_Project/frontend/.angular/cache/18.2.15/frontend/vite/deps/@angular_common_http.js?v=ffa03c27 200 [04/Apr/2025:13:44:02 +0000] - 82.519 ms localhost
GET /@fs/C:/Users/USER/Documents/BroCampTasks/Angular_Project/frontend/.angular/cache/18.2.15/frontend/vite/deps/@angular_core.js?v=ffa03c27 200 [04/Apr/2025:13:44:02 +0000] - 113.197 ms localhost
GET /@fs/C:/Users/USER/Documents/BroCampTasks/Angular_Project/frontend/.angular/cache/18.2.15/frontend/vite/deps/rxjs.js?v=ffa03c27 200 [04/Apr/2025:13:44:03 +0000] - 2.887 ms localhost
GET /@fs/C:/Users/USER/Documents/BroCampTasks/Angular_Project/frontend/.angular/cache/18.2.15/frontend/vite/deps/ngx-socket-io.js?v=ffa03c27 200 [04/Apr/2025:13:44:03 +0000] - 20.581 ms localhost
GET /@fs/C:/Users/USER/Documents/BroCampTasks/Angular_Project/frontend/.angular/cache/18.2.15/frontend/vite/deps/@angular_forms.js?v=ffa03c27 200 [04/Apr/2025:13:44:03 +0000] - 22.096 ms localhost
GET /@fs/C:/Users/USER/Documents/BroCampTasks/Angular_Project/frontend/.angular/cache/18.2.15/frontend/vite/deps/emoji-picker-element.js?v=ffa03c27 200 [04/Apr/2025:13:44:03 +0000] - 15.646 ms localhost
GET /@fs/C:/Users/USER/Documents/BroCampTasks/Angular_Project/frontend/.angular/cache/18.2.15/frontend/vite/deps/chunk-TI4NIV3R.js?v=ffa03c27 200 [04/Apr/2025:13:44:03 +0000] - 29.098 ms localhost
GET /@fs/C:/Users/USER/Documents/BroCampTasks/Angular_Project/frontend/.angular/cache/18.2.15/frontend/vite/deps/chunk-KHJLBV7G.js?v=ffa03c27 200 [04/Apr/2025:13:44:03 +0000] - 32.702 ms localhost
GET /@fs/C:/Users/USER/Documents/BroCampTasks/Angular_Project/frontend/.angular/cache/18.2.15/frontend/vite/deps/chunk-UWVBNKXZ.js?v=ffa03c27 200 [04/Apr/2025:13:44:03 +0000] - 4.340 ms localhost
GET /@fs/C:/Users/USER/Documents/BroCampTasks/Angular_Project/frontend/.angular/cache/18.2.15/frontend/vite/deps/chunk-KPU55VW5.js?v=ffa03c27 200 [04/Apr/2025:13:44:03 +0000] - 14.282 ms localhost
GET /@fs/C:/Users/USER/Documents/BroCampTasks/Angular_Project/frontend/.angular/cache/18.2.15/frontend/vite/deps/chunk-P6U2JBMQ.js?v=ffa03c27 200 [04/Apr/2025:13:44:03 +0000] - 8.043 ms localhost
GET /@fs/C:/Users/USER/Documents/BroCampTasks/Angular_Project/frontend/.angular/cache/18.2.15/frontend/vite/deps/chunk-XWLXMCJQ.js?v=ffa03c27 200 [04/Apr/2025:13:44:03 +0000] - 8.534 ms localhost
GET /scripts.js 200 [04/Apr/2025:13:44:03 +0000] - 14.635 ms localhost
GET /chunk-NFJAFHB4.js 200 [04/Apr/2025:13:44:03 +0000] - 7.750 ms localhost
GET /favicon.ico 200 [04/Apr/2025:13:44:04 +0000] - 12.217 ms localhost
GET /chunk-KSELMSGV.js 200 [04/Apr/2025:13:44:04 +0000] - 4.116 ms localhost
GET /chunk-NEDMBWF5.js 200 [04/Apr/2025:13:44:04 +0000] - 8.168 ms localhost
GET /chunk-J7PPH75M.js 200 [04/Apr/2025:13:44:04 +0000] - 9.536 ms localhost
GET /chunk-KJ77OHGA.js 200 [04/Apr/2025:13:44:04 +0000] - 10.189 ms localhost
POST /api/user/login 200 [04/Apr/2025:13:44:10 +0000] - 243.434 ms localhost
GET /chunk-LOGHFZ4K.js 200 [04/Apr/2025:13:44:10 +0000] - 5.670 ms localhost
GET /chunk-KHP6R7IV.js 200 [04/Apr/2025:13:44:11 +0000] - 11.015 ms localhost
GET /chunk-7BOPWNU7.js 200 [04/Apr/2025:13:44:11 +0000] - 29.503 ms localhost
GET /chunk-7PGNXLEN.js 200 [04/Apr/2025:13:44:11 +0000] - 11.662 ms localhost
GET /@fs/C:/Users/USER/Documents/BroCampTasks/Angular_Project/frontend/.angular/cache/18.2.15/frontend/vite/deps/bootstrap.js?v=ffa03c27 200 [04/Apr/2025:13:44:11 +0000] - 7.247 ms localhost
GET /@fs/C:/Users/USER/Documents/BroCampTasks/Angular_Project/frontend/.angular/cache/18.2.15/frontend/vite/deps/@angular_common.js?v=ffa03c27 200 [04/Apr/2025:13:44:11 +0000] - 10.885 ms localhost
GET /@fs/C:/Users/USER/Documents/BroCampTasks/Angular_Project/frontend/.angular/cache/18.2.15/frontend/vite/deps/chart__js.js?v=ffa03c27 200 [04/Apr/2025:13:44:11 +0000] - 11.948 ms localhost
GET /chunk-UWXUGDKH.js 200 [04/Apr/2025:13:44:16 +0000] - 8.934 ms localhost
GET /chunk-RPK2ZVIJ.js 200 [04/Apr/2025:13:44:16 +0000] - 6.465 ms localhost
GET /api/wallet/userWallet/674e8a6920bc39246157f503 200 [04/Apr/2025:13:44:16 +0000] - 314.644 ms localhost
GET /chunk-GDRE2SDR.js 200 [04/Apr/2025:13:44:26 +0000] - 11.817 ms localhost
GET /chunk-277RL4Z3.js 200 [04/Apr/2025:13:44:26 +0000] - 5.149 ms localhost
GET /api/booking/bookings?userName=Sreedevi%20K&pageNumber=1&pageSize=2&isConfirmed=true 200 [04/Apr/2025:13:44:26 +0000] - 155.031 ms localhost
GET /api/user/logout 200 [04/Apr/2025:13:44:33 +0000] - 42.424 ms localhost
GET /?token=Kaj2MvI-5A_R - [04/Apr/2025:13:48:02 +0000] - - ms localhost
GET / 200 [04/Apr/2025:15:36:10 +0000] - 336.332 ms localhost
GET /styles.css 200 [04/Apr/2025:15:36:10 +0000] - 70.821 ms localhost
GET /polyfills.js 304 [04/Apr/2025:15:36:10 +0000] - 474.572 ms localhost
GET /main.js 304 [04/Apr/2025:15:36:11 +0000] - 143.962 ms localhost
GET /scripts.js 304 [04/Apr/2025:15:36:11 +0000] - 68.126 ms localhost
GET /chunk-JK2OZDZD.js 304 [04/Apr/2025:15:36:11 +0000] - 161.151 ms localhost
GET /chunk-JGBXDEY7.js 304 [04/Apr/2025:15:36:11 +0000] - 191.066 ms localhost
GET /chunk-DS2VOW6E.js 304 [04/Apr/2025:15:36:11 +0000] - 186.082 ms localhost
GET /@vite/client 200 [04/Apr/2025:15:36:11 +0000] - 888.251 ms localhost
GET /@fs/C:/Users/USER/Documents/BroCampTasks/Angular_Project/frontend/node_modules/vite/dist/client/env.mjs 304 [04/Apr/2025:15:36:12 +0000] - 6.793 ms localhost
GET /chunk-NFJAFHB4.js 304 [04/Apr/2025:15:36:12 +0000] - 28.831 ms localhost
GET /chunk-KSELMSGV.js 304 [04/Apr/2025:15:36:13 +0000] - 38.950 ms localhost
GET /chunk-NEDMBWF5.js 304 [04/Apr/2025:15:36:13 +0000] - 39.814 ms localhost
GET /chunk-J7PPH75M.js 304 [04/Apr/2025:15:36:13 +0000] - 38.580 ms localhost
GET /chunk-KJ77OHGA.js 304 [04/Apr/2025:15:36:13 +0000] - 13.152 ms localhost
POST /api/user/login 200 [04/Apr/2025:15:36:21 +0000] - 824.420 ms localhost
GET /chunk-LOGHFZ4K.js 304 [04/Apr/2025:15:36:21 +0000] - 10.727 ms localhost
GET /chunk-KHP6R7IV.js 304 [04/Apr/2025:15:36:21 +0000] - 12.247 ms localhost
GET /chunk-7BOPWNU7.js 304 [04/Apr/2025:15:36:21 +0000] - 16.997 ms localhost
GET /chunk-7PGNXLEN.js 304 [04/Apr/2025:15:36:21 +0000] - 3.793 ms localhost
GET /chunk-GG5NKYPR.js 200 [04/Apr/2025:15:36:29 +0000] - 19.480 ms localhost
GET /chunk-C6AFPMUC.js 200 [04/Apr/2025:15:36:29 +0000] - 4.286 ms localhost
GET /chunk-KQZANGUH.js 200 [04/Apr/2025:15:36:32 +0000] - 12.745 ms localhost
GET /api/service/services?role=user&limit=10&isApproved=true 200 [04/Apr/2025:15:36:34 +0000] - 5035.243 ms localhost
GET /chunk-ECTJEAAJ.js 200 [04/Apr/2025:15:36:39 +0000] - 13.441 ms localhost
GET /chunk-RPK2ZVIJ.js 304 [04/Apr/2025:15:36:39 +0000] - 9.840 ms localhost
GET /chunk-277RL4Z3.js 304 [04/Apr/2025:15:36:39 +0000] - 6.145 ms localhost
GET /api/booking/bookings?userName=Sreedevi%20K&pageNumber=1&pageSize=2&isConfirmed=false 200 [04/Apr/2025:15:36:40 +0000] - 440.427 ms localhost
GET /chunk-GDRE2SDR.js 304 [04/Apr/2025:15:36:42 +0000] - 10.016 ms localhost
GET /api/booking/bookings?userName=Sreedevi%20K&pageNumber=1&pageSize=2&isConfirmed=true 304 [04/Apr/2025:15:36:42 +0000] - 212.238 ms localhost
GET /chunk-UWXUGDKH.js 304 [04/Apr/2025:15:36:45 +0000] - 10.226 ms localhost
GET /api/wallet/userWallet/674e8a6920bc39246157f503 304 [04/Apr/2025:15:36:46 +0000] - 465.860 ms localhost
GET /api/service/services?role=user&limit=10&isApproved=true 304 [04/Apr/2025:15:37:25 +0000] - 315.582 ms localhost
GET /api/service/name/Decor 200 [04/Apr/2025:15:37:33 +0000] - 239.505 ms localhost
GET /chunk-BNZPZQQO.js 200 [04/Apr/2025:15:37:33 +0000] - 13.222 ms localhost
GET /chunk-ILRA5XHX.js 200 [04/Apr/2025:15:37:33 +0000] - 6.699 ms localhost
GET /api/event/events/Marriage 200 [04/Apr/2025:15:37:50 +0000] - 1282.158 ms localhost
GET /chunk-ZWNL6OVT.js 200 [04/Apr/2025:15:37:50 +0000] - 11.504 ms localhost
GET /api/booking/events 200 [04/Apr/2025:15:37:52 +0000] - 1731.774 ms localhost
GET /api/booking/bookings?userName=Sreedevi%20K&pageNumber=1&pageSize=2&isConfirmed=true 304 [04/Apr/2025:15:38:10 +0000] - 153.791 ms localhost
GET /api/wallet/userWallet/674e8a6920bc39246157f503 304 [04/Apr/2025:15:38:14 +0000] - 162.367 ms localhost
GET /chunk-SZWLZKKT.js 200 [04/Apr/2025:15:38:33 +0000] - 19.116 ms localhost
GET /api/chat/674e8a6920bc39246157f503 200 [04/Apr/2025:15:38:35 +0000] - 1241.719 ms localhost
GET /api/chat/674e8a6920bc39246157f503 304 [04/Apr/2025:15:38:37 +0000] - 146.463 ms localhost
GET /api/service/services?role=user&limit=10&isApproved=true 304 [04/Apr/2025:15:39:19 +0000] - 266.307 ms localhost
GET /?token=D85ZI4jD9uIY - [04/Apr/2025:15:40:12 +0000] - - ms localhost
GET /api/service/name/Catering 200 [04/Apr/2025:15:40:50 +0000] - 111.856 ms localhost
GET /api/booking/service/Catering/673ac7d8306657184e800578 200 [04/Apr/2025:15:40:53 +0000] - 214.623 ms localhost
POST /api/booking/new 200 [04/Apr/2025:15:41:30 +0000] - 531.132 ms localhost
GET /api/booking/bookings?userName=Sreedevi%20K&pageNumber=1&pageSize=2&isConfirmed=false 200 [04/Apr/2025:15:41:35 +0000] - 1409.036 ms localhost
POST /api/booking/confirm 200 [04/Apr/2025:15:42:00 +0000] - 1466.030 ms localhost
POST /api/booking/verifyPayment 200 [04/Apr/2025:15:42:26 +0000] - 3514.513 ms localhost
GET /api/booking/bookings?userName=Sreedevi%20K&pageNumber=1&pageSize=2&isConfirmed=true 200 [04/Apr/2025:15:42:27 +0000] - 117.571 ms localhost
DELETE /api/booking/67effdaa3dbc002c8303b7fd 200 [04/Apr/2025:15:42:38 +0000] - 723.429 ms localhost
GET /api/wallet/userWallet/674e8a6920bc39246157f503 200 [04/Apr/2025:15:42:41 +0000] - 170.337 ms localhost
GET /api/event/events/Engagement 200 [04/Apr/2025:15:42:54 +0000] - 477.203 ms localhost
GET /api/booking/events 304 [04/Apr/2025:15:42:54 +0000] - 240.303 ms localhost
GET /api/booking/events/service/Engagement 200 [04/Apr/2025:15:43:03 +0000] - 158.474 ms localhost
POST /api/booking/new 200 [04/Apr/2025:15:43:49 +0000] - 664.179 ms localhost
GET /api/booking/bookings?userName=Sreedevi%20K&pageNumber=1&pageSize=2&isConfirmed=false 200 [04/Apr/2025:15:43:52 +0000] - 481.425 ms localhost
GET /api/chat/674e8a6920bc39246157f503 304 [04/Apr/2025:15:44:14 +0000] - 349.275 ms localhost
GET /api/service/services?role=user&limit=10&isApproved=true 304 [04/Apr/2025:15:45:32 +0000] - 359.355 ms localhost
GET /api/user/logout 200 [04/Apr/2025:15:47:20 +0000] - 279.561 ms localhost
POST /api/user/login 200 [04/Apr/2025:15:47:32 +0000] - 215.512 ms localhost
GET /api/booking/chartDataProvider/Weekly/Provider 200 [04/Apr/2025:15:47:33 +0000] - 663.696 ms localhost
GET /api/booking/bookings/673ac7d8306657184e800578 200 [04/Apr/2025:15:47:33 +0000] - 1029.220 ms localhost
GET /api/service/services/count 200 [04/Apr/2025:15:47:39 +0000] - 464.521 ms localhost
GET /api/service/services?pageNumber=1&pageSize=2&providerId=673ac7d8306657184e800578 200 [04/Apr/2025:15:47:39 +0000] - 563.025 ms localhost
GET /api/booking/bookings/673ac7d8306657184e800578 304 [04/Apr/2025:15:47:46 +0000] - 167.431 ms localhost
GET /api/booking/chartDataProvider/Weekly/Provider 304 [04/Apr/2025:15:47:46 +0000] - 257.002 ms localhost
GET /api/service/services/count 304 [04/Apr/2025:15:48:07 +0000] - 156.620 ms localhost
GET /api/service/services?pageNumber=1&pageSize=2&providerId=673ac7d8306657184e800578 304 [04/Apr/2025:15:48:07 +0000] - 166.399 ms localhost
DELETE /api/service/679929c72158393aea6dd313 200 [04/Apr/2025:15:51:11 +0000] - 166.784 ms localhost
POST /api/service/new 200 [04/Apr/2025:15:52:06 +0000] - 5031.595 ms localhost
GET /api/booking/chartDataProvider/Weekly/Provider 304 [04/Apr/2025:15:52:15 +0000] - 426.380 ms localhost
GET /api/booking/bookings/673ac7d8306657184e800578 304 [04/Apr/2025:15:52:15 +0000] - 552.932 ms localhost
GET /api/service/services/count 304 [04/Apr/2025:15:52:16 +0000] - 101.382 ms localhost
GET /api/service/services?pageNumber=1&pageSize=2&providerId=673ac7d8306657184e800578 200 [04/Apr/2025:15:52:16 +0000] - 146.758 ms localhost
GET /api/service/services?pageNumber=2&pageSize=2&providerId=673ac7d8306657184e800578 200 [04/Apr/2025:15:52:19 +0000] - 224.382 ms localhost
DELETE /api/service/67f000252e58ff8d60f2cff9 200 [04/Apr/2025:15:53:19 +0000] - 92.755 ms localhost
GET /api/service/services?pageNumber=1&pageSize=2&providerId=673ac7d8306657184e800578 200 [04/Apr/2025:15:53:24 +0000] - 122.589 ms localhost
GET /api/service/67b56ab7834c3a69b2381d9f 200 [04/Apr/2025:15:53:39 +0000] - 71.837 ms localhost
PATCH /api/service/67b56ab7834c3a69b2381d9f 200 [04/Apr/2025:15:53:56 +0000] - 214.041 ms localhost
GET /api/service/services/count 200 [04/Apr/2025:15:53:56 +0000] - 93.546 ms localhost
GET /api/service/services?pageNumber=1&pageSize=2&providerId=673ac7d8306657184e800578 200 [04/Apr/2025:15:53:57 +0000] - 93.265 ms localhost
GET /api/service/67b56ab7834c3a69b2381d9f 200 [04/Apr/2025:15:55:44 +0000] - 84.881 ms localhost
POST /api/service/new 200 [04/Apr/2025:15:57:39 +0000] - 6170.279 ms localhost
GET /api/booking/chartDataProvider/Weekly/Provider - [04/Apr/2025:15:57:46 +0000] - - ms localhost
GET /api/booking/bookings/673ac7d8306657184e800578 - [04/Apr/2025:15:57:51 +0000] - - ms localhost
GET /api/service/services/count 200 [04/Apr/2025:15:57:52 +0000] - 5630.393 ms localhost
GET /api/service/services?pageNumber=1&pageSize=2&providerId=673ac7d8306657184e800578 200 [04/Apr/2025:15:57:52 +0000] - 1504.209 ms localhost
GET /api/service/services?pageNumber=2&pageSize=2&providerId=673ac7d8306657184e800578 200 [04/Apr/2025:15:57:54 +0000] - 124.407 ms localhost
GET /api/service/67f001732e58ff8d60f2d010 200 [04/Apr/2025:15:58:21 +0000] - 94.775 ms localhost
PATCH /api/service/67f001732e58ff8d60f2d010 200 [04/Apr/2025:15:59:02 +0000] - 4055.846 ms localhost
GET /api/service/services/count 304 [04/Apr/2025:15:59:02 +0000] - 90.230 ms localhost
GET /api/service/services?pageNumber=2&pageSize=2&providerId=673ac7d8306657184e800578 200 [04/Apr/2025:15:59:02 +0000] - 88.688 ms localhost
GET /api/service/67f001732e58ff8d60f2d010 200 [04/Apr/2025:15:59:27 +0000] - 92.455 ms localhost
PATCH /api/service/67f001732e58ff8d60f2d010 200 [04/Apr/2025:16:00:02 +0000] - 3206.382 ms localhost
GET /api/service/services/count 304 [04/Apr/2025:16:00:03 +0000] - 79.907 ms localhost
GET /api/service/services?pageNumber=2&pageSize=2&providerId=673ac7d8306657184e800578 200 [04/Apr/2025:16:00:03 +0000] - 126.315 ms localhost
GET /chunk-W6BBRKYI.js 200 [04/Apr/2025:16:00:26 +0000] - 187.733 ms localhost
GET /api/booking/providerSales?pageNumberService=1&pageSize=2&providerId=673ac7d8306657184e800578 200 [04/Apr/2025:16:00:26 +0000] - 424.780 ms localhost
GET /api/service/services/count 304 [04/Apr/2025:16:00:41 +0000] - 209.888 ms localhost
GET /api/service/services?pageNumber=1&pageSize=2&providerId=673ac7d8306657184e800578 304 [04/Apr/2025:16:00:41 +0000] - 234.894 ms localhost
GET /api/booking/providerSales?pageNumberService=1&pageSize=2&providerId=673ac7d8306657184e800578 304 [04/Apr/2025:16:01:03 +0000] - 177.490 ms localhost
GET /api/booking/providerSales?pageNumberService=1&pageSize=2&providerId=673ac7d8306657184e800578&sortByService=&sortOrderService=asc 400 [04/Apr/2025:16:01:13 +0000] - 215.084 ms localhost
GET /api/chat/673ac7d8306657184e800578 400 [04/Apr/2025:16:02:54 +0000] - 837.328 ms localhost
GET /api/user/logout 200 [04/Apr/2025:16:04:09 +0000] - 218.427 ms localhost
POST /api/user/login 200 [04/Apr/2025:16:04:15 +0000] - 243.884 ms localhost
GET /api/booking/adminData 200 [04/Apr/2025:16:04:19 +0000] - 3136.811 ms localhost
GET /api/booking/adminPaymentList 200 [04/Apr/2025:16:04:19 +0000] - 3092.183 ms localhost
GET /api/booking/chartDataAdmin/Weekly 200 [04/Apr/2025:16:04:19 +0000] - 2437.397 ms localhost
GET /api/booking/chartDataAdmin/Weekly 200 [04/Apr/2025:16:04:20 +0000] - 82.420 ms localhost
GET /api/service/services/count 304 [04/Apr/2025:16:04:40 +0000] - 285.603 ms localhost
GET /api/service/services?pageNumber=1&pageSize=2 200 [04/Apr/2025:16:04:40 +0000] - 372.149 ms localhost
GET /api/event/events?pageNumber=1&pageSize=2 200 [04/Apr/2025:16:04:52 +0000] - 321.531 ms localhost
GET /api/booking/bookings?pageNumber=1&pageSize=2 200 [04/Apr/2025:16:04:56 +0000] - 175.317 ms localhost
GET /api/service/services/count 304 [04/Apr/2025:16:08:19 +0000] - 227.688 ms localhost
GET /api/service/services?pageNumber=1&pageSize=2 304 [04/Apr/2025:16:08:19 +0000] - 263.529 ms localhost
GET /api/service/services?pageNumber=2&pageSize=2 200 [04/Apr/2025:16:08:22 +0000] - 228.065 ms localhost
GET /api/service/services?pageNumber=1&pageSize=2 304 [04/Apr/2025:16:08:27 +0000] - 90.637 ms localhost
GET /api/service/services?pageNumber=2&pageSize=2 304 [04/Apr/2025:16:08:47 +0000] - 111.641 ms localhost
GET /api/service/services?pageNumber=1&pageSize=2 304 [04/Apr/2025:16:09:36 +0000] - 110.878 ms localhost
PATCH /api/service/approve 200 [04/Apr/2025:16:09:43 +0000] - 3884.142 ms localhost
GET /api/event/events?pageNumber=1&pageSize=2 304 [04/Apr/2025:16:10:02 +0000] - 375.332 ms localhost
GET /api/event/service/Birthday 200 [04/Apr/2025:16:10:25 +0000] - 202.425 ms localhost
POST /api/event/new 200 [04/Apr/2025:16:10:49 +0000] - 3370.887 ms localhost
GET /api/service/services/count 304 [04/Apr/2025:16:10:55 +0000] - 199.381 ms localhost
GET /api/service/services?pageNumber=1&pageSize=2 - [04/Apr/2025:16:10:55 +0000] - - ms localhost
GET /api/event/events?pageNumber=1&pageSize=2 200 [04/Apr/2025:16:10:55 +0000] - 287.145 ms localhost
GET /api/event/events?pageNumber=2&pageSize=2 200 [04/Apr/2025:16:10:58 +0000] - 118.394 ms localhost
GET /api/event/events?pageNumber=1&pageSize=2 304 [04/Apr/2025:16:11:10 +0000] - 179.498 ms localhost
GET /chunk-PESUI3D7.js 200 [04/Apr/2025:16:13:16 +0000] - 182.404 ms localhost
GET /api/user/users?pageNumber=1&pageSize=2 200 [04/Apr/2025:16:13:16 +0000] - 436.405 ms localhost
GET /api/user/users?pageNumber=2&pageSize=2 200 [04/Apr/2025:16:13:22 +0000] - 107.479 ms localhost
GET /api/user/users?pageNumber=3&pageSize=2 200 [04/Apr/2025:16:13:22 +0000] - 166.853 ms localhost
GET /api/user/users?pageNumber=1&pageSize=2 304 [04/Apr/2025:16:13:24 +0000] - 146.111 ms localhost
GET /api/user/673ac7d8306657184e800578 200 [04/Apr/2025:16:14:09 +0000] - 95.994 ms localhost
GET /api/booking/salesData/admin?pageNumberService=1&pageNumberEvent=1&pageSize=2 200 [04/Apr/2025:16:18:27 +0000] - 2575.651 ms localhost
GET /api/booking/salesData/admin?pageNumberService=1&pageNumberEvent=1&pageSize=2 304 [04/Apr/2025:16:18:28 +0000] - 432.369 ms localhost
GET / 200 [04/Apr/2025:16:19:10 +0000] - 233.999 ms localhost
GET /@vite/client 200 [04/Apr/2025:16:19:11 +0000] - 1172.511 ms localhost
GET /styles.css 200 [04/Apr/2025:16:19:11 +0000] - 888.188 ms localhost
GET /polyfills.js 200 [04/Apr/2025:16:19:11 +0000] - 944.595 ms localhost
GET /main.js 200 [04/Apr/2025:16:19:11 +0000] - 953.688 ms localhost
GET /scripts.js 200 [04/Apr/2025:16:19:11 +0000] - 973.251 ms localhost
GET /@fs/C:/Users/USER/Documents/BroCampTasks/Angular_Project/frontend/node_modules/vite/dist/client/env.mjs 200 [04/Apr/2025:16:19:12 +0000] - 8.601 ms localhost
GET /chunk-JK2OZDZD.js 200 [04/Apr/2025:16:19:12 +0000] - 41.386 ms localhost
GET /chunk-JGBXDEY7.js 200 [04/Apr/2025:16:19:12 +0000] - 42.306 ms localhost
GET /chunk-DS2VOW6E.js 200 [04/Apr/2025:16:19:12 +0000] - 53.866 ms localhost
GET /@fs/C:/Users/USER/Documents/BroCampTasks/Angular_Project/frontend/.angular/cache/18.2.15/frontend/vite/deps/@angular_platform-browser.js?v=ffa03c27 200 [04/Apr/2025:16:19:12 +0000] - 56.474 ms localhost
GET /@fs/C:/Users/USER/Documents/BroCampTasks/Angular_Project/frontend/.angular/cache/18.2.15/frontend/vite/deps/@angular_core.js?v=ffa03c27 200 [04/Apr/2025:16:19:12 +0000] - 52.632 ms localhost
GET /@fs/C:/Users/USER/Documents/BroCampTasks/Angular_Project/frontend/.angular/cache/18.2.15/frontend/vite/deps/@angular_router.js?v=ffa03c27 200 [04/Apr/2025:16:19:12 +0000] - 61.959 ms localhost
GET /@fs/C:/Users/USER/Documents/BroCampTasks/Angular_Project/frontend/.angular/cache/18.2.15/frontend/vite/deps/@angular_common_http.js?v=ffa03c27 200 [04/Apr/2025:16:19:12 +0000] - 10.625 ms localhost
GET /@fs/C:/Users/USER/Documents/BroCampTasks/Angular_Project/frontend/.angular/cache/18.2.15/frontend/vite/deps/rxjs.js?v=ffa03c27 200 [04/Apr/2025:16:19:13 +0000] - 12.199 ms localhost
GET /@fs/C:/Users/USER/Documents/BroCampTasks/Angular_Project/frontend/.angular/cache/18.2.15/frontend/vite/deps/ngx-socket-io.js?v=ffa03c27 200 [04/Apr/2025:16:19:13 +0000] - 28.516 ms localhost
GET /@fs/C:/Users/USER/Documents/BroCampTasks/Angular_Project/frontend/.angular/cache/18.2.15/frontend/vite/deps/@angular_forms.js?v=ffa03c27 200 [04/Apr/2025:16:19:13 +0000] - 333.124 ms localhost
GET /@fs/C:/Users/USER/Documents/BroCampTasks/Angular_Project/frontend/.angular/cache/18.2.15/frontend/vite/deps/emoji-picker-element.js?v=ffa03c27 200 [04/Apr/2025:16:19:13 +0000] - 355.789 ms localhost
GET /@fs/C:/Users/USER/Documents/BroCampTasks/Angular_Project/frontend/.angular/cache/18.2.15/frontend/vite/deps/chunk-TI4NIV3R.js?v=ffa03c27 200 [04/Apr/2025:16:19:13 +0000] - 348.064 ms localhost
GET /@fs/C:/Users/USER/Documents/BroCampTasks/Angular_Project/frontend/.angular/cache/18.2.15/frontend/vite/deps/chunk-KHJLBV7G.js?v=ffa03c27 200 [04/Apr/2025:16:19:13 +0000] - 85.310 ms localhost
GET /@fs/C:/Users/USER/Documents/BroCampTasks/Angular_Project/frontend/.angular/cache/18.2.15/frontend/vite/deps/chunk-UWVBNKXZ.js?v=ffa03c27 200 [04/Apr/2025:16:19:13 +0000] - 88.173 ms localhost
GET /@fs/C:/Users/USER/Documents/BroCampTasks/Angular_Project/frontend/.angular/cache/18.2.15/frontend/vite/deps/chunk-KPU55VW5.js?v=ffa03c27 200 [04/Apr/2025:16:19:13 +0000] - 160.198 ms localhost
GET /@fs/C:/Users/USER/Documents/BroCampTasks/Angular_Project/frontend/.angular/cache/18.2.15/frontend/vite/deps/chunk-P6U2JBMQ.js?v=ffa03c27 200 [04/Apr/2025:16:19:13 +0000] - 13.487 ms localhost
GET /@fs/C:/Users/USER/Documents/BroCampTasks/Angular_Project/frontend/.angular/cache/18.2.15/frontend/vite/deps/chunk-XWLXMCJQ.js?v=ffa03c27 200 [04/Apr/2025:16:19:13 +0000] - 4.354 ms localhost
GET /chunk-NFJAFHB4.js 200 [04/Apr/2025:16:19:14 +0000] - 9.867 ms localhost
GET /chunk-KSELMSGV.js 200 [04/Apr/2025:16:19:14 +0000] - 6.704 ms localhost
GET /chunk-NEDMBWF5.js 200 [04/Apr/2025:16:19:14 +0000] - 10.208 ms localhost
GET /chunk-J7PPH75M.js 200 [04/Apr/2025:16:19:14 +0000] - 13.255 ms localhost
GET /chunk-KJ77OHGA.js 200 [04/Apr/2025:16:19:14 +0000] - 15.379 ms localhost
GET /favicon.ico 200 [04/Apr/2025:16:19:16 +0000] - 118.881 ms localhost
POST /api/user/login 200 [04/Apr/2025:16:19:22 +0000] - 348.147 ms localhost
GET /chunk-LOGHFZ4K.js 200 [04/Apr/2025:16:19:22 +0000] - 6.776 ms localhost
GET /chunk-KHP6R7IV.js 200 [04/Apr/2025:16:19:22 +0000] - 8.807 ms localhost
GET /chunk-7BOPWNU7.js 200 [04/Apr/2025:16:19:22 +0000] - 11.431 ms localhost
GET /chunk-7PGNXLEN.js 200 [04/Apr/2025:16:19:22 +0000] - 4.789 ms localhost
GET /@fs/C:/Users/USER/Documents/BroCampTasks/Angular_Project/frontend/.angular/cache/18.2.15/frontend/vite/deps/bootstrap.js?v=ffa03c27 200 [04/Apr/2025:16:19:22 +0000] - 14.404 ms localhost
GET /@fs/C:/Users/USER/Documents/BroCampTasks/Angular_Project/frontend/.angular/cache/18.2.15/frontend/vite/deps/@angular_common.js?v=ffa03c27 200 [04/Apr/2025:16:19:22 +0000] - 15.924 ms localhost
GET /@fs/C:/Users/USER/Documents/BroCampTasks/Angular_Project/frontend/.angular/cache/18.2.15/frontend/vite/deps/chart__js.js?v=ffa03c27 200 [04/Apr/2025:16:19:22 +0000] - 18.391 ms localhost
GET /favicon.ico 304 [04/Apr/2025:16:19:23 +0000] - 10.108 ms localhost
GET /chunk-SZWLZKKT.js 200 [04/Apr/2025:16:19:27 +0000] - 11.086 ms localhost
GET /favicon.ico 304 [04/Apr/2025:16:19:27 +0000] - 19.843 ms localhost
GET /api/chat/674e8a6920bc39246157f503 200 [04/Apr/2025:16:19:29 +0000] - 1718.242 ms localhost
GET /api/chat/ 404 [04/Apr/2025:16:19:45 +0000] - 39.560 ms localhost
GET /api/chat/674e8a6920bc39246157f503 200 [04/Apr/2025:16:19:46 +0000] - 128.917 ms localhost
GET /api/chat/674e8a6920bc39246157f503 304 [04/Apr/2025:16:19:52 +0000] - 102.755 ms localhost
POST /api/chat/upload 200 [04/Apr/2025:16:20:48 +0000] - 2762.328 ms localhost
POST /api/chat/audioUpload 200 [04/Apr/2025:16:21:44 +0000] - 2441.063 ms localhost
POST /api/chat/audioUpload 200 [04/Apr/2025:16:21:58 +0000] - 2746.486 ms localhost
POST /api/chat/audioUpload 200 [04/Apr/2025:16:22:23 +0000] - 2363.713 ms localhost
GET /styles.css 200 [04/Apr/2025:16:47:02 +0000] - 158.175 ms localhost
GET /@fs/C:/Users/USER/Documents/BroCampTasks/Angular_Project/frontend/.angular/cache/18.2.15/frontend/vite/deps/@angular_platform-browser.js.map 200 [04/Apr/2025:16:47:02 +0000] - 173.999 ms localhost
GET /@fs/C:/Users/USER/Documents/BroCampTasks/Angular_Project/frontend/.angular/cache/18.2.15/frontend/vite/deps/@angular_common_http.js.map 200 [04/Apr/2025:16:47:03 +0000] - 28.669 ms localhost
GET /@fs/C:/Users/USER/Documents/BroCampTasks/Angular_Project/frontend/.angular/cache/18.2.15/frontend/vite/deps/@angular_core.js.map 200 [04/Apr/2025:16:47:03 +0000] - 24.345 ms localhost
GET /@fs/C:/Users/USER/Documents/BroCampTasks/Angular_Project/frontend/.angular/cache/18.2.15/frontend/vite/deps/rxjs.js.map 200 [04/Apr/2025:16:47:03 +0000] - 26.817 ms localhost
GET /@fs/C:/Users/USER/Documents/BroCampTasks/Angular_Project/frontend/.angular/cache/18.2.15/frontend/vite/deps/@angular_router.js.map 200 [04/Apr/2025:16:47:03 +0000] - 60.849 ms localhost
GET /@fs/C:/Users/USER/Documents/BroCampTasks/Angular_Project/frontend/.angular/cache/18.2.15/frontend/vite/deps/ngx-socket-io.js.map 200 [04/Apr/2025:16:47:03 +0000] - 25.026 ms localhost
GET /@fs/C:/Users/USER/Documents/BroCampTasks/Angular_Project/frontend/.angular/cache/18.2.15/frontend/vite/deps/emoji-picker-element.js.map 200 [04/Apr/2025:16:47:03 +0000] - 17.125 ms localhost
GET /@fs/C:/Users/USER/Documents/BroCampTasks/Angular_Project/frontend/.angular/cache/18.2.15/frontend/vite/deps/@angular_forms.js.map 200 [04/Apr/2025:16:47:03 +0000] - 199.487 ms localhost
GET /@fs/C:/Users/USER/Documents/BroCampTasks/Angular_Project/frontend/.angular/cache/18.2.15/frontend/vite/deps/chunk-TI4NIV3R.js.map 200 [04/Apr/2025:16:47:03 +0000] - 287.503 ms localhost
GET /@fs/C:/Users/USER/Documents/BroCampTasks/Angular_Project/frontend/.angular/cache/18.2.15/frontend/vite/deps/chunk-KHJLBV7G.js.map 200 [04/Apr/2025:16:47:03 +0000] - 315.765 ms localhost
GET /@fs/C:/Users/USER/Documents/BroCampTasks/Angular_Project/frontend/.angular/cache/18.2.15/frontend/vite/deps/chunk-XWLXMCJQ.js.map 200 [04/Apr/2025:16:47:03 +0000] - 181.775 ms localhost
GET /@fs/C:/Users/USER/Documents/BroCampTasks/Angular_Project/frontend/.angular/cache/18.2.15/frontend/vite/deps/chunk-UWVBNKXZ.js.map 200 [04/Apr/2025:16:47:03 +0000] - 375.209 ms localhost
GET /@fs/C:/Users/USER/Documents/BroCampTasks/Angular_Project/frontend/.angular/cache/18.2.15/frontend/vite/deps/chunk-P6U2JBMQ.js.map 200 [04/Apr/2025:16:47:03 +0000] - 213.406 ms localhost
GET /@fs/C:/Users/USER/Documents/BroCampTasks/Angular_Project/frontend/.angular/cache/18.2.15/frontend/vite/deps/@angular_common.js.map 200 [04/Apr/2025:16:47:04 +0000] - 8.098 ms localhost
GET /@fs/C:/Users/USER/Documents/BroCampTasks/Angular_Project/frontend/.angular/cache/18.2.15/frontend/vite/deps/bootstrap.js.map 200 [04/Apr/2025:16:47:04 +0000] - 18.047 ms localhost
GET /@fs/C:/Users/USER/Documents/BroCampTasks/Angular_Project/frontend/.angular/cache/18.2.15/frontend/vite/deps/chart__js.js.map 200 [04/Apr/2025:16:47:04 +0000] - 207.828 ms localhost
GET /@fs/C:/Users/USER/Documents/BroCampTasks/Angular_Project/frontend/.angular/cache/18.2.15/frontend/vite/deps/chunk-KPU55VW5.js.map 200 [04/Apr/2025:16:47:04 +0000] - 89.200 ms localhost
GET /admin-chat.component.css.map 200 [04/Apr/2025:16:47:04 +0000] - 82.974 ms localhost
GET /layout.component.css.map 200 [04/Apr/2025:16:47:04 +0000] - 72.112 ms localhost
GET /styles.css.map 200 [04/Apr/2025:16:47:04 +0000] - 34.486 ms localhost
POST /api/chat/audioUpload 200 [04/Apr/2025:16:47:19 +0000] - 2719.653 ms localhost
POST /api/chat/audioUpload 200 [04/Apr/2025:16:47:57 +0000] - 2172.154 ms localhost
GET /favicon.ico 304 [04/Apr/2025:16:48:01 +0000] - 16.778 ms localhost
