GET /login 200 [07/Feb/2025:08:09:53 +0000] - 196.425 ms localhost
GET /@vite/client 304 [07/Feb/2025:08:09:53 +0000] - 7.125 ms localhost
GET /styles.css 200 [07/Feb/2025:08:09:53 +0000] - 61.962 ms localhost
GET /polyfills.js 304 [07/Feb/2025:08:09:53 +0000] - 15.278 ms localhost
GET /main.js 200 [07/Feb/2025:08:09:53 +0000] - 54.326 ms localhost
GET /@fs/C:/Users/USER/Desktop/BroCampTasks/Angular_Project/frontend/node_modules/vite/dist/client/env.mjs 304 [07/Feb/2025:08:09:54 +0000] - 389.244 ms localhost
GET /styles.css.map 200 [07/Feb/2025:08:09:55 +0000] - 364.564 ms localhost
GET /login 200 [07/Feb/2025:08:09:57 +0000] - 14.756 ms localhost
GET / - [07/Feb/2025:08:09:57 +0000] - - ms localhost
GET /@vite/client 304 [07/Feb/2025:08:09:57 +0000] - 16.060 ms localhost
GET /styles.css 200 [07/Feb/2025:08:09:57 +0000] - 17.266 ms localhost
GET /polyfills.js 304 [07/Feb/2025:08:09:57 +0000] - 24.865 ms localhost
GET /main.js 304 [07/Feb/2025:08:09:57 +0000] - 16.700 ms localhost
GET /@fs/C:/Users/USER/Desktop/BroCampTasks/Angular_Project/frontend/node_modules/vite/dist/client/env.mjs 304 [07/Feb/2025:08:09:57 +0000] - 3.480 ms localhost
GET /styles.css.map 200 [07/Feb/2025:08:09:57 +0000] - 2.721 ms localhost
GET /@fs/C:/Users/USER/Desktop/BroCampTasks/Angular_Project/frontend/.angular/cache/18.2.11/frontend/vite/deps/chunk-66JPAEYR.js?v=30d9074f 200 [07/Feb/2025:08:09:57 +0000] - 14.354 ms localhost
GET /@fs/C:/Users/USER/Desktop/BroCampTasks/Angular_Project/frontend/.angular/cache/18.2.11/frontend/vite/deps/chunk-ZKQIAUIS.js?v=30d9074f 200 [07/Feb/2025:08:09:57 +0000] - 52.952 ms localhost
GET /@fs/C:/Users/USER/Desktop/BroCampTasks/Angular_Project/frontend/.angular/cache/18.2.11/frontend/vite/deps/chunk-2ZWNOPXZ.js?v=30d9074f 200 [07/Feb/2025:08:09:57 +0000] - 48.264 ms localhost
GET /@fs/C:/Users/USER/Desktop/BroCampTasks/Angular_Project/frontend/.angular/cache/18.2.11/frontend/vite/deps/chunk-F4ZW7LLY.js?v=30d9074f 200 [07/Feb/2025:08:09:57 +0000] - 51.058 ms localhost
GET /@fs/C:/Users/USER/Desktop/BroCampTasks/Angular_Project/frontend/.angular/cache/18.2.11/frontend/vite/deps/chunk-XWLXMCJQ.js?v=30d9074f 200 [07/Feb/2025:08:09:57 +0000] - 51.892 ms localhost
GET /@fs/C:/Users/USER/Desktop/BroCampTasks/Angular_Project/frontend/.angular/cache/18.2.11/frontend/vite/deps/chunk-BKIWMXDL.js?v=30d9074f 200 [07/Feb/2025:08:09:57 +0000] - 20.749 ms localhost
GET /@fs/C:/Users/USER/Desktop/BroCampTasks/Angular_Project/frontend/.angular/cache/18.2.11/frontend/vite/deps/@angular_platform-browser.js.map 304 [07/Feb/2025:08:09:57 +0000] - 119.754 ms localhost
GET /@fs/C:/Users/USER/Desktop/BroCampTasks/Angular_Project/frontend/.angular/cache/18.2.11/frontend/vite/deps/chunk-66JPAEYR.js.map 304 [07/Feb/2025:08:09:57 +0000] - 94.411 ms localhost
GET /@fs/C:/Users/USER/Desktop/BroCampTasks/Angular_Project/frontend/.angular/cache/18.2.11/frontend/vite/deps/chunk-XWLXMCJQ.js.map 304 [07/Feb/2025:08:09:57 +0000] - 97.301 ms localhost
GET /@fs/C:/Users/USER/Desktop/BroCampTasks/Angular_Project/frontend/.angular/cache/18.2.11/frontend/vite/deps/chunk-ZKQIAUIS.js.map 304 [07/Feb/2025:08:09:57 +0000] - 140.227 ms localhost
GET /@fs/C:/Users/USER/Desktop/BroCampTasks/Angular_Project/frontend/.angular/cache/18.2.11/frontend/vite/deps/chunk-F4ZW7LLY.js.map 304 [07/Feb/2025:08:09:57 +0000] - 171.126 ms localhost
GET /@fs/C:/Users/USER/Desktop/BroCampTasks/Angular_Project/frontend/.angular/cache/18.2.11/frontend/vite/deps/@angular_core.js.map 304 [07/Feb/2025:08:09:57 +0000] - 80.991 ms localhost
GET /@fs/C:/Users/USER/Desktop/BroCampTasks/Angular_Project/frontend/.angular/cache/18.2.11/frontend/vite/deps/@angular_common_http.js.map 304 [07/Feb/2025:08:09:58 +0000] - 121.151 ms localhost
GET /@fs/C:/Users/USER/Desktop/BroCampTasks/Angular_Project/frontend/.angular/cache/18.2.11/frontend/vite/deps/rxjs.js.map 304 [07/Feb/2025:08:09:58 +0000] - 152.429 ms localhost
GET /@fs/C:/Users/USER/Desktop/BroCampTasks/Angular_Project/frontend/.angular/cache/18.2.11/frontend/vite/deps/chunk-BKIWMXDL.js.map 304 [07/Feb/2025:08:09:58 +0000] - 1015.858 ms localhost
GET /@fs/C:/Users/USER/Desktop/BroCampTasks/Angular_Project/frontend/.angular/cache/18.2.11/frontend/vite/deps/@angular_common.js.map 304 [07/Feb/2025:08:09:58 +0000] - 842.659 ms localhost
GET /@fs/C:/Users/USER/Desktop/BroCampTasks/Angular_Project/frontend/.angular/cache/18.2.11/frontend/vite/deps/@angular_forms.js.map 304 [07/Feb/2025:08:09:58 +0000] - 1004.761 ms localhost
GET /favicon.ico 304 [07/Feb/2025:08:09:58 +0000] - 137.069 ms localhost
GET /@fs/C:/Users/USER/Desktop/BroCampTasks/Angular_Project/frontend/.angular/cache/18.2.11/frontend/vite/deps/@angular_router.js.map 304 [07/Feb/2025:08:09:58 +0000] - 1075.312 ms localhost
GET /@fs/C:/Users/USER/Desktop/BroCampTasks/Angular_Project/frontend/.angular/cache/18.2.11/frontend/vite/deps/ngx-socket-io.js.map 304 [07/Feb/2025:08:09:58 +0000] - 931.073 ms localhost
GET /login.component.css.map 200 [07/Feb/2025:08:09:58 +0000] - 17.884 ms localhost
GET /@fs/C:/Users/USER/Desktop/BroCampTasks/Angular_Project/frontend/.angular/cache/18.2.11/frontend/vite/deps/emoji-picker-element.js.map 304 [07/Feb/2025:08:09:58 +0000] - 911.243 ms localhost
GET /@fs/C:/Users/USER/Desktop/BroCampTasks/Angular_Project/frontend/.angular/cache/18.2.11/frontend/vite/deps/chunk-7MS5FTBZ.js.map 304 [07/Feb/2025:08:09:58 +0000] - 41.212 ms localhost
GET /@fs/C:/Users/USER/Desktop/BroCampTasks/Angular_Project/frontend/.angular/cache/18.2.11/frontend/vite/deps/chunk-2ZWNOPXZ.js.map 304 [07/Feb/2025:08:09:58 +0000] - 191.022 ms localhost
POST /user/login 200 [07/Feb/2025:08:10:08 +0000] - 510.404 ms localhost
GET /layout.component.css.map 200 [07/Feb/2025:08:10:09 +0000] - 6.699 ms localhost
GET /dashboard.component.css.map 200 [07/Feb/2025:08:10:09 +0000] - 11.903 ms localhost
GET /user-services.component.css.map 200 [07/Feb/2025:08:10:16 +0000] - 48.741 ms localhost
GET /service/uploads/ 400 [07/Feb/2025:08:10:17 +0000] - 446.738 ms localhost
GET /service/services?isApproved=true 304 [07/Feb/2025:08:10:17 +0000] - 709.615 ms localhost
GET /service/name/Catering 200 [07/Feb/2025:08:10:18 +0000] - 108.519 ms localhost
GET /user-service-details.component.css.map 200 [07/Feb/2025:08:10:19 +0000] - 3.880 ms localhost
GET /user-services.component.css.map 200 [07/Feb/2025:08:10:23 +0000] - 10.896 ms localhost
GET /service/uploads/ 400 [07/Feb/2025:08:10:23 +0000] - 106.973 ms localhost
GET /service/services?isApproved=true 304 [07/Feb/2025:08:10:23 +0000] - 205.439 ms localhost
GET /service/name/Event%20Coverage 200 [07/Feb/2025:08:10:28 +0000] - 56.464 ms localhost
GET /user-service-details.component.css.map 200 [07/Feb/2025:08:10:28 +0000] - 5.320 ms localhost
GET /booking/service/Event%20Coverage/673ac7d8306657184e800578 304 [07/Feb/2025:08:10:33 +0000] - 355.533 ms localhost
POST /booking/new 201 [07/Feb/2025:08:11:11 +0000] - 279.557 ms localhost
POST /booking/new 201 [07/Feb/2025:08:11:19 +0000] - 167.963 ms localhost
GET / - [07/Feb/2025:08:13:57 +0000] - - ms localhost
POST /booking/new 201 [07/Feb/2025:08:16:03 +0000] - 847.260 ms localhost
GET /services/details 200 [07/Feb/2025:08:25:39 +0000] - 529.913 ms localhost
GET /@vite/client 304 [07/Feb/2025:08:25:42 +0000] - 13.739 ms localhost
GET /styles.css 200 [07/Feb/2025:08:25:42 +0000] - 15.865 ms localhost
GET /polyfills.js 304 [07/Feb/2025:08:25:43 +0000] - 3.631 ms localhost
GET /main.js 200 [07/Feb/2025:08:25:44 +0000] - 48.795 ms localhost
GET /@fs/C:/Users/USER/Desktop/BroCampTasks/Angular_Project/frontend/node_modules/vite/dist/client/env.mjs 304 [07/Feb/2025:08:25:49 +0000] - 5.195 ms localhost
GET /favicon.ico 304 [07/Feb/2025:08:25:55 +0000] - 14.173 ms localhost
GET /@fs/C:/Users/USER/Desktop/BroCampTasks/Angular_Project/frontend/.angular/cache/18.2.11/frontend/vite/deps/@angular_platform-browser.js.map 304 [07/Feb/2025:08:25:56 +0000] - 58.119 ms localhost
GET /@fs/C:/Users/USER/Desktop/BroCampTasks/Angular_Project/frontend/.angular/cache/18.2.11/frontend/vite/deps/chunk-2ZWNOPXZ.js.map 304 [07/Feb/2025:08:25:56 +0000] - 51.957 ms localhost
GET /@fs/C:/Users/USER/Desktop/BroCampTasks/Angular_Project/frontend/.angular/cache/18.2.11/frontend/vite/deps/chunk-ZKQIAUIS.js.map 304 [07/Feb/2025:08:25:56 +0000] - 65.120 ms localhost
GET /@fs/C:/Users/USER/Desktop/BroCampTasks/Angular_Project/frontend/.angular/cache/18.2.11/frontend/vite/deps/chunk-F4ZW7LLY.js.map 304 [07/Feb/2025:08:25:56 +0000] - 70.990 ms localhost
GET /@fs/C:/Users/USER/Desktop/BroCampTasks/Angular_Project/frontend/.angular/cache/18.2.11/frontend/vite/deps/chunk-XWLXMCJQ.js.map 304 [07/Feb/2025:08:25:56 +0000] - 28.914 ms localhost
GET /@fs/C:/Users/USER/Desktop/BroCampTasks/Angular_Project/frontend/.angular/cache/18.2.11/frontend/vite/deps/chunk-66JPAEYR.js.map 304 [07/Feb/2025:08:25:56 +0000] - 79.494 ms localhost
GET /@fs/C:/Users/USER/Desktop/BroCampTasks/Angular_Project/frontend/.angular/cache/18.2.11/frontend/vite/deps/chunk-BKIWMXDL.js.map 304 [07/Feb/2025:08:25:56 +0000] - 118.834 ms localhost
GET /@fs/C:/Users/USER/Desktop/BroCampTasks/Angular_Project/frontend/.angular/cache/18.2.11/frontend/vite/deps/@angular_core.js.map 304 [07/Feb/2025:08:25:56 +0000] - 64.921 ms localhost
GET /@fs/C:/Users/USER/Desktop/BroCampTasks/Angular_Project/frontend/.angular/cache/18.2.11/frontend/vite/deps/@angular_common_http.js.map 304 [07/Feb/2025:08:25:56 +0000] - 112.075 ms localhost
GET /@fs/C:/Users/USER/Desktop/BroCampTasks/Angular_Project/frontend/.angular/cache/18.2.11/frontend/vite/deps/rxjs.js.map 304 [07/Feb/2025:08:25:56 +0000] - 120.490 ms localhost
GET /@fs/C:/Users/USER/Desktop/BroCampTasks/Angular_Project/frontend/.angular/cache/18.2.11/frontend/vite/deps/@angular_common.js.map 304 [07/Feb/2025:08:25:56 +0000] - 83.898 ms localhost
GET /@fs/C:/Users/USER/Desktop/BroCampTasks/Angular_Project/frontend/.angular/cache/18.2.11/frontend/vite/deps/@angular_forms.js.map 304 [07/Feb/2025:08:25:56 +0000] - 136.996 ms localhost
GET /styles.css.map 200 [07/Feb/2025:08:25:56 +0000] - 16.785 ms localhost
GET /@fs/C:/Users/USER/Desktop/BroCampTasks/Angular_Project/frontend/.angular/cache/18.2.11/frontend/vite/deps/ngx-socket-io.js.map 304 [07/Feb/2025:08:25:56 +0000] - 77.266 ms localhost
GET /@fs/C:/Users/USER/Desktop/BroCampTasks/Angular_Project/frontend/.angular/cache/18.2.11/frontend/vite/deps/chunk-7MS5FTBZ.js.map 304 [07/Feb/2025:08:25:56 +0000] - 49.258 ms localhost
GET /services/login.component.css.map 404 [07/Feb/2025:08:25:56 +0000] - 16.059 ms localhost
GET /@fs/C:/Users/USER/Desktop/BroCampTasks/Angular_Project/frontend/.angular/cache/18.2.11/frontend/vite/deps/emoji-picker-element.js.map 304 [07/Feb/2025:08:25:56 +0000] - 56.009 ms localhost
GET /@fs/C:/Users/USER/Desktop/BroCampTasks/Angular_Project/frontend/.angular/cache/18.2.11/frontend/vite/deps/@angular_router.js.map 304 [07/Feb/2025:08:25:56 +0000] - 296.337 ms localhost
GET /login 200 [07/Feb/2025:08:26:08 +0000] - 12.821 ms localhost
GET / - [07/Feb/2025:08:26:08 +0000] - - ms localhost
GET /polyfills.js 304 [07/Feb/2025:08:26:08 +0000] - 87.818 ms localhost
GET /styles.css 200 [07/Feb/2025:08:26:08 +0000] - 7.525 ms localhost
GET /main.js 200 [07/Feb/2025:08:26:08 +0000] - 24.622 ms localhost
GET /@vite/client 304 [07/Feb/2025:08:26:08 +0000] - 23.137 ms localhost
GET /styles.css.map 200 [07/Feb/2025:08:26:08 +0000] - 3.618 ms localhost
GET /@fs/C:/Users/USER/Desktop/BroCampTasks/Angular_Project/frontend/node_modules/vite/dist/client/env.mjs 304 [07/Feb/2025:08:26:08 +0000] - 13.686 ms localhost
GET /@fs/C:/Users/USER/Desktop/BroCampTasks/Angular_Project/frontend/.angular/cache/18.2.11/frontend/vite/deps/chunk-2ZWNOPXZ.js.map 304 [07/Feb/2025:08:26:09 +0000] - 54.271 ms localhost
GET /@fs/C:/Users/USER/Desktop/BroCampTasks/Angular_Project/frontend/.angular/cache/18.2.11/frontend/vite/deps/chunk-66JPAEYR.js.map 304 [07/Feb/2025:08:26:09 +0000] - 81.685 ms localhost
GET /@fs/C:/Users/USER/Desktop/BroCampTasks/Angular_Project/frontend/.angular/cache/18.2.11/frontend/vite/deps/chunk-XWLXMCJQ.js.map 304 [07/Feb/2025:08:26:09 +0000] - 156.479 ms localhost
GET /@fs/C:/Users/USER/Desktop/BroCampTasks/Angular_Project/frontend/.angular/cache/18.2.11/frontend/vite/deps/chunk-F4ZW7LLY.js.map 304 [07/Feb/2025:08:26:09 +0000] - 110.681 ms localhost
GET /@fs/C:/Users/USER/Desktop/BroCampTasks/Angular_Project/frontend/.angular/cache/18.2.11/frontend/vite/deps/chunk-BKIWMXDL.js.map 304 [07/Feb/2025:08:26:09 +0000] - 164.108 ms localhost
GET /@fs/C:/Users/USER/Desktop/BroCampTasks/Angular_Project/frontend/.angular/cache/18.2.11/frontend/vite/deps/chunk-ZKQIAUIS.js.map 304 [07/Feb/2025:08:26:09 +0000] - 129.933 ms localhost
GET /favicon.ico 304 [07/Feb/2025:08:26:09 +0000] - 138.701 ms localhost
GET /@fs/C:/Users/USER/Desktop/BroCampTasks/Angular_Project/frontend/.angular/cache/18.2.11/frontend/vite/deps/@angular_core.js.map 304 [07/Feb/2025:08:26:09 +0000] - 148.800 ms localhost
GET /@fs/C:/Users/USER/Desktop/BroCampTasks/Angular_Project/frontend/.angular/cache/18.2.11/frontend/vite/deps/@angular_router.js.map 304 [07/Feb/2025:08:26:09 +0000] - 140.007 ms localhost
GET /@fs/C:/Users/USER/Desktop/BroCampTasks/Angular_Project/frontend/.angular/cache/18.2.11/frontend/vite/deps/@angular_common_http.js.map 304 [07/Feb/2025:08:26:09 +0000] - 118.170 ms localhost
GET /@fs/C:/Users/USER/Desktop/BroCampTasks/Angular_Project/frontend/.angular/cache/18.2.11/frontend/vite/deps/rxjs.js.map 304 [07/Feb/2025:08:26:09 +0000] - 114.961 ms localhost
GET /@fs/C:/Users/USER/Desktop/BroCampTasks/Angular_Project/frontend/.angular/cache/18.2.11/frontend/vite/deps/@angular_common.js.map 304 [07/Feb/2025:08:26:09 +0000] - 114.136 ms localhost
GET /@fs/C:/Users/USER/Desktop/BroCampTasks/Angular_Project/frontend/.angular/cache/18.2.11/frontend/vite/deps/emoji-picker-element.js.map 304 [07/Feb/2025:08:26:09 +0000] - 10.705 ms localhost
GET /@fs/C:/Users/USER/Desktop/BroCampTasks/Angular_Project/frontend/.angular/cache/18.2.11/frontend/vite/deps/ngx-socket-io.js.map 304 [07/Feb/2025:08:26:09 +0000] - 12.560 ms localhost
GET /@fs/C:/Users/USER/Desktop/BroCampTasks/Angular_Project/frontend/.angular/cache/18.2.11/frontend/vite/deps/@angular_forms.js.map 304 [07/Feb/2025:08:26:09 +0000] - 29.651 ms localhost
GET /login.component.css.map 200 [07/Feb/2025:08:26:09 +0000] - 3.200 ms localhost
GET /@fs/C:/Users/USER/Desktop/BroCampTasks/Angular_Project/frontend/.angular/cache/18.2.11/frontend/vite/deps/@angular_platform-browser.js.map 304 [07/Feb/2025:08:26:09 +0000] - 15.522 ms localhost
GET /@fs/C:/Users/USER/Desktop/BroCampTasks/Angular_Project/frontend/.angular/cache/18.2.11/frontend/vite/deps/chunk-7MS5FTBZ.js.map 304 [07/Feb/2025:08:26:09 +0000] - 12.720 ms localhost
POST /user/login 200 [07/Feb/2025:08:26:19 +0000] - 340.630 ms localhost
GET /layout.component.css.map 200 [07/Feb/2025:08:26:19 +0000] - 5.760 ms localhost
GET /dashboard.component.css.map 200 [07/Feb/2025:08:26:19 +0000] - 4.430 ms localhost
GET /user-services.component.css.map 200 [07/Feb/2025:08:26:34 +0000] - 107.034 ms localhost
GET /service/uploads/ 400 [07/Feb/2025:08:26:35 +0000] - 259.120 ms localhost
GET /service/services?isApproved=true 304 [07/Feb/2025:08:26:35 +0000] - 356.300 ms localhost
GET /service/name/Event%20Coverage 304 [07/Feb/2025:08:26:37 +0000] - 59.534 ms localhost
GET /user-service-details.component.css.map 200 [07/Feb/2025:08:26:37 +0000] - 3.397 ms localhost
GET /booking/service/Event%20Coverage/673ac7d8306657184e800578 304 [07/Feb/2025:08:26:41 +0000] - 548.770 ms localhost
POST /booking/new 201 [07/Feb/2025:08:27:23 +0000] - 796.674 ms localhost
GET / - [07/Feb/2025:08:30:08 +0000] - - ms localhost
POST /booking/new 201 [07/Feb/2025:09:13:56 +0000] - 951.339 ms localhost
GET /services/details 200 [07/Feb/2025:09:14:13 +0000] - 167.061 ms localhost
GET /@vite/client 304 [07/Feb/2025:09:14:14 +0000] - 316.165 ms localhost
GET /styles.css 200 [07/Feb/2025:09:14:15 +0000] - 1086.436 ms localhost
GET /polyfills.js 304 [07/Feb/2025:09:14:15 +0000] - 986.241 ms localhost
GET /main.js 304 [07/Feb/2025:09:14:15 +0000] - 984.495 ms localhost
GET /@fs/C:/Users/USER/Desktop/BroCampTasks/Angular_Project/frontend/node_modules/vite/dist/client/env.mjs 304 [07/Feb/2025:09:14:15 +0000] - 207.797 ms localhost
GET /styles.css.map 200 [07/Feb/2025:09:14:15 +0000] - 21.561 ms localhost
GET /@fs/C:/Users/USER/Desktop/BroCampTasks/Angular_Project/frontend/.angular/cache/18.2.11/frontend/vite/deps/chunk-ZKQIAUIS.js.map 304 [07/Feb/2025:09:14:16 +0000] - 42.272 ms localhost
GET /@fs/C:/Users/USER/Desktop/BroCampTasks/Angular_Project/frontend/.angular/cache/18.2.11/frontend/vite/deps/chunk-F4ZW7LLY.js.map 304 [07/Feb/2025:09:14:16 +0000] - 43.654 ms localhost
GET /@fs/C:/Users/USER/Desktop/BroCampTasks/Angular_Project/frontend/.angular/cache/18.2.11/frontend/vite/deps/chunk-XWLXMCJQ.js.map 304 [07/Feb/2025:09:14:16 +0000] - 38.385 ms localhost
GET /@fs/C:/Users/USER/Desktop/BroCampTasks/Angular_Project/frontend/.angular/cache/18.2.11/frontend/vite/deps/chunk-66JPAEYR.js.map 304 [07/Feb/2025:09:14:16 +0000] - 60.869 ms localhost
GET /@fs/C:/Users/USER/Desktop/BroCampTasks/Angular_Project/frontend/.angular/cache/18.2.11/frontend/vite/deps/chunk-2ZWNOPXZ.js.map 304 [07/Feb/2025:09:14:16 +0000] - 77.469 ms localhost
GET /favicon.ico 304 [07/Feb/2025:09:14:16 +0000] - 34.002 ms localhost
GET /@fs/C:/Users/USER/Desktop/BroCampTasks/Angular_Project/frontend/.angular/cache/18.2.11/frontend/vite/deps/chunk-BKIWMXDL.js.map 304 [07/Feb/2025:09:14:17 +0000] - 147.080 ms localhost
GET /@fs/C:/Users/USER/Desktop/BroCampTasks/Angular_Project/frontend/.angular/cache/18.2.11/frontend/vite/deps/@angular_core.js.map 304 [07/Feb/2025:09:14:17 +0000] - 97.712 ms localhost
GET /@fs/C:/Users/USER/Desktop/BroCampTasks/Angular_Project/frontend/.angular/cache/18.2.11/frontend/vite/deps/rxjs.js.map 304 [07/Feb/2025:09:14:17 +0000] - 92.945 ms localhost
GET /@fs/C:/Users/USER/Desktop/BroCampTasks/Angular_Project/frontend/.angular/cache/18.2.11/frontend/vite/deps/@angular_router.js.map 304 [07/Feb/2025:09:14:17 +0000] - 143.475 ms localhost
GET /@fs/C:/Users/USER/Desktop/BroCampTasks/Angular_Project/frontend/.angular/cache/18.2.11/frontend/vite/deps/@angular_common.js.map 304 [07/Feb/2025:09:14:17 +0000] - 107.363 ms localhost
GET /@fs/C:/Users/USER/Desktop/BroCampTasks/Angular_Project/frontend/.angular/cache/18.2.11/frontend/vite/deps/@angular_forms.js.map 304 [07/Feb/2025:09:14:17 +0000] - 120.633 ms localhost
GET /services/login.component.css.map 404 [07/Feb/2025:09:14:17 +0000] - 6.533 ms localhost
GET /@fs/C:/Users/USER/Desktop/BroCampTasks/Angular_Project/frontend/.angular/cache/18.2.11/frontend/vite/deps/@angular_platform-browser.js.map 304 [07/Feb/2025:09:14:17 +0000] - 27.121 ms localhost
GET /@fs/C:/Users/USER/Desktop/BroCampTasks/Angular_Project/frontend/.angular/cache/18.2.11/frontend/vite/deps/chunk-7MS5FTBZ.js.map 304 [07/Feb/2025:09:14:17 +0000] - 71.291 ms localhost
GET /@fs/C:/Users/USER/Desktop/BroCampTasks/Angular_Project/frontend/.angular/cache/18.2.11/frontend/vite/deps/@angular_common_http.js.map 304 [07/Feb/2025:09:14:17 +0000] - 32.219 ms localhost
GET /@fs/C:/Users/USER/Desktop/BroCampTasks/Angular_Project/frontend/.angular/cache/18.2.11/frontend/vite/deps/ngx-socket-io.js.map 304 [07/Feb/2025:09:14:17 +0000] - 131.277 ms localhost
GET /@fs/C:/Users/USER/Desktop/BroCampTasks/Angular_Project/frontend/.angular/cache/18.2.11/frontend/vite/deps/emoji-picker-element.js.map 304 [07/Feb/2025:09:14:17 +0000] - 105.840 ms localhost
GET / - [07/Feb/2025:09:18:15 +0000] - - ms localhost
GET /login 504 [07/Feb/2025:09:34:09 +0000] - 89.890 ms localhost
GET /favicon.ico 504 [07/Feb/2025:09:34:18 +0000] - 5.995 ms localhost
GET /login 200 [07/Feb/2025:09:46:02 +0000] - 490.409 ms localhost
GET /main.js 200 [07/Feb/2025:09:46:02 +0000] - 216.712 ms localhost
GET /styles.css 200 [07/Feb/2025:09:46:02 +0000] - 503.725 ms localhost
GET /polyfills.js 304 [07/Feb/2025:09:46:02 +0000] - 501.344 ms localhost
GET /@vite/client 304 [07/Feb/2025:09:46:02 +0000] - 524.903 ms localhost
GET /@fs/C:/Users/USER/Desktop/BroCampTasks/Angular_Project/frontend/node_modules/vite/dist/client/env.mjs 304 [07/Feb/2025:09:46:03 +0000] - 26.343 ms localhost
GET /favicon.ico 200 [07/Feb/2025:09:46:04 +0000] - 41.707 ms localhost
GET /styles.css 200 [07/Feb/2025:09:46:09 +0000] - 9.403 ms localhost
GET /@fs/C:/Users/USER/Desktop/BroCampTasks/Angular_Project/frontend/.angular/cache/18.2.11/frontend/vite/deps/@angular_core.js.map 304 [07/Feb/2025:09:46:09 +0000] - 61.699 ms localhost
GET /@fs/C:/Users/USER/Desktop/BroCampTasks/Angular_Project/frontend/.angular/cache/18.2.11/frontend/vite/deps/rxjs.js.map 304 [07/Feb/2025:09:46:09 +0000] - 56.980 ms localhost
GET /@fs/C:/Users/USER/Desktop/BroCampTasks/Angular_Project/frontend/.angular/cache/18.2.11/frontend/vite/deps/ngx-socket-io.js.map 304 [07/Feb/2025:09:46:09 +0000] - 57.759 ms localhost
GET /@fs/C:/Users/USER/Desktop/BroCampTasks/Angular_Project/frontend/.angular/cache/18.2.11/frontend/vite/deps/@angular_common_http.js.map 304 [07/Feb/2025:09:46:09 +0000] - 74.680 ms localhost
GET /@fs/C:/Users/USER/Desktop/BroCampTasks/Angular_Project/frontend/.angular/cache/18.2.11/frontend/vite/deps/@angular_platform-browser.js.map 304 [07/Feb/2025:09:46:09 +0000] - 82.611 ms localhost
GET /@fs/C:/Users/USER/Desktop/BroCampTasks/Angular_Project/frontend/.angular/cache/18.2.11/frontend/vite/deps/@angular_common.js.map 304 [07/Feb/2025:09:46:09 +0000] - 69.875 ms localhost
GET /@fs/C:/Users/USER/Desktop/BroCampTasks/Angular_Project/frontend/.angular/cache/18.2.11/frontend/vite/deps/chunk-ZKQIAUIS.js.map 304 [07/Feb/2025:09:46:10 +0000] - 86.533 ms localhost
GET /@fs/C:/Users/USER/Desktop/BroCampTasks/Angular_Project/frontend/.angular/cache/18.2.11/frontend/vite/deps/@angular_forms.js.map 304 [07/Feb/2025:09:46:10 +0000] - 76.362 ms localhost
GET /@fs/C:/Users/USER/Desktop/BroCampTasks/Angular_Project/frontend/.angular/cache/18.2.11/frontend/vite/deps/chunk-2ZWNOPXZ.js.map 304 [07/Feb/2025:09:46:10 +0000] - 81.437 ms localhost
GET /@fs/C:/Users/USER/Desktop/BroCampTasks/Angular_Project/frontend/.angular/cache/18.2.11/frontend/vite/deps/emoji-picker-element.js.map 304 [07/Feb/2025:09:46:10 +0000] - 129.782 ms localhost
GET /@fs/C:/Users/USER/Desktop/BroCampTasks/Angular_Project/frontend/.angular/cache/18.2.11/frontend/vite/deps/chunk-F4ZW7LLY.js.map 304 [07/Feb/2025:09:46:10 +0000] - 551.496 ms localhost
GET /@fs/C:/Users/USER/Desktop/BroCampTasks/Angular_Project/frontend/.angular/cache/18.2.11/frontend/vite/deps/chunk-66JPAEYR.js.map 304 [07/Feb/2025:09:46:10 +0000] - 428.055 ms localhost
GET /@fs/C:/Users/USER/Desktop/BroCampTasks/Angular_Project/frontend/.angular/cache/18.2.11/frontend/vite/deps/@angular_router.js.map 304 [07/Feb/2025:09:46:10 +0000] - 557.373 ms localhost
GET /@fs/C:/Users/USER/Desktop/BroCampTasks/Angular_Project/frontend/.angular/cache/18.2.11/frontend/vite/deps/chunk-7MS5FTBZ.js.map 304 [07/Feb/2025:09:46:10 +0000] - 546.426 ms localhost
GET /@fs/C:/Users/USER/Desktop/BroCampTasks/Angular_Project/frontend/.angular/cache/18.2.11/frontend/vite/deps/chunk-XWLXMCJQ.js.map 304 [07/Feb/2025:09:46:10 +0000] - 566.752 ms localhost
GET /styles.css.map 200 [07/Feb/2025:09:46:10 +0000] - 54.461 ms localhost
GET /login.component.css.map 200 [07/Feb/2025:09:46:10 +0000] - 51.820 ms localhost
GET /@fs/C:/Users/USER/Desktop/BroCampTasks/Angular_Project/frontend/.angular/cache/18.2.11/frontend/vite/deps/chunk-BKIWMXDL.js.map 304 [07/Feb/2025:09:46:10 +0000] - 793.057 ms localhost
POST /user/login 200 [07/Feb/2025:09:46:27 +0000] - 1476.390 ms localhost
GET /layout.component.css.map 200 [07/Feb/2025:09:46:28 +0000] - 10.043 ms localhost
GET /dashboard.component.css.map 200 [07/Feb/2025:09:46:28 +0000] - 11.632 ms localhost
GET /user-services.component.css.map 200 [07/Feb/2025:09:46:34 +0000] - 110.362 ms localhost
GET /service/uploads/ 400 [07/Feb/2025:09:46:35 +0000] - 1043.478 ms localhost
GET /service/services?isApproved=true 304 [07/Feb/2025:09:46:35 +0000] - 1460.485 ms localhost
GET /service/name/Catering 304 [07/Feb/2025:09:46:36 +0000] - 124.599 ms localhost
GET /user-service-details.component.css.map 200 [07/Feb/2025:09:46:37 +0000] - 4.036 ms localhost
GET /booking/service/Catering/673ac7d8306657184e800578 200 [07/Feb/2025:09:46:40 +0000] - 772.942 ms localhost
POST /booking/new 201 [07/Feb/2025:09:47:15 +0000] - 794.775 ms localhost
GET /services/details 200 [07/Feb/2025:09:47:37 +0000] - 21.075 ms localhost
GET / - [07/Feb/2025:09:47:37 +0000] - - ms localhost
GET /styles.css 200 [07/Feb/2025:09:47:37 +0000] - 3.274 ms localhost
GET /main.js 304 [07/Feb/2025:09:47:37 +0000] - 4.211 ms localhost
GET /polyfills.js 304 [07/Feb/2025:09:47:37 +0000] - 10.695 ms localhost
GET /@vite/client 304 [07/Feb/2025:09:47:37 +0000] - 3.538 ms localhost
GET /@fs/C:/Users/USER/Desktop/BroCampTasks/Angular_Project/frontend/node_modules/vite/dist/client/env.mjs 304 [07/Feb/2025:09:47:37 +0000] - 2.628 ms localhost
GET /styles.css.map 200 [07/Feb/2025:09:47:38 +0000] - 4.135 ms localhost
GET /@fs/C:/Users/USER/Desktop/BroCampTasks/Angular_Project/frontend/.angular/cache/18.2.11/frontend/vite/deps/@angular_platform-browser.js.map 304 [07/Feb/2025:09:47:38 +0000] - 83.405 ms localhost
GET /favicon.ico 304 [07/Feb/2025:09:47:38 +0000] - 18.702 ms localhost
GET /@fs/C:/Users/USER/Desktop/BroCampTasks/Angular_Project/frontend/.angular/cache/18.2.11/frontend/vite/deps/chunk-ZKQIAUIS.js.map 304 [07/Feb/2025:09:47:38 +0000] - 61.531 ms localhost
GET /@fs/C:/Users/USER/Desktop/BroCampTasks/Angular_Project/frontend/.angular/cache/18.2.11/frontend/vite/deps/chunk-F4ZW7LLY.js.map 304 [07/Feb/2025:09:47:38 +0000] - 39.325 ms localhost
GET /@fs/C:/Users/USER/Desktop/BroCampTasks/Angular_Project/frontend/.angular/cache/18.2.11/frontend/vite/deps/chunk-2ZWNOPXZ.js.map 304 [07/Feb/2025:09:47:38 +0000] - 45.444 ms localhost
GET /@fs/C:/Users/USER/Desktop/BroCampTasks/Angular_Project/frontend/.angular/cache/18.2.11/frontend/vite/deps/chunk-BKIWMXDL.js.map 304 [07/Feb/2025:09:47:38 +0000] - 202.366 ms localhost
GET /@fs/C:/Users/USER/Desktop/BroCampTasks/Angular_Project/frontend/.angular/cache/18.2.11/frontend/vite/deps/chunk-66JPAEYR.js.map 304 [07/Feb/2025:09:47:38 +0000] - 192.298 ms localhost
GET /services/login.component.css.map 404 [07/Feb/2025:09:47:38 +0000] - 109.874 ms localhost
GET /@fs/C:/Users/USER/Desktop/BroCampTasks/Angular_Project/frontend/.angular/cache/18.2.11/frontend/vite/deps/@angular_common_http.js.map 304 [07/Feb/2025:09:47:38 +0000] - 116.992 ms localhost
GET /@fs/C:/Users/USER/Desktop/BroCampTasks/Angular_Project/frontend/.angular/cache/18.2.11/frontend/vite/deps/@angular_forms.js.map 304 [07/Feb/2025:09:47:38 +0000] - 43.661 ms localhost
GET /@fs/C:/Users/USER/Desktop/BroCampTasks/Angular_Project/frontend/.angular/cache/18.2.11/frontend/vite/deps/chunk-XWLXMCJQ.js.map 304 [07/Feb/2025:09:47:38 +0000] - 209.495 ms localhost
GET /@fs/C:/Users/USER/Desktop/BroCampTasks/Angular_Project/frontend/.angular/cache/18.2.11/frontend/vite/deps/@angular_router.js.map 304 [07/Feb/2025:09:47:38 +0000] - 223.468 ms localhost
GET /@fs/C:/Users/USER/Desktop/BroCampTasks/Angular_Project/frontend/.angular/cache/18.2.11/frontend/vite/deps/@angular_common.js.map 304 [07/Feb/2025:09:47:38 +0000] - 64.712 ms localhost
GET /@fs/C:/Users/USER/Desktop/BroCampTasks/Angular_Project/frontend/.angular/cache/18.2.11/frontend/vite/deps/ngx-socket-io.js.map 304 [07/Feb/2025:09:47:38 +0000] - 54.437 ms localhost
GET /@fs/C:/Users/USER/Desktop/BroCampTasks/Angular_Project/frontend/.angular/cache/18.2.11/frontend/vite/deps/chunk-7MS5FTBZ.js.map 304 [07/Feb/2025:09:47:38 +0000] - 55.772 ms localhost
GET /@fs/C:/Users/USER/Desktop/BroCampTasks/Angular_Project/frontend/.angular/cache/18.2.11/frontend/vite/deps/emoji-picker-element.js.map 304 [07/Feb/2025:09:47:38 +0000] - 83.765 ms localhost
GET /@fs/C:/Users/USER/Desktop/BroCampTasks/Angular_Project/frontend/.angular/cache/18.2.11/frontend/vite/deps/rxjs.js.map 304 [07/Feb/2025:09:47:38 +0000] - 71.177 ms localhost
GET /@fs/C:/Users/USER/Desktop/BroCampTasks/Angular_Project/frontend/.angular/cache/18.2.11/frontend/vite/deps/@angular_core.js.map 304 [07/Feb/2025:09:47:38 +0000] - 65.741 ms localhost
GET /login 200 [07/Feb/2025:09:47:49 +0000] - 21.956 ms localhost
GET / - [07/Feb/2025:09:47:49 +0000] - - ms localhost
GET /@vite/client 304 [07/Feb/2025:09:47:49 +0000] - 13.287 ms localhost
GET /styles.css 200 [07/Feb/2025:09:47:49 +0000] - 9.317 ms localhost
GET /polyfills.js 304 [07/Feb/2025:09:47:49 +0000] - 11.107 ms localhost
GET /main.js 304 [07/Feb/2025:09:47:49 +0000] - 12.467 ms localhost
GET /@fs/C:/Users/USER/Desktop/BroCampTasks/Angular_Project/frontend/node_modules/vite/dist/client/env.mjs 304 [07/Feb/2025:09:47:50 +0000] - 5.630 ms localhost
GET /favicon.ico 304 [07/Feb/2025:09:47:50 +0000] - 5.240 ms localhost
GET /styles.css 200 [07/Feb/2025:09:47:56 +0000] - 4.176 ms localhost
GET /@fs/C:/Users/USER/Desktop/BroCampTasks/Angular_Project/frontend/.angular/cache/18.2.11/frontend/vite/deps/@angular_platform-browser.js.map 304 [07/Feb/2025:09:47:56 +0000] - 23.895 ms localhost
GET /@fs/C:/Users/USER/Desktop/BroCampTasks/Angular_Project/frontend/.angular/cache/18.2.11/frontend/vite/deps/@angular_common_http.js.map 304 [07/Feb/2025:09:47:56 +0000] - 14.826 ms localhost
GET /@fs/C:/Users/USER/Desktop/BroCampTasks/Angular_Project/frontend/.angular/cache/18.2.11/frontend/vite/deps/@angular_core.js.map 304 [07/Feb/2025:09:47:56 +0000] - 23.431 ms localhost
GET /@fs/C:/Users/USER/Desktop/BroCampTasks/Angular_Project/frontend/.angular/cache/18.2.11/frontend/vite/deps/rxjs.js.map 304 [07/Feb/2025:09:47:56 +0000] - 16.151 ms localhost
GET /@fs/C:/Users/USER/Desktop/BroCampTasks/Angular_Project/frontend/.angular/cache/18.2.11/frontend/vite/deps/@angular_router.js.map 304 [07/Feb/2025:09:47:56 +0000] - 55.579 ms localhost
GET /@fs/C:/Users/USER/Desktop/BroCampTasks/Angular_Project/frontend/.angular/cache/18.2.11/frontend/vite/deps/@angular_common.js.map 304 [07/Feb/2025:09:47:56 +0000] - 34.361 ms localhost
GET /@fs/C:/Users/USER/Desktop/BroCampTasks/Angular_Project/frontend/.angular/cache/18.2.11/frontend/vite/deps/ngx-socket-io.js.map 304 [07/Feb/2025:09:47:56 +0000] - 30.823 ms localhost
GET /@fs/C:/Users/USER/Desktop/BroCampTasks/Angular_Project/frontend/.angular/cache/18.2.11/frontend/vite/deps/@angular_forms.js.map 304 [07/Feb/2025:09:47:56 +0000] - 70.447 ms localhost
GET /@fs/C:/Users/USER/Desktop/BroCampTasks/Angular_Project/frontend/.angular/cache/18.2.11/frontend/vite/deps/chunk-ZKQIAUIS.js.map 304 [07/Feb/2025:09:47:56 +0000] - 47.353 ms localhost
GET /@fs/C:/Users/USER/Desktop/BroCampTasks/Angular_Project/frontend/.angular/cache/18.2.11/frontend/vite/deps/emoji-picker-element.js.map 304 [07/Feb/2025:09:47:56 +0000] - 54.115 ms localhost
GET /@fs/C:/Users/USER/Desktop/BroCampTasks/Angular_Project/frontend/.angular/cache/18.2.11/frontend/vite/deps/chunk-F4ZW7LLY.js.map 304 [07/Feb/2025:09:47:56 +0000] - 30.518 ms localhost
GET /@fs/C:/Users/USER/Desktop/BroCampTasks/Angular_Project/frontend/.angular/cache/18.2.11/frontend/vite/deps/chunk-2ZWNOPXZ.js.map 304 [07/Feb/2025:09:47:57 +0000] - 56.625 ms localhost
GET /@fs/C:/Users/USER/Desktop/BroCampTasks/Angular_Project/frontend/.angular/cache/18.2.11/frontend/vite/deps/chunk-66JPAEYR.js.map 304 [07/Feb/2025:09:47:57 +0000] - 115.310 ms localhost
GET /@fs/C:/Users/USER/Desktop/BroCampTasks/Angular_Project/frontend/.angular/cache/18.2.11/frontend/vite/deps/chunk-XWLXMCJQ.js.map 304 [07/Feb/2025:09:47:57 +0000] - 109.370 ms localhost
GET /@fs/C:/Users/USER/Desktop/BroCampTasks/Angular_Project/frontend/.angular/cache/18.2.11/frontend/vite/deps/chunk-7MS5FTBZ.js.map 304 [07/Feb/2025:09:47:57 +0000] - 105.642 ms localhost
GET /@fs/C:/Users/USER/Desktop/BroCampTasks/Angular_Project/frontend/.angular/cache/18.2.11/frontend/vite/deps/chunk-BKIWMXDL.js.map 304 [07/Feb/2025:09:47:57 +0000] - 223.204 ms localhost
GET /login.component.css.map 200 [07/Feb/2025:09:47:57 +0000] - 62.497 ms localhost
GET /styles.css.map 200 [07/Feb/2025:09:47:57 +0000] - 64.393 ms localhost
POST /user/login 200 [07/Feb/2025:09:48:05 +0000] - 456.990 ms localhost
GET /layout.component.css.map 200 [07/Feb/2025:09:48:05 +0000] - 40.598 ms localhost
GET /dashboard.component.css.map 200 [07/Feb/2025:09:48:05 +0000] - 7.903 ms localhost
GET /user-services.component.css.map 200 [07/Feb/2025:09:48:09 +0000] - 16.682 ms localhost
GET /service/uploads/ 400 [07/Feb/2025:09:48:09 +0000] - 92.338 ms localhost
GET /service/services?isApproved=true 304 [07/Feb/2025:09:48:09 +0000] - 188.635 ms localhost
GET /service/name/Catering 304 [07/Feb/2025:09:48:13 +0000] - 100.546 ms localhost
GET /user-service-details.component.css.map 200 [07/Feb/2025:09:48:13 +0000] - 3.458 ms localhost
GET /booking/service/Catering/673ac7d8306657184e800578 304 [07/Feb/2025:09:48:16 +0000] - 130.414 ms localhost
POST /booking/new 201 [07/Feb/2025:09:49:00 +0000] - 191.653 ms localhost
GET / - [07/Feb/2025:09:51:50 +0000] - - ms localhost
GET / 200 [07/Feb/2025:10:01:38 +0000] - 139.723 ms localhost
GET /@vite/client 304 [07/Feb/2025:10:01:38 +0000] - 60.088 ms localhost
GET /styles.css 200 [07/Feb/2025:10:01:38 +0000] - 46.249 ms localhost
GET /polyfills.js 304 [07/Feb/2025:10:01:38 +0000] - 5.130 ms localhost
GET /main.js 200 [07/Feb/2025:10:01:38 +0000] - 36.360 ms localhost
GET /@fs/C:/Users/USER/Desktop/BroCampTasks/Angular_Project/frontend/node_modules/vite/dist/client/env.mjs 304 [07/Feb/2025:10:01:38 +0000] - 36.915 ms localhost
POST /user/login 200 [07/Feb/2025:10:01:48 +0000] - 583.167 ms localhost
GET /styles.css 200 [07/Feb/2025:10:01:55 +0000] - 4.327 ms localhost
GET /@fs/C:/Users/USER/Desktop/BroCampTasks/Angular_Project/frontend/.angular/cache/18.2.11/frontend/vite/deps/@angular_platform-browser.js.map 304 [07/Feb/2025:10:01:55 +0000] - 42.521 ms localhost
GET /@fs/C:/Users/USER/Desktop/BroCampTasks/Angular_Project/frontend/.angular/cache/18.2.11/frontend/vite/deps/@angular_core.js.map 304 [07/Feb/2025:10:01:55 +0000] - 37.536 ms localhost
GET /@fs/C:/Users/USER/Desktop/BroCampTasks/Angular_Project/frontend/.angular/cache/18.2.11/frontend/vite/deps/rxjs.js.map 304 [07/Feb/2025:10:01:55 +0000] - 44.127 ms localhost
GET /@fs/C:/Users/USER/Desktop/BroCampTasks/Angular_Project/frontend/.angular/cache/18.2.11/frontend/vite/deps/@angular_router.js.map 304 [07/Feb/2025:10:01:55 +0000] - 129.761 ms localhost
GET /@fs/C:/Users/USER/Desktop/BroCampTasks/Angular_Project/frontend/.angular/cache/18.2.11/frontend/vite/deps/@angular_common_http.js.map 304 [07/Feb/2025:10:01:55 +0000] - 134.042 ms localhost
GET /@fs/C:/Users/USER/Desktop/BroCampTasks/Angular_Project/frontend/.angular/cache/18.2.11/frontend/vite/deps/@angular_common.js.map 304 [07/Feb/2025:10:01:55 +0000] - 128.913 ms localhost
GET /@fs/C:/Users/USER/Desktop/BroCampTasks/Angular_Project/frontend/.angular/cache/18.2.11/frontend/vite/deps/ngx-socket-io.js.map 304 [07/Feb/2025:10:01:55 +0000] - 191.957 ms localhost
GET /@fs/C:/Users/USER/Desktop/BroCampTasks/Angular_Project/frontend/.angular/cache/18.2.11/frontend/vite/deps/emoji-picker-element.js.map 304 [07/Feb/2025:10:01:55 +0000] - 217.747 ms localhost
GET /@fs/C:/Users/USER/Desktop/BroCampTasks/Angular_Project/frontend/.angular/cache/18.2.11/frontend/vite/deps/@angular_forms.js.map 304 [07/Feb/2025:10:01:55 +0000] - 255.527 ms localhost
GET /@fs/C:/Users/USER/Desktop/BroCampTasks/Angular_Project/frontend/.angular/cache/18.2.11/frontend/vite/deps/chunk-ZKQIAUIS.js.map 304 [07/Feb/2025:10:01:56 +0000] - 306.166 ms localhost
GET /@fs/C:/Users/USER/Desktop/BroCampTasks/Angular_Project/frontend/.angular/cache/18.2.11/frontend/vite/deps/chunk-F4ZW7LLY.js.map 304 [07/Feb/2025:10:01:56 +0000] - 311.280 ms localhost
GET /@fs/C:/Users/USER/Desktop/BroCampTasks/Angular_Project/frontend/.angular/cache/18.2.11/frontend/vite/deps/chunk-2ZWNOPXZ.js.map 304 [07/Feb/2025:10:01:56 +0000] - 332.054 ms localhost
GET /@fs/C:/Users/USER/Desktop/BroCampTasks/Angular_Project/frontend/.angular/cache/18.2.11/frontend/vite/deps/chunk-XWLXMCJQ.js.map 304 [07/Feb/2025:10:01:56 +0000] - 223.954 ms localhost
GET /@fs/C:/Users/USER/Desktop/BroCampTasks/Angular_Project/frontend/.angular/cache/18.2.11/frontend/vite/deps/chunk-7MS5FTBZ.js.map 304 [07/Feb/2025:10:01:56 +0000] - 202.816 ms localhost
GET /@fs/C:/Users/USER/Desktop/BroCampTasks/Angular_Project/frontend/.angular/cache/18.2.11/frontend/vite/deps/chunk-BKIWMXDL.js.map 304 [07/Feb/2025:10:01:56 +0000] - 344.654 ms localhost
GET /dashboard.component.css.map 200 [07/Feb/2025:10:01:56 +0000] - 99.081 ms localhost
GET /layout.component.css.map 200 [07/Feb/2025:10:01:56 +0000] - 99.894 ms localhost
GET /styles.css.map 200 [07/Feb/2025:10:01:56 +0000] - 161.300 ms localhost
GET /@fs/C:/Users/USER/Desktop/BroCampTasks/Angular_Project/frontend/.angular/cache/18.2.11/frontend/vite/deps/chunk-66JPAEYR.js.map 304 [07/Feb/2025:10:01:56 +0000] - 263.584 ms localhost
GET /user-services.component.css.map 200 [07/Feb/2025:10:02:06 +0000] - 6.200 ms localhost
GET /service/uploads/ 400 [07/Feb/2025:10:02:06 +0000] - 276.691 ms localhost
GET /service/services?isApproved=true 304 [07/Feb/2025:10:02:06 +0000] - 461.738 ms localhost
GET /service/name/Event%20Coverage 200 [07/Feb/2025:10:02:08 +0000] - 109.592 ms localhost
GET /user-service-details.component.css.map 200 [07/Feb/2025:10:02:08 +0000] - 3.777 ms localhost
GET /booking/service/Event%20Coverage/673ac7d8306657184e800578 304 [07/Feb/2025:10:02:12 +0000] - 268.306 ms localhost
POST /booking/new 201 [07/Feb/2025:10:02:45 +0000] - 270.190 ms localhost
GET / - [07/Feb/2025:10:05:40 +0000] - - ms localhost
GET /services/details 200 [07/Feb/2025:10:09:03 +0000] - 103.432 ms localhost
GET /@vite/client 304 [07/Feb/2025:10:09:03 +0000] - 4.255 ms localhost
GET /polyfills.js 304 [07/Feb/2025:10:09:03 +0000] - 5.643 ms localhost
GET /styles.css 200 [07/Feb/2025:10:09:03 +0000] - 11.563 ms localhost
GET /main.js 200 [07/Feb/2025:10:09:03 +0000] - 32.957 ms localhost
GET /@fs/C:/Users/USER/Desktop/BroCampTasks/Angular_Project/frontend/node_modules/vite/dist/client/env.mjs 304 [07/Feb/2025:10:09:03 +0000] - 46.599 ms localhost
GET /styles.css.map 200 [07/Feb/2025:10:09:04 +0000] - 10.201 ms localhost
GET /@fs/C:/Users/USER/Desktop/BroCampTasks/Angular_Project/frontend/.angular/cache/18.2.11/frontend/vite/deps/chunk-XWLXMCJQ.js.map 304 [07/Feb/2025:10:09:04 +0000] - 16.990 ms localhost
GET /@fs/C:/Users/USER/Desktop/BroCampTasks/Angular_Project/frontend/.angular/cache/18.2.11/frontend/vite/deps/rxjs.js.map 304 [07/Feb/2025:10:09:04 +0000] - 18.665 ms localhost
GET /@fs/C:/Users/USER/Desktop/BroCampTasks/Angular_Project/frontend/.angular/cache/18.2.11/frontend/vite/deps/@angular_platform-browser.js.map 304 [07/Feb/2025:10:09:04 +0000] - 29.031 ms localhost
GET /@fs/C:/Users/USER/Desktop/BroCampTasks/Angular_Project/frontend/.angular/cache/18.2.11/frontend/vite/deps/@angular_forms.js.map 304 [07/Feb/2025:10:09:04 +0000] - 35.226 ms localhost
GET /@fs/C:/Users/USER/Desktop/BroCampTasks/Angular_Project/frontend/.angular/cache/18.2.11/frontend/vite/deps/chunk-F4ZW7LLY.js.map 304 [07/Feb/2025:10:09:04 +0000] - 46.971 ms localhost
GET /@fs/C:/Users/USER/Desktop/BroCampTasks/Angular_Project/frontend/.angular/cache/18.2.11/frontend/vite/deps/chunk-2ZWNOPXZ.js.map 304 [07/Feb/2025:10:09:04 +0000] - 51.758 ms localhost
GET /@fs/C:/Users/USER/Desktop/BroCampTasks/Angular_Project/frontend/.angular/cache/18.2.11/frontend/vite/deps/@angular_common.js.map 304 [07/Feb/2025:10:09:04 +0000] - 44.094 ms localhost
GET /@fs/C:/Users/USER/Desktop/BroCampTasks/Angular_Project/frontend/.angular/cache/18.2.11/frontend/vite/deps/emoji-picker-element.js.map 304 [07/Feb/2025:10:09:04 +0000] - 42.409 ms localhost
GET /@fs/C:/Users/USER/Desktop/BroCampTasks/Angular_Project/frontend/.angular/cache/18.2.11/frontend/vite/deps/chunk-7MS5FTBZ.js.map 304 [07/Feb/2025:10:09:04 +0000] - 49.446 ms localhost
GET /@fs/C:/Users/USER/Desktop/BroCampTasks/Angular_Project/frontend/.angular/cache/18.2.11/frontend/vite/deps/chunk-ZKQIAUIS.js.map 304 [07/Feb/2025:10:09:04 +0000] - 46.693 ms localhost
GET /@fs/C:/Users/USER/Desktop/BroCampTasks/Angular_Project/frontend/.angular/cache/18.2.11/frontend/vite/deps/ngx-socket-io.js.map 304 [07/Feb/2025:10:09:04 +0000] - 71.738 ms localhost
GET /@fs/C:/Users/USER/Desktop/BroCampTasks/Angular_Project/frontend/.angular/cache/18.2.11/frontend/vite/deps/chunk-66JPAEYR.js.map 304 [07/Feb/2025:10:09:04 +0000] - 60.073 ms localhost
GET /services/login.component.css.map 404 [07/Feb/2025:10:09:04 +0000] - 26.289 ms localhost
GET /@fs/C:/Users/USER/Desktop/BroCampTasks/Angular_Project/frontend/.angular/cache/18.2.11/frontend/vite/deps/@angular_router.js.map 304 [07/Feb/2025:10:09:04 +0000] - 68.717 ms localhost
GET /@fs/C:/Users/USER/Desktop/BroCampTasks/Angular_Project/frontend/.angular/cache/18.2.11/frontend/vite/deps/@angular_common_http.js.map 304 [07/Feb/2025:10:09:04 +0000] - 75.001 ms localhost
GET /@fs/C:/Users/USER/Desktop/BroCampTasks/Angular_Project/frontend/.angular/cache/18.2.11/frontend/vite/deps/chunk-BKIWMXDL.js.map 304 [07/Feb/2025:10:09:05 +0000] - 523.666 ms localhost
GET /favicon.ico 304 [07/Feb/2025:10:09:05 +0000] - 346.582 ms localhost
GET /@fs/C:/Users/USER/Desktop/BroCampTasks/Angular_Project/frontend/.angular/cache/18.2.11/frontend/vite/deps/@angular_core.js.map 304 [07/Feb/2025:10:09:05 +0000] - 583.959 ms localhost
GET /login 200 [07/Feb/2025:10:10:53 +0000] - 142.592 ms localhost
GET / - [07/Feb/2025:10:10:53 +0000] - - ms localhost
GET /@vite/client 304 [07/Feb/2025:10:10:53 +0000] - 7.271 ms localhost
GET /styles.css 200 [07/Feb/2025:10:10:53 +0000] - 12.684 ms localhost
GET /polyfills.js 304 [07/Feb/2025:10:10:53 +0000] - 19.570 ms localhost
GET /main.js 304 [07/Feb/2025:10:10:53 +0000] - 14.814 ms localhost
GET /@fs/C:/Users/USER/Desktop/BroCampTasks/Angular_Project/frontend/node_modules/vite/dist/client/env.mjs 304 [07/Feb/2025:10:10:54 +0000] - 6.236 ms localhost
GET /styles.css.map 200 [07/Feb/2025:10:10:54 +0000] - 15.589 ms localhost
GET /@fs/C:/Users/USER/Desktop/BroCampTasks/Angular_Project/frontend/.angular/cache/18.2.11/frontend/vite/deps/chunk-ZKQIAUIS.js.map 304 [07/Feb/2025:10:10:54 +0000] - 135.263 ms localhost
GET /@fs/C:/Users/USER/Desktop/BroCampTasks/Angular_Project/frontend/.angular/cache/18.2.11/frontend/vite/deps/chunk-F4ZW7LLY.js.map 304 [07/Feb/2025:10:10:55 +0000] - 214.964 ms localhost
GET /@fs/C:/Users/USER/Desktop/BroCampTasks/Angular_Project/frontend/.angular/cache/18.2.11/frontend/vite/deps/chunk-2ZWNOPXZ.js.map 304 [07/Feb/2025:10:10:55 +0000] - 269.164 ms localhost
GET /favicon.ico 304 [07/Feb/2025:10:10:55 +0000] - 74.960 ms localhost
GET /@fs/C:/Users/USER/Desktop/BroCampTasks/Angular_Project/frontend/.angular/cache/18.2.11/frontend/vite/deps/chunk-66JPAEYR.js.map 304 [07/Feb/2025:10:10:55 +0000] - 396.846 ms localhost
GET /@fs/C:/Users/USER/Desktop/BroCampTasks/Angular_Project/frontend/.angular/cache/18.2.11/frontend/vite/deps/@angular_router.js.map 304 [07/Feb/2025:10:10:55 +0000] - 489.482 ms localhost
GET /@fs/C:/Users/USER/Desktop/BroCampTasks/Angular_Project/frontend/.angular/cache/18.2.11/frontend/vite/deps/chunk-BKIWMXDL.js.map 304 [07/Feb/2025:10:10:55 +0000] - 793.679 ms localhost
GET /@fs/C:/Users/USER/Desktop/BroCampTasks/Angular_Project/frontend/.angular/cache/18.2.11/frontend/vite/deps/@angular_common_http.js.map 304 [07/Feb/2025:10:10:55 +0000] - 588.817 ms localhost
GET /@fs/C:/Users/USER/Desktop/BroCampTasks/Angular_Project/frontend/.angular/cache/18.2.11/frontend/vite/deps/@angular_forms.js.map 304 [07/Feb/2025:10:10:55 +0000] - 564.621 ms localhost
GET /@fs/C:/Users/USER/Desktop/BroCampTasks/Angular_Project/frontend/.angular/cache/18.2.11/frontend/vite/deps/@angular_platform-browser.js.map 304 [07/Feb/2025:10:10:55 +0000] - 233.669 ms localhost
GET /@fs/C:/Users/USER/Desktop/BroCampTasks/Angular_Project/frontend/.angular/cache/18.2.11/frontend/vite/deps/chunk-7MS5FTBZ.js.map 304 [07/Feb/2025:10:10:55 +0000] - 556.193 ms localhost
GET /@fs/C:/Users/USER/Desktop/BroCampTasks/Angular_Project/frontend/.angular/cache/18.2.11/frontend/vite/deps/emoji-picker-element.js.map 304 [07/Feb/2025:10:10:55 +0000] - 485.080 ms localhost
GET /login.component.css.map 200 [07/Feb/2025:10:10:55 +0000] - 4.423 ms localhost
GET /@fs/C:/Users/USER/Desktop/BroCampTasks/Angular_Project/frontend/.angular/cache/18.2.11/frontend/vite/deps/chunk-XWLXMCJQ.js.map 304 [07/Feb/2025:10:10:55 +0000] - 141.234 ms localhost
GET /@fs/C:/Users/USER/Desktop/BroCampTasks/Angular_Project/frontend/.angular/cache/18.2.11/frontend/vite/deps/ngx-socket-io.js.map 304 [07/Feb/2025:10:10:55 +0000] - 19.811 ms localhost
GET /@fs/C:/Users/USER/Desktop/BroCampTasks/Angular_Project/frontend/.angular/cache/18.2.11/frontend/vite/deps/@angular_common.js.map 304 [07/Feb/2025:10:10:55 +0000] - 131.862 ms localhost
GET /@fs/C:/Users/USER/Desktop/BroCampTasks/Angular_Project/frontend/.angular/cache/18.2.11/frontend/vite/deps/rxjs.js.map 304 [07/Feb/2025:10:10:55 +0000] - 182.861 ms localhost
GET /@fs/C:/Users/USER/Desktop/BroCampTasks/Angular_Project/frontend/.angular/cache/18.2.11/frontend/vite/deps/@angular_core.js.map 304 [07/Feb/2025:10:10:55 +0000] - 199.830 ms localhost
GET / - [07/Feb/2025:10:14:54 +0000] - - ms localhost
GET /login 200 [07/Feb/2025:10:21:27 +0000] - 101.505 ms localhost
GET /main.js 200 [07/Feb/2025:10:21:27 +0000] - 152.882 ms localhost
GET /@vite/client 304 [07/Feb/2025:10:21:27 +0000] - 188.218 ms localhost
GET /styles.css 200 [07/Feb/2025:10:21:27 +0000] - 185.916 ms localhost
GET /polyfills.js 304 [07/Feb/2025:10:21:27 +0000] - 188.835 ms localhost
GET /@fs/C:/Users/USER/Desktop/BroCampTasks/Angular_Project/frontend/node_modules/vite/dist/client/env.mjs 304 [07/Feb/2025:10:21:28 +0000] - 6.987 ms localhost
GET /styles.css.map 200 [07/Feb/2025:10:21:28 +0000] - 10.701 ms localhost
GET /@fs/C:/Users/USER/Desktop/BroCampTasks/Angular_Project/frontend/.angular/cache/18.2.11/frontend/vite/deps/@angular_core.js.map 304 [07/Feb/2025:10:21:29 +0000] - 65.021 ms localhost
GET /@fs/C:/Users/USER/Desktop/BroCampTasks/Angular_Project/frontend/.angular/cache/18.2.11/frontend/vite/deps/@angular_common_http.js.map 304 [07/Feb/2025:10:21:29 +0000] - 65.362 ms localhost
GET /@fs/C:/Users/USER/Desktop/BroCampTasks/Angular_Project/frontend/.angular/cache/18.2.11/frontend/vite/deps/chunk-XWLXMCJQ.js.map 304 [07/Feb/2025:10:21:29 +0000] - 70.012 ms localhost
GET /@fs/C:/Users/USER/Desktop/BroCampTasks/Angular_Project/frontend/.angular/cache/18.2.11/frontend/vite/deps/chunk-ZKQIAUIS.js.map 304 [07/Feb/2025:10:21:29 +0000] - 75.861 ms localhost
GET /favicon.ico 304 [07/Feb/2025:10:21:29 +0000] - 58.911 ms localhost
GET /@fs/C:/Users/USER/Desktop/BroCampTasks/Angular_Project/frontend/.angular/cache/18.2.11/frontend/vite/deps/chunk-BKIWMXDL.js.map 304 [07/Feb/2025:10:21:29 +0000] - 256.068 ms localhost
GET /@fs/C:/Users/USER/Desktop/BroCampTasks/Angular_Project/frontend/.angular/cache/18.2.11/frontend/vite/deps/chunk-F4ZW7LLY.js.map 304 [07/Feb/2025:10:21:29 +0000] - 272.910 ms localhost
GET /@fs/C:/Users/USER/Desktop/BroCampTasks/Angular_Project/frontend/.angular/cache/18.2.11/frontend/vite/deps/rxjs.js.map 304 [07/Feb/2025:10:21:29 +0000] - 136.779 ms localhost
GET /@fs/C:/Users/USER/Desktop/BroCampTasks/Angular_Project/frontend/.angular/cache/18.2.11/frontend/vite/deps/@angular_forms.js.map 304 [07/Feb/2025:10:21:29 +0000] - 137.751 ms localhost
GET /@fs/C:/Users/USER/Desktop/BroCampTasks/Angular_Project/frontend/.angular/cache/18.2.11/frontend/vite/deps/@angular_common.js.map 304 [07/Feb/2025:10:21:29 +0000] - 93.220 ms localhost
GET /@fs/C:/Users/USER/Desktop/BroCampTasks/Angular_Project/frontend/.angular/cache/18.2.11/frontend/vite/deps/emoji-picker-element.js.map 304 [07/Feb/2025:10:21:29 +0000] - 86.885 ms localhost
GET /@fs/C:/Users/USER/Desktop/BroCampTasks/Angular_Project/frontend/.angular/cache/18.2.11/frontend/vite/deps/chunk-66JPAEYR.js.map 304 [07/Feb/2025:10:21:29 +0000] - 81.657 ms localhost
GET /@fs/C:/Users/USER/Desktop/BroCampTasks/Angular_Project/frontend/.angular/cache/18.2.11/frontend/vite/deps/@angular_platform-browser.js.map 304 [07/Feb/2025:10:21:29 +0000] - 30.619 ms localhost
GET /@fs/C:/Users/USER/Desktop/BroCampTasks/Angular_Project/frontend/.angular/cache/18.2.11/frontend/vite/deps/chunk-7MS5FTBZ.js.map 304 [07/Feb/2025:10:21:29 +0000] - 32.382 ms localhost
GET /@fs/C:/Users/USER/Desktop/BroCampTasks/Angular_Project/frontend/.angular/cache/18.2.11/frontend/vite/deps/chunk-2ZWNOPXZ.js.map 304 [07/Feb/2025:10:21:29 +0000] - 38.515 ms localhost
GET /@fs/C:/Users/USER/Desktop/BroCampTasks/Angular_Project/frontend/.angular/cache/18.2.11/frontend/vite/deps/@angular_router.js.map 304 [07/Feb/2025:10:21:29 +0000] - 50.897 ms localhost
GET /login.component.css.map 200 [07/Feb/2025:10:21:29 +0000] - 21.729 ms localhost
GET /@fs/C:/Users/USER/Desktop/BroCampTasks/Angular_Project/frontend/.angular/cache/18.2.11/frontend/vite/deps/ngx-socket-io.js.map 304 [07/Feb/2025:10:21:29 +0000] - 53.029 ms localhost
GET /login 200 [07/Feb/2025:10:24:01 +0000] - 76.620 ms localhost
GET / - [07/Feb/2025:10:24:01 +0000] - - ms localhost
GET /@vite/client 304 [07/Feb/2025:10:24:01 +0000] - 32.869 ms localhost
GET /styles.css 200 [07/Feb/2025:10:24:01 +0000] - 14.170 ms localhost
GET /polyfills.js 304 [07/Feb/2025:10:24:01 +0000] - 15.288 ms localhost
GET /main.js 200 [07/Feb/2025:10:24:01 +0000] - 40.406 ms localhost
GET /@fs/C:/Users/USER/Desktop/BroCampTasks/Angular_Project/frontend/node_modules/vite/dist/client/env.mjs 304 [07/Feb/2025:10:24:01 +0000] - 6.713 ms localhost
GET /styles.css.map 200 [07/Feb/2025:10:24:02 +0000] - 9.081 ms localhost
GET /@fs/C:/Users/USER/Desktop/BroCampTasks/Angular_Project/frontend/.angular/cache/18.2.11/frontend/vite/deps/@angular_platform-browser.js.map 304 [07/Feb/2025:10:24:02 +0000] - 277.161 ms localhost
GET /@fs/C:/Users/USER/Desktop/BroCampTasks/Angular_Project/frontend/.angular/cache/18.2.11/frontend/vite/deps/chunk-ZKQIAUIS.js.map 304 [07/Feb/2025:10:24:02 +0000] - 285.416 ms localhost
GET /@fs/C:/Users/USER/Desktop/BroCampTasks/Angular_Project/frontend/.angular/cache/18.2.11/frontend/vite/deps/chunk-F4ZW7LLY.js.map 304 [07/Feb/2025:10:24:02 +0000] - 311.287 ms localhost
GET /@fs/C:/Users/USER/Desktop/BroCampTasks/Angular_Project/frontend/.angular/cache/18.2.11/frontend/vite/deps/chunk-2ZWNOPXZ.js.map 304 [07/Feb/2025:10:24:02 +0000] - 323.217 ms localhost
GET /@fs/C:/Users/USER/Desktop/BroCampTasks/Angular_Project/frontend/.angular/cache/18.2.11/frontend/vite/deps/chunk-66JPAEYR.js.map 304 [07/Feb/2025:10:24:03 +0000] - 603.256 ms localhost
GET /@fs/C:/Users/USER/Desktop/BroCampTasks/Angular_Project/frontend/.angular/cache/18.2.11/frontend/vite/deps/chunk-BKIWMXDL.js.map 304 [07/Feb/2025:10:24:03 +0000] - 978.090 ms localhost
GET /@fs/C:/Users/USER/Desktop/BroCampTasks/Angular_Project/frontend/.angular/cache/18.2.11/frontend/vite/deps/chunk-XWLXMCJQ.js.map 304 [07/Feb/2025:10:24:03 +0000] - 647.144 ms localhost
GET /@fs/C:/Users/USER/Desktop/BroCampTasks/Angular_Project/frontend/.angular/cache/18.2.11/frontend/vite/deps/@angular_common_http.js.map 304 [07/Feb/2025:10:24:03 +0000] - 532.083 ms localhost
GET /@fs/C:/Users/USER/Desktop/BroCampTasks/Angular_Project/frontend/.angular/cache/18.2.11/frontend/vite/deps/rxjs.js.map 304 [07/Feb/2025:10:24:03 +0000] - 533.089 ms localhost
GET /@fs/C:/Users/USER/Desktop/BroCampTasks/Angular_Project/frontend/.angular/cache/18.2.11/frontend/vite/deps/@angular_router.js.map 304 [07/Feb/2025:10:24:03 +0000] - 688.238 ms localhost
GET /@fs/C:/Users/USER/Desktop/BroCampTasks/Angular_Project/frontend/.angular/cache/18.2.11/frontend/vite/deps/@angular_common.js.map 304 [07/Feb/2025:10:24:03 +0000] - 205.534 ms localhost
GET /favicon.ico 304 [07/Feb/2025:10:24:03 +0000] - 67.894 ms localhost
GET /login.component.css.map 200 [07/Feb/2025:10:24:03 +0000] - 4.759 ms localhost
GET /@fs/C:/Users/USER/Desktop/BroCampTasks/Angular_Project/frontend/.angular/cache/18.2.11/frontend/vite/deps/@angular_core.js.map 304 [07/Feb/2025:10:24:03 +0000] - 37.517 ms localhost
GET /@fs/C:/Users/USER/Desktop/BroCampTasks/Angular_Project/frontend/.angular/cache/18.2.11/frontend/vite/deps/ngx-socket-io.js.map 304 [07/Feb/2025:10:24:03 +0000] - 77.280 ms localhost
GET /@fs/C:/Users/USER/Desktop/BroCampTasks/Angular_Project/frontend/.angular/cache/18.2.11/frontend/vite/deps/chunk-7MS5FTBZ.js.map 304 [07/Feb/2025:10:24:03 +0000] - 151.487 ms localhost
GET /@fs/C:/Users/USER/Desktop/BroCampTasks/Angular_Project/frontend/.angular/cache/18.2.11/frontend/vite/deps/emoji-picker-element.js.map 304 [07/Feb/2025:10:24:03 +0000] - 154.071 ms localhost
GET /@fs/C:/Users/USER/Desktop/BroCampTasks/Angular_Project/frontend/.angular/cache/18.2.11/frontend/vite/deps/@angular_forms.js.map 304 [07/Feb/2025:10:24:03 +0000] - 120.137 ms localhost
GET /login 200 [07/Feb/2025:10:24:04 +0000] - 16.187 ms localhost
GET / - [07/Feb/2025:10:24:04 +0000] - - ms localhost
GET /@vite/client 200 [07/Feb/2025:10:24:04 +0000] - 66.774 ms localhost
GET /styles.css 200 [07/Feb/2025:10:24:04 +0000] - 42.778 ms localhost
GET /polyfills.js 200 [07/Feb/2025:10:24:04 +0000] - 83.779 ms localhost
GET /main.js 200 [07/Feb/2025:10:24:04 +0000] - 101.084 ms localhost
GET /@fs/C:/Users/USER/Desktop/BroCampTasks/Angular_Project/frontend/node_modules/vite/dist/client/env.mjs 200 [07/Feb/2025:10:24:04 +0000] - 8.401 ms localhost
GET /styles.css.map 200 [07/Feb/2025:10:24:04 +0000] - 14.553 ms localhost
GET /@fs/C:/Users/USER/Desktop/BroCampTasks/Angular_Project/frontend/.angular/cache/18.2.11/frontend/vite/deps/@angular_platform-browser.js?v=30d9074f 200 [07/Feb/2025:10:24:04 +0000] - 19.978 ms localhost
GET /@fs/C:/Users/USER/Desktop/BroCampTasks/Angular_Project/frontend/.angular/cache/18.2.11/frontend/vite/deps/@angular_core.js?v=30d9074f 200 [07/Feb/2025:10:24:04 +0000] - 14.796 ms localhost
GET /@fs/C:/Users/USER/Desktop/BroCampTasks/Angular_Project/frontend/.angular/cache/18.2.11/frontend/vite/deps/@angular_router.js?v=30d9074f 200 [07/Feb/2025:10:24:04 +0000] - 16.797 ms localhost
GET /@fs/C:/Users/USER/Desktop/BroCampTasks/Angular_Project/frontend/.angular/cache/18.2.11/frontend/vite/deps/rxjs.js?v=30d9074f 200 [07/Feb/2025:10:24:04 +0000] - 17.448 ms localhost
GET /@fs/C:/Users/USER/Desktop/BroCampTasks/Angular_Project/frontend/.angular/cache/18.2.11/frontend/vite/deps/@angular_forms.js?v=30d9074f 200 [07/Feb/2025:10:24:04 +0000] - 25.553 ms localhost
GET /@fs/C:/Users/USER/Desktop/BroCampTasks/Angular_Project/frontend/.angular/cache/18.2.11/frontend/vite/deps/@angular_common_http.js?v=30d9074f 200 [07/Feb/2025:10:24:04 +0000] - 31.750 ms localhost
GET /@fs/C:/Users/USER/Desktop/BroCampTasks/Angular_Project/frontend/.angular/cache/18.2.11/frontend/vite/deps/@angular_common.js?v=30d9074f 200 [07/Feb/2025:10:24:05 +0000] - 28.725 ms localhost
GET /@fs/C:/Users/USER/Desktop/BroCampTasks/Angular_Project/frontend/.angular/cache/18.2.11/frontend/vite/deps/ngx-socket-io.js?v=30d9074f 200 [07/Feb/2025:10:24:05 +0000] - 3.736 ms localhost
GET /@fs/C:/Users/USER/Desktop/BroCampTasks/Angular_Project/frontend/.angular/cache/18.2.11/frontend/vite/deps/emoji-picker-element.js?v=30d9074f 200 [07/Feb/2025:10:24:05 +0000] - 5.728 ms localhost
GET /@fs/C:/Users/USER/Desktop/BroCampTasks/Angular_Project/frontend/.angular/cache/18.2.11/frontend/vite/deps/chunk-ZKQIAUIS.js?v=30d9074f 200 [07/Feb/2025:10:24:05 +0000] - 7.466 ms localhost
GET /@fs/C:/Users/USER/Desktop/BroCampTasks/Angular_Project/frontend/.angular/cache/18.2.11/frontend/vite/deps/chunk-F4ZW7LLY.js?v=30d9074f 200 [07/Feb/2025:10:24:05 +0000] - 11.811 ms localhost
GET /@fs/C:/Users/USER/Desktop/BroCampTasks/Angular_Project/frontend/.angular/cache/18.2.11/frontend/vite/deps/chunk-2ZWNOPXZ.js?v=30d9074f 200 [07/Feb/2025:10:24:05 +0000] - 13.626 ms localhost
GET /@fs/C:/Users/USER/Desktop/BroCampTasks/Angular_Project/frontend/.angular/cache/18.2.11/frontend/vite/deps/chunk-BKIWMXDL.js?v=30d9074f 200 [07/Feb/2025:10:24:05 +0000] - 32.565 ms localhost
GET /@fs/C:/Users/USER/Desktop/BroCampTasks/Angular_Project/frontend/.angular/cache/18.2.11/frontend/vite/deps/chunk-66JPAEYR.js?v=30d9074f 200 [07/Feb/2025:10:24:05 +0000] - 37.744 ms localhost
GET /@fs/C:/Users/USER/Desktop/BroCampTasks/Angular_Project/frontend/.angular/cache/18.2.11/frontend/vite/deps/chunk-XWLXMCJQ.js?v=30d9074f 200 [07/Feb/2025:10:24:05 +0000] - 3.472 ms localhost
GET /@fs/C:/Users/USER/Desktop/BroCampTasks/Angular_Project/frontend/.angular/cache/18.2.11/frontend/vite/deps/chunk-7MS5FTBZ.js?v=30d9074f 200 [07/Feb/2025:10:24:05 +0000] - 8.646 ms localhost
GET /@fs/C:/Users/USER/Desktop/BroCampTasks/Angular_Project/frontend/.angular/cache/18.2.11/frontend/vite/deps/@angular_platform-browser.js.map 304 [07/Feb/2025:10:24:05 +0000] - 5.889 ms localhost
GET /@fs/C:/Users/USER/Desktop/BroCampTasks/Angular_Project/frontend/.angular/cache/18.2.11/frontend/vite/deps/chunk-ZKQIAUIS.js.map 304 [07/Feb/2025:10:24:05 +0000] - 11.275 ms localhost
GET /@fs/C:/Users/USER/Desktop/BroCampTasks/Angular_Project/frontend/.angular/cache/18.2.11/frontend/vite/deps/chunk-F4ZW7LLY.js.map 304 [07/Feb/2025:10:24:05 +0000] - 8.901 ms localhost
GET /@fs/C:/Users/USER/Desktop/BroCampTasks/Angular_Project/frontend/.angular/cache/18.2.11/frontend/vite/deps/chunk-2ZWNOPXZ.js.map 304 [07/Feb/2025:10:24:05 +0000] - 20.612 ms localhost
GET /@fs/C:/Users/USER/Desktop/BroCampTasks/Angular_Project/frontend/.angular/cache/18.2.11/frontend/vite/deps/chunk-XWLXMCJQ.js.map 304 [07/Feb/2025:10:24:05 +0000] - 52.379 ms localhost
GET /@fs/C:/Users/USER/Desktop/BroCampTasks/Angular_Project/frontend/.angular/cache/18.2.11/frontend/vite/deps/@angular_core.js.map 304 [07/Feb/2025:10:24:05 +0000] - 51.735 ms localhost
GET /@fs/C:/Users/USER/Desktop/BroCampTasks/Angular_Project/frontend/.angular/cache/18.2.11/frontend/vite/deps/chunk-66JPAEYR.js.map 304 [07/Feb/2025:10:24:05 +0000] - 71.855 ms localhost
GET /@fs/C:/Users/USER/Desktop/BroCampTasks/Angular_Project/frontend/.angular/cache/18.2.11/frontend/vite/deps/chunk-BKIWMXDL.js.map 304 [07/Feb/2025:10:24:05 +0000] - 121.089 ms localhost
GET /@fs/C:/Users/USER/Desktop/BroCampTasks/Angular_Project/frontend/.angular/cache/18.2.11/frontend/vite/deps/@angular_router.js.map 304 [07/Feb/2025:10:24:05 +0000] - 148.716 ms localhost
GET /@fs/C:/Users/USER/Desktop/BroCampTasks/Angular_Project/frontend/.angular/cache/18.2.11/frontend/vite/deps/@angular_common_http.js.map 304 [07/Feb/2025:10:24:05 +0000] - 163.756 ms localhost
GET /@fs/C:/Users/USER/Desktop/BroCampTasks/Angular_Project/frontend/.angular/cache/18.2.11/frontend/vite/deps/rxjs.js.map 304 [07/Feb/2025:10:24:05 +0000] - 88.200 ms localhost
GET /@fs/C:/Users/USER/Desktop/BroCampTasks/Angular_Project/frontend/.angular/cache/18.2.11/frontend/vite/deps/@angular_common.js.map 304 [07/Feb/2025:10:24:05 +0000] - 88.262 ms localhost
GET /@fs/C:/Users/USER/Desktop/BroCampTasks/Angular_Project/frontend/.angular/cache/18.2.11/frontend/vite/deps/@angular_forms.js.map 304 [07/Feb/2025:10:24:05 +0000] - 97.965 ms localhost
GET /@fs/C:/Users/USER/Desktop/BroCampTasks/Angular_Project/frontend/.angular/cache/18.2.11/frontend/vite/deps/ngx-socket-io.js.map 304 [07/Feb/2025:10:24:05 +0000] - 53.510 ms localhost
GET /@fs/C:/Users/USER/Desktop/BroCampTasks/Angular_Project/frontend/.angular/cache/18.2.11/frontend/vite/deps/chunk-7MS5FTBZ.js.map 304 [07/Feb/2025:10:24:05 +0000] - 9.855 ms localhost
GET /@fs/C:/Users/USER/Desktop/BroCampTasks/Angular_Project/frontend/.angular/cache/18.2.11/frontend/vite/deps/emoji-picker-element.js.map 304 [07/Feb/2025:10:24:05 +0000] - 10.873 ms localhost
GET /login.component.css.map 200 [07/Feb/2025:10:24:05 +0000] - 8.474 ms localhost
GET /favicon.ico 200 [07/Feb/2025:10:24:05 +0000] - 18.805 ms localhost
POST /user/login 200 [07/Feb/2025:10:24:17 +0000] - 689.693 ms localhost
GET /layout.component.css.map 200 [07/Feb/2025:10:24:17 +0000] - 4.771 ms localhost
GET /dashboard.component.css.map 200 [07/Feb/2025:10:24:17 +0000] - 7.246 ms localhost
GET /user-services.component.css.map 200 [07/Feb/2025:10:24:22 +0000] - 96.265 ms localhost
GET /service/uploads/ 400 [07/Feb/2025:10:24:23 +0000] - 393.174 ms localhost
GET /service/services?isApproved=true 304 [07/Feb/2025:10:24:23 +0000] - 620.582 ms localhost
GET /service/name/Event%20Coverage 304 [07/Feb/2025:10:24:27 +0000] - 142.006 ms localhost
GET /user-service-details.component.css.map 200 [07/Feb/2025:10:24:27 +0000] - 3.385 ms localhost
GET /booking/service/Event%20Coverage/673ac7d8306657184e800578 304 [07/Feb/2025:10:24:30 +0000] - 324.484 ms localhost
POST /booking/new 201 [07/Feb/2025:10:25:05 +0000] - 404.836 ms localhost
GET / - [07/Feb/2025:10:28:04 +0000] - - ms localhost
GET /user-chat.component.css.map 200 [07/Feb/2025:10:28:09 +0000] - 49.736 ms localhost
GET /chat/674e8a6920bc39246157f503 200 [07/Feb/2025:10:28:09 +0000] - 709.052 ms localhost
GET /user-events.component.css.map 200 [07/Feb/2025:10:28:16 +0000] - 5.699 ms localhost
GET /event/events/Marriage 200 [07/Feb/2025:10:28:20 +0000] - 762.426 ms localhost
GET /user-event-details.component.css.map 200 [07/Feb/2025:10:28:21 +0000] - 7.046 ms localhost
GET /booking/events 304 [07/Feb/2025:10:28:21 +0000] - 326.460 ms localhost
GET /booking/events/service/Marriage 304 [07/Feb/2025:10:28:28 +0000] - 138.143 ms localhost
GET /socket.io/?EIO=4&transport=websocket - [07/Feb/2025:10:28:29 +0000] - - ms localhost
POST /booking/new 201 [07/Feb/2025:10:29:57 +0000] - 359.592 ms localhost
GET /events/details 200 [07/Feb/2025:13:13:21 +0000] - 182.075 ms localhost
GET /@vite/client 304 [07/Feb/2025:13:13:21 +0000] - 9.299 ms localhost
GET /polyfills.js 304 [07/Feb/2025:13:13:21 +0000] - 10.747 ms localhost
GET /styles.css 200 [07/Feb/2025:13:13:21 +0000] - 14.778 ms localhost
GET /main.js 304 [07/Feb/2025:13:13:21 +0000] - 4.166 ms localhost
GET /@fs/C:/Users/USER/Desktop/BroCampTasks/Angular_Project/frontend/node_modules/vite/dist/client/env.mjs 304 [07/Feb/2025:13:13:21 +0000] - 4.500 ms localhost
GET /styles.css.map 200 [07/Feb/2025:13:13:21 +0000] - 13.330 ms localhost
GET /@fs/C:/Users/USER/Desktop/BroCampTasks/Angular_Project/frontend/.angular/cache/18.2.11/frontend/vite/deps/@angular_platform-browser.js.map 304 [07/Feb/2025:13:13:22 +0000] - 240.707 ms localhost
GET /@fs/C:/Users/USER/Desktop/BroCampTasks/Angular_Project/frontend/.angular/cache/18.2.11/frontend/vite/deps/chunk-ZKQIAUIS.js.map 304 [07/Feb/2025:13:13:22 +0000] - 241.046 ms localhost
GET /@fs/C:/Users/USER/Desktop/BroCampTasks/Angular_Project/frontend/.angular/cache/18.2.11/frontend/vite/deps/chunk-2ZWNOPXZ.js.map 304 [07/Feb/2025:13:13:22 +0000] - 255.070 ms localhost
GET /@fs/C:/Users/USER/Desktop/BroCampTasks/Angular_Project/frontend/.angular/cache/18.2.11/frontend/vite/deps/chunk-66JPAEYR.js.map 304 [07/Feb/2025:13:13:22 +0000] - 288.337 ms localhost
GET /@fs/C:/Users/USER/Desktop/BroCampTasks/Angular_Project/frontend/.angular/cache/18.2.11/frontend/vite/deps/chunk-F4ZW7LLY.js.map 304 [07/Feb/2025:13:13:22 +0000] - 301.648 ms localhost
GET /@fs/C:/Users/USER/Desktop/BroCampTasks/Angular_Project/frontend/.angular/cache/18.2.11/frontend/vite/deps/chunk-BKIWMXDL.js.map 304 [07/Feb/2025:13:13:22 +0000] - 589.730 ms localhost
GET /@fs/C:/Users/USER/Desktop/BroCampTasks/Angular_Project/frontend/.angular/cache/18.2.11/frontend/vite/deps/@angular_core.js.map 304 [07/Feb/2025:13:13:22 +0000] - 357.126 ms localhost
GET /@fs/C:/Users/USER/Desktop/BroCampTasks/Angular_Project/frontend/.angular/cache/18.2.11/frontend/vite/deps/@angular_common_http.js.map 304 [07/Feb/2025:13:13:22 +0000] - 347.241 ms localhost
GET /@fs/C:/Users/USER/Desktop/BroCampTasks/Angular_Project/frontend/.angular/cache/18.2.11/frontend/vite/deps/chunk-XWLXMCJQ.js.map 304 [07/Feb/2025:13:13:22 +0000] - 360.296 ms localhost
GET /@fs/C:/Users/USER/Desktop/BroCampTasks/Angular_Project/frontend/.angular/cache/18.2.11/frontend/vite/deps/rxjs.js.map 304 [07/Feb/2025:13:13:22 +0000] - 405.121 ms localhost
GET /favicon.ico 304 [07/Feb/2025:13:13:22 +0000] - 77.061 ms localhost
GET /@fs/C:/Users/USER/Desktop/BroCampTasks/Angular_Project/frontend/.angular/cache/18.2.11/frontend/vite/deps/@angular_forms.js.map 304 [07/Feb/2025:13:13:23 +0000] - 567.902 ms localhost
GET /@fs/C:/Users/USER/Desktop/BroCampTasks/Angular_Project/frontend/.angular/cache/18.2.11/frontend/vite/deps/@angular_common.js.map 304 [07/Feb/2025:13:13:23 +0000] - 225.331 ms localhost
GET /@fs/C:/Users/USER/Desktop/BroCampTasks/Angular_Project/frontend/.angular/cache/18.2.11/frontend/vite/deps/chunk-7MS5FTBZ.js.map 304 [07/Feb/2025:13:13:23 +0000] - 227.685 ms localhost
GET /@fs/C:/Users/USER/Desktop/BroCampTasks/Angular_Project/frontend/.angular/cache/18.2.11/frontend/vite/deps/ngx-socket-io.js.map 304 [07/Feb/2025:13:13:23 +0000] - 230.785 ms localhost
GET /@fs/C:/Users/USER/Desktop/BroCampTasks/Angular_Project/frontend/.angular/cache/18.2.11/frontend/vite/deps/emoji-picker-element.js.map 304 [07/Feb/2025:13:13:23 +0000] - 202.618 ms localhost
GET /events/login.component.css.map 404 [07/Feb/2025:13:13:23 +0000] - 12.072 ms localhost
GET /@fs/C:/Users/USER/Desktop/BroCampTasks/Angular_Project/frontend/.angular/cache/18.2.11/frontend/vite/deps/@angular_router.js.map 304 [07/Feb/2025:13:13:23 +0000] - 381.178 ms localhost
