GET / 200 [15/Apr/2025:08:29:12 +0000] - 310.085 ms localhost
GET /styles.css 200 [15/Apr/2025:08:29:12 +0000] - 101.057 ms localhost
GET /@vite/client 200 [15/Apr/2025:08:29:12 +0000] - 272.169 ms localhost
GET /polyfills.js 200 [15/Apr/2025:08:29:12 +0000] - 222.868 ms localhost
GET /main.js 200 [15/Apr/2025:08:29:12 +0000] - 216.115 ms localhost
GET /@fs/C:/Users/USER/Documents/BroCampTasks/Angular_Project/frontend/node_modules/vite/dist/client/env.mjs 200 [15/Apr/2025:08:29:12 +0000] - 211.608 ms localhost
GET /chunk-JK2OZDZD.js 200 [15/Apr/2025:08:29:12 +0000] - 6.143 ms localhost
GET /chunk-JGBXDEY7.js 200 [15/Apr/2025:08:29:13 +0000] - 24.541 ms localhost
GET /chunk-DS2VOW6E.js 200 [15/Apr/2025:08:29:13 +0000] - 53.270 ms localhost
GET /@fs/C:/Users/USER/Documents/BroCampTasks/Angular_Project/frontend/.angular/cache/18.2.15/frontend/vite/deps/@angular_platform-browser.js?v=ffa03c27 200 [15/Apr/2025:08:29:13 +0000] - 41.239 ms localhost
GET /@fs/C:/Users/USER/Documents/BroCampTasks/Angular_Project/frontend/.angular/cache/18.2.15/frontend/vite/deps/@angular_core.js?v=ffa03c27 200 [15/Apr/2025:08:29:13 +0000] - 42.721 ms localhost
GET /@fs/C:/Users/USER/Documents/BroCampTasks/Angular_Project/frontend/.angular/cache/18.2.15/frontend/vite/deps/@angular_router.js?v=ffa03c27 200 [15/Apr/2025:08:29:13 +0000] - 38.567 ms localhost
GET /@fs/C:/Users/USER/Documents/BroCampTasks/Angular_Project/frontend/.angular/cache/18.2.15/frontend/vite/deps/@angular_common_http.js?v=ffa03c27 200 [15/Apr/2025:08:29:13 +0000] - 6.665 ms localhost
GET /@fs/C:/Users/USER/Documents/BroCampTasks/Angular_Project/frontend/.angular/cache/18.2.15/frontend/vite/deps/rxjs.js?v=ffa03c27 200 [15/Apr/2025:08:29:13 +0000] - 13.886 ms localhost
GET /@fs/C:/Users/USER/Documents/BroCampTasks/Angular_Project/frontend/.angular/cache/18.2.15/frontend/vite/deps/ngx-socket-io.js?v=ffa03c27 200 [15/Apr/2025:08:29:13 +0000] - 11.622 ms localhost
GET /@fs/C:/Users/USER/Documents/BroCampTasks/Angular_Project/frontend/.angular/cache/18.2.15/frontend/vite/deps/@angular_forms.js?v=ffa03c27 200 [15/Apr/2025:08:29:13 +0000] - 13.145 ms localhost
GET /@fs/C:/Users/USER/Documents/BroCampTasks/Angular_Project/frontend/.angular/cache/18.2.15/frontend/vite/deps/emoji-picker-element.js?v=ffa03c27 200 [15/Apr/2025:08:29:13 +0000] - 18.862 ms localhost
GET /@fs/C:/Users/USER/Documents/BroCampTasks/Angular_Project/frontend/.angular/cache/18.2.15/frontend/vite/deps/chunk-TI4NIV3R.js?v=ffa03c27 200 [15/Apr/2025:08:29:13 +0000] - 21.786 ms localhost
GET /@fs/C:/Users/USER/Documents/BroCampTasks/Angular_Project/frontend/.angular/cache/18.2.15/frontend/vite/deps/chunk-KHJLBV7G.js?v=ffa03c27 200 [15/Apr/2025:08:29:13 +0000] - 14.476 ms localhost
GET /@fs/C:/Users/USER/Documents/BroCampTasks/Angular_Project/frontend/.angular/cache/18.2.15/frontend/vite/deps/chunk-UWVBNKXZ.js?v=ffa03c27 200 [15/Apr/2025:08:29:13 +0000] - 5.366 ms localhost
GET /@fs/C:/Users/USER/Documents/BroCampTasks/Angular_Project/frontend/.angular/cache/18.2.15/frontend/vite/deps/chunk-KPU55VW5.js?v=ffa03c27 200 [15/Apr/2025:08:29:13 +0000] - 11.176 ms localhost
GET /@fs/C:/Users/USER/Documents/BroCampTasks/Angular_Project/frontend/.angular/cache/18.2.15/frontend/vite/deps/chunk-P6U2JBMQ.js?v=ffa03c27 200 [15/Apr/2025:08:29:13 +0000] - 32.160 ms localhost
GET /@fs/C:/Users/USER/Documents/BroCampTasks/Angular_Project/frontend/.angular/cache/18.2.15/frontend/vite/deps/chunk-XWLXMCJQ.js?v=ffa03c27 200 [15/Apr/2025:08:29:13 +0000] - 28.224 ms localhost
GET /scripts.js 200 [15/Apr/2025:08:29:13 +0000] - 26.965 ms localhost
GET /chunk-NFJAFHB4.js 200 [15/Apr/2025:08:29:14 +0000] - 24.251 ms localhost
GET /favicon.ico 200 [15/Apr/2025:08:29:14 +0000] - 13.587 ms localhost
GET /chunk-KSELMSGV.js 200 [15/Apr/2025:08:29:14 +0000] - 7.332 ms localhost
GET /chunk-NEDMBWF5.js 200 [15/Apr/2025:08:29:14 +0000] - 19.577 ms localhost
GET /chunk-J7PPH75M.js 200 [15/Apr/2025:08:29:14 +0000] - 26.343 ms localhost
GET /chunk-KJ77OHGA.js 200 [15/Apr/2025:08:29:14 +0000] - 27.752 ms localhost
POST /api/user/login 200 [15/Apr/2025:08:29:21 +0000] - 491.151 ms localhost
GET /chunk-LOGHFZ4K.js 200 [15/Apr/2025:08:29:21 +0000] - 7.103 ms localhost
GET /chunk-KHP6R7IV.js 200 [15/Apr/2025:08:29:21 +0000] - 22.907 ms localhost
GET /chunk-7BOPWNU7.js 200 [15/Apr/2025:08:29:21 +0000] - 24.878 ms localhost
GET /chunk-7PGNXLEN.js 200 [15/Apr/2025:08:29:21 +0000] - 8.419 ms localhost
GET /@fs/C:/Users/USER/Documents/BroCampTasks/Angular_Project/frontend/.angular/cache/18.2.15/frontend/vite/deps/bootstrap.js?v=ffa03c27 200 [15/Apr/2025:08:29:21 +0000] - 27.266 ms localhost
GET /@fs/C:/Users/USER/Documents/BroCampTasks/Angular_Project/frontend/.angular/cache/18.2.15/frontend/vite/deps/@angular_common.js?v=ffa03c27 200 [15/Apr/2025:08:29:21 +0000] - 30.137 ms localhost
GET /@fs/C:/Users/USER/Documents/BroCampTasks/Angular_Project/frontend/.angular/cache/18.2.15/frontend/vite/deps/chart__js.js?v=ffa03c27 200 [15/Apr/2025:08:29:21 +0000] - 30.822 ms localhost
GET /api/booking/adminData 401 [15/Apr/2025:08:29:22 +0000] - 116.059 ms localhost
GET /api/booking/adminPaymentList 401 [15/Apr/2025:08:29:22 +0000] - 79.140 ms localhost
GET /api/booking/chartDataAdmin/Weekly 401 [15/Apr/2025:08:29:22 +0000] - 73.899 ms localhost
GET /api/booking/chartDataAdmin/Weekly 401 [15/Apr/2025:08:29:22 +0000] - 34.295 ms localhost
GET /api/user/token/refresh 400 [15/Apr/2025:08:29:22 +0000] - 102.774 ms localhost
GET /api/user/token/refresh - [15/Apr/2025:08:29:22 +0000] - - ms localhost
GET /login 200 [15/Apr/2025:08:31:59 +0000] - 63.176 ms localhost
GET /@vite/client 304 [15/Apr/2025:08:31:59 +0000] - 7.944 ms localhost
GET /styles.css 200 [15/Apr/2025:08:31:59 +0000] - 17.879 ms localhost
GET /polyfills.js 304 [15/Apr/2025:08:32:00 +0000] - 49.690 ms localhost
GET /main.js 304 [15/Apr/2025:08:32:00 +0000] - 47.646 ms localhost
GET /@fs/C:/Users/USER/Documents/BroCampTasks/Angular_Project/frontend/node_modules/vite/dist/client/env.mjs 304 [15/Apr/2025:08:32:00 +0000] - 52.662 ms localhost
GET /scripts.js 304 [15/Apr/2025:08:32:00 +0000] - 73.046 ms localhost
GET /chunk-DS2VOW6E.js 304 [15/Apr/2025:08:32:00 +0000] - 24.387 ms localhost
GET /chunk-JK2OZDZD.js 304 [15/Apr/2025:08:32:00 +0000] - 23.000 ms localhost
GET /chunk-JGBXDEY7.js 304 [15/Apr/2025:08:32:00 +0000] - 20.863 ms localhost
GET /chunk-NFJAFHB4.js 304 [15/Apr/2025:08:32:00 +0000] - 7.346 ms localhost
GET /favicon.ico 304 [15/Apr/2025:08:32:00 +0000] - 8.899 ms localhost
GET /chunk-KSELMSGV.js 304 [15/Apr/2025:08:32:01 +0000] - 12.695 ms localhost
GET /chunk-NEDMBWF5.js 304 [15/Apr/2025:08:32:01 +0000] - 17.471 ms localhost
GET /chunk-J7PPH75M.js 304 [15/Apr/2025:08:32:01 +0000] - 17.902 ms localhost
GET /chunk-KJ77OHGA.js 304 [15/Apr/2025:08:32:01 +0000] - 15.801 ms localhost
POST /api/user/login 200 [15/Apr/2025:08:32:08 +0000] - 260.955 ms localhost
GET /chunk-LOGHFZ4K.js 304 [15/Apr/2025:08:32:08 +0000] - 6.085 ms localhost
GET /chunk-KHP6R7IV.js 304 [15/Apr/2025:08:32:08 +0000] - 9.740 ms localhost
GET /chunk-7BOPWNU7.js 304 [15/Apr/2025:08:32:08 +0000] - 9.081 ms localhost
GET /chunk-7PGNXLEN.js 304 [15/Apr/2025:08:32:08 +0000] - 6.154 ms localhost
GET /api/booking/adminPaymentList 200 [15/Apr/2025:08:32:09 +0000] - 305.299 ms localhost
GET /api/booking/chartDataAdmin/Weekly 200 [15/Apr/2025:08:32:09 +0000] - 309.591 ms localhost
GET /api/booking/adminData 200 [15/Apr/2025:08:32:09 +0000] - 755.887 ms localhost
GET /api/booking/chartDataAdmin/Weekly 200 [15/Apr/2025:08:32:10 +0000] - 84.581 ms localhost
GET /chunk-GG5NKYPR.js 200 [15/Apr/2025:08:32:12 +0000] - 49.058 ms localhost
GET /chunk-C6AFPMUC.js 200 [15/Apr/2025:08:32:13 +0000] - 5.617 ms localhost
GET /api/service/services/count 200 [15/Apr/2025:08:32:13 +0000] - 422.273 ms localhost
GET /api/service/services?pageNumber=1&pageSize=2 200 [15/Apr/2025:08:32:13 +0000] - 334.318 ms localhost
GET /chunk-KQZANGUH.js 200 [15/Apr/2025:08:32:20 +0000] - 23.747 ms localhost
GET /api/event/events?pageNumber=1&pageSize=2 200 [15/Apr/2025:08:32:20 +0000] - 325.445 ms localhost
GET /api/service/services/count 304 [15/Apr/2025:08:32:33 +0000] - 235.737 ms localhost
GET /api/service/services?pageNumber=1&pageSize=2 304 [15/Apr/2025:08:32:34 +0000] - 247.861 ms localhost
GET /chunk-GDRE2SDR.js 200 [15/Apr/2025:08:32:38 +0000] - 17.272 ms localhost
GET /chunk-277RL4Z3.js 200 [15/Apr/2025:08:32:38 +0000] - 10.526 ms localhost
GET /api/booking/bookings?pageNumber=1&pageSize=2 200 [15/Apr/2025:08:32:38 +0000] - 116.566 ms localhost
GET /api/booking/bookings?pageNumber=2&pageSize=2 200 [15/Apr/2025:08:33:55 +0000] - 54.931 ms localhost
GET /api/booking/bookings?pageNumber=1&pageSize=2 304 [15/Apr/2025:08:33:57 +0000] - 100.645 ms localhost
GET /chunk-PESUI3D7.js 200 [15/Apr/2025:08:34:00 +0000] - 17.896 ms localhost
GET /api/user/users?pageNumber=1&pageSize=2 200 [15/Apr/2025:08:34:00 +0000] - 77.431 ms localhost
GET /api/booking/bookings?pageNumber=1&pageSize=2 304 [15/Apr/2025:08:34:01 +0000] - 88.376 ms localhost
GET /chunk-W6BBRKYI.js 200 [15/Apr/2025:08:34:02 +0000] - 22.449 ms localhost
GET /api/booking/salesData/admin?pageNumberService=1&pageNumberEvent=1&pageSize=2 200 [15/Apr/2025:08:34:03 +0000] - 116.349 ms localhost
GET /api/booking/salesData/admin?pageNumberService=1&pageNumberEvent=1&pageSize=2 304 [15/Apr/2025:08:34:03 +0000] - 67.077 ms localhost
GET /api/booking/bookings?pageNumber=1&pageSize=2 304 [15/Apr/2025:08:34:51 +0000] - 48.326 ms localhost
GET /?token=iNnPG64TjOQt - [15/Apr/2025:08:36:00 +0000] - - ms localhost
GET /api/user/users?pageNumber=1&pageSize=2 304 [15/Apr/2025:08:36:44 +0000] - 74.427 ms localhost
GET /users 200 [15/Apr/2025:09:32:40 +0000] - 218.743 ms localhost
GET /@vite/client 304 [15/Apr/2025:09:32:40 +0000] - 57.211 ms localhost
GET /styles.css 200 [15/Apr/2025:09:32:40 +0000] - 50.768 ms localhost
GET /polyfills.js 304 [15/Apr/2025:09:32:41 +0000] - 16.784 ms localhost
GET /main.js 304 [15/Apr/2025:09:32:41 +0000] - 15.197 ms localhost
GET /@fs/C:/Users/USER/Documents/BroCampTasks/Angular_Project/frontend/node_modules/vite/dist/client/env.mjs 304 [15/Apr/2025:09:32:41 +0000] - 5.895 ms localhost
GET /chunk-JK2OZDZD.js 304 [15/Apr/2025:09:32:41 +0000] - 19.720 ms localhost
GET /chunk-JGBXDEY7.js 304 [15/Apr/2025:09:32:41 +0000] - 54.316 ms localhost
GET /chunk-DS2VOW6E.js 304 [15/Apr/2025:09:32:41 +0000] - 45.868 ms localhost
GET /scripts.js 304 [15/Apr/2025:09:32:41 +0000] - 32.909 ms localhost
GET /chunk-LOGHFZ4K.js 304 [15/Apr/2025:09:32:41 +0000] - 9.921 ms localhost
GET /favicon.ico 304 [15/Apr/2025:09:32:42 +0000] - 12.527 ms localhost
GET /chunk-NFJAFHB4.js 304 [15/Apr/2025:09:32:42 +0000] - 11.763 ms localhost
GET /chunk-KSELMSGV.js 304 [15/Apr/2025:09:32:42 +0000] - 5.315 ms localhost
GET /chunk-NEDMBWF5.js 304 [15/Apr/2025:09:32:42 +0000] - 15.510 ms localhost
GET /chunk-J7PPH75M.js 304 [15/Apr/2025:09:32:42 +0000] - 16.590 ms localhost
GET /chunk-KJ77OHGA.js 304 [15/Apr/2025:09:32:42 +0000] - 15.818 ms localhost
POST /api/user/login 200 [15/Apr/2025:09:32:50 +0000] - 754.845 ms localhost
GET /chunk-KHP6R7IV.js 304 [15/Apr/2025:09:32:50 +0000] - 16.492 ms localhost
GET /chunk-7BOPWNU7.js 304 [15/Apr/2025:09:32:50 +0000] - 8.758 ms localhost
GET /chunk-7PGNXLEN.js 304 [15/Apr/2025:09:32:50 +0000] - 8.928 ms localhost
GET /api/booking/adminPaymentList 304 [15/Apr/2025:09:32:51 +0000] - 346.373 ms localhost
GET /api/booking/adminData 304 [15/Apr/2025:09:32:51 +0000] - 563.510 ms localhost
GET /api/booking/chartDataAdmin/Weekly 200 [15/Apr/2025:09:32:51 +0000] - 319.092 ms localhost
GET /api/booking/chartDataAdmin/Weekly 200 [15/Apr/2025:09:32:51 +0000] - 195.817 ms localhost
GET /chunk-KQZANGUH.js 304 [15/Apr/2025:09:32:55 +0000] - 17.999 ms localhost
GET /chunk-C6AFPMUC.js 304 [15/Apr/2025:09:32:55 +0000] - 10.482 ms localhost
GET /api/event/events?pageNumber=1&pageSize=2 304 [15/Apr/2025:09:32:55 +0000] - 215.535 ms localhost
GET /api/event/67992a3fc15772b11925260e 200 [15/Apr/2025:09:33:16 +0000] - 201.544 ms localhost
GET /api/event/service/Marriage 200 [15/Apr/2025:09:33:16 +0000] - 298.396 ms localhost
GET /?token=iNnPG64TjOQt - [15/Apr/2025:09:36:41 +0000] - - ms localhost
GET /events 200 [15/Apr/2025:09:37:19 +0000] - 14.339 ms localhost
GET /@vite/client 304 [15/Apr/2025:09:37:19 +0000] - 12.051 ms localhost
GET /styles.css 200 [15/Apr/2025:09:37:19 +0000] - 23.335 ms localhost
GET /polyfills.js 304 [15/Apr/2025:09:37:20 +0000] - 12.618 ms localhost
GET /main.js 200 [15/Apr/2025:09:37:20 +0000] - 12.025 ms localhost
GET /@fs/C:/Users/USER/Documents/BroCampTasks/Angular_Project/frontend/node_modules/vite/dist/client/env.mjs 304 [15/Apr/2025:09:37:20 +0000] - 16.113 ms localhost
GET /chunk-JK2OZDZD.js 304 [15/Apr/2025:09:37:20 +0000] - 12.630 ms localhost
GET /chunk-JGBXDEY7.js 304 [15/Apr/2025:09:37:20 +0000] - 10.219 ms localhost
GET /chunk-DS2VOW6E.js 304 [15/Apr/2025:09:37:20 +0000] - 8.956 ms localhost
GET /scripts.js 304 [15/Apr/2025:09:37:20 +0000] - 16.491 ms localhost
GET /chunk-2KTYNLOC.js 200 [15/Apr/2025:09:37:21 +0000] - 8.347 ms localhost
GET /chunk-NFJAFHB4.js 304 [15/Apr/2025:09:37:22 +0000] - 11.047 ms localhost
GET /favicon.ico 304 [15/Apr/2025:09:37:22 +0000] - 11.041 ms localhost
GET /chunk-KSELMSGV.js 304 [15/Apr/2025:09:37:22 +0000] - 5.152 ms localhost
GET /chunk-NEDMBWF5.js 304 [15/Apr/2025:09:37:22 +0000] - 10.001 ms localhost
GET /chunk-J7PPH75M.js 304 [15/Apr/2025:09:37:22 +0000] - 11.338 ms localhost
GET /chunk-KJ77OHGA.js 304 [15/Apr/2025:09:37:22 +0000] - 9.950 ms localhost
GET /?token=iNnPG64TjOQt - [15/Apr/2025:09:41:20 +0000] - - ms localhost
POST /api/user/login 200 [15/Apr/2025:09:49:53 +0000] - 550.508 ms localhost
GET /chunk-KHP6R7IV.js 304 [15/Apr/2025:09:49:53 +0000] - 40.393 ms localhost
GET /chunk-7BOPWNU7.js 304 [15/Apr/2025:09:49:53 +0000] - 8.325 ms localhost
GET /chunk-7PGNXLEN.js 304 [15/Apr/2025:09:49:54 +0000] - 10.781 ms localhost
GET /api/booking/adminData 304 [15/Apr/2025:09:49:54 +0000] - 324.861 ms localhost
GET /api/booking/adminPaymentList 304 [15/Apr/2025:09:49:54 +0000] - 232.777 ms localhost
GET /api/booking/chartDataAdmin/Weekly 200 [15/Apr/2025:09:49:54 +0000] - 140.658 ms localhost
GET /api/booking/chartDataAdmin/Weekly 200 [15/Apr/2025:09:49:55 +0000] - 158.857 ms localhost
GET /api/booking/chartDataAdmin/Monthly 200 [15/Apr/2025:09:50:02 +0000] - 111.217 ms localhost
GET /api/booking/chartDataAdmin/Yearly 200 [15/Apr/2025:09:50:05 +0000] - 96.047 ms localhost
GET /styles.css 200 [15/Apr/2025:09:50:23 +0000] - 22.598 ms localhost
GET /@fs/C:/Users/USER/Documents/BroCampTasks/Angular_Project/frontend/.angular/cache/18.2.15/frontend/vite/deps/@angular_platform-browser.js.map 200 [15/Apr/2025:09:50:24 +0000] - 40.331 ms localhost
GET /@fs/C:/Users/USER/Documents/BroCampTasks/Angular_Project/frontend/.angular/cache/18.2.15/frontend/vite/deps/@angular_core.js.map 200 [15/Apr/2025:09:50:24 +0000] - 233.025 ms localhost
GET /@fs/C:/Users/USER/Documents/BroCampTasks/Angular_Project/frontend/.angular/cache/18.2.15/frontend/vite/deps/@angular_router.js.map 200 [15/Apr/2025:09:50:24 +0000] - 254.496 ms localhost
GET /@fs/C:/Users/USER/Documents/BroCampTasks/Angular_Project/frontend/.angular/cache/18.2.15/frontend/vite/deps/ngx-socket-io.js.map 200 [15/Apr/2025:09:50:24 +0000] - 207.272 ms localhost
GET /@fs/C:/Users/USER/Documents/BroCampTasks/Angular_Project/frontend/.angular/cache/18.2.15/frontend/vite/deps/rxjs.js.map 200 [15/Apr/2025:09:50:24 +0000] - 275.180 ms localhost
GET /@fs/C:/Users/USER/Documents/BroCampTasks/Angular_Project/frontend/.angular/cache/18.2.15/frontend/vite/deps/@angular_common_http.js.map 200 [15/Apr/2025:09:50:24 +0000] - 299.102 ms localhost
GET /@fs/C:/Users/USER/Documents/BroCampTasks/Angular_Project/frontend/.angular/cache/18.2.15/frontend/vite/deps/@angular_forms.js.map 200 [15/Apr/2025:09:50:24 +0000] - 84.169 ms localhost
GET /@fs/C:/Users/USER/Documents/BroCampTasks/Angular_Project/frontend/.angular/cache/18.2.15/frontend/vite/deps/chunk-TI4NIV3R.js.map 200 [15/Apr/2025:09:50:24 +0000] - 55.352 ms localhost
GET /@fs/C:/Users/USER/Documents/BroCampTasks/Angular_Project/frontend/.angular/cache/18.2.15/frontend/vite/deps/emoji-picker-element.js.map 200 [15/Apr/2025:09:50:24 +0000] - 71.295 ms localhost
GET /@fs/C:/Users/USER/Documents/BroCampTasks/Angular_Project/frontend/.angular/cache/18.2.15/frontend/vite/deps/chunk-KHJLBV7G.js.map 200 [15/Apr/2025:09:50:24 +0000] - 117.674 ms localhost
GET /@fs/C:/Users/USER/Documents/BroCampTasks/Angular_Project/frontend/.angular/cache/18.2.15/frontend/vite/deps/chunk-UWVBNKXZ.js.map 200 [15/Apr/2025:09:50:24 +0000] - 201.125 ms localhost
GET /@fs/C:/Users/USER/Documents/BroCampTasks/Angular_Project/frontend/.angular/cache/18.2.15/frontend/vite/deps/chunk-P6U2JBMQ.js.map 200 [15/Apr/2025:09:50:25 +0000] - 158.365 ms localhost
GET /@fs/C:/Users/USER/Documents/BroCampTasks/Angular_Project/frontend/.angular/cache/18.2.15/frontend/vite/deps/chunk-KPU55VW5.js.map 200 [15/Apr/2025:09:50:25 +0000] - 358.158 ms localhost
GET /@fs/C:/Users/USER/Documents/BroCampTasks/Angular_Project/frontend/.angular/cache/18.2.15/frontend/vite/deps/chunk-XWLXMCJQ.js.map 200 [15/Apr/2025:09:50:25 +0000] - 33.757 ms localhost
GET /@fs/C:/Users/USER/Documents/BroCampTasks/Angular_Project/frontend/.angular/cache/18.2.15/frontend/vite/deps/@angular_common.js.map 200 [15/Apr/2025:09:50:25 +0000] - 56.392 ms localhost
GET /@fs/C:/Users/USER/Documents/BroCampTasks/Angular_Project/frontend/.angular/cache/18.2.15/frontend/vite/deps/bootstrap.js.map 200 [15/Apr/2025:09:50:25 +0000] - 71.099 ms localhost
GET /@fs/C:/Users/USER/Documents/BroCampTasks/Angular_Project/frontend/.angular/cache/18.2.15/frontend/vite/deps/chart__js.js.map 200 [15/Apr/2025:09:50:25 +0000] - 74.563 ms localhost
GET /admin-dashboard.component.css.map 200 [15/Apr/2025:09:50:25 +0000] - 43.760 ms localhost
GET /styles.css.map 200 [15/Apr/2025:09:50:25 +0000] - 211.975 ms localhost
GET /dashboard.component.css.map 200 [15/Apr/2025:09:50:25 +0000] - 112.753 ms localhost
GET /layout.component.css.map 200 [15/Apr/2025:09:50:25 +0000] - 91.774 ms localhost
GET /api/booking/chartDataAdmin/Weekly 200 [15/Apr/2025:09:50:50 +0000] - 119.562 ms localhost
GET /api/booking/chartDataAdmin/Monthly 200 [15/Apr/2025:09:52:24 +0000] - 98.787 ms localhost
GET /api/booking/chartDataAdmin/Yearly 200 [15/Apr/2025:09:52:28 +0000] - 102.025 ms localhost
GET /chunk-5B6WWXJT.js 200 [15/Apr/2025:09:53:06 +0000] - 64.975 ms localhost
GET /chunk-C6AFPMUC.js 200 [15/Apr/2025:09:53:06 +0000] - 14.167 ms localhost
GET /api/event/events?pageNumber=1&pageSize=2 200 [15/Apr/2025:09:53:06 +0000] - 197.974 ms localhost
GET /api/event/service/Birthday 200 [15/Apr/2025:09:53:11 +0000] - 277.628 ms localhost
GET /api/user/logout 200 [15/Apr/2025:09:53:48 +0000] - 133.023 ms localhost
GET /login.component.css.map 200 [15/Apr/2025:09:53:49 +0000] - 5.576 ms localhost
POST /api/user/login 200 [15/Apr/2025:09:53:58 +0000] - 355.763 ms localhost
GET /dashboard.component.css.map 200 [15/Apr/2025:09:53:59 +0000] - 44.816 ms localhost
GET /layout.component.css.map 200 [15/Apr/2025:09:53:59 +0000] - 49.935 ms localhost
GET /provider-dashboard.component.css.map 200 [15/Apr/2025:09:53:59 +0000] - 54.014 ms localhost
GET /api/booking/chartDataProvider/Weekly/Provider 200 [15/Apr/2025:09:53:59 +0000] - 444.179 ms localhost
GET /api/booking/bookings/673ac7d8306657184e800578 200 [15/Apr/2025:09:53:59 +0000] - 814.370 ms localhost
GET /chunk-GG5NKYPR.js 200 [15/Apr/2025:09:54:05 +0000] - 21.073 ms localhost
GET /api/service/services/count 200 [15/Apr/2025:09:54:06 +0000] - 224.838 ms localhost
GET /api/service/services?pageNumber=1&pageSize=2&providerId=673ac7d8306657184e800578 200 [15/Apr/2025:09:54:06 +0000] - 271.057 ms localhost
GET /services 200 [15/Apr/2025:10:31:05 +0000] - 164.457 ms localhost
GET /@vite/client 200 [15/Apr/2025:10:31:05 +0000] - 114.784 ms localhost
GET /styles.css 200 [15/Apr/2025:10:31:05 +0000] - 214.561 ms localhost
GET /polyfills.js 200 [15/Apr/2025:10:31:06 +0000] - 70.856 ms localhost
GET /main.js 200 [15/Apr/2025:10:31:06 +0000] - 69.574 ms localhost
GET /@fs/C:/Users/USER/Documents/BroCampTasks/Angular_Project/frontend/node_modules/vite/dist/client/env.mjs 200 [15/Apr/2025:10:31:06 +0000] - 11.083 ms localhost
GET /scripts.js 200 [15/Apr/2025:10:31:06 +0000] - 144.239 ms localhost
GET /chunk-JK2OZDZD.js 200 [15/Apr/2025:10:31:06 +0000] - 147.982 ms localhost
GET /chunk-JGBXDEY7.js 200 [15/Apr/2025:10:31:06 +0000] - 152.627 ms localhost
GET /chunk-DS2VOW6E.js 200 [15/Apr/2025:10:31:06 +0000] - 157.199 ms localhost
GET /@fs/C:/Users/USER/Documents/BroCampTasks/Angular_Project/frontend/.angular/cache/18.2.15/frontend/vite/deps/@angular_platform-browser.js?v=ffa03c27 200 [15/Apr/2025:10:31:06 +0000] - 126.572 ms localhost
GET /@fs/C:/Users/USER/Documents/BroCampTasks/Angular_Project/frontend/.angular/cache/18.2.15/frontend/vite/deps/@angular_core.js?v=ffa03c27 200 [15/Apr/2025:10:31:06 +0000] - 137.524 ms localhost
GET /@fs/C:/Users/USER/Documents/BroCampTasks/Angular_Project/frontend/.angular/cache/18.2.15/frontend/vite/deps/@angular_router.js?v=ffa03c27 200 [15/Apr/2025:10:31:06 +0000] - 70.319 ms localhost
GET /@fs/C:/Users/USER/Documents/BroCampTasks/Angular_Project/frontend/.angular/cache/18.2.15/frontend/vite/deps/@angular_common_http.js?v=ffa03c27 200 [15/Apr/2025:10:31:07 +0000] - 5.119 ms localhost
GET /@fs/C:/Users/USER/Documents/BroCampTasks/Angular_Project/frontend/.angular/cache/18.2.15/frontend/vite/deps/rxjs.js?v=ffa03c27 200 [15/Apr/2025:10:31:07 +0000] - 21.967 ms localhost
GET /@fs/C:/Users/USER/Documents/BroCampTasks/Angular_Project/frontend/.angular/cache/18.2.15/frontend/vite/deps/ngx-socket-io.js?v=ffa03c27 200 [15/Apr/2025:10:31:07 +0000] - 18.956 ms localhost
GET /@fs/C:/Users/USER/Documents/BroCampTasks/Angular_Project/frontend/.angular/cache/18.2.15/frontend/vite/deps/@angular_forms.js?v=ffa03c27 200 [15/Apr/2025:10:31:07 +0000] - 30.254 ms localhost
GET /@fs/C:/Users/USER/Documents/BroCampTasks/Angular_Project/frontend/.angular/cache/18.2.15/frontend/vite/deps/emoji-picker-element.js?v=ffa03c27 200 [15/Apr/2025:10:31:07 +0000] - 27.437 ms localhost
GET /@fs/C:/Users/USER/Documents/BroCampTasks/Angular_Project/frontend/.angular/cache/18.2.15/frontend/vite/deps/chunk-TI4NIV3R.js?v=ffa03c27 200 [15/Apr/2025:10:31:07 +0000] - 23.742 ms localhost
GET /@fs/C:/Users/USER/Documents/BroCampTasks/Angular_Project/frontend/.angular/cache/18.2.15/frontend/vite/deps/chunk-KHJLBV7G.js?v=ffa03c27 200 [15/Apr/2025:10:31:07 +0000] - 6.707 ms localhost
GET /@fs/C:/Users/USER/Documents/BroCampTasks/Angular_Project/frontend/.angular/cache/18.2.15/frontend/vite/deps/chunk-UWVBNKXZ.js?v=ffa03c27 200 [15/Apr/2025:10:31:07 +0000] - 15.193 ms localhost
GET /@fs/C:/Users/USER/Documents/BroCampTasks/Angular_Project/frontend/.angular/cache/18.2.15/frontend/vite/deps/chunk-P6U2JBMQ.js?v=ffa03c27 200 [15/Apr/2025:10:31:07 +0000] - 76.524 ms localhost
GET /@fs/C:/Users/USER/Documents/BroCampTasks/Angular_Project/frontend/.angular/cache/18.2.15/frontend/vite/deps/chunk-XWLXMCJQ.js?v=ffa03c27 200 [15/Apr/2025:10:31:07 +0000] - 87.160 ms localhost
GET /@fs/C:/Users/USER/Documents/BroCampTasks/Angular_Project/frontend/.angular/cache/18.2.15/frontend/vite/deps/chunk-KPU55VW5.js?v=ffa03c27 200 [15/Apr/2025:10:31:07 +0000] - 83.388 ms localhost
GET /styles.css.map 200 [15/Apr/2025:10:31:07 +0000] - 108.999 ms localhost
GET /chunk-BCGBG5DS.js 200 [15/Apr/2025:10:31:08 +0000] - 8.678 ms localhost
GET /@fs/C:/Users/USER/Documents/BroCampTasks/Angular_Project/frontend/.angular/cache/18.2.15/frontend/vite/deps/@angular_core.js.map 200 [15/Apr/2025:10:31:08 +0000] - 35.952 ms localhost
GET /@fs/C:/Users/USER/Documents/BroCampTasks/Angular_Project/frontend/.angular/cache/18.2.15/frontend/vite/deps/chunk-XWLXMCJQ.js.map 200 [15/Apr/2025:10:31:08 +0000] - 25.175 ms localhost
GET /favicon.ico 200 [15/Apr/2025:10:31:08 +0000] - 57.863 ms localhost
GET /@fs/C:/Users/USER/Documents/BroCampTasks/Angular_Project/frontend/.angular/cache/18.2.15/frontend/vite/deps/chunk-P6U2JBMQ.js.map 200 [15/Apr/2025:10:31:08 +0000] - 68.293 ms localhost
GET /@fs/C:/Users/USER/Documents/BroCampTasks/Angular_Project/frontend/.angular/cache/18.2.15/frontend/vite/deps/chunk-KPU55VW5.js.map 200 [15/Apr/2025:10:31:08 +0000] - 162.505 ms localhost
GET /chunk-NFJAFHB4.js 200 [15/Apr/2025:10:31:08 +0000] - 8.265 ms localhost
GET /chunk-KSELMSGV.js 200 [15/Apr/2025:10:31:08 +0000] - 41.282 ms localhost
GET /chunk-NEDMBWF5.js 200 [15/Apr/2025:10:31:08 +0000] - 41.375 ms localhost
GET /chunk-J7PPH75M.js 200 [15/Apr/2025:10:31:08 +0000] - 32.030 ms localhost
GET /chunk-KJ77OHGA.js 200 [15/Apr/2025:10:31:08 +0000] - 30.680 ms localhost
GET /@fs/C:/Users/USER/Documents/BroCampTasks/Angular_Project/frontend/.angular/cache/18.2.15/frontend/vite/deps/rxjs.js.map 200 [15/Apr/2025:10:31:08 +0000] - 13.988 ms localhost
GET /@fs/C:/Users/USER/Documents/BroCampTasks/Angular_Project/frontend/.angular/cache/18.2.15/frontend/vite/deps/@angular_common_http.js.map 200 [15/Apr/2025:10:31:09 +0000] - 51.773 ms localhost
GET /@fs/C:/Users/USER/Documents/BroCampTasks/Angular_Project/frontend/.angular/cache/18.2.15/frontend/vite/deps/chunk-UWVBNKXZ.js.map 200 [15/Apr/2025:10:31:09 +0000] - 58.365 ms localhost
GET /@fs/C:/Users/USER/Documents/BroCampTasks/Angular_Project/frontend/.angular/cache/18.2.15/frontend/vite/deps/chunk-KHJLBV7G.js.map 200 [15/Apr/2025:10:31:09 +0000] - 90.312 ms localhost
GET /@fs/C:/Users/USER/Documents/BroCampTasks/Angular_Project/frontend/.angular/cache/18.2.15/frontend/vite/deps/@angular_platform-browser.js.map 200 [15/Apr/2025:10:31:09 +0000] - 64.032 ms localhost
GET /@fs/C:/Users/USER/Documents/BroCampTasks/Angular_Project/frontend/.angular/cache/18.2.15/frontend/vite/deps/chunk-TI4NIV3R.js.map 200 [15/Apr/2025:10:31:09 +0000] - 62.646 ms localhost
GET /@fs/C:/Users/USER/Documents/BroCampTasks/Angular_Project/frontend/.angular/cache/18.2.15/frontend/vite/deps/@angular_router.js.map 200 [15/Apr/2025:10:31:09 +0000] - 28.788 ms localhost
GET /@fs/C:/Users/USER/Documents/BroCampTasks/Angular_Project/frontend/.angular/cache/18.2.15/frontend/vite/deps/ngx-socket-io.js.map 200 [15/Apr/2025:10:31:09 +0000] - 19.503 ms localhost
GET /@fs/C:/Users/USER/Documents/BroCampTasks/Angular_Project/frontend/.angular/cache/18.2.15/frontend/vite/deps/@angular_forms.js.map 200 [15/Apr/2025:10:31:09 +0000] - 26.764 ms localhost
GET /login.component.css.map 200 [15/Apr/2025:10:31:09 +0000] - 13.723 ms localhost
GET /@fs/C:/Users/USER/Documents/BroCampTasks/Angular_Project/frontend/.angular/cache/18.2.15/frontend/vite/deps/emoji-picker-element.js.map 200 [15/Apr/2025:10:31:09 +0000] - 27.342 ms localhost
POST /api/user/login 200 [15/Apr/2025:10:31:15 +0000] - 494.718 ms localhost
GET /chunk-KHP6R7IV.js 200 [15/Apr/2025:10:31:15 +0000] - 20.413 ms localhost
GET /chunk-7BOPWNU7.js 200 [15/Apr/2025:10:31:16 +0000] - 27.594 ms localhost
GET /chunk-7PGNXLEN.js 200 [15/Apr/2025:10:31:16 +0000] - 83.491 ms localhost
GET /@fs/C:/Users/USER/Documents/BroCampTasks/Angular_Project/frontend/.angular/cache/18.2.15/frontend/vite/deps/bootstrap.js?v=ffa03c27 200 [15/Apr/2025:10:31:16 +0000] - 74.728 ms localhost
GET /@fs/C:/Users/USER/Documents/BroCampTasks/Angular_Project/frontend/.angular/cache/18.2.15/frontend/vite/deps/@angular_common.js?v=ffa03c27 200 [15/Apr/2025:10:31:16 +0000] - 73.742 ms localhost
GET /@fs/C:/Users/USER/Documents/BroCampTasks/Angular_Project/frontend/.angular/cache/18.2.15/frontend/vite/deps/chart__js.js?v=ffa03c27 200 [15/Apr/2025:10:31:16 +0000] - 75.172 ms localhost
GET /@fs/C:/Users/USER/Documents/BroCampTasks/Angular_Project/frontend/.angular/cache/18.2.15/frontend/vite/deps/bootstrap.js.map 200 [15/Apr/2025:10:31:16 +0000] - 37.082 ms localhost
GET /@fs/C:/Users/USER/Documents/BroCampTasks/Angular_Project/frontend/.angular/cache/18.2.15/frontend/vite/deps/@angular_common.js.map 200 [15/Apr/2025:10:31:17 +0000] - 103.005 ms localhost
GET /@fs/C:/Users/USER/Documents/BroCampTasks/Angular_Project/frontend/.angular/cache/18.2.15/frontend/vite/deps/chart__js.js.map 200 [15/Apr/2025:10:31:17 +0000] - 157.572 ms localhost
GET /layout.component.css.map 200 [15/Apr/2025:10:31:18 +0000] - 9.852 ms localhost
GET /api/booking/adminPaymentList 200 [15/Apr/2025:10:31:18 +0000] - 672.115 ms localhost
GET /api/booking/adminData 200 [15/Apr/2025:10:31:18 +0000] - 906.536 ms localhost
GET /api/booking/chartDataAdmin/Weekly 200 [15/Apr/2025:10:31:18 +0000] - 623.983 ms localhost
GET /api/booking/chartDataAdmin/Weekly 200 [15/Apr/2025:10:31:18 +0000] - 688.672 ms localhost
GET /dashboard.component.css.map 200 [15/Apr/2025:10:31:18 +0000] - 70.991 ms localhost
GET /admin-dashboard.component.css.map 200 [15/Apr/2025:10:31:18 +0000] - 6.645 ms localhost
GET /chunk-6Y6NPMIG.js 200 [15/Apr/2025:10:31:21 +0000] - 25.424 ms localhost
GET /chunk-C6AFPMUC.js 200 [15/Apr/2025:10:31:21 +0000] - 7.587 ms localhost
GET /api/event/events?pageNumber=1&pageSize=2 200 [15/Apr/2025:10:31:21 +0000] - 205.883 ms localhost
POST /api/event/new 201 [15/Apr/2025:10:32:07 +0000] - 2428.948 ms localhost
GET /api/event/events?pageNumber=1&pageSize=2 200 [15/Apr/2025:10:32:07 +0000] - 130.570 ms localhost
GET /api/event/events?pageNumber=2&pageSize=2 200 [15/Apr/2025:10:32:11 +0000] - 93.005 ms localhost
GET /api/event/67fe35a75a86c1d8b5aedc80 200 [15/Apr/2025:10:32:15 +0000] - 143.343 ms localhost
PATCH /api/event/67fe35a75a86c1d8b5aedc80 200 [15/Apr/2025:10:32:23 +0000] - 253.976 ms localhost
GET /api/event/events?pageNumber=2&pageSize=2 200 [15/Apr/2025:10:32:24 +0000] - 119.085 ms localhost
GET /api/event/67fe35a75a86c1d8b5aedc80 200 [15/Apr/2025:10:33:20 +0000] - 121.038 ms localhost
GET /api/user/logout 200 [15/Apr/2025:10:34:17 +0000] - 32.659 ms localhost
GET /login.component.css.map 200 [15/Apr/2025:10:34:17 +0000] - 6.703 ms localhost
POST /api/user/login 200 [15/Apr/2025:10:34:25 +0000] - 396.526 ms localhost
GET /api/booking/adminData 200 [15/Apr/2025:10:34:26 +0000] - 232.239 ms localhost
GET /admin-dashboard.component.css.map 200 [15/Apr/2025:10:34:26 +0000] - 39.577 ms localhost
GET /dashboard.component.css.map 200 [15/Apr/2025:10:34:26 +0000] - 41.073 ms localhost
GET /api/booking/adminPaymentList 200 [15/Apr/2025:10:34:26 +0000] - 218.941 ms localhost
GET /layout.component.css.map 200 [15/Apr/2025:10:34:26 +0000] - 27.963 ms localhost
GET /api/booking/chartDataAdmin/Weekly 200 [15/Apr/2025:10:34:26 +0000] - 199.799 ms localhost
GET /api/booking/chartDataAdmin/Weekly 200 [15/Apr/2025:10:34:26 +0000] - 174.244 ms localhost
GET /api/event/events?pageNumber=1&pageSize=2 200 [15/Apr/2025:10:34:29 +0000] - 110.349 ms localhost
GET /api/event/67993458c15772b119252624 200 [15/Apr/2025:10:34:32 +0000] - 94.895 ms localhost
GET /api/event/events?pageNumber=2&pageSize=2 200 [15/Apr/2025:10:34:36 +0000] - 93.639 ms localhost
GET /api/event/67fe35a75a86c1d8b5aedc80 200 [15/Apr/2025:10:34:38 +0000] - 86.591 ms localhost
GET /?token=iNnPG64TjOQt - [15/Apr/2025:10:35:06 +0000] - - ms localhost
GET /events 200 [15/Apr/2025:10:35:45 +0000] - 56.682 ms localhost
GET /@vite/client 200 [15/Apr/2025:10:35:45 +0000] - 29.228 ms localhost
GET /styles.css 200 [15/Apr/2025:10:35:46 +0000] - 5.527 ms localhost
GET /polyfills.js 200 [15/Apr/2025:10:35:46 +0000] - 20.828 ms localhost
GET /main.js 200 [15/Apr/2025:10:35:46 +0000] - 5.572 ms localhost
GET /@fs/C:/Users/USER/Documents/BroCampTasks/Angular_Project/frontend/node_modules/vite/dist/client/env.mjs 200 [15/Apr/2025:10:35:47 +0000] - 10.365 ms localhost
GET /chunk-JK2OZDZD.js 200 [15/Apr/2025:10:35:47 +0000] - 4.395 ms localhost
GET /scripts.js 200 [15/Apr/2025:10:35:47 +0000] - 8.835 ms localhost
GET /styles.css.map 200 [15/Apr/2025:10:35:47 +0000] - 7.938 ms localhost
GET /chunk-JGBXDEY7.js 200 [15/Apr/2025:10:35:47 +0000] - 8.813 ms localhost
GET /chunk-DS2VOW6E.js 200 [15/Apr/2025:10:35:47 +0000] - 21.209 ms localhost
GET /@fs/C:/Users/USER/Documents/BroCampTasks/Angular_Project/frontend/.angular/cache/18.2.15/frontend/vite/deps/@angular_platform-browser.js?v=ffa03c27 200 [15/Apr/2025:10:35:47 +0000] - 28.654 ms localhost
GET /@fs/C:/Users/USER/Documents/BroCampTasks/Angular_Project/frontend/.angular/cache/18.2.15/frontend/vite/deps/@angular_core.js?v=ffa03c27 200 [15/Apr/2025:10:35:47 +0000] - 8.864 ms localhost
GET /@fs/C:/Users/USER/Documents/BroCampTasks/Angular_Project/frontend/.angular/cache/18.2.15/frontend/vite/deps/@angular_router.js?v=ffa03c27 200 [15/Apr/2025:10:35:47 +0000] - 18.359 ms localhost
GET /@fs/C:/Users/USER/Documents/BroCampTasks/Angular_Project/frontend/.angular/cache/18.2.15/frontend/vite/deps/@angular_common_http.js?v=ffa03c27 200 [15/Apr/2025:10:35:48 +0000] - 7.736 ms localhost
GET /@fs/C:/Users/USER/Documents/BroCampTasks/Angular_Project/frontend/.angular/cache/18.2.15/frontend/vite/deps/rxjs.js?v=ffa03c27 200 [15/Apr/2025:10:35:48 +0000] - 4.966 ms localhost
GET /@fs/C:/Users/USER/Documents/BroCampTasks/Angular_Project/frontend/.angular/cache/18.2.15/frontend/vite/deps/ngx-socket-io.js?v=ffa03c27 200 [15/Apr/2025:10:35:48 +0000] - 9.061 ms localhost
GET /@fs/C:/Users/USER/Documents/BroCampTasks/Angular_Project/frontend/.angular/cache/18.2.15/frontend/vite/deps/@angular_forms.js?v=ffa03c27 200 [15/Apr/2025:10:35:48 +0000] - 8.513 ms localhost
GET /@fs/C:/Users/USER/Documents/BroCampTasks/Angular_Project/frontend/.angular/cache/18.2.15/frontend/vite/deps/emoji-picker-element.js?v=ffa03c27 200 [15/Apr/2025:10:35:48 +0000] - 11.566 ms localhost
GET /@fs/C:/Users/USER/Documents/BroCampTasks/Angular_Project/frontend/.angular/cache/18.2.15/frontend/vite/deps/chunk-TI4NIV3R.js?v=ffa03c27 200 [15/Apr/2025:10:35:48 +0000] - 16.769 ms localhost
GET /@fs/C:/Users/USER/Documents/BroCampTasks/Angular_Project/frontend/.angular/cache/18.2.15/frontend/vite/deps/chunk-KHJLBV7G.js?v=ffa03c27 200 [15/Apr/2025:10:35:48 +0000] - 8.307 ms localhost
GET /@fs/C:/Users/USER/Documents/BroCampTasks/Angular_Project/frontend/.angular/cache/18.2.15/frontend/vite/deps/chunk-UWVBNKXZ.js?v=ffa03c27 200 [15/Apr/2025:10:35:48 +0000] - 7.789 ms localhost
GET /@fs/C:/Users/USER/Documents/BroCampTasks/Angular_Project/frontend/.angular/cache/18.2.15/frontend/vite/deps/chunk-KPU55VW5.js?v=ffa03c27 200 [15/Apr/2025:10:35:48 +0000] - 16.886 ms localhost
GET /@fs/C:/Users/USER/Documents/BroCampTasks/Angular_Project/frontend/.angular/cache/18.2.15/frontend/vite/deps/chunk-P6U2JBMQ.js?v=ffa03c27 200 [15/Apr/2025:10:35:48 +0000] - 7.683 ms localhost
GET /@fs/C:/Users/USER/Documents/BroCampTasks/Angular_Project/frontend/.angular/cache/18.2.15/frontend/vite/deps/chunk-XWLXMCJQ.js?v=ffa03c27 200 [15/Apr/2025:10:35:49 +0000] - 10.779 ms localhost
GET /@fs/C:/Users/USER/Documents/BroCampTasks/Angular_Project/frontend/.angular/cache/18.2.15/frontend/vite/deps/@angular_core.js.map 200 [15/Apr/2025:10:35:49 +0000] - 10.029 ms localhost
GET /chunk-4OBITP7P.js 200 [15/Apr/2025:10:35:49 +0000] - 107.859 ms localhost
GET /@fs/C:/Users/USER/Documents/BroCampTasks/Angular_Project/frontend/.angular/cache/18.2.15/frontend/vite/deps/chunk-XWLXMCJQ.js.map 200 [15/Apr/2025:10:35:49 +0000] - 111.832 ms localhost
GET /@fs/C:/Users/USER/Documents/BroCampTasks/Angular_Project/frontend/.angular/cache/18.2.15/frontend/vite/deps/chunk-P6U2JBMQ.js.map 200 [15/Apr/2025:10:35:49 +0000] - 138.461 ms localhost
GET /@fs/C:/Users/USER/Documents/BroCampTasks/Angular_Project/frontend/.angular/cache/18.2.15/frontend/vite/deps/chunk-KPU55VW5.js.map 200 [15/Apr/2025:10:35:49 +0000] - 184.370 ms localhost
GET /@fs/C:/Users/USER/Documents/BroCampTasks/Angular_Project/frontend/.angular/cache/18.2.15/frontend/vite/deps/rxjs.js.map 200 [15/Apr/2025:10:35:49 +0000] - 60.995 ms localhost
GET /@fs/C:/Users/USER/Documents/BroCampTasks/Angular_Project/frontend/.angular/cache/18.2.15/frontend/vite/deps/@angular_common_http.js.map 200 [15/Apr/2025:10:35:49 +0000] - 58.167 ms localhost
GET /@fs/C:/Users/USER/Documents/BroCampTasks/Angular_Project/frontend/.angular/cache/18.2.15/frontend/vite/deps/chunk-KHJLBV7G.js.map 200 [15/Apr/2025:10:35:50 +0000] - 21.354 ms localhost
GET /@fs/C:/Users/USER/Documents/BroCampTasks/Angular_Project/frontend/.angular/cache/18.2.15/frontend/vite/deps/chunk-UWVBNKXZ.js.map 200 [15/Apr/2025:10:35:50 +0000] - 24.806 ms localhost
GET /@fs/C:/Users/USER/Documents/BroCampTasks/Angular_Project/frontend/.angular/cache/18.2.15/frontend/vite/deps/@angular_platform-browser.js.map 200 [15/Apr/2025:10:35:50 +0000] - 17.516 ms localhost
GET /@fs/C:/Users/USER/Documents/BroCampTasks/Angular_Project/frontend/.angular/cache/18.2.15/frontend/vite/deps/chunk-TI4NIV3R.js.map 200 [15/Apr/2025:10:35:50 +0000] - 25.247 ms localhost
GET /@fs/C:/Users/USER/Documents/BroCampTasks/Angular_Project/frontend/.angular/cache/18.2.15/frontend/vite/deps/@angular_router.js.map 200 [15/Apr/2025:10:35:50 +0000] - 27.052 ms localhost
GET /@fs/C:/Users/USER/Documents/BroCampTasks/Angular_Project/frontend/.angular/cache/18.2.15/frontend/vite/deps/ngx-socket-io.js.map 200 [15/Apr/2025:10:35:50 +0000] - 29.623 ms localhost
GET /@fs/C:/Users/USER/Documents/BroCampTasks/Angular_Project/frontend/.angular/cache/18.2.15/frontend/vite/deps/emoji-picker-element.js.map 200 [15/Apr/2025:10:35:50 +0000] - 17.601 ms localhost
GET /@fs/C:/Users/USER/Documents/BroCampTasks/Angular_Project/frontend/.angular/cache/18.2.15/frontend/vite/deps/@angular_forms.js.map 200 [15/Apr/2025:10:35:50 +0000] - 29.476 ms localhost
GET /chunk-NFJAFHB4.js 200 [15/Apr/2025:10:35:51 +0000] - 9.026 ms localhost
GET /favicon.ico 200 [15/Apr/2025:10:35:51 +0000] - 13.288 ms localhost
GET /chunk-KSELMSGV.js 200 [15/Apr/2025:10:35:51 +0000] - 20.360 ms localhost
GET /chunk-NEDMBWF5.js 200 [15/Apr/2025:10:35:51 +0000] - 18.812 ms localhost
GET /chunk-J7PPH75M.js 200 [15/Apr/2025:10:35:51 +0000] - 19.707 ms localhost
GET /chunk-KJ77OHGA.js 200 [15/Apr/2025:10:35:51 +0000] - 16.959 ms localhost
GET /login.component.css.map 200 [15/Apr/2025:10:35:52 +0000] - 9.919 ms localhost
GET /login 200 [15/Apr/2025:10:36:12 +0000] - 11.753 ms localhost
GET /?token=iNnPG64TjOQt - [15/Apr/2025:10:36:12 +0000] - - ms localhost
GET /styles.css 200 [15/Apr/2025:10:36:12 +0000] - 29.737 ms localhost
GET /@vite/client 200 [15/Apr/2025:10:36:12 +0000] - 80.844 ms localhost
GET /polyfills.js 200 [15/Apr/2025:10:36:12 +0000] - 81.442 ms localhost
GET /main.js 200 [15/Apr/2025:10:36:12 +0000] - 88.319 ms localhost
GET /scripts.js 200 [15/Apr/2025:10:36:13 +0000] - 22.620 ms localhost
GET /@fs/C:/Users/USER/Documents/BroCampTasks/Angular_Project/frontend/node_modules/vite/dist/client/env.mjs 200 [15/Apr/2025:10:36:13 +0000] - 20.207 ms localhost
GET /chunk-JK2OZDZD.js 200 [15/Apr/2025:10:36:13 +0000] - 13.952 ms localhost
GET /chunk-JGBXDEY7.js 200 [15/Apr/2025:10:36:13 +0000] - 12.743 ms localhost
GET /chunk-DS2VOW6E.js 200 [15/Apr/2025:10:36:13 +0000] - 31.930 ms localhost
GET /@fs/C:/Users/USER/Documents/BroCampTasks/Angular_Project/frontend/.angular/cache/18.2.15/frontend/vite/deps/@angular_platform-browser.js?v=ffa03c27 200 [15/Apr/2025:10:36:13 +0000] - 34.082 ms localhost
GET /@fs/C:/Users/USER/Documents/BroCampTasks/Angular_Project/frontend/.angular/cache/18.2.15/frontend/vite/deps/@angular_core.js?v=ffa03c27 200 [15/Apr/2025:10:36:13 +0000] - 31.520 ms localhost
GET /@fs/C:/Users/USER/Documents/BroCampTasks/Angular_Project/frontend/.angular/cache/18.2.15/frontend/vite/deps/@angular_router.js?v=ffa03c27 200 [15/Apr/2025:10:36:13 +0000] - 35.522 ms localhost
GET /@fs/C:/Users/USER/Documents/BroCampTasks/Angular_Project/frontend/.angular/cache/18.2.15/frontend/vite/deps/@angular_common_http.js?v=ffa03c27 200 [15/Apr/2025:10:36:13 +0000] - 11.596 ms localhost
GET /@fs/C:/Users/USER/Documents/BroCampTasks/Angular_Project/frontend/.angular/cache/18.2.15/frontend/vite/deps/rxjs.js?v=ffa03c27 200 [15/Apr/2025:10:36:13 +0000] - 11.907 ms localhost
GET /@fs/C:/Users/USER/Documents/BroCampTasks/Angular_Project/frontend/.angular/cache/18.2.15/frontend/vite/deps/ngx-socket-io.js?v=ffa03c27 200 [15/Apr/2025:10:36:13 +0000] - 7.207 ms localhost
GET /@fs/C:/Users/USER/Documents/BroCampTasks/Angular_Project/frontend/.angular/cache/18.2.15/frontend/vite/deps/@angular_forms.js?v=ffa03c27 200 [15/Apr/2025:10:36:13 +0000] - 9.803 ms localhost
GET /@fs/C:/Users/USER/Documents/BroCampTasks/Angular_Project/frontend/.angular/cache/18.2.15/frontend/vite/deps/emoji-picker-element.js?v=ffa03c27 200 [15/Apr/2025:10:36:13 +0000] - 11.334 ms localhost
GET /@fs/C:/Users/USER/Documents/BroCampTasks/Angular_Project/frontend/.angular/cache/18.2.15/frontend/vite/deps/chunk-TI4NIV3R.js?v=ffa03c27 200 [15/Apr/2025:10:36:13 +0000] - 16.590 ms localhost
GET /@fs/C:/Users/USER/Documents/BroCampTasks/Angular_Project/frontend/.angular/cache/18.2.15/frontend/vite/deps/chunk-KHJLBV7G.js?v=ffa03c27 200 [15/Apr/2025:10:36:14 +0000] - 39.267 ms localhost
GET /@fs/C:/Users/USER/Documents/BroCampTasks/Angular_Project/frontend/.angular/cache/18.2.15/frontend/vite/deps/chunk-UWVBNKXZ.js?v=ffa03c27 200 [15/Apr/2025:10:36:14 +0000] - 9.013 ms localhost
GET /@fs/C:/Users/USER/Documents/BroCampTasks/Angular_Project/frontend/.angular/cache/18.2.15/frontend/vite/deps/chunk-KPU55VW5.js?v=ffa03c27 200 [15/Apr/2025:10:36:14 +0000] - 17.043 ms localhost
GET /@fs/C:/Users/USER/Documents/BroCampTasks/Angular_Project/frontend/.angular/cache/18.2.15/frontend/vite/deps/chunk-P6U2JBMQ.js?v=ffa03c27 200 [15/Apr/2025:10:36:14 +0000] - 35.845 ms localhost
GET /@fs/C:/Users/USER/Documents/BroCampTasks/Angular_Project/frontend/.angular/cache/18.2.15/frontend/vite/deps/chunk-XWLXMCJQ.js?v=ffa03c27 200 [15/Apr/2025:10:36:14 +0000] - 20.540 ms localhost
GET /styles.css.map 200 [15/Apr/2025:10:36:14 +0000] - 15.285 ms localhost
GET /chunk-NFJAFHB4.js 200 [15/Apr/2025:10:36:14 +0000] - 60.306 ms localhost
GET /favicon.ico 200 [15/Apr/2025:10:36:14 +0000] - 88.257 ms localhost
GET /@fs/C:/Users/USER/Documents/BroCampTasks/Angular_Project/frontend/.angular/cache/18.2.15/frontend/vite/deps/@angular_core.js.map 200 [15/Apr/2025:10:36:14 +0000] - 85.653 ms localhost
GET /@fs/C:/Users/USER/Documents/BroCampTasks/Angular_Project/frontend/.angular/cache/18.2.15/frontend/vite/deps/chunk-XWLXMCJQ.js.map 200 [15/Apr/2025:10:36:14 +0000] - 119.573 ms localhost
GET /@fs/C:/Users/USER/Documents/BroCampTasks/Angular_Project/frontend/.angular/cache/18.2.15/frontend/vite/deps/chunk-P6U2JBMQ.js.map 200 [15/Apr/2025:10:36:14 +0000] - 160.811 ms localhost
GET /@fs/C:/Users/USER/Documents/BroCampTasks/Angular_Project/frontend/.angular/cache/18.2.15/frontend/vite/deps/chunk-KPU55VW5.js.map 200 [15/Apr/2025:10:36:14 +0000] - 193.848 ms localhost
GET /chunk-KSELMSGV.js 200 [15/Apr/2025:10:36:15 +0000] - 9.642 ms localhost
GET /chunk-NEDMBWF5.js 200 [15/Apr/2025:10:36:15 +0000] - 12.229 ms localhost
GET /chunk-J7PPH75M.js 200 [15/Apr/2025:10:36:15 +0000] - 19.049 ms localhost
GET /chunk-KJ77OHGA.js 200 [15/Apr/2025:10:36:15 +0000] - 17.973 ms localhost
GET /@fs/C:/Users/USER/Documents/BroCampTasks/Angular_Project/frontend/.angular/cache/18.2.15/frontend/vite/deps/rxjs.js.map 200 [15/Apr/2025:10:36:15 +0000] - 17.973 ms localhost
GET /@fs/C:/Users/USER/Documents/BroCampTasks/Angular_Project/frontend/.angular/cache/18.2.15/frontend/vite/deps/@angular_common_http.js.map 200 [15/Apr/2025:10:36:15 +0000] - 9.301 ms localhost
GET /@fs/C:/Users/USER/Documents/BroCampTasks/Angular_Project/frontend/.angular/cache/18.2.15/frontend/vite/deps/chunk-KHJLBV7G.js.map 200 [15/Apr/2025:10:36:15 +0000] - 22.222 ms localhost
GET /@fs/C:/Users/USER/Documents/BroCampTasks/Angular_Project/frontend/.angular/cache/18.2.15/frontend/vite/deps/chunk-UWVBNKXZ.js.map 200 [15/Apr/2025:10:36:15 +0000] - 50.030 ms localhost
GET /@fs/C:/Users/USER/Documents/BroCampTasks/Angular_Project/frontend/.angular/cache/18.2.15/frontend/vite/deps/chunk-TI4NIV3R.js.map 200 [15/Apr/2025:10:36:15 +0000] - 26.947 ms localhost
GET /@fs/C:/Users/USER/Documents/BroCampTasks/Angular_Project/frontend/.angular/cache/18.2.15/frontend/vite/deps/@angular_platform-browser.js.map 200 [15/Apr/2025:10:36:15 +0000] - 40.112 ms localhost
GET /@fs/C:/Users/USER/Documents/BroCampTasks/Angular_Project/frontend/.angular/cache/18.2.15/frontend/vite/deps/@angular_router.js.map 200 [15/Apr/2025:10:36:15 +0000] - 18.653 ms localhost
GET /@fs/C:/Users/USER/Documents/BroCampTasks/Angular_Project/frontend/.angular/cache/18.2.15/frontend/vite/deps/ngx-socket-io.js.map 200 [15/Apr/2025:10:36:15 +0000] - 25.105 ms localhost
GET /@fs/C:/Users/USER/Documents/BroCampTasks/Angular_Project/frontend/.angular/cache/18.2.15/frontend/vite/deps/@angular_forms.js.map 200 [15/Apr/2025:10:36:15 +0000] - 87.274 ms localhost
GET /login.component.css.map 200 [15/Apr/2025:10:36:15 +0000] - 13.349 ms localhost
GET /@fs/C:/Users/USER/Documents/BroCampTasks/Angular_Project/frontend/.angular/cache/18.2.15/frontend/vite/deps/emoji-picker-element.js.map 200 [15/Apr/2025:10:36:15 +0000] - 49.856 ms localhost
POST /api/user/login 200 [15/Apr/2025:10:36:20 +0000] - 363.983 ms localhost
GET /chunk-4OBITP7P.js 200 [15/Apr/2025:10:36:20 +0000] - 12.053 ms localhost
GET /chunk-KHP6R7IV.js 200 [15/Apr/2025:10:36:20 +0000] - 20.484 ms localhost
GET /chunk-7BOPWNU7.js 200 [15/Apr/2025:10:36:20 +0000] - 18.107 ms localhost
GET /chunk-7PGNXLEN.js 200 [15/Apr/2025:10:36:21 +0000] - 9.987 ms localhost
GET /@fs/C:/Users/USER/Documents/BroCampTasks/Angular_Project/frontend/.angular/cache/18.2.15/frontend/vite/deps/bootstrap.js?v=ffa03c27 200 [15/Apr/2025:10:36:21 +0000] - 32.948 ms localhost
GET /@fs/C:/Users/USER/Documents/BroCampTasks/Angular_Project/frontend/.angular/cache/18.2.15/frontend/vite/deps/@angular_common.js?v=ffa03c27 200 [15/Apr/2025:10:36:21 +0000] - 35.694 ms localhost
GET /@fs/C:/Users/USER/Documents/BroCampTasks/Angular_Project/frontend/.angular/cache/18.2.15/frontend/vite/deps/chart__js.js?v=ffa03c27 200 [15/Apr/2025:10:36:21 +0000] - 33.758 ms localhost
GET /@fs/C:/Users/USER/Documents/BroCampTasks/Angular_Project/frontend/.angular/cache/18.2.15/frontend/vite/deps/bootstrap.js.map 200 [15/Apr/2025:10:36:21 +0000] - 24.558 ms localhost
GET /@fs/C:/Users/USER/Documents/BroCampTasks/Angular_Project/frontend/.angular/cache/18.2.15/frontend/vite/deps/@angular_common.js.map 200 [15/Apr/2025:10:36:22 +0000] - 42.640 ms localhost
GET /@fs/C:/Users/USER/Documents/BroCampTasks/Angular_Project/frontend/.angular/cache/18.2.15/frontend/vite/deps/chart__js.js.map 200 [15/Apr/2025:10:36:22 +0000] - 83.953 ms localhost
GET /api/booking/adminData 200 [15/Apr/2025:10:36:22 +0000] - 358.550 ms localhost
GET /api/booking/adminPaymentList 200 [15/Apr/2025:10:36:22 +0000] - 335.176 ms localhost
GET /api/booking/chartDataAdmin/Weekly 200 [15/Apr/2025:10:36:22 +0000] - 286.777 ms localhost
GET /api/booking/chartDataAdmin/Weekly 200 [15/Apr/2025:10:36:22 +0000] - 252.343 ms localhost
GET /layout.component.css.map 200 [15/Apr/2025:10:36:22 +0000] - 14.715 ms localhost
GET /dashboard.component.css.map 200 [15/Apr/2025:10:36:22 +0000] - 11.228 ms localhost
GET /admin-dashboard.component.css.map 200 [15/Apr/2025:10:36:22 +0000] - 13.771 ms localhost
GET /chunk-JVHT7XEB.js 200 [15/Apr/2025:10:36:25 +0000] - 22.301 ms localhost
GET /chunk-C6AFPMUC.js 200 [15/Apr/2025:10:36:25 +0000] - 8.991 ms localhost
GET /api/event/events?pageNumber=1&pageSize=2 200 [15/Apr/2025:10:36:25 +0000] - 380.768 ms localhost
GET /api/event/67993458c15772b119252624 200 [15/Apr/2025:10:36:29 +0000] - 82.033 ms localhost
GET /api/event/events?pageNumber=2&pageSize=2 200 [15/Apr/2025:10:36:35 +0000] - 67.428 ms localhost
GET /api/event/67fe35a75a86c1d8b5aedc80 200 [15/Apr/2025:10:36:36 +0000] - 89.331 ms localhost
GET /chunk-GG5NKYPR.js 200 [15/Apr/2025:10:36:52 +0000] - 14.136 ms localhost
GET /api/service/services/count 200 [15/Apr/2025:10:36:52 +0000] - 317.574 ms localhost
GET /api/service/services?pageNumber=1&pageSize=2 200 [15/Apr/2025:10:36:53 +0000] - 283.384 ms localhost
GET /api/event/events?pageNumber=1&pageSize=2 200 [15/Apr/2025:10:37:00 +0000] - 84.806 ms localhost
GET /api/service/services/count 200 [15/Apr/2025:10:37:05 +0000] - 173.780 ms localhost
GET /api/service/services?pageNumber=1&pageSize=2 200 [15/Apr/2025:10:37:05 +0000] - 176.787 ms localhost
GET /chunk-PESUI3D7.js 200 [15/Apr/2025:10:37:37 +0000] - 13.822 ms localhost
GET /api/user/users?pageNumber=1&pageSize=2 200 [15/Apr/2025:10:37:38 +0000] - 146.392 ms localhost
GET /api/event/events?pageNumber=1&pageSize=2 200 [15/Apr/2025:10:37:38 +0000] - 130.021 ms localhost
GET /events 200 [15/Apr/2025:10:39:25 +0000] - 63.121 ms localhost
GET /?token=iNnPG64TjOQt - [15/Apr/2025:10:39:25 +0000] - - ms localhost
GET /@vite/client 200 [15/Apr/2025:10:39:25 +0000] - 69.450 ms localhost
GET /styles.css 200 [15/Apr/2025:10:39:25 +0000] - 43.640 ms localhost
GET /polyfills.js 200 [15/Apr/2025:10:39:25 +0000] - 17.241 ms localhost
GET /main.js 200 [15/Apr/2025:10:39:25 +0000] - 30.318 ms localhost
GET /@fs/C:/Users/USER/Documents/BroCampTasks/Angular_Project/frontend/node_modules/vite/dist/client/env.mjs 200 [15/Apr/2025:10:39:25 +0000] - 74.331 ms localhost
GET /scripts.js 200 [15/Apr/2025:10:39:25 +0000] - 135.649 ms localhost
GET /chunk-JK2OZDZD.js 200 [15/Apr/2025:10:39:26 +0000] - 26.924 ms localhost
GET /chunk-JGBXDEY7.js 200 [15/Apr/2025:10:39:26 +0000] - 29.275 ms localhost
GET /chunk-DS2VOW6E.js 200 [15/Apr/2025:10:39:26 +0000] - 32.752 ms localhost
GET /@fs/C:/Users/USER/Documents/BroCampTasks/Angular_Project/frontend/.angular/cache/18.2.15/frontend/vite/deps/@angular_platform-browser.js?v=ffa03c27 200 [15/Apr/2025:10:39:26 +0000] - 35.900 ms localhost
GET /@fs/C:/Users/USER/Documents/BroCampTasks/Angular_Project/frontend/.angular/cache/18.2.15/frontend/vite/deps/@angular_core.js?v=ffa03c27 200 [15/Apr/2025:10:39:26 +0000] - 45.333 ms localhost
GET /@fs/C:/Users/USER/Documents/BroCampTasks/Angular_Project/frontend/.angular/cache/18.2.15/frontend/vite/deps/@angular_router.js?v=ffa03c27 200 [15/Apr/2025:10:39:26 +0000] - 51.014 ms localhost
GET /@fs/C:/Users/USER/Documents/BroCampTasks/Angular_Project/frontend/.angular/cache/18.2.15/frontend/vite/deps/@angular_common_http.js?v=ffa03c27 200 [15/Apr/2025:10:39:26 +0000] - 8.818 ms localhost
GET /@fs/C:/Users/USER/Documents/BroCampTasks/Angular_Project/frontend/.angular/cache/18.2.15/frontend/vite/deps/rxjs.js?v=ffa03c27 200 [15/Apr/2025:10:39:26 +0000] - 62.135 ms localhost
GET /@fs/C:/Users/USER/Documents/BroCampTasks/Angular_Project/frontend/.angular/cache/18.2.15/frontend/vite/deps/ngx-socket-io.js?v=ffa03c27 200 [15/Apr/2025:10:39:26 +0000] - 34.355 ms localhost
GET /@fs/C:/Users/USER/Documents/BroCampTasks/Angular_Project/frontend/.angular/cache/18.2.15/frontend/vite/deps/@angular_forms.js?v=ffa03c27 200 [15/Apr/2025:10:39:26 +0000] - 31.179 ms localhost
GET /@fs/C:/Users/USER/Documents/BroCampTasks/Angular_Project/frontend/.angular/cache/18.2.15/frontend/vite/deps/emoji-picker-element.js?v=ffa03c27 200 [15/Apr/2025:10:39:26 +0000] - 46.923 ms localhost
GET /@fs/C:/Users/USER/Documents/BroCampTasks/Angular_Project/frontend/.angular/cache/18.2.15/frontend/vite/deps/chunk-TI4NIV3R.js?v=ffa03c27 200 [15/Apr/2025:10:39:26 +0000] - 14.770 ms localhost
GET /@fs/C:/Users/USER/Documents/BroCampTasks/Angular_Project/frontend/.angular/cache/18.2.15/frontend/vite/deps/chunk-KHJLBV7G.js?v=ffa03c27 200 [15/Apr/2025:10:39:26 +0000] - 10.606 ms localhost
GET /@fs/C:/Users/USER/Documents/BroCampTasks/Angular_Project/frontend/.angular/cache/18.2.15/frontend/vite/deps/chunk-UWVBNKXZ.js?v=ffa03c27 200 [15/Apr/2025:10:39:26 +0000] - 16.619 ms localhost
GET /@fs/C:/Users/USER/Documents/BroCampTasks/Angular_Project/frontend/.angular/cache/18.2.15/frontend/vite/deps/chunk-KPU55VW5.js?v=ffa03c27 200 [15/Apr/2025:10:39:26 +0000] - 26.218 ms localhost
GET /@fs/C:/Users/USER/Documents/BroCampTasks/Angular_Project/frontend/.angular/cache/18.2.15/frontend/vite/deps/chunk-P6U2JBMQ.js?v=ffa03c27 200 [15/Apr/2025:10:39:26 +0000] - 32.670 ms localhost
GET /@fs/C:/Users/USER/Documents/BroCampTasks/Angular_Project/frontend/.angular/cache/18.2.15/frontend/vite/deps/chunk-XWLXMCJQ.js?v=ffa03c27 200 [15/Apr/2025:10:39:26 +0000] - 43.131 ms localhost
GET /styles.css.map 200 [15/Apr/2025:10:39:26 +0000] - 24.961 ms localhost
GET /chunk-4N3J2YSJ.js 200 [15/Apr/2025:10:39:27 +0000] - 46.471 ms localhost
GET /@fs/C:/Users/USER/Documents/BroCampTasks/Angular_Project/frontend/.angular/cache/18.2.15/frontend/vite/deps/@angular_core.js.map 200 [15/Apr/2025:10:39:27 +0000] - 49.048 ms localhost
GET /@fs/C:/Users/USER/Documents/BroCampTasks/Angular_Project/frontend/.angular/cache/18.2.15/frontend/vite/deps/chunk-XWLXMCJQ.js.map 200 [15/Apr/2025:10:39:27 +0000] - 32.034 ms localhost
GET /@fs/C:/Users/USER/Documents/BroCampTasks/Angular_Project/frontend/.angular/cache/18.2.15/frontend/vite/deps/rxjs.js.map 200 [15/Apr/2025:10:39:27 +0000] - 31.893 ms localhost
GET /@fs/C:/Users/USER/Documents/BroCampTasks/Angular_Project/frontend/.angular/cache/18.2.15/frontend/vite/deps/chunk-P6U2JBMQ.js.map 200 [15/Apr/2025:10:39:27 +0000] - 65.042 ms localhost
GET /@fs/C:/Users/USER/Documents/BroCampTasks/Angular_Project/frontend/.angular/cache/18.2.15/frontend/vite/deps/chunk-KPU55VW5.js.map 200 [15/Apr/2025:10:39:27 +0000] - 170.919 ms localhost
GET /chunk-NFJAFHB4.js 200 [15/Apr/2025:10:39:27 +0000] - 4.965 ms localhost
GET /favicon.ico 200 [15/Apr/2025:10:39:27 +0000] - 16.972 ms localhost
GET /chunk-KSELMSGV.js 200 [15/Apr/2025:10:39:27 +0000] - 18.697 ms localhost
GET /chunk-NEDMBWF5.js 200 [15/Apr/2025:10:39:27 +0000] - 22.520 ms localhost
GET /chunk-J7PPH75M.js 200 [15/Apr/2025:10:39:27 +0000] - 23.846 ms localhost
GET /chunk-KJ77OHGA.js 200 [15/Apr/2025:10:39:27 +0000] - 11.636 ms localhost
GET /@fs/C:/Users/USER/Documents/BroCampTasks/Angular_Project/frontend/.angular/cache/18.2.15/frontend/vite/deps/@angular_common_http.js.map 200 [15/Apr/2025:10:39:28 +0000] - 7.469 ms localhost
GET /@fs/C:/Users/USER/Documents/BroCampTasks/Angular_Project/frontend/.angular/cache/18.2.15/frontend/vite/deps/chunk-KHJLBV7G.js.map 200 [15/Apr/2025:10:39:28 +0000] - 26.328 ms localhost
GET /@fs/C:/Users/USER/Documents/BroCampTasks/Angular_Project/frontend/.angular/cache/18.2.15/frontend/vite/deps/chunk-UWVBNKXZ.js.map 200 [15/Apr/2025:10:39:28 +0000] - 36.032 ms localhost
GET /@fs/C:/Users/USER/Documents/BroCampTasks/Angular_Project/frontend/.angular/cache/18.2.15/frontend/vite/deps/@angular_platform-browser.js.map 200 [15/Apr/2025:10:39:28 +0000] - 32.668 ms localhost
GET /@fs/C:/Users/USER/Documents/BroCampTasks/Angular_Project/frontend/.angular/cache/18.2.15/frontend/vite/deps/chunk-TI4NIV3R.js.map 200 [15/Apr/2025:10:39:28 +0000] - 34.548 ms localhost
GET /@fs/C:/Users/USER/Documents/BroCampTasks/Angular_Project/frontend/.angular/cache/18.2.15/frontend/vite/deps/@angular_router.js.map 200 [15/Apr/2025:10:39:28 +0000] - 31.115 ms localhost
GET /@fs/C:/Users/USER/Documents/BroCampTasks/Angular_Project/frontend/.angular/cache/18.2.15/frontend/vite/deps/ngx-socket-io.js.map 200 [15/Apr/2025:10:39:28 +0000] - 13.711 ms localhost
GET /@fs/C:/Users/USER/Documents/BroCampTasks/Angular_Project/frontend/.angular/cache/18.2.15/frontend/vite/deps/@angular_forms.js.map 200 [15/Apr/2025:10:39:28 +0000] - 28.481 ms localhost
GET /login.component.css.map 200 [15/Apr/2025:10:39:28 +0000] - 13.478 ms localhost
GET /@fs/C:/Users/USER/Documents/BroCampTasks/Angular_Project/frontend/.angular/cache/18.2.15/frontend/vite/deps/emoji-picker-element.js.map 200 [15/Apr/2025:10:39:28 +0000] - 22.293 ms localhost
POST /api/user/login 200 [15/Apr/2025:10:39:33 +0000] - 178.761 ms localhost
GET /chunk-KHP6R7IV.js 200 [15/Apr/2025:10:39:33 +0000] - 15.075 ms localhost
GET /chunk-7BOPWNU7.js 200 [15/Apr/2025:10:39:33 +0000] - 11.362 ms localhost
GET /chunk-7PGNXLEN.js 200 [15/Apr/2025:10:39:33 +0000] - 10.928 ms localhost
GET /@fs/C:/Users/USER/Documents/BroCampTasks/Angular_Project/frontend/.angular/cache/18.2.15/frontend/vite/deps/bootstrap.js?v=ffa03c27 200 [15/Apr/2025:10:39:34 +0000] - 21.877 ms localhost
GET /@fs/C:/Users/USER/Documents/BroCampTasks/Angular_Project/frontend/.angular/cache/18.2.15/frontend/vite/deps/@angular_common.js?v=ffa03c27 200 [15/Apr/2025:10:39:34 +0000] - 67.064 ms localhost
GET /@fs/C:/Users/USER/Documents/BroCampTasks/Angular_Project/frontend/.angular/cache/18.2.15/frontend/vite/deps/chart__js.js?v=ffa03c27 200 [15/Apr/2025:10:39:34 +0000] - 65.431 ms localhost
GET /@fs/C:/Users/USER/Documents/BroCampTasks/Angular_Project/frontend/.angular/cache/18.2.15/frontend/vite/deps/@angular_common.js.map 200 [15/Apr/2025:10:39:34 +0000] - 44.880 ms localhost
GET /@fs/C:/Users/USER/Documents/BroCampTasks/Angular_Project/frontend/.angular/cache/18.2.15/frontend/vite/deps/bootstrap.js.map 200 [15/Apr/2025:10:39:34 +0000] - 53.378 ms localhost
GET /api/booking/adminData 200 [15/Apr/2025:10:39:34 +0000] - 294.182 ms localhost
GET /api/booking/adminPaymentList 200 [15/Apr/2025:10:39:34 +0000] - 257.805 ms localhost
GET /api/booking/chartDataAdmin/Weekly 200 [15/Apr/2025:10:39:34 +0000] - 264.247 ms localhost
GET /api/booking/chartDataAdmin/Weekly 200 [15/Apr/2025:10:39:34 +0000] - 278.804 ms localhost
GET /dashboard.component.css.map 200 [15/Apr/2025:10:39:35 +0000] - 9.129 ms localhost
GET /@fs/C:/Users/USER/Documents/BroCampTasks/Angular_Project/frontend/.angular/cache/18.2.15/frontend/vite/deps/chart__js.js.map 200 [15/Apr/2025:10:39:35 +0000] - 45.698 ms localhost
GET /admin-dashboard.component.css.map 200 [15/Apr/2025:10:39:35 +0000] - 51.323 ms localhost
GET /layout.component.css.map 200 [15/Apr/2025:10:39:35 +0000] - 34.420 ms localhost
GET /chunk-EHIWGVSZ.js 200 [15/Apr/2025:10:39:37 +0000] - 27.546 ms localhost
GET /chunk-C6AFPMUC.js 200 [15/Apr/2025:10:39:37 +0000] - 17.354 ms localhost
GET /api/event/events?pageNumber=1&pageSize=2 200 [15/Apr/2025:10:39:37 +0000] - 120.616 ms localhost
GET /?token=iNnPG64TjOQt - [15/Apr/2025:10:43:25 +0000] - - ms localhost
GET /events 200 [15/Apr/2025:10:43:56 +0000] - 65.971 ms localhost
GET /@vite/client 200 [15/Apr/2025:10:43:57 +0000] - 28.004 ms localhost
GET /styles.css 200 [15/Apr/2025:10:43:57 +0000] - 6.675 ms localhost
GET /polyfills.js 200 [15/Apr/2025:10:43:58 +0000] - 11.787 ms localhost
GET /main.js 200 [15/Apr/2025:10:43:58 +0000] - 11.058 ms localhost
GET /@fs/C:/Users/USER/Documents/BroCampTasks/Angular_Project/frontend/node_modules/vite/dist/client/env.mjs 200 [15/Apr/2025:10:43:58 +0000] - 51.252 ms localhost
GET /styles.css.map 200 [15/Apr/2025:10:43:58 +0000] - 25.590 ms localhost
GET /chunk-JK2OZDZD.js 200 [15/Apr/2025:10:43:59 +0000] - 5.446 ms localhost
GET /chunk-JGBXDEY7.js 200 [15/Apr/2025:10:43:59 +0000] - 24.838 ms localhost
GET /chunk-DS2VOW6E.js 200 [15/Apr/2025:10:43:59 +0000] - 11.002 ms localhost
GET /@fs/C:/Users/USER/Documents/BroCampTasks/Angular_Project/frontend/.angular/cache/18.2.15/frontend/vite/deps/@angular_platform-browser.js?v=ffa03c27 200 [15/Apr/2025:10:43:59 +0000] - 10.005 ms localhost
GET /@fs/C:/Users/USER/Documents/BroCampTasks/Angular_Project/frontend/.angular/cache/18.2.15/frontend/vite/deps/@angular_core.js?v=ffa03c27 200 [15/Apr/2025:10:43:59 +0000] - 11.663 ms localhost
GET /@fs/C:/Users/USER/Documents/BroCampTasks/Angular_Project/frontend/.angular/cache/18.2.15/frontend/vite/deps/@angular_router.js?v=ffa03c27 200 [15/Apr/2025:10:43:59 +0000] - 17.485 ms localhost
GET /@fs/C:/Users/USER/Documents/BroCampTasks/Angular_Project/frontend/.angular/cache/18.2.15/frontend/vite/deps/@angular_common_http.js?v=ffa03c27 200 [15/Apr/2025:10:43:59 +0000] - 12.374 ms localhost
GET /@fs/C:/Users/USER/Documents/BroCampTasks/Angular_Project/frontend/.angular/cache/18.2.15/frontend/vite/deps/rxjs.js?v=ffa03c27 200 [15/Apr/2025:10:43:59 +0000] - 10.838 ms localhost
GET /@fs/C:/Users/USER/Documents/BroCampTasks/Angular_Project/frontend/.angular/cache/18.2.15/frontend/vite/deps/ngx-socket-io.js?v=ffa03c27 200 [15/Apr/2025:10:43:59 +0000] - 11.678 ms localhost
GET /@fs/C:/Users/USER/Documents/BroCampTasks/Angular_Project/frontend/.angular/cache/18.2.15/frontend/vite/deps/@angular_forms.js?v=ffa03c27 200 [15/Apr/2025:10:44:00 +0000] - 9.877 ms localhost
GET /@fs/C:/Users/USER/Documents/BroCampTasks/Angular_Project/frontend/.angular/cache/18.2.15/frontend/vite/deps/emoji-picker-element.js?v=ffa03c27 200 [15/Apr/2025:10:44:00 +0000] - 15.516 ms localhost
GET /@fs/C:/Users/USER/Documents/BroCampTasks/Angular_Project/frontend/.angular/cache/18.2.15/frontend/vite/deps/chunk-TI4NIV3R.js?v=ffa03c27 200 [15/Apr/2025:10:44:00 +0000] - 11.281 ms localhost
GET /@fs/C:/Users/USER/Documents/BroCampTasks/Angular_Project/frontend/.angular/cache/18.2.15/frontend/vite/deps/chunk-KHJLBV7G.js?v=ffa03c27 200 [15/Apr/2025:10:44:00 +0000] - 8.194 ms localhost
GET /@fs/C:/Users/USER/Documents/BroCampTasks/Angular_Project/frontend/.angular/cache/18.2.15/frontend/vite/deps/chunk-UWVBNKXZ.js?v=ffa03c27 200 [15/Apr/2025:10:44:00 +0000] - 15.237 ms localhost
GET /@fs/C:/Users/USER/Documents/BroCampTasks/Angular_Project/frontend/.angular/cache/18.2.15/frontend/vite/deps/chunk-KPU55VW5.js?v=ffa03c27 200 [15/Apr/2025:10:44:00 +0000] - 24.201 ms localhost
GET /@fs/C:/Users/USER/Documents/BroCampTasks/Angular_Project/frontend/.angular/cache/18.2.15/frontend/vite/deps/chunk-P6U2JBMQ.js?v=ffa03c27 200 [15/Apr/2025:10:44:00 +0000] - 9.116 ms localhost
GET /@fs/C:/Users/USER/Documents/BroCampTasks/Angular_Project/frontend/.angular/cache/18.2.15/frontend/vite/deps/chunk-XWLXMCJQ.js?v=ffa03c27 200 [15/Apr/2025:10:44:00 +0000] - 4.855 ms localhost
GET /scripts.js 200 [15/Apr/2025:10:44:00 +0000] - 21.008 ms localhost
GET /@fs/C:/Users/USER/Documents/BroCampTasks/Angular_Project/frontend/.angular/cache/18.2.15/frontend/vite/deps/@angular_core.js.map 200 [15/Apr/2025:10:44:00 +0000] - 8.744 ms localhost
GET /@fs/C:/Users/USER/Documents/BroCampTasks/Angular_Project/frontend/.angular/cache/18.2.15/frontend/vite/deps/chunk-P6U2JBMQ.js.map 200 [15/Apr/2025:10:44:01 +0000] - 17.906 ms localhost
GET /@fs/C:/Users/USER/Documents/BroCampTasks/Angular_Project/frontend/.angular/cache/18.2.15/frontend/vite/deps/chunk-KPU55VW5.js.map 200 [15/Apr/2025:10:44:01 +0000] - 96.376 ms localhost
GET /@fs/C:/Users/USER/Documents/BroCampTasks/Angular_Project/frontend/.angular/cache/18.2.15/frontend/vite/deps/rxjs.js.map 200 [15/Apr/2025:10:44:01 +0000] - 104.542 ms localhost
GET /@fs/C:/Users/USER/Documents/BroCampTasks/Angular_Project/frontend/.angular/cache/18.2.15/frontend/vite/deps/chunk-XWLXMCJQ.js.map 200 [15/Apr/2025:10:44:01 +0000] - 111.956 ms localhost
GET /@fs/C:/Users/USER/Documents/BroCampTasks/Angular_Project/frontend/.angular/cache/18.2.15/frontend/vite/deps/@angular_common_http.js.map 200 [15/Apr/2025:10:44:01 +0000] - 31.454 ms localhost
GET /chunk-7CFHIKGG.js 200 [15/Apr/2025:10:44:01 +0000] - 37.298 ms localhost
GET /@fs/C:/Users/USER/Documents/BroCampTasks/Angular_Project/frontend/.angular/cache/18.2.15/frontend/vite/deps/chunk-KHJLBV7G.js.map 200 [15/Apr/2025:10:44:01 +0000] - 177.799 ms localhost
GET /@fs/C:/Users/USER/Documents/BroCampTasks/Angular_Project/frontend/.angular/cache/18.2.15/frontend/vite/deps/@angular_platform-browser.js.map 200 [15/Apr/2025:10:44:01 +0000] - 41.463 ms localhost
GET /@fs/C:/Users/USER/Documents/BroCampTasks/Angular_Project/frontend/.angular/cache/18.2.15/frontend/vite/deps/chunk-TI4NIV3R.js.map 200 [15/Apr/2025:10:44:01 +0000] - 45.394 ms localhost
GET /@fs/C:/Users/USER/Documents/BroCampTasks/Angular_Project/frontend/.angular/cache/18.2.15/frontend/vite/deps/chunk-UWVBNKXZ.js.map 200 [15/Apr/2025:10:44:01 +0000] - 71.011 ms localhost
GET /@fs/C:/Users/USER/Documents/BroCampTasks/Angular_Project/frontend/.angular/cache/18.2.15/frontend/vite/deps/@angular_router.js.map 200 [15/Apr/2025:10:44:01 +0000] - 34.309 ms localhost
GET /@fs/C:/Users/USER/Documents/BroCampTasks/Angular_Project/frontend/.angular/cache/18.2.15/frontend/vite/deps/ngx-socket-io.js.map 200 [15/Apr/2025:10:44:01 +0000] - 29.863 ms localhost
GET /@fs/C:/Users/USER/Documents/BroCampTasks/Angular_Project/frontend/.angular/cache/18.2.15/frontend/vite/deps/@angular_forms.js.map 200 [15/Apr/2025:10:44:01 +0000] - 64.137 ms localhost
GET /@fs/C:/Users/USER/Documents/BroCampTasks/Angular_Project/frontend/.angular/cache/18.2.15/frontend/vite/deps/emoji-picker-element.js.map 200 [15/Apr/2025:10:44:01 +0000] - 45.560 ms localhost
GET /chunk-NFJAFHB4.js 200 [15/Apr/2025:10:44:04 +0000] - 7.962 ms localhost
GET /favicon.ico 200 [15/Apr/2025:10:44:04 +0000] - 16.332 ms localhost
GET /chunk-KSELMSGV.js 200 [15/Apr/2025:10:44:04 +0000] - 14.487 ms localhost
GET /chunk-NEDMBWF5.js 200 [15/Apr/2025:10:44:04 +0000] - 21.149 ms localhost
GET /chunk-J7PPH75M.js 200 [15/Apr/2025:10:44:04 +0000] - 20.276 ms localhost
GET /chunk-KJ77OHGA.js 200 [15/Apr/2025:10:44:04 +0000] - 18.676 ms localhost
GET /login.component.css.map 200 [15/Apr/2025:10:44:04 +0000] - 13.352 ms localhost
GET /?token=iNnPG64TjOQt - [15/Apr/2025:10:47:59 +0000] - - ms localhost
GET /login 200 [15/Apr/2025:12:57:17 +0000] - 545.232 ms localhost
GET /@vite/client 200 [15/Apr/2025:12:57:18 +0000] - 58.382 ms localhost
GET /styles.css 200 [15/Apr/2025:12:57:18 +0000] - 8.210 ms localhost
GET /polyfills.js 200 [15/Apr/2025:12:57:19 +0000] - 90.048 ms localhost
GET /main.js 200 [15/Apr/2025:12:57:19 +0000] - 93.129 ms localhost
GET /@fs/C:/Users/USER/Documents/BroCampTasks/Angular_Project/frontend/node_modules/vite/dist/client/env.mjs 200 [15/Apr/2025:12:57:20 +0000] - 12.988 ms localhost
GET /chunk-JK2OZDZD.js 200 [15/Apr/2025:12:57:20 +0000] - 9.973 ms localhost
GET /styles.css.map 200 [15/Apr/2025:12:57:20 +0000] - 9.749 ms localhost
GET /chunk-JGBXDEY7.js 200 [15/Apr/2025:12:57:20 +0000] - 9.161 ms localhost
GET /chunk-DS2VOW6E.js 200 [15/Apr/2025:12:57:20 +0000] - 17.793 ms localhost
GET /@fs/C:/Users/USER/Documents/BroCampTasks/Angular_Project/frontend/.angular/cache/18.2.15/frontend/vite/deps/@angular_platform-browser.js?v=ffa03c27 200 [15/Apr/2025:12:57:20 +0000] - 16.598 ms localhost
GET /@fs/C:/Users/USER/Documents/BroCampTasks/Angular_Project/frontend/.angular/cache/18.2.15/frontend/vite/deps/@angular_core.js?v=ffa03c27 200 [15/Apr/2025:12:57:21 +0000] - 13.315 ms localhost
GET /@fs/C:/Users/USER/Documents/BroCampTasks/Angular_Project/frontend/.angular/cache/18.2.15/frontend/vite/deps/@angular_router.js?v=ffa03c27 200 [15/Apr/2025:12:57:21 +0000] - 14.918 ms localhost
GET /@fs/C:/Users/USER/Documents/BroCampTasks/Angular_Project/frontend/.angular/cache/18.2.15/frontend/vite/deps/@angular_common_http.js?v=ffa03c27 200 [15/Apr/2025:12:57:21 +0000] - 6.436 ms localhost
GET /@fs/C:/Users/USER/Documents/BroCampTasks/Angular_Project/frontend/.angular/cache/18.2.15/frontend/vite/deps/rxjs.js?v=ffa03c27 200 [15/Apr/2025:12:57:21 +0000] - 8.253 ms localhost
GET /@fs/C:/Users/USER/Documents/BroCampTasks/Angular_Project/frontend/.angular/cache/18.2.15/frontend/vite/deps/ngx-socket-io.js?v=ffa03c27 200 [15/Apr/2025:12:57:21 +0000] - 9.700 ms localhost
GET /@fs/C:/Users/USER/Documents/BroCampTasks/Angular_Project/frontend/.angular/cache/18.2.15/frontend/vite/deps/@angular_forms.js?v=ffa03c27 200 [15/Apr/2025:12:57:21 +0000] - 12.087 ms localhost
GET /@fs/C:/Users/USER/Documents/BroCampTasks/Angular_Project/frontend/.angular/cache/18.2.15/frontend/vite/deps/emoji-picker-element.js?v=ffa03c27 200 [15/Apr/2025:12:57:21 +0000] - 8.178 ms localhost
GET /@fs/C:/Users/USER/Documents/BroCampTasks/Angular_Project/frontend/.angular/cache/18.2.15/frontend/vite/deps/chunk-TI4NIV3R.js?v=ffa03c27 200 [15/Apr/2025:12:57:21 +0000] - 18.188 ms localhost
GET /@fs/C:/Users/USER/Documents/BroCampTasks/Angular_Project/frontend/.angular/cache/18.2.15/frontend/vite/deps/chunk-KHJLBV7G.js?v=ffa03c27 200 [15/Apr/2025:12:57:21 +0000] - 6.646 ms localhost
GET /@fs/C:/Users/USER/Documents/BroCampTasks/Angular_Project/frontend/.angular/cache/18.2.15/frontend/vite/deps/chunk-UWVBNKXZ.js?v=ffa03c27 200 [15/Apr/2025:12:57:21 +0000] - 12.429 ms localhost
GET /@fs/C:/Users/USER/Documents/BroCampTasks/Angular_Project/frontend/.angular/cache/18.2.15/frontend/vite/deps/chunk-KPU55VW5.js?v=ffa03c27 200 [15/Apr/2025:12:57:21 +0000] - 27.732 ms localhost
GET /@fs/C:/Users/USER/Documents/BroCampTasks/Angular_Project/frontend/.angular/cache/18.2.15/frontend/vite/deps/chunk-P6U2JBMQ.js?v=ffa03c27 200 [15/Apr/2025:12:57:21 +0000] - 26.511 ms localhost
GET /@fs/C:/Users/USER/Documents/BroCampTasks/Angular_Project/frontend/.angular/cache/18.2.15/frontend/vite/deps/chunk-XWLXMCJQ.js?v=ffa03c27 200 [15/Apr/2025:12:57:22 +0000] - 12.824 ms localhost
GET /scripts.js 200 [15/Apr/2025:12:57:22 +0000] - 16.543 ms localhost
GET /@fs/C:/Users/USER/Documents/BroCampTasks/Angular_Project/frontend/.angular/cache/18.2.15/frontend/vite/deps/@angular_core.js.map 200 [15/Apr/2025:12:57:22 +0000] - 11.665 ms localhost
GET /chunk-NFJAFHB4.js 200 [15/Apr/2025:12:57:22 +0000] - 34.781 ms localhost
GET /@fs/C:/Users/USER/Documents/BroCampTasks/Angular_Project/frontend/.angular/cache/18.2.15/frontend/vite/deps/chunk-P6U2JBMQ.js.map 200 [15/Apr/2025:12:57:22 +0000] - 46.209 ms localhost
GET /@fs/C:/Users/USER/Documents/BroCampTasks/Angular_Project/frontend/.angular/cache/18.2.15/frontend/vite/deps/chunk-XWLXMCJQ.js.map 200 [15/Apr/2025:12:57:22 +0000] - 63.457 ms localhost
GET /@fs/C:/Users/USER/Documents/BroCampTasks/Angular_Project/frontend/.angular/cache/18.2.15/frontend/vite/deps/chunk-KPU55VW5.js.map 200 [15/Apr/2025:12:57:22 +0000] - 337.587 ms localhost
GET /@fs/C:/Users/USER/Documents/BroCampTasks/Angular_Project/frontend/.angular/cache/18.2.15/frontend/vite/deps/rxjs.js.map 200 [15/Apr/2025:12:57:22 +0000] - 344.320 ms localhost
GET /@fs/C:/Users/USER/Documents/BroCampTasks/Angular_Project/frontend/.angular/cache/18.2.15/frontend/vite/deps/@angular_common_http.js.map 200 [15/Apr/2025:12:57:22 +0000] - 341.385 ms localhost
GET /@fs/C:/Users/USER/Documents/BroCampTasks/Angular_Project/frontend/.angular/cache/18.2.15/frontend/vite/deps/chunk-KHJLBV7G.js.map 200 [15/Apr/2025:12:57:23 +0000] - 151.585 ms localhost
GET /@fs/C:/Users/USER/Documents/BroCampTasks/Angular_Project/frontend/.angular/cache/18.2.15/frontend/vite/deps/chunk-UWVBNKXZ.js.map 200 [15/Apr/2025:12:57:23 +0000] - 189.120 ms localhost
GET /@fs/C:/Users/USER/Documents/BroCampTasks/Angular_Project/frontend/.angular/cache/18.2.15/frontend/vite/deps/@angular_platform-browser.js.map 200 [15/Apr/2025:12:57:23 +0000] - 195.289 ms localhost
GET /@fs/C:/Users/USER/Documents/BroCampTasks/Angular_Project/frontend/.angular/cache/18.2.15/frontend/vite/deps/chunk-TI4NIV3R.js.map 200 [15/Apr/2025:12:57:23 +0000] - 19.494 ms localhost
GET /@fs/C:/Users/USER/Documents/BroCampTasks/Angular_Project/frontend/.angular/cache/18.2.15/frontend/vite/deps/@angular_router.js.map 200 [15/Apr/2025:12:57:23 +0000] - 25.461 ms localhost
GET /@fs/C:/Users/USER/Documents/BroCampTasks/Angular_Project/frontend/.angular/cache/18.2.15/frontend/vite/deps/ngx-socket-io.js.map 200 [15/Apr/2025:12:57:23 +0000] - 16.754 ms localhost
GET /@fs/C:/Users/USER/Documents/BroCampTasks/Angular_Project/frontend/.angular/cache/18.2.15/frontend/vite/deps/@angular_forms.js.map 200 [15/Apr/2025:12:57:23 +0000] - 20.263 ms localhost
GET /@fs/C:/Users/USER/Documents/BroCampTasks/Angular_Project/frontend/.angular/cache/18.2.15/frontend/vite/deps/emoji-picker-element.js.map 200 [15/Apr/2025:12:57:23 +0000] - 10.829 ms localhost
GET /chunk-KSELMSGV.js 200 [15/Apr/2025:12:57:24 +0000] - 13.325 ms localhost
GET /chunk-NEDMBWF5.js 200 [15/Apr/2025:12:57:24 +0000] - 12.660 ms localhost
GET /chunk-J7PPH75M.js 200 [15/Apr/2025:12:57:24 +0000] - 12.727 ms localhost
GET /chunk-KJ77OHGA.js 200 [15/Apr/2025:12:57:24 +0000] - 10.496 ms localhost
GET /favicon.ico 200 [15/Apr/2025:12:57:24 +0000] - 10.231 ms localhost
GET /login.component.css.map 200 [15/Apr/2025:12:57:24 +0000] - 6.574 ms localhost
GET /?token=iNnPG64TjOQt - [15/Apr/2025:13:01:20 +0000] - - ms localhost
GET /login 200 [15/Apr/2025:13:07:22 +0000] - 23.863 ms localhost
GET /@vite/client 200 [15/Apr/2025:13:07:23 +0000] - 30.031 ms localhost
GET /styles.css 200 [15/Apr/2025:13:07:23 +0000] - 5.322 ms localhost
GET /polyfills.js 200 [15/Apr/2025:13:07:23 +0000] - 8.515 ms localhost
GET /main.js 200 [15/Apr/2025:13:07:23 +0000] - 7.816 ms localhost
GET /@fs/C:/Users/USER/Documents/BroCampTasks/Angular_Project/frontend/node_modules/vite/dist/client/env.mjs 200 [15/Apr/2025:13:07:24 +0000] - 18.114 ms localhost
GET /chunk-JK2OZDZD.js 200 [15/Apr/2025:13:07:24 +0000] - 10.768 ms localhost
GET /styles.css.map 200 [15/Apr/2025:13:07:24 +0000] - 6.279 ms localhost
GET /chunk-JGBXDEY7.js 200 [15/Apr/2025:13:07:24 +0000] - 8.170 ms localhost
GET /chunk-DS2VOW6E.js 200 [15/Apr/2025:13:07:24 +0000] - 6.254 ms localhost
GET /@fs/C:/Users/USER/Documents/BroCampTasks/Angular_Project/frontend/.angular/cache/18.2.15/frontend/vite/deps/@angular_platform-browser.js?v=ffa03c27 200 [15/Apr/2025:13:07:24 +0000] - 18.045 ms localhost
GET /@fs/C:/Users/USER/Documents/BroCampTasks/Angular_Project/frontend/.angular/cache/18.2.15/frontend/vite/deps/@angular_core.js?v=ffa03c27 200 [15/Apr/2025:13:07:24 +0000] - 17.943 ms localhost
GET /@fs/C:/Users/USER/Documents/BroCampTasks/Angular_Project/frontend/.angular/cache/18.2.15/frontend/vite/deps/@angular_router.js?v=ffa03c27 200 [15/Apr/2025:13:07:24 +0000] - 15.685 ms localhost
GET /@fs/C:/Users/USER/Documents/BroCampTasks/Angular_Project/frontend/.angular/cache/18.2.15/frontend/vite/deps/@angular_common_http.js?v=ffa03c27 200 [15/Apr/2025:13:07:24 +0000] - 8.938 ms localhost
GET /@fs/C:/Users/USER/Documents/BroCampTasks/Angular_Project/frontend/.angular/cache/18.2.15/frontend/vite/deps/rxjs.js?v=ffa03c27 200 [15/Apr/2025:13:07:25 +0000] - 43.962 ms localhost
GET /@fs/C:/Users/USER/Documents/BroCampTasks/Angular_Project/frontend/.angular/cache/18.2.15/frontend/vite/deps/ngx-socket-io.js?v=ffa03c27 200 [15/Apr/2025:13:07:25 +0000] - 38.272 ms localhost
GET /@fs/C:/Users/USER/Documents/BroCampTasks/Angular_Project/frontend/.angular/cache/18.2.15/frontend/vite/deps/@angular_forms.js?v=ffa03c27 200 [15/Apr/2025:13:07:25 +0000] - 49.633 ms localhost
GET /@fs/C:/Users/USER/Documents/BroCampTasks/Angular_Project/frontend/.angular/cache/18.2.15/frontend/vite/deps/emoji-picker-element.js?v=ffa03c27 200 [15/Apr/2025:13:07:28 +0000] - 11.439 ms localhost
GET /@fs/C:/Users/USER/Documents/BroCampTasks/Angular_Project/frontend/.angular/cache/18.2.15/frontend/vite/deps/chunk-TI4NIV3R.js?v=ffa03c27 200 [15/Apr/2025:13:07:28 +0000] - 19.229 ms localhost
GET /@fs/C:/Users/USER/Documents/BroCampTasks/Angular_Project/frontend/.angular/cache/18.2.15/frontend/vite/deps/chunk-KHJLBV7G.js?v=ffa03c27 200 [15/Apr/2025:13:07:28 +0000] - 75.495 ms localhost
GET /@fs/C:/Users/USER/Documents/BroCampTasks/Angular_Project/frontend/.angular/cache/18.2.15/frontend/vite/deps/chunk-UWVBNKXZ.js?v=ffa03c27 200 [15/Apr/2025:13:07:28 +0000] - 49.580 ms localhost
GET /@fs/C:/Users/USER/Documents/BroCampTasks/Angular_Project/frontend/.angular/cache/18.2.15/frontend/vite/deps/chunk-KPU55VW5.js?v=ffa03c27 200 [15/Apr/2025:13:07:29 +0000] - 33.967 ms localhost
GET /@fs/C:/Users/USER/Documents/BroCampTasks/Angular_Project/frontend/.angular/cache/18.2.15/frontend/vite/deps/chunk-P6U2JBMQ.js?v=ffa03c27 200 [15/Apr/2025:13:07:29 +0000] - 7.723 ms localhost
GET /@fs/C:/Users/USER/Documents/BroCampTasks/Angular_Project/frontend/.angular/cache/18.2.15/frontend/vite/deps/chunk-XWLXMCJQ.js?v=ffa03c27 200 [15/Apr/2025:13:07:29 +0000] - 10.052 ms localhost
GET /scripts.js 200 [15/Apr/2025:13:07:29 +0000] - 19.657 ms localhost
GET /@fs/C:/Users/USER/Documents/BroCampTasks/Angular_Project/frontend/.angular/cache/18.2.15/frontend/vite/deps/@angular_core.js.map 200 [15/Apr/2025:13:07:29 +0000] - 8.350 ms localhost
GET /chunk-NFJAFHB4.js 200 [15/Apr/2025:13:07:30 +0000] - 23.252 ms localhost
GET /@fs/C:/Users/USER/Documents/BroCampTasks/Angular_Project/frontend/.angular/cache/18.2.15/frontend/vite/deps/chunk-XWLXMCJQ.js.map 200 [15/Apr/2025:13:07:30 +0000] - 15.301 ms localhost
GET /@fs/C:/Users/USER/Documents/BroCampTasks/Angular_Project/frontend/.angular/cache/18.2.15/frontend/vite/deps/rxjs.js.map 200 [15/Apr/2025:13:07:30 +0000] - 16.407 ms localhost
GET /@fs/C:/Users/USER/Documents/BroCampTasks/Angular_Project/frontend/.angular/cache/18.2.15/frontend/vite/deps/chunk-P6U2JBMQ.js.map 200 [15/Apr/2025:13:07:30 +0000] - 28.687 ms localhost
GET /@fs/C:/Users/USER/Documents/BroCampTasks/Angular_Project/frontend/.angular/cache/18.2.15/frontend/vite/deps/chunk-KPU55VW5.js.map 200 [15/Apr/2025:13:07:30 +0000] - 103.457 ms localhost
GET /@fs/C:/Users/USER/Documents/BroCampTasks/Angular_Project/frontend/.angular/cache/18.2.15/frontend/vite/deps/@angular_common_http.js.map 200 [15/Apr/2025:13:07:30 +0000] - 82.341 ms localhost
GET /@fs/C:/Users/USER/Documents/BroCampTasks/Angular_Project/frontend/.angular/cache/18.2.15/frontend/vite/deps/@angular_platform-browser.js.map 200 [15/Apr/2025:13:07:30 +0000] - 15.470 ms localhost
GET /@fs/C:/Users/USER/Documents/BroCampTasks/Angular_Project/frontend/.angular/cache/18.2.15/frontend/vite/deps/chunk-KHJLBV7G.js.map 200 [15/Apr/2025:13:07:30 +0000] - 25.329 ms localhost
GET /@fs/C:/Users/USER/Documents/BroCampTasks/Angular_Project/frontend/.angular/cache/18.2.15/frontend/vite/deps/chunk-TI4NIV3R.js.map 200 [15/Apr/2025:13:07:30 +0000] - 25.776 ms localhost
GET /@fs/C:/Users/USER/Documents/BroCampTasks/Angular_Project/frontend/.angular/cache/18.2.15/frontend/vite/deps/chunk-UWVBNKXZ.js.map 200 [15/Apr/2025:13:07:30 +0000] - 34.287 ms localhost
GET /@fs/C:/Users/USER/Documents/BroCampTasks/Angular_Project/frontend/.angular/cache/18.2.15/frontend/vite/deps/@angular_router.js.map 200 [15/Apr/2025:13:07:30 +0000] - 20.105 ms localhost
GET /@fs/C:/Users/USER/Documents/BroCampTasks/Angular_Project/frontend/.angular/cache/18.2.15/frontend/vite/deps/ngx-socket-io.js.map 200 [15/Apr/2025:13:07:30 +0000] - 15.538 ms localhost
GET /chunk-KSELMSGV.js 200 [15/Apr/2025:13:07:30 +0000] - 5.972 ms localhost
GET /chunk-NEDMBWF5.js 200 [15/Apr/2025:13:07:30 +0000] - 10.368 ms localhost
GET /chunk-J7PPH75M.js 200 [15/Apr/2025:13:07:30 +0000] - 7.073 ms localhost
GET /chunk-KJ77OHGA.js 200 [15/Apr/2025:13:07:30 +0000] - 6.189 ms localhost
GET /favicon.ico 200 [15/Apr/2025:13:07:30 +0000] - 8.054 ms localhost
GET /@fs/C:/Users/USER/Documents/BroCampTasks/Angular_Project/frontend/.angular/cache/18.2.15/frontend/vite/deps/@angular_forms.js.map 200 [15/Apr/2025:13:07:31 +0000] - 17.503 ms localhost
GET /@fs/C:/Users/USER/Documents/BroCampTasks/Angular_Project/frontend/.angular/cache/18.2.15/frontend/vite/deps/emoji-picker-element.js.map 200 [15/Apr/2025:13:07:31 +0000] - 9.228 ms localhost
GET /login.component.css.map 200 [15/Apr/2025:13:07:31 +0000] - 4.912 ms localhost
GET /?token=iNnPG64TjOQt - [15/Apr/2025:13:11:24 +0000] - - ms localhost
GET /login 200 [15/Apr/2025:13:11:25 +0000] - 26.387 ms localhost
GET /@vite/client 200 [15/Apr/2025:13:11:25 +0000] - 31.849 ms localhost
GET /styles.css 200 [15/Apr/2025:13:11:26 +0000] - 7.287 ms localhost
GET /polyfills.js 200 [15/Apr/2025:13:11:26 +0000] - 11.605 ms localhost
GET /main.js 200 [15/Apr/2025:13:11:26 +0000] - 7.886 ms localhost
GET /@fs/C:/Users/USER/Documents/BroCampTasks/Angular_Project/frontend/node_modules/vite/dist/client/env.mjs 200 [15/Apr/2025:13:11:26 +0000] - 14.449 ms localhost
GET /scripts.js 200 [15/Apr/2025:13:11:27 +0000] - 227.478 ms localhost
GET /chunk-JK2OZDZD.js 200 [15/Apr/2025:13:11:28 +0000] - 14.416 ms localhost
GET /chunk-JGBXDEY7.js 200 [15/Apr/2025:13:11:28 +0000] - 19.267 ms localhost
GET /chunk-DS2VOW6E.js 200 [15/Apr/2025:13:11:28 +0000] - 21.174 ms localhost
GET /styles.css.map 200 [15/Apr/2025:13:11:28 +0000] - 18.486 ms localhost
GET /@fs/C:/Users/USER/Documents/BroCampTasks/Angular_Project/frontend/.angular/cache/18.2.15/frontend/vite/deps/@angular_platform-browser.js?v=ffa03c27 200 [15/Apr/2025:13:11:28 +0000] - 20.776 ms localhost
GET /@fs/C:/Users/USER/Documents/BroCampTasks/Angular_Project/frontend/.angular/cache/18.2.15/frontend/vite/deps/@angular_core.js?v=ffa03c27 200 [15/Apr/2025:13:11:28 +0000] - 5.824 ms localhost
GET /@fs/C:/Users/USER/Documents/BroCampTasks/Angular_Project/frontend/.angular/cache/18.2.15/frontend/vite/deps/@angular_router.js?v=ffa03c27 200 [15/Apr/2025:13:11:28 +0000] - 74.954 ms localhost
GET /@fs/C:/Users/USER/Documents/BroCampTasks/Angular_Project/frontend/.angular/cache/18.2.15/frontend/vite/deps/@angular_common_http.js?v=ffa03c27 200 [15/Apr/2025:13:11:28 +0000] - 80.341 ms localhost
GET /@fs/C:/Users/USER/Documents/BroCampTasks/Angular_Project/frontend/.angular/cache/18.2.15/frontend/vite/deps/rxjs.js?v=ffa03c27 200 [15/Apr/2025:13:11:28 +0000] - 7.108 ms localhost
GET /@fs/C:/Users/USER/Documents/BroCampTasks/Angular_Project/frontend/.angular/cache/18.2.15/frontend/vite/deps/ngx-socket-io.js?v=ffa03c27 200 [15/Apr/2025:13:11:28 +0000] - 28.048 ms localhost
GET /@fs/C:/Users/USER/Documents/BroCampTasks/Angular_Project/frontend/.angular/cache/18.2.15/frontend/vite/deps/@angular_forms.js?v=ffa03c27 200 [15/Apr/2025:13:11:29 +0000] - 81.896 ms localhost
GET /@fs/C:/Users/USER/Documents/BroCampTasks/Angular_Project/frontend/.angular/cache/18.2.15/frontend/vite/deps/emoji-picker-element.js?v=ffa03c27 200 [15/Apr/2025:13:11:29 +0000] - 82.053 ms localhost
GET /@fs/C:/Users/USER/Documents/BroCampTasks/Angular_Project/frontend/.angular/cache/18.2.15/frontend/vite/deps/chunk-TI4NIV3R.js?v=ffa03c27 200 [15/Apr/2025:13:11:29 +0000] - 15.454 ms localhost
GET /@fs/C:/Users/USER/Documents/BroCampTasks/Angular_Project/frontend/.angular/cache/18.2.15/frontend/vite/deps/chunk-KHJLBV7G.js?v=ffa03c27 200 [15/Apr/2025:13:11:29 +0000] - 29.204 ms localhost
GET /@fs/C:/Users/USER/Documents/BroCampTasks/Angular_Project/frontend/.angular/cache/18.2.15/frontend/vite/deps/chunk-UWVBNKXZ.js?v=ffa03c27 200 [15/Apr/2025:13:11:29 +0000] - 41.685 ms localhost
GET /@fs/C:/Users/USER/Documents/BroCampTasks/Angular_Project/frontend/.angular/cache/18.2.15/frontend/vite/deps/chunk-KPU55VW5.js?v=ffa03c27 200 [15/Apr/2025:13:11:29 +0000] - 310.919 ms localhost
GET /@fs/C:/Users/USER/Documents/BroCampTasks/Angular_Project/frontend/.angular/cache/18.2.15/frontend/vite/deps/chunk-P6U2JBMQ.js?v=ffa03c27 200 [15/Apr/2025:13:11:29 +0000] - 334.451 ms localhost
GET /@fs/C:/Users/USER/Documents/BroCampTasks/Angular_Project/frontend/.angular/cache/18.2.15/frontend/vite/deps/chunk-XWLXMCJQ.js?v=ffa03c27 200 [15/Apr/2025:13:11:29 +0000] - 264.291 ms localhost
GET /@fs/C:/Users/USER/Documents/BroCampTasks/Angular_Project/frontend/.angular/cache/18.2.15/frontend/vite/deps/@angular_core.js.map 200 [15/Apr/2025:13:11:29 +0000] - 9.781 ms localhost
GET /chunk-NFJAFHB4.js 200 [15/Apr/2025:13:11:30 +0000] - 3.984 ms localhost
GET /@fs/C:/Users/USER/Documents/BroCampTasks/Angular_Project/frontend/.angular/cache/18.2.15/frontend/vite/deps/chunk-P6U2JBMQ.js.map 200 [15/Apr/2025:13:11:30 +0000] - 38.096 ms localhost
GET /@fs/C:/Users/USER/Documents/BroCampTasks/Angular_Project/frontend/.angular/cache/18.2.15/frontend/vite/deps/chunk-KPU55VW5.js.map 200 [15/Apr/2025:13:11:30 +0000] - 268.431 ms localhost
GET /@fs/C:/Users/USER/Documents/BroCampTasks/Angular_Project/frontend/.angular/cache/18.2.15/frontend/vite/deps/chunk-XWLXMCJQ.js.map 200 [15/Apr/2025:13:11:30 +0000] - 360.206 ms localhost
GET /@fs/C:/Users/USER/Documents/BroCampTasks/Angular_Project/frontend/.angular/cache/18.2.15/frontend/vite/deps/rxjs.js.map 200 [15/Apr/2025:13:11:30 +0000] - 365.662 ms localhost
GET /@fs/C:/Users/USER/Documents/BroCampTasks/Angular_Project/frontend/.angular/cache/18.2.15/frontend/vite/deps/@angular_common_http.js.map 200 [15/Apr/2025:13:11:30 +0000] - 353.960 ms localhost
GET /@fs/C:/Users/USER/Documents/BroCampTasks/Angular_Project/frontend/.angular/cache/18.2.15/frontend/vite/deps/chunk-KHJLBV7G.js.map 200 [15/Apr/2025:13:11:30 +0000] - 126.177 ms localhost
GET /@fs/C:/Users/USER/Documents/BroCampTasks/Angular_Project/frontend/.angular/cache/18.2.15/frontend/vite/deps/chunk-UWVBNKXZ.js.map 200 [15/Apr/2025:13:11:30 +0000] - 90.728 ms localhost
GET /@fs/C:/Users/USER/Documents/BroCampTasks/Angular_Project/frontend/.angular/cache/18.2.15/frontend/vite/deps/@angular_platform-browser.js.map 200 [15/Apr/2025:13:11:30 +0000] - 7.495 ms localhost
GET /@fs/C:/Users/USER/Documents/BroCampTasks/Angular_Project/frontend/.angular/cache/18.2.15/frontend/vite/deps/chunk-TI4NIV3R.js.map 200 [15/Apr/2025:13:11:30 +0000] - 7.929 ms localhost
GET /@fs/C:/Users/USER/Documents/BroCampTasks/Angular_Project/frontend/.angular/cache/18.2.15/frontend/vite/deps/@angular_router.js.map 200 [15/Apr/2025:13:11:30 +0000] - 21.166 ms localhost
GET /@fs/C:/Users/USER/Documents/BroCampTasks/Angular_Project/frontend/.angular/cache/18.2.15/frontend/vite/deps/ngx-socket-io.js.map 200 [15/Apr/2025:13:11:31 +0000] - 12.244 ms localhost
GET /@fs/C:/Users/USER/Documents/BroCampTasks/Angular_Project/frontend/.angular/cache/18.2.15/frontend/vite/deps/@angular_forms.js.map 200 [15/Apr/2025:13:11:31 +0000] - 13.309 ms localhost
GET /@fs/C:/Users/USER/Documents/BroCampTasks/Angular_Project/frontend/.angular/cache/18.2.15/frontend/vite/deps/emoji-picker-element.js.map 200 [15/Apr/2025:13:11:31 +0000] - 10.683 ms localhost
GET /chunk-KSELMSGV.js 200 [15/Apr/2025:13:11:31 +0000] - 5.103 ms localhost
GET /chunk-NEDMBWF5.js 200 [15/Apr/2025:13:11:31 +0000] - 11.546 ms localhost
GET /chunk-J7PPH75M.js 200 [15/Apr/2025:13:11:31 +0000] - 10.958 ms localhost
GET /chunk-KJ77OHGA.js 200 [15/Apr/2025:13:11:31 +0000] - 9.601 ms localhost
GET /favicon.ico 200 [15/Apr/2025:13:11:31 +0000] - 26.487 ms localhost
GET /login.component.css.map 200 [15/Apr/2025:13:11:32 +0000] - 9.464 ms localhost
GET /?token=iNnPG64TjOQt - [15/Apr/2025:13:15:27 +0000] - - ms localhost
GET /login 200 [15/Apr/2025:13:32:42 +0000] - 68.211 ms localhost
GET /@vite/client 200 [15/Apr/2025:13:32:43 +0000] - 46.113 ms localhost
GET /styles.css 200 [15/Apr/2025:13:32:43 +0000] - 25.113 ms localhost
GET /polyfills.js 200 [15/Apr/2025:13:32:43 +0000] - 19.071 ms localhost
GET /main.js 200 [15/Apr/2025:13:32:43 +0000] - 28.646 ms localhost
GET /@fs/C:/Users/USER/Documents/BroCampTasks/Angular_Project/frontend/node_modules/vite/dist/client/env.mjs 200 [15/Apr/2025:13:32:44 +0000] - 31.664 ms localhost
GET /scripts.js 200 [15/Apr/2025:13:32:44 +0000] - 15.445 ms localhost
GET /styles.css.map 200 [15/Apr/2025:13:32:44 +0000] - 14.576 ms localhost
GET /chunk-JK2OZDZD.js 200 [15/Apr/2025:13:32:45 +0000] - 6.254 ms localhost
GET /chunk-JGBXDEY7.js 200 [15/Apr/2025:13:32:45 +0000] - 61.449 ms localhost
GET /chunk-DS2VOW6E.js 200 [15/Apr/2025:13:32:45 +0000] - 55.691 ms localhost
GET /@fs/C:/Users/USER/Documents/BroCampTasks/Angular_Project/frontend/.angular/cache/18.2.15/frontend/vite/deps/@angular_platform-browser.js?v=ffa03c27 200 [15/Apr/2025:13:32:45 +0000] - 52.000 ms localhost
GET /@fs/C:/Users/USER/Documents/BroCampTasks/Angular_Project/frontend/.angular/cache/18.2.15/frontend/vite/deps/@angular_core.js?v=ffa03c27 200 [15/Apr/2025:13:32:45 +0000] - 7.408 ms localhost
GET /@fs/C:/Users/USER/Documents/BroCampTasks/Angular_Project/frontend/.angular/cache/18.2.15/frontend/vite/deps/@angular_router.js?v=ffa03c27 200 [15/Apr/2025:13:32:45 +0000] - 21.591 ms localhost
GET /@fs/C:/Users/USER/Documents/BroCampTasks/Angular_Project/frontend/.angular/cache/18.2.15/frontend/vite/deps/@angular_common_http.js?v=ffa03c27 200 [15/Apr/2025:13:32:45 +0000] - 30.865 ms localhost
GET /@fs/C:/Users/USER/Documents/BroCampTasks/Angular_Project/frontend/.angular/cache/18.2.15/frontend/vite/deps/rxjs.js?v=ffa03c27 200 [15/Apr/2025:13:32:45 +0000] - 33.002 ms localhost
GET /@fs/C:/Users/USER/Documents/BroCampTasks/Angular_Project/frontend/.angular/cache/18.2.15/frontend/vite/deps/ngx-socket-io.js?v=ffa03c27 200 [15/Apr/2025:13:32:45 +0000] - 10.068 ms localhost
GET /@fs/C:/Users/USER/Documents/BroCampTasks/Angular_Project/frontend/.angular/cache/18.2.15/frontend/vite/deps/@angular_forms.js?v=ffa03c27 200 [15/Apr/2025:13:32:45 +0000] - 19.778 ms localhost
GET /@fs/C:/Users/USER/Documents/BroCampTasks/Angular_Project/frontend/.angular/cache/18.2.15/frontend/vite/deps/emoji-picker-element.js?v=ffa03c27 200 [15/Apr/2025:13:32:45 +0000] - 24.409 ms localhost
GET /@fs/C:/Users/USER/Documents/BroCampTasks/Angular_Project/frontend/.angular/cache/18.2.15/frontend/vite/deps/chunk-TI4NIV3R.js?v=ffa03c27 200 [15/Apr/2025:13:32:45 +0000] - 20.735 ms localhost
GET /@fs/C:/Users/USER/Documents/BroCampTasks/Angular_Project/frontend/.angular/cache/18.2.15/frontend/vite/deps/chunk-KHJLBV7G.js?v=ffa03c27 200 [15/Apr/2025:13:32:46 +0000] - 10.472 ms localhost
GET /@fs/C:/Users/USER/Documents/BroCampTasks/Angular_Project/frontend/.angular/cache/18.2.15/frontend/vite/deps/chunk-UWVBNKXZ.js?v=ffa03c27 200 [15/Apr/2025:13:32:46 +0000] - 25.898 ms localhost
GET /@fs/C:/Users/USER/Documents/BroCampTasks/Angular_Project/frontend/.angular/cache/18.2.15/frontend/vite/deps/chunk-KPU55VW5.js?v=ffa03c27 200 [15/Apr/2025:13:32:46 +0000] - 35.471 ms localhost
GET /@fs/C:/Users/USER/Documents/BroCampTasks/Angular_Project/frontend/.angular/cache/18.2.15/frontend/vite/deps/chunk-P6U2JBMQ.js?v=ffa03c27 200 [15/Apr/2025:13:32:46 +0000] - 42.096 ms localhost
GET /@fs/C:/Users/USER/Documents/BroCampTasks/Angular_Project/frontend/.angular/cache/18.2.15/frontend/vite/deps/chunk-XWLXMCJQ.js?v=ffa03c27 200 [15/Apr/2025:13:32:46 +0000] - 6.740 ms localhost
GET /chunk-NFJAFHB4.js 200 [15/Apr/2025:13:32:46 +0000] - 23.031 ms localhost
GET /@fs/C:/Users/USER/Documents/BroCampTasks/Angular_Project/frontend/.angular/cache/18.2.15/frontend/vite/deps/@angular_core.js.map 200 [15/Apr/2025:13:32:47 +0000] - 8.252 ms localhost
GET /@fs/C:/Users/USER/Documents/BroCampTasks/Angular_Project/frontend/.angular/cache/18.2.15/frontend/vite/deps/chunk-KPU55VW5.js.map 200 [15/Apr/2025:13:32:47 +0000] - 101.265 ms localhost
GET /@fs/C:/Users/USER/Documents/BroCampTasks/Angular_Project/frontend/.angular/cache/18.2.15/frontend/vite/deps/chunk-XWLXMCJQ.js.map 200 [15/Apr/2025:13:32:47 +0000] - 118.663 ms localhost
GET /@fs/C:/Users/USER/Documents/BroCampTasks/Angular_Project/frontend/.angular/cache/18.2.15/frontend/vite/deps/rxjs.js.map 200 [15/Apr/2025:13:32:47 +0000] - 111.724 ms localhost
GET /@fs/C:/Users/USER/Documents/BroCampTasks/Angular_Project/frontend/.angular/cache/18.2.15/frontend/vite/deps/@angular_common_http.js.map 200 [15/Apr/2025:13:32:47 +0000] - 106.053 ms localhost
GET /@fs/C:/Users/USER/Documents/BroCampTasks/Angular_Project/frontend/.angular/cache/18.2.15/frontend/vite/deps/chunk-P6U2JBMQ.js.map 200 [15/Apr/2025:13:32:47 +0000] - 151.841 ms localhost
GET /@fs/C:/Users/USER/Documents/BroCampTasks/Angular_Project/frontend/.angular/cache/18.2.15/frontend/vite/deps/chunk-KHJLBV7G.js.map 200 [15/Apr/2025:13:32:47 +0000] - 11.170 ms localhost
GET /chunk-KSELMSGV.js 200 [15/Apr/2025:13:32:47 +0000] - 5.217 ms localhost
GET /chunk-NEDMBWF5.js 200 [15/Apr/2025:13:32:47 +0000] - 13.005 ms localhost
GET /chunk-J7PPH75M.js 200 [15/Apr/2025:13:32:47 +0000] - 13.786 ms localhost
GET /@fs/C:/Users/USER/Documents/BroCampTasks/Angular_Project/frontend/.angular/cache/18.2.15/frontend/vite/deps/chunk-UWVBNKXZ.js.map 200 [15/Apr/2025:13:32:47 +0000] - 26.322 ms localhost
GET /@fs/C:/Users/USER/Documents/BroCampTasks/Angular_Project/frontend/.angular/cache/18.2.15/frontend/vite/deps/@angular_platform-browser.js.map 200 [15/Apr/2025:13:32:47 +0000] - 19.804 ms localhost
GET /chunk-KJ77OHGA.js 200 [15/Apr/2025:13:32:48 +0000] - 59.824 ms localhost
GET /favicon.ico 200 [15/Apr/2025:13:32:48 +0000] - 52.091 ms localhost
GET /@fs/C:/Users/USER/Documents/BroCampTasks/Angular_Project/frontend/.angular/cache/18.2.15/frontend/vite/deps/chunk-TI4NIV3R.js.map 200 [15/Apr/2025:13:32:48 +0000] - 40.918 ms localhost
GET /@fs/C:/Users/USER/Documents/BroCampTasks/Angular_Project/frontend/.angular/cache/18.2.15/frontend/vite/deps/@angular_router.js.map 200 [15/Apr/2025:13:32:48 +0000] - 41.032 ms localhost
GET /@fs/C:/Users/USER/Documents/BroCampTasks/Angular_Project/frontend/.angular/cache/18.2.15/frontend/vite/deps/ngx-socket-io.js.map 200 [15/Apr/2025:13:32:48 +0000] - 41.422 ms localhost
GET /@fs/C:/Users/USER/Documents/BroCampTasks/Angular_Project/frontend/.angular/cache/18.2.15/frontend/vite/deps/@angular_forms.js.map 200 [15/Apr/2025:13:32:48 +0000] - 39.750 ms localhost
GET /@fs/C:/Users/USER/Documents/BroCampTasks/Angular_Project/frontend/.angular/cache/18.2.15/frontend/vite/deps/emoji-picker-element.js.map 200 [15/Apr/2025:13:32:48 +0000] - 10.594 ms localhost
GET /login.component.css.map 200 [15/Apr/2025:13:32:48 +0000] - 4.228 ms localhost
GET /?token=iNnPG64TjOQt - [15/Apr/2025:13:36:44 +0000] - - ms localhost
GET /login 200 [15/Apr/2025:13:40:34 +0000] - 82.891 ms localhost
GET /@vite/client 200 [15/Apr/2025:13:40:35 +0000] - 35.699 ms localhost
GET /styles.css 200 [15/Apr/2025:13:40:35 +0000] - 11.487 ms localhost
GET /polyfills.js 200 [15/Apr/2025:13:40:35 +0000] - 26.733 ms localhost
GET /main.js 200 [15/Apr/2025:13:40:35 +0000] - 31.098 ms localhost
GET /@fs/C:/Users/USER/Documents/BroCampTasks/Angular_Project/frontend/node_modules/vite/dist/client/env.mjs 200 [15/Apr/2025:13:40:36 +0000] - 25.743 ms localhost
GET /chunk-JK2OZDZD.js 200 [15/Apr/2025:13:40:37 +0000] - 7.880 ms localhost
GET /styles.css.map 200 [15/Apr/2025:13:40:39 +0000] - 222.551 ms localhost
GET /chunk-JGBXDEY7.js 200 [15/Apr/2025:13:40:41 +0000] - 5.602 ms localhost
GET /chunk-DS2VOW6E.js 200 [15/Apr/2025:13:40:41 +0000] - 8.479 ms localhost
GET /@fs/C:/Users/USER/Documents/BroCampTasks/Angular_Project/frontend/.angular/cache/18.2.15/frontend/vite/deps/@angular_platform-browser.js?v=ffa03c27 200 [15/Apr/2025:13:40:41 +0000] - 9.872 ms localhost
GET /@fs/C:/Users/USER/Documents/BroCampTasks/Angular_Project/frontend/.angular/cache/18.2.15/frontend/vite/deps/@angular_core.js?v=ffa03c27 200 [15/Apr/2025:13:40:41 +0000] - 5.708 ms localhost
GET /@fs/C:/Users/USER/Documents/BroCampTasks/Angular_Project/frontend/.angular/cache/18.2.15/frontend/vite/deps/@angular_router.js?v=ffa03c27 200 [15/Apr/2025:13:40:41 +0000] - 8.608 ms localhost
GET /@fs/C:/Users/USER/Documents/BroCampTasks/Angular_Project/frontend/.angular/cache/18.2.15/frontend/vite/deps/@angular_common_http.js?v=ffa03c27 200 [15/Apr/2025:13:40:41 +0000] - 94.617 ms localhost
GET /@fs/C:/Users/USER/Documents/BroCampTasks/Angular_Project/frontend/.angular/cache/18.2.15/frontend/vite/deps/rxjs.js?v=ffa03c27 200 [15/Apr/2025:13:40:41 +0000] - 49.381 ms localhost
GET /@fs/C:/Users/USER/Documents/BroCampTasks/Angular_Project/frontend/.angular/cache/18.2.15/frontend/vite/deps/ngx-socket-io.js?v=ffa03c27 200 [15/Apr/2025:13:40:42 +0000] - 12.018 ms localhost
GET /@fs/C:/Users/USER/Documents/BroCampTasks/Angular_Project/frontend/.angular/cache/18.2.15/frontend/vite/deps/@angular_forms.js?v=ffa03c27 200 [15/Apr/2025:13:40:42 +0000] - 16.175 ms localhost
GET /@fs/C:/Users/USER/Documents/BroCampTasks/Angular_Project/frontend/.angular/cache/18.2.15/frontend/vite/deps/emoji-picker-element.js?v=ffa03c27 200 [15/Apr/2025:13:40:42 +0000] - 16.107 ms localhost
GET /@fs/C:/Users/USER/Documents/BroCampTasks/Angular_Project/frontend/.angular/cache/18.2.15/frontend/vite/deps/chunk-TI4NIV3R.js?v=ffa03c27 200 [15/Apr/2025:13:40:42 +0000] - 16.696 ms localhost
GET /@fs/C:/Users/USER/Documents/BroCampTasks/Angular_Project/frontend/.angular/cache/18.2.15/frontend/vite/deps/chunk-KHJLBV7G.js?v=ffa03c27 200 [15/Apr/2025:13:40:42 +0000] - 5.548 ms localhost
GET /@fs/C:/Users/USER/Documents/BroCampTasks/Angular_Project/frontend/.angular/cache/18.2.15/frontend/vite/deps/chunk-UWVBNKXZ.js?v=ffa03c27 200 [15/Apr/2025:13:40:42 +0000] - 58.874 ms localhost
GET /@fs/C:/Users/USER/Documents/BroCampTasks/Angular_Project/frontend/.angular/cache/18.2.15/frontend/vite/deps/chunk-KPU55VW5.js?v=ffa03c27 200 [15/Apr/2025:13:40:42 +0000] - 79.459 ms localhost
GET /@fs/C:/Users/USER/Documents/BroCampTasks/Angular_Project/frontend/.angular/cache/18.2.15/frontend/vite/deps/chunk-P6U2JBMQ.js?v=ffa03c27 200 [15/Apr/2025:13:40:42 +0000] - 47.059 ms localhost
GET /@fs/C:/Users/USER/Documents/BroCampTasks/Angular_Project/frontend/.angular/cache/18.2.15/frontend/vite/deps/chunk-XWLXMCJQ.js?v=ffa03c27 200 [15/Apr/2025:13:40:42 +0000] - 9.544 ms localhost
GET /scripts.js 200 [15/Apr/2025:13:40:43 +0000] - 15.534 ms localhost
GET /@fs/C:/Users/USER/Documents/BroCampTasks/Angular_Project/frontend/.angular/cache/18.2.15/frontend/vite/deps/@angular_core.js.map 200 [15/Apr/2025:13:40:43 +0000] - 29.122 ms localhost
GET /@fs/C:/Users/USER/Documents/BroCampTasks/Angular_Project/frontend/.angular/cache/18.2.15/frontend/vite/deps/chunk-XWLXMCJQ.js.map 200 [15/Apr/2025:13:40:43 +0000] - 20.592 ms localhost
GET /@fs/C:/Users/USER/Documents/BroCampTasks/Angular_Project/frontend/.angular/cache/18.2.15/frontend/vite/deps/rxjs.js.map 200 [15/Apr/2025:13:40:43 +0000] - 15.357 ms localhost
GET /@fs/C:/Users/USER/Documents/BroCampTasks/Angular_Project/frontend/.angular/cache/18.2.15/frontend/vite/deps/chunk-P6U2JBMQ.js.map 200 [15/Apr/2025:13:40:43 +0000] - 33.526 ms localhost
GET /@fs/C:/Users/USER/Documents/BroCampTasks/Angular_Project/frontend/.angular/cache/18.2.15/frontend/vite/deps/chunk-KPU55VW5.js.map 200 [15/Apr/2025:13:40:43 +0000] - 102.704 ms localhost
GET /@fs/C:/Users/USER/Documents/BroCampTasks/Angular_Project/frontend/.angular/cache/18.2.15/frontend/vite/deps/@angular_common_http.js.map 200 [15/Apr/2025:13:40:43 +0000] - 6.333 ms localhost
GET /chunk-NFJAFHB4.js 200 [15/Apr/2025:13:40:43 +0000] - 12.698 ms localhost
GET /@fs/C:/Users/USER/Documents/BroCampTasks/Angular_Project/frontend/.angular/cache/18.2.15/frontend/vite/deps/chunk-KHJLBV7G.js.map 200 [15/Apr/2025:13:40:43 +0000] - 18.498 ms localhost
GET /@fs/C:/Users/USER/Documents/BroCampTasks/Angular_Project/frontend/.angular/cache/18.2.15/frontend/vite/deps/chunk-UWVBNKXZ.js.map 200 [15/Apr/2025:13:40:43 +0000] - 26.256 ms localhost
GET /@fs/C:/Users/USER/Documents/BroCampTasks/Angular_Project/frontend/.angular/cache/18.2.15/frontend/vite/deps/@angular_platform-browser.js.map 200 [15/Apr/2025:13:40:43 +0000] - 21.883 ms localhost
GET /@fs/C:/Users/USER/Documents/BroCampTasks/Angular_Project/frontend/.angular/cache/18.2.15/frontend/vite/deps/chunk-TI4NIV3R.js.map 200 [15/Apr/2025:13:40:43 +0000] - 10.517 ms localhost
GET /@fs/C:/Users/USER/Documents/BroCampTasks/Angular_Project/frontend/.angular/cache/18.2.15/frontend/vite/deps/@angular_router.js.map 200 [15/Apr/2025:13:40:43 +0000] - 21.072 ms localhost
GET /@fs/C:/Users/USER/Documents/BroCampTasks/Angular_Project/frontend/.angular/cache/18.2.15/frontend/vite/deps/ngx-socket-io.js.map 200 [15/Apr/2025:13:40:43 +0000] - 41.313 ms localhost
GET /@fs/C:/Users/USER/Documents/BroCampTasks/Angular_Project/frontend/.angular/cache/18.2.15/frontend/vite/deps/emoji-picker-element.js.map 200 [15/Apr/2025:13:40:43 +0000] - 30.187 ms localhost
GET /@fs/C:/Users/USER/Documents/BroCampTasks/Angular_Project/frontend/.angular/cache/18.2.15/frontend/vite/deps/@angular_forms.js.map 200 [15/Apr/2025:13:40:43 +0000] - 52.884 ms localhost
GET /chunk-KSELMSGV.js 200 [15/Apr/2025:13:40:44 +0000] - 5.209 ms localhost
GET /chunk-NEDMBWF5.js 200 [15/Apr/2025:13:40:44 +0000] - 6.493 ms localhost
GET /chunk-J7PPH75M.js 200 [15/Apr/2025:13:40:44 +0000] - 6.115 ms localhost
GET /chunk-KJ77OHGA.js 200 [15/Apr/2025:13:40:44 +0000] - 4.161 ms localhost
GET /favicon.ico 200 [15/Apr/2025:13:40:44 +0000] - 8.949 ms localhost
GET /login.component.css.map 200 [15/Apr/2025:13:40:45 +0000] - 5.899 ms localhost
GET /?token=iNnPG64TjOQt - [15/Apr/2025:13:44:37 +0000] - - ms localhost
