GET / 200 [03/Feb/2025:21:25:49 +0000] - 348.596 ms localhost
GET /polyfills.js 304 [03/Feb/2025:21:25:49 +0000] - 117.709 ms localhost
GET /styles.css 200 [03/Feb/2025:21:25:49 +0000] - 112.724 ms localhost
GET /main.js 304 [03/Feb/2025:21:25:49 +0000] - 114.657 ms localhost
GET /@vite/client 304 [03/Feb/2025:21:25:50 +0000] - 709.995 ms localhost
GET /@fs/C:/Users/USER/Desktop/BroCampTasks/Angular_Project/frontend/node_modules/vite/dist/client/env.mjs 304 [03/Feb/2025:21:25:50 +0000] - 6.948 ms localhost
POST /user/register 500 [03/Feb/2025:21:27:23 +0000] - 623.856 ms localhost
GET /login 200 [03/Feb/2025:21:29:27 +0000] - 262.287 ms localhost
GET / - [03/Feb/2025:21:29:27 +0000] - - ms localhost
GET /@vite/client 304 [03/Feb/2025:21:29:27 +0000] - 83.908 ms localhost
GET /styles.css 200 [03/Feb/2025:21:29:27 +0000] - 85.339 ms localhost
GET /polyfills.js 304 [03/Feb/2025:21:29:27 +0000] - 80.209 ms localhost
GET /main.js 304 [03/Feb/2025:21:29:27 +0000] - 108.988 ms localhost
GET /@fs/C:/Users/USER/Desktop/BroCampTasks/Angular_Project/frontend/node_modules/vite/dist/client/env.mjs 304 [03/Feb/2025:21:29:27 +0000] - 9.191 ms localhost
GET /favicon.ico 304 [03/Feb/2025:21:29:28 +0000] - 17.682 ms localhost
POST /user/register 500 [03/Feb/2025:21:30:09 +0000] - 181.858 ms localhost
GET /login 200 [03/Feb/2025:21:30:32 +0000] - 21.890 ms localhost
GET / - [03/Feb/2025:21:30:32 +0000] - - ms localhost
GET /styles.css 200 [03/Feb/2025:21:30:32 +0000] - 6.777 ms localhost
GET /@vite/client 304 [03/Feb/2025:21:30:32 +0000] - 15.180 ms localhost
GET /polyfills.js 304 [03/Feb/2025:21:30:32 +0000] - 15.300 ms localhost
GET /main.js 304 [03/Feb/2025:21:30:32 +0000] - 15.374 ms localhost
GET /@fs/C:/Users/USER/Desktop/BroCampTasks/Angular_Project/frontend/node_modules/vite/dist/client/env.mjs 304 [03/Feb/2025:21:30:32 +0000] - 4.125 ms localhost
GET /favicon.ico 304 [03/Feb/2025:21:30:32 +0000] - 7.597 ms localhost
POST /user/login 500 [03/Feb/2025:21:30:40 +0000] - 110.065 ms localhost
GET / - [03/Feb/2025:21:34:32 +0000] - - ms localhost
POST /user/login 400 [03/Feb/2025:21:53:53 +0000] - 281.652 ms localhost
POST /user/login 504 [03/Feb/2025:21:55:32 +0000] - 161.494 ms localhost
GET /login 200 [03/Feb/2025:21:55:45 +0000] - 121.085 ms localhost
GET /@vite/client 304 [03/Feb/2025:21:55:45 +0000] - 11.991 ms localhost
GET /styles.css 200 [03/Feb/2025:21:55:45 +0000] - 37.430 ms localhost
GET /polyfills.js 304 [03/Feb/2025:21:55:45 +0000] - 52.736 ms localhost
GET /main.js 304 [03/Feb/2025:21:55:45 +0000] - 56.853 ms localhost
GET /@fs/C:/Users/USER/Desktop/BroCampTasks/Angular_Project/frontend/node_modules/vite/dist/client/env.mjs 304 [03/Feb/2025:21:55:45 +0000] - 6.075 ms localhost
GET /favicon.ico 304 [03/Feb/2025:21:55:46 +0000] - 18.542 ms localhost
GET /styles.css 200 [03/Feb/2025:21:55:51 +0000] - 14.570 ms localhost
GET /@fs/C:/Users/USER/Desktop/BroCampTasks/Angular_Project/frontend/.angular/cache/18.2.11/frontend/vite/deps/@angular_common.js.map 304 [03/Feb/2025:21:55:51 +0000] - 120.809 ms localhost
GET /@fs/C:/Users/USER/Desktop/BroCampTasks/Angular_Project/frontend/.angular/cache/18.2.11/frontend/vite/deps/@angular_core.js.map 304 [03/Feb/2025:21:55:51 +0000] - 118.998 ms localhost
GET /@fs/C:/Users/USER/Desktop/BroCampTasks/Angular_Project/frontend/.angular/cache/18.2.11/frontend/vite/deps/@angular_platform-browser.js.map 304 [03/Feb/2025:21:55:51 +0000] - 121.204 ms localhost
GET /@fs/C:/Users/USER/Desktop/BroCampTasks/Angular_Project/frontend/.angular/cache/18.2.11/frontend/vite/deps/ngx-socket-io.js.map 304 [03/Feb/2025:21:55:51 +0000] - 188.440 ms localhost
GET /@fs/C:/Users/USER/Desktop/BroCampTasks/Angular_Project/frontend/.angular/cache/18.2.11/frontend/vite/deps/chunk-ZKQIAUIS.js.map 304 [03/Feb/2025:21:55:51 +0000] - 223.016 ms localhost
GET /@fs/C:/Users/USER/Desktop/BroCampTasks/Angular_Project/frontend/.angular/cache/18.2.11/frontend/vite/deps/rxjs.js.map 304 [03/Feb/2025:21:55:51 +0000] - 25.636 ms localhost
GET /@fs/C:/Users/USER/Desktop/BroCampTasks/Angular_Project/frontend/.angular/cache/18.2.11/frontend/vite/deps/@angular_common_http.js.map 304 [03/Feb/2025:21:55:51 +0000] - 202.150 ms localhost
GET /@fs/C:/Users/USER/Desktop/BroCampTasks/Angular_Project/frontend/.angular/cache/18.2.11/frontend/vite/deps/chunk-BKIWMXDL.js.map 304 [03/Feb/2025:21:55:52 +0000] - 832.922 ms localhost
GET /@fs/C:/Users/USER/Desktop/BroCampTasks/Angular_Project/frontend/.angular/cache/18.2.11/frontend/vite/deps/emoji-picker-element.js.map 304 [03/Feb/2025:21:55:52 +0000] - 1316.510 ms localhost
GET /@fs/C:/Users/USER/Desktop/BroCampTasks/Angular_Project/frontend/.angular/cache/18.2.11/frontend/vite/deps/@angular_router.js.map 304 [03/Feb/2025:21:55:52 +0000] - 928.922 ms localhost
GET /@fs/C:/Users/USER/Desktop/BroCampTasks/Angular_Project/frontend/.angular/cache/18.2.11/frontend/vite/deps/chunk-XWLXMCJQ.js.map 304 [03/Feb/2025:21:55:52 +0000] - 830.337 ms localhost
GET /@fs/C:/Users/USER/Desktop/BroCampTasks/Angular_Project/frontend/.angular/cache/18.2.11/frontend/vite/deps/chunk-F4ZW7LLY.js.map 304 [03/Feb/2025:21:55:52 +0000] - 815.100 ms localhost
GET /@fs/C:/Users/USER/Desktop/BroCampTasks/Angular_Project/frontend/.angular/cache/18.2.11/frontend/vite/deps/@angular_forms.js.map 304 [03/Feb/2025:21:55:52 +0000] - 870.208 ms localhost
GET /login.component.css.map 200 [03/Feb/2025:21:55:52 +0000] - 55.793 ms localhost
GET /@fs/C:/Users/USER/Desktop/BroCampTasks/Angular_Project/frontend/.angular/cache/18.2.11/frontend/vite/deps/chunk-7MS5FTBZ.js.map 304 [03/Feb/2025:21:55:52 +0000] - 335.057 ms localhost
GET /styles.css.map 200 [03/Feb/2025:21:55:53 +0000] - 400.094 ms localhost
GET /@fs/C:/Users/USER/Desktop/BroCampTasks/Angular_Project/frontend/.angular/cache/18.2.11/frontend/vite/deps/chunk-66JPAEYR.js.map 304 [03/Feb/2025:21:55:53 +0000] - 711.445 ms localhost
GET /@fs/C:/Users/USER/Desktop/BroCampTasks/Angular_Project/frontend/.angular/cache/18.2.11/frontend/vite/deps/chunk-2ZWNOPXZ.js.map 304 [03/Feb/2025:21:55:53 +0000] - 747.718 ms localhost
POST /user/login 200 [03/Feb/2025:21:56:02 +0000] - 607.348 ms localhost
GET /layout.component.css.map 200 [03/Feb/2025:21:56:02 +0000] - 6.046 ms localhost
GET /dashboard.component.css.map 200 [03/Feb/2025:21:56:02 +0000] - 10.984 ms localhost
GET /user/logout 304 [03/Feb/2025:21:56:13 +0000] - 33.289 ms localhost
GET /login.component.css.map 200 [03/Feb/2025:21:56:13 +0000] - 5.923 ms localhost
POST /user/register 500 [03/Feb/2025:21:57:13 +0000] - 29.400 ms localhost
GET / - [03/Feb/2025:21:59:45 +0000] - - ms localhost
GET /login 200 [03/Feb/2025:22:02:08 +0000] - 234.639 ms localhost
GET /@vite/client 304 [03/Feb/2025:22:02:08 +0000] - 13.898 ms localhost
GET /polyfills.js 304 [03/Feb/2025:22:02:08 +0000] - 13.771 ms localhost
GET /main.js 304 [03/Feb/2025:22:02:08 +0000] - 38.357 ms localhost
GET /styles.css 200 [03/Feb/2025:22:02:08 +0000] - 53.588 ms localhost
GET /styles.css.map 200 [03/Feb/2025:22:02:08 +0000] - 14.163 ms localhost
GET /@fs/C:/Users/USER/Desktop/BroCampTasks/Angular_Project/frontend/node_modules/vite/dist/client/env.mjs 304 [03/Feb/2025:22:02:08 +0000] - 22.001 ms localhost
GET /@fs/C:/Users/USER/Desktop/BroCampTasks/Angular_Project/frontend/.angular/cache/18.2.11/frontend/vite/deps/chunk-ZKQIAUIS.js.map 304 [03/Feb/2025:22:02:09 +0000] - 43.534 ms localhost
GET /@fs/C:/Users/USER/Desktop/BroCampTasks/Angular_Project/frontend/.angular/cache/18.2.11/frontend/vite/deps/@angular_platform-browser.js.map 304 [03/Feb/2025:22:02:09 +0000] - 58.344 ms localhost
GET /@fs/C:/Users/USER/Desktop/BroCampTasks/Angular_Project/frontend/.angular/cache/18.2.11/frontend/vite/deps/chunk-2ZWNOPXZ.js.map 304 [03/Feb/2025:22:02:09 +0000] - 150.586 ms localhost
GET /@fs/C:/Users/USER/Desktop/BroCampTasks/Angular_Project/frontend/.angular/cache/18.2.11/frontend/vite/deps/chunk-BKIWMXDL.js.map 304 [03/Feb/2025:22:02:09 +0000] - 475.020 ms localhost
GET /@fs/C:/Users/USER/Desktop/BroCampTasks/Angular_Project/frontend/.angular/cache/18.2.11/frontend/vite/deps/@angular_router.js.map 304 [03/Feb/2025:22:02:09 +0000] - 406.263 ms localhost
GET /@fs/C:/Users/USER/Desktop/BroCampTasks/Angular_Project/frontend/.angular/cache/18.2.11/frontend/vite/deps/chunk-F4ZW7LLY.js.map 304 [03/Feb/2025:22:02:09 +0000] - 401.533 ms localhost
GET /@fs/C:/Users/USER/Desktop/BroCampTasks/Angular_Project/frontend/.angular/cache/18.2.11/frontend/vite/deps/@angular_common_http.js.map 304 [03/Feb/2025:22:02:09 +0000] - 400.413 ms localhost
GET /@fs/C:/Users/USER/Desktop/BroCampTasks/Angular_Project/frontend/.angular/cache/18.2.11/frontend/vite/deps/@angular_forms.js.map 304 [03/Feb/2025:22:02:09 +0000] - 313.131 ms localhost
GET /@fs/C:/Users/USER/Desktop/BroCampTasks/Angular_Project/frontend/.angular/cache/18.2.11/frontend/vite/deps/rxjs.js.map 304 [03/Feb/2025:22:02:09 +0000] - 318.580 ms localhost
GET /@fs/C:/Users/USER/Desktop/BroCampTasks/Angular_Project/frontend/.angular/cache/18.2.11/frontend/vite/deps/chunk-66JPAEYR.js.map 304 [03/Feb/2025:22:02:09 +0000] - 124.034 ms localhost
GET /favicon.ico 304 [03/Feb/2025:22:02:09 +0000] - 39.720 ms localhost
GET /@fs/C:/Users/USER/Desktop/BroCampTasks/Angular_Project/frontend/.angular/cache/18.2.11/frontend/vite/deps/chunk-XWLXMCJQ.js.map 304 [03/Feb/2025:22:02:09 +0000] - 87.223 ms localhost
GET /@fs/C:/Users/USER/Desktop/BroCampTasks/Angular_Project/frontend/.angular/cache/18.2.11/frontend/vite/deps/@angular_core.js.map 304 [03/Feb/2025:22:02:09 +0000] - 92.273 ms localhost
GET /@fs/C:/Users/USER/Desktop/BroCampTasks/Angular_Project/frontend/.angular/cache/18.2.11/frontend/vite/deps/@angular_common.js.map 304 [03/Feb/2025:22:02:09 +0000] - 92.197 ms localhost
GET /@fs/C:/Users/USER/Desktop/BroCampTasks/Angular_Project/frontend/.angular/cache/18.2.11/frontend/vite/deps/ngx-socket-io.js.map 304 [03/Feb/2025:22:02:09 +0000] - 50.390 ms localhost
GET /login.component.css.map 200 [03/Feb/2025:22:02:09 +0000] - 4.020 ms localhost
GET /@fs/C:/Users/USER/Desktop/BroCampTasks/Angular_Project/frontend/.angular/cache/18.2.11/frontend/vite/deps/chunk-7MS5FTBZ.js.map 304 [03/Feb/2025:22:02:09 +0000] - 17.339 ms localhost
GET /@fs/C:/Users/USER/Desktop/BroCampTasks/Angular_Project/frontend/.angular/cache/18.2.11/frontend/vite/deps/emoji-picker-element.js.map 304 [03/Feb/2025:22:02:09 +0000] - 20.625 ms localhost
GET /user/auth/google 401 [03/Feb/2025:22:02:15 +0000] - 160.953 ms localhost
GET / - [03/Feb/2025:22:02:15 +0000] - - ms localhost
GET /user 404 [03/Feb/2025:22:02:44 +0000] - 91.687 ms localhost
GET / 200 [03/Feb/2025:22:02:51 +0000] - 25.426 ms localhost
GET /@vite/client 304 [03/Feb/2025:22:02:51 +0000] - 7.156 ms localhost
GET /styles.css 200 [03/Feb/2025:22:02:51 +0000] - 9.404 ms localhost
GET /polyfills.js 304 [03/Feb/2025:22:02:51 +0000] - 12.730 ms localhost
GET /main.js 304 [03/Feb/2025:22:02:51 +0000] - 13.266 ms localhost
GET /styles.css.map 200 [03/Feb/2025:22:02:51 +0000] - 5.984 ms localhost
GET /@fs/C:/Users/USER/Desktop/BroCampTasks/Angular_Project/frontend/node_modules/vite/dist/client/env.mjs 304 [03/Feb/2025:22:02:51 +0000] - 19.131 ms localhost
GET /@fs/C:/Users/USER/Desktop/BroCampTasks/Angular_Project/frontend/.angular/cache/18.2.11/frontend/vite/deps/@angular_platform-browser.js.map 304 [03/Feb/2025:22:02:51 +0000] - 7.151 ms localhost
GET /@fs/C:/Users/USER/Desktop/BroCampTasks/Angular_Project/frontend/.angular/cache/18.2.11/frontend/vite/deps/chunk-ZKQIAUIS.js.map 304 [03/Feb/2025:22:02:51 +0000] - 22.921 ms localhost
GET /@fs/C:/Users/USER/Desktop/BroCampTasks/Angular_Project/frontend/.angular/cache/18.2.11/frontend/vite/deps/chunk-F4ZW7LLY.js.map 304 [03/Feb/2025:22:02:51 +0000] - 65.975 ms localhost
GET /@fs/C:/Users/USER/Desktop/BroCampTasks/Angular_Project/frontend/.angular/cache/18.2.11/frontend/vite/deps/chunk-2ZWNOPXZ.js.map 304 [03/Feb/2025:22:02:51 +0000] - 89.885 ms localhost
GET /@fs/C:/Users/USER/Desktop/BroCampTasks/Angular_Project/frontend/.angular/cache/18.2.11/frontend/vite/deps/chunk-66JPAEYR.js.map 304 [03/Feb/2025:22:02:51 +0000] - 105.623 ms localhost
GET /@fs/C:/Users/USER/Desktop/BroCampTasks/Angular_Project/frontend/.angular/cache/18.2.11/frontend/vite/deps/chunk-BKIWMXDL.js.map 304 [03/Feb/2025:22:02:51 +0000] - 259.243 ms localhost
GET /@fs/C:/Users/USER/Desktop/BroCampTasks/Angular_Project/frontend/.angular/cache/18.2.11/frontend/vite/deps/@angular_common_http.js.map 304 [03/Feb/2025:22:02:51 +0000] - 184.382 ms localhost
GET /@fs/C:/Users/USER/Desktop/BroCampTasks/Angular_Project/frontend/.angular/cache/18.2.11/frontend/vite/deps/@angular_core.js.map 304 [03/Feb/2025:22:02:51 +0000] - 182.465 ms localhost
GET /@fs/C:/Users/USER/Desktop/BroCampTasks/Angular_Project/frontend/.angular/cache/18.2.11/frontend/vite/deps/chunk-XWLXMCJQ.js.map 304 [03/Feb/2025:22:02:51 +0000] - 182.274 ms localhost
GET /@fs/C:/Users/USER/Desktop/BroCampTasks/Angular_Project/frontend/.angular/cache/18.2.11/frontend/vite/deps/@angular_router.js.map 304 [03/Feb/2025:22:02:51 +0000] - 172.317 ms localhost
GET /@fs/C:/Users/USER/Desktop/BroCampTasks/Angular_Project/frontend/.angular/cache/18.2.11/frontend/vite/deps/rxjs.js.map 304 [03/Feb/2025:22:02:51 +0000] - 68.316 ms localhost
GET /@fs/C:/Users/USER/Desktop/BroCampTasks/Angular_Project/frontend/.angular/cache/18.2.11/frontend/vite/deps/@angular_forms.js.map 304 [03/Feb/2025:22:02:51 +0000] - 21.186 ms localhost
GET /@fs/C:/Users/USER/Desktop/BroCampTasks/Angular_Project/frontend/.angular/cache/18.2.11/frontend/vite/deps/@angular_common.js.map 304 [03/Feb/2025:22:02:51 +0000] - 6.151 ms localhost
GET /@fs/C:/Users/USER/Desktop/BroCampTasks/Angular_Project/frontend/.angular/cache/18.2.11/frontend/vite/deps/ngx-socket-io.js.map 304 [03/Feb/2025:22:02:51 +0000] - 8.475 ms localhost
GET /@fs/C:/Users/USER/Desktop/BroCampTasks/Angular_Project/frontend/.angular/cache/18.2.11/frontend/vite/deps/chunk-7MS5FTBZ.js.map 304 [03/Feb/2025:22:02:51 +0000] - 9.692 ms localhost
GET /@fs/C:/Users/USER/Desktop/BroCampTasks/Angular_Project/frontend/.angular/cache/18.2.11/frontend/vite/deps/emoji-picker-element.js.map 304 [03/Feb/2025:22:02:51 +0000] - 11.176 ms localhost
GET /login.component.css.map 200 [03/Feb/2025:22:02:51 +0000] - 9.462 ms localhost
GET /user/auth/google 401 [03/Feb/2025:22:03:00 +0000] - 49.920 ms localhost
GET / - [03/Feb/2025:22:03:00 +0000] - - ms localhost
GET / 200 [03/Feb/2025:22:04:30 +0000] - 74.648 ms localhost
GET /@vite/client 304 [03/Feb/2025:22:04:31 +0000] - 12.568 ms localhost
GET /styles.css 200 [03/Feb/2025:22:04:31 +0000] - 15.893 ms localhost
GET /polyfills.js 304 [03/Feb/2025:22:04:31 +0000] - 18.984 ms localhost
GET /main.js 304 [03/Feb/2025:22:04:31 +0000] - 18.885 ms localhost
GET /@fs/C:/Users/USER/Desktop/BroCampTasks/Angular_Project/frontend/node_modules/vite/dist/client/env.mjs 304 [03/Feb/2025:22:04:31 +0000] - 6.906 ms localhost
GET /styles.css.map 200 [03/Feb/2025:22:04:31 +0000] - 5.990 ms localhost
GET /@fs/C:/Users/USER/Desktop/BroCampTasks/Angular_Project/frontend/.angular/cache/18.2.11/frontend/vite/deps/@angular_platform-browser.js.map 304 [03/Feb/2025:22:04:31 +0000] - 32.918 ms localhost
GET /@fs/C:/Users/USER/Desktop/BroCampTasks/Angular_Project/frontend/.angular/cache/18.2.11/frontend/vite/deps/chunk-ZKQIAUIS.js.map 304 [03/Feb/2025:22:04:31 +0000] - 52.045 ms localhost
GET /@fs/C:/Users/USER/Desktop/BroCampTasks/Angular_Project/frontend/.angular/cache/18.2.11/frontend/vite/deps/chunk-F4ZW7LLY.js.map 304 [03/Feb/2025:22:04:31 +0000] - 53.913 ms localhost
GET /@fs/C:/Users/USER/Desktop/BroCampTasks/Angular_Project/frontend/.angular/cache/18.2.11/frontend/vite/deps/chunk-66JPAEYR.js.map 304 [03/Feb/2025:22:04:31 +0000] - 77.349 ms localhost
GET /@fs/C:/Users/USER/Desktop/BroCampTasks/Angular_Project/frontend/.angular/cache/18.2.11/frontend/vite/deps/chunk-2ZWNOPXZ.js.map 304 [03/Feb/2025:22:04:31 +0000] - 105.445 ms localhost
GET /@fs/C:/Users/USER/Desktop/BroCampTasks/Angular_Project/frontend/.angular/cache/18.2.11/frontend/vite/deps/chunk-BKIWMXDL.js.map 304 [03/Feb/2025:22:04:32 +0000] - 486.920 ms localhost
GET /@fs/C:/Users/USER/Desktop/BroCampTasks/Angular_Project/frontend/.angular/cache/18.2.11/frontend/vite/deps/@angular_core.js.map 304 [03/Feb/2025:22:04:32 +0000] - 382.719 ms localhost
GET /@fs/C:/Users/USER/Desktop/BroCampTasks/Angular_Project/frontend/.angular/cache/18.2.11/frontend/vite/deps/rxjs.js.map 304 [03/Feb/2025:22:04:32 +0000] - 380.240 ms localhost
GET /@fs/C:/Users/USER/Desktop/BroCampTasks/Angular_Project/frontend/.angular/cache/18.2.11/frontend/vite/deps/chunk-XWLXMCJQ.js.map 304 [03/Feb/2025:22:04:32 +0000] - 384.338 ms localhost
GET /@fs/C:/Users/USER/Desktop/BroCampTasks/Angular_Project/frontend/.angular/cache/18.2.11/frontend/vite/deps/@angular_common_http.js.map 304 [03/Feb/2025:22:04:32 +0000] - 390.276 ms localhost
GET /@fs/C:/Users/USER/Desktop/BroCampTasks/Angular_Project/frontend/.angular/cache/18.2.11/frontend/vite/deps/@angular_router.js.map 304 [03/Feb/2025:22:04:32 +0000] - 404.683 ms localhost
GET /@fs/C:/Users/USER/Desktop/BroCampTasks/Angular_Project/frontend/.angular/cache/18.2.11/frontend/vite/deps/@angular_common.js.map 304 [03/Feb/2025:22:04:32 +0000] - 25.625 ms localhost
GET /@fs/C:/Users/USER/Desktop/BroCampTasks/Angular_Project/frontend/.angular/cache/18.2.11/frontend/vite/deps/ngx-socket-io.js.map 304 [03/Feb/2025:22:04:32 +0000] - 21.714 ms localhost
GET /@fs/C:/Users/USER/Desktop/BroCampTasks/Angular_Project/frontend/.angular/cache/18.2.11/frontend/vite/deps/@angular_forms.js.map 304 [03/Feb/2025:22:04:32 +0000] - 56.274 ms localhost
GET /login.component.css.map 200 [03/Feb/2025:22:04:32 +0000] - 17.798 ms localhost
GET /@fs/C:/Users/USER/Desktop/BroCampTasks/Angular_Project/frontend/.angular/cache/18.2.11/frontend/vite/deps/chunk-7MS5FTBZ.js.map 304 [03/Feb/2025:22:04:32 +0000] - 39.857 ms localhost
GET /@fs/C:/Users/USER/Desktop/BroCampTasks/Angular_Project/frontend/.angular/cache/18.2.11/frontend/vite/deps/emoji-picker-element.js.map 304 [03/Feb/2025:22:04:32 +0000] - 41.546 ms localhost
GET /user/auth/google 401 [03/Feb/2025:22:04:35 +0000] - 68.189 ms localhost
GET / - [03/Feb/2025:22:04:36 +0000] - - ms localhost
GET /styles.css.map 200 [03/Feb/2025:22:07:50 +0000] - 15.576 ms localhost
GET /login.component.css.map 200 [03/Feb/2025:22:07:50 +0000] - 4.786 ms localhost
GET /@fs/C:/Users/USER/Desktop/BroCampTasks/Angular_Project/frontend/.angular/cache/18.2.11/frontend/vite/deps/@angular_platform-browser.js.map 304 [03/Feb/2025:22:07:50 +0000] - 13.809 ms localhost
GET /@fs/C:/Users/USER/Desktop/BroCampTasks/Angular_Project/frontend/.angular/cache/18.2.11/frontend/vite/deps/@angular_core.js.map 304 [03/Feb/2025:22:07:50 +0000] - 15.280 ms localhost
GET /@fs/C:/Users/USER/Desktop/BroCampTasks/Angular_Project/frontend/.angular/cache/18.2.11/frontend/vite/deps/chunk-ZKQIAUIS.js.map 304 [03/Feb/2025:22:07:51 +0000] - 34.714 ms localhost
GET /@fs/C:/Users/USER/Desktop/BroCampTasks/Angular_Project/frontend/.angular/cache/18.2.11/frontend/vite/deps/chunk-66JPAEYR.js.map 304 [03/Feb/2025:22:07:51 +0000] - 41.627 ms localhost
GET /@fs/C:/Users/USER/Desktop/BroCampTasks/Angular_Project/frontend/.angular/cache/18.2.11/frontend/vite/deps/@angular_forms.js.map 304 [03/Feb/2025:22:07:51 +0000] - 53.130 ms localhost
GET /@fs/C:/Users/USER/Desktop/BroCampTasks/Angular_Project/frontend/.angular/cache/18.2.11/frontend/vite/deps/@angular_router.js.map 304 [03/Feb/2025:22:07:51 +0000] - 63.670 ms localhost
GET /@fs/C:/Users/USER/Desktop/BroCampTasks/Angular_Project/frontend/.angular/cache/18.2.11/frontend/vite/deps/@angular_common_http.js.map 304 [03/Feb/2025:22:07:51 +0000] - 11.028 ms localhost
GET /@fs/C:/Users/USER/Desktop/BroCampTasks/Angular_Project/frontend/.angular/cache/18.2.11/frontend/vite/deps/chunk-2ZWNOPXZ.js.map 304 [03/Feb/2025:22:07:51 +0000] - 61.757 ms localhost
GET /@fs/C:/Users/USER/Desktop/BroCampTasks/Angular_Project/frontend/.angular/cache/18.2.11/frontend/vite/deps/chunk-XWLXMCJQ.js.map 304 [03/Feb/2025:22:07:51 +0000] - 32.753 ms localhost
GET /@fs/C:/Users/USER/Desktop/BroCampTasks/Angular_Project/frontend/.angular/cache/18.2.11/frontend/vite/deps/chunk-F4ZW7LLY.js.map 304 [03/Feb/2025:22:07:51 +0000] - 79.314 ms localhost
GET /@fs/C:/Users/USER/Desktop/BroCampTasks/Angular_Project/frontend/.angular/cache/18.2.11/frontend/vite/deps/rxjs.js.map 304 [03/Feb/2025:22:07:51 +0000] - 265.587 ms localhost
GET /@fs/C:/Users/USER/Desktop/BroCampTasks/Angular_Project/frontend/.angular/cache/18.2.11/frontend/vite/deps/@angular_common.js.map 304 [03/Feb/2025:22:07:51 +0000] - 254.122 ms localhost
GET /@fs/C:/Users/USER/Desktop/BroCampTasks/Angular_Project/frontend/.angular/cache/18.2.11/frontend/vite/deps/chunk-BKIWMXDL.js.map 304 [03/Feb/2025:22:07:51 +0000] - 407.037 ms localhost
GET /@fs/C:/Users/USER/Desktop/BroCampTasks/Angular_Project/frontend/.angular/cache/18.2.11/frontend/vite/deps/emoji-picker-element.js.map 304 [03/Feb/2025:22:07:51 +0000] - 318.241 ms localhost
GET /@fs/C:/Users/USER/Desktop/BroCampTasks/Angular_Project/frontend/.angular/cache/18.2.11/frontend/vite/deps/ngx-socket-io.js.map 304 [03/Feb/2025:22:07:51 +0000] - 324.007 ms localhost
GET /@fs/C:/Users/USER/Desktop/BroCampTasks/Angular_Project/frontend/.angular/cache/18.2.11/frontend/vite/deps/chunk-7MS5FTBZ.js.map 304 [03/Feb/2025:22:07:51 +0000] - 317.234 ms localhost
GET /login 200 [03/Feb/2025:22:07:52 +0000] - 35.548 ms localhost
GET / - [03/Feb/2025:22:07:52 +0000] - - ms localhost
GET /@vite/client 304 [03/Feb/2025:22:07:52 +0000] - 15.458 ms localhost
GET /styles.css 200 [03/Feb/2025:22:07:52 +0000] - 16.420 ms localhost
GET /polyfills.js 304 [03/Feb/2025:22:07:52 +0000] - 22.874 ms localhost
GET /main.js 304 [03/Feb/2025:22:07:52 +0000] - 25.636 ms localhost
GET /styles.css.map 200 [03/Feb/2025:22:07:52 +0000] - 6.319 ms localhost
GET /@fs/C:/Users/USER/Desktop/BroCampTasks/Angular_Project/frontend/node_modules/vite/dist/client/env.mjs 304 [03/Feb/2025:22:07:52 +0000] - 2.786 ms localhost
GET /@fs/C:/Users/USER/Desktop/BroCampTasks/Angular_Project/frontend/.angular/cache/18.2.11/frontend/vite/deps/@angular_platform-browser.js.map 304 [03/Feb/2025:22:07:52 +0000] - 12.501 ms localhost
GET /@fs/C:/Users/USER/Desktop/BroCampTasks/Angular_Project/frontend/.angular/cache/18.2.11/frontend/vite/deps/chunk-ZKQIAUIS.js.map 304 [03/Feb/2025:22:07:52 +0000] - 16.404 ms localhost
GET /@fs/C:/Users/USER/Desktop/BroCampTasks/Angular_Project/frontend/.angular/cache/18.2.11/frontend/vite/deps/chunk-F4ZW7LLY.js.map 304 [03/Feb/2025:22:07:52 +0000] - 18.918 ms localhost
GET /@fs/C:/Users/USER/Desktop/BroCampTasks/Angular_Project/frontend/.angular/cache/18.2.11/frontend/vite/deps/chunk-2ZWNOPXZ.js.map 304 [03/Feb/2025:22:07:52 +0000] - 23.649 ms localhost
GET /@fs/C:/Users/USER/Desktop/BroCampTasks/Angular_Project/frontend/.angular/cache/18.2.11/frontend/vite/deps/chunk-BKIWMXDL.js.map 304 [03/Feb/2025:22:07:52 +0000] - 80.175 ms localhost
GET /@fs/C:/Users/USER/Desktop/BroCampTasks/Angular_Project/frontend/.angular/cache/18.2.11/frontend/vite/deps/chunk-66JPAEYR.js.map 304 [03/Feb/2025:22:07:53 +0000] - 163.298 ms localhost
GET /@fs/C:/Users/USER/Desktop/BroCampTasks/Angular_Project/frontend/.angular/cache/18.2.11/frontend/vite/deps/chunk-XWLXMCJQ.js.map 304 [03/Feb/2025:22:07:53 +0000] - 195.582 ms localhost
GET /@fs/C:/Users/USER/Desktop/BroCampTasks/Angular_Project/frontend/.angular/cache/18.2.11/frontend/vite/deps/@angular_core.js.map 304 [03/Feb/2025:22:07:53 +0000] - 193.592 ms localhost
GET /@fs/C:/Users/USER/Desktop/BroCampTasks/Angular_Project/frontend/.angular/cache/18.2.11/frontend/vite/deps/@angular_common_http.js.map 304 [03/Feb/2025:22:07:53 +0000] - 195.899 ms localhost
GET /@fs/C:/Users/USER/Desktop/BroCampTasks/Angular_Project/frontend/.angular/cache/18.2.11/frontend/vite/deps/rxjs.js.map 304 [03/Feb/2025:22:07:53 +0000] - 115.626 ms localhost
GET /@fs/C:/Users/USER/Desktop/BroCampTasks/Angular_Project/frontend/.angular/cache/18.2.11/frontend/vite/deps/@angular_forms.js.map 304 [03/Feb/2025:22:07:53 +0000] - 25.971 ms localhost
GET /@fs/C:/Users/USER/Desktop/BroCampTasks/Angular_Project/frontend/.angular/cache/18.2.11/frontend/vite/deps/@angular_router.js.map 304 [03/Feb/2025:22:07:53 +0000] - 224.944 ms localhost
GET /@fs/C:/Users/USER/Desktop/BroCampTasks/Angular_Project/frontend/.angular/cache/18.2.11/frontend/vite/deps/@angular_common.js.map 304 [03/Feb/2025:22:07:53 +0000] - 11.224 ms localhost
GET /@fs/C:/Users/USER/Desktop/BroCampTasks/Angular_Project/frontend/.angular/cache/18.2.11/frontend/vite/deps/ngx-socket-io.js.map 304 [03/Feb/2025:22:07:53 +0000] - 7.254 ms localhost
GET /login.component.css.map 200 [03/Feb/2025:22:07:53 +0000] - 3.852 ms localhost
GET /@fs/C:/Users/USER/Desktop/BroCampTasks/Angular_Project/frontend/.angular/cache/18.2.11/frontend/vite/deps/chunk-7MS5FTBZ.js.map 304 [03/Feb/2025:22:07:53 +0000] - 21.673 ms localhost
GET /@fs/C:/Users/USER/Desktop/BroCampTasks/Angular_Project/frontend/.angular/cache/18.2.11/frontend/vite/deps/emoji-picker-element.js.map 304 [03/Feb/2025:22:07:53 +0000] - 18.428 ms localhost
GET /favicon.ico 304 [03/Feb/2025:22:07:53 +0000] - 7.129 ms localhost
POST /user/login 500 [03/Feb/2025:22:08:02 +0000] - 356.415 ms localhost
GET /user/auth/google 401 [03/Feb/2025:22:08:11 +0000] - 41.663 ms localhost
GET / - [03/Feb/2025:22:08:12 +0000] - - ms localhost
GET /styles.css.map 200 [03/Feb/2025:22:08:39 +0000] - 9.423 ms localhost
GET /@fs/C:/Users/USER/Desktop/BroCampTasks/Angular_Project/frontend/.angular/cache/18.2.11/frontend/vite/deps/@angular_platform-browser.js.map 304 [03/Feb/2025:22:08:39 +0000] - 41.897 ms localhost
GET /@fs/C:/Users/USER/Desktop/BroCampTasks/Angular_Project/frontend/.angular/cache/18.2.11/frontend/vite/deps/chunk-F4ZW7LLY.js.map 304 [03/Feb/2025:22:08:39 +0000] - 44.535 ms localhost
GET /@fs/C:/Users/USER/Desktop/BroCampTasks/Angular_Project/frontend/.angular/cache/18.2.11/frontend/vite/deps/chunk-2ZWNOPXZ.js.map 304 [03/Feb/2025:22:08:39 +0000] - 42.137 ms localhost
GET /@fs/C:/Users/USER/Desktop/BroCampTasks/Angular_Project/frontend/.angular/cache/18.2.11/frontend/vite/deps/chunk-ZKQIAUIS.js.map 304 [03/Feb/2025:22:08:39 +0000] - 55.511 ms localhost
GET /@fs/C:/Users/USER/Desktop/BroCampTasks/Angular_Project/frontend/.angular/cache/18.2.11/frontend/vite/deps/chunk-66JPAEYR.js.map 304 [03/Feb/2025:22:08:39 +0000] - 45.365 ms localhost
GET /@fs/C:/Users/USER/Desktop/BroCampTasks/Angular_Project/frontend/.angular/cache/18.2.11/frontend/vite/deps/chunk-BKIWMXDL.js.map 304 [03/Feb/2025:22:08:39 +0000] - 265.669 ms localhost
GET /@fs/C:/Users/USER/Desktop/BroCampTasks/Angular_Project/frontend/.angular/cache/18.2.11/frontend/vite/deps/chunk-XWLXMCJQ.js.map 304 [03/Feb/2025:22:08:39 +0000] - 102.277 ms localhost
GET /@fs/C:/Users/USER/Desktop/BroCampTasks/Angular_Project/frontend/.angular/cache/18.2.11/frontend/vite/deps/@angular_core.js.map 304 [03/Feb/2025:22:08:39 +0000] - 109.432 ms localhost
GET /@fs/C:/Users/USER/Desktop/BroCampTasks/Angular_Project/frontend/.angular/cache/18.2.11/frontend/vite/deps/@angular_router.js.map 304 [03/Feb/2025:22:08:39 +0000] - 118.999 ms localhost
GET /@fs/C:/Users/USER/Desktop/BroCampTasks/Angular_Project/frontend/.angular/cache/18.2.11/frontend/vite/deps/@angular_common_http.js.map 304 [03/Feb/2025:22:08:39 +0000] - 119.814 ms localhost
GET /@fs/C:/Users/USER/Desktop/BroCampTasks/Angular_Project/frontend/.angular/cache/18.2.11/frontend/vite/deps/rxjs.js.map 304 [03/Feb/2025:22:08:39 +0000] - 120.251 ms localhost
GET /login.component.css.map 200 [03/Feb/2025:22:08:39 +0000] - 14.210 ms localhost
GET /@fs/C:/Users/USER/Desktop/BroCampTasks/Angular_Project/frontend/.angular/cache/18.2.11/frontend/vite/deps/@angular_forms.js.map 304 [03/Feb/2025:22:08:39 +0000] - 107.684 ms localhost
GET /@fs/C:/Users/USER/Desktop/BroCampTasks/Angular_Project/frontend/.angular/cache/18.2.11/frontend/vite/deps/@angular_common.js.map 304 [03/Feb/2025:22:08:39 +0000] - 103.514 ms localhost
GET /@fs/C:/Users/USER/Desktop/BroCampTasks/Angular_Project/frontend/.angular/cache/18.2.11/frontend/vite/deps/ngx-socket-io.js.map 304 [03/Feb/2025:22:08:39 +0000] - 45.603 ms localhost
GET /@fs/C:/Users/USER/Desktop/BroCampTasks/Angular_Project/frontend/.angular/cache/18.2.11/frontend/vite/deps/chunk-7MS5FTBZ.js.map 304 [03/Feb/2025:22:08:39 +0000] - 126.175 ms localhost
GET /@fs/C:/Users/USER/Desktop/BroCampTasks/Angular_Project/frontend/.angular/cache/18.2.11/frontend/vite/deps/emoji-picker-element.js.map 304 [03/Feb/2025:22:08:39 +0000] - 136.332 ms localhost
GET /user/auth/google 401 [03/Feb/2025:22:08:45 +0000] - 37.393 ms localhost
GET / - [03/Feb/2025:22:08:45 +0000] - - ms localhost
GET /login 200 [03/Feb/2025:22:12:53 +0000] - 228.695 ms localhost
GET / - [03/Feb/2025:22:12:53 +0000] - - ms localhost
GET /@vite/client 304 [03/Feb/2025:22:12:53 +0000] - 27.020 ms localhost
GET /styles.css 200 [03/Feb/2025:22:12:53 +0000] - 20.261 ms localhost
GET /polyfills.js 304 [03/Feb/2025:22:12:53 +0000] - 23.702 ms localhost
GET /main.js 304 [03/Feb/2025:22:12:53 +0000] - 23.162 ms localhost
GET /@fs/C:/Users/USER/Desktop/BroCampTasks/Angular_Project/frontend/node_modules/vite/dist/client/env.mjs 304 [03/Feb/2025:22:12:53 +0000] - 11.898 ms localhost
GET /favicon.ico 304 [03/Feb/2025:22:12:53 +0000] - 11.533 ms localhost
GET /user/auth/google 302 [03/Feb/2025:22:12:55 +0000] - 100.542 ms localhost
GET / - [03/Feb/2025:22:12:56 +0000] - - ms localhost
GET /user/auth/google/callback?code=4%2F0ASVgi3LqbgkYo74fDHqmAgxTkuSPJ97yOhblQrmACt6-gJVRVo-liR1xGYBXs8Yc17NHjw&scope=email+profile+https%3A%2F%2Fwww.googleapis.com%2Fauth%2Fuserinfo.email+https%3A%2F%2Fwww.googleapis.com%2Fauth%2Fuserinfo.profile+openid&authuser=0&prompt=none 401 [03/Feb/2025:22:13:02 +0000] - 61.795 ms localhost
GET / 200 [04/Feb/2025:06:52:43 +0000] - 135.600 ms localhost
GET /styles.css 200 [04/Feb/2025:06:52:43 +0000] - 59.398 ms localhost
GET /polyfills.js 304 [04/Feb/2025:06:52:43 +0000] - 63.744 ms localhost
GET /main.js 200 [04/Feb/2025:06:52:43 +0000] - 91.039 ms localhost
GET /@vite/client 200 [04/Feb/2025:06:52:43 +0000] - 357.914 ms localhost
GET /@fs/C:/Users/USER/Desktop/BroCampTasks/Angular_Project/frontend/node_modules/vite/dist/client/env.mjs 304 [04/Feb/2025:06:52:43 +0000] - 9.649 ms localhost
GET /user/auth/google 302 [04/Feb/2025:06:52:46 +0000] - 198.893 ms localhost
GET / - [04/Feb/2025:06:52:46 +0000] - - ms localhost
GET /user/auth/google/callback?code=4%2F0ASVgi3LbVNLtTciVVjcun9K0ihIbseYcwdvM9XyrnBtMXecyG3YzK60w5ehSGyrIxA-sGw&scope=email+profile+https%3A%2F%2Fwww.googleapis.com%2Fauth%2Fuserinfo.email+https%3A%2F%2Fwww.googleapis.com%2Fauth%2Fuserinfo.profile+openid&authuser=0&prompt=none - [04/Feb/2025:06:53:26 +0000] - - ms localhost
GET / - [04/Feb/2025:06:57:26 +0000] - - ms localhost
POST /user/register 201 [04/Feb/2025:07:10:36 +0000] - 3500.584 ms localhost
POST /user/otp/verify 200 [04/Feb/2025:07:10:53 +0000] - 47.858 ms localhost
POST /user/login 200 [04/Feb/2025:07:10:58 +0000] - 158.875 ms localhost
GET /user/logout 304 [04/Feb/2025:07:11:02 +0000] - 59.045 ms localhost
POST /user/password/resetEmail 200 [04/Feb/2025:07:11:19 +0000] - 2234.837 ms localhost
GET /reset/eyJhbGciOiJIUzI1NiIsInR5cCI6IkpXVCJ9.eyJpZCI6IjY3YTFiZDY5NGJlMjNjYzkwNGU5ZjIyZiIsImVtYWlsIjoibWliYXRlNzIyNUBhbmRpbmV3cy5jb20iLCJpc0FjdGl2ZSI6dHJ1ZSwiaXNFbWFpbFZlcmlmaWVkIjp0cnVlLCJpc1VzZXJWZXJpZmllZCI6ZmFsc2UsInJvbGUiOiJ1c2VyIiwidXNlciI6InRlbXAiLCJnb29nbGVJZCI6IiIsImlhdCI6MTczODY1MzA3NywiZXhwIjoxNzM4NzM5NDc3fQ.cP8G_wjP8k2C2WITrJD_s8SJ-5Y-kKDvKC_mzGDFKOA 200 [04/Feb/2025:07:11:46 +0000] - 306.714 ms localhost
GET /@vite/client 304 [04/Feb/2025:07:11:47 +0000] - 23.896 ms localhost
GET /main.js 304 [04/Feb/2025:07:11:47 +0000] - 27.902 ms localhost
GET /styles.css 200 [04/Feb/2025:07:11:47 +0000] - 18.170 ms localhost
GET /polyfills.js 304 [04/Feb/2025:07:11:47 +0000] - 19.596 ms localhost
GET /@fs/C:/Users/USER/Desktop/BroCampTasks/Angular_Project/frontend/node_modules/vite/dist/client/env.mjs 304 [04/Feb/2025:07:11:47 +0000] - 3.396 ms localhost
POST /user/password/reset 200 [04/Feb/2025:07:12:05 +0000] - 189.964 ms localhost
GET / - [04/Feb/2025:07:12:12 +0000] - - ms localhost
GET /user/auth/google 302 [04/Feb/2025:07:12:18 +0000] - 26.554 ms localhost
GET / - [04/Feb/2025:07:12:19 +0000] - - ms localhost
GET /user/auth/google/callback?code=4%2F0ASVgi3LKyzIJDhziz4-BlJ_MWGnE3wuWSAWl5qdMgmsYIOkLp-lw1KH-OM-Q4S01MQRTcg&scope=email+profile+https%3A%2F%2Fwww.googleapis.com%2Fauth%2Fuserinfo.email+openid+https%3A%2F%2Fwww.googleapis.com%2Fauth%2Fuserinfo.profile&authuser=1&prompt=none 302 [04/Feb/2025:07:12:23 +0000] - 499.434 ms localhost
GET /googleLogin/callback 200 [04/Feb/2025:07:12:23 +0000] - 49.523 ms localhost
GET /@vite/client 304 [04/Feb/2025:07:12:23 +0000] - 5.392 ms localhost
GET /styles.css 200 [04/Feb/2025:07:12:23 +0000] - 3.921 ms localhost
GET /polyfills.js 304 [04/Feb/2025:07:12:23 +0000] - 4.485 ms localhost
GET /main.js 304 [04/Feb/2025:07:12:23 +0000] - 8.190 ms localhost
GET /@fs/C:/Users/USER/Desktop/BroCampTasks/Angular_Project/frontend/node_modules/vite/dist/client/env.mjs 304 [04/Feb/2025:07:12:23 +0000] - 6.376 ms localhost
GET /user/data 200 [04/Feb/2025:07:12:24 +0000] - 178.669 ms localhost
GET /service/services?isApproved=true 504 [04/Feb/2025:07:12:51 +0000] - 91.720 ms localhost
GET /service/uploads/ 504 [04/Feb/2025:07:12:51 +0000] - 62.809 ms localhost
GET /styles.css 200 [04/Feb/2025:07:13:00 +0000] - 4.048 ms localhost
GET /@fs/C:/Users/USER/Desktop/BroCampTasks/Angular_Project/frontend/.angular/cache/18.2.11/frontend/vite/deps/@angular_platform-browser.js.map 304 [04/Feb/2025:07:13:00 +0000] - 37.873 ms localhost
GET /@fs/C:/Users/USER/Desktop/BroCampTasks/Angular_Project/frontend/.angular/cache/18.2.11/frontend/vite/deps/@angular_core.js.map 304 [04/Feb/2025:07:13:00 +0000] - 37.996 ms localhost
GET /@fs/C:/Users/USER/Desktop/BroCampTasks/Angular_Project/frontend/.angular/cache/18.2.11/frontend/vite/deps/chunk-ZKQIAUIS.js.map 304 [04/Feb/2025:07:13:00 +0000] - 58.943 ms localhost
GET /@fs/C:/Users/USER/Desktop/BroCampTasks/Angular_Project/frontend/.angular/cache/18.2.11/frontend/vite/deps/rxjs.js.map 304 [04/Feb/2025:07:13:00 +0000] - 45.155 ms localhost
GET /@fs/C:/Users/USER/Desktop/BroCampTasks/Angular_Project/frontend/.angular/cache/18.2.11/frontend/vite/deps/ngx-socket-io.js.map 304 [04/Feb/2025:07:13:00 +0000] - 76.965 ms localhost
GET /@fs/C:/Users/USER/Desktop/BroCampTasks/Angular_Project/frontend/.angular/cache/18.2.11/frontend/vite/deps/@angular_router.js.map 304 [04/Feb/2025:07:13:00 +0000] - 105.615 ms localhost
GET /@fs/C:/Users/USER/Desktop/BroCampTasks/Angular_Project/frontend/.angular/cache/18.2.11/frontend/vite/deps/chunk-F4ZW7LLY.js.map 304 [04/Feb/2025:07:13:00 +0000] - 132.946 ms localhost
GET /@fs/C:/Users/USER/Desktop/BroCampTasks/Angular_Project/frontend/.angular/cache/18.2.11/frontend/vite/deps/@angular_common_http.js.map 304 [04/Feb/2025:07:13:00 +0000] - 136.877 ms localhost
GET /@fs/C:/Users/USER/Desktop/BroCampTasks/Angular_Project/frontend/.angular/cache/18.2.11/frontend/vite/deps/@angular_common.js.map 304 [04/Feb/2025:07:13:01 +0000] - 248.541 ms localhost
GET /@fs/C:/Users/USER/Desktop/BroCampTasks/Angular_Project/frontend/.angular/cache/18.2.11/frontend/vite/deps/chunk-7MS5FTBZ.js.map 304 [04/Feb/2025:07:13:01 +0000] - 241.592 ms localhost
GET /@fs/C:/Users/USER/Desktop/BroCampTasks/Angular_Project/frontend/.angular/cache/18.2.11/frontend/vite/deps/chunk-BKIWMXDL.js.map 304 [04/Feb/2025:07:13:01 +0000] - 646.586 ms localhost
GET /@fs/C:/Users/USER/Desktop/BroCampTasks/Angular_Project/frontend/.angular/cache/18.2.11/frontend/vite/deps/chunk-XWLXMCJQ.js.map 304 [04/Feb/2025:07:13:01 +0000] - 551.921 ms localhost
GET /@fs/C:/Users/USER/Desktop/BroCampTasks/Angular_Project/frontend/.angular/cache/18.2.11/frontend/vite/deps/@angular_forms.js.map 304 [04/Feb/2025:07:13:01 +0000] - 603.159 ms localhost
GET /@fs/C:/Users/USER/Desktop/BroCampTasks/Angular_Project/frontend/.angular/cache/18.2.11/frontend/vite/deps/emoji-picker-element.js.map 304 [04/Feb/2025:07:13:01 +0000] - 613.721 ms localhost
GET /@fs/C:/Users/USER/Desktop/BroCampTasks/Angular_Project/frontend/.angular/cache/18.2.11/frontend/vite/deps/chunk-2ZWNOPXZ.js.map 304 [04/Feb/2025:07:13:01 +0000] - 318.801 ms localhost
GET /login.component.css.map 200 [04/Feb/2025:07:13:01 +0000] - 78.159 ms localhost
GET /styles.css.map 200 [04/Feb/2025:07:13:01 +0000] - 85.895 ms localhost
GET /@fs/C:/Users/USER/Desktop/BroCampTasks/Angular_Project/frontend/.angular/cache/18.2.11/frontend/vite/deps/chunk-66JPAEYR.js.map 304 [04/Feb/2025:07:13:01 +0000] - 315.308 ms localhost
GET / - [04/Feb/2025:07:16:23 +0000] - - ms localhost
GET /login 200 [04/Feb/2025:08:25:55 +0000] - 982.531 ms localhost
GET /@vite/client 304 [04/Feb/2025:08:25:58 +0000] - 22.572 ms localhost
GET /styles.css 200 [04/Feb/2025:08:25:58 +0000] - 12.056 ms localhost
GET /polyfills.js 304 [04/Feb/2025:08:25:58 +0000] - 14.053 ms localhost
GET /main.js 304 [04/Feb/2025:08:25:58 +0000] - 13.984 ms localhost
GET /@fs/C:/Users/USER/Desktop/BroCampTasks/Angular_Project/frontend/node_modules/vite/dist/client/env.mjs 304 [04/Feb/2025:08:25:59 +0000] - 2.488 ms localhost
GET /styles.css.map 200 [04/Feb/2025:08:26:02 +0000] - 62.266 ms localhost
GET /@fs/C:/Users/USER/Desktop/BroCampTasks/Angular_Project/frontend/.angular/cache/18.2.11/frontend/vite/deps/@angular_platform-browser.js.map 304 [04/Feb/2025:08:26:02 +0000] - 124.515 ms localhost
GET /@fs/C:/Users/USER/Desktop/BroCampTasks/Angular_Project/frontend/.angular/cache/18.2.11/frontend/vite/deps/chunk-ZKQIAUIS.js.map 304 [04/Feb/2025:08:26:02 +0000] - 131.143 ms localhost
GET /@fs/C:/Users/USER/Desktop/BroCampTasks/Angular_Project/frontend/.angular/cache/18.2.11/frontend/vite/deps/chunk-F4ZW7LLY.js.map 304 [04/Feb/2025:08:26:02 +0000] - 133.888 ms localhost
GET /@fs/C:/Users/USER/Desktop/BroCampTasks/Angular_Project/frontend/.angular/cache/18.2.11/frontend/vite/deps/chunk-2ZWNOPXZ.js.map 304 [04/Feb/2025:08:26:02 +0000] - 141.927 ms localhost
GET /@fs/C:/Users/USER/Desktop/BroCampTasks/Angular_Project/frontend/.angular/cache/18.2.11/frontend/vite/deps/chunk-66JPAEYR.js.map 304 [04/Feb/2025:08:26:03 +0000] - 273.728 ms localhost
GET /@fs/C:/Users/USER/Desktop/BroCampTasks/Angular_Project/frontend/.angular/cache/18.2.11/frontend/vite/deps/chunk-BKIWMXDL.js.map 304 [04/Feb/2025:08:26:03 +0000] - 365.419 ms localhost
GET /@fs/C:/Users/USER/Desktop/BroCampTasks/Angular_Project/frontend/.angular/cache/18.2.11/frontend/vite/deps/chunk-XWLXMCJQ.js.map 304 [04/Feb/2025:08:26:03 +0000] - 249.614 ms localhost
GET /@fs/C:/Users/USER/Desktop/BroCampTasks/Angular_Project/frontend/.angular/cache/18.2.11/frontend/vite/deps/@angular_core.js.map 304 [04/Feb/2025:08:26:03 +0000] - 244.449 ms localhost
GET /@fs/C:/Users/USER/Desktop/BroCampTasks/Angular_Project/frontend/.angular/cache/18.2.11/frontend/vite/deps/@angular_common_http.js.map 304 [04/Feb/2025:08:26:03 +0000] - 223.711 ms localhost
GET /@fs/C:/Users/USER/Desktop/BroCampTasks/Angular_Project/frontend/.angular/cache/18.2.11/frontend/vite/deps/rxjs.js.map 304 [04/Feb/2025:08:26:03 +0000] - 159.783 ms localhost
GET /@fs/C:/Users/USER/Desktop/BroCampTasks/Angular_Project/frontend/.angular/cache/18.2.11/frontend/vite/deps/@angular_common.js.map 304 [04/Feb/2025:08:26:03 +0000] - 73.757 ms localhost
GET /@fs/C:/Users/USER/Desktop/BroCampTasks/Angular_Project/frontend/.angular/cache/18.2.11/frontend/vite/deps/chunk-7MS5FTBZ.js.map 304 [04/Feb/2025:08:26:03 +0000] - 72.910 ms localhost
GET /@fs/C:/Users/USER/Desktop/BroCampTasks/Angular_Project/frontend/.angular/cache/18.2.11/frontend/vite/deps/@angular_forms.js.map 304 [04/Feb/2025:08:26:03 +0000] - 91.354 ms localhost
GET /@fs/C:/Users/USER/Desktop/BroCampTasks/Angular_Project/frontend/.angular/cache/18.2.11/frontend/vite/deps/ngx-socket-io.js.map 304 [04/Feb/2025:08:26:03 +0000] - 94.739 ms localhost
GET /@fs/C:/Users/USER/Desktop/BroCampTasks/Angular_Project/frontend/.angular/cache/18.2.11/frontend/vite/deps/@angular_router.js.map 304 [04/Feb/2025:08:26:03 +0000] - 370.367 ms localhost
GET /@fs/C:/Users/USER/Desktop/BroCampTasks/Angular_Project/frontend/.angular/cache/18.2.11/frontend/vite/deps/emoji-picker-element.js.map 304 [04/Feb/2025:08:26:03 +0000] - 67.606 ms localhost
GET /login.component.css.map 200 [04/Feb/2025:08:26:03 +0000] - 3.108 ms localhost
GET /favicon.ico 200 [04/Feb/2025:08:26:03 +0000] - 35.930 ms localhost
GET / - [04/Feb/2025:08:30:01 +0000] - - ms localhost
GET /login 200 [04/Feb/2025:12:03:11 +0000] - 229.624 ms localhost
GET /@vite/client 304 [04/Feb/2025:12:03:11 +0000] - 13.981 ms localhost
GET /polyfills.js 304 [04/Feb/2025:12:03:11 +0000] - 14.056 ms localhost
GET /main.js 304 [04/Feb/2025:12:03:11 +0000] - 12.953 ms localhost
GET /styles.css 200 [04/Feb/2025:12:03:11 +0000] - 15.115 ms localhost
GET /styles.css.map 200 [04/Feb/2025:12:03:12 +0000] - 7.735 ms localhost
GET /@fs/C:/Users/USER/Desktop/BroCampTasks/Angular_Project/frontend/node_modules/vite/dist/client/env.mjs 304 [04/Feb/2025:12:03:12 +0000] - 63.649 ms localhost
GET /@fs/C:/Users/USER/Desktop/BroCampTasks/Angular_Project/frontend/.angular/cache/18.2.11/frontend/vite/deps/@angular_common_http.js.map 304 [04/Feb/2025:12:03:12 +0000] - 79.786 ms localhost
GET /@fs/C:/Users/USER/Desktop/BroCampTasks/Angular_Project/frontend/.angular/cache/18.2.11/frontend/vite/deps/@angular_common.js.map 304 [04/Feb/2025:12:03:12 +0000] - 61.673 ms localhost
GET /@fs/C:/Users/USER/Desktop/BroCampTasks/Angular_Project/frontend/.angular/cache/18.2.11/frontend/vite/deps/@angular_router.js.map 304 [04/Feb/2025:12:03:12 +0000] - 217.671 ms localhost
GET /@fs/C:/Users/USER/Desktop/BroCampTasks/Angular_Project/frontend/.angular/cache/18.2.11/frontend/vite/deps/chunk-BKIWMXDL.js.map 304 [04/Feb/2025:12:03:12 +0000] - 439.913 ms localhost
GET /@fs/C:/Users/USER/Desktop/BroCampTasks/Angular_Project/frontend/.angular/cache/18.2.11/frontend/vite/deps/chunk-XWLXMCJQ.js.map 304 [04/Feb/2025:12:03:12 +0000] - 452.540 ms localhost
GET /@fs/C:/Users/USER/Desktop/BroCampTasks/Angular_Project/frontend/.angular/cache/18.2.11/frontend/vite/deps/@angular_forms.js.map 304 [04/Feb/2025:12:03:13 +0000] - 478.581 ms localhost
GET /@fs/C:/Users/USER/Desktop/BroCampTasks/Angular_Project/frontend/.angular/cache/18.2.11/frontend/vite/deps/ngx-socket-io.js.map 304 [04/Feb/2025:12:03:13 +0000] - 426.178 ms localhost
GET /@fs/C:/Users/USER/Desktop/BroCampTasks/Angular_Project/frontend/.angular/cache/18.2.11/frontend/vite/deps/chunk-7MS5FTBZ.js.map 304 [04/Feb/2025:12:03:13 +0000] - 636.486 ms localhost
GET /favicon.ico 304 [04/Feb/2025:12:03:13 +0000] - 281.160 ms localhost
GET /@fs/C:/Users/USER/Desktop/BroCampTasks/Angular_Project/frontend/.angular/cache/18.2.11/frontend/vite/deps/@angular_platform-browser.js.map 304 [04/Feb/2025:12:03:13 +0000] - 356.264 ms localhost
GET /@fs/C:/Users/USER/Desktop/BroCampTasks/Angular_Project/frontend/.angular/cache/18.2.11/frontend/vite/deps/emoji-picker-element.js.map 304 [04/Feb/2025:12:03:13 +0000] - 597.825 ms localhost
GET /@fs/C:/Users/USER/Desktop/BroCampTasks/Angular_Project/frontend/.angular/cache/18.2.11/frontend/vite/deps/chunk-ZKQIAUIS.js.map 304 [04/Feb/2025:12:03:13 +0000] - 373.374 ms localhost
GET /@fs/C:/Users/USER/Desktop/BroCampTasks/Angular_Project/frontend/.angular/cache/18.2.11/frontend/vite/deps/chunk-F4ZW7LLY.js.map 304 [04/Feb/2025:12:03:13 +0000] - 310.201 ms localhost
GET /@fs/C:/Users/USER/Desktop/BroCampTasks/Angular_Project/frontend/.angular/cache/18.2.11/frontend/vite/deps/chunk-2ZWNOPXZ.js.map 304 [04/Feb/2025:12:03:13 +0000] - 201.224 ms localhost
GET /@fs/C:/Users/USER/Desktop/BroCampTasks/Angular_Project/frontend/.angular/cache/18.2.11/frontend/vite/deps/chunk-66JPAEYR.js.map 304 [04/Feb/2025:12:03:13 +0000] - 164.356 ms localhost
GET /login.component.css.map 200 [04/Feb/2025:12:03:13 +0000] - 116.167 ms localhost
GET /@fs/C:/Users/USER/Desktop/BroCampTasks/Angular_Project/frontend/.angular/cache/18.2.11/frontend/vite/deps/@angular_core.js.map 304 [04/Feb/2025:12:03:13 +0000] - 162.758 ms localhost
GET /@fs/C:/Users/USER/Desktop/BroCampTasks/Angular_Project/frontend/.angular/cache/18.2.11/frontend/vite/deps/rxjs.js.map 304 [04/Feb/2025:12:03:13 +0000] - 128.220 ms localhost
GET / - [04/Feb/2025:12:07:12 +0000] - - ms localhost
GET /login 200 [04/Feb/2025:13:26:27 +0000] - 507.832 ms localhost
GET /@vite/client 304 [04/Feb/2025:13:26:27 +0000] - 8.220 ms localhost
GET /styles.css 200 [04/Feb/2025:13:26:27 +0000] - 34.821 ms localhost
GET /polyfills.js 304 [04/Feb/2025:13:26:28 +0000] - 4.098 ms localhost
GET /main.js 304 [04/Feb/2025:13:26:28 +0000] - 4.132 ms localhost
GET /@fs/C:/Users/USER/Desktop/BroCampTasks/Angular_Project/frontend/node_modules/vite/dist/client/env.mjs 304 [04/Feb/2025:13:26:28 +0000] - 3.773 ms localhost
GET /styles.css.map 200 [04/Feb/2025:13:26:30 +0000] - 32.203 ms localhost
GET /@fs/C:/Users/USER/Desktop/BroCampTasks/Angular_Project/frontend/.angular/cache/18.2.11/frontend/vite/deps/@angular_common.js.map 304 [04/Feb/2025:13:26:30 +0000] - 49.543 ms localhost
GET /@fs/C:/Users/USER/Desktop/BroCampTasks/Angular_Project/frontend/.angular/cache/18.2.11/frontend/vite/deps/@angular_router.js.map 304 [04/Feb/2025:13:26:30 +0000] - 155.671 ms localhost
GET /@fs/C:/Users/USER/Desktop/BroCampTasks/Angular_Project/frontend/.angular/cache/18.2.11/frontend/vite/deps/@angular_common_http.js.map 304 [04/Feb/2025:13:26:30 +0000] - 166.701 ms localhost
GET /@fs/C:/Users/USER/Desktop/BroCampTasks/Angular_Project/frontend/.angular/cache/18.2.11/frontend/vite/deps/@angular_platform-browser.js.map 304 [04/Feb/2025:13:26:30 +0000] - 162.077 ms localhost
GET /@fs/C:/Users/USER/Desktop/BroCampTasks/Angular_Project/frontend/.angular/cache/18.2.11/frontend/vite/deps/chunk-2ZWNOPXZ.js.map 304 [04/Feb/2025:13:26:30 +0000] - 239.856 ms localhost
GET /@fs/C:/Users/USER/Desktop/BroCampTasks/Angular_Project/frontend/.angular/cache/18.2.11/frontend/vite/deps/chunk-ZKQIAUIS.js.map 304 [04/Feb/2025:13:26:30 +0000] - 324.595 ms localhost
GET /@fs/C:/Users/USER/Desktop/BroCampTasks/Angular_Project/frontend/.angular/cache/18.2.11/frontend/vite/deps/chunk-F4ZW7LLY.js.map 304 [04/Feb/2025:13:26:30 +0000] - 296.503 ms localhost
GET /favicon.ico 304 [04/Feb/2025:13:26:30 +0000] - 60.691 ms localhost
GET /@fs/C:/Users/USER/Desktop/BroCampTasks/Angular_Project/frontend/.angular/cache/18.2.11/frontend/vite/deps/chunk-XWLXMCJQ.js.map 304 [04/Feb/2025:13:26:30 +0000] - 115.176 ms localhost
GET /@fs/C:/Users/USER/Desktop/BroCampTasks/Angular_Project/frontend/.angular/cache/18.2.11/frontend/vite/deps/ngx-socket-io.js.map 304 [04/Feb/2025:13:26:30 +0000] - 208.619 ms localhost
GET /@fs/C:/Users/USER/Desktop/BroCampTasks/Angular_Project/frontend/.angular/cache/18.2.11/frontend/vite/deps/@angular_forms.js.map 304 [04/Feb/2025:13:26:30 +0000] - 222.476 ms localhost
GET /@fs/C:/Users/USER/Desktop/BroCampTasks/Angular_Project/frontend/.angular/cache/18.2.11/frontend/vite/deps/chunk-66JPAEYR.js.map 304 [04/Feb/2025:13:26:31 +0000] - 228.365 ms localhost
GET /login.component.css.map 200 [04/Feb/2025:13:26:31 +0000] - 78.243 ms localhost
GET /@fs/C:/Users/USER/Desktop/BroCampTasks/Angular_Project/frontend/.angular/cache/18.2.11/frontend/vite/deps/@angular_core.js.map 304 [04/Feb/2025:13:26:31 +0000] - 301.823 ms localhost
GET /@fs/C:/Users/USER/Desktop/BroCampTasks/Angular_Project/frontend/.angular/cache/18.2.11/frontend/vite/deps/chunk-BKIWMXDL.js.map 304 [04/Feb/2025:13:26:31 +0000] - 394.214 ms localhost
GET /@fs/C:/Users/USER/Desktop/BroCampTasks/Angular_Project/frontend/.angular/cache/18.2.11/frontend/vite/deps/rxjs.js.map 304 [04/Feb/2025:13:26:31 +0000] - 346.638 ms localhost
GET /@fs/C:/Users/USER/Desktop/BroCampTasks/Angular_Project/frontend/.angular/cache/18.2.11/frontend/vite/deps/chunk-7MS5FTBZ.js.map 304 [04/Feb/2025:13:26:31 +0000] - 285.707 ms localhost
GET /@fs/C:/Users/USER/Desktop/BroCampTasks/Angular_Project/frontend/.angular/cache/18.2.11/frontend/vite/deps/emoji-picker-element.js.map 304 [04/Feb/2025:13:26:31 +0000] - 265.918 ms localhost
POST /user/login 400 [04/Feb/2025:13:26:41 +0000] - 743.115 ms localhost
GET /user/auth/google 302 [04/Feb/2025:13:26:56 +0000] - 25.973 ms localhost
GET / - [04/Feb/2025:13:26:57 +0000] - - ms localhost
GET /user/auth/google/callback?code=4%2F0ASVgi3LC5hdnGi5MGtlTA_ZDUV3BnqEOzGBeeWnNmDMfB8Pb3melUSfzSbbGr4vjO0nzNw&scope=email+profile+https%3A%2F%2Fwww.googleapis.com%2Fauth%2Fuserinfo.email+https%3A%2F%2Fwww.googleapis.com%2Fauth%2Fuserinfo.profile+openid&authuser=0&prompt=none 302 [04/Feb/2025:13:27:00 +0000] - 671.064 ms localhost
GET /googleLogin/callback 200 [04/Feb/2025:13:27:00 +0000] - 16.726 ms localhost
GET /styles.css 200 [04/Feb/2025:13:27:00 +0000] - 8.986 ms localhost
GET /@vite/client 304 [04/Feb/2025:13:27:00 +0000] - 12.972 ms localhost
GET /main.js 304 [04/Feb/2025:13:27:00 +0000] - 13.471 ms localhost
GET /polyfills.js 304 [04/Feb/2025:13:27:00 +0000] - 14.064 ms localhost
GET /styles.css.map 200 [04/Feb/2025:13:27:01 +0000] - 5.832 ms localhost
GET /@fs/C:/Users/USER/Desktop/BroCampTasks/Angular_Project/frontend/node_modules/vite/dist/client/env.mjs 304 [04/Feb/2025:13:27:01 +0000] - 5.644 ms localhost
GET /@fs/C:/Users/USER/Desktop/BroCampTasks/Angular_Project/frontend/.angular/cache/18.2.11/frontend/vite/deps/@angular_platform-browser.js.map 304 [04/Feb/2025:13:27:01 +0000] - 7.510 ms localhost
GET /@fs/C:/Users/USER/Desktop/BroCampTasks/Angular_Project/frontend/.angular/cache/18.2.11/frontend/vite/deps/chunk-ZKQIAUIS.js.map 304 [04/Feb/2025:13:27:01 +0000] - 36.788 ms localhost
GET /@fs/C:/Users/USER/Desktop/BroCampTasks/Angular_Project/frontend/.angular/cache/18.2.11/frontend/vite/deps/chunk-XWLXMCJQ.js.map 304 [04/Feb/2025:13:27:01 +0000] - 27.121 ms localhost
GET /@fs/C:/Users/USER/Desktop/BroCampTasks/Angular_Project/frontend/.angular/cache/18.2.11/frontend/vite/deps/@angular_common.js.map 304 [04/Feb/2025:13:27:01 +0000] - 28.087 ms localhost
GET /@fs/C:/Users/USER/Desktop/BroCampTasks/Angular_Project/frontend/.angular/cache/18.2.11/frontend/vite/deps/ngx-socket-io.js.map 304 [04/Feb/2025:13:27:01 +0000] - 30.250 ms localhost
GET /@fs/C:/Users/USER/Desktop/BroCampTasks/Angular_Project/frontend/.angular/cache/18.2.11/frontend/vite/deps/chunk-7MS5FTBZ.js.map 304 [04/Feb/2025:13:27:01 +0000] - 32.972 ms localhost
GET /@fs/C:/Users/USER/Desktop/BroCampTasks/Angular_Project/frontend/.angular/cache/18.2.11/frontend/vite/deps/chunk-BKIWMXDL.js.map 304 [04/Feb/2025:13:27:01 +0000] - 129.761 ms localhost
GET /@fs/C:/Users/USER/Desktop/BroCampTasks/Angular_Project/frontend/.angular/cache/18.2.11/frontend/vite/deps/emoji-picker-element.js.map 304 [04/Feb/2025:13:27:01 +0000] - 315.584 ms localhost
GET /@fs/C:/Users/USER/Desktop/BroCampTasks/Angular_Project/frontend/.angular/cache/18.2.11/frontend/vite/deps/chunk-F4ZW7LLY.js.map 304 [04/Feb/2025:13:27:01 +0000] - 293.709 ms localhost
GET /@fs/C:/Users/USER/Desktop/BroCampTasks/Angular_Project/frontend/.angular/cache/18.2.11/frontend/vite/deps/chunk-2ZWNOPXZ.js.map 304 [04/Feb/2025:13:27:01 +0000] - 297.861 ms localhost
GET /@fs/C:/Users/USER/Desktop/BroCampTasks/Angular_Project/frontend/.angular/cache/18.2.11/frontend/vite/deps/@angular_core.js.map 304 [04/Feb/2025:13:27:01 +0000] - 239.597 ms localhost
GET /@fs/C:/Users/USER/Desktop/BroCampTasks/Angular_Project/frontend/.angular/cache/18.2.11/frontend/vite/deps/chunk-66JPAEYR.js.map 304 [04/Feb/2025:13:27:01 +0000] - 241.916 ms localhost
GET /@fs/C:/Users/USER/Desktop/BroCampTasks/Angular_Project/frontend/.angular/cache/18.2.11/frontend/vite/deps/@angular_common_http.js.map 304 [04/Feb/2025:13:27:01 +0000] - 25.428 ms localhost
GET /@fs/C:/Users/USER/Desktop/BroCampTasks/Angular_Project/frontend/.angular/cache/18.2.11/frontend/vite/deps/rxjs.js.map 304 [04/Feb/2025:13:27:01 +0000] - 23.800 ms localhost
GET /@fs/C:/Users/USER/Desktop/BroCampTasks/Angular_Project/frontend/.angular/cache/18.2.11/frontend/vite/deps/@angular_router.js.map 304 [04/Feb/2025:13:27:01 +0000] - 43.381 ms localhost
GET /@fs/C:/Users/USER/Desktop/BroCampTasks/Angular_Project/frontend/.angular/cache/18.2.11/frontend/vite/deps/@angular_forms.js.map 304 [04/Feb/2025:13:27:01 +0000] - 48.059 ms localhost
GET /user/data 200 [04/Feb/2025:13:27:01 +0000] - 334.980 ms localhost
GET /googleLogin/dashboard.component.css.map 404 [04/Feb/2025:13:27:02 +0000] - 27.254 ms localhost
GET /googleLogin/layout.component.css.map 404 [04/Feb/2025:13:27:02 +0000] - 30.923 ms localhost
GET / - [04/Feb/2025:13:31:01 +0000] - - ms localhost
GET /user/logout 304 [04/Feb/2025:13:47:08 +0000] - 274.322 ms localhost
GET /googleLogin/login.component.css.map 404 [04/Feb/2025:13:47:09 +0000] - 199.853 ms localhost
POST /user/login 200 [04/Feb/2025:13:47:15 +0000] - 430.958 ms localhost
GET /googleLogin/layout.component.css.map 404 [04/Feb/2025:13:47:15 +0000] - 15.371 ms localhost
GET /googleLogin/dashboard.component.css.map 404 [04/Feb/2025:13:47:15 +0000] - 59.905 ms localhost
GET /dashboard 200 [04/Feb/2025:13:54:54 +0000] - 69.751 ms localhost
GET /@vite/client 304 [04/Feb/2025:13:54:54 +0000] - 23.676 ms localhost
GET /styles.css 200 [04/Feb/2025:13:54:56 +0000] - 59.564 ms localhost
GET /main.js 304 [04/Feb/2025:13:54:56 +0000] - 6.279 ms localhost
GET /polyfills.js 304 [04/Feb/2025:13:54:56 +0000] - 8.376 ms localhost
GET /@fs/C:/Users/USER/Desktop/BroCampTasks/Angular_Project/frontend/node_modules/vite/dist/client/env.mjs 304 [04/Feb/2025:13:54:56 +0000] - 3.448 ms localhost
GET /styles.css.map 200 [04/Feb/2025:13:54:57 +0000] - 13.414 ms localhost
GET /@fs/C:/Users/USER/Desktop/BroCampTasks/Angular_Project/frontend/.angular/cache/18.2.11/frontend/vite/deps/@angular_platform-browser.js.map 304 [04/Feb/2025:13:54:58 +0000] - 50.167 ms localhost
GET /@fs/C:/Users/USER/Desktop/BroCampTasks/Angular_Project/frontend/.angular/cache/18.2.11/frontend/vite/deps/chunk-F4ZW7LLY.js.map 304 [04/Feb/2025:13:54:58 +0000] - 87.554 ms localhost
GET /@fs/C:/Users/USER/Desktop/BroCampTasks/Angular_Project/frontend/.angular/cache/18.2.11/frontend/vite/deps/chunk-ZKQIAUIS.js.map 304 [04/Feb/2025:13:54:58 +0000] - 102.885 ms localhost
GET /@fs/C:/Users/USER/Desktop/BroCampTasks/Angular_Project/frontend/.angular/cache/18.2.11/frontend/vite/deps/chunk-XWLXMCJQ.js.map 304 [04/Feb/2025:13:54:58 +0000] - 23.523 ms localhost
GET /@fs/C:/Users/USER/Desktop/BroCampTasks/Angular_Project/frontend/.angular/cache/18.2.11/frontend/vite/deps/@angular_core.js.map 304 [04/Feb/2025:13:54:58 +0000] - 17.746 ms localhost
GET /@fs/C:/Users/USER/Desktop/BroCampTasks/Angular_Project/frontend/.angular/cache/18.2.11/frontend/vite/deps/chunk-66JPAEYR.js.map 304 [04/Feb/2025:13:54:58 +0000] - 72.213 ms localhost
GET /@fs/C:/Users/USER/Desktop/BroCampTasks/Angular_Project/frontend/.angular/cache/18.2.11/frontend/vite/deps/rxjs.js.map 304 [04/Feb/2025:13:54:58 +0000] - 24.164 ms localhost
GET /@fs/C:/Users/USER/Desktop/BroCampTasks/Angular_Project/frontend/.angular/cache/18.2.11/frontend/vite/deps/chunk-2ZWNOPXZ.js.map 304 [04/Feb/2025:13:54:58 +0000] - 83.179 ms localhost
GET /@fs/C:/Users/USER/Desktop/BroCampTasks/Angular_Project/frontend/.angular/cache/18.2.11/frontend/vite/deps/@angular_common_http.js.map 304 [04/Feb/2025:13:54:58 +0000] - 34.737 ms localhost
GET /@fs/C:/Users/USER/Desktop/BroCampTasks/Angular_Project/frontend/.angular/cache/18.2.11/frontend/vite/deps/chunk-BKIWMXDL.js.map 304 [04/Feb/2025:13:54:58 +0000] - 625.276 ms localhost
GET /@fs/C:/Users/USER/Desktop/BroCampTasks/Angular_Project/frontend/.angular/cache/18.2.11/frontend/vite/deps/@angular_forms.js.map 304 [04/Feb/2025:13:54:59 +0000] - 658.340 ms localhost
GET /@fs/C:/Users/USER/Desktop/BroCampTasks/Angular_Project/frontend/.angular/cache/18.2.11/frontend/vite/deps/@angular_common.js.map 304 [04/Feb/2025:13:54:59 +0000] - 662.124 ms localhost
GET /@fs/C:/Users/USER/Desktop/BroCampTasks/Angular_Project/frontend/.angular/cache/18.2.11/frontend/vite/deps/ngx-socket-io.js.map 304 [04/Feb/2025:13:54:59 +0000] - 654.014 ms localhost
GET /@fs/C:/Users/USER/Desktop/BroCampTasks/Angular_Project/frontend/.angular/cache/18.2.11/frontend/vite/deps/chunk-7MS5FTBZ.js.map 304 [04/Feb/2025:13:54:59 +0000] - 663.313 ms localhost
GET /@fs/C:/Users/USER/Desktop/BroCampTasks/Angular_Project/frontend/.angular/cache/18.2.11/frontend/vite/deps/@angular_router.js.map 304 [04/Feb/2025:13:54:59 +0000] - 747.130 ms localhost
GET /@fs/C:/Users/USER/Desktop/BroCampTasks/Angular_Project/frontend/.angular/cache/18.2.11/frontend/vite/deps/emoji-picker-element.js.map 304 [04/Feb/2025:13:54:59 +0000] - 167.861 ms localhost
GET /login.component.css.map 200 [04/Feb/2025:13:55:07 +0000] - 3.959 ms localhost
GET /favicon.ico 304 [04/Feb/2025:13:55:08 +0000] - 10.568 ms localhost
GET /login 200 [04/Feb/2025:13:58:34 +0000] - 31.208 ms localhost
GET / - [04/Feb/2025:13:58:34 +0000] - - ms localhost
GET /main.js 200 [04/Feb/2025:13:58:35 +0000] - 164.140 ms localhost
GET /styles.css 200 [04/Feb/2025:13:58:35 +0000] - 356.448 ms localhost
GET /polyfills.js 304 [04/Feb/2025:13:58:35 +0000] - 339.210 ms localhost
GET /@vite/client 304 [04/Feb/2025:13:58:35 +0000] - 212.133 ms localhost
GET /@fs/C:/Users/USER/Desktop/BroCampTasks/Angular_Project/frontend/node_modules/vite/dist/client/env.mjs 304 [04/Feb/2025:13:58:35 +0000] - 9.312 ms localhost
GET /styles.css.map 200 [04/Feb/2025:13:58:35 +0000] - 11.958 ms localhost
GET /@fs/C:/Users/USER/Desktop/BroCampTasks/Angular_Project/frontend/.angular/cache/18.2.11/frontend/vite/deps/@angular_platform-browser.js.map 304 [04/Feb/2025:13:58:36 +0000] - 33.019 ms localhost
GET /@fs/C:/Users/USER/Desktop/BroCampTasks/Angular_Project/frontend/.angular/cache/18.2.11/frontend/vite/deps/chunk-66JPAEYR.js.map 304 [04/Feb/2025:13:58:36 +0000] - 26.553 ms localhost
GET /@fs/C:/Users/USER/Desktop/BroCampTasks/Angular_Project/frontend/.angular/cache/18.2.11/frontend/vite/deps/chunk-2ZWNOPXZ.js.map 304 [04/Feb/2025:13:58:36 +0000] - 38.285 ms localhost
GET /@fs/C:/Users/USER/Desktop/BroCampTasks/Angular_Project/frontend/.angular/cache/18.2.11/frontend/vite/deps/chunk-F4ZW7LLY.js.map 304 [04/Feb/2025:13:58:36 +0000] - 37.936 ms localhost
GET /@fs/C:/Users/USER/Desktop/BroCampTasks/Angular_Project/frontend/.angular/cache/18.2.11/frontend/vite/deps/@angular_common.js.map 304 [04/Feb/2025:13:58:36 +0000] - 74.756 ms localhost
GET /@fs/C:/Users/USER/Desktop/BroCampTasks/Angular_Project/frontend/.angular/cache/18.2.11/frontend/vite/deps/@angular_router.js.map 304 [04/Feb/2025:13:58:36 +0000] - 100.305 ms localhost
GET /favicon.ico 304 [04/Feb/2025:13:58:36 +0000] - 6.037 ms localhost
GET /@fs/C:/Users/USER/Desktop/BroCampTasks/Angular_Project/frontend/.angular/cache/18.2.11/frontend/vite/deps/chunk-ZKQIAUIS.js.map 304 [04/Feb/2025:13:58:36 +0000] - 77.485 ms localhost
GET /@fs/C:/Users/USER/Desktop/BroCampTasks/Angular_Project/frontend/.angular/cache/18.2.11/frontend/vite/deps/chunk-XWLXMCJQ.js.map 304 [04/Feb/2025:13:58:36 +0000] - 81.839 ms localhost
GET /@fs/C:/Users/USER/Desktop/BroCampTasks/Angular_Project/frontend/.angular/cache/18.2.11/frontend/vite/deps/@angular_common_http.js.map 304 [04/Feb/2025:13:58:36 +0000] - 106.121 ms localhost
GET /@fs/C:/Users/USER/Desktop/BroCampTasks/Angular_Project/frontend/.angular/cache/18.2.11/frontend/vite/deps/@angular_core.js.map 304 [04/Feb/2025:13:58:36 +0000] - 134.876 ms localhost
GET /@fs/C:/Users/USER/Desktop/BroCampTasks/Angular_Project/frontend/.angular/cache/18.2.11/frontend/vite/deps/@angular_forms.js.map 304 [04/Feb/2025:13:58:36 +0000] - 58.382 ms localhost
GET /login.component.css.map 200 [04/Feb/2025:13:58:36 +0000] - 2.801 ms localhost
GET /@fs/C:/Users/USER/Desktop/BroCampTasks/Angular_Project/frontend/.angular/cache/18.2.11/frontend/vite/deps/chunk-7MS5FTBZ.js.map 304 [04/Feb/2025:13:58:36 +0000] - 77.197 ms localhost
GET /@fs/C:/Users/USER/Desktop/BroCampTasks/Angular_Project/frontend/.angular/cache/18.2.11/frontend/vite/deps/chunk-BKIWMXDL.js.map 304 [04/Feb/2025:13:58:36 +0000] - 264.224 ms localhost
GET /@fs/C:/Users/USER/Desktop/BroCampTasks/Angular_Project/frontend/.angular/cache/18.2.11/frontend/vite/deps/emoji-picker-element.js.map 304 [04/Feb/2025:13:58:36 +0000] - 142.238 ms localhost
GET /@fs/C:/Users/USER/Desktop/BroCampTasks/Angular_Project/frontend/.angular/cache/18.2.11/frontend/vite/deps/rxjs.js.map 304 [04/Feb/2025:13:58:36 +0000] - 195.426 ms localhost
GET /@fs/C:/Users/USER/Desktop/BroCampTasks/Angular_Project/frontend/.angular/cache/18.2.11/frontend/vite/deps/ngx-socket-io.js.map 304 [04/Feb/2025:13:58:36 +0000] - 324.856 ms localhost
GET /user/auth/google 302 [04/Feb/2025:13:58:40 +0000] - 548.437 ms localhost
GET / - [04/Feb/2025:13:58:41 +0000] - - ms localhost
GET /user/auth/google/callback?code=4%2F0ASVgi3KHn8JaaQrHmfjlmorMJQEhimXUVs_6uly-MKLj8D3EZ5442onylyS9OjXw55HJQA&scope=email+profile+openid+https%3A%2F%2Fwww.googleapis.com%2Fauth%2Fuserinfo.email+https%3A%2F%2Fwww.googleapis.com%2Fauth%2Fuserinfo.profile&authuser=0&prompt=none 302 [04/Feb/2025:13:58:48 +0000] - 2426.874 ms localhost
GET /googleLogin/callback 200 [04/Feb/2025:13:58:48 +0000] - 17.644 ms localhost
GET /@vite/client 304 [04/Feb/2025:13:58:48 +0000] - 5.476 ms localhost
GET /main.js 304 [04/Feb/2025:13:58:48 +0000] - 6.892 ms localhost
GET /polyfills.js 304 [04/Feb/2025:13:58:48 +0000] - 8.718 ms localhost
GET /styles.css 200 [04/Feb/2025:13:58:48 +0000] - 9.349 ms localhost
GET /styles.css.map 200 [04/Feb/2025:13:58:49 +0000] - 7.334 ms localhost
GET /@fs/C:/Users/USER/Desktop/BroCampTasks/Angular_Project/frontend/node_modules/vite/dist/client/env.mjs 304 [04/Feb/2025:13:58:49 +0000] - 4.406 ms localhost
GET /@fs/C:/Users/USER/Desktop/BroCampTasks/Angular_Project/frontend/.angular/cache/18.2.11/frontend/vite/deps/@angular_platform-browser.js.map 304 [04/Feb/2025:13:58:49 +0000] - 12.643 ms localhost
GET /@fs/C:/Users/USER/Desktop/BroCampTasks/Angular_Project/frontend/.angular/cache/18.2.11/frontend/vite/deps/chunk-ZKQIAUIS.js.map 304 [04/Feb/2025:13:58:49 +0000] - 21.505 ms localhost
GET /@fs/C:/Users/USER/Desktop/BroCampTasks/Angular_Project/frontend/.angular/cache/18.2.11/frontend/vite/deps/@angular_forms.js.map 304 [04/Feb/2025:13:58:49 +0000] - 27.247 ms localhost
GET /@fs/C:/Users/USER/Desktop/BroCampTasks/Angular_Project/frontend/.angular/cache/18.2.11/frontend/vite/deps/chunk-7MS5FTBZ.js.map 304 [04/Feb/2025:13:58:49 +0000] - 33.862 ms localhost
GET /@fs/C:/Users/USER/Desktop/BroCampTasks/Angular_Project/frontend/.angular/cache/18.2.11/frontend/vite/deps/chunk-66JPAEYR.js.map 304 [04/Feb/2025:13:58:49 +0000] - 26.531 ms localhost
GET /@fs/C:/Users/USER/Desktop/BroCampTasks/Angular_Project/frontend/.angular/cache/18.2.11/frontend/vite/deps/@angular_router.js.map 304 [04/Feb/2025:13:58:49 +0000] - 47.276 ms localhost
GET /@fs/C:/Users/USER/Desktop/BroCampTasks/Angular_Project/frontend/.angular/cache/18.2.11/frontend/vite/deps/chunk-2ZWNOPXZ.js.map 304 [04/Feb/2025:13:58:49 +0000] - 51.811 ms localhost
GET /@fs/C:/Users/USER/Desktop/BroCampTasks/Angular_Project/frontend/.angular/cache/18.2.11/frontend/vite/deps/chunk-F4ZW7LLY.js.map 304 [04/Feb/2025:13:58:49 +0000] - 60.062 ms localhost
GET /@fs/C:/Users/USER/Desktop/BroCampTasks/Angular_Project/frontend/.angular/cache/18.2.11/frontend/vite/deps/@angular_core.js.map 304 [04/Feb/2025:13:58:49 +0000] - 192.114 ms localhost
GET /@fs/C:/Users/USER/Desktop/BroCampTasks/Angular_Project/frontend/.angular/cache/18.2.11/frontend/vite/deps/@angular_common.js.map 304 [04/Feb/2025:13:58:49 +0000] - 321.530 ms localhost
GET /@fs/C:/Users/USER/Desktop/BroCampTasks/Angular_Project/frontend/.angular/cache/18.2.11/frontend/vite/deps/chunk-XWLXMCJQ.js.map 304 [04/Feb/2025:13:58:49 +0000] - 277.584 ms localhost
GET /@fs/C:/Users/USER/Desktop/BroCampTasks/Angular_Project/frontend/.angular/cache/18.2.11/frontend/vite/deps/rxjs.js.map 304 [04/Feb/2025:13:58:49 +0000] - 268.729 ms localhost
GET /@fs/C:/Users/USER/Desktop/BroCampTasks/Angular_Project/frontend/.angular/cache/18.2.11/frontend/vite/deps/@angular_common_http.js.map 304 [04/Feb/2025:13:58:49 +0000] - 277.707 ms localhost
GET /@fs/C:/Users/USER/Desktop/BroCampTasks/Angular_Project/frontend/.angular/cache/18.2.11/frontend/vite/deps/chunk-BKIWMXDL.js.map 304 [04/Feb/2025:13:58:49 +0000] - 592.877 ms localhost
GET /@fs/C:/Users/USER/Desktop/BroCampTasks/Angular_Project/frontend/.angular/cache/18.2.11/frontend/vite/deps/ngx-socket-io.js.map 304 [04/Feb/2025:13:58:49 +0000] - 115.046 ms localhost
GET /@fs/C:/Users/USER/Desktop/BroCampTasks/Angular_Project/frontend/.angular/cache/18.2.11/frontend/vite/deps/emoji-picker-element.js.map 304 [04/Feb/2025:13:58:49 +0000] - 121.969 ms localhost
GET /user/data 304 [04/Feb/2025:13:58:50 +0000] - 431.609 ms localhost
GET /googleLogin/dashboard.component.css.map 404 [04/Feb/2025:13:58:50 +0000] - 11.702 ms localhost
GET /googleLogin/layout.component.css.map 404 [04/Feb/2025:13:58:50 +0000] - 12.319 ms localhost
GET /user/logout 304 [04/Feb/2025:13:59:02 +0000] - 55.960 ms localhost
GET /googleLogin/login.component.css.map 404 [04/Feb/2025:13:59:03 +0000] - 8.672 ms localhost
GET / - [04/Feb/2025:14:02:49 +0000] - - ms localhost
GET /styles.css 200 [05/Feb/2025:20:50:30 +0000] - 117.996 ms localhost
GET /login 200 [05/Feb/2025:20:50:31 +0000] - 1140.213 ms localhost
GET /@fs/C:/Users/USER/Desktop/BroCampTasks/Angular_Project/frontend/.angular/cache/18.2.11/frontend/vite/deps/chunk-66JPAEYR.js.map 304 [05/Feb/2025:20:50:32 +0000] - 1762.384 ms localhost
GET /@fs/C:/Users/USER/Desktop/BroCampTasks/Angular_Project/frontend/.angular/cache/18.2.11/frontend/vite/deps/chunk-2ZWNOPXZ.js.map 304 [05/Feb/2025:20:50:32 +0000] - 1779.560 ms localhost
GET /@fs/C:/Users/USER/Desktop/BroCampTasks/Angular_Project/frontend/.angular/cache/18.2.11/frontend/vite/deps/@angular_common.js.map 304 [05/Feb/2025:20:50:32 +0000] - 1834.563 ms localhost
GET /@fs/C:/Users/USER/Desktop/BroCampTasks/Angular_Project/frontend/.angular/cache/18.2.11/frontend/vite/deps/ngx-socket-io.js.map 304 [05/Feb/2025:20:50:32 +0000] - 1934.113 ms localhost
GET /@fs/C:/Users/USER/Desktop/BroCampTasks/Angular_Project/frontend/.angular/cache/18.2.11/frontend/vite/deps/chunk-F4ZW7LLY.js.map 304 [05/Feb/2025:20:50:32 +0000] - 1936.117 ms localhost
GET /@fs/C:/Users/USER/Desktop/BroCampTasks/Angular_Project/frontend/.angular/cache/18.2.11/frontend/vite/deps/@angular_forms.js.map 304 [05/Feb/2025:20:50:33 +0000] - 1674.433 ms localhost
GET /@fs/C:/Users/USER/Desktop/BroCampTasks/Angular_Project/frontend/.angular/cache/18.2.11/frontend/vite/deps/@angular_core.js.map 304 [05/Feb/2025:20:50:33 +0000] - 497.355 ms localhost
GET /@fs/C:/Users/USER/Desktop/BroCampTasks/Angular_Project/frontend/.angular/cache/18.2.11/frontend/vite/deps/@angular_platform-browser.js.map 304 [05/Feb/2025:20:50:33 +0000] - 474.523 ms localhost
GET /@fs/C:/Users/USER/Desktop/BroCampTasks/Angular_Project/frontend/.angular/cache/18.2.11/frontend/vite/deps/rxjs.js.map 304 [05/Feb/2025:20:50:33 +0000] - 464.655 ms localhost
GET /@fs/C:/Users/USER/Desktop/BroCampTasks/Angular_Project/frontend/.angular/cache/18.2.11/frontend/vite/deps/@angular_common_http.js.map 304 [05/Feb/2025:20:50:33 +0000] - 561.359 ms localhost
GET /@fs/C:/Users/USER/Desktop/BroCampTasks/Angular_Project/frontend/.angular/cache/18.2.11/frontend/vite/deps/@angular_router.js.map 304 [05/Feb/2025:20:50:33 +0000] - 622.441 ms localhost
GET /@fs/C:/Users/USER/Desktop/BroCampTasks/Angular_Project/frontend/.angular/cache/18.2.11/frontend/vite/deps/chunk-XWLXMCJQ.js.map 304 [05/Feb/2025:20:50:33 +0000] - 57.989 ms localhost
GET /@fs/C:/Users/USER/Desktop/BroCampTasks/Angular_Project/frontend/.angular/cache/18.2.11/frontend/vite/deps/chunk-ZKQIAUIS.js.map 304 [05/Feb/2025:20:50:33 +0000] - 34.608 ms localhost
GET /@fs/C:/Users/USER/Desktop/BroCampTasks/Angular_Project/frontend/.angular/cache/18.2.11/frontend/vite/deps/chunk-7MS5FTBZ.js.map 304 [05/Feb/2025:20:50:33 +0000] - 32.044 ms localhost
GET /login.component.css.map 200 [05/Feb/2025:20:50:33 +0000] - 7.560 ms localhost
GET /styles.css.map 200 [05/Feb/2025:20:50:33 +0000] - 13.258 ms localhost
GET /@fs/C:/Users/USER/Desktop/BroCampTasks/Angular_Project/frontend/.angular/cache/18.2.11/frontend/vite/deps/chunk-BKIWMXDL.js.map 304 [05/Feb/2025:20:50:33 +0000] - 252.058 ms localhost
GET /@fs/C:/Users/USER/Desktop/BroCampTasks/Angular_Project/frontend/.angular/cache/18.2.11/frontend/vite/deps/emoji-picker-element.js.map 304 [05/Feb/2025:20:50:33 +0000] - 369.279 ms localhost
POST /user/login 200 [05/Feb/2025:20:50:48 +0000] - 683.149 ms localhost
GET /dashboard.component.css.map 200 [05/Feb/2025:20:50:48 +0000] - 5.399 ms localhost
GET /layout.component.css.map 200 [05/Feb/2025:20:50:48 +0000] - 6.350 ms localhost
GET /booking/user/674e8a6920bc39246157f503 200 [05/Feb/2025:20:50:52 +0000] - 424.972 ms localhost
DELETE /booking/679b6d2cadf6783ced0f3958 200 [05/Feb/2025:20:51:01 +0000] - 85.357 ms localhost
GET /booking/user/674e8a6920bc39246157f503 200 [05/Feb/2025:20:51:01 +0000] - 48.257 ms localhost
GET /user-services.component.css.map 200 [05/Feb/2025:20:51:07 +0000] - 9.195 ms localhost
GET /service/uploads/ 400 [05/Feb/2025:20:51:07 +0000] - 242.762 ms localhost
GET /service/services?isApproved=true 200 [05/Feb/2025:20:51:07 +0000] - 413.838 ms localhost
GET /service/name/Event%20Coverage 200 [05/Feb/2025:20:51:10 +0000] - 75.559 ms localhost
GET /user-service-details.component.css.map 200 [05/Feb/2025:20:51:10 +0000] - 5.818 ms localhost
GET /booking/service/Event%20Coverage/673ac7d8306657184e800578 200 [05/Feb/2025:20:51:14 +0000] - 150.824 ms localhost
POST /booking/new 201 [05/Feb/2025:20:51:54 +0000] - 398.191 ms localhost
GET / - [05/Feb/2025:20:54:20 +0000] - - ms localhost
POST /booking/new 201 [05/Feb/2025:20:56:37 +0000] - 880.206 ms localhost
GET /dashboard.component.css.map 200 [05/Feb/2025:20:59:19 +0000] - 53.692 ms localhost
GET /booking/user/674e8a6920bc39246157f503 200 [05/Feb/2025:20:59:22 +0000] - 120.110 ms localhost
DELETE /booking/67a3d085f571330da2afcee7 200 [05/Feb/2025:20:59:27 +0000] - 72.353 ms localhost
GET /booking/user/674e8a6920bc39246157f503 200 [05/Feb/2025:20:59:27 +0000] - 62.388 ms localhost
DELETE /booking/67a3cf6af571330da2afcee4 200 [05/Feb/2025:20:59:31 +0000] - 56.595 ms localhost
GET /booking/user/674e8a6920bc39246157f503 200 [05/Feb/2025:20:59:32 +0000] - 58.939 ms localhost
GET /booking 404 [05/Feb/2025:21:02:46 +0000] - 639.777 ms localhost
GET /dashboard 200 [05/Feb/2025:21:07:53 +0000] - 88.325 ms localhost
GET /main.js 200 [05/Feb/2025:21:07:54 +0000] - 38.167 ms localhost
GET /styles.css 200 [05/Feb/2025:21:07:54 +0000] - 382.950 ms localhost
GET /polyfills.js 304 [05/Feb/2025:21:07:54 +0000] - 459.254 ms localhost
GET /@vite/client 304 [05/Feb/2025:21:07:54 +0000] - 703.442 ms localhost
GET /styles.css.map 200 [05/Feb/2025:21:07:54 +0000] - 15.126 ms localhost
GET /@fs/C:/Users/USER/Desktop/BroCampTasks/Angular_Project/frontend/node_modules/vite/dist/client/env.mjs 304 [05/Feb/2025:21:07:54 +0000] - 6.062 ms localhost
GET /@fs/C:/Users/USER/Desktop/BroCampTasks/Angular_Project/frontend/.angular/cache/18.2.11/frontend/vite/deps/@angular_platform-browser.js.map 304 [05/Feb/2025:21:07:56 +0000] - 362.585 ms localhost
GET /@fs/C:/Users/USER/Desktop/BroCampTasks/Angular_Project/frontend/.angular/cache/18.2.11/frontend/vite/deps/chunk-ZKQIAUIS.js.map 304 [05/Feb/2025:21:07:56 +0000] - 388.645 ms localhost
GET /@fs/C:/Users/USER/Desktop/BroCampTasks/Angular_Project/frontend/.angular/cache/18.2.11/frontend/vite/deps/chunk-F4ZW7LLY.js.map 304 [05/Feb/2025:21:07:56 +0000] - 195.929 ms localhost
GET /@fs/C:/Users/USER/Desktop/BroCampTasks/Angular_Project/frontend/.angular/cache/18.2.11/frontend/vite/deps/chunk-66JPAEYR.js.map 304 [05/Feb/2025:21:07:56 +0000] - 43.426 ms localhost
GET /@fs/C:/Users/USER/Desktop/BroCampTasks/Angular_Project/frontend/.angular/cache/18.2.11/frontend/vite/deps/chunk-XWLXMCJQ.js.map 304 [05/Feb/2025:21:07:56 +0000] - 27.840 ms localhost
GET /@fs/C:/Users/USER/Desktop/BroCampTasks/Angular_Project/frontend/.angular/cache/18.2.11/frontend/vite/deps/chunk-2ZWNOPXZ.js.map 304 [05/Feb/2025:21:07:56 +0000] - 111.337 ms localhost
GET /@fs/C:/Users/USER/Desktop/BroCampTasks/Angular_Project/frontend/.angular/cache/18.2.11/frontend/vite/deps/@angular_core.js.map 304 [05/Feb/2025:21:07:56 +0000] - 38.606 ms localhost
GET /@fs/C:/Users/USER/Desktop/BroCampTasks/Angular_Project/frontend/.angular/cache/18.2.11/frontend/vite/deps/chunk-BKIWMXDL.js.map 304 [05/Feb/2025:21:07:56 +0000] - 310.755 ms localhost
GET /@fs/C:/Users/USER/Desktop/BroCampTasks/Angular_Project/frontend/.angular/cache/18.2.11/frontend/vite/deps/@angular_common_http.js.map 304 [05/Feb/2025:21:07:56 +0000] - 273.940 ms localhost
GET /@fs/C:/Users/USER/Desktop/BroCampTasks/Angular_Project/frontend/.angular/cache/18.2.11/frontend/vite/deps/@angular_router.js.map 304 [05/Feb/2025:21:07:56 +0000] - 300.856 ms localhost
GET /@fs/C:/Users/USER/Desktop/BroCampTasks/Angular_Project/frontend/.angular/cache/18.2.11/frontend/vite/deps/rxjs.js.map 304 [05/Feb/2025:21:07:56 +0000] - 302.728 ms localhost
GET /@fs/C:/Users/USER/Desktop/BroCampTasks/Angular_Project/frontend/.angular/cache/18.2.11/frontend/vite/deps/chunk-7MS5FTBZ.js.map 304 [05/Feb/2025:21:07:56 +0000] - 279.486 ms localhost
GET /@fs/C:/Users/USER/Desktop/BroCampTasks/Angular_Project/frontend/.angular/cache/18.2.11/frontend/vite/deps/@angular_forms.js.map 304 [05/Feb/2025:21:07:56 +0000] - 290.216 ms localhost
GET /login.component.css.map 200 [05/Feb/2025:21:07:56 +0000] - 29.704 ms localhost
GET /@fs/C:/Users/USER/Desktop/BroCampTasks/Angular_Project/frontend/.angular/cache/18.2.11/frontend/vite/deps/emoji-picker-element.js.map 304 [05/Feb/2025:21:07:56 +0000] - 86.853 ms localhost
GET /@fs/C:/Users/USER/Desktop/BroCampTasks/Angular_Project/frontend/.angular/cache/18.2.11/frontend/vite/deps/@angular_common.js.map 304 [05/Feb/2025:21:07:56 +0000] - 85.644 ms localhost
GET /@fs/C:/Users/USER/Desktop/BroCampTasks/Angular_Project/frontend/.angular/cache/18.2.11/frontend/vite/deps/ngx-socket-io.js.map 304 [05/Feb/2025:21:07:56 +0000] - 97.261 ms localhost
GET /favicon.ico 304 [05/Feb/2025:21:07:56 +0000] - 9.321 ms localhost
POST /user/login 200 [05/Feb/2025:21:08:03 +0000] - 747.983 ms localhost
GET /layout.component.css.map 200 [05/Feb/2025:21:08:03 +0000] - 4.781 ms localhost
GET /dashboard.component.css.map 200 [05/Feb/2025:21:08:03 +0000] - 8.729 ms localhost
GET /user-services.component.css.map 200 [05/Feb/2025:21:08:07 +0000] - 9.899 ms localhost
GET /service/uploads/ 400 [05/Feb/2025:21:08:07 +0000] - 448.973 ms localhost
GET /service/services?isApproved=true 304 [05/Feb/2025:21:08:07 +0000] - 660.576 ms localhost
GET /service/name/Event%20Coverage 304 [05/Feb/2025:21:08:09 +0000] - 136.277 ms localhost
GET /user-service-details.component.css.map 200 [05/Feb/2025:21:08:09 +0000] - 6.214 ms localhost
GET /booking/service/Event%20Coverage/673ac7d8306657184e800578 304 [05/Feb/2025:21:08:19 +0000] - 305.312 ms localhost
POST /booking/new 201 [05/Feb/2025:21:09:00 +0000] - 311.065 ms localhost
GET /styles.css 200 [05/Feb/2025:21:09:16 +0000] - 6.340 ms localhost
GET /@fs/C:/Users/USER/Desktop/BroCampTasks/Angular_Project/frontend/.angular/cache/18.2.11/frontend/vite/deps/@angular_platform-browser.js.map 304 [05/Feb/2025:21:09:16 +0000] - 22.000 ms localhost
GET /@fs/C:/Users/USER/Desktop/BroCampTasks/Angular_Project/frontend/.angular/cache/18.2.11/frontend/vite/deps/@angular_core.js.map 304 [05/Feb/2025:21:09:16 +0000] - 22.384 ms localhost
GET /@fs/C:/Users/USER/Desktop/BroCampTasks/Angular_Project/frontend/.angular/cache/18.2.11/frontend/vite/deps/rxjs.js.map 304 [05/Feb/2025:21:09:16 +0000] - 14.286 ms localhost
GET /@fs/C:/Users/USER/Desktop/BroCampTasks/Angular_Project/frontend/.angular/cache/18.2.11/frontend/vite/deps/@angular_common_http.js.map 304 [05/Feb/2025:21:09:16 +0000] - 17.876 ms localhost
GET /@fs/C:/Users/USER/Desktop/BroCampTasks/Angular_Project/frontend/.angular/cache/18.2.11/frontend/vite/deps/@angular_common.js.map 304 [05/Feb/2025:21:09:16 +0000] - 17.943 ms localhost
GET /@fs/C:/Users/USER/Desktop/BroCampTasks/Angular_Project/frontend/.angular/cache/18.2.11/frontend/vite/deps/emoji-picker-element.js.map 304 [05/Feb/2025:21:09:16 +0000] - 40.464 ms localhost
GET /@fs/C:/Users/USER/Desktop/BroCampTasks/Angular_Project/frontend/.angular/cache/18.2.11/frontend/vite/deps/@angular_router.js.map 304 [05/Feb/2025:21:09:17 +0000] - 50.481 ms localhost
GET /@fs/C:/Users/USER/Desktop/BroCampTasks/Angular_Project/frontend/.angular/cache/18.2.11/frontend/vite/deps/@angular_forms.js.map 304 [05/Feb/2025:21:09:17 +0000] - 54.806 ms localhost
GET /@fs/C:/Users/USER/Desktop/BroCampTasks/Angular_Project/frontend/.angular/cache/18.2.11/frontend/vite/deps/chunk-2ZWNOPXZ.js.map 304 [05/Feb/2025:21:09:17 +0000] - 65.594 ms localhost
GET /@fs/C:/Users/USER/Desktop/BroCampTasks/Angular_Project/frontend/.angular/cache/18.2.11/frontend/vite/deps/chunk-ZKQIAUIS.js.map 304 [05/Feb/2025:21:09:17 +0000] - 114.309 ms localhost
GET /@fs/C:/Users/USER/Desktop/BroCampTasks/Angular_Project/frontend/.angular/cache/18.2.11/frontend/vite/deps/chunk-7MS5FTBZ.js.map 304 [05/Feb/2025:21:09:17 +0000] - 93.952 ms localhost
GET /@fs/C:/Users/USER/Desktop/BroCampTasks/Angular_Project/frontend/.angular/cache/18.2.11/frontend/vite/deps/chunk-66JPAEYR.js.map 304 [05/Feb/2025:21:09:17 +0000] - 110.909 ms localhost
GET /services/layout.component.css.map 404 [05/Feb/2025:21:09:17 +0000] - 64.983 ms localhost
GET /@fs/C:/Users/USER/Desktop/BroCampTasks/Angular_Project/frontend/.angular/cache/18.2.11/frontend/vite/deps/chunk-XWLXMCJQ.js.map 304 [05/Feb/2025:21:09:17 +0000] - 103.998 ms localhost
GET /@fs/C:/Users/USER/Desktop/BroCampTasks/Angular_Project/frontend/.angular/cache/18.2.11/frontend/vite/deps/ngx-socket-io.js.map 304 [05/Feb/2025:21:09:17 +0000] - 108.412 ms localhost
GET /@fs/C:/Users/USER/Desktop/BroCampTasks/Angular_Project/frontend/.angular/cache/18.2.11/frontend/vite/deps/chunk-F4ZW7LLY.js.map 304 [05/Feb/2025:21:09:17 +0000] - 110.204 ms localhost
GET /styles.css.map 200 [05/Feb/2025:21:09:17 +0000] - 94.900 ms localhost
GET /services/user-service-details.component.css.map 404 [05/Feb/2025:21:09:17 +0000] - 107.698 ms localhost
GET /@fs/C:/Users/USER/Desktop/BroCampTasks/Angular_Project/frontend/.angular/cache/18.2.11/frontend/vite/deps/chunk-BKIWMXDL.js.map 304 [05/Feb/2025:21:09:17 +0000] - 387.566 ms localhost
GET / - [05/Feb/2025:21:10:49 +0000] - - ms localhost
POST /booking/new 201 [05/Feb/2025:21:14:29 +0000] - 743.173 ms localhost
GET /services/user-events.component.css.map 404 [05/Feb/2025:21:16:27 +0000] - 346.639 ms localhost
GET /event/events/Engagement 200 [05/Feb/2025:21:16:33 +0000] - 1239.728 ms localhost
GET /services/user-event-details.component.css.map 404 [05/Feb/2025:21:16:34 +0000] - 8.240 ms localhost
GET /booking/events 200 [05/Feb/2025:21:16:34 +0000] - 393.890 ms localhost
GET /booking/events/service/Marriage 200 [05/Feb/2025:21:16:40 +0000] - 103.874 ms localhost
POST /booking/new 400 [05/Feb/2025:21:18:49 +0000] - 229.431 ms localhost
POST /booking/new 201 [05/Feb/2025:21:18:59 +0000] - 243.577 ms localhost
GET /events/details 200 [06/Feb/2025:03:54:14 +0000] - 540.957 ms localhost
GET /polyfills.js 304 [06/Feb/2025:03:54:15 +0000] - 171.479 ms localhost
GET /styles.css 200 [06/Feb/2025:03:54:15 +0000] - 178.771 ms localhost
GET /@vite/client 304 [06/Feb/2025:03:54:15 +0000] - 186.557 ms localhost
GET /main.js 304 [06/Feb/2025:03:54:15 +0000] - 177.638 ms localhost
GET /@fs/C:/Users/USER/Desktop/BroCampTasks/Angular_Project/frontend/node_modules/vite/dist/client/env.mjs 304 [06/Feb/2025:03:54:15 +0000] - 8.323 ms localhost
GET /styles.css.map 200 [06/Feb/2025:03:54:17 +0000] - 49.012 ms localhost
GET /events/login.component.css.map 404 [06/Feb/2025:03:54:17 +0000] - 39.797 ms localhost
GET /@fs/C:/Users/USER/Desktop/BroCampTasks/Angular_Project/frontend/.angular/cache/18.2.11/frontend/vite/deps/@angular_common_http.js.map 304 [06/Feb/2025:03:54:17 +0000] - 352.749 ms localhost
GET /@fs/C:/Users/USER/Desktop/BroCampTasks/Angular_Project/frontend/.angular/cache/18.2.11/frontend/vite/deps/@angular_platform-browser.js.map 304 [06/Feb/2025:03:54:17 +0000] - 362.563 ms localhost
GET /@fs/C:/Users/USER/Desktop/BroCampTasks/Angular_Project/frontend/.angular/cache/18.2.11/frontend/vite/deps/@angular_common.js.map 304 [06/Feb/2025:03:54:17 +0000] - 69.322 ms localhost
GET /favicon.ico 304 [06/Feb/2025:03:54:17 +0000] - 158.201 ms localhost
GET /@fs/C:/Users/USER/Desktop/BroCampTasks/Angular_Project/frontend/.angular/cache/18.2.11/frontend/vite/deps/chunk-BKIWMXDL.js.map 304 [06/Feb/2025:03:54:18 +0000] - 1418.056 ms localhost
GET /@fs/C:/Users/USER/Desktop/BroCampTasks/Angular_Project/frontend/.angular/cache/18.2.11/frontend/vite/deps/@angular_forms.js.map 304 [06/Feb/2025:03:54:18 +0000] - 1063.639 ms localhost
GET /@fs/C:/Users/USER/Desktop/BroCampTasks/Angular_Project/frontend/.angular/cache/18.2.11/frontend/vite/deps/chunk-F4ZW7LLY.js.map 304 [06/Feb/2025:03:54:18 +0000] - 900.090 ms localhost
GET /@fs/C:/Users/USER/Desktop/BroCampTasks/Angular_Project/frontend/.angular/cache/18.2.11/frontend/vite/deps/chunk-ZKQIAUIS.js.map 304 [06/Feb/2025:03:54:18 +0000] - 1047.946 ms localhost
GET /@fs/C:/Users/USER/Desktop/BroCampTasks/Angular_Project/frontend/.angular/cache/18.2.11/frontend/vite/deps/@angular_router.js.map 304 [06/Feb/2025:03:54:18 +0000] - 1087.753 ms localhost
GET /@fs/C:/Users/USER/Desktop/BroCampTasks/Angular_Project/frontend/.angular/cache/18.2.11/frontend/vite/deps/emoji-picker-element.js.map 304 [06/Feb/2025:03:54:18 +0000] - 1093.702 ms localhost
GET /@fs/C:/Users/USER/Desktop/BroCampTasks/Angular_Project/frontend/.angular/cache/18.2.11/frontend/vite/deps/chunk-7MS5FTBZ.js.map 304 [06/Feb/2025:03:54:18 +0000] - 118.083 ms localhost
GET /@fs/C:/Users/USER/Desktop/BroCampTasks/Angular_Project/frontend/.angular/cache/18.2.11/frontend/vite/deps/chunk-XWLXMCJQ.js.map 304 [06/Feb/2025:03:54:18 +0000] - 68.020 ms localhost
GET /@fs/C:/Users/USER/Desktop/BroCampTasks/Angular_Project/frontend/.angular/cache/18.2.11/frontend/vite/deps/@angular_core.js.map 304 [06/Feb/2025:03:54:18 +0000] - 35.758 ms localhost
GET /@fs/C:/Users/USER/Desktop/BroCampTasks/Angular_Project/frontend/.angular/cache/18.2.11/frontend/vite/deps/chunk-66JPAEYR.js.map 304 [06/Feb/2025:03:54:18 +0000] - 59.717 ms localhost
GET /@fs/C:/Users/USER/Desktop/BroCampTasks/Angular_Project/frontend/.angular/cache/18.2.11/frontend/vite/deps/ngx-socket-io.js.map 304 [06/Feb/2025:03:54:18 +0000] - 63.064 ms localhost
GET /@fs/C:/Users/USER/Desktop/BroCampTasks/Angular_Project/frontend/.angular/cache/18.2.11/frontend/vite/deps/rxjs.js.map 304 [06/Feb/2025:03:54:18 +0000] - 9.798 ms localhost
GET /@fs/C:/Users/USER/Desktop/BroCampTasks/Angular_Project/frontend/.angular/cache/18.2.11/frontend/vite/deps/chunk-2ZWNOPXZ.js.map 304 [06/Feb/2025:03:54:18 +0000] - 132.427 ms localhost
GET / - [06/Feb/2025:03:58:16 +0000] - - ms localhost
GET /login - [06/Feb/2025:04:09:57 +0000] - - ms localhost
GET /login 200 [06/Feb/2025:04:09:57 +0000] - 172.460 ms localhost
GET /@vite/client 304 [06/Feb/2025:04:09:58 +0000] - 3.456 ms localhost
GET /styles.css 200 [06/Feb/2025:04:10:00 +0000] - 8.456 ms localhost
GET /polyfills.js 304 [06/Feb/2025:04:10:00 +0000] - 3.793 ms localhost
GET /main.js 200 [06/Feb/2025:04:10:00 +0000] - 15.650 ms localhost
GET /@fs/C:/Users/USER/Desktop/BroCampTasks/Angular_Project/frontend/node_modules/vite/dist/client/env.mjs 304 [06/Feb/2025:04:10:01 +0000] - 3.388 ms localhost
GET /@fs/C:/Users/USER/Desktop/BroCampTasks/Angular_Project/frontend/.angular/cache/18.2.11/frontend/vite/deps/@angular_platform-browser.js.map 304 [06/Feb/2025:04:10:03 +0000] - 6.479 ms localhost
GET /@fs/C:/Users/USER/Desktop/BroCampTasks/Angular_Project/frontend/.angular/cache/18.2.11/frontend/vite/deps/chunk-ZKQIAUIS.js.map 304 [06/Feb/2025:04:10:03 +0000] - 7.684 ms localhost
GET /@fs/C:/Users/USER/Desktop/BroCampTasks/Angular_Project/frontend/.angular/cache/18.2.11/frontend/vite/deps/chunk-F4ZW7LLY.js.map 304 [06/Feb/2025:04:10:03 +0000] - 8.399 ms localhost
GET /@fs/C:/Users/USER/Desktop/BroCampTasks/Angular_Project/frontend/.angular/cache/18.2.11/frontend/vite/deps/chunk-2ZWNOPXZ.js.map 304 [06/Feb/2025:04:10:03 +0000] - 20.387 ms localhost
GET /@fs/C:/Users/USER/Desktop/BroCampTasks/Angular_Project/frontend/.angular/cache/18.2.11/frontend/vite/deps/chunk-BKIWMXDL.js.map 304 [06/Feb/2025:04:10:03 +0000] - 57.914 ms localhost
GET /@fs/C:/Users/USER/Desktop/BroCampTasks/Angular_Project/frontend/.angular/cache/18.2.11/frontend/vite/deps/@angular_router.js.map 304 [06/Feb/2025:04:10:03 +0000] - 74.951 ms localhost
GET /@fs/C:/Users/USER/Desktop/BroCampTasks/Angular_Project/frontend/.angular/cache/18.2.11/frontend/vite/deps/chunk-XWLXMCJQ.js.map 304 [06/Feb/2025:04:10:03 +0000] - 93.101 ms localhost
GET /@fs/C:/Users/USER/Desktop/BroCampTasks/Angular_Project/frontend/.angular/cache/18.2.11/frontend/vite/deps/chunk-66JPAEYR.js.map 304 [06/Feb/2025:04:10:03 +0000] - 108.416 ms localhost
GET /@fs/C:/Users/USER/Desktop/BroCampTasks/Angular_Project/frontend/.angular/cache/18.2.11/frontend/vite/deps/@angular_core.js.map 304 [06/Feb/2025:04:10:03 +0000] - 87.280 ms localhost
GET /@fs/C:/Users/USER/Desktop/BroCampTasks/Angular_Project/frontend/.angular/cache/18.2.11/frontend/vite/deps/@angular_common_http.js.map 304 [06/Feb/2025:04:10:03 +0000] - 15.779 ms localhost
GET /@fs/C:/Users/USER/Desktop/BroCampTasks/Angular_Project/frontend/.angular/cache/18.2.11/frontend/vite/deps/rxjs.js.map 304 [06/Feb/2025:04:10:03 +0000] - 11.201 ms localhost
GET /@fs/C:/Users/USER/Desktop/BroCampTasks/Angular_Project/frontend/.angular/cache/18.2.11/frontend/vite/deps/@angular_forms.js.map 304 [06/Feb/2025:04:10:03 +0000] - 16.542 ms localhost
GET /@fs/C:/Users/USER/Desktop/BroCampTasks/Angular_Project/frontend/.angular/cache/18.2.11/frontend/vite/deps/@angular_common.js.map 304 [06/Feb/2025:04:10:03 +0000] - 8.820 ms localhost
GET /@fs/C:/Users/USER/Desktop/BroCampTasks/Angular_Project/frontend/.angular/cache/18.2.11/frontend/vite/deps/ngx-socket-io.js.map 304 [06/Feb/2025:04:10:03 +0000] - 7.405 ms localhost
GET /@fs/C:/Users/USER/Desktop/BroCampTasks/Angular_Project/frontend/.angular/cache/18.2.11/frontend/vite/deps/emoji-picker-element.js.map 304 [06/Feb/2025:04:10:03 +0000] - 12.537 ms localhost
GET /@fs/C:/Users/USER/Desktop/BroCampTasks/Angular_Project/frontend/.angular/cache/18.2.11/frontend/vite/deps/chunk-7MS5FTBZ.js.map 304 [06/Feb/2025:04:10:03 +0000] - 15.853 ms localhost
GET /favicon.ico 304 [06/Feb/2025:04:10:04 +0000] - 16.777 ms localhost
GET /login.component.css.map 200 [06/Feb/2025:04:10:04 +0000] - 2.643 ms localhost
GET /styles.css.map 200 [06/Feb/2025:04:10:04 +0000] - 9.378 ms localhost
GET / - [06/Feb/2025:04:14:01 +0000] - - ms localhost
