GET /services 200 [05/Jan/2025:20:13:15 +0000] - 209.158 ms localhost
GET /@vite/client 304 [05/Jan/2025:20:13:17 +0000] - 10.114 ms localhost
GET /styles.css 200 [05/Jan/2025:20:13:17 +0000] - 7.885 ms localhost
GET /polyfills.js 304 [05/Jan/2025:20:13:18 +0000] - 52.428 ms localhost
GET /main.js 304 [05/Jan/2025:20:13:18 +0000] - 4.831 ms localhost
GET /@fs/C:/Users/USER/Desktop/BroCampTasks/Angular_Project/frontend/node_modules/vite/dist/client/env.mjs 304 [05/Jan/2025:20:13:18 +0000] - 4.572 ms localhost
GET /@fs/C:/Users/USER/Desktop/BroCampTasks/Angular_Project/frontend/.angular/cache/18.2.11/frontend/vite/deps/@angular_core.js.map 304 [05/Jan/2025:20:13:24 +0000] - 81.706 ms localhost
GET /@fs/C:/Users/USER/Desktop/BroCampTasks/Angular_Project/frontend/.angular/cache/18.2.11/frontend/vite/deps/@angular_platform-browser.js.map 304 [05/Jan/2025:20:13:24 +0000] - 89.704 ms localhost
GET /@fs/C:/Users/USER/Desktop/BroCampTasks/Angular_Project/frontend/.angular/cache/18.2.11/frontend/vite/deps/chunk-J2M542RS.js.map 304 [05/Jan/2025:20:13:24 +0000] - 96.361 ms localhost
GET /@fs/C:/Users/USER/Desktop/BroCampTasks/Angular_Project/frontend/.angular/cache/18.2.11/frontend/vite/deps/chunk-SD63G7YN.js.map 304 [05/Jan/2025:20:13:24 +0000] - 107.967 ms localhost
GET /@fs/C:/Users/USER/Desktop/BroCampTasks/Angular_Project/frontend/.angular/cache/18.2.11/frontend/vite/deps/chunk-PLMZ7O3F.js.map 304 [05/Jan/2025:20:13:24 +0000] - 130.812 ms localhost
GET /@fs/C:/Users/USER/Desktop/BroCampTasks/Angular_Project/frontend/.angular/cache/18.2.11/frontend/vite/deps/chunk-FDUYSLZ7.js.map 304 [05/Jan/2025:20:13:24 +0000] - 336.469 ms localhost
GET /@fs/C:/Users/USER/Desktop/BroCampTasks/Angular_Project/frontend/.angular/cache/18.2.11/frontend/vite/deps/chunk-PF6LNL77.js.map 304 [05/Jan/2025:20:13:24 +0000] - 267.029 ms localhost
GET /@fs/C:/Users/USER/Desktop/BroCampTasks/Angular_Project/frontend/.angular/cache/18.2.11/frontend/vite/deps/@angular_common_http.js.map 304 [05/Jan/2025:20:13:24 +0000] - 261.012 ms localhost
GET /@fs/C:/Users/USER/Desktop/BroCampTasks/Angular_Project/frontend/.angular/cache/18.2.11/frontend/vite/deps/rxjs.js.map 304 [05/Jan/2025:20:13:24 +0000] - 270.389 ms localhost
GET /@fs/C:/Users/USER/Desktop/BroCampTasks/Angular_Project/frontend/.angular/cache/18.2.11/frontend/vite/deps/@angular_forms.js.map 304 [05/Jan/2025:20:13:24 +0000] - 268.352 ms localhost
GET /@fs/C:/Users/USER/Desktop/BroCampTasks/Angular_Project/frontend/.angular/cache/18.2.11/frontend/vite/deps/@angular_common.js.map 304 [05/Jan/2025:20:13:24 +0000] - 56.219 ms localhost
GET /@fs/C:/Users/USER/Desktop/BroCampTasks/Angular_Project/frontend/.angular/cache/18.2.11/frontend/vite/deps/@angular_router.js.map 304 [05/Jan/2025:20:13:24 +0000] - 356.750 ms localhost
GET /login.component.css.map 200 [05/Jan/2025:20:13:24 +0000] - 4.745 ms localhost
GET /styles.css.map 200 [05/Jan/2025:20:13:25 +0000] - 8.027 ms localhost
GET /favicon.ico 304 [05/Jan/2025:20:13:25 +0000] - 10.232 ms localhost
GET / - [05/Jan/2025:20:17:18 +0000] - - ms localhost
GET /login 200 [07/Jan/2025:12:21:12 +0000] - 464.491 ms localhost
GET /polyfills.js 304 [07/Jan/2025:12:21:12 +0000] - 100.655 ms localhost
GET /styles.css 200 [07/Jan/2025:12:21:12 +0000] - 118.350 ms localhost
GET /main.js 200 [07/Jan/2025:12:21:12 +0000] - 196.502 ms localhost
GET /@vite/client 304 [07/Jan/2025:12:21:13 +0000] - 926.936 ms localhost
GET /@fs/C:/Users/USER/Desktop/BroCampTasks/Angular_Project/frontend/node_modules/vite/dist/client/env.mjs 304 [07/Jan/2025:12:21:13 +0000] - 9.544 ms localhost
GET /favicon.ico 304 [07/Jan/2025:12:21:14 +0000] - 14.822 ms localhost
GET /styles.css.map 200 [07/Jan/2025:12:21:14 +0000] - 14.320 ms localhost
GET /@fs/C:/Users/USER/Desktop/BroCampTasks/Angular_Project/frontend/.angular/cache/18.2.11/frontend/vite/deps/@angular_platform-browser.js.map 304 [07/Jan/2025:12:21:14 +0000] - 62.904 ms localhost
GET /@fs/C:/Users/USER/Desktop/BroCampTasks/Angular_Project/frontend/.angular/cache/18.2.11/frontend/vite/deps/chunk-J2M542RS.js.map 304 [07/Jan/2025:12:21:14 +0000] - 63.396 ms localhost
GET /@fs/C:/Users/USER/Desktop/BroCampTasks/Angular_Project/frontend/.angular/cache/18.2.11/frontend/vite/deps/chunk-PLMZ7O3F.js.map 304 [07/Jan/2025:12:21:14 +0000] - 67.342 ms localhost
GET /@fs/C:/Users/USER/Desktop/BroCampTasks/Angular_Project/frontend/.angular/cache/18.2.11/frontend/vite/deps/chunk-PF6LNL77.js.map 304 [07/Jan/2025:12:21:14 +0000] - 77.162 ms localhost
GET /@fs/C:/Users/USER/Desktop/BroCampTasks/Angular_Project/frontend/.angular/cache/18.2.11/frontend/vite/deps/chunk-FDUYSLZ7.js.map 304 [07/Jan/2025:12:21:14 +0000] - 157.236 ms localhost
GET /@fs/C:/Users/USER/Desktop/BroCampTasks/Angular_Project/frontend/.angular/cache/18.2.11/frontend/vite/deps/chunk-SD63G7YN.js.map 304 [07/Jan/2025:12:21:14 +0000] - 178.422 ms localhost
GET /@fs/C:/Users/USER/Desktop/BroCampTasks/Angular_Project/frontend/.angular/cache/18.2.11/frontend/vite/deps/@angular_common_http.js.map 304 [07/Jan/2025:12:21:14 +0000] - 200.374 ms localhost
GET /@fs/C:/Users/USER/Desktop/BroCampTasks/Angular_Project/frontend/.angular/cache/18.2.11/frontend/vite/deps/@angular_core.js.map 304 [07/Jan/2025:12:21:14 +0000] - 200.278 ms localhost
GET /@fs/C:/Users/USER/Desktop/BroCampTasks/Angular_Project/frontend/.angular/cache/18.2.11/frontend/vite/deps/@angular_common.js.map 304 [07/Jan/2025:12:21:14 +0000] - 142.375 ms localhost
GET /login.component.css.map 200 [07/Jan/2025:12:21:14 +0000] - 24.570 ms localhost
GET /@fs/C:/Users/USER/Desktop/BroCampTasks/Angular_Project/frontend/.angular/cache/18.2.11/frontend/vite/deps/@angular_forms.js.map 304 [07/Jan/2025:12:21:14 +0000] - 222.002 ms localhost
GET /@fs/C:/Users/USER/Desktop/BroCampTasks/Angular_Project/frontend/.angular/cache/18.2.11/frontend/vite/deps/rxjs.js.map 304 [07/Jan/2025:12:21:14 +0000] - 278.839 ms localhost
GET /@fs/C:/Users/USER/Desktop/BroCampTasks/Angular_Project/frontend/.angular/cache/18.2.11/frontend/vite/deps/@angular_router.js.map 304 [07/Jan/2025:12:21:15 +0000] - 553.737 ms localhost
GET /login 200 [07/Jan/2025:12:21:17 +0000] - 15.737 ms localhost
GET / - [07/Jan/2025:12:21:17 +0000] - - ms localhost
GET /@vite/client 304 [07/Jan/2025:12:21:17 +0000] - 6.184 ms localhost
GET /styles.css 200 [07/Jan/2025:12:21:17 +0000] - 5.658 ms localhost
GET /polyfills.js 304 [07/Jan/2025:12:21:17 +0000] - 9.033 ms localhost
GET /main.js 304 [07/Jan/2025:12:21:17 +0000] - 4.456 ms localhost
GET /@fs/C:/Users/USER/Desktop/BroCampTasks/Angular_Project/frontend/node_modules/vite/dist/client/env.mjs 304 [07/Jan/2025:12:21:17 +0000] - 5.948 ms localhost
GET /styles.css.map 200 [07/Jan/2025:12:21:17 +0000] - 9.442 ms localhost
GET /@fs/C:/Users/USER/Desktop/BroCampTasks/Angular_Project/frontend/.angular/cache/18.2.11/frontend/vite/deps/@angular_platform-browser.js.map 304 [07/Jan/2025:12:21:17 +0000] - 6.250 ms localhost
GET /@fs/C:/Users/USER/Desktop/BroCampTasks/Angular_Project/frontend/.angular/cache/18.2.11/frontend/vite/deps/chunk-SD63G7YN.js.map 304 [07/Jan/2025:12:21:17 +0000] - 19.693 ms localhost
GET /@fs/C:/Users/USER/Desktop/BroCampTasks/Angular_Project/frontend/.angular/cache/18.2.11/frontend/vite/deps/chunk-J2M542RS.js.map 304 [07/Jan/2025:12:21:17 +0000] - 21.815 ms localhost
GET /@fs/C:/Users/USER/Desktop/BroCampTasks/Angular_Project/frontend/.angular/cache/18.2.11/frontend/vite/deps/chunk-PLMZ7O3F.js.map 304 [07/Jan/2025:12:21:17 +0000] - 28.561 ms localhost
GET /@fs/C:/Users/USER/Desktop/BroCampTasks/Angular_Project/frontend/.angular/cache/18.2.11/frontend/vite/deps/chunk-PF6LNL77.js.map 304 [07/Jan/2025:12:21:17 +0000] - 32.231 ms localhost
GET /@fs/C:/Users/USER/Desktop/BroCampTasks/Angular_Project/frontend/.angular/cache/18.2.11/frontend/vite/deps/@angular_core.js.map 304 [07/Jan/2025:12:21:17 +0000] - 59.151 ms localhost
GET /@fs/C:/Users/USER/Desktop/BroCampTasks/Angular_Project/frontend/.angular/cache/18.2.11/frontend/vite/deps/chunk-FDUYSLZ7.js.map 304 [07/Jan/2025:12:21:18 +0000] - 305.971 ms localhost
GET /@fs/C:/Users/USER/Desktop/BroCampTasks/Angular_Project/frontend/.angular/cache/18.2.11/frontend/vite/deps/@angular_router.js.map 304 [07/Jan/2025:12:21:18 +0000] - 234.460 ms localhost
GET /@fs/C:/Users/USER/Desktop/BroCampTasks/Angular_Project/frontend/.angular/cache/18.2.11/frontend/vite/deps/@angular_common_http.js.map 304 [07/Jan/2025:12:21:18 +0000] - 232.542 ms localhost
GET /@fs/C:/Users/USER/Desktop/BroCampTasks/Angular_Project/frontend/.angular/cache/18.2.11/frontend/vite/deps/rxjs.js.map 304 [07/Jan/2025:12:21:18 +0000] - 221.099 ms localhost
GET /@fs/C:/Users/USER/Desktop/BroCampTasks/Angular_Project/frontend/.angular/cache/18.2.11/frontend/vite/deps/@angular_forms.js.map 304 [07/Jan/2025:12:21:18 +0000] - 232.683 ms localhost
GET /@fs/C:/Users/USER/Desktop/BroCampTasks/Angular_Project/frontend/.angular/cache/18.2.11/frontend/vite/deps/@angular_common.js.map 304 [07/Jan/2025:12:21:18 +0000] - 232.688 ms localhost
GET /login.component.css.map 200 [07/Jan/2025:12:21:18 +0000] - 8.976 ms localhost
GET /favicon.ico 304 [07/Jan/2025:12:21:18 +0000] - 5.176 ms localhost
GET / - [07/Jan/2025:12:25:17 +0000] - - ms localhost
GET /login 200 [07/Jan/2025:12:45:29 +0000] - 1046.217 ms localhost
GET /styles.css 200 [07/Jan/2025:12:45:29 +0000] - 10.143 ms localhost
GET /@vite/client 304 [07/Jan/2025:12:45:29 +0000] - 15.907 ms localhost
GET /polyfills.js 304 [07/Jan/2025:12:45:29 +0000] - 14.446 ms localhost
GET /main.js 304 [07/Jan/2025:12:45:29 +0000] - 3.218 ms localhost
GET /@fs/C:/Users/USER/Desktop/BroCampTasks/Angular_Project/frontend/node_modules/vite/dist/client/env.mjs 304 [07/Jan/2025:12:45:30 +0000] - 6.305 ms localhost
GET /styles.css.map 200 [07/Jan/2025:12:45:31 +0000] - 176.842 ms localhost
GET /login.component.css.map 200 [07/Jan/2025:12:45:31 +0000] - 195.623 ms localhost
GET /@fs/C:/Users/USER/Desktop/BroCampTasks/Angular_Project/frontend/.angular/cache/18.2.11/frontend/vite/deps/@angular_platform-browser.js.map 304 [07/Jan/2025:12:45:31 +0000] - 210.718 ms localhost
GET /@fs/C:/Users/USER/Desktop/BroCampTasks/Angular_Project/frontend/.angular/cache/18.2.11/frontend/vite/deps/chunk-J2M542RS.js.map 304 [07/Jan/2025:12:45:31 +0000] - 233.773 ms localhost
GET /@fs/C:/Users/USER/Desktop/BroCampTasks/Angular_Project/frontend/.angular/cache/18.2.11/frontend/vite/deps/chunk-SD63G7YN.js.map 304 [07/Jan/2025:12:45:31 +0000] - 249.482 ms localhost
GET /@fs/C:/Users/USER/Desktop/BroCampTasks/Angular_Project/frontend/.angular/cache/18.2.11/frontend/vite/deps/chunk-PLMZ7O3F.js.map 304 [07/Jan/2025:12:45:31 +0000] - 262.919 ms localhost
GET /@fs/C:/Users/USER/Desktop/BroCampTasks/Angular_Project/frontend/.angular/cache/18.2.11/frontend/vite/deps/chunk-FDUYSLZ7.js.map 304 [07/Jan/2025:12:45:32 +0000] - 447.936 ms localhost
GET /favicon.ico 304 [07/Jan/2025:12:45:32 +0000] - 162.960 ms localhost
GET /@fs/C:/Users/USER/Desktop/BroCampTasks/Angular_Project/frontend/.angular/cache/18.2.11/frontend/vite/deps/chunk-PF6LNL77.js.map 304 [07/Jan/2025:12:45:32 +0000] - 325.691 ms localhost
GET /@fs/C:/Users/USER/Desktop/BroCampTasks/Angular_Project/frontend/.angular/cache/18.2.11/frontend/vite/deps/@angular_core.js.map 304 [07/Jan/2025:12:45:32 +0000] - 309.154 ms localhost
GET /@fs/C:/Users/USER/Desktop/BroCampTasks/Angular_Project/frontend/.angular/cache/18.2.11/frontend/vite/deps/rxjs.js.map 304 [07/Jan/2025:12:45:32 +0000] - 45.416 ms localhost
GET /@fs/C:/Users/USER/Desktop/BroCampTasks/Angular_Project/frontend/.angular/cache/18.2.11/frontend/vite/deps/@angular_router.js.map 304 [07/Jan/2025:12:45:32 +0000] - 310.394 ms localhost
GET /@fs/C:/Users/USER/Desktop/BroCampTasks/Angular_Project/frontend/.angular/cache/18.2.11/frontend/vite/deps/@angular_common_http.js.map 304 [07/Jan/2025:12:45:32 +0000] - 210.924 ms localhost
GET /@fs/C:/Users/USER/Desktop/BroCampTasks/Angular_Project/frontend/.angular/cache/18.2.11/frontend/vite/deps/@angular_common.js.map 304 [07/Jan/2025:12:45:32 +0000] - 21.186 ms localhost
GET /@fs/C:/Users/USER/Desktop/BroCampTasks/Angular_Project/frontend/.angular/cache/18.2.11/frontend/vite/deps/@angular_forms.js.map 304 [07/Jan/2025:12:45:32 +0000] - 154.792 ms localhost
GET / - [07/Jan/2025:12:49:30 +0000] - - ms localhost
GET / 200 [07/Jan/2025:13:30:33 +0000] - 105.615 ms localhost
GET /styles.css 200 [07/Jan/2025:13:30:33 +0000] - 30.857 ms localhost
GET /polyfills.js 304 [07/Jan/2025:13:30:33 +0000] - 30.277 ms localhost
GET /main.js 304 [07/Jan/2025:13:30:33 +0000] - 29.552 ms localhost
GET /@vite/client 304 [07/Jan/2025:13:30:33 +0000] - 28.377 ms localhost
GET /@fs/C:/Users/USER/Desktop/BroCampTasks/Angular_Project/frontend/node_modules/vite/dist/client/env.mjs 304 [07/Jan/2025:13:30:33 +0000] - 5.584 ms localhost
GET /favicon.ico 304 [07/Jan/2025:13:30:34 +0000] - 15.051 ms localhost
POST /user/login 200 [07/Jan/2025:13:31:22 +0000] - 931.528 ms localhost
GET /service/uploads/ 400 [07/Jan/2025:13:31:29 +0000] - 484.227 ms localhost
GET /service/services?isApproved=true 200 [07/Jan/2025:13:31:29 +0000] - 677.359 ms localhost
GET /service/name/Decor 200 [07/Jan/2025:13:31:31 +0000] - 85.547 ms localhost
GET /styles.css 200 [07/Jan/2025:13:31:38 +0000] - 7.246 ms localhost
GET /@fs/C:/Users/USER/Desktop/BroCampTasks/Angular_Project/frontend/.angular/cache/18.2.11/frontend/vite/deps/@angular_core.js.map 304 [07/Jan/2025:13:31:38 +0000] - 133.190 ms localhost
GET /@fs/C:/Users/USER/Desktop/BroCampTasks/Angular_Project/frontend/.angular/cache/18.2.11/frontend/vite/deps/@angular_platform-browser.js.map 304 [07/Jan/2025:13:31:38 +0000] - 138.070 ms localhost
GET /@fs/C:/Users/USER/Desktop/BroCampTasks/Angular_Project/frontend/.angular/cache/18.2.11/frontend/vite/deps/@angular_common.js.map 304 [07/Jan/2025:13:31:38 +0000] - 141.101 ms localhost
GET /@fs/C:/Users/USER/Desktop/BroCampTasks/Angular_Project/frontend/.angular/cache/18.2.11/frontend/vite/deps/rxjs.js.map 304 [07/Jan/2025:13:31:38 +0000] - 155.471 ms localhost
GET /@fs/C:/Users/USER/Desktop/BroCampTasks/Angular_Project/frontend/.angular/cache/18.2.11/frontend/vite/deps/@angular_common_http.js.map 304 [07/Jan/2025:13:31:38 +0000] - 184.331 ms localhost
GET /@fs/C:/Users/USER/Desktop/BroCampTasks/Angular_Project/frontend/.angular/cache/18.2.11/frontend/vite/deps/@angular_forms.js.map 304 [07/Jan/2025:13:31:39 +0000] - 451.858 ms localhost
GET /@fs/C:/Users/USER/Desktop/BroCampTasks/Angular_Project/frontend/.angular/cache/18.2.11/frontend/vite/deps/chunk-SD63G7YN.js.map 304 [07/Jan/2025:13:31:39 +0000] - 420.007 ms localhost
GET /@fs/C:/Users/USER/Desktop/BroCampTasks/Angular_Project/frontend/.angular/cache/18.2.11/frontend/vite/deps/chunk-J2M542RS.js.map 304 [07/Jan/2025:13:31:39 +0000] - 681.380 ms localhost
GET /@fs/C:/Users/USER/Desktop/BroCampTasks/Angular_Project/frontend/.angular/cache/18.2.11/frontend/vite/deps/chunk-FDUYSLZ7.js.map 304 [07/Jan/2025:13:31:40 +0000] - 1160.247 ms localhost
GET /services/user-service-details.component.css.map 404 [07/Jan/2025:13:31:40 +0000] - 448.566 ms localhost
GET /services/layout.component.css.map 404 [07/Jan/2025:13:31:40 +0000] - 230.392 ms localhost
GET /@fs/C:/Users/USER/Desktop/BroCampTasks/Angular_Project/frontend/.angular/cache/18.2.11/frontend/vite/deps/chunk-PLMZ7O3F.js.map 304 [07/Jan/2025:13:31:40 +0000] - 1201.917 ms localhost
GET /styles.css.map 200 [07/Jan/2025:13:31:40 +0000] - 35.997 ms localhost
GET /@fs/C:/Users/USER/Desktop/BroCampTasks/Angular_Project/frontend/.angular/cache/18.2.11/frontend/vite/deps/@angular_router.js.map 304 [07/Jan/2025:13:31:40 +0000] - 1229.674 ms localhost
GET /@fs/C:/Users/USER/Desktop/BroCampTasks/Angular_Project/frontend/.angular/cache/18.2.11/frontend/vite/deps/chunk-PF6LNL77.js.map 304 [07/Jan/2025:13:31:40 +0000] - 505.532 ms localhost
GET / - [07/Jan/2025:13:34:33 +0000] - - ms localhost
GET /services/details?data=%5B%7B%22_id%22:%22676a49d65f3e79805ff156c1%22,%22name%22:%22Decor%22,%22img%22:%221736073037702_artifitial%20decor3.jpg%22,%22events%22:%5B%22Marriage%22,%22Engagement%22,%22Birthday%22%5D,%22provider%22:%22673ac7d8306657184e800578%22,%22choices%22:%5B%7B%22choiceName%22:%22Natural%20Materials%22,%22choiceType%22:%22%22,%22choicePrice%22:10000,%22choiceImg%22:%221736073037708_natural%20decor1.jpg%22,%22_id%22:%22676a49d65f3e79805ff156c2%22%7D,%7B%22choiceName%22:%22Artificial%20Materials%22,%22choiceType%22:%22%22,%22choicePrice%22:10000,%22choiceImg%22:%221735018966975_artifitial%20decor.webp%22,%22_id%22:%22676a49d65f3e79805ff156c3%22%7D%5D,%22isApproved%22:true,%22isActive%22:true,%22createdAt%22:%222024-12-24T05:42:47.009Z%22,%22updatedAt%22:%222025-01-05T10:30:37.854Z%22,%22__v%22:0%7D%5D&service=Decor 200 [07/Jan/2025:13:54:01 +0000] - 355.765 ms localhost
GET /styles.css 200 [07/Jan/2025:13:54:01 +0000] - 37.304 ms localhost
GET /@vite/client 304 [07/Jan/2025:13:54:01 +0000] - 41.417 ms localhost
GET /main.js 304 [07/Jan/2025:13:54:01 +0000] - 41.218 ms localhost
GET /polyfills.js 304 [07/Jan/2025:13:54:01 +0000] - 41.407 ms localhost
GET /@fs/C:/Users/USER/Desktop/BroCampTasks/Angular_Project/frontend/node_modules/vite/dist/client/env.mjs 304 [07/Jan/2025:13:54:02 +0000] - 181.328 ms localhost
GET /styles.css.map 200 [07/Jan/2025:13:54:02 +0000] - 14.789 ms localhost
GET /@fs/C:/Users/USER/Desktop/BroCampTasks/Angular_Project/frontend/.angular/cache/18.2.11/frontend/vite/deps/@angular_core.js.map 304 [07/Jan/2025:13:54:02 +0000] - 122.343 ms localhost
GET /@fs/C:/Users/USER/Desktop/BroCampTasks/Angular_Project/frontend/.angular/cache/18.2.11/frontend/vite/deps/@angular_platform-browser.js.map 304 [07/Jan/2025:13:54:02 +0000] - 122.043 ms localhost
GET /@fs/C:/Users/USER/Desktop/BroCampTasks/Angular_Project/frontend/.angular/cache/18.2.11/frontend/vite/deps/chunk-SD63G7YN.js.map 304 [07/Jan/2025:13:54:02 +0000] - 124.520 ms localhost
GET /@fs/C:/Users/USER/Desktop/BroCampTasks/Angular_Project/frontend/.angular/cache/18.2.11/frontend/vite/deps/chunk-PLMZ7O3F.js.map 304 [07/Jan/2025:13:54:03 +0000] - 193.707 ms localhost
GET /@fs/C:/Users/USER/Desktop/BroCampTasks/Angular_Project/frontend/.angular/cache/18.2.11/frontend/vite/deps/chunk-J2M542RS.js.map 304 [07/Jan/2025:13:54:03 +0000] - 200.696 ms localhost
GET /@fs/C:/Users/USER/Desktop/BroCampTasks/Angular_Project/frontend/.angular/cache/18.2.11/frontend/vite/deps/@angular_common_http.js.map 304 [07/Jan/2025:13:54:03 +0000] - 24.855 ms localhost
GET /@fs/C:/Users/USER/Desktop/BroCampTasks/Angular_Project/frontend/.angular/cache/18.2.11/frontend/vite/deps/chunk-FDUYSLZ7.js.map 304 [07/Jan/2025:13:54:03 +0000] - 936.997 ms localhost
GET /@fs/C:/Users/USER/Desktop/BroCampTasks/Angular_Project/frontend/.angular/cache/18.2.11/frontend/vite/deps/@angular_forms.js.map 304 [07/Jan/2025:13:54:03 +0000] - 901.819 ms localhost
GET /@fs/C:/Users/USER/Desktop/BroCampTasks/Angular_Project/frontend/.angular/cache/18.2.11/frontend/vite/deps/@angular_router.js.map 304 [07/Jan/2025:13:54:03 +0000] - 913.980 ms localhost
GET /@fs/C:/Users/USER/Desktop/BroCampTasks/Angular_Project/frontend/.angular/cache/18.2.11/frontend/vite/deps/chunk-PF6LNL77.js.map 304 [07/Jan/2025:13:54:03 +0000] - 921.783 ms localhost
GET /favicon.ico 304 [07/Jan/2025:13:54:03 +0000] - 84.757 ms localhost
GET /services/login.component.css.map 404 [07/Jan/2025:13:54:04 +0000] - 59.362 ms localhost
GET /@fs/C:/Users/USER/Desktop/BroCampTasks/Angular_Project/frontend/.angular/cache/18.2.11/frontend/vite/deps/rxjs.js.map 304 [07/Jan/2025:13:54:04 +0000] - 944.975 ms localhost
GET /@fs/C:/Users/USER/Desktop/BroCampTasks/Angular_Project/frontend/.angular/cache/18.2.11/frontend/vite/deps/@angular_common.js.map 304 [07/Jan/2025:13:54:04 +0000] - 757.875 ms localhost
POST /user/login 200 [07/Jan/2025:13:54:14 +0000] - 773.467 ms localhost
GET /services/dashboard.component.css.map 404 [07/Jan/2025:13:54:14 +0000] - 5.423 ms localhost
GET /services/layout.component.css.map 404 [07/Jan/2025:13:54:14 +0000] - 6.444 ms localhost
GET /services/user-services.component.css.map 404 [07/Jan/2025:13:54:19 +0000] - 21.372 ms localhost
GET /service/services?isApproved=true 304 [07/Jan/2025:13:54:19 +0000] - 468.918 ms localhost
GET /service/uploads/ 400 [07/Jan/2025:13:54:19 +0000] - 342.617 ms localhost
GET /service/name/Decor 304 [07/Jan/2025:13:54:21 +0000] - 122.411 ms localhost
GET /services/user-service-details.component.css.map 404 [07/Jan/2025:13:54:22 +0000] - 6.379 ms localhost
GET / - [07/Jan/2025:13:58:02 +0000] - - ms localhost
GET /services/details?data=%5B%7B%22_id%22:%22676a49d65f3e79805ff156c1%22,%22name%22:%22Decor%22,%22img%22:%221736073037702_artifitial%20decor3.jpg%22,%22events%22:%5B%22Marriage%22,%22Engagement%22,%22Birthday%22%5D,%22provider%22:%22673ac7d8306657184e800578%22,%22choices%22:%5B%7B%22choiceName%22:%22Natural%20Materials%22,%22choiceType%22:%22%22,%22choicePrice%22:10000,%22choiceImg%22:%221736073037708_natural%20decor1.jpg%22,%22_id%22:%22676a49d65f3e79805ff156c2%22%7D,%7B%22choiceName%22:%22Artificial%20Materials%22,%22choiceType%22:%22%22,%22choicePrice%22:10000,%22choiceImg%22:%221735018966975_artifitial%20decor.webp%22,%22_id%22:%22676a49d65f3e79805ff156c3%22%7D%5D,%22isApproved%22:true,%22isActive%22:true,%22createdAt%22:%222024-12-24T05:42:47.009Z%22,%22updatedAt%22:%222025-01-05T10:30:37.854Z%22,%22__v%22:0%7D%5D&service=Decor 200 [07/Jan/2025:14:02:18 +0000] - 52.735 ms localhost
GET /@vite/client 304 [07/Jan/2025:14:02:19 +0000] - 6.555 ms localhost
GET /styles.css 200 [07/Jan/2025:14:02:19 +0000] - 15.702 ms localhost
GET /polyfills.js 304 [07/Jan/2025:14:02:19 +0000] - 4.633 ms localhost
GET /main.js 200 [07/Jan/2025:14:02:19 +0000] - 11.396 ms localhost
GET /@fs/C:/Users/USER/Desktop/BroCampTasks/Angular_Project/frontend/node_modules/vite/dist/client/env.mjs 304 [07/Jan/2025:14:02:19 +0000] - 3.971 ms localhost
GET /@fs/C:/Users/USER/Desktop/BroCampTasks/Angular_Project/frontend/.angular/cache/18.2.11/frontend/vite/deps/@angular_platform-browser.js.map 304 [07/Jan/2025:14:02:20 +0000] - 13.749 ms localhost
GET /@fs/C:/Users/USER/Desktop/BroCampTasks/Angular_Project/frontend/.angular/cache/18.2.11/frontend/vite/deps/chunk-SD63G7YN.js.map 304 [07/Jan/2025:14:02:20 +0000] - 10.695 ms localhost
GET /@fs/C:/Users/USER/Desktop/BroCampTasks/Angular_Project/frontend/.angular/cache/18.2.11/frontend/vite/deps/chunk-J2M542RS.js.map 304 [07/Jan/2025:14:02:20 +0000] - 14.805 ms localhost
GET /@fs/C:/Users/USER/Desktop/BroCampTasks/Angular_Project/frontend/.angular/cache/18.2.11/frontend/vite/deps/chunk-PLMZ7O3F.js.map 304 [07/Jan/2025:14:02:20 +0000] - 18.840 ms localhost
GET /@fs/C:/Users/USER/Desktop/BroCampTasks/Angular_Project/frontend/.angular/cache/18.2.11/frontend/vite/deps/chunk-FDUYSLZ7.js.map 304 [07/Jan/2025:14:02:20 +0000] - 97.887 ms localhost
GET /@fs/C:/Users/USER/Desktop/BroCampTasks/Angular_Project/frontend/.angular/cache/18.2.11/frontend/vite/deps/chunk-PF6LNL77.js.map 304 [07/Jan/2025:14:02:20 +0000] - 85.716 ms localhost
GET /@fs/C:/Users/USER/Desktop/BroCampTasks/Angular_Project/frontend/.angular/cache/18.2.11/frontend/vite/deps/@angular_core.js.map 304 [07/Jan/2025:14:02:20 +0000] - 92.847 ms localhost
GET /@fs/C:/Users/USER/Desktop/BroCampTasks/Angular_Project/frontend/.angular/cache/18.2.11/frontend/vite/deps/@angular_router.js.map 304 [07/Jan/2025:14:02:20 +0000] - 85.184 ms localhost
GET /@fs/C:/Users/USER/Desktop/BroCampTasks/Angular_Project/frontend/.angular/cache/18.2.11/frontend/vite/deps/@angular_common_http.js.map 304 [07/Jan/2025:14:02:20 +0000] - 81.889 ms localhost
GET /@fs/C:/Users/USER/Desktop/BroCampTasks/Angular_Project/frontend/.angular/cache/18.2.11/frontend/vite/deps/rxjs.js.map 304 [07/Jan/2025:14:02:20 +0000] - 72.681 ms localhost
GET /@fs/C:/Users/USER/Desktop/BroCampTasks/Angular_Project/frontend/.angular/cache/18.2.11/frontend/vite/deps/@angular_forms.js.map 304 [07/Jan/2025:14:02:20 +0000] - 20.562 ms localhost
GET /@fs/C:/Users/USER/Desktop/BroCampTasks/Angular_Project/frontend/.angular/cache/18.2.11/frontend/vite/deps/@angular_common.js.map 304 [07/Jan/2025:14:02:20 +0000] - 4.075 ms localhost
GET /favicon.ico 304 [07/Jan/2025:14:02:24 +0000] - 6.496 ms localhost
GET /services/login.component.css.map 404 [07/Jan/2025:14:02:25 +0000] - 5.962 ms localhost
GET /styles.css.map 200 [07/Jan/2025:14:02:25 +0000] - 6.550 ms localhost
GET / - [07/Jan/2025:14:06:20 +0000] - - ms localhost
GET /login 200 [07/Jan/2025:14:06:25 +0000] - 13.276 ms localhost
GET /styles.css 200 [07/Jan/2025:14:06:26 +0000] - 7.098 ms localhost
GET /@vite/client 304 [07/Jan/2025:14:06:26 +0000] - 8.354 ms localhost
GET /polyfills.js 304 [07/Jan/2025:14:06:26 +0000] - 9.087 ms localhost
GET /main.js 200 [07/Jan/2025:14:06:26 +0000] - 13.074 ms localhost
GET /@fs/C:/Users/USER/Desktop/BroCampTasks/Angular_Project/frontend/node_modules/vite/dist/client/env.mjs 304 [07/Jan/2025:14:06:26 +0000] - 11.424 ms localhost
GET /@fs/C:/Users/USER/Desktop/BroCampTasks/Angular_Project/frontend/.angular/cache/18.2.11/frontend/vite/deps/@angular_platform-browser.js.map 304 [07/Jan/2025:14:06:27 +0000] - 4.019 ms localhost
GET /@fs/C:/Users/USER/Desktop/BroCampTasks/Angular_Project/frontend/.angular/cache/18.2.11/frontend/vite/deps/chunk-SD63G7YN.js.map 304 [07/Jan/2025:14:06:27 +0000] - 7.085 ms localhost
GET /@fs/C:/Users/USER/Desktop/BroCampTasks/Angular_Project/frontend/.angular/cache/18.2.11/frontend/vite/deps/chunk-J2M542RS.js.map 304 [07/Jan/2025:14:06:27 +0000] - 11.420 ms localhost
GET /@fs/C:/Users/USER/Desktop/BroCampTasks/Angular_Project/frontend/.angular/cache/18.2.11/frontend/vite/deps/chunk-PLMZ7O3F.js.map 304 [07/Jan/2025:14:06:27 +0000] - 18.254 ms localhost
GET /@fs/C:/Users/USER/Desktop/BroCampTasks/Angular_Project/frontend/.angular/cache/18.2.11/frontend/vite/deps/chunk-FDUYSLZ7.js.map 304 [07/Jan/2025:14:06:27 +0000] - 49.865 ms localhost
GET /@fs/C:/Users/USER/Desktop/BroCampTasks/Angular_Project/frontend/.angular/cache/18.2.11/frontend/vite/deps/@angular_common_http.js.map 304 [07/Jan/2025:14:06:27 +0000] - 57.177 ms localhost
GET /@fs/C:/Users/USER/Desktop/BroCampTasks/Angular_Project/frontend/.angular/cache/18.2.11/frontend/vite/deps/rxjs.js.map 304 [07/Jan/2025:14:06:27 +0000] - 58.032 ms localhost
GET /@fs/C:/Users/USER/Desktop/BroCampTasks/Angular_Project/frontend/.angular/cache/18.2.11/frontend/vite/deps/@angular_core.js.map 304 [07/Jan/2025:14:06:27 +0000] - 70.083 ms localhost
GET /@fs/C:/Users/USER/Desktop/BroCampTasks/Angular_Project/frontend/.angular/cache/18.2.11/frontend/vite/deps/chunk-PF6LNL77.js.map 304 [07/Jan/2025:14:06:27 +0000] - 83.487 ms localhost
GET /@fs/C:/Users/USER/Desktop/BroCampTasks/Angular_Project/frontend/.angular/cache/18.2.11/frontend/vite/deps/@angular_router.js.map 304 [07/Jan/2025:14:06:27 +0000] - 81.520 ms localhost
GET /@fs/C:/Users/USER/Desktop/BroCampTasks/Angular_Project/frontend/.angular/cache/18.2.11/frontend/vite/deps/@angular_forms.js.map 304 [07/Jan/2025:14:06:27 +0000] - 45.148 ms localhost
GET /@fs/C:/Users/USER/Desktop/BroCampTasks/Angular_Project/frontend/.angular/cache/18.2.11/frontend/vite/deps/@angular_common.js.map 304 [07/Jan/2025:14:06:27 +0000] - 26.286 ms localhost
GET /styles.css.map 200 [07/Jan/2025:14:06:28 +0000] - 5.275 ms localhost
GET /login.component.css.map 200 [07/Jan/2025:14:06:28 +0000] - 10.517 ms localhost
GET /favicon.ico 304 [07/Jan/2025:14:06:28 +0000] - 4.887 ms localhost
GET /login 200 [07/Jan/2025:14:06:58 +0000] - 13.740 ms localhost
GET / - [07/Jan/2025:14:06:58 +0000] - - ms localhost
GET /@vite/client 304 [07/Jan/2025:14:06:58 +0000] - 7.688 ms localhost
GET /styles.css 200 [07/Jan/2025:14:06:58 +0000] - 11.463 ms localhost
GET /polyfills.js 304 [07/Jan/2025:14:06:58 +0000] - 12.394 ms localhost
GET /main.js 200 [07/Jan/2025:14:06:58 +0000] - 15.584 ms localhost
GET /styles.css.map 200 [07/Jan/2025:14:06:58 +0000] - 3.777 ms localhost
GET /@fs/C:/Users/USER/Desktop/BroCampTasks/Angular_Project/frontend/node_modules/vite/dist/client/env.mjs 304 [07/Jan/2025:14:06:58 +0000] - 3.615 ms localhost
GET /@fs/C:/Users/USER/Desktop/BroCampTasks/Angular_Project/frontend/.angular/cache/18.2.11/frontend/vite/deps/@angular_platform-browser.js.map 304 [07/Jan/2025:14:06:58 +0000] - 20.420 ms localhost
GET /@fs/C:/Users/USER/Desktop/BroCampTasks/Angular_Project/frontend/.angular/cache/18.2.11/frontend/vite/deps/chunk-SD63G7YN.js.map 304 [07/Jan/2025:14:06:58 +0000] - 22.011 ms localhost
GET /@fs/C:/Users/USER/Desktop/BroCampTasks/Angular_Project/frontend/.angular/cache/18.2.11/frontend/vite/deps/chunk-J2M542RS.js.map 304 [07/Jan/2025:14:06:58 +0000] - 26.877 ms localhost
GET /@fs/C:/Users/USER/Desktop/BroCampTasks/Angular_Project/frontend/.angular/cache/18.2.11/frontend/vite/deps/chunk-PF6LNL77.js.map 304 [07/Jan/2025:14:06:58 +0000] - 75.923 ms localhost
GET /@fs/C:/Users/USER/Desktop/BroCampTasks/Angular_Project/frontend/.angular/cache/18.2.11/frontend/vite/deps/chunk-FDUYSLZ7.js.map 304 [07/Jan/2025:14:06:58 +0000] - 161.698 ms localhost
GET /@fs/C:/Users/USER/Desktop/BroCampTasks/Angular_Project/frontend/.angular/cache/18.2.11/frontend/vite/deps/chunk-PLMZ7O3F.js.map 304 [07/Jan/2025:14:06:58 +0000] - 216.310 ms localhost
GET /@fs/C:/Users/USER/Desktop/BroCampTasks/Angular_Project/frontend/.angular/cache/18.2.11/frontend/vite/deps/@angular_core.js.map 304 [07/Jan/2025:14:06:58 +0000] - 137.266 ms localhost
GET /@fs/C:/Users/USER/Desktop/BroCampTasks/Angular_Project/frontend/.angular/cache/18.2.11/frontend/vite/deps/@angular_common_http.js.map 304 [07/Jan/2025:14:06:58 +0000] - 130.972 ms localhost
GET /@fs/C:/Users/USER/Desktop/BroCampTasks/Angular_Project/frontend/.angular/cache/18.2.11/frontend/vite/deps/@angular_router.js.map 304 [07/Jan/2025:14:06:58 +0000] - 196.510 ms localhost
GET /@fs/C:/Users/USER/Desktop/BroCampTasks/Angular_Project/frontend/.angular/cache/18.2.11/frontend/vite/deps/rxjs.js.map 304 [07/Jan/2025:14:06:58 +0000] - 192.982 ms localhost
GET /login.component.css.map 200 [07/Jan/2025:14:06:58 +0000] - 45.071 ms localhost
GET /favicon.ico 304 [07/Jan/2025:14:06:58 +0000] - 13.706 ms localhost
GET /@fs/C:/Users/USER/Desktop/BroCampTasks/Angular_Project/frontend/.angular/cache/18.2.11/frontend/vite/deps/@angular_forms.js.map 304 [07/Jan/2025:14:06:58 +0000] - 168.355 ms localhost
GET /@fs/C:/Users/USER/Desktop/BroCampTasks/Angular_Project/frontend/.angular/cache/18.2.11/frontend/vite/deps/@angular_common.js.map 304 [07/Jan/2025:14:06:58 +0000] - 118.305 ms localhost
POST /user/login 200 [07/Jan/2025:14:07:05 +0000] - 567.075 ms localhost
GET /dashboard.component.css.map 200 [07/Jan/2025:14:07:06 +0000] - 7.391 ms localhost
GET /layout.component.css.map 200 [07/Jan/2025:14:07:06 +0000] - 12.246 ms localhost
GET /user-services.component.css.map 200 [07/Jan/2025:14:07:10 +0000] - 5.802 ms localhost
GET /service/services?isApproved=true 304 [07/Jan/2025:14:07:10 +0000] - 310.005 ms localhost
GET /service/uploads/ 400 [07/Jan/2025:14:07:10 +0000] - 257.767 ms localhost
GET /service/name/Decor 200 [07/Jan/2025:14:07:13 +0000] - 161.925 ms localhost
GET /user-service-details.component.css.map 200 [07/Jan/2025:14:07:14 +0000] - 3.941 ms localhost
GET /service/uploads/1735018966975_artifitial%20decor.webp 304 [07/Jan/2025:14:07:14 +0000] - 132.569 ms localhost
GET /service/uploads/1736073037702_artifitial%20decor3.jpg 200 [07/Jan/2025:14:07:14 +0000] - 324.679 ms localhost
GET /service/uploads/1736073037708_natural%20decor1.jpg 200 [07/Jan/2025:14:07:14 +0000] - 278.047 ms localhost
GET / - [07/Jan/2025:14:10:58 +0000] - - ms localhost
GET /services/details?data=%5B%7B%22_id%22:%22676a49d65f3e79805ff156c1%22,%22name%22:%22Decor%22,%22img%22:%221736073037702_artifitial%20decor3.jpg%22,%22events%22:%5B%22Marriage%22,%22Engagement%22,%22Birthday%22%5D,%22provider%22:%22673ac7d8306657184e800578%22,%22choices%22:%5B%7B%22choiceName%22:%22Natural%20Materials%22,%22choiceType%22:%22%22,%22choicePrice%22:10000,%22choiceImg%22:%221736073037708_natural%20decor1.jpg%22,%22_id%22:%22676a49d65f3e79805ff156c2%22%7D,%7B%22choiceName%22:%22Artificial%20Materials%22,%22choiceType%22:%22%22,%22choicePrice%22:10000,%22choiceImg%22:%221735018966975_artifitial%20decor.webp%22,%22_id%22:%22676a49d65f3e79805ff156c3%22%7D%5D,%22isApproved%22:true,%22isActive%22:true,%22createdAt%22:%222024-12-24T05:42:47.009Z%22,%22updatedAt%22:%222025-01-05T10:30:37.854Z%22,%22__v%22:0%7D%5D&service=Decor 200 [07/Jan/2025:17:04:06 +0000] - 88.299 ms localhost
GET /@vite/client 304 [07/Jan/2025:17:04:07 +0000] - 6.127 ms localhost
GET /styles.css 200 [07/Jan/2025:17:04:07 +0000] - 19.238 ms localhost
GET /main.js 200 [07/Jan/2025:17:04:07 +0000] - 47.309 ms localhost
GET /polyfills.js 504 [07/Jan/2025:17:04:07 +0000] - 728.433 ms localhost
GET /@fs/C:/Users/USER/Desktop/BroCampTasks/Angular_Project/frontend/node_modules/vite/dist/client/env.mjs 304 [07/Jan/2025:17:04:07 +0000] - 76.308 ms localhost
GET /@fs/C:/Users/USER/Desktop/BroCampTasks/Angular_Project/frontend/.angular/cache/18.2.11/frontend/vite/deps/chunk-J2M542RS.js.map 304 [07/Jan/2025:17:04:07 +0000] - 24.596 ms localhost
GET /@fs/C:/Users/USER/Desktop/BroCampTasks/Angular_Project/frontend/.angular/cache/18.2.11/frontend/vite/deps/chunk-SD63G7YN.js.map 304 [07/Jan/2025:17:04:07 +0000] - 38.233 ms localhost
GET /@fs/C:/Users/USER/Desktop/BroCampTasks/Angular_Project/frontend/.angular/cache/18.2.11/frontend/vite/deps/chunk-PLMZ7O3F.js.map 304 [07/Jan/2025:17:04:07 +0000] - 39.491 ms localhost
GET /@fs/C:/Users/USER/Desktop/BroCampTasks/Angular_Project/frontend/.angular/cache/18.2.11/frontend/vite/deps/@angular_platform-browser.js.map 304 [07/Jan/2025:17:04:07 +0000] - 48.361 ms localhost
GET /styles.css.map 200 [07/Jan/2025:17:04:08 +0000] - 21.808 ms localhost
GET /@fs/C:/Users/USER/Desktop/BroCampTasks/Angular_Project/frontend/.angular/cache/18.2.11/frontend/vite/deps/chunk-FDUYSLZ7.js.map 304 [07/Jan/2025:17:04:08 +0000] - 176.970 ms localhost
GET /@fs/C:/Users/USER/Desktop/BroCampTasks/Angular_Project/frontend/.angular/cache/18.2.11/frontend/vite/deps/@angular_core.js.map 304 [07/Jan/2025:17:04:08 +0000] - 309.176 ms localhost
GET /@fs/C:/Users/USER/Desktop/BroCampTasks/Angular_Project/frontend/.angular/cache/18.2.11/frontend/vite/deps/chunk-PF6LNL77.js.map 304 [07/Jan/2025:17:04:08 +0000] - 367.102 ms localhost
GET /@fs/C:/Users/USER/Desktop/BroCampTasks/Angular_Project/frontend/.angular/cache/18.2.11/frontend/vite/deps/rxjs.js.map 304 [07/Jan/2025:17:04:08 +0000] - 211.182 ms localhost
GET /@fs/C:/Users/USER/Desktop/BroCampTasks/Angular_Project/frontend/.angular/cache/18.2.11/frontend/vite/deps/@angular_router.js.map 304 [07/Jan/2025:17:04:08 +0000] - 340.321 ms localhost
GET /@fs/C:/Users/USER/Desktop/BroCampTasks/Angular_Project/frontend/.angular/cache/18.2.11/frontend/vite/deps/@angular_common_http.js.map 304 [07/Jan/2025:17:04:08 +0000] - 384.483 ms localhost
GET /@fs/C:/Users/USER/Desktop/BroCampTasks/Angular_Project/frontend/.angular/cache/18.2.11/frontend/vite/deps/@angular_common.js.map 304 [07/Jan/2025:17:04:08 +0000] - 15.164 ms localhost
GET /@fs/C:/Users/USER/Desktop/BroCampTasks/Angular_Project/frontend/.angular/cache/18.2.11/frontend/vite/deps/@angular_forms.js.map 304 [07/Jan/2025:17:04:08 +0000] - 247.640 ms localhost
GET /favicon.ico 304 [07/Jan/2025:17:04:08 +0000] - 5.707 ms localhost
GET /services/details?data=%5B%7B%22_id%22:%22676a49d65f3e79805ff156c1%22,%22name%22:%22Decor%22,%22img%22:%221736073037702_artifitial%20decor3.jpg%22,%22events%22:%5B%22Marriage%22,%22Engagement%22,%22Birthday%22%5D,%22provider%22:%22673ac7d8306657184e800578%22,%22choices%22:%5B%7B%22choiceName%22:%22Natural%20Materials%22,%22choiceType%22:%22%22,%22choicePrice%22:10000,%22choiceImg%22:%221736073037708_natural%20decor1.jpg%22,%22_id%22:%22676a49d65f3e79805ff156c2%22%7D,%7B%22choiceName%22:%22Artificial%20Materials%22,%22choiceType%22:%22%22,%22choicePrice%22:10000,%22choiceImg%22:%221735018966975_artifitial%20decor.webp%22,%22_id%22:%22676a49d65f3e79805ff156c3%22%7D%5D,%22isApproved%22:true,%22isActive%22:true,%22createdAt%22:%222024-12-24T05:42:47.009Z%22,%22updatedAt%22:%222025-01-05T10:30:37.854Z%22,%22__v%22:0%7D%5D&service=Decor 200 [07/Jan/2025:17:04:10 +0000] - 14.504 ms localhost
GET / - [07/Jan/2025:17:04:10 +0000] - - ms localhost
GET /@vite/client 304 [07/Jan/2025:17:04:10 +0000] - 22.855 ms localhost
GET /styles.css 200 [07/Jan/2025:17:04:10 +0000] - 16.882 ms localhost
GET /polyfills.js 200 [07/Jan/2025:17:04:10 +0000] - 26.093 ms localhost
GET /main.js 304 [07/Jan/2025:17:04:10 +0000] - 19.727 ms localhost
GET /styles.css.map 200 [07/Jan/2025:17:04:10 +0000] - 5.699 ms localhost
GET /@fs/C:/Users/USER/Desktop/BroCampTasks/Angular_Project/frontend/node_modules/vite/dist/client/env.mjs 304 [07/Jan/2025:17:04:10 +0000] - 5.337 ms localhost
GET /@fs/C:/Users/USER/Desktop/BroCampTasks/Angular_Project/frontend/.angular/cache/18.2.11/frontend/vite/deps/@angular_platform-browser.js.map 304 [07/Jan/2025:17:04:10 +0000] - 11.841 ms localhost
GET /@fs/C:/Users/USER/Desktop/BroCampTasks/Angular_Project/frontend/.angular/cache/18.2.11/frontend/vite/deps/chunk-SD63G7YN.js.map 304 [07/Jan/2025:17:04:10 +0000] - 13.066 ms localhost
GET /@fs/C:/Users/USER/Desktop/BroCampTasks/Angular_Project/frontend/.angular/cache/18.2.11/frontend/vite/deps/chunk-J2M542RS.js.map 304 [07/Jan/2025:17:04:10 +0000] - 18.829 ms localhost
GET /@fs/C:/Users/USER/Desktop/BroCampTasks/Angular_Project/frontend/.angular/cache/18.2.11/frontend/vite/deps/chunk-PLMZ7O3F.js.map 304 [07/Jan/2025:17:04:10 +0000] - 23.566 ms localhost
GET /@fs/C:/Users/USER/Desktop/BroCampTasks/Angular_Project/frontend/.angular/cache/18.2.11/frontend/vite/deps/chunk-FDUYSLZ7.js.map 304 [07/Jan/2025:17:04:10 +0000] - 181.130 ms localhost
GET /@fs/C:/Users/USER/Desktop/BroCampTasks/Angular_Project/frontend/.angular/cache/18.2.11/frontend/vite/deps/chunk-PF6LNL77.js.map 304 [07/Jan/2025:17:04:11 +0000] - 261.417 ms localhost
GET /@fs/C:/Users/USER/Desktop/BroCampTasks/Angular_Project/frontend/.angular/cache/18.2.11/frontend/vite/deps/@angular_core.js.map 304 [07/Jan/2025:17:04:11 +0000] - 115.269 ms localhost
GET /services/login.component.css.map 404 [07/Jan/2025:17:04:11 +0000] - 16.846 ms localhost
GET /@fs/C:/Users/USER/Desktop/BroCampTasks/Angular_Project/frontend/.angular/cache/18.2.11/frontend/vite/deps/@angular_common_http.js.map 304 [07/Jan/2025:17:04:11 +0000] - 43.633 ms localhost
GET /@fs/C:/Users/USER/Desktop/BroCampTasks/Angular_Project/frontend/.angular/cache/18.2.11/frontend/vite/deps/rxjs.js.map 304 [07/Jan/2025:17:04:11 +0000] - 44.661 ms localhost
GET /@fs/C:/Users/USER/Desktop/BroCampTasks/Angular_Project/frontend/.angular/cache/18.2.11/frontend/vite/deps/@angular_router.js.map 304 [07/Jan/2025:17:04:11 +0000] - 54.285 ms localhost
GET /@fs/C:/Users/USER/Desktop/BroCampTasks/Angular_Project/frontend/.angular/cache/18.2.11/frontend/vite/deps/@angular_common.js.map 304 [07/Jan/2025:17:04:11 +0000] - 41.587 ms localhost
GET /@fs/C:/Users/USER/Desktop/BroCampTasks/Angular_Project/frontend/.angular/cache/18.2.11/frontend/vite/deps/@angular_forms.js.map 304 [07/Jan/2025:17:04:11 +0000] - 64.666 ms localhost
GET /favicon.ico 304 [07/Jan/2025:17:04:11 +0000] - 3.642 ms localhost
POST /user/login 200 [07/Jan/2025:17:04:19 +0000] - 791.652 ms localhost
GET /services/dashboard.component.css.map 404 [07/Jan/2025:17:04:19 +0000] - 6.201 ms localhost
GET /services/layout.component.css.map 404 [07/Jan/2025:17:04:19 +0000] - 11.397 ms localhost
GET /services/user-services.component.css.map 404 [07/Jan/2025:17:04:24 +0000] - 23.114 ms localhost
GET /service/uploads/ 400 [07/Jan/2025:17:04:24 +0000] - 270.024 ms localhost
GET /service/services?isApproved=true 304 [07/Jan/2025:17:04:24 +0000] - 401.250 ms localhost
GET /service/name/Decor 200 [07/Jan/2025:17:04:26 +0000] - 115.045 ms localhost
GET /services/user-service-details.component.css.map 404 [07/Jan/2025:17:04:27 +0000] - 34.182 ms localhost
GET /service/uploads/1735018966975_artifitial%20decor.webp 304 [07/Jan/2025:17:04:27 +0000] - 139.461 ms localhost
GET /service/uploads/1736073037702_artifitial%20decor3.jpg 304 [07/Jan/2025:17:04:27 +0000] - 102.570 ms localhost
GET /service/uploads/1736073037708_natural%20decor1.jpg 304 [07/Jan/2025:17:04:27 +0000] - 70.630 ms localhost
GET / - [07/Jan/2025:17:08:10 +0000] - - ms localhost
GET /services/details?data=%5B%7B%22_id%22:%22676a49d65f3e79805ff156c1%22,%22name%22:%22Decor%22,%22img%22:%221736073037702_artifitial%20decor3.jpg%22,%22events%22:%5B%22Marriage%22,%22Engagement%22,%22Birthday%22%5D,%22provider%22:%22673ac7d8306657184e800578%22,%22choices%22:%5B%7B%22choiceName%22:%22Natural%20Materials%22,%22choiceType%22:%22%22,%22choicePrice%22:10000,%22choiceImg%22:%221736073037708_natural%20decor1.jpg%22,%22_id%22:%22676a49d65f3e79805ff156c2%22%7D,%7B%22choiceName%22:%22Artificial%20Materials%22,%22choiceType%22:%22%22,%22choicePrice%22:10000,%22choiceImg%22:%221735018966975_artifitial%20decor.webp%22,%22_id%22:%22676a49d65f3e79805ff156c3%22%7D%5D,%22isApproved%22:true,%22isActive%22:true,%22createdAt%22:%222024-12-24T05:42:47.009Z%22,%22updatedAt%22:%222025-01-05T10:30:37.854Z%22,%22__v%22:0%7D%5D&service=Decor 200 [07/Jan/2025:17:14:16 +0000] - 71.836 ms localhost
GET /styles.css 200 [07/Jan/2025:17:14:16 +0000] - 6.724 ms localhost
GET /@vite/client 304 [07/Jan/2025:17:14:16 +0000] - 12.072 ms localhost
GET /polyfills.js 304 [07/Jan/2025:17:14:17 +0000] - 3.991 ms localhost
GET /main.js 200 [07/Jan/2025:17:14:17 +0000] - 22.829 ms localhost
GET /styles.css.map 200 [07/Jan/2025:17:14:18 +0000] - 9.373 ms localhost
GET /@fs/C:/Users/USER/Desktop/BroCampTasks/Angular_Project/frontend/node_modules/vite/dist/client/env.mjs 304 [07/Jan/2025:17:14:18 +0000] - 3.023 ms localhost
GET /@fs/C:/Users/USER/Desktop/BroCampTasks/Angular_Project/frontend/.angular/cache/18.2.11/frontend/vite/deps/@angular_platform-browser.js.map 304 [07/Jan/2025:17:14:19 +0000] - 11.852 ms localhost
GET /@fs/C:/Users/USER/Desktop/BroCampTasks/Angular_Project/frontend/.angular/cache/18.2.11/frontend/vite/deps/chunk-SD63G7YN.js.map 304 [07/Jan/2025:17:14:19 +0000] - 13.512 ms localhost
GET /@fs/C:/Users/USER/Desktop/BroCampTasks/Angular_Project/frontend/.angular/cache/18.2.11/frontend/vite/deps/chunk-J2M542RS.js.map 304 [07/Jan/2025:17:14:19 +0000] - 17.817 ms localhost
GET /@fs/C:/Users/USER/Desktop/BroCampTasks/Angular_Project/frontend/.angular/cache/18.2.11/frontend/vite/deps/chunk-PLMZ7O3F.js.map 304 [07/Jan/2025:17:14:19 +0000] - 34.121 ms localhost
GET /@fs/C:/Users/USER/Desktop/BroCampTasks/Angular_Project/frontend/.angular/cache/18.2.11/frontend/vite/deps/chunk-PF6LNL77.js.map 304 [07/Jan/2025:17:14:19 +0000] - 61.733 ms localhost
GET /@fs/C:/Users/USER/Desktop/BroCampTasks/Angular_Project/frontend/.angular/cache/18.2.11/frontend/vite/deps/chunk-FDUYSLZ7.js.map 304 [07/Jan/2025:17:14:19 +0000] - 150.968 ms localhost
GET /@fs/C:/Users/USER/Desktop/BroCampTasks/Angular_Project/frontend/.angular/cache/18.2.11/frontend/vite/deps/@angular_core.js.map 304 [07/Jan/2025:17:14:19 +0000] - 122.811 ms localhost
GET /@fs/C:/Users/USER/Desktop/BroCampTasks/Angular_Project/frontend/.angular/cache/18.2.11/frontend/vite/deps/@angular_router.js.map 304 [07/Jan/2025:17:14:19 +0000] - 142.828 ms localhost
GET /@fs/C:/Users/USER/Desktop/BroCampTasks/Angular_Project/frontend/.angular/cache/18.2.11/frontend/vite/deps/@angular_common_http.js.map 304 [07/Jan/2025:17:14:19 +0000] - 126.999 ms localhost
GET /@fs/C:/Users/USER/Desktop/BroCampTasks/Angular_Project/frontend/.angular/cache/18.2.11/frontend/vite/deps/rxjs.js.map 304 [07/Jan/2025:17:14:19 +0000] - 87.603 ms localhost
GET /@fs/C:/Users/USER/Desktop/BroCampTasks/Angular_Project/frontend/.angular/cache/18.2.11/frontend/vite/deps/@angular_forms.js.map 304 [07/Jan/2025:17:14:19 +0000] - 82.769 ms localhost
GET /@fs/C:/Users/USER/Desktop/BroCampTasks/Angular_Project/frontend/.angular/cache/18.2.11/frontend/vite/deps/@angular_common.js.map 304 [07/Jan/2025:17:14:19 +0000] - 42.843 ms localhost
GET /services/login.component.css.map 404 [07/Jan/2025:17:14:20 +0000] - 5.436 ms localhost
GET /favicon.ico 304 [07/Jan/2025:17:14:21 +0000] - 6.501 ms localhost
GET /login 200 [07/Jan/2025:17:15:58 +0000] - 14.009 ms localhost
GET / - [07/Jan/2025:17:15:58 +0000] - - ms localhost
GET /main.js 200 [07/Jan/2025:17:15:58 +0000] - 30.682 ms localhost
GET /styles.css 200 [07/Jan/2025:17:15:58 +0000] - 35.178 ms localhost
GET /@vite/client 304 [07/Jan/2025:17:15:58 +0000] - 41.489 ms localhost
GET /polyfills.js 304 [07/Jan/2025:17:15:58 +0000] - 32.470 ms localhost
GET /styles.css.map 200 [07/Jan/2025:17:15:58 +0000] - 5.428 ms localhost
GET /@fs/C:/Users/USER/Desktop/BroCampTasks/Angular_Project/frontend/node_modules/vite/dist/client/env.mjs 304 [07/Jan/2025:17:15:58 +0000] - 2.807 ms localhost
GET /@fs/C:/Users/USER/Desktop/BroCampTasks/Angular_Project/frontend/.angular/cache/18.2.11/frontend/vite/deps/@angular_platform-browser.js.map 304 [07/Jan/2025:17:15:59 +0000] - 20.078 ms localhost
GET /@fs/C:/Users/USER/Desktop/BroCampTasks/Angular_Project/frontend/.angular/cache/18.2.11/frontend/vite/deps/chunk-SD63G7YN.js.map 304 [07/Jan/2025:17:15:59 +0000] - 38.977 ms localhost
GET /@fs/C:/Users/USER/Desktop/BroCampTasks/Angular_Project/frontend/.angular/cache/18.2.11/frontend/vite/deps/chunk-PLMZ7O3F.js.map 304 [07/Jan/2025:17:15:59 +0000] - 66.755 ms localhost
GET /@fs/C:/Users/USER/Desktop/BroCampTasks/Angular_Project/frontend/.angular/cache/18.2.11/frontend/vite/deps/chunk-J2M542RS.js.map 304 [07/Jan/2025:17:15:59 +0000] - 71.628 ms localhost
GET /@fs/C:/Users/USER/Desktop/BroCampTasks/Angular_Project/frontend/.angular/cache/18.2.11/frontend/vite/deps/@angular_core.js.map 304 [07/Jan/2025:17:15:59 +0000] - 59.704 ms localhost
GET /@fs/C:/Users/USER/Desktop/BroCampTasks/Angular_Project/frontend/.angular/cache/18.2.11/frontend/vite/deps/chunk-PF6LNL77.js.map 304 [07/Jan/2025:17:15:59 +0000] - 82.631 ms localhost
GET /@fs/C:/Users/USER/Desktop/BroCampTasks/Angular_Project/frontend/.angular/cache/18.2.11/frontend/vite/deps/chunk-FDUYSLZ7.js.map 304 [07/Jan/2025:17:15:59 +0000] - 151.197 ms localhost
GET /login.component.css.map 200 [07/Jan/2025:17:15:59 +0000] - 171.116 ms localhost
GET /@fs/C:/Users/USER/Desktop/BroCampTasks/Angular_Project/frontend/.angular/cache/18.2.11/frontend/vite/deps/@angular_common_http.js.map 304 [07/Jan/2025:17:15:59 +0000] - 334.505 ms localhost
GET /@fs/C:/Users/USER/Desktop/BroCampTasks/Angular_Project/frontend/.angular/cache/18.2.11/frontend/vite/deps/@angular_common.js.map 304 [07/Jan/2025:17:15:59 +0000] - 305.094 ms localhost
GET /@fs/C:/Users/USER/Desktop/BroCampTasks/Angular_Project/frontend/.angular/cache/18.2.11/frontend/vite/deps/rxjs.js.map 304 [07/Jan/2025:17:15:59 +0000] - 306.885 ms localhost
GET /@fs/C:/Users/USER/Desktop/BroCampTasks/Angular_Project/frontend/.angular/cache/18.2.11/frontend/vite/deps/@angular_router.js.map 304 [07/Jan/2025:17:15:59 +0000] - 366.961 ms localhost
GET /@fs/C:/Users/USER/Desktop/BroCampTasks/Angular_Project/frontend/.angular/cache/18.2.11/frontend/vite/deps/@angular_forms.js.map 304 [07/Jan/2025:17:15:59 +0000] - 417.189 ms localhost
GET /favicon.ico 304 [07/Jan/2025:17:15:59 +0000] - 16.664 ms localhost
GET / - [07/Jan/2025:17:19:59 +0000] - - ms localhost
GET /login 200 [07/Jan/2025:17:42:11 +0000] - 134.382 ms localhost
GET /@vite/client 304 [07/Jan/2025:17:42:11 +0000] - 20.690 ms localhost
GET /styles.css 200 [07/Jan/2025:17:42:12 +0000] - 25.138 ms localhost
GET /polyfills.js 304 [07/Jan/2025:17:42:13 +0000] - 3.159 ms localhost
GET /main.js 304 [07/Jan/2025:17:42:14 +0000] - 2.922 ms localhost
GET /@fs/C:/Users/USER/Desktop/BroCampTasks/Angular_Project/frontend/node_modules/vite/dist/client/env.mjs 304 [07/Jan/2025:17:42:14 +0000] - 41.157 ms localhost
GET /styles.css.map 200 [07/Jan/2025:17:42:15 +0000] - 11.778 ms localhost
GET /@fs/C:/Users/USER/Desktop/BroCampTasks/Angular_Project/frontend/.angular/cache/18.2.11/frontend/vite/deps/chunk-SD63G7YN.js.map 304 [07/Jan/2025:17:42:16 +0000] - 26.689 ms localhost
GET /@fs/C:/Users/USER/Desktop/BroCampTasks/Angular_Project/frontend/.angular/cache/18.2.11/frontend/vite/deps/chunk-J2M542RS.js.map 304 [07/Jan/2025:17:42:16 +0000] - 30.923 ms localhost
GET /@fs/C:/Users/USER/Desktop/BroCampTasks/Angular_Project/frontend/.angular/cache/18.2.11/frontend/vite/deps/chunk-PLMZ7O3F.js.map 304 [07/Jan/2025:17:42:16 +0000] - 40.100 ms localhost
GET /@fs/C:/Users/USER/Desktop/BroCampTasks/Angular_Project/frontend/.angular/cache/18.2.11/frontend/vite/deps/@angular_platform-browser.js.map 304 [07/Jan/2025:17:42:16 +0000] - 45.316 ms localhost
GET /@fs/C:/Users/USER/Desktop/BroCampTasks/Angular_Project/frontend/.angular/cache/18.2.11/frontend/vite/deps/chunk-PF6LNL77.js.map 304 [07/Jan/2025:17:42:16 +0000] - 45.643 ms localhost
GET /@fs/C:/Users/USER/Desktop/BroCampTasks/Angular_Project/frontend/.angular/cache/18.2.11/frontend/vite/deps/chunk-FDUYSLZ7.js.map 304 [07/Jan/2025:17:42:17 +0000] - 201.307 ms localhost
GET /@fs/C:/Users/USER/Desktop/BroCampTasks/Angular_Project/frontend/.angular/cache/18.2.11/frontend/vite/deps/@angular_core.js.map 304 [07/Jan/2025:17:42:17 +0000] - 182.243 ms localhost
GET /@fs/C:/Users/USER/Desktop/BroCampTasks/Angular_Project/frontend/.angular/cache/18.2.11/frontend/vite/deps/@angular_router.js.map 304 [07/Jan/2025:17:42:17 +0000] - 181.850 ms localhost
GET /@fs/C:/Users/USER/Desktop/BroCampTasks/Angular_Project/frontend/.angular/cache/18.2.11/frontend/vite/deps/@angular_common_http.js.map 304 [07/Jan/2025:17:42:17 +0000] - 171.155 ms localhost
GET /@fs/C:/Users/USER/Desktop/BroCampTasks/Angular_Project/frontend/.angular/cache/18.2.11/frontend/vite/deps/rxjs.js.map 304 [07/Jan/2025:17:42:17 +0000] - 167.024 ms localhost
GET /@fs/C:/Users/USER/Desktop/BroCampTasks/Angular_Project/frontend/.angular/cache/18.2.11/frontend/vite/deps/@angular_forms.js.map 304 [07/Jan/2025:17:42:17 +0000] - 170.755 ms localhost
GET /login.component.css.map 200 [07/Jan/2025:17:42:17 +0000] - 10.436 ms localhost
GET /@fs/C:/Users/USER/Desktop/BroCampTasks/Angular_Project/frontend/.angular/cache/18.2.11/frontend/vite/deps/@angular_common.js.map 304 [07/Jan/2025:17:42:17 +0000] - 14.526 ms localhost
GET /favicon.ico 304 [07/Jan/2025:17:42:17 +0000] - 7.417 ms localhost
GET / - [07/Jan/2025:17:46:14 +0000] - - ms localhost
GET /login 200 [07/Jan/2025:17:48:12 +0000] - 107.927 ms localhost
GET /@vite/client 304 [07/Jan/2025:17:48:14 +0000] - 11.062 ms localhost
GET /styles.css 200 [07/Jan/2025:17:48:14 +0000] - 12.515 ms localhost
GET /polyfills.js 304 [07/Jan/2025:17:48:14 +0000] - 3.969 ms localhost
GET /main.js 200 [07/Jan/2025:17:48:14 +0000] - 10.735 ms localhost
GET /@fs/C:/Users/USER/Desktop/BroCampTasks/Angular_Project/frontend/node_modules/vite/dist/client/env.mjs 304 [07/Jan/2025:17:48:14 +0000] - 2.744 ms localhost
GET /styles.css.map 200 [07/Jan/2025:17:48:15 +0000] - 10.288 ms localhost
GET /@fs/C:/Users/USER/Desktop/BroCampTasks/Angular_Project/frontend/.angular/cache/18.2.11/frontend/vite/deps/@angular_platform-browser.js.map 304 [07/Jan/2025:17:48:16 +0000] - 7.954 ms localhost
GET /@fs/C:/Users/USER/Desktop/BroCampTasks/Angular_Project/frontend/.angular/cache/18.2.11/frontend/vite/deps/chunk-SD63G7YN.js.map 304 [07/Jan/2025:17:48:16 +0000] - 19.471 ms localhost
GET /@fs/C:/Users/USER/Desktop/BroCampTasks/Angular_Project/frontend/.angular/cache/18.2.11/frontend/vite/deps/chunk-J2M542RS.js.map 304 [07/Jan/2025:17:48:16 +0000] - 22.815 ms localhost
GET /@fs/C:/Users/USER/Desktop/BroCampTasks/Angular_Project/frontend/.angular/cache/18.2.11/frontend/vite/deps/chunk-PF6LNL77.js.map 304 [07/Jan/2025:17:48:16 +0000] - 22.422 ms localhost
GET /@fs/C:/Users/USER/Desktop/BroCampTasks/Angular_Project/frontend/.angular/cache/18.2.11/frontend/vite/deps/chunk-PLMZ7O3F.js.map 304 [07/Jan/2025:17:48:16 +0000] - 41.447 ms localhost
GET /@fs/C:/Users/USER/Desktop/BroCampTasks/Angular_Project/frontend/.angular/cache/18.2.11/frontend/vite/deps/chunk-FDUYSLZ7.js.map 304 [07/Jan/2025:17:48:16 +0000] - 132.982 ms localhost
GET /@fs/C:/Users/USER/Desktop/BroCampTasks/Angular_Project/frontend/.angular/cache/18.2.11/frontend/vite/deps/@angular_core.js.map 304 [07/Jan/2025:17:48:16 +0000] - 124.609 ms localhost
GET /@fs/C:/Users/USER/Desktop/BroCampTasks/Angular_Project/frontend/.angular/cache/18.2.11/frontend/vite/deps/@angular_router.js.map 304 [07/Jan/2025:17:48:16 +0000] - 15.609 ms localhost
GET /@fs/C:/Users/USER/Desktop/BroCampTasks/Angular_Project/frontend/.angular/cache/18.2.11/frontend/vite/deps/@angular_common_http.js.map 304 [07/Jan/2025:17:48:16 +0000] - 4.412 ms localhost
GET /@fs/C:/Users/USER/Desktop/BroCampTasks/Angular_Project/frontend/.angular/cache/18.2.11/frontend/vite/deps/rxjs.js.map 304 [07/Jan/2025:17:48:16 +0000] - 3.887 ms localhost
GET /@fs/C:/Users/USER/Desktop/BroCampTasks/Angular_Project/frontend/.angular/cache/18.2.11/frontend/vite/deps/@angular_forms.js.map 304 [07/Jan/2025:17:48:16 +0000] - 12.888 ms localhost
GET /@fs/C:/Users/USER/Desktop/BroCampTasks/Angular_Project/frontend/.angular/cache/18.2.11/frontend/vite/deps/@angular_common.js.map 304 [07/Jan/2025:17:48:16 +0000] - 6.730 ms localhost
GET /login.component.css.map 200 [07/Jan/2025:17:48:17 +0000] - 2.571 ms localhost
GET /favicon.ico 304 [07/Jan/2025:17:48:17 +0000] - 11.141 ms localhost
GET / - [07/Jan/2025:17:52:15 +0000] - - ms localhost
GET /login 200 [07/Jan/2025:17:52:26 +0000] - 14.656 ms localhost
GET /@vite/client 304 [07/Jan/2025:17:52:26 +0000] - 11.183 ms localhost
GET /styles.css 200 [07/Jan/2025:17:52:26 +0000] - 10.613 ms localhost
GET /polyfills.js 304 [07/Jan/2025:17:52:26 +0000] - 12.659 ms localhost
GET /main.js 200 [07/Jan/2025:17:52:26 +0000] - 10.781 ms localhost
GET /@fs/C:/Users/USER/Desktop/BroCampTasks/Angular_Project/frontend/node_modules/vite/dist/client/env.mjs 304 [07/Jan/2025:17:52:27 +0000] - 3.637 ms localhost
GET /styles.css.map 200 [07/Jan/2025:17:52:27 +0000] - 9.415 ms localhost
GET /@fs/C:/Users/USER/Desktop/BroCampTasks/Angular_Project/frontend/.angular/cache/18.2.11/frontend/vite/deps/@angular_platform-browser.js.map 304 [07/Jan/2025:17:52:28 +0000] - 7.312 ms localhost
GET /@fs/C:/Users/USER/Desktop/BroCampTasks/Angular_Project/frontend/.angular/cache/18.2.11/frontend/vite/deps/chunk-SD63G7YN.js.map 304 [07/Jan/2025:17:52:28 +0000] - 15.945 ms localhost
GET /@fs/C:/Users/USER/Desktop/BroCampTasks/Angular_Project/frontend/.angular/cache/18.2.11/frontend/vite/deps/chunk-J2M542RS.js.map 304 [07/Jan/2025:17:52:28 +0000] - 17.566 ms localhost
GET /@fs/C:/Users/USER/Desktop/BroCampTasks/Angular_Project/frontend/.angular/cache/18.2.11/frontend/vite/deps/chunk-PLMZ7O3F.js.map 304 [07/Jan/2025:17:52:28 +0000] - 21.125 ms localhost
GET /@fs/C:/Users/USER/Desktop/BroCampTasks/Angular_Project/frontend/.angular/cache/18.2.11/frontend/vite/deps/chunk-PF6LNL77.js.map 304 [07/Jan/2025:17:52:28 +0000] - 23.196 ms localhost
GET /@fs/C:/Users/USER/Desktop/BroCampTasks/Angular_Project/frontend/.angular/cache/18.2.11/frontend/vite/deps/chunk-FDUYSLZ7.js.map 304 [07/Jan/2025:17:52:28 +0000] - 75.581 ms localhost
GET /@fs/C:/Users/USER/Desktop/BroCampTasks/Angular_Project/frontend/.angular/cache/18.2.11/frontend/vite/deps/@angular_router.js.map 304 [07/Jan/2025:17:52:28 +0000] - 104.104 ms localhost
GET /@fs/C:/Users/USER/Desktop/BroCampTasks/Angular_Project/frontend/.angular/cache/18.2.11/frontend/vite/deps/@angular_core.js.map 304 [07/Jan/2025:17:52:28 +0000] - 118.449 ms localhost
GET /@fs/C:/Users/USER/Desktop/BroCampTasks/Angular_Project/frontend/.angular/cache/18.2.11/frontend/vite/deps/@angular_common_http.js.map 304 [07/Jan/2025:17:52:28 +0000] - 83.260 ms localhost
GET /@fs/C:/Users/USER/Desktop/BroCampTasks/Angular_Project/frontend/.angular/cache/18.2.11/frontend/vite/deps/rxjs.js.map 304 [07/Jan/2025:17:52:28 +0000] - 6.289 ms localhost
GET /@fs/C:/Users/USER/Desktop/BroCampTasks/Angular_Project/frontend/.angular/cache/18.2.11/frontend/vite/deps/@angular_common.js.map 304 [07/Jan/2025:17:52:28 +0000] - 9.048 ms localhost
GET /@fs/C:/Users/USER/Desktop/BroCampTasks/Angular_Project/frontend/.angular/cache/18.2.11/frontend/vite/deps/@angular_forms.js.map 304 [07/Jan/2025:17:52:28 +0000] - 17.079 ms localhost
GET /login.component.css.map 200 [07/Jan/2025:17:52:30 +0000] - 3.132 ms localhost
GET /favicon.ico 304 [07/Jan/2025:17:52:30 +0000] - 6.858 ms localhost
GET / - [07/Jan/2025:17:56:28 +0000] - - ms localhost
GET /login 200 [07/Jan/2025:18:19:53 +0000] - 74.190 ms localhost
GET /@vite/client 304 [07/Jan/2025:18:19:56 +0000] - 4.467 ms localhost
GET /styles.css 200 [07/Jan/2025:18:19:56 +0000] - 4.998 ms localhost
GET /polyfills.js 304 [07/Jan/2025:18:19:56 +0000] - 4.274 ms localhost
GET /main.js 200 [07/Jan/2025:18:19:56 +0000] - 33.631 ms localhost
GET /@fs/C:/Users/USER/Desktop/BroCampTasks/Angular_Project/frontend/node_modules/vite/dist/client/env.mjs 304 [07/Jan/2025:18:19:56 +0000] - 20.536 ms localhost
GET /styles.css.map 200 [07/Jan/2025:18:19:58 +0000] - 9.468 ms localhost
GET /@fs/C:/Users/USER/Desktop/BroCampTasks/Angular_Project/frontend/.angular/cache/18.2.11/frontend/vite/deps/chunk-SD63G7YN.js.map 304 [07/Jan/2025:18:19:58 +0000] - 36.965 ms localhost
GET /@fs/C:/Users/USER/Desktop/BroCampTasks/Angular_Project/frontend/.angular/cache/18.2.11/frontend/vite/deps/@angular_platform-browser.js.map 304 [07/Jan/2025:18:19:58 +0000] - 42.435 ms localhost
GET /@fs/C:/Users/USER/Desktop/BroCampTasks/Angular_Project/frontend/.angular/cache/18.2.11/frontend/vite/deps/chunk-PF6LNL77.js.map 304 [07/Jan/2025:18:19:58 +0000] - 157.907 ms localhost
GET /@fs/C:/Users/USER/Desktop/BroCampTasks/Angular_Project/frontend/.angular/cache/18.2.11/frontend/vite/deps/chunk-J2M542RS.js.map 304 [07/Jan/2025:18:19:58 +0000] - 207.838 ms localhost
GET /@fs/C:/Users/USER/Desktop/BroCampTasks/Angular_Project/frontend/.angular/cache/18.2.11/frontend/vite/deps/chunk-PLMZ7O3F.js.map 304 [07/Jan/2025:18:19:58 +0000] - 212.677 ms localhost
GET /@fs/C:/Users/USER/Desktop/BroCampTasks/Angular_Project/frontend/.angular/cache/18.2.11/frontend/vite/deps/chunk-FDUYSLZ7.js.map 304 [07/Jan/2025:18:19:58 +0000] - 247.740 ms localhost
GET /@fs/C:/Users/USER/Desktop/BroCampTasks/Angular_Project/frontend/.angular/cache/18.2.11/frontend/vite/deps/@angular_core.js.map 304 [07/Jan/2025:18:19:59 +0000] - 313.150 ms localhost
GET /@fs/C:/Users/USER/Desktop/BroCampTasks/Angular_Project/frontend/.angular/cache/18.2.11/frontend/vite/deps/@angular_router.js.map 304 [07/Jan/2025:18:19:59 +0000] - 170.506 ms localhost
GET /@fs/C:/Users/USER/Desktop/BroCampTasks/Angular_Project/frontend/.angular/cache/18.2.11/frontend/vite/deps/rxjs.js.map 304 [07/Jan/2025:18:19:59 +0000] - 101.873 ms localhost
GET /@fs/C:/Users/USER/Desktop/BroCampTasks/Angular_Project/frontend/.angular/cache/18.2.11/frontend/vite/deps/@angular_common.js.map 304 [07/Jan/2025:18:19:59 +0000] - 43.341 ms localhost
GET /@fs/C:/Users/USER/Desktop/BroCampTasks/Angular_Project/frontend/.angular/cache/18.2.11/frontend/vite/deps/@angular_common_http.js.map 304 [07/Jan/2025:18:19:59 +0000] - 152.311 ms localhost
GET /@fs/C:/Users/USER/Desktop/BroCampTasks/Angular_Project/frontend/.angular/cache/18.2.11/frontend/vite/deps/@angular_forms.js.map 304 [07/Jan/2025:18:19:59 +0000] - 110.371 ms localhost
GET /login.component.css.map 200 [07/Jan/2025:18:19:59 +0000] - 31.332 ms localhost
GET /favicon.ico 304 [07/Jan/2025:18:19:59 +0000] - 9.392 ms localhost
GET /login 200 [07/Jan/2025:18:22:02 +0000] - 109.222 ms localhost
GET / - [07/Jan/2025:18:22:02 +0000] - - ms localhost
GET /@vite/client 304 [07/Jan/2025:18:22:02 +0000] - 15.343 ms localhost
GET /polyfills.js 304 [07/Jan/2025:18:22:02 +0000] - 20.315 ms localhost
GET /styles.css 200 [07/Jan/2025:18:22:02 +0000] - 28.394 ms localhost
GET /main.js 200 [07/Jan/2025:18:22:02 +0000] - 51.585 ms localhost
GET /styles.css.map 200 [07/Jan/2025:18:22:02 +0000] - 9.993 ms localhost
GET /@fs/C:/Users/USER/Desktop/BroCampTasks/Angular_Project/frontend/node_modules/vite/dist/client/env.mjs 304 [07/Jan/2025:18:22:03 +0000] - 4.686 ms localhost
GET /@fs/C:/Users/USER/Desktop/BroCampTasks/Angular_Project/frontend/.angular/cache/18.2.11/frontend/vite/deps/@angular_platform-browser.js.map 304 [07/Jan/2025:18:22:03 +0000] - 72.350 ms localhost
GET /@fs/C:/Users/USER/Desktop/BroCampTasks/Angular_Project/frontend/.angular/cache/18.2.11/frontend/vite/deps/chunk-PF6LNL77.js.map 304 [07/Jan/2025:18:22:03 +0000] - 201.197 ms localhost
GET /@fs/C:/Users/USER/Desktop/BroCampTasks/Angular_Project/frontend/.angular/cache/18.2.11/frontend/vite/deps/chunk-PLMZ7O3F.js.map 304 [07/Jan/2025:18:22:04 +0000] - 333.307 ms localhost
GET /@fs/C:/Users/USER/Desktop/BroCampTasks/Angular_Project/frontend/.angular/cache/18.2.11/frontend/vite/deps/chunk-J2M542RS.js.map 304 [07/Jan/2025:18:22:04 +0000] - 382.278 ms localhost
GET /@fs/C:/Users/USER/Desktop/BroCampTasks/Angular_Project/frontend/.angular/cache/18.2.11/frontend/vite/deps/chunk-SD63G7YN.js.map 304 [07/Jan/2025:18:22:04 +0000] - 393.017 ms localhost
GET /favicon.ico 304 [07/Jan/2025:18:22:04 +0000] - 290.912 ms localhost
GET /@fs/C:/Users/USER/Desktop/BroCampTasks/Angular_Project/frontend/.angular/cache/18.2.11/frontend/vite/deps/chunk-FDUYSLZ7.js.map 304 [07/Jan/2025:18:22:04 +0000] - 493.678 ms localhost
GET /@fs/C:/Users/USER/Desktop/BroCampTasks/Angular_Project/frontend/.angular/cache/18.2.11/frontend/vite/deps/@angular_core.js.map 304 [07/Jan/2025:18:22:04 +0000] - 301.042 ms localhost
GET /@fs/C:/Users/USER/Desktop/BroCampTasks/Angular_Project/frontend/.angular/cache/18.2.11/frontend/vite/deps/rxjs.js.map 304 [07/Jan/2025:18:22:04 +0000] - 120.158 ms localhost
GET /@fs/C:/Users/USER/Desktop/BroCampTasks/Angular_Project/frontend/.angular/cache/18.2.11/frontend/vite/deps/@angular_router.js.map 304 [07/Jan/2025:18:22:04 +0000] - 222.438 ms localhost
GET /@fs/C:/Users/USER/Desktop/BroCampTasks/Angular_Project/frontend/.angular/cache/18.2.11/frontend/vite/deps/@angular_common_http.js.map 304 [07/Jan/2025:18:22:04 +0000] - 163.284 ms localhost
GET /login.component.css.map 200 [07/Jan/2025:18:22:04 +0000] - 68.635 ms localhost
GET /@fs/C:/Users/USER/Desktop/BroCampTasks/Angular_Project/frontend/.angular/cache/18.2.11/frontend/vite/deps/@angular_forms.js.map 304 [07/Jan/2025:18:22:04 +0000] - 206.697 ms localhost
GET /@fs/C:/Users/USER/Desktop/BroCampTasks/Angular_Project/frontend/.angular/cache/18.2.11/frontend/vite/deps/@angular_common.js.map 304 [07/Jan/2025:18:22:04 +0000] - 82.826 ms localhost
POST /user/login 200 [07/Jan/2025:18:22:12 +0000] - 832.998 ms localhost
GET /layout.component.css.map 200 [07/Jan/2025:18:22:12 +0000] - 4.763 ms localhost
GET /dashboard.component.css.map 200 [07/Jan/2025:18:22:12 +0000] - 5.777 ms localhost
GET /user-services.component.css.map 200 [07/Jan/2025:18:22:16 +0000] - 263.383 ms localhost
GET /service/services?isApproved=true 304 [07/Jan/2025:18:22:17 +0000] - 681.870 ms localhost
GET /service/uploads/ 400 [07/Jan/2025:18:22:17 +0000] - 516.095 ms localhost
GET /service/name/Catering 200 [07/Jan/2025:18:22:19 +0000] - 103.596 ms localhost
GET /user-service-details.component.css.map 200 [07/Jan/2025:18:22:19 +0000] - 5.113 ms localhost
GET /service/uploads/1735722969363_buffetservice.webp 200 [07/Jan/2025:18:22:20 +0000] - 196.673 ms localhost
GET /service/uploads/1735722969405_chinesecuisine.jpg 200 [07/Jan/2025:18:22:20 +0000] - 151.232 ms localhost
GET / - [07/Jan/2025:18:26:03 +0000] - - ms localhost
GET /services/details?data=%5B%7B%22_id%22:%22677507d9f747f8cdc42b7305%22,%22name%22:%22Catering%22,%22img%22:%221735722969363_buffetservice.webp%22,%22events%22:%5B%22Engagement%22%5D,%22provider%22:%22673ac7d8306657184e800578%22,%22choices%22:%5B%7B%22choiceName%22:%22Menu%22,%22choiceType%22:%22Chinese%22,%22choicePrice%22:6000,%22choiceImg%22:%221735722969405_chinesecuisine.jpg%22,%22_id%22:%22677507d9f747f8cdc42b7306%22%7D%5D,%22isApproved%22:false,%22isActive%22:true,%22createdAt%22:%222025-01-01T09:16:09.705Z%22,%22updatedAt%22:%222025-01-01T09:16:09.705Z%22,%22__v%22:0%7D%5D&service=Catering 200 [07/Jan/2025:18:27:10 +0000] - 261.148 ms localhost
GET /services/details?data=%5B%7B%22_id%22:%22677507d9f747f8cdc42b7305%22,%22name%22:%22Catering%22,%22img%22:%221735722969363_buffetservice.webp%22,%22events%22:%5B%22Engagement%22%5D,%22provider%22:%22673ac7d8306657184e800578%22,%22choices%22:%5B%7B%22choiceName%22:%22Menu%22,%22choiceType%22:%22Chinese%22,%22choicePrice%22:6000,%22choiceImg%22:%221735722969405_chinesecuisine.jpg%22,%22_id%22:%22677507d9f747f8cdc42b7306%22%7D%5D,%22isApproved%22:false,%22isActive%22:true,%22createdAt%22:%222025-01-01T09:16:09.705Z%22,%22updatedAt%22:%222025-01-01T09:16:09.705Z%22,%22__v%22:0%7D%5D&service=Catering 200 [07/Jan/2025:18:27:10 +0000] - 8.694 ms localhost
GET /@vite/client 304 [07/Jan/2025:18:27:10 +0000] - 3.797 ms localhost
GET /styles.css 200 [07/Jan/2025:18:27:10 +0000] - 13.186 ms localhost
GET /polyfills.js 304 [07/Jan/2025:18:27:10 +0000] - 4.243 ms localhost
GET /main.js 200 [07/Jan/2025:18:27:10 +0000] - 15.313 ms localhost
GET /@fs/C:/Users/USER/Desktop/BroCampTasks/Angular_Project/frontend/node_modules/vite/dist/client/env.mjs 304 [07/Jan/2025:18:27:11 +0000] - 7.173 ms localhost
GET /styles.css.map 200 [07/Jan/2025:18:27:11 +0000] - 6.962 ms localhost
GET /@fs/C:/Users/USER/Desktop/BroCampTasks/Angular_Project/frontend/.angular/cache/18.2.11/frontend/vite/deps/@angular_platform-browser.js.map 304 [07/Jan/2025:18:27:12 +0000] - 6.777 ms localhost
GET /@fs/C:/Users/USER/Desktop/BroCampTasks/Angular_Project/frontend/.angular/cache/18.2.11/frontend/vite/deps/chunk-SD63G7YN.js.map 304 [07/Jan/2025:18:27:12 +0000] - 16.795 ms localhost
GET /@fs/C:/Users/USER/Desktop/BroCampTasks/Angular_Project/frontend/.angular/cache/18.2.11/frontend/vite/deps/chunk-PLMZ7O3F.js.map 304 [07/Jan/2025:18:27:12 +0000] - 28.395 ms localhost
GET /@fs/C:/Users/USER/Desktop/BroCampTasks/Angular_Project/frontend/.angular/cache/18.2.11/frontend/vite/deps/chunk-J2M542RS.js.map 304 [07/Jan/2025:18:27:12 +0000] - 42.308 ms localhost
GET /@fs/C:/Users/USER/Desktop/BroCampTasks/Angular_Project/frontend/.angular/cache/18.2.11/frontend/vite/deps/chunk-PF6LNL77.js.map 304 [07/Jan/2025:18:27:12 +0000] - 41.298 ms localhost
GET /@fs/C:/Users/USER/Desktop/BroCampTasks/Angular_Project/frontend/.angular/cache/18.2.11/frontend/vite/deps/chunk-FDUYSLZ7.js.map 304 [07/Jan/2025:18:27:12 +0000] - 91.222 ms localhost
GET /@fs/C:/Users/USER/Desktop/BroCampTasks/Angular_Project/frontend/.angular/cache/18.2.11/frontend/vite/deps/@angular_core.js.map 304 [07/Jan/2025:18:27:12 +0000] - 56.257 ms localhost
GET /@fs/C:/Users/USER/Desktop/BroCampTasks/Angular_Project/frontend/.angular/cache/18.2.11/frontend/vite/deps/@angular_router.js.map 304 [07/Jan/2025:18:27:12 +0000] - 17.970 ms localhost
GET /@fs/C:/Users/USER/Desktop/BroCampTasks/Angular_Project/frontend/.angular/cache/18.2.11/frontend/vite/deps/@angular_common_http.js.map 304 [07/Jan/2025:18:27:12 +0000] - 17.081 ms localhost
GET /@fs/C:/Users/USER/Desktop/BroCampTasks/Angular_Project/frontend/.angular/cache/18.2.11/frontend/vite/deps/rxjs.js.map 304 [07/Jan/2025:18:27:12 +0000] - 19.758 ms localhost
GET /@fs/C:/Users/USER/Desktop/BroCampTasks/Angular_Project/frontend/.angular/cache/18.2.11/frontend/vite/deps/@angular_forms.js.map 304 [07/Jan/2025:18:27:12 +0000] - 18.375 ms localhost
GET /@fs/C:/Users/USER/Desktop/BroCampTasks/Angular_Project/frontend/.angular/cache/18.2.11/frontend/vite/deps/@angular_common.js.map 304 [07/Jan/2025:18:27:12 +0000] - 7.689 ms localhost
GET /services/login.component.css.map 404 [07/Jan/2025:18:27:12 +0000] - 9.170 ms localhost
GET /favicon.ico 304 [07/Jan/2025:18:27:13 +0000] - 8.849 ms localhost
POST /user/login 200 [07/Jan/2025:18:27:33 +0000] - 606.761 ms localhost
GET /services/dashboard.component.css.map 404 [07/Jan/2025:18:27:33 +0000] - 10.868 ms localhost
GET /services/layout.component.css.map 404 [07/Jan/2025:18:27:33 +0000] - 14.529 ms localhost
GET /services/user-services.component.css.map 404 [07/Jan/2025:18:27:37 +0000] - 13.576 ms localhost
GET /service/services?isApproved=true 304 [07/Jan/2025:18:27:37 +0000] - 164.102 ms localhost
GET /service/uploads/ 400 [07/Jan/2025:18:27:37 +0000] - 139.246 ms localhost
GET /service/name/Decor 304 [07/Jan/2025:18:27:39 +0000] - 100.547 ms localhost
GET /services/user-service-details.component.css.map 404 [07/Jan/2025:18:27:39 +0000] - 5.829 ms localhost
GET /service/uploads/1736073037702_artifitial%20decor3.jpg 304 [07/Jan/2025:18:27:39 +0000] - 209.052 ms localhost
GET /service/uploads/1736073037708_natural%20decor1.jpg 304 [07/Jan/2025:18:27:39 +0000] - 186.094 ms localhost
GET /service/uploads/1735018966975_artifitial%20decor.webp 304 [07/Jan/2025:18:27:39 +0000] - 114.065 ms localhost
GET /services/details?data=%5B%7B%22_id%22:%22676a49d65f3e79805ff156c1%22,%22name%22:%22Decor%22,%22img%22:%221736073037702_artifitial%20decor3.jpg%22,%22events%22:%5B%22Marriage%22,%22Engagement%22,%22Birthday%22%5D,%22provider%22:%22673ac7d8306657184e800578%22,%22choices%22:%5B%7B%22choiceName%22:%22Natural%20Materials%22,%22choiceType%22:%22%22,%22choicePrice%22:10000,%22choiceImg%22:%221736073037708_natural%20decor1.jpg%22,%22_id%22:%22676a49d65f3e79805ff156c2%22%7D,%7B%22choiceName%22:%22Artificial%20Materials%22,%22choiceType%22:%22%22,%22choicePrice%22:10000,%22choiceImg%22:%221735018966975_artifitial%20decor.webp%22,%22_id%22:%22676a49d65f3e79805ff156c3%22%7D%5D,%22isApproved%22:true,%22isActive%22:true,%22createdAt%22:%222024-12-24T05:42:47.009Z%22,%22updatedAt%22:%222025-01-05T10:30:37.854Z%22,%22__v%22:0%7D%5D&service=Decor 200 [07/Jan/2025:18:28:19 +0000] - 67.665 ms localhost
GET / - [07/Jan/2025:18:28:19 +0000] - - ms localhost
GET /@vite/client 304 [07/Jan/2025:18:28:19 +0000] - 17.072 ms localhost
GET /styles.css 200 [07/Jan/2025:18:28:19 +0000] - 22.107 ms localhost
GET /main.js 200 [07/Jan/2025:18:28:19 +0000] - 50.469 ms localhost
GET /polyfills.js 304 [07/Jan/2025:18:28:19 +0000] - 59.420 ms localhost
GET /styles.css.map 200 [07/Jan/2025:18:28:19 +0000] - 9.743 ms localhost
GET /@fs/C:/Users/USER/Desktop/BroCampTasks/Angular_Project/frontend/node_modules/vite/dist/client/env.mjs 304 [07/Jan/2025:18:28:19 +0000] - 6.024 ms localhost
GET /@fs/C:/Users/USER/Desktop/BroCampTasks/Angular_Project/frontend/.angular/cache/18.2.11/frontend/vite/deps/@angular_platform-browser.js.map 304 [07/Jan/2025:18:28:19 +0000] - 15.569 ms localhost
GET /@fs/C:/Users/USER/Desktop/BroCampTasks/Angular_Project/frontend/.angular/cache/18.2.11/frontend/vite/deps/chunk-J2M542RS.js.map 304 [07/Jan/2025:18:28:19 +0000] - 29.044 ms localhost
GET /@fs/C:/Users/USER/Desktop/BroCampTasks/Angular_Project/frontend/.angular/cache/18.2.11/frontend/vite/deps/chunk-PF6LNL77.js.map 304 [07/Jan/2025:18:28:20 +0000] - 193.533 ms localhost
GET /@fs/C:/Users/USER/Desktop/BroCampTasks/Angular_Project/frontend/.angular/cache/18.2.11/frontend/vite/deps/chunk-SD63G7YN.js.map 304 [07/Jan/2025:18:28:20 +0000] - 245.438 ms localhost
GET /@fs/C:/Users/USER/Desktop/BroCampTasks/Angular_Project/frontend/.angular/cache/18.2.11/frontend/vite/deps/chunk-PLMZ7O3F.js.map 304 [07/Jan/2025:18:28:20 +0000] - 260.124 ms localhost
GET /@fs/C:/Users/USER/Desktop/BroCampTasks/Angular_Project/frontend/.angular/cache/18.2.11/frontend/vite/deps/@angular_core.js.map 304 [07/Jan/2025:18:28:20 +0000] - 254.770 ms localhost
GET /@fs/C:/Users/USER/Desktop/BroCampTasks/Angular_Project/frontend/.angular/cache/18.2.11/frontend/vite/deps/chunk-FDUYSLZ7.js.map 304 [07/Jan/2025:18:28:20 +0000] - 443.814 ms localhost
GET /@fs/C:/Users/USER/Desktop/BroCampTasks/Angular_Project/frontend/.angular/cache/18.2.11/frontend/vite/deps/@angular_router.js.map 304 [07/Jan/2025:18:28:20 +0000] - 424.695 ms localhost
GET /@fs/C:/Users/USER/Desktop/BroCampTasks/Angular_Project/frontend/.angular/cache/18.2.11/frontend/vite/deps/@angular_common_http.js.map 304 [07/Jan/2025:18:28:20 +0000] - 260.316 ms localhost
GET /@fs/C:/Users/USER/Desktop/BroCampTasks/Angular_Project/frontend/.angular/cache/18.2.11/frontend/vite/deps/@angular_common.js.map 304 [07/Jan/2025:18:28:20 +0000] - 185.077 ms localhost
GET /@fs/C:/Users/USER/Desktop/BroCampTasks/Angular_Project/frontend/.angular/cache/18.2.11/frontend/vite/deps/rxjs.js.map 304 [07/Jan/2025:18:28:20 +0000] - 222.571 ms localhost
GET /@fs/C:/Users/USER/Desktop/BroCampTasks/Angular_Project/frontend/.angular/cache/18.2.11/frontend/vite/deps/@angular_forms.js.map 304 [07/Jan/2025:18:28:20 +0000] - 258.791 ms localhost
GET /favicon.ico 304 [07/Jan/2025:18:28:20 +0000] - 57.547 ms localhost
GET /services/login.component.css.map 404 [07/Jan/2025:18:28:20 +0000] - 57.135 ms localhost
POST /user/login 200 [07/Jan/2025:18:28:40 +0000] - 389.021 ms localhost
GET /services/layout.component.css.map 404 [07/Jan/2025:18:28:40 +0000] - 7.855 ms localhost
GET /services/dashboard.component.css.map 404 [07/Jan/2025:18:28:40 +0000] - 12.284 ms localhost
GET /services/user-services.component.css.map 404 [07/Jan/2025:18:28:43 +0000] - 6.121 ms localhost
GET /service/uploads/ 400 [07/Jan/2025:18:28:43 +0000] - 137.406 ms localhost
GET /service/services?isApproved=true 304 [07/Jan/2025:18:28:43 +0000] - 118.619 ms localhost
GET /service/name/Decor 304 [07/Jan/2025:18:28:45 +0000] - 104.133 ms localhost
GET /services/user-service-details.component.css.map 404 [07/Jan/2025:18:28:45 +0000] - 5.014 ms localhost
GET /service/uploads/1735018966975_artifitial%20decor.webp 304 [07/Jan/2025:18:28:45 +0000] - 135.168 ms localhost
GET /service/uploads/1736073037702_artifitial%20decor3.jpg 304 [07/Jan/2025:18:28:45 +0000] - 208.498 ms localhost
GET /service/uploads/1736073037708_natural%20decor1.jpg 304 [07/Jan/2025:18:28:45 +0000] - 174.739 ms localhost
