GET /login 200 [13/Feb/2025:10:53:02 +0000] - 150.788 ms localhost
GET /@vite/client 304 [13/Feb/2025:10:53:02 +0000] - 10.912 ms localhost
GET /styles.css 200 [13/Feb/2025:10:53:02 +0000] - 24.356 ms localhost
GET /polyfills.js 304 [13/Feb/2025:10:53:02 +0000] - 34.797 ms localhost
GET /main.js 304 [13/Feb/2025:10:53:02 +0000] - 22.321 ms localhost
GET /@fs/C:/Users/USER/Desktop/BroCampTasks/Angular_Project/frontend/node_modules/vite/dist/client/env.mjs 304 [13/Feb/2025:10:53:02 +0000] - 5.778 ms localhost
GET /styles.css.map 200 [13/Feb/2025:10:53:03 +0000] - 24.914 ms localhost
GET /@fs/C:/Users/USER/Desktop/BroCampTasks/Angular_Project/frontend/.angular/cache/18.2.11/frontend/vite/deps/@angular_common_http.js.map 304 [13/Feb/2025:10:53:03 +0000] - 54.489 ms localhost
GET /@fs/C:/Users/USER/Desktop/BroCampTasks/Angular_Project/frontend/.angular/cache/18.2.11/frontend/vite/deps/chunk-66JPAEYR.js.map 304 [13/Feb/2025:10:53:04 +0000] - 203.532 ms localhost
GET /@fs/C:/Users/USER/Desktop/BroCampTasks/Angular_Project/frontend/.angular/cache/18.2.11/frontend/vite/deps/chunk-XWLXMCJQ.js.map 304 [13/Feb/2025:10:53:04 +0000] - 138.710 ms localhost
GET /@fs/C:/Users/USER/Desktop/BroCampTasks/Angular_Project/frontend/.angular/cache/18.2.11/frontend/vite/deps/@angular_platform-browser.js.map 304 [13/Feb/2025:10:53:04 +0000] - 148.220 ms localhost
GET /@fs/C:/Users/USER/Desktop/BroCampTasks/Angular_Project/frontend/.angular/cache/18.2.11/frontend/vite/deps/chunk-ZKQIAUIS.js.map 304 [13/Feb/2025:10:53:04 +0000] - 162.148 ms localhost
GET /@fs/C:/Users/USER/Desktop/BroCampTasks/Angular_Project/frontend/.angular/cache/18.2.11/frontend/vite/deps/chunk-BKIWMXDL.js.map 304 [13/Feb/2025:10:53:04 +0000] - 824.752 ms localhost
GET /favicon.ico 304 [13/Feb/2025:10:53:04 +0000] - 444.942 ms localhost
GET /@fs/C:/Users/USER/Desktop/BroCampTasks/Angular_Project/frontend/.angular/cache/18.2.11/frontend/vite/deps/chunk-2ZWNOPXZ.js.map 304 [13/Feb/2025:10:53:04 +0000] - 872.528 ms localhost
GET /@fs/C:/Users/USER/Desktop/BroCampTasks/Angular_Project/frontend/.angular/cache/18.2.11/frontend/vite/deps/@angular_core.js.map 304 [13/Feb/2025:10:53:04 +0000] - 468.533 ms localhost
GET /@fs/C:/Users/USER/Desktop/BroCampTasks/Angular_Project/frontend/.angular/cache/18.2.11/frontend/vite/deps/@angular_common.js.map 304 [13/Feb/2025:10:53:04 +0000] - 51.728 ms localhost
GET /@fs/C:/Users/USER/Desktop/BroCampTasks/Angular_Project/frontend/.angular/cache/18.2.11/frontend/vite/deps/chunk-F4ZW7LLY.js.map 304 [13/Feb/2025:10:53:04 +0000] - 481.846 ms localhost
GET /@fs/C:/Users/USER/Desktop/BroCampTasks/Angular_Project/frontend/.angular/cache/18.2.11/frontend/vite/deps/ngx-socket-io.js.map 304 [13/Feb/2025:10:53:04 +0000] - 40.906 ms localhost
GET /@fs/C:/Users/USER/Desktop/BroCampTasks/Angular_Project/frontend/.angular/cache/18.2.11/frontend/vite/deps/rxjs.js.map 304 [13/Feb/2025:10:53:04 +0000] - 40.189 ms localhost
GET /@fs/C:/Users/USER/Desktop/BroCampTasks/Angular_Project/frontend/.angular/cache/18.2.11/frontend/vite/deps/chunk-7MS5FTBZ.js.map 304 [13/Feb/2025:10:53:04 +0000] - 49.384 ms localhost
GET /@fs/C:/Users/USER/Desktop/BroCampTasks/Angular_Project/frontend/.angular/cache/18.2.11/frontend/vite/deps/@angular_forms.js.map 304 [13/Feb/2025:10:53:04 +0000] - 54.243 ms localhost
GET /@fs/C:/Users/USER/Desktop/BroCampTasks/Angular_Project/frontend/.angular/cache/18.2.11/frontend/vite/deps/emoji-picker-element.js.map 304 [13/Feb/2025:10:53:04 +0000] - 553.391 ms localhost
GET /login.component.css.map 200 [13/Feb/2025:10:53:04 +0000] - 4.172 ms localhost
GET /@fs/C:/Users/USER/Desktop/BroCampTasks/Angular_Project/frontend/.angular/cache/18.2.11/frontend/vite/deps/@angular_router.js.map 304 [13/Feb/2025:10:53:05 +0000] - 378.876 ms localhost
GET /login 200 [13/Feb/2025:10:53:06 +0000] - 10.398 ms localhost
GET /polyfills.js 304 [13/Feb/2025:10:53:06 +0000] - 4.850 ms localhost
GET /styles.css 200 [13/Feb/2025:10:53:06 +0000] - 9.720 ms localhost
GET /main.js 304 [13/Feb/2025:10:53:06 +0000] - 13.499 ms localhost
GET /@vite/client 304 [13/Feb/2025:10:53:06 +0000] - 11.109 ms localhost
GET /@fs/C:/Users/USER/Desktop/BroCampTasks/Angular_Project/frontend/node_modules/vite/dist/client/env.mjs 304 [13/Feb/2025:10:53:06 +0000] - 5.582 ms localhost
GET /styles.css.map 200 [13/Feb/2025:10:53:06 +0000] - 7.623 ms localhost
GET /@fs/C:/Users/USER/Desktop/BroCampTasks/Angular_Project/frontend/.angular/cache/18.2.11/frontend/vite/deps/chunk-F4ZW7LLY.js.map 304 [13/Feb/2025:10:53:07 +0000] - 30.699 ms localhost
GET /@fs/C:/Users/USER/Desktop/BroCampTasks/Angular_Project/frontend/.angular/cache/18.2.11/frontend/vite/deps/chunk-2ZWNOPXZ.js.map 304 [13/Feb/2025:10:53:07 +0000] - 35.120 ms localhost
GET /@fs/C:/Users/USER/Desktop/BroCampTasks/Angular_Project/frontend/.angular/cache/18.2.11/frontend/vite/deps/@angular_platform-browser.js.map 304 [13/Feb/2025:10:53:07 +0000] - 43.801 ms localhost
GET /@fs/C:/Users/USER/Desktop/BroCampTasks/Angular_Project/frontend/.angular/cache/18.2.11/frontend/vite/deps/chunk-66JPAEYR.js.map 304 [13/Feb/2025:10:53:07 +0000] - 42.620 ms localhost
GET /@fs/C:/Users/USER/Desktop/BroCampTasks/Angular_Project/frontend/.angular/cache/18.2.11/frontend/vite/deps/chunk-BKIWMXDL.js.map 304 [13/Feb/2025:10:53:07 +0000] - 92.698 ms localhost
GET /@fs/C:/Users/USER/Desktop/BroCampTasks/Angular_Project/frontend/.angular/cache/18.2.11/frontend/vite/deps/chunk-ZKQIAUIS.js.map 304 [13/Feb/2025:10:53:07 +0000] - 140.395 ms localhost
GET /@fs/C:/Users/USER/Desktop/BroCampTasks/Angular_Project/frontend/.angular/cache/18.2.11/frontend/vite/deps/chunk-XWLXMCJQ.js.map 304 [13/Feb/2025:10:53:07 +0000] - 30.336 ms localhost
GET /@fs/C:/Users/USER/Desktop/BroCampTasks/Angular_Project/frontend/.angular/cache/18.2.11/frontend/vite/deps/@angular_core.js.map 304 [13/Feb/2025:10:53:07 +0000] - 31.225 ms localhost
GET /@fs/C:/Users/USER/Desktop/BroCampTasks/Angular_Project/frontend/.angular/cache/18.2.11/frontend/vite/deps/@angular_common_http.js.map 304 [13/Feb/2025:10:53:07 +0000] - 32.896 ms localhost
GET /@fs/C:/Users/USER/Desktop/BroCampTasks/Angular_Project/frontend/.angular/cache/18.2.11/frontend/vite/deps/@angular_router.js.map 304 [13/Feb/2025:10:53:07 +0000] - 55.704 ms localhost
GET /@fs/C:/Users/USER/Desktop/BroCampTasks/Angular_Project/frontend/.angular/cache/18.2.11/frontend/vite/deps/rxjs.js.map 304 [13/Feb/2025:10:53:07 +0000] - 57.088 ms localhost
GET /@fs/C:/Users/USER/Desktop/BroCampTasks/Angular_Project/frontend/.angular/cache/18.2.11/frontend/vite/deps/@angular_forms.js.map 304 [13/Feb/2025:10:53:07 +0000] - 259.499 ms localhost
GET /@fs/C:/Users/USER/Desktop/BroCampTasks/Angular_Project/frontend/.angular/cache/18.2.11/frontend/vite/deps/ngx-socket-io.js.map 304 [13/Feb/2025:10:53:07 +0000] - 259.238 ms localhost
GET /@fs/C:/Users/USER/Desktop/BroCampTasks/Angular_Project/frontend/.angular/cache/18.2.11/frontend/vite/deps/chunk-7MS5FTBZ.js.map 304 [13/Feb/2025:10:53:07 +0000] - 284.279 ms localhost
GET /@fs/C:/Users/USER/Desktop/BroCampTasks/Angular_Project/frontend/.angular/cache/18.2.11/frontend/vite/deps/@angular_common.js.map 304 [13/Feb/2025:10:53:07 +0000] - 290.166 ms localhost
GET /login.component.css.map 200 [13/Feb/2025:10:53:07 +0000] - 129.683 ms localhost
GET /favicon.ico 304 [13/Feb/2025:10:53:07 +0000] - 29.443 ms localhost
GET /@fs/C:/Users/USER/Desktop/BroCampTasks/Angular_Project/frontend/.angular/cache/18.2.11/frontend/vite/deps/emoji-picker-element.js.map 304 [13/Feb/2025:10:53:07 +0000] - 192.408 ms localhost
POST /user/login 200 [13/Feb/2025:10:53:15 +0000] - 259.615 ms localhost
GET /dashboard.component.css.map 200 [13/Feb/2025:10:53:15 +0000] - 6.590 ms localhost
GET /layout.component.css.map 200 [13/Feb/2025:10:53:15 +0000] - 7.054 ms localhost
GET /user-chat.component.css.map 200 [13/Feb/2025:10:53:20 +0000] - 27.772 ms localhost
GET /chat/674e8a6920bc39246157f503 304 [13/Feb/2025:10:53:20 +0000] - 342.369 ms localhost
GET /chat 200 [13/Feb/2025:10:53:22 +0000] - 14.733 ms localhost
GET /favicon.ico 304 [13/Feb/2025:10:53:22 +0000] - 5.331 ms localhost
GET /dashboard 200 [13/Feb/2025:10:53:32 +0000] - 7.376 ms localhost
GET /@vite/client 304 [13/Feb/2025:10:53:32 +0000] - 6.047 ms localhost
GET /styles.css 200 [13/Feb/2025:10:53:32 +0000] - 9.775 ms localhost
GET /polyfills.js 304 [13/Feb/2025:10:53:32 +0000] - 11.115 ms localhost
GET /main.js 304 [13/Feb/2025:10:53:32 +0000] - 5.563 ms localhost
GET /styles.css.map 200 [13/Feb/2025:10:53:32 +0000] - 4.547 ms localhost
GET /@fs/C:/Users/USER/Desktop/BroCampTasks/Angular_Project/frontend/node_modules/vite/dist/client/env.mjs 304 [13/Feb/2025:10:53:32 +0000] - 2.688 ms localhost
GET /@fs/C:/Users/USER/Desktop/BroCampTasks/Angular_Project/frontend/.angular/cache/18.2.11/frontend/vite/deps/@angular_platform-browser.js.map 304 [13/Feb/2025:10:53:33 +0000] - 6.686 ms localhost
GET /@fs/C:/Users/USER/Desktop/BroCampTasks/Angular_Project/frontend/.angular/cache/18.2.11/frontend/vite/deps/chunk-F4ZW7LLY.js.map 304 [13/Feb/2025:10:53:33 +0000] - 9.941 ms localhost
GET /@fs/C:/Users/USER/Desktop/BroCampTasks/Angular_Project/frontend/.angular/cache/18.2.11/frontend/vite/deps/chunk-ZKQIAUIS.js.map 304 [13/Feb/2025:10:53:33 +0000] - 13.143 ms localhost
GET /@fs/C:/Users/USER/Desktop/BroCampTasks/Angular_Project/frontend/.angular/cache/18.2.11/frontend/vite/deps/chunk-2ZWNOPXZ.js.map 304 [13/Feb/2025:10:53:33 +0000] - 22.592 ms localhost
GET /@fs/C:/Users/USER/Desktop/BroCampTasks/Angular_Project/frontend/.angular/cache/18.2.11/frontend/vite/deps/chunk-BKIWMXDL.js.map 304 [13/Feb/2025:10:53:33 +0000] - 73.855 ms localhost
GET /@fs/C:/Users/USER/Desktop/BroCampTasks/Angular_Project/frontend/.angular/cache/18.2.11/frontend/vite/deps/chunk-66JPAEYR.js.map 304 [13/Feb/2025:10:53:33 +0000] - 95.632 ms localhost
GET /@fs/C:/Users/USER/Desktop/BroCampTasks/Angular_Project/frontend/.angular/cache/18.2.11/frontend/vite/deps/chunk-XWLXMCJQ.js.map 304 [13/Feb/2025:10:53:33 +0000] - 50.385 ms localhost
GET /@fs/C:/Users/USER/Desktop/BroCampTasks/Angular_Project/frontend/.angular/cache/18.2.11/frontend/vite/deps/@angular_core.js.map 304 [13/Feb/2025:10:53:33 +0000] - 48.390 ms localhost
GET /@fs/C:/Users/USER/Desktop/BroCampTasks/Angular_Project/frontend/.angular/cache/18.2.11/frontend/vite/deps/@angular_common_http.js.map 304 [13/Feb/2025:10:53:33 +0000] - 38.726 ms localhost
GET /@fs/C:/Users/USER/Desktop/BroCampTasks/Angular_Project/frontend/.angular/cache/18.2.11/frontend/vite/deps/@angular_router.js.map 304 [13/Feb/2025:10:53:33 +0000] - 49.919 ms localhost
GET /@fs/C:/Users/USER/Desktop/BroCampTasks/Angular_Project/frontend/.angular/cache/18.2.11/frontend/vite/deps/rxjs.js.map 304 [13/Feb/2025:10:53:33 +0000] - 30.271 ms localhost
GET /login.component.css.map 200 [13/Feb/2025:10:53:33 +0000] - 6.649 ms localhost
GET /@fs/C:/Users/USER/Desktop/BroCampTasks/Angular_Project/frontend/.angular/cache/18.2.11/frontend/vite/deps/@angular_forms.js.map 304 [13/Feb/2025:10:53:33 +0000] - 23.022 ms localhost
GET /@fs/C:/Users/USER/Desktop/BroCampTasks/Angular_Project/frontend/.angular/cache/18.2.11/frontend/vite/deps/@angular_common.js.map 304 [13/Feb/2025:10:53:33 +0000] - 21.674 ms localhost
GET /@fs/C:/Users/USER/Desktop/BroCampTasks/Angular_Project/frontend/.angular/cache/18.2.11/frontend/vite/deps/ngx-socket-io.js.map 304 [13/Feb/2025:10:53:33 +0000] - 20.051 ms localhost
GET /@fs/C:/Users/USER/Desktop/BroCampTasks/Angular_Project/frontend/.angular/cache/18.2.11/frontend/vite/deps/chunk-7MS5FTBZ.js.map 304 [13/Feb/2025:10:53:33 +0000] - 23.556 ms localhost
GET /@fs/C:/Users/USER/Desktop/BroCampTasks/Angular_Project/frontend/.angular/cache/18.2.11/frontend/vite/deps/emoji-picker-element.js.map 304 [13/Feb/2025:10:53:33 +0000] - 25.466 ms localhost
GET /favicon.ico 304 [13/Feb/2025:10:53:33 +0000] - 3.697 ms localhost
GET /login 200 [13/Feb/2025:12:26:12 +0000] - 141.901 ms localhost
GET /@vite/client 304 [13/Feb/2025:12:26:12 +0000] - 9.380 ms localhost
GET /styles.css 200 [13/Feb/2025:12:26:12 +0000] - 6.531 ms localhost
GET /polyfills.js 304 [13/Feb/2025:12:26:13 +0000] - 3.503 ms localhost
GET /main.js 304 [13/Feb/2025:12:26:13 +0000] - 2.204 ms localhost
GET /@fs/C:/Users/USER/Desktop/BroCampTasks/Angular_Project/frontend/node_modules/vite/dist/client/env.mjs 304 [13/Feb/2025:12:26:13 +0000] - 2.914 ms localhost
GET /@fs/C:/Users/USER/Desktop/BroCampTasks/Angular_Project/frontend/.angular/cache/18.2.11/frontend/vite/deps/@angular_platform-browser.js.map 304 [13/Feb/2025:12:26:15 +0000] - 18.868 ms localhost
GET /@fs/C:/Users/USER/Desktop/BroCampTasks/Angular_Project/frontend/.angular/cache/18.2.11/frontend/vite/deps/chunk-ZKQIAUIS.js.map 304 [13/Feb/2025:12:26:15 +0000] - 12.505 ms localhost
GET /@fs/C:/Users/USER/Desktop/BroCampTasks/Angular_Project/frontend/.angular/cache/18.2.11/frontend/vite/deps/chunk-F4ZW7LLY.js.map 304 [13/Feb/2025:12:26:15 +0000] - 11.061 ms localhost
GET /@fs/C:/Users/USER/Desktop/BroCampTasks/Angular_Project/frontend/.angular/cache/18.2.11/frontend/vite/deps/chunk-2ZWNOPXZ.js.map 304 [13/Feb/2025:12:26:15 +0000] - 23.606 ms localhost
GET /@fs/C:/Users/USER/Desktop/BroCampTasks/Angular_Project/frontend/.angular/cache/18.2.11/frontend/vite/deps/chunk-BKIWMXDL.js.map 304 [13/Feb/2025:12:26:15 +0000] - 165.882 ms localhost
GET /@fs/C:/Users/USER/Desktop/BroCampTasks/Angular_Project/frontend/.angular/cache/18.2.11/frontend/vite/deps/chunk-66JPAEYR.js.map 304 [13/Feb/2025:12:26:15 +0000] - 13.340 ms localhost
GET /@fs/C:/Users/USER/Desktop/BroCampTasks/Angular_Project/frontend/.angular/cache/18.2.11/frontend/vite/deps/chunk-XWLXMCJQ.js.map 304 [13/Feb/2025:12:26:15 +0000] - 8.207 ms localhost
GET /@fs/C:/Users/USER/Desktop/BroCampTasks/Angular_Project/frontend/.angular/cache/18.2.11/frontend/vite/deps/@angular_core.js.map 304 [13/Feb/2025:12:26:15 +0000] - 6.348 ms localhost
GET /@fs/C:/Users/USER/Desktop/BroCampTasks/Angular_Project/frontend/.angular/cache/18.2.11/frontend/vite/deps/@angular_router.js.map 304 [13/Feb/2025:12:26:15 +0000] - 11.275 ms localhost
GET /@fs/C:/Users/USER/Desktop/BroCampTasks/Angular_Project/frontend/.angular/cache/18.2.11/frontend/vite/deps/@angular_common_http.js.map 304 [13/Feb/2025:12:26:15 +0000] - 3.782 ms localhost
GET /@fs/C:/Users/USER/Desktop/BroCampTasks/Angular_Project/frontend/.angular/cache/18.2.11/frontend/vite/deps/rxjs.js.map 304 [13/Feb/2025:12:26:15 +0000] - 3.389 ms localhost
GET /@fs/C:/Users/USER/Desktop/BroCampTasks/Angular_Project/frontend/.angular/cache/18.2.11/frontend/vite/deps/@angular_forms.js.map 304 [13/Feb/2025:12:26:15 +0000] - 11.994 ms localhost
GET /@fs/C:/Users/USER/Desktop/BroCampTasks/Angular_Project/frontend/.angular/cache/18.2.11/frontend/vite/deps/@angular_common.js.map 304 [13/Feb/2025:12:26:15 +0000] - 5.676 ms localhost
GET /@fs/C:/Users/USER/Desktop/BroCampTasks/Angular_Project/frontend/.angular/cache/18.2.11/frontend/vite/deps/ngx-socket-io.js.map 304 [13/Feb/2025:12:26:15 +0000] - 5.591 ms localhost
GET /@fs/C:/Users/USER/Desktop/BroCampTasks/Angular_Project/frontend/.angular/cache/18.2.11/frontend/vite/deps/chunk-7MS5FTBZ.js.map 304 [13/Feb/2025:12:26:15 +0000] - 7.105 ms localhost
GET /@fs/C:/Users/USER/Desktop/BroCampTasks/Angular_Project/frontend/.angular/cache/18.2.11/frontend/vite/deps/emoji-picker-element.js.map 304 [13/Feb/2025:12:26:15 +0000] - 6.770 ms localhost
GET /login.component.css.map 200 [13/Feb/2025:12:26:15 +0000] - 2.281 ms localhost
GET /styles.css.map 200 [13/Feb/2025:12:26:15 +0000] - 5.058 ms localhost
GET /favicon.ico 304 [13/Feb/2025:12:26:16 +0000] - 3.642 ms localhost
GET /login 200 [13/Feb/2025:12:48:00 +0000] - 10.155 ms localhost
GET /@vite/client 304 [13/Feb/2025:12:48:01 +0000] - 9.977 ms localhost
GET /main.js 304 [13/Feb/2025:12:48:01 +0000] - 11.427 ms localhost
GET /styles.css 200 [13/Feb/2025:12:48:01 +0000] - 4.717 ms localhost
GET /polyfills.js 304 [13/Feb/2025:12:48:01 +0000] - 3.276 ms localhost
GET /@fs/C:/Users/USER/Desktop/BroCampTasks/Angular_Project/frontend/node_modules/vite/dist/client/env.mjs 304 [13/Feb/2025:12:48:01 +0000] - 3.383 ms localhost
GET /@fs/C:/Users/USER/Desktop/BroCampTasks/Angular_Project/frontend/.angular/cache/18.2.11/frontend/vite/deps/@angular_platform-browser.js.map 304 [13/Feb/2025:12:48:02 +0000] - 10.316 ms localhost
GET /@fs/C:/Users/USER/Desktop/BroCampTasks/Angular_Project/frontend/.angular/cache/18.2.11/frontend/vite/deps/chunk-ZKQIAUIS.js.map 304 [13/Feb/2025:12:48:02 +0000] - 12.505 ms localhost
GET /@fs/C:/Users/USER/Desktop/BroCampTasks/Angular_Project/frontend/.angular/cache/18.2.11/frontend/vite/deps/chunk-F4ZW7LLY.js.map 304 [13/Feb/2025:12:48:02 +0000] - 16.904 ms localhost
GET /@fs/C:/Users/USER/Desktop/BroCampTasks/Angular_Project/frontend/.angular/cache/18.2.11/frontend/vite/deps/chunk-2ZWNOPXZ.js.map 304 [13/Feb/2025:12:48:02 +0000] - 27.923 ms localhost
GET /@fs/C:/Users/USER/Desktop/BroCampTasks/Angular_Project/frontend/.angular/cache/18.2.11/frontend/vite/deps/chunk-66JPAEYR.js.map 304 [13/Feb/2025:12:48:02 +0000] - 19.278 ms localhost
GET /@fs/C:/Users/USER/Desktop/BroCampTasks/Angular_Project/frontend/.angular/cache/18.2.11/frontend/vite/deps/chunk-BKIWMXDL.js.map 304 [13/Feb/2025:12:48:02 +0000] - 94.852 ms localhost
GET /@fs/C:/Users/USER/Desktop/BroCampTasks/Angular_Project/frontend/.angular/cache/18.2.11/frontend/vite/deps/chunk-XWLXMCJQ.js.map 304 [13/Feb/2025:12:48:02 +0000] - 79.360 ms localhost
GET /@fs/C:/Users/USER/Desktop/BroCampTasks/Angular_Project/frontend/.angular/cache/18.2.11/frontend/vite/deps/@angular_core.js.map 304 [13/Feb/2025:12:48:02 +0000] - 79.971 ms localhost
GET /@fs/C:/Users/USER/Desktop/BroCampTasks/Angular_Project/frontend/.angular/cache/18.2.11/frontend/vite/deps/@angular_router.js.map 304 [13/Feb/2025:12:48:02 +0000] - 89.461 ms localhost
GET /@fs/C:/Users/USER/Desktop/BroCampTasks/Angular_Project/frontend/.angular/cache/18.2.11/frontend/vite/deps/@angular_common_http.js.map 304 [13/Feb/2025:12:48:02 +0000] - 94.101 ms localhost
GET /@fs/C:/Users/USER/Desktop/BroCampTasks/Angular_Project/frontend/.angular/cache/18.2.11/frontend/vite/deps/rxjs.js.map 304 [13/Feb/2025:12:48:02 +0000] - 95.165 ms localhost
GET /@fs/C:/Users/USER/Desktop/BroCampTasks/Angular_Project/frontend/.angular/cache/18.2.11/frontend/vite/deps/@angular_common.js.map 304 [13/Feb/2025:12:48:02 +0000] - 34.724 ms localhost
GET /@fs/C:/Users/USER/Desktop/BroCampTasks/Angular_Project/frontend/.angular/cache/18.2.11/frontend/vite/deps/@angular_forms.js.map 304 [13/Feb/2025:12:48:02 +0000] - 42.899 ms localhost
GET /@fs/C:/Users/USER/Desktop/BroCampTasks/Angular_Project/frontend/.angular/cache/18.2.11/frontend/vite/deps/ngx-socket-io.js.map 304 [13/Feb/2025:12:48:02 +0000] - 38.883 ms localhost
GET /@fs/C:/Users/USER/Desktop/BroCampTasks/Angular_Project/frontend/.angular/cache/18.2.11/frontend/vite/deps/chunk-7MS5FTBZ.js.map 304 [13/Feb/2025:12:48:02 +0000] - 25.590 ms localhost
GET /@fs/C:/Users/USER/Desktop/BroCampTasks/Angular_Project/frontend/.angular/cache/18.2.11/frontend/vite/deps/emoji-picker-element.js.map 304 [13/Feb/2025:12:48:02 +0000] - 13.035 ms localhost
GET /styles.css.map 200 [13/Feb/2025:12:48:03 +0000] - 2.820 ms localhost
GET /login.component.css.map 200 [13/Feb/2025:12:48:03 +0000] - 4.350 ms localhost
GET /favicon.ico 304 [13/Feb/2025:12:48:03 +0000] - 3.556 ms localhost
GET /login 200 [13/Feb/2025:14:50:19 +0000] - 262.143 ms localhost
GET /@vite/client 304 [13/Feb/2025:14:50:19 +0000] - 9.362 ms localhost
GET /styles.css 200 [13/Feb/2025:14:50:20 +0000] - 8.940 ms localhost
GET /polyfills.js 304 [13/Feb/2025:14:50:20 +0000] - 3.545 ms localhost
GET /main.js 304 [13/Feb/2025:14:50:20 +0000] - 2.805 ms localhost
GET /@fs/C:/Users/USER/Desktop/BroCampTasks/Angular_Project/frontend/node_modules/vite/dist/client/env.mjs 304 [13/Feb/2025:14:50:20 +0000] - 16.515 ms localhost
GET /styles.css.map 200 [13/Feb/2025:14:50:22 +0000] - 7.306 ms localhost
GET /@fs/C:/Users/USER/Desktop/BroCampTasks/Angular_Project/frontend/.angular/cache/18.2.11/frontend/vite/deps/@angular_platform-browser.js.map 304 [13/Feb/2025:14:50:22 +0000] - 82.133 ms localhost
GET /@fs/C:/Users/USER/Desktop/BroCampTasks/Angular_Project/frontend/.angular/cache/18.2.11/frontend/vite/deps/@angular_common_http.js.map 304 [13/Feb/2025:14:50:22 +0000] - 30.107 ms localhost
GET /@fs/C:/Users/USER/Desktop/BroCampTasks/Angular_Project/frontend/.angular/cache/18.2.11/frontend/vite/deps/@angular_common.js.map 304 [13/Feb/2025:14:50:22 +0000] - 29.293 ms localhost
GET /@fs/C:/Users/USER/Desktop/BroCampTasks/Angular_Project/frontend/.angular/cache/18.2.11/frontend/vite/deps/chunk-ZKQIAUIS.js.map 304 [13/Feb/2025:14:50:22 +0000] - 41.877 ms localhost
GET /@fs/C:/Users/USER/Desktop/BroCampTasks/Angular_Project/frontend/.angular/cache/18.2.11/frontend/vite/deps/ngx-socket-io.js.map 304 [13/Feb/2025:14:50:22 +0000] - 25.303 ms localhost
GET /@fs/C:/Users/USER/Desktop/BroCampTasks/Angular_Project/frontend/.angular/cache/18.2.11/frontend/vite/deps/chunk-XWLXMCJQ.js.map 304 [13/Feb/2025:14:50:22 +0000] - 24.942 ms localhost
GET /@fs/C:/Users/USER/Desktop/BroCampTasks/Angular_Project/frontend/.angular/cache/18.2.11/frontend/vite/deps/chunk-2ZWNOPXZ.js.map 304 [13/Feb/2025:14:50:22 +0000] - 80.977 ms localhost
GET /@fs/C:/Users/USER/Desktop/BroCampTasks/Angular_Project/frontend/.angular/cache/18.2.11/frontend/vite/deps/chunk-BKIWMXDL.js.map 304 [13/Feb/2025:14:50:22 +0000] - 273.459 ms localhost
GET /@fs/C:/Users/USER/Desktop/BroCampTasks/Angular_Project/frontend/.angular/cache/18.2.11/frontend/vite/deps/chunk-F4ZW7LLY.js.map 304 [13/Feb/2025:14:50:22 +0000] - 259.760 ms localhost
GET /@fs/C:/Users/USER/Desktop/BroCampTasks/Angular_Project/frontend/.angular/cache/18.2.11/frontend/vite/deps/chunk-66JPAEYR.js.map 304 [13/Feb/2025:14:50:22 +0000] - 264.082 ms localhost
GET /@fs/C:/Users/USER/Desktop/BroCampTasks/Angular_Project/frontend/.angular/cache/18.2.11/frontend/vite/deps/@angular_router.js.map 304 [13/Feb/2025:14:50:23 +0000] - 371.698 ms localhost
GET /@fs/C:/Users/USER/Desktop/BroCampTasks/Angular_Project/frontend/.angular/cache/18.2.11/frontend/vite/deps/@angular_core.js.map 304 [13/Feb/2025:14:50:23 +0000] - 150.164 ms localhost
GET /@fs/C:/Users/USER/Desktop/BroCampTasks/Angular_Project/frontend/.angular/cache/18.2.11/frontend/vite/deps/chunk-7MS5FTBZ.js.map 304 [13/Feb/2025:14:50:23 +0000] - 152.658 ms localhost
GET /@fs/C:/Users/USER/Desktop/BroCampTasks/Angular_Project/frontend/.angular/cache/18.2.11/frontend/vite/deps/rxjs.js.map 304 [13/Feb/2025:14:50:23 +0000] - 57.040 ms localhost
GET /@fs/C:/Users/USER/Desktop/BroCampTasks/Angular_Project/frontend/.angular/cache/18.2.11/frontend/vite/deps/@angular_forms.js.map 304 [13/Feb/2025:14:50:23 +0000] - 35.959 ms localhost
GET /@fs/C:/Users/USER/Desktop/BroCampTasks/Angular_Project/frontend/.angular/cache/18.2.11/frontend/vite/deps/emoji-picker-element.js.map 304 [13/Feb/2025:14:50:23 +0000] - 63.757 ms localhost
GET /favicon.ico 304 [13/Feb/2025:14:50:24 +0000] - 3.788 ms localhost
GET /login.component.css.map 200 [13/Feb/2025:14:50:24 +0000] - 3.041 ms localhost
GET /login 200 [13/Feb/2025:15:11:03 +0000] - 6.107 ms localhost
GET /polyfills-FFHMD2TL.js 200 [13/Feb/2025:15:11:03 +0000] - 12.623 ms localhost
GET /main-HBXU3SXP.js 200 [13/Feb/2025:15:11:03 +0000] - 11.719 ms localhost
GET /styles-EN3WV5W6.css 200 [13/Feb/2025:15:11:04 +0000] - 4.026 ms localhost
GET /favicon.ico 200 [13/Feb/2025:15:11:04 +0000] - 11.090 ms localhost
GET / 200 [13/Feb/2025:15:11:14 +0000] - 2.132 ms localhost
GET /polyfills-FFHMD2TL.js 304 [13/Feb/2025:15:11:15 +0000] - 2.706 ms localhost
GET /main-HBXU3SXP.js 304 [13/Feb/2025:15:11:15 +0000] - 1.612 ms localhost
GET /styles-EN3WV5W6.css 304 [13/Feb/2025:15:11:15 +0000] - 1.453 ms localhost
GET /favicon.ico 304 [13/Feb/2025:15:11:15 +0000] - 2.018 ms localhost
GET / 304 [13/Feb/2025:15:11:52 +0000] - 1.057 ms localhost
GET /polyfills-FFHMD2TL.js 304 [13/Feb/2025:15:11:52 +0000] - 4.828 ms localhost
GET /main-HBXU3SXP.js 304 [13/Feb/2025:15:11:52 +0000] - 2.137 ms localhost
GET /styles-EN3WV5W6.css 304 [13/Feb/2025:15:11:52 +0000] - 2.739 ms localhost
GET /favicon.ico 304 [13/Feb/2025:15:11:53 +0000] - 1.006 ms localhost
GET / 304 [13/Feb/2025:15:12:32 +0000] - 3.937 ms localhost
GET /polyfills-FFHMD2TL.js 304 [13/Feb/2025:15:12:32 +0000] - 17.422 ms localhost
GET /main-HBXU3SXP.js 304 [13/Feb/2025:15:12:32 +0000] - 1.558 ms localhost
GET /styles-EN3WV5W6.css 304 [13/Feb/2025:15:12:32 +0000] - 1.388 ms localhost
GET /favicon.ico 304 [13/Feb/2025:15:12:33 +0000] - 3.677 ms localhost
GET / 304 [13/Feb/2025:15:16:34 +0000] - 5.187 ms localhost
GET /polyfills-FFHMD2TL.js 304 [13/Feb/2025:15:16:35 +0000] - 5.841 ms localhost
GET /main-HBXU3SXP.js 304 [13/Feb/2025:15:16:35 +0000] - 6.867 ms localhost
GET /styles-EN3WV5W6.css 304 [13/Feb/2025:15:16:35 +0000] - 1.371 ms localhost
GET /favicon.ico 304 [13/Feb/2025:15:16:35 +0000] - 0.938 ms localhost
GET / 304 [13/Feb/2025:15:27:36 +0000] - 6.074 ms localhost
GET /polyfills-FFHMD2TL.js 304 [13/Feb/2025:15:27:36 +0000] - 2.034 ms localhost
GET /main-HBXU3SXP.js 304 [13/Feb/2025:15:27:36 +0000] - 4.921 ms localhost
GET /styles-EN3WV5W6.css 304 [13/Feb/2025:15:27:36 +0000] - 2.279 ms localhost
GET /favicon.ico 304 [13/Feb/2025:15:27:37 +0000] - 5.987 ms localhost
GET / 304 [13/Feb/2025:15:28:02 +0000] - 1.529 ms localhost
GET /polyfills-FFHMD2TL.js 304 [13/Feb/2025:15:28:02 +0000] - 4.342 ms localhost
GET /main-HBXU3SXP.js 304 [13/Feb/2025:15:28:02 +0000] - 5.611 ms localhost
GET /styles-EN3WV5W6.css 304 [13/Feb/2025:15:28:02 +0000] - 5.235 ms localhost
GET /favicon.ico 304 [13/Feb/2025:15:28:02 +0000] - 2.814 ms localhost
GET / 304 [13/Feb/2025:15:28:18 +0000] - 13.648 ms localhost
GET /polyfills-FFHMD2TL.js 304 [13/Feb/2025:15:28:18 +0000] - 6.971 ms localhost
GET /main-HBXU3SXP.js 304 [13/Feb/2025:15:28:18 +0000] - 1.971 ms localhost
GET /styles-EN3WV5W6.css 304 [13/Feb/2025:15:28:18 +0000] - 6.557 ms localhost
GET /favicon.ico 304 [13/Feb/2025:15:28:18 +0000] - 1.636 ms localhost
GET / 304 [13/Feb/2025:15:28:21 +0000] - 3.448 ms localhost
GET /polyfills-FFHMD2TL.js 304 [13/Feb/2025:15:28:21 +0000] - 5.034 ms localhost
GET /main-HBXU3SXP.js 304 [13/Feb/2025:15:28:21 +0000] - 1.706 ms localhost
GET /styles-EN3WV5W6.css 304 [13/Feb/2025:15:28:21 +0000] - 3.107 ms localhost
GET /favicon.ico 304 [13/Feb/2025:15:28:21 +0000] - 2.715 ms localhost
GET / 200 [13/Feb/2025:15:28:40 +0000] - 127.170 ms localhost
GET /styles.css 200 [13/Feb/2025:15:28:40 +0000] - 486.996 ms localhost
GET /@vite/client 304 [13/Feb/2025:15:28:40 +0000] - 488.283 ms localhost
GET /polyfills.js 304 [13/Feb/2025:15:28:40 +0000] - 489.064 ms localhost
GET /main.js 304 [13/Feb/2025:15:28:40 +0000] - 155.708 ms localhost
GET /@fs/C:/Users/USER/Desktop/BroCampTasks/Angular_Project/frontend/node_modules/vite/dist/client/env.mjs 304 [13/Feb/2025:15:28:40 +0000] - 35.816 ms localhost
GET /styles.css.map 200 [13/Feb/2025:15:28:40 +0000] - 39.500 ms localhost
GET /@fs/C:/Users/USER/Desktop/BroCampTasks/Angular_Project/frontend/.angular/cache/18.2.11/frontend/vite/deps/@angular_platform-browser.js.map 304 [13/Feb/2025:15:28:41 +0000] - 441.498 ms localhost
GET /@fs/C:/Users/USER/Desktop/BroCampTasks/Angular_Project/frontend/.angular/cache/18.2.11/frontend/vite/deps/chunk-ZKQIAUIS.js.map 304 [13/Feb/2025:15:28:41 +0000] - 297.681 ms localhost
GET /@fs/C:/Users/USER/Desktop/BroCampTasks/Angular_Project/frontend/.angular/cache/18.2.11/frontend/vite/deps/chunk-2ZWNOPXZ.js.map 304 [13/Feb/2025:15:28:41 +0000] - 304.575 ms localhost
GET /@fs/C:/Users/USER/Desktop/BroCampTasks/Angular_Project/frontend/.angular/cache/18.2.11/frontend/vite/deps/chunk-F4ZW7LLY.js.map 304 [13/Feb/2025:15:28:41 +0000] - 302.434 ms localhost
GET /@fs/C:/Users/USER/Desktop/BroCampTasks/Angular_Project/frontend/.angular/cache/18.2.11/frontend/vite/deps/chunk-BKIWMXDL.js.map 304 [13/Feb/2025:15:28:41 +0000] - 526.920 ms localhost
GET /@fs/C:/Users/USER/Desktop/BroCampTasks/Angular_Project/frontend/.angular/cache/18.2.11/frontend/vite/deps/chunk-XWLXMCJQ.js.map 304 [13/Feb/2025:15:28:41 +0000] - 213.942 ms localhost
GET /@fs/C:/Users/USER/Desktop/BroCampTasks/Angular_Project/frontend/.angular/cache/18.2.11/frontend/vite/deps/@angular_core.js.map 304 [13/Feb/2025:15:28:41 +0000] - 213.663 ms localhost
GET /@fs/C:/Users/USER/Desktop/BroCampTasks/Angular_Project/frontend/.angular/cache/18.2.11/frontend/vite/deps/@angular_common.js.map 304 [13/Feb/2025:15:28:41 +0000] - 215.126 ms localhost
GET /@fs/C:/Users/USER/Desktop/BroCampTasks/Angular_Project/frontend/.angular/cache/18.2.11/frontend/vite/deps/chunk-66JPAEYR.js.map 304 [13/Feb/2025:15:28:42 +0000] - 846.207 ms localhost
GET /favicon.ico 200 [13/Feb/2025:15:28:42 +0000] - 557.225 ms localhost
GET /@fs/C:/Users/USER/Desktop/BroCampTasks/Angular_Project/frontend/.angular/cache/18.2.11/frontend/vite/deps/@angular_common_http.js.map 304 [13/Feb/2025:15:28:42 +0000] - 545.051 ms localhost
GET /@fs/C:/Users/USER/Desktop/BroCampTasks/Angular_Project/frontend/.angular/cache/18.2.11/frontend/vite/deps/@angular_router.js.map 304 [13/Feb/2025:15:28:42 +0000] - 548.462 ms localhost
GET /@fs/C:/Users/USER/Desktop/BroCampTasks/Angular_Project/frontend/.angular/cache/18.2.11/frontend/vite/deps/ngx-socket-io.js.map 304 [13/Feb/2025:15:28:42 +0000] - 568.414 ms localhost
GET /@fs/C:/Users/USER/Desktop/BroCampTasks/Angular_Project/frontend/.angular/cache/18.2.11/frontend/vite/deps/rxjs.js.map 304 [13/Feb/2025:15:28:42 +0000] - 569.039 ms localhost
GET /@fs/C:/Users/USER/Desktop/BroCampTasks/Angular_Project/frontend/.angular/cache/18.2.11/frontend/vite/deps/emoji-picker-element.js.map 304 [13/Feb/2025:15:28:42 +0000] - 263.431 ms localhost
GET /@fs/C:/Users/USER/Desktop/BroCampTasks/Angular_Project/frontend/.angular/cache/18.2.11/frontend/vite/deps/@angular_forms.js.map 304 [13/Feb/2025:15:28:42 +0000] - 243.628 ms localhost
GET /login.component.css.map 200 [13/Feb/2025:15:28:42 +0000] - 118.190 ms localhost
GET /@fs/C:/Users/USER/Desktop/BroCampTasks/Angular_Project/frontend/.angular/cache/18.2.11/frontend/vite/deps/chunk-7MS5FTBZ.js.map 304 [13/Feb/2025:15:28:42 +0000] - 122.132 ms localhost
POST /user/login 200 [13/Feb/2025:15:29:10 +0000] - 415.834 ms localhost
GET /dashboard.component.css.map 200 [13/Feb/2025:15:29:10 +0000] - 97.600 ms localhost
GET /layout.component.css.map 200 [13/Feb/2025:15:29:10 +0000] - 101.068 ms localhost
GET /user-chat.component.css.map 200 [13/Feb/2025:15:29:15 +0000] - 72.424 ms localhost
GET /chat/674e8a6920bc39246157f503 304 [13/Feb/2025:15:29:16 +0000] - 760.262 ms localhost
GET /chat/674e8a6920bc39246157f503 304 [13/Feb/2025:15:29:22 +0000] - 168.666 ms localhost
GET / - [13/Feb/2025:15:32:40 +0000] - - ms localhost
GET /chat 200 [13/Feb/2025:15:39:51 +0000] - 13.759 ms localhost
GET /socket.io/?EIO=4&transport=websocket 200 [13/Feb/2025:15:39:51 +0000] - 10.962 ms localhost
GET /polyfills-FFHMD2TL.js 304 [13/Feb/2025:15:39:51 +0000] - 7.692 ms localhost
GET /main-HBXU3SXP.js 304 [13/Feb/2025:15:39:51 +0000] - 7.132 ms localhost
GET /styles-EN3WV5W6.css 304 [13/Feb/2025:15:39:51 +0000] - 3.838 ms localhost
GET /favicon.ico 200 [13/Feb/2025:15:39:52 +0000] - 1.321 ms localhost
GET /favicon.ico 304 [13/Feb/2025:15:39:58 +0000] - 2.177 ms localhost
GET /dashboard 200 [13/Feb/2025:15:40:00 +0000] - 2.218 ms localhost
GET /polyfills-FFHMD2TL.js 304 [13/Feb/2025:15:40:00 +0000] - 7.117 ms localhost
GET /main-HBXU3SXP.js 304 [13/Feb/2025:15:40:00 +0000] - 6.181 ms localhost
GET /styles-EN3WV5W6.css 304 [13/Feb/2025:15:40:00 +0000] - 1.404 ms localhost
GET /favicon.ico 304 [13/Feb/2025:15:40:00 +0000] - 1.526 ms localhost
GET /dashboard 304 [13/Feb/2025:15:40:02 +0000] - 2.446 ms localhost
GET /polyfills-FFHMD2TL.js 304 [13/Feb/2025:15:40:02 +0000] - 2.497 ms localhost
GET /main-HBXU3SXP.js 304 [13/Feb/2025:15:40:02 +0000] - 2.419 ms localhost
GET /styles-EN3WV5W6.css 304 [13/Feb/2025:15:40:02 +0000] - 3.229 ms localhost
GET /favicon.ico 304 [13/Feb/2025:15:40:02 +0000] - 2.180 ms localhost
GET /favicon.ico 200 [13/Feb/2025:15:40:13 +0000] - 219.359 ms localhost
GET /chat 404 [13/Feb/2025:15:40:14 +0000] - 55.585 ms localhost
GET /login 404 [13/Feb/2025:15:46:36 +0000] - 3.478 ms localhost
GET /login 200 [13/Feb/2025:15:47:04 +0000] - 97.370 ms localhost
GET /styles.css 200 [13/Feb/2025:15:47:05 +0000] - 320.200 ms localhost
GET /polyfills.js 304 [13/Feb/2025:15:47:05 +0000] - 324.110 ms localhost
GET /@vite/client 304 [13/Feb/2025:15:47:05 +0000] - 174.098 ms localhost
GET /main.js 200 [13/Feb/2025:15:47:05 +0000] - 185.425 ms localhost
GET /@fs/C:/Users/USER/Desktop/BroCampTasks/Angular_Project/frontend/node_modules/vite/dist/client/env.mjs 304 [13/Feb/2025:15:47:05 +0000] - 74.630 ms localhost
GET /styles.css.map 200 [13/Feb/2025:15:47:05 +0000] - 135.762 ms localhost
GET /@fs/C:/Users/USER/Desktop/BroCampTasks/Angular_Project/frontend/.angular/cache/18.2.11/frontend/vite/deps/@angular_platform-browser.js.map 304 [13/Feb/2025:15:47:05 +0000] - 353.259 ms localhost
GET /@fs/C:/Users/USER/Desktop/BroCampTasks/Angular_Project/frontend/.angular/cache/18.2.11/frontend/vite/deps/chunk-ZKQIAUIS.js.map 304 [13/Feb/2025:15:47:05 +0000] - 365.741 ms localhost
GET /@fs/C:/Users/USER/Desktop/BroCampTasks/Angular_Project/frontend/.angular/cache/18.2.11/frontend/vite/deps/chunk-XWLXMCJQ.js.map 304 [13/Feb/2025:15:47:05 +0000] - 319.333 ms localhost
GET /@fs/C:/Users/USER/Desktop/BroCampTasks/Angular_Project/frontend/.angular/cache/18.2.11/frontend/vite/deps/chunk-F4ZW7LLY.js.map 304 [13/Feb/2025:15:47:05 +0000] - 329.956 ms localhost
GET /@fs/C:/Users/USER/Desktop/BroCampTasks/Angular_Project/frontend/.angular/cache/18.2.11/frontend/vite/deps/chunk-2ZWNOPXZ.js.map 304 [13/Feb/2025:15:47:06 +0000] - 428.173 ms localhost
GET /@fs/C:/Users/USER/Desktop/BroCampTasks/Angular_Project/frontend/.angular/cache/18.2.11/frontend/vite/deps/emoji-picker-element.js.map 304 [13/Feb/2025:15:47:06 +0000] - 322.626 ms localhost
GET /@fs/C:/Users/USER/Desktop/BroCampTasks/Angular_Project/frontend/.angular/cache/18.2.11/frontend/vite/deps/@angular_common_http.js.map 304 [13/Feb/2025:15:47:06 +0000] - 256.732 ms localhost
GET /@fs/C:/Users/USER/Desktop/BroCampTasks/Angular_Project/frontend/.angular/cache/18.2.11/frontend/vite/deps/@angular_router.js.map 304 [13/Feb/2025:15:47:06 +0000] - 302.069 ms localhost
GET /@fs/C:/Users/USER/Desktop/BroCampTasks/Angular_Project/frontend/.angular/cache/18.2.11/frontend/vite/deps/chunk-66JPAEYR.js.map 304 [13/Feb/2025:15:47:06 +0000] - 302.296 ms localhost
GET /@fs/C:/Users/USER/Desktop/BroCampTasks/Angular_Project/frontend/.angular/cache/18.2.11/frontend/vite/deps/@angular_forms.js.map 304 [13/Feb/2025:15:47:06 +0000] - 403.961 ms localhost
GET /favicon.ico 304 [13/Feb/2025:15:47:06 +0000] - 168.144 ms localhost
GET /@fs/C:/Users/USER/Desktop/BroCampTasks/Angular_Project/frontend/.angular/cache/18.2.11/frontend/vite/deps/@angular_common.js.map 304 [13/Feb/2025:15:47:06 +0000] - 120.704 ms localhost
GET /@fs/C:/Users/USER/Desktop/BroCampTasks/Angular_Project/frontend/.angular/cache/18.2.11/frontend/vite/deps/chunk-BKIWMXDL.js.map 304 [13/Feb/2025:15:47:06 +0000] - 376.269 ms localhost
GET /login.component.css.map 200 [13/Feb/2025:15:47:06 +0000] - 328.144 ms localhost
GET /@fs/C:/Users/USER/Desktop/BroCampTasks/Angular_Project/frontend/.angular/cache/18.2.11/frontend/vite/deps/@angular_core.js.map 304 [13/Feb/2025:15:47:06 +0000] - 345.320 ms localhost
GET /@fs/C:/Users/USER/Desktop/BroCampTasks/Angular_Project/frontend/.angular/cache/18.2.11/frontend/vite/deps/rxjs.js.map 304 [13/Feb/2025:15:47:06 +0000] - 346.588 ms localhost
GET /@fs/C:/Users/USER/Desktop/BroCampTasks/Angular_Project/frontend/.angular/cache/18.2.11/frontend/vite/deps/ngx-socket-io.js.map 304 [13/Feb/2025:15:47:06 +0000] - 348.541 ms localhost
GET /@fs/C:/Users/USER/Desktop/BroCampTasks/Angular_Project/frontend/.angular/cache/18.2.11/frontend/vite/deps/chunk-7MS5FTBZ.js.map 304 [13/Feb/2025:15:47:06 +0000] - 351.408 ms localhost
POST /api/user/login 200 [13/Feb/2025:15:47:13 +0000] - 439.256 ms localhost
GET /layout.component.css.map 200 [13/Feb/2025:15:47:14 +0000] - 113.007 ms localhost
GET /dashboard.component.css.map 200 [13/Feb/2025:15:47:14 +0000] - 114.689 ms localhost
GET /api/user/logout 200 [13/Feb/2025:15:47:20 +0000] - 94.601 ms localhost
GET /login.component.css.map 401 [13/Feb/2025:15:47:20 +0000] - 32.410 ms localhost
POST /api/user/login 200 [13/Feb/2025:15:49:36 +0000] - 381.541 ms localhost
GET /dashboard.component.css.map 200 [13/Feb/2025:15:49:37 +0000] - 137.690 ms localhost
GET /layout.component.css.map 200 [13/Feb/2025:15:49:37 +0000] - 139.029 ms localhost
GET /booking/user/674e8a6920bc39246157f503 200 [13/Feb/2025:15:49:40 +0000] - 67.742 ms localhost
GET /booking 200 [13/Feb/2025:15:49:48 +0000] - 84.369 ms localhost
GET / - [13/Feb/2025:15:49:48 +0000] - - ms localhost
GET /@vite/client 304 [13/Feb/2025:15:49:48 +0000] - 73.865 ms localhost
GET /styles.css 200 [13/Feb/2025:15:49:48 +0000] - 75.953 ms localhost
GET /polyfills.js 304 [13/Feb/2025:15:49:49 +0000] - 527.038 ms localhost
GET /main.js 200 [13/Feb/2025:15:49:49 +0000] - 388.324 ms localhost
GET /@fs/C:/Users/USER/Desktop/BroCampTasks/Angular_Project/frontend/node_modules/vite/dist/client/env.mjs 304 [13/Feb/2025:15:49:49 +0000] - 401.208 ms localhost
GET /styles.css.map 200 [13/Feb/2025:15:49:49 +0000] - 395.690 ms localhost
GET /@fs/C:/Users/USER/Desktop/BroCampTasks/Angular_Project/frontend/.angular/cache/18.2.11/frontend/vite/deps/@angular_platform-browser.js.map 304 [13/Feb/2025:15:49:49 +0000] - 43.562 ms localhost
GET /@fs/C:/Users/USER/Desktop/BroCampTasks/Angular_Project/frontend/.angular/cache/18.2.11/frontend/vite/deps/chunk-ZKQIAUIS.js.map 304 [13/Feb/2025:15:49:49 +0000] - 111.984 ms localhost
GET /@fs/C:/Users/USER/Desktop/BroCampTasks/Angular_Project/frontend/.angular/cache/18.2.11/frontend/vite/deps/chunk-F4ZW7LLY.js.map 304 [13/Feb/2025:15:49:50 +0000] - 624.006 ms localhost
GET /@fs/C:/Users/USER/Desktop/BroCampTasks/Angular_Project/frontend/.angular/cache/18.2.11/frontend/vite/deps/chunk-2ZWNOPXZ.js.map 304 [13/Feb/2025:15:49:50 +0000] - 711.996 ms localhost
GET /favicon.ico 304 [13/Feb/2025:15:49:50 +0000] - 113.668 ms localhost
GET /@fs/C:/Users/USER/Desktop/BroCampTasks/Angular_Project/frontend/.angular/cache/18.2.11/frontend/vite/deps/chunk-66JPAEYR.js.map 304 [13/Feb/2025:15:49:50 +0000] - 742.846 ms localhost
GET /@fs/C:/Users/USER/Desktop/BroCampTasks/Angular_Project/frontend/.angular/cache/18.2.11/frontend/vite/deps/rxjs.js.map 304 [13/Feb/2025:15:49:50 +0000] - 740.268 ms localhost
GET /@fs/C:/Users/USER/Desktop/BroCampTasks/Angular_Project/frontend/.angular/cache/18.2.11/frontend/vite/deps/@angular_router.js.map 304 [13/Feb/2025:15:49:50 +0000] - 746.298 ms localhost
GET /@fs/C:/Users/USER/Desktop/BroCampTasks/Angular_Project/frontend/.angular/cache/18.2.11/frontend/vite/deps/chunk-BKIWMXDL.js.map 304 [13/Feb/2025:15:49:51 +0000] - 977.698 ms localhost
GET /@fs/C:/Users/USER/Desktop/BroCampTasks/Angular_Project/frontend/.angular/cache/18.2.11/frontend/vite/deps/@angular_forms.js.map 304 [13/Feb/2025:15:49:51 +0000] - 266.417 ms localhost
GET /@fs/C:/Users/USER/Desktop/BroCampTasks/Angular_Project/frontend/.angular/cache/18.2.11/frontend/vite/deps/@angular_common.js.map 304 [13/Feb/2025:15:49:51 +0000] - 303.214 ms localhost
GET /@fs/C:/Users/USER/Desktop/BroCampTasks/Angular_Project/frontend/.angular/cache/18.2.11/frontend/vite/deps/chunk-XWLXMCJQ.js.map 304 [13/Feb/2025:15:49:51 +0000] - 303.285 ms localhost
GET /@fs/C:/Users/USER/Desktop/BroCampTasks/Angular_Project/frontend/.angular/cache/18.2.11/frontend/vite/deps/@angular_core.js.map 304 [13/Feb/2025:15:49:51 +0000] - 303.439 ms localhost
GET /@fs/C:/Users/USER/Desktop/BroCampTasks/Angular_Project/frontend/.angular/cache/18.2.11/frontend/vite/deps/emoji-picker-element.js.map 304 [13/Feb/2025:15:49:51 +0000] - 310.835 ms localhost
GET /@fs/C:/Users/USER/Desktop/BroCampTasks/Angular_Project/frontend/.angular/cache/18.2.11/frontend/vite/deps/@angular_common_http.js.map 304 [13/Feb/2025:15:49:51 +0000] - 242.945 ms localhost
GET /@fs/C:/Users/USER/Desktop/BroCampTasks/Angular_Project/frontend/.angular/cache/18.2.11/frontend/vite/deps/ngx-socket-io.js.map 304 [13/Feb/2025:15:49:51 +0000] - 243.727 ms localhost
GET /login.component.css.map 200 [13/Feb/2025:15:49:51 +0000] - 119.252 ms localhost
GET /@fs/C:/Users/USER/Desktop/BroCampTasks/Angular_Project/frontend/.angular/cache/18.2.11/frontend/vite/deps/chunk-7MS5FTBZ.js.map 304 [13/Feb/2025:15:49:51 +0000] - 126.646 ms localhost
POST /api/user/login 200 [13/Feb/2025:15:50:00 +0000] - 424.712 ms localhost
GET /layout.component.css.map 200 [13/Feb/2025:15:50:00 +0000] - 37.384 ms localhost
GET /dashboard.component.css.map 200 [13/Feb/2025:15:50:00 +0000] - 58.969 ms localhost
GET /api/booking/user/674e8a6920bc39246157f503 200 [13/Feb/2025:15:50:04 +0000] - 258.627 ms localhost
GET /user-chat.component.css.map 200 [13/Feb/2025:15:50:09 +0000] - 45.404 ms localhost
GET /api/chat/674e8a6920bc39246157f503 200 [13/Feb/2025:15:50:09 +0000] - 228.586 ms localhost
GET /chat 200 [13/Feb/2025:15:50:11 +0000] - 70.037 ms localhost
GET / - [13/Feb/2025:15:50:12 +0000] - - ms localhost
GET /socket.io/?EIO=4&transport=websocket - [13/Feb/2025:15:50:12 +0000] - - ms localhost
GET /@vite/client 304 [13/Feb/2025:15:50:12 +0000] - 271.620 ms localhost
GET /styles.css 200 [13/Feb/2025:15:50:12 +0000] - 256.751 ms localhost
GET /polyfills.js 304 [13/Feb/2025:15:50:12 +0000] - 266.490 ms localhost
GET /main.js 304 [13/Feb/2025:15:50:12 +0000] - 356.159 ms localhost
GET /@fs/C:/Users/USER/Desktop/BroCampTasks/Angular_Project/frontend/node_modules/vite/dist/client/env.mjs 304 [13/Feb/2025:15:50:12 +0000] - 149.349 ms localhost
GET /styles.css.map 200 [13/Feb/2025:15:50:12 +0000] - 81.188 ms localhost
GET /@fs/C:/Users/USER/Desktop/BroCampTasks/Angular_Project/frontend/.angular/cache/18.2.11/frontend/vite/deps/@angular_platform-browser.js.map 304 [13/Feb/2025:15:50:13 +0000] - 711.953 ms localhost
GET /@fs/C:/Users/USER/Desktop/BroCampTasks/Angular_Project/frontend/.angular/cache/18.2.11/frontend/vite/deps/chunk-ZKQIAUIS.js.map 304 [13/Feb/2025:15:50:13 +0000] - 721.610 ms localhost
GET /@fs/C:/Users/USER/Desktop/BroCampTasks/Angular_Project/frontend/.angular/cache/18.2.11/frontend/vite/deps/chunk-F4ZW7LLY.js.map 304 [13/Feb/2025:15:50:13 +0000] - 724.758 ms localhost
GET /@fs/C:/Users/USER/Desktop/BroCampTasks/Angular_Project/frontend/.angular/cache/18.2.11/frontend/vite/deps/chunk-66JPAEYR.js.map 304 [13/Feb/2025:15:50:13 +0000] - 732.219 ms localhost
GET /@fs/C:/Users/USER/Desktop/BroCampTasks/Angular_Project/frontend/.angular/cache/18.2.11/frontend/vite/deps/chunk-2ZWNOPXZ.js.map 304 [13/Feb/2025:15:50:13 +0000] - 998.909 ms localhost
GET /@fs/C:/Users/USER/Desktop/BroCampTasks/Angular_Project/frontend/.angular/cache/18.2.11/frontend/vite/deps/chunk-BKIWMXDL.js.map 304 [13/Feb/2025:15:50:13 +0000] - 1001.323 ms localhost
GET /favicon.ico 304 [13/Feb/2025:15:50:13 +0000] - 452.233 ms localhost
GET /@fs/C:/Users/USER/Desktop/BroCampTasks/Angular_Project/frontend/.angular/cache/18.2.11/frontend/vite/deps/chunk-XWLXMCJQ.js.map 304 [13/Feb/2025:15:50:13 +0000] - 456.284 ms localhost
GET /@fs/C:/Users/USER/Desktop/BroCampTasks/Angular_Project/frontend/.angular/cache/18.2.11/frontend/vite/deps/@angular_core.js.map 304 [13/Feb/2025:15:50:13 +0000] - 456.996 ms localhost
GET /@fs/C:/Users/USER/Desktop/BroCampTasks/Angular_Project/frontend/.angular/cache/18.2.11/frontend/vite/deps/@angular_router.js.map 304 [13/Feb/2025:15:50:14 +0000] - 353.500 ms localhost
GET /@fs/C:/Users/USER/Desktop/BroCampTasks/Angular_Project/frontend/.angular/cache/18.2.11/frontend/vite/deps/@angular_common_http.js.map 304 [13/Feb/2025:15:50:14 +0000] - 309.440 ms localhost
GET /@fs/C:/Users/USER/Desktop/BroCampTasks/Angular_Project/frontend/.angular/cache/18.2.11/frontend/vite/deps/rxjs.js.map 304 [13/Feb/2025:15:50:14 +0000] - 312.756 ms localhost
GET /@fs/C:/Users/USER/Desktop/BroCampTasks/Angular_Project/frontend/.angular/cache/18.2.11/frontend/vite/deps/@angular_forms.js.map 304 [13/Feb/2025:15:50:14 +0000] - 604.917 ms localhost
GET /@fs/C:/Users/USER/Desktop/BroCampTasks/Angular_Project/frontend/.angular/cache/18.2.11/frontend/vite/deps/@angular_common.js.map 504 [13/Feb/2025:15:50:14 +0000] - 555.832 ms localhost
GET /@fs/C:/Users/USER/Desktop/BroCampTasks/Angular_Project/frontend/.angular/cache/18.2.11/frontend/vite/deps/ngx-socket-io.js.map 504 [13/Feb/2025:15:50:14 +0000] - 557.555 ms localhost
GET /login.component.css.map 200 [13/Feb/2025:15:50:14 +0000] - 88.493 ms localhost
GET /@fs/C:/Users/USER/Desktop/BroCampTasks/Angular_Project/frontend/.angular/cache/18.2.11/frontend/vite/deps/chunk-7MS5FTBZ.js.map 304 [13/Feb/2025:15:50:14 +0000] - 422.193 ms localhost
GET /@fs/C:/Users/USER/Desktop/BroCampTasks/Angular_Project/frontend/.angular/cache/18.2.11/frontend/vite/deps/emoji-picker-element.js.map 304 [13/Feb/2025:15:50:14 +0000] - 421.747 ms localhost
GET / - [13/Feb/2025:15:54:12 +0000] - - ms localhost
GET /login 200 [13/Feb/2025:16:07:15 +0000] - 54.274 ms localhost
GET /@vite/client 304 [13/Feb/2025:16:07:15 +0000] - 179.791 ms localhost
GET /main.js 304 [13/Feb/2025:16:07:15 +0000] - 154.032 ms localhost
GET /polyfills.js 304 [13/Feb/2025:16:07:15 +0000] - 73.041 ms localhost
GET /styles.css 200 [13/Feb/2025:16:07:15 +0000] - 208.221 ms localhost
GET /@fs/C:/Users/USER/Desktop/BroCampTasks/Angular_Project/frontend/node_modules/vite/dist/client/env.mjs 304 [13/Feb/2025:16:07:15 +0000] - 51.054 ms localhost
GET /styles.css.map 200 [13/Feb/2025:16:07:15 +0000] - 51.463 ms localhost
GET /@fs/C:/Users/USER/Desktop/BroCampTasks/Angular_Project/frontend/.angular/cache/18.2.11/frontend/vite/deps/@angular_common.js.map 200 [13/Feb/2025:16:07:17 +0000] - 1165.552 ms localhost
GET /@fs/C:/Users/USER/Desktop/BroCampTasks/Angular_Project/frontend/.angular/cache/18.2.11/frontend/vite/deps/@angular_platform-browser.js.map 304 [13/Feb/2025:16:07:17 +0000] - 1165.542 ms localhost
GET /@fs/C:/Users/USER/Desktop/BroCampTasks/Angular_Project/frontend/.angular/cache/18.2.11/frontend/vite/deps/ngx-socket-io.js.map 200 [13/Feb/2025:16:07:17 +0000] - 1167.435 ms localhost
GET /@fs/C:/Users/USER/Desktop/BroCampTasks/Angular_Project/frontend/.angular/cache/18.2.11/frontend/vite/deps/@angular_forms.js.map 304 [13/Feb/2025:16:07:17 +0000] - 344.556 ms localhost
GET /@fs/C:/Users/USER/Desktop/BroCampTasks/Angular_Project/frontend/.angular/cache/18.2.11/frontend/vite/deps/@angular_router.js.map 304 [13/Feb/2025:16:07:17 +0000] - 1241.088 ms localhost
GET /@fs/C:/Users/USER/Desktop/BroCampTasks/Angular_Project/frontend/.angular/cache/18.2.11/frontend/vite/deps/rxjs.js.map 304 [13/Feb/2025:16:07:17 +0000] - 410.545 ms localhost
GET /favicon.ico 304 [13/Feb/2025:16:07:17 +0000] - 56.249 ms localhost
GET /@fs/C:/Users/USER/Desktop/BroCampTasks/Angular_Project/frontend/.angular/cache/18.2.11/frontend/vite/deps/@angular_core.js.map 304 [13/Feb/2025:16:07:19 +0000] - 1521.876 ms localhost
GET /@fs/C:/Users/USER/Desktop/BroCampTasks/Angular_Project/frontend/.angular/cache/18.2.11/frontend/vite/deps/chunk-XWLXMCJQ.js.map 304 [13/Feb/2025:16:07:19 +0000] - 1367.068 ms localhost
GET /@fs/C:/Users/USER/Desktop/BroCampTasks/Angular_Project/frontend/.angular/cache/18.2.11/frontend/vite/deps/chunk-2ZWNOPXZ.js.map 304 [13/Feb/2025:16:07:19 +0000] - 1450.680 ms localhost
GET /@fs/C:/Users/USER/Desktop/BroCampTasks/Angular_Project/frontend/.angular/cache/18.2.11/frontend/vite/deps/chunk-F4ZW7LLY.js.map 304 [13/Feb/2025:16:07:19 +0000] - 1475.267 ms localhost
GET /@fs/C:/Users/USER/Desktop/BroCampTasks/Angular_Project/frontend/.angular/cache/18.2.11/frontend/vite/deps/chunk-ZKQIAUIS.js.map 304 [13/Feb/2025:16:07:19 +0000] - 1472.590 ms localhost
GET /@fs/C:/Users/USER/Desktop/BroCampTasks/Angular_Project/frontend/.angular/cache/18.2.11/frontend/vite/deps/chunk-66JPAEYR.js.map 304 [13/Feb/2025:16:07:19 +0000] - 1771.433 ms localhost
GET /@fs/C:/Users/USER/Desktop/BroCampTasks/Angular_Project/frontend/.angular/cache/18.2.11/frontend/vite/deps/chunk-BKIWMXDL.js.map 504 [13/Feb/2025:16:07:20 +0000] - 1187.106 ms localhost
GET /@fs/C:/Users/USER/Desktop/BroCampTasks/Angular_Project/frontend/.angular/cache/18.2.11/frontend/vite/deps/@angular_common_http.js.map 304 [13/Feb/2025:16:07:20 +0000] - 1169.810 ms localhost
GET /login.component.css.map 200 [13/Feb/2025:16:07:20 +0000] - 902.188 ms localhost
GET /@fs/C:/Users/USER/Desktop/BroCampTasks/Angular_Project/frontend/.angular/cache/18.2.11/frontend/vite/deps/emoji-picker-element.js.map 304 [13/Feb/2025:16:07:20 +0000] - 915.475 ms localhost
GET /@fs/C:/Users/USER/Desktop/BroCampTasks/Angular_Project/frontend/.angular/cache/18.2.11/frontend/vite/deps/chunk-7MS5FTBZ.js.map 304 [13/Feb/2025:16:07:20 +0000] - 921.718 ms localhost
GET / - [13/Feb/2025:16:11:15 +0000] - - ms localhost
GET /login 200 [13/Feb/2025:17:31:44 +0000] - 203.937 ms localhost
GET /styles.css 200 [13/Feb/2025:17:31:45 +0000] - 1057.151 ms localhost
GET /main.js 304 [13/Feb/2025:17:31:45 +0000] - 1011.144 ms localhost
GET /@vite/client 304 [13/Feb/2025:17:31:45 +0000] - 287.657 ms localhost
GET /polyfills.js 304 [13/Feb/2025:17:31:45 +0000] - 288.278 ms localhost
GET /styles.css.map 200 [13/Feb/2025:17:31:45 +0000] - 58.296 ms localhost
GET /@fs/C:/Users/USER/Desktop/BroCampTasks/Angular_Project/frontend/node_modules/vite/dist/client/env.mjs 304 [13/Feb/2025:17:31:45 +0000] - 107.815 ms localhost
GET /@fs/C:/Users/USER/Desktop/BroCampTasks/Angular_Project/frontend/.angular/cache/18.2.11/frontend/vite/deps/@angular_common_http.js.map 304 [13/Feb/2025:17:31:46 +0000] - 462.595 ms localhost
GET /@fs/C:/Users/USER/Desktop/BroCampTasks/Angular_Project/frontend/.angular/cache/18.2.11/frontend/vite/deps/@angular_platform-browser.js.map 304 [13/Feb/2025:17:31:46 +0000] - 464.523 ms localhost
GET /@fs/C:/Users/USER/Desktop/BroCampTasks/Angular_Project/frontend/.angular/cache/18.2.11/frontend/vite/deps/@angular_common.js.map 304 [13/Feb/2025:17:31:46 +0000] - 219.268 ms localhost
GET /@fs/C:/Users/USER/Desktop/BroCampTasks/Angular_Project/frontend/.angular/cache/18.2.11/frontend/vite/deps/rxjs.js.map 304 [13/Feb/2025:17:31:46 +0000] - 464.249 ms localhost
GET /@fs/C:/Users/USER/Desktop/BroCampTasks/Angular_Project/frontend/.angular/cache/18.2.11/frontend/vite/deps/ngx-socket-io.js.map 304 [13/Feb/2025:17:31:46 +0000] - 220.622 ms localhost
GET /favicon.ico 304 [13/Feb/2025:17:31:47 +0000] - 305.285 ms localhost
GET /@fs/C:/Users/USER/Desktop/BroCampTasks/Angular_Project/frontend/.angular/cache/18.2.11/frontend/vite/deps/chunk-66JPAEYR.js.map 304 [13/Feb/2025:17:31:47 +0000] - 306.323 ms localhost
GET /@fs/C:/Users/USER/Desktop/BroCampTasks/Angular_Project/frontend/.angular/cache/18.2.11/frontend/vite/deps/@angular_core.js.map 304 [13/Feb/2025:17:31:47 +0000] - 229.666 ms localhost
GET /@fs/C:/Users/USER/Desktop/BroCampTasks/Angular_Project/frontend/.angular/cache/18.2.11/frontend/vite/deps/@angular_forms.js.map 304 [13/Feb/2025:17:31:47 +0000] - 378.641 ms localhost
GET /@fs/C:/Users/USER/Desktop/BroCampTasks/Angular_Project/frontend/.angular/cache/18.2.11/frontend/vite/deps/@angular_router.js.map 304 [13/Feb/2025:17:31:47 +0000] - 309.927 ms localhost
GET /@fs/C:/Users/USER/Desktop/BroCampTasks/Angular_Project/frontend/.angular/cache/18.2.11/frontend/vite/deps/chunk-BKIWMXDL.js.map 200 [13/Feb/2025:17:31:47 +0000] - 730.392 ms localhost
GET /@fs/C:/Users/USER/Desktop/BroCampTasks/Angular_Project/frontend/.angular/cache/18.2.11/frontend/vite/deps/chunk-2ZWNOPXZ.js.map 304 [13/Feb/2025:17:31:47 +0000] - 249.084 ms localhost
GET /@fs/C:/Users/USER/Desktop/BroCampTasks/Angular_Project/frontend/.angular/cache/18.2.11/frontend/vite/deps/chunk-F4ZW7LLY.js.map 304 [13/Feb/2025:17:31:47 +0000] - 207.527 ms localhost
GET /@fs/C:/Users/USER/Desktop/BroCampTasks/Angular_Project/frontend/.angular/cache/18.2.11/frontend/vite/deps/chunk-XWLXMCJQ.js.map 304 [13/Feb/2025:17:31:47 +0000] - 164.866 ms localhost
GET /@fs/C:/Users/USER/Desktop/BroCampTasks/Angular_Project/frontend/.angular/cache/18.2.11/frontend/vite/deps/chunk-ZKQIAUIS.js.map 304 [13/Feb/2025:17:31:47 +0000] - 218.930 ms localhost
GET /@fs/C:/Users/USER/Desktop/BroCampTasks/Angular_Project/frontend/.angular/cache/18.2.11/frontend/vite/deps/chunk-7MS5FTBZ.js.map 304 [13/Feb/2025:17:31:47 +0000] - 342.005 ms localhost
GET /@fs/C:/Users/USER/Desktop/BroCampTasks/Angular_Project/frontend/.angular/cache/18.2.11/frontend/vite/deps/emoji-picker-element.js.map 304 [13/Feb/2025:17:31:47 +0000] - 281.374 ms localhost
GET /login.component.css.map 200 [13/Feb/2025:17:31:47 +0000] - 217.763 ms localhost
GET / - [13/Feb/2025:17:35:47 +0000] - - ms localhost
GET /login 200 [13/Feb/2025:18:10:54 +0000] - 34.847 ms localhost
GET /styles.css 200 [13/Feb/2025:18:10:54 +0000] - 260.874 ms localhost
GET /polyfills.js 304 [13/Feb/2025:18:10:54 +0000] - 263.401 ms localhost
GET /@vite/client 304 [13/Feb/2025:18:10:54 +0000] - 98.360 ms localhost
GET /main.js 304 [13/Feb/2025:18:10:54 +0000] - 98.441 ms localhost
GET /@fs/C:/Users/USER/Desktop/BroCampTasks/Angular_Project/frontend/node_modules/vite/dist/client/env.mjs 304 [13/Feb/2025:18:10:55 +0000] - 27.172 ms localhost
GET /styles.css.map 200 [13/Feb/2025:18:10:56 +0000] - 27.292 ms localhost
GET /@fs/C:/Users/USER/Desktop/BroCampTasks/Angular_Project/frontend/.angular/cache/18.2.11/frontend/vite/deps/@angular_platform-browser.js.map 304 [13/Feb/2025:18:10:57 +0000] - 32.124 ms localhost
GET /@fs/C:/Users/USER/Desktop/BroCampTasks/Angular_Project/frontend/.angular/cache/18.2.11/frontend/vite/deps/chunk-ZKQIAUIS.js.map 304 [13/Feb/2025:18:10:58 +0000] - 66.623 ms localhost
GET /@fs/C:/Users/USER/Desktop/BroCampTasks/Angular_Project/frontend/.angular/cache/18.2.11/frontend/vite/deps/chunk-F4ZW7LLY.js.map 304 [13/Feb/2025:18:10:58 +0000] - 75.614 ms localhost
GET /@fs/C:/Users/USER/Desktop/BroCampTasks/Angular_Project/frontend/.angular/cache/18.2.11/frontend/vite/deps/chunk-2ZWNOPXZ.js.map 304 [13/Feb/2025:18:10:58 +0000] - 51.376 ms localhost
GET /@fs/C:/Users/USER/Desktop/BroCampTasks/Angular_Project/frontend/.angular/cache/18.2.11/frontend/vite/deps/chunk-BKIWMXDL.js.map 304 [13/Feb/2025:18:10:58 +0000] - 151.340 ms localhost
GET /@fs/C:/Users/USER/Desktop/BroCampTasks/Angular_Project/frontend/.angular/cache/18.2.11/frontend/vite/deps/chunk-66JPAEYR.js.map 304 [13/Feb/2025:18:10:58 +0000] - 149.353 ms localhost
GET /@fs/C:/Users/USER/Desktop/BroCampTasks/Angular_Project/frontend/.angular/cache/18.2.11/frontend/vite/deps/chunk-XWLXMCJQ.js.map 304 [13/Feb/2025:18:10:58 +0000] - 38.913 ms localhost
GET /@fs/C:/Users/USER/Desktop/BroCampTasks/Angular_Project/frontend/.angular/cache/18.2.11/frontend/vite/deps/@angular_core.js.map 304 [13/Feb/2025:18:10:59 +0000] - 335.840 ms localhost
GET /@fs/C:/Users/USER/Desktop/BroCampTasks/Angular_Project/frontend/.angular/cache/18.2.11/frontend/vite/deps/@angular_router.js.map 304 [13/Feb/2025:18:10:59 +0000] - 379.974 ms localhost
GET /@fs/C:/Users/USER/Desktop/BroCampTasks/Angular_Project/frontend/.angular/cache/18.2.11/frontend/vite/deps/@angular_common_http.js.map 304 [13/Feb/2025:18:10:59 +0000] - 382.326 ms localhost
GET /@fs/C:/Users/USER/Desktop/BroCampTasks/Angular_Project/frontend/.angular/cache/18.2.11/frontend/vite/deps/rxjs.js.map 304 [13/Feb/2025:18:10:59 +0000] - 232.000 ms localhost
GET /@fs/C:/Users/USER/Desktop/BroCampTasks/Angular_Project/frontend/.angular/cache/18.2.11/frontend/vite/deps/@angular_forms.js.map 304 [13/Feb/2025:18:10:59 +0000] - 528.511 ms localhost
GET /@fs/C:/Users/USER/Desktop/BroCampTasks/Angular_Project/frontend/.angular/cache/18.2.11/frontend/vite/deps/@angular_common.js.map 304 [13/Feb/2025:18:10:59 +0000] - 529.054 ms localhost
GET /@fs/C:/Users/USER/Desktop/BroCampTasks/Angular_Project/frontend/.angular/cache/18.2.11/frontend/vite/deps/ngx-socket-io.js.map 304 [13/Feb/2025:18:10:59 +0000] - 336.007 ms localhost
GET /@fs/C:/Users/USER/Desktop/BroCampTasks/Angular_Project/frontend/.angular/cache/18.2.11/frontend/vite/deps/chunk-7MS5FTBZ.js.map 304 [13/Feb/2025:18:10:59 +0000] - 141.126 ms localhost
GET /@fs/C:/Users/USER/Desktop/BroCampTasks/Angular_Project/frontend/.angular/cache/18.2.11/frontend/vite/deps/emoji-picker-element.js.map 304 [13/Feb/2025:18:10:59 +0000] - 155.611 ms localhost
GET /login.component.css.map 200 [13/Feb/2025:18:10:59 +0000] - 32.256 ms localhost
GET /favicon.ico 304 [13/Feb/2025:18:11:01 +0000] - 37.805 ms localhost
GET / - [13/Feb/2025:18:14:55 +0000] - - ms localhost
