GET /login 200 [23/Mar/2025:14:55:01 +0000] - 108.595 ms localhost
GET /@vite/client 200 [23/Mar/2025:14:55:01 +0000] - 60.036 ms localhost
GET /styles.css 200 [23/Mar/2025:14:55:01 +0000] - 46.905 ms localhost
GET /polyfills.js 200 [23/Mar/2025:14:55:02 +0000] - 20.665 ms localhost
GET /main.js 200 [23/Mar/2025:14:55:02 +0000] - 27.719 ms localhost
GET /@fs/C:/Users/USER/Documents/BroCampTasks/Angular_Project/frontend/node_modules/vite/dist/client/env.mjs 200 [23/Mar/2025:14:55:02 +0000] - 8.431 ms localhost
GET /scripts.js 200 [23/Mar/2025:14:55:02 +0000] - 14.189 ms localhost
GET /chunk-JK2OZDZD.js 200 [23/Mar/2025:14:55:03 +0000] - 5.274 ms localhost
GET /chunk-UMR7G2CH.js 200 [23/Mar/2025:14:55:03 +0000] - 20.190 ms localhost
GET /chunk-CKERTW25.js 200 [23/Mar/2025:14:55:03 +0000] - 22.828 ms localhost
GET /@fs/C:/Users/USER/Documents/BroCampTasks/Angular_Project/frontend/.angular/cache/18.2.15/frontend/vite/deps/@angular_platform-browser.js?v=ffa03c27 200 [23/Mar/2025:14:55:03 +0000] - 129.302 ms localhost
GET /@fs/C:/Users/USER/Documents/BroCampTasks/Angular_Project/frontend/.angular/cache/18.2.15/frontend/vite/deps/@angular_core.js?v=ffa03c27 200 [23/Mar/2025:14:55:03 +0000] - 72.225 ms localhost
GET /@fs/C:/Users/USER/Documents/BroCampTasks/Angular_Project/frontend/.angular/cache/18.2.15/frontend/vite/deps/@angular_router.js?v=ffa03c27 200 [23/Mar/2025:14:55:03 +0000] - 79.546 ms localhost
GET /@fs/C:/Users/USER/Documents/BroCampTasks/Angular_Project/frontend/.angular/cache/18.2.15/frontend/vite/deps/@angular_common_http.js?v=ffa03c27 200 [23/Mar/2025:14:55:03 +0000] - 5.238 ms localhost
GET /@fs/C:/Users/USER/Documents/BroCampTasks/Angular_Project/frontend/.angular/cache/18.2.15/frontend/vite/deps/rxjs.js?v=ffa03c27 200 [23/Mar/2025:14:55:03 +0000] - 4.967 ms localhost
GET /@fs/C:/Users/USER/Documents/BroCampTasks/Angular_Project/frontend/.angular/cache/18.2.15/frontend/vite/deps/ngx-socket-io.js?v=ffa03c27 200 [23/Mar/2025:14:55:03 +0000] - 7.034 ms localhost
GET /@fs/C:/Users/USER/Documents/BroCampTasks/Angular_Project/frontend/.angular/cache/18.2.15/frontend/vite/deps/@angular_forms.js?v=ffa03c27 200 [23/Mar/2025:14:55:03 +0000] - 55.771 ms localhost
GET /@fs/C:/Users/USER/Documents/BroCampTasks/Angular_Project/frontend/.angular/cache/18.2.15/frontend/vite/deps/emoji-picker-element.js?v=ffa03c27 200 [23/Mar/2025:14:55:03 +0000] - 57.565 ms localhost
GET /@fs/C:/Users/USER/Documents/BroCampTasks/Angular_Project/frontend/.angular/cache/18.2.15/frontend/vite/deps/chunk-TI4NIV3R.js?v=ffa03c27 200 [23/Mar/2025:14:55:03 +0000] - 3.503 ms localhost
GET /@fs/C:/Users/USER/Documents/BroCampTasks/Angular_Project/frontend/.angular/cache/18.2.15/frontend/vite/deps/chunk-UWVBNKXZ.js?v=ffa03c27 200 [23/Mar/2025:14:55:03 +0000] - 8.356 ms localhost
GET /@fs/C:/Users/USER/Documents/BroCampTasks/Angular_Project/frontend/.angular/cache/18.2.15/frontend/vite/deps/chunk-KHJLBV7G.js?v=ffa03c27 200 [23/Mar/2025:14:55:03 +0000] - 10.508 ms localhost
GET /@fs/C:/Users/USER/Documents/BroCampTasks/Angular_Project/frontend/.angular/cache/18.2.15/frontend/vite/deps/chunk-KPU55VW5.js?v=ffa03c27 200 [23/Mar/2025:14:55:03 +0000] - 16.001 ms localhost
GET /@fs/C:/Users/USER/Documents/BroCampTasks/Angular_Project/frontend/.angular/cache/18.2.15/frontend/vite/deps/chunk-P6U2JBMQ.js?v=ffa03c27 200 [23/Mar/2025:14:55:04 +0000] - 12.716 ms localhost
GET /@fs/C:/Users/USER/Documents/BroCampTasks/Angular_Project/frontend/.angular/cache/18.2.15/frontend/vite/deps/chunk-XWLXMCJQ.js?v=ffa03c27 200 [23/Mar/2025:14:55:04 +0000] - 13.215 ms localhost
GET /styles.css.map 200 [23/Mar/2025:14:55:04 +0000] - 8.167 ms localhost
GET /chunk-RJZYI6DB.js 200 [23/Mar/2025:14:55:04 +0000] - 18.422 ms localhost
GET /@fs/C:/Users/USER/Documents/BroCampTasks/Angular_Project/frontend/.angular/cache/18.2.15/frontend/vite/deps/@angular_core.js.map 200 [23/Mar/2025:14:55:04 +0000] - 45.149 ms localhost
GET /@fs/C:/Users/USER/Documents/BroCampTasks/Angular_Project/frontend/.angular/cache/18.2.15/frontend/vite/deps/chunk-KPU55VW5.js.map 200 [23/Mar/2025:14:55:04 +0000] - 191.886 ms localhost
GET /@fs/C:/Users/USER/Documents/BroCampTasks/Angular_Project/frontend/.angular/cache/18.2.15/frontend/vite/deps/chunk-P6U2JBMQ.js.map 200 [23/Mar/2025:14:55:05 +0000] - 351.391 ms localhost
GET /@fs/C:/Users/USER/Documents/BroCampTasks/Angular_Project/frontend/.angular/cache/18.2.15/frontend/vite/deps/rxjs.js.map 200 [23/Mar/2025:14:55:05 +0000] - 224.729 ms localhost
GET /@fs/C:/Users/USER/Documents/BroCampTasks/Angular_Project/frontend/.angular/cache/18.2.15/frontend/vite/deps/chunk-XWLXMCJQ.js.map 200 [23/Mar/2025:14:55:05 +0000] - 371.882 ms localhost
GET /@fs/C:/Users/USER/Documents/BroCampTasks/Angular_Project/frontend/.angular/cache/18.2.15/frontend/vite/deps/@angular_common_http.js.map 200 [23/Mar/2025:14:55:05 +0000] - 224.823 ms localhost
GET /chunk-KSELMSGV.js 200 [23/Mar/2025:14:55:05 +0000] - 4.498 ms localhost
GET /chunk-AD6BEBTX.js 200 [23/Mar/2025:14:55:05 +0000] - 5.115 ms localhost
GET /chunk-MQDO5BT4.js 200 [23/Mar/2025:14:55:05 +0000] - 11.794 ms localhost
GET /chunk-F64TRUFE.js 200 [23/Mar/2025:14:55:05 +0000] - 11.859 ms localhost
GET /@fs/C:/Users/USER/Documents/BroCampTasks/Angular_Project/frontend/.angular/cache/18.2.15/frontend/vite/deps/chunk-KHJLBV7G.js.map 200 [23/Mar/2025:14:55:05 +0000] - 18.590 ms localhost
GET /@fs/C:/Users/USER/Documents/BroCampTasks/Angular_Project/frontend/.angular/cache/18.2.15/frontend/vite/deps/chunk-UWVBNKXZ.js.map 200 [23/Mar/2025:14:55:05 +0000] - 25.291 ms localhost
GET /@fs/C:/Users/USER/Documents/BroCampTasks/Angular_Project/frontend/.angular/cache/18.2.15/frontend/vite/deps/@angular_common.js?v=ffa03c27 200 [23/Mar/2025:14:55:05 +0000] - 6.306 ms localhost
GET /@fs/C:/Users/USER/Documents/BroCampTasks/Angular_Project/frontend/.angular/cache/18.2.15/frontend/vite/deps/@angular_platform-browser.js.map 200 [23/Mar/2025:14:55:05 +0000] - 9.065 ms localhost
GET /@fs/C:/Users/USER/Documents/BroCampTasks/Angular_Project/frontend/.angular/cache/18.2.15/frontend/vite/deps/chunk-TI4NIV3R.js.map 200 [23/Mar/2025:14:55:05 +0000] - 13.887 ms localhost
GET /@fs/C:/Users/USER/Documents/BroCampTasks/Angular_Project/frontend/.angular/cache/18.2.15/frontend/vite/deps/@angular_router.js.map 200 [23/Mar/2025:14:55:05 +0000] - 71.129 ms localhost
GET /@fs/C:/Users/USER/Documents/BroCampTasks/Angular_Project/frontend/.angular/cache/18.2.15/frontend/vite/deps/ngx-socket-io.js.map 200 [23/Mar/2025:14:55:05 +0000] - 70.490 ms localhost
GET /@fs/C:/Users/USER/Documents/BroCampTasks/Angular_Project/frontend/.angular/cache/18.2.15/frontend/vite/deps/@angular_forms.js.map 200 [23/Mar/2025:14:55:05 +0000] - 77.100 ms localhost
GET /@fs/C:/Users/USER/Documents/BroCampTasks/Angular_Project/frontend/.angular/cache/18.2.15/frontend/vite/deps/emoji-picker-element.js.map 200 [23/Mar/2025:14:55:05 +0000] - 27.153 ms localhost
GET /@fs/C:/Users/USER/Documents/BroCampTasks/Angular_Project/frontend/.angular/cache/18.2.15/frontend/vite/deps/@angular_common.js.map 200 [23/Mar/2025:14:55:06 +0000] - 7.596 ms localhost
GET /login.component.css.map 200 [23/Mar/2025:14:55:06 +0000] - 5.750 ms localhost
GET /favicon.ico 200 [23/Mar/2025:14:55:07 +0000] - 17.846 ms localhost
POST /api/user/login 200 [23/Mar/2025:14:55:14 +0000] - 853.541 ms localhost
GET /chunk-WUMSUBQP.js 200 [23/Mar/2025:14:55:14 +0000] - 13.288 ms localhost
GET /chunk-LNWOQ2KW.js 200 [23/Mar/2025:14:55:15 +0000] - 7.016 ms localhost
GET /chunk-2CNKDKFM.js 200 [23/Mar/2025:14:55:15 +0000] - 20.686 ms localhost
GET /chunk-JY7GHWYF.js 200 [23/Mar/2025:14:55:15 +0000] - 5.341 ms localhost
GET /@fs/C:/Users/USER/Documents/BroCampTasks/Angular_Project/frontend/.angular/cache/18.2.15/frontend/vite/deps/chart__js.js?v=ffa03c27 200 [23/Mar/2025:14:55:15 +0000] - 13.238 ms localhost
GET /@fs/C:/Users/USER/Documents/BroCampTasks/Angular_Project/frontend/.angular/cache/18.2.15/frontend/vite/deps/bootstrap.js?v=ffa03c27 200 [23/Mar/2025:14:55:15 +0000] - 23.933 ms localhost
GET /@fs/C:/Users/USER/Documents/BroCampTasks/Angular_Project/frontend/.angular/cache/18.2.15/frontend/vite/deps/bootstrap.js.map 200 [23/Mar/2025:14:55:16 +0000] - 159.598 ms localhost
GET /@fs/C:/Users/USER/Documents/BroCampTasks/Angular_Project/frontend/.angular/cache/18.2.15/frontend/vite/deps/chart__js.js.map 200 [23/Mar/2025:14:55:16 +0000] - 180.134 ms localhost
GET /dashboard.component.css.map 200 [23/Mar/2025:14:55:16 +0000] - 108.553 ms localhost
GET /api/booking/adminData 200 [23/Mar/2025:14:55:16 +0000] - 582.917 ms localhost
GET /api/booking/chartDataAdmin/Weekly 200 [23/Mar/2025:14:55:16 +0000] - 530.530 ms localhost
GET /api/booking/chartDataAdmin/Weekly 200 [23/Mar/2025:14:55:16 +0000] - 486.431 ms localhost
GET /admin-dashboard.component.css.map 200 [23/Mar/2025:14:55:16 +0000] - 15.626 ms localhost
GET /layout.component.css.map 200 [23/Mar/2025:14:55:16 +0000] - 4.253 ms localhost
GET /api/user/logout 200 [23/Mar/2025:14:55:42 +0000] - 64.408 ms localhost
GET /login.component.css.map 200 [23/Mar/2025:14:55:43 +0000] - 3.777 ms localhost
GET /login 200 [23/Mar/2025:14:55:45 +0000] - 9.342 ms localhost
GET /?token=nXZPFnOGxp2U - [23/Mar/2025:14:55:45 +0000] - - ms localhost
GET /styles.css 200 [23/Mar/2025:14:55:45 +0000] - 6.738 ms localhost
GET /@vite/client 200 [23/Mar/2025:14:55:46 +0000] - 30.856 ms localhost
GET /polyfills.js 200 [23/Mar/2025:14:55:46 +0000] - 34.654 ms localhost
GET /main.js 200 [23/Mar/2025:14:55:46 +0000] - 37.747 ms localhost
GET /scripts.js 200 [23/Mar/2025:14:55:46 +0000] - 21.354 ms localhost
GET /@fs/C:/Users/USER/Documents/BroCampTasks/Angular_Project/frontend/node_modules/vite/dist/client/env.mjs 200 [23/Mar/2025:14:55:46 +0000] - 6.551 ms localhost
GET /chunk-JK2OZDZD.js 200 [23/Mar/2025:14:55:46 +0000] - 3.170 ms localhost
GET /chunk-UMR7G2CH.js 200 [23/Mar/2025:14:55:46 +0000] - 9.864 ms localhost
GET /chunk-CKERTW25.js 200 [23/Mar/2025:14:55:46 +0000] - 10.182 ms localhost
GET /@fs/C:/Users/USER/Documents/BroCampTasks/Angular_Project/frontend/.angular/cache/18.2.15/frontend/vite/deps/@angular_platform-browser.js?v=ffa03c27 200 [23/Mar/2025:14:55:46 +0000] - 10.143 ms localhost
GET /@fs/C:/Users/USER/Documents/BroCampTasks/Angular_Project/frontend/.angular/cache/18.2.15/frontend/vite/deps/@angular_core.js?v=ffa03c27 200 [23/Mar/2025:14:55:46 +0000] - 9.619 ms localhost
GET /@fs/C:/Users/USER/Documents/BroCampTasks/Angular_Project/frontend/.angular/cache/18.2.15/frontend/vite/deps/@angular_router.js?v=ffa03c27 200 [23/Mar/2025:14:55:46 +0000] - 8.268 ms localhost
GET /@fs/C:/Users/USER/Documents/BroCampTasks/Angular_Project/frontend/.angular/cache/18.2.15/frontend/vite/deps/@angular_common_http.js?v=ffa03c27 200 [23/Mar/2025:14:55:46 +0000] - 8.657 ms localhost
GET /@fs/C:/Users/USER/Documents/BroCampTasks/Angular_Project/frontend/.angular/cache/18.2.15/frontend/vite/deps/rxjs.js?v=ffa03c27 200 [23/Mar/2025:14:55:46 +0000] - 11.828 ms localhost
GET /@fs/C:/Users/USER/Documents/BroCampTasks/Angular_Project/frontend/.angular/cache/18.2.15/frontend/vite/deps/ngx-socket-io.js?v=ffa03c27 200 [23/Mar/2025:14:55:46 +0000] - 12.694 ms localhost
GET /@fs/C:/Users/USER/Documents/BroCampTasks/Angular_Project/frontend/.angular/cache/18.2.15/frontend/vite/deps/@angular_forms.js?v=ffa03c27 200 [23/Mar/2025:14:55:46 +0000] - 14.493 ms localhost
GET /@fs/C:/Users/USER/Documents/BroCampTasks/Angular_Project/frontend/.angular/cache/18.2.15/frontend/vite/deps/emoji-picker-element.js?v=ffa03c27 200 [23/Mar/2025:14:55:46 +0000] - 12.472 ms localhost
GET /@fs/C:/Users/USER/Documents/BroCampTasks/Angular_Project/frontend/.angular/cache/18.2.15/frontend/vite/deps/chunk-TI4NIV3R.js?v=ffa03c27 200 [23/Mar/2025:14:55:47 +0000] - 3.469 ms localhost
GET /@fs/C:/Users/USER/Documents/BroCampTasks/Angular_Project/frontend/.angular/cache/18.2.15/frontend/vite/deps/chunk-KHJLBV7G.js?v=ffa03c27 200 [23/Mar/2025:14:55:47 +0000] - 5.000 ms localhost
GET /@fs/C:/Users/USER/Documents/BroCampTasks/Angular_Project/frontend/.angular/cache/18.2.15/frontend/vite/deps/chunk-UWVBNKXZ.js?v=ffa03c27 200 [23/Mar/2025:14:55:47 +0000] - 11.080 ms localhost
GET /@fs/C:/Users/USER/Documents/BroCampTasks/Angular_Project/frontend/.angular/cache/18.2.15/frontend/vite/deps/chunk-KPU55VW5.js?v=ffa03c27 200 [23/Mar/2025:14:55:47 +0000] - 18.635 ms localhost
GET /@fs/C:/Users/USER/Documents/BroCampTasks/Angular_Project/frontend/.angular/cache/18.2.15/frontend/vite/deps/chunk-P6U2JBMQ.js?v=ffa03c27 200 [23/Mar/2025:14:55:47 +0000] - 7.499 ms localhost
GET /@fs/C:/Users/USER/Documents/BroCampTasks/Angular_Project/frontend/.angular/cache/18.2.15/frontend/vite/deps/chunk-XWLXMCJQ.js?v=ffa03c27 200 [23/Mar/2025:14:55:47 +0000] - 5.593 ms localhost
GET /chunk-RJZYI6DB.js 200 [23/Mar/2025:14:55:47 +0000] - 3.948 ms localhost
GET /chunk-KSELMSGV.js 200 [23/Mar/2025:14:55:47 +0000] - 6.786 ms localhost
GET /chunk-AD6BEBTX.js 200 [23/Mar/2025:14:55:47 +0000] - 7.520 ms localhost
GET /chunk-MQDO5BT4.js 200 [23/Mar/2025:14:55:47 +0000] - 7.670 ms localhost
GET /chunk-F64TRUFE.js 200 [23/Mar/2025:14:55:47 +0000] - 8.914 ms localhost
GET /favicon.ico 200 [23/Mar/2025:14:55:47 +0000] - 9.746 ms localhost
GET /@fs/C:/Users/USER/Documents/BroCampTasks/Angular_Project/frontend/.angular/cache/18.2.15/frontend/vite/deps/@angular_common.js?v=ffa03c27 200 [23/Mar/2025:14:55:47 +0000] - 5.880 ms localhost
GET /styles.css.map 200 [23/Mar/2025:14:55:47 +0000] - 13.357 ms localhost
GET /@fs/C:/Users/USER/Documents/BroCampTasks/Angular_Project/frontend/.angular/cache/18.2.15/frontend/vite/deps/@angular_core.js.map 200 [23/Mar/2025:14:55:47 +0000] - 15.774 ms localhost
GET /@fs/C:/Users/USER/Documents/BroCampTasks/Angular_Project/frontend/.angular/cache/18.2.15/frontend/vite/deps/chunk-P6U2JBMQ.js.map 200 [23/Mar/2025:14:55:47 +0000] - 27.178 ms localhost
GET /@fs/C:/Users/USER/Documents/BroCampTasks/Angular_Project/frontend/.angular/cache/18.2.15/frontend/vite/deps/chunk-XWLXMCJQ.js.map 200 [23/Mar/2025:14:55:47 +0000] - 29.613 ms localhost
GET /@fs/C:/Users/USER/Documents/BroCampTasks/Angular_Project/frontend/.angular/cache/18.2.15/frontend/vite/deps/chunk-KPU55VW5.js.map 200 [23/Mar/2025:14:55:47 +0000] - 105.684 ms localhost
GET /@fs/C:/Users/USER/Documents/BroCampTasks/Angular_Project/frontend/.angular/cache/18.2.15/frontend/vite/deps/rxjs.js.map 200 [23/Mar/2025:14:55:47 +0000] - 8.185 ms localhost
GET /@fs/C:/Users/USER/Documents/BroCampTasks/Angular_Project/frontend/.angular/cache/18.2.15/frontend/vite/deps/@angular_common_http.js.map 200 [23/Mar/2025:14:55:48 +0000] - 8.271 ms localhost
GET /@fs/C:/Users/USER/Documents/BroCampTasks/Angular_Project/frontend/.angular/cache/18.2.15/frontend/vite/deps/@angular_platform-browser.js.map 200 [23/Mar/2025:14:55:48 +0000] - 6.047 ms localhost
GET /@fs/C:/Users/USER/Documents/BroCampTasks/Angular_Project/frontend/.angular/cache/18.2.15/frontend/vite/deps/chunk-KHJLBV7G.js.map 200 [23/Mar/2025:14:55:48 +0000] - 63.035 ms localhost
GET /@fs/C:/Users/USER/Documents/BroCampTasks/Angular_Project/frontend/.angular/cache/18.2.15/frontend/vite/deps/chunk-UWVBNKXZ.js.map 200 [23/Mar/2025:14:55:48 +0000] - 69.025 ms localhost
GET /@fs/C:/Users/USER/Documents/BroCampTasks/Angular_Project/frontend/.angular/cache/18.2.15/frontend/vite/deps/chunk-TI4NIV3R.js.map 200 [23/Mar/2025:14:55:48 +0000] - 14.011 ms localhost
GET /@fs/C:/Users/USER/Documents/BroCampTasks/Angular_Project/frontend/.angular/cache/18.2.15/frontend/vite/deps/@angular_router.js.map 200 [23/Mar/2025:14:55:48 +0000] - 24.898 ms localhost
GET /@fs/C:/Users/USER/Documents/BroCampTasks/Angular_Project/frontend/.angular/cache/18.2.15/frontend/vite/deps/ngx-socket-io.js.map 200 [23/Mar/2025:14:55:48 +0000] - 11.716 ms localhost
GET /@fs/C:/Users/USER/Documents/BroCampTasks/Angular_Project/frontend/.angular/cache/18.2.15/frontend/vite/deps/@angular_forms.js.map 200 [23/Mar/2025:14:55:48 +0000] - 13.359 ms localhost
GET /@fs/C:/Users/USER/Documents/BroCampTasks/Angular_Project/frontend/.angular/cache/18.2.15/frontend/vite/deps/emoji-picker-element.js.map 200 [23/Mar/2025:14:55:48 +0000] - 10.538 ms localhost
GET /@fs/C:/Users/USER/Documents/BroCampTasks/Angular_Project/frontend/.angular/cache/18.2.15/frontend/vite/deps/@angular_common.js.map 200 [23/Mar/2025:14:55:48 +0000] - 5.349 ms localhost
GET /login.component.css.map 200 [23/Mar/2025:14:55:48 +0000] - 2.521 ms localhost
POST /api/user/login 200 [23/Mar/2025:14:55:53 +0000] - 133.488 ms localhost
GET /chunk-REXKJNHT.js 200 [23/Mar/2025:14:55:54 +0000] - 5.017 ms localhost
GET /chunk-LNWOQ2KW.js 200 [23/Mar/2025:14:55:54 +0000] - 4.089 ms localhost
GET /chunk-BUKG4MF6.js 200 [23/Mar/2025:14:55:54 +0000] - 6.759 ms localhost
GET /chunk-JY7GHWYF.js 200 [23/Mar/2025:14:55:54 +0000] - 2.113 ms localhost
GET /@fs/C:/Users/USER/Documents/BroCampTasks/Angular_Project/frontend/.angular/cache/18.2.15/frontend/vite/deps/bootstrap.js?v=ffa03c27 200 [23/Mar/2025:14:55:54 +0000] - 3.646 ms localhost
GET /@fs/C:/Users/USER/Documents/BroCampTasks/Angular_Project/frontend/.angular/cache/18.2.15/frontend/vite/deps/chart__js.js?v=ffa03c27 200 [23/Mar/2025:14:55:54 +0000] - 6.636 ms localhost
GET /@fs/C:/Users/USER/Documents/BroCampTasks/Angular_Project/frontend/.angular/cache/18.2.15/frontend/vite/deps/bootstrap.js.map 200 [23/Mar/2025:14:55:55 +0000] - 12.686 ms localhost
GET /@fs/C:/Users/USER/Documents/BroCampTasks/Angular_Project/frontend/.angular/cache/18.2.15/frontend/vite/deps/chart__js.js.map 200 [23/Mar/2025:14:55:55 +0000] - 26.099 ms localhost
GET /api/booking/adminData 200 [23/Mar/2025:14:55:55 +0000] - 333.800 ms localhost
GET /api/booking/adminPaymentList 200 [23/Mar/2025:14:55:55 +0000] - 312.090 ms localhost
GET /api/booking/chartDataAdmin/Weekly 200 [23/Mar/2025:14:55:55 +0000] - 283.339 ms localhost
GET /api/booking/chartDataAdmin/Weekly 200 [23/Mar/2025:14:55:55 +0000] - 115.060 ms localhost
GET /layout.component.css.map 200 [23/Mar/2025:14:55:55 +0000] - 5.997 ms localhost
GET /admin-dashboard.component.css.map 200 [23/Mar/2025:14:55:55 +0000] - 6.055 ms localhost
GET /dashboard.component.css.map 200 [23/Mar/2025:14:55:55 +0000] - 4.877 ms localhost
GET /?token=nXZPFnOGxp2U - [23/Mar/2025:14:59:46 +0000] - - ms localhost
GET /dashboard 200 [23/Mar/2025:14:59:47 +0000] - 15.302 ms localhost
GET /@vite/client 200 [23/Mar/2025:14:59:47 +0000] - 29.347 ms localhost
GET /styles.css 200 [23/Mar/2025:14:59:48 +0000] - 4.660 ms localhost
GET /polyfills.js 200 [23/Mar/2025:14:59:48 +0000] - 8.963 ms localhost
GET /main.js 200 [23/Mar/2025:14:59:48 +0000] - 3.677 ms localhost
GET /@fs/C:/Users/USER/Documents/BroCampTasks/Angular_Project/frontend/node_modules/vite/dist/client/env.mjs 200 [23/Mar/2025:14:59:48 +0000] - 4.268 ms localhost
GET /chunk-JK2OZDZD.js 200 [23/Mar/2025:14:59:48 +0000] - 2.609 ms localhost
GET /chunk-VI4ZO25D.js 200 [23/Mar/2025:14:59:49 +0000] - 3.966 ms localhost
GET /chunk-CKERTW25.js 200 [23/Mar/2025:14:59:49 +0000] - 4.542 ms localhost
GET /@fs/C:/Users/USER/Documents/BroCampTasks/Angular_Project/frontend/.angular/cache/18.2.15/frontend/vite/deps/@angular_platform-browser.js?v=ffa03c27 200 [23/Mar/2025:14:59:49 +0000] - 6.446 ms localhost
GET /@fs/C:/Users/USER/Documents/BroCampTasks/Angular_Project/frontend/.angular/cache/18.2.15/frontend/vite/deps/@angular_core.js?v=ffa03c27 200 [23/Mar/2025:14:59:49 +0000] - 2.599 ms localhost
GET /@fs/C:/Users/USER/Documents/BroCampTasks/Angular_Project/frontend/.angular/cache/18.2.15/frontend/vite/deps/@angular_router.js?v=ffa03c27 200 [23/Mar/2025:14:59:49 +0000] - 5.874 ms localhost
GET /@fs/C:/Users/USER/Documents/BroCampTasks/Angular_Project/frontend/.angular/cache/18.2.15/frontend/vite/deps/@angular_common_http.js?v=ffa03c27 200 [23/Mar/2025:14:59:49 +0000] - 45.494 ms localhost
GET /@fs/C:/Users/USER/Documents/BroCampTasks/Angular_Project/frontend/.angular/cache/18.2.15/frontend/vite/deps/rxjs.js?v=ffa03c27 200 [23/Mar/2025:14:59:49 +0000] - 3.451 ms localhost
GET /@fs/C:/Users/USER/Documents/BroCampTasks/Angular_Project/frontend/.angular/cache/18.2.15/frontend/vite/deps/ngx-socket-io.js?v=ffa03c27 200 [23/Mar/2025:14:59:49 +0000] - 5.274 ms localhost
GET /@fs/C:/Users/USER/Documents/BroCampTasks/Angular_Project/frontend/.angular/cache/18.2.15/frontend/vite/deps/@angular_forms.js?v=ffa03c27 200 [23/Mar/2025:14:59:49 +0000] - 6.954 ms localhost
GET /@fs/C:/Users/USER/Documents/BroCampTasks/Angular_Project/frontend/.angular/cache/18.2.15/frontend/vite/deps/emoji-picker-element.js?v=ffa03c27 200 [23/Mar/2025:14:59:49 +0000] - 4.694 ms localhost
GET /@fs/C:/Users/USER/Documents/BroCampTasks/Angular_Project/frontend/.angular/cache/18.2.15/frontend/vite/deps/chunk-TI4NIV3R.js?v=ffa03c27 200 [23/Mar/2025:14:59:49 +0000] - 3.528 ms localhost
GET /@fs/C:/Users/USER/Documents/BroCampTasks/Angular_Project/frontend/.angular/cache/18.2.15/frontend/vite/deps/chunk-KHJLBV7G.js?v=ffa03c27 200 [23/Mar/2025:14:59:49 +0000] - 3.986 ms localhost
GET /@fs/C:/Users/USER/Documents/BroCampTasks/Angular_Project/frontend/.angular/cache/18.2.15/frontend/vite/deps/chunk-UWVBNKXZ.js?v=ffa03c27 200 [23/Mar/2025:14:59:50 +0000] - 6.695 ms localhost
GET /@fs/C:/Users/USER/Documents/BroCampTasks/Angular_Project/frontend/.angular/cache/18.2.15/frontend/vite/deps/chunk-KPU55VW5.js?v=ffa03c27 200 [23/Mar/2025:14:59:50 +0000] - 20.460 ms localhost
GET /@fs/C:/Users/USER/Documents/BroCampTasks/Angular_Project/frontend/.angular/cache/18.2.15/frontend/vite/deps/chunk-P6U2JBMQ.js?v=ffa03c27 200 [23/Mar/2025:14:59:50 +0000] - 8.909 ms localhost
GET /styles.css.map 200 [23/Mar/2025:14:59:50 +0000] - 12.101 ms localhost
GET /@fs/C:/Users/USER/Documents/BroCampTasks/Angular_Project/frontend/.angular/cache/18.2.15/frontend/vite/deps/chunk-XWLXMCJQ.js?v=ffa03c27 200 [23/Mar/2025:14:59:50 +0000] - 2.875 ms localhost
GET /scripts.js 200 [23/Mar/2025:14:59:50 +0000] - 7.537 ms localhost
GET /@fs/C:/Users/USER/Documents/BroCampTasks/Angular_Project/frontend/.angular/cache/18.2.15/frontend/vite/deps/@angular_core.js.map 200 [23/Mar/2025:14:59:51 +0000] - 5.833 ms localhost
GET /@fs/C:/Users/USER/Documents/BroCampTasks/Angular_Project/frontend/.angular/cache/18.2.15/frontend/vite/deps/chunk-P6U2JBMQ.js.map 200 [23/Mar/2025:14:59:51 +0000] - 24.356 ms localhost
GET /@fs/C:/Users/USER/Documents/BroCampTasks/Angular_Project/frontend/.angular/cache/18.2.15/frontend/vite/deps/rxjs.js.map 200 [23/Mar/2025:14:59:51 +0000] - 69.903 ms localhost
GET /@fs/C:/Users/USER/Documents/BroCampTasks/Angular_Project/frontend/.angular/cache/18.2.15/frontend/vite/deps/chunk-KPU55VW5.js.map 200 [23/Mar/2025:14:59:51 +0000] - 134.762 ms localhost
GET /@fs/C:/Users/USER/Documents/BroCampTasks/Angular_Project/frontend/.angular/cache/18.2.15/frontend/vite/deps/chunk-XWLXMCJQ.js.map 200 [23/Mar/2025:14:59:51 +0000] - 133.969 ms localhost
GET /@fs/C:/Users/USER/Documents/BroCampTasks/Angular_Project/frontend/.angular/cache/18.2.15/frontend/vite/deps/chunk-KHJLBV7G.js.map 200 [23/Mar/2025:14:59:51 +0000] - 146.980 ms localhost
GET /@fs/C:/Users/USER/Documents/BroCampTasks/Angular_Project/frontend/.angular/cache/18.2.15/frontend/vite/deps/@angular_common_http.js.map 200 [23/Mar/2025:14:59:51 +0000] - 150.104 ms localhost
GET /@fs/C:/Users/USER/Documents/BroCampTasks/Angular_Project/frontend/.angular/cache/18.2.15/frontend/vite/deps/chunk-UWVBNKXZ.js.map 200 [23/Mar/2025:14:59:51 +0000] - 15.359 ms localhost
GET /@fs/C:/Users/USER/Documents/BroCampTasks/Angular_Project/frontend/.angular/cache/18.2.15/frontend/vite/deps/@angular_platform-browser.js.map 200 [23/Mar/2025:14:59:51 +0000] - 5.450 ms localhost
GET /chunk-6CC3USPP.js 200 [23/Mar/2025:14:59:51 +0000] - 5.713 ms localhost
GET /@fs/C:/Users/USER/Documents/BroCampTasks/Angular_Project/frontend/.angular/cache/18.2.15/frontend/vite/deps/chunk-TI4NIV3R.js.map 200 [23/Mar/2025:14:59:51 +0000] - 14.672 ms localhost
GET /@fs/C:/Users/USER/Documents/BroCampTasks/Angular_Project/frontend/.angular/cache/18.2.15/frontend/vite/deps/@angular_router.js.map 200 [23/Mar/2025:14:59:51 +0000] - 21.248 ms localhost
GET /@fs/C:/Users/USER/Documents/BroCampTasks/Angular_Project/frontend/.angular/cache/18.2.15/frontend/vite/deps/ngx-socket-io.js.map 200 [23/Mar/2025:14:59:51 +0000] - 27.558 ms localhost
GET /@fs/C:/Users/USER/Documents/BroCampTasks/Angular_Project/frontend/.angular/cache/18.2.15/frontend/vite/deps/emoji-picker-element.js.map 200 [23/Mar/2025:14:59:52 +0000] - 161.905 ms localhost
GET /@fs/C:/Users/USER/Documents/BroCampTasks/Angular_Project/frontend/.angular/cache/18.2.15/frontend/vite/deps/@angular_forms.js.map 200 [23/Mar/2025:14:59:52 +0000] - 171.181 ms localhost
GET /chunk-2YDBKXYK.js 200 [23/Mar/2025:14:59:54 +0000] - 7.133 ms localhost
GET /favicon.ico 200 [23/Mar/2025:14:59:54 +0000] - 8.002 ms localhost
GET /chunk-KSELMSGV.js 200 [23/Mar/2025:14:59:54 +0000] - 33.942 ms localhost
GET /chunk-AD6BEBTX.js 200 [23/Mar/2025:14:59:54 +0000] - 3.797 ms localhost
GET /chunk-MQDO5BT4.js 200 [23/Mar/2025:14:59:54 +0000] - 4.186 ms localhost
GET /chunk-F64TRUFE.js 200 [23/Mar/2025:14:59:54 +0000] - 3.945 ms localhost
GET /@fs/C:/Users/USER/Documents/BroCampTasks/Angular_Project/frontend/.angular/cache/18.2.15/frontend/vite/deps/@angular_common.js?v=ffa03c27 200 [23/Mar/2025:14:59:55 +0000] - 5.833 ms localhost
GET /@fs/C:/Users/USER/Documents/BroCampTasks/Angular_Project/frontend/.angular/cache/18.2.15/frontend/vite/deps/@angular_common.js.map 200 [23/Mar/2025:14:59:55 +0000] - 3.558 ms localhost
GET /login.component.css.map 200 [23/Mar/2025:14:59:55 +0000] - 3.153 ms localhost
GET /?token=nXZPFnOGxp2U - [23/Mar/2025:15:03:48 +0000] - - ms localhost
GET /login 200 [23/Mar/2025:15:52:12 +0000] - 115.269 ms localhost
GET /styles.css 200 [23/Mar/2025:15:52:13 +0000] - 12.552 ms localhost
GET /@vite/client 200 [23/Mar/2025:15:52:13 +0000] - 71.213 ms localhost
GET /polyfills.js 200 [23/Mar/2025:15:52:13 +0000] - 16.936 ms localhost
GET /main.js 200 [23/Mar/2025:15:52:13 +0000] - 28.550 ms localhost
GET /@fs/C:/Users/USER/Documents/BroCampTasks/Angular_Project/frontend/node_modules/vite/dist/client/env.mjs 200 [23/Mar/2025:15:52:13 +0000] - 5.757 ms localhost
GET /scripts.js 200 [23/Mar/2025:15:52:13 +0000] - 13.692 ms localhost
GET /chunk-JK2OZDZD.js 200 [23/Mar/2025:15:52:14 +0000] - 3.161 ms localhost
GET /chunk-VI4ZO25D.js 200 [23/Mar/2025:15:52:14 +0000] - 18.099 ms localhost
GET /chunk-CKERTW25.js 200 [23/Mar/2025:15:52:14 +0000] - 20.412 ms localhost
GET /@fs/C:/Users/USER/Documents/BroCampTasks/Angular_Project/frontend/.angular/cache/18.2.15/frontend/vite/deps/@angular_platform-browser.js?v=ffa03c27 200 [23/Mar/2025:15:52:14 +0000] - 20.397 ms localhost
GET /@fs/C:/Users/USER/Documents/BroCampTasks/Angular_Project/frontend/.angular/cache/18.2.15/frontend/vite/deps/@angular_core.js?v=ffa03c27 200 [23/Mar/2025:15:52:14 +0000] - 9.342 ms localhost
GET /@fs/C:/Users/USER/Documents/BroCampTasks/Angular_Project/frontend/.angular/cache/18.2.15/frontend/vite/deps/@angular_router.js?v=ffa03c27 200 [23/Mar/2025:15:52:14 +0000] - 21.949 ms localhost
GET /@fs/C:/Users/USER/Documents/BroCampTasks/Angular_Project/frontend/.angular/cache/18.2.15/frontend/vite/deps/@angular_common_http.js?v=ffa03c27 200 [23/Mar/2025:15:52:15 +0000] - 12.604 ms localhost
GET /@fs/C:/Users/USER/Documents/BroCampTasks/Angular_Project/frontend/.angular/cache/18.2.15/frontend/vite/deps/rxjs.js?v=ffa03c27 200 [23/Mar/2025:15:52:15 +0000] - 14.306 ms localhost
GET /@fs/C:/Users/USER/Documents/BroCampTasks/Angular_Project/frontend/.angular/cache/18.2.15/frontend/vite/deps/ngx-socket-io.js?v=ffa03c27 200 [23/Mar/2025:15:52:15 +0000] - 14.740 ms localhost
GET /@fs/C:/Users/USER/Documents/BroCampTasks/Angular_Project/frontend/.angular/cache/18.2.15/frontend/vite/deps/@angular_forms.js?v=ffa03c27 200 [23/Mar/2025:15:52:15 +0000] - 31.578 ms localhost
GET /@fs/C:/Users/USER/Documents/BroCampTasks/Angular_Project/frontend/.angular/cache/18.2.15/frontend/vite/deps/emoji-picker-element.js?v=ffa03c27 200 [23/Mar/2025:15:52:15 +0000] - 36.367 ms localhost
GET /@fs/C:/Users/USER/Documents/BroCampTasks/Angular_Project/frontend/.angular/cache/18.2.15/frontend/vite/deps/chunk-TI4NIV3R.js?v=ffa03c27 200 [23/Mar/2025:15:52:15 +0000] - 11.213 ms localhost
GET /@fs/C:/Users/USER/Documents/BroCampTasks/Angular_Project/frontend/.angular/cache/18.2.15/frontend/vite/deps/chunk-KHJLBV7G.js?v=ffa03c27 200 [23/Mar/2025:15:52:15 +0000] - 18.162 ms localhost
GET /styles.css.map 200 [23/Mar/2025:15:52:15 +0000] - 11.603 ms localhost
GET /@fs/C:/Users/USER/Documents/BroCampTasks/Angular_Project/frontend/.angular/cache/18.2.15/frontend/vite/deps/chunk-UWVBNKXZ.js?v=ffa03c27 200 [23/Mar/2025:15:52:15 +0000] - 7.018 ms localhost
GET /@fs/C:/Users/USER/Documents/BroCampTasks/Angular_Project/frontend/.angular/cache/18.2.15/frontend/vite/deps/chunk-KPU55VW5.js?v=ffa03c27 200 [23/Mar/2025:15:52:15 +0000] - 24.625 ms localhost
GET /@fs/C:/Users/USER/Documents/BroCampTasks/Angular_Project/frontend/.angular/cache/18.2.15/frontend/vite/deps/chunk-P6U2JBMQ.js?v=ffa03c27 200 [23/Mar/2025:15:52:15 +0000] - 7.707 ms localhost
GET /@fs/C:/Users/USER/Documents/BroCampTasks/Angular_Project/frontend/.angular/cache/18.2.15/frontend/vite/deps/chunk-XWLXMCJQ.js?v=ffa03c27 200 [23/Mar/2025:15:52:16 +0000] - 6.355 ms localhost
GET /chunk-2YDBKXYK.js 200 [23/Mar/2025:15:52:16 +0000] - 7.633 ms localhost
GET /@fs/C:/Users/USER/Documents/BroCampTasks/Angular_Project/frontend/.angular/cache/18.2.15/frontend/vite/deps/@angular_core.js.map 200 [23/Mar/2025:15:52:16 +0000] - 19.238 ms localhost
GET /@fs/C:/Users/USER/Documents/BroCampTasks/Angular_Project/frontend/.angular/cache/18.2.15/frontend/vite/deps/chunk-P6U2JBMQ.js.map 200 [23/Mar/2025:15:52:16 +0000] - 199.745 ms localhost
GET /@fs/C:/Users/USER/Documents/BroCampTasks/Angular_Project/frontend/.angular/cache/18.2.15/frontend/vite/deps/chunk-XWLXMCJQ.js.map 200 [23/Mar/2025:15:52:16 +0000] - 186.273 ms localhost
GET /@fs/C:/Users/USER/Documents/BroCampTasks/Angular_Project/frontend/.angular/cache/18.2.15/frontend/vite/deps/chunk-KPU55VW5.js.map 200 [23/Mar/2025:15:52:16 +0000] - 169.693 ms localhost
GET /@fs/C:/Users/USER/Documents/BroCampTasks/Angular_Project/frontend/.angular/cache/18.2.15/frontend/vite/deps/rxjs.js.map 200 [23/Mar/2025:15:52:16 +0000] - 187.222 ms localhost
GET /@fs/C:/Users/USER/Documents/BroCampTasks/Angular_Project/frontend/.angular/cache/18.2.15/frontend/vite/deps/@angular_common_http.js.map 200 [23/Mar/2025:15:52:16 +0000] - 119.583 ms localhost
GET /@fs/C:/Users/USER/Documents/BroCampTasks/Angular_Project/frontend/.angular/cache/18.2.15/frontend/vite/deps/chunk-KHJLBV7G.js.map 200 [23/Mar/2025:15:52:17 +0000] - 18.058 ms localhost
GET /chunk-KSELMSGV.js 200 [23/Mar/2025:15:52:17 +0000] - 206.601 ms localhost
GET /chunk-AD6BEBTX.js 200 [23/Mar/2025:15:52:17 +0000] - 90.186 ms localhost
GET /chunk-MQDO5BT4.js 200 [23/Mar/2025:15:52:17 +0000] - 86.499 ms localhost
GET /@fs/C:/Users/USER/Documents/BroCampTasks/Angular_Project/frontend/.angular/cache/18.2.15/frontend/vite/deps/chunk-UWVBNKXZ.js.map 200 [23/Mar/2025:15:52:17 +0000] - 85.647 ms localhost
GET /@fs/C:/Users/USER/Documents/BroCampTasks/Angular_Project/frontend/.angular/cache/18.2.15/frontend/vite/deps/@angular_platform-browser.js.map 200 [23/Mar/2025:15:52:17 +0000] - 83.073 ms localhost
GET /@fs/C:/Users/USER/Documents/BroCampTasks/Angular_Project/frontend/.angular/cache/18.2.15/frontend/vite/deps/chunk-TI4NIV3R.js.map 200 [23/Mar/2025:15:52:17 +0000] - 29.274 ms localhost
GET /chunk-F64TRUFE.js 200 [23/Mar/2025:15:52:17 +0000] - 22.874 ms localhost
GET /favicon.ico 200 [23/Mar/2025:15:52:17 +0000] - 50.337 ms localhost
GET /@fs/C:/Users/USER/Documents/BroCampTasks/Angular_Project/frontend/.angular/cache/18.2.15/frontend/vite/deps/@angular_common.js?v=ffa03c27 200 [23/Mar/2025:15:52:17 +0000] - 67.341 ms localhost
GET /@fs/C:/Users/USER/Documents/BroCampTasks/Angular_Project/frontend/.angular/cache/18.2.15/frontend/vite/deps/@angular_router.js.map 200 [23/Mar/2025:15:52:17 +0000] - 89.821 ms localhost
GET /@fs/C:/Users/USER/Documents/BroCampTasks/Angular_Project/frontend/.angular/cache/18.2.15/frontend/vite/deps/ngx-socket-io.js.map 200 [23/Mar/2025:15:52:17 +0000] - 11.313 ms localhost
GET /@fs/C:/Users/USER/Documents/BroCampTasks/Angular_Project/frontend/.angular/cache/18.2.15/frontend/vite/deps/@angular_forms.js.map 200 [23/Mar/2025:15:52:18 +0000] - 20.399 ms localhost
GET /@fs/C:/Users/USER/Documents/BroCampTasks/Angular_Project/frontend/.angular/cache/18.2.15/frontend/vite/deps/emoji-picker-element.js.map 200 [23/Mar/2025:15:52:18 +0000] - 12.849 ms localhost
GET /login.component.css.map 200 [23/Mar/2025:15:52:19 +0000] - 13.826 ms localhost
GET /@fs/C:/Users/USER/Documents/BroCampTasks/Angular_Project/frontend/.angular/cache/18.2.15/frontend/vite/deps/@angular_common.js.map 200 [23/Mar/2025:15:52:19 +0000] - 17.366 ms localhost
GET /?token=nXZPFnOGxp2U - [23/Mar/2025:15:56:14 +0000] - - ms localhost
GET /login 200 [23/Mar/2025:16:00:20 +0000] - 11.407 ms localhost
GET /@vite/client 200 [23/Mar/2025:16:00:20 +0000] - 22.558 ms localhost
GET /styles.css 200 [23/Mar/2025:16:00:21 +0000] - 8.546 ms localhost
GET /polyfills.js 200 [23/Mar/2025:16:00:22 +0000] - 8.220 ms localhost
GET /main.js 200 [23/Mar/2025:16:00:23 +0000] - 13.262 ms localhost
GET /@fs/C:/Users/USER/Documents/BroCampTasks/Angular_Project/frontend/node_modules/vite/dist/client/env.mjs 200 [23/Mar/2025:16:00:23 +0000] - 5.484 ms localhost
GET /chunk-JK2OZDZD.js 200 [23/Mar/2025:16:00:23 +0000] - 3.800 ms localhost
GET /chunk-VI4ZO25D.js 200 [23/Mar/2025:16:00:23 +0000] - 5.881 ms localhost
GET /chunk-CKERTW25.js 200 [23/Mar/2025:16:00:23 +0000] - 4.165 ms localhost
GET /@fs/C:/Users/USER/Documents/BroCampTasks/Angular_Project/frontend/.angular/cache/18.2.15/frontend/vite/deps/@angular_platform-browser.js?v=ffa03c27 200 [23/Mar/2025:16:00:23 +0000] - 3.446 ms localhost
GET /@fs/C:/Users/USER/Documents/BroCampTasks/Angular_Project/frontend/.angular/cache/18.2.15/frontend/vite/deps/@angular_core.js?v=ffa03c27 200 [23/Mar/2025:16:00:23 +0000] - 5.721 ms localhost
GET /@fs/C:/Users/USER/Documents/BroCampTasks/Angular_Project/frontend/.angular/cache/18.2.15/frontend/vite/deps/@angular_router.js?v=ffa03c27 200 [23/Mar/2025:16:00:23 +0000] - 9.918 ms localhost
GET /@fs/C:/Users/USER/Documents/BroCampTasks/Angular_Project/frontend/.angular/cache/18.2.15/frontend/vite/deps/@angular_common_http.js?v=ffa03c27 200 [23/Mar/2025:16:00:23 +0000] - 3.066 ms localhost
GET /@fs/C:/Users/USER/Documents/BroCampTasks/Angular_Project/frontend/.angular/cache/18.2.15/frontend/vite/deps/rxjs.js?v=ffa03c27 200 [23/Mar/2025:16:00:23 +0000] - 7.133 ms localhost
GET /@fs/C:/Users/USER/Documents/BroCampTasks/Angular_Project/frontend/.angular/cache/18.2.15/frontend/vite/deps/ngx-socket-io.js?v=ffa03c27 200 [23/Mar/2025:16:00:24 +0000] - 5.086 ms localhost
GET /@fs/C:/Users/USER/Documents/BroCampTasks/Angular_Project/frontend/.angular/cache/18.2.15/frontend/vite/deps/@angular_forms.js?v=ffa03c27 200 [23/Mar/2025:16:00:24 +0000] - 8.462 ms localhost
GET /@fs/C:/Users/USER/Documents/BroCampTasks/Angular_Project/frontend/.angular/cache/18.2.15/frontend/vite/deps/emoji-picker-element.js?v=ffa03c27 200 [23/Mar/2025:16:00:24 +0000] - 6.720 ms localhost
GET /styles.css.map 200 [23/Mar/2025:16:00:24 +0000] - 8.645 ms localhost
GET /@fs/C:/Users/USER/Documents/BroCampTasks/Angular_Project/frontend/.angular/cache/18.2.15/frontend/vite/deps/chunk-TI4NIV3R.js?v=ffa03c27 200 [23/Mar/2025:16:00:24 +0000] - 3.520 ms localhost
GET /@fs/C:/Users/USER/Documents/BroCampTasks/Angular_Project/frontend/.angular/cache/18.2.15/frontend/vite/deps/chunk-KHJLBV7G.js?v=ffa03c27 200 [23/Mar/2025:16:00:24 +0000] - 3.977 ms localhost
GET /@fs/C:/Users/USER/Documents/BroCampTasks/Angular_Project/frontend/.angular/cache/18.2.15/frontend/vite/deps/chunk-UWVBNKXZ.js?v=ffa03c27 200 [23/Mar/2025:16:00:24 +0000] - 4.565 ms localhost
GET /@fs/C:/Users/USER/Documents/BroCampTasks/Angular_Project/frontend/.angular/cache/18.2.15/frontend/vite/deps/chunk-KPU55VW5.js?v=ffa03c27 200 [23/Mar/2025:16:00:24 +0000] - 8.417 ms localhost
GET /@fs/C:/Users/USER/Documents/BroCampTasks/Angular_Project/frontend/.angular/cache/18.2.15/frontend/vite/deps/chunk-P6U2JBMQ.js?v=ffa03c27 200 [23/Mar/2025:16:00:25 +0000] - 6.537 ms localhost
GET /@fs/C:/Users/USER/Documents/BroCampTasks/Angular_Project/frontend/.angular/cache/18.2.15/frontend/vite/deps/chunk-XWLXMCJQ.js?v=ffa03c27 200 [23/Mar/2025:16:00:25 +0000] - 11.355 ms localhost
GET /scripts.js 200 [23/Mar/2025:16:00:25 +0000] - 9.663 ms localhost
GET /@fs/C:/Users/USER/Documents/BroCampTasks/Angular_Project/frontend/.angular/cache/18.2.15/frontend/vite/deps/@angular_core.js.map 200 [23/Mar/2025:16:00:25 +0000] - 8.393 ms localhost
GET /chunk-2YDBKXYK.js 200 [23/Mar/2025:16:00:25 +0000] - 10.538 ms localhost
GET /@fs/C:/Users/USER/Documents/BroCampTasks/Angular_Project/frontend/.angular/cache/18.2.15/frontend/vite/deps/chunk-XWLXMCJQ.js.map 200 [23/Mar/2025:16:00:25 +0000] - 15.004 ms localhost
GET /@fs/C:/Users/USER/Documents/BroCampTasks/Angular_Project/frontend/.angular/cache/18.2.15/frontend/vite/deps/rxjs.js.map 200 [23/Mar/2025:16:00:25 +0000] - 15.025 ms localhost
GET /@fs/C:/Users/USER/Documents/BroCampTasks/Angular_Project/frontend/.angular/cache/18.2.15/frontend/vite/deps/chunk-P6U2JBMQ.js.map 200 [23/Mar/2025:16:00:25 +0000] - 24.635 ms localhost
GET /@fs/C:/Users/USER/Documents/BroCampTasks/Angular_Project/frontend/.angular/cache/18.2.15/frontend/vite/deps/chunk-KPU55VW5.js.map 200 [23/Mar/2025:16:00:25 +0000] - 100.123 ms localhost
GET /@fs/C:/Users/USER/Documents/BroCampTasks/Angular_Project/frontend/.angular/cache/18.2.15/frontend/vite/deps/@angular_common_http.js.map 200 [23/Mar/2025:16:00:25 +0000] - 24.469 ms localhost
GET /@fs/C:/Users/USER/Documents/BroCampTasks/Angular_Project/frontend/.angular/cache/18.2.15/frontend/vite/deps/@angular_platform-browser.js.map 200 [23/Mar/2025:16:00:25 +0000] - 6.012 ms localhost
GET /@fs/C:/Users/USER/Documents/BroCampTasks/Angular_Project/frontend/.angular/cache/18.2.15/frontend/vite/deps/chunk-KHJLBV7G.js.map 200 [23/Mar/2025:16:00:25 +0000] - 15.045 ms localhost
GET /@fs/C:/Users/USER/Documents/BroCampTasks/Angular_Project/frontend/.angular/cache/18.2.15/frontend/vite/deps/chunk-TI4NIV3R.js.map 200 [23/Mar/2025:16:00:25 +0000] - 16.452 ms localhost
GET /@fs/C:/Users/USER/Documents/BroCampTasks/Angular_Project/frontend/.angular/cache/18.2.15/frontend/vite/deps/chunk-UWVBNKXZ.js.map 200 [23/Mar/2025:16:00:25 +0000] - 25.159 ms localhost
GET /@fs/C:/Users/USER/Documents/BroCampTasks/Angular_Project/frontend/.angular/cache/18.2.15/frontend/vite/deps/ngx-socket-io.js.map 200 [23/Mar/2025:16:00:25 +0000] - 12.405 ms localhost
GET /@fs/C:/Users/USER/Documents/BroCampTasks/Angular_Project/frontend/.angular/cache/18.2.15/frontend/vite/deps/@angular_router.js.map 200 [23/Mar/2025:16:00:25 +0000] - 23.061 ms localhost
GET /chunk-KSELMSGV.js 200 [23/Mar/2025:16:00:26 +0000] - 4.502 ms localhost
GET /chunk-AD6BEBTX.js 200 [23/Mar/2025:16:00:26 +0000] - 4.733 ms localhost
GET /chunk-MQDO5BT4.js 200 [23/Mar/2025:16:00:26 +0000] - 12.890 ms localhost
GET /chunk-F64TRUFE.js 200 [23/Mar/2025:16:00:26 +0000] - 12.670 ms localhost
GET /favicon.ico 200 [23/Mar/2025:16:00:26 +0000] - 14.346 ms localhost
GET /@fs/C:/Users/USER/Documents/BroCampTasks/Angular_Project/frontend/.angular/cache/18.2.15/frontend/vite/deps/@angular_common.js?v=ffa03c27 200 [23/Mar/2025:16:00:26 +0000] - 3.206 ms localhost
GET /@fs/C:/Users/USER/Documents/BroCampTasks/Angular_Project/frontend/.angular/cache/18.2.15/frontend/vite/deps/@angular_forms.js.map 200 [23/Mar/2025:16:00:26 +0000] - 32.094 ms localhost
GET /@fs/C:/Users/USER/Documents/BroCampTasks/Angular_Project/frontend/.angular/cache/18.2.15/frontend/vite/deps/emoji-picker-element.js.map 200 [23/Mar/2025:16:00:26 +0000] - 10.003 ms localhost
GET /@fs/C:/Users/USER/Documents/BroCampTasks/Angular_Project/frontend/.angular/cache/18.2.15/frontend/vite/deps/@angular_common.js.map 200 [23/Mar/2025:16:00:27 +0000] - 4.869 ms localhost
GET /login.component.css.map 200 [23/Mar/2025:16:00:27 +0000] - 5.058 ms localhost
GET /?token=nXZPFnOGxp2U - [23/Mar/2025:16:01:44 +0000] - - ms localhost
GET /login 200 [23/Mar/2025:16:02:41 +0000] - 76.335 ms localhost
GET /@vite/client 200 [23/Mar/2025:16:02:42 +0000] - 25.388 ms localhost
GET /styles.css 200 [23/Mar/2025:16:02:42 +0000] - 3.514 ms localhost
GET /polyfills.js 200 [23/Mar/2025:16:02:42 +0000] - 11.908 ms localhost
GET /main.js 200 [23/Mar/2025:16:02:42 +0000] - 14.888 ms localhost
GET /@fs/C:/Users/USER/Documents/BroCampTasks/Angular_Project/frontend/node_modules/vite/dist/client/env.mjs 200 [23/Mar/2025:16:02:42 +0000] - 8.376 ms localhost
GET /scripts.js 200 [23/Mar/2025:16:02:42 +0000] - 13.624 ms localhost
GET /chunk-JK2OZDZD.js 200 [23/Mar/2025:16:02:42 +0000] - 3.352 ms localhost
GET /chunk-VI4ZO25D.js 200 [23/Mar/2025:16:02:42 +0000] - 12.631 ms localhost
GET /chunk-CKERTW25.js 200 [23/Mar/2025:16:02:42 +0000] - 12.302 ms localhost
GET /@fs/C:/Users/USER/Documents/BroCampTasks/Angular_Project/frontend/.angular/cache/18.2.15/frontend/vite/deps/@angular_platform-browser.js?v=ffa03c27 200 [23/Mar/2025:16:02:42 +0000] - 14.914 ms localhost
GET /@fs/C:/Users/USER/Documents/BroCampTasks/Angular_Project/frontend/.angular/cache/18.2.15/frontend/vite/deps/@angular_core.js?v=ffa03c27 200 [23/Mar/2025:16:02:42 +0000] - 21.927 ms localhost
GET /@fs/C:/Users/USER/Documents/BroCampTasks/Angular_Project/frontend/.angular/cache/18.2.15/frontend/vite/deps/@angular_router.js?v=ffa03c27 200 [23/Mar/2025:16:02:42 +0000] - 39.897 ms localhost
GET /@fs/C:/Users/USER/Documents/BroCampTasks/Angular_Project/frontend/.angular/cache/18.2.15/frontend/vite/deps/@angular_common_http.js?v=ffa03c27 200 [23/Mar/2025:16:02:42 +0000] - 3.353 ms localhost
GET /@fs/C:/Users/USER/Documents/BroCampTasks/Angular_Project/frontend/.angular/cache/18.2.15/frontend/vite/deps/rxjs.js?v=ffa03c27 200 [23/Mar/2025:16:02:43 +0000] - 4.242 ms localhost
GET /@fs/C:/Users/USER/Documents/BroCampTasks/Angular_Project/frontend/.angular/cache/18.2.15/frontend/vite/deps/ngx-socket-io.js?v=ffa03c27 200 [23/Mar/2025:16:02:43 +0000] - 6.438 ms localhost
GET /@fs/C:/Users/USER/Documents/BroCampTasks/Angular_Project/frontend/.angular/cache/18.2.15/frontend/vite/deps/@angular_forms.js?v=ffa03c27 200 [23/Mar/2025:16:02:43 +0000] - 9.608 ms localhost
GET /@fs/C:/Users/USER/Documents/BroCampTasks/Angular_Project/frontend/.angular/cache/18.2.15/frontend/vite/deps/emoji-picker-element.js?v=ffa03c27 200 [23/Mar/2025:16:02:43 +0000] - 12.681 ms localhost
GET /@fs/C:/Users/USER/Documents/BroCampTasks/Angular_Project/frontend/.angular/cache/18.2.15/frontend/vite/deps/chunk-TI4NIV3R.js?v=ffa03c27 200 [23/Mar/2025:16:02:43 +0000] - 8.220 ms localhost
GET /@fs/C:/Users/USER/Documents/BroCampTasks/Angular_Project/frontend/.angular/cache/18.2.15/frontend/vite/deps/chunk-KHJLBV7G.js?v=ffa03c27 200 [23/Mar/2025:16:02:43 +0000] - 3.753 ms localhost
GET /@fs/C:/Users/USER/Documents/BroCampTasks/Angular_Project/frontend/.angular/cache/18.2.15/frontend/vite/deps/chunk-UWVBNKXZ.js?v=ffa03c27 200 [23/Mar/2025:16:02:43 +0000] - 6.494 ms localhost
GET /@fs/C:/Users/USER/Documents/BroCampTasks/Angular_Project/frontend/.angular/cache/18.2.15/frontend/vite/deps/chunk-KPU55VW5.js?v=ffa03c27 200 [23/Mar/2025:16:02:43 +0000] - 12.376 ms localhost
GET /@fs/C:/Users/USER/Documents/BroCampTasks/Angular_Project/frontend/.angular/cache/18.2.15/frontend/vite/deps/chunk-P6U2JBMQ.js?v=ffa03c27 200 [23/Mar/2025:16:02:43 +0000] - 6.619 ms localhost
GET /@fs/C:/Users/USER/Documents/BroCampTasks/Angular_Project/frontend/.angular/cache/18.2.15/frontend/vite/deps/chunk-XWLXMCJQ.js?v=ffa03c27 200 [23/Mar/2025:16:02:43 +0000] - 6.523 ms localhost
GET /styles.css.map 200 [23/Mar/2025:16:02:43 +0000] - 6.101 ms localhost
GET /chunk-2YDBKXYK.js 200 [23/Mar/2025:16:02:43 +0000] - 12.187 ms localhost
GET /favicon.ico 200 [23/Mar/2025:16:02:43 +0000] - 26.368 ms localhost
GET /@fs/C:/Users/USER/Documents/BroCampTasks/Angular_Project/frontend/.angular/cache/18.2.15/frontend/vite/deps/@angular_core.js.map 200 [23/Mar/2025:16:02:43 +0000] - 27.765 ms localhost
GET /@fs/C:/Users/USER/Documents/BroCampTasks/Angular_Project/frontend/.angular/cache/18.2.15/frontend/vite/deps/chunk-XWLXMCJQ.js.map 200 [23/Mar/2025:16:02:43 +0000] - 30.236 ms localhost
GET /@fs/C:/Users/USER/Documents/BroCampTasks/Angular_Project/frontend/.angular/cache/18.2.15/frontend/vite/deps/chunk-P6U2JBMQ.js.map 200 [23/Mar/2025:16:02:43 +0000] - 41.063 ms localhost
GET /@fs/C:/Users/USER/Documents/BroCampTasks/Angular_Project/frontend/.angular/cache/18.2.15/frontend/vite/deps/chunk-KPU55VW5.js.map 200 [23/Mar/2025:16:02:43 +0000] - 121.163 ms localhost
GET /chunk-KSELMSGV.js 200 [23/Mar/2025:16:02:44 +0000] - 1.976 ms localhost
GET /chunk-AD6BEBTX.js 200 [23/Mar/2025:16:02:44 +0000] - 2.729 ms localhost
GET /chunk-MQDO5BT4.js 200 [23/Mar/2025:16:02:44 +0000] - 1.931 ms localhost
GET /chunk-F64TRUFE.js 200 [23/Mar/2025:16:02:44 +0000] - 1.750 ms localhost
GET /@fs/C:/Users/USER/Documents/BroCampTasks/Angular_Project/frontend/.angular/cache/18.2.15/frontend/vite/deps/@angular_common.js?v=ffa03c27 200 [23/Mar/2025:16:02:44 +0000] - 2.090 ms localhost
GET /@fs/C:/Users/USER/Documents/BroCampTasks/Angular_Project/frontend/.angular/cache/18.2.15/frontend/vite/deps/rxjs.js.map 200 [23/Mar/2025:16:02:44 +0000] - 3.750 ms localhost
GET /@fs/C:/Users/USER/Documents/BroCampTasks/Angular_Project/frontend/.angular/cache/18.2.15/frontend/vite/deps/@angular_common_http.js.map 200 [23/Mar/2025:16:02:44 +0000] - 5.367 ms localhost
GET /@fs/C:/Users/USER/Documents/BroCampTasks/Angular_Project/frontend/.angular/cache/18.2.15/frontend/vite/deps/chunk-KHJLBV7G.js.map 200 [23/Mar/2025:16:02:44 +0000] - 9.951 ms localhost
GET /@fs/C:/Users/USER/Documents/BroCampTasks/Angular_Project/frontend/.angular/cache/18.2.15/frontend/vite/deps/chunk-UWVBNKXZ.js.map 200 [23/Mar/2025:16:02:44 +0000] - 16.751 ms localhost
GET /@fs/C:/Users/USER/Documents/BroCampTasks/Angular_Project/frontend/.angular/cache/18.2.15/frontend/vite/deps/@angular_platform-browser.js.map 200 [23/Mar/2025:16:02:44 +0000] - 14.361 ms localhost
GET /@fs/C:/Users/USER/Documents/BroCampTasks/Angular_Project/frontend/.angular/cache/18.2.15/frontend/vite/deps/chunk-TI4NIV3R.js.map 200 [23/Mar/2025:16:02:41 +0000] - 27.992 ms localhost
GET /@fs/C:/Users/USER/Documents/BroCampTasks/Angular_Project/frontend/.angular/cache/18.2.15/frontend/vite/deps/@angular_router.js.map 200 [23/Mar/2025:16:02:41 +0000] - 12.384 ms localhost
GET /@fs/C:/Users/USER/Documents/BroCampTasks/Angular_Project/frontend/.angular/cache/18.2.15/frontend/vite/deps/ngx-socket-io.js.map 200 [23/Mar/2025:16:02:42 +0000] - 5.993 ms localhost
GET /@fs/C:/Users/USER/Documents/BroCampTasks/Angular_Project/frontend/.angular/cache/18.2.15/frontend/vite/deps/@angular_forms.js.map 200 [23/Mar/2025:16:02:42 +0000] - 12.864 ms localhost
GET /@fs/C:/Users/USER/Documents/BroCampTasks/Angular_Project/frontend/.angular/cache/18.2.15/frontend/vite/deps/@angular_common.js.map 200 [23/Mar/2025:16:02:42 +0000] - 4.115 ms localhost
GET /@fs/C:/Users/USER/Documents/BroCampTasks/Angular_Project/frontend/.angular/cache/18.2.15/frontend/vite/deps/emoji-picker-element.js.map 200 [23/Mar/2025:16:02:42 +0000] - 9.638 ms localhost
GET /login.component.css.map 200 [23/Mar/2025:16:02:42 +0000] - 1.878 ms localhost
POST /api/user/login 200 [23/Mar/2025:16:04:55 +0000] - 436.408 ms localhost
GET /chunk-3JSKGSVB.js 200 [23/Mar/2025:16:04:55 +0000] - 9.386 ms localhost
GET /chunk-LNWOQ2KW.js 200 [23/Mar/2025:16:04:55 +0000] - 15.406 ms localhost
GET /chunk-JV355YCT.js 200 [23/Mar/2025:16:04:55 +0000] - 28.103 ms localhost
GET /chunk-JY7GHWYF.js 200 [23/Mar/2025:16:04:55 +0000] - 5.105 ms localhost
GET /@fs/C:/Users/USER/Documents/BroCampTasks/Angular_Project/frontend/.angular/cache/18.2.15/frontend/vite/deps/bootstrap.js?v=ffa03c27 200 [23/Mar/2025:16:04:55 +0000] - 8.055 ms localhost
GET /@fs/C:/Users/USER/Documents/BroCampTasks/Angular_Project/frontend/.angular/cache/18.2.15/frontend/vite/deps/chart__js.js?v=ffa03c27 200 [23/Mar/2025:16:04:55 +0000] - 12.265 ms localhost
GET /@fs/C:/Users/USER/Documents/BroCampTasks/Angular_Project/frontend/.angular/cache/18.2.15/frontend/vite/deps/bootstrap.js.map 200 [23/Mar/2025:16:04:55 +0000] - 40.578 ms localhost
GET /dashboard.component.css.map 200 [23/Mar/2025:16:04:56 +0000] - 46.452 ms localhost
GET /@fs/C:/Users/USER/Documents/BroCampTasks/Angular_Project/frontend/.angular/cache/18.2.15/frontend/vite/deps/chart__js.js.map 200 [23/Mar/2025:16:04:56 +0000] - 77.430 ms localhost
GET /api/booking/adminData 200 [23/Mar/2025:16:04:56 +0000] - 503.558 ms localhost
GET /api/booking/adminPaymentList 200 [23/Mar/2025:16:04:56 +0000] - 486.128 ms localhost
GET /api/booking/chartDataAdmin/Weekly 200 [23/Mar/2025:16:04:56 +0000] - 480.510 ms localhost
GET /layout.component.css.map 200 [23/Mar/2025:16:04:56 +0000] - 5.667 ms localhost
GET /api/booking/chartDataAdmin/Weekly 200 [23/Mar/2025:16:04:56 +0000] - 478.310 ms localhost
GET /admin-dashboard.component.css.map 200 [23/Mar/2025:16:04:56 +0000] - 12.864 ms localhost
GET /dashboard 200 [23/Mar/2025:16:06:06 +0000] - 8.710 ms localhost
GET /?token=nXZPFnOGxp2U - [23/Mar/2025:16:06:06 +0000] - - ms localhost
GET /@vite/client 200 [23/Mar/2025:16:06:06 +0000] - 21.287 ms localhost
GET /styles.css 200 [23/Mar/2025:16:06:07 +0000] - 19.485 ms localhost
GET /scripts.js 200 [23/Mar/2025:16:06:07 +0000] - 10.867 ms localhost
GET /polyfills.js 200 [23/Mar/2025:16:06:07 +0000] - 24.700 ms localhost
GET /main.js 200 [23/Mar/2025:16:06:07 +0000] - 26.436 ms localhost
GET /@fs/C:/Users/USER/Documents/BroCampTasks/Angular_Project/frontend/node_modules/vite/dist/client/env.mjs 200 [23/Mar/2025:16:06:07 +0000] - 3.873 ms localhost
GET /chunk-JK2OZDZD.js 200 [23/Mar/2025:16:06:08 +0000] - 3.917 ms localhost
GET /chunk-VI4ZO25D.js 200 [23/Mar/2025:16:06:08 +0000] - 12.155 ms localhost
GET /chunk-CKERTW25.js 200 [23/Mar/2025:16:06:08 +0000] - 11.159 ms localhost
GET /@fs/C:/Users/USER/Documents/BroCampTasks/Angular_Project/frontend/.angular/cache/18.2.15/frontend/vite/deps/@angular_platform-browser.js?v=ffa03c27 200 [23/Mar/2025:16:06:08 +0000] - 11.411 ms localhost
GET /@fs/C:/Users/USER/Documents/BroCampTasks/Angular_Project/frontend/.angular/cache/18.2.15/frontend/vite/deps/@angular_core.js?v=ffa03c27 200 [23/Mar/2025:16:06:08 +0000] - 12.344 ms localhost
GET /@fs/C:/Users/USER/Documents/BroCampTasks/Angular_Project/frontend/.angular/cache/18.2.15/frontend/vite/deps/@angular_router.js?v=ffa03c27 200 [23/Mar/2025:16:06:08 +0000] - 16.319 ms localhost
GET /@fs/C:/Users/USER/Documents/BroCampTasks/Angular_Project/frontend/.angular/cache/18.2.15/frontend/vite/deps/@angular_common_http.js?v=ffa03c27 200 [23/Mar/2025:16:06:08 +0000] - 2.670 ms localhost
GET /@fs/C:/Users/USER/Documents/BroCampTasks/Angular_Project/frontend/.angular/cache/18.2.15/frontend/vite/deps/rxjs.js?v=ffa03c27 200 [23/Mar/2025:16:06:08 +0000] - 6.671 ms localhost
GET /@fs/C:/Users/USER/Documents/BroCampTasks/Angular_Project/frontend/.angular/cache/18.2.15/frontend/vite/deps/ngx-socket-io.js?v=ffa03c27 200 [23/Mar/2025:16:06:08 +0000] - 8.837 ms localhost
GET /@fs/C:/Users/USER/Documents/BroCampTasks/Angular_Project/frontend/.angular/cache/18.2.15/frontend/vite/deps/@angular_forms.js?v=ffa03c27 200 [23/Mar/2025:16:06:08 +0000] - 12.057 ms localhost
GET /@fs/C:/Users/USER/Documents/BroCampTasks/Angular_Project/frontend/.angular/cache/18.2.15/frontend/vite/deps/emoji-picker-element.js?v=ffa03c27 200 [23/Mar/2025:16:06:08 +0000] - 14.286 ms localhost
GET /@fs/C:/Users/USER/Documents/BroCampTasks/Angular_Project/frontend/.angular/cache/18.2.15/frontend/vite/deps/chunk-TI4NIV3R.js?v=ffa03c27 200 [23/Mar/2025:16:06:08 +0000] - 3.877 ms localhost
GET /@fs/C:/Users/USER/Documents/BroCampTasks/Angular_Project/frontend/.angular/cache/18.2.15/frontend/vite/deps/chunk-KHJLBV7G.js?v=ffa03c27 200 [23/Mar/2025:16:06:09 +0000] - 4.622 ms localhost
GET /@fs/C:/Users/USER/Documents/BroCampTasks/Angular_Project/frontend/.angular/cache/18.2.15/frontend/vite/deps/chunk-UWVBNKXZ.js?v=ffa03c27 200 [23/Mar/2025:16:06:09 +0000] - 13.224 ms localhost
GET /@fs/C:/Users/USER/Documents/BroCampTasks/Angular_Project/frontend/.angular/cache/18.2.15/frontend/vite/deps/chunk-P6U2JBMQ.js?v=ffa03c27 200 [23/Mar/2025:16:06:09 +0000] - 25.615 ms localhost
GET /@fs/C:/Users/USER/Documents/BroCampTasks/Angular_Project/frontend/.angular/cache/18.2.15/frontend/vite/deps/chunk-KPU55VW5.js?v=ffa03c27 200 [23/Mar/2025:16:06:09 +0000] - 22.729 ms localhost
GET /@fs/C:/Users/USER/Documents/BroCampTasks/Angular_Project/frontend/.angular/cache/18.2.15/frontend/vite/deps/chunk-XWLXMCJQ.js?v=ffa03c27 200 [23/Mar/2025:16:06:09 +0000] - 15.085 ms localhost
GET /styles.css.map 200 [23/Mar/2025:16:06:09 +0000] - 15.737 ms localhost
GET /chunk-3JSKGSVB.js 200 [23/Mar/2025:16:06:09 +0000] - 15.866 ms localhost
GET /@fs/C:/Users/USER/Documents/BroCampTasks/Angular_Project/frontend/.angular/cache/18.2.15/frontend/vite/deps/chunk-XWLXMCJQ.js.map 200 [23/Mar/2025:16:06:09 +0000] - 9.086 ms localhost
GET /@fs/C:/Users/USER/Documents/BroCampTasks/Angular_Project/frontend/.angular/cache/18.2.15/frontend/vite/deps/chunk-P6U2JBMQ.js.map 200 [23/Mar/2025:16:06:09 +0000] - 22.238 ms localhost
GET /@fs/C:/Users/USER/Documents/BroCampTasks/Angular_Project/frontend/.angular/cache/18.2.15/frontend/vite/deps/rxjs.js.map 200 [23/Mar/2025:16:06:09 +0000] - 17.864 ms localhost
GET /@fs/C:/Users/USER/Documents/BroCampTasks/Angular_Project/frontend/.angular/cache/18.2.15/frontend/vite/deps/@angular_core.js.map 200 [23/Mar/2025:16:06:09 +0000] - 62.853 ms localhost
GET /@fs/C:/Users/USER/Documents/BroCampTasks/Angular_Project/frontend/.angular/cache/18.2.15/frontend/vite/deps/chunk-KPU55VW5.js.map 200 [23/Mar/2025:16:06:09 +0000] - 190.724 ms localhost
GET /chunk-2YDBKXYK.js 200 [23/Mar/2025:16:06:10 +0000] - 7.148 ms localhost
GET /@fs/C:/Users/USER/Documents/BroCampTasks/Angular_Project/frontend/.angular/cache/18.2.15/frontend/vite/deps/@angular_common_http.js.map 200 [23/Mar/2025:16:06:10 +0000] - 12.610 ms localhost
GET /@fs/C:/Users/USER/Documents/BroCampTasks/Angular_Project/frontend/.angular/cache/18.2.15/frontend/vite/deps/chunk-KHJLBV7G.js.map 200 [23/Mar/2025:16:06:10 +0000] - 10.688 ms localhost
GET /@fs/C:/Users/USER/Documents/BroCampTasks/Angular_Project/frontend/.angular/cache/18.2.15/frontend/vite/deps/chunk-UWVBNKXZ.js.map 200 [23/Mar/2025:16:06:10 +0000] - 21.045 ms localhost
GET /@fs/C:/Users/USER/Documents/BroCampTasks/Angular_Project/frontend/.angular/cache/18.2.15/frontend/vite/deps/@angular_platform-browser.js.map 200 [23/Mar/2025:16:06:10 +0000] - 7.408 ms localhost
GET /chunk-KSELMSGV.js 200 [23/Mar/2025:16:06:10 +0000] - 3.515 ms localhost
GET /chunk-AD6BEBTX.js 200 [23/Mar/2025:16:06:10 +0000] - 4.003 ms localhost
GET /chunk-MQDO5BT4.js 200 [23/Mar/2025:16:06:10 +0000] - 4.198 ms localhost
GET /chunk-F64TRUFE.js 200 [23/Mar/2025:16:06:10 +0000] - 6.890 ms localhost
GET /@fs/C:/Users/USER/Documents/BroCampTasks/Angular_Project/frontend/.angular/cache/18.2.15/frontend/vite/deps/chunk-TI4NIV3R.js.map 200 [23/Mar/2025:16:06:10 +0000] - 12.460 ms localhost
GET /@fs/C:/Users/USER/Documents/BroCampTasks/Angular_Project/frontend/.angular/cache/18.2.15/frontend/vite/deps/@angular_router.js.map 200 [23/Mar/2025:16:06:10 +0000] - 17.681 ms localhost
GET /@fs/C:/Users/USER/Documents/BroCampTasks/Angular_Project/frontend/.angular/cache/18.2.15/frontend/vite/deps/@angular_common.js?v=ffa03c27 200 [23/Mar/2025:16:06:10 +0000] - 7.460 ms localhost
GET /@fs/C:/Users/USER/Documents/BroCampTasks/Angular_Project/frontend/.angular/cache/18.2.15/frontend/vite/deps/ngx-socket-io.js.map 200 [23/Mar/2025:16:06:10 +0000] - 107.227 ms localhost
GET /@fs/C:/Users/USER/Documents/BroCampTasks/Angular_Project/frontend/.angular/cache/18.2.15/frontend/vite/deps/emoji-picker-element.js.map 200 [23/Mar/2025:16:06:10 +0000] - 106.675 ms localhost
GET /@fs/C:/Users/USER/Documents/BroCampTasks/Angular_Project/frontend/.angular/cache/18.2.15/frontend/vite/deps/@angular_forms.js.map 200 [23/Mar/2025:16:06:10 +0000] - 128.797 ms localhost
GET /login.component.css.map 200 [23/Mar/2025:16:06:11 +0000] - 2.358 ms localhost
GET /@fs/C:/Users/USER/Documents/BroCampTasks/Angular_Project/frontend/.angular/cache/18.2.15/frontend/vite/deps/@angular_common.js.map 200 [23/Mar/2025:16:06:11 +0000] - 10.115 ms localhost
GET /favicon.ico 200 [23/Mar/2025:16:06:12 +0000] - 12.350 ms localhost
GET /login 200 [23/Mar/2025:16:06:16 +0000] - 9.269 ms localhost
GET /?token=nXZPFnOGxp2U - [23/Mar/2025:16:06:16 +0000] - - ms localhost
GET /@vite/client 200 [23/Mar/2025:16:06:17 +0000] - 36.491 ms localhost
GET /styles.css 200 [23/Mar/2025:16:06:17 +0000] - 5.026 ms localhost
GET /polyfills.js 200 [23/Mar/2025:16:06:17 +0000] - 6.786 ms localhost
GET /main.js 200 [23/Mar/2025:16:06:17 +0000] - 8.089 ms localhost
GET /@fs/C:/Users/USER/Documents/BroCampTasks/Angular_Project/frontend/node_modules/vite/dist/client/env.mjs 200 [23/Mar/2025:16:06:17 +0000] - 5.694 ms localhost
GET /scripts.js 200 [23/Mar/2025:16:06:17 +0000] - 5.622 ms localhost
GET /chunk-JK2OZDZD.js 200 [23/Mar/2025:16:06:17 +0000] - 2.668 ms localhost
GET /chunk-VI4ZO25D.js 200 [23/Mar/2025:16:06:17 +0000] - 10.060 ms localhost
GET /chunk-CKERTW25.js 200 [23/Mar/2025:16:06:17 +0000] - 8.357 ms localhost
GET /@fs/C:/Users/USER/Documents/BroCampTasks/Angular_Project/frontend/.angular/cache/18.2.15/frontend/vite/deps/@angular_platform-browser.js?v=ffa03c27 200 [23/Mar/2025:16:06:17 +0000] - 8.164 ms localhost
GET /@fs/C:/Users/USER/Documents/BroCampTasks/Angular_Project/frontend/.angular/cache/18.2.15/frontend/vite/deps/@angular_core.js?v=ffa03c27 200 [23/Mar/2025:16:06:17 +0000] - 14.292 ms localhost
GET /@fs/C:/Users/USER/Documents/BroCampTasks/Angular_Project/frontend/.angular/cache/18.2.15/frontend/vite/deps/@angular_router.js?v=ffa03c27 200 [23/Mar/2025:16:06:17 +0000] - 15.187 ms localhost
GET /@fs/C:/Users/USER/Documents/BroCampTasks/Angular_Project/frontend/.angular/cache/18.2.15/frontend/vite/deps/@angular_common_http.js?v=ffa03c27 200 [23/Mar/2025:16:06:17 +0000] - 3.134 ms localhost
GET /@fs/C:/Users/USER/Documents/BroCampTasks/Angular_Project/frontend/.angular/cache/18.2.15/frontend/vite/deps/rxjs.js?v=ffa03c27 200 [23/Mar/2025:16:06:18 +0000] - 10.870 ms localhost
GET /@fs/C:/Users/USER/Documents/BroCampTasks/Angular_Project/frontend/.angular/cache/18.2.15/frontend/vite/deps/ngx-socket-io.js?v=ffa03c27 200 [23/Mar/2025:16:06:18 +0000] - 11.713 ms localhost
GET /@fs/C:/Users/USER/Documents/BroCampTasks/Angular_Project/frontend/.angular/cache/18.2.15/frontend/vite/deps/@angular_forms.js?v=ffa03c27 200 [23/Mar/2025:16:06:18 +0000] - 17.602 ms localhost
GET /@fs/C:/Users/USER/Documents/BroCampTasks/Angular_Project/frontend/.angular/cache/18.2.15/frontend/vite/deps/emoji-picker-element.js?v=ffa03c27 200 [23/Mar/2025:16:06:18 +0000] - 17.095 ms localhost
GET /@fs/C:/Users/USER/Documents/BroCampTasks/Angular_Project/frontend/.angular/cache/18.2.15/frontend/vite/deps/chunk-TI4NIV3R.js?v=ffa03c27 200 [23/Mar/2025:16:06:18 +0000] - 6.917 ms localhost
GET /@fs/C:/Users/USER/Documents/BroCampTasks/Angular_Project/frontend/.angular/cache/18.2.15/frontend/vite/deps/chunk-KHJLBV7G.js?v=ffa03c27 200 [23/Mar/2025:16:06:18 +0000] - 3.579 ms localhost
GET /@fs/C:/Users/USER/Documents/BroCampTasks/Angular_Project/frontend/.angular/cache/18.2.15/frontend/vite/deps/chunk-UWVBNKXZ.js?v=ffa03c27 200 [23/Mar/2025:16:06:18 +0000] - 7.417 ms localhost
GET /@fs/C:/Users/USER/Documents/BroCampTasks/Angular_Project/frontend/.angular/cache/18.2.15/frontend/vite/deps/chunk-KPU55VW5.js?v=ffa03c27 200 [23/Mar/2025:16:06:18 +0000] - 12.007 ms localhost
GET /@fs/C:/Users/USER/Documents/BroCampTasks/Angular_Project/frontend/.angular/cache/18.2.15/frontend/vite/deps/chunk-P6U2JBMQ.js?v=ffa03c27 200 [23/Mar/2025:16:06:18 +0000] - 7.577 ms localhost
GET /@fs/C:/Users/USER/Documents/BroCampTasks/Angular_Project/frontend/.angular/cache/18.2.15/frontend/vite/deps/chunk-XWLXMCJQ.js?v=ffa03c27 200 [23/Mar/2025:16:06:18 +0000] - 8.441 ms localhost
GET /styles.css.map 200 [23/Mar/2025:16:06:18 +0000] - 8.116 ms localhost
GET /chunk-2YDBKXYK.js 200 [23/Mar/2025:16:06:18 +0000] - 10.324 ms localhost
GET /favicon.ico 200 [23/Mar/2025:16:06:18 +0000] - 14.027 ms localhost
GET /@fs/C:/Users/USER/Documents/BroCampTasks/Angular_Project/frontend/.angular/cache/18.2.15/frontend/vite/deps/@angular_core.js.map 200 [23/Mar/2025:16:06:18 +0000] - 15.401 ms localhost
GET /@fs/C:/Users/USER/Documents/BroCampTasks/Angular_Project/frontend/.angular/cache/18.2.15/frontend/vite/deps/chunk-XWLXMCJQ.js.map 200 [23/Mar/2025:16:06:18 +0000] - 14.584 ms localhost
GET /@fs/C:/Users/USER/Documents/BroCampTasks/Angular_Project/frontend/.angular/cache/18.2.15/frontend/vite/deps/chunk-P6U2JBMQ.js.map 200 [23/Mar/2025:16:06:18 +0000] - 27.321 ms localhost
GET /@fs/C:/Users/USER/Documents/BroCampTasks/Angular_Project/frontend/.angular/cache/18.2.15/frontend/vite/deps/chunk-KPU55VW5.js.map 200 [23/Mar/2025:16:06:18 +0000] - 103.492 ms localhost
GET /chunk-KSELMSGV.js 200 [23/Mar/2025:16:06:19 +0000] - 7.931 ms localhost
GET /chunk-AD6BEBTX.js 200 [23/Mar/2025:16:06:19 +0000] - 8.172 ms localhost
GET /chunk-MQDO5BT4.js 200 [23/Mar/2025:16:06:19 +0000] - 8.483 ms localhost
GET /chunk-F64TRUFE.js 200 [23/Mar/2025:16:06:19 +0000] - 5.014 ms localhost
GET /@fs/C:/Users/USER/Documents/BroCampTasks/Angular_Project/frontend/.angular/cache/18.2.15/frontend/vite/deps/rxjs.js.map 200 [23/Mar/2025:16:06:19 +0000] - 5.648 ms localhost
GET /@fs/C:/Users/USER/Documents/BroCampTasks/Angular_Project/frontend/.angular/cache/18.2.15/frontend/vite/deps/@angular_common.js?v=ffa03c27 200 [23/Mar/2025:16:06:19 +0000] - 2.634 ms localhost
GET /@fs/C:/Users/USER/Documents/BroCampTasks/Angular_Project/frontend/.angular/cache/18.2.15/frontend/vite/deps/@angular_common_http.js.map 200 [23/Mar/2025:16:06:19 +0000] - 9.012 ms localhost
GET /@fs/C:/Users/USER/Documents/BroCampTasks/Angular_Project/frontend/.angular/cache/18.2.15/frontend/vite/deps/chunk-KHJLBV7G.js.map 200 [23/Mar/2025:16:06:19 +0000] - 21.096 ms localhost
GET /@fs/C:/Users/USER/Documents/BroCampTasks/Angular_Project/frontend/.angular/cache/18.2.15/frontend/vite/deps/chunk-UWVBNKXZ.js.map 200 [23/Mar/2025:16:06:19 +0000] - 36.624 ms localhost
GET /@fs/C:/Users/USER/Documents/BroCampTasks/Angular_Project/frontend/.angular/cache/18.2.15/frontend/vite/deps/@angular_platform-browser.js.map 200 [23/Mar/2025:16:06:19 +0000] - 29.649 ms localhost
GET /@fs/C:/Users/USER/Documents/BroCampTasks/Angular_Project/frontend/.angular/cache/18.2.15/frontend/vite/deps/chunk-TI4NIV3R.js.map 200 [23/Mar/2025:16:06:19 +0000] - 31.502 ms localhost
GET /@fs/C:/Users/USER/Documents/BroCampTasks/Angular_Project/frontend/.angular/cache/18.2.15/frontend/vite/deps/@angular_router.js.map 200 [23/Mar/2025:16:06:19 +0000] - 22.118 ms localhost
GET /@fs/C:/Users/USER/Documents/BroCampTasks/Angular_Project/frontend/.angular/cache/18.2.15/frontend/vite/deps/ngx-socket-io.js.map 200 [23/Mar/2025:16:06:19 +0000] - 15.860 ms localhost
GET /@fs/C:/Users/USER/Documents/BroCampTasks/Angular_Project/frontend/.angular/cache/18.2.15/frontend/vite/deps/@angular_forms.js.map 200 [23/Mar/2025:16:06:19 +0000] - 16.945 ms localhost
GET /@fs/C:/Users/USER/Documents/BroCampTasks/Angular_Project/frontend/.angular/cache/18.2.15/frontend/vite/deps/emoji-picker-element.js.map 200 [23/Mar/2025:16:06:19 +0000] - 13.388 ms localhost
GET /login.component.css.map 200 [23/Mar/2025:16:06:19 +0000] - 5.087 ms localhost
GET /@fs/C:/Users/USER/Documents/BroCampTasks/Angular_Project/frontend/.angular/cache/18.2.15/frontend/vite/deps/@angular_common.js.map 200 [23/Mar/2025:16:06:19 +0000] - 9.001 ms localhost
POST /api/user/login 200 [23/Mar/2025:16:06:26 +0000] - 354.483 ms localhost
GET /chunk-3JSKGSVB.js 200 [23/Mar/2025:16:06:26 +0000] - 2.454 ms localhost
GET /chunk-LNWOQ2KW.js 200 [23/Mar/2025:16:06:27 +0000] - 6.753 ms localhost
GET /chunk-JV355YCT.js 200 [23/Mar/2025:16:06:27 +0000] - 7.810 ms localhost
GET /chunk-JY7GHWYF.js 200 [23/Mar/2025:16:06:27 +0000] - 5.653 ms localhost
GET /@fs/C:/Users/USER/Documents/BroCampTasks/Angular_Project/frontend/.angular/cache/18.2.15/frontend/vite/deps/bootstrap.js?v=ffa03c27 200 [23/Mar/2025:16:06:27 +0000] - 7.714 ms localhost
GET /@fs/C:/Users/USER/Documents/BroCampTasks/Angular_Project/frontend/.angular/cache/18.2.15/frontend/vite/deps/chart__js.js?v=ffa03c27 200 [23/Mar/2025:16:06:27 +0000] - 10.383 ms localhost
GET /@fs/C:/Users/USER/Documents/BroCampTasks/Angular_Project/frontend/.angular/cache/18.2.15/frontend/vite/deps/bootstrap.js.map 200 [23/Mar/2025:16:06:27 +0000] - 39.186 ms localhost
GET /@fs/C:/Users/USER/Documents/BroCampTasks/Angular_Project/frontend/.angular/cache/18.2.15/frontend/vite/deps/chart__js.js.map 200 [23/Mar/2025:16:06:28 +0000] - 20.635 ms localhost
GET /layout.component.css.map 200 [23/Mar/2025:16:06:28 +0000] - 23.355 ms localhost
GET /api/booking/adminData 200 [23/Mar/2025:16:06:28 +0000] - 246.179 ms localhost
GET /api/booking/chartDataAdmin/Weekly 200 [23/Mar/2025:16:06:28 +0000] - 145.580 ms localhost
GET /api/booking/adminPaymentList 200 [23/Mar/2025:16:06:28 +0000] - 278.157 ms localhost
GET /api/booking/chartDataAdmin/Weekly 200 [23/Mar/2025:16:06:28 +0000] - 407.916 ms localhost
GET /dashboard.component.css.map 200 [23/Mar/2025:16:06:28 +0000] - 14.093 ms localhost
GET /admin-dashboard.component.css.map 200 [23/Mar/2025:16:06:28 +0000] - 15.405 ms localhost
GET /?token=nXZPFnOGxp2U - [23/Mar/2025:16:10:17 +0000] - - ms localhost
GET /dashboard 200 [23/Mar/2025:16:30:59 +0000] - 134.706 ms localhost
GET /@vite/client 200 [23/Mar/2025:16:31:00 +0000] - 39.902 ms localhost
GET /styles.css 200 [23/Mar/2025:16:31:01 +0000] - 159.333 ms localhost
GET /polyfills.js 200 [23/Mar/2025:16:31:02 +0000] - 9.739 ms localhost
GET /main.js 200 [23/Mar/2025:16:31:02 +0000] - 4.978 ms localhost
GET /@fs/C:/Users/USER/Documents/BroCampTasks/Angular_Project/frontend/node_modules/vite/dist/client/env.mjs 200 [23/Mar/2025:16:31:02 +0000] - 6.190 ms localhost
GET /scripts.js 200 [23/Mar/2025:16:31:04 +0000] - 10.023 ms localhost
GET /styles.css.map 200 [23/Mar/2025:16:31:04 +0000] - 7.140 ms localhost
GET /chunk-JK2OZDZD.js 200 [23/Mar/2025:16:31:04 +0000] - 8.514 ms localhost
GET /chunk-OE5JIFQT.js 200 [23/Mar/2025:16:31:05 +0000] - 6.409 ms localhost
GET /chunk-CKERTW25.js 200 [23/Mar/2025:16:31:05 +0000] - 3.980 ms localhost
GET /@fs/C:/Users/USER/Documents/BroCampTasks/Angular_Project/frontend/.angular/cache/18.2.15/frontend/vite/deps/@angular_platform-browser.js?v=ffa03c27 200 [23/Mar/2025:16:31:05 +0000] - 7.053 ms localhost
GET /@fs/C:/Users/USER/Documents/BroCampTasks/Angular_Project/frontend/.angular/cache/18.2.15/frontend/vite/deps/@angular_core.js?v=ffa03c27 200 [23/Mar/2025:16:31:05 +0000] - 6.468 ms localhost
GET /@fs/C:/Users/USER/Documents/BroCampTasks/Angular_Project/frontend/.angular/cache/18.2.15/frontend/vite/deps/@angular_router.js?v=ffa03c27 200 [23/Mar/2025:16:31:05 +0000] - 15.758 ms localhost
GET /@fs/C:/Users/USER/Documents/BroCampTasks/Angular_Project/frontend/.angular/cache/18.2.15/frontend/vite/deps/@angular_common_http.js?v=ffa03c27 200 [23/Mar/2025:16:31:06 +0000] - 6.581 ms localhost
GET /@fs/C:/Users/USER/Documents/BroCampTasks/Angular_Project/frontend/.angular/cache/18.2.15/frontend/vite/deps/rxjs.js?v=ffa03c27 200 [23/Mar/2025:16:31:06 +0000] - 4.320 ms localhost
GET /@fs/C:/Users/USER/Documents/BroCampTasks/Angular_Project/frontend/.angular/cache/18.2.15/frontend/vite/deps/ngx-socket-io.js?v=ffa03c27 200 [23/Mar/2025:16:31:06 +0000] - 10.718 ms localhost
GET /@fs/C:/Users/USER/Documents/BroCampTasks/Angular_Project/frontend/.angular/cache/18.2.15/frontend/vite/deps/@angular_forms.js?v=ffa03c27 200 [23/Mar/2025:16:31:06 +0000] - 8.548 ms localhost
GET /@fs/C:/Users/USER/Documents/BroCampTasks/Angular_Project/frontend/.angular/cache/18.2.15/frontend/vite/deps/emoji-picker-element.js?v=ffa03c27 200 [23/Mar/2025:16:31:06 +0000] - 5.382 ms localhost
GET /@fs/C:/Users/USER/Documents/BroCampTasks/Angular_Project/frontend/.angular/cache/18.2.15/frontend/vite/deps/chunk-TI4NIV3R.js?v=ffa03c27 200 [23/Mar/2025:16:31:06 +0000] - 3.703 ms localhost
GET /@fs/C:/Users/USER/Documents/BroCampTasks/Angular_Project/frontend/.angular/cache/18.2.15/frontend/vite/deps/chunk-KHJLBV7G.js?v=ffa03c27 200 [23/Mar/2025:16:31:07 +0000] - 6.192 ms localhost
GET /@fs/C:/Users/USER/Documents/BroCampTasks/Angular_Project/frontend/.angular/cache/18.2.15/frontend/vite/deps/chunk-UWVBNKXZ.js?v=ffa03c27 200 [23/Mar/2025:16:31:07 +0000] - 5.443 ms localhost
GET /@fs/C:/Users/USER/Documents/BroCampTasks/Angular_Project/frontend/.angular/cache/18.2.15/frontend/vite/deps/chunk-KPU55VW5.js?v=ffa03c27 200 [23/Mar/2025:16:31:07 +0000] - 13.511 ms localhost
GET /@fs/C:/Users/USER/Documents/BroCampTasks/Angular_Project/frontend/.angular/cache/18.2.15/frontend/vite/deps/chunk-P6U2JBMQ.js?v=ffa03c27 200 [23/Mar/2025:16:31:07 +0000] - 11.072 ms localhost
GET /@fs/C:/Users/USER/Documents/BroCampTasks/Angular_Project/frontend/.angular/cache/18.2.15/frontend/vite/deps/chunk-XWLXMCJQ.js?v=ffa03c27 200 [23/Mar/2025:16:31:07 +0000] - 3.111 ms localhost
GET /chunk-U4ZJJECY.js 200 [23/Mar/2025:16:31:07 +0000] - 11.292 ms localhost
GET /chunk-UO3H6Q54.js 200 [23/Mar/2025:16:31:08 +0000] - 8.454 ms localhost
GET /favicon.ico 200 [23/Mar/2025:16:31:08 +0000] - 9.417 ms localhost
GET /chunk-KSELMSGV.js 200 [23/Mar/2025:16:31:08 +0000] - 2.698 ms localhost
GET /chunk-AD6BEBTX.js 200 [23/Mar/2025:16:31:08 +0000] - 3.280 ms localhost
GET /chunk-MQDO5BT4.js 200 [23/Mar/2025:16:31:08 +0000] - 3.632 ms localhost
GET /chunk-F64TRUFE.js 200 [23/Mar/2025:16:31:08 +0000] - 4.019 ms localhost
GET /@fs/C:/Users/USER/Documents/BroCampTasks/Angular_Project/frontend/.angular/cache/18.2.15/frontend/vite/deps/@angular_core.js.map 200 [23/Mar/2025:16:31:08 +0000] - 8.118 ms localhost
GET /@fs/C:/Users/USER/Documents/BroCampTasks/Angular_Project/frontend/.angular/cache/18.2.15/frontend/vite/deps/chunk-KPU55VW5.js.map 200 [23/Mar/2025:16:31:09 +0000] - 123.891 ms localhost
GET /@fs/C:/Users/USER/Documents/BroCampTasks/Angular_Project/frontend/.angular/cache/18.2.15/frontend/vite/deps/@angular_common.js?v=ffa03c27 200 [23/Mar/2025:16:31:09 +0000] - 2.467 ms localhost
GET /@fs/C:/Users/USER/Documents/BroCampTasks/Angular_Project/frontend/.angular/cache/18.2.15/frontend/vite/deps/chunk-XWLXMCJQ.js.map 200 [23/Mar/2025:16:31:09 +0000] - 5.651 ms localhost
GET /@fs/C:/Users/USER/Documents/BroCampTasks/Angular_Project/frontend/.angular/cache/18.2.15/frontend/vite/deps/chunk-P6U2JBMQ.js.map 200 [23/Mar/2025:16:31:09 +0000] - 12.080 ms localhost
GET /@fs/C:/Users/USER/Documents/BroCampTasks/Angular_Project/frontend/.angular/cache/18.2.15/frontend/vite/deps/rxjs.js.map 200 [23/Mar/2025:16:31:09 +0000] - 5.303 ms localhost
GET /@fs/C:/Users/USER/Documents/BroCampTasks/Angular_Project/frontend/.angular/cache/18.2.15/frontend/vite/deps/@angular_common_http.js.map 200 [23/Mar/2025:16:31:09 +0000] - 5.622 ms localhost
GET /@fs/C:/Users/USER/Documents/BroCampTasks/Angular_Project/frontend/.angular/cache/18.2.15/frontend/vite/deps/chunk-KHJLBV7G.js.map 200 [23/Mar/2025:16:31:09 +0000] - 7.379 ms localhost
GET /@fs/C:/Users/USER/Documents/BroCampTasks/Angular_Project/frontend/.angular/cache/18.2.15/frontend/vite/deps/chunk-UWVBNKXZ.js.map 200 [23/Mar/2025:16:31:09 +0000] - 14.115 ms localhost
GET /@fs/C:/Users/USER/Documents/BroCampTasks/Angular_Project/frontend/.angular/cache/18.2.15/frontend/vite/deps/@angular_platform-browser.js.map 200 [23/Mar/2025:16:31:09 +0000] - 4.098 ms localhost
GET /@fs/C:/Users/USER/Documents/BroCampTasks/Angular_Project/frontend/.angular/cache/18.2.15/frontend/vite/deps/chunk-TI4NIV3R.js.map 200 [23/Mar/2025:16:31:09 +0000] - 7.666 ms localhost
GET /@fs/C:/Users/USER/Documents/BroCampTasks/Angular_Project/frontend/.angular/cache/18.2.15/frontend/vite/deps/ngx-socket-io.js.map 200 [23/Mar/2025:16:31:09 +0000] - 8.192 ms localhost
GET /@fs/C:/Users/USER/Documents/BroCampTasks/Angular_Project/frontend/.angular/cache/18.2.15/frontend/vite/deps/@angular_router.js.map 200 [23/Mar/2025:16:31:09 +0000] - 21.616 ms localhost
GET /@fs/C:/Users/USER/Documents/BroCampTasks/Angular_Project/frontend/.angular/cache/18.2.15/frontend/vite/deps/@angular_forms.js.map 200 [23/Mar/2025:16:31:09 +0000] - 18.956 ms localhost
GET /@fs/C:/Users/USER/Documents/BroCampTasks/Angular_Project/frontend/.angular/cache/18.2.15/frontend/vite/deps/emoji-picker-element.js.map 200 [23/Mar/2025:16:31:09 +0000] - 7.563 ms localhost
GET /@fs/C:/Users/USER/Documents/BroCampTasks/Angular_Project/frontend/.angular/cache/18.2.15/frontend/vite/deps/@angular_common.js.map 200 [23/Mar/2025:16:31:09 +0000] - 3.484 ms localhost
GET /login.component.css.map 200 [23/Mar/2025:16:31:09 +0000] - 2.213 ms localhost
GET /?token=nXZPFnOGxp2U - [23/Mar/2025:16:35:04 +0000] - - ms localhost
GET /login 200 [23/Mar/2025:16:40:20 +0000] - 30.545 ms localhost
GET /@vite/client 200 [23/Mar/2025:16:40:21 +0000] - 38.751 ms localhost
GET /styles.css 200 [23/Mar/2025:16:40:21 +0000] - 22.540 ms localhost
GET /polyfills.js 200 [23/Mar/2025:16:40:22 +0000] - 10.481 ms localhost
GET /main.js 200 [23/Mar/2025:16:40:22 +0000] - 3.762 ms localhost
GET /styles.css.map 200 [23/Mar/2025:16:40:22 +0000] - 11.031 ms localhost
GET /@fs/C:/Users/USER/Documents/BroCampTasks/Angular_Project/frontend/node_modules/vite/dist/client/env.mjs 200 [23/Mar/2025:16:40:22 +0000] - 7.844 ms localhost
GET /chunk-JK2OZDZD.js 200 [23/Mar/2025:16:40:22 +0000] - 6.988 ms localhost
GET /chunk-4U3G4P5L.js 200 [23/Mar/2025:16:40:22 +0000] - 11.024 ms localhost
GET /chunk-CKERTW25.js 200 [23/Mar/2025:16:40:23 +0000] - 4.328 ms localhost
GET /@fs/C:/Users/USER/Documents/BroCampTasks/Angular_Project/frontend/.angular/cache/18.2.15/frontend/vite/deps/@angular_platform-browser.js?v=ffa03c27 200 [23/Mar/2025:16:40:23 +0000] - 3.272 ms localhost
GET /@fs/C:/Users/USER/Documents/BroCampTasks/Angular_Project/frontend/.angular/cache/18.2.15/frontend/vite/deps/@angular_core.js?v=ffa03c27 200 [23/Mar/2025:16:40:23 +0000] - 5.176 ms localhost
GET /@fs/C:/Users/USER/Documents/BroCampTasks/Angular_Project/frontend/.angular/cache/18.2.15/frontend/vite/deps/@angular_router.js?v=ffa03c27 200 [23/Mar/2025:16:40:23 +0000] - 10.451 ms localhost
GET /@fs/C:/Users/USER/Documents/BroCampTasks/Angular_Project/frontend/.angular/cache/18.2.15/frontend/vite/deps/@angular_common_http.js?v=ffa03c27 200 [23/Mar/2025:16:40:23 +0000] - 5.819 ms localhost
GET /@fs/C:/Users/USER/Documents/BroCampTasks/Angular_Project/frontend/.angular/cache/18.2.15/frontend/vite/deps/rxjs.js?v=ffa03c27 200 [23/Mar/2025:16:40:23 +0000] - 9.012 ms localhost
GET /@fs/C:/Users/USER/Documents/BroCampTasks/Angular_Project/frontend/.angular/cache/18.2.15/frontend/vite/deps/ngx-socket-io.js?v=ffa03c27 200 [23/Mar/2025:16:40:23 +0000] - 8.793 ms localhost
GET /@fs/C:/Users/USER/Documents/BroCampTasks/Angular_Project/frontend/.angular/cache/18.2.15/frontend/vite/deps/@angular_forms.js?v=ffa03c27 200 [23/Mar/2025:16:40:23 +0000] - 8.200 ms localhost
GET /@fs/C:/Users/USER/Documents/BroCampTasks/Angular_Project/frontend/.angular/cache/18.2.15/frontend/vite/deps/emoji-picker-element.js?v=ffa03c27 200 [23/Mar/2025:16:40:23 +0000] - 4.225 ms localhost
GET /@fs/C:/Users/USER/Documents/BroCampTasks/Angular_Project/frontend/.angular/cache/18.2.15/frontend/vite/deps/chunk-TI4NIV3R.js?v=ffa03c27 200 [23/Mar/2025:16:40:24 +0000] - 6.643 ms localhost
GET /@fs/C:/Users/USER/Documents/BroCampTasks/Angular_Project/frontend/.angular/cache/18.2.15/frontend/vite/deps/chunk-KHJLBV7G.js?v=ffa03c27 200 [23/Mar/2025:16:40:24 +0000] - 4.528 ms localhost
GET /@fs/C:/Users/USER/Documents/BroCampTasks/Angular_Project/frontend/.angular/cache/18.2.15/frontend/vite/deps/chunk-UWVBNKXZ.js?v=ffa03c27 200 [23/Mar/2025:16:40:24 +0000] - 6.695 ms localhost
GET /@fs/C:/Users/USER/Documents/BroCampTasks/Angular_Project/frontend/.angular/cache/18.2.15/frontend/vite/deps/chunk-KPU55VW5.js?v=ffa03c27 200 [23/Mar/2025:16:40:24 +0000] - 20.933 ms localhost
GET /@fs/C:/Users/USER/Documents/BroCampTasks/Angular_Project/frontend/.angular/cache/18.2.15/frontend/vite/deps/chunk-P6U2JBMQ.js?v=ffa03c27 200 [23/Mar/2025:16:40:24 +0000] - 4.698 ms localhost
GET /@fs/C:/Users/USER/Documents/BroCampTasks/Angular_Project/frontend/.angular/cache/18.2.15/frontend/vite/deps/chunk-XWLXMCJQ.js?v=ffa03c27 200 [23/Mar/2025:16:40:24 +0000] - 2.550 ms localhost
GET /scripts.js 200 [23/Mar/2025:16:40:24 +0000] - 8.182 ms localhost
GET /@fs/C:/Users/USER/Documents/BroCampTasks/Angular_Project/frontend/.angular/cache/18.2.15/frontend/vite/deps/@angular_core.js.map 200 [23/Mar/2025:16:40:25 +0000] - 17.675 ms localhost
GET /chunk-LA5A4CKH.js 200 [23/Mar/2025:16:40:25 +0000] - 235.144 ms localhost
GET /@fs/C:/Users/USER/Documents/BroCampTasks/Angular_Project/frontend/.angular/cache/18.2.15/frontend/vite/deps/chunk-XWLXMCJQ.js.map 200 [23/Mar/2025:16:40:25 +0000] - 238.568 ms localhost
GET /@fs/C:/Users/USER/Documents/BroCampTasks/Angular_Project/frontend/.angular/cache/18.2.15/frontend/vite/deps/rxjs.js.map 200 [23/Mar/2025:16:40:25 +0000] - 28.512 ms localhost
GET /@fs/C:/Users/USER/Documents/BroCampTasks/Angular_Project/frontend/.angular/cache/18.2.15/frontend/vite/deps/chunk-P6U2JBMQ.js.map 200 [23/Mar/2025:16:40:25 +0000] - 245.499 ms localhost
GET /@fs/C:/Users/USER/Documents/BroCampTasks/Angular_Project/frontend/.angular/cache/18.2.15/frontend/vite/deps/@angular_common_http.js.map 200 [23/Mar/2025:16:40:25 +0000] - 31.585 ms localhost
GET /@fs/C:/Users/USER/Documents/BroCampTasks/Angular_Project/frontend/.angular/cache/18.2.15/frontend/vite/deps/chunk-KPU55VW5.js.map 200 [23/Mar/2025:16:40:25 +0000] - 357.320 ms localhost
GET /@fs/C:/Users/USER/Documents/BroCampTasks/Angular_Project/frontend/.angular/cache/18.2.15/frontend/vite/deps/@angular_platform-browser.js.map 200 [23/Mar/2025:16:40:26 +0000] - 10.521 ms localhost
GET /@fs/C:/Users/USER/Documents/BroCampTasks/Angular_Project/frontend/.angular/cache/18.2.15/frontend/vite/deps/chunk-KHJLBV7G.js.map 200 [23/Mar/2025:16:40:26 +0000] - 22.575 ms localhost
GET /@fs/C:/Users/USER/Documents/BroCampTasks/Angular_Project/frontend/.angular/cache/18.2.15/frontend/vite/deps/chunk-TI4NIV3R.js.map 200 [23/Mar/2025:16:40:26 +0000] - 20.366 ms localhost
GET /@fs/C:/Users/USER/Documents/BroCampTasks/Angular_Project/frontend/.angular/cache/18.2.15/frontend/vite/deps/chunk-UWVBNKXZ.js.map 200 [23/Mar/2025:16:40:26 +0000] - 30.399 ms localhost
GET /@fs/C:/Users/USER/Documents/BroCampTasks/Angular_Project/frontend/.angular/cache/18.2.15/frontend/vite/deps/@angular_router.js.map 200 [23/Mar/2025:16:40:26 +0000] - 20.102 ms localhost
GET /@fs/C:/Users/USER/Documents/BroCampTasks/Angular_Project/frontend/.angular/cache/18.2.15/frontend/vite/deps/ngx-socket-io.js.map 200 [23/Mar/2025:16:40:26 +0000] - 17.890 ms localhost
GET /chunk-KSELMSGV.js 200 [23/Mar/2025:16:40:26 +0000] - 3.317 ms localhost
GET /chunk-AD6BEBTX.js 200 [23/Mar/2025:16:40:26 +0000] - 3.572 ms localhost
GET /chunk-MQDO5BT4.js 200 [23/Mar/2025:16:40:26 +0000] - 3.210 ms localhost
GET /chunk-F64TRUFE.js 200 [23/Mar/2025:16:40:26 +0000] - 4.109 ms localhost
GET /favicon.ico 200 [23/Mar/2025:16:40:26 +0000] - 19.719 ms localhost
GET /@fs/C:/Users/USER/Documents/BroCampTasks/Angular_Project/frontend/.angular/cache/18.2.15/frontend/vite/deps/@angular_common.js?v=ffa03c27 200 [23/Mar/2025:16:40:26 +0000] - 3.400 ms localhost
GET /@fs/C:/Users/USER/Documents/BroCampTasks/Angular_Project/frontend/.angular/cache/18.2.15/frontend/vite/deps/@angular_forms.js.map 200 [23/Mar/2025:16:40:26 +0000] - 12.845 ms localhost
GET /@fs/C:/Users/USER/Documents/BroCampTasks/Angular_Project/frontend/.angular/cache/18.2.15/frontend/vite/deps/emoji-picker-element.js.map 200 [23/Mar/2025:16:40:27 +0000] - 8.282 ms localhost
GET /@fs/C:/Users/USER/Documents/BroCampTasks/Angular_Project/frontend/.angular/cache/18.2.15/frontend/vite/deps/@angular_common.js.map 200 [23/Mar/2025:16:40:27 +0000] - 4.548 ms localhost
GET /login.component.css.map 200 [23/Mar/2025:16:40:27 +0000] - 3.950 ms localhost
GET /?token=nXZPFnOGxp2U - [23/Mar/2025:16:44:22 +0000] - - ms localhost
GET /login 200 [23/Mar/2025:17:55:47 +0000] - 186.410 ms localhost
GET /styles.css 200 [23/Mar/2025:17:55:47 +0000] - 8.502 ms localhost
GET /@vite/client 200 [23/Mar/2025:17:55:47 +0000] - 135.102 ms localhost
GET /polyfills.js 200 [23/Mar/2025:17:55:47 +0000] - 36.395 ms localhost
GET /main.js 200 [23/Mar/2025:17:55:47 +0000] - 36.649 ms localhost
GET /@fs/C:/Users/USER/Documents/BroCampTasks/Angular_Project/frontend/node_modules/vite/dist/client/env.mjs 200 [23/Mar/2025:17:55:47 +0000] - 4.707 ms localhost
GET /scripts.js 200 [23/Mar/2025:17:55:47 +0000] - 11.849 ms localhost
GET /chunk-JK2OZDZD.js 200 [23/Mar/2025:17:55:48 +0000] - 4.253 ms localhost
GET /chunk-4U3G4P5L.js 200 [23/Mar/2025:17:55:48 +0000] - 2.769 ms localhost
GET /chunk-CKERTW25.js 200 [23/Mar/2025:17:55:48 +0000] - 22.565 ms localhost
GET /@fs/C:/Users/USER/Documents/BroCampTasks/Angular_Project/frontend/.angular/cache/18.2.15/frontend/vite/deps/@angular_core.js?v=ffa03c27 200 [23/Mar/2025:17:55:48 +0000] - 5.066 ms localhost
GET /@fs/C:/Users/USER/Documents/BroCampTasks/Angular_Project/frontend/.angular/cache/18.2.15/frontend/vite/deps/@angular_platform-browser.js?v=ffa03c27 200 [23/Mar/2025:17:55:48 +0000] - 25.000 ms localhost
GET /@fs/C:/Users/USER/Documents/BroCampTasks/Angular_Project/frontend/.angular/cache/18.2.15/frontend/vite/deps/@angular_router.js?v=ffa03c27 200 [23/Mar/2025:17:55:48 +0000] - 29.378 ms localhost
GET /@fs/C:/Users/USER/Documents/BroCampTasks/Angular_Project/frontend/.angular/cache/18.2.15/frontend/vite/deps/@angular_common_http.js?v=ffa03c27 200 [23/Mar/2025:17:55:49 +0000] - 3.106 ms localhost
GET /@fs/C:/Users/USER/Documents/BroCampTasks/Angular_Project/frontend/.angular/cache/18.2.15/frontend/vite/deps/rxjs.js?v=ffa03c27 200 [23/Mar/2025:17:55:49 +0000] - 2.732 ms localhost
GET /@fs/C:/Users/USER/Documents/BroCampTasks/Angular_Project/frontend/.angular/cache/18.2.15/frontend/vite/deps/ngx-socket-io.js?v=ffa03c27 200 [23/Mar/2025:17:55:49 +0000] - 12.963 ms localhost
GET /@fs/C:/Users/USER/Documents/BroCampTasks/Angular_Project/frontend/.angular/cache/18.2.15/frontend/vite/deps/@angular_forms.js?v=ffa03c27 200 [23/Mar/2025:17:55:49 +0000] - 15.445 ms localhost
GET /@fs/C:/Users/USER/Documents/BroCampTasks/Angular_Project/frontend/.angular/cache/18.2.15/frontend/vite/deps/emoji-picker-element.js?v=ffa03c27 200 [23/Mar/2025:17:55:49 +0000] - 18.196 ms localhost
GET /@fs/C:/Users/USER/Documents/BroCampTasks/Angular_Project/frontend/.angular/cache/18.2.15/frontend/vite/deps/chunk-KPU55VW5.js?v=ffa03c27 200 [23/Mar/2025:17:55:49 +0000] - 19.525 ms localhost
GET /@fs/C:/Users/USER/Documents/BroCampTasks/Angular_Project/frontend/.angular/cache/18.2.15/frontend/vite/deps/chunk-P6U2JBMQ.js?v=ffa03c27 200 [23/Mar/2025:17:55:49 +0000] - 5.082 ms localhost
GET /@fs/C:/Users/USER/Documents/BroCampTasks/Angular_Project/frontend/.angular/cache/18.2.15/frontend/vite/deps/chunk-XWLXMCJQ.js?v=ffa03c27 200 [23/Mar/2025:17:55:49 +0000] - 2.946 ms localhost
GET /@fs/C:/Users/USER/Documents/BroCampTasks/Angular_Project/frontend/.angular/cache/18.2.15/frontend/vite/deps/chunk-TI4NIV3R.js?v=ffa03c27 200 [23/Mar/2025:17:55:49 +0000] - 5.474 ms localhost
GET /@fs/C:/Users/USER/Documents/BroCampTasks/Angular_Project/frontend/.angular/cache/18.2.15/frontend/vite/deps/chunk-KHJLBV7G.js?v=ffa03c27 200 [23/Mar/2025:17:55:49 +0000] - 9.252 ms localhost
GET /@fs/C:/Users/USER/Documents/BroCampTasks/Angular_Project/frontend/.angular/cache/18.2.15/frontend/vite/deps/chunk-UWVBNKXZ.js?v=ffa03c27 200 [23/Mar/2025:17:55:49 +0000] - 12.728 ms localhost
GET /styles.css.map 200 [23/Mar/2025:17:55:49 +0000] - 7.251 ms localhost
GET /chunk-LA5A4CKH.js 200 [23/Mar/2025:17:55:49 +0000] - 5.780 ms localhost
GET /chunk-KSELMSGV.js 200 [23/Mar/2025:17:55:49 +0000] - 3.067 ms localhost
GET /chunk-AD6BEBTX.js 200 [23/Mar/2025:17:55:49 +0000] - 9.921 ms localhost
GET /chunk-MQDO5BT4.js 200 [23/Mar/2025:17:55:49 +0000] - 10.028 ms localhost
GET /chunk-F64TRUFE.js 200 [23/Mar/2025:17:55:49 +0000] - 10.553 ms localhost
GET /@fs/C:/Users/USER/Documents/BroCampTasks/Angular_Project/frontend/.angular/cache/18.2.15/frontend/vite/deps/@angular_core.js.map 200 [23/Mar/2025:17:55:49 +0000] - 25.689 ms localhost
GET /@fs/C:/Users/USER/Documents/BroCampTasks/Angular_Project/frontend/.angular/cache/18.2.15/frontend/vite/deps/@angular_common.js?v=ffa03c27 200 [23/Mar/2025:17:55:50 +0000] - 3.015 ms localhost
GET /@fs/C:/Users/USER/Documents/BroCampTasks/Angular_Project/frontend/.angular/cache/18.2.15/frontend/vite/deps/chunk-XWLXMCJQ.js.map 200 [23/Mar/2025:17:55:50 +0000] - 8.576 ms localhost
GET /@fs/C:/Users/USER/Documents/BroCampTasks/Angular_Project/frontend/.angular/cache/18.2.15/frontend/vite/deps/rxjs.js.map 200 [23/Mar/2025:17:55:50 +0000] - 9.414 ms localhost
GET /@fs/C:/Users/USER/Documents/BroCampTasks/Angular_Project/frontend/.angular/cache/18.2.15/frontend/vite/deps/chunk-P6U2JBMQ.js.map 200 [23/Mar/2025:17:55:50 +0000] - 30.571 ms localhost
GET /@fs/C:/Users/USER/Documents/BroCampTasks/Angular_Project/frontend/.angular/cache/18.2.15/frontend/vite/deps/chunk-KPU55VW5.js.map 200 [23/Mar/2025:17:55:50 +0000] - 146.775 ms localhost
GET /@fs/C:/Users/USER/Documents/BroCampTasks/Angular_Project/frontend/.angular/cache/18.2.15/frontend/vite/deps/@angular_common_http.js.map 200 [23/Mar/2025:17:55:50 +0000] - 149.755 ms localhost
GET /@fs/C:/Users/USER/Documents/BroCampTasks/Angular_Project/frontend/.angular/cache/18.2.15/frontend/vite/deps/chunk-KHJLBV7G.js.map 200 [23/Mar/2025:17:55:50 +0000] - 20.053 ms localhost
GET /@fs/C:/Users/USER/Documents/BroCampTasks/Angular_Project/frontend/.angular/cache/18.2.15/frontend/vite/deps/@angular_platform-browser.js.map 200 [23/Mar/2025:17:55:50 +0000] - 18.429 ms localhost
GET /@fs/C:/Users/USER/Documents/BroCampTasks/Angular_Project/frontend/.angular/cache/18.2.15/frontend/vite/deps/chunk-UWVBNKXZ.js.map 200 [23/Mar/2025:17:55:50 +0000] - 36.147 ms localhost
GET /@fs/C:/Users/USER/Documents/BroCampTasks/Angular_Project/frontend/.angular/cache/18.2.15/frontend/vite/deps/chunk-TI4NIV3R.js.map 200 [23/Mar/2025:17:55:50 +0000] - 39.725 ms localhost
GET /@fs/C:/Users/USER/Documents/BroCampTasks/Angular_Project/frontend/.angular/cache/18.2.15/frontend/vite/deps/ngx-socket-io.js.map 200 [23/Mar/2025:17:55:50 +0000] - 8.063 ms localhost
GET /@fs/C:/Users/USER/Documents/BroCampTasks/Angular_Project/frontend/.angular/cache/18.2.15/frontend/vite/deps/@angular_router.js.map 200 [23/Mar/2025:17:55:50 +0000] - 19.550 ms localhost
GET /@fs/C:/Users/USER/Documents/BroCampTasks/Angular_Project/frontend/.angular/cache/18.2.15/frontend/vite/deps/@angular_forms.js.map 200 [23/Mar/2025:17:55:50 +0000] - 26.717 ms localhost
GET /@fs/C:/Users/USER/Documents/BroCampTasks/Angular_Project/frontend/.angular/cache/18.2.15/frontend/vite/deps/@angular_common.js.map 200 [23/Mar/2025:17:55:50 +0000] - 9.770 ms localhost
GET /@fs/C:/Users/USER/Documents/BroCampTasks/Angular_Project/frontend/.angular/cache/18.2.15/frontend/vite/deps/emoji-picker-element.js.map 200 [23/Mar/2025:17:55:50 +0000] - 23.250 ms localhost
GET /login.component.css.map 200 [23/Mar/2025:17:55:50 +0000] - 10.310 ms localhost
GET /favicon.ico 200 [23/Mar/2025:17:55:57 +0000] - 5.193 ms localhost
GET /?token=nXZPFnOGxp2U - [23/Mar/2025:17:59:48 +0000] - - ms localhost
