GET /api/user/check 401 [08/May/2025:22:11:28 +0000] - 535.941 ms localhost
GET /api/user/token/refresh 400 [08/May/2025:22:11:28 +0000] - 203.678 ms localhost
GET /api/user/check 401 [08/May/2025:22:11:28 +0000] - 92.474 ms localhost
GET /api/user/token/refresh 400 [08/May/2025:22:11:28 +0000] - 42.096 ms localhost
GET /api/user/check 401 [08/May/2025:22:11:30 +0000] - 30.629 ms localhost
GET /api/user/token/refresh 400 [08/May/2025:22:11:30 +0000] - 25.324 ms localhost
GET /api/user/check 401 [08/May/2025:22:11:31 +0000] - 19.502 ms localhost
GET /api/user/token/refresh 400 [08/May/2025:22:11:31 +0000] - 148.384 ms localhost
POST /api/user/login 200 [08/May/2025:22:11:45 +0000] - 366.587 ms localhost
GET /api/user/check 200 [08/May/2025:22:11:51 +0000] - 148.817 ms localhost
GET /api/user/check 304 [08/May/2025:22:11:51 +0000] - 82.171 ms localhost
GET /api/user/check 304 [08/May/2025:22:11:52 +0000] - 38.590 ms localhost
GET /api/booking/bookings?userName=Sreedevi%20K&pageNumber=1&pageSize=2&isConfirmed=false 304 [08/May/2025:22:11:52 +0000] - 295.482 ms localhost
GET /api/service/services?role=user&limit=10&isApproved=true 200 [08/May/2025:22:12:12 +0000] - 391.284 ms localhost
GET /api/service/services?role=user&limit=10&isApproved=true 200 [08/May/2025:22:13:26 +0000] - 79.141 ms localhost
GET /api/user/check 304 [08/May/2025:22:13:30 +0000] - 88.654 ms localhost
GET /api/user/check 200 [08/May/2025:22:13:31 +0000] - 59.118 ms localhost
GET /api/user/check 304 [08/May/2025:22:13:31 +0000] - 101.164 ms localhost
GET /api/service/services?role=user&limit=10&isApproved=true 200 [08/May/2025:22:13:31 +0000] - 81.821 ms localhost
GET /api/booking/bookings?userName=Sreedevi%20K&pageNumber=1&pageSize=2&isConfirmed=true 200 [08/May/2025:22:14:27 +0000] - 365.265 ms localhost
GET /api/service/services?role=user&limit=10&isApproved=true 200 [08/May/2025:22:14:41 +0000] - 551.618 ms localhost
GET /api/booking/bookings?userName=Sreedevi%20K&pageNumber=1&pageSize=2&isConfirmed=false 200 [08/May/2025:22:14:46 +0000] - 98.952 ms localhost
GET /api/booking/bookings?userName=Sreedevi%20K&pageNumber=1&pageSize=2&isConfirmed=true 200 [08/May/2025:22:14:49 +0000] - 64.894 ms localhost
GET /api/wallet/userWallet/674e8a6920bc39246157f503 200 [08/May/2025:22:14:53 +0000] - 209.297 ms localhost
GET /api/user/logout 200 [08/May/2025:22:16:44 +0000] - 152.910 ms localhost
GET /api/user/logout 200 [08/May/2025:22:16:50 +0000] - 49.583 ms localhost
GET /api/user/check 401 [08/May/2025:22:16:58 +0000] - 131.618 ms localhost
GET /api/user/token/refresh 400 [08/May/2025:22:16:58 +0000] - 80.916 ms localhost
GET /api/user/check 401 [08/May/2025:22:16:58 +0000] - 137.571 ms localhost
GET /api/user/token/refresh 400 [08/May/2025:22:16:58 +0000] - 271.947 ms localhost
GET /api/user/check 401 [09/May/2025:07:03:28 +0000] - 357.493 ms localhost
GET /api/user/token/refresh 400 [09/May/2025:07:03:29 +0000] - 363.144 ms localhost
GET /api/user/check 401 [09/May/2025:07:03:30 +0000] - 23.982 ms localhost
GET /api/user/token/refresh 400 [09/May/2025:07:03:30 +0000] - 82.101 ms localhost
GET /api/user/check 401 [09/May/2025:07:04:59 +0000] - 306.470 ms localhost
GET /api/user/token/refresh 400 [09/May/2025:07:04:59 +0000] - 205.798 ms localhost
GET /api/user/check 401 [09/May/2025:07:04:59 +0000] - 117.734 ms localhost
GET /api/user/token/refresh 400 [09/May/2025:07:04:59 +0000] - 49.535 ms localhost
GET /api/user/check 401 [09/May/2025:07:05:04 +0000] - 131.558 ms localhost
GET /api/user/token/refresh 400 [09/May/2025:07:05:04 +0000] - 39.459 ms localhost
GET /api/user/check 401 [09/May/2025:07:05:04 +0000] - 171.971 ms localhost
GET /api/user/token/refresh 400 [09/May/2025:07:05:05 +0000] - 103.532 ms localhost
GET /api/user/check 401 [09/May/2025:07:05:16 +0000] - 19.166 ms localhost
GET /api/user/token/refresh 400 [09/May/2025:07:05:16 +0000] - 23.205 ms localhost
GET /api/user/check 401 [09/May/2025:07:05:16 +0000] - 31.078 ms localhost
GET /api/user/token/refresh 400 [09/May/2025:07:05:16 +0000] - 31.548 ms localhost
POST /api/user/login 200 [09/May/2025:07:06:06 +0000] - 373.102 ms localhost
GET /api/booking/bookings?userName=Sreedevi%20K&pageNumber=1&pageSize=2&isConfirmed=false 200 [09/May/2025:07:06:12 +0000] - 590.563 ms localhost
GET /api/user/check 200 [09/May/2025:07:06:24 +0000] - 49.998 ms localhost
GET /api/user/check 200 [09/May/2025:07:06:24 +0000] - 43.866 ms localhost
GET /api/user/check 304 [09/May/2025:07:06:24 +0000] - 46.863 ms localhost
GET /api/service/services?role=user&limit=10&isApproved=true 304 [09/May/2025:07:06:24 +0000] - 641.957 ms localhost
GET /api/booking/bookings?userName=Sreedevi%20K&pageNumber=1&pageSize=2&isConfirmed=true 200 [09/May/2025:07:08:10 +0000] - 428.472 ms localhost
GET /api/service/services?role=user&limit=10&isApproved=true 200 [09/May/2025:07:08:13 +0000] - 170.710 ms localhost
GET /api/booking/bookings?userName=Sreedevi%20K&pageNumber=1&pageSize=2&isConfirmed=false 200 [09/May/2025:07:08:17 +0000] - 49.335 ms localhost
GET /api/user/check 304 [09/May/2025:07:08:23 +0000] - 105.189 ms localhost
GET /api/user/check 200 [09/May/2025:07:08:24 +0000] - 102.340 ms localhost
GET /api/user/check 200 [09/May/2025:07:08:24 +0000] - 98.593 ms localhost
GET /api/user/check 304 [09/May/2025:07:08:24 +0000] - 71.115 ms localhost
GET /api/service/services?role=user&limit=10&isApproved=true 200 [09/May/2025:07:08:24 +0000] - 135.561 ms localhost
GET /api/user/check 200 [09/May/2025:07:10:36 +0000] - 494.388 ms localhost
GET /api/user/check 200 [09/May/2025:07:10:36 +0000] - 818.845 ms localhost
GET /api/user/check 304 [09/May/2025:07:10:40 +0000] - 365.328 ms localhost
GET /api/user/check 200 [09/May/2025:07:10:40 +0000] - 139.281 ms localhost
GET /api/user/check 304 [09/May/2025:07:10:40 +0000] - 122.084 ms localhost
GET /api/user/check 200 [09/May/2025:07:10:41 +0000] - 164.316 ms localhost
GET /api/booking/bookings?userName=Sreedevi%20K&pageNumber=1&pageSize=2&isConfirmed=false 200 [09/May/2025:07:10:42 +0000] - 274.810 ms localhost
GET /api/user/check 200 [09/May/2025:07:10:51 +0000] - 157.524 ms localhost
GET /api/user/check 200 [09/May/2025:07:10:51 +0000] - 43.911 ms localhost
GET /api/user/check 200 [09/May/2025:07:11:03 +0000] - 53.293 ms localhost
GET /api/user/check 200 [09/May/2025:07:11:36 +0000] - 333.814 ms localhost
POST /api/user/login 200 [09/May/2025:07:12:04 +0000] - 198.931 ms localhost
GET /api/user/check 200 [09/May/2025:07:12:20 +0000] - 54.764 ms localhost
GET /api/user/check 200 [09/May/2025:07:12:21 +0000] - 36.965 ms localhost
GET /api/booking/bookings?userName=Sreedevi%20K&pageNumber=1&pageSize=2&isConfirmed=false 304 [09/May/2025:07:12:21 +0000] - 311.965 ms localhost
GET /api/booking/bookings?userName=Sreedevi%20K&pageNumber=1&pageSize=2&isConfirmed=true 200 [09/May/2025:07:13:38 +0000] - 80.210 ms localhost
GET /api/user/check 200 [09/May/2025:07:13:50 +0000] - 209.100 ms localhost
GET /api/user/check 200 [09/May/2025:07:13:50 +0000] - 83.410 ms localhost
GET /api/user/check 200 [09/May/2025:07:13:50 +0000] - 335.760 ms localhost
GET /api/user/check 200 [09/May/2025:07:14:19 +0000] - 263.167 ms localhost
GET /api/user/check 200 [09/May/2025:07:14:19 +0000] - 38.958 ms localhost
GET /api/user/check 200 [09/May/2025:07:14:23 +0000] - 169.977 ms localhost
GET /api/user/check 200 [09/May/2025:07:14:23 +0000] - 45.130 ms localhost
GET /api/user/check 200 [09/May/2025:07:14:24 +0000] - 141.859 ms localhost
GET /api/user/check 200 [09/May/2025:07:14:51 +0000] - 99.941 ms localhost
GET /api/user/check 200 [09/May/2025:07:14:52 +0000] - 648.183 ms localhost
GET /api/user/check 200 [09/May/2025:07:14:53 +0000] - 37.360 ms localhost
GET /api/user/check 200 [09/May/2025:07:14:54 +0000] - 35.048 ms localhost
GET /api/user/check 200 [09/May/2025:07:14:54 +0000] - 36.210 ms localhost
GET /api/user/check 200 [09/May/2025:07:15:10 +0000] - 418.975 ms localhost
GET /api/user/check 200 [09/May/2025:07:15:10 +0000] - 54.613 ms localhost
POST /api/user/login 200 [09/May/2025:07:15:22 +0000] - 205.276 ms localhost
GET /api/service/services?role=user&limit=10&isApproved=true 200 [09/May/2025:07:15:37 +0000] - 564.572 ms localhost
GET /api/booking/bookings?userName=Sreedevi%20K&pageNumber=1&pageSize=2&isConfirmed=false 200 [09/May/2025:07:15:40 +0000] - 353.197 ms localhost
GET /api/user/check 200 [09/May/2025:07:15:44 +0000] - 46.414 ms localhost
GET /api/user/check 200 [09/May/2025:07:15:45 +0000] - 42.605 ms localhost
GET /api/user/check 304 [09/May/2025:07:15:45 +0000] - 80.651 ms localhost
GET /api/service/services?role=user&limit=10&isApproved=true 304 [09/May/2025:07:15:45 +0000] - 96.423 ms localhost
GET /api/event/events/Birthday 200 [09/May/2025:07:16:02 +0000] - 452.195 ms localhost
GET /api/booking/events 200 [09/May/2025:07:16:03 +0000] - 678.809 ms localhost
GET /api/booking/bookings?userName=Sreedevi%20K&pageNumber=1&pageSize=2&isConfirmed=false 200 [09/May/2025:07:16:09 +0000] - 46.795 ms localhost
GET /api/user/check 200 [09/May/2025:07:16:19 +0000] - 86.035 ms localhost
GET /api/user/check 200 [09/May/2025:07:16:20 +0000] - 450.945 ms localhost
GET /api/booking/bookings?userName=Sreedevi%20K&pageNumber=1&pageSize=2&isConfirmed=false 200 [09/May/2025:07:16:20 +0000] - 106.228 ms localhost
GET /api/user/check 200 [09/May/2025:07:16:20 +0000] - 296.565 ms localhost
GET /api/user/check 200 [09/May/2025:07:16:30 +0000] - 76.333 ms localhost
GET /api/user/check 200 [09/May/2025:07:16:31 +0000] - 440.928 ms localhost
GET /api/booking/bookings?userName=Sreedevi%20K&pageNumber=1&pageSize=2&isConfirmed=false 200 [09/May/2025:07:16:31 +0000] - 208.622 ms localhost
GET /api/user/check 200 [09/May/2025:07:16:31 +0000] - 241.534 ms localhost
GET /api/user/check 200 [09/May/2025:07:17:45 +0000] - 52.675 ms localhost
GET /api/user/check 200 [09/May/2025:07:17:45 +0000] - 82.301 ms localhost
GET /api/user/check 304 [09/May/2025:07:17:53 +0000] - 116.336 ms localhost
POST /api/user/login 200 [09/May/2025:07:18:05 +0000] - 164.248 ms localhost
GET /api/user/check 200 [09/May/2025:07:18:17 +0000] - 224.798 ms localhost
GET /api/user/check 304 [09/May/2025:07:18:17 +0000] - 36.157 ms localhost
GET /api/user/check 304 [09/May/2025:07:18:17 +0000] - 33.811 ms localhost
GET /api/user/check 304 [09/May/2025:07:19:04 +0000] - 69.740 ms localhost
GET /api/user/check 304 [09/May/2025:07:19:05 +0000] - 65.398 ms localhost
GET /api/user/check 304 [09/May/2025:07:26:46 +0000] - 535.888 ms localhost
POST /api/user/login 200 [09/May/2025:07:26:52 +0000] - 180.949 ms localhost
GET /api/booking/bookings?userName=Sreedevi%20K&pageNumber=1&pageSize=2&isConfirmed=false 304 [09/May/2025:07:27:02 +0000] - 350.549 ms localhost
GET /api/user/check 200 [09/May/2025:07:27:11 +0000] - 85.010 ms localhost
GET /api/user/check 304 [09/May/2025:07:27:12 +0000] - 57.882 ms localhost
GET /api/user/check 304 [09/May/2025:07:27:12 +0000] - 59.216 ms localhost
GET /api/user/check 200 [09/May/2025:07:32:15 +0000] - 1040.468 ms localhost
GET /api/user/check 200 [09/May/2025:07:32:15 +0000] - 921.909 ms localhost
GET /api/user/check 200 [09/May/2025:07:32:15 +0000] - 210.222 ms localhost
GET /api/user/check 200 [09/May/2025:07:32:16 +0000] - 41.800 ms localhost
GET /api/user/check 200 [09/May/2025:07:32:28 +0000] - 55.067 ms localhost
GET /api/user/check 200 [09/May/2025:07:32:29 +0000] - 160.419 ms localhost
GET /api/user/check 200 [09/May/2025:07:32:35 +0000] - 40.523 ms localhost
GET /api/user/check 200 [09/May/2025:07:32:35 +0000] - 36.963 ms localhost
GET /api/user/check 200 [09/May/2025:07:32:35 +0000] - 51.633 ms localhost
GET /api/user/check 200 [09/May/2025:07:34:14 +0000] - 1673.499 ms localhost
GET /api/user/check 200 [09/May/2025:07:36:33 +0000] - 999.539 ms localhost
GET /api/user/check 200 [09/May/2025:07:36:46 +0000] - 172.777 ms localhost
GET /api/user/check 200 [09/May/2025:07:57:25 +0000] - 1068.528 ms localhost
GET /api/user/check 200 [09/May/2025:07:57:31 +0000] - 286.118 ms localhost
GET /api/user/check 304 [09/May/2025:07:58:47 +0000] - 471.919 ms localhost
GET /api/user/check 200 [09/May/2025:07:59:37 +0000] - 1201.224 ms localhost
GET /api/user/check 200 [09/May/2025:07:59:44 +0000] - 386.882 ms localhost
GET /api/user/check 200 [09/May/2025:08:00:29 +0000] - 71.047 ms localhost
POST /api/user/login 200 [09/May/2025:08:01:42 +0000] - 495.153 ms localhost
GET /api/user/check 200 [09/May/2025:08:01:54 +0000] - 198.432 ms localhost
GET /api/user/check 200 [09/May/2025:08:01:55 +0000] - 109.865 ms localhost
GET /api/user/check 304 [09/May/2025:08:02:36 +0000] - 82.446 ms localhost
GET /api/user/check 200 [09/May/2025:08:02:36 +0000] - 77.714 ms localhost
GET /api/user/check 200 [09/May/2025:08:10:11 +0000] - 618.538 ms localhost
GET /api/user/check 200 [09/May/2025:08:10:37 +0000] - 903.554 ms localhost
POST /api/user/login 200 [09/May/2025:08:11:26 +0000] - 398.184 ms localhost
GET /api/user/check 200 [09/May/2025:08:11:34 +0000] - 131.862 ms localhost
GET /api/user/check 200 [09/May/2025:08:11:35 +0000] - 70.906 ms localhost
GET /api/booking/bookings?userName=Sreedevi%20K&pageNumber=1&pageSize=2&isConfirmed=false 304 [09/May/2025:08:11:35 +0000] - 319.877 ms localhost
GET /api/user/check 304 [09/May/2025:08:11:48 +0000] - 70.017 ms localhost
GET /api/user/check 200 [09/May/2025:08:11:48 +0000] - 47.196 ms localhost
GET /api/booking/bookings?userName=Sreedevi%20K&pageNumber=1&pageSize=2&isConfirmed=false 304 [09/May/2025:08:11:49 +0000] - 49.756 ms localhost
GET /api/user/logout 200 [09/May/2025:08:11:58 +0000] - 53.907 ms localhost
GET /api/user/check 401 [09/May/2025:08:12:01 +0000] - 334.644 ms localhost
GET /api/user/token/refresh 400 [09/May/2025:08:12:01 +0000] - 94.187 ms localhost
GET /api/user/check 401 [09/May/2025:08:12:09 +0000] - 40.713 ms localhost
GET /api/user/token/refresh 400 [09/May/2025:08:12:09 +0000] - 42.135 ms localhost
GET /api/user/check 401 [09/May/2025:08:17:35 +0000] - 117.968 ms localhost
GET /api/user/token/refresh 400 [09/May/2025:08:17:35 +0000] - 224.937 ms localhost
POST /api/user/login 200 [09/May/2025:08:17:56 +0000] - 374.249 ms localhost
GET /api/user/check 200 [09/May/2025:08:18:09 +0000] - 185.537 ms localhost
GET /api/user/check 304 [09/May/2025:08:18:09 +0000] - 48.616 ms localhost
GET /api/user/check 200 [09/May/2025:08:19:53 +0000] - 1282.858 ms localhost
GET /api/user/check 200 [09/May/2025:08:19:54 +0000] - 2369.056 ms localhost
GET /api/user/check 200 [09/May/2025:08:21:05 +0000] - 904.045 ms localhost
GET /api/user/check 200 [09/May/2025:08:21:27 +0000] - 791.096 ms localhost
GET /api/user/check 304 [09/May/2025:08:22:09 +0000] - 43.118 ms localhost
GET /api/user/check 200 [09/May/2025:08:22:26 +0000] - 467.290 ms localhost
GET /api/user/check 200 [09/May/2025:08:23:17 +0000] - 310.474 ms localhost
POST /api/user/login 200 [09/May/2025:08:23:43 +0000] - 171.214 ms localhost
GET /api/booking/bookings?userName=Sreedevi%20K&pageNumber=1&pageSize=2&isConfirmed=false 200 [09/May/2025:08:23:51 +0000] - 231.739 ms localhost
GET /api/user/check 200 [09/May/2025:08:23:55 +0000] - 48.619 ms localhost
GET /api/user/check 304 [09/May/2025:08:24:31 +0000] - 63.199 ms localhost
GET /api/user/check 200 [09/May/2025:08:24:32 +0000] - 43.842 ms localhost
GET /api/user/check 200 [09/May/2025:08:24:33 +0000] - 34.372 ms localhost
GET /api/user/check 304 [09/May/2025:08:24:48 +0000] - 46.426 ms localhost
GET /api/user/check 200 [09/May/2025:08:24:49 +0000] - 47.246 ms localhost
GET /api/user/check 304 [09/May/2025:08:25:09 +0000] - 111.442 ms localhost
GET /api/user/check 200 [09/May/2025:08:25:11 +0000] - 53.569 ms localhost
GET /api/user/check 200 [09/May/2025:08:26:32 +0000] - 533.973 ms localhost
GET /api/user/check 200 [09/May/2025:08:27:25 +0000] - 404.088 ms localhost
GET /api/user/check 200 [09/May/2025:08:31:51 +0000] - 1930.430 ms localhost
POST /api/user/login 200 [09/May/2025:08:32:03 +0000] - 237.155 ms localhost
GET /api/user/check 200 [09/May/2025:08:32:12 +0000] - 49.121 ms localhost
GET /api/user/check 304 [09/May/2025:08:32:12 +0000] - 62.901 ms localhost
GET /api/booking/bookings?userName=Sreedevi%20K&pageNumber=1&pageSize=2&isConfirmed=true 200 [09/May/2025:08:32:13 +0000] - 203.219 ms localhost
GET /api/user/check 200 [09/May/2025:08:33:05 +0000] - 764.275 ms localhost
GET /api/user/check 200 [09/May/2025:08:33:05 +0000] - 1106.312 ms localhost
GET /api/user/check 200 [09/May/2025:08:33:12 +0000] - 214.230 ms localhost
GET /api/user/check 200 [09/May/2025:08:33:13 +0000] - 177.780 ms localhost
GET /api/booking/bookings?userName=Sreedevi%20K&pageNumber=1&pageSize=2&isConfirmed=false 200 [09/May/2025:08:33:39 +0000] - 288.921 ms localhost
GET /api/service/services?role=user&limit=10&isApproved=true 200 [09/May/2025:08:33:45 +0000] - 407.363 ms localhost
GET /api/booking/bookings?userName=Sreedevi%20K&pageNumber=1&pageSize=2&isConfirmed=false 200 [09/May/2025:08:33:47 +0000] - 56.918 ms localhost
GET /api/booking/bookings?userName=Sreedevi%20K&pageNumber=1&pageSize=2&isConfirmed=true 200 [09/May/2025:08:33:48 +0000] - 146.621 ms localhost
GET /api/service/services?role=user&limit=10&isApproved=true 200 [09/May/2025:08:33:56 +0000] - 63.999 ms localhost
GET /api/booking/bookings?userName=Sreedevi%20K&pageNumber=1&pageSize=2&isConfirmed=false 200 [09/May/2025:08:34:11 +0000] - 96.780 ms localhost
GET /api/service/services?role=user&limit=10&isApproved=true 200 [09/May/2025:08:34:14 +0000] - 68.226 ms localhost
GET /api/booking/bookings?userName=Sreedevi%20K&pageNumber=1&pageSize=2&isConfirmed=true 200 [09/May/2025:08:34:16 +0000] - 196.301 ms localhost
GET /api/user/logout 200 [09/May/2025:08:34:59 +0000] - 169.740 ms localhost
GET /api/user/check 401 [09/May/2025:08:35:04 +0000] - 292.643 ms localhost
GET /api/user/check 401 [09/May/2025:08:35:05 +0000] - 188.491 ms localhost
GET /api/user/token/refresh 400 [09/May/2025:08:35:05 +0000] - 49.700 ms localhost
GET /api/user/token/refresh - [09/May/2025:08:35:05 +0000] - - ms localhost
GET /api/user/check 401 [09/May/2025:09:00:56 +0000] - 208.716 ms localhost
GET /api/user/token/refresh 400 [09/May/2025:09:00:57 +0000] - 354.552 ms localhost
GET /api/user/check 401 [09/May/2025:09:03:12 +0000] - 152.746 ms localhost
GET /api/user/token/refresh 400 [09/May/2025:09:03:12 +0000] - 265.214 ms localhost
GET /api/user/check 401 [09/May/2025:09:03:31 +0000] - 19.941 ms localhost
GET /api/user/token/refresh 400 [09/May/2025:09:03:32 +0000] - 35.124 ms localhost
GET /api/user/check 401 [09/May/2025:09:04:46 +0000] - 194.009 ms localhost
GET /api/user/token/refresh 400 [09/May/2025:09:04:47 +0000] - 203.256 ms localhost
GET /api/user/check 401 [09/May/2025:09:04:53 +0000] - 27.993 ms localhost
GET /api/user/token/refresh 400 [09/May/2025:09:04:54 +0000] - 31.958 ms localhost
GET /api/user/check 401 [09/May/2025:09:04:59 +0000] - 22.615 ms localhost
GET /api/user/token/refresh 400 [09/May/2025:09:04:59 +0000] - 38.661 ms localhost
GET /api/user/check 401 [09/May/2025:09:05:47 +0000] - 61.443 ms localhost
GET /api/user/token/refresh 400 [09/May/2025:09:05:48 +0000] - 588.844 ms localhost
GET /api/user/check 401 [09/May/2025:09:06:12 +0000] - 61.305 ms localhost
GET /api/user/token/refresh 400 [09/May/2025:09:06:12 +0000] - 289.326 ms localhost
GET /api/user/check 401 [09/May/2025:09:06:17 +0000] - 118.008 ms localhost
GET /api/user/token/refresh 400 [09/May/2025:09:06:17 +0000] - 73.945 ms localhost
GET /api/user/check 401 [09/May/2025:09:08:58 +0000] - 113.353 ms localhost
GET /api/user/token/refresh 400 [09/May/2025:09:09:00 +0000] - 652.869 ms localhost
GET /api/user/check 401 [09/May/2025:09:09:09 +0000] - 29.486 ms localhost
GET /api/user/token/refresh 400 [09/May/2025:09:09:09 +0000] - 39.356 ms localhost
GET /api/user/check 401 [09/May/2025:09:09:48 +0000] - 41.414 ms localhost
GET /api/user/token/refresh 400 [09/May/2025:09:09:48 +0000] - 79.433 ms localhost
GET /api/user/check 401 [09/May/2025:09:10:13 +0000] - 670.314 ms localhost
GET /api/user/token/refresh 400 [09/May/2025:09:10:13 +0000] - 101.009 ms localhost
POST /api/user/login 200 [09/May/2025:09:10:31 +0000] - 324.957 ms localhost
GET /api/user/check 200 [09/May/2025:09:10:31 +0000] - 193.531 ms localhost
GET /api/user/check 200 [09/May/2025:09:10:35 +0000] - 99.128 ms localhost
GET /api/booking/bookings?userName=Sreedevi%20K&pageNumber=1&pageSize=2&isConfirmed=false 200 [09/May/2025:09:10:36 +0000] - 338.109 ms localhost
GET /api/user/check 304 [09/May/2025:09:10:40 +0000] - 59.413 ms localhost
GET /api/user/check 304 [09/May/2025:09:10:41 +0000] - 248.038 ms localhost
GET /api/service/services?role=user&limit=10&isApproved=true 304 [09/May/2025:09:10:42 +0000] - 573.860 ms localhost
GET /api/user/check 200 [09/May/2025:09:12:43 +0000] - 839.955 ms localhost
GET /api/user/check 200 [09/May/2025:09:12:43 +0000] - 572.633 ms localhost
GET /api/service/services?role=user&limit=10&isApproved=true 200 [09/May/2025:09:12:44 +0000] - 985.837 ms localhost
GET /api/user/check 200 [09/May/2025:09:12:48 +0000] - 101.505 ms localhost
GET /api/user/check 200 [09/May/2025:09:12:49 +0000] - 73.267 ms localhost
GET /api/user/check 200 [09/May/2025:09:12:50 +0000] - 49.547 ms localhost
GET /api/booking/bookings?userName=Sreedevi%20K&pageNumber=1&pageSize=2&isConfirmed=false 200 [09/May/2025:09:12:50 +0000] - 198.820 ms localhost
GET /api/user/check 200 [09/May/2025:09:13:06 +0000] - 136.121 ms localhost
GET /api/user/check 200 [09/May/2025:09:13:06 +0000] - 139.577 ms localhost
GET /api/user/check 200 [09/May/2025:09:13:06 +0000] - 40.809 ms localhost
GET /api/booking/bookings?userName=Sreedevi%20K&pageNumber=1&pageSize=2&isConfirmed=false 200 [09/May/2025:09:13:07 +0000] - 176.480 ms localhost
GET /api/user/check 200 [09/May/2025:09:13:16 +0000] - 729.522 ms localhost
GET /api/user/check 200 [09/May/2025:09:13:17 +0000] - 619.667 ms localhost
GET /api/user/check 200 [09/May/2025:09:13:26 +0000] - 82.369 ms localhost
GET /api/user/check 200 [09/May/2025:09:13:26 +0000] - 143.669 ms localhost
GET /api/user/check 200 [09/May/2025:09:13:50 +0000] - 130.684 ms localhost
POST /api/user/login 200 [09/May/2025:09:14:02 +0000] - 145.053 ms localhost
GET /api/user/check 200 [09/May/2025:09:14:02 +0000] - 43.920 ms localhost
GET /api/user/check 200 [09/May/2025:09:14:05 +0000] - 43.136 ms localhost
GET /api/booking/bookings?userName=Sreedevi%20K&pageNumber=1&pageSize=2&isConfirmed=false 200 [09/May/2025:09:14:06 +0000] - 329.750 ms localhost
GET /api/user/check 200 [09/May/2025:09:14:14 +0000] - 41.647 ms localhost
GET /api/service/services?role=user&limit=10&isApproved=true 200 [09/May/2025:09:14:15 +0000] - 510.319 ms localhost
GET /api/user/check 304 [09/May/2025:09:14:24 +0000] - 36.963 ms localhost
GET /api/user/check 304 [09/May/2025:09:14:24 +0000] - 79.343 ms localhost
GET /api/booking/bookings?userName=Sreedevi%20K&pageNumber=1&pageSize=2&isConfirmed=false 304 [09/May/2025:09:14:24 +0000] - 55.633 ms localhost
GET /api/user/check 200 [09/May/2025:09:14:33 +0000] - 77.072 ms localhost
GET /api/service/services?role=user&limit=10&isApproved=true 200 [09/May/2025:09:14:34 +0000] - 142.699 ms localhost
GET /api/user/check 200 [09/May/2025:09:14:34 +0000] - 51.391 ms localhost
GET /api/service/services?role=user&limit=10&isApproved=true 200 [09/May/2025:09:14:35 +0000] - 97.007 ms localhost
GET /api/user/check 304 [09/May/2025:09:14:42 +0000] - 37.748 ms localhost
GET /api/user/check 304 [09/May/2025:09:14:43 +0000] - 43.882 ms localhost
GET /api/user/check 304 [09/May/2025:09:18:25 +0000] - 1672.278 ms localhost
GET /api/user/check 200 [09/May/2025:09:18:25 +0000] - 537.038 ms localhost
GET /api/user/check 200 [09/May/2025:09:18:25 +0000] - 35.205 ms localhost
GET /api/service/services?role=user&limit=10&isApproved=true 200 [09/May/2025:09:18:26 +0000] - 545.766 ms localhost
GET /api/user/check 200 [09/May/2025:09:18:38 +0000] - 163.012 ms localhost
GET /api/user/check 200 [09/May/2025:09:18:39 +0000] - 84.488 ms localhost
GET /api/service/services?role=user&limit=10&isApproved=true 200 [09/May/2025:09:18:39 +0000] - 338.255 ms localhost
GET /api/user/check 200 [09/May/2025:09:18:48 +0000] - 170.330 ms localhost
POST /api/user/login 200 [09/May/2025:09:18:58 +0000] - 211.645 ms localhost
GET /api/user/check 200 [09/May/2025:09:18:58 +0000] - 33.515 ms localhost
GET /api/user/check 200 [09/May/2025:09:19:04 +0000] - 50.238 ms localhost
GET /api/user/check 200 [09/May/2025:09:19:08 +0000] - 48.576 ms localhost
GET /api/service/services?role=user&limit=10&isApproved=true 200 [09/May/2025:09:19:09 +0000] - 59.246 ms localhost
GET /api/user/check 200 [09/May/2025:09:19:15 +0000] - 64.883 ms localhost
GET /api/user/check 200 [09/May/2025:09:19:20 +0000] - 85.819 ms localhost
GET /api/booking/bookings?userName=Sreedevi%20K&pageNumber=1&pageSize=2&isConfirmed=false 200 [09/May/2025:09:19:20 +0000] - 214.478 ms localhost
GET /api/user/check 304 [09/May/2025:09:19:28 +0000] - 50.813 ms localhost
GET /api/user/check 304 [09/May/2025:09:19:28 +0000] - 63.100 ms localhost
GET /api/service/services?role=user&limit=10&isApproved=true 304 [09/May/2025:09:19:29 +0000] - 131.221 ms localhost
GET /api/user/check 200 [09/May/2025:09:49:59 +0000] - 902.508 ms localhost
GET /api/user/check 200 [09/May/2025:09:50:00 +0000] - 276.678 ms localhost
GET /api/booking/bookings?userName=Sreedevi%20K&pageNumber=1&pageSize=2&isConfirmed=false 200 [09/May/2025:09:50:01 +0000] - 284.318 ms localhost
GET /api/user/check 200 [09/May/2025:09:50:18 +0000] - 36.910 ms localhost
GET /api/booking/bookings?userName=Sreedevi%20K&pageNumber=1&pageSize=2&isConfirmed=true 200 [09/May/2025:09:50:18 +0000] - 68.902 ms localhost
GET /api/user/check 200 [09/May/2025:09:50:19 +0000] - 48.677 ms localhost
GET /api/user/check 200 [09/May/2025:09:50:21 +0000] - 58.227 ms localhost
GET /api/service/services?role=user&limit=10&isApproved=true 200 [09/May/2025:09:50:22 +0000] - 489.274 ms localhost
GET /api/user/check 304 [09/May/2025:09:55:38 +0000] - 491.618 ms localhost
GET /api/user/check 304 [09/May/2025:09:55:38 +0000] - 39.504 ms localhost
GET /api/booking/bookings?userName=Sreedevi%20K&pageNumber=1&pageSize=2&isConfirmed=false 304 [09/May/2025:09:55:38 +0000] - 231.833 ms localhost
GET /api/user/check 200 [09/May/2025:09:55:48 +0000] - 54.228 ms localhost
GET /api/booking/bookings?userName=Sreedevi%20K&pageNumber=1&pageSize=2&isConfirmed=false 200 [09/May/2025:09:55:48 +0000] - 47.546 ms localhost
GET /api/user/check 304 [09/May/2025:09:55:53 +0000] - 61.455 ms localhost
GET /api/user/check 304 [09/May/2025:09:55:53 +0000] - 56.139 ms localhost
GET /api/service/services?role=user&limit=10&isApproved=true 304 [09/May/2025:09:55:53 +0000] - 261.946 ms localhost
GET /api/user/check 200 [09/May/2025:09:57:41 +0000] - 1360.783 ms localhost
POST /api/user/login 200 [09/May/2025:09:57:48 +0000] - 221.726 ms localhost
GET /api/user/check 200 [09/May/2025:09:57:48 +0000] - 46.020 ms localhost
GET /api/user/check 200 [09/May/2025:09:58:00 +0000] - 67.572 ms localhost
GET /api/booking/bookings?userName=Sreedevi%20K&pageNumber=1&pageSize=2&isConfirmed=true 200 [09/May/2025:09:58:00 +0000] - 425.600 ms localhost
GET /api/user/check 200 [09/May/2025:09:58:02 +0000] - 36.887 ms localhost
GET /api/user/check 200 [09/May/2025:09:58:04 +0000] - 45.963 ms localhost
GET /api/wallet/userWallet/674e8a6920bc39246157f503 200 [09/May/2025:09:58:05 +0000] - 213.333 ms localhost
GET /api/user/check 200 [09/May/2025:09:58:06 +0000] - 40.636 ms localhost
GET /api/user/check 304 [09/May/2025:09:58:11 +0000] - 47.804 ms localhost
GET /api/user/check 304 [09/May/2025:09:58:11 +0000] - 50.667 ms localhost
GET /api/booking/bookings?userName=Sreedevi%20K&pageNumber=1&pageSize=2&isConfirmed=false 304 [09/May/2025:09:58:12 +0000] - 52.914 ms localhost
GET /api/user/check 200 [09/May/2025:09:59:20 +0000] - 656.086 ms localhost
GET /api/user/check 200 [09/May/2025:09:59:20 +0000] - 961.149 ms localhost
GET /api/user/check 200 [09/May/2025:09:59:20 +0000] - 42.344 ms localhost
GET /api/user/check 200 [09/May/2025:09:59:21 +0000] - 53.034 ms localhost
GET /api/user/check 200 [09/May/2025:09:59:21 +0000] - 67.668 ms localhost
GET /api/user/check 200 [09/May/2025:09:59:21 +0000] - 57.424 ms localhost
GET /api/booking/bookings?userName=Sreedevi%20K&pageNumber=1&pageSize=2&isConfirmed=false 200 [09/May/2025:09:59:22 +0000] - 246.637 ms localhost
GET /api/user/logout 200 [09/May/2025:09:59:53 +0000] - 83.887 ms localhost
GET /api/user/check 401 [09/May/2025:10:00:42 +0000] - 195.216 ms localhost
GET /api/user/token/refresh 400 [09/May/2025:10:00:45 +0000] - 441.796 ms localhost
GET /api/user/check 401 [09/May/2025:10:00:49 +0000] - 140.088 ms localhost
GET /api/user/token/refresh 400 [09/May/2025:10:00:49 +0000] - 31.502 ms localhost
POST /api/user/login 200 [09/May/2025:10:00:57 +0000] - 248.216 ms localhost
GET /api/user/check 200 [09/May/2025:10:00:57 +0000] - 163.554 ms localhost
GET /api/user/check 200 [09/May/2025:10:01:00 +0000] - 41.962 ms localhost
GET /api/booking/bookings?userName=Sreedevi%20K&pageNumber=1&pageSize=2&isConfirmed=true 200 [09/May/2025:10:01:01 +0000] - 259.684 ms localhost
GET /api/user/check 200 [09/May/2025:10:01:02 +0000] - 54.433 ms localhost
GET /api/user/check 304 [09/May/2025:10:01:06 +0000] - 36.148 ms localhost
GET /api/user/check 304 [09/May/2025:10:01:06 +0000] - 40.522 ms localhost
GET /api/user/check 304 [09/May/2025:10:01:17 +0000] - 52.869 ms localhost
GET /api/user/check 304 [09/May/2025:10:01:17 +0000] - 57.865 ms localhost
GET /api/user/check 304 [09/May/2025:10:01:17 +0000] - 46.021 ms localhost
GET /api/user/check 200 [09/May/2025:10:01:19 +0000] - 77.678 ms localhost
GET /api/user/check 200 [09/May/2025:10:01:20 +0000] - 505.108 ms localhost
GET /api/user/check 304 [09/May/2025:10:01:22 +0000] - 58.580 ms localhost
GET /api/user/check 304 [09/May/2025:10:01:22 +0000] - 43.417 ms localhost
GET /api/user/check 200 [09/May/2025:10:01:23 +0000] - 49.004 ms localhost
GET /api/user/check 200 [09/May/2025:10:01:24 +0000] - 44.298 ms localhost
GET /api/user/check 200 [09/May/2025:10:01:30 +0000] - 171.109 ms localhost
POST /api/user/login 200 [09/May/2025:10:01:37 +0000] - 133.384 ms localhost
GET /api/user/check 200 [09/May/2025:10:01:37 +0000] - 57.012 ms localhost
GET /api/user/check 200 [09/May/2025:10:01:40 +0000] - 54.160 ms localhost
GET /api/user/check 304 [09/May/2025:10:01:46 +0000] - 50.567 ms localhost
GET /api/user/check 304 [09/May/2025:10:01:46 +0000] - 38.783 ms localhost
GET /api/service/services?role=user&limit=10&isApproved=true 304 [09/May/2025:10:01:47 +0000] - 384.609 ms localhost
GET /api/user/check 200 [09/May/2025:10:02:43 +0000] - 659.699 ms localhost
GET /api/user/check 200 [09/May/2025:10:02:44 +0000] - 95.125 ms localhost
GET /api/user/check 200 [09/May/2025:10:03:00 +0000] - 370.245 ms localhost
GET /api/user/check 200 [09/May/2025:10:03:10 +0000] - 96.413 ms localhost
GET /api/user/check 200 [09/May/2025:10:03:10 +0000] - 87.427 ms localhost
GET /api/service/services?role=user&limit=10&isApproved=true 200 [09/May/2025:10:03:11 +0000] - 551.260 ms localhost
GET /api/user/check 200 [09/May/2025:10:04:42 +0000] - 1157.069 ms localhost
GET /api/user/check 200 [09/May/2025:10:04:43 +0000] - 81.654 ms localhost
GET /api/service/services?role=user&limit=10&isApproved=true 200 [09/May/2025:10:04:44 +0000] - 448.371 ms localhost
GET /api/user/check 200 [09/May/2025:10:05:10 +0000] - 589.968 ms localhost
GET /api/user/check 200 [09/May/2025:10:05:10 +0000] - 40.336 ms localhost
GET /api/service/services?role=user&limit=10&isApproved=true 200 [09/May/2025:10:05:11 +0000] - 412.642 ms localhost
GET /api/user/check 200 [09/May/2025:10:05:15 +0000] - 293.665 ms localhost
GET /api/user/check 200 [09/May/2025:10:05:16 +0000] - 75.333 ms localhost
GET /api/service/services?role=user&limit=10&isApproved=true 200 [09/May/2025:10:05:16 +0000] - 586.960 ms localhost
GET /api/user/check 200 [09/May/2025:10:05:25 +0000] - 340.113 ms localhost
POST /api/user/login 200 [09/May/2025:10:05:33 +0000] - 164.510 ms localhost
GET /api/user/check 200 [09/May/2025:10:05:33 +0000] - 41.027 ms localhost
GET /api/user/logout 200 [09/May/2025:10:05:42 +0000] - 30.773 ms localhost
GET /api/user/check 401 [09/May/2025:10:09:36 +0000] - 105.858 ms localhost
GET /api/user/token/refresh 400 [09/May/2025:10:09:36 +0000] - 195.860 ms localhost
GET /api/user/check 401 [09/May/2025:10:10:09 +0000] - 17.622 ms localhost
GET /api/user/token/refresh 400 [09/May/2025:10:10:09 +0000] - 33.095 ms localhost
GET /api/user/check 401 [09/May/2025:10:10:15 +0000] - 21.527 ms localhost
GET /api/user/token/refresh 400 [09/May/2025:10:10:15 +0000] - 21.893 ms localhost
GET /api/user/check 401 [09/May/2025:10:10:31 +0000] - 32.798 ms localhost
GET /api/user/token/refresh 400 [09/May/2025:10:10:31 +0000] - 53.868 ms localhost
POST /api/user/login 200 [09/May/2025:10:12:40 +0000] - 532.987 ms localhost
GET /api/user/check 200 [09/May/2025:10:12:41 +0000] - 168.597 ms localhost
GET /api/user/check 200 [09/May/2025:10:12:55 +0000] - 50.289 ms localhost
GET /api/booking/bookings?userName=Sreedevi%20K&pageNumber=1&pageSize=2&isConfirmed=false 200 [09/May/2025:10:12:55 +0000] - 315.677 ms localhost
GET /api/user/check 304 [09/May/2025:10:13:11 +0000] - 37.502 ms localhost
GET /api/service/services?role=user&limit=10&isApproved=true 304 [09/May/2025:10:13:11 +0000] - 422.263 ms localhost
GET /api/user/logout 200 [09/May/2025:10:14:36 +0000] - 47.257 ms localhost
GET /api/user/check 401 [09/May/2025:10:14:49 +0000] - 65.840 ms localhost
GET /api/user/token/refresh 400 [09/May/2025:10:14:49 +0000] - 52.580 ms localhost
POST /api/user/login 200 [09/May/2025:10:31:34 +0000] - 609.806 ms localhost
GET /api/user/check 200 [09/May/2025:10:31:34 +0000] - 362.768 ms localhost
GET /api/user/check 200 [09/May/2025:10:31:45 +0000] - 62.102 ms localhost
GET /api/user/check 304 [09/May/2025:10:31:51 +0000] - 58.089 ms localhost
GET /api/booking/bookings?userName=Sreedevi%20K&pageNumber=1&pageSize=2&isConfirmed=false 304 [09/May/2025:10:31:51 +0000] - 321.060 ms localhost
GET /api/user/check 200 [09/May/2025:10:32:22 +0000] - 76.542 ms localhost
GET /api/service/services?role=user&limit=10&isApproved=true 200 [09/May/2025:10:32:22 +0000] - 553.757 ms localhost
GET /api/user/check 200 [09/May/2025:10:32:28 +0000] - 48.711 ms localhost
GET /api/user/check 200 [09/May/2025:10:32:32 +0000] - 52.634 ms localhost
GET /api/booking/bookings?userName=Sreedevi%20K&pageNumber=1&pageSize=2&isConfirmed=false 200 [09/May/2025:10:32:32 +0000] - 82.855 ms localhost
GET /api/user/check 304 [09/May/2025:10:32:55 +0000] - 81.728 ms localhost
GET /api/wallet/userWallet/674e8a6920bc39246157f503 304 [09/May/2025:10:32:55 +0000] - 236.748 ms localhost
GET /api/user/check 200 [09/May/2025:10:33:14 +0000] - 92.438 ms localhost
GET /api/wallet/userWallet/674e8a6920bc39246157f503 200 [09/May/2025:10:33:15 +0000] - 187.675 ms localhost
GET /api/user/check 200 [09/May/2025:10:33:28 +0000] - 94.232 ms localhost
GET /api/user/check 200 [09/May/2025:10:33:31 +0000] - 51.225 ms localhost
GET /api/booking/bookings?userName=Sreedevi%20K&pageNumber=1&pageSize=2&isConfirmed=false 200 [09/May/2025:10:33:31 +0000] - 251.178 ms localhost
GET /api/user/check 200 [09/May/2025:10:33:37 +0000] - 83.423 ms localhost
GET /api/wallet/userWallet/674e8a6920bc39246157f503 200 [09/May/2025:10:33:37 +0000] - 63.544 ms localhost
GET /api/user/check 200 [09/May/2025:10:33:38 +0000] - 47.876 ms localhost
GET /api/service/services?role=user&limit=10&isApproved=true 200 [09/May/2025:10:33:39 +0000] - 490.115 ms localhost
GET /api/user/check 200 [09/May/2025:10:33:40 +0000] - 38.917 ms localhost
GET /api/user/check 304 [09/May/2025:10:33:52 +0000] - 71.260 ms localhost
GET /api/user/check 304 [09/May/2025:10:34:00 +0000] - 61.597 ms localhost
GET /api/booking/bookings?userName=Sreedevi%20K&pageNumber=1&pageSize=2&isConfirmed=false 304 [09/May/2025:10:34:00 +0000] - 83.593 ms localhost
GET /api/user/check 304 [09/May/2025:10:34:05 +0000] - 51.185 ms localhost
GET /api/user/check 200 [09/May/2025:10:34:19 +0000] - 51.027 ms localhost
GET /api/booking/bookings?userName=Sreedevi%20K&pageNumber=1&pageSize=2&isConfirmed=false 200 [09/May/2025:10:34:19 +0000] - 268.332 ms localhost
GET /api/user/check 200 [09/May/2025:10:34:22 +0000] - 33.084 ms localhost
GET /api/user/logout 200 [09/May/2025:10:34:38 +0000] - 79.610 ms localhost
POST /api/user/login 200 [09/May/2025:10:42:37 +0000] - 521.790 ms localhost
GET /api/user/check 200 [09/May/2025:10:42:37 +0000] - 164.836 ms localhost
GET /api/user/check 304 [09/May/2025:10:42:56 +0000] - 44.525 ms localhost
GET /api/user/check 200 [09/May/2025:10:43:09 +0000] - 84.672 ms localhost
GET /api/service/services?role=user&limit=10&isApproved=true 200 [09/May/2025:10:43:09 +0000] - 545.955 ms localhost
GET /api/user/check 200 [09/May/2025:10:43:13 +0000] - 82.088 ms localhost
GET /api/booking/bookings?userName=Sreedevi%20K&pageNumber=1&pageSize=2&isConfirmed=true 200 [09/May/2025:10:43:13 +0000] - 304.682 ms localhost
GET /api/user/check 200 [09/May/2025:10:43:23 +0000] - 67.028 ms localhost
GET /api/user/check 200 [09/May/2025:10:45:07 +0000] - 86.653 ms localhost
GET /api/user/check 200 [09/May/2025:10:45:19 +0000] - 92.161 ms localhost
GET /api/booking/bookings?userName=Sreedevi%20K&pageNumber=1&pageSize=2&isConfirmed=false 200 [09/May/2025:10:45:20 +0000] - 485.935 ms localhost
GET /api/user/logout 200 [09/May/2025:10:45:56 +0000] - 62.855 ms localhost
POST /api/user/login 200 [09/May/2025:10:50:39 +0000] - 384.012 ms localhost
GET /api/user/check 200 [09/May/2025:10:50:39 +0000] - 119.452 ms localhost
GET /api/user/check 200 [09/May/2025:10:51:47 +0000] - 305.348 ms localhost
GET /api/user/check 304 [09/May/2025:10:53:31 +0000] - 72.364 ms localhost
GET /api/service/services?role=user&limit=10&isApproved=true 304 [09/May/2025:10:53:32 +0000] - 409.789 ms localhost
GET /api/user/check 200 [09/May/2025:10:54:32 +0000] - 77.046 ms localhost
GET /api/user/check 200 [09/May/2025:10:54:51 +0000] - 117.835 ms localhost
GET /api/user/check 200 [09/May/2025:11:20:21 +0000] - 5197.957 ms localhost
GET /api/user/check 200 [09/May/2025:11:20:21 +0000] - 4673.238 ms localhost
GET /api/user/check 200 [09/May/2025:11:20:49 +0000] - 781.178 ms localhost
GET /api/user/check 200 [09/May/2025:13:34:47 +0000] - 1020.713 ms localhost
GET /api/user/logout 200 [09/May/2025:13:34:59 +0000] - 85.580 ms localhost
GET /api/user/check 401 [09/May/2025:13:35:04 +0000] - 386.303 ms localhost
GET /api/user/token/refresh 400 [09/May/2025:13:35:04 +0000] - 301.018 ms localhost
POST /api/user/login 200 [09/May/2025:13:56:04 +0000] - 588.069 ms localhost
GET /api/user/check 200 [09/May/2025:13:56:05 +0000] - 332.863 ms localhost
GET /api/user/check 304 [09/May/2025:13:57:53 +0000] - 562.250 ms localhost
GET /api/chat/674e8a6920bc39246157f503 200 [09/May/2025:13:57:54 +0000] - 915.599 ms localhost
GET /api/user/check 200 [09/May/2025:13:58:21 +0000] - 325.728 ms localhost
GET /api/user/logout 200 [09/May/2025:13:58:26 +0000] - 105.304 ms localhost
POST /api/user/login 200 [09/May/2025:13:58:48 +0000] - 194.075 ms localhost
GET /api/user/check 200 [09/May/2025:13:58:48 +0000] - 62.428 ms localhost
GET /api/user/check 304 [09/May/2025:13:58:58 +0000] - 117.617 ms localhost
GET /api/booking/bookings?userName=Sreedevi%20K&pageNumber=1&pageSize=2&isConfirmed=false 200 [09/May/2025:13:58:58 +0000] - 330.368 ms localhost
GET /api/user/check 304 [09/May/2025:13:59:14 +0000] - 75.956 ms localhost
GET /api/booking/bookings?userName=Sreedevi%20K&pageNumber=1&pageSize=2&isConfirmed=false 304 [09/May/2025:13:59:14 +0000] - 74.586 ms localhost
GET /api/user/check 200 [09/May/2025:13:59:35 +0000] - 76.456 ms localhost
GET /api/user/check 304 [09/May/2025:13:59:53 +0000] - 47.614 ms localhost
GET /api/booking/bookings?userName=Sreedevi%20K&pageNumber=1&pageSize=2&isConfirmed=false 304 [09/May/2025:13:59:53 +0000] - 57.674 ms localhost
GET /api/user/logout 200 [09/May/2025:14:00:17 +0000] - 59.597 ms localhost
GET /api/user/check 401 [09/May/2025:14:00:24 +0000] - 115.788 ms localhost
GET /api/user/token/refresh 400 [09/May/2025:14:00:24 +0000] - 149.370 ms localhost
GET /api/user/check 401 [09/May/2025:14:00:31 +0000] - 59.884 ms localhost
GET /api/user/token/refresh 400 [09/May/2025:14:00:31 +0000] - 582.786 ms localhost
POST /api/user/login 200 [13/May/2025:07:23:12 +0000] - 388.163 ms localhost
GET /api/user/check 200 [13/May/2025:07:23:12 +0000] - 199.231 ms localhost
GET /api/user/check 200 [13/May/2025:07:23:29 +0000] - 88.802 ms localhost
GET /api/user/check 304 [13/May/2025:07:23:37 +0000] - 78.830 ms localhost
GET /api/service/services?role=user&limit=10&isApproved=true 200 [13/May/2025:07:23:38 +0000] - 550.536 ms localhost
GET /api/user/check 200 [13/May/2025:07:23:54 +0000] - 64.954 ms localhost
GET /api/user/check 200 [13/May/2025:07:23:55 +0000] - 73.120 ms localhost
GET /api/booking/bookings?userName=Sreedevi%20K&pageNumber=1&pageSize=2&isConfirmed=false 200 [13/May/2025:07:23:56 +0000] - 220.125 ms localhost
GET /api/user/logout 200 [13/May/2025:07:24:00 +0000] - 67.659 ms localhost
GET /api/user/check 401 [13/May/2025:07:24:10 +0000] - 129.155 ms localhost
GET /api/user/token/refresh 400 [13/May/2025:07:24:10 +0000] - 101.229 ms localhost
