GET /login 200 [11/Jan/2025:20:09:31 +0000] - 31.580 ms localhost
GET /@vite/client 304 [11/Jan/2025:20:09:31 +0000] - 43.575 ms localhost
GET /styles.css 200 [11/Jan/2025:20:09:31 +0000] - 10.871 ms localhost
GET /polyfills.js 304 [11/Jan/2025:20:09:31 +0000] - 17.669 ms localhost
GET /main.js 200 [11/Jan/2025:20:09:31 +0000] - 21.365 ms localhost
GET /@fs/C:/Users/USER/Desktop/BroCampTasks/Angular_Project/frontend/node_modules/vite/dist/client/env.mjs 304 [11/Jan/2025:20:09:32 +0000] - 11.931 ms localhost
GET /styles.css.map 200 [11/Jan/2025:20:09:32 +0000] - 10.131 ms localhost
GET /@fs/C:/Users/USER/Desktop/BroCampTasks/Angular_Project/frontend/.angular/cache/18.2.11/frontend/vite/deps/@angular_platform-browser.js.map 304 [11/Jan/2025:20:09:33 +0000] - 36.734 ms localhost
GET /@fs/C:/Users/USER/Desktop/BroCampTasks/Angular_Project/frontend/.angular/cache/18.2.11/frontend/vite/deps/chunk-PLMZ7O3F.js.map 304 [11/Jan/2025:20:09:33 +0000] - 60.996 ms localhost
GET /favicon.ico 304 [11/Jan/2025:20:09:33 +0000] - 15.400 ms localhost
GET /@fs/C:/Users/USER/Desktop/BroCampTasks/Angular_Project/frontend/.angular/cache/18.2.11/frontend/vite/deps/chunk-J2M542RS.js.map 304 [11/Jan/2025:20:09:33 +0000] - 52.029 ms localhost
GET /@fs/C:/Users/USER/Desktop/BroCampTasks/Angular_Project/frontend/.angular/cache/18.2.11/frontend/vite/deps/@angular_router.js.map 304 [11/Jan/2025:20:09:33 +0000] - 51.643 ms localhost
GET /@fs/C:/Users/USER/Desktop/BroCampTasks/Angular_Project/frontend/.angular/cache/18.2.11/frontend/vite/deps/chunk-FDUYSLZ7.js.map 304 [11/Jan/2025:20:09:33 +0000] - 105.626 ms localhost
GET /@fs/C:/Users/USER/Desktop/BroCampTasks/Angular_Project/frontend/.angular/cache/18.2.11/frontend/vite/deps/chunk-PF6LNL77.js.map 304 [11/Jan/2025:20:09:33 +0000] - 325.712 ms localhost
GET /@fs/C:/Users/USER/Desktop/BroCampTasks/Angular_Project/frontend/.angular/cache/18.2.11/frontend/vite/deps/chunk-SD63G7YN.js.map 304 [11/Jan/2025:20:09:33 +0000] - 325.057 ms localhost
GET /@fs/C:/Users/USER/Desktop/BroCampTasks/Angular_Project/frontend/.angular/cache/18.2.11/frontend/vite/deps/@angular_core.js.map 304 [11/Jan/2025:20:09:33 +0000] - 50.216 ms localhost
GET /@fs/C:/Users/USER/Desktop/BroCampTasks/Angular_Project/frontend/.angular/cache/18.2.11/frontend/vite/deps/@angular_common_http.js.map 304 [11/Jan/2025:20:09:33 +0000] - 44.727 ms localhost
GET /@fs/C:/Users/USER/Desktop/BroCampTasks/Angular_Project/frontend/.angular/cache/18.2.11/frontend/vite/deps/@angular_forms.js.map 304 [11/Jan/2025:20:09:33 +0000] - 48.976 ms localhost
GET /@fs/C:/Users/USER/Desktop/BroCampTasks/Angular_Project/frontend/.angular/cache/18.2.11/frontend/vite/deps/rxjs.js.map 304 [11/Jan/2025:20:09:33 +0000] - 48.843 ms localhost
GET /login.component.css.map 200 [11/Jan/2025:20:09:33 +0000] - 3.039 ms localhost
GET /@fs/C:/Users/USER/Desktop/BroCampTasks/Angular_Project/frontend/.angular/cache/18.2.11/frontend/vite/deps/@angular_common.js.map 304 [11/Jan/2025:20:09:33 +0000] - 10.337 ms localhost
POST /user/login 200 [11/Jan/2025:20:09:42 +0000] - 559.006 ms localhost
GET /layout.component.css.map 200 [11/Jan/2025:20:09:42 +0000] - 6.305 ms localhost
GET /dashboard.component.css.map 200 [11/Jan/2025:20:09:42 +0000] - 7.889 ms localhost
GET /user-events.component.css.map 200 [11/Jan/2025:20:09:47 +0000] - 4.675 ms localhost
GET /event/events/Marriage 304 [11/Jan/2025:20:09:53 +0000] - 717.264 ms localhost
GET /service/uploads/1736073037702_artifitial%20decor3.jpg 304 [11/Jan/2025:20:09:53 +0000] - 283.017 ms localhost
GET /service/uploads/1735018966975_artifitial%20decor.webp 304 [11/Jan/2025:20:09:53 +0000] - 255.876 ms localhost
GET /service/uploads/1736073037708_natural%20decor1.jpg 304 [11/Jan/2025:20:09:53 +0000] - 234.673 ms localhost
GET /service/uploads/1735019370509_videographyimage.jpg 304 [11/Jan/2025:20:09:53 +0000] - 153.491 ms localhost
GET /service/uploads/1735019370508_videographyimage.jpg 304 [11/Jan/2025:20:09:53 +0000] - 192.922 ms localhost
GET /user-event-details.component.css.map 200 [11/Jan/2025:20:09:53 +0000] - 3.803 ms localhost
GET /booking/events 400 [11/Jan/2025:20:09:53 +0000] - 423.027 ms localhost
GET /service/uploads/1735019370511_preweddingshoot.jpeg 304 [11/Jan/2025:20:09:53 +0000] - 46.462 ms localhost
GET /events/details 200 [11/Jan/2025:20:11:31 +0000] - 7.576 ms localhost
GET / - [11/Jan/2025:20:11:31 +0000] - - ms localhost
GET /@vite/client 304 [11/Jan/2025:20:11:31 +0000] - 5.581 ms localhost
GET /styles.css 200 [11/Jan/2025:20:11:31 +0000] - 14.473 ms localhost
GET /polyfills.js 304 [11/Jan/2025:20:11:31 +0000] - 5.725 ms localhost
GET /main.js 304 [11/Jan/2025:20:11:31 +0000] - 7.091 ms localhost
GET /@fs/C:/Users/USER/Desktop/BroCampTasks/Angular_Project/frontend/node_modules/vite/dist/client/env.mjs 304 [11/Jan/2025:20:11:31 +0000] - 2.468 ms localhost
GET /styles.css.map 200 [11/Jan/2025:20:11:31 +0000] - 2.384 ms localhost
GET /@fs/C:/Users/USER/Desktop/BroCampTasks/Angular_Project/frontend/.angular/cache/18.2.11/frontend/vite/deps/@angular_common.js.map 304 [11/Jan/2025:20:11:32 +0000] - 12.745 ms localhost
GET /@fs/C:/Users/USER/Desktop/BroCampTasks/Angular_Project/frontend/.angular/cache/18.2.11/frontend/vite/deps/@angular_common_http.js.map 304 [11/Jan/2025:20:11:32 +0000] - 14.590 ms localhost
GET /@fs/C:/Users/USER/Desktop/BroCampTasks/Angular_Project/frontend/.angular/cache/18.2.11/frontend/vite/deps/chunk-SD63G7YN.js.map 304 [11/Jan/2025:20:11:32 +0000] - 18.124 ms localhost
GET /@fs/C:/Users/USER/Desktop/BroCampTasks/Angular_Project/frontend/.angular/cache/18.2.11/frontend/vite/deps/@angular_forms.js.map 304 [11/Jan/2025:20:11:32 +0000] - 28.506 ms localhost
GET /@fs/C:/Users/USER/Desktop/BroCampTasks/Angular_Project/frontend/.angular/cache/18.2.11/frontend/vite/deps/@angular_platform-browser.js.map 304 [11/Jan/2025:20:11:32 +0000] - 37.363 ms localhost
GET /@fs/C:/Users/USER/Desktop/BroCampTasks/Angular_Project/frontend/.angular/cache/18.2.11/frontend/vite/deps/chunk-FDUYSLZ7.js.map 304 [11/Jan/2025:20:11:32 +0000] - 142.555 ms localhost
GET /@fs/C:/Users/USER/Desktop/BroCampTasks/Angular_Project/frontend/.angular/cache/18.2.11/frontend/vite/deps/@angular_router.js.map 304 [11/Jan/2025:20:11:32 +0000] - 190.109 ms localhost
GET /@fs/C:/Users/USER/Desktop/BroCampTasks/Angular_Project/frontend/.angular/cache/18.2.11/frontend/vite/deps/chunk-J2M542RS.js.map 304 [11/Jan/2025:20:11:32 +0000] - 190.692 ms localhost
GET /@fs/C:/Users/USER/Desktop/BroCampTasks/Angular_Project/frontend/.angular/cache/18.2.11/frontend/vite/deps/chunk-PLMZ7O3F.js.map 304 [11/Jan/2025:20:11:32 +0000] - 198.645 ms localhost
GET /events/login.component.css.map 404 [11/Jan/2025:20:11:32 +0000] - 90.904 ms localhost
GET /@fs/C:/Users/USER/Desktop/BroCampTasks/Angular_Project/frontend/.angular/cache/18.2.11/frontend/vite/deps/@angular_core.js.map 304 [11/Jan/2025:20:11:32 +0000] - 261.033 ms localhost
GET /@fs/C:/Users/USER/Desktop/BroCampTasks/Angular_Project/frontend/.angular/cache/18.2.11/frontend/vite/deps/rxjs.js.map 304 [11/Jan/2025:20:11:32 +0000] - 154.178 ms localhost
GET /@fs/C:/Users/USER/Desktop/BroCampTasks/Angular_Project/frontend/.angular/cache/18.2.11/frontend/vite/deps/chunk-PF6LNL77.js.map 304 [11/Jan/2025:20:11:32 +0000] - 275.604 ms localhost
GET /favicon.ico 304 [11/Jan/2025:20:11:33 +0000] - 3.545 ms localhost
POST /user/login 200 [11/Jan/2025:20:11:56 +0000] - 403.467 ms localhost
GET /events/layout.component.css.map 404 [11/Jan/2025:20:11:56 +0000] - 7.303 ms localhost
GET /events/dashboard.component.css.map 404 [11/Jan/2025:20:11:56 +0000] - 10.392 ms localhost
GET /events/user-events.component.css.map 404 [11/Jan/2025:20:12:01 +0000] - 6.049 ms localhost
GET /event/events/Engagement 304 [11/Jan/2025:20:12:04 +0000] - 163.818 ms localhost
GET /service/uploads/1736073037708_natural%20decor1.jpg 304 [11/Jan/2025:20:12:04 +0000] - 314.303 ms localhost
GET /service/uploads/1736073037702_artifitial%20decor3.jpg 304 [11/Jan/2025:20:12:04 +0000] - 296.856 ms localhost
GET /service/uploads/1735018966975_artifitial%20decor.webp 304 [11/Jan/2025:20:12:04 +0000] - 96.977 ms localhost
GET /service/uploads/1735019370509_videographyimage.jpg 304 [11/Jan/2025:20:12:04 +0000] - 267.380 ms localhost
GET /service/uploads/1735019370508_videographyimage.jpg 304 [11/Jan/2025:20:12:04 +0000] - 142.405 ms localhost
GET /events/user-event-details.component.css.map 404 [11/Jan/2025:20:12:04 +0000] - 15.838 ms localhost
GET /service/uploads/1735722969405_chinesecuisine.jpg 304 [11/Jan/2025:20:12:04 +0000] - 83.713 ms localhost
GET /service/uploads/1735019370511_preweddingshoot.jpeg 304 [11/Jan/2025:20:12:04 +0000] - 110.331 ms localhost
GET /service/uploads/1735722969363_buffetservice.webp 304 [11/Jan/2025:20:12:04 +0000] - 75.111 ms localhost
GET /booking/events 200 [11/Jan/2025:20:12:04 +0000] - 546.331 ms localhost
GET / - [11/Jan/2025:20:15:32 +0000] - - ms localhost
GET /events/details 200 [11/Jan/2025:20:23:38 +0000] - 134.587 ms localhost
GET /@vite/client 304 [11/Jan/2025:20:23:39 +0000] - 66.110 ms localhost
GET /polyfills.js 304 [11/Jan/2025:20:23:39 +0000] - 53.726 ms localhost
GET /styles.css 200 [11/Jan/2025:20:23:39 +0000] - 174.130 ms localhost
GET /main.js 304 [11/Jan/2025:20:23:39 +0000] - 175.676 ms localhost
GET /styles.css.map 200 [11/Jan/2025:20:23:39 +0000] - 10.120 ms localhost
GET /@fs/C:/Users/USER/Desktop/BroCampTasks/Angular_Project/frontend/node_modules/vite/dist/client/env.mjs 304 [11/Jan/2025:20:23:40 +0000] - 5.204 ms localhost
GET /@fs/C:/Users/USER/Desktop/BroCampTasks/Angular_Project/frontend/.angular/cache/18.2.11/frontend/vite/deps/chunk-SD63G7YN.js.map 304 [11/Jan/2025:20:23:41 +0000] - 55.224 ms localhost
GET /@fs/C:/Users/USER/Desktop/BroCampTasks/Angular_Project/frontend/.angular/cache/18.2.11/frontend/vite/deps/chunk-J2M542RS.js.map 304 [11/Jan/2025:20:23:41 +0000] - 55.787 ms localhost
GET /@fs/C:/Users/USER/Desktop/BroCampTasks/Angular_Project/frontend/.angular/cache/18.2.11/frontend/vite/deps/@angular_common_http.js.map 304 [11/Jan/2025:20:23:41 +0000] - 58.239 ms localhost
GET /@fs/C:/Users/USER/Desktop/BroCampTasks/Angular_Project/frontend/.angular/cache/18.2.11/frontend/vite/deps/chunk-PF6LNL77.js.map 304 [11/Jan/2025:20:23:41 +0000] - 166.262 ms localhost
GET /@fs/C:/Users/USER/Desktop/BroCampTasks/Angular_Project/frontend/.angular/cache/18.2.11/frontend/vite/deps/@angular_router.js.map 304 [11/Jan/2025:20:23:41 +0000] - 245.026 ms localhost
GET /@fs/C:/Users/USER/Desktop/BroCampTasks/Angular_Project/frontend/.angular/cache/18.2.11/frontend/vite/deps/chunk-FDUYSLZ7.js.map 304 [11/Jan/2025:20:23:42 +0000] - 1151.449 ms localhost
GET /@fs/C:/Users/USER/Desktop/BroCampTasks/Angular_Project/frontend/.angular/cache/18.2.11/frontend/vite/deps/@angular_platform-browser.js.map 304 [11/Jan/2025:20:23:42 +0000] - 1070.243 ms localhost
GET /@fs/C:/Users/USER/Desktop/BroCampTasks/Angular_Project/frontend/.angular/cache/18.2.11/frontend/vite/deps/@angular_common.js.map 304 [11/Jan/2025:20:23:42 +0000] - 1072.725 ms localhost
GET /@fs/C:/Users/USER/Desktop/BroCampTasks/Angular_Project/frontend/.angular/cache/18.2.11/frontend/vite/deps/@angular_forms.js.map 304 [11/Jan/2025:20:23:42 +0000] - 1079.760 ms localhost
GET /favicon.ico 304 [11/Jan/2025:20:23:42 +0000] - 36.044 ms localhost
GET /@fs/C:/Users/USER/Desktop/BroCampTasks/Angular_Project/frontend/.angular/cache/18.2.11/frontend/vite/deps/chunk-PLMZ7O3F.js.map 304 [11/Jan/2025:20:23:42 +0000] - 931.810 ms localhost
GET /@fs/C:/Users/USER/Desktop/BroCampTasks/Angular_Project/frontend/.angular/cache/18.2.11/frontend/vite/deps/rxjs.js.map 304 [11/Jan/2025:20:23:42 +0000] - 601.307 ms localhost
GET /@fs/C:/Users/USER/Desktop/BroCampTasks/Angular_Project/frontend/.angular/cache/18.2.11/frontend/vite/deps/@angular_core.js.map 304 [11/Jan/2025:20:23:42 +0000] - 5.581 ms localhost
GET /events/login.component.css.map 404 [11/Jan/2025:20:23:42 +0000] - 4.947 ms localhost
POST /user/login 200 [11/Jan/2025:20:23:50 +0000] - 453.504 ms localhost
GET /events/layout.component.css.map 404 [11/Jan/2025:20:23:50 +0000] - 7.164 ms localhost
GET /events/dashboard.component.css.map 404 [11/Jan/2025:20:23:50 +0000] - 7.895 ms localhost
GET /events/user-events.component.css.map 404 [11/Jan/2025:20:23:54 +0000] - 4.823 ms localhost
GET /event/events/Marriage 304 [11/Jan/2025:20:23:56 +0000] - 414.617 ms localhost
GET /service/uploads/1736073037702_artifitial%20decor3.jpg 304 [11/Jan/2025:20:23:57 +0000] - 257.133 ms localhost
GET /service/uploads/1735018966975_artifitial%20decor.webp 304 [11/Jan/2025:20:23:57 +0000] - 233.886 ms localhost
GET /events/user-event-details.component.css.map 404 [11/Jan/2025:20:23:57 +0000] - 12.421 ms localhost
GET /service/uploads/1736073037708_natural%20decor1.jpg 304 [11/Jan/2025:20:23:57 +0000] - 260.749 ms localhost
GET /service/uploads/1735019370508_videographyimage.jpg 304 [11/Jan/2025:20:23:57 +0000] - 141.434 ms localhost
GET /service/uploads/1735019370509_videographyimage.jpg 304 [11/Jan/2025:20:23:57 +0000] - 183.280 ms localhost
GET /service/uploads/1735019370511_preweddingshoot.jpeg 304 [11/Jan/2025:20:23:57 +0000] - 87.970 ms localhost
GET /booking/events 200 [11/Jan/2025:20:23:57 +0000] - 435.416 ms localhost
GET / - [11/Jan/2025:20:27:40 +0000] - - ms localhost
GET /events/details 200 [11/Jan/2025:20:29:38 +0000] - 43.020 ms localhost
GET /@vite/client 304 [11/Jan/2025:20:29:38 +0000] - 3.784 ms localhost
GET /main.js 304 [11/Jan/2025:20:29:39 +0000] - 10.485 ms localhost
GET /polyfills.js 304 [11/Jan/2025:20:29:39 +0000] - 14.354 ms localhost
GET /styles.css 200 [11/Jan/2025:20:29:39 +0000] - 39.778 ms localhost
GET /styles.css.map 200 [11/Jan/2025:20:29:39 +0000] - 7.107 ms localhost
GET /@fs/C:/Users/USER/Desktop/BroCampTasks/Angular_Project/frontend/node_modules/vite/dist/client/env.mjs 304 [11/Jan/2025:20:29:39 +0000] - 3.175 ms localhost
GET /@fs/C:/Users/USER/Desktop/BroCampTasks/Angular_Project/frontend/.angular/cache/18.2.11/frontend/vite/deps/chunk-SD63G7YN.js.map 304 [11/Jan/2025:20:29:39 +0000] - 20.605 ms localhost
GET /@fs/C:/Users/USER/Desktop/BroCampTasks/Angular_Project/frontend/.angular/cache/18.2.11/frontend/vite/deps/chunk-J2M542RS.js.map 304 [11/Jan/2025:20:29:39 +0000] - 24.990 ms localhost
GET /@fs/C:/Users/USER/Desktop/BroCampTasks/Angular_Project/frontend/.angular/cache/18.2.11/frontend/vite/deps/@angular_platform-browser.js.map 304 [11/Jan/2025:20:29:39 +0000] - 23.874 ms localhost
GET /@fs/C:/Users/USER/Desktop/BroCampTasks/Angular_Project/frontend/.angular/cache/18.2.11/frontend/vite/deps/chunk-PLMZ7O3F.js.map 304 [11/Jan/2025:20:29:39 +0000] - 61.123 ms localhost
GET /@fs/C:/Users/USER/Desktop/BroCampTasks/Angular_Project/frontend/.angular/cache/18.2.11/frontend/vite/deps/chunk-PF6LNL77.js.map 304 [11/Jan/2025:20:29:39 +0000] - 68.329 ms localhost
GET /@fs/C:/Users/USER/Desktop/BroCampTasks/Angular_Project/frontend/.angular/cache/18.2.11/frontend/vite/deps/@angular_router.js.map 304 [11/Jan/2025:20:29:39 +0000] - 68.203 ms localhost
GET /@fs/C:/Users/USER/Desktop/BroCampTasks/Angular_Project/frontend/.angular/cache/18.2.11/frontend/vite/deps/@angular_core.js.map 304 [11/Jan/2025:20:29:39 +0000] - 155.623 ms localhost
GET /@fs/C:/Users/USER/Desktop/BroCampTasks/Angular_Project/frontend/.angular/cache/18.2.11/frontend/vite/deps/@angular_forms.js.map 304 [11/Jan/2025:20:29:39 +0000] - 182.647 ms localhost
GET /events/login.component.css.map 404 [11/Jan/2025:20:29:40 +0000] - 42.255 ms localhost
GET /@fs/C:/Users/USER/Desktop/BroCampTasks/Angular_Project/frontend/.angular/cache/18.2.11/frontend/vite/deps/chunk-FDUYSLZ7.js.map 304 [11/Jan/2025:20:29:40 +0000] - 387.745 ms localhost
GET /@fs/C:/Users/USER/Desktop/BroCampTasks/Angular_Project/frontend/.angular/cache/18.2.11/frontend/vite/deps/@angular_common_http.js.map 304 [11/Jan/2025:20:29:40 +0000] - 345.966 ms localhost
GET /@fs/C:/Users/USER/Desktop/BroCampTasks/Angular_Project/frontend/.angular/cache/18.2.11/frontend/vite/deps/rxjs.js.map 304 [11/Jan/2025:20:29:40 +0000] - 347.341 ms localhost
GET /@fs/C:/Users/USER/Desktop/BroCampTasks/Angular_Project/frontend/.angular/cache/18.2.11/frontend/vite/deps/@angular_common.js.map 304 [11/Jan/2025:20:29:40 +0000] - 343.956 ms localhost
GET /favicon.ico 304 [11/Jan/2025:20:29:40 +0000] - 3.971 ms localhost
POST /user/login 200 [11/Jan/2025:20:29:47 +0000] - 509.895 ms localhost
GET /events/layout.component.css.map 404 [11/Jan/2025:20:29:47 +0000] - 7.167 ms localhost
GET /events/dashboard.component.css.map 404 [11/Jan/2025:20:29:47 +0000] - 8.714 ms localhost
GET /events/layout.component.css.map 404 [11/Jan/2025:20:29:52 +0000] - 7.295 ms localhost
GET /events/dashboard.component.css.map 404 [11/Jan/2025:20:29:52 +0000] - 8.162 ms localhost
GET /events/user-events.component.css.map 404 [11/Jan/2025:20:29:53 +0000] - 4.377 ms localhost
GET /event/events/Marriage 304 [11/Jan/2025:20:29:56 +0000] - 254.330 ms localhost
GET /service/uploads/1736073037702_artifitial%20decor3.jpg 304 [11/Jan/2025:20:29:56 +0000] - 311.182 ms localhost
GET /booking/events 200 [11/Jan/2025:20:29:56 +0000] - 333.888 ms localhost
GET /service/uploads/1735018966975_artifitial%20decor.webp 304 [11/Jan/2025:20:29:56 +0000] - 320.828 ms localhost
GET /service/uploads/1735019370509_videographyimage.jpg 304 [11/Jan/2025:20:29:56 +0000] - 238.755 ms localhost
GET /service/uploads/1735019370508_videographyimage.jpg 304 [11/Jan/2025:20:29:56 +0000] - 180.610 ms localhost
GET /service/uploads/1736073037708_natural%20decor1.jpg 304 [11/Jan/2025:20:29:56 +0000] - 129.406 ms localhost
GET /events/user-event-details.component.css.map 404 [11/Jan/2025:20:29:56 +0000] - 56.102 ms localhost
GET /service/uploads/1735019370511_preweddingshoot.jpeg 304 [11/Jan/2025:20:29:56 +0000] - 64.258 ms localhost
GET / - [11/Jan/2025:20:33:39 +0000] - - ms localhost
GET /events/details 200 [11/Jan/2025:20:34:21 +0000] - 14.115 ms localhost
GET /@vite/client 304 [11/Jan/2025:20:34:21 +0000] - 3.126 ms localhost
GET /styles.css 200 [11/Jan/2025:20:34:21 +0000] - 3.018 ms localhost
GET /polyfills.js 304 [11/Jan/2025:20:34:21 +0000] - 2.531 ms localhost
GET /main.js 200 [11/Jan/2025:20:34:21 +0000] - 34.264 ms localhost
GET /@fs/C:/Users/USER/Desktop/BroCampTasks/Angular_Project/frontend/node_modules/vite/dist/client/env.mjs 304 [11/Jan/2025:20:34:21 +0000] - 3.330 ms localhost
GET /styles.css.map 200 [11/Jan/2025:20:34:22 +0000] - 3.666 ms localhost
GET /@fs/C:/Users/USER/Desktop/BroCampTasks/Angular_Project/frontend/.angular/cache/18.2.11/frontend/vite/deps/@angular_platform-browser.js.map 304 [11/Jan/2025:20:34:23 +0000] - 4.042 ms localhost
GET /@fs/C:/Users/USER/Desktop/BroCampTasks/Angular_Project/frontend/.angular/cache/18.2.11/frontend/vite/deps/chunk-SD63G7YN.js.map 304 [11/Jan/2025:20:34:23 +0000] - 6.771 ms localhost
GET /@fs/C:/Users/USER/Desktop/BroCampTasks/Angular_Project/frontend/.angular/cache/18.2.11/frontend/vite/deps/chunk-J2M542RS.js.map 304 [11/Jan/2025:20:34:24 +0000] - 21.816 ms localhost
GET /@fs/C:/Users/USER/Desktop/BroCampTasks/Angular_Project/frontend/.angular/cache/18.2.11/frontend/vite/deps/chunk-PLMZ7O3F.js.map 304 [11/Jan/2025:20:34:24 +0000] - 23.840 ms localhost
GET /@fs/C:/Users/USER/Desktop/BroCampTasks/Angular_Project/frontend/.angular/cache/18.2.11/frontend/vite/deps/chunk-FDUYSLZ7.js.map 304 [11/Jan/2025:20:34:24 +0000] - 60.100 ms localhost
GET /@fs/C:/Users/USER/Desktop/BroCampTasks/Angular_Project/frontend/.angular/cache/18.2.11/frontend/vite/deps/chunk-PF6LNL77.js.map 304 [11/Jan/2025:20:34:24 +0000] - 13.203 ms localhost
GET /@fs/C:/Users/USER/Desktop/BroCampTasks/Angular_Project/frontend/.angular/cache/18.2.11/frontend/vite/deps/@angular_common.js.map 304 [11/Jan/2025:20:34:24 +0000] - 10.888 ms localhost
GET /@fs/C:/Users/USER/Desktop/BroCampTasks/Angular_Project/frontend/.angular/cache/18.2.11/frontend/vite/deps/@angular_core.js.map 304 [11/Jan/2025:20:34:24 +0000] - 11.055 ms localhost
GET /@fs/C:/Users/USER/Desktop/BroCampTasks/Angular_Project/frontend/.angular/cache/18.2.11/frontend/vite/deps/@angular_common_http.js.map 304 [11/Jan/2025:20:34:24 +0000] - 13.240 ms localhost
GET /@fs/C:/Users/USER/Desktop/BroCampTasks/Angular_Project/frontend/.angular/cache/18.2.11/frontend/vite/deps/@angular_forms.js.map 304 [11/Jan/2025:20:34:24 +0000] - 21.570 ms localhost
GET /@fs/C:/Users/USER/Desktop/BroCampTasks/Angular_Project/frontend/.angular/cache/18.2.11/frontend/vite/deps/rxjs.js.map 304 [11/Jan/2025:20:34:24 +0000] - 16.389 ms localhost
GET /@fs/C:/Users/USER/Desktop/BroCampTasks/Angular_Project/frontend/.angular/cache/18.2.11/frontend/vite/deps/@angular_router.js.map 304 [11/Jan/2025:20:34:24 +0000] - 24.848 ms localhost
GET /events/login.component.css.map 404 [11/Jan/2025:20:34:24 +0000] - 3.976 ms localhost
GET /favicon.ico 304 [11/Jan/2025:20:34:25 +0000] - 3.344 ms localhost
GET / - [11/Jan/2025:20:38:21 +0000] - - ms localhost
GET /login 200 [11/Jan/2025:20:38:33 +0000] - 28.588 ms localhost
GET /@vite/client 304 [11/Jan/2025:20:38:34 +0000] - 3.022 ms localhost
GET /styles.css 200 [11/Jan/2025:20:38:34 +0000] - 5.013 ms localhost
GET /polyfills.js 304 [11/Jan/2025:20:38:34 +0000] - 2.955 ms localhost
GET /main.js 200 [11/Jan/2025:20:38:34 +0000] - 10.914 ms localhost
GET /@fs/C:/Users/USER/Desktop/BroCampTasks/Angular_Project/frontend/node_modules/vite/dist/client/env.mjs 304 [11/Jan/2025:20:38:34 +0000] - 3.400 ms localhost
GET /styles.css.map 200 [11/Jan/2025:20:38:34 +0000] - 3.901 ms localhost
GET /@fs/C:/Users/USER/Desktop/BroCampTasks/Angular_Project/frontend/.angular/cache/18.2.11/frontend/vite/deps/@angular_platform-browser.js.map 304 [11/Jan/2025:20:38:35 +0000] - 5.719 ms localhost
GET /@fs/C:/Users/USER/Desktop/BroCampTasks/Angular_Project/frontend/.angular/cache/18.2.11/frontend/vite/deps/chunk-SD63G7YN.js.map 304 [11/Jan/2025:20:38:35 +0000] - 6.463 ms localhost
GET /@fs/C:/Users/USER/Desktop/BroCampTasks/Angular_Project/frontend/.angular/cache/18.2.11/frontend/vite/deps/chunk-J2M542RS.js.map 304 [11/Jan/2025:20:38:35 +0000] - 9.284 ms localhost
GET /@fs/C:/Users/USER/Desktop/BroCampTasks/Angular_Project/frontend/.angular/cache/18.2.11/frontend/vite/deps/chunk-PLMZ7O3F.js.map 304 [11/Jan/2025:20:38:35 +0000] - 18.021 ms localhost
GET /@fs/C:/Users/USER/Desktop/BroCampTasks/Angular_Project/frontend/.angular/cache/18.2.11/frontend/vite/deps/chunk-PF6LNL77.js.map 304 [11/Jan/2025:20:38:35 +0000] - 24.231 ms localhost
GET /@fs/C:/Users/USER/Desktop/BroCampTasks/Angular_Project/frontend/.angular/cache/18.2.11/frontend/vite/deps/chunk-FDUYSLZ7.js.map 304 [11/Jan/2025:20:38:35 +0000] - 93.105 ms localhost
GET /@fs/C:/Users/USER/Desktop/BroCampTasks/Angular_Project/frontend/.angular/cache/18.2.11/frontend/vite/deps/@angular_core.js.map 304 [11/Jan/2025:20:38:35 +0000] - 90.500 ms localhost
GET /@fs/C:/Users/USER/Desktop/BroCampTasks/Angular_Project/frontend/.angular/cache/18.2.11/frontend/vite/deps/@angular_common_http.js.map 304 [11/Jan/2025:20:38:35 +0000] - 90.235 ms localhost
GET /@fs/C:/Users/USER/Desktop/BroCampTasks/Angular_Project/frontend/.angular/cache/18.2.11/frontend/vite/deps/rxjs.js.map 304 [11/Jan/2025:20:38:35 +0000] - 91.513 ms localhost
GET /@fs/C:/Users/USER/Desktop/BroCampTasks/Angular_Project/frontend/.angular/cache/18.2.11/frontend/vite/deps/@angular_router.js.map 304 [11/Jan/2025:20:38:35 +0000] - 101.757 ms localhost
GET /@fs/C:/Users/USER/Desktop/BroCampTasks/Angular_Project/frontend/.angular/cache/18.2.11/frontend/vite/deps/@angular_forms.js.map 304 [11/Jan/2025:20:38:35 +0000] - 30.812 ms localhost
GET /@fs/C:/Users/USER/Desktop/BroCampTasks/Angular_Project/frontend/.angular/cache/18.2.11/frontend/vite/deps/@angular_common.js.map 304 [11/Jan/2025:20:38:35 +0000] - 10.196 ms localhost
GET /login.component.css.map 200 [11/Jan/2025:20:38:36 +0000] - 2.701 ms localhost
GET /favicon.ico 304 [11/Jan/2025:20:38:36 +0000] - 6.741 ms localhost
GET / - [11/Jan/2025:20:42:34 +0000] - - ms localhost
GET /login 200 [11/Jan/2025:20:42:39 +0000] - 29.266 ms localhost
GET /@vite/client 304 [11/Jan/2025:20:42:39 +0000] - 2.792 ms localhost
GET /styles.css 200 [11/Jan/2025:20:42:39 +0000] - 3.100 ms localhost
GET /polyfills.js 304 [11/Jan/2025:20:42:39 +0000] - 2.568 ms localhost
GET /main.js 200 [11/Jan/2025:20:42:39 +0000] - 10.602 ms localhost
GET /@fs/C:/Users/USER/Desktop/BroCampTasks/Angular_Project/frontend/node_modules/vite/dist/client/env.mjs 304 [11/Jan/2025:20:42:39 +0000] - 3.202 ms localhost
GET /@fs/C:/Users/USER/Desktop/BroCampTasks/Angular_Project/frontend/.angular/cache/18.2.11/frontend/vite/deps/@angular_platform-browser.js.map 304 [11/Jan/2025:20:42:40 +0000] - 9.765 ms localhost
GET /@fs/C:/Users/USER/Desktop/BroCampTasks/Angular_Project/frontend/.angular/cache/18.2.11/frontend/vite/deps/chunk-SD63G7YN.js.map 304 [11/Jan/2025:20:42:40 +0000] - 13.649 ms localhost
GET /@fs/C:/Users/USER/Desktop/BroCampTasks/Angular_Project/frontend/.angular/cache/18.2.11/frontend/vite/deps/chunk-J2M542RS.js.map 304 [11/Jan/2025:20:42:40 +0000] - 20.336 ms localhost
GET /@fs/C:/Users/USER/Desktop/BroCampTasks/Angular_Project/frontend/.angular/cache/18.2.11/frontend/vite/deps/chunk-PF6LNL77.js.map 304 [11/Jan/2025:20:42:40 +0000] - 59.873 ms localhost
GET /@fs/C:/Users/USER/Desktop/BroCampTasks/Angular_Project/frontend/.angular/cache/18.2.11/frontend/vite/deps/chunk-PLMZ7O3F.js.map 304 [11/Jan/2025:20:42:40 +0000] - 73.082 ms localhost
GET /@fs/C:/Users/USER/Desktop/BroCampTasks/Angular_Project/frontend/.angular/cache/18.2.11/frontend/vite/deps/@angular_core.js.map 304 [11/Jan/2025:20:42:40 +0000] - 66.086 ms localhost
GET /@fs/C:/Users/USER/Desktop/BroCampTasks/Angular_Project/frontend/.angular/cache/18.2.11/frontend/vite/deps/@angular_router.js.map 304 [11/Jan/2025:20:42:40 +0000] - 75.616 ms localhost
GET /@fs/C:/Users/USER/Desktop/BroCampTasks/Angular_Project/frontend/.angular/cache/18.2.11/frontend/vite/deps/@angular_common_http.js.map 304 [11/Jan/2025:20:42:40 +0000] - 58.389 ms localhost
GET /@fs/C:/Users/USER/Desktop/BroCampTasks/Angular_Project/frontend/.angular/cache/18.2.11/frontend/vite/deps/@angular_forms.js.map 304 [11/Jan/2025:20:42:41 +0000] - 50.784 ms localhost
GET /@fs/C:/Users/USER/Desktop/BroCampTasks/Angular_Project/frontend/.angular/cache/18.2.11/frontend/vite/deps/chunk-FDUYSLZ7.js.map 304 [11/Jan/2025:20:42:41 +0000] - 156.382 ms localhost
GET /@fs/C:/Users/USER/Desktop/BroCampTasks/Angular_Project/frontend/.angular/cache/18.2.11/frontend/vite/deps/rxjs.js.map 304 [11/Jan/2025:20:42:41 +0000] - 97.830 ms localhost
GET /@fs/C:/Users/USER/Desktop/BroCampTasks/Angular_Project/frontend/.angular/cache/18.2.11/frontend/vite/deps/@angular_common.js.map 304 [11/Jan/2025:20:42:41 +0000] - 98.768 ms localhost
GET /styles.css.map 200 [11/Jan/2025:20:42:42 +0000] - 3.966 ms localhost
GET /login.component.css.map 200 [11/Jan/2025:20:42:42 +0000] - 3.024 ms localhost
GET /favicon.ico 304 [11/Jan/2025:20:42:42 +0000] - 6.728 ms localhost
GET / - [11/Jan/2025:20:46:40 +0000] - - ms localhost
GET /login 200 [11/Jan/2025:20:47:29 +0000] - 17.738 ms localhost
GET /@vite/client 304 [11/Jan/2025:20:47:30 +0000] - 5.405 ms localhost
GET /styles.css 200 [11/Jan/2025:20:47:30 +0000] - 3.753 ms localhost
GET /polyfills.js 304 [11/Jan/2025:20:47:30 +0000] - 2.449 ms localhost
GET /main.js 200 [11/Jan/2025:20:47:30 +0000] - 11.001 ms localhost
GET /@fs/C:/Users/USER/Desktop/BroCampTasks/Angular_Project/frontend/node_modules/vite/dist/client/env.mjs 304 [11/Jan/2025:20:47:30 +0000] - 2.493 ms localhost
GET /@fs/C:/Users/USER/Desktop/BroCampTasks/Angular_Project/frontend/.angular/cache/18.2.11/frontend/vite/deps/@angular_platform-browser.js.map 304 [11/Jan/2025:20:47:31 +0000] - 13.156 ms localhost
GET /@fs/C:/Users/USER/Desktop/BroCampTasks/Angular_Project/frontend/.angular/cache/18.2.11/frontend/vite/deps/chunk-SD63G7YN.js.map 304 [11/Jan/2025:20:47:31 +0000] - 15.883 ms localhost
GET /@fs/C:/Users/USER/Desktop/BroCampTasks/Angular_Project/frontend/.angular/cache/18.2.11/frontend/vite/deps/chunk-PF6LNL77.js.map 304 [11/Jan/2025:20:47:31 +0000] - 23.081 ms localhost
GET /@fs/C:/Users/USER/Desktop/BroCampTasks/Angular_Project/frontend/.angular/cache/18.2.11/frontend/vite/deps/chunk-J2M542RS.js.map 304 [11/Jan/2025:20:47:31 +0000] - 26.748 ms localhost
GET /@fs/C:/Users/USER/Desktop/BroCampTasks/Angular_Project/frontend/.angular/cache/18.2.11/frontend/vite/deps/@angular_router.js.map 304 [11/Jan/2025:20:47:31 +0000] - 50.367 ms localhost
GET /@fs/C:/Users/USER/Desktop/BroCampTasks/Angular_Project/frontend/.angular/cache/18.2.11/frontend/vite/deps/chunk-PLMZ7O3F.js.map 304 [11/Jan/2025:20:47:31 +0000] - 67.721 ms localhost
GET /@fs/C:/Users/USER/Desktop/BroCampTasks/Angular_Project/frontend/.angular/cache/18.2.11/frontend/vite/deps/@angular_core.js.map 304 [11/Jan/2025:20:47:31 +0000] - 66.651 ms localhost
GET /@fs/C:/Users/USER/Desktop/BroCampTasks/Angular_Project/frontend/.angular/cache/18.2.11/frontend/vite/deps/chunk-FDUYSLZ7.js.map 304 [11/Jan/2025:20:47:31 +0000] - 113.100 ms localhost
GET /@fs/C:/Users/USER/Desktop/BroCampTasks/Angular_Project/frontend/.angular/cache/18.2.11/frontend/vite/deps/@angular_common_http.js.map 304 [11/Jan/2025:20:47:31 +0000] - 54.972 ms localhost
GET /@fs/C:/Users/USER/Desktop/BroCampTasks/Angular_Project/frontend/.angular/cache/18.2.11/frontend/vite/deps/rxjs.js.map 304 [11/Jan/2025:20:47:31 +0000] - 55.584 ms localhost
GET /@fs/C:/Users/USER/Desktop/BroCampTasks/Angular_Project/frontend/.angular/cache/18.2.11/frontend/vite/deps/@angular_forms.js.map 304 [11/Jan/2025:20:47:31 +0000] - 57.552 ms localhost
GET /@fs/C:/Users/USER/Desktop/BroCampTasks/Angular_Project/frontend/.angular/cache/18.2.11/frontend/vite/deps/@angular_common.js.map 304 [11/Jan/2025:20:47:31 +0000] - 42.021 ms localhost
GET /login.component.css.map 200 [11/Jan/2025:20:47:31 +0000] - 2.613 ms localhost
GET /styles.css.map 200 [11/Jan/2025:20:47:31 +0000] - 2.626 ms localhost
GET /favicon.ico 304 [11/Jan/2025:20:47:32 +0000] - 7.459 ms localhost
GET / - [11/Jan/2025:20:47:46 +0000] - - ms localhost
GET /login 200 [12/Jan/2025:17:15:36 +0000] - 108.823 ms localhost
GET /@vite/client 304 [12/Jan/2025:17:15:36 +0000] - 9.296 ms localhost
GET /styles.css 200 [12/Jan/2025:17:15:36 +0000] - 6.723 ms localhost
GET /polyfills.js 304 [12/Jan/2025:17:15:36 +0000] - 4.583 ms localhost
GET /main.js 200 [12/Jan/2025:17:15:36 +0000] - 22.357 ms localhost
GET /@fs/C:/Users/USER/Desktop/BroCampTasks/Angular_Project/frontend/node_modules/vite/dist/client/env.mjs 304 [12/Jan/2025:17:15:36 +0000] - 2.393 ms localhost
GET /styles.css.map 200 [12/Jan/2025:17:15:36 +0000] - 8.303 ms localhost
GET /@fs/C:/Users/USER/Desktop/BroCampTasks/Angular_Project/frontend/.angular/cache/18.2.11/frontend/vite/deps/@angular_platform-browser.js.map 304 [12/Jan/2025:17:15:37 +0000] - 38.040 ms localhost
GET /@fs/C:/Users/USER/Desktop/BroCampTasks/Angular_Project/frontend/.angular/cache/18.2.11/frontend/vite/deps/chunk-J2M542RS.js.map 304 [12/Jan/2025:17:15:37 +0000] - 119.760 ms localhost
GET /@fs/C:/Users/USER/Desktop/BroCampTasks/Angular_Project/frontend/.angular/cache/18.2.11/frontend/vite/deps/chunk-SD63G7YN.js.map 304 [12/Jan/2025:17:15:37 +0000] - 132.613 ms localhost
GET /@fs/C:/Users/USER/Desktop/BroCampTasks/Angular_Project/frontend/.angular/cache/18.2.11/frontend/vite/deps/chunk-PLMZ7O3F.js.map 304 [12/Jan/2025:17:15:37 +0000] - 338.878 ms localhost
GET /@fs/C:/Users/USER/Desktop/BroCampTasks/Angular_Project/frontend/.angular/cache/18.2.11/frontend/vite/deps/@angular_core.js.map 304 [12/Jan/2025:17:15:37 +0000] - 309.879 ms localhost
GET /@fs/C:/Users/USER/Desktop/BroCampTasks/Angular_Project/frontend/.angular/cache/18.2.11/frontend/vite/deps/chunk-PF6LNL77.js.map 304 [12/Jan/2025:17:15:37 +0000] - 353.230 ms localhost
GET /@fs/C:/Users/USER/Desktop/BroCampTasks/Angular_Project/frontend/.angular/cache/18.2.11/frontend/vite/deps/chunk-FDUYSLZ7.js.map 304 [12/Jan/2025:17:15:37 +0000] - 402.836 ms localhost
GET /login.component.css.map 200 [12/Jan/2025:17:15:37 +0000] - 40.815 ms localhost
GET /@fs/C:/Users/USER/Desktop/BroCampTasks/Angular_Project/frontend/.angular/cache/18.2.11/frontend/vite/deps/@angular_common_http.js.map 304 [12/Jan/2025:17:15:37 +0000] - 326.416 ms localhost
GET /@fs/C:/Users/USER/Desktop/BroCampTasks/Angular_Project/frontend/.angular/cache/18.2.11/frontend/vite/deps/@angular_common.js.map 304 [12/Jan/2025:17:15:37 +0000] - 107.979 ms localhost
GET /@fs/C:/Users/USER/Desktop/BroCampTasks/Angular_Project/frontend/.angular/cache/18.2.11/frontend/vite/deps/rxjs.js.map 304 [12/Jan/2025:17:15:37 +0000] - 117.668 ms localhost
GET /@fs/C:/Users/USER/Desktop/BroCampTasks/Angular_Project/frontend/.angular/cache/18.2.11/frontend/vite/deps/@angular_forms.js.map 304 [12/Jan/2025:17:15:37 +0000] - 119.961 ms localhost
GET /@fs/C:/Users/USER/Desktop/BroCampTasks/Angular_Project/frontend/.angular/cache/18.2.11/frontend/vite/deps/@angular_router.js.map 304 [12/Jan/2025:17:15:38 +0000] - 594.788 ms localhost
GET /favicon.ico 304 [12/Jan/2025:17:15:41 +0000] - 5.493 ms localhost
POST /user/login 200 [12/Jan/2025:17:15:44 +0000] - 251.418 ms localhost
GET /layout.component.css.map 200 [12/Jan/2025:17:15:44 +0000] - 7.971 ms localhost
GET /dashboard.component.css.map 200 [12/Jan/2025:17:15:44 +0000] - 8.158 ms localhost
GET /user-events.component.css.map 200 [12/Jan/2025:17:15:46 +0000] - 6.066 ms localhost
GET /event/events/Marriage 304 [12/Jan/2025:17:15:53 +0000] - 338.337 ms localhost
GET /service/uploads/1736073037702_artifitial%20decor3.jpg 304 [12/Jan/2025:17:15:54 +0000] - 152.171 ms localhost
GET /service/uploads/1735018966975_artifitial%20decor.webp 304 [12/Jan/2025:17:15:54 +0000] - 132.393 ms localhost
GET /service/uploads/1735019370509_videographyimage.jpg 304 [12/Jan/2025:17:15:54 +0000] - 97.727 ms localhost
GET /user-event-details.component.css.map 200 [12/Jan/2025:17:15:54 +0000] - 6.546 ms localhost
GET /service/uploads/1735019370508_videographyimage.jpg 304 [12/Jan/2025:17:15:54 +0000] - 79.722 ms localhost
GET /service/uploads/1736073037708_natural%20decor1.jpg 304 [12/Jan/2025:17:15:54 +0000] - 101.613 ms localhost
GET /service/uploads/1735019370511_preweddingshoot.jpeg 304 [12/Jan/2025:17:15:54 +0000] - 29.958 ms localhost
GET /booking/events 304 [12/Jan/2025:17:15:54 +0000] - 303.747 ms localhost
GET /events/details 200 [12/Jan/2025:17:17:49 +0000] - 35.504 ms localhost
GET / - [12/Jan/2025:17:17:49 +0000] - - ms localhost
GET /@vite/client 304 [12/Jan/2025:17:17:49 +0000] - 6.026 ms localhost
GET /main.js 200 [12/Jan/2025:17:17:49 +0000] - 16.183 ms localhost
GET /polyfills.js 304 [12/Jan/2025:17:17:49 +0000] - 28.032 ms localhost
GET /styles.css 200 [12/Jan/2025:17:17:49 +0000] - 30.341 ms localhost
GET /@fs/C:/Users/USER/Desktop/BroCampTasks/Angular_Project/frontend/node_modules/vite/dist/client/env.mjs 304 [12/Jan/2025:17:17:50 +0000] - 2.995 ms localhost
GET /styles.css.map 200 [12/Jan/2025:17:17:50 +0000] - 129.194 ms localhost
GET /@fs/C:/Users/USER/Desktop/BroCampTasks/Angular_Project/frontend/.angular/cache/18.2.11/frontend/vite/deps/@angular_forms.js.map 304 [12/Jan/2025:17:17:50 +0000] - 15.105 ms localhost
GET /@fs/C:/Users/USER/Desktop/BroCampTasks/Angular_Project/frontend/.angular/cache/18.2.11/frontend/vite/deps/@angular_core.js.map 304 [12/Jan/2025:17:17:51 +0000] - 85.487 ms localhost
GET /@fs/C:/Users/USER/Desktop/BroCampTasks/Angular_Project/frontend/.angular/cache/18.2.11/frontend/vite/deps/chunk-J2M542RS.js.map 304 [12/Jan/2025:17:17:51 +0000] - 96.257 ms localhost
GET /@fs/C:/Users/USER/Desktop/BroCampTasks/Angular_Project/frontend/.angular/cache/18.2.11/frontend/vite/deps/chunk-SD63G7YN.js.map 304 [12/Jan/2025:17:17:51 +0000] - 100.535 ms localhost
GET /@fs/C:/Users/USER/Desktop/BroCampTasks/Angular_Project/frontend/.angular/cache/18.2.11/frontend/vite/deps/chunk-PLMZ7O3F.js.map 304 [12/Jan/2025:17:17:51 +0000] - 111.137 ms localhost
GET /@fs/C:/Users/USER/Desktop/BroCampTasks/Angular_Project/frontend/.angular/cache/18.2.11/frontend/vite/deps/chunk-PF6LNL77.js.map 304 [12/Jan/2025:17:17:51 +0000] - 116.594 ms localhost
GET /@fs/C:/Users/USER/Desktop/BroCampTasks/Angular_Project/frontend/.angular/cache/18.2.11/frontend/vite/deps/@angular_platform-browser.js.map 304 [12/Jan/2025:17:17:51 +0000] - 88.508 ms localhost
GET /@fs/C:/Users/USER/Desktop/BroCampTasks/Angular_Project/frontend/.angular/cache/18.2.11/frontend/vite/deps/chunk-FDUYSLZ7.js.map 304 [12/Jan/2025:17:17:51 +0000] - 264.522 ms localhost
GET /favicon.ico 304 [12/Jan/2025:17:17:51 +0000] - 52.221 ms localhost
GET /@fs/C:/Users/USER/Desktop/BroCampTasks/Angular_Project/frontend/.angular/cache/18.2.11/frontend/vite/deps/@angular_common_http.js.map 304 [12/Jan/2025:17:17:51 +0000] - 213.357 ms localhost
GET /@fs/C:/Users/USER/Desktop/BroCampTasks/Angular_Project/frontend/.angular/cache/18.2.11/frontend/vite/deps/rxjs.js.map 304 [12/Jan/2025:17:17:51 +0000] - 210.825 ms localhost
GET /@fs/C:/Users/USER/Desktop/BroCampTasks/Angular_Project/frontend/.angular/cache/18.2.11/frontend/vite/deps/@angular_common.js.map 304 [12/Jan/2025:17:17:51 +0000] - 212.211 ms localhost
GET /@fs/C:/Users/USER/Desktop/BroCampTasks/Angular_Project/frontend/.angular/cache/18.2.11/frontend/vite/deps/@angular_router.js.map 304 [12/Jan/2025:17:17:51 +0000] - 228.915 ms localhost
GET /events/login.component.css.map 404 [12/Jan/2025:17:17:51 +0000] - 10.588 ms localhost
POST /user/login 200 [12/Jan/2025:17:17:59 +0000] - 201.242 ms localhost
GET /events/dashboard.component.css.map 404 [12/Jan/2025:17:18:00 +0000] - 4.696 ms localhost
GET /events/layout.component.css.map 404 [12/Jan/2025:17:18:00 +0000] - 5.545 ms localhost
GET /events/user-events.component.css.map 404 [12/Jan/2025:17:18:03 +0000] - 6.092 ms localhost
GET /event/events/Marriage 304 [12/Jan/2025:17:18:05 +0000] - 126.876 ms localhost
GET /booking/events 304 [12/Jan/2025:17:18:05 +0000] - 173.853 ms localhost
GET /service/uploads/1736073037702_artifitial%20decor3.jpg 304 [12/Jan/2025:17:18:05 +0000] - 180.610 ms localhost
GET /service/uploads/1736073037708_natural%20decor1.jpg 304 [12/Jan/2025:17:18:05 +0000] - 161.158 ms localhost
GET /events/user-event-details.component.css.map 404 [12/Jan/2025:17:18:05 +0000] - 31.196 ms localhost
GET /service/uploads/1735018966975_artifitial%20decor.webp 304 [12/Jan/2025:17:18:05 +0000] - 149.760 ms localhost
GET /service/uploads/1735019370508_videographyimage.jpg 304 [12/Jan/2025:17:18:05 +0000] - 115.025 ms localhost
GET /service/uploads/1735019370509_videographyimage.jpg 304 [12/Jan/2025:17:18:05 +0000] - 87.954 ms localhost
GET /service/uploads/1735019370511_preweddingshoot.jpeg 304 [12/Jan/2025:17:18:05 +0000] - 43.164 ms localhost
GET / - [12/Jan/2025:17:21:50 +0000] - - ms localhost
GET /events/details 200 [12/Jan/2025:17:34:44 +0000] - 171.184 ms localhost
GET /@vite/client 304 [12/Jan/2025:17:34:48 +0000] - 10.258 ms localhost
GET /styles.css 200 [12/Jan/2025:17:34:48 +0000] - 7.480 ms localhost
GET /polyfills.js 304 [12/Jan/2025:17:34:51 +0000] - 4.278 ms localhost
GET /main.js 200 [12/Jan/2025:17:34:51 +0000] - 36.822 ms localhost
GET /@fs/C:/Users/USER/Desktop/BroCampTasks/Angular_Project/frontend/node_modules/vite/dist/client/env.mjs 304 [12/Jan/2025:17:34:51 +0000] - 3.244 ms localhost
GET /styles.css.map 200 [12/Jan/2025:17:34:53 +0000] - 7.579 ms localhost
GET /@fs/C:/Users/USER/Desktop/BroCampTasks/Angular_Project/frontend/.angular/cache/18.2.11/frontend/vite/deps/@angular_platform-browser.js.map 304 [12/Jan/2025:17:34:54 +0000] - 10.759 ms localhost
GET /@fs/C:/Users/USER/Desktop/BroCampTasks/Angular_Project/frontend/.angular/cache/18.2.11/frontend/vite/deps/chunk-SD63G7YN.js.map 304 [12/Jan/2025:17:34:54 +0000] - 13.667 ms localhost
GET /@fs/C:/Users/USER/Desktop/BroCampTasks/Angular_Project/frontend/.angular/cache/18.2.11/frontend/vite/deps/chunk-J2M542RS.js.map 304 [12/Jan/2025:17:34:54 +0000] - 17.848 ms localhost
GET /@fs/C:/Users/USER/Desktop/BroCampTasks/Angular_Project/frontend/.angular/cache/18.2.11/frontend/vite/deps/chunk-PLMZ7O3F.js.map 304 [12/Jan/2025:17:34:54 +0000] - 29.486 ms localhost
GET /@fs/C:/Users/USER/Desktop/BroCampTasks/Angular_Project/frontend/.angular/cache/18.2.11/frontend/vite/deps/@angular_core.js.map 304 [12/Jan/2025:17:34:54 +0000] - 27.885 ms localhost
GET /@fs/C:/Users/USER/Desktop/BroCampTasks/Angular_Project/frontend/.angular/cache/18.2.11/frontend/vite/deps/chunk-PF6LNL77.js.map 304 [12/Jan/2025:17:34:54 +0000] - 60.625 ms localhost
GET /@fs/C:/Users/USER/Desktop/BroCampTasks/Angular_Project/frontend/.angular/cache/18.2.11/frontend/vite/deps/chunk-FDUYSLZ7.js.map 304 [12/Jan/2025:17:34:54 +0000] - 98.064 ms localhost
GET /@fs/C:/Users/USER/Desktop/BroCampTasks/Angular_Project/frontend/.angular/cache/18.2.11/frontend/vite/deps/@angular_router.js.map 304 [12/Jan/2025:17:34:54 +0000] - 108.516 ms localhost
GET /events/login.component.css.map 404 [12/Jan/2025:17:34:54 +0000] - 28.875 ms localhost
GET /@fs/C:/Users/USER/Desktop/BroCampTasks/Angular_Project/frontend/.angular/cache/18.2.11/frontend/vite/deps/@angular_common_http.js.map 304 [12/Jan/2025:17:34:54 +0000] - 112.421 ms localhost
GET /@fs/C:/Users/USER/Desktop/BroCampTasks/Angular_Project/frontend/.angular/cache/18.2.11/frontend/vite/deps/rxjs.js.map 304 [12/Jan/2025:17:34:54 +0000] - 102.149 ms localhost
GET /@fs/C:/Users/USER/Desktop/BroCampTasks/Angular_Project/frontend/.angular/cache/18.2.11/frontend/vite/deps/@angular_forms.js.map 304 [12/Jan/2025:17:34:54 +0000] - 71.369 ms localhost
GET /@fs/C:/Users/USER/Desktop/BroCampTasks/Angular_Project/frontend/.angular/cache/18.2.11/frontend/vite/deps/@angular_common.js.map 304 [12/Jan/2025:17:34:54 +0000] - 68.699 ms localhost
GET /favicon.ico 304 [12/Jan/2025:17:34:54 +0000] - 8.436 ms localhost
GET / - [12/Jan/2025:17:38:51 +0000] - - ms localhost
GET /login 200 [12/Jan/2025:17:50:58 +0000] - 29.603 ms localhost
GET /@vite/client 304 [12/Jan/2025:17:50:58 +0000] - 6.177 ms localhost
GET /styles.css 200 [12/Jan/2025:17:50:58 +0000] - 4.012 ms localhost
GET /polyfills.js 304 [12/Jan/2025:17:50:58 +0000] - 3.795 ms localhost
GET /main.js 200 [12/Jan/2025:17:50:58 +0000] - 15.785 ms localhost
GET /@fs/C:/Users/USER/Desktop/BroCampTasks/Angular_Project/frontend/node_modules/vite/dist/client/env.mjs 304 [12/Jan/2025:17:50:58 +0000] - 3.544 ms localhost
GET /styles.css.map 200 [12/Jan/2025:17:50:59 +0000] - 6.112 ms localhost
GET /favicon.ico 304 [12/Jan/2025:17:51:00 +0000] - 5.388 ms localhost
GET /@fs/C:/Users/USER/Desktop/BroCampTasks/Angular_Project/frontend/.angular/cache/18.2.11/frontend/vite/deps/@angular_platform-browser.js.map 304 [12/Jan/2025:17:51:00 +0000] - 17.217 ms localhost
GET /@fs/C:/Users/USER/Desktop/BroCampTasks/Angular_Project/frontend/.angular/cache/18.2.11/frontend/vite/deps/chunk-J2M542RS.js.map 304 [12/Jan/2025:17:51:00 +0000] - 19.510 ms localhost
GET /@fs/C:/Users/USER/Desktop/BroCampTasks/Angular_Project/frontend/.angular/cache/18.2.11/frontend/vite/deps/chunk-SD63G7YN.js.map 304 [12/Jan/2025:17:51:00 +0000] - 22.181 ms localhost
GET /@fs/C:/Users/USER/Desktop/BroCampTasks/Angular_Project/frontend/.angular/cache/18.2.11/frontend/vite/deps/chunk-PLMZ7O3F.js.map 304 [12/Jan/2025:17:51:00 +0000] - 28.687 ms localhost
GET /@fs/C:/Users/USER/Desktop/BroCampTasks/Angular_Project/frontend/.angular/cache/18.2.11/frontend/vite/deps/chunk-PF6LNL77.js.map 304 [12/Jan/2025:17:51:00 +0000] - 27.351 ms localhost
GET /@fs/C:/Users/USER/Desktop/BroCampTasks/Angular_Project/frontend/.angular/cache/18.2.11/frontend/vite/deps/@angular_core.js.map 304 [12/Jan/2025:17:51:00 +0000] - 33.756 ms localhost
GET /@fs/C:/Users/USER/Desktop/BroCampTasks/Angular_Project/frontend/.angular/cache/18.2.11/frontend/vite/deps/chunk-FDUYSLZ7.js.map 304 [12/Jan/2025:17:51:00 +0000] - 72.547 ms localhost
GET /@fs/C:/Users/USER/Desktop/BroCampTasks/Angular_Project/frontend/.angular/cache/18.2.11/frontend/vite/deps/@angular_router.js.map 304 [12/Jan/2025:17:51:00 +0000] - 62.453 ms localhost
GET /@fs/C:/Users/USER/Desktop/BroCampTasks/Angular_Project/frontend/.angular/cache/18.2.11/frontend/vite/deps/@angular_common_http.js.map 304 [12/Jan/2025:17:51:00 +0000] - 57.605 ms localhost
GET /@fs/C:/Users/USER/Desktop/BroCampTasks/Angular_Project/frontend/.angular/cache/18.2.11/frontend/vite/deps/rxjs.js.map 304 [12/Jan/2025:17:51:00 +0000] - 56.076 ms localhost
GET /login.component.css.map 200 [12/Jan/2025:17:51:00 +0000] - 12.504 ms localhost
GET /@fs/C:/Users/USER/Desktop/BroCampTasks/Angular_Project/frontend/.angular/cache/18.2.11/frontend/vite/deps/@angular_forms.js.map 304 [12/Jan/2025:17:51:00 +0000] - 101.395 ms localhost
GET /@fs/C:/Users/USER/Desktop/BroCampTasks/Angular_Project/frontend/.angular/cache/18.2.11/frontend/vite/deps/@angular_common.js.map 304 [12/Jan/2025:17:51:00 +0000] - 90.285 ms localhost
GET /login 200 [12/Jan/2025:17:51:52 +0000] - 8.767 ms localhost
GET / - [12/Jan/2025:17:51:52 +0000] - - ms localhost
GET /@vite/client 304 [12/Jan/2025:17:51:52 +0000] - 13.258 ms localhost
GET /main.js 304 [12/Jan/2025:17:51:52 +0000] - 2.694 ms localhost
GET /polyfills.js 304 [12/Jan/2025:17:51:52 +0000] - 4.284 ms localhost
GET /styles.css 200 [12/Jan/2025:17:51:52 +0000] - 5.761 ms localhost
GET /@fs/C:/Users/USER/Desktop/BroCampTasks/Angular_Project/frontend/node_modules/vite/dist/client/env.mjs 304 [12/Jan/2025:17:51:52 +0000] - 8.717 ms localhost
GET /styles.css.map 200 [12/Jan/2025:17:51:52 +0000] - 3.654 ms localhost
GET /@fs/C:/Users/USER/Desktop/BroCampTasks/Angular_Project/frontend/.angular/cache/18.2.11/frontend/vite/deps/@angular_common_http.js.map 304 [12/Jan/2025:17:51:52 +0000] - 10.513 ms localhost
GET /@fs/C:/Users/USER/Desktop/BroCampTasks/Angular_Project/frontend/.angular/cache/18.2.11/frontend/vite/deps/@angular_platform-browser.js.map 304 [12/Jan/2025:17:51:52 +0000] - 11.019 ms localhost
GET /@fs/C:/Users/USER/Desktop/BroCampTasks/Angular_Project/frontend/.angular/cache/18.2.11/frontend/vite/deps/chunk-J2M542RS.js.map 304 [12/Jan/2025:17:51:52 +0000] - 21.856 ms localhost
GET /@fs/C:/Users/USER/Desktop/BroCampTasks/Angular_Project/frontend/.angular/cache/18.2.11/frontend/vite/deps/@angular_router.js.map 304 [12/Jan/2025:17:51:52 +0000] - 26.820 ms localhost
GET /@fs/C:/Users/USER/Desktop/BroCampTasks/Angular_Project/frontend/.angular/cache/18.2.11/frontend/vite/deps/chunk-SD63G7YN.js.map 304 [12/Jan/2025:17:51:52 +0000] - 26.849 ms localhost
GET /@fs/C:/Users/USER/Desktop/BroCampTasks/Angular_Project/frontend/.angular/cache/18.2.11/frontend/vite/deps/chunk-FDUYSLZ7.js.map 304 [12/Jan/2025:17:51:53 +0000] - 221.029 ms localhost
GET /@fs/C:/Users/USER/Desktop/BroCampTasks/Angular_Project/frontend/.angular/cache/18.2.11/frontend/vite/deps/chunk-PF6LNL77.js.map 304 [12/Jan/2025:17:51:53 +0000] - 208.540 ms localhost
GET /@fs/C:/Users/USER/Desktop/BroCampTasks/Angular_Project/frontend/.angular/cache/18.2.11/frontend/vite/deps/chunk-PLMZ7O3F.js.map 304 [12/Jan/2025:17:51:53 +0000] - 214.609 ms localhost
GET /@fs/C:/Users/USER/Desktop/BroCampTasks/Angular_Project/frontend/.angular/cache/18.2.11/frontend/vite/deps/@angular_core.js.map 304 [12/Jan/2025:17:51:53 +0000] - 207.784 ms localhost
GET /login.component.css.map 200 [12/Jan/2025:17:51:53 +0000] - 9.392 ms localhost
GET /@fs/C:/Users/USER/Desktop/BroCampTasks/Angular_Project/frontend/.angular/cache/18.2.11/frontend/vite/deps/@angular_forms.js.map 304 [12/Jan/2025:17:51:53 +0000] - 236.007 ms localhost
GET /@fs/C:/Users/USER/Desktop/BroCampTasks/Angular_Project/frontend/.angular/cache/18.2.11/frontend/vite/deps/@angular_common.js.map 304 [12/Jan/2025:17:51:53 +0000] - 237.056 ms localhost
GET /@fs/C:/Users/USER/Desktop/BroCampTasks/Angular_Project/frontend/.angular/cache/18.2.11/frontend/vite/deps/rxjs.js.map 304 [12/Jan/2025:17:51:53 +0000] - 55.629 ms localhost
GET /favicon.ico 304 [12/Jan/2025:17:51:53 +0000] - 3.897 ms localhost
POST /user/login 200 [12/Jan/2025:17:51:59 +0000] - 213.303 ms localhost
GET /dashboard.component.css.map 200 [12/Jan/2025:17:52:00 +0000] - 3.264 ms localhost
GET /layout.component.css.map 200 [12/Jan/2025:17:52:00 +0000] - 3.709 ms localhost
GET /user-events.component.css.map 200 [12/Jan/2025:17:52:03 +0000] - 6.774 ms localhost
GET /event/events/Marriage 304 [12/Jan/2025:17:52:05 +0000] - 380.259 ms localhost
GET /booking/events 304 [12/Jan/2025:17:52:06 +0000] - 236.927 ms localhost
GET /user-event-details.component.css.map 200 [12/Jan/2025:17:52:06 +0000] - 11.614 ms localhost
GET /service/uploads/1735019370509_videographyimage.jpg 304 [12/Jan/2025:17:52:06 +0000] - 246.040 ms localhost
GET /service/uploads/1735018966975_artifitial%20decor.webp 304 [12/Jan/2025:17:52:06 +0000] - 213.403 ms localhost
GET /service/uploads/1736073037702_artifitial%20decor3.jpg 304 [12/Jan/2025:17:52:06 +0000] - 147.675 ms localhost
GET /service/uploads/1736073037708_natural%20decor1.jpg 304 [12/Jan/2025:17:52:06 +0000] - 124.303 ms localhost
GET /service/uploads/1735019370508_videographyimage.jpg 304 [12/Jan/2025:17:52:06 +0000] - 103.840 ms localhost
GET /service/uploads/1735019370511_preweddingshoot.jpeg 304 [12/Jan/2025:17:52:06 +0000] - 50.149 ms localhost
GET /booking/events/service/Marriage 200 [12/Jan/2025:17:52:13 +0000] - 56.960 ms localhost
GET / - [12/Jan/2025:17:55:52 +0000] - - ms localhost
