GET /services 200 [17/Feb/2025:19:34:33 +0000] - 199.424 ms localhost
GET /@vite/client 304 [17/Feb/2025:19:34:33 +0000] - 99.612 ms localhost
GET /styles.css 200 [17/Feb/2025:19:34:33 +0000] - 29.226 ms localhost
GET /polyfills.js 304 [17/Feb/2025:19:34:33 +0000] - 31.886 ms localhost
GET /main.js 304 [17/Feb/2025:19:34:33 +0000] - 31.171 ms localhost
GET /@fs/C:/Users/USER/Desktop/BroCampTasks/Angular_Project/frontend/node_modules/vite/dist/client/env.mjs 304 [17/Feb/2025:19:34:33 +0000] - 6.563 ms localhost
GET /chunk-LQXIB7A4.js 304 [17/Feb/2025:19:34:33 +0000] - 4.494 ms localhost
GET /chunk-JK2OZDZD.js 304 [17/Feb/2025:19:34:33 +0000] - 10.713 ms localhost
GET /chunk-3ODDCFU3.js 304 [17/Feb/2025:19:34:33 +0000] - 9.539 ms localhost
GET /styles.css.map 200 [17/Feb/2025:19:34:34 +0000] - 15.312 ms localhost
GET /chunk-UM2WSH5E.js 304 [17/Feb/2025:19:34:34 +0000] - 7.837 ms localhost
GET /@fs/C:/Users/USER/Desktop/BroCampTasks/Angular_Project/frontend/.angular/cache/18.2.11/frontend/vite/deps/chunk-XWLXMCJQ.js.map 304 [17/Feb/2025:19:34:34 +0000] - 56.752 ms localhost
GET /@fs/C:/Users/USER/Desktop/BroCampTasks/Angular_Project/frontend/.angular/cache/18.2.11/frontend/vite/deps/@angular_common_http.js.map 304 [17/Feb/2025:19:34:34 +0000] - 39.071 ms localhost
GET /@fs/C:/Users/USER/Desktop/BroCampTasks/Angular_Project/frontend/.angular/cache/18.2.11/frontend/vite/deps/rxjs.js.map 304 [17/Feb/2025:19:34:34 +0000] - 51.888 ms localhost
GET /@fs/C:/Users/USER/Desktop/BroCampTasks/Angular_Project/frontend/.angular/cache/18.2.11/frontend/vite/deps/@angular_core.js.map 304 [17/Feb/2025:19:34:34 +0000] - 101.007 ms localhost
GET /@fs/C:/Users/USER/Desktop/BroCampTasks/Angular_Project/frontend/.angular/cache/18.2.11/frontend/vite/deps/chunk-66JPAEYR.js.map 304 [17/Feb/2025:19:34:34 +0000] - 162.654 ms localhost
GET /@fs/C:/Users/USER/Desktop/BroCampTasks/Angular_Project/frontend/.angular/cache/18.2.11/frontend/vite/deps/@angular_platform-browser.js.map 304 [17/Feb/2025:19:34:34 +0000] - 120.222 ms localhost
GET /favicon.ico 304 [17/Feb/2025:19:34:34 +0000] - 40.748 ms localhost
GET /@fs/C:/Users/USER/Desktop/BroCampTasks/Angular_Project/frontend/.angular/cache/18.2.11/frontend/vite/deps/chunk-F4ZW7LLY.js.map 304 [17/Feb/2025:19:34:34 +0000] - 203.952 ms localhost
GET /@fs/C:/Users/USER/Desktop/BroCampTasks/Angular_Project/frontend/.angular/cache/18.2.11/frontend/vite/deps/chunk-BKIWMXDL.js.map 304 [17/Feb/2025:19:34:35 +0000] - 649.538 ms localhost
GET /@fs/C:/Users/USER/Desktop/BroCampTasks/Angular_Project/frontend/.angular/cache/18.2.11/frontend/vite/deps/chunk-2ZWNOPXZ.js.map 304 [17/Feb/2025:19:34:35 +0000] - 539.058 ms localhost
GET /chunk-OLCKZYCA.js 304 [17/Feb/2025:19:34:35 +0000] - 329.705 ms localhost
GET /@fs/C:/Users/USER/Desktop/BroCampTasks/Angular_Project/frontend/.angular/cache/18.2.11/frontend/vite/deps/chunk-ZKQIAUIS.js.map 304 [17/Feb/2025:19:34:35 +0000] - 596.967 ms localhost
GET /@fs/C:/Users/USER/Desktop/BroCampTasks/Angular_Project/frontend/.angular/cache/18.2.11/frontend/vite/deps/@angular_router.js.map 304 [17/Feb/2025:19:34:35 +0000] - 532.658 ms localhost
GET /@fs/C:/Users/USER/Desktop/BroCampTasks/Angular_Project/frontend/.angular/cache/18.2.11/frontend/vite/deps/ngx-socket-io.js.map 304 [17/Feb/2025:19:34:35 +0000] - 393.464 ms localhost
GET /@fs/C:/Users/USER/Desktop/BroCampTasks/Angular_Project/frontend/.angular/cache/18.2.11/frontend/vite/deps/chunk-7MS5FTBZ.js.map 304 [17/Feb/2025:19:34:35 +0000] - 100.254 ms localhost
GET /chunk-KSELMSGV.js 304 [17/Feb/2025:19:34:35 +0000] - 9.631 ms localhost
GET /@fs/C:/Users/USER/Desktop/BroCampTasks/Angular_Project/frontend/.angular/cache/18.2.11/frontend/vite/deps/@angular_forms.js.map 304 [17/Feb/2025:19:34:35 +0000] - 87.454 ms localhost
GET /chunk-AD6BEBTX.js 304 [17/Feb/2025:19:34:35 +0000] - 12.855 ms localhost
GET /chunk-MQDO5BT4.js 304 [17/Feb/2025:19:34:35 +0000] - 10.387 ms localhost
GET /chunk-F64TRUFE.js 304 [17/Feb/2025:19:34:35 +0000] - 11.605 ms localhost
GET /@fs/C:/Users/USER/Desktop/BroCampTasks/Angular_Project/frontend/.angular/cache/18.2.11/frontend/vite/deps/emoji-picker-element.js.map 304 [17/Feb/2025:19:34:35 +0000] - 110.485 ms localhost
GET /@fs/C:/Users/USER/Desktop/BroCampTasks/Angular_Project/frontend/.angular/cache/18.2.11/frontend/vite/deps/@angular_common.js.map 304 [17/Feb/2025:19:34:35 +0000] - 6.117 ms localhost
GET /login.component.css.map 200 [17/Feb/2025:19:34:35 +0000] - 5.447 ms localhost
POST /api/user/login 200 [17/Feb/2025:19:34:44 +0000] - 720.048 ms localhost
GET /chunk-DIF5VTMK.js 304 [17/Feb/2025:19:34:44 +0000] - 5.100 ms localhost
GET /chunk-UNQSZJW3.js 304 [17/Feb/2025:19:34:44 +0000] - 3.658 ms localhost
GET /layout.component.css.map 200 [17/Feb/2025:19:34:44 +0000] - 5.181 ms localhost
GET /dashboard.component.css.map 200 [17/Feb/2025:19:34:45 +0000] - 5.521 ms localhost
GET /chunk-I5AS3FKD.js 304 [17/Feb/2025:19:34:49 +0000] - 4.444 ms localhost
GET /chunk-NQAXOCQR.js 304 [17/Feb/2025:19:34:49 +0000] - 3.721 ms localhost
GET /api/event/events/count 304 [17/Feb/2025:19:34:50 +0000] - 305.603 ms localhost
GET /api/event/events?pageNumber=1&pageSize=2 304 [17/Feb/2025:19:34:50 +0000] - 278.868 ms localhost
GET /chunk-VW54NDP2.js 304 [17/Feb/2025:19:35:00 +0000] - 4.931 ms localhost
GET /chunk-UDY2ZBIT.js 304 [17/Feb/2025:19:35:00 +0000] - 4.207 ms localhost
GET /api/booking/bookings/count 304 [17/Feb/2025:19:35:00 +0000] - 789.388 ms localhost
GET /api/booking/bookings?pageNumber=1&pageSize=2 304 [17/Feb/2025:19:35:00 +0000] - 884.486 ms localhost
GET /api/booking/bookings?pageNumber=1&pageSize=2 304 [17/Feb/2025:19:35:01 +0000] - 101.376 ms localhost
GET /api/booking/bookings?pageNumber=2&pageSize=2 200 [17/Feb/2025:19:35:03 +0000] - 145.121 ms localhost
GET /api/booking/bookings?pageNumber=3&pageSize=2 200 [17/Feb/2025:19:35:05 +0000] - 98.210 ms localhost
GET /api/booking/bookings?pageNumber=2&pageSize=2 304 [17/Feb/2025:19:35:07 +0000] - 80.915 ms localhost
GET /api/booking/bookings?pageNumber=1&pageSize=2 304 [17/Feb/2025:19:35:09 +0000] - 97.088 ms localhost
GET /api/booking/bookings?pageNumber=2&pageSize=2 304 [17/Feb/2025:19:35:13 +0000] - 82.480 ms localhost
GET /api/booking/bookings?pageNumber=1&pageSize=2 304 [17/Feb/2025:19:35:15 +0000] - 101.715 ms localhost
GET /api/booking/bookings?pageNumber=3&pageSize=2 304 [17/Feb/2025:19:35:17 +0000] - 161.169 ms localhost
GET /api/booking/bookings?pageNumber=2&pageSize=2 304 [17/Feb/2025:19:35:19 +0000] - 147.750 ms localhost
GET /api/booking/bookings?pageNumber=3&pageSize=2 304 [17/Feb/2025:19:35:29 +0000] - 137.453 ms localhost
GET /api/booking/bookings?pageNumber=1&pageSize=2 304 [17/Feb/2025:19:35:34 +0000] - 76.874 ms localhost
GET /api/booking/bookings?pageNumber=3&pageSize=2 304 [17/Feb/2025:19:35:41 +0000] - 78.834 ms localhost
GET /api/booking/bookings?pageNumber=2&pageSize=2 304 [17/Feb/2025:19:35:43 +0000] - 93.950 ms localhost
GET /api/booking/bookings?pageNumber=3&pageSize=2 304 [17/Feb/2025:19:35:51 +0000] - 141.763 ms localhost
GET /api/booking/bookings?pageNumber=1&pageSize=2&sortBy=&sortOrder=asc&userName=marriage 200 [17/Feb/2025:19:36:36 +0000] - 81.100 ms localhost
GET /api/booking/bookings?pageNumber=1&pageSize=2&sortBy=&sortOrder=asc&userName=marriage 304 [17/Feb/2025:19:36:40 +0000] - 115.910 ms localhost
GET /api/booking/bookings?pageNumber=2&pageSize=2&sortBy=&sortOrder=asc&userName=marriage 200 [17/Feb/2025:19:36:41 +0000] - 61.926 ms localhost
GET /api/booking/bookings?pageNumber=2&pageSize=2 304 [17/Feb/2025:19:37:25 +0000] - 49.726 ms localhost
GET /api/booking/bookings?pageNumber=1&pageSize=2&sortBy=&sortOrder=asc&userName=marri 200 [17/Feb/2025:19:37:33 +0000] - 76.843 ms localhost
GET /api/booking/bookings?pageNumber=1&pageSize=2&sortBy=&sortOrder=asc&userName=sree 200 [17/Feb/2025:19:39:28 +0000] - 158.889 ms localhost
GET /api/booking/bookings?pageNumber=1&pageSize=2&sortBy=&sortOrder=asc&userName=sree 304 [17/Feb/2025:19:39:31 +0000] - 116.048 ms localhost
GET /api/booking/bookings?pageNumber=3&pageSize=2&sortBy=&sortOrder=asc&userName=sree 200 [17/Feb/2025:19:39:32 +0000] - 84.129 ms localhost
GET /booking 200 [18/Feb/2025:07:59:04 +0000] - 168.408 ms localhost
GET /@vite/client 304 [18/Feb/2025:07:59:04 +0000] - 24.448 ms localhost
GET /styles.css 200 [18/Feb/2025:07:59:04 +0000] - 20.924 ms localhost
GET /main.js 304 [18/Feb/2025:07:59:04 +0000] - 23.816 ms localhost
GET /polyfills.js 304 [18/Feb/2025:07:59:04 +0000] - 23.419 ms localhost
GET /@fs/C:/Users/USER/Desktop/BroCampTasks/Angular_Project/frontend/node_modules/vite/dist/client/env.mjs 304 [18/Feb/2025:07:59:05 +0000] - 5.124 ms localhost
GET /chunk-3ODDCFU3.js 304 [18/Feb/2025:07:59:05 +0000] - 6.925 ms localhost
GET /chunk-JK2OZDZD.js 304 [18/Feb/2025:07:59:05 +0000] - 10.892 ms localhost
GET /chunk-LQXIB7A4.js 304 [18/Feb/2025:07:59:05 +0000] - 10.660 ms localhost
GET /chunk-UM2WSH5E.js 304 [18/Feb/2025:07:59:05 +0000] - 13.936 ms localhost
GET /styles.css.map 200 [18/Feb/2025:07:59:05 +0000] - 13.123 ms localhost
GET /@fs/C:/Users/USER/Desktop/BroCampTasks/Angular_Project/frontend/.angular/cache/18.2.11/frontend/vite/deps/@angular_core.js.map 304 [18/Feb/2025:07:59:05 +0000] - 163.034 ms localhost
GET /@fs/C:/Users/USER/Desktop/BroCampTasks/Angular_Project/frontend/.angular/cache/18.2.11/frontend/vite/deps/@angular_common_http.js.map 304 [18/Feb/2025:07:59:05 +0000] - 153.814 ms localhost
GET /@fs/C:/Users/USER/Desktop/BroCampTasks/Angular_Project/frontend/.angular/cache/18.2.11/frontend/vite/deps/rxjs.js.map 304 [18/Feb/2025:07:59:05 +0000] - 163.537 ms localhost
GET /@fs/C:/Users/USER/Desktop/BroCampTasks/Angular_Project/frontend/.angular/cache/18.2.11/frontend/vite/deps/chunk-XWLXMCJQ.js.map 304 [18/Feb/2025:07:59:05 +0000] - 166.478 ms localhost
GET /@fs/C:/Users/USER/Desktop/BroCampTasks/Angular_Project/frontend/.angular/cache/18.2.11/frontend/vite/deps/chunk-66JPAEYR.js.map 304 [18/Feb/2025:07:59:05 +0000] - 201.187 ms localhost
GET /@fs/C:/Users/USER/Desktop/BroCampTasks/Angular_Project/frontend/.angular/cache/18.2.11/frontend/vite/deps/@angular_platform-browser.js.map 304 [18/Feb/2025:07:59:05 +0000] - 103.058 ms localhost
GET /@fs/C:/Users/USER/Desktop/BroCampTasks/Angular_Project/frontend/.angular/cache/18.2.11/frontend/vite/deps/chunk-7MS5FTBZ.js.map 304 [18/Feb/2025:07:59:05 +0000] - 109.825 ms localhost
GET /@fs/C:/Users/USER/Desktop/BroCampTasks/Angular_Project/frontend/.angular/cache/18.2.11/frontend/vite/deps/chunk-ZKQIAUIS.js.map 304 [18/Feb/2025:07:59:05 +0000] - 120.126 ms localhost
GET /@fs/C:/Users/USER/Desktop/BroCampTasks/Angular_Project/frontend/.angular/cache/18.2.11/frontend/vite/deps/chunk-F4ZW7LLY.js.map 304 [18/Feb/2025:07:59:06 +0000] - 136.156 ms localhost
GET /@fs/C:/Users/USER/Desktop/BroCampTasks/Angular_Project/frontend/.angular/cache/18.2.11/frontend/vite/deps/chunk-BKIWMXDL.js.map 304 [18/Feb/2025:07:59:06 +0000] - 578.585 ms localhost
GET /@fs/C:/Users/USER/Desktop/BroCampTasks/Angular_Project/frontend/.angular/cache/18.2.11/frontend/vite/deps/ngx-socket-io.js.map 304 [18/Feb/2025:07:59:06 +0000] - 378.017 ms localhost
GET /@fs/C:/Users/USER/Desktop/BroCampTasks/Angular_Project/frontend/.angular/cache/18.2.11/frontend/vite/deps/@angular_forms.js.map 304 [18/Feb/2025:07:59:06 +0000] - 425.243 ms localhost
GET /@fs/C:/Users/USER/Desktop/BroCampTasks/Angular_Project/frontend/.angular/cache/18.2.11/frontend/vite/deps/chunk-2ZWNOPXZ.js.map 304 [18/Feb/2025:07:59:06 +0000] - 452.937 ms localhost
GET /@fs/C:/Users/USER/Desktop/BroCampTasks/Angular_Project/frontend/.angular/cache/18.2.11/frontend/vite/deps/emoji-picker-element.js.map 304 [18/Feb/2025:07:59:06 +0000] - 445.984 ms localhost
GET /@fs/C:/Users/USER/Desktop/BroCampTasks/Angular_Project/frontend/.angular/cache/18.2.11/frontend/vite/deps/@angular_router.js.map 304 [18/Feb/2025:07:59:06 +0000] - 584.274 ms localhost
GET /chunk-OLCKZYCA.js 304 [18/Feb/2025:07:59:06 +0000] - 2.883 ms localhost
GET /favicon.ico 304 [18/Feb/2025:07:59:06 +0000] - 6.136 ms localhost
GET /chunk-KSELMSGV.js 304 [18/Feb/2025:07:59:06 +0000] - 5.802 ms localhost
GET /chunk-AD6BEBTX.js 304 [18/Feb/2025:07:59:06 +0000] - 6.917 ms localhost
GET /chunk-MQDO5BT4.js 304 [18/Feb/2025:07:59:07 +0000] - 3.605 ms localhost
GET /chunk-F64TRUFE.js 304 [18/Feb/2025:07:59:07 +0000] - 2.634 ms localhost
GET /@fs/C:/Users/USER/Desktop/BroCampTasks/Angular_Project/frontend/.angular/cache/18.2.11/frontend/vite/deps/@angular_common.js.map 304 [18/Feb/2025:07:59:08 +0000] - 7.455 ms localhost
GET /login.component.css.map 200 [18/Feb/2025:07:59:08 +0000] - 3.039 ms localhost
GET /login 504 [18/Feb/2025:14:52:23 +0000] - 101.093 ms localhost
GET /favicon.ico 504 [18/Feb/2025:14:52:23 +0000] - 6.434 ms localhost
GET /login 200 [18/Feb/2025:14:53:35 +0000] - 145.106 ms localhost
GET /styles.css 200 [18/Feb/2025:14:53:35 +0000] - 43.085 ms localhost
GET /polyfills.js 304 [18/Feb/2025:14:53:35 +0000] - 49.259 ms localhost
GET /main.js 304 [18/Feb/2025:14:53:35 +0000] - 48.863 ms localhost
GET /chunk-LQXIB7A4.js 304 [18/Feb/2025:14:53:36 +0000] - 23.282 ms localhost
GET /chunk-JK2OZDZD.js 304 [18/Feb/2025:14:53:36 +0000] - 47.242 ms localhost
GET /chunk-3ODDCFU3.js 304 [18/Feb/2025:14:53:36 +0000] - 41.682 ms localhost
GET /styles.css.map 200 [18/Feb/2025:14:53:36 +0000] - 42.608 ms localhost
GET /@vite/client 304 [18/Feb/2025:14:53:36 +0000] - 885.554 ms localhost
GET /@fs/C:/Users/USER/Desktop/BroCampTasks/Angular_Project/frontend/.angular/cache/18.2.11/frontend/vite/deps/@angular_core.js.map 304 [18/Feb/2025:14:53:36 +0000] - 168.807 ms localhost
GET /@fs/C:/Users/USER/Desktop/BroCampTasks/Angular_Project/frontend/.angular/cache/18.2.11/frontend/vite/deps/rxjs.js.map 304 [18/Feb/2025:14:53:36 +0000] - 165.863 ms localhost
GET /@fs/C:/Users/USER/Desktop/BroCampTasks/Angular_Project/frontend/.angular/cache/18.2.11/frontend/vite/deps/chunk-XWLXMCJQ.js.map 304 [18/Feb/2025:14:53:36 +0000] - 171.123 ms localhost
GET /@fs/C:/Users/USER/Desktop/BroCampTasks/Angular_Project/frontend/.angular/cache/18.2.11/frontend/vite/deps/@angular_forms.js.map 304 [18/Feb/2025:14:53:36 +0000] - 123.073 ms localhost
GET /@fs/C:/Users/USER/Desktop/BroCampTasks/Angular_Project/frontend/.angular/cache/18.2.11/frontend/vite/deps/emoji-picker-element.js.map 304 [18/Feb/2025:14:53:36 +0000] - 123.333 ms localhost
GET /@fs/C:/Users/USER/Desktop/BroCampTasks/Angular_Project/frontend/.angular/cache/18.2.11/frontend/vite/deps/@angular_platform-browser.js.map 304 [18/Feb/2025:14:53:36 +0000] - 72.818 ms localhost
GET /@fs/C:/Users/USER/Desktop/BroCampTasks/Angular_Project/frontend/.angular/cache/18.2.11/frontend/vite/deps/chunk-F4ZW7LLY.js.map 304 [18/Feb/2025:14:53:36 +0000] - 126.412 ms localhost
GET /@fs/C:/Users/USER/Desktop/BroCampTasks/Angular_Project/frontend/.angular/cache/18.2.11/frontend/vite/deps/chunk-2ZWNOPXZ.js.map 304 [18/Feb/2025:14:53:36 +0000] - 141.336 ms localhost
GET /@fs/C:/Users/USER/Desktop/BroCampTasks/Angular_Project/frontend/node_modules/vite/dist/client/env.mjs 304 [18/Feb/2025:14:53:36 +0000] - 14.280 ms localhost
GET /@fs/C:/Users/USER/Desktop/BroCampTasks/Angular_Project/frontend/.angular/cache/18.2.11/frontend/vite/deps/chunk-66JPAEYR.js.map 304 [18/Feb/2025:14:53:36 +0000] - 123.250 ms localhost
GET /@fs/C:/Users/USER/Desktop/BroCampTasks/Angular_Project/frontend/.angular/cache/18.2.11/frontend/vite/deps/@angular_common_http.js.map 304 [18/Feb/2025:14:53:36 +0000] - 138.745 ms localhost
GET /@fs/C:/Users/USER/Desktop/BroCampTasks/Angular_Project/frontend/.angular/cache/18.2.11/frontend/vite/deps/chunk-7MS5FTBZ.js.map 304 [18/Feb/2025:14:53:37 +0000] - 156.081 ms localhost
GET /@fs/C:/Users/USER/Desktop/BroCampTasks/Angular_Project/frontend/.angular/cache/18.2.11/frontend/vite/deps/chunk-ZKQIAUIS.js.map 304 [18/Feb/2025:14:53:37 +0000] - 130.938 ms localhost
GET /chunk-OLCKZYCA.js 304 [18/Feb/2025:14:53:37 +0000] - 22.493 ms localhost
GET /@fs/C:/Users/USER/Desktop/BroCampTasks/Angular_Project/frontend/.angular/cache/18.2.11/frontend/vite/deps/chunk-BKIWMXDL.js.map 304 [18/Feb/2025:14:53:37 +0000] - 280.280 ms localhost
GET /@fs/C:/Users/USER/Desktop/BroCampTasks/Angular_Project/frontend/.angular/cache/18.2.11/frontend/vite/deps/ngx-socket-io.js.map 304 [18/Feb/2025:14:53:37 +0000] - 192.678 ms localhost
GET /@fs/C:/Users/USER/Desktop/BroCampTasks/Angular_Project/frontend/.angular/cache/18.2.11/frontend/vite/deps/@angular_router.js.map 304 [18/Feb/2025:14:53:37 +0000] - 507.760 ms localhost
GET /favicon.ico 200 [18/Feb/2025:14:53:37 +0000] - 44.297 ms localhost
GET /chunk-F64TRUFE.js 304 [18/Feb/2025:14:53:37 +0000] - 8.709 ms localhost
GET /chunk-AD6BEBTX.js 304 [18/Feb/2025:14:53:37 +0000] - 8.555 ms localhost
GET /chunk-MQDO5BT4.js 304 [18/Feb/2025:14:53:37 +0000] - 8.092 ms localhost
GET /chunk-KSELMSGV.js 304 [18/Feb/2025:14:53:37 +0000] - 8.803 ms localhost
GET /login.component.css.map 200 [18/Feb/2025:14:53:37 +0000] - 13.176 ms localhost
GET /@fs/C:/Users/USER/Desktop/BroCampTasks/Angular_Project/frontend/.angular/cache/18.2.11/frontend/vite/deps/@angular_common.js.map 304 [18/Feb/2025:14:53:37 +0000] - 16.676 ms localhost
POST /api/user/login 200 [18/Feb/2025:14:53:45 +0000] - 832.308 ms localhost
GET /chunk-UM2WSH5E.js 304 [18/Feb/2025:14:53:45 +0000] - 10.209 ms localhost
GET /chunk-DIF5VTMK.js 304 [18/Feb/2025:14:53:45 +0000] - 8.023 ms localhost
GET /chunk-UNQSZJW3.js 304 [18/Feb/2025:14:53:45 +0000] - 9.754 ms localhost
GET /layout.component.css.map 200 [18/Feb/2025:14:53:45 +0000] - 4.559 ms localhost
GET /dashboard.component.css.map 200 [18/Feb/2025:14:53:45 +0000] - 5.966 ms localhost
GET / - [18/Feb/2025:14:57:36 +0000] - - ms localhost
GET /dashboard 200 [18/Feb/2025:17:00:16 +0000] - 369.537 ms localhost
GET /@vite/client 304 [18/Feb/2025:17:00:17 +0000] - 26.239 ms localhost
GET /styles.css 200 [18/Feb/2025:17:00:17 +0000] - 28.932 ms localhost
GET /polyfills.js 304 [18/Feb/2025:17:00:17 +0000] - 29.851 ms localhost
GET /main.js 304 [18/Feb/2025:17:00:17 +0000] - 25.188 ms localhost
GET /@fs/C:/Users/USER/Desktop/BroCampTasks/Angular_Project/frontend/node_modules/vite/dist/client/env.mjs 304 [18/Feb/2025:17:00:17 +0000] - 7.286 ms localhost
GET /chunk-LQXIB7A4.js 304 [18/Feb/2025:17:00:17 +0000] - 12.422 ms localhost
GET /chunk-3ODDCFU3.js 304 [18/Feb/2025:17:00:17 +0000] - 11.127 ms localhost
GET /chunk-JK2OZDZD.js 304 [18/Feb/2025:17:00:17 +0000] - 47.155 ms localhost
GET /styles.css.map 200 [18/Feb/2025:17:00:17 +0000] - 14.849 ms localhost
GET /chunk-UM2WSH5E.js 304 [18/Feb/2025:17:00:17 +0000] - 8.813 ms localhost
GET /chunk-OLCKZYCA.js 304 [18/Feb/2025:17:00:18 +0000] - 6.889 ms localhost
GET /favicon.ico 304 [18/Feb/2025:17:00:18 +0000] - 12.976 ms localhost
GET /chunk-KSELMSGV.js 304 [18/Feb/2025:17:00:18 +0000] - 19.464 ms localhost
GET /chunk-AD6BEBTX.js 304 [18/Feb/2025:17:00:18 +0000] - 19.380 ms localhost
GET /chunk-MQDO5BT4.js 304 [18/Feb/2025:17:00:18 +0000] - 19.505 ms localhost
GET /chunk-F64TRUFE.js 304 [18/Feb/2025:17:00:18 +0000] - 18.777 ms localhost
GET /@fs/C:/Users/USER/Desktop/BroCampTasks/Angular_Project/frontend/.angular/cache/18.2.11/frontend/vite/deps/@angular_core.js.map 304 [18/Feb/2025:17:00:18 +0000] - 75.194 ms localhost
GET /@fs/C:/Users/USER/Desktop/BroCampTasks/Angular_Project/frontend/.angular/cache/18.2.11/frontend/vite/deps/chunk-F4ZW7LLY.js.map 304 [18/Feb/2025:17:00:18 +0000] - 111.402 ms localhost
GET /@fs/C:/Users/USER/Desktop/BroCampTasks/Angular_Project/frontend/.angular/cache/18.2.11/frontend/vite/deps/@angular_platform-browser.js.map 304 [18/Feb/2025:17:00:18 +0000] - 119.268 ms localhost
GET /@fs/C:/Users/USER/Desktop/BroCampTasks/Angular_Project/frontend/.angular/cache/18.2.11/frontend/vite/deps/chunk-2ZWNOPXZ.js.map 304 [18/Feb/2025:17:00:18 +0000] - 155.111 ms localhost
GET /@fs/C:/Users/USER/Desktop/BroCampTasks/Angular_Project/frontend/.angular/cache/18.2.11/frontend/vite/deps/chunk-66JPAEYR.js.map 304 [18/Feb/2025:17:00:18 +0000] - 195.928 ms localhost
GET /@fs/C:/Users/USER/Desktop/BroCampTasks/Angular_Project/frontend/.angular/cache/18.2.11/frontend/vite/deps/chunk-BKIWMXDL.js.map 304 [18/Feb/2025:17:00:18 +0000] - 724.468 ms localhost
GET /@fs/C:/Users/USER/Desktop/BroCampTasks/Angular_Project/frontend/.angular/cache/18.2.11/frontend/vite/deps/chunk-ZKQIAUIS.js.map 304 [18/Feb/2025:17:00:19 +0000] - 762.441 ms localhost
GET /@fs/C:/Users/USER/Desktop/BroCampTasks/Angular_Project/frontend/.angular/cache/18.2.11/frontend/vite/deps/@angular_router.js.map 304 [18/Feb/2025:17:00:19 +0000] - 808.660 ms localhost
GET /@fs/C:/Users/USER/Desktop/BroCampTasks/Angular_Project/frontend/.angular/cache/18.2.11/frontend/vite/deps/chunk-7MS5FTBZ.js.map 304 [18/Feb/2025:17:00:19 +0000] - 788.351 ms localhost
GET /@fs/C:/Users/USER/Desktop/BroCampTasks/Angular_Project/frontend/.angular/cache/18.2.11/frontend/vite/deps/@angular_forms.js.map 304 [18/Feb/2025:17:00:19 +0000] - 780.500 ms localhost
GET /@fs/C:/Users/USER/Desktop/BroCampTasks/Angular_Project/frontend/.angular/cache/18.2.11/frontend/vite/deps/emoji-picker-element.js.map 304 [18/Feb/2025:17:00:19 +0000] - 751.862 ms localhost
GET /@fs/C:/Users/USER/Desktop/BroCampTasks/Angular_Project/frontend/.angular/cache/18.2.11/frontend/vite/deps/chunk-XWLXMCJQ.js.map 304 [18/Feb/2025:17:00:19 +0000] - 147.887 ms localhost
GET /@fs/C:/Users/USER/Desktop/BroCampTasks/Angular_Project/frontend/.angular/cache/18.2.11/frontend/vite/deps/rxjs.js.map 304 [18/Feb/2025:17:00:19 +0000] - 27.570 ms localhost
GET /@fs/C:/Users/USER/Desktop/BroCampTasks/Angular_Project/frontend/.angular/cache/18.2.11/frontend/vite/deps/@angular_common_http.js.map 304 [18/Feb/2025:17:00:19 +0000] - 27.673 ms localhost
GET /@fs/C:/Users/USER/Desktop/BroCampTasks/Angular_Project/frontend/.angular/cache/18.2.11/frontend/vite/deps/ngx-socket-io.js.map 304 [18/Feb/2025:17:00:19 +0000] - 97.383 ms localhost
GET /login.component.css.map 200 [18/Feb/2025:17:00:19 +0000] - 6.608 ms localhost
GET /@fs/C:/Users/USER/Desktop/BroCampTasks/Angular_Project/frontend/.angular/cache/18.2.11/frontend/vite/deps/@angular_common.js.map 304 [18/Feb/2025:17:00:19 +0000] - 9.865 ms localhost
GET /login 200 [18/Feb/2025:17:01:21 +0000] - 19.530 ms localhost
GET / - [18/Feb/2025:17:01:21 +0000] - - ms localhost
GET /@vite/client 304 [18/Feb/2025:17:01:21 +0000] - 7.904 ms localhost
GET /styles.css 200 [18/Feb/2025:17:01:21 +0000] - 7.565 ms localhost
GET /polyfills.js 304 [18/Feb/2025:17:01:21 +0000] - 11.896 ms localhost
GET /main.js 304 [18/Feb/2025:17:01:21 +0000] - 42.194 ms localhost
GET /styles.css.map 200 [18/Feb/2025:17:01:21 +0000] - 4.873 ms localhost
GET /@fs/C:/Users/USER/Desktop/BroCampTasks/Angular_Project/frontend/node_modules/vite/dist/client/env.mjs 304 [18/Feb/2025:17:01:21 +0000] - 4.602 ms localhost
GET /chunk-LQXIB7A4.js 304 [18/Feb/2025:17:01:22 +0000] - 12.218 ms localhost
GET /chunk-JK2OZDZD.js 304 [18/Feb/2025:17:01:22 +0000] - 12.039 ms localhost
GET /chunk-3ODDCFU3.js 304 [18/Feb/2025:17:01:22 +0000] - 10.733 ms localhost
GET /chunk-OLCKZYCA.js 304 [18/Feb/2025:17:01:22 +0000] - 11.634 ms localhost
GET /@fs/C:/Users/USER/Desktop/BroCampTasks/Angular_Project/frontend/.angular/cache/18.2.11/frontend/vite/deps/@angular_core.js.map 304 [18/Feb/2025:17:01:22 +0000] - 4.518 ms localhost
GET /@fs/C:/Users/USER/Desktop/BroCampTasks/Angular_Project/frontend/.angular/cache/18.2.11/frontend/vite/deps/chunk-XWLXMCJQ.js.map 304 [18/Feb/2025:17:01:22 +0000] - 11.986 ms localhost
GET /@fs/C:/Users/USER/Desktop/BroCampTasks/Angular_Project/frontend/.angular/cache/18.2.11/frontend/vite/deps/rxjs.js.map 304 [18/Feb/2025:17:01:22 +0000] - 12.417 ms localhost
GET /@fs/C:/Users/USER/Desktop/BroCampTasks/Angular_Project/frontend/.angular/cache/18.2.11/frontend/vite/deps/chunk-66JPAEYR.js.map 304 [18/Feb/2025:17:01:22 +0000] - 27.062 ms localhost
GET /@fs/C:/Users/USER/Desktop/BroCampTasks/Angular_Project/frontend/.angular/cache/18.2.11/frontend/vite/deps/@angular_common_http.js.map 304 [18/Feb/2025:17:01:22 +0000] - 34.345 ms localhost
GET /@fs/C:/Users/USER/Desktop/BroCampTasks/Angular_Project/frontend/.angular/cache/18.2.11/frontend/vite/deps/chunk-F4ZW7LLY.js.map 304 [18/Feb/2025:17:01:22 +0000] - 47.303 ms localhost
GET /@fs/C:/Users/USER/Desktop/BroCampTasks/Angular_Project/frontend/.angular/cache/18.2.11/frontend/vite/deps/@angular_platform-browser.js.map 304 [18/Feb/2025:17:01:22 +0000] - 67.818 ms localhost
GET /@fs/C:/Users/USER/Desktop/BroCampTasks/Angular_Project/frontend/.angular/cache/18.2.11/frontend/vite/deps/chunk-BKIWMXDL.js.map 304 [18/Feb/2025:17:01:22 +0000] - 370.945 ms localhost
GET /@fs/C:/Users/USER/Desktop/BroCampTasks/Angular_Project/frontend/.angular/cache/18.2.11/frontend/vite/deps/chunk-2ZWNOPXZ.js.map 304 [18/Feb/2025:17:01:22 +0000] - 401.497 ms localhost
GET /@fs/C:/Users/USER/Desktop/BroCampTasks/Angular_Project/frontend/.angular/cache/18.2.11/frontend/vite/deps/chunk-ZKQIAUIS.js.map 304 [18/Feb/2025:17:01:22 +0000] - 395.662 ms localhost
GET /chunk-MQDO5BT4.js 304 [18/Feb/2025:17:01:22 +0000] - 25.244 ms localhost
GET /chunk-F64TRUFE.js 304 [18/Feb/2025:17:01:22 +0000] - 18.977 ms localhost
GET /@fs/C:/Users/USER/Desktop/BroCampTasks/Angular_Project/frontend/.angular/cache/18.2.11/frontend/vite/deps/@angular_router.js.map 304 [18/Feb/2025:17:01:22 +0000] - 414.801 ms localhost
GET /@fs/C:/Users/USER/Desktop/BroCampTasks/Angular_Project/frontend/.angular/cache/18.2.11/frontend/vite/deps/ngx-socket-io.js.map 304 [18/Feb/2025:17:01:22 +0000] - 375.118 ms localhost
GET /@fs/C:/Users/USER/Desktop/BroCampTasks/Angular_Project/frontend/.angular/cache/18.2.11/frontend/vite/deps/chunk-7MS5FTBZ.js.map 304 [18/Feb/2025:17:01:22 +0000] - 95.620 ms localhost
GET /@fs/C:/Users/USER/Desktop/BroCampTasks/Angular_Project/frontend/.angular/cache/18.2.11/frontend/vite/deps/@angular_forms.js.map 304 [18/Feb/2025:17:01:22 +0000] - 59.377 ms localhost
GET /favicon.ico 304 [18/Feb/2025:17:01:22 +0000] - 6.236 ms localhost
GET /chunk-KSELMSGV.js 304 [18/Feb/2025:17:01:22 +0000] - 7.390 ms localhost
GET /chunk-AD6BEBTX.js 304 [18/Feb/2025:17:01:22 +0000] - 6.245 ms localhost
GET /@fs/C:/Users/USER/Desktop/BroCampTasks/Angular_Project/frontend/.angular/cache/18.2.11/frontend/vite/deps/emoji-picker-element.js.map 304 [18/Feb/2025:17:01:22 +0000] - 9.472 ms localhost
GET /@fs/C:/Users/USER/Desktop/BroCampTasks/Angular_Project/frontend/.angular/cache/18.2.11/frontend/vite/deps/@angular_common.js.map 304 [18/Feb/2025:17:01:22 +0000] - 6.275 ms localhost
GET /login.component.css.map 200 [18/Feb/2025:17:01:22 +0000] - 3.237 ms localhost
POST /api/user/login 200 [18/Feb/2025:17:01:30 +0000] - 735.420 ms localhost
GET /chunk-UM2WSH5E.js 304 [18/Feb/2025:17:01:30 +0000] - 28.191 ms localhost
GET /chunk-DIF5VTMK.js 304 [18/Feb/2025:17:01:31 +0000] - 7.727 ms localhost
GET /chunk-UNQSZJW3.js 304 [18/Feb/2025:17:01:31 +0000] - 5.277 ms localhost
GET /dashboard.component.css.map 200 [18/Feb/2025:17:01:31 +0000] - 4.513 ms localhost
GET /layout.component.css.map 200 [18/Feb/2025:17:01:31 +0000] - 8.762 ms localhost
GET /api/user/logout 304 [18/Feb/2025:17:01:37 +0000] - 88.799 ms localhost
GET /login.component.css.map 200 [18/Feb/2025:17:01:37 +0000] - 7.342 ms localhost
GET / - [18/Feb/2025:17:05:22 +0000] - - ms localhost
GET /login 200 [18/Feb/2025:17:32:48 +0000] - 58.391 ms localhost
GET /@vite/client 304 [18/Feb/2025:17:32:48 +0000] - 11.450 ms localhost
GET /styles.css 200 [18/Feb/2025:17:32:48 +0000] - 8.648 ms localhost
GET /polyfills.js 304 [18/Feb/2025:17:32:49 +0000] - 4.945 ms localhost
GET /main.js 200 [18/Feb/2025:17:32:49 +0000] - 5.639 ms localhost
GET /@fs/C:/Users/USER/Desktop/BroCampTasks/Angular_Project/frontend/node_modules/vite/dist/client/env.mjs 304 [18/Feb/2025:17:32:49 +0000] - 14.738 ms localhost
GET /chunk-LQXIB7A4.js 304 [18/Feb/2025:17:32:49 +0000] - 4.778 ms localhost
GET /chunk-JK2OZDZD.js 304 [18/Feb/2025:17:32:49 +0000] - 3.571 ms localhost
GET /chunk-3ODDCFU3.js 304 [18/Feb/2025:17:32:49 +0000] - 5.988 ms localhost
GET /chunk-OLCKZYCA.js 304 [18/Feb/2025:17:32:49 +0000] - 9.107 ms localhost
GET /@fs/C:/Users/USER/Desktop/BroCampTasks/Angular_Project/frontend/.angular/cache/18.2.11/frontend/vite/deps/@angular_core.js.map 304 [18/Feb/2025:17:32:50 +0000] - 77.407 ms localhost
GET /@fs/C:/Users/USER/Desktop/BroCampTasks/Angular_Project/frontend/.angular/cache/18.2.11/frontend/vite/deps/chunk-66JPAEYR.js.map 304 [18/Feb/2025:17:32:50 +0000] - 24.526 ms localhost
GET /@fs/C:/Users/USER/Desktop/BroCampTasks/Angular_Project/frontend/.angular/cache/18.2.11/frontend/vite/deps/chunk-XWLXMCJQ.js.map 304 [18/Feb/2025:17:32:50 +0000] - 29.879 ms localhost
GET /@fs/C:/Users/USER/Desktop/BroCampTasks/Angular_Project/frontend/.angular/cache/18.2.11/frontend/vite/deps/chunk-BKIWMXDL.js.map 304 [18/Feb/2025:17:32:50 +0000] - 127.604 ms localhost
GET /@fs/C:/Users/USER/Desktop/BroCampTasks/Angular_Project/frontend/.angular/cache/18.2.11/frontend/vite/deps/@angular_common_http.js.map 304 [18/Feb/2025:17:32:50 +0000] - 120.298 ms localhost
GET /@fs/C:/Users/USER/Desktop/BroCampTasks/Angular_Project/frontend/.angular/cache/18.2.11/frontend/vite/deps/rxjs.js.map 304 [18/Feb/2025:17:32:50 +0000] - 122.893 ms localhost
GET /@fs/C:/Users/USER/Desktop/BroCampTasks/Angular_Project/frontend/.angular/cache/18.2.11/frontend/vite/deps/chunk-F4ZW7LLY.js.map 304 [18/Feb/2025:17:32:50 +0000] - 105.930 ms localhost
GET /@fs/C:/Users/USER/Desktop/BroCampTasks/Angular_Project/frontend/.angular/cache/18.2.11/frontend/vite/deps/chunk-2ZWNOPXZ.js.map 304 [18/Feb/2025:17:32:50 +0000] - 133.794 ms localhost
GET /@fs/C:/Users/USER/Desktop/BroCampTasks/Angular_Project/frontend/.angular/cache/18.2.11/frontend/vite/deps/chunk-ZKQIAUIS.js.map 304 [18/Feb/2025:17:32:50 +0000] - 56.535 ms localhost
GET /@fs/C:/Users/USER/Desktop/BroCampTasks/Angular_Project/frontend/.angular/cache/18.2.11/frontend/vite/deps/@angular_platform-browser.js.map 304 [18/Feb/2025:17:32:50 +0000] - 61.020 ms localhost
GET /@fs/C:/Users/USER/Desktop/BroCampTasks/Angular_Project/frontend/.angular/cache/18.2.11/frontend/vite/deps/ngx-socket-io.js.map 304 [18/Feb/2025:17:32:50 +0000] - 225.537 ms localhost
GET /@fs/C:/Users/USER/Desktop/BroCampTasks/Angular_Project/frontend/.angular/cache/18.2.11/frontend/vite/deps/@angular_router.js.map 304 [18/Feb/2025:17:32:50 +0000] - 233.076 ms localhost
GET /@fs/C:/Users/USER/Desktop/BroCampTasks/Angular_Project/frontend/.angular/cache/18.2.11/frontend/vite/deps/chunk-7MS5FTBZ.js.map 304 [18/Feb/2025:17:32:50 +0000] - 232.207 ms localhost
GET /@fs/C:/Users/USER/Desktop/BroCampTasks/Angular_Project/frontend/.angular/cache/18.2.11/frontend/vite/deps/@angular_forms.js.map 304 [18/Feb/2025:17:32:50 +0000] - 256.251 ms localhost
GET /@fs/C:/Users/USER/Desktop/BroCampTasks/Angular_Project/frontend/.angular/cache/18.2.11/frontend/vite/deps/emoji-picker-element.js.map 304 [18/Feb/2025:17:32:50 +0000] - 60.886 ms localhost
GET /styles.css.map 200 [18/Feb/2025:17:32:52 +0000] - 6.267 ms localhost
GET /chunk-KSELMSGV.js 304 [18/Feb/2025:17:32:52 +0000] - 10.024 ms localhost
GET /chunk-AD6BEBTX.js 304 [18/Feb/2025:17:32:52 +0000] - 9.899 ms localhost
GET /chunk-MQDO5BT4.js 304 [18/Feb/2025:17:32:52 +0000] - 9.775 ms localhost
GET /chunk-F64TRUFE.js 304 [18/Feb/2025:17:32:52 +0000] - 4.052 ms localhost
GET /favicon.ico 304 [18/Feb/2025:17:32:52 +0000] - 4.864 ms localhost
GET /@fs/C:/Users/USER/Desktop/BroCampTasks/Angular_Project/frontend/.angular/cache/18.2.11/frontend/vite/deps/@angular_common.js.map 304 [18/Feb/2025:17:32:55 +0000] - 4.461 ms localhost
GET /login.component.css.map 200 [18/Feb/2025:17:32:55 +0000] - 2.981 ms localhost
GET / - [18/Feb/2025:17:36:49 +0000] - - ms localhost
GET /login 200 [18/Feb/2025:17:37:08 +0000] - 30.688 ms localhost
GET /login 200 [18/Feb/2025:17:37:08 +0000] - 15.982 ms localhost
GET /@vite/client 304 [18/Feb/2025:17:37:09 +0000] - 6.133 ms localhost
GET /styles.css 200 [18/Feb/2025:17:37:09 +0000] - 5.910 ms localhost
GET /polyfills.js 304 [18/Feb/2025:17:37:09 +0000] - 3.249 ms localhost
GET /main.js 200 [18/Feb/2025:17:37:09 +0000] - 3.814 ms localhost
GET /@fs/C:/Users/USER/Desktop/BroCampTasks/Angular_Project/frontend/node_modules/vite/dist/client/env.mjs 304 [18/Feb/2025:17:37:10 +0000] - 4.803 ms localhost
GET /chunk-LQXIB7A4.js 304 [18/Feb/2025:17:37:10 +0000] - 4.635 ms localhost
GET /chunk-JK2OZDZD.js 304 [18/Feb/2025:17:37:10 +0000] - 4.859 ms localhost
GET /chunk-3ODDCFU3.js 304 [18/Feb/2025:17:37:10 +0000] - 3.804 ms localhost
GET /styles.css.map 200 [18/Feb/2025:17:37:11 +0000] - 6.680 ms localhost
GET /chunk-OLCKZYCA.js 304 [18/Feb/2025:17:37:11 +0000] - 3.330 ms localhost
GET /@fs/C:/Users/USER/Desktop/BroCampTasks/Angular_Project/frontend/.angular/cache/18.2.11/frontend/vite/deps/@angular_core.js.map 304 [18/Feb/2025:17:37:11 +0000] - 26.074 ms localhost
GET /@fs/C:/Users/USER/Desktop/BroCampTasks/Angular_Project/frontend/.angular/cache/18.2.11/frontend/vite/deps/chunk-XWLXMCJQ.js.map 304 [18/Feb/2025:17:37:11 +0000] - 12.594 ms localhost
GET /@fs/C:/Users/USER/Desktop/BroCampTasks/Angular_Project/frontend/.angular/cache/18.2.11/frontend/vite/deps/rxjs.js.map 304 [18/Feb/2025:17:37:11 +0000] - 14.953 ms localhost
GET /@fs/C:/Users/USER/Desktop/BroCampTasks/Angular_Project/frontend/.angular/cache/18.2.11/frontend/vite/deps/@angular_common_http.js.map 304 [18/Feb/2025:17:37:11 +0000] - 12.894 ms localhost
GET /@fs/C:/Users/USER/Desktop/BroCampTasks/Angular_Project/frontend/.angular/cache/18.2.11/frontend/vite/deps/chunk-66JPAEYR.js.map 304 [18/Feb/2025:17:37:11 +0000] - 28.655 ms localhost
GET /@fs/C:/Users/USER/Desktop/BroCampTasks/Angular_Project/frontend/.angular/cache/18.2.11/frontend/vite/deps/chunk-BKIWMXDL.js.map 304 [18/Feb/2025:17:37:11 +0000] - 87.326 ms localhost
GET /@fs/C:/Users/USER/Desktop/BroCampTasks/Angular_Project/frontend/.angular/cache/18.2.11/frontend/vite/deps/chunk-F4ZW7LLY.js.map 304 [18/Feb/2025:17:37:11 +0000] - 75.283 ms localhost
GET /@fs/C:/Users/USER/Desktop/BroCampTasks/Angular_Project/frontend/.angular/cache/18.2.11/frontend/vite/deps/@angular_platform-browser.js.map 304 [18/Feb/2025:17:37:11 +0000] - 72.923 ms localhost
GET /@fs/C:/Users/USER/Desktop/BroCampTasks/Angular_Project/frontend/.angular/cache/18.2.11/frontend/vite/deps/chunk-2ZWNOPXZ.js.map 304 [18/Feb/2025:17:37:11 +0000] - 91.379 ms localhost
GET /@fs/C:/Users/USER/Desktop/BroCampTasks/Angular_Project/frontend/.angular/cache/18.2.11/frontend/vite/deps/chunk-ZKQIAUIS.js.map 304 [18/Feb/2025:17:37:11 +0000] - 39.430 ms localhost
GET /@fs/C:/Users/USER/Desktop/BroCampTasks/Angular_Project/frontend/.angular/cache/18.2.11/frontend/vite/deps/@angular_router.js.map 304 [18/Feb/2025:17:37:11 +0000] - 45.127 ms localhost
GET /@fs/C:/Users/USER/Desktop/BroCampTasks/Angular_Project/frontend/.angular/cache/18.2.11/frontend/vite/deps/ngx-socket-io.js.map 304 [18/Feb/2025:17:37:11 +0000] - 42.634 ms localhost
GET /@fs/C:/Users/USER/Desktop/BroCampTasks/Angular_Project/frontend/.angular/cache/18.2.11/frontend/vite/deps/chunk-7MS5FTBZ.js.map 304 [18/Feb/2025:17:37:11 +0000] - 34.657 ms localhost
GET /@fs/C:/Users/USER/Desktop/BroCampTasks/Angular_Project/frontend/.angular/cache/18.2.11/frontend/vite/deps/@angular_forms.js.map 304 [18/Feb/2025:17:37:12 +0000] - 68.395 ms localhost
GET /@fs/C:/Users/USER/Desktop/BroCampTasks/Angular_Project/frontend/.angular/cache/18.2.11/frontend/vite/deps/emoji-picker-element.js.map 304 [18/Feb/2025:17:37:12 +0000] - 78.355 ms localhost
GET /chunk-KSELMSGV.js 304 [18/Feb/2025:17:37:14 +0000] - 6.253 ms localhost
GET /chunk-AD6BEBTX.js 304 [18/Feb/2025:17:37:14 +0000] - 5.073 ms localhost
GET /chunk-MQDO5BT4.js 304 [18/Feb/2025:17:37:14 +0000] - 3.307 ms localhost
GET /chunk-F64TRUFE.js 304 [18/Feb/2025:17:37:14 +0000] - 3.930 ms localhost
GET /favicon.ico 304 [18/Feb/2025:17:37:14 +0000] - 6.515 ms localhost
GET /@fs/C:/Users/USER/Desktop/BroCampTasks/Angular_Project/frontend/.angular/cache/18.2.11/frontend/vite/deps/@angular_common.js.map 304 [18/Feb/2025:17:37:15 +0000] - 3.707 ms localhost
GET /login.component.css.map 200 [18/Feb/2025:17:37:15 +0000] - 2.750 ms localhost
GET / - [18/Feb/2025:17:41:10 +0000] - - ms localhost
GET /login 200 [18/Feb/2025:17:41:15 +0000] - 32.683 ms localhost
GET /@vite/client 304 [18/Feb/2025:17:41:15 +0000] - 20.410 ms localhost
GET /polyfills.js 304 [18/Feb/2025:17:41:15 +0000] - 8.084 ms localhost
GET /styles.css 200 [18/Feb/2025:17:41:15 +0000] - 10.442 ms localhost
GET /main.js 200 [18/Feb/2025:17:41:16 +0000] - 21.680 ms localhost
GET /@fs/C:/Users/USER/Desktop/BroCampTasks/Angular_Project/frontend/node_modules/vite/dist/client/env.mjs 304 [18/Feb/2025:17:41:16 +0000] - 3.823 ms localhost
GET /chunk-LQXIB7A4.js 304 [18/Feb/2025:17:41:17 +0000] - 4.424 ms localhost
GET /chunk-JK2OZDZD.js 304 [18/Feb/2025:17:41:17 +0000] - 4.282 ms localhost
GET /chunk-3ODDCFU3.js 304 [18/Feb/2025:17:41:17 +0000] - 4.157 ms localhost
GET /chunk-OLCKZYCA.js 304 [18/Feb/2025:17:41:17 +0000] - 2.379 ms localhost
GET /@fs/C:/Users/USER/Desktop/BroCampTasks/Angular_Project/frontend/.angular/cache/18.2.11/frontend/vite/deps/@angular_core.js.map 304 [18/Feb/2025:17:41:17 +0000] - 4.804 ms localhost
GET /@fs/C:/Users/USER/Desktop/BroCampTasks/Angular_Project/frontend/.angular/cache/18.2.11/frontend/vite/deps/chunk-66JPAEYR.js.map 304 [18/Feb/2025:17:41:17 +0000] - 21.466 ms localhost
GET /@fs/C:/Users/USER/Desktop/BroCampTasks/Angular_Project/frontend/.angular/cache/18.2.11/frontend/vite/deps/chunk-BKIWMXDL.js.map 304 [18/Feb/2025:17:41:17 +0000] - 66.380 ms localhost
GET /@fs/C:/Users/USER/Desktop/BroCampTasks/Angular_Project/frontend/.angular/cache/18.2.11/frontend/vite/deps/chunk-XWLXMCJQ.js.map 304 [18/Feb/2025:17:41:17 +0000] - 84.379 ms localhost
GET /@fs/C:/Users/USER/Desktop/BroCampTasks/Angular_Project/frontend/.angular/cache/18.2.11/frontend/vite/deps/rxjs.js.map 304 [18/Feb/2025:17:41:17 +0000] - 90.354 ms localhost
GET /@fs/C:/Users/USER/Desktop/BroCampTasks/Angular_Project/frontend/.angular/cache/18.2.11/frontend/vite/deps/@angular_common_http.js.map 304 [18/Feb/2025:17:41:17 +0000] - 75.618 ms localhost
GET /@fs/C:/Users/USER/Desktop/BroCampTasks/Angular_Project/frontend/.angular/cache/18.2.11/frontend/vite/deps/chunk-F4ZW7LLY.js.map 304 [18/Feb/2025:17:41:17 +0000] - 76.571 ms localhost
GET /@fs/C:/Users/USER/Desktop/BroCampTasks/Angular_Project/frontend/.angular/cache/18.2.11/frontend/vite/deps/chunk-2ZWNOPXZ.js.map 304 [18/Feb/2025:17:41:17 +0000] - 20.948 ms localhost
GET /@fs/C:/Users/USER/Desktop/BroCampTasks/Angular_Project/frontend/.angular/cache/18.2.11/frontend/vite/deps/@angular_platform-browser.js.map 304 [18/Feb/2025:17:41:17 +0000] - 11.574 ms localhost
GET /@fs/C:/Users/USER/Desktop/BroCampTasks/Angular_Project/frontend/.angular/cache/18.2.11/frontend/vite/deps/chunk-ZKQIAUIS.js.map 304 [18/Feb/2025:17:41:17 +0000] - 8.398 ms localhost
GET /@fs/C:/Users/USER/Desktop/BroCampTasks/Angular_Project/frontend/.angular/cache/18.2.11/frontend/vite/deps/@angular_router.js.map 304 [18/Feb/2025:17:41:17 +0000] - 12.500 ms localhost
GET /@fs/C:/Users/USER/Desktop/BroCampTasks/Angular_Project/frontend/.angular/cache/18.2.11/frontend/vite/deps/ngx-socket-io.js.map 304 [18/Feb/2025:17:41:17 +0000] - 4.158 ms localhost
GET /@fs/C:/Users/USER/Desktop/BroCampTasks/Angular_Project/frontend/.angular/cache/18.2.11/frontend/vite/deps/chunk-7MS5FTBZ.js.map 304 [18/Feb/2025:17:41:17 +0000] - 6.161 ms localhost
GET /@fs/C:/Users/USER/Desktop/BroCampTasks/Angular_Project/frontend/.angular/cache/18.2.11/frontend/vite/deps/@angular_forms.js.map 304 [18/Feb/2025:17:41:17 +0000] - 16.079 ms localhost
GET /@fs/C:/Users/USER/Desktop/BroCampTasks/Angular_Project/frontend/.angular/cache/18.2.11/frontend/vite/deps/emoji-picker-element.js.map 304 [18/Feb/2025:17:41:17 +0000] - 11.946 ms localhost
GET /styles.css.map 200 [18/Feb/2025:17:41:17 +0000] - 6.237 ms localhost
GET /chunk-KSELMSGV.js 304 [18/Feb/2025:17:41:18 +0000] - 5.941 ms localhost
GET /chunk-AD6BEBTX.js 304 [18/Feb/2025:17:41:18 +0000] - 5.516 ms localhost
GET /chunk-MQDO5BT4.js 304 [18/Feb/2025:17:41:18 +0000] - 5.030 ms localhost
GET /chunk-F64TRUFE.js 304 [18/Feb/2025:17:41:18 +0000] - 3.153 ms localhost
GET /favicon.ico 304 [18/Feb/2025:17:41:18 +0000] - 8.007 ms localhost
GET /@fs/C:/Users/USER/Desktop/BroCampTasks/Angular_Project/frontend/.angular/cache/18.2.11/frontend/vite/deps/@angular_common.js.map 304 [18/Feb/2025:17:41:19 +0000] - 5.524 ms localhost
GET /login.component.css.map 200 [18/Feb/2025:17:41:19 +0000] - 2.711 ms localhost
GET / - [18/Feb/2025:17:45:17 +0000] - - ms localhost
