GET /login 200 [11/Feb/2025:07:28:01 +0000] - 578.522 ms localhost
GET / - [11/Feb/2025:07:32:01 +0000] - - ms localhost
GET /login 200 [11/Feb/2025:07:44:14 +0000] - 34.003 ms localhost
GET /styles.css 200 [11/Feb/2025:07:44:14 +0000] - 13.171 ms localhost
GET /polyfills.js 304 [11/Feb/2025:07:44:14 +0000] - 63.552 ms localhost
GET /main.js 200 [11/Feb/2025:07:44:14 +0000] - 89.412 ms localhost
GET /@vite/client 304 [11/Feb/2025:07:44:14 +0000] - 403.448 ms localhost
GET /@fs/C:/Users/USER/Desktop/BroCampTasks/Angular_Project/frontend/node_modules/vite/dist/client/env.mjs 304 [11/Feb/2025:07:44:15 +0000] - 31.400 ms localhost
GET /favicon.ico 304 [11/Feb/2025:07:44:15 +0000] - 17.970 ms localhost
POST /user/login 200 [11/Feb/2025:07:44:22 +0000] - 1141.664 ms localhost
GET /service/uploads/ 400 [11/Feb/2025:07:45:12 +0000] - 604.177 ms localhost
GET /service/services?isApproved=true 304 [11/Feb/2025:07:45:12 +0000] - 1208.490 ms localhost
GET /service/name/Decor 200 [11/Feb/2025:07:45:31 +0000] - 193.317 ms localhost
GET /styles.css 200 [11/Feb/2025:07:46:08 +0000] - 11.126 ms localhost
GET /@fs/C:/Users/USER/Desktop/BroCampTasks/Angular_Project/frontend/.angular/cache/18.2.11/frontend/vite/deps/@angular_common.js.map 304 [11/Feb/2025:07:46:09 +0000] - 64.082 ms localhost
GET /@fs/C:/Users/USER/Desktop/BroCampTasks/Angular_Project/frontend/.angular/cache/18.2.11/frontend/vite/deps/@angular_common_http.js.map 304 [11/Feb/2025:07:46:09 +0000] - 80.122 ms localhost
GET /@fs/C:/Users/USER/Desktop/BroCampTasks/Angular_Project/frontend/.angular/cache/18.2.11/frontend/vite/deps/ngx-socket-io.js.map 304 [11/Feb/2025:07:46:09 +0000] - 86.880 ms localhost
GET /@fs/C:/Users/USER/Desktop/BroCampTasks/Angular_Project/frontend/.angular/cache/18.2.11/frontend/vite/deps/@angular_platform-browser.js.map 304 [11/Feb/2025:07:46:09 +0000] - 109.258 ms localhost
GET /@fs/C:/Users/USER/Desktop/BroCampTasks/Angular_Project/frontend/.angular/cache/18.2.11/frontend/vite/deps/chunk-7MS5FTBZ.js.map 304 [11/Feb/2025:07:46:09 +0000] - 272.697 ms localhost
GET /@fs/C:/Users/USER/Desktop/BroCampTasks/Angular_Project/frontend/.angular/cache/18.2.11/frontend/vite/deps/chunk-F4ZW7LLY.js.map 304 [11/Feb/2025:07:46:10 +0000] - 483.868 ms localhost
GET /@fs/C:/Users/USER/Desktop/BroCampTasks/Angular_Project/frontend/.angular/cache/18.2.11/frontend/vite/deps/chunk-66JPAEYR.js.map 304 [11/Feb/2025:07:46:10 +0000] - 744.618 ms localhost
GET /@fs/C:/Users/USER/Desktop/BroCampTasks/Angular_Project/frontend/.angular/cache/18.2.11/frontend/vite/deps/@angular_forms.js.map 304 [11/Feb/2025:07:46:10 +0000] - 866.264 ms localhost
GET /@fs/C:/Users/USER/Desktop/BroCampTasks/Angular_Project/frontend/.angular/cache/18.2.11/frontend/vite/deps/emoji-picker-element.js.map 304 [11/Feb/2025:07:46:10 +0000] - 872.890 ms localhost
GET /@fs/C:/Users/USER/Desktop/BroCampTasks/Angular_Project/frontend/.angular/cache/18.2.11/frontend/vite/deps/chunk-BKIWMXDL.js.map 304 [11/Feb/2025:07:46:10 +0000] - 1058.097 ms localhost
GET /@fs/C:/Users/USER/Desktop/BroCampTasks/Angular_Project/frontend/.angular/cache/18.2.11/frontend/vite/deps/chunk-XWLXMCJQ.js.map 304 [11/Feb/2025:07:46:10 +0000] - 791.801 ms localhost
GET /@fs/C:/Users/USER/Desktop/BroCampTasks/Angular_Project/frontend/.angular/cache/18.2.11/frontend/vite/deps/chunk-ZKQIAUIS.js.map 304 [11/Feb/2025:07:46:10 +0000] - 476.122 ms localhost
GET /@fs/C:/Users/USER/Desktop/BroCampTasks/Angular_Project/frontend/.angular/cache/18.2.11/frontend/vite/deps/rxjs.js.map 304 [11/Feb/2025:07:46:10 +0000] - 277.369 ms localhost
GET /@fs/C:/Users/USER/Desktop/BroCampTasks/Angular_Project/frontend/.angular/cache/18.2.11/frontend/vite/deps/@angular_core.js.map 304 [11/Feb/2025:07:46:10 +0000] - 285.063 ms localhost
GET /@fs/C:/Users/USER/Desktop/BroCampTasks/Angular_Project/frontend/.angular/cache/18.2.11/frontend/vite/deps/chunk-2ZWNOPXZ.js.map 304 [11/Feb/2025:07:46:10 +0000] - 323.893 ms localhost
GET /styles.css.map 200 [11/Feb/2025:07:46:10 +0000] - 147.703 ms localhost
GET /services/layout.component.css.map 404 [11/Feb/2025:07:46:10 +0000] - 158.850 ms localhost
GET /services/user-service-details.component.css.map 404 [11/Feb/2025:07:46:10 +0000] - 160.548 ms localhost
GET /@fs/C:/Users/USER/Desktop/BroCampTasks/Angular_Project/frontend/.angular/cache/18.2.11/frontend/vite/deps/@angular_router.js.map 304 [11/Feb/2025:07:46:11 +0000] - 468.004 ms localhost
GET /services/user-events.component.css.map 404 [11/Feb/2025:07:46:21 +0000] - 19.865 ms localhost
GET /services/user-services.component.css.map 404 [11/Feb/2025:07:46:39 +0000] - 34.814 ms localhost
GET /service/uploads/ 400 [11/Feb/2025:07:46:39 +0000] - 294.798 ms localhost
GET /service/services?isApproved=true 304 [11/Feb/2025:07:46:39 +0000] - 429.246 ms localhost
GET /booking/user/674e8a6920bc39246157f503 200 [11/Feb/2025:07:47:52 +0000] - 511.847 ms localhost
DELETE /booking/6799ec238bead1ac2e1a3146 200 [11/Feb/2025:07:48:09 +0000] - 172.409 ms localhost
GET /booking/user/674e8a6920bc39246157f503 200 [11/Feb/2025:07:48:09 +0000] - 115.137 ms localhost
GET / - [11/Feb/2025:07:48:15 +0000] - - ms localhost
DELETE /booking/6799ec988bead1ac2e1a314b 200 [11/Feb/2025:07:48:34 +0000] - 100.631 ms localhost
GET /booking/user/674e8a6920bc39246157f503 200 [11/Feb/2025:07:48:35 +0000] - 96.978 ms localhost
GET /user/logout 304 [11/Feb/2025:07:48:50 +0000] - 83.358 ms localhost
GET /services/login.component.css.map 404 [11/Feb/2025:07:48:50 +0000] - 11.865 ms localhost
GET /booking 404 [11/Feb/2025:07:48:56 +0000] - 32.058 ms localhost
GET /styles.css.map 200 [11/Feb/2025:07:49:05 +0000] - 12.586 ms localhost
GET /@fs/C:/Users/USER/Desktop/BroCampTasks/Angular_Project/frontend/.angular/cache/18.2.11/frontend/vite/deps/@angular_platform-browser.js.map 304 [11/Feb/2025:07:49:06 +0000] - 53.165 ms localhost
GET /@fs/C:/Users/USER/Desktop/BroCampTasks/Angular_Project/frontend/.angular/cache/18.2.11/frontend/vite/deps/chunk-ZKQIAUIS.js.map 304 [11/Feb/2025:07:49:06 +0000] - 55.045 ms localhost
GET /@fs/C:/Users/USER/Desktop/BroCampTasks/Angular_Project/frontend/.angular/cache/18.2.11/frontend/vite/deps/chunk-F4ZW7LLY.js.map 304 [11/Feb/2025:07:49:06 +0000] - 65.725 ms localhost
GET /@fs/C:/Users/USER/Desktop/BroCampTasks/Angular_Project/frontend/.angular/cache/18.2.11/frontend/vite/deps/chunk-2ZWNOPXZ.js.map 304 [11/Feb/2025:07:49:06 +0000] - 79.961 ms localhost
GET /@fs/C:/Users/USER/Desktop/BroCampTasks/Angular_Project/frontend/.angular/cache/18.2.11/frontend/vite/deps/chunk-66JPAEYR.js.map 304 [11/Feb/2025:07:49:06 +0000] - 75.593 ms localhost
GET /@fs/C:/Users/USER/Desktop/BroCampTasks/Angular_Project/frontend/.angular/cache/18.2.11/frontend/vite/deps/chunk-BKIWMXDL.js.map 304 [11/Feb/2025:07:49:06 +0000] - 279.197 ms localhost
GET /@fs/C:/Users/USER/Desktop/BroCampTasks/Angular_Project/frontend/.angular/cache/18.2.11/frontend/vite/deps/chunk-XWLXMCJQ.js.map 304 [11/Feb/2025:07:49:06 +0000] - 308.898 ms localhost
GET /@fs/C:/Users/USER/Desktop/BroCampTasks/Angular_Project/frontend/.angular/cache/18.2.11/frontend/vite/deps/@angular_core.js.map 304 [11/Feb/2025:07:49:06 +0000] - 299.173 ms localhost
GET /@fs/C:/Users/USER/Desktop/BroCampTasks/Angular_Project/frontend/.angular/cache/18.2.11/frontend/vite/deps/@angular_router.js.map 304 [11/Feb/2025:07:49:06 +0000] - 317.350 ms localhost
GET /@fs/C:/Users/USER/Desktop/BroCampTasks/Angular_Project/frontend/.angular/cache/18.2.11/frontend/vite/deps/@angular_common_http.js.map 304 [11/Feb/2025:07:49:06 +0000] - 320.014 ms localhost
GET /@fs/C:/Users/USER/Desktop/BroCampTasks/Angular_Project/frontend/.angular/cache/18.2.11/frontend/vite/deps/rxjs.js.map 304 [11/Feb/2025:07:49:06 +0000] - 320.062 ms localhost
GET /@fs/C:/Users/USER/Desktop/BroCampTasks/Angular_Project/frontend/.angular/cache/18.2.11/frontend/vite/deps/@angular_forms.js.map 304 [11/Feb/2025:07:49:06 +0000] - 190.393 ms localhost
GET /login.component.css.map 200 [11/Feb/2025:07:49:06 +0000] - 56.846 ms localhost
GET /@fs/C:/Users/USER/Desktop/BroCampTasks/Angular_Project/frontend/.angular/cache/18.2.11/frontend/vite/deps/@angular_common.js.map 304 [11/Feb/2025:07:49:06 +0000] - 107.278 ms localhost
GET /@fs/C:/Users/USER/Desktop/BroCampTasks/Angular_Project/frontend/.angular/cache/18.2.11/frontend/vite/deps/ngx-socket-io.js.map 304 [11/Feb/2025:07:49:06 +0000] - 108.815 ms localhost
GET /@fs/C:/Users/USER/Desktop/BroCampTasks/Angular_Project/frontend/.angular/cache/18.2.11/frontend/vite/deps/chunk-7MS5FTBZ.js.map 304 [11/Feb/2025:07:49:06 +0000] - 95.121 ms localhost
GET /@fs/C:/Users/USER/Desktop/BroCampTasks/Angular_Project/frontend/.angular/cache/18.2.11/frontend/vite/deps/emoji-picker-element.js.map 304 [11/Feb/2025:07:49:06 +0000] - 96.429 ms localhost
POST /user/login 200 [11/Feb/2025:07:49:12 +0000] - 231.892 ms localhost
GET /layout.component.css.map 200 [11/Feb/2025:07:49:12 +0000] - 5.303 ms localhost
GET /dashboard.component.css.map 200 [11/Feb/2025:07:49:12 +0000] - 8.405 ms localhost
GET /login.component.css.map 200 [11/Feb/2025:07:49:24 +0000] - 5.418 ms localhost
POST /user/password/resetEmail 200 [11/Feb/2025:07:49:42 +0000] - 3529.778 ms localhost
GET /reset/eyJhbGciOiJIUzI1NiIsInR5cCI6IkpXVCJ9.eyJpZCI6IjY3NGU4YTY5MjBiYzM5MjQ2MTU3ZjUwMyIsImVtYWlsIjoic3JlZWRldmlrcGFkbWFrdW1hcmlAZ21haWwuY29tIiwiaXNBY3RpdmUiOnRydWUsImlzRW1haWxWZXJpZmllZCI6dHJ1ZSwiaXNVc2VyVmVyaWZpZWQiOmZhbHNlLCJyb2xlIjoidXNlciIsInVzZXIiOiJTcmVlZGV2aSBLIiwiZ29vZ2xlSWQiOiIiLCJpYXQiOjE3MzkyNjAxNzksImV4cCI6MTczOTM0NjU3OX0.Zgw6EAGaSOc4sMV2jwRCrzo31BDVFRz2fe6eNQdsNG4 200 [11/Feb/2025:07:49:58 +0000] - 29.740 ms localhost
GET /@vite/client 304 [11/Feb/2025:07:49:58 +0000] - 9.636 ms localhost
GET /polyfills.js 304 [11/Feb/2025:07:49:58 +0000] - 11.416 ms localhost
GET /styles.css 200 [11/Feb/2025:07:49:58 +0000] - 12.054 ms localhost
GET /main.js 304 [11/Feb/2025:07:49:58 +0000] - 17.543 ms localhost
GET /@fs/C:/Users/USER/Desktop/BroCampTasks/Angular_Project/frontend/node_modules/vite/dist/client/env.mjs 304 [11/Feb/2025:07:49:58 +0000] - 11.204 ms localhost
POST /user/password/reset 200 [11/Feb/2025:07:50:09 +0000] - 331.295 ms localhost
POST /user/login 200 [11/Feb/2025:07:50:19 +0000] - 232.949 ms localhost
GET /booking/user/674e8a6920bc39246157f503 304 [11/Feb/2025:07:50:33 +0000] - 147.519 ms localhost
GET /user/logout 304 [11/Feb/2025:07:51:16 +0000] - 26.649 ms localhost
POST /user/login 200 [11/Feb/2025:07:51:25 +0000] - 259.520 ms localhost
GET /service/services/count 200 [11/Feb/2025:07:51:29 +0000] - 259.790 ms localhost
GET /service/services?pageNumber=1&pageSize=2 200 [11/Feb/2025:07:51:29 +0000] - 230.033 ms localhost
GET /styles.css 200 [11/Feb/2025:07:51:40 +0000] - 4.057 ms localhost
GET /@fs/C:/Users/USER/Desktop/BroCampTasks/Angular_Project/frontend/.angular/cache/18.2.11/frontend/vite/deps/@angular_platform-browser.js.map 304 [11/Feb/2025:07:51:41 +0000] - 5.163 ms localhost
GET /@fs/C:/Users/USER/Desktop/BroCampTasks/Angular_Project/frontend/.angular/cache/18.2.11/frontend/vite/deps/@angular_common_http.js.map 304 [11/Feb/2025:07:51:41 +0000] - 39.266 ms localhost
GET /@fs/C:/Users/USER/Desktop/BroCampTasks/Angular_Project/frontend/.angular/cache/18.2.11/frontend/vite/deps/rxjs.js.map 304 [11/Feb/2025:07:51:41 +0000] - 34.989 ms localhost
GET /@fs/C:/Users/USER/Desktop/BroCampTasks/Angular_Project/frontend/.angular/cache/18.2.11/frontend/vite/deps/@angular_common.js.map 304 [11/Feb/2025:07:51:41 +0000] - 34.963 ms localhost
GET /@fs/C:/Users/USER/Desktop/BroCampTasks/Angular_Project/frontend/.angular/cache/18.2.11/frontend/vite/deps/ngx-socket-io.js.map 304 [11/Feb/2025:07:51:41 +0000] - 36.633 ms localhost
GET /@fs/C:/Users/USER/Desktop/BroCampTasks/Angular_Project/frontend/.angular/cache/18.2.11/frontend/vite/deps/@angular_core.js.map 304 [11/Feb/2025:07:51:41 +0000] - 36.983 ms localhost
GET /@fs/C:/Users/USER/Desktop/BroCampTasks/Angular_Project/frontend/.angular/cache/18.2.11/frontend/vite/deps/emoji-picker-element.js.map 304 [11/Feb/2025:07:51:41 +0000] - 38.073 ms localhost
GET /@fs/C:/Users/USER/Desktop/BroCampTasks/Angular_Project/frontend/.angular/cache/18.2.11/frontend/vite/deps/@angular_router.js.map 304 [11/Feb/2025:07:51:41 +0000] - 34.227 ms localhost
GET /@fs/C:/Users/USER/Desktop/BroCampTasks/Angular_Project/frontend/.angular/cache/18.2.11/frontend/vite/deps/chunk-XWLXMCJQ.js.map 304 [11/Feb/2025:07:51:41 +0000] - 33.398 ms localhost
GET /@fs/C:/Users/USER/Desktop/BroCampTasks/Angular_Project/frontend/.angular/cache/18.2.11/frontend/vite/deps/chunk-F4ZW7LLY.js.map 304 [11/Feb/2025:07:51:41 +0000] - 31.563 ms localhost
GET /@fs/C:/Users/USER/Desktop/BroCampTasks/Angular_Project/frontend/.angular/cache/18.2.11/frontend/vite/deps/chunk-7MS5FTBZ.js.map 304 [11/Feb/2025:07:51:41 +0000] - 33.434 ms localhost
GET /@fs/C:/Users/USER/Desktop/BroCampTasks/Angular_Project/frontend/.angular/cache/18.2.11/frontend/vite/deps/@angular_forms.js.map 304 [11/Feb/2025:07:51:41 +0000] - 59.926 ms localhost
GET /@fs/C:/Users/USER/Desktop/BroCampTasks/Angular_Project/frontend/.angular/cache/18.2.11/frontend/vite/deps/chunk-ZKQIAUIS.js.map 304 [11/Feb/2025:07:51:41 +0000] - 67.361 ms localhost
GET /layout.component.css.map 200 [11/Feb/2025:07:51:41 +0000] - 15.925 ms localhost
GET /styles.css.map 200 [11/Feb/2025:07:51:41 +0000] - 6.108 ms localhost
GET /@fs/C:/Users/USER/Desktop/BroCampTasks/Angular_Project/frontend/.angular/cache/18.2.11/frontend/vite/deps/chunk-2ZWNOPXZ.js.map 304 [11/Feb/2025:07:51:41 +0000] - 52.299 ms localhost
GET /@fs/C:/Users/USER/Desktop/BroCampTasks/Angular_Project/frontend/.angular/cache/18.2.11/frontend/vite/deps/chunk-BKIWMXDL.js.map 304 [11/Feb/2025:07:51:42 +0000] - 429.945 ms localhost
GET /@fs/C:/Users/USER/Desktop/BroCampTasks/Angular_Project/frontend/.angular/cache/18.2.11/frontend/vite/deps/chunk-66JPAEYR.js.map 304 [11/Feb/2025:07:51:42 +0000] - 547.470 ms localhost
DELETE /service/679928a12158393aea6dd2fc 200 [11/Feb/2025:07:51:50 +0000] - 214.267 ms localhost
GET /service/services/count 200 [11/Feb/2025:07:51:50 +0000] - 81.736 ms localhost
GET /service/services?pageNumber=1&pageSize=2 200 [11/Feb/2025:07:51:51 +0000] - 266.433 ms localhost
GET /user/logout 304 [11/Feb/2025:07:52:54 +0000] - 115.319 ms localhost
GET /login.component.css.map 200 [11/Feb/2025:07:52:54 +0000] - 9.642 ms localhost
GET /service/services?pageNumber=1&pageSize=2 401 [11/Feb/2025:07:53:00 +0000] - 44.641 ms localhost
GET / - [11/Feb/2025:07:53:00 +0000] - - ms localhost
GET / - [11/Feb/2025:07:53:05 +0000] - - ms localhost
GET /styles.css.map 200 [11/Feb/2025:07:53:07 +0000] - 11.659 ms localhost
GET /@fs/C:/Users/USER/Desktop/BroCampTasks/Angular_Project/frontend/.angular/cache/18.2.11/frontend/vite/deps/@angular_platform-browser.js.map 304 [11/Feb/2025:07:53:07 +0000] - 21.041 ms localhost
GET /@fs/C:/Users/USER/Desktop/BroCampTasks/Angular_Project/frontend/.angular/cache/18.2.11/frontend/vite/deps/chunk-ZKQIAUIS.js.map 304 [11/Feb/2025:07:53:07 +0000] - 28.094 ms localhost
GET /@fs/C:/Users/USER/Desktop/BroCampTasks/Angular_Project/frontend/.angular/cache/18.2.11/frontend/vite/deps/chunk-F4ZW7LLY.js.map 304 [11/Feb/2025:07:53:07 +0000] - 35.925 ms localhost
GET /@fs/C:/Users/USER/Desktop/BroCampTasks/Angular_Project/frontend/.angular/cache/18.2.11/frontend/vite/deps/chunk-2ZWNOPXZ.js.map 304 [11/Feb/2025:07:53:07 +0000] - 46.432 ms localhost
GET /@fs/C:/Users/USER/Desktop/BroCampTasks/Angular_Project/frontend/.angular/cache/18.2.11/frontend/vite/deps/chunk-BKIWMXDL.js.map 304 [11/Feb/2025:07:53:07 +0000] - 266.811 ms localhost
GET /@fs/C:/Users/USER/Desktop/BroCampTasks/Angular_Project/frontend/.angular/cache/18.2.11/frontend/vite/deps/chunk-66JPAEYR.js.map 304 [11/Feb/2025:07:53:07 +0000] - 275.684 ms localhost
GET /@fs/C:/Users/USER/Desktop/BroCampTasks/Angular_Project/frontend/.angular/cache/18.2.11/frontend/vite/deps/chunk-XWLXMCJQ.js.map 304 [11/Feb/2025:07:53:07 +0000] - 277.248 ms localhost
GET /@fs/C:/Users/USER/Desktop/BroCampTasks/Angular_Project/frontend/.angular/cache/18.2.11/frontend/vite/deps/@angular_core.js.map 304 [11/Feb/2025:07:53:07 +0000] - 258.250 ms localhost
GET /@fs/C:/Users/USER/Desktop/BroCampTasks/Angular_Project/frontend/.angular/cache/18.2.11/frontend/vite/deps/@angular_common_http.js.map 304 [11/Feb/2025:07:53:07 +0000] - 248.455 ms localhost
GET /@fs/C:/Users/USER/Desktop/BroCampTasks/Angular_Project/frontend/.angular/cache/18.2.11/frontend/vite/deps/@angular_router.js.map 304 [11/Feb/2025:07:53:07 +0000] - 270.677 ms localhost
GET /@fs/C:/Users/USER/Desktop/BroCampTasks/Angular_Project/frontend/.angular/cache/18.2.11/frontend/vite/deps/rxjs.js.map 304 [11/Feb/2025:07:53:08 +0000] - 155.643 ms localhost
GET /login.component.css.map 200 [11/Feb/2025:07:53:08 +0000] - 10.237 ms localhost
GET /@fs/C:/Users/USER/Desktop/BroCampTasks/Angular_Project/frontend/.angular/cache/18.2.11/frontend/vite/deps/@angular_forms.js.map 304 [11/Feb/2025:07:53:08 +0000] - 137.755 ms localhost
GET /@fs/C:/Users/USER/Desktop/BroCampTasks/Angular_Project/frontend/.angular/cache/18.2.11/frontend/vite/deps/@angular_common.js.map 304 [11/Feb/2025:07:53:08 +0000] - 93.281 ms localhost
GET /@fs/C:/Users/USER/Desktop/BroCampTasks/Angular_Project/frontend/.angular/cache/18.2.11/frontend/vite/deps/ngx-socket-io.js.map 304 [11/Feb/2025:07:53:08 +0000] - 91.839 ms localhost
GET /@fs/C:/Users/USER/Desktop/BroCampTasks/Angular_Project/frontend/.angular/cache/18.2.11/frontend/vite/deps/chunk-7MS5FTBZ.js.map 304 [11/Feb/2025:07:53:08 +0000] - 89.822 ms localhost
GET /@fs/C:/Users/USER/Desktop/BroCampTasks/Angular_Project/frontend/.angular/cache/18.2.11/frontend/vite/deps/emoji-picker-element.js.map 304 [11/Feb/2025:07:53:08 +0000] - 90.022 ms localhost
POST /user/login 200 [11/Feb/2025:07:53:17 +0000] - 213.374 ms localhost
GET /layout.component.css.map 200 [11/Feb/2025:07:53:17 +0000] - 11.361 ms localhost
GET /dashboard.component.css.map 200 [11/Feb/2025:07:53:17 +0000] - 10.859 ms localhost
GET /service/services/count 304 [11/Feb/2025:07:53:21 +0000] - 394.277 ms localhost
GET /service/services?pageNumber=1&pageSize=2 304 [11/Feb/2025:07:53:21 +0000] - 261.319 ms localhost
GET /service/services?pageNumber=1&pageSize=2&sortBy=&sortOrder=asc&serviceName=cateri 200 [11/Feb/2025:07:54:14 +0000] - 76.891 ms localhost
GET /service/services?pageNumber=1&pageSize=2 304 [11/Feb/2025:07:54:19 +0000] - 126.894 ms localhost
GET /service/services?pageNumber=1&pageSize=2&sortBy=&sortOrder=asc&serviceName=caterin 200 [11/Feb/2025:07:54:36 +0000] - 80.295 ms localhost
GET /user/logout 304 [11/Feb/2025:07:55:24 +0000] - 75.043 ms localhost
GET /login.component.css.map 200 [11/Feb/2025:07:55:24 +0000] - 11.122 ms localhost
GET /services 200 [11/Feb/2025:07:55:29 +0000] - 21.347 ms localhost
GET /@vite/client 304 [11/Feb/2025:07:55:29 +0000] - 7.233 ms localhost
GET /styles.css 200 [11/Feb/2025:07:55:29 +0000] - 8.479 ms localhost
GET /polyfills.js 304 [11/Feb/2025:07:55:29 +0000] - 18.372 ms localhost
GET /main.js 304 [11/Feb/2025:07:55:29 +0000] - 18.967 ms localhost
GET / - [11/Feb/2025:07:55:29 +0000] - - ms localhost
GET /styles.css.map 200 [11/Feb/2025:07:55:29 +0000] - 3.801 ms localhost
GET /@fs/C:/Users/USER/Desktop/BroCampTasks/Angular_Project/frontend/node_modules/vite/dist/client/env.mjs 304 [11/Feb/2025:07:55:29 +0000] - 5.310 ms localhost
GET /@fs/C:/Users/USER/Desktop/BroCampTasks/Angular_Project/frontend/.angular/cache/18.2.11/frontend/vite/deps/@angular_platform-browser.js.map 304 [11/Feb/2025:07:55:30 +0000] - 7.277 ms localhost
GET /@fs/C:/Users/USER/Desktop/BroCampTasks/Angular_Project/frontend/.angular/cache/18.2.11/frontend/vite/deps/chunk-F4ZW7LLY.js.map 304 [11/Feb/2025:07:55:30 +0000] - 79.469 ms localhost
GET /@fs/C:/Users/USER/Desktop/BroCampTasks/Angular_Project/frontend/.angular/cache/18.2.11/frontend/vite/deps/chunk-66JPAEYR.js.map 304 [11/Feb/2025:07:55:30 +0000] - 48.837 ms localhost
GET /@fs/C:/Users/USER/Desktop/BroCampTasks/Angular_Project/frontend/.angular/cache/18.2.11/frontend/vite/deps/chunk-XWLXMCJQ.js.map 304 [11/Feb/2025:07:55:30 +0000] - 49.878 ms localhost
GET /@fs/C:/Users/USER/Desktop/BroCampTasks/Angular_Project/frontend/.angular/cache/18.2.11/frontend/vite/deps/chunk-2ZWNOPXZ.js.map 304 [11/Feb/2025:07:55:30 +0000] - 114.413 ms localhost
GET /@fs/C:/Users/USER/Desktop/BroCampTasks/Angular_Project/frontend/.angular/cache/18.2.11/frontend/vite/deps/chunk-ZKQIAUIS.js.map 304 [11/Feb/2025:07:55:30 +0000] - 121.537 ms localhost
GET /@fs/C:/Users/USER/Desktop/BroCampTasks/Angular_Project/frontend/.angular/cache/18.2.11/frontend/vite/deps/chunk-BKIWMXDL.js.map 304 [11/Feb/2025:07:55:30 +0000] - 332.018 ms localhost
GET /@fs/C:/Users/USER/Desktop/BroCampTasks/Angular_Project/frontend/.angular/cache/18.2.11/frontend/vite/deps/@angular_core.js.map 304 [11/Feb/2025:07:55:30 +0000] - 214.057 ms localhost
GET /@fs/C:/Users/USER/Desktop/BroCampTasks/Angular_Project/frontend/.angular/cache/18.2.11/frontend/vite/deps/@angular_common_http.js.map 304 [11/Feb/2025:07:55:30 +0000] - 233.728 ms localhost
GET /@fs/C:/Users/USER/Desktop/BroCampTasks/Angular_Project/frontend/.angular/cache/18.2.11/frontend/vite/deps/@angular_router.js.map 304 [11/Feb/2025:07:55:30 +0000] - 278.527 ms localhost
GET /@fs/C:/Users/USER/Desktop/BroCampTasks/Angular_Project/frontend/.angular/cache/18.2.11/frontend/vite/deps/rxjs.js.map 304 [11/Feb/2025:07:55:30 +0000] - 277.872 ms localhost
GET /@fs/C:/Users/USER/Desktop/BroCampTasks/Angular_Project/frontend/.angular/cache/18.2.11/frontend/vite/deps/@angular_forms.js.map 304 [11/Feb/2025:07:55:30 +0000] - 311.957 ms localhost
GET /login.component.css.map 200 [11/Feb/2025:07:55:30 +0000] - 52.105 ms localhost
GET /@fs/C:/Users/USER/Desktop/BroCampTasks/Angular_Project/frontend/.angular/cache/18.2.11/frontend/vite/deps/@angular_common.js.map 304 [11/Feb/2025:07:55:30 +0000] - 176.499 ms localhost
GET /@fs/C:/Users/USER/Desktop/BroCampTasks/Angular_Project/frontend/.angular/cache/18.2.11/frontend/vite/deps/ngx-socket-io.js.map 304 [11/Feb/2025:07:55:30 +0000] - 97.469 ms localhost
GET /@fs/C:/Users/USER/Desktop/BroCampTasks/Angular_Project/frontend/.angular/cache/18.2.11/frontend/vite/deps/chunk-7MS5FTBZ.js.map 304 [11/Feb/2025:07:55:30 +0000] - 100.216 ms localhost
GET /@fs/C:/Users/USER/Desktop/BroCampTasks/Angular_Project/frontend/.angular/cache/18.2.11/frontend/vite/deps/emoji-picker-element.js.map 304 [11/Feb/2025:07:55:30 +0000] - 102.133 ms localhost
POST /user/login 200 [11/Feb/2025:07:55:41 +0000] - 194.489 ms localhost
GET /dashboard.component.css.map 200 [11/Feb/2025:07:55:41 +0000] - 8.430 ms localhost
GET /layout.component.css.map 200 [11/Feb/2025:07:55:41 +0000] - 3.373 ms localhost
GET /user/users/count 200 [11/Feb/2025:07:55:46 +0000] - 75.663 ms localhost
GET /user/users?pageNumber=1&pageSize=2 200 [11/Feb/2025:07:55:46 +0000] - 82.475 ms localhost
GET /user/users?pageNumber=2&pageSize=2 200 [11/Feb/2025:07:56:06 +0000] - 65.869 ms localhost
GET /user/users?pageNumber=3&pageSize=2 200 [11/Feb/2025:07:56:09 +0000] - 169.540 ms localhost
PATCH /user/status 200 [11/Feb/2025:07:56:15 +0000] - 3699.226 ms localhost
GET /user/users?pageNumber=3&pageSize=2 200 [11/Feb/2025:07:56:15 +0000] - 211.932 ms localhost
GET /user/logout 304 [11/Feb/2025:07:57:14 +0000] - 38.557 ms localhost
GET /login.component.css.map 200 [11/Feb/2025:07:57:15 +0000] - 4.976 ms localhost
GET /user/users?pageNumber=2&pageSize=2 401 [11/Feb/2025:07:57:21 +0000] - 40.414 ms localhost
GET / - [11/Feb/2025:07:57:21 +0000] - - ms localhost
GET /styles.css.map 200 [11/Feb/2025:07:57:27 +0000] - 5.537 ms localhost
GET /@fs/C:/Users/USER/Desktop/BroCampTasks/Angular_Project/frontend/.angular/cache/18.2.11/frontend/vite/deps/@angular_platform-browser.js.map 304 [11/Feb/2025:07:57:28 +0000] - 4.195 ms localhost
GET /@fs/C:/Users/USER/Desktop/BroCampTasks/Angular_Project/frontend/.angular/cache/18.2.11/frontend/vite/deps/chunk-F4ZW7LLY.js.map 304 [11/Feb/2025:07:57:28 +0000] - 32.570 ms localhost
GET /@fs/C:/Users/USER/Desktop/BroCampTasks/Angular_Project/frontend/.angular/cache/18.2.11/frontend/vite/deps/chunk-ZKQIAUIS.js.map 304 [11/Feb/2025:07:57:28 +0000] - 35.183 ms localhost
GET /@fs/C:/Users/USER/Desktop/BroCampTasks/Angular_Project/frontend/.angular/cache/18.2.11/frontend/vite/deps/chunk-66JPAEYR.js.map 304 [11/Feb/2025:07:57:28 +0000] - 35.503 ms localhost
GET /@fs/C:/Users/USER/Desktop/BroCampTasks/Angular_Project/frontend/.angular/cache/18.2.11/frontend/vite/deps/chunk-2ZWNOPXZ.js.map 304 [11/Feb/2025:07:57:28 +0000] - 51.309 ms localhost
GET /@fs/C:/Users/USER/Desktop/BroCampTasks/Angular_Project/frontend/.angular/cache/18.2.11/frontend/vite/deps/chunk-XWLXMCJQ.js.map 304 [11/Feb/2025:07:57:28 +0000] - 53.058 ms localhost
GET /@fs/C:/Users/USER/Desktop/BroCampTasks/Angular_Project/frontend/.angular/cache/18.2.11/frontend/vite/deps/chunk-BKIWMXDL.js.map 304 [11/Feb/2025:07:57:29 +0000] - 415.554 ms localhost
GET /@fs/C:/Users/USER/Desktop/BroCampTasks/Angular_Project/frontend/.angular/cache/18.2.11/frontend/vite/deps/@angular_core.js.map 304 [11/Feb/2025:07:57:29 +0000] - 95.184 ms localhost
GET /@fs/C:/Users/USER/Desktop/BroCampTasks/Angular_Project/frontend/.angular/cache/18.2.11/frontend/vite/deps/@angular_router.js.map 304 [11/Feb/2025:07:57:29 +0000] - 108.449 ms localhost
GET /@fs/C:/Users/USER/Desktop/BroCampTasks/Angular_Project/frontend/.angular/cache/18.2.11/frontend/vite/deps/@angular_common_http.js.map 304 [11/Feb/2025:07:57:29 +0000] - 109.041 ms localhost
GET /@fs/C:/Users/USER/Desktop/BroCampTasks/Angular_Project/frontend/.angular/cache/18.2.11/frontend/vite/deps/rxjs.js.map 304 [11/Feb/2025:07:57:29 +0000] - 110.261 ms localhost
GET /@fs/C:/Users/USER/Desktop/BroCampTasks/Angular_Project/frontend/.angular/cache/18.2.11/frontend/vite/deps/@angular_forms.js.map 304 [11/Feb/2025:07:57:29 +0000] - 125.545 ms localhost
GET /login.component.css.map 200 [11/Feb/2025:07:57:29 +0000] - 6.482 ms localhost
GET /@fs/C:/Users/USER/Desktop/BroCampTasks/Angular_Project/frontend/.angular/cache/18.2.11/frontend/vite/deps/@angular_common.js.map 304 [11/Feb/2025:07:57:29 +0000] - 68.012 ms localhost
GET /@fs/C:/Users/USER/Desktop/BroCampTasks/Angular_Project/frontend/.angular/cache/18.2.11/frontend/vite/deps/ngx-socket-io.js.map 304 [11/Feb/2025:07:57:29 +0000] - 73.973 ms localhost
GET /@fs/C:/Users/USER/Desktop/BroCampTasks/Angular_Project/frontend/.angular/cache/18.2.11/frontend/vite/deps/chunk-7MS5FTBZ.js.map 304 [11/Feb/2025:07:57:29 +0000] - 75.700 ms localhost
GET /@fs/C:/Users/USER/Desktop/BroCampTasks/Angular_Project/frontend/.angular/cache/18.2.11/frontend/vite/deps/emoji-picker-element.js.map 304 [11/Feb/2025:07:57:29 +0000] - 77.402 ms localhost
POST /user/login 200 [11/Feb/2025:07:57:35 +0000] - 250.409 ms localhost
GET /dashboard.component.css.map 200 [11/Feb/2025:07:57:35 +0000] - 9.128 ms localhost
GET /layout.component.css.map 200 [11/Feb/2025:07:57:35 +0000] - 10.015 ms localhost
GET /booking/bookings/count 200 [11/Feb/2025:07:57:55 +0000] - 70.496 ms localhost
GET /booking/bookings?pageNumber=1&pageSize=2 200 [11/Feb/2025:07:57:55 +0000] - 190.303 ms localhost
GET /booking/bookings?pageNumber=1&pageSize=2 304 [11/Feb/2025:07:57:55 +0000] - 71.175 ms localhost
GET /user/users/count 304 [11/Feb/2025:07:58:11 +0000] - 132.103 ms localhost
GET /user/users?pageNumber=1&pageSize=2 304 [11/Feb/2025:07:58:11 +0000] - 99.475 ms localhost
GET /user/6738f8c218960f422dbd066c 200 [11/Feb/2025:07:58:57 +0000] - 104.420 ms localhost
GET /login.component.css.map 200 [11/Feb/2025:07:59:10 +0000] - 9.671 ms localhost
POST /user/login 200 [11/Feb/2025:07:59:22 +0000] - 220.815 ms localhost
GET /layout.component.css.map 200 [11/Feb/2025:07:59:22 +0000] - 5.099 ms localhost
GET /dashboard.component.css.map 200 [11/Feb/2025:07:59:22 +0000] - 8.552 ms localhost
GET / 200 [11/Feb/2025:07:59:39 +0000] - 15.499 ms localhost
GET /@vite/client 200 [11/Feb/2025:07:59:39 +0000] - 93.632 ms localhost
GET /styles.css 200 [11/Feb/2025:07:59:39 +0000] - 6.064 ms localhost
GET /polyfills.js 200 [11/Feb/2025:07:59:39 +0000] - 11.927 ms localhost
GET /main.js 200 [11/Feb/2025:07:59:40 +0000] - 22.140 ms localhost
GET /@fs/C:/Users/USER/Desktop/BroCampTasks/Angular_Project/frontend/node_modules/vite/dist/client/env.mjs 200 [11/Feb/2025:07:59:40 +0000] - 28.490 ms localhost
GET /@fs/C:/Users/USER/Desktop/BroCampTasks/Angular_Project/frontend/.angular/cache/18.2.11/frontend/vite/deps/@angular_platform-browser.js?v=30d9074f 200 [11/Feb/2025:07:59:40 +0000] - 5.563 ms localhost
GET /@fs/C:/Users/USER/Desktop/BroCampTasks/Angular_Project/frontend/.angular/cache/18.2.11/frontend/vite/deps/@angular_core.js?v=30d9074f 200 [11/Feb/2025:07:59:40 +0000] - 6.986 ms localhost
GET /@fs/C:/Users/USER/Desktop/BroCampTasks/Angular_Project/frontend/.angular/cache/18.2.11/frontend/vite/deps/@angular_router.js?v=30d9074f 200 [11/Feb/2025:07:59:40 +0000] - 14.915 ms localhost
GET /@fs/C:/Users/USER/Desktop/BroCampTasks/Angular_Project/frontend/.angular/cache/18.2.11/frontend/vite/deps/@angular_common_http.js?v=30d9074f 200 [11/Feb/2025:07:59:40 +0000] - 16.622 ms localhost
GET /@fs/C:/Users/USER/Desktop/BroCampTasks/Angular_Project/frontend/.angular/cache/18.2.11/frontend/vite/deps/rxjs.js?v=30d9074f 200 [11/Feb/2025:07:59:40 +0000] - 4.138 ms localhost
GET /@fs/C:/Users/USER/Desktop/BroCampTasks/Angular_Project/frontend/.angular/cache/18.2.11/frontend/vite/deps/@angular_forms.js?v=30d9074f 200 [11/Feb/2025:07:59:40 +0000] - 51.724 ms localhost
GET /@fs/C:/Users/USER/Desktop/BroCampTasks/Angular_Project/frontend/.angular/cache/18.2.11/frontend/vite/deps/@angular_common.js?v=30d9074f 200 [11/Feb/2025:07:59:40 +0000] - 35.419 ms localhost
GET /@fs/C:/Users/USER/Desktop/BroCampTasks/Angular_Project/frontend/.angular/cache/18.2.11/frontend/vite/deps/ngx-socket-io.js?v=30d9074f 200 [11/Feb/2025:07:59:40 +0000] - 4.434 ms localhost
GET /@fs/C:/Users/USER/Desktop/BroCampTasks/Angular_Project/frontend/.angular/cache/18.2.11/frontend/vite/deps/emoji-picker-element.js?v=30d9074f 200 [11/Feb/2025:07:59:40 +0000] - 10.932 ms localhost
GET /@fs/C:/Users/USER/Desktop/BroCampTasks/Angular_Project/frontend/.angular/cache/18.2.11/frontend/vite/deps/chunk-ZKQIAUIS.js?v=30d9074f 200 [11/Feb/2025:07:59:40 +0000] - 11.090 ms localhost
GET /@fs/C:/Users/USER/Desktop/BroCampTasks/Angular_Project/frontend/.angular/cache/18.2.11/frontend/vite/deps/chunk-F4ZW7LLY.js?v=30d9074f 200 [11/Feb/2025:07:59:40 +0000] - 10.890 ms localhost
GET /@fs/C:/Users/USER/Desktop/BroCampTasks/Angular_Project/frontend/.angular/cache/18.2.11/frontend/vite/deps/chunk-2ZWNOPXZ.js?v=30d9074f 200 [11/Feb/2025:07:59:40 +0000] - 7.048 ms localhost
GET /@fs/C:/Users/USER/Desktop/BroCampTasks/Angular_Project/frontend/.angular/cache/18.2.11/frontend/vite/deps/chunk-BKIWMXDL.js?v=30d9074f 200 [11/Feb/2025:07:59:40 +0000] - 18.397 ms localhost
GET /@fs/C:/Users/USER/Desktop/BroCampTasks/Angular_Project/frontend/.angular/cache/18.2.11/frontend/vite/deps/chunk-66JPAEYR.js?v=30d9074f 200 [11/Feb/2025:07:59:40 +0000] - 20.389 ms localhost
GET /@fs/C:/Users/USER/Desktop/BroCampTasks/Angular_Project/frontend/.angular/cache/18.2.11/frontend/vite/deps/chunk-XWLXMCJQ.js?v=30d9074f 200 [11/Feb/2025:07:59:40 +0000] - 4.853 ms localhost
GET /@fs/C:/Users/USER/Desktop/BroCampTasks/Angular_Project/frontend/.angular/cache/18.2.11/frontend/vite/deps/chunk-7MS5FTBZ.js?v=30d9074f 200 [11/Feb/2025:07:59:40 +0000] - 4.083 ms localhost
GET /favicon.ico 200 [11/Feb/2025:07:59:41 +0000] - 69.821 ms localhost
POST /user/login 200 [11/Feb/2025:07:59:48 +0000] - 194.334 ms localhost
GET /favicon.ico 304 [11/Feb/2025:07:59:48 +0000] - 6.528 ms localhost
GET /favicon.ico 304 [11/Feb/2025:07:59:51 +0000] - 4.596 ms localhost
GET /chat/674e8a6920bc39246157f503 200 [11/Feb/2025:07:59:51 +0000] - 760.624 ms localhost
GET /admin-chat.component.css.map 200 [11/Feb/2025:08:00:04 +0000] - 4.982 ms localhost
GET /chat/ 404 [11/Feb/2025:08:00:04 +0000] - 80.950 ms localhost
GET /chat/674e8a6920bc39246157f503 200 [11/Feb/2025:08:00:06 +0000] - 111.003 ms localhost
GET /chat 404 [11/Feb/2025:08:00:32 +0000] - 20.173 ms localhost
GET / - [11/Feb/2025:08:00:32 +0000] - - ms localhost
GET /dashboard 200 [11/Feb/2025:08:00:56 +0000] - 62.988 ms localhost
GET /styles.css 200 [11/Feb/2025:08:00:56 +0000] - 8.412 ms localhost
GET /@vite/client 304 [11/Feb/2025:08:00:56 +0000] - 12.883 ms localhost
GET /polyfills.js 304 [11/Feb/2025:08:00:56 +0000] - 13.827 ms localhost
GET /main.js 304 [11/Feb/2025:08:00:56 +0000] - 14.521 ms localhost
GET /@fs/C:/Users/USER/Desktop/BroCampTasks/Angular_Project/frontend/node_modules/vite/dist/client/env.mjs 304 [11/Feb/2025:08:00:56 +0000] - 3.818 ms localhost
GET /favicon.ico 304 [11/Feb/2025:08:00:56 +0000] - 3.912 ms localhost
GET / - [11/Feb/2025:08:01:27 +0000] - - ms localhost
GET /chat 404 [11/Feb/2025:08:09:34 +0000] - 13.333 ms localhost
GET /login 200 [11/Feb/2025:08:31:12 +0000] - 29.006 ms localhost
GET /styles.css 200 [11/Feb/2025:08:31:13 +0000] - 118.510 ms localhost
GET /polyfills.js 304 [11/Feb/2025:08:31:13 +0000] - 118.574 ms localhost
GET /@vite/client 304 [11/Feb/2025:08:31:13 +0000] - 120.370 ms localhost
GET /main.js 304 [11/Feb/2025:08:31:13 +0000] - 13.857 ms localhost
GET /@fs/C:/Users/USER/Desktop/BroCampTasks/Angular_Project/frontend/node_modules/vite/dist/client/env.mjs 304 [11/Feb/2025:08:31:13 +0000] - 10.755 ms localhost
GET /favicon.ico 304 [11/Feb/2025:08:31:19 +0000] - 6.157 ms localhost
GET /service/ 404 [11/Feb/2025:17:48:00 +0000] - 228.463 ms localhost
GET /service 404 [11/Feb/2025:17:48:05 +0000] - 34.234 ms localhost
GET /chat 404 [11/Feb/2025:17:48:29 +0000] - 73.920 ms localhost
GET /dashboard 200 [11/Feb/2025:17:48:33 +0000] - 281.891 ms localhost
GET /main.js 200 [11/Feb/2025:17:48:33 +0000] - 191.419 ms localhost
GET /@vite/client 304 [11/Feb/2025:17:48:33 +0000] - 214.878 ms localhost
GET /styles.css 200 [11/Feb/2025:17:48:33 +0000] - 224.068 ms localhost
GET /polyfills.js 304 [11/Feb/2025:17:48:33 +0000] - 239.283 ms localhost
GET /@fs/C:/Users/USER/Desktop/BroCampTasks/Angular_Project/frontend/node_modules/vite/dist/client/env.mjs 304 [11/Feb/2025:17:48:33 +0000] - 8.723 ms localhost
GET /styles.css.map 200 [11/Feb/2025:17:48:33 +0000] - 57.639 ms localhost
GET /@fs/C:/Users/USER/Desktop/BroCampTasks/Angular_Project/frontend/.angular/cache/18.2.11/frontend/vite/deps/chunk-ZKQIAUIS.js.map 304 [11/Feb/2025:17:48:34 +0000] - 300.792 ms localhost
GET /@fs/C:/Users/USER/Desktop/BroCampTasks/Angular_Project/frontend/.angular/cache/18.2.11/frontend/vite/deps/chunk-66JPAEYR.js.map 304 [11/Feb/2025:17:48:34 +0000] - 264.166 ms localhost
GET /@fs/C:/Users/USER/Desktop/BroCampTasks/Angular_Project/frontend/.angular/cache/18.2.11/frontend/vite/deps/chunk-XWLXMCJQ.js.map 304 [11/Feb/2025:17:48:34 +0000] - 234.799 ms localhost
GET /@fs/C:/Users/USER/Desktop/BroCampTasks/Angular_Project/frontend/.angular/cache/18.2.11/frontend/vite/deps/chunk-F4ZW7LLY.js.map 304 [11/Feb/2025:17:48:34 +0000] - 322.375 ms localhost
GET /@fs/C:/Users/USER/Desktop/BroCampTasks/Angular_Project/frontend/.angular/cache/18.2.11/frontend/vite/deps/chunk-2ZWNOPXZ.js.map 304 [11/Feb/2025:17:48:34 +0000] - 363.828 ms localhost
GET /@fs/C:/Users/USER/Desktop/BroCampTasks/Angular_Project/frontend/.angular/cache/18.2.11/frontend/vite/deps/@angular_platform-browser.js.map 304 [11/Feb/2025:17:48:34 +0000] - 441.367 ms localhost
GET /favicon.ico 304 [11/Feb/2025:17:48:35 +0000] - 514.648 ms localhost
GET /@fs/C:/Users/USER/Desktop/BroCampTasks/Angular_Project/frontend/.angular/cache/18.2.11/frontend/vite/deps/@angular_core.js.map 304 [11/Feb/2025:17:48:35 +0000] - 359.503 ms localhost
GET /@fs/C:/Users/USER/Desktop/BroCampTasks/Angular_Project/frontend/.angular/cache/18.2.11/frontend/vite/deps/@angular_common_http.js.map 304 [11/Feb/2025:17:48:35 +0000] - 285.070 ms localhost
GET /@fs/C:/Users/USER/Desktop/BroCampTasks/Angular_Project/frontend/.angular/cache/18.2.11/frontend/vite/deps/@angular_forms.js.map 304 [11/Feb/2025:17:48:35 +0000] - 288.517 ms localhost
GET /@fs/C:/Users/USER/Desktop/BroCampTasks/Angular_Project/frontend/.angular/cache/18.2.11/frontend/vite/deps/chunk-BKIWMXDL.js.map 304 [11/Feb/2025:17:48:35 +0000] - 373.865 ms localhost
GET /@fs/C:/Users/USER/Desktop/BroCampTasks/Angular_Project/frontend/.angular/cache/18.2.11/frontend/vite/deps/@angular_router.js.map 304 [11/Feb/2025:17:48:35 +0000] - 520.278 ms localhost
GET /@fs/C:/Users/USER/Desktop/BroCampTasks/Angular_Project/frontend/.angular/cache/18.2.11/frontend/vite/deps/rxjs.js.map 304 [11/Feb/2025:17:48:35 +0000] - 42.406 ms localhost
GET /@fs/C:/Users/USER/Desktop/BroCampTasks/Angular_Project/frontend/.angular/cache/18.2.11/frontend/vite/deps/@angular_common.js.map 304 [11/Feb/2025:17:48:35 +0000] - 38.240 ms localhost
GET /@fs/C:/Users/USER/Desktop/BroCampTasks/Angular_Project/frontend/.angular/cache/18.2.11/frontend/vite/deps/chunk-7MS5FTBZ.js.map 304 [11/Feb/2025:17:48:35 +0000] - 73.872 ms localhost
GET /@fs/C:/Users/USER/Desktop/BroCampTasks/Angular_Project/frontend/.angular/cache/18.2.11/frontend/vite/deps/ngx-socket-io.js.map 304 [11/Feb/2025:17:48:35 +0000] - 69.178 ms localhost
GET /login.component.css.map 200 [11/Feb/2025:17:48:35 +0000] - 78.982 ms localhost
GET /@fs/C:/Users/USER/Desktop/BroCampTasks/Angular_Project/frontend/.angular/cache/18.2.11/frontend/vite/deps/emoji-picker-element.js.map 304 [11/Feb/2025:17:48:35 +0000] - 228.008 ms localhost
GET /service 404 [11/Feb/2025:17:48:39 +0000] - 22.216 ms localhost
GET /service 404 [11/Feb/2025:17:49:34 +0000] - 61.057 ms localhost
GET /service 404 [11/Feb/2025:17:49:38 +0000] - 23.162 ms localhost
GET /user 404 [11/Feb/2025:17:49:47 +0000] - 164.620 ms localhost
GET /styles.css.map 200 [11/Feb/2025:17:49:52 +0000] - 5.814 ms localhost
GET /@fs/C:/Users/USER/Desktop/BroCampTasks/Angular_Project/frontend/.angular/cache/18.2.11/frontend/vite/deps/@angular_platform-browser.js.map 304 [11/Feb/2025:17:49:52 +0000] - 7.402 ms localhost
GET /@fs/C:/Users/USER/Desktop/BroCampTasks/Angular_Project/frontend/.angular/cache/18.2.11/frontend/vite/deps/chunk-ZKQIAUIS.js.map 304 [11/Feb/2025:17:49:52 +0000] - 19.379 ms localhost
GET /@fs/C:/Users/USER/Desktop/BroCampTasks/Angular_Project/frontend/.angular/cache/18.2.11/frontend/vite/deps/chunk-XWLXMCJQ.js.map 304 [11/Feb/2025:17:49:52 +0000] - 18.132 ms localhost
GET /@fs/C:/Users/USER/Desktop/BroCampTasks/Angular_Project/frontend/.angular/cache/18.2.11/frontend/vite/deps/@angular_core.js.map 304 [11/Feb/2025:17:49:52 +0000] - 18.980 ms localhost
GET /@fs/C:/Users/USER/Desktop/BroCampTasks/Angular_Project/frontend/.angular/cache/18.2.11/frontend/vite/deps/chunk-F4ZW7LLY.js.map 304 [11/Feb/2025:17:49:52 +0000] - 44.706 ms localhost
GET /@fs/C:/Users/USER/Desktop/BroCampTasks/Angular_Project/frontend/.angular/cache/18.2.11/frontend/vite/deps/chunk-2ZWNOPXZ.js.map 304 [11/Feb/2025:17:49:52 +0000] - 54.986 ms localhost
GET /@fs/C:/Users/USER/Desktop/BroCampTasks/Angular_Project/frontend/.angular/cache/18.2.11/frontend/vite/deps/chunk-66JPAEYR.js.map 304 [11/Feb/2025:17:49:52 +0000] - 55.934 ms localhost
GET /@fs/C:/Users/USER/Desktop/BroCampTasks/Angular_Project/frontend/.angular/cache/18.2.11/frontend/vite/deps/@angular_common_http.js.map 304 [11/Feb/2025:17:49:52 +0000] - 31.465 ms localhost
GET /@fs/C:/Users/USER/Desktop/BroCampTasks/Angular_Project/frontend/.angular/cache/18.2.11/frontend/vite/deps/@angular_router.js.map 304 [11/Feb/2025:17:49:52 +0000] - 46.697 ms localhost
GET /@fs/C:/Users/USER/Desktop/BroCampTasks/Angular_Project/frontend/.angular/cache/18.2.11/frontend/vite/deps/@angular_forms.js.map 304 [11/Feb/2025:17:49:52 +0000] - 97.843 ms localhost
GET /@fs/C:/Users/USER/Desktop/BroCampTasks/Angular_Project/frontend/.angular/cache/18.2.11/frontend/vite/deps/ngx-socket-io.js.map 304 [11/Feb/2025:17:49:52 +0000] - 93.476 ms localhost
GET /@fs/C:/Users/USER/Desktop/BroCampTasks/Angular_Project/frontend/.angular/cache/18.2.11/frontend/vite/deps/emoji-picker-element.js.map 304 [11/Feb/2025:17:49:52 +0000] - 85.843 ms localhost
GET /@fs/C:/Users/USER/Desktop/BroCampTasks/Angular_Project/frontend/.angular/cache/18.2.11/frontend/vite/deps/chunk-7MS5FTBZ.js.map 304 [11/Feb/2025:17:49:52 +0000] - 89.706 ms localhost
GET /login.component.css.map 200 [11/Feb/2025:17:49:52 +0000] - 24.254 ms localhost
GET /@fs/C:/Users/USER/Desktop/BroCampTasks/Angular_Project/frontend/.angular/cache/18.2.11/frontend/vite/deps/@angular_common.js.map 304 [11/Feb/2025:17:49:52 +0000] - 13.984 ms localhost
GET /@fs/C:/Users/USER/Desktop/BroCampTasks/Angular_Project/frontend/.angular/cache/18.2.11/frontend/vite/deps/rxjs.js.map 304 [11/Feb/2025:17:49:52 +0000] - 15.061 ms localhost
GET /@fs/C:/Users/USER/Desktop/BroCampTasks/Angular_Project/frontend/.angular/cache/18.2.11/frontend/vite/deps/chunk-BKIWMXDL.js.map 304 [11/Feb/2025:17:49:52 +0000] - 59.268 ms localhost
POST /user/login 200 [11/Feb/2025:17:50:08 +0000] - 533.186 ms localhost
GET /layout.component.css.map 200 [11/Feb/2025:17:50:08 +0000] - 8.648 ms localhost
GET /dashboard.component.css.map 200 [11/Feb/2025:17:50:08 +0000] - 11.859 ms localhost
GET /user-services.component.css.map 200 [11/Feb/2025:17:50:13 +0000] - 11.716 ms localhost
GET /service/uploads/ 400 [11/Feb/2025:17:50:13 +0000] - 246.705 ms localhost
GET /service/services?isApproved=true 200 [11/Feb/2025:17:50:14 +0000] - 459.567 ms localhost
GET /services 200 [11/Feb/2025:17:50:15 +0000] - 18.258 ms localhost
GET /@vite/client 304 [11/Feb/2025:17:50:15 +0000] - 9.658 ms localhost
GET /styles.css 200 [11/Feb/2025:17:50:15 +0000] - 8.486 ms localhost
GET /polyfills.js 304 [11/Feb/2025:17:50:15 +0000] - 10.950 ms localhost
GET /main.js 200 [11/Feb/2025:17:50:15 +0000] - 26.286 ms localhost
GET /@fs/C:/Users/USER/Desktop/BroCampTasks/Angular_Project/frontend/node_modules/vite/dist/client/env.mjs 304 [11/Feb/2025:17:50:15 +0000] - 4.298 ms localhost
GET /styles.css.map 200 [11/Feb/2025:17:50:15 +0000] - 3.937 ms localhost
GET /@fs/C:/Users/USER/Desktop/BroCampTasks/Angular_Project/frontend/.angular/cache/18.2.11/frontend/vite/deps/@angular_platform-browser.js.map 304 [11/Feb/2025:17:50:16 +0000] - 37.857 ms localhost
GET /@fs/C:/Users/USER/Desktop/BroCampTasks/Angular_Project/frontend/.angular/cache/18.2.11/frontend/vite/deps/chunk-F4ZW7LLY.js.map 304 [11/Feb/2025:17:50:16 +0000] - 64.020 ms localhost
GET /@fs/C:/Users/USER/Desktop/BroCampTasks/Angular_Project/frontend/.angular/cache/18.2.11/frontend/vite/deps/chunk-ZKQIAUIS.js.map 304 [11/Feb/2025:17:50:16 +0000] - 71.084 ms localhost
GET /@fs/C:/Users/USER/Desktop/BroCampTasks/Angular_Project/frontend/.angular/cache/18.2.11/frontend/vite/deps/chunk-2ZWNOPXZ.js.map 304 [11/Feb/2025:17:50:16 +0000] - 149.610 ms localhost
GET /@fs/C:/Users/USER/Desktop/BroCampTasks/Angular_Project/frontend/.angular/cache/18.2.11/frontend/vite/deps/chunk-66JPAEYR.js.map 304 [11/Feb/2025:17:50:16 +0000] - 160.723 ms localhost
GET /@fs/C:/Users/USER/Desktop/BroCampTasks/Angular_Project/frontend/.angular/cache/18.2.11/frontend/vite/deps/chunk-BKIWMXDL.js.map 304 [11/Feb/2025:17:50:16 +0000] - 374.948 ms localhost
GET /@fs/C:/Users/USER/Desktop/BroCampTasks/Angular_Project/frontend/.angular/cache/18.2.11/frontend/vite/deps/chunk-XWLXMCJQ.js.map 304 [11/Feb/2025:17:50:16 +0000] - 273.644 ms localhost
GET /@fs/C:/Users/USER/Desktop/BroCampTasks/Angular_Project/frontend/.angular/cache/18.2.11/frontend/vite/deps/@angular_core.js.map 304 [11/Feb/2025:17:50:16 +0000] - 271.671 ms localhost
GET /@fs/C:/Users/USER/Desktop/BroCampTasks/Angular_Project/frontend/.angular/cache/18.2.11/frontend/vite/deps/@angular_router.js.map 304 [11/Feb/2025:17:50:16 +0000] - 296.079 ms localhost
GET /@fs/C:/Users/USER/Desktop/BroCampTasks/Angular_Project/frontend/.angular/cache/18.2.11/frontend/vite/deps/@angular_common_http.js.map 304 [11/Feb/2025:17:50:16 +0000] - 256.933 ms localhost
GET /favicon.ico 304 [11/Feb/2025:17:50:16 +0000] - 75.546 ms localhost
GET /@fs/C:/Users/USER/Desktop/BroCampTasks/Angular_Project/frontend/.angular/cache/18.2.11/frontend/vite/deps/rxjs.js.map 304 [11/Feb/2025:17:50:16 +0000] - 291.051 ms localhost
GET /@fs/C:/Users/USER/Desktop/BroCampTasks/Angular_Project/frontend/.angular/cache/18.2.11/frontend/vite/deps/@angular_common.js.map 304 [11/Feb/2025:17:50:16 +0000] - 95.118 ms localhost
GET /@fs/C:/Users/USER/Desktop/BroCampTasks/Angular_Project/frontend/.angular/cache/18.2.11/frontend/vite/deps/@angular_forms.js.map 304 [11/Feb/2025:17:50:16 +0000] - 113.246 ms localhost
GET /login.component.css.map 200 [11/Feb/2025:17:50:16 +0000] - 30.469 ms localhost
GET /@fs/C:/Users/USER/Desktop/BroCampTasks/Angular_Project/frontend/.angular/cache/18.2.11/frontend/vite/deps/ngx-socket-io.js.map 304 [11/Feb/2025:17:50:16 +0000] - 94.068 ms localhost
GET /@fs/C:/Users/USER/Desktop/BroCampTasks/Angular_Project/frontend/.angular/cache/18.2.11/frontend/vite/deps/chunk-7MS5FTBZ.js.map 304 [11/Feb/2025:17:50:16 +0000] - 94.400 ms localhost
GET /@fs/C:/Users/USER/Desktop/BroCampTasks/Angular_Project/frontend/.angular/cache/18.2.11/frontend/vite/deps/emoji-picker-element.js.map 304 [11/Feb/2025:17:50:16 +0000] - 42.059 ms localhost
GET /styles.css.map 200 [11/Feb/2025:17:50:18 +0000] - 4.789 ms localhost
GET /@fs/C:/Users/USER/Desktop/BroCampTasks/Angular_Project/frontend/.angular/cache/18.2.11/frontend/vite/deps/@angular_platform-browser.js.map 304 [11/Feb/2025:17:50:18 +0000] - 4.232 ms localhost
GET /@fs/C:/Users/USER/Desktop/BroCampTasks/Angular_Project/frontend/.angular/cache/18.2.11/frontend/vite/deps/chunk-ZKQIAUIS.js.map 304 [11/Feb/2025:17:50:19 +0000] - 24.070 ms localhost
GET /@fs/C:/Users/USER/Desktop/BroCampTasks/Angular_Project/frontend/.angular/cache/18.2.11/frontend/vite/deps/chunk-F4ZW7LLY.js.map 304 [11/Feb/2025:17:50:19 +0000] - 8.659 ms localhost
GET /@fs/C:/Users/USER/Desktop/BroCampTasks/Angular_Project/frontend/.angular/cache/18.2.11/frontend/vite/deps/chunk-2ZWNOPXZ.js.map 304 [11/Feb/2025:17:50:19 +0000] - 24.917 ms localhost
GET /@fs/C:/Users/USER/Desktop/BroCampTasks/Angular_Project/frontend/.angular/cache/18.2.11/frontend/vite/deps/chunk-BKIWMXDL.js.map 304 [11/Feb/2025:17:50:19 +0000] - 53.134 ms localhost
GET /@fs/C:/Users/USER/Desktop/BroCampTasks/Angular_Project/frontend/.angular/cache/18.2.11/frontend/vite/deps/chunk-66JPAEYR.js.map 304 [11/Feb/2025:17:50:19 +0000] - 14.138 ms localhost
GET /@fs/C:/Users/USER/Desktop/BroCampTasks/Angular_Project/frontend/.angular/cache/18.2.11/frontend/vite/deps/chunk-XWLXMCJQ.js.map 304 [11/Feb/2025:17:50:19 +0000] - 11.519 ms localhost
GET /@fs/C:/Users/USER/Desktop/BroCampTasks/Angular_Project/frontend/.angular/cache/18.2.11/frontend/vite/deps/@angular_core.js.map 304 [11/Feb/2025:17:50:19 +0000] - 10.675 ms localhost
GET /@fs/C:/Users/USER/Desktop/BroCampTasks/Angular_Project/frontend/.angular/cache/18.2.11/frontend/vite/deps/@angular_router.js.map 304 [11/Feb/2025:17:50:19 +0000] - 19.495 ms localhost
GET /@fs/C:/Users/USER/Desktop/BroCampTasks/Angular_Project/frontend/.angular/cache/18.2.11/frontend/vite/deps/rxjs.js.map 304 [11/Feb/2025:17:50:19 +0000] - 3.651 ms localhost
GET /@fs/C:/Users/USER/Desktop/BroCampTasks/Angular_Project/frontend/.angular/cache/18.2.11/frontend/vite/deps/@angular_common_http.js.map 304 [11/Feb/2025:17:50:19 +0000] - 11.258 ms localhost
GET /@fs/C:/Users/USER/Desktop/BroCampTasks/Angular_Project/frontend/.angular/cache/18.2.11/frontend/vite/deps/ngx-socket-io.js.map 304 [11/Feb/2025:17:50:19 +0000] - 12.252 ms localhost
GET /@fs/C:/Users/USER/Desktop/BroCampTasks/Angular_Project/frontend/.angular/cache/18.2.11/frontend/vite/deps/@angular_common.js.map 304 [11/Feb/2025:17:50:19 +0000] - 14.829 ms localhost
GET /@fs/C:/Users/USER/Desktop/BroCampTasks/Angular_Project/frontend/.angular/cache/18.2.11/frontend/vite/deps/@angular_forms.js.map 304 [11/Feb/2025:17:50:19 +0000] - 19.674 ms localhost
GET /@fs/C:/Users/USER/Desktop/BroCampTasks/Angular_Project/frontend/.angular/cache/18.2.11/frontend/vite/deps/chunk-7MS5FTBZ.js.map 304 [11/Feb/2025:17:50:19 +0000] - 17.130 ms localhost
GET /login.component.css.map 200 [11/Feb/2025:17:50:19 +0000] - 3.756 ms localhost
GET /@fs/C:/Users/USER/Desktop/BroCampTasks/Angular_Project/frontend/.angular/cache/18.2.11/frontend/vite/deps/emoji-picker-element.js.map 304 [11/Feb/2025:17:50:19 +0000] - 12.514 ms localhost
POST /user/login 200 [11/Feb/2025:17:50:26 +0000] - 380.307 ms localhost
GET /dashboard.component.css.map 200 [11/Feb/2025:17:50:26 +0000] - 6.786 ms localhost
GET /layout.component.css.map 200 [11/Feb/2025:17:50:26 +0000] - 7.292 ms localhost
GET /booking/user/674e8a6920bc39246157f503 304 [11/Feb/2025:17:50:30 +0000] - 333.368 ms localhost
GET /booking 404 [11/Feb/2025:17:50:33 +0000] - 26.514 ms localhost
GET /dashboard 200 [11/Feb/2025:17:50:45 +0000] - 14.676 ms localhost
GET /@vite/client 304 [11/Feb/2025:17:50:45 +0000] - 7.136 ms localhost
GET /styles.css 200 [11/Feb/2025:17:50:45 +0000] - 7.655 ms localhost
GET /polyfills.js 304 [11/Feb/2025:17:50:45 +0000] - 10.133 ms localhost
GET /main.js 304 [11/Feb/2025:17:50:45 +0000] - 11.158 ms localhost
GET /styles.css.map 200 [11/Feb/2025:17:50:46 +0000] - 4.147 ms localhost
GET /@fs/C:/Users/USER/Desktop/BroCampTasks/Angular_Project/frontend/node_modules/vite/dist/client/env.mjs 304 [11/Feb/2025:17:50:46 +0000] - 2.628 ms localhost
GET /@fs/C:/Users/USER/Desktop/BroCampTasks/Angular_Project/frontend/.angular/cache/18.2.11/frontend/vite/deps/@angular_platform-browser.js.map 304 [11/Feb/2025:17:50:46 +0000] - 10.213 ms localhost
GET /@fs/C:/Users/USER/Desktop/BroCampTasks/Angular_Project/frontend/.angular/cache/18.2.11/frontend/vite/deps/chunk-ZKQIAUIS.js.map 304 [11/Feb/2025:17:50:46 +0000] - 12.431 ms localhost
GET /@fs/C:/Users/USER/Desktop/BroCampTasks/Angular_Project/frontend/.angular/cache/18.2.11/frontend/vite/deps/chunk-F4ZW7LLY.js.map 304 [11/Feb/2025:17:50:46 +0000] - 27.147 ms localhost
GET /@fs/C:/Users/USER/Desktop/BroCampTasks/Angular_Project/frontend/.angular/cache/18.2.11/frontend/vite/deps/chunk-2ZWNOPXZ.js.map 304 [11/Feb/2025:17:50:46 +0000] - 35.863 ms localhost
GET /@fs/C:/Users/USER/Desktop/BroCampTasks/Angular_Project/frontend/.angular/cache/18.2.11/frontend/vite/deps/chunk-66JPAEYR.js.map 304 [11/Feb/2025:17:50:46 +0000] - 56.170 ms localhost
GET /@fs/C:/Users/USER/Desktop/BroCampTasks/Angular_Project/frontend/.angular/cache/18.2.11/frontend/vite/deps/chunk-BKIWMXDL.js.map 304 [11/Feb/2025:17:50:46 +0000] - 203.835 ms localhost
GET /@fs/C:/Users/USER/Desktop/BroCampTasks/Angular_Project/frontend/.angular/cache/18.2.11/frontend/vite/deps/chunk-XWLXMCJQ.js.map 304 [11/Feb/2025:17:50:46 +0000] - 136.763 ms localhost
GET /@fs/C:/Users/USER/Desktop/BroCampTasks/Angular_Project/frontend/.angular/cache/18.2.11/frontend/vite/deps/@angular_core.js.map 304 [11/Feb/2025:17:50:46 +0000] - 137.293 ms localhost
GET /@fs/C:/Users/USER/Desktop/BroCampTasks/Angular_Project/frontend/.angular/cache/18.2.11/frontend/vite/deps/@angular_router.js.map 304 [11/Feb/2025:17:50:46 +0000] - 124.794 ms localhost
GET /@fs/C:/Users/USER/Desktop/BroCampTasks/Angular_Project/frontend/.angular/cache/18.2.11/frontend/vite/deps/@angular_common_http.js.map 304 [11/Feb/2025:17:50:46 +0000] - 74.910 ms localhost
GET /@fs/C:/Users/USER/Desktop/BroCampTasks/Angular_Project/frontend/.angular/cache/18.2.11/frontend/vite/deps/rxjs.js.map 304 [11/Feb/2025:17:50:46 +0000] - 71.479 ms localhost
GET /@fs/C:/Users/USER/Desktop/BroCampTasks/Angular_Project/frontend/.angular/cache/18.2.11/frontend/vite/deps/@angular_forms.js.map 304 [11/Feb/2025:17:50:46 +0000] - 55.816 ms localhost
GET /login.component.css.map 200 [11/Feb/2025:17:50:46 +0000] - 16.419 ms localhost
GET /@fs/C:/Users/USER/Desktop/BroCampTasks/Angular_Project/frontend/.angular/cache/18.2.11/frontend/vite/deps/@angular_common.js.map 304 [11/Feb/2025:17:50:46 +0000] - 65.276 ms localhost
GET /@fs/C:/Users/USER/Desktop/BroCampTasks/Angular_Project/frontend/.angular/cache/18.2.11/frontend/vite/deps/ngx-socket-io.js.map 304 [11/Feb/2025:17:50:46 +0000] - 59.892 ms localhost
GET /@fs/C:/Users/USER/Desktop/BroCampTasks/Angular_Project/frontend/.angular/cache/18.2.11/frontend/vite/deps/chunk-7MS5FTBZ.js.map 304 [11/Feb/2025:17:50:46 +0000] - 53.008 ms localhost
GET /@fs/C:/Users/USER/Desktop/BroCampTasks/Angular_Project/frontend/.angular/cache/18.2.11/frontend/vite/deps/emoji-picker-element.js.map 304 [11/Feb/2025:17:50:46 +0000] - 50.493 ms localhost
GET /favicon.ico 304 [11/Feb/2025:17:50:46 +0000] - 4.970 ms localhost
POST /user/login 200 [11/Feb/2025:17:50:52 +0000] - 334.635 ms localhost
GET /dashboard.component.css.map 200 [11/Feb/2025:17:50:53 +0000] - 5.338 ms localhost
GET /layout.component.css.map 200 [11/Feb/2025:17:50:53 +0000] - 5.662 ms localhost
GET /user-services.component.css.map 200 [11/Feb/2025:17:50:56 +0000] - 6.913 ms localhost
GET /service/uploads/ 400 [11/Feb/2025:17:50:56 +0000] - 98.254 ms localhost
GET /service/services?isApproved=true 304 [11/Feb/2025:17:50:56 +0000] - 276.149 ms localhost
GET /user-events.component.css.map 200 [11/Feb/2025:17:50:59 +0000] - 2.534 ms localhost
GET /booking/user/674e8a6920bc39246157f503 304 [11/Feb/2025:17:51:04 +0000] - 142.713 ms localhost
GET /user-chat.component.css.map 200 [11/Feb/2025:17:51:06 +0000] - 6.736 ms localhost
GET /chat/674e8a6920bc39246157f503 200 [11/Feb/2025:17:51:06 +0000] - 200.549 ms localhost
GET /user-services.component.css.map 200 [11/Feb/2025:17:51:10 +0000] - 7.720 ms localhost
GET /service/services?isApproved=true 304 [11/Feb/2025:17:51:10 +0000] - 160.130 ms localhost
GET /service/uploads/ 400 [11/Feb/2025:17:51:10 +0000] - 60.469 ms localhost
GET /dashboard.component.css.map 200 [11/Feb/2025:17:51:19 +0000] - 3.974 ms localhost
GET /booking/user/674e8a6920bc39246157f503 304 [11/Feb/2025:17:51:55 +0000] - 169.147 ms localhost
GET /booking 404 [11/Feb/2025:17:52:02 +0000] - 13.597 ms localhost
GET / 200 [11/Feb/2025:17:52:07 +0000] - 12.780 ms localhost
GET /@vite/client 304 [11/Feb/2025:17:52:08 +0000] - 72.444 ms localhost
GET /styles.css 200 [11/Feb/2025:17:52:08 +0000] - 72.588 ms localhost
GET /polyfills.js 304 [11/Feb/2025:17:52:08 +0000] - 67.383 ms localhost
GET /main.js 200 [11/Feb/2025:17:52:08 +0000] - 83.498 ms localhost
GET /@fs/C:/Users/USER/Desktop/BroCampTasks/Angular_Project/frontend/node_modules/vite/dist/client/env.mjs 304 [11/Feb/2025:17:52:08 +0000] - 3.631 ms localhost
GET /styles.css.map 200 [11/Feb/2025:17:52:08 +0000] - 7.477 ms localhost
GET /@fs/C:/Users/USER/Desktop/BroCampTasks/Angular_Project/frontend/.angular/cache/18.2.11/frontend/vite/deps/@angular_platform-browser.js.map 304 [11/Feb/2025:17:52:08 +0000] - 14.837 ms localhost
GET /@fs/C:/Users/USER/Desktop/BroCampTasks/Angular_Project/frontend/.angular/cache/18.2.11/frontend/vite/deps/chunk-ZKQIAUIS.js.map 304 [11/Feb/2025:17:52:08 +0000] - 16.286 ms localhost
GET /@fs/C:/Users/USER/Desktop/BroCampTasks/Angular_Project/frontend/.angular/cache/18.2.11/frontend/vite/deps/chunk-F4ZW7LLY.js.map 304 [11/Feb/2025:17:52:08 +0000] - 31.894 ms localhost
GET /@fs/C:/Users/USER/Desktop/BroCampTasks/Angular_Project/frontend/.angular/cache/18.2.11/frontend/vite/deps/chunk-66JPAEYR.js.map 304 [11/Feb/2025:17:52:08 +0000] - 28.949 ms localhost
GET /@fs/C:/Users/USER/Desktop/BroCampTasks/Angular_Project/frontend/.angular/cache/18.2.11/frontend/vite/deps/chunk-XWLXMCJQ.js.map 304 [11/Feb/2025:17:52:08 +0000] - 30.252 ms localhost
GET /@fs/C:/Users/USER/Desktop/BroCampTasks/Angular_Project/frontend/.angular/cache/18.2.11/frontend/vite/deps/@angular_core.js.map 304 [11/Feb/2025:17:52:08 +0000] - 30.485 ms localhost
GET /@fs/C:/Users/USER/Desktop/BroCampTasks/Angular_Project/frontend/.angular/cache/18.2.11/frontend/vite/deps/chunk-2ZWNOPXZ.js.map 304 [11/Feb/2025:17:52:08 +0000] - 56.223 ms localhost
GET /@fs/C:/Users/USER/Desktop/BroCampTasks/Angular_Project/frontend/.angular/cache/18.2.11/frontend/vite/deps/chunk-BKIWMXDL.js.map 304 [11/Feb/2025:17:52:08 +0000] - 148.493 ms localhost
GET /@fs/C:/Users/USER/Desktop/BroCampTasks/Angular_Project/frontend/.angular/cache/18.2.11/frontend/vite/deps/@angular_router.js.map 304 [11/Feb/2025:17:52:08 +0000] - 137.887 ms localhost
GET /@fs/C:/Users/USER/Desktop/BroCampTasks/Angular_Project/frontend/.angular/cache/18.2.11/frontend/vite/deps/@angular_common_http.js.map 304 [11/Feb/2025:17:52:08 +0000] - 143.797 ms localhost
GET /@fs/C:/Users/USER/Desktop/BroCampTasks/Angular_Project/frontend/.angular/cache/18.2.11/frontend/vite/deps/rxjs.js.map 304 [11/Feb/2025:17:52:08 +0000] - 139.930 ms localhost
GET /@fs/C:/Users/USER/Desktop/BroCampTasks/Angular_Project/frontend/.angular/cache/18.2.11/frontend/vite/deps/@angular_forms.js.map 304 [11/Feb/2025:17:52:08 +0000] - 163.969 ms localhost
GET /@fs/C:/Users/USER/Desktop/BroCampTasks/Angular_Project/frontend/.angular/cache/18.2.11/frontend/vite/deps/@angular_common.js.map 304 [11/Feb/2025:17:52:08 +0000] - 123.753 ms localhost
GET /login.component.css.map 200 [11/Feb/2025:17:52:08 +0000] - 47.049 ms localhost
GET /@fs/C:/Users/USER/Desktop/BroCampTasks/Angular_Project/frontend/.angular/cache/18.2.11/frontend/vite/deps/ngx-socket-io.js.map 304 [11/Feb/2025:17:52:08 +0000] - 54.369 ms localhost
GET /@fs/C:/Users/USER/Desktop/BroCampTasks/Angular_Project/frontend/.angular/cache/18.2.11/frontend/vite/deps/chunk-7MS5FTBZ.js.map 304 [11/Feb/2025:17:52:08 +0000] - 56.273 ms localhost
GET /@fs/C:/Users/USER/Desktop/BroCampTasks/Angular_Project/frontend/.angular/cache/18.2.11/frontend/vite/deps/emoji-picker-element.js.map 304 [11/Feb/2025:17:52:08 +0000] - 58.676 ms localhost
GET /favicon.ico 304 [11/Feb/2025:17:52:08 +0000] - 4.690 ms localhost
POST /user/login 200 [11/Feb/2025:17:52:16 +0000] - 360.735 ms localhost
GET /layout.component.css.map 200 [11/Feb/2025:17:52:16 +0000] - 7.404 ms localhost
GET /dashboard.component.css.map 200 [11/Feb/2025:17:52:16 +0000] - 7.066 ms localhost
GET /login.component.css.map 200 [11/Feb/2025:17:52:20 +0000] - 4.017 ms localhost
POST /user/login 200 [11/Feb/2025:17:52:32 +0000] - 497.780 ms localhost
GET /layout.component.css.map 200 [11/Feb/2025:17:52:32 +0000] - 3.298 ms localhost
GET /dashboard.component.css.map 200 [11/Feb/2025:17:52:32 +0000] - 4.518 ms localhost
GET /booking/user/674e8a6920bc39246157f503 304 [11/Feb/2025:17:52:36 +0000] - 99.783 ms localhost
GET /booking 404 [11/Feb/2025:17:52:41 +0000] - 44.241 ms localhost
GET /booking 404 [11/Feb/2025:17:53:09 +0000] - 13.979 ms localhost
GET /login 200 [11/Feb/2025:17:53:24 +0000] - 67.144 ms localhost
GET /@vite/client 304 [11/Feb/2025:17:53:24 +0000] - 6.470 ms localhost
GET /styles.css 200 [11/Feb/2025:17:53:24 +0000] - 3.721 ms localhost
GET /polyfills.js 304 [11/Feb/2025:17:53:24 +0000] - 3.723 ms localhost
GET /main.js 304 [11/Feb/2025:17:53:24 +0000] - 4.527 ms localhost
GET /styles.css.map 200 [11/Feb/2025:17:53:24 +0000] - 4.392 ms localhost
GET /@fs/C:/Users/USER/Desktop/BroCampTasks/Angular_Project/frontend/node_modules/vite/dist/client/env.mjs 304 [11/Feb/2025:17:53:24 +0000] - 3.798 ms localhost
GET /@fs/C:/Users/USER/Desktop/BroCampTasks/Angular_Project/frontend/.angular/cache/18.2.11/frontend/vite/deps/@angular_platform-browser.js.map 304 [11/Feb/2025:17:53:24 +0000] - 77.952 ms localhost
GET /@fs/C:/Users/USER/Desktop/BroCampTasks/Angular_Project/frontend/.angular/cache/18.2.11/frontend/vite/deps/chunk-ZKQIAUIS.js.map 304 [11/Feb/2025:17:53:24 +0000] - 80.460 ms localhost
GET /@fs/C:/Users/USER/Desktop/BroCampTasks/Angular_Project/frontend/.angular/cache/18.2.11/frontend/vite/deps/chunk-F4ZW7LLY.js.map 304 [11/Feb/2025:17:53:24 +0000] - 31.537 ms localhost
GET /@fs/C:/Users/USER/Desktop/BroCampTasks/Angular_Project/frontend/.angular/cache/18.2.11/frontend/vite/deps/chunk-2ZWNOPXZ.js.map 304 [11/Feb/2025:17:53:24 +0000] - 39.861 ms localhost
GET /@fs/C:/Users/USER/Desktop/BroCampTasks/Angular_Project/frontend/.angular/cache/18.2.11/frontend/vite/deps/chunk-66JPAEYR.js.map 304 [11/Feb/2025:17:53:24 +0000] - 43.445 ms localhost
GET /@fs/C:/Users/USER/Desktop/BroCampTasks/Angular_Project/frontend/.angular/cache/18.2.11/frontend/vite/deps/chunk-BKIWMXDL.js.map 304 [11/Feb/2025:17:53:25 +0000] - 177.912 ms localhost
GET /@fs/C:/Users/USER/Desktop/BroCampTasks/Angular_Project/frontend/.angular/cache/18.2.11/frontend/vite/deps/chunk-XWLXMCJQ.js.map 304 [11/Feb/2025:17:53:25 +0000] - 144.529 ms localhost
GET /@fs/C:/Users/USER/Desktop/BroCampTasks/Angular_Project/frontend/.angular/cache/18.2.11/frontend/vite/deps/@angular_core.js.map 304 [11/Feb/2025:17:53:25 +0000] - 146.579 ms localhost
GET /@fs/C:/Users/USER/Desktop/BroCampTasks/Angular_Project/frontend/.angular/cache/18.2.11/frontend/vite/deps/@angular_router.js.map 304 [11/Feb/2025:17:53:25 +0000] - 163.669 ms localhost
GET /@fs/C:/Users/USER/Desktop/BroCampTasks/Angular_Project/frontend/.angular/cache/18.2.11/frontend/vite/deps/@angular_common_http.js.map 304 [11/Feb/2025:17:53:25 +0000] - 157.488 ms localhost
GET /@fs/C:/Users/USER/Desktop/BroCampTasks/Angular_Project/frontend/.angular/cache/18.2.11/frontend/vite/deps/rxjs.js.map 304 [11/Feb/2025:17:53:25 +0000] - 112.425 ms localhost
GET /@fs/C:/Users/USER/Desktop/BroCampTasks/Angular_Project/frontend/.angular/cache/18.2.11/frontend/vite/deps/@angular_forms.js.map 304 [11/Feb/2025:17:53:25 +0000] - 108.899 ms localhost
GET /login.component.css.map 200 [11/Feb/2025:17:53:25 +0000] - 63.782 ms localhost
GET /@fs/C:/Users/USER/Desktop/BroCampTasks/Angular_Project/frontend/.angular/cache/18.2.11/frontend/vite/deps/@angular_common.js.map 304 [11/Feb/2025:17:53:25 +0000] - 114.353 ms localhost
GET /@fs/C:/Users/USER/Desktop/BroCampTasks/Angular_Project/frontend/.angular/cache/18.2.11/frontend/vite/deps/ngx-socket-io.js.map 304 [11/Feb/2025:17:53:25 +0000] - 105.382 ms localhost
GET /favicon.ico 304 [11/Feb/2025:17:53:25 +0000] - 11.300 ms localhost
GET /@fs/C:/Users/USER/Desktop/BroCampTasks/Angular_Project/frontend/.angular/cache/18.2.11/frontend/vite/deps/emoji-picker-element.js.map 304 [11/Feb/2025:17:53:25 +0000] - 79.618 ms localhost
GET /@fs/C:/Users/USER/Desktop/BroCampTasks/Angular_Project/frontend/.angular/cache/18.2.11/frontend/vite/deps/chunk-7MS5FTBZ.js.map 304 [11/Feb/2025:17:53:25 +0000] - 83.934 ms localhost
