GET /events 200 [02/Jan/2025:18:40:32 +0000] - 158.436 ms localhost
GET /@vite/client 304 [02/Jan/2025:18:40:32 +0000] - 16.487 ms localhost
GET /polyfills.js 304 [02/Jan/2025:18:40:32 +0000] - 29.945 ms localhost
GET /main.js 304 [02/Jan/2025:18:40:32 +0000] - 33.518 ms localhost
GET /styles.css 200 [02/Jan/2025:18:40:32 +0000] - 39.077 ms localhost
GET /@fs/C:/Users/USER/Desktop/BroCampTasks/Angular_Project/frontend/node_modules/vite/dist/client/env.mjs 304 [02/Jan/2025:18:40:32 +0000] - 3.151 ms localhost
GET /styles.css.map 200 [02/Jan/2025:18:40:32 +0000] - 9.030 ms localhost
GET /@fs/C:/Users/USER/Desktop/BroCampTasks/Angular_Project/frontend/.angular/cache/18.2.11/frontend/vite/deps/@angular_platform-browser.js.map 304 [02/Jan/2025:18:40:33 +0000] - 42.103 ms localhost
GET /@fs/C:/Users/USER/Desktop/BroCampTasks/Angular_Project/frontend/.angular/cache/18.2.11/frontend/vite/deps/@angular_forms.js.map 304 [02/Jan/2025:18:40:33 +0000] - 117.971 ms localhost
GET /@fs/C:/Users/USER/Desktop/BroCampTasks/Angular_Project/frontend/.angular/cache/18.2.11/frontend/vite/deps/chunk-SD63G7YN.js.map 304 [02/Jan/2025:18:40:33 +0000] - 135.875 ms localhost
GET /@fs/C:/Users/USER/Desktop/BroCampTasks/Angular_Project/frontend/.angular/cache/18.2.11/frontend/vite/deps/chunk-J2M542RS.js.map 304 [02/Jan/2025:18:40:33 +0000] - 68.897 ms localhost
GET /@fs/C:/Users/USER/Desktop/BroCampTasks/Angular_Project/frontend/.angular/cache/18.2.11/frontend/vite/deps/chunk-PLMZ7O3F.js.map 304 [02/Jan/2025:18:40:33 +0000] - 104.191 ms localhost
GET /@fs/C:/Users/USER/Desktop/BroCampTasks/Angular_Project/frontend/.angular/cache/18.2.11/frontend/vite/deps/chunk-FDUYSLZ7.js.map 304 [02/Jan/2025:18:40:33 +0000] - 278.805 ms localhost
GET /@fs/C:/Users/USER/Desktop/BroCampTasks/Angular_Project/frontend/.angular/cache/18.2.11/frontend/vite/deps/chunk-PF6LNL77.js.map 304 [02/Jan/2025:18:40:33 +0000] - 212.033 ms localhost
GET /login.component.css.map 200 [02/Jan/2025:18:40:33 +0000] - 4.313 ms localhost
GET /@fs/C:/Users/USER/Desktop/BroCampTasks/Angular_Project/frontend/.angular/cache/18.2.11/frontend/vite/deps/@angular_core.js.map 304 [02/Jan/2025:18:40:33 +0000] - 176.329 ms localhost
GET /@fs/C:/Users/USER/Desktop/BroCampTasks/Angular_Project/frontend/.angular/cache/18.2.11/frontend/vite/deps/@angular_router.js.map 304 [02/Jan/2025:18:40:33 +0000] - 183.779 ms localhost
GET /@fs/C:/Users/USER/Desktop/BroCampTasks/Angular_Project/frontend/.angular/cache/18.2.11/frontend/vite/deps/@angular_common_http.js.map 304 [02/Jan/2025:18:40:33 +0000] - 175.167 ms localhost
GET /@fs/C:/Users/USER/Desktop/BroCampTasks/Angular_Project/frontend/.angular/cache/18.2.11/frontend/vite/deps/rxjs.js.map 304 [02/Jan/2025:18:40:33 +0000] - 146.859 ms localhost
GET /@fs/C:/Users/USER/Desktop/BroCampTasks/Angular_Project/frontend/.angular/cache/18.2.11/frontend/vite/deps/@angular_common.js.map 304 [02/Jan/2025:18:40:33 +0000] - 59.493 ms localhost
GET /favicon.ico 304 [02/Jan/2025:18:40:33 +0000] - 17.018 ms localhost
POST /user/login 200 [02/Jan/2025:18:40:42 +0000] - 260.877 ms localhost
GET /layout.component.css.map 200 [02/Jan/2025:18:40:42 +0000] - 7.708 ms localhost
GET /dashboard.component.css.map 200 [02/Jan/2025:18:40:42 +0000] - 8.205 ms localhost
GET /event/events/Marriage 304 [02/Jan/2025:18:40:46 +0000] - 132.334 ms localhost
GET /events 200 [02/Jan/2025:18:43:42 +0000] - 142.071 ms localhost
GET / - [02/Jan/2025:18:43:42 +0000] - - ms localhost
GET /@vite/client 304 [02/Jan/2025:18:43:42 +0000] - 6.483 ms localhost
GET /styles.css 200 [02/Jan/2025:18:43:42 +0000] - 7.842 ms localhost
GET /polyfills.js 304 [02/Jan/2025:18:43:42 +0000] - 5.948 ms localhost
GET /main.js 200 [02/Jan/2025:18:43:42 +0000] - 22.203 ms localhost
GET /@fs/C:/Users/USER/Desktop/BroCampTasks/Angular_Project/frontend/node_modules/vite/dist/client/env.mjs 304 [02/Jan/2025:18:43:42 +0000] - 7.454 ms localhost
GET /styles.css.map 200 [02/Jan/2025:18:43:42 +0000] - 6.958 ms localhost
GET /@fs/C:/Users/USER/Desktop/BroCampTasks/Angular_Project/frontend/.angular/cache/18.2.11/frontend/vite/deps/@angular_platform-browser.js.map 304 [02/Jan/2025:18:43:43 +0000] - 15.933 ms localhost
GET /@fs/C:/Users/USER/Desktop/BroCampTasks/Angular_Project/frontend/.angular/cache/18.2.11/frontend/vite/deps/chunk-SD63G7YN.js.map 304 [02/Jan/2025:18:43:43 +0000] - 18.854 ms localhost
GET /@fs/C:/Users/USER/Desktop/BroCampTasks/Angular_Project/frontend/.angular/cache/18.2.11/frontend/vite/deps/chunk-J2M542RS.js.map 304 [02/Jan/2025:18:43:43 +0000] - 22.996 ms localhost
GET /@fs/C:/Users/USER/Desktop/BroCampTasks/Angular_Project/frontend/.angular/cache/18.2.11/frontend/vite/deps/chunk-PLMZ7O3F.js.map 304 [02/Jan/2025:18:43:43 +0000] - 106.966 ms localhost
GET /@fs/C:/Users/USER/Desktop/BroCampTasks/Angular_Project/frontend/.angular/cache/18.2.11/frontend/vite/deps/chunk-PF6LNL77.js.map 304 [02/Jan/2025:18:43:43 +0000] - 223.236 ms localhost
GET /@fs/C:/Users/USER/Desktop/BroCampTasks/Angular_Project/frontend/.angular/cache/18.2.11/frontend/vite/deps/@angular_core.js.map 304 [02/Jan/2025:18:43:43 +0000] - 233.783 ms localhost
GET /@fs/C:/Users/USER/Desktop/BroCampTasks/Angular_Project/frontend/.angular/cache/18.2.11/frontend/vite/deps/@angular_common_http.js.map 304 [02/Jan/2025:18:43:43 +0000] - 251.565 ms localhost
GET /@fs/C:/Users/USER/Desktop/BroCampTasks/Angular_Project/frontend/.angular/cache/18.2.11/frontend/vite/deps/@angular_router.js.map 304 [02/Jan/2025:18:43:43 +0000] - 257.864 ms localhost
GET /@fs/C:/Users/USER/Desktop/BroCampTasks/Angular_Project/frontend/.angular/cache/18.2.11/frontend/vite/deps/chunk-FDUYSLZ7.js.map 304 [02/Jan/2025:18:43:43 +0000] - 562.558 ms localhost
GET /login.component.css.map 200 [02/Jan/2025:18:43:43 +0000] - 192.360 ms localhost
GET /@fs/C:/Users/USER/Desktop/BroCampTasks/Angular_Project/frontend/.angular/cache/18.2.11/frontend/vite/deps/rxjs.js.map 304 [02/Jan/2025:18:43:43 +0000] - 463.808 ms localhost
GET /@fs/C:/Users/USER/Desktop/BroCampTasks/Angular_Project/frontend/.angular/cache/18.2.11/frontend/vite/deps/@angular_forms.js.map 304 [02/Jan/2025:18:43:43 +0000] - 369.467 ms localhost
GET /favicon.ico 304 [02/Jan/2025:18:43:43 +0000] - 46.199 ms localhost
GET /@fs/C:/Users/USER/Desktop/BroCampTasks/Angular_Project/frontend/.angular/cache/18.2.11/frontend/vite/deps/@angular_common.js.map 304 [02/Jan/2025:18:43:43 +0000] - 269.042 ms localhost
POST /user/login 200 [02/Jan/2025:18:43:58 +0000] - 308.470 ms localhost
GET /layout.component.css.map 200 [02/Jan/2025:18:43:58 +0000] - 13.111 ms localhost
GET /dashboard.component.css.map 200 [02/Jan/2025:18:43:58 +0000] - 13.934 ms localhost
GET /event/events/Marriage 200 [02/Jan/2025:18:44:03 +0000] - 92.455 ms localhost
GET /service/services?isApproved=true 401 [02/Jan/2025:18:45:45 +0000] - 132.747 ms localhost
GET /service/uploads/ 401 [02/Jan/2025:18:45:45 +0000] - 31.838 ms localhost
GET /user-services.component.css.map 200 [02/Jan/2025:18:45:45 +0000] - 97.711 ms localhost
GET /user/token/refresh 200 [02/Jan/2025:18:45:45 +0000] - 148.299 ms localhost
GET /service/services?isApproved=true 304 [02/Jan/2025:18:45:45 +0000] - 141.407 ms localhost
GET /event/events/Marriage 304 [02/Jan/2025:18:45:49 +0000] - 121.127 ms localhost
GET /user-services.component.css.map 200 [02/Jan/2025:18:46:14 +0000] - 2.801 ms localhost
GET /service/services?isApproved=true 304 [02/Jan/2025:18:46:14 +0000] - 108.473 ms localhost
GET /service/uploads/ 400 [02/Jan/2025:18:46:14 +0000] - 98.419 ms localhost
GET /service/name/Catering 200 [02/Jan/2025:18:46:18 +0000] - 150.788 ms localhost
GET /service/uploads/1735018799166_chinesecuisine.jpg 304 [02/Jan/2025:18:46:18 +0000] - 193.414 ms localhost
GET /service/uploads/1735018799163_catering.webp 304 [02/Jan/2025:18:46:18 +0000] - 238.853 ms localhost
GET /service/uploads/1735018799176_keralacuisine.jpg 304 [02/Jan/2025:18:46:18 +0000] - 173.008 ms localhost
GET /service/uploads/1735018799189_platedservice.jpeg 304 [02/Jan/2025:18:46:18 +0000] - 148.938 ms localhost
GET /service/uploads/1735722969363_buffetservice.webp 200 [02/Jan/2025:18:46:19 +0000] - 316.965 ms localhost
GET /service/uploads/1735722969405_chinesecuisine.jpg 200 [02/Jan/2025:18:46:19 +0000] - 263.525 ms localhost
GET /user-services.component.css.map 200 [02/Jan/2025:18:46:39 +0000] - 6.326 ms localhost
GET /service/services?isApproved=true 304 [02/Jan/2025:18:46:39 +0000] - 146.968 ms localhost
GET /service/uploads/ 400 [02/Jan/2025:18:46:39 +0000] - 44.879 ms localhost
GET /service/name/Decor 200 [02/Jan/2025:18:46:43 +0000] - 59.296 ms localhost
GET /service/uploads/1735018966957_decor.jpeg 304 [02/Jan/2025:18:46:43 +0000] - 44.136 ms localhost
GET /service/uploads/1735018966964_natural%20decor.jpg 304 [02/Jan/2025:18:46:43 +0000] - 191.012 ms localhost
GET /service/uploads/1735018966975_artifitial%20decor.webp 304 [02/Jan/2025:18:46:43 +0000] - 149.172 ms localhost
GET /service/uploads/1735540890762_artifitial%20decor.webp 304 [02/Jan/2025:18:46:43 +0000] - 122.062 ms localhost
GET /service/uploads/1735137286345_natural%20decor.jpg 304 [02/Jan/2025:18:46:43 +0000] - 102.881 ms localhost
GET /service/uploads/1735137286330_decor.jpeg 304 [02/Jan/2025:18:46:43 +0000] - 83.758 ms localhost
GET /service/services?isApproved=true 401 [02/Jan/2025:18:46:48 +0000] - 35.983 ms localhost
GET /service/uploads/ 401 [02/Jan/2025:18:46:48 +0000] - 20.962 ms localhost
GET /user-services.component.css.map 200 [02/Jan/2025:18:46:48 +0000] - 5.248 ms localhost
GET /user/token/refresh 304 [02/Jan/2025:18:46:48 +0000] - 32.999 ms localhost
GET /service/services?isApproved=true 304 [02/Jan/2025:18:46:48 +0000] - 51.944 ms localhost
GET /service/name/Catering 304 [02/Jan/2025:18:46:51 +0000] - 47.330 ms localhost
GET / - [02/Jan/2025:18:47:42 +0000] - - ms localhost
GET /events 200 [02/Jan/2025:18:52:44 +0000] - 97.592 ms localhost
GET /styles.css 200 [02/Jan/2025:18:52:44 +0000] - 5.184 ms localhost
GET /@vite/client 304 [02/Jan/2025:18:52:44 +0000] - 7.003 ms localhost
GET /main.js 304 [02/Jan/2025:18:52:44 +0000] - 11.235 ms localhost
GET /polyfills.js 304 [02/Jan/2025:18:52:44 +0000] - 13.222 ms localhost
GET /styles.css.map 200 [02/Jan/2025:18:52:45 +0000] - 8.916 ms localhost
GET /@fs/C:/Users/USER/Desktop/BroCampTasks/Angular_Project/frontend/node_modules/vite/dist/client/env.mjs 304 [02/Jan/2025:18:52:45 +0000] - 15.702 ms localhost
GET /@fs/C:/Users/USER/Desktop/BroCampTasks/Angular_Project/frontend/.angular/cache/18.2.11/frontend/vite/deps/@angular_platform-browser.js.map 304 [02/Jan/2025:18:52:45 +0000] - 314.291 ms localhost
GET /@fs/C:/Users/USER/Desktop/BroCampTasks/Angular_Project/frontend/.angular/cache/18.2.11/frontend/vite/deps/chunk-SD63G7YN.js.map 304 [02/Jan/2025:18:52:45 +0000] - 320.528 ms localhost
GET /@fs/C:/Users/USER/Desktop/BroCampTasks/Angular_Project/frontend/.angular/cache/18.2.11/frontend/vite/deps/chunk-PF6LNL77.js.map 304 [02/Jan/2025:18:52:45 +0000] - 349.171 ms localhost
GET /@fs/C:/Users/USER/Desktop/BroCampTasks/Angular_Project/frontend/.angular/cache/18.2.11/frontend/vite/deps/chunk-PLMZ7O3F.js.map 304 [02/Jan/2025:18:52:46 +0000] - 415.180 ms localhost
GET /@fs/C:/Users/USER/Desktop/BroCampTasks/Angular_Project/frontend/.angular/cache/18.2.11/frontend/vite/deps/chunk-J2M542RS.js.map 304 [02/Jan/2025:18:52:46 +0000] - 415.553 ms localhost
GET /@fs/C:/Users/USER/Desktop/BroCampTasks/Angular_Project/frontend/.angular/cache/18.2.11/frontend/vite/deps/@angular_core.js.map 304 [02/Jan/2025:18:52:46 +0000] - 211.672 ms localhost
GET /@fs/C:/Users/USER/Desktop/BroCampTasks/Angular_Project/frontend/.angular/cache/18.2.11/frontend/vite/deps/chunk-FDUYSLZ7.js.map 304 [02/Jan/2025:18:52:46 +0000] - 909.219 ms localhost
GET /@fs/C:/Users/USER/Desktop/BroCampTasks/Angular_Project/frontend/.angular/cache/18.2.11/frontend/vite/deps/@angular_router.js.map 304 [02/Jan/2025:18:52:46 +0000] - 569.955 ms localhost
GET /favicon.ico 304 [02/Jan/2025:18:52:46 +0000] - 14.082 ms localhost
GET /@fs/C:/Users/USER/Desktop/BroCampTasks/Angular_Project/frontend/.angular/cache/18.2.11/frontend/vite/deps/@angular_common_http.js.map 304 [02/Jan/2025:18:52:46 +0000] - 545.976 ms localhost
GET /login.component.css.map 200 [02/Jan/2025:18:52:46 +0000] - 21.835 ms localhost
GET /@fs/C:/Users/USER/Desktop/BroCampTasks/Angular_Project/frontend/.angular/cache/18.2.11/frontend/vite/deps/@angular_forms.js.map 304 [02/Jan/2025:18:52:46 +0000] - 440.022 ms localhost
GET /@fs/C:/Users/USER/Desktop/BroCampTasks/Angular_Project/frontend/.angular/cache/18.2.11/frontend/vite/deps/rxjs.js.map 304 [02/Jan/2025:18:52:46 +0000] - 472.099 ms localhost
GET /@fs/C:/Users/USER/Desktop/BroCampTasks/Angular_Project/frontend/.angular/cache/18.2.11/frontend/vite/deps/@angular_common.js.map 304 [02/Jan/2025:18:52:46 +0000] - 391.754 ms localhost
POST /user/login 200 [02/Jan/2025:18:52:55 +0000] - 486.335 ms localhost
GET /layout.component.css.map 200 [02/Jan/2025:18:52:55 +0000] - 5.561 ms localhost
GET /dashboard.component.css.map 200 [02/Jan/2025:18:52:55 +0000] - 5.516 ms localhost
GET /event/events/Marriage 304 [02/Jan/2025:18:53:02 +0000] - 588.016 ms localhost
GET /user/logout 304 [02/Jan/2025:18:55:29 +0000] - 33.505 ms localhost
GET /login.component.css.map 200 [02/Jan/2025:18:55:29 +0000] - 3.630 ms localhost
POST /user/login 200 [02/Jan/2025:18:55:35 +0000] - 402.664 ms localhost
GET /dashboard.component.css.map 200 [02/Jan/2025:18:55:35 +0000] - 5.982 ms localhost
GET /layout.component.css.map 200 [02/Jan/2025:18:55:35 +0000] - 9.023 ms localhost
GET /event/uploads/null 404 [02/Jan/2025:18:55:38 +0000] - 130.919 ms localhost
GET /service/services?pageNumber=1&pageSize=2 304 [02/Jan/2025:18:55:51 +0000] - 288.484 ms localhost
GET /service/services/count 304 [02/Jan/2025:18:55:52 +0000] - 310.875 ms localhost
GET /event/uploads/null 404 [02/Jan/2025:18:55:53 +0000] - 62.995 ms localhost
GET /event/events?pageNumber=1&pageSize=2 401 [02/Jan/2025:18:56:43 +0000] - 55.400 ms localhost
GET /user/token/refresh 200 [02/Jan/2025:18:56:43 +0000] - 32.304 ms localhost
GET / - [02/Jan/2025:18:56:45 +0000] - - ms localhost
GET /service/services/count 304 [02/Jan/2025:18:56:54 +0000] - 44.500 ms localhost
GET /service/services?pageNumber=1&pageSize=2 304 [02/Jan/2025:18:56:54 +0000] - 52.451 ms localhost
GET /user/users?pageNumber=1&pageSize=2 304 [02/Jan/2025:18:56:56 +0000] - 345.477 ms localhost
GET /user/users/count 304 [02/Jan/2025:18:56:56 +0000] - 200.372 ms localhost
GET /event/uploads/null 404 [02/Jan/2025:18:57:14 +0000] - 47.137 ms localhost
GET /event/events?pageNumber=1&pageSize=2 - [02/Jan/2025:19:00:20 +0000] - - ms localhost
GET /event/events/count - [02/Jan/2025:19:00:20 +0000] - - ms localhost
GET /event/events/count - [02/Jan/2025:19:00:20 +0000] - - ms localhost
GET /event/events?pageNumber=1&pageSize=2 - [02/Jan/2025:19:00:20 +0000] - - ms localhost
GET /event/events/count - [02/Jan/2025:19:00:20 +0000] - - ms localhost
GET /event/events?pageNumber=1&pageSize=2 - [02/Jan/2025:19:00:20 +0000] - - ms localhost
GET / 200 [02/Jan/2025:19:00:22 +0000] - 47.423 ms localhost
GET /@vite/client 304 [02/Jan/2025:19:00:22 +0000] - 3.603 ms localhost
GET /styles.css 200 [02/Jan/2025:19:00:23 +0000] - 8.279 ms localhost
GET /polyfills.js 304 [02/Jan/2025:19:00:23 +0000] - 9.171 ms localhost
GET /main.js 200 [02/Jan/2025:19:00:23 +0000] - 11.339 ms localhost
GET /@fs/C:/Users/USER/Desktop/BroCampTasks/Angular_Project/frontend/node_modules/vite/dist/client/env.mjs 304 [02/Jan/2025:19:00:23 +0000] - 2.523 ms localhost
GET /favicon.ico 200 [02/Jan/2025:19:00:24 +0000] - 45.383 ms localhost
GET /login 200 [02/Jan/2025:19:00:27 +0000] - 13.093 ms localhost
GET / - [02/Jan/2025:19:00:27 +0000] - - ms localhost
GET /@vite/client 304 [02/Jan/2025:19:00:27 +0000] - 4.120 ms localhost
GET /styles.css 200 [02/Jan/2025:19:00:27 +0000] - 9.609 ms localhost
GET /polyfills.js 304 [02/Jan/2025:19:00:27 +0000] - 10.988 ms localhost
GET /main.js 304 [02/Jan/2025:19:00:27 +0000] - 11.656 ms localhost
GET /@fs/C:/Users/USER/Desktop/BroCampTasks/Angular_Project/frontend/node_modules/vite/dist/client/env.mjs 304 [02/Jan/2025:19:00:27 +0000] - 7.023 ms localhost
GET /favicon.ico 304 [02/Jan/2025:19:00:27 +0000] - 3.932 ms localhost
POST /user/login 200 [02/Jan/2025:19:00:35 +0000] - 248.481 ms localhost
GET /event/uploads/null 404 [02/Jan/2025:19:00:39 +0000] - 92.693 ms localhost
GET /styles.css 200 [02/Jan/2025:19:00:42 +0000] - 3.343 ms localhost
GET /@fs/C:/Users/USER/Desktop/BroCampTasks/Angular_Project/frontend/.angular/cache/18.2.11/frontend/vite/deps/@angular_common_http.js.map 304 [02/Jan/2025:19:00:43 +0000] - 14.815 ms localhost
GET /@fs/C:/Users/USER/Desktop/BroCampTasks/Angular_Project/frontend/.angular/cache/18.2.11/frontend/vite/deps/@angular_platform-browser.js.map 304 [02/Jan/2025:19:00:43 +0000] - 14.769 ms localhost
GET /@fs/C:/Users/USER/Desktop/BroCampTasks/Angular_Project/frontend/.angular/cache/18.2.11/frontend/vite/deps/@angular_core.js.map 304 [02/Jan/2025:19:00:43 +0000] - 15.948 ms localhost
GET /@fs/C:/Users/USER/Desktop/BroCampTasks/Angular_Project/frontend/.angular/cache/18.2.11/frontend/vite/deps/@angular_common.js.map 304 [02/Jan/2025:19:00:43 +0000] - 22.876 ms localhost
GET /@fs/C:/Users/USER/Desktop/BroCampTasks/Angular_Project/frontend/.angular/cache/18.2.11/frontend/vite/deps/@angular_forms.js.map 304 [02/Jan/2025:19:00:43 +0000] - 105.689 ms localhost
GET /@fs/C:/Users/USER/Desktop/BroCampTasks/Angular_Project/frontend/.angular/cache/18.2.11/frontend/vite/deps/chunk-J2M542RS.js.map 304 [02/Jan/2025:19:00:43 +0000] - 121.950 ms localhost
GET /@fs/C:/Users/USER/Desktop/BroCampTasks/Angular_Project/frontend/.angular/cache/18.2.11/frontend/vite/deps/rxjs.js.map 304 [02/Jan/2025:19:00:43 +0000] - 165.716 ms localhost
GET /@fs/C:/Users/USER/Desktop/BroCampTasks/Angular_Project/frontend/.angular/cache/18.2.11/frontend/vite/deps/chunk-SD63G7YN.js.map 304 [02/Jan/2025:19:00:43 +0000] - 115.373 ms localhost
GET /@fs/C:/Users/USER/Desktop/BroCampTasks/Angular_Project/frontend/.angular/cache/18.2.11/frontend/vite/deps/@angular_router.js.map 304 [02/Jan/2025:19:00:43 +0000] - 140.231 ms localhost
GET /@fs/C:/Users/USER/Desktop/BroCampTasks/Angular_Project/frontend/.angular/cache/18.2.11/frontend/vite/deps/chunk-FDUYSLZ7.js.map 304 [02/Jan/2025:19:00:43 +0000] - 413.294 ms localhost
GET /styles.css.map 200 [02/Jan/2025:19:00:44 +0000] - 113.044 ms localhost
GET /@fs/C:/Users/USER/Desktop/BroCampTasks/Angular_Project/frontend/.angular/cache/18.2.11/frontend/vite/deps/chunk-PLMZ7O3F.js.map 304 [02/Jan/2025:19:00:44 +0000] - 229.859 ms localhost
GET /@fs/C:/Users/USER/Desktop/BroCampTasks/Angular_Project/frontend/.angular/cache/18.2.11/frontend/vite/deps/chunk-PF6LNL77.js.map 304 [02/Jan/2025:19:00:44 +0000] - 153.301 ms localhost
GET /layout.component.css.map 200 [02/Jan/2025:19:00:44 +0000] - 4.954 ms localhost
GET /event/events?pageNumber=1&pageSize=2 504 [02/Jan/2025:19:01:14 +0000] - 34577.493 ms localhost
GET /event/events/count 504 [02/Jan/2025:19:01:14 +0000] - 34647.639 ms localhost
GET /events 200 [02/Jan/2025:19:04:16 +0000] - 160.825 ms localhost
GET /styles.css 200 [02/Jan/2025:19:04:16 +0000] - 29.068 ms localhost
GET /polyfills.js 304 [02/Jan/2025:19:04:16 +0000] - 25.869 ms localhost
GET /main.js 304 [02/Jan/2025:19:04:16 +0000] - 26.096 ms localhost
GET /@vite/client 304 [02/Jan/2025:19:04:17 +0000] - 192.711 ms localhost
GET /@fs/C:/Users/USER/Desktop/BroCampTasks/Angular_Project/frontend/node_modules/vite/dist/client/env.mjs 304 [02/Jan/2025:19:04:17 +0000] - 7.260 ms localhost
GET /styles.css.map 200 [02/Jan/2025:19:04:17 +0000] - 7.989 ms localhost
GET /@fs/C:/Users/USER/Desktop/BroCampTasks/Angular_Project/frontend/.angular/cache/18.2.11/frontend/vite/deps/@angular_common.js.map 304 [02/Jan/2025:19:04:17 +0000] - 13.717 ms localhost
GET /@fs/C:/Users/USER/Desktop/BroCampTasks/Angular_Project/frontend/.angular/cache/18.2.11/frontend/vite/deps/chunk-PF6LNL77.js.map 304 [02/Jan/2025:19:04:17 +0000] - 28.438 ms localhost
GET /@fs/C:/Users/USER/Desktop/BroCampTasks/Angular_Project/frontend/.angular/cache/18.2.11/frontend/vite/deps/chunk-PLMZ7O3F.js.map 304 [02/Jan/2025:19:04:17 +0000] - 39.391 ms localhost
GET /@fs/C:/Users/USER/Desktop/BroCampTasks/Angular_Project/frontend/.angular/cache/18.2.11/frontend/vite/deps/@angular_forms.js.map 304 [02/Jan/2025:19:04:17 +0000] - 44.762 ms localhost
GET /@fs/C:/Users/USER/Desktop/BroCampTasks/Angular_Project/frontend/.angular/cache/18.2.11/frontend/vite/deps/chunk-FDUYSLZ7.js.map 304 [02/Jan/2025:19:04:17 +0000] - 138.388 ms localhost
GET /@fs/C:/Users/USER/Desktop/BroCampTasks/Angular_Project/frontend/.angular/cache/18.2.11/frontend/vite/deps/@angular_platform-browser.js.map 304 [02/Jan/2025:19:04:17 +0000] - 294.497 ms localhost
GET /@fs/C:/Users/USER/Desktop/BroCampTasks/Angular_Project/frontend/.angular/cache/18.2.11/frontend/vite/deps/chunk-SD63G7YN.js.map 304 [02/Jan/2025:19:04:18 +0000] - 275.339 ms localhost
GET /@fs/C:/Users/USER/Desktop/BroCampTasks/Angular_Project/frontend/.angular/cache/18.2.11/frontend/vite/deps/chunk-J2M542RS.js.map 304 [02/Jan/2025:19:04:18 +0000] - 376.313 ms localhost
GET /@fs/C:/Users/USER/Desktop/BroCampTasks/Angular_Project/frontend/.angular/cache/18.2.11/frontend/vite/deps/@angular_core.js.map 304 [02/Jan/2025:19:04:18 +0000] - 378.804 ms localhost
GET /@fs/C:/Users/USER/Desktop/BroCampTasks/Angular_Project/frontend/.angular/cache/18.2.11/frontend/vite/deps/@angular_common_http.js.map 304 [02/Jan/2025:19:04:18 +0000] - 380.959 ms localhost
GET /@fs/C:/Users/USER/Desktop/BroCampTasks/Angular_Project/frontend/.angular/cache/18.2.11/frontend/vite/deps/@angular_router.js.map 304 [02/Jan/2025:19:04:18 +0000] - 497.744 ms localhost
GET /login.component.css.map 200 [02/Jan/2025:19:04:18 +0000] - 194.534 ms localhost
GET /favicon.ico 304 [02/Jan/2025:19:04:18 +0000] - 57.335 ms localhost
GET /@fs/C:/Users/USER/Desktop/BroCampTasks/Angular_Project/frontend/.angular/cache/18.2.11/frontend/vite/deps/rxjs.js.map 304 [02/Jan/2025:19:04:18 +0000] - 526.649 ms localhost
POST /user/login 200 [02/Jan/2025:19:05:42 +0000] - 696.709 ms localhost
GET /layout.component.css.map 200 [02/Jan/2025:19:05:42 +0000] - 5.323 ms localhost
GET /dashboard.component.css.map 200 [02/Jan/2025:19:05:42 +0000] - 7.536 ms localhost
GET /event/uploads/null 404 [02/Jan/2025:19:05:48 +0000] - 726.169 ms localhost
GET /events 200 [02/Jan/2025:19:07:16 +0000] - 18.317 ms localhost
GET /event/events/count - [02/Jan/2025:19:07:16 +0000] - - ms localhost
GET /event/events?pageNumber=1&pageSize=2 - [02/Jan/2025:19:07:16 +0000] - - ms localhost
GET / - [02/Jan/2025:19:07:16 +0000] - - ms localhost
GET /@vite/client 304 [02/Jan/2025:19:07:16 +0000] - 5.449 ms localhost
GET /main.js 304 [02/Jan/2025:19:07:16 +0000] - 4.319 ms localhost
GET /styles.css 200 [02/Jan/2025:19:07:16 +0000] - 18.845 ms localhost
GET /polyfills.js 304 [02/Jan/2025:19:07:16 +0000] - 20.817 ms localhost
GET /@fs/C:/Users/USER/Desktop/BroCampTasks/Angular_Project/frontend/node_modules/vite/dist/client/env.mjs 304 [02/Jan/2025:19:07:16 +0000] - 3.325 ms localhost
GET /styles.css.map 200 [02/Jan/2025:19:07:16 +0000] - 3.724 ms localhost
GET /@fs/C:/Users/USER/Desktop/BroCampTasks/Angular_Project/frontend/.angular/cache/18.2.11/frontend/vite/deps/chunk-SD63G7YN.js.map 304 [02/Jan/2025:19:07:17 +0000] - 24.428 ms localhost
GET /@fs/C:/Users/USER/Desktop/BroCampTasks/Angular_Project/frontend/.angular/cache/18.2.11/frontend/vite/deps/chunk-PLMZ7O3F.js.map 304 [02/Jan/2025:19:07:17 +0000] - 40.913 ms localhost
GET /@fs/C:/Users/USER/Desktop/BroCampTasks/Angular_Project/frontend/.angular/cache/18.2.11/frontend/vite/deps/chunk-J2M542RS.js.map 304 [02/Jan/2025:19:07:17 +0000] - 74.871 ms localhost
GET /@fs/C:/Users/USER/Desktop/BroCampTasks/Angular_Project/frontend/.angular/cache/18.2.11/frontend/vite/deps/chunk-PF6LNL77.js.map 304 [02/Jan/2025:19:07:17 +0000] - 80.257 ms localhost
GET /@fs/C:/Users/USER/Desktop/BroCampTasks/Angular_Project/frontend/.angular/cache/18.2.11/frontend/vite/deps/chunk-FDUYSLZ7.js.map 304 [02/Jan/2025:19:07:17 +0000] - 240.051 ms localhost
GET /@fs/C:/Users/USER/Desktop/BroCampTasks/Angular_Project/frontend/.angular/cache/18.2.11/frontend/vite/deps/@angular_platform-browser.js.map 304 [02/Jan/2025:19:07:17 +0000] - 300.352 ms localhost
GET /@fs/C:/Users/USER/Desktop/BroCampTasks/Angular_Project/frontend/.angular/cache/18.2.11/frontend/vite/deps/@angular_core.js.map 304 [02/Jan/2025:19:07:17 +0000] - 173.058 ms localhost
GET /@fs/C:/Users/USER/Desktop/BroCampTasks/Angular_Project/frontend/.angular/cache/18.2.11/frontend/vite/deps/@angular_common_http.js.map 304 [02/Jan/2025:19:07:17 +0000] - 132.114 ms localhost
GET /@fs/C:/Users/USER/Desktop/BroCampTasks/Angular_Project/frontend/.angular/cache/18.2.11/frontend/vite/deps/@angular_router.js.map 304 [02/Jan/2025:19:07:17 +0000] - 179.350 ms localhost
GET /@fs/C:/Users/USER/Desktop/BroCampTasks/Angular_Project/frontend/.angular/cache/18.2.11/frontend/vite/deps/rxjs.js.map 304 [02/Jan/2025:19:07:17 +0000] - 140.068 ms localhost
GET /@fs/C:/Users/USER/Desktop/BroCampTasks/Angular_Project/frontend/.angular/cache/18.2.11/frontend/vite/deps/@angular_forms.js.map 304 [02/Jan/2025:19:07:17 +0000] - 55.461 ms localhost
GET /login.component.css.map 200 [02/Jan/2025:19:07:17 +0000] - 5.000 ms localhost
GET /@fs/C:/Users/USER/Desktop/BroCampTasks/Angular_Project/frontend/.angular/cache/18.2.11/frontend/vite/deps/@angular_common.js.map 304 [02/Jan/2025:19:07:17 +0000] - 19.544 ms localhost
GET /favicon.ico 304 [02/Jan/2025:19:07:17 +0000] - 4.724 ms localhost
POST /user/login 200 [02/Jan/2025:19:07:24 +0000] - 480.738 ms localhost
GET /layout.component.css.map 200 [02/Jan/2025:19:07:24 +0000] - 7.976 ms localhost
GET /dashboard.component.css.map 200 [02/Jan/2025:19:07:24 +0000] - 10.620 ms localhost
GET /event/uploads/null 404 [02/Jan/2025:19:07:28 +0000] - 114.627 ms localhost
GET /dashboard.component.css.map 200 [02/Jan/2025:19:08:52 +0000] - 4.673 ms localhost
GET /service/services/count 401 [02/Jan/2025:19:08:54 +0000] - 90.575 ms localhost
GET /service/services?pageNumber=1&pageSize=2 401 [02/Jan/2025:19:08:54 +0000] - 32.078 ms localhost
GET /user/token/refresh 304 [02/Jan/2025:19:08:54 +0000] - 86.527 ms localhost
GET /user/token/refresh 304 [02/Jan/2025:19:08:54 +0000] - 69.475 ms localhost
GET /service/services/count 200 [02/Jan/2025:19:08:54 +0000] - 233.804 ms localhost
GET /service/services?pageNumber=1&pageSize=2 200 [02/Jan/2025:19:08:54 +0000] - 226.627 ms localhost
GET /event/uploads/null 404 [02/Jan/2025:19:08:56 +0000] - 131.553 ms localhost
GET /events 200 [02/Jan/2025:19:09:00 +0000] - 24.457 ms localhost
GET / - [02/Jan/2025:19:09:00 +0000] - - ms localhost
GET /event/events/count - [02/Jan/2025:19:09:00 +0000] - - ms localhost
GET /event/events?pageNumber=1&pageSize=2 - [02/Jan/2025:19:09:00 +0000] - - ms localhost
GET /@vite/client 304 [02/Jan/2025:19:09:00 +0000] - 6.519 ms localhost
GET /styles.css 200 [02/Jan/2025:19:09:00 +0000] - 8.973 ms localhost
GET /polyfills.js 304 [02/Jan/2025:19:09:00 +0000] - 5.627 ms localhost
GET /main.js 200 [02/Jan/2025:19:09:00 +0000] - 20.952 ms localhost
GET /@fs/C:/Users/USER/Desktop/BroCampTasks/Angular_Project/frontend/node_modules/vite/dist/client/env.mjs 304 [02/Jan/2025:19:09:00 +0000] - 4.242 ms localhost
GET /styles.css.map 200 [02/Jan/2025:19:09:00 +0000] - 6.893 ms localhost
GET /@fs/C:/Users/USER/Desktop/BroCampTasks/Angular_Project/frontend/.angular/cache/18.2.11/frontend/vite/deps/@angular_platform-browser.js.map 304 [02/Jan/2025:19:09:00 +0000] - 26.516 ms localhost
GET /@fs/C:/Users/USER/Desktop/BroCampTasks/Angular_Project/frontend/.angular/cache/18.2.11/frontend/vite/deps/chunk-SD63G7YN.js.map 304 [02/Jan/2025:19:09:00 +0000] - 43.412 ms localhost
GET /@fs/C:/Users/USER/Desktop/BroCampTasks/Angular_Project/frontend/.angular/cache/18.2.11/frontend/vite/deps/chunk-PLMZ7O3F.js.map 304 [02/Jan/2025:19:09:01 +0000] - 414.937 ms localhost
GET /@fs/C:/Users/USER/Desktop/BroCampTasks/Angular_Project/frontend/.angular/cache/18.2.11/frontend/vite/deps/chunk-PF6LNL77.js.map 304 [02/Jan/2025:19:09:01 +0000] - 526.465 ms localhost
GET /@fs/C:/Users/USER/Desktop/BroCampTasks/Angular_Project/frontend/.angular/cache/18.2.11/frontend/vite/deps/chunk-J2M542RS.js.map 304 [02/Jan/2025:19:09:01 +0000] - 536.146 ms localhost
GET /favicon.ico 304 [02/Jan/2025:19:09:01 +0000] - 4.760 ms localhost
GET /@fs/C:/Users/USER/Desktop/BroCampTasks/Angular_Project/frontend/.angular/cache/18.2.11/frontend/vite/deps/chunk-FDUYSLZ7.js.map 304 [02/Jan/2025:19:09:01 +0000] - 627.178 ms localhost
GET /@fs/C:/Users/USER/Desktop/BroCampTasks/Angular_Project/frontend/.angular/cache/18.2.11/frontend/vite/deps/@angular_common_http.js.map 304 [02/Jan/2025:19:09:01 +0000] - 143.334 ms localhost
GET /@fs/C:/Users/USER/Desktop/BroCampTasks/Angular_Project/frontend/.angular/cache/18.2.11/frontend/vite/deps/rxjs.js.map 304 [02/Jan/2025:19:09:01 +0000] - 69.330 ms localhost
GET /@fs/C:/Users/USER/Desktop/BroCampTasks/Angular_Project/frontend/.angular/cache/18.2.11/frontend/vite/deps/@angular_router.js.map 304 [02/Jan/2025:19:09:01 +0000] - 598.698 ms localhost
GET /@fs/C:/Users/USER/Desktop/BroCampTasks/Angular_Project/frontend/.angular/cache/18.2.11/frontend/vite/deps/@angular_core.js.map 304 [02/Jan/2025:19:09:01 +0000] - 599.133 ms localhost
GET /@fs/C:/Users/USER/Desktop/BroCampTasks/Angular_Project/frontend/.angular/cache/18.2.11/frontend/vite/deps/@angular_forms.js.map 304 [02/Jan/2025:19:09:01 +0000] - 72.292 ms localhost
GET /@fs/C:/Users/USER/Desktop/BroCampTasks/Angular_Project/frontend/.angular/cache/18.2.11/frontend/vite/deps/@angular_common.js.map 304 [02/Jan/2025:19:09:01 +0000] - 95.017 ms localhost
GET /login.component.css.map 200 [02/Jan/2025:19:09:01 +0000] - 69.591 ms localhost
POST /user/login 200 [02/Jan/2025:19:09:07 +0000] - 336.199 ms localhost
GET /layout.component.css.map 200 [02/Jan/2025:19:09:07 +0000] - 7.276 ms localhost
GET /dashboard.component.css.map 200 [02/Jan/2025:19:09:07 +0000] - 3.950 ms localhost
GET /event/uploads/null 404 [02/Jan/2025:19:10:03 +0000] - 67.908 ms localhost
GET /event/events?pageNumber=1&pageSize=2 504 [02/Jan/2025:19:11:22 +0000] - 111271.797 ms localhost
GET /event/events/count 504 [02/Jan/2025:19:11:22 +0000] - 130470.246 ms localhost
GET /events 200 [02/Jan/2025:19:12:48 +0000] - 56.119 ms localhost
GET / - [02/Jan/2025:19:12:48 +0000] - - ms localhost
GET /polyfills.js 304 [02/Jan/2025:19:12:48 +0000] - 8.465 ms localhost
GET /main.js 200 [02/Jan/2025:19:12:48 +0000] - 12.993 ms localhost
GET /@vite/client 304 [02/Jan/2025:19:12:48 +0000] - 5.237 ms localhost
GET /styles.css 200 [02/Jan/2025:19:12:48 +0000] - 6.683 ms localhost
GET /@fs/C:/Users/USER/Desktop/BroCampTasks/Angular_Project/frontend/node_modules/vite/dist/client/env.mjs 304 [02/Jan/2025:19:12:48 +0000] - 4.005 ms localhost
GET /styles.css.map 200 [02/Jan/2025:19:12:48 +0000] - 10.037 ms localhost
GET /@fs/C:/Users/USER/Desktop/BroCampTasks/Angular_Project/frontend/.angular/cache/18.2.11/frontend/vite/deps/@angular_platform-browser.js.map 304 [02/Jan/2025:19:12:49 +0000] - 28.270 ms localhost
GET /@fs/C:/Users/USER/Desktop/BroCampTasks/Angular_Project/frontend/.angular/cache/18.2.11/frontend/vite/deps/chunk-SD63G7YN.js.map 304 [02/Jan/2025:19:12:49 +0000] - 43.224 ms localhost
GET /@fs/C:/Users/USER/Desktop/BroCampTasks/Angular_Project/frontend/.angular/cache/18.2.11/frontend/vite/deps/chunk-J2M542RS.js.map 304 [02/Jan/2025:19:12:49 +0000] - 42.605 ms localhost
GET /@fs/C:/Users/USER/Desktop/BroCampTasks/Angular_Project/frontend/.angular/cache/18.2.11/frontend/vite/deps/@angular_core.js.map 304 [02/Jan/2025:19:12:49 +0000] - 50.407 ms localhost
GET /@fs/C:/Users/USER/Desktop/BroCampTasks/Angular_Project/frontend/.angular/cache/18.2.11/frontend/vite/deps/chunk-PLMZ7O3F.js.map 304 [02/Jan/2025:19:12:49 +0000] - 80.759 ms localhost
GET /@fs/C:/Users/USER/Desktop/BroCampTasks/Angular_Project/frontend/.angular/cache/18.2.11/frontend/vite/deps/@angular_router.js.map 304 [02/Jan/2025:19:12:49 +0000] - 108.429 ms localhost
GET /@fs/C:/Users/USER/Desktop/BroCampTasks/Angular_Project/frontend/.angular/cache/18.2.11/frontend/vite/deps/chunk-PF6LNL77.js.map 304 [02/Jan/2025:19:12:49 +0000] - 128.340 ms localhost
GET /@fs/C:/Users/USER/Desktop/BroCampTasks/Angular_Project/frontend/.angular/cache/18.2.11/frontend/vite/deps/@angular_common_http.js.map 304 [02/Jan/2025:19:12:49 +0000] - 122.835 ms localhost
GET /@fs/C:/Users/USER/Desktop/BroCampTasks/Angular_Project/frontend/.angular/cache/18.2.11/frontend/vite/deps/chunk-FDUYSLZ7.js.map 304 [02/Jan/2025:19:12:50 +0000] - 844.046 ms localhost
GET /login.component.css.map 200 [02/Jan/2025:19:12:50 +0000] - 506.402 ms localhost
GET /favicon.ico 304 [02/Jan/2025:19:12:50 +0000] - 320.451 ms localhost
GET /@fs/C:/Users/USER/Desktop/BroCampTasks/Angular_Project/frontend/.angular/cache/18.2.11/frontend/vite/deps/rxjs.js.map 304 [02/Jan/2025:19:12:50 +0000] - 518.186 ms localhost
GET /@fs/C:/Users/USER/Desktop/BroCampTasks/Angular_Project/frontend/.angular/cache/18.2.11/frontend/vite/deps/@angular_common.js.map 304 [02/Jan/2025:19:12:50 +0000] - 511.971 ms localhost
GET /@fs/C:/Users/USER/Desktop/BroCampTasks/Angular_Project/frontend/.angular/cache/18.2.11/frontend/vite/deps/@angular_forms.js.map 304 [02/Jan/2025:19:12:50 +0000] - 675.660 ms localhost
GET /login 200 [02/Jan/2025:19:13:20 +0000] - 13.954 ms localhost
GET / - [02/Jan/2025:19:13:20 +0000] - - ms localhost
GET /polyfills.js 304 [02/Jan/2025:19:13:20 +0000] - 7.735 ms localhost
GET /main.js 200 [02/Jan/2025:19:13:20 +0000] - 23.035 ms localhost
GET /styles.css 200 [02/Jan/2025:19:13:20 +0000] - 3.694 ms localhost
GET /@vite/client 304 [02/Jan/2025:19:13:20 +0000] - 6.514 ms localhost
GET /@fs/C:/Users/USER/Desktop/BroCampTasks/Angular_Project/frontend/node_modules/vite/dist/client/env.mjs 304 [02/Jan/2025:19:13:21 +0000] - 4.609 ms localhost
GET /styles.css.map 200 [02/Jan/2025:19:13:21 +0000] - 5.120 ms localhost
GET /@fs/C:/Users/USER/Desktop/BroCampTasks/Angular_Project/frontend/.angular/cache/18.2.11/frontend/vite/deps/@angular_platform-browser.js.map 304 [02/Jan/2025:19:13:22 +0000] - 22.991 ms localhost
GET /@fs/C:/Users/USER/Desktop/BroCampTasks/Angular_Project/frontend/.angular/cache/18.2.11/frontend/vite/deps/chunk-SD63G7YN.js.map 304 [02/Jan/2025:19:13:22 +0000] - 28.295 ms localhost
GET /@fs/C:/Users/USER/Desktop/BroCampTasks/Angular_Project/frontend/.angular/cache/18.2.11/frontend/vite/deps/chunk-J2M542RS.js.map 304 [02/Jan/2025:19:13:22 +0000] - 38.354 ms localhost
GET /@fs/C:/Users/USER/Desktop/BroCampTasks/Angular_Project/frontend/.angular/cache/18.2.11/frontend/vite/deps/chunk-PLMZ7O3F.js.map 304 [02/Jan/2025:19:13:22 +0000] - 73.192 ms localhost
GET /@fs/C:/Users/USER/Desktop/BroCampTasks/Angular_Project/frontend/.angular/cache/18.2.11/frontend/vite/deps/chunk-PF6LNL77.js.map 304 [02/Jan/2025:19:13:22 +0000] - 233.939 ms localhost
GET /@fs/C:/Users/USER/Desktop/BroCampTasks/Angular_Project/frontend/.angular/cache/18.2.11/frontend/vite/deps/@angular_core.js.map 304 [02/Jan/2025:19:13:22 +0000] - 302.913 ms localhost
GET /@fs/C:/Users/USER/Desktop/BroCampTasks/Angular_Project/frontend/.angular/cache/18.2.11/frontend/vite/deps/chunk-FDUYSLZ7.js.map 304 [02/Jan/2025:19:13:22 +0000] - 643.545 ms localhost
GET /@fs/C:/Users/USER/Desktop/BroCampTasks/Angular_Project/frontend/.angular/cache/18.2.11/frontend/vite/deps/@angular_router.js.map 304 [02/Jan/2025:19:13:22 +0000] - 611.672 ms localhost
GET /@fs/C:/Users/USER/Desktop/BroCampTasks/Angular_Project/frontend/.angular/cache/18.2.11/frontend/vite/deps/@angular_common_http.js.map 304 [02/Jan/2025:19:13:22 +0000] - 603.308 ms localhost
GET /@fs/C:/Users/USER/Desktop/BroCampTasks/Angular_Project/frontend/.angular/cache/18.2.11/frontend/vite/deps/rxjs.js.map 304 [02/Jan/2025:19:13:22 +0000] - 497.869 ms localhost
GET /@fs/C:/Users/USER/Desktop/BroCampTasks/Angular_Project/frontend/.angular/cache/18.2.11/frontend/vite/deps/@angular_common.js.map 304 [02/Jan/2025:19:13:22 +0000] - 295.288 ms localhost
GET /@fs/C:/Users/USER/Desktop/BroCampTasks/Angular_Project/frontend/.angular/cache/18.2.11/frontend/vite/deps/@angular_forms.js.map 304 [02/Jan/2025:19:13:22 +0000] - 314.269 ms localhost
GET /favicon.ico 304 [02/Jan/2025:19:13:22 +0000] - 32.608 ms localhost
GET /login.component.css.map 200 [02/Jan/2025:19:13:22 +0000] - 32.862 ms localhost
POST /user/login 200 [02/Jan/2025:19:13:30 +0000] - 405.633 ms localhost
GET /dashboard.component.css.map 200 [02/Jan/2025:19:13:30 +0000] - 7.679 ms localhost
GET /layout.component.css.map 200 [02/Jan/2025:19:13:30 +0000] - 4.393 ms localhost
GET /event/events/count 200 [02/Jan/2025:19:13:34 +0000] - 243.885 ms localhost
GET /event/events?pageNumber=1&pageSize=2 200 [02/Jan/2025:19:13:34 +0000] - 250.684 ms localhost
GET /event/uploads/null 404 [02/Jan/2025:19:13:34 +0000] - 238.928 ms localhost
GET /event/service/Engagement 200 [02/Jan/2025:19:13:42 +0000] - 324.293 ms localhost
GET /event/service/Birthday 200 [02/Jan/2025:19:13:58 +0000] - 59.434 ms localhost
GET /user/logout 304 [02/Jan/2025:19:14:10 +0000] - 21.019 ms localhost
GET /login.component.css.map 200 [02/Jan/2025:19:14:11 +0000] - 4.342 ms localhost
POST /user/login 200 [02/Jan/2025:19:14:19 +0000] - 156.217 ms localhost
GET /layout.component.css.map 200 [02/Jan/2025:19:14:19 +0000] - 5.285 ms localhost
GET /dashboard.component.css.map 200 [02/Jan/2025:19:14:19 +0000] - 5.329 ms localhost
GET /event/events/Marriage 304 [02/Jan/2025:19:14:24 +0000] - 48.248 ms localhost
GET / - [02/Jan/2025:19:17:21 +0000] - - ms localhost
GET /events 200 [02/Jan/2025:19:25:53 +0000] - 176.120 ms localhost
GET /@vite/client 304 [02/Jan/2025:19:25:53 +0000] - 9.438 ms localhost
GET /styles.css 200 [02/Jan/2025:19:25:53 +0000] - 14.763 ms localhost
GET /polyfills.js 304 [02/Jan/2025:19:25:53 +0000] - 21.220 ms localhost
GET /main.js 304 [02/Jan/2025:19:25:53 +0000] - 21.444 ms localhost
GET /@fs/C:/Users/USER/Desktop/BroCampTasks/Angular_Project/frontend/node_modules/vite/dist/client/env.mjs 304 [02/Jan/2025:19:25:53 +0000] - 4.659 ms localhost
GET /styles.css.map 200 [02/Jan/2025:19:25:54 +0000] - 12.098 ms localhost
GET /@fs/C:/Users/USER/Desktop/BroCampTasks/Angular_Project/frontend/.angular/cache/18.2.11/frontend/vite/deps/@angular_platform-browser.js.map 304 [02/Jan/2025:19:25:54 +0000] - 104.398 ms localhost
GET /@fs/C:/Users/USER/Desktop/BroCampTasks/Angular_Project/frontend/.angular/cache/18.2.11/frontend/vite/deps/chunk-J2M542RS.js.map 304 [02/Jan/2025:19:25:54 +0000] - 109.868 ms localhost
GET /@fs/C:/Users/USER/Desktop/BroCampTasks/Angular_Project/frontend/.angular/cache/18.2.11/frontend/vite/deps/chunk-SD63G7YN.js.map 304 [02/Jan/2025:19:25:54 +0000] - 112.982 ms localhost
GET /favicon.ico 304 [02/Jan/2025:19:25:54 +0000] - 15.241 ms localhost
GET /@fs/C:/Users/USER/Desktop/BroCampTasks/Angular_Project/frontend/.angular/cache/18.2.11/frontend/vite/deps/rxjs.js.map 304 [02/Jan/2025:19:25:54 +0000] - 23.517 ms localhost
GET /@fs/C:/Users/USER/Desktop/BroCampTasks/Angular_Project/frontend/.angular/cache/18.2.11/frontend/vite/deps/@angular_forms.js.map 304 [02/Jan/2025:19:25:55 +0000] - 31.191 ms localhost
GET /@fs/C:/Users/USER/Desktop/BroCampTasks/Angular_Project/frontend/.angular/cache/18.2.11/frontend/vite/deps/@angular_common.js.map 304 [02/Jan/2025:19:25:55 +0000] - 43.562 ms localhost
GET /@fs/C:/Users/USER/Desktop/BroCampTasks/Angular_Project/frontend/.angular/cache/18.2.11/frontend/vite/deps/@angular_core.js.map 304 [02/Jan/2025:19:25:55 +0000] - 232.415 ms localhost
GET /@fs/C:/Users/USER/Desktop/BroCampTasks/Angular_Project/frontend/.angular/cache/18.2.11/frontend/vite/deps/chunk-PLMZ7O3F.js.map 304 [02/Jan/2025:19:25:55 +0000] - 313.109 ms localhost
GET /@fs/C:/Users/USER/Desktop/BroCampTasks/Angular_Project/frontend/.angular/cache/18.2.11/frontend/vite/deps/@angular_router.js.map 304 [02/Jan/2025:19:25:55 +0000] - 893.350 ms localhost
GET /@fs/C:/Users/USER/Desktop/BroCampTasks/Angular_Project/frontend/.angular/cache/18.2.11/frontend/vite/deps/chunk-PF6LNL77.js.map 304 [02/Jan/2025:19:25:56 +0000] - 980.012 ms localhost
GET /login.component.css.map 200 [02/Jan/2025:19:25:56 +0000] - 814.487 ms localhost
GET /@fs/C:/Users/USER/Desktop/BroCampTasks/Angular_Project/frontend/.angular/cache/18.2.11/frontend/vite/deps/chunk-FDUYSLZ7.js.map 304 [02/Jan/2025:19:25:56 +0000] - 1259.998 ms localhost
GET /@fs/C:/Users/USER/Desktop/BroCampTasks/Angular_Project/frontend/.angular/cache/18.2.11/frontend/vite/deps/@angular_common_http.js.map 304 [02/Jan/2025:19:25:56 +0000] - 1165.292 ms localhost
POST /user/login 200 [02/Jan/2025:19:26:08 +0000] - 569.972 ms localhost
GET /layout.component.css.map 200 [02/Jan/2025:19:26:08 +0000] - 7.033 ms localhost
GET /dashboard.component.css.map 200 [02/Jan/2025:19:26:08 +0000] - 8.969 ms localhost
GET /event/events/Marriage 304 [02/Jan/2025:19:26:13 +0000] - 425.233 ms localhost
GET /user/logout 304 [02/Jan/2025:19:26:42 +0000] - 22.541 ms localhost
GET /login.component.css.map 200 [02/Jan/2025:19:26:42 +0000] - 3.354 ms localhost
POST /user/login 200 [02/Jan/2025:19:26:52 +0000] - 400.803 ms localhost
GET /dashboard.component.css.map 200 [02/Jan/2025:19:26:52 +0000] - 4.445 ms localhost
GET /layout.component.css.map 200 [02/Jan/2025:19:26:52 +0000] - 5.215 ms localhost
GET /event/events/count 304 [02/Jan/2025:19:26:57 +0000] - 239.965 ms localhost
GET /event/events?pageNumber=1&pageSize=2 304 [02/Jan/2025:19:26:57 +0000] - 257.695 ms localhost
GET /event/uploads/null 404 [02/Jan/2025:19:26:57 +0000] - 226.869 ms localhost
GET /event/service/Engagement 400 [02/Jan/2025:19:27:01 +0000] - 211.651 ms localhost
GET / - [02/Jan/2025:19:29:53 +0000] - - ms localhost
GET /events 200 [02/Jan/2025:19:34:50 +0000] - 91.111 ms localhost
GET /@vite/client 304 [02/Jan/2025:19:34:50 +0000] - 7.081 ms localhost
GET /main.js 304 [02/Jan/2025:19:34:50 +0000] - 9.184 ms localhost
GET /styles.css 200 [02/Jan/2025:19:34:50 +0000] - 15.103 ms localhost
GET /polyfills.js 304 [02/Jan/2025:19:34:50 +0000] - 39.711 ms localhost
GET /@fs/C:/Users/USER/Desktop/BroCampTasks/Angular_Project/frontend/node_modules/vite/dist/client/env.mjs 304 [02/Jan/2025:19:34:50 +0000] - 5.594 ms localhost
GET /styles.css.map 200 [02/Jan/2025:19:34:51 +0000] - 7.218 ms localhost
GET /@fs/C:/Users/USER/Desktop/BroCampTasks/Angular_Project/frontend/.angular/cache/18.2.11/frontend/vite/deps/@angular_common_http.js.map 304 [02/Jan/2025:19:34:51 +0000] - 80.169 ms localhost
GET /@fs/C:/Users/USER/Desktop/BroCampTasks/Angular_Project/frontend/.angular/cache/18.2.11/frontend/vite/deps/chunk-PF6LNL77.js.map 304 [02/Jan/2025:19:34:52 +0000] - 880.694 ms localhost
GET /@fs/C:/Users/USER/Desktop/BroCampTasks/Angular_Project/frontend/.angular/cache/18.2.11/frontend/vite/deps/@angular_forms.js.map 304 [02/Jan/2025:19:34:52 +0000] - 977.365 ms localhost
GET /@fs/C:/Users/USER/Desktop/BroCampTasks/Angular_Project/frontend/.angular/cache/18.2.11/frontend/vite/deps/@angular_router.js.map 304 [02/Jan/2025:19:34:52 +0000] - 1079.052 ms localhost
GET /favicon.ico 304 [02/Jan/2025:19:34:52 +0000] - 160.432 ms localhost
GET /@fs/C:/Users/USER/Desktop/BroCampTasks/Angular_Project/frontend/.angular/cache/18.2.11/frontend/vite/deps/chunk-J2M542RS.js.map 304 [02/Jan/2025:19:34:52 +0000] - 1217.531 ms localhost
GET /@fs/C:/Users/USER/Desktop/BroCampTasks/Angular_Project/frontend/.angular/cache/18.2.11/frontend/vite/deps/chunk-FDUYSLZ7.js.map 304 [02/Jan/2025:19:34:53 +0000] - 1225.331 ms localhost
GET /@fs/C:/Users/USER/Desktop/BroCampTasks/Angular_Project/frontend/.angular/cache/18.2.11/frontend/vite/deps/@angular_platform-browser.js.map 304 [02/Jan/2025:19:34:53 +0000] - 1103.682 ms localhost
GET /login.component.css.map 200 [02/Jan/2025:19:34:53 +0000] - 8.842 ms localhost
GET /@fs/C:/Users/USER/Desktop/BroCampTasks/Angular_Project/frontend/.angular/cache/18.2.11/frontend/vite/deps/chunk-SD63G7YN.js.map 304 [02/Jan/2025:19:34:53 +0000] - 241.778 ms localhost
GET /@fs/C:/Users/USER/Desktop/BroCampTasks/Angular_Project/frontend/.angular/cache/18.2.11/frontend/vite/deps/chunk-PLMZ7O3F.js.map 304 [02/Jan/2025:19:34:53 +0000] - 209.930 ms localhost
GET /@fs/C:/Users/USER/Desktop/BroCampTasks/Angular_Project/frontend/.angular/cache/18.2.11/frontend/vite/deps/@angular_core.js.map 304 [02/Jan/2025:19:34:53 +0000] - 185.897 ms localhost
GET /@fs/C:/Users/USER/Desktop/BroCampTasks/Angular_Project/frontend/.angular/cache/18.2.11/frontend/vite/deps/rxjs.js.map 304 [02/Jan/2025:19:34:53 +0000] - 147.695 ms localhost
GET /@fs/C:/Users/USER/Desktop/BroCampTasks/Angular_Project/frontend/.angular/cache/18.2.11/frontend/vite/deps/@angular_common.js.map 304 [02/Jan/2025:19:34:53 +0000] - 45.205 ms localhost
GET / - [02/Jan/2025:19:38:50 +0000] - - ms localhost
POST /user/login 200 [02/Jan/2025:19:40:50 +0000] - 442.122 ms localhost
GET /dashboard.component.css.map 200 [02/Jan/2025:19:40:50 +0000] - 7.113 ms localhost
GET /layout.component.css.map 200 [02/Jan/2025:19:40:50 +0000] - 8.924 ms localhost
GET /event/events/count 304 [02/Jan/2025:19:40:56 +0000] - 336.593 ms localhost
GET /event/uploads/null 404 [02/Jan/2025:19:40:56 +0000] - 238.059 ms localhost
GET /event/events?pageNumber=1&pageSize=2 304 [02/Jan/2025:19:40:56 +0000] - 324.457 ms localhost
GET /event/service/Marriage 304 [02/Jan/2025:19:41:01 +0000] - 309.391 ms localhost
GET /event/service/Birthday 304 [02/Jan/2025:19:41:03 +0000] - 86.587 ms localhost
GET /user/logout 304 [02/Jan/2025:19:41:09 +0000] - 64.765 ms localhost
GET /login.component.css.map 200 [02/Jan/2025:19:41:09 +0000] - 3.985 ms localhost
POST /user/login 200 [02/Jan/2025:19:41:44 +0000] - 406.721 ms localhost
GET /dashboard.component.css.map 200 [02/Jan/2025:19:41:44 +0000] - 7.033 ms localhost
GET /layout.component.css.map 200 [02/Jan/2025:19:41:44 +0000] - 8.014 ms localhost
GET /event/events/Marriage 304 [02/Jan/2025:19:41:50 +0000] - 115.670 ms localhost
GET /events 200 [02/Jan/2025:19:44:34 +0000] - 163.600 ms localhost
GET /polyfills.js 304 [02/Jan/2025:19:44:34 +0000] - 31.823 ms localhost
GET /@vite/client 304 [02/Jan/2025:19:44:34 +0000] - 32.601 ms localhost
GET /styles.css 200 [02/Jan/2025:19:44:34 +0000] - 41.933 ms localhost
GET /main.js 304 [02/Jan/2025:19:44:34 +0000] - 25.163 ms localhost
GET /@fs/C:/Users/USER/Desktop/BroCampTasks/Angular_Project/frontend/node_modules/vite/dist/client/env.mjs 304 [02/Jan/2025:19:44:34 +0000] - 4.695 ms localhost
GET /styles.css.map 200 [02/Jan/2025:19:44:35 +0000] - 25.314 ms localhost
GET /@fs/C:/Users/USER/Desktop/BroCampTasks/Angular_Project/frontend/.angular/cache/18.2.11/frontend/vite/deps/@angular_router.js.map 304 [02/Jan/2025:19:44:36 +0000] - 32.320 ms localhost
GET /@fs/C:/Users/USER/Desktop/BroCampTasks/Angular_Project/frontend/.angular/cache/18.2.11/frontend/vite/deps/@angular_platform-browser.js.map 304 [02/Jan/2025:19:44:36 +0000] - 74.287 ms localhost
GET /@fs/C:/Users/USER/Desktop/BroCampTasks/Angular_Project/frontend/.angular/cache/18.2.11/frontend/vite/deps/@angular_forms.js.map 304 [02/Jan/2025:19:44:36 +0000] - 198.702 ms localhost
GET /@fs/C:/Users/USER/Desktop/BroCampTasks/Angular_Project/frontend/.angular/cache/18.2.11/frontend/vite/deps/chunk-J2M542RS.js.map 304 [02/Jan/2025:19:44:36 +0000] - 243.397 ms localhost
GET /@fs/C:/Users/USER/Desktop/BroCampTasks/Angular_Project/frontend/.angular/cache/18.2.11/frontend/vite/deps/chunk-SD63G7YN.js.map 304 [02/Jan/2025:19:44:36 +0000] - 211.933 ms localhost
GET /@fs/C:/Users/USER/Desktop/BroCampTasks/Angular_Project/frontend/.angular/cache/18.2.11/frontend/vite/deps/chunk-PLMZ7O3F.js.map 304 [02/Jan/2025:19:44:36 +0000] - 244.149 ms localhost
GET /@fs/C:/Users/USER/Desktop/BroCampTasks/Angular_Project/frontend/.angular/cache/18.2.11/frontend/vite/deps/@angular_common.js.map 304 [02/Jan/2025:19:44:36 +0000] - 259.626 ms localhost
GET /favicon.ico 304 [02/Jan/2025:19:44:36 +0000] - 84.742 ms localhost
GET /login.component.css.map 200 [02/Jan/2025:19:44:36 +0000] - 294.621 ms localhost
GET /@fs/C:/Users/USER/Desktop/BroCampTasks/Angular_Project/frontend/.angular/cache/18.2.11/frontend/vite/deps/chunk-FDUYSLZ7.js.map 304 [02/Jan/2025:19:44:36 +0000] - 829.999 ms localhost
GET /@fs/C:/Users/USER/Desktop/BroCampTasks/Angular_Project/frontend/.angular/cache/18.2.11/frontend/vite/deps/@angular_common_http.js.map 304 [02/Jan/2025:19:44:36 +0000] - 619.567 ms localhost
GET /@fs/C:/Users/USER/Desktop/BroCampTasks/Angular_Project/frontend/.angular/cache/18.2.11/frontend/vite/deps/chunk-PF6LNL77.js.map 304 [02/Jan/2025:19:44:36 +0000] - 637.348 ms localhost
GET /@fs/C:/Users/USER/Desktop/BroCampTasks/Angular_Project/frontend/.angular/cache/18.2.11/frontend/vite/deps/rxjs.js.map 304 [02/Jan/2025:19:44:36 +0000] - 485.935 ms localhost
GET /@fs/C:/Users/USER/Desktop/BroCampTasks/Angular_Project/frontend/.angular/cache/18.2.11/frontend/vite/deps/@angular_core.js.map 304 [02/Jan/2025:19:44:36 +0000] - 489.411 ms localhost
GET /login 200 [02/Jan/2025:19:45:50 +0000] - 12.299 ms localhost
GET / - [02/Jan/2025:19:45:50 +0000] - - ms localhost
GET /styles.css 200 [02/Jan/2025:19:45:50 +0000] - 3.829 ms localhost
GET /@vite/client 304 [02/Jan/2025:19:45:50 +0000] - 5.997 ms localhost
GET /polyfills.js 304 [02/Jan/2025:19:45:50 +0000] - 6.495 ms localhost
GET /main.js 304 [02/Jan/2025:19:45:50 +0000] - 6.756 ms localhost
GET /@fs/C:/Users/USER/Desktop/BroCampTasks/Angular_Project/frontend/node_modules/vite/dist/client/env.mjs 304 [02/Jan/2025:19:45:50 +0000] - 5.747 ms localhost
GET /styles.css.map 200 [02/Jan/2025:19:45:50 +0000] - 11.089 ms localhost
GET /@fs/C:/Users/USER/Desktop/BroCampTasks/Angular_Project/frontend/.angular/cache/18.2.11/frontend/vite/deps/@angular_platform-browser.js.map 304 [02/Jan/2025:19:45:51 +0000] - 9.394 ms localhost
GET /@fs/C:/Users/USER/Desktop/BroCampTasks/Angular_Project/frontend/.angular/cache/18.2.11/frontend/vite/deps/chunk-J2M542RS.js.map 304 [02/Jan/2025:19:45:51 +0000] - 11.264 ms localhost
GET /@fs/C:/Users/USER/Desktop/BroCampTasks/Angular_Project/frontend/.angular/cache/18.2.11/frontend/vite/deps/chunk-SD63G7YN.js.map 304 [02/Jan/2025:19:45:51 +0000] - 16.367 ms localhost
GET /@fs/C:/Users/USER/Desktop/BroCampTasks/Angular_Project/frontend/.angular/cache/18.2.11/frontend/vite/deps/@angular_core.js.map 304 [02/Jan/2025:19:45:51 +0000] - 13.066 ms localhost
GET /@fs/C:/Users/USER/Desktop/BroCampTasks/Angular_Project/frontend/.angular/cache/18.2.11/frontend/vite/deps/rxjs.js.map 304 [02/Jan/2025:19:45:51 +0000] - 12.478 ms localhost
GET /@fs/C:/Users/USER/Desktop/BroCampTasks/Angular_Project/frontend/.angular/cache/18.2.11/frontend/vite/deps/chunk-PLMZ7O3F.js.map 304 [02/Jan/2025:19:45:51 +0000] - 32.508 ms localhost
GET /@fs/C:/Users/USER/Desktop/BroCampTasks/Angular_Project/frontend/.angular/cache/18.2.11/frontend/vite/deps/@angular_forms.js.map 304 [02/Jan/2025:19:45:51 +0000] - 99.757 ms localhost
GET /@fs/C:/Users/USER/Desktop/BroCampTasks/Angular_Project/frontend/.angular/cache/18.2.11/frontend/vite/deps/@angular_router.js.map 304 [02/Jan/2025:19:45:51 +0000] - 99.318 ms localhost
GET /login.component.css.map 200 [02/Jan/2025:19:45:51 +0000] - 43.441 ms localhost
GET /@fs/C:/Users/USER/Desktop/BroCampTasks/Angular_Project/frontend/.angular/cache/18.2.11/frontend/vite/deps/chunk-FDUYSLZ7.js.map 304 [02/Jan/2025:19:45:51 +0000] - 555.522 ms localhost
GET /@fs/C:/Users/USER/Desktop/BroCampTasks/Angular_Project/frontend/.angular/cache/18.2.11/frontend/vite/deps/@angular_common.js.map 304 [02/Jan/2025:19:45:51 +0000] - 477.240 ms localhost
GET /@fs/C:/Users/USER/Desktop/BroCampTasks/Angular_Project/frontend/.angular/cache/18.2.11/frontend/vite/deps/@angular_common_http.js.map 304 [02/Jan/2025:19:45:51 +0000] - 476.477 ms localhost
GET /@fs/C:/Users/USER/Desktop/BroCampTasks/Angular_Project/frontend/.angular/cache/18.2.11/frontend/vite/deps/chunk-PF6LNL77.js.map 304 [02/Jan/2025:19:45:52 +0000] - 564.945 ms localhost
GET /favicon.ico 304 [02/Jan/2025:19:45:52 +0000] - 4.094 ms localhost
POST /user/login 200 [02/Jan/2025:19:46:06 +0000] - 489.187 ms localhost
GET /layout.component.css.map 200 [02/Jan/2025:19:46:06 +0000] - 6.728 ms localhost
GET /dashboard.component.css.map 200 [02/Jan/2025:19:46:06 +0000] - 5.722 ms localhost
GET /event/events/Marriage 304 [02/Jan/2025:19:46:12 +0000] - 454.548 ms localhost
GET / - [02/Jan/2025:19:49:51 +0000] - - ms localhost
GET /events 200 [02/Jan/2025:20:13:44 +0000] - 200.456 ms localhost
GET /@vite/client 304 [02/Jan/2025:20:13:45 +0000] - 37.205 ms localhost
GET /styles.css 200 [02/Jan/2025:20:13:45 +0000] - 7.902 ms localhost
GET /polyfills.js 304 [02/Jan/2025:20:13:45 +0000] - 11.313 ms localhost
GET /main.js 304 [02/Jan/2025:20:13:45 +0000] - 5.126 ms localhost
GET /@fs/C:/Users/USER/Desktop/BroCampTasks/Angular_Project/frontend/node_modules/vite/dist/client/env.mjs 304 [02/Jan/2025:20:13:45 +0000] - 4.922 ms localhost
GET /@fs/C:/Users/USER/Desktop/BroCampTasks/Angular_Project/frontend/.angular/cache/18.2.11/frontend/vite/deps/@angular_platform-browser.js.map 304 [02/Jan/2025:20:13:47 +0000] - 77.862 ms localhost
GET /@fs/C:/Users/USER/Desktop/BroCampTasks/Angular_Project/frontend/.angular/cache/18.2.11/frontend/vite/deps/chunk-SD63G7YN.js.map 304 [02/Jan/2025:20:13:47 +0000] - 95.222 ms localhost
GET /@fs/C:/Users/USER/Desktop/BroCampTasks/Angular_Project/frontend/.angular/cache/18.2.11/frontend/vite/deps/chunk-J2M542RS.js.map 304 [02/Jan/2025:20:13:47 +0000] - 105.595 ms localhost
GET /@fs/C:/Users/USER/Desktop/BroCampTasks/Angular_Project/frontend/.angular/cache/18.2.11/frontend/vite/deps/chunk-PLMZ7O3F.js.map 304 [02/Jan/2025:20:13:47 +0000] - 142.831 ms localhost
GET /@fs/C:/Users/USER/Desktop/BroCampTasks/Angular_Project/frontend/.angular/cache/18.2.11/frontend/vite/deps/chunk-PF6LNL77.js.map 304 [02/Jan/2025:20:13:47 +0000] - 172.063 ms localhost
GET /@fs/C:/Users/USER/Desktop/BroCampTasks/Angular_Project/frontend/.angular/cache/18.2.11/frontend/vite/deps/@angular_core.js.map 304 [02/Jan/2025:20:13:47 +0000] - 150.066 ms localhost
GET /@fs/C:/Users/USER/Desktop/BroCampTasks/Angular_Project/frontend/.angular/cache/18.2.11/frontend/vite/deps/@angular_common_http.js.map 304 [02/Jan/2025:20:13:47 +0000] - 109.711 ms localhost
GET /@fs/C:/Users/USER/Desktop/BroCampTasks/Angular_Project/frontend/.angular/cache/18.2.11/frontend/vite/deps/chunk-FDUYSLZ7.js.map 304 [02/Jan/2025:20:13:48 +0000] - 616.317 ms localhost
GET /@fs/C:/Users/USER/Desktop/BroCampTasks/Angular_Project/frontend/.angular/cache/18.2.11/frontend/vite/deps/@angular_router.js.map 304 [02/Jan/2025:20:13:48 +0000] - 556.067 ms localhost
GET /@fs/C:/Users/USER/Desktop/BroCampTasks/Angular_Project/frontend/.angular/cache/18.2.11/frontend/vite/deps/rxjs.js.map 304 [02/Jan/2025:20:13:48 +0000] - 491.442 ms localhost
GET /@fs/C:/Users/USER/Desktop/BroCampTasks/Angular_Project/frontend/.angular/cache/18.2.11/frontend/vite/deps/@angular_common.js.map 304 [02/Jan/2025:20:13:48 +0000] - 307.819 ms localhost
GET /@fs/C:/Users/USER/Desktop/BroCampTasks/Angular_Project/frontend/.angular/cache/18.2.11/frontend/vite/deps/@angular_forms.js.map 304 [02/Jan/2025:20:13:48 +0000] - 317.931 ms localhost
GET /styles.css.map 200 [02/Jan/2025:20:13:49 +0000] - 8.425 ms localhost
GET /login.component.css.map 200 [02/Jan/2025:20:13:49 +0000] - 4.573 ms localhost
GET /favicon.ico 304 [02/Jan/2025:20:13:49 +0000] - 5.382 ms localhost
GET / - [02/Jan/2025:20:17:45 +0000] - - ms localhost
GET /login 200 [02/Jan/2025:20:30:01 +0000] - 63.010 ms localhost
GET /styles.css 200 [02/Jan/2025:20:30:01 +0000] - 8.853 ms localhost
GET /polyfills.js 304 [02/Jan/2025:20:30:01 +0000] - 16.864 ms localhost
GET /main.js 304 [02/Jan/2025:20:30:01 +0000] - 22.304 ms localhost
GET /@vite/client 304 [02/Jan/2025:20:30:01 +0000] - 19.489 ms localhost
GET /styles.css.map 200 [02/Jan/2025:20:30:02 +0000] - 12.801 ms localhost
GET /@fs/C:/Users/USER/Desktop/BroCampTasks/Angular_Project/frontend/node_modules/vite/dist/client/env.mjs 304 [02/Jan/2025:20:30:02 +0000] - 4.451 ms localhost
GET /favicon.ico 304 [02/Jan/2025:20:30:04 +0000] - 7.858 ms localhost
GET /@fs/C:/Users/USER/Desktop/BroCampTasks/Angular_Project/frontend/.angular/cache/18.2.11/frontend/vite/deps/@angular_platform-browser.js.map 304 [02/Jan/2025:20:30:04 +0000] - 16.405 ms localhost
GET /@fs/C:/Users/USER/Desktop/BroCampTasks/Angular_Project/frontend/.angular/cache/18.2.11/frontend/vite/deps/chunk-SD63G7YN.js.map 304 [02/Jan/2025:20:30:04 +0000] - 25.865 ms localhost
GET /@fs/C:/Users/USER/Desktop/BroCampTasks/Angular_Project/frontend/.angular/cache/18.2.11/frontend/vite/deps/chunk-J2M542RS.js.map 304 [02/Jan/2025:20:30:04 +0000] - 34.683 ms localhost
GET /@fs/C:/Users/USER/Desktop/BroCampTasks/Angular_Project/frontend/.angular/cache/18.2.11/frontend/vite/deps/chunk-PLMZ7O3F.js.map 304 [02/Jan/2025:20:30:04 +0000] - 50.670 ms localhost
GET /@fs/C:/Users/USER/Desktop/BroCampTasks/Angular_Project/frontend/.angular/cache/18.2.11/frontend/vite/deps/chunk-PF6LNL77.js.map 304 [02/Jan/2025:20:30:04 +0000] - 52.098 ms localhost
GET /@fs/C:/Users/USER/Desktop/BroCampTasks/Angular_Project/frontend/.angular/cache/18.2.11/frontend/vite/deps/@angular_core.js.map 304 [02/Jan/2025:20:30:04 +0000] - 62.830 ms localhost
GET /@fs/C:/Users/USER/Desktop/BroCampTasks/Angular_Project/frontend/.angular/cache/18.2.11/frontend/vite/deps/chunk-FDUYSLZ7.js.map 304 [02/Jan/2025:20:30:04 +0000] - 156.005 ms localhost
GET /@fs/C:/Users/USER/Desktop/BroCampTasks/Angular_Project/frontend/.angular/cache/18.2.11/frontend/vite/deps/@angular_common_http.js.map 304 [02/Jan/2025:20:30:04 +0000] - 140.698 ms localhost
GET /@fs/C:/Users/USER/Desktop/BroCampTasks/Angular_Project/frontend/.angular/cache/18.2.11/frontend/vite/deps/@angular_router.js.map 304 [02/Jan/2025:20:30:04 +0000] - 157.186 ms localhost
GET /login.component.css.map 200 [02/Jan/2025:20:30:04 +0000] - 32.441 ms localhost
GET /@fs/C:/Users/USER/Desktop/BroCampTasks/Angular_Project/frontend/.angular/cache/18.2.11/frontend/vite/deps/rxjs.js.map 304 [02/Jan/2025:20:30:04 +0000] - 148.586 ms localhost
GET /@fs/C:/Users/USER/Desktop/BroCampTasks/Angular_Project/frontend/.angular/cache/18.2.11/frontend/vite/deps/@angular_forms.js.map 304 [02/Jan/2025:20:30:04 +0000] - 148.068 ms localhost
GET /@fs/C:/Users/USER/Desktop/BroCampTasks/Angular_Project/frontend/.angular/cache/18.2.11/frontend/vite/deps/@angular_common.js.map 304 [02/Jan/2025:20:30:04 +0000] - 120.806 ms localhost
GET / - [02/Jan/2025:20:34:02 +0000] - - ms localhost
GET /login 200 [03/Jan/2025:12:50:14 +0000] - 142.784 ms localhost
GET /styles.css 200 [03/Jan/2025:12:50:15 +0000] - 11.965 ms localhost
GET /@vite/client 304 [03/Jan/2025:12:50:15 +0000] - 32.214 ms localhost
GET /polyfills.js 304 [03/Jan/2025:12:50:15 +0000] - 32.402 ms localhost
GET /main.js 304 [03/Jan/2025:12:50:15 +0000] - 4.094 ms localhost
GET /@fs/C:/Users/USER/Desktop/BroCampTasks/Angular_Project/frontend/node_modules/vite/dist/client/env.mjs 304 [03/Jan/2025:12:50:15 +0000] - 2.675 ms localhost
GET /@fs/C:/Users/USER/Desktop/BroCampTasks/Angular_Project/frontend/.angular/cache/18.2.11/frontend/vite/deps/@angular_platform-browser.js.map 304 [03/Jan/2025:12:50:16 +0000] - 61.378 ms localhost
GET /@fs/C:/Users/USER/Desktop/BroCampTasks/Angular_Project/frontend/.angular/cache/18.2.11/frontend/vite/deps/chunk-PF6LNL77.js.map 304 [03/Jan/2025:12:50:16 +0000] - 81.973 ms localhost
GET /@fs/C:/Users/USER/Desktop/BroCampTasks/Angular_Project/frontend/.angular/cache/18.2.11/frontend/vite/deps/rxjs.js.map 304 [03/Jan/2025:12:50:16 +0000] - 82.579 ms localhost
GET /@fs/C:/Users/USER/Desktop/BroCampTasks/Angular_Project/frontend/.angular/cache/18.2.11/frontend/vite/deps/chunk-PLMZ7O3F.js.map 304 [03/Jan/2025:12:50:16 +0000] - 175.881 ms localhost
GET /@fs/C:/Users/USER/Desktop/BroCampTasks/Angular_Project/frontend/.angular/cache/18.2.11/frontend/vite/deps/chunk-J2M542RS.js.map 304 [03/Jan/2025:12:50:16 +0000] - 185.608 ms localhost
GET /@fs/C:/Users/USER/Desktop/BroCampTasks/Angular_Project/frontend/.angular/cache/18.2.11/frontend/vite/deps/chunk-SD63G7YN.js.map 304 [03/Jan/2025:12:50:16 +0000] - 199.986 ms localhost
GET /styles.css.map 200 [03/Jan/2025:12:50:16 +0000] - 7.790 ms localhost
GET /@fs/C:/Users/USER/Desktop/BroCampTasks/Angular_Project/frontend/.angular/cache/18.2.11/frontend/vite/deps/@angular_core.js.map 304 [03/Jan/2025:12:50:16 +0000] - 32.012 ms localhost
GET /@fs/C:/Users/USER/Desktop/BroCampTasks/Angular_Project/frontend/.angular/cache/18.2.11/frontend/vite/deps/@angular_common_http.js.map 304 [03/Jan/2025:12:50:16 +0000] - 31.752 ms localhost
GET /login.component.css.map 200 [03/Jan/2025:12:50:16 +0000] - 11.535 ms localhost
GET /@fs/C:/Users/USER/Desktop/BroCampTasks/Angular_Project/frontend/.angular/cache/18.2.11/frontend/vite/deps/@angular_common.js.map 304 [03/Jan/2025:12:50:16 +0000] - 141.086 ms localhost
GET /@fs/C:/Users/USER/Desktop/BroCampTasks/Angular_Project/frontend/.angular/cache/18.2.11/frontend/vite/deps/chunk-FDUYSLZ7.js.map 304 [03/Jan/2025:12:50:17 +0000] - 584.993 ms localhost
GET /@fs/C:/Users/USER/Desktop/BroCampTasks/Angular_Project/frontend/.angular/cache/18.2.11/frontend/vite/deps/@angular_router.js.map 304 [03/Jan/2025:12:50:17 +0000] - 621.918 ms localhost
GET /@fs/C:/Users/USER/Desktop/BroCampTasks/Angular_Project/frontend/.angular/cache/18.2.11/frontend/vite/deps/@angular_forms.js.map 304 [03/Jan/2025:12:50:17 +0000] - 585.815 ms localhost
GET /favicon.ico 304 [03/Jan/2025:12:50:18 +0000] - 7.687 ms localhost
GET / - [03/Jan/2025:12:54:15 +0000] - - ms localhost
GET /login 200 [03/Jan/2025:15:09:45 +0000] - 129.313 ms localhost
GET /@vite/client 304 [03/Jan/2025:15:09:45 +0000] - 5.018 ms localhost
GET /polyfills.js 304 [03/Jan/2025:15:09:48 +0000] - 6.468 ms localhost
GET /styles.css 200 [03/Jan/2025:15:09:48 +0000] - 14.856 ms localhost
GET /@fs/C:/Users/USER/Desktop/BroCampTasks/Angular_Project/frontend/node_modules/vite/dist/client/env.mjs 304 [03/Jan/2025:15:09:48 +0000] - 17.392 ms localhost
GET /main.js 304 [03/Jan/2025:15:09:48 +0000] - 17.309 ms localhost
GET /styles.css.map 200 [03/Jan/2025:15:09:53 +0000] - 8.960 ms localhost
GET /@fs/C:/Users/USER/Desktop/BroCampTasks/Angular_Project/frontend/.angular/cache/18.2.11/frontend/vite/deps/@angular_platform-browser.js.map 304 [03/Jan/2025:15:09:56 +0000] - 87.466 ms localhost
GET /@fs/C:/Users/USER/Desktop/BroCampTasks/Angular_Project/frontend/.angular/cache/18.2.11/frontend/vite/deps/chunk-SD63G7YN.js.map 304 [03/Jan/2025:15:09:56 +0000] - 105.821 ms localhost
GET /@fs/C:/Users/USER/Desktop/BroCampTasks/Angular_Project/frontend/.angular/cache/18.2.11/frontend/vite/deps/chunk-J2M542RS.js.map 304 [03/Jan/2025:15:09:56 +0000] - 120.044 ms localhost
GET /@fs/C:/Users/USER/Desktop/BroCampTasks/Angular_Project/frontend/.angular/cache/18.2.11/frontend/vite/deps/chunk-PLMZ7O3F.js.map 304 [03/Jan/2025:15:09:56 +0000] - 196.837 ms localhost
GET /@fs/C:/Users/USER/Desktop/BroCampTasks/Angular_Project/frontend/.angular/cache/18.2.11/frontend/vite/deps/@angular_core.js.map 304 [03/Jan/2025:15:09:57 +0000] - 233.852 ms localhost
GET /@fs/C:/Users/USER/Desktop/BroCampTasks/Angular_Project/frontend/.angular/cache/18.2.11/frontend/vite/deps/chunk-PF6LNL77.js.map 304 [03/Jan/2025:15:09:57 +0000] - 267.828 ms localhost
GET /@fs/C:/Users/USER/Desktop/BroCampTasks/Angular_Project/frontend/.angular/cache/18.2.11/frontend/vite/deps/@angular_common_http.js.map 304 [03/Jan/2025:15:09:57 +0000] - 224.314 ms localhost
GET /@fs/C:/Users/USER/Desktop/BroCampTasks/Angular_Project/frontend/.angular/cache/18.2.11/frontend/vite/deps/chunk-FDUYSLZ7.js.map 304 [03/Jan/2025:15:09:57 +0000] - 636.226 ms localhost
GET /@fs/C:/Users/USER/Desktop/BroCampTasks/Angular_Project/frontend/.angular/cache/18.2.11/frontend/vite/deps/rxjs.js.map 304 [03/Jan/2025:15:09:57 +0000] - 231.766 ms localhost
GET /@fs/C:/Users/USER/Desktop/BroCampTasks/Angular_Project/frontend/.angular/cache/18.2.11/frontend/vite/deps/@angular_router.js.map 304 [03/Jan/2025:15:09:57 +0000] - 641.462 ms localhost
GET /@fs/C:/Users/USER/Desktop/BroCampTasks/Angular_Project/frontend/.angular/cache/18.2.11/frontend/vite/deps/@angular_forms.js.map 304 [03/Jan/2025:15:09:57 +0000] - 239.087 ms localhost
GET /@fs/C:/Users/USER/Desktop/BroCampTasks/Angular_Project/frontend/.angular/cache/18.2.11/frontend/vite/deps/@angular_common.js.map 304 [03/Jan/2025:15:09:57 +0000] - 8.783 ms localhost
GET /login.component.css.map 200 [03/Jan/2025:15:09:58 +0000] - 4.941 ms localhost
GET /favicon.ico 304 [03/Jan/2025:15:09:58 +0000] - 6.823 ms localhost
GET / - [03/Jan/2025:15:13:48 +0000] - - ms localhost
GET /login 200 [03/Jan/2025:16:37:54 +0000] - 193.426 ms localhost
GET /@vite/client 304 [03/Jan/2025:16:37:54 +0000] - 10.659 ms localhost
GET /styles.css 200 [03/Jan/2025:16:37:54 +0000] - 13.147 ms localhost
GET /polyfills.js 304 [03/Jan/2025:16:37:55 +0000] - 4.853 ms localhost
GET /main.js 304 [03/Jan/2025:16:37:55 +0000] - 8.814 ms localhost
GET /@fs/C:/Users/USER/Desktop/BroCampTasks/Angular_Project/frontend/node_modules/vite/dist/client/env.mjs 304 [03/Jan/2025:16:37:56 +0000] - 8.674 ms localhost
GET /@fs/C:/Users/USER/Desktop/BroCampTasks/Angular_Project/frontend/.angular/cache/18.2.11/frontend/vite/deps/@angular_platform-browser.js.map 304 [03/Jan/2025:16:38:01 +0000] - 115.341 ms localhost
GET /@fs/C:/Users/USER/Desktop/BroCampTasks/Angular_Project/frontend/.angular/cache/18.2.11/frontend/vite/deps/chunk-SD63G7YN.js.map 304 [03/Jan/2025:16:38:01 +0000] - 189.760 ms localhost
GET /@fs/C:/Users/USER/Desktop/BroCampTasks/Angular_Project/frontend/.angular/cache/18.2.11/frontend/vite/deps/chunk-PLMZ7O3F.js.map 304 [03/Jan/2025:16:38:01 +0000] - 288.272 ms localhost
GET /@fs/C:/Users/USER/Desktop/BroCampTasks/Angular_Project/frontend/.angular/cache/18.2.11/frontend/vite/deps/chunk-J2M542RS.js.map 304 [03/Jan/2025:16:38:01 +0000] - 310.098 ms localhost
GET /@fs/C:/Users/USER/Desktop/BroCampTasks/Angular_Project/frontend/.angular/cache/18.2.11/frontend/vite/deps/chunk-PF6LNL77.js.map 304 [03/Jan/2025:16:38:01 +0000] - 370.255 ms localhost
GET /@fs/C:/Users/USER/Desktop/BroCampTasks/Angular_Project/frontend/.angular/cache/18.2.11/frontend/vite/deps/@angular_core.js.map 304 [03/Jan/2025:16:38:02 +0000] - 508.325 ms localhost
GET /@fs/C:/Users/USER/Desktop/BroCampTasks/Angular_Project/frontend/.angular/cache/18.2.11/frontend/vite/deps/chunk-FDUYSLZ7.js.map 304 [03/Jan/2025:16:38:02 +0000] - 1135.459 ms localhost
GET /@fs/C:/Users/USER/Desktop/BroCampTasks/Angular_Project/frontend/.angular/cache/18.2.11/frontend/vite/deps/@angular_router.js.map 304 [03/Jan/2025:16:38:02 +0000] - 1006.296 ms localhost
GET /@fs/C:/Users/USER/Desktop/BroCampTasks/Angular_Project/frontend/.angular/cache/18.2.11/frontend/vite/deps/@angular_common_http.js.map 304 [03/Jan/2025:16:38:02 +0000] - 879.891 ms localhost
GET /@fs/C:/Users/USER/Desktop/BroCampTasks/Angular_Project/frontend/.angular/cache/18.2.11/frontend/vite/deps/rxjs.js.map 304 [03/Jan/2025:16:38:02 +0000] - 863.700 ms localhost
GET /@fs/C:/Users/USER/Desktop/BroCampTasks/Angular_Project/frontend/.angular/cache/18.2.11/frontend/vite/deps/@angular_forms.js.map 304 [03/Jan/2025:16:38:02 +0000] - 809.482 ms localhost
GET /@fs/C:/Users/USER/Desktop/BroCampTasks/Angular_Project/frontend/.angular/cache/18.2.11/frontend/vite/deps/@angular_common.js.map 304 [03/Jan/2025:16:38:02 +0000] - 575.089 ms localhost
GET /login.component.css.map 200 [03/Jan/2025:16:38:03 +0000] - 4.824 ms localhost
GET /styles.css.map 200 [03/Jan/2025:16:38:03 +0000] - 8.262 ms localhost
GET /favicon.ico 304 [03/Jan/2025:16:38:04 +0000] - 7.550 ms localhost
GET / - [03/Jan/2025:16:41:57 +0000] - - ms localhost
GET /login 200 [03/Jan/2025:17:25:12 +0000] - 185.605 ms localhost
GET /@vite/client 304 [03/Jan/2025:17:25:13 +0000] - 91.690 ms localhost
GET /styles.css 200 [03/Jan/2025:17:25:13 +0000] - 79.193 ms localhost
GET /polyfills.js 304 [03/Jan/2025:17:25:19 +0000] - 5.292 ms localhost
GET /main.js 304 [03/Jan/2025:17:25:19 +0000] - 2.887 ms localhost
GET /@fs/C:/Users/USER/Desktop/BroCampTasks/Angular_Project/frontend/node_modules/vite/dist/client/env.mjs 304 [03/Jan/2025:17:25:19 +0000] - 3.344 ms localhost
GET /styles.css.map 200 [03/Jan/2025:17:25:21 +0000] - 21.941 ms localhost
GET /@fs/C:/Users/USER/Desktop/BroCampTasks/Angular_Project/frontend/.angular/cache/18.2.11/frontend/vite/deps/@angular_platform-browser.js.map 304 [03/Jan/2025:17:25:23 +0000] - 34.326 ms localhost
GET /@fs/C:/Users/USER/Desktop/BroCampTasks/Angular_Project/frontend/.angular/cache/18.2.11/frontend/vite/deps/chunk-SD63G7YN.js.map 304 [03/Jan/2025:17:25:23 +0000] - 33.579 ms localhost
GET /@fs/C:/Users/USER/Desktop/BroCampTasks/Angular_Project/frontend/.angular/cache/18.2.11/frontend/vite/deps/chunk-J2M542RS.js.map 304 [03/Jan/2025:17:25:23 +0000] - 40.426 ms localhost
GET /@fs/C:/Users/USER/Desktop/BroCampTasks/Angular_Project/frontend/.angular/cache/18.2.11/frontend/vite/deps/@angular_core.js.map 304 [03/Jan/2025:17:25:23 +0000] - 37.430 ms localhost
GET /@fs/C:/Users/USER/Desktop/BroCampTasks/Angular_Project/frontend/.angular/cache/18.2.11/frontend/vite/deps/chunk-PLMZ7O3F.js.map 304 [03/Jan/2025:17:25:23 +0000] - 69.180 ms localhost
GET /@fs/C:/Users/USER/Desktop/BroCampTasks/Angular_Project/frontend/.angular/cache/18.2.11/frontend/vite/deps/chunk-PF6LNL77.js.map 304 [03/Jan/2025:17:25:23 +0000] - 70.591 ms localhost
GET /@fs/C:/Users/USER/Desktop/BroCampTasks/Angular_Project/frontend/.angular/cache/18.2.11/frontend/vite/deps/@angular_router.js.map 304 [03/Jan/2025:17:25:23 +0000] - 74.881 ms localhost
GET /@fs/C:/Users/USER/Desktop/BroCampTasks/Angular_Project/frontend/.angular/cache/18.2.11/frontend/vite/deps/@angular_common_http.js.map 304 [03/Jan/2025:17:25:23 +0000] - 69.724 ms localhost
GET /@fs/C:/Users/USER/Desktop/BroCampTasks/Angular_Project/frontend/.angular/cache/18.2.11/frontend/vite/deps/chunk-FDUYSLZ7.js.map 304 [03/Jan/2025:17:25:23 +0000] - 379.144 ms localhost
GET /@fs/C:/Users/USER/Desktop/BroCampTasks/Angular_Project/frontend/.angular/cache/18.2.11/frontend/vite/deps/rxjs.js.map 304 [03/Jan/2025:17:25:23 +0000] - 341.774 ms localhost
GET /@fs/C:/Users/USER/Desktop/BroCampTasks/Angular_Project/frontend/.angular/cache/18.2.11/frontend/vite/deps/@angular_common.js.map 304 [03/Jan/2025:17:25:23 +0000] - 305.947 ms localhost
GET /@fs/C:/Users/USER/Desktop/BroCampTasks/Angular_Project/frontend/.angular/cache/18.2.11/frontend/vite/deps/@angular_forms.js.map 304 [03/Jan/2025:17:25:23 +0000] - 340.065 ms localhost
GET /favicon.ico 304 [03/Jan/2025:17:25:23 +0000] - 8.087 ms localhost
GET /login.component.css.map 200 [03/Jan/2025:17:25:24 +0000] - 2.514 ms localhost
GET / - [03/Jan/2025:17:29:20 +0000] - - ms localhost
