GET / - [24/Jan/2025:21:26:25 +0000] - - ms localhost
GET /login 200 [25/Jan/2025:09:49:11 +0000] - 449.877 ms localhost
GET /@vite/client 304 [25/Jan/2025:09:49:51 +0000] - 16.869 ms localhost
GET /styles.css 200 [25/Jan/2025:09:49:51 +0000] - 21.866 ms localhost
GET /polyfills.js 304 [25/Jan/2025:09:49:56 +0000] - 7.408 ms localhost
GET /main.js 304 [25/Jan/2025:09:49:56 +0000] - 5.939 ms localhost
GET /@fs/C:/Users/USER/Desktop/BroCampTasks/Angular_Project/frontend/node_modules/vite/dist/client/env.mjs 304 [25/Jan/2025:09:49:57 +0000] - 2.729 ms localhost
GET /favicon.ico 304 [25/Jan/2025:09:50:01 +0000] - 19.218 ms localhost
GET /@fs/C:/Users/USER/Desktop/BroCampTasks/Angular_Project/frontend/.angular/cache/18.2.11/frontend/vite/deps/@angular_platform-browser.js.map 304 [25/Jan/2025:09:50:05 +0000] - 54.852 ms localhost
GET /@fs/C:/Users/USER/Desktop/BroCampTasks/Angular_Project/frontend/.angular/cache/18.2.11/frontend/vite/deps/chunk-ZKQIAUIS.js.map 304 [25/Jan/2025:09:50:05 +0000] - 64.042 ms localhost
GET /@fs/C:/Users/USER/Desktop/BroCampTasks/Angular_Project/frontend/.angular/cache/18.2.11/frontend/vite/deps/chunk-2ZWNOPXZ.js.map 304 [25/Jan/2025:09:50:05 +0000] - 149.006 ms localhost
GET /@fs/C:/Users/USER/Desktop/BroCampTasks/Angular_Project/frontend/.angular/cache/18.2.11/frontend/vite/deps/chunk-F4ZW7LLY.js.map 304 [25/Jan/2025:09:50:05 +0000] - 160.248 ms localhost
GET /@fs/C:/Users/USER/Desktop/BroCampTasks/Angular_Project/frontend/.angular/cache/18.2.11/frontend/vite/deps/chunk-66JPAEYR.js.map 304 [25/Jan/2025:09:50:05 +0000] - 149.016 ms localhost
GET /@fs/C:/Users/USER/Desktop/BroCampTasks/Angular_Project/frontend/.angular/cache/18.2.11/frontend/vite/deps/chunk-XWLXMCJQ.js.map 304 [25/Jan/2025:09:50:05 +0000] - 101.207 ms localhost
GET /@fs/C:/Users/USER/Desktop/BroCampTasks/Angular_Project/frontend/.angular/cache/18.2.11/frontend/vite/deps/@angular_core.js.map 304 [25/Jan/2025:09:50:05 +0000] - 99.057 ms localhost
GET /@fs/C:/Users/USER/Desktop/BroCampTasks/Angular_Project/frontend/.angular/cache/18.2.11/frontend/vite/deps/@angular_common_http.js.map 304 [25/Jan/2025:09:50:05 +0000] - 32.720 ms localhost
GET /@fs/C:/Users/USER/Desktop/BroCampTasks/Angular_Project/frontend/.angular/cache/18.2.11/frontend/vite/deps/chunk-BKIWMXDL.js.map 304 [25/Jan/2025:09:50:05 +0000] - 225.475 ms localhost
GET /@fs/C:/Users/USER/Desktop/BroCampTasks/Angular_Project/frontend/.angular/cache/18.2.11/frontend/vite/deps/rxjs.js.map 304 [25/Jan/2025:09:50:05 +0000] - 174.119 ms localhost
GET /@fs/C:/Users/USER/Desktop/BroCampTasks/Angular_Project/frontend/.angular/cache/18.2.11/frontend/vite/deps/@angular_router.js.map 304 [25/Jan/2025:09:50:05 +0000] - 567.102 ms localhost
GET /styles.css.map 200 [25/Jan/2025:09:50:05 +0000] - 422.090 ms localhost
GET /login.component.css.map 200 [25/Jan/2025:09:50:05 +0000] - 63.478 ms localhost
GET /@fs/C:/Users/USER/Desktop/BroCampTasks/Angular_Project/frontend/.angular/cache/18.2.11/frontend/vite/deps/@angular_common.js.map 304 [25/Jan/2025:09:50:05 +0000] - 624.827 ms localhost
GET /@fs/C:/Users/USER/Desktop/BroCampTasks/Angular_Project/frontend/.angular/cache/18.2.11/frontend/vite/deps/@angular_forms.js.map 304 [25/Jan/2025:09:50:05 +0000] - 731.466 ms localhost
GET /@fs/C:/Users/USER/Desktop/BroCampTasks/Angular_Project/frontend/.angular/cache/18.2.11/frontend/vite/deps/ngx-socket-io.js.map 304 [25/Jan/2025:09:50:05 +0000] - 736.393 ms localhost
GET /@fs/C:/Users/USER/Desktop/BroCampTasks/Angular_Project/frontend/.angular/cache/18.2.11/frontend/vite/deps/chunk-7MS5FTBZ.js.map 304 [25/Jan/2025:09:50:05 +0000] - 715.658 ms localhost
GET / - [25/Jan/2025:09:54:03 +0000] - - ms localhost
GET /login 200 [25/Jan/2025:10:53:33 +0000] - 214.284 ms localhost
GET /@vite/client 304 [25/Jan/2025:10:53:33 +0000] - 10.563 ms localhost
GET /styles.css 200 [25/Jan/2025:10:53:33 +0000] - 6.720 ms localhost
GET /polyfills.js 304 [25/Jan/2025:10:53:34 +0000] - 6.033 ms localhost
GET /main.js 304 [25/Jan/2025:10:53:35 +0000] - 2.623 ms localhost
GET /@fs/C:/Users/USER/Desktop/BroCampTasks/Angular_Project/frontend/node_modules/vite/dist/client/env.mjs 304 [25/Jan/2025:10:53:37 +0000] - 6.447 ms localhost
GET /favicon.ico 304 [25/Jan/2025:10:53:40 +0000] - 19.059 ms localhost
GET /@fs/C:/Users/USER/Desktop/BroCampTasks/Angular_Project/frontend/.angular/cache/18.2.11/frontend/vite/deps/@angular_platform-browser.js.map 304 [25/Jan/2025:10:53:41 +0000] - 316.829 ms localhost
GET /@fs/C:/Users/USER/Desktop/BroCampTasks/Angular_Project/frontend/.angular/cache/18.2.11/frontend/vite/deps/chunk-ZKQIAUIS.js.map 304 [25/Jan/2025:10:53:41 +0000] - 331.177 ms localhost
GET /@fs/C:/Users/USER/Desktop/BroCampTasks/Angular_Project/frontend/.angular/cache/18.2.11/frontend/vite/deps/chunk-XWLXMCJQ.js.map 304 [25/Jan/2025:10:53:41 +0000] - 342.374 ms localhost
GET /@fs/C:/Users/USER/Desktop/BroCampTasks/Angular_Project/frontend/.angular/cache/18.2.11/frontend/vite/deps/chunk-2ZWNOPXZ.js.map 304 [25/Jan/2025:10:53:41 +0000] - 387.632 ms localhost
GET /@fs/C:/Users/USER/Desktop/BroCampTasks/Angular_Project/frontend/.angular/cache/18.2.11/frontend/vite/deps/chunk-F4ZW7LLY.js.map 304 [25/Jan/2025:10:53:41 +0000] - 401.923 ms localhost
GET /@fs/C:/Users/USER/Desktop/BroCampTasks/Angular_Project/frontend/.angular/cache/18.2.11/frontend/vite/deps/@angular_core.js.map 304 [25/Jan/2025:10:53:41 +0000] - 104.396 ms localhost
GET /@fs/C:/Users/USER/Desktop/BroCampTasks/Angular_Project/frontend/.angular/cache/18.2.11/frontend/vite/deps/chunk-BKIWMXDL.js.map 304 [25/Jan/2025:10:53:41 +0000] - 619.595 ms localhost
GET /@fs/C:/Users/USER/Desktop/BroCampTasks/Angular_Project/frontend/.angular/cache/18.2.11/frontend/vite/deps/@angular_common_http.js.map 304 [25/Jan/2025:10:53:41 +0000] - 235.036 ms localhost
GET /@fs/C:/Users/USER/Desktop/BroCampTasks/Angular_Project/frontend/.angular/cache/18.2.11/frontend/vite/deps/rxjs.js.map 304 [25/Jan/2025:10:53:41 +0000] - 233.796 ms localhost
GET /@fs/C:/Users/USER/Desktop/BroCampTasks/Angular_Project/frontend/.angular/cache/18.2.11/frontend/vite/deps/chunk-66JPAEYR.js.map 304 [25/Jan/2025:10:53:42 +0000] - 539.991 ms localhost
GET /styles.css.map 200 [25/Jan/2025:10:53:42 +0000] - 48.954 ms localhost
GET /@fs/C:/Users/USER/Desktop/BroCampTasks/Angular_Project/frontend/.angular/cache/18.2.11/frontend/vite/deps/@angular_forms.js.map 304 [25/Jan/2025:10:53:42 +0000] - 561.856 ms localhost
GET /@fs/C:/Users/USER/Desktop/BroCampTasks/Angular_Project/frontend/.angular/cache/18.2.11/frontend/vite/deps/@angular_router.js.map 304 [25/Jan/2025:10:53:42 +0000] - 717.482 ms localhost
GET /login.component.css.map 200 [25/Jan/2025:10:53:42 +0000] - 182.628 ms localhost
GET /@fs/C:/Users/USER/Desktop/BroCampTasks/Angular_Project/frontend/.angular/cache/18.2.11/frontend/vite/deps/ngx-socket-io.js.map 304 [25/Jan/2025:10:53:42 +0000] - 469.096 ms localhost
GET /@fs/C:/Users/USER/Desktop/BroCampTasks/Angular_Project/frontend/.angular/cache/18.2.11/frontend/vite/deps/@angular_common.js.map 304 [25/Jan/2025:10:53:42 +0000] - 475.669 ms localhost
GET /@fs/C:/Users/USER/Desktop/BroCampTasks/Angular_Project/frontend/.angular/cache/18.2.11/frontend/vite/deps/chunk-7MS5FTBZ.js.map 304 [25/Jan/2025:10:53:42 +0000] - 467.751 ms localhost
GET / - [25/Jan/2025:10:57:37 +0000] - - ms localhost
GET /login 200 [25/Jan/2025:12:24:46 +0000] - 1115.923 ms localhost
GET /styles.css 200 [25/Jan/2025:12:24:47 +0000] - 36.827 ms localhost
GET /@vite/client 304 [25/Jan/2025:12:24:47 +0000] - 18.632 ms localhost
GET /main.js 304 [25/Jan/2025:12:24:48 +0000] - 6.129 ms localhost
GET /polyfills.js 304 [25/Jan/2025:12:24:48 +0000] - 15.214 ms localhost
GET /@fs/C:/Users/USER/Desktop/BroCampTasks/Angular_Project/frontend/node_modules/vite/dist/client/env.mjs 304 [25/Jan/2025:12:24:58 +0000] - 7.030 ms localhost
GET /styles.css.map 200 [25/Jan/2025:12:25:14 +0000] - 22.744 ms localhost
GET /@fs/C:/Users/USER/Desktop/BroCampTasks/Angular_Project/frontend/.angular/cache/18.2.11/frontend/vite/deps/@angular_platform-browser.js.map 304 [25/Jan/2025:12:25:16 +0000] - 185.660 ms localhost
GET /@fs/C:/Users/USER/Desktop/BroCampTasks/Angular_Project/frontend/.angular/cache/18.2.11/frontend/vite/deps/chunk-ZKQIAUIS.js.map 304 [25/Jan/2025:12:25:16 +0000] - 200.161 ms localhost
GET /@fs/C:/Users/USER/Desktop/BroCampTasks/Angular_Project/frontend/.angular/cache/18.2.11/frontend/vite/deps/chunk-F4ZW7LLY.js.map 304 [25/Jan/2025:12:25:16 +0000] - 203.643 ms localhost
GET /@fs/C:/Users/USER/Desktop/BroCampTasks/Angular_Project/frontend/.angular/cache/18.2.11/frontend/vite/deps/chunk-2ZWNOPXZ.js.map 304 [25/Jan/2025:12:25:16 +0000] - 221.215 ms localhost
GET /@fs/C:/Users/USER/Desktop/BroCampTasks/Angular_Project/frontend/.angular/cache/18.2.11/frontend/vite/deps/chunk-XWLXMCJQ.js.map 304 [25/Jan/2025:12:25:17 +0000] - 136.875 ms localhost
GET /@fs/C:/Users/USER/Desktop/BroCampTasks/Angular_Project/frontend/.angular/cache/18.2.11/frontend/vite/deps/chunk-66JPAEYR.js.map 304 [25/Jan/2025:12:25:17 +0000] - 252.385 ms localhost
GET /@fs/C:/Users/USER/Desktop/BroCampTasks/Angular_Project/frontend/.angular/cache/18.2.11/frontend/vite/deps/chunk-BKIWMXDL.js.map 304 [25/Jan/2025:12:25:17 +0000] - 1285.050 ms localhost
GET /@fs/C:/Users/USER/Desktop/BroCampTasks/Angular_Project/frontend/.angular/cache/18.2.11/frontend/vite/deps/@angular_core.js.map 304 [25/Jan/2025:12:25:18 +0000] - 1115.415 ms localhost
GET /@fs/C:/Users/USER/Desktop/BroCampTasks/Angular_Project/frontend/.angular/cache/18.2.11/frontend/vite/deps/rxjs.js.map 304 [25/Jan/2025:12:25:18 +0000] - 1057.244 ms localhost
GET /@fs/C:/Users/USER/Desktop/BroCampTasks/Angular_Project/frontend/.angular/cache/18.2.11/frontend/vite/deps/@angular_router.js.map 304 [25/Jan/2025:12:25:19 +0000] - 2701.800 ms localhost
GET /@fs/C:/Users/USER/Desktop/BroCampTasks/Angular_Project/frontend/.angular/cache/18.2.11/frontend/vite/deps/@angular_common_http.js.map 304 [25/Jan/2025:12:25:19 +0000] - 2754.057 ms localhost
GET /@fs/C:/Users/USER/Desktop/BroCampTasks/Angular_Project/frontend/.angular/cache/18.2.11/frontend/vite/deps/@angular_forms.js.map 304 [25/Jan/2025:12:25:20 +0000] - 3018.996 ms localhost
GET /@fs/C:/Users/USER/Desktop/BroCampTasks/Angular_Project/frontend/.angular/cache/18.2.11/frontend/vite/deps/@angular_common.js.map 304 [25/Jan/2025:12:25:20 +0000] - 2032.773 ms localhost
GET /@fs/C:/Users/USER/Desktop/BroCampTasks/Angular_Project/frontend/.angular/cache/18.2.11/frontend/vite/deps/ngx-socket-io.js.map 304 [25/Jan/2025:12:25:20 +0000] - 2023.665 ms localhost
GET /@fs/C:/Users/USER/Desktop/BroCampTasks/Angular_Project/frontend/.angular/cache/18.2.11/frontend/vite/deps/chunk-7MS5FTBZ.js.map 304 [25/Jan/2025:12:25:20 +0000] - 2082.163 ms localhost
GET /login.component.css.map 200 [25/Jan/2025:12:25:21 +0000] - 5.389 ms localhost
GET /favicon.ico 304 [25/Jan/2025:12:25:21 +0000] - 17.057 ms localhost
GET / - [25/Jan/2025:12:29:14 +0000] - - ms localhost
GET /login 200 [25/Jan/2025:13:18:43 +0000] - 162.445 ms localhost
GET /@vite/client 304 [25/Jan/2025:13:18:45 +0000] - 8.098 ms localhost
GET /styles.css 200 [25/Jan/2025:13:18:45 +0000] - 7.937 ms localhost
GET /polyfills.js 304 [25/Jan/2025:13:18:45 +0000] - 4.908 ms localhost
GET /main.js 200 [25/Jan/2025:13:18:45 +0000] - 86.105 ms localhost
GET /@fs/C:/Users/USER/Desktop/BroCampTasks/Angular_Project/frontend/node_modules/vite/dist/client/env.mjs 304 [25/Jan/2025:13:18:45 +0000] - 4.421 ms localhost
GET /favicon.ico 304 [25/Jan/2025:13:18:47 +0000] - 13.574 ms localhost
GET /@fs/C:/Users/USER/Desktop/BroCampTasks/Angular_Project/frontend/.angular/cache/18.2.11/frontend/vite/deps/@angular_platform-browser.js.map 304 [25/Jan/2025:13:18:50 +0000] - 65.952 ms localhost
GET /@fs/C:/Users/USER/Desktop/BroCampTasks/Angular_Project/frontend/.angular/cache/18.2.11/frontend/vite/deps/chunk-ZKQIAUIS.js.map 304 [25/Jan/2025:13:18:50 +0000] - 47.118 ms localhost
GET /@fs/C:/Users/USER/Desktop/BroCampTasks/Angular_Project/frontend/.angular/cache/18.2.11/frontend/vite/deps/chunk-F4ZW7LLY.js.map 304 [25/Jan/2025:13:18:50 +0000] - 61.274 ms localhost
GET /@fs/C:/Users/USER/Desktop/BroCampTasks/Angular_Project/frontend/.angular/cache/18.2.11/frontend/vite/deps/chunk-66JPAEYR.js.map 304 [25/Jan/2025:13:18:50 +0000] - 116.012 ms localhost
GET /@fs/C:/Users/USER/Desktop/BroCampTasks/Angular_Project/frontend/.angular/cache/18.2.11/frontend/vite/deps/chunk-2ZWNOPXZ.js.map 304 [25/Jan/2025:13:18:50 +0000] - 196.270 ms localhost
GET /@fs/C:/Users/USER/Desktop/BroCampTasks/Angular_Project/frontend/.angular/cache/18.2.11/frontend/vite/deps/chunk-XWLXMCJQ.js.map 304 [25/Jan/2025:13:18:50 +0000] - 156.019 ms localhost
GET /@fs/C:/Users/USER/Desktop/BroCampTasks/Angular_Project/frontend/.angular/cache/18.2.11/frontend/vite/deps/chunk-BKIWMXDL.js.map 304 [25/Jan/2025:13:18:52 +0000] - 2528.324 ms localhost
GET /@fs/C:/Users/USER/Desktop/BroCampTasks/Angular_Project/frontend/.angular/cache/18.2.11/frontend/vite/deps/@angular_router.js.map 304 [25/Jan/2025:13:18:53 +0000] - 3275.480 ms localhost
GET /@fs/C:/Users/USER/Desktop/BroCampTasks/Angular_Project/frontend/.angular/cache/18.2.11/frontend/vite/deps/@angular_core.js.map 304 [25/Jan/2025:13:18:53 +0000] - 3294.154 ms localhost
GET /@fs/C:/Users/USER/Desktop/BroCampTasks/Angular_Project/frontend/.angular/cache/18.2.11/frontend/vite/deps/rxjs.js.map 304 [25/Jan/2025:13:18:53 +0000] - 3222.626 ms localhost
GET /@fs/C:/Users/USER/Desktop/BroCampTasks/Angular_Project/frontend/.angular/cache/18.2.11/frontend/vite/deps/@angular_common_http.js.map 304 [25/Jan/2025:13:18:53 +0000] - 3215.454 ms localhost
GET /@fs/C:/Users/USER/Desktop/BroCampTasks/Angular_Project/frontend/.angular/cache/18.2.11/frontend/vite/deps/@angular_common.js.map 304 [25/Jan/2025:13:18:53 +0000] - 913.144 ms localhost
GET /login.component.css.map 200 [25/Jan/2025:13:18:53 +0000] - 110.796 ms localhost
GET /@fs/C:/Users/USER/Desktop/BroCampTasks/Angular_Project/frontend/.angular/cache/18.2.11/frontend/vite/deps/@angular_forms.js.map 304 [25/Jan/2025:13:18:54 +0000] - 3587.559 ms localhost
GET /styles.css.map 200 [25/Jan/2025:13:18:54 +0000] - 205.211 ms localhost
GET /@fs/C:/Users/USER/Desktop/BroCampTasks/Angular_Project/frontend/.angular/cache/18.2.11/frontend/vite/deps/ngx-socket-io.js.map 304 [25/Jan/2025:13:18:54 +0000] - 438.323 ms localhost
GET /@fs/C:/Users/USER/Desktop/BroCampTasks/Angular_Project/frontend/.angular/cache/18.2.11/frontend/vite/deps/chunk-7MS5FTBZ.js.map 304 [25/Jan/2025:13:18:54 +0000] - 429.834 ms localhost
GET / - [25/Jan/2025:13:22:45 +0000] - - ms localhost
GET /login 200 [25/Jan/2025:14:08:15 +0000] - 359.397 ms localhost
GET /@vite/client 304 [25/Jan/2025:14:08:16 +0000] - 5.466 ms localhost
GET /styles.css 200 [25/Jan/2025:14:08:17 +0000] - 7.277 ms localhost
GET /polyfills.js 304 [25/Jan/2025:14:08:21 +0000] - 4.505 ms localhost
GET /main.js 200 [25/Jan/2025:14:08:21 +0000] - 50.138 ms localhost
GET /@fs/C:/Users/USER/Desktop/BroCampTasks/Angular_Project/frontend/node_modules/vite/dist/client/env.mjs 304 [25/Jan/2025:14:08:21 +0000] - 3.225 ms localhost
GET /favicon.ico 304 [25/Jan/2025:14:08:24 +0000] - 32.588 ms localhost
GET /@fs/C:/Users/USER/Desktop/BroCampTasks/Angular_Project/frontend/.angular/cache/18.2.11/frontend/vite/deps/@angular_platform-browser.js.map 304 [25/Jan/2025:14:08:26 +0000] - 123.880 ms localhost
GET /@fs/C:/Users/USER/Desktop/BroCampTasks/Angular_Project/frontend/.angular/cache/18.2.11/frontend/vite/deps/chunk-ZKQIAUIS.js.map 304 [25/Jan/2025:14:08:27 +0000] - 191.840 ms localhost
GET /@fs/C:/Users/USER/Desktop/BroCampTasks/Angular_Project/frontend/.angular/cache/18.2.11/frontend/vite/deps/chunk-F4ZW7LLY.js.map 304 [25/Jan/2025:14:08:27 +0000] - 232.834 ms localhost
GET /@fs/C:/Users/USER/Desktop/BroCampTasks/Angular_Project/frontend/.angular/cache/18.2.11/frontend/vite/deps/chunk-2ZWNOPXZ.js.map 304 [25/Jan/2025:14:08:27 +0000] - 305.112 ms localhost
GET /@fs/C:/Users/USER/Desktop/BroCampTasks/Angular_Project/frontend/.angular/cache/18.2.11/frontend/vite/deps/chunk-BKIWMXDL.js.map 304 [25/Jan/2025:14:08:29 +0000] - 2599.425 ms localhost
GET /@fs/C:/Users/USER/Desktop/BroCampTasks/Angular_Project/frontend/.angular/cache/18.2.11/frontend/vite/deps/chunk-XWLXMCJQ.js.map 304 [25/Jan/2025:14:08:29 +0000] - 2511.757 ms localhost
GET /@fs/C:/Users/USER/Desktop/BroCampTasks/Angular_Project/frontend/.angular/cache/18.2.11/frontend/vite/deps/chunk-66JPAEYR.js.map 304 [25/Jan/2025:14:08:29 +0000] - 2885.719 ms localhost
GET /@fs/C:/Users/USER/Desktop/BroCampTasks/Angular_Project/frontend/.angular/cache/18.2.11/frontend/vite/deps/@angular_core.js.map 304 [25/Jan/2025:14:08:29 +0000] - 2814.934 ms localhost
GET /@fs/C:/Users/USER/Desktop/BroCampTasks/Angular_Project/frontend/.angular/cache/18.2.11/frontend/vite/deps/@angular_router.js.map 304 [25/Jan/2025:14:08:29 +0000] - 2794.528 ms localhost
GET /@fs/C:/Users/USER/Desktop/BroCampTasks/Angular_Project/frontend/.angular/cache/18.2.11/frontend/vite/deps/@angular_common_http.js.map 304 [25/Jan/2025:14:08:29 +0000] - 2727.840 ms localhost
GET /@fs/C:/Users/USER/Desktop/BroCampTasks/Angular_Project/frontend/.angular/cache/18.2.11/frontend/vite/deps/rxjs.js.map 304 [25/Jan/2025:14:08:29 +0000] - 471.373 ms localhost
GET /styles.css.map 200 [25/Jan/2025:14:08:30 +0000] - 42.131 ms localhost
GET /login.component.css.map 200 [25/Jan/2025:14:08:30 +0000] - 39.369 ms localhost
GET /@fs/C:/Users/USER/Desktop/BroCampTasks/Angular_Project/frontend/.angular/cache/18.2.11/frontend/vite/deps/@angular_forms.js.map 304 [25/Jan/2025:14:08:30 +0000] - 587.078 ms localhost
GET /@fs/C:/Users/USER/Desktop/BroCampTasks/Angular_Project/frontend/.angular/cache/18.2.11/frontend/vite/deps/@angular_common.js.map 304 [25/Jan/2025:14:08:30 +0000] - 63.136 ms localhost
GET /@fs/C:/Users/USER/Desktop/BroCampTasks/Angular_Project/frontend/.angular/cache/18.2.11/frontend/vite/deps/chunk-7MS5FTBZ.js.map 304 [25/Jan/2025:14:08:30 +0000] - 81.730 ms localhost
GET /@fs/C:/Users/USER/Desktop/BroCampTasks/Angular_Project/frontend/.angular/cache/18.2.11/frontend/vite/deps/ngx-socket-io.js.map 304 [25/Jan/2025:14:08:30 +0000] - 84.021 ms localhost
GET / - [25/Jan/2025:14:12:22 +0000] - - ms localhost
GET /login 200 [25/Jan/2025:14:53:38 +0000] - 398.473 ms localhost
GET /@vite/client 304 [25/Jan/2025:14:53:40 +0000] - 29.779 ms localhost
GET /styles.css 200 [25/Jan/2025:14:53:40 +0000] - 37.149 ms localhost
GET /polyfills.js 304 [25/Jan/2025:14:53:40 +0000] - 8.847 ms localhost
GET /main.js 200 [25/Jan/2025:14:53:40 +0000] - 49.283 ms localhost
GET /@fs/C:/Users/USER/Desktop/BroCampTasks/Angular_Project/frontend/node_modules/vite/dist/client/env.mjs 304 [25/Jan/2025:14:53:40 +0000] - 4.762 ms localhost
GET /favicon.ico 304 [25/Jan/2025:14:53:43 +0000] - 17.422 ms localhost
GET /@fs/C:/Users/USER/Desktop/BroCampTasks/Angular_Project/frontend/.angular/cache/18.2.11/frontend/vite/deps/@angular_platform-browser.js.map 304 [25/Jan/2025:14:53:44 +0000] - 13.125 ms localhost
GET /@fs/C:/Users/USER/Desktop/BroCampTasks/Angular_Project/frontend/.angular/cache/18.2.11/frontend/vite/deps/chunk-F4ZW7LLY.js.map 304 [25/Jan/2025:14:53:44 +0000] - 14.716 ms localhost
GET /@fs/C:/Users/USER/Desktop/BroCampTasks/Angular_Project/frontend/.angular/cache/18.2.11/frontend/vite/deps/chunk-ZKQIAUIS.js.map 304 [25/Jan/2025:14:53:44 +0000] - 148.399 ms localhost
GET /@fs/C:/Users/USER/Desktop/BroCampTasks/Angular_Project/frontend/.angular/cache/18.2.11/frontend/vite/deps/chunk-2ZWNOPXZ.js.map 304 [25/Jan/2025:14:53:44 +0000] - 440.377 ms localhost
GET /@fs/C:/Users/USER/Desktop/BroCampTasks/Angular_Project/frontend/.angular/cache/18.2.11/frontend/vite/deps/chunk-XWLXMCJQ.js.map 304 [25/Jan/2025:14:53:44 +0000] - 426.040 ms localhost
GET /@fs/C:/Users/USER/Desktop/BroCampTasks/Angular_Project/frontend/.angular/cache/18.2.11/frontend/vite/deps/@angular_core.js.map 304 [25/Jan/2025:14:53:44 +0000] - 425.674 ms localhost
GET /@fs/C:/Users/USER/Desktop/BroCampTasks/Angular_Project/frontend/.angular/cache/18.2.11/frontend/vite/deps/chunk-66JPAEYR.js.map 304 [25/Jan/2025:14:53:44 +0000] - 490.991 ms localhost
GET /@fs/C:/Users/USER/Desktop/BroCampTasks/Angular_Project/frontend/.angular/cache/18.2.11/frontend/vite/deps/@angular_router.js.map 304 [25/Jan/2025:14:53:44 +0000] - 473.177 ms localhost
GET /@fs/C:/Users/USER/Desktop/BroCampTasks/Angular_Project/frontend/.angular/cache/18.2.11/frontend/vite/deps/chunk-BKIWMXDL.js.map 304 [25/Jan/2025:14:53:44 +0000] - 650.713 ms localhost
GET /@fs/C:/Users/USER/Desktop/BroCampTasks/Angular_Project/frontend/.angular/cache/18.2.11/frontend/vite/deps/@angular_common_http.js.map 304 [25/Jan/2025:14:53:44 +0000] - 214.246 ms localhost
GET /@fs/C:/Users/USER/Desktop/BroCampTasks/Angular_Project/frontend/.angular/cache/18.2.11/frontend/vite/deps/rxjs.js.map 304 [25/Jan/2025:14:53:44 +0000] - 214.861 ms localhost
GET /@fs/C:/Users/USER/Desktop/BroCampTasks/Angular_Project/frontend/.angular/cache/18.2.11/frontend/vite/deps/@angular_common.js.map 304 [25/Jan/2025:14:53:44 +0000] - 209.922 ms localhost
GET /@fs/C:/Users/USER/Desktop/BroCampTasks/Angular_Project/frontend/.angular/cache/18.2.11/frontend/vite/deps/@angular_forms.js.map 304 [25/Jan/2025:14:53:44 +0000] - 196.450 ms localhost
GET /styles.css.map 200 [25/Jan/2025:14:53:44 +0000] - 22.922 ms localhost
GET /login.component.css.map 200 [25/Jan/2025:14:53:44 +0000] - 24.932 ms localhost
GET /@fs/C:/Users/USER/Desktop/BroCampTasks/Angular_Project/frontend/.angular/cache/18.2.11/frontend/vite/deps/ngx-socket-io.js.map 304 [25/Jan/2025:14:53:44 +0000] - 87.015 ms localhost
GET /@fs/C:/Users/USER/Desktop/BroCampTasks/Angular_Project/frontend/.angular/cache/18.2.11/frontend/vite/deps/chunk-7MS5FTBZ.js.map 304 [25/Jan/2025:14:53:44 +0000] - 52.148 ms localhost
GET / - [25/Jan/2025:14:57:40 +0000] - - ms localhost
GET /login 200 [25/Jan/2025:14:59:13 +0000] - 91.747 ms localhost
GET /styles.css 200 [25/Jan/2025:14:59:13 +0000] - 16.168 ms localhost
GET /polyfills.js 304 [25/Jan/2025:14:59:13 +0000] - 23.394 ms localhost
GET /@vite/client 304 [25/Jan/2025:14:59:13 +0000] - 27.676 ms localhost
GET /main.js 200 [25/Jan/2025:14:59:13 +0000] - 19.127 ms localhost
GET /@fs/C:/Users/USER/Desktop/BroCampTasks/Angular_Project/frontend/node_modules/vite/dist/client/env.mjs 304 [25/Jan/2025:14:59:14 +0000] - 2.714 ms localhost
GET /@fs/C:/Users/USER/Desktop/BroCampTasks/Angular_Project/frontend/.angular/cache/18.2.11/frontend/vite/deps/@angular_platform-browser.js.map 304 [25/Jan/2025:14:59:16 +0000] - 16.129 ms localhost
GET /@fs/C:/Users/USER/Desktop/BroCampTasks/Angular_Project/frontend/.angular/cache/18.2.11/frontend/vite/deps/chunk-ZKQIAUIS.js.map 304 [25/Jan/2025:14:59:16 +0000] - 23.378 ms localhost
GET /@fs/C:/Users/USER/Desktop/BroCampTasks/Angular_Project/frontend/.angular/cache/18.2.11/frontend/vite/deps/chunk-F4ZW7LLY.js.map 304 [25/Jan/2025:14:59:16 +0000] - 29.491 ms localhost
GET /@fs/C:/Users/USER/Desktop/BroCampTasks/Angular_Project/frontend/.angular/cache/18.2.11/frontend/vite/deps/chunk-2ZWNOPXZ.js.map 304 [25/Jan/2025:14:59:16 +0000] - 39.459 ms localhost
GET /@fs/C:/Users/USER/Desktop/BroCampTasks/Angular_Project/frontend/.angular/cache/18.2.11/frontend/vite/deps/chunk-66JPAEYR.js.map 304 [25/Jan/2025:14:59:16 +0000] - 46.871 ms localhost
GET /@fs/C:/Users/USER/Desktop/BroCampTasks/Angular_Project/frontend/.angular/cache/18.2.11/frontend/vite/deps/chunk-XWLXMCJQ.js.map 304 [25/Jan/2025:14:59:16 +0000] - 43.739 ms localhost
GET /@fs/C:/Users/USER/Desktop/BroCampTasks/Angular_Project/frontend/.angular/cache/18.2.11/frontend/vite/deps/@angular_core.js.map 304 [25/Jan/2025:14:59:16 +0000] - 119.584 ms localhost
GET /@fs/C:/Users/USER/Desktop/BroCampTasks/Angular_Project/frontend/.angular/cache/18.2.11/frontend/vite/deps/chunk-BKIWMXDL.js.map 304 [25/Jan/2025:14:59:17 +0000] - 870.509 ms localhost
GET /@fs/C:/Users/USER/Desktop/BroCampTasks/Angular_Project/frontend/.angular/cache/18.2.11/frontend/vite/deps/@angular_router.js.map 304 [25/Jan/2025:14:59:17 +0000] - 967.000 ms localhost
GET /favicon.ico 304 [25/Jan/2025:14:59:17 +0000] - 136.450 ms localhost
GET /@fs/C:/Users/USER/Desktop/BroCampTasks/Angular_Project/frontend/.angular/cache/18.2.11/frontend/vite/deps/@angular_common_http.js.map 304 [25/Jan/2025:14:59:17 +0000] - 972.812 ms localhost
GET /@fs/C:/Users/USER/Desktop/BroCampTasks/Angular_Project/frontend/.angular/cache/18.2.11/frontend/vite/deps/rxjs.js.map 304 [25/Jan/2025:14:59:17 +0000] - 964.805 ms localhost
GET /@fs/C:/Users/USER/Desktop/BroCampTasks/Angular_Project/frontend/.angular/cache/18.2.11/frontend/vite/deps/@angular_common.js.map 304 [25/Jan/2025:14:59:17 +0000] - 878.719 ms localhost
GET /@fs/C:/Users/USER/Desktop/BroCampTasks/Angular_Project/frontend/.angular/cache/18.2.11/frontend/vite/deps/@angular_forms.js.map 304 [25/Jan/2025:14:59:17 +0000] - 971.660 ms localhost
GET /@fs/C:/Users/USER/Desktop/BroCampTasks/Angular_Project/frontend/.angular/cache/18.2.11/frontend/vite/deps/ngx-socket-io.js.map 304 [25/Jan/2025:14:59:17 +0000] - 31.702 ms localhost
GET /login.component.css.map 200 [25/Jan/2025:14:59:17 +0000] - 8.991 ms localhost
GET /styles.css.map 200 [25/Jan/2025:14:59:17 +0000] - 9.737 ms localhost
GET /@fs/C:/Users/USER/Desktop/BroCampTasks/Angular_Project/frontend/.angular/cache/18.2.11/frontend/vite/deps/chunk-7MS5FTBZ.js.map 304 [25/Jan/2025:14:59:17 +0000] - 25.066 ms localhost
GET / - [25/Jan/2025:15:03:14 +0000] - - ms localhost
GET /login 200 [25/Jan/2025:15:29:24 +0000] - 549.651 ms localhost
GET /login 200 [25/Jan/2025:15:29:24 +0000] - 17.111 ms localhost
GET /@vite/client 304 [25/Jan/2025:15:29:25 +0000] - 102.567 ms localhost
GET /styles.css 200 [25/Jan/2025:15:29:25 +0000] - 10.246 ms localhost
GET /polyfills.js 304 [25/Jan/2025:15:29:25 +0000] - 3.517 ms localhost
GET /main.js 200 [25/Jan/2025:15:29:26 +0000] - 13.026 ms localhost
GET /@fs/C:/Users/USER/Desktop/BroCampTasks/Angular_Project/frontend/node_modules/vite/dist/client/env.mjs 304 [25/Jan/2025:15:29:26 +0000] - 2.569 ms localhost
GET /favicon.ico 304 [25/Jan/2025:15:29:28 +0000] - 15.200 ms localhost
GET /@fs/C:/Users/USER/Desktop/BroCampTasks/Angular_Project/frontend/.angular/cache/18.2.11/frontend/vite/deps/@angular_platform-browser.js.map 304 [25/Jan/2025:15:29:32 +0000] - 13.773 ms localhost
GET /@fs/C:/Users/USER/Desktop/BroCampTasks/Angular_Project/frontend/.angular/cache/18.2.11/frontend/vite/deps/chunk-F4ZW7LLY.js.map 304 [25/Jan/2025:15:29:32 +0000] - 9.430 ms localhost
GET /@fs/C:/Users/USER/Desktop/BroCampTasks/Angular_Project/frontend/.angular/cache/18.2.11/frontend/vite/deps/chunk-ZKQIAUIS.js.map 304 [25/Jan/2025:15:29:32 +0000] - 20.152 ms localhost
GET /@fs/C:/Users/USER/Desktop/BroCampTasks/Angular_Project/frontend/.angular/cache/18.2.11/frontend/vite/deps/chunk-2ZWNOPXZ.js.map 304 [25/Jan/2025:15:29:32 +0000] - 16.405 ms localhost
GET /@fs/C:/Users/USER/Desktop/BroCampTasks/Angular_Project/frontend/.angular/cache/18.2.11/frontend/vite/deps/chunk-BKIWMXDL.js.map 304 [25/Jan/2025:15:29:32 +0000] - 79.416 ms localhost
GET /@fs/C:/Users/USER/Desktop/BroCampTasks/Angular_Project/frontend/.angular/cache/18.2.11/frontend/vite/deps/chunk-XWLXMCJQ.js.map 304 [25/Jan/2025:15:29:32 +0000] - 47.106 ms localhost
GET /@fs/C:/Users/USER/Desktop/BroCampTasks/Angular_Project/frontend/.angular/cache/18.2.11/frontend/vite/deps/chunk-66JPAEYR.js.map 304 [25/Jan/2025:15:29:32 +0000] - 83.416 ms localhost
GET /@fs/C:/Users/USER/Desktop/BroCampTasks/Angular_Project/frontend/.angular/cache/18.2.11/frontend/vite/deps/@angular_core.js.map 304 [25/Jan/2025:15:29:32 +0000] - 5.761 ms localhost
GET /@fs/C:/Users/USER/Desktop/BroCampTasks/Angular_Project/frontend/.angular/cache/18.2.11/frontend/vite/deps/@angular_router.js.map 304 [25/Jan/2025:15:29:32 +0000] - 14.280 ms localhost
GET /@fs/C:/Users/USER/Desktop/BroCampTasks/Angular_Project/frontend/.angular/cache/18.2.11/frontend/vite/deps/@angular_common_http.js.map 304 [25/Jan/2025:15:29:32 +0000] - 7.581 ms localhost
GET /@fs/C:/Users/USER/Desktop/BroCampTasks/Angular_Project/frontend/.angular/cache/18.2.11/frontend/vite/deps/rxjs.js.map 304 [25/Jan/2025:15:29:32 +0000] - 6.379 ms localhost
GET /@fs/C:/Users/USER/Desktop/BroCampTasks/Angular_Project/frontend/.angular/cache/18.2.11/frontend/vite/deps/@angular_forms.js.map 304 [25/Jan/2025:15:29:32 +0000] - 13.053 ms localhost
GET /@fs/C:/Users/USER/Desktop/BroCampTasks/Angular_Project/frontend/.angular/cache/18.2.11/frontend/vite/deps/@angular_common.js.map 304 [25/Jan/2025:15:29:32 +0000] - 5.773 ms localhost
GET /@fs/C:/Users/USER/Desktop/BroCampTasks/Angular_Project/frontend/.angular/cache/18.2.11/frontend/vite/deps/ngx-socket-io.js.map 304 [25/Jan/2025:15:29:32 +0000] - 8.332 ms localhost
GET /@fs/C:/Users/USER/Desktop/BroCampTasks/Angular_Project/frontend/.angular/cache/18.2.11/frontend/vite/deps/chunk-7MS5FTBZ.js.map 304 [25/Jan/2025:15:29:32 +0000] - 11.363 ms localhost
GET /styles.css.map 200 [25/Jan/2025:15:29:33 +0000] - 6.671 ms localhost
GET /login.component.css.map 200 [25/Jan/2025:15:29:33 +0000] - 2.403 ms localhost
GET / - [25/Jan/2025:15:33:26 +0000] - - ms localhost
GET /login 200 [25/Jan/2025:15:34:47 +0000] - 354.164 ms localhost
GET /@vite/client 304 [25/Jan/2025:15:34:48 +0000] - 85.634 ms localhost
GET /styles.css 200 [25/Jan/2025:15:34:48 +0000] - 82.635 ms localhost
GET /polyfills.js 304 [25/Jan/2025:15:34:48 +0000] - 84.197 ms localhost
GET /main.js 200 [25/Jan/2025:15:34:49 +0000] - 36.329 ms localhost
GET /@fs/C:/Users/USER/Desktop/BroCampTasks/Angular_Project/frontend/node_modules/vite/dist/client/env.mjs 304 [25/Jan/2025:15:34:49 +0000] - 2.611 ms localhost
GET /favicon.ico 304 [25/Jan/2025:15:34:51 +0000] - 9.483 ms localhost
GET /@fs/C:/Users/USER/Desktop/BroCampTasks/Angular_Project/frontend/.angular/cache/18.2.11/frontend/vite/deps/@angular_platform-browser.js.map 304 [25/Jan/2025:15:34:52 +0000] - 8.925 ms localhost
GET /@fs/C:/Users/USER/Desktop/BroCampTasks/Angular_Project/frontend/.angular/cache/18.2.11/frontend/vite/deps/chunk-ZKQIAUIS.js.map 304 [25/Jan/2025:15:34:52 +0000] - 19.730 ms localhost
GET /@fs/C:/Users/USER/Desktop/BroCampTasks/Angular_Project/frontend/.angular/cache/18.2.11/frontend/vite/deps/chunk-F4ZW7LLY.js.map 304 [25/Jan/2025:15:34:52 +0000] - 18.708 ms localhost
GET /@fs/C:/Users/USER/Desktop/BroCampTasks/Angular_Project/frontend/.angular/cache/18.2.11/frontend/vite/deps/chunk-2ZWNOPXZ.js.map 304 [25/Jan/2025:15:34:52 +0000] - 23.985 ms localhost
GET /@fs/C:/Users/USER/Desktop/BroCampTasks/Angular_Project/frontend/.angular/cache/18.2.11/frontend/vite/deps/chunk-XWLXMCJQ.js.map 304 [25/Jan/2025:15:34:52 +0000] - 14.810 ms localhost
GET /@fs/C:/Users/USER/Desktop/BroCampTasks/Angular_Project/frontend/.angular/cache/18.2.11/frontend/vite/deps/chunk-BKIWMXDL.js.map 304 [25/Jan/2025:15:34:52 +0000] - 75.285 ms localhost
GET /@fs/C:/Users/USER/Desktop/BroCampTasks/Angular_Project/frontend/.angular/cache/18.2.11/frontend/vite/deps/@angular_core.js.map 304 [25/Jan/2025:15:34:52 +0000] - 49.851 ms localhost
GET /@fs/C:/Users/USER/Desktop/BroCampTasks/Angular_Project/frontend/.angular/cache/18.2.11/frontend/vite/deps/chunk-66JPAEYR.js.map 304 [25/Jan/2025:15:34:52 +0000] - 90.742 ms localhost
GET /@fs/C:/Users/USER/Desktop/BroCampTasks/Angular_Project/frontend/.angular/cache/18.2.11/frontend/vite/deps/@angular_common_http.js.map 304 [25/Jan/2025:15:34:52 +0000] - 48.957 ms localhost
GET /@fs/C:/Users/USER/Desktop/BroCampTasks/Angular_Project/frontend/.angular/cache/18.2.11/frontend/vite/deps/rxjs.js.map 304 [25/Jan/2025:15:34:52 +0000] - 49.691 ms localhost
GET /@fs/C:/Users/USER/Desktop/BroCampTasks/Angular_Project/frontend/.angular/cache/18.2.11/frontend/vite/deps/@angular_router.js.map 304 [25/Jan/2025:15:34:52 +0000] - 81.544 ms localhost
GET /@fs/C:/Users/USER/Desktop/BroCampTasks/Angular_Project/frontend/.angular/cache/18.2.11/frontend/vite/deps/@angular_forms.js.map 304 [25/Jan/2025:15:34:52 +0000] - 69.427 ms localhost
GET /@fs/C:/Users/USER/Desktop/BroCampTasks/Angular_Project/frontend/.angular/cache/18.2.11/frontend/vite/deps/ngx-socket-io.js.map 304 [25/Jan/2025:15:34:52 +0000] - 44.030 ms localhost
GET /@fs/C:/Users/USER/Desktop/BroCampTasks/Angular_Project/frontend/.angular/cache/18.2.11/frontend/vite/deps/@angular_common.js.map 304 [25/Jan/2025:15:34:52 +0000] - 70.970 ms localhost
GET /@fs/C:/Users/USER/Desktop/BroCampTasks/Angular_Project/frontend/.angular/cache/18.2.11/frontend/vite/deps/chunk-7MS5FTBZ.js.map 304 [25/Jan/2025:15:34:52 +0000] - 32.732 ms localhost
GET /styles.css.map 200 [25/Jan/2025:15:34:52 +0000] - 7.016 ms localhost
GET /login.component.css.map 200 [25/Jan/2025:15:34:52 +0000] - 7.691 ms localhost
GET / - [25/Jan/2025:15:38:49 +0000] - - ms localhost
GET /login - [25/Jan/2025:15:43:07 +0000] - - ms localhost
GET /login 200 [25/Jan/2025:15:43:07 +0000] - 146.152 ms localhost
GET /@vite/client 304 [25/Jan/2025:15:43:08 +0000] - 78.859 ms localhost
GET /polyfills.js 304 [25/Jan/2025:15:43:08 +0000] - 5.272 ms localhost
GET /styles.css 200 [25/Jan/2025:15:43:08 +0000] - 11.226 ms localhost
GET /main.js 200 [25/Jan/2025:15:43:08 +0000] - 24.191 ms localhost
GET /@fs/C:/Users/USER/Desktop/BroCampTasks/Angular_Project/frontend/node_modules/vite/dist/client/env.mjs 304 [25/Jan/2025:15:43:09 +0000] - 186.211 ms localhost
GET /favicon.ico 304 [25/Jan/2025:15:43:14 +0000] - 7.109 ms localhost
GET /@fs/C:/Users/USER/Desktop/BroCampTasks/Angular_Project/frontend/.angular/cache/18.2.11/frontend/vite/deps/@angular_platform-browser.js.map 304 [25/Jan/2025:15:43:15 +0000] - 14.452 ms localhost
GET /@fs/C:/Users/USER/Desktop/BroCampTasks/Angular_Project/frontend/.angular/cache/18.2.11/frontend/vite/deps/chunk-ZKQIAUIS.js.map 304 [25/Jan/2025:15:43:15 +0000] - 13.586 ms localhost
GET /@fs/C:/Users/USER/Desktop/BroCampTasks/Angular_Project/frontend/.angular/cache/18.2.11/frontend/vite/deps/chunk-F4ZW7LLY.js.map 304 [25/Jan/2025:15:43:15 +0000] - 17.460 ms localhost
GET /@fs/C:/Users/USER/Desktop/BroCampTasks/Angular_Project/frontend/.angular/cache/18.2.11/frontend/vite/deps/chunk-66JPAEYR.js.map 304 [25/Jan/2025:15:43:15 +0000] - 20.284 ms localhost
GET /@fs/C:/Users/USER/Desktop/BroCampTasks/Angular_Project/frontend/.angular/cache/18.2.11/frontend/vite/deps/@angular_core.js.map 304 [25/Jan/2025:15:43:15 +0000] - 21.233 ms localhost
GET /@fs/C:/Users/USER/Desktop/BroCampTasks/Angular_Project/frontend/.angular/cache/18.2.11/frontend/vite/deps/chunk-2ZWNOPXZ.js.map 304 [25/Jan/2025:15:43:15 +0000] - 42.910 ms localhost
GET /@fs/C:/Users/USER/Desktop/BroCampTasks/Angular_Project/frontend/.angular/cache/18.2.11/frontend/vite/deps/chunk-XWLXMCJQ.js.map 304 [25/Jan/2025:15:43:15 +0000] - 35.331 ms localhost
GET /@fs/C:/Users/USER/Desktop/BroCampTasks/Angular_Project/frontend/.angular/cache/18.2.11/frontend/vite/deps/@angular_router.js.map 304 [25/Jan/2025:15:43:15 +0000] - 39.298 ms localhost
GET /@fs/C:/Users/USER/Desktop/BroCampTasks/Angular_Project/frontend/.angular/cache/18.2.11/frontend/vite/deps/@angular_common_http.js.map 304 [25/Jan/2025:15:43:15 +0000] - 38.285 ms localhost
GET /@fs/C:/Users/USER/Desktop/BroCampTasks/Angular_Project/frontend/.angular/cache/18.2.11/frontend/vite/deps/chunk-BKIWMXDL.js.map 304 [25/Jan/2025:15:43:15 +0000] - 118.652 ms localhost
GET /@fs/C:/Users/USER/Desktop/BroCampTasks/Angular_Project/frontend/.angular/cache/18.2.11/frontend/vite/deps/rxjs.js.map 304 [25/Jan/2025:15:43:15 +0000] - 96.798 ms localhost
GET /@fs/C:/Users/USER/Desktop/BroCampTasks/Angular_Project/frontend/.angular/cache/18.2.11/frontend/vite/deps/@angular_forms.js.map 304 [25/Jan/2025:15:43:15 +0000] - 86.651 ms localhost
GET /@fs/C:/Users/USER/Desktop/BroCampTasks/Angular_Project/frontend/.angular/cache/18.2.11/frontend/vite/deps/@angular_common.js.map 304 [25/Jan/2025:15:43:15 +0000] - 77.395 ms localhost
GET /@fs/C:/Users/USER/Desktop/BroCampTasks/Angular_Project/frontend/.angular/cache/18.2.11/frontend/vite/deps/ngx-socket-io.js.map 304 [25/Jan/2025:15:43:15 +0000] - 60.908 ms localhost
GET /@fs/C:/Users/USER/Desktop/BroCampTasks/Angular_Project/frontend/.angular/cache/18.2.11/frontend/vite/deps/chunk-7MS5FTBZ.js.map 304 [25/Jan/2025:15:43:15 +0000] - 49.133 ms localhost
GET /login.component.css.map 200 [25/Jan/2025:15:43:15 +0000] - 3.044 ms localhost
GET /styles.css.map 200 [25/Jan/2025:15:43:15 +0000] - 5.745 ms localhost
GET / - [25/Jan/2025:15:47:09 +0000] - - ms localhost
GET /login 200 [25/Jan/2025:15:47:45 +0000] - 205.140 ms localhost
GET /styles.css 200 [25/Jan/2025:15:47:46 +0000] - 20.743 ms localhost
GET /@vite/client 304 [25/Jan/2025:15:47:46 +0000] - 7.187 ms localhost
GET /polyfills.js 304 [25/Jan/2025:15:47:46 +0000] - 14.604 ms localhost
GET /main.js 200 [25/Jan/2025:15:47:46 +0000] - 31.394 ms localhost
GET /@fs/C:/Users/USER/Desktop/BroCampTasks/Angular_Project/frontend/node_modules/vite/dist/client/env.mjs 304 [25/Jan/2025:15:47:46 +0000] - 2.819 ms localhost
GET /favicon.ico 304 [25/Jan/2025:15:47:48 +0000] - 13.466 ms localhost
GET /@fs/C:/Users/USER/Desktop/BroCampTasks/Angular_Project/frontend/.angular/cache/18.2.11/frontend/vite/deps/@angular_platform-browser.js.map 304 [25/Jan/2025:15:47:48 +0000] - 5.281 ms localhost
GET /@fs/C:/Users/USER/Desktop/BroCampTasks/Angular_Project/frontend/.angular/cache/18.2.11/frontend/vite/deps/chunk-ZKQIAUIS.js.map 304 [25/Jan/2025:15:47:48 +0000] - 17.064 ms localhost
GET /@fs/C:/Users/USER/Desktop/BroCampTasks/Angular_Project/frontend/.angular/cache/18.2.11/frontend/vite/deps/chunk-F4ZW7LLY.js.map 304 [25/Jan/2025:15:47:48 +0000] - 20.918 ms localhost
GET /@fs/C:/Users/USER/Desktop/BroCampTasks/Angular_Project/frontend/.angular/cache/18.2.11/frontend/vite/deps/chunk-2ZWNOPXZ.js.map 304 [25/Jan/2025:15:47:48 +0000] - 27.033 ms localhost
GET /@fs/C:/Users/USER/Desktop/BroCampTasks/Angular_Project/frontend/.angular/cache/18.2.11/frontend/vite/deps/chunk-XWLXMCJQ.js.map 304 [25/Jan/2025:15:47:48 +0000] - 19.642 ms localhost
GET /@fs/C:/Users/USER/Desktop/BroCampTasks/Angular_Project/frontend/.angular/cache/18.2.11/frontend/vite/deps/chunk-66JPAEYR.js.map 304 [25/Jan/2025:15:47:48 +0000] - 32.471 ms localhost
GET /@fs/C:/Users/USER/Desktop/BroCampTasks/Angular_Project/frontend/.angular/cache/18.2.11/frontend/vite/deps/chunk-BKIWMXDL.js.map 304 [25/Jan/2025:15:47:48 +0000] - 81.360 ms localhost
GET /@fs/C:/Users/USER/Desktop/BroCampTasks/Angular_Project/frontend/.angular/cache/18.2.11/frontend/vite/deps/@angular_core.js.map 304 [25/Jan/2025:15:47:48 +0000] - 67.703 ms localhost
GET /@fs/C:/Users/USER/Desktop/BroCampTasks/Angular_Project/frontend/.angular/cache/18.2.11/frontend/vite/deps/@angular_common_http.js.map 304 [25/Jan/2025:15:47:48 +0000] - 48.484 ms localhost
GET /@fs/C:/Users/USER/Desktop/BroCampTasks/Angular_Project/frontend/.angular/cache/18.2.11/frontend/vite/deps/@angular_router.js.map 304 [25/Jan/2025:15:47:48 +0000] - 67.794 ms localhost
GET /@fs/C:/Users/USER/Desktop/BroCampTasks/Angular_Project/frontend/.angular/cache/18.2.11/frontend/vite/deps/rxjs.js.map 304 [25/Jan/2025:15:47:48 +0000] - 61.297 ms localhost
GET /@fs/C:/Users/USER/Desktop/BroCampTasks/Angular_Project/frontend/.angular/cache/18.2.11/frontend/vite/deps/@angular_forms.js.map 304 [25/Jan/2025:15:47:48 +0000] - 61.980 ms localhost
GET /@fs/C:/Users/USER/Desktop/BroCampTasks/Angular_Project/frontend/.angular/cache/18.2.11/frontend/vite/deps/@angular_common.js.map 304 [25/Jan/2025:15:47:48 +0000] - 45.066 ms localhost
GET /@fs/C:/Users/USER/Desktop/BroCampTasks/Angular_Project/frontend/.angular/cache/18.2.11/frontend/vite/deps/ngx-socket-io.js.map 304 [25/Jan/2025:15:47:48 +0000] - 33.036 ms localhost
GET /@fs/C:/Users/USER/Desktop/BroCampTasks/Angular_Project/frontend/.angular/cache/18.2.11/frontend/vite/deps/chunk-7MS5FTBZ.js.map 304 [25/Jan/2025:15:47:48 +0000] - 9.648 ms localhost
GET /styles.css.map 200 [25/Jan/2025:15:47:48 +0000] - 5.822 ms localhost
GET /login.component.css.map 200 [25/Jan/2025:15:47:48 +0000] - 2.469 ms localhost
GET / - [25/Jan/2025:15:51:46 +0000] - - ms localhost
GET /login 200 [25/Jan/2025:16:07:27 +0000] - 110.562 ms localhost
GET /styles.css 200 [25/Jan/2025:16:07:27 +0000] - 11.870 ms localhost
GET /polyfills.js 304 [25/Jan/2025:16:07:27 +0000] - 17.770 ms localhost
GET /@vite/client 304 [25/Jan/2025:16:07:27 +0000] - 17.275 ms localhost
GET /main.js 200 [25/Jan/2025:16:07:27 +0000] - 32.889 ms localhost
GET /@fs/C:/Users/USER/Desktop/BroCampTasks/Angular_Project/frontend/node_modules/vite/dist/client/env.mjs 304 [25/Jan/2025:16:07:27 +0000] - 12.240 ms localhost
GET /favicon.ico 304 [25/Jan/2025:16:07:28 +0000] - 13.301 ms localhost
GET /styles.css.map 200 [25/Jan/2025:16:07:29 +0000] - 17.485 ms localhost
GET /@fs/C:/Users/USER/Desktop/BroCampTasks/Angular_Project/frontend/.angular/cache/18.2.11/frontend/vite/deps/@angular_platform-browser.js.map 304 [25/Jan/2025:16:07:29 +0000] - 35.146 ms localhost
GET /@fs/C:/Users/USER/Desktop/BroCampTasks/Angular_Project/frontend/.angular/cache/18.2.11/frontend/vite/deps/chunk-F4ZW7LLY.js.map 304 [25/Jan/2025:16:07:29 +0000] - 39.989 ms localhost
GET /@fs/C:/Users/USER/Desktop/BroCampTasks/Angular_Project/frontend/.angular/cache/18.2.11/frontend/vite/deps/chunk-ZKQIAUIS.js.map 304 [25/Jan/2025:16:07:30 +0000] - 813.495 ms localhost
GET /@fs/C:/Users/USER/Desktop/BroCampTasks/Angular_Project/frontend/.angular/cache/18.2.11/frontend/vite/deps/chunk-2ZWNOPXZ.js.map 304 [25/Jan/2025:16:07:32 +0000] - 2593.752 ms localhost
GET /@fs/C:/Users/USER/Desktop/BroCampTasks/Angular_Project/frontend/.angular/cache/18.2.11/frontend/vite/deps/chunk-66JPAEYR.js.map 304 [25/Jan/2025:16:07:32 +0000] - 2673.845 ms localhost
GET /@fs/C:/Users/USER/Desktop/BroCampTasks/Angular_Project/frontend/.angular/cache/18.2.11/frontend/vite/deps/chunk-BKIWMXDL.js.map 304 [25/Jan/2025:16:07:32 +0000] - 2901.619 ms localhost
GET /@fs/C:/Users/USER/Desktop/BroCampTasks/Angular_Project/frontend/.angular/cache/18.2.11/frontend/vite/deps/chunk-XWLXMCJQ.js.map 304 [25/Jan/2025:16:07:32 +0000] - 2871.341 ms localhost
GET /@fs/C:/Users/USER/Desktop/BroCampTasks/Angular_Project/frontend/.angular/cache/18.2.11/frontend/vite/deps/@angular_core.js.map 304 [25/Jan/2025:16:07:32 +0000] - 2868.014 ms localhost
GET /@fs/C:/Users/USER/Desktop/BroCampTasks/Angular_Project/frontend/.angular/cache/18.2.11/frontend/vite/deps/@angular_common_http.js.map 304 [25/Jan/2025:16:07:32 +0000] - 307.569 ms localhost
GET /@fs/C:/Users/USER/Desktop/BroCampTasks/Angular_Project/frontend/.angular/cache/18.2.11/frontend/vite/deps/rxjs.js.map 304 [25/Jan/2025:16:07:32 +0000] - 216.942 ms localhost
GET /@fs/C:/Users/USER/Desktop/BroCampTasks/Angular_Project/frontend/.angular/cache/18.2.11/frontend/vite/deps/@angular_router.js.map 304 [25/Jan/2025:16:07:32 +0000] - 2119.767 ms localhost
GET /login.component.css.map 200 [25/Jan/2025:16:07:32 +0000] - 45.886 ms localhost
GET /@fs/C:/Users/USER/Desktop/BroCampTasks/Angular_Project/frontend/.angular/cache/18.2.11/frontend/vite/deps/@angular_forms.js.map 304 [25/Jan/2025:16:07:32 +0000] - 92.154 ms localhost
GET /@fs/C:/Users/USER/Desktop/BroCampTasks/Angular_Project/frontend/.angular/cache/18.2.11/frontend/vite/deps/@angular_common.js.map 304 [25/Jan/2025:16:07:32 +0000] - 70.191 ms localhost
GET /@fs/C:/Users/USER/Desktop/BroCampTasks/Angular_Project/frontend/.angular/cache/18.2.11/frontend/vite/deps/ngx-socket-io.js.map 304 [25/Jan/2025:16:07:32 +0000] - 67.897 ms localhost
GET /@fs/C:/Users/USER/Desktop/BroCampTasks/Angular_Project/frontend/.angular/cache/18.2.11/frontend/vite/deps/chunk-7MS5FTBZ.js.map 304 [25/Jan/2025:16:07:32 +0000] - 80.603 ms localhost
POST /user/login 200 [25/Jan/2025:16:07:47 +0000] - 564.370 ms localhost
GET /layout.component.css.map 200 [25/Jan/2025:16:07:47 +0000] - 5.043 ms localhost
GET /dashboard.component.css.map 200 [25/Jan/2025:16:07:47 +0000] - 11.844 ms localhost
GET /user-chat.component.css.map 200 [25/Jan/2025:16:07:50 +0000] - 209.268 ms localhost
GET /chat/674e8a6920bc39246157f503 304 [25/Jan/2025:16:07:51 +0000] - 1351.578 ms localhost
GET /socket.io/?EIO=4&transport=websocket - [25/Jan/2025:16:08:10 +0000] - - ms localhost
GET / - [25/Jan/2025:16:11:28 +0000] - - ms localhost
GET /chat 404 [25/Jan/2025:17:05:48 +0000] - 233.764 ms localhost
GET /dashboard 200 [25/Jan/2025:17:32:33 +0000] - 502.573 ms localhost
GET /@vite/client 304 [25/Jan/2025:17:32:33 +0000] - 96.755 ms localhost
GET /styles.css 200 [25/Jan/2025:17:32:33 +0000] - 192.461 ms localhost
GET /polyfills.js 304 [25/Jan/2025:17:32:33 +0000] - 198.800 ms localhost
GET /main.js 200 [25/Jan/2025:17:32:33 +0000] - 191.181 ms localhost
GET /@fs/C:/Users/USER/Desktop/BroCampTasks/Angular_Project/frontend/node_modules/vite/dist/client/env.mjs 304 [25/Jan/2025:17:32:33 +0000] - 6.976 ms localhost
GET /styles.css.map 200 [25/Jan/2025:17:32:34 +0000] - 9.503 ms localhost
GET /favicon.ico 304 [25/Jan/2025:17:32:34 +0000] - 43.908 ms localhost
GET /@fs/C:/Users/USER/Desktop/BroCampTasks/Angular_Project/frontend/.angular/cache/18.2.11/frontend/vite/deps/@angular_core.js.map 304 [25/Jan/2025:17:32:34 +0000] - 64.193 ms localhost
GET /@fs/C:/Users/USER/Desktop/BroCampTasks/Angular_Project/frontend/.angular/cache/18.2.11/frontend/vite/deps/@angular_common_http.js.map 304 [25/Jan/2025:17:32:34 +0000] - 61.064 ms localhost
GET /@fs/C:/Users/USER/Desktop/BroCampTasks/Angular_Project/frontend/.angular/cache/18.2.11/frontend/vite/deps/@angular_platform-browser.js.map 304 [25/Jan/2025:17:32:34 +0000] - 45.519 ms localhost
GET /@fs/C:/Users/USER/Desktop/BroCampTasks/Angular_Project/frontend/.angular/cache/18.2.11/frontend/vite/deps/@angular_forms.js.map 304 [25/Jan/2025:17:32:34 +0000] - 322.923 ms localhost
GET /@fs/C:/Users/USER/Desktop/BroCampTasks/Angular_Project/frontend/.angular/cache/18.2.11/frontend/vite/deps/rxjs.js.map 304 [25/Jan/2025:17:32:34 +0000] - 334.462 ms localhost
GET /@fs/C:/Users/USER/Desktop/BroCampTasks/Angular_Project/frontend/.angular/cache/18.2.11/frontend/vite/deps/chunk-2ZWNOPXZ.js.map 304 [25/Jan/2025:17:32:35 +0000] - 1010.997 ms localhost
GET /@fs/C:/Users/USER/Desktop/BroCampTasks/Angular_Project/frontend/.angular/cache/18.2.11/frontend/vite/deps/chunk-F4ZW7LLY.js.map 304 [25/Jan/2025:17:32:35 +0000] - 1136.272 ms localhost
GET /@fs/C:/Users/USER/Desktop/BroCampTasks/Angular_Project/frontend/.angular/cache/18.2.11/frontend/vite/deps/@angular_common.js.map 304 [25/Jan/2025:17:32:35 +0000] - 886.291 ms localhost
GET /@fs/C:/Users/USER/Desktop/BroCampTasks/Angular_Project/frontend/.angular/cache/18.2.11/frontend/vite/deps/chunk-ZKQIAUIS.js.map 304 [25/Jan/2025:17:32:35 +0000] - 1188.999 ms localhost
GET /@fs/C:/Users/USER/Desktop/BroCampTasks/Angular_Project/frontend/.angular/cache/18.2.11/frontend/vite/deps/chunk-66JPAEYR.js.map 304 [25/Jan/2025:17:32:35 +0000] - 1055.157 ms localhost
GET /@fs/C:/Users/USER/Desktop/BroCampTasks/Angular_Project/frontend/.angular/cache/18.2.11/frontend/vite/deps/chunk-XWLXMCJQ.js.map 304 [25/Jan/2025:17:32:35 +0000] - 388.551 ms localhost
GET /login.component.css.map 200 [25/Jan/2025:17:32:35 +0000] - 18.938 ms localhost
GET /@fs/C:/Users/USER/Desktop/BroCampTasks/Angular_Project/frontend/.angular/cache/18.2.11/frontend/vite/deps/chunk-BKIWMXDL.js.map 304 [25/Jan/2025:17:32:35 +0000] - 1514.160 ms localhost
GET /@fs/C:/Users/USER/Desktop/BroCampTasks/Angular_Project/frontend/.angular/cache/18.2.11/frontend/vite/deps/@angular_router.js.map 304 [25/Jan/2025:17:32:35 +0000] - 418.987 ms localhost
GET /@fs/C:/Users/USER/Desktop/BroCampTasks/Angular_Project/frontend/.angular/cache/18.2.11/frontend/vite/deps/ngx-socket-io.js.map 304 [25/Jan/2025:17:32:35 +0000] - 413.068 ms localhost
GET /@fs/C:/Users/USER/Desktop/BroCampTasks/Angular_Project/frontend/.angular/cache/18.2.11/frontend/vite/deps/chunk-7MS5FTBZ.js.map 304 [25/Jan/2025:17:32:35 +0000] - 389.106 ms localhost
GET /login 200 [25/Jan/2025:17:32:39 +0000] - 15.612 ms localhost
GET /@vite/client 304 [25/Jan/2025:17:32:39 +0000] - 12.393 ms localhost
GET /styles.css 200 [25/Jan/2025:17:32:39 +0000] - 13.195 ms localhost
GET /main.js 304 [25/Jan/2025:17:32:39 +0000] - 15.526 ms localhost
GET /polyfills.js 304 [25/Jan/2025:17:32:39 +0000] - 19.559 ms localhost
GET /styles.css.map 200 [25/Jan/2025:17:32:39 +0000] - 4.222 ms localhost
GET /@fs/C:/Users/USER/Desktop/BroCampTasks/Angular_Project/frontend/node_modules/vite/dist/client/env.mjs 304 [25/Jan/2025:17:32:39 +0000] - 3.295 ms localhost
GET /@fs/C:/Users/USER/Desktop/BroCampTasks/Angular_Project/frontend/.angular/cache/18.2.11/frontend/vite/deps/@angular_platform-browser.js.map 304 [25/Jan/2025:17:32:40 +0000] - 10.254 ms localhost
GET /@fs/C:/Users/USER/Desktop/BroCampTasks/Angular_Project/frontend/.angular/cache/18.2.11/frontend/vite/deps/chunk-ZKQIAUIS.js.map 304 [25/Jan/2025:17:32:40 +0000] - 11.629 ms localhost
GET /@fs/C:/Users/USER/Desktop/BroCampTasks/Angular_Project/frontend/.angular/cache/18.2.11/frontend/vite/deps/chunk-F4ZW7LLY.js.map 304 [25/Jan/2025:17:32:40 +0000] - 30.143 ms localhost
GET /@fs/C:/Users/USER/Desktop/BroCampTasks/Angular_Project/frontend/.angular/cache/18.2.11/frontend/vite/deps/chunk-2ZWNOPXZ.js.map 304 [25/Jan/2025:17:32:40 +0000] - 36.141 ms localhost
GET /@fs/C:/Users/USER/Desktop/BroCampTasks/Angular_Project/frontend/.angular/cache/18.2.11/frontend/vite/deps/chunk-66JPAEYR.js.map 304 [25/Jan/2025:17:32:40 +0000] - 18.371 ms localhost
GET /@fs/C:/Users/USER/Desktop/BroCampTasks/Angular_Project/frontend/.angular/cache/18.2.11/frontend/vite/deps/chunk-BKIWMXDL.js.map 304 [25/Jan/2025:17:32:40 +0000] - 125.710 ms localhost
GET /@fs/C:/Users/USER/Desktop/BroCampTasks/Angular_Project/frontend/.angular/cache/18.2.11/frontend/vite/deps/chunk-XWLXMCJQ.js.map 304 [25/Jan/2025:17:32:40 +0000] - 120.125 ms localhost
GET /@fs/C:/Users/USER/Desktop/BroCampTasks/Angular_Project/frontend/.angular/cache/18.2.11/frontend/vite/deps/@angular_router.js.map 304 [25/Jan/2025:17:32:40 +0000] - 153.346 ms localhost
GET /@fs/C:/Users/USER/Desktop/BroCampTasks/Angular_Project/frontend/.angular/cache/18.2.11/frontend/vite/deps/@angular_common_http.js.map 304 [25/Jan/2025:17:32:40 +0000] - 147.786 ms localhost
GET /@fs/C:/Users/USER/Desktop/BroCampTasks/Angular_Project/frontend/.angular/cache/18.2.11/frontend/vite/deps/@angular_core.js.map 304 [25/Jan/2025:17:32:40 +0000] - 160.681 ms localhost
GET /@fs/C:/Users/USER/Desktop/BroCampTasks/Angular_Project/frontend/.angular/cache/18.2.11/frontend/vite/deps/rxjs.js.map 304 [25/Jan/2025:17:32:40 +0000] - 148.538 ms localhost
GET /@fs/C:/Users/USER/Desktop/BroCampTasks/Angular_Project/frontend/.angular/cache/18.2.11/frontend/vite/deps/@angular_forms.js.map 304 [25/Jan/2025:17:32:40 +0000] - 114.550 ms localhost
GET /favicon.ico 304 [25/Jan/2025:17:32:40 +0000] - 7.685 ms localhost
GET /@fs/C:/Users/USER/Desktop/BroCampTasks/Angular_Project/frontend/.angular/cache/18.2.11/frontend/vite/deps/@angular_common.js.map 304 [25/Jan/2025:17:32:40 +0000] - 52.090 ms localhost
GET /@fs/C:/Users/USER/Desktop/BroCampTasks/Angular_Project/frontend/.angular/cache/18.2.11/frontend/vite/deps/ngx-socket-io.js.map 304 [25/Jan/2025:17:32:40 +0000] - 16.413 ms localhost
GET /@fs/C:/Users/USER/Desktop/BroCampTasks/Angular_Project/frontend/.angular/cache/18.2.11/frontend/vite/deps/chunk-7MS5FTBZ.js.map 304 [25/Jan/2025:17:32:40 +0000] - 7.915 ms localhost
GET /login.component.css.map 200 [25/Jan/2025:17:32:40 +0000] - 5.140 ms localhost
POST /user/login 200 [25/Jan/2025:17:32:53 +0000] - 999.642 ms localhost
GET /layout.component.css.map 200 [25/Jan/2025:17:32:53 +0000] - 9.489 ms localhost
GET /dashboard.component.css.map 200 [25/Jan/2025:17:32:53 +0000] - 9.795 ms localhost
GET /user-chat.component.css.map 200 [25/Jan/2025:17:32:57 +0000] - 60.427 ms localhost
GET /chat/674e8a6920bc39246157f503 304 [25/Jan/2025:17:32:57 +0000] - 598.922 ms localhost
GET /chat/674e8a6920bc39246157f503 304 [25/Jan/2025:17:33:00 +0000] - 81.603 ms localhost
GET /chat 404 [25/Jan/2025:17:52:55 +0000] - 216.248 ms localhost
GET /dashboard 200 [25/Jan/2025:17:54:35 +0000] - 135.619 ms localhost
GET /@vite/client 304 [25/Jan/2025:17:54:36 +0000] - 96.220 ms localhost
GET /main.js 200 [25/Jan/2025:17:54:36 +0000] - 305.433 ms localhost
GET /polyfills.js 304 [25/Jan/2025:17:54:36 +0000] - 319.214 ms localhost
GET /styles.css 200 [25/Jan/2025:17:54:36 +0000] - 337.926 ms localhost
GET /@fs/C:/Users/USER/Desktop/BroCampTasks/Angular_Project/frontend/node_modules/vite/dist/client/env.mjs 304 [25/Jan/2025:17:54:36 +0000] - 366.593 ms localhost
GET /styles.css.map 200 [25/Jan/2025:17:54:37 +0000] - 116.911 ms localhost
GET /@fs/C:/Users/USER/Desktop/BroCampTasks/Angular_Project/frontend/.angular/cache/18.2.11/frontend/vite/deps/@angular_router.js.map 304 [25/Jan/2025:17:54:38 +0000] - 955.092 ms localhost
GET /favicon.ico 304 [25/Jan/2025:17:54:38 +0000] - 22.208 ms localhost
GET /@fs/C:/Users/USER/Desktop/BroCampTasks/Angular_Project/frontend/.angular/cache/18.2.11/frontend/vite/deps/@angular_platform-browser.js.map 304 [25/Jan/2025:17:54:38 +0000] - 761.891 ms localhost
GET /@fs/C:/Users/USER/Desktop/BroCampTasks/Angular_Project/frontend/.angular/cache/18.2.11/frontend/vite/deps/chunk-ZKQIAUIS.js.map 304 [25/Jan/2025:17:54:38 +0000] - 832.388 ms localhost
GET /@fs/C:/Users/USER/Desktop/BroCampTasks/Angular_Project/frontend/.angular/cache/18.2.11/frontend/vite/deps/chunk-2ZWNOPXZ.js.map 304 [25/Jan/2025:17:54:39 +0000] - 962.081 ms localhost
GET /@fs/C:/Users/USER/Desktop/BroCampTasks/Angular_Project/frontend/.angular/cache/18.2.11/frontend/vite/deps/chunk-F4ZW7LLY.js.map 304 [25/Jan/2025:17:54:39 +0000] - 1031.709 ms localhost
GET /@fs/C:/Users/USER/Desktop/BroCampTasks/Angular_Project/frontend/.angular/cache/18.2.11/frontend/vite/deps/chunk-BKIWMXDL.js.map 304 [25/Jan/2025:17:54:39 +0000] - 1158.487 ms localhost
GET /@fs/C:/Users/USER/Desktop/BroCampTasks/Angular_Project/frontend/.angular/cache/18.2.11/frontend/vite/deps/chunk-XWLXMCJQ.js.map 304 [25/Jan/2025:17:54:39 +0000] - 391.878 ms localhost
GET /@fs/C:/Users/USER/Desktop/BroCampTasks/Angular_Project/frontend/.angular/cache/18.2.11/frontend/vite/deps/@angular_core.js.map 304 [25/Jan/2025:17:54:39 +0000] - 330.672 ms localhost
GET /@fs/C:/Users/USER/Desktop/BroCampTasks/Angular_Project/frontend/.angular/cache/18.2.11/frontend/vite/deps/chunk-66JPAEYR.js.map 304 [25/Jan/2025:17:54:39 +0000] - 446.435 ms localhost
GET /@fs/C:/Users/USER/Desktop/BroCampTasks/Angular_Project/frontend/.angular/cache/18.2.11/frontend/vite/deps/@angular_common_http.js.map 304 [25/Jan/2025:17:54:39 +0000] - 251.284 ms localhost
GET /@fs/C:/Users/USER/Desktop/BroCampTasks/Angular_Project/frontend/.angular/cache/18.2.11/frontend/vite/deps/rxjs.js.map 304 [25/Jan/2025:17:54:39 +0000] - 178.097 ms localhost
GET /@fs/C:/Users/USER/Desktop/BroCampTasks/Angular_Project/frontend/.angular/cache/18.2.11/frontend/vite/deps/@angular_common.js.map 304 [25/Jan/2025:17:54:39 +0000] - 40.731 ms localhost
GET /@fs/C:/Users/USER/Desktop/BroCampTasks/Angular_Project/frontend/.angular/cache/18.2.11/frontend/vite/deps/ngx-socket-io.js.map 304 [25/Jan/2025:17:54:39 +0000] - 43.869 ms localhost
GET /@fs/C:/Users/USER/Desktop/BroCampTasks/Angular_Project/frontend/.angular/cache/18.2.11/frontend/vite/deps/@angular_forms.js.map 304 [25/Jan/2025:17:54:39 +0000] - 59.742 ms localhost
GET /login.component.css.map 200 [25/Jan/2025:17:54:39 +0000] - 6.657 ms localhost
GET /@fs/C:/Users/USER/Desktop/BroCampTasks/Angular_Project/frontend/.angular/cache/18.2.11/frontend/vite/deps/chunk-7MS5FTBZ.js.map 304 [25/Jan/2025:17:54:39 +0000] - 13.851 ms localhost
POST /user/login 200 [25/Jan/2025:17:54:46 +0000] - 978.882 ms localhost
GET /dashboard.component.css.map 200 [25/Jan/2025:17:54:46 +0000] - 7.740 ms localhost
GET /layout.component.css.map 200 [25/Jan/2025:17:54:46 +0000] - 10.533 ms localhost
GET /user-chat.component.css.map 200 [25/Jan/2025:17:54:50 +0000] - 4.943 ms localhost
GET /chat/674e8a6920bc39246157f503 304 [25/Jan/2025:17:54:50 +0000] - 394.369 ms localhost
GET /chat 404 [25/Jan/2025:17:55:07 +0000] - 23.500 ms localhost
GET /dashboard 200 [25/Jan/2025:17:58:10 +0000] - 292.589 ms localhost
GET /styles.css 200 [25/Jan/2025:17:58:10 +0000] - 58.231 ms localhost
GET /main.js 200 [25/Jan/2025:17:58:11 +0000] - 1297.158 ms localhost
GET /@vite/client 304 [25/Jan/2025:17:58:11 +0000] - 1304.194 ms localhost
GET /polyfills.js 304 [25/Jan/2025:17:58:11 +0000] - 1311.870 ms localhost
GET /styles.css.map 200 [25/Jan/2025:17:58:11 +0000] - 341.447 ms localhost
GET /@fs/C:/Users/USER/Desktop/BroCampTasks/Angular_Project/frontend/node_modules/vite/dist/client/env.mjs 504 [25/Jan/2025:17:58:12 +0000] - 747.384 ms localhost
GET /@fs/C:/Users/USER/Desktop/BroCampTasks/Angular_Project/frontend/.angular/cache/18.2.11/frontend/vite/deps/@angular_router.js.map 504 [25/Jan/2025:17:58:13 +0000] - 1312.523 ms localhost
GET /@fs/C:/Users/USER/Desktop/BroCampTasks/Angular_Project/frontend/.angular/cache/18.2.11/frontend/vite/deps/@angular_platform-browser.js.map 504 [25/Jan/2025:17:58:13 +0000] - 1311.794 ms localhost
GET /@fs/C:/Users/USER/Desktop/BroCampTasks/Angular_Project/frontend/.angular/cache/18.2.11/frontend/vite/deps/chunk-F4ZW7LLY.js.map 504 [25/Jan/2025:17:58:13 +0000] - 1297.244 ms localhost
GET /@fs/C:/Users/USER/Desktop/BroCampTasks/Angular_Project/frontend/.angular/cache/18.2.11/frontend/vite/deps/chunk-2ZWNOPXZ.js.map 504 [25/Jan/2025:17:58:13 +0000] - 869.075 ms localhost
GET /@fs/C:/Users/USER/Desktop/BroCampTasks/Angular_Project/frontend/.angular/cache/18.2.11/frontend/vite/deps/chunk-ZKQIAUIS.js.map 504 [25/Jan/2025:17:58:13 +0000] - 869.253 ms localhost
GET /favicon.ico 304 [25/Jan/2025:17:58:13 +0000] - 57.189 ms localhost
GET /@fs/C:/Users/USER/Desktop/BroCampTasks/Angular_Project/frontend/.angular/cache/18.2.11/frontend/vite/deps/chunk-66JPAEYR.js.map 304 [25/Jan/2025:17:58:13 +0000] - 45.770 ms localhost
GET /@fs/C:/Users/USER/Desktop/BroCampTasks/Angular_Project/frontend/.angular/cache/18.2.11/frontend/vite/deps/chunk-XWLXMCJQ.js.map 304 [25/Jan/2025:17:58:13 +0000] - 46.252 ms localhost
GET /@fs/C:/Users/USER/Desktop/BroCampTasks/Angular_Project/frontend/.angular/cache/18.2.11/frontend/vite/deps/chunk-BKIWMXDL.js.map 304 [25/Jan/2025:17:58:14 +0000] - 753.793 ms localhost
GET /@fs/C:/Users/USER/Desktop/BroCampTasks/Angular_Project/frontend/.angular/cache/18.2.11/frontend/vite/deps/@angular_core.js.map 304 [25/Jan/2025:17:58:14 +0000] - 144.791 ms localhost
GET /@fs/C:/Users/USER/Desktop/BroCampTasks/Angular_Project/frontend/.angular/cache/18.2.11/frontend/vite/deps/@angular_common.js.map 304 [25/Jan/2025:17:58:14 +0000] - 123.285 ms localhost
GET /@fs/C:/Users/USER/Desktop/BroCampTasks/Angular_Project/frontend/.angular/cache/18.2.11/frontend/vite/deps/rxjs.js.map 304 [25/Jan/2025:17:58:14 +0000] - 121.281 ms localhost
GET /@fs/C:/Users/USER/Desktop/BroCampTasks/Angular_Project/frontend/.angular/cache/18.2.11/frontend/vite/deps/@angular_common_http.js.map 304 [25/Jan/2025:17:58:14 +0000] - 148.687 ms localhost
GET /@fs/C:/Users/USER/Desktop/BroCampTasks/Angular_Project/frontend/.angular/cache/18.2.11/frontend/vite/deps/@angular_forms.js.map 304 [25/Jan/2025:17:58:14 +0000] - 178.008 ms localhost
GET /login.component.css.map 200 [25/Jan/2025:17:58:14 +0000] - 29.106 ms localhost
GET /@fs/C:/Users/USER/Desktop/BroCampTasks/Angular_Project/frontend/.angular/cache/18.2.11/frontend/vite/deps/ngx-socket-io.js.map 304 [25/Jan/2025:17:58:14 +0000] - 44.698 ms localhost
GET /@fs/C:/Users/USER/Desktop/BroCampTasks/Angular_Project/frontend/.angular/cache/18.2.11/frontend/vite/deps/chunk-7MS5FTBZ.js.map 304 [25/Jan/2025:17:58:14 +0000] - 45.142 ms localhost
POST /user/login 200 [25/Jan/2025:17:58:20 +0000] - 874.902 ms localhost
GET /layout.component.css.map 200 [25/Jan/2025:17:58:20 +0000] - 5.304 ms localhost
GET /dashboard.component.css.map 200 [25/Jan/2025:17:58:20 +0000] - 6.720 ms localhost
GET /user-chat.component.css.map 200 [25/Jan/2025:17:58:24 +0000] - 7.411 ms localhost
GET /chat/674e8a6920bc39246157f503 304 [25/Jan/2025:17:58:25 +0000] - 1040.478 ms localhost
GET /dashboard.component.css.map 200 [25/Jan/2025:18:01:37 +0000] - 150.868 ms localhost
GET /dashboard 200 [25/Jan/2025:18:01:37 +0000] - 140.139 ms localhost
GET /styles.css 200 [25/Jan/2025:18:01:38 +0000] - 225.772 ms localhost
GET /@vite/client 304 [25/Jan/2025:18:01:38 +0000] - 242.204 ms localhost
GET /polyfills.js 304 [25/Jan/2025:18:01:38 +0000] - 235.533 ms localhost
GET /main.js 200 [25/Jan/2025:18:01:38 +0000] - 64.645 ms localhost
GET /@fs/C:/Users/USER/Desktop/BroCampTasks/Angular_Project/frontend/node_modules/vite/dist/client/env.mjs 200 [25/Jan/2025:18:01:38 +0000] - 47.871 ms localhost
GET /favicon.ico 304 [25/Jan/2025:18:01:39 +0000] - 13.858 ms localhost
GET /styles.css.map 200 [25/Jan/2025:18:01:40 +0000] - 282.210 ms localhost
GET /@fs/C:/Users/USER/Desktop/BroCampTasks/Angular_Project/frontend/.angular/cache/18.2.11/frontend/vite/deps/chunk-F4ZW7LLY.js.map 200 [25/Jan/2025:18:01:40 +0000] - 619.667 ms localhost
GET /@fs/C:/Users/USER/Desktop/BroCampTasks/Angular_Project/frontend/.angular/cache/18.2.11/frontend/vite/deps/@angular_platform-browser.js.map 200 [25/Jan/2025:18:01:40 +0000] - 596.414 ms localhost
GET /@fs/C:/Users/USER/Desktop/BroCampTasks/Angular_Project/frontend/.angular/cache/18.2.11/frontend/vite/deps/chunk-ZKQIAUIS.js.map 200 [25/Jan/2025:18:01:40 +0000] - 702.603 ms localhost
GET /@fs/C:/Users/USER/Desktop/BroCampTasks/Angular_Project/frontend/.angular/cache/18.2.11/frontend/vite/deps/chunk-2ZWNOPXZ.js.map 200 [25/Jan/2025:18:01:40 +0000] - 731.159 ms localhost
GET /@fs/C:/Users/USER/Desktop/BroCampTasks/Angular_Project/frontend/.angular/cache/18.2.11/frontend/vite/deps/@angular_router.js.map 200 [25/Jan/2025:18:01:40 +0000] - 560.544 ms localhost
GET /@fs/C:/Users/USER/Desktop/BroCampTasks/Angular_Project/frontend/.angular/cache/18.2.11/frontend/vite/deps/chunk-BKIWMXDL.js.map 304 [25/Jan/2025:18:01:40 +0000] - 835.135 ms localhost
GET /@fs/C:/Users/USER/Desktop/BroCampTasks/Angular_Project/frontend/.angular/cache/18.2.11/frontend/vite/deps/chunk-XWLXMCJQ.js.map 304 [25/Jan/2025:18:01:40 +0000] - 193.913 ms localhost
GET /@fs/C:/Users/USER/Desktop/BroCampTasks/Angular_Project/frontend/.angular/cache/18.2.11/frontend/vite/deps/@angular_forms.js.map 304 [25/Jan/2025:18:01:40 +0000] - 219.913 ms localhost
GET /@fs/C:/Users/USER/Desktop/BroCampTasks/Angular_Project/frontend/.angular/cache/18.2.11/frontend/vite/deps/chunk-66JPAEYR.js.map 304 [25/Jan/2025:18:01:40 +0000] - 182.898 ms localhost
GET /@fs/C:/Users/USER/Desktop/BroCampTasks/Angular_Project/frontend/.angular/cache/18.2.11/frontend/vite/deps/@angular_core.js.map 304 [25/Jan/2025:18:01:41 +0000] - 158.906 ms localhost
GET /@fs/C:/Users/USER/Desktop/BroCampTasks/Angular_Project/frontend/.angular/cache/18.2.11/frontend/vite/deps/@angular_common_http.js.map 304 [25/Jan/2025:18:01:41 +0000] - 113.062 ms localhost
GET /@fs/C:/Users/USER/Desktop/BroCampTasks/Angular_Project/frontend/.angular/cache/18.2.11/frontend/vite/deps/rxjs.js.map 304 [25/Jan/2025:18:01:41 +0000] - 70.656 ms localhost
GET /login.component.css.map 200 [25/Jan/2025:18:01:41 +0000] - 9.126 ms localhost
GET /@fs/C:/Users/USER/Desktop/BroCampTasks/Angular_Project/frontend/.angular/cache/18.2.11/frontend/vite/deps/chunk-7MS5FTBZ.js.map 304 [25/Jan/2025:18:01:41 +0000] - 43.050 ms localhost
GET /@fs/C:/Users/USER/Desktop/BroCampTasks/Angular_Project/frontend/.angular/cache/18.2.11/frontend/vite/deps/@angular_common.js.map 304 [25/Jan/2025:18:01:41 +0000] - 151.404 ms localhost
GET /@fs/C:/Users/USER/Desktop/BroCampTasks/Angular_Project/frontend/.angular/cache/18.2.11/frontend/vite/deps/ngx-socket-io.js.map 304 [25/Jan/2025:18:01:41 +0000] - 126.111 ms localhost
POST /user/login 200 [25/Jan/2025:18:02:00 +0000] - 808.253 ms localhost
GET /dashboard.component.css.map 200 [25/Jan/2025:18:02:00 +0000] - 7.206 ms localhost
GET /layout.component.css.map 200 [25/Jan/2025:18:02:00 +0000] - 8.645 ms localhost
GET /user-chat.component.css.map 200 [25/Jan/2025:18:02:07 +0000] - 4.532 ms localhost
GET /chat/674e8a6920bc39246157f503 304 [25/Jan/2025:18:02:08 +0000] - 628.747 ms localhost
GET /chat 404 [25/Jan/2025:18:02:33 +0000] - 25.615 ms localhost
GET /dashboard 200 [25/Jan/2025:18:02:37 +0000] - 12.234 ms localhost
GET /styles.css 200 [25/Jan/2025:18:02:37 +0000] - 8.901 ms localhost
GET /@vite/client 304 [25/Jan/2025:18:02:37 +0000] - 12.771 ms localhost
GET /main.js 200 [25/Jan/2025:18:02:37 +0000] - 22.367 ms localhost
GET /polyfills.js 304 [25/Jan/2025:18:02:37 +0000] - 31.276 ms localhost
GET /@fs/C:/Users/USER/Desktop/BroCampTasks/Angular_Project/frontend/node_modules/vite/dist/client/env.mjs 304 [25/Jan/2025:18:02:37 +0000] - 3.895 ms localhost
GET /styles.css.map 200 [25/Jan/2025:18:02:37 +0000] - 4.501 ms localhost
GET /@fs/C:/Users/USER/Desktop/BroCampTasks/Angular_Project/frontend/.angular/cache/18.2.11/frontend/vite/deps/@angular_platform-browser.js.map 304 [25/Jan/2025:18:02:38 +0000] - 210.433 ms localhost
GET /@fs/C:/Users/USER/Desktop/BroCampTasks/Angular_Project/frontend/.angular/cache/18.2.11/frontend/vite/deps/chunk-2ZWNOPXZ.js.map 304 [25/Jan/2025:18:02:38 +0000] - 346.869 ms localhost
GET /@fs/C:/Users/USER/Desktop/BroCampTasks/Angular_Project/frontend/.angular/cache/18.2.11/frontend/vite/deps/@angular_core.js.map 304 [25/Jan/2025:18:02:38 +0000] - 348.165 ms localhost
GET /@fs/C:/Users/USER/Desktop/BroCampTasks/Angular_Project/frontend/.angular/cache/18.2.11/frontend/vite/deps/chunk-66JPAEYR.js.map 304 [25/Jan/2025:18:02:38 +0000] - 365.894 ms localhost
GET /@fs/C:/Users/USER/Desktop/BroCampTasks/Angular_Project/frontend/.angular/cache/18.2.11/frontend/vite/deps/chunk-ZKQIAUIS.js.map 304 [25/Jan/2025:18:02:38 +0000] - 375.255 ms localhost
GET /favicon.ico 304 [25/Jan/2025:18:02:38 +0000] - 20.543 ms localhost
GET /@fs/C:/Users/USER/Desktop/BroCampTasks/Angular_Project/frontend/.angular/cache/18.2.11/frontend/vite/deps/chunk-BKIWMXDL.js.map 304 [25/Jan/2025:18:02:38 +0000] - 453.791 ms localhost
GET /@fs/C:/Users/USER/Desktop/BroCampTasks/Angular_Project/frontend/.angular/cache/18.2.11/frontend/vite/deps/@angular_forms.js.map 304 [25/Jan/2025:18:02:38 +0000] - 246.126 ms localhost
GET /@fs/C:/Users/USER/Desktop/BroCampTasks/Angular_Project/frontend/.angular/cache/18.2.11/frontend/vite/deps/chunk-XWLXMCJQ.js.map 304 [25/Jan/2025:18:02:38 +0000] - 153.525 ms localhost
GET /@fs/C:/Users/USER/Desktop/BroCampTasks/Angular_Project/frontend/.angular/cache/18.2.11/frontend/vite/deps/chunk-F4ZW7LLY.js.map 304 [25/Jan/2025:18:02:38 +0000] - 157.686 ms localhost
GET /@fs/C:/Users/USER/Desktop/BroCampTasks/Angular_Project/frontend/.angular/cache/18.2.11/frontend/vite/deps/@angular_common_http.js.map 304 [25/Jan/2025:18:02:38 +0000] - 137.042 ms localhost
GET /@fs/C:/Users/USER/Desktop/BroCampTasks/Angular_Project/frontend/.angular/cache/18.2.11/frontend/vite/deps/@angular_router.js.map 304 [25/Jan/2025:18:02:38 +0000] - 171.152 ms localhost
GET /@fs/C:/Users/USER/Desktop/BroCampTasks/Angular_Project/frontend/.angular/cache/18.2.11/frontend/vite/deps/rxjs.js.map 304 [25/Jan/2025:18:02:38 +0000] - 51.252 ms localhost
GET /login.component.css.map 200 [25/Jan/2025:18:02:38 +0000] - 27.404 ms localhost
GET /@fs/C:/Users/USER/Desktop/BroCampTasks/Angular_Project/frontend/.angular/cache/18.2.11/frontend/vite/deps/@angular_common.js.map 304 [25/Jan/2025:18:02:38 +0000] - 98.540 ms localhost
GET /@fs/C:/Users/USER/Desktop/BroCampTasks/Angular_Project/frontend/.angular/cache/18.2.11/frontend/vite/deps/ngx-socket-io.js.map 304 [25/Jan/2025:18:02:38 +0000] - 93.399 ms localhost
GET /@fs/C:/Users/USER/Desktop/BroCampTasks/Angular_Project/frontend/.angular/cache/18.2.11/frontend/vite/deps/chunk-7MS5FTBZ.js.map 304 [25/Jan/2025:18:02:38 +0000] - 99.316 ms localhost
POST /user/login 200 [25/Jan/2025:18:02:44 +0000] - 294.345 ms localhost
GET /dashboard.component.css.map 200 [25/Jan/2025:18:02:44 +0000] - 6.510 ms localhost
GET /layout.component.css.map 200 [25/Jan/2025:18:02:44 +0000] - 8.540 ms localhost
GET /user-chat.component.css.map 200 [25/Jan/2025:18:02:47 +0000] - 11.270 ms localhost
GET /chat/674e8a6920bc39246157f503 304 [25/Jan/2025:18:02:47 +0000] - 119.590 ms localhost
GET /dashboard.component.css.map 200 [25/Jan/2025:18:02:56 +0000] - 7.435 ms localhost
GET /dashboard 200 [25/Jan/2025:18:02:56 +0000] - 19.395 ms localhost
GET /styles.css 200 [25/Jan/2025:18:02:56 +0000] - 38.060 ms localhost
GET /@vite/client 304 [25/Jan/2025:18:02:56 +0000] - 39.867 ms localhost
GET /main.js 200 [25/Jan/2025:18:02:57 +0000] - 70.837 ms localhost
GET /polyfills.js 304 [25/Jan/2025:18:02:57 +0000] - 75.215 ms localhost
GET /@fs/C:/Users/USER/Desktop/BroCampTasks/Angular_Project/frontend/node_modules/vite/dist/client/env.mjs 304 [25/Jan/2025:18:02:57 +0000] - 57.610 ms localhost
GET /styles.css.map 200 [25/Jan/2025:18:02:57 +0000] - 119.579 ms localhost
GET /@fs/C:/Users/USER/Desktop/BroCampTasks/Angular_Project/frontend/.angular/cache/18.2.11/frontend/vite/deps/@angular_core.js.map 304 [25/Jan/2025:18:02:57 +0000] - 103.939 ms localhost
GET /@fs/C:/Users/USER/Desktop/BroCampTasks/Angular_Project/frontend/.angular/cache/18.2.11/frontend/vite/deps/@angular_router.js.map 304 [25/Jan/2025:18:02:57 +0000] - 199.179 ms localhost
GET /@fs/C:/Users/USER/Desktop/BroCampTasks/Angular_Project/frontend/.angular/cache/18.2.11/frontend/vite/deps/@angular_platform-browser.js.map 304 [25/Jan/2025:18:02:57 +0000] - 217.429 ms localhost
GET /@fs/C:/Users/USER/Desktop/BroCampTasks/Angular_Project/frontend/.angular/cache/18.2.11/frontend/vite/deps/chunk-F4ZW7LLY.js.map 304 [25/Jan/2025:18:02:57 +0000] - 320.641 ms localhost
GET /@fs/C:/Users/USER/Desktop/BroCampTasks/Angular_Project/frontend/.angular/cache/18.2.11/frontend/vite/deps/chunk-ZKQIAUIS.js.map 304 [25/Jan/2025:18:02:57 +0000] - 337.940 ms localhost
GET /@fs/C:/Users/USER/Desktop/BroCampTasks/Angular_Project/frontend/.angular/cache/18.2.11/frontend/vite/deps/chunk-2ZWNOPXZ.js.map 304 [25/Jan/2025:18:02:57 +0000] - 358.373 ms localhost
GET /@fs/C:/Users/USER/Desktop/BroCampTasks/Angular_Project/frontend/.angular/cache/18.2.11/frontend/vite/deps/chunk-BKIWMXDL.js.map 304 [25/Jan/2025:18:02:58 +0000] - 415.506 ms localhost
GET /favicon.ico 304 [25/Jan/2025:18:02:58 +0000] - 37.380 ms localhost
GET /@fs/C:/Users/USER/Desktop/BroCampTasks/Angular_Project/frontend/.angular/cache/18.2.11/frontend/vite/deps/chunk-XWLXMCJQ.js.map 304 [25/Jan/2025:18:02:58 +0000] - 559.516 ms localhost
GET /@fs/C:/Users/USER/Desktop/BroCampTasks/Angular_Project/frontend/.angular/cache/18.2.11/frontend/vite/deps/@angular_common_http.js.map 304 [25/Jan/2025:18:02:58 +0000] - 539.739 ms localhost
GET /@fs/C:/Users/USER/Desktop/BroCampTasks/Angular_Project/frontend/.angular/cache/18.2.11/frontend/vite/deps/rxjs.js.map 304 [25/Jan/2025:18:02:58 +0000] - 535.163 ms localhost
GET /@fs/C:/Users/USER/Desktop/BroCampTasks/Angular_Project/frontend/.angular/cache/18.2.11/frontend/vite/deps/@angular_common.js.map 304 [25/Jan/2025:18:02:58 +0000] - 11.356 ms localhost
GET /@fs/C:/Users/USER/Desktop/BroCampTasks/Angular_Project/frontend/.angular/cache/18.2.11/frontend/vite/deps/chunk-66JPAEYR.js.map 304 [25/Jan/2025:18:02:58 +0000] - 569.998 ms localhost
GET /@fs/C:/Users/USER/Desktop/BroCampTasks/Angular_Project/frontend/.angular/cache/18.2.11/frontend/vite/deps/@angular_forms.js.map 304 [25/Jan/2025:18:02:58 +0000] - 417.283 ms localhost
GET /@fs/C:/Users/USER/Desktop/BroCampTasks/Angular_Project/frontend/.angular/cache/18.2.11/frontend/vite/deps/ngx-socket-io.js.map 304 [25/Jan/2025:18:02:58 +0000] - 10.683 ms localhost
GET /@fs/C:/Users/USER/Desktop/BroCampTasks/Angular_Project/frontend/.angular/cache/18.2.11/frontend/vite/deps/chunk-7MS5FTBZ.js.map 304 [25/Jan/2025:18:02:58 +0000] - 116.344 ms localhost
GET /login.component.css.map 200 [25/Jan/2025:18:02:58 +0000] - 117.890 ms localhost
POST /user/login 200 [25/Jan/2025:18:03:03 +0000] - 128.738 ms localhost
GET /layout.component.css.map 200 [25/Jan/2025:18:03:03 +0000] - 4.404 ms localhost
GET /dashboard.component.css.map 200 [25/Jan/2025:18:03:03 +0000] - 10.173 ms localhost
GET /user-chat.component.css.map 200 [25/Jan/2025:18:03:07 +0000] - 2.540 ms localhost
GET /chat/674e8a6920bc39246157f503 304 [25/Jan/2025:18:03:07 +0000] - 66.189 ms localhost
GET /chat 404 [25/Jan/2025:18:03:15 +0000] - 64.451 ms localhost
GET /dashboard 200 [25/Jan/2025:18:03:37 +0000] - 13.351 ms localhost
GET /styles.css 200 [25/Jan/2025:18:03:37 +0000] - 3.746 ms localhost
GET /polyfills.js 304 [25/Jan/2025:18:03:37 +0000] - 7.158 ms localhost
GET /main.js 200 [25/Jan/2025:18:03:37 +0000] - 21.435 ms localhost
GET /@vite/client 304 [25/Jan/2025:18:03:37 +0000] - 28.791 ms localhost
GET /styles.css.map 200 [25/Jan/2025:18:03:37 +0000] - 4.621 ms localhost
GET /@fs/C:/Users/USER/Desktop/BroCampTasks/Angular_Project/frontend/node_modules/vite/dist/client/env.mjs 304 [25/Jan/2025:18:03:37 +0000] - 4.639 ms localhost
GET /@fs/C:/Users/USER/Desktop/BroCampTasks/Angular_Project/frontend/.angular/cache/18.2.11/frontend/vite/deps/@angular_core.js.map 304 [25/Jan/2025:18:03:37 +0000] - 13.440 ms localhost
GET /@fs/C:/Users/USER/Desktop/BroCampTasks/Angular_Project/frontend/.angular/cache/18.2.11/frontend/vite/deps/@angular_common_http.js.map 304 [25/Jan/2025:18:03:37 +0000] - 13.203 ms localhost
GET /@fs/C:/Users/USER/Desktop/BroCampTasks/Angular_Project/frontend/.angular/cache/18.2.11/frontend/vite/deps/rxjs.js.map 304 [25/Jan/2025:18:03:37 +0000] - 15.269 ms localhost
GET /@fs/C:/Users/USER/Desktop/BroCampTasks/Angular_Project/frontend/.angular/cache/18.2.11/frontend/vite/deps/chunk-ZKQIAUIS.js.map 304 [25/Jan/2025:18:03:37 +0000] - 29.977 ms localhost
GET /@fs/C:/Users/USER/Desktop/BroCampTasks/Angular_Project/frontend/.angular/cache/18.2.11/frontend/vite/deps/chunk-2ZWNOPXZ.js.map 304 [25/Jan/2025:18:03:37 +0000] - 36.258 ms localhost
GET /@fs/C:/Users/USER/Desktop/BroCampTasks/Angular_Project/frontend/.angular/cache/18.2.11/frontend/vite/deps/@angular_router.js.map 304 [25/Jan/2025:18:03:37 +0000] - 46.458 ms localhost
GET /@fs/C:/Users/USER/Desktop/BroCampTasks/Angular_Project/frontend/.angular/cache/18.2.11/frontend/vite/deps/@angular_forms.js.map 304 [25/Jan/2025:18:03:37 +0000] - 35.922 ms localhost
GET /@fs/C:/Users/USER/Desktop/BroCampTasks/Angular_Project/frontend/.angular/cache/18.2.11/frontend/vite/deps/@angular_platform-browser.js.map 304 [25/Jan/2025:18:03:37 +0000] - 35.620 ms localhost
GET /@fs/C:/Users/USER/Desktop/BroCampTasks/Angular_Project/frontend/.angular/cache/18.2.11/frontend/vite/deps/chunk-7MS5FTBZ.js.map 304 [25/Jan/2025:18:03:37 +0000] - 56.498 ms localhost
GET /@fs/C:/Users/USER/Desktop/BroCampTasks/Angular_Project/frontend/.angular/cache/18.2.11/frontend/vite/deps/chunk-F4ZW7LLY.js.map 304 [25/Jan/2025:18:03:37 +0000] - 53.618 ms localhost
GET /@fs/C:/Users/USER/Desktop/BroCampTasks/Angular_Project/frontend/.angular/cache/18.2.11/frontend/vite/deps/chunk-BKIWMXDL.js.map 304 [25/Jan/2025:18:03:38 +0000] - 203.123 ms localhost
GET /@fs/C:/Users/USER/Desktop/BroCampTasks/Angular_Project/frontend/.angular/cache/18.2.11/frontend/vite/deps/chunk-XWLXMCJQ.js.map 304 [25/Jan/2025:18:03:38 +0000] - 35.240 ms localhost
GET /@fs/C:/Users/USER/Desktop/BroCampTasks/Angular_Project/frontend/.angular/cache/18.2.11/frontend/vite/deps/@angular_common.js.map 304 [25/Jan/2025:18:03:38 +0000] - 34.554 ms localhost
GET /@fs/C:/Users/USER/Desktop/BroCampTasks/Angular_Project/frontend/.angular/cache/18.2.11/frontend/vite/deps/ngx-socket-io.js.map 304 [25/Jan/2025:18:03:38 +0000] - 32.578 ms localhost
GET /@fs/C:/Users/USER/Desktop/BroCampTasks/Angular_Project/frontend/.angular/cache/18.2.11/frontend/vite/deps/chunk-66JPAEYR.js.map 304 [25/Jan/2025:18:03:38 +0000] - 47.643 ms localhost
GET /login.component.css.map 200 [25/Jan/2025:18:03:38 +0000] - 5.305 ms localhost
GET /favicon.ico 304 [25/Jan/2025:18:03:38 +0000] - 3.649 ms localhost
POST /user/login 200 [25/Jan/2025:18:03:53 +0000] - 346.881 ms localhost
GET /layout.component.css.map 200 [25/Jan/2025:18:03:53 +0000] - 10.498 ms localhost
GET /dashboard.component.css.map 200 [25/Jan/2025:18:03:53 +0000] - 11.373 ms localhost
GET /user-chat.component.css.map 200 [25/Jan/2025:18:03:56 +0000] - 15.541 ms localhost
GET /chat/674e8a6920bc39246157f503 304 [25/Jan/2025:18:03:56 +0000] - 92.118 ms localhost
GET /chat 404 [25/Jan/2025:18:04:12 +0000] - 9.995 ms localhost
GET /dashboard 200 [25/Jan/2025:18:05:09 +0000] - 24.685 ms localhost
GET /styles.css 200 [25/Jan/2025:18:05:09 +0000] - 22.116 ms localhost
GET /@vite/client 304 [25/Jan/2025:18:05:09 +0000] - 29.234 ms localhost
GET /polyfills.js 304 [25/Jan/2025:18:05:09 +0000] - 29.582 ms localhost
GET /main.js 200 [25/Jan/2025:18:05:09 +0000] - 68.264 ms localhost
GET /@fs/C:/Users/USER/Desktop/BroCampTasks/Angular_Project/frontend/node_modules/vite/dist/client/env.mjs 304 [25/Jan/2025:18:05:09 +0000] - 3.447 ms localhost
GET /styles.css.map 200 [25/Jan/2025:18:05:09 +0000] - 10.398 ms localhost
GET /@fs/C:/Users/USER/Desktop/BroCampTasks/Angular_Project/frontend/.angular/cache/18.2.11/frontend/vite/deps/chunk-ZKQIAUIS.js.map 304 [25/Jan/2025:18:05:09 +0000] - 50.270 ms localhost
GET /@fs/C:/Users/USER/Desktop/BroCampTasks/Angular_Project/frontend/.angular/cache/18.2.11/frontend/vite/deps/chunk-F4ZW7LLY.js.map 304 [25/Jan/2025:18:05:09 +0000] - 55.528 ms localhost
GET /@fs/C:/Users/USER/Desktop/BroCampTasks/Angular_Project/frontend/.angular/cache/18.2.11/frontend/vite/deps/chunk-XWLXMCJQ.js.map 304 [25/Jan/2025:18:05:09 +0000] - 40.505 ms localhost
GET /@fs/C:/Users/USER/Desktop/BroCampTasks/Angular_Project/frontend/.angular/cache/18.2.11/frontend/vite/deps/chunk-BKIWMXDL.js.map 304 [25/Jan/2025:18:05:10 +0000] - 759.214 ms localhost
GET /@fs/C:/Users/USER/Desktop/BroCampTasks/Angular_Project/frontend/.angular/cache/18.2.11/frontend/vite/deps/@angular_platform-browser.js.map 304 [25/Jan/2025:18:05:10 +0000] - 797.163 ms localhost
GET /favicon.ico 304 [25/Jan/2025:18:05:10 +0000] - 68.096 ms localhost
GET /@fs/C:/Users/USER/Desktop/BroCampTasks/Angular_Project/frontend/.angular/cache/18.2.11/frontend/vite/deps/@angular_common_http.js.map 304 [25/Jan/2025:18:05:10 +0000] - 834.255 ms localhost
GET /@fs/C:/Users/USER/Desktop/BroCampTasks/Angular_Project/frontend/.angular/cache/18.2.11/frontend/vite/deps/@angular_core.js.map 304 [25/Jan/2025:18:05:10 +0000] - 757.904 ms localhost
GET /@fs/C:/Users/USER/Desktop/BroCampTasks/Angular_Project/frontend/.angular/cache/18.2.11/frontend/vite/deps/chunk-2ZWNOPXZ.js.map 304 [25/Jan/2025:18:05:10 +0000] - 898.501 ms localhost
GET /@fs/C:/Users/USER/Desktop/BroCampTasks/Angular_Project/frontend/.angular/cache/18.2.11/frontend/vite/deps/chunk-66JPAEYR.js.map 304 [25/Jan/2025:18:05:10 +0000] - 926.090 ms localhost
GET /@fs/C:/Users/USER/Desktop/BroCampTasks/Angular_Project/frontend/.angular/cache/18.2.11/frontend/vite/deps/rxjs.js.map 304 [25/Jan/2025:18:05:10 +0000] - 178.208 ms localhost
GET /@fs/C:/Users/USER/Desktop/BroCampTasks/Angular_Project/frontend/.angular/cache/18.2.11/frontend/vite/deps/@angular_common.js.map 304 [25/Jan/2025:18:05:10 +0000] - 179.264 ms localhost
GET /@fs/C:/Users/USER/Desktop/BroCampTasks/Angular_Project/frontend/.angular/cache/18.2.11/frontend/vite/deps/@angular_router.js.map 304 [25/Jan/2025:18:05:10 +0000] - 271.046 ms localhost
GET /@fs/C:/Users/USER/Desktop/BroCampTasks/Angular_Project/frontend/.angular/cache/18.2.11/frontend/vite/deps/ngx-socket-io.js.map 304 [25/Jan/2025:18:05:10 +0000] - 48.240 ms localhost
GET /@fs/C:/Users/USER/Desktop/BroCampTasks/Angular_Project/frontend/.angular/cache/18.2.11/frontend/vite/deps/@angular_forms.js.map 304 [25/Jan/2025:18:05:10 +0000] - 221.589 ms localhost
GET /login.component.css.map 200 [25/Jan/2025:18:05:10 +0000] - 33.178 ms localhost
GET /@fs/C:/Users/USER/Desktop/BroCampTasks/Angular_Project/frontend/.angular/cache/18.2.11/frontend/vite/deps/chunk-7MS5FTBZ.js.map 304 [25/Jan/2025:18:05:10 +0000] - 48.875 ms localhost
POST /user/login 200 [25/Jan/2025:18:05:17 +0000] - 395.517 ms localhost
GET /layout.component.css.map 200 [25/Jan/2025:18:05:17 +0000] - 3.925 ms localhost
GET /dashboard.component.css.map 200 [25/Jan/2025:18:05:17 +0000] - 7.018 ms localhost
GET /user-chat.component.css.map 200 [25/Jan/2025:18:05:20 +0000] - 8.429 ms localhost
GET /chat/674e8a6920bc39246157f503 304 [25/Jan/2025:18:05:20 +0000] - 141.463 ms localhost
GET /chat 404 [25/Jan/2025:18:06:13 +0000] - 21.488 ms localhost
GET /dashboard 200 [25/Jan/2025:18:06:29 +0000] - 8.030 ms localhost
GET /styles.css 200 [25/Jan/2025:18:06:29 +0000] - 6.877 ms localhost
GET /@vite/client 304 [25/Jan/2025:18:06:29 +0000] - 9.460 ms localhost
GET /polyfills.js 304 [25/Jan/2025:18:06:29 +0000] - 9.668 ms localhost
GET /main.js 200 [25/Jan/2025:18:06:29 +0000] - 21.764 ms localhost
GET /styles.css.map 200 [25/Jan/2025:18:06:29 +0000] - 5.983 ms localhost
GET /@fs/C:/Users/USER/Desktop/BroCampTasks/Angular_Project/frontend/node_modules/vite/dist/client/env.mjs 304 [25/Jan/2025:18:06:29 +0000] - 7.143 ms localhost
GET /@fs/C:/Users/USER/Desktop/BroCampTasks/Angular_Project/frontend/.angular/cache/18.2.11/frontend/vite/deps/chunk-ZKQIAUIS.js.map 304 [25/Jan/2025:18:06:30 +0000] - 44.962 ms localhost
GET /@fs/C:/Users/USER/Desktop/BroCampTasks/Angular_Project/frontend/.angular/cache/18.2.11/frontend/vite/deps/chunk-F4ZW7LLY.js.map 304 [25/Jan/2025:18:06:30 +0000] - 56.425 ms localhost
GET /@fs/C:/Users/USER/Desktop/BroCampTasks/Angular_Project/frontend/.angular/cache/18.2.11/frontend/vite/deps/chunk-2ZWNOPXZ.js.map 304 [25/Jan/2025:18:06:30 +0000] - 63.950 ms localhost
GET /@fs/C:/Users/USER/Desktop/BroCampTasks/Angular_Project/frontend/.angular/cache/18.2.11/frontend/vite/deps/@angular_core.js.map 304 [25/Jan/2025:18:06:30 +0000] - 58.683 ms localhost
GET /@fs/C:/Users/USER/Desktop/BroCampTasks/Angular_Project/frontend/.angular/cache/18.2.11/frontend/vite/deps/chunk-66JPAEYR.js.map 304 [25/Jan/2025:18:06:30 +0000] - 69.261 ms localhost
GET /@fs/C:/Users/USER/Desktop/BroCampTasks/Angular_Project/frontend/.angular/cache/18.2.11/frontend/vite/deps/chunk-BKIWMXDL.js.map 304 [25/Jan/2025:18:06:30 +0000] - 272.283 ms localhost
GET /@fs/C:/Users/USER/Desktop/BroCampTasks/Angular_Project/frontend/.angular/cache/18.2.11/frontend/vite/deps/@angular_common.js.map 304 [25/Jan/2025:18:06:30 +0000] - 162.844 ms localhost
GET /@fs/C:/Users/USER/Desktop/BroCampTasks/Angular_Project/frontend/.angular/cache/18.2.11/frontend/vite/deps/chunk-7MS5FTBZ.js.map 304 [25/Jan/2025:18:06:30 +0000] - 165.904 ms localhost
GET /@fs/C:/Users/USER/Desktop/BroCampTasks/Angular_Project/frontend/.angular/cache/18.2.11/frontend/vite/deps/@angular_platform-browser.js.map 304 [25/Jan/2025:18:06:30 +0000] - 166.270 ms localhost
GET /@fs/C:/Users/USER/Desktop/BroCampTasks/Angular_Project/frontend/.angular/cache/18.2.11/frontend/vite/deps/@angular_common_http.js.map 304 [25/Jan/2025:18:06:30 +0000] - 169.637 ms localhost
GET /@fs/C:/Users/USER/Desktop/BroCampTasks/Angular_Project/frontend/.angular/cache/18.2.11/frontend/vite/deps/chunk-XWLXMCJQ.js.map 304 [25/Jan/2025:18:06:30 +0000] - 121.707 ms localhost
GET /@fs/C:/Users/USER/Desktop/BroCampTasks/Angular_Project/frontend/.angular/cache/18.2.11/frontend/vite/deps/@angular_forms.js.map 304 [25/Jan/2025:18:06:30 +0000] - 189.297 ms localhost
GET /login.component.css.map 200 [25/Jan/2025:18:06:30 +0000] - 22.858 ms localhost
GET /favicon.ico 304 [25/Jan/2025:18:06:30 +0000] - 24.188 ms localhost
GET /@fs/C:/Users/USER/Desktop/BroCampTasks/Angular_Project/frontend/.angular/cache/18.2.11/frontend/vite/deps/rxjs.js.map 304 [25/Jan/2025:18:06:30 +0000] - 30.432 ms localhost
GET /@fs/C:/Users/USER/Desktop/BroCampTasks/Angular_Project/frontend/.angular/cache/18.2.11/frontend/vite/deps/ngx-socket-io.js.map 304 [25/Jan/2025:18:06:30 +0000] - 30.470 ms localhost
GET /@fs/C:/Users/USER/Desktop/BroCampTasks/Angular_Project/frontend/.angular/cache/18.2.11/frontend/vite/deps/@angular_router.js.map 304 [25/Jan/2025:18:06:30 +0000] - 44.720 ms localhost
POST /user/login 200 [25/Jan/2025:18:06:39 +0000] - 266.899 ms localhost
GET /dashboard.component.css.map 200 [25/Jan/2025:18:06:39 +0000] - 6.375 ms localhost
GET /layout.component.css.map 200 [25/Jan/2025:18:06:39 +0000] - 7.104 ms localhost
GET /user-chat.component.css.map 200 [25/Jan/2025:18:06:43 +0000] - 7.138 ms localhost
GET /chat/674e8a6920bc39246157f503 304 [25/Jan/2025:18:06:43 +0000] - 88.375 ms localhost
GET /chat 404 [25/Jan/2025:18:07:29 +0000] - 31.605 ms localhost
GET /dashboard 200 [25/Jan/2025:18:10:23 +0000] - 222.035 ms localhost
GET /@vite/client 304 [25/Jan/2025:18:10:23 +0000] - 35.186 ms localhost
GET /styles.css 200 [25/Jan/2025:18:10:23 +0000] - 43.421 ms localhost
GET /main.js 200 [25/Jan/2025:18:10:24 +0000] - 289.680 ms localhost
GET /polyfills.js 304 [25/Jan/2025:18:10:24 +0000] - 324.145 ms localhost
GET /@fs/C:/Users/USER/Desktop/BroCampTasks/Angular_Project/frontend/node_modules/vite/dist/client/env.mjs 304 [25/Jan/2025:18:10:24 +0000] - 16.572 ms localhost
GET /styles.css.map 200 [25/Jan/2025:18:10:25 +0000] - 70.475 ms localhost
GET /@fs/C:/Users/USER/Desktop/BroCampTasks/Angular_Project/frontend/.angular/cache/18.2.11/frontend/vite/deps/@angular_common.js.map 304 [25/Jan/2025:18:10:25 +0000] - 297.085 ms localhost
GET /@fs/C:/Users/USER/Desktop/BroCampTasks/Angular_Project/frontend/.angular/cache/18.2.11/frontend/vite/deps/chunk-66JPAEYR.js.map 304 [25/Jan/2025:18:10:25 +0000] - 469.212 ms localhost
GET /@fs/C:/Users/USER/Desktop/BroCampTasks/Angular_Project/frontend/.angular/cache/18.2.11/frontend/vite/deps/chunk-F4ZW7LLY.js.map 304 [25/Jan/2025:18:10:25 +0000] - 508.207 ms localhost
GET /@fs/C:/Users/USER/Desktop/BroCampTasks/Angular_Project/frontend/.angular/cache/18.2.11/frontend/vite/deps/@angular_platform-browser.js.map 304 [25/Jan/2025:18:10:25 +0000] - 499.034 ms localhost
GET /@fs/C:/Users/USER/Desktop/BroCampTasks/Angular_Project/frontend/.angular/cache/18.2.11/frontend/vite/deps/chunk-ZKQIAUIS.js.map 304 [25/Jan/2025:18:10:25 +0000] - 496.037 ms localhost
GET /@fs/C:/Users/USER/Desktop/BroCampTasks/Angular_Project/frontend/.angular/cache/18.2.11/frontend/vite/deps/chunk-2ZWNOPXZ.js.map 304 [25/Jan/2025:18:10:25 +0000] - 543.600 ms localhost
GET /favicon.ico 304 [25/Jan/2025:18:10:25 +0000] - 264.179 ms localhost
GET /@fs/C:/Users/USER/Desktop/BroCampTasks/Angular_Project/frontend/.angular/cache/18.2.11/frontend/vite/deps/chunk-XWLXMCJQ.js.map 304 [25/Jan/2025:18:10:25 +0000] - 51.517 ms localhost
GET /@fs/C:/Users/USER/Desktop/BroCampTasks/Angular_Project/frontend/.angular/cache/18.2.11/frontend/vite/deps/@angular_common_http.js.map 304 [25/Jan/2025:18:10:25 +0000] - 24.387 ms localhost
GET /@fs/C:/Users/USER/Desktop/BroCampTasks/Angular_Project/frontend/.angular/cache/18.2.11/frontend/vite/deps/rxjs.js.map 304 [25/Jan/2025:18:10:25 +0000] - 22.873 ms localhost
GET /@fs/C:/Users/USER/Desktop/BroCampTasks/Angular_Project/frontend/.angular/cache/18.2.11/frontend/vite/deps/@angular_router.js.map 304 [25/Jan/2025:18:10:25 +0000] - 97.081 ms localhost
GET /@fs/C:/Users/USER/Desktop/BroCampTasks/Angular_Project/frontend/.angular/cache/18.2.11/frontend/vite/deps/@angular_core.js.map 304 [25/Jan/2025:18:10:25 +0000] - 119.805 ms localhost
GET /@fs/C:/Users/USER/Desktop/BroCampTasks/Angular_Project/frontend/.angular/cache/18.2.11/frontend/vite/deps/@angular_forms.js.map 304 [25/Jan/2025:18:10:25 +0000] - 64.040 ms localhost
GET /login.component.css.map 200 [25/Jan/2025:18:10:25 +0000] - 23.723 ms localhost
GET /@fs/C:/Users/USER/Desktop/BroCampTasks/Angular_Project/frontend/.angular/cache/18.2.11/frontend/vite/deps/chunk-BKIWMXDL.js.map 304 [25/Jan/2025:18:10:25 +0000] - 247.567 ms localhost
GET /@fs/C:/Users/USER/Desktop/BroCampTasks/Angular_Project/frontend/.angular/cache/18.2.11/frontend/vite/deps/ngx-socket-io.js.map 304 [25/Jan/2025:18:10:25 +0000] - 117.890 ms localhost
GET /@fs/C:/Users/USER/Desktop/BroCampTasks/Angular_Project/frontend/.angular/cache/18.2.11/frontend/vite/deps/chunk-7MS5FTBZ.js.map 304 [25/Jan/2025:18:10:25 +0000] - 138.918 ms localhost
POST /user/login 200 [25/Jan/2025:18:10:32 +0000] - 322.786 ms localhost
GET /dashboard.component.css.map 200 [25/Jan/2025:18:10:33 +0000] - 6.328 ms localhost
GET /layout.component.css.map 200 [25/Jan/2025:18:10:33 +0000] - 7.023 ms localhost
GET /user-chat.component.css.map 200 [25/Jan/2025:18:10:36 +0000] - 30.357 ms localhost
GET /chat/674e8a6920bc39246157f503 304 [25/Jan/2025:18:10:36 +0000] - 268.197 ms localhost
GET /chat/674e8a6920bc39246157f503 401 [25/Jan/2025:18:12:14 +0000] - 974.680 ms localhost
GET /user/token/refresh 304 [25/Jan/2025:18:12:14 +0000] - 198.010 ms localhost
GET /chat/674e8a6920bc39246157f503 200 [25/Jan/2025:18:12:14 +0000] - 116.736 ms localhost
GET /dashboard.component.css.map 200 [25/Jan/2025:18:12:43 +0000] - 104.090 ms localhost
GET /dashboard 200 [25/Jan/2025:18:12:44 +0000] - 161.247 ms localhost
GET /@vite/client 304 [25/Jan/2025:18:12:44 +0000] - 8.497 ms localhost
GET /polyfills.js 304 [25/Jan/2025:18:12:44 +0000] - 5.002 ms localhost
GET /styles.css 200 [25/Jan/2025:18:12:44 +0000] - 10.043 ms localhost
GET /main.js 304 [25/Jan/2025:18:12:44 +0000] - 15.991 ms localhost
GET /@fs/C:/Users/USER/Desktop/BroCampTasks/Angular_Project/frontend/node_modules/vite/dist/client/env.mjs 304 [25/Jan/2025:18:12:44 +0000] - 11.840 ms localhost
GET /styles.css.map 200 [25/Jan/2025:18:12:44 +0000] - 11.601 ms localhost
GET /@fs/C:/Users/USER/Desktop/BroCampTasks/Angular_Project/frontend/.angular/cache/18.2.11/frontend/vite/deps/@angular_platform-browser.js.map 304 [25/Jan/2025:18:12:45 +0000] - 321.914 ms localhost
GET /@fs/C:/Users/USER/Desktop/BroCampTasks/Angular_Project/frontend/.angular/cache/18.2.11/frontend/vite/deps/chunk-ZKQIAUIS.js.map 304 [25/Jan/2025:18:12:45 +0000] - 339.481 ms localhost
GET /@fs/C:/Users/USER/Desktop/BroCampTasks/Angular_Project/frontend/.angular/cache/18.2.11/frontend/vite/deps/@angular_core.js.map 304 [25/Jan/2025:18:12:45 +0000] - 339.024 ms localhost
GET /@fs/C:/Users/USER/Desktop/BroCampTasks/Angular_Project/frontend/.angular/cache/18.2.11/frontend/vite/deps/@angular_forms.js.map 304 [25/Jan/2025:18:12:45 +0000] - 353.817 ms localhost
GET /@fs/C:/Users/USER/Desktop/BroCampTasks/Angular_Project/frontend/.angular/cache/18.2.11/frontend/vite/deps/@angular_router.js.map 304 [25/Jan/2025:18:12:45 +0000] - 372.175 ms localhost
GET /favicon.ico 304 [25/Jan/2025:18:12:45 +0000] - 48.583 ms localhost
GET /@fs/C:/Users/USER/Desktop/BroCampTasks/Angular_Project/frontend/.angular/cache/18.2.11/frontend/vite/deps/chunk-66JPAEYR.js.map 304 [25/Jan/2025:18:12:45 +0000] - 433.629 ms localhost
GET /@fs/C:/Users/USER/Desktop/BroCampTasks/Angular_Project/frontend/.angular/cache/18.2.11/frontend/vite/deps/@angular_common.js.map 304 [25/Jan/2025:18:12:45 +0000] - 122.453 ms localhost
GET /@fs/C:/Users/USER/Desktop/BroCampTasks/Angular_Project/frontend/.angular/cache/18.2.11/frontend/vite/deps/chunk-F4ZW7LLY.js.map 304 [25/Jan/2025:18:12:45 +0000] - 125.077 ms localhost
GET /@fs/C:/Users/USER/Desktop/BroCampTasks/Angular_Project/frontend/.angular/cache/18.2.11/frontend/vite/deps/chunk-2ZWNOPXZ.js.map 304 [25/Jan/2025:18:12:45 +0000] - 145.103 ms localhost
GET /@fs/C:/Users/USER/Desktop/BroCampTasks/Angular_Project/frontend/.angular/cache/18.2.11/frontend/vite/deps/chunk-XWLXMCJQ.js.map 304 [25/Jan/2025:18:12:45 +0000] - 107.257 ms localhost
GET /@fs/C:/Users/USER/Desktop/BroCampTasks/Angular_Project/frontend/.angular/cache/18.2.11/frontend/vite/deps/chunk-BKIWMXDL.js.map 304 [25/Jan/2025:18:12:45 +0000] - 313.308 ms localhost
GET /@fs/C:/Users/USER/Desktop/BroCampTasks/Angular_Project/frontend/.angular/cache/18.2.11/frontend/vite/deps/rxjs.js.map 304 [25/Jan/2025:18:12:45 +0000] - 240.276 ms localhost
GET /login.component.css.map 200 [25/Jan/2025:18:12:45 +0000] - 196.962 ms localhost
GET /@fs/C:/Users/USER/Desktop/BroCampTasks/Angular_Project/frontend/.angular/cache/18.2.11/frontend/vite/deps/ngx-socket-io.js.map 304 [25/Jan/2025:18:12:45 +0000] - 254.215 ms localhost
GET /@fs/C:/Users/USER/Desktop/BroCampTasks/Angular_Project/frontend/.angular/cache/18.2.11/frontend/vite/deps/@angular_common_http.js.map 304 [25/Jan/2025:18:12:45 +0000] - 294.799 ms localhost
GET /@fs/C:/Users/USER/Desktop/BroCampTasks/Angular_Project/frontend/.angular/cache/18.2.11/frontend/vite/deps/chunk-7MS5FTBZ.js.map 304 [25/Jan/2025:18:12:45 +0000] - 463.071 ms localhost
POST /user/login 200 [25/Jan/2025:18:12:52 +0000] - 331.029 ms localhost
GET /dashboard.component.css.map 200 [25/Jan/2025:18:12:52 +0000] - 5.220 ms localhost
GET /layout.component.css.map 200 [25/Jan/2025:18:12:52 +0000] - 6.308 ms localhost
GET /user-chat.component.css.map 200 [25/Jan/2025:18:12:57 +0000] - 9.671 ms localhost
GET /chat/674e8a6920bc39246157f503 304 [25/Jan/2025:18:12:57 +0000] - 88.266 ms localhost
GET /chat 404 [25/Jan/2025:18:14:13 +0000] - 20.661 ms localhost
GET /dashboard 200 [25/Jan/2025:18:14:29 +0000] - 47.871 ms localhost
GET /polyfills.js 304 [25/Jan/2025:18:14:29 +0000] - 23.553 ms localhost
GET /@vite/client 304 [25/Jan/2025:18:14:29 +0000] - 5.928 ms localhost
GET /styles.css 200 [25/Jan/2025:18:14:29 +0000] - 10.746 ms localhost
GET /main.js 200 [25/Jan/2025:18:14:29 +0000] - 34.583 ms localhost
GET /styles.css.map 200 [25/Jan/2025:18:14:30 +0000] - 9.753 ms localhost
GET /@fs/C:/Users/USER/Desktop/BroCampTasks/Angular_Project/frontend/node_modules/vite/dist/client/env.mjs 304 [25/Jan/2025:18:14:30 +0000] - 4.875 ms localhost
GET /@fs/C:/Users/USER/Desktop/BroCampTasks/Angular_Project/frontend/.angular/cache/18.2.11/frontend/vite/deps/chunk-ZKQIAUIS.js.map 304 [25/Jan/2025:18:14:30 +0000] - 309.307 ms localhost
GET /@fs/C:/Users/USER/Desktop/BroCampTasks/Angular_Project/frontend/.angular/cache/18.2.11/frontend/vite/deps/@angular_platform-browser.js.map 304 [25/Jan/2025:18:14:30 +0000] - 294.338 ms localhost
GET /@fs/C:/Users/USER/Desktop/BroCampTasks/Angular_Project/frontend/.angular/cache/18.2.11/frontend/vite/deps/@angular_core.js.map 304 [25/Jan/2025:18:14:30 +0000] - 295.609 ms localhost
GET /@fs/C:/Users/USER/Desktop/BroCampTasks/Angular_Project/frontend/.angular/cache/18.2.11/frontend/vite/deps/@angular_router.js.map 304 [25/Jan/2025:18:14:32 +0000] - 1830.136 ms localhost
GET /@fs/C:/Users/USER/Desktop/BroCampTasks/Angular_Project/frontend/.angular/cache/18.2.11/frontend/vite/deps/chunk-XWLXMCJQ.js.map 304 [25/Jan/2025:18:14:32 +0000] - 1835.079 ms localhost
GET /@fs/C:/Users/USER/Desktop/BroCampTasks/Angular_Project/frontend/.angular/cache/18.2.11/frontend/vite/deps/chunk-66JPAEYR.js.map 304 [25/Jan/2025:18:14:32 +0000] - 1856.968 ms localhost
GET /favicon.ico 304 [25/Jan/2025:18:14:32 +0000] - 23.478 ms localhost
GET /@fs/C:/Users/USER/Desktop/BroCampTasks/Angular_Project/frontend/.angular/cache/18.2.11/frontend/vite/deps/chunk-F4ZW7LLY.js.map 304 [25/Jan/2025:18:14:32 +0000] - 1673.528 ms localhost
GET /@fs/C:/Users/USER/Desktop/BroCampTasks/Angular_Project/frontend/.angular/cache/18.2.11/frontend/vite/deps/chunk-2ZWNOPXZ.js.map 304 [25/Jan/2025:18:14:32 +0000] - 1727.781 ms localhost
GET /@fs/C:/Users/USER/Desktop/BroCampTasks/Angular_Project/frontend/.angular/cache/18.2.11/frontend/vite/deps/@angular_common_http.js.map 304 [25/Jan/2025:18:14:32 +0000] - 195.620 ms localhost
GET /@fs/C:/Users/USER/Desktop/BroCampTasks/Angular_Project/frontend/.angular/cache/18.2.11/frontend/vite/deps/@angular_common.js.map 304 [25/Jan/2025:18:14:32 +0000] - 174.745 ms localhost
GET /@fs/C:/Users/USER/Desktop/BroCampTasks/Angular_Project/frontend/.angular/cache/18.2.11/frontend/vite/deps/@angular_forms.js.map 304 [25/Jan/2025:18:14:32 +0000] - 208.086 ms localhost
GET /@fs/C:/Users/USER/Desktop/BroCampTasks/Angular_Project/frontend/.angular/cache/18.2.11/frontend/vite/deps/chunk-BKIWMXDL.js.map 304 [25/Jan/2025:18:14:32 +0000] - 1824.015 ms localhost
GET /login.component.css.map 200 [25/Jan/2025:18:14:32 +0000] - 146.709 ms localhost
GET /@fs/C:/Users/USER/Desktop/BroCampTasks/Angular_Project/frontend/.angular/cache/18.2.11/frontend/vite/deps/rxjs.js.map 304 [25/Jan/2025:18:14:32 +0000] - 187.848 ms localhost
GET /@fs/C:/Users/USER/Desktop/BroCampTasks/Angular_Project/frontend/.angular/cache/18.2.11/frontend/vite/deps/ngx-socket-io.js.map 304 [25/Jan/2025:18:14:32 +0000] - 186.827 ms localhost
GET /@fs/C:/Users/USER/Desktop/BroCampTasks/Angular_Project/frontend/.angular/cache/18.2.11/frontend/vite/deps/chunk-7MS5FTBZ.js.map 304 [25/Jan/2025:18:14:32 +0000] - 166.373 ms localhost
POST /user/login 200 [25/Jan/2025:18:14:37 +0000] - 295.109 ms localhost
GET /dashboard.component.css.map 200 [25/Jan/2025:18:14:37 +0000] - 5.681 ms localhost
GET /layout.component.css.map 200 [25/Jan/2025:18:14:37 +0000] - 5.935 ms localhost
GET /user-chat.component.css.map 200 [25/Jan/2025:18:14:41 +0000] - 14.716 ms localhost
GET /chat/674e8a6920bc39246157f503 304 [25/Jan/2025:18:14:41 +0000] - 105.949 ms localhost
GET /chat/674e8a6920bc39246157f503 200 [25/Jan/2025:18:14:52 +0000] - 117.618 ms localhost
GET /chat/674e8a6920bc39246157f503 200 [25/Jan/2025:18:15:17 +0000] - 150.478 ms localhost
GET /chat/674e8a6920bc39246157f503 304 [25/Jan/2025:18:15:21 +0000] - 76.004 ms localhost
