GET /login 200 [23/Feb/2025:18:50:57 +0000] - 1465.253 ms localhost
GET /@vite/client 304 [23/Feb/2025:18:50:59 +0000] - 15.692 ms localhost
GET /styles.css 200 [23/Feb/2025:18:50:59 +0000] - 21.662 ms localhost
GET /polyfills.js 304 [23/Feb/2025:18:51:00 +0000] - 7.441 ms localhost
GET /main.js 304 [23/Feb/2025:18:51:00 +0000] - 3.366 ms localhost
GET /@fs/C:/Users/USER/Desktop/BroCampTasks/Angular_Project/frontend/node_modules/vite/dist/client/env.mjs 304 [23/Feb/2025:18:51:00 +0000] - 7.814 ms localhost
GET /chunk-VUDBINDS.js 304 [23/Feb/2025:18:51:01 +0000] - 11.728 ms localhost
GET /chunk-NROI7E46.js 304 [23/Feb/2025:18:51:01 +0000] - 15.443 ms localhost
GET /chunk-JK2OZDZD.js 304 [23/Feb/2025:18:51:01 +0000] - 5.431 ms localhost
GET /chunk-WYTGJWIV.js 304 [23/Feb/2025:18:51:02 +0000] - 12.181 ms localhost
GET /chunk-KSELMSGV.js 304 [23/Feb/2025:18:51:04 +0000] - 5.236 ms localhost
GET /chunk-AD6BEBTX.js 304 [23/Feb/2025:18:51:04 +0000] - 15.658 ms localhost
GET /chunk-MQDO5BT4.js 304 [23/Feb/2025:18:51:04 +0000] - 3.882 ms localhost
GET /chunk-F64TRUFE.js 304 [23/Feb/2025:18:51:04 +0000] - 3.035 ms localhost
GET /styles.css.map 200 [23/Feb/2025:18:51:05 +0000] - 19.445 ms localhost
GET /@fs/C:/Users/USER/Desktop/BroCampTasks/Angular_Project/frontend/.angular/cache/18.2.11/frontend/vite/deps/@angular_core.js.map 304 [23/Feb/2025:18:51:06 +0000] - 41.505 ms localhost
GET /@fs/C:/Users/USER/Desktop/BroCampTasks/Angular_Project/frontend/.angular/cache/18.2.11/frontend/vite/deps/chunk-XWLXMCJQ.js.map 304 [23/Feb/2025:18:51:06 +0000] - 28.345 ms localhost
GET /@fs/C:/Users/USER/Desktop/BroCampTasks/Angular_Project/frontend/.angular/cache/18.2.11/frontend/vite/deps/rxjs.js.map 304 [23/Feb/2025:18:51:06 +0000] - 33.594 ms localhost
GET /@fs/C:/Users/USER/Desktop/BroCampTasks/Angular_Project/frontend/.angular/cache/18.2.11/frontend/vite/deps/@angular_common_http.js.map 304 [23/Feb/2025:18:51:06 +0000] - 25.479 ms localhost
GET /@fs/C:/Users/USER/Desktop/BroCampTasks/Angular_Project/frontend/.angular/cache/18.2.11/frontend/vite/deps/chunk-66JPAEYR.js.map 304 [23/Feb/2025:18:51:06 +0000] - 181.635 ms localhost
GET /@fs/C:/Users/USER/Desktop/BroCampTasks/Angular_Project/frontend/.angular/cache/18.2.11/frontend/vite/deps/chunk-2ZWNOPXZ.js.map 304 [23/Feb/2025:18:51:06 +0000] - 165.207 ms localhost
GET /@fs/C:/Users/USER/Desktop/BroCampTasks/Angular_Project/frontend/.angular/cache/18.2.11/frontend/vite/deps/chunk-F4ZW7LLY.js.map 304 [23/Feb/2025:18:51:06 +0000] - 446.726 ms localhost
GET /@fs/C:/Users/USER/Desktop/BroCampTasks/Angular_Project/frontend/.angular/cache/18.2.11/frontend/vite/deps/@angular_platform-browser.js.map 304 [23/Feb/2025:18:51:06 +0000] - 386.367 ms localhost
GET /@fs/C:/Users/USER/Desktop/BroCampTasks/Angular_Project/frontend/.angular/cache/18.2.11/frontend/vite/deps/chunk-BKIWMXDL.js.map 304 [23/Feb/2025:18:51:07 +0000] - 1047.958 ms localhost
GET /@fs/C:/Users/USER/Desktop/BroCampTasks/Angular_Project/frontend/.angular/cache/18.2.11/frontend/vite/deps/chunk-ZKQIAUIS.js.map 304 [23/Feb/2025:18:51:07 +0000] - 854.903 ms localhost
GET /@fs/C:/Users/USER/Desktop/BroCampTasks/Angular_Project/frontend/.angular/cache/18.2.11/frontend/vite/deps/ngx-socket-io.js.map 304 [23/Feb/2025:18:51:07 +0000] - 779.221 ms localhost
GET /@fs/C:/Users/USER/Desktop/BroCampTasks/Angular_Project/frontend/.angular/cache/18.2.11/frontend/vite/deps/chunk-7MS5FTBZ.js.map 304 [23/Feb/2025:18:51:07 +0000] - 546.562 ms localhost
GET /@fs/C:/Users/USER/Desktop/BroCampTasks/Angular_Project/frontend/.angular/cache/18.2.11/frontend/vite/deps/@angular_forms.js.map 304 [23/Feb/2025:18:51:07 +0000] - 486.043 ms localhost
GET /@fs/C:/Users/USER/Desktop/BroCampTasks/Angular_Project/frontend/.angular/cache/18.2.11/frontend/vite/deps/emoji-picker-element.js.map 304 [23/Feb/2025:18:51:07 +0000] - 127.587 ms localhost
GET /@fs/C:/Users/USER/Desktop/BroCampTasks/Angular_Project/frontend/.angular/cache/18.2.11/frontend/vite/deps/@angular_common.js.map 304 [23/Feb/2025:18:51:07 +0000] - 6.071 ms localhost
GET /@fs/C:/Users/USER/Desktop/BroCampTasks/Angular_Project/frontend/.angular/cache/18.2.11/frontend/vite/deps/@angular_router.js.map 304 [23/Feb/2025:18:51:07 +0000] - 1158.998 ms localhost
GET /login.component.css.map 200 [23/Feb/2025:18:51:07 +0000] - 3.173 ms localhost
GET /favicon.ico 304 [23/Feb/2025:18:51:17 +0000] - 38.167 ms localhost
GET / - [23/Feb/2025:18:55:01 +0000] - - ms localhost
GET /login 200 [24/Feb/2025:07:09:38 +0000] - 1504.244 ms localhost
GET /@vite/client 304 [24/Feb/2025:07:09:40 +0000] - 14.293 ms localhost
GET /styles.css 200 [24/Feb/2025:07:09:40 +0000] - 17.461 ms localhost
GET /polyfills.js 304 [24/Feb/2025:07:09:40 +0000] - 53.295 ms localhost
GET /main.js 304 [24/Feb/2025:07:09:40 +0000] - 5.943 ms localhost
GET /@fs/C:/Users/USER/Desktop/BroCampTasks/Angular_Project/frontend/node_modules/vite/dist/client/env.mjs 304 [24/Feb/2025:07:09:40 +0000] - 4.986 ms localhost
GET /chunk-VUDBINDS.js 304 [24/Feb/2025:07:09:41 +0000] - 10.987 ms localhost
GET /chunk-JK2OZDZD.js 304 [24/Feb/2025:07:09:41 +0000] - 6.424 ms localhost
GET /chunk-NROI7E46.js 304 [24/Feb/2025:07:09:41 +0000] - 8.460 ms localhost
GET /chunk-WYTGJWIV.js 304 [24/Feb/2025:07:09:43 +0000] - 5.002 ms localhost
GET /chunk-KSELMSGV.js 304 [24/Feb/2025:07:09:43 +0000] - 9.990 ms localhost
GET /chunk-AD6BEBTX.js 304 [24/Feb/2025:07:09:43 +0000] - 10.770 ms localhost
GET /chunk-MQDO5BT4.js 304 [24/Feb/2025:07:09:43 +0000] - 7.736 ms localhost
GET /chunk-F64TRUFE.js 304 [24/Feb/2025:07:09:43 +0000] - 4.928 ms localhost
GET /styles.css.map 200 [24/Feb/2025:07:09:47 +0000] - 8.307 ms localhost
GET /@fs/C:/Users/USER/Desktop/BroCampTasks/Angular_Project/frontend/.angular/cache/18.2.11/frontend/vite/deps/@angular_core.js.map 304 [24/Feb/2025:07:09:48 +0000] - 36.038 ms localhost
GET /@fs/C:/Users/USER/Desktop/BroCampTasks/Angular_Project/frontend/.angular/cache/18.2.11/frontend/vite/deps/chunk-66JPAEYR.js.map 304 [24/Feb/2025:07:09:48 +0000] - 57.625 ms localhost
GET /@fs/C:/Users/USER/Desktop/BroCampTasks/Angular_Project/frontend/.angular/cache/18.2.11/frontend/vite/deps/chunk-XWLXMCJQ.js.map 304 [24/Feb/2025:07:09:48 +0000] - 58.352 ms localhost
GET /@fs/C:/Users/USER/Desktop/BroCampTasks/Angular_Project/frontend/.angular/cache/18.2.11/frontend/vite/deps/chunk-BKIWMXDL.js.map 304 [24/Feb/2025:07:09:48 +0000] - 378.909 ms localhost
GET /favicon.ico 304 [24/Feb/2025:07:09:48 +0000] - 7.133 ms localhost
GET /@fs/C:/Users/USER/Desktop/BroCampTasks/Angular_Project/frontend/.angular/cache/18.2.11/frontend/vite/deps/rxjs.js.map 304 [24/Feb/2025:07:09:49 +0000] - 6.790 ms localhost
GET /@fs/C:/Users/USER/Desktop/BroCampTasks/Angular_Project/frontend/.angular/cache/18.2.11/frontend/vite/deps/@angular_common_http.js.map 304 [24/Feb/2025:07:09:49 +0000] - 5.027 ms localhost
GET /@fs/C:/Users/USER/Desktop/BroCampTasks/Angular_Project/frontend/.angular/cache/18.2.11/frontend/vite/deps/chunk-F4ZW7LLY.js.map 304 [24/Feb/2025:07:09:49 +0000] - 9.915 ms localhost
GET /@fs/C:/Users/USER/Desktop/BroCampTasks/Angular_Project/frontend/.angular/cache/18.2.11/frontend/vite/deps/chunk-2ZWNOPXZ.js.map 304 [24/Feb/2025:07:09:49 +0000] - 18.665 ms localhost
GET /@fs/C:/Users/USER/Desktop/BroCampTasks/Angular_Project/frontend/.angular/cache/18.2.11/frontend/vite/deps/@angular_platform-browser.js.map 304 [24/Feb/2025:07:09:49 +0000] - 8.718 ms localhost
GET /@fs/C:/Users/USER/Desktop/BroCampTasks/Angular_Project/frontend/.angular/cache/18.2.11/frontend/vite/deps/chunk-ZKQIAUIS.js.map 304 [24/Feb/2025:07:09:49 +0000] - 13.532 ms localhost
GET /@fs/C:/Users/USER/Desktop/BroCampTasks/Angular_Project/frontend/.angular/cache/18.2.11/frontend/vite/deps/@angular_router.js.map 304 [24/Feb/2025:07:09:49 +0000] - 18.180 ms localhost
GET /@fs/C:/Users/USER/Desktop/BroCampTasks/Angular_Project/frontend/.angular/cache/18.2.11/frontend/vite/deps/ngx-socket-io.js.map 304 [24/Feb/2025:07:09:49 +0000] - 6.097 ms localhost
GET /@fs/C:/Users/USER/Desktop/BroCampTasks/Angular_Project/frontend/.angular/cache/18.2.11/frontend/vite/deps/chunk-7MS5FTBZ.js.map 304 [24/Feb/2025:07:09:49 +0000] - 13.281 ms localhost
GET /@fs/C:/Users/USER/Desktop/BroCampTasks/Angular_Project/frontend/.angular/cache/18.2.11/frontend/vite/deps/@angular_forms.js.map 304 [24/Feb/2025:07:09:49 +0000] - 16.360 ms localhost
GET /@fs/C:/Users/USER/Desktop/BroCampTasks/Angular_Project/frontend/.angular/cache/18.2.11/frontend/vite/deps/emoji-picker-element.js.map 304 [24/Feb/2025:07:09:49 +0000] - 10.622 ms localhost
GET /@fs/C:/Users/USER/Desktop/BroCampTasks/Angular_Project/frontend/.angular/cache/18.2.11/frontend/vite/deps/@angular_common.js.map 304 [24/Feb/2025:07:09:50 +0000] - 7.023 ms localhost
GET /login.component.css.map 200 [24/Feb/2025:07:09:50 +0000] - 3.262 ms localhost
GET / - [24/Feb/2025:07:13:43 +0000] - - ms localhost
GET /login - [24/Feb/2025:07:38:29 +0000] - - ms localhost
GET /login 200 [24/Feb/2025:07:38:29 +0000] - 54.544 ms localhost
GET /@vite/client 304 [24/Feb/2025:07:38:29 +0000] - 12.450 ms localhost
GET /styles.css 200 [24/Feb/2025:07:38:30 +0000] - 7.140 ms localhost
GET /polyfills.js 304 [24/Feb/2025:07:38:30 +0000] - 5.726 ms localhost
GET /main.js 200 [24/Feb/2025:07:38:30 +0000] - 4.142 ms localhost
GET /@fs/C:/Users/USER/Desktop/BroCampTasks/Angular_Project/frontend/node_modules/vite/dist/client/env.mjs 304 [24/Feb/2025:07:38:30 +0000] - 3.129 ms localhost
GET /chunk-VUDBINDS.js 304 [24/Feb/2025:07:38:31 +0000] - 13.781 ms localhost
GET /chunk-JK2OZDZD.js 304 [24/Feb/2025:07:38:31 +0000] - 14.190 ms localhost
GET /chunk-NROI7E46.js 304 [24/Feb/2025:07:38:31 +0000] - 2.629 ms localhost
GET /chunk-WYTGJWIV.js 304 [24/Feb/2025:07:38:32 +0000] - 2.753 ms localhost
GET /styles.css.map 200 [24/Feb/2025:07:38:32 +0000] - 7.445 ms localhost
GET /@fs/C:/Users/USER/Desktop/BroCampTasks/Angular_Project/frontend/.angular/cache/18.2.11/frontend/vite/deps/@angular_core.js.map 304 [24/Feb/2025:07:38:32 +0000] - 27.557 ms localhost
GET /@fs/C:/Users/USER/Desktop/BroCampTasks/Angular_Project/frontend/.angular/cache/18.2.11/frontend/vite/deps/chunk-XWLXMCJQ.js.map 304 [24/Feb/2025:07:38:32 +0000] - 13.966 ms localhost
GET /@fs/C:/Users/USER/Desktop/BroCampTasks/Angular_Project/frontend/.angular/cache/18.2.11/frontend/vite/deps/rxjs.js.map 304 [24/Feb/2025:07:38:32 +0000] - 14.645 ms localhost
GET /@fs/C:/Users/USER/Desktop/BroCampTasks/Angular_Project/frontend/.angular/cache/18.2.11/frontend/vite/deps/chunk-66JPAEYR.js.map 304 [24/Feb/2025:07:38:32 +0000] - 55.225 ms localhost
GET /@fs/C:/Users/USER/Desktop/BroCampTasks/Angular_Project/frontend/.angular/cache/18.2.11/frontend/vite/deps/chunk-BKIWMXDL.js.map 304 [24/Feb/2025:07:38:32 +0000] - 159.399 ms localhost
GET /@fs/C:/Users/USER/Desktop/BroCampTasks/Angular_Project/frontend/.angular/cache/18.2.11/frontend/vite/deps/@angular_common_http.js.map 304 [24/Feb/2025:07:38:33 +0000] - 127.048 ms localhost
GET /@fs/C:/Users/USER/Desktop/BroCampTasks/Angular_Project/frontend/.angular/cache/18.2.11/frontend/vite/deps/@angular_platform-browser.js.map 304 [24/Feb/2025:07:38:33 +0000] - 70.294 ms localhost
GET /@fs/C:/Users/USER/Desktop/BroCampTasks/Angular_Project/frontend/.angular/cache/18.2.11/frontend/vite/deps/chunk-2ZWNOPXZ.js.map 304 [24/Feb/2025:07:38:33 +0000] - 89.432 ms localhost
GET /@fs/C:/Users/USER/Desktop/BroCampTasks/Angular_Project/frontend/.angular/cache/18.2.11/frontend/vite/deps/chunk-ZKQIAUIS.js.map 304 [24/Feb/2025:07:38:33 +0000] - 83.950 ms localhost
GET /@fs/C:/Users/USER/Desktop/BroCampTasks/Angular_Project/frontend/.angular/cache/18.2.11/frontend/vite/deps/chunk-F4ZW7LLY.js.map 304 [24/Feb/2025:07:38:33 +0000] - 139.975 ms localhost
GET /@fs/C:/Users/USER/Desktop/BroCampTasks/Angular_Project/frontend/.angular/cache/18.2.11/frontend/vite/deps/ngx-socket-io.js.map 304 [24/Feb/2025:07:38:33 +0000] - 48.938 ms localhost
GET /@fs/C:/Users/USER/Desktop/BroCampTasks/Angular_Project/frontend/.angular/cache/18.2.11/frontend/vite/deps/chunk-7MS5FTBZ.js.map 304 [24/Feb/2025:07:38:33 +0000] - 45.589 ms localhost
GET /@fs/C:/Users/USER/Desktop/BroCampTasks/Angular_Project/frontend/.angular/cache/18.2.11/frontend/vite/deps/@angular_forms.js.map 304 [24/Feb/2025:07:38:33 +0000] - 71.227 ms localhost
GET /@fs/C:/Users/USER/Desktop/BroCampTasks/Angular_Project/frontend/.angular/cache/18.2.11/frontend/vite/deps/emoji-picker-element.js.map 304 [24/Feb/2025:07:38:33 +0000] - 77.364 ms localhost
GET /@fs/C:/Users/USER/Desktop/BroCampTasks/Angular_Project/frontend/.angular/cache/18.2.11/frontend/vite/deps/@angular_router.js.map 304 [24/Feb/2025:07:38:33 +0000] - 361.458 ms localhost
GET /chunk-KSELMSGV.js 304 [24/Feb/2025:07:38:33 +0000] - 3.076 ms localhost
GET /chunk-AD6BEBTX.js 304 [24/Feb/2025:07:38:33 +0000] - 2.670 ms localhost
GET /chunk-MQDO5BT4.js 304 [24/Feb/2025:07:38:33 +0000] - 2.821 ms localhost
GET /chunk-F64TRUFE.js 304 [24/Feb/2025:07:38:33 +0000] - 2.800 ms localhost
GET /@fs/C:/Users/USER/Desktop/BroCampTasks/Angular_Project/frontend/.angular/cache/18.2.11/frontend/vite/deps/@angular_common.js.map 304 [24/Feb/2025:07:38:34 +0000] - 7.832 ms localhost
GET /login.component.css.map 200 [24/Feb/2025:07:38:34 +0000] - 2.591 ms localhost
GET /favicon.ico 304 [24/Feb/2025:07:38:34 +0000] - 12.673 ms localhost
GET / - [24/Feb/2025:07:42:31 +0000] - - ms localhost
GET /login 200 [24/Feb/2025:08:03:08 +0000] - 177.963 ms localhost
GET /@vite/client 304 [24/Feb/2025:08:03:09 +0000] - 10.411 ms localhost
GET /styles.css 200 [24/Feb/2025:08:03:09 +0000] - 7.451 ms localhost
GET /polyfills.js 304 [24/Feb/2025:08:03:10 +0000] - 103.188 ms localhost
GET /main.js 200 [24/Feb/2025:08:03:10 +0000] - 9.317 ms localhost
GET /@fs/C:/Users/USER/Desktop/BroCampTasks/Angular_Project/frontend/node_modules/vite/dist/client/env.mjs 304 [24/Feb/2025:08:03:10 +0000] - 3.156 ms localhost
GET /chunk-VUDBINDS.js 304 [24/Feb/2025:08:03:11 +0000] - 2.983 ms localhost
GET /chunk-JK2OZDZD.js 304 [24/Feb/2025:08:03:11 +0000] - 2.648 ms localhost
GET /chunk-NROI7E46.js 304 [24/Feb/2025:08:03:11 +0000] - 2.600 ms localhost
GET /chunk-WYTGJWIV.js 304 [24/Feb/2025:08:03:11 +0000] - 3.408 ms localhost
GET /chunk-KSELMSGV.js 304 [24/Feb/2025:08:03:12 +0000] - 6.396 ms localhost
GET /chunk-AD6BEBTX.js 304 [24/Feb/2025:08:03:12 +0000] - 6.988 ms localhost
GET /chunk-MQDO5BT4.js 304 [24/Feb/2025:08:03:12 +0000] - 7.633 ms localhost
GET /chunk-F64TRUFE.js 304 [24/Feb/2025:08:03:12 +0000] - 7.093 ms localhost
GET /styles.css.map 200 [24/Feb/2025:08:03:12 +0000] - 5.395 ms localhost
GET /@fs/C:/Users/USER/Desktop/BroCampTasks/Angular_Project/frontend/.angular/cache/18.2.11/frontend/vite/deps/@angular_core.js.map 304 [24/Feb/2025:08:03:12 +0000] - 7.848 ms localhost
GET /@fs/C:/Users/USER/Desktop/BroCampTasks/Angular_Project/frontend/.angular/cache/18.2.11/frontend/vite/deps/chunk-BKIWMXDL.js.map 304 [24/Feb/2025:08:03:12 +0000] - 280.073 ms localhost
GET /@fs/C:/Users/USER/Desktop/BroCampTasks/Angular_Project/frontend/.angular/cache/18.2.11/frontend/vite/deps/chunk-66JPAEYR.js.map 304 [24/Feb/2025:08:03:12 +0000] - 291.256 ms localhost
GET /@fs/C:/Users/USER/Desktop/BroCampTasks/Angular_Project/frontend/.angular/cache/18.2.11/frontend/vite/deps/chunk-XWLXMCJQ.js.map 304 [24/Feb/2025:08:03:12 +0000] - 285.331 ms localhost
GET /@fs/C:/Users/USER/Desktop/BroCampTasks/Angular_Project/frontend/.angular/cache/18.2.11/frontend/vite/deps/@angular_common_http.js.map 304 [24/Feb/2025:08:03:12 +0000] - 280.086 ms localhost
GET /@fs/C:/Users/USER/Desktop/BroCampTasks/Angular_Project/frontend/.angular/cache/18.2.11/frontend/vite/deps/rxjs.js.map 304 [24/Feb/2025:08:03:12 +0000] - 285.472 ms localhost
GET /@fs/C:/Users/USER/Desktop/BroCampTasks/Angular_Project/frontend/.angular/cache/18.2.11/frontend/vite/deps/chunk-F4ZW7LLY.js.map 304 [24/Feb/2025:08:03:12 +0000] - 283.572 ms localhost
GET /@fs/C:/Users/USER/Desktop/BroCampTasks/Angular_Project/frontend/.angular/cache/18.2.11/frontend/vite/deps/chunk-2ZWNOPXZ.js.map 304 [24/Feb/2025:08:03:12 +0000] - 63.419 ms localhost
GET /@fs/C:/Users/USER/Desktop/BroCampTasks/Angular_Project/frontend/.angular/cache/18.2.11/frontend/vite/deps/@angular_platform-browser.js.map 304 [24/Feb/2025:08:03:13 +0000] - 52.691 ms localhost
GET /@fs/C:/Users/USER/Desktop/BroCampTasks/Angular_Project/frontend/.angular/cache/18.2.11/frontend/vite/deps/ngx-socket-io.js.map 304 [24/Feb/2025:08:03:13 +0000] - 50.018 ms localhost
GET /@fs/C:/Users/USER/Desktop/BroCampTasks/Angular_Project/frontend/.angular/cache/18.2.11/frontend/vite/deps/chunk-ZKQIAUIS.js.map 304 [24/Feb/2025:08:03:13 +0000] - 56.595 ms localhost
GET /@fs/C:/Users/USER/Desktop/BroCampTasks/Angular_Project/frontend/.angular/cache/18.2.11/frontend/vite/deps/@angular_router.js.map 304 [24/Feb/2025:08:03:13 +0000] - 59.295 ms localhost
GET /@fs/C:/Users/USER/Desktop/BroCampTasks/Angular_Project/frontend/.angular/cache/18.2.11/frontend/vite/deps/chunk-7MS5FTBZ.js.map 304 [24/Feb/2025:08:03:13 +0000] - 57.710 ms localhost
GET /@fs/C:/Users/USER/Desktop/BroCampTasks/Angular_Project/frontend/.angular/cache/18.2.11/frontend/vite/deps/@angular_forms.js.map 304 [24/Feb/2025:08:03:13 +0000] - 41.726 ms localhost
GET /@fs/C:/Users/USER/Desktop/BroCampTasks/Angular_Project/frontend/.angular/cache/18.2.11/frontend/vite/deps/emoji-picker-element.js.map 304 [24/Feb/2025:08:03:13 +0000] - 32.020 ms localhost
GET /@fs/C:/Users/USER/Desktop/BroCampTasks/Angular_Project/frontend/.angular/cache/18.2.11/frontend/vite/deps/@angular_common.js.map 304 [24/Feb/2025:08:03:13 +0000] - 3.268 ms localhost
GET /login.component.css.map 200 [24/Feb/2025:08:03:13 +0000] - 2.203 ms localhost
GET /favicon.ico 304 [24/Feb/2025:08:03:14 +0000] - 8.037 ms localhost
GET /login 200 [24/Feb/2025:08:03:26 +0000] - 8.660 ms localhost
GET / - [24/Feb/2025:08:03:26 +0000] - - ms localhost
GET /@vite/client 304 [24/Feb/2025:08:03:26 +0000] - 14.081 ms localhost
GET /styles.css 200 [24/Feb/2025:08:03:26 +0000] - 9.865 ms localhost
GET /polyfills.js 304 [24/Feb/2025:08:03:26 +0000] - 14.192 ms localhost
GET /main.js 304 [24/Feb/2025:08:03:26 +0000] - 14.562 ms localhost
GET /@fs/C:/Users/USER/Desktop/BroCampTasks/Angular_Project/frontend/node_modules/vite/dist/client/env.mjs 304 [24/Feb/2025:08:03:26 +0000] - 3.983 ms localhost
GET /chunk-VUDBINDS.js 304 [24/Feb/2025:08:03:26 +0000] - 9.679 ms localhost
GET /chunk-JK2OZDZD.js 304 [24/Feb/2025:08:03:26 +0000] - 10.467 ms localhost
GET /chunk-NROI7E46.js 304 [24/Feb/2025:08:03:26 +0000] - 7.550 ms localhost
GET /styles.css.map 200 [24/Feb/2025:08:03:26 +0000] - 10.395 ms localhost
GET /@fs/C:/Users/USER/Desktop/BroCampTasks/Angular_Project/frontend/.angular/cache/18.2.11/frontend/vite/deps/@angular_core.js.map 304 [24/Feb/2025:08:03:26 +0000] - 17.131 ms localhost
GET /chunk-WYTGJWIV.js 304 [24/Feb/2025:08:03:26 +0000] - 8.230 ms localhost
GET /@fs/C:/Users/USER/Desktop/BroCampTasks/Angular_Project/frontend/.angular/cache/18.2.11/frontend/vite/deps/ngx-socket-io.js.map 304 [24/Feb/2025:08:03:26 +0000] - 23.339 ms localhost
GET /@fs/C:/Users/USER/Desktop/BroCampTasks/Angular_Project/frontend/.angular/cache/18.2.11/frontend/vite/deps/@angular_platform-browser.js.map 304 [24/Feb/2025:08:03:26 +0000] - 80.025 ms localhost
GET /@fs/C:/Users/USER/Desktop/BroCampTasks/Angular_Project/frontend/.angular/cache/18.2.11/frontend/vite/deps/chunk-XWLXMCJQ.js.map 304 [24/Feb/2025:08:03:27 +0000] - 15.551 ms localhost
GET /@fs/C:/Users/USER/Desktop/BroCampTasks/Angular_Project/frontend/.angular/cache/18.2.11/frontend/vite/deps/rxjs.js.map 304 [24/Feb/2025:08:03:27 +0000] - 17.934 ms localhost
GET /@fs/C:/Users/USER/Desktop/BroCampTasks/Angular_Project/frontend/.angular/cache/18.2.11/frontend/vite/deps/chunk-66JPAEYR.js.map 304 [24/Feb/2025:08:03:27 +0000] - 40.042 ms localhost
GET /@fs/C:/Users/USER/Desktop/BroCampTasks/Angular_Project/frontend/.angular/cache/18.2.11/frontend/vite/deps/@angular_common_http.js.map 304 [24/Feb/2025:08:03:27 +0000] - 40.764 ms localhost
GET /@fs/C:/Users/USER/Desktop/BroCampTasks/Angular_Project/frontend/.angular/cache/18.2.11/frontend/vite/deps/chunk-F4ZW7LLY.js.map 304 [24/Feb/2025:08:03:27 +0000] - 53.962 ms localhost
GET /@fs/C:/Users/USER/Desktop/BroCampTasks/Angular_Project/frontend/.angular/cache/18.2.11/frontend/vite/deps/chunk-BKIWMXDL.js.map 304 [24/Feb/2025:08:03:27 +0000] - 257.137 ms localhost
GET /chunk-AD6BEBTX.js 304 [24/Feb/2025:08:03:27 +0000] - 160.902 ms localhost
GET /chunk-KSELMSGV.js 304 [24/Feb/2025:08:03:27 +0000] - 137.853 ms localhost
GET /chunk-MQDO5BT4.js 304 [24/Feb/2025:08:03:27 +0000] - 120.662 ms localhost
GET /chunk-F64TRUFE.js 304 [24/Feb/2025:08:03:27 +0000] - 120.075 ms localhost
GET /@fs/C:/Users/USER/Desktop/BroCampTasks/Angular_Project/frontend/.angular/cache/18.2.11/frontend/vite/deps/chunk-2ZWNOPXZ.js.map 304 [24/Feb/2025:08:03:27 +0000] - 296.255 ms localhost
GET /@fs/C:/Users/USER/Desktop/BroCampTasks/Angular_Project/frontend/.angular/cache/18.2.11/frontend/vite/deps/@angular_router.js.map 304 [24/Feb/2025:08:03:27 +0000] - 111.072 ms localhost
GET /@fs/C:/Users/USER/Desktop/BroCampTasks/Angular_Project/frontend/.angular/cache/18.2.11/frontend/vite/deps/chunk-7MS5FTBZ.js.map 304 [24/Feb/2025:08:03:27 +0000] - 130.341 ms localhost
GET /@fs/C:/Users/USER/Desktop/BroCampTasks/Angular_Project/frontend/.angular/cache/18.2.11/frontend/vite/deps/emoji-picker-element.js.map 304 [24/Feb/2025:08:03:27 +0000] - 125.296 ms localhost
GET /@fs/C:/Users/USER/Desktop/BroCampTasks/Angular_Project/frontend/.angular/cache/18.2.11/frontend/vite/deps/chunk-ZKQIAUIS.js.map 304 [24/Feb/2025:08:03:27 +0000] - 189.976 ms localhost
GET /@fs/C:/Users/USER/Desktop/BroCampTasks/Angular_Project/frontend/.angular/cache/18.2.11/frontend/vite/deps/@angular_forms.js.map 304 [24/Feb/2025:08:03:27 +0000] - 196.532 ms localhost
GET /@fs/C:/Users/USER/Desktop/BroCampTasks/Angular_Project/frontend/.angular/cache/18.2.11/frontend/vite/deps/@angular_common.js.map 304 [24/Feb/2025:08:03:27 +0000] - 4.493 ms localhost
GET /login.component.css.map 200 [24/Feb/2025:08:03:27 +0000] - 13.168 ms localhost
GET /favicon.ico 304 [24/Feb/2025:08:03:29 +0000] - 4.072 ms localhost
POST /api/user/login 200 [24/Feb/2025:08:03:33 +0000] - 687.387 ms localhost
GET /chunk-VAXJEYWB.js 200 [24/Feb/2025:08:03:33 +0000] - 5.927 ms localhost
GET /chunk-FYADWRS6.js 304 [24/Feb/2025:08:03:33 +0000] - 6.509 ms localhost
GET /chunk-ZH4HHEI3.js 304 [24/Feb/2025:08:03:33 +0000] - 4.141 ms localhost
GET /dashboard.component.css.map 200 [24/Feb/2025:08:03:34 +0000] - 3.927 ms localhost
GET /layout.component.css.map 200 [24/Feb/2025:08:03:34 +0000] - 4.436 ms localhost
GET /chunk-2LVOXQ33.js 200 [24/Feb/2025:08:03:37 +0000] - 8.518 ms localhost
GET /sales 200 [24/Feb/2025:08:05:43 +0000] - 9.979 ms localhost
GET / - [24/Feb/2025:08:05:43 +0000] - - ms localhost
GET /@vite/client 304 [24/Feb/2025:08:05:43 +0000] - 9.387 ms localhost
GET /styles.css 200 [24/Feb/2025:08:05:43 +0000] - 11.431 ms localhost
GET /polyfills.js 304 [24/Feb/2025:08:05:43 +0000] - 9.549 ms localhost
GET /main.js 200 [24/Feb/2025:08:05:43 +0000] - 9.821 ms localhost
GET /styles.css.map 200 [24/Feb/2025:08:05:44 +0000] - 2.704 ms localhost
GET /@fs/C:/Users/USER/Desktop/BroCampTasks/Angular_Project/frontend/node_modules/vite/dist/client/env.mjs 304 [24/Feb/2025:08:05:44 +0000] - 4.434 ms localhost
GET /chunk-VUDBINDS.js 304 [24/Feb/2025:08:05:44 +0000] - 5.934 ms localhost
GET /chunk-JK2OZDZD.js 304 [24/Feb/2025:08:05:44 +0000] - 5.136 ms localhost
GET /chunk-NROI7E46.js 304 [24/Feb/2025:08:05:44 +0000] - 8.612 ms localhost
GET /chunk-Q4WODR4P.js 200 [24/Feb/2025:08:05:44 +0000] - 6.673 ms localhost
GET /@fs/C:/Users/USER/Desktop/BroCampTasks/Angular_Project/frontend/.angular/cache/18.2.11/frontend/vite/deps/@angular_core.js.map 304 [24/Feb/2025:08:05:44 +0000] - 10.264 ms localhost
GET /@fs/C:/Users/USER/Desktop/BroCampTasks/Angular_Project/frontend/.angular/cache/18.2.11/frontend/vite/deps/chunk-BKIWMXDL.js.map 304 [24/Feb/2025:08:05:44 +0000] - 136.232 ms localhost
GET /@fs/C:/Users/USER/Desktop/BroCampTasks/Angular_Project/frontend/.angular/cache/18.2.11/frontend/vite/deps/@angular_common_http.js.map 304 [24/Feb/2025:08:05:44 +0000] - 128.630 ms localhost
GET /@fs/C:/Users/USER/Desktop/BroCampTasks/Angular_Project/frontend/.angular/cache/18.2.11/frontend/vite/deps/@angular_platform-browser.js.map 304 [24/Feb/2025:08:05:44 +0000] - 209.475 ms localhost
GET /@fs/C:/Users/USER/Desktop/BroCampTasks/Angular_Project/frontend/.angular/cache/18.2.11/frontend/vite/deps/rxjs.js.map 304 [24/Feb/2025:08:05:44 +0000] - 96.079 ms localhost
GET /@fs/C:/Users/USER/Desktop/BroCampTasks/Angular_Project/frontend/.angular/cache/18.2.11/frontend/vite/deps/chunk-XWLXMCJQ.js.map 304 [24/Feb/2025:08:05:44 +0000] - 189.643 ms localhost
GET /@fs/C:/Users/USER/Desktop/BroCampTasks/Angular_Project/frontend/.angular/cache/18.2.11/frontend/vite/deps/chunk-7MS5FTBZ.js.map 304 [24/Feb/2025:08:05:44 +0000] - 231.447 ms localhost
GET /@fs/C:/Users/USER/Desktop/BroCampTasks/Angular_Project/frontend/.angular/cache/18.2.11/frontend/vite/deps/chunk-66JPAEYR.js.map 304 [24/Feb/2025:08:05:44 +0000] - 232.978 ms localhost
GET /@fs/C:/Users/USER/Desktop/BroCampTasks/Angular_Project/frontend/.angular/cache/18.2.11/frontend/vite/deps/chunk-F4ZW7LLY.js.map 304 [24/Feb/2025:08:05:44 +0000] - 164.169 ms localhost
GET /@fs/C:/Users/USER/Desktop/BroCampTasks/Angular_Project/frontend/.angular/cache/18.2.11/frontend/vite/deps/chunk-2ZWNOPXZ.js.map 304 [24/Feb/2025:08:05:44 +0000] - 88.260 ms localhost
GET /chunk-WYTGJWIV.js 304 [24/Feb/2025:08:05:44 +0000] - 22.884 ms localhost
GET /@fs/C:/Users/USER/Desktop/BroCampTasks/Angular_Project/frontend/.angular/cache/18.2.11/frontend/vite/deps/chunk-ZKQIAUIS.js.map 304 [24/Feb/2025:08:05:44 +0000] - 95.781 ms localhost
GET /@fs/C:/Users/USER/Desktop/BroCampTasks/Angular_Project/frontend/.angular/cache/18.2.11/frontend/vite/deps/@angular_forms.js.map 304 [24/Feb/2025:08:05:44 +0000] - 85.766 ms localhost
GET /@fs/C:/Users/USER/Desktop/BroCampTasks/Angular_Project/frontend/.angular/cache/18.2.11/frontend/vite/deps/@angular_router.js.map 304 [24/Feb/2025:08:05:44 +0000] - 131.745 ms localhost
GET /@fs/C:/Users/USER/Desktop/BroCampTasks/Angular_Project/frontend/.angular/cache/18.2.11/frontend/vite/deps/ngx-socket-io.js.map 304 [24/Feb/2025:08:05:44 +0000] - 116.643 ms localhost
GET /chunk-KSELMSGV.js 304 [24/Feb/2025:08:05:44 +0000] - 19.832 ms localhost
GET /chunk-AD6BEBTX.js 304 [24/Feb/2025:08:05:44 +0000] - 19.183 ms localhost
GET /chunk-MQDO5BT4.js 304 [24/Feb/2025:08:05:44 +0000] - 23.144 ms localhost
GET /chunk-F64TRUFE.js 304 [24/Feb/2025:08:05:44 +0000] - 17.702 ms localhost
GET /@fs/C:/Users/USER/Desktop/BroCampTasks/Angular_Project/frontend/.angular/cache/18.2.11/frontend/vite/deps/emoji-picker-element.js.map 304 [24/Feb/2025:08:05:44 +0000] - 69.716 ms localhost
GET /@fs/C:/Users/USER/Desktop/BroCampTasks/Angular_Project/frontend/.angular/cache/18.2.11/frontend/vite/deps/@angular_common.js.map 304 [24/Feb/2025:08:05:44 +0000] - 3.338 ms localhost
GET /login.component.css.map 200 [24/Feb/2025:08:05:44 +0000] - 2.864 ms localhost
GET /favicon.ico 304 [24/Feb/2025:08:05:45 +0000] - 8.768 ms localhost
POST /api/user/login 200 [24/Feb/2025:08:05:53 +0000] - 182.356 ms localhost
GET /chunk-FYADWRS6.js 304 [24/Feb/2025:08:05:53 +0000] - 5.447 ms localhost
GET /chunk-ZH4HHEI3.js 304 [24/Feb/2025:08:05:53 +0000] - 3.874 ms localhost
GET /dashboard.component.css.map 200 [24/Feb/2025:08:05:53 +0000] - 3.339 ms localhost
GET /layout.component.css.map 200 [24/Feb/2025:08:05:53 +0000] - 3.548 ms localhost
GET /chunk-LCNT55X5.js 200 [24/Feb/2025:08:05:56 +0000] - 8.164 ms localhost
GET /sales 200 [24/Feb/2025:08:07:58 +0000] - 10.071 ms localhost
GET / - [24/Feb/2025:08:07:58 +0000] - - ms localhost
GET /@vite/client 304 [24/Feb/2025:08:07:58 +0000] - 10.292 ms localhost
GET /styles.css 200 [24/Feb/2025:08:07:58 +0000] - 10.273 ms localhost
GET /main.js 200 [24/Feb/2025:08:07:58 +0000] - 11.839 ms localhost
GET /polyfills.js 304 [24/Feb/2025:08:07:58 +0000] - 11.862 ms localhost
GET /@fs/C:/Users/USER/Desktop/BroCampTasks/Angular_Project/frontend/node_modules/vite/dist/client/env.mjs 304 [24/Feb/2025:08:07:58 +0000] - 4.592 ms localhost
GET /chunk-NROI7E46.js 304 [24/Feb/2025:08:07:58 +0000] - 6.138 ms localhost
GET /chunk-VUDBINDS.js 304 [24/Feb/2025:08:07:58 +0000] - 10.051 ms localhost
GET /chunk-JK2OZDZD.js 304 [24/Feb/2025:08:07:58 +0000] - 6.032 ms localhost
GET /chunk-YRVDHWX5.js 200 [24/Feb/2025:08:07:58 +0000] - 6.303 ms localhost
GET /chunk-WYTGJWIV.js 304 [24/Feb/2025:08:07:59 +0000] - 2.943 ms localhost
GET /chunk-KSELMSGV.js 304 [24/Feb/2025:08:07:59 +0000] - 8.460 ms localhost
GET /chunk-AD6BEBTX.js 304 [24/Feb/2025:08:07:59 +0000] - 6.581 ms localhost
GET /chunk-F64TRUFE.js 304 [24/Feb/2025:08:07:59 +0000] - 6.960 ms localhost
GET /chunk-MQDO5BT4.js 304 [24/Feb/2025:08:07:59 +0000] - 7.108 ms localhost
GET /styles.css.map 200 [24/Feb/2025:08:07:59 +0000] - 3.067 ms localhost
GET /@fs/C:/Users/USER/Desktop/BroCampTasks/Angular_Project/frontend/.angular/cache/18.2.11/frontend/vite/deps/@angular_core.js.map 304 [24/Feb/2025:08:07:59 +0000] - 10.196 ms localhost
GET /@fs/C:/Users/USER/Desktop/BroCampTasks/Angular_Project/frontend/.angular/cache/18.2.11/frontend/vite/deps/chunk-66JPAEYR.js.map 304 [24/Feb/2025:08:07:59 +0000] - 30.635 ms localhost
GET /@fs/C:/Users/USER/Desktop/BroCampTasks/Angular_Project/frontend/.angular/cache/18.2.11/frontend/vite/deps/chunk-XWLXMCJQ.js.map 304 [24/Feb/2025:08:07:59 +0000] - 31.077 ms localhost
GET /@fs/C:/Users/USER/Desktop/BroCampTasks/Angular_Project/frontend/.angular/cache/18.2.11/frontend/vite/deps/rxjs.js.map 304 [24/Feb/2025:08:07:59 +0000] - 29.241 ms localhost
GET /@fs/C:/Users/USER/Desktop/BroCampTasks/Angular_Project/frontend/.angular/cache/18.2.11/frontend/vite/deps/chunk-BKIWMXDL.js.map 304 [24/Feb/2025:08:07:59 +0000] - 195.879 ms localhost
GET /@fs/C:/Users/USER/Desktop/BroCampTasks/Angular_Project/frontend/.angular/cache/18.2.11/frontend/vite/deps/@angular_common_http.js.map 304 [24/Feb/2025:08:07:59 +0000] - 190.970 ms localhost
GET /@fs/C:/Users/USER/Desktop/BroCampTasks/Angular_Project/frontend/.angular/cache/18.2.11/frontend/vite/deps/chunk-F4ZW7LLY.js.map 304 [24/Feb/2025:08:07:59 +0000] - 188.713 ms localhost
GET /@fs/C:/Users/USER/Desktop/BroCampTasks/Angular_Project/frontend/.angular/cache/18.2.11/frontend/vite/deps/@angular_platform-browser.js.map 304 [24/Feb/2025:08:07:59 +0000] - 157.496 ms localhost
GET /@fs/C:/Users/USER/Desktop/BroCampTasks/Angular_Project/frontend/.angular/cache/18.2.11/frontend/vite/deps/chunk-2ZWNOPXZ.js.map 304 [24/Feb/2025:08:07:59 +0000] - 193.011 ms localhost
GET /@fs/C:/Users/USER/Desktop/BroCampTasks/Angular_Project/frontend/.angular/cache/18.2.11/frontend/vite/deps/chunk-ZKQIAUIS.js.map 304 [24/Feb/2025:08:07:59 +0000] - 184.779 ms localhost
GET /@fs/C:/Users/USER/Desktop/BroCampTasks/Angular_Project/frontend/.angular/cache/18.2.11/frontend/vite/deps/@angular_router.js.map 304 [24/Feb/2025:08:07:59 +0000] - 79.564 ms localhost
GET /@fs/C:/Users/USER/Desktop/BroCampTasks/Angular_Project/frontend/.angular/cache/18.2.11/frontend/vite/deps/ngx-socket-io.js.map 304 [24/Feb/2025:08:07:59 +0000] - 71.956 ms localhost
GET /@fs/C:/Users/USER/Desktop/BroCampTasks/Angular_Project/frontend/.angular/cache/18.2.11/frontend/vite/deps/@angular_common.js.map 304 [24/Feb/2025:08:07:59 +0000] - 36.586 ms localhost
GET /@fs/C:/Users/USER/Desktop/BroCampTasks/Angular_Project/frontend/.angular/cache/18.2.11/frontend/vite/deps/chunk-7MS5FTBZ.js.map 304 [24/Feb/2025:08:07:59 +0000] - 72.885 ms localhost
GET /@fs/C:/Users/USER/Desktop/BroCampTasks/Angular_Project/frontend/.angular/cache/18.2.11/frontend/vite/deps/@angular_forms.js.map 304 [24/Feb/2025:08:07:59 +0000] - 80.316 ms localhost
GET /@fs/C:/Users/USER/Desktop/BroCampTasks/Angular_Project/frontend/.angular/cache/18.2.11/frontend/vite/deps/emoji-picker-element.js.map 304 [24/Feb/2025:08:07:59 +0000] - 75.418 ms localhost
GET /login.component.css.map 200 [24/Feb/2025:08:07:59 +0000] - 27.171 ms localhost
GET /favicon.ico 304 [24/Feb/2025:08:08:00 +0000] - 5.721 ms localhost
POST /api/user/login 200 [24/Feb/2025:08:08:05 +0000] - 167.549 ms localhost
GET /chunk-FYADWRS6.js 304 [24/Feb/2025:08:08:05 +0000] - 7.959 ms localhost
GET /chunk-ZH4HHEI3.js 304 [24/Feb/2025:08:08:05 +0000] - 3.868 ms localhost
GET /layout.component.css.map 200 [24/Feb/2025:08:08:05 +0000] - 5.195 ms localhost
GET /dashboard.component.css.map 200 [24/Feb/2025:08:08:05 +0000] - 5.468 ms localhost
GET /chunk-BXHREJOJ.js 200 [24/Feb/2025:08:08:08 +0000] - 11.340 ms localhost
GET / - [24/Feb/2025:08:11:58 +0000] - - ms localhost
GET /sales 200 [24/Feb/2025:08:12:13 +0000] - 68.110 ms localhost
GET /@vite/client 304 [24/Feb/2025:08:12:14 +0000] - 15.074 ms localhost
GET /styles.css 200 [24/Feb/2025:08:12:14 +0000] - 12.392 ms localhost
GET /polyfills.js 304 [24/Feb/2025:08:12:14 +0000] - 3.174 ms localhost
GET /main.js 200 [24/Feb/2025:08:12:14 +0000] - 4.167 ms localhost
GET /@fs/C:/Users/USER/Desktop/BroCampTasks/Angular_Project/frontend/node_modules/vite/dist/client/env.mjs 304 [24/Feb/2025:08:12:14 +0000] - 3.262 ms localhost
GET /styles.css.map 200 [24/Feb/2025:08:12:14 +0000] - 7.741 ms localhost
GET /chunk-VUDBINDS.js 304 [24/Feb/2025:08:12:15 +0000] - 4.726 ms localhost
GET /chunk-NROI7E46.js 304 [24/Feb/2025:08:12:15 +0000] - 4.644 ms localhost
GET /chunk-JK2OZDZD.js 304 [24/Feb/2025:08:12:15 +0000] - 5.784 ms localhost
GET /@fs/C:/Users/USER/Desktop/BroCampTasks/Angular_Project/frontend/.angular/cache/18.2.11/frontend/vite/deps/@angular_core.js.map 304 [24/Feb/2025:08:12:16 +0000] - 20.191 ms localhost
GET /@fs/C:/Users/USER/Desktop/BroCampTasks/Angular_Project/frontend/.angular/cache/18.2.11/frontend/vite/deps/chunk-BKIWMXDL.js.map 304 [24/Feb/2025:08:12:17 +0000] - 293.793 ms localhost
GET /@fs/C:/Users/USER/Desktop/BroCampTasks/Angular_Project/frontend/.angular/cache/18.2.11/frontend/vite/deps/chunk-66JPAEYR.js.map 304 [24/Feb/2025:08:12:17 +0000] - 595.727 ms localhost
GET /@fs/C:/Users/USER/Desktop/BroCampTasks/Angular_Project/frontend/.angular/cache/18.2.11/frontend/vite/deps/chunk-XWLXMCJQ.js.map 304 [24/Feb/2025:08:12:17 +0000] - 515.161 ms localhost
GET /@fs/C:/Users/USER/Desktop/BroCampTasks/Angular_Project/frontend/.angular/cache/18.2.11/frontend/vite/deps/rxjs.js.map 304 [24/Feb/2025:08:12:17 +0000] - 394.212 ms localhost
GET /@fs/C:/Users/USER/Desktop/BroCampTasks/Angular_Project/frontend/.angular/cache/18.2.11/frontend/vite/deps/@angular_common_http.js.map 304 [24/Feb/2025:08:12:17 +0000] - 7.101 ms localhost
GET /@fs/C:/Users/USER/Desktop/BroCampTasks/Angular_Project/frontend/.angular/cache/18.2.11/frontend/vite/deps/chunk-F4ZW7LLY.js.map 304 [24/Feb/2025:08:12:17 +0000] - 11.383 ms localhost
GET /@fs/C:/Users/USER/Desktop/BroCampTasks/Angular_Project/frontend/.angular/cache/18.2.11/frontend/vite/deps/chunk-2ZWNOPXZ.js.map 304 [24/Feb/2025:08:12:17 +0000] - 19.663 ms localhost
GET /@fs/C:/Users/USER/Desktop/BroCampTasks/Angular_Project/frontend/.angular/cache/18.2.11/frontend/vite/deps/@angular_platform-browser.js.map 304 [24/Feb/2025:08:12:17 +0000] - 4.086 ms localhost
GET /@fs/C:/Users/USER/Desktop/BroCampTasks/Angular_Project/frontend/.angular/cache/18.2.11/frontend/vite/deps/chunk-ZKQIAUIS.js.map 304 [24/Feb/2025:08:12:17 +0000] - 5.811 ms localhost
GET /@fs/C:/Users/USER/Desktop/BroCampTasks/Angular_Project/frontend/.angular/cache/18.2.11/frontend/vite/deps/@angular_router.js.map 304 [24/Feb/2025:08:12:17 +0000] - 14.419 ms localhost
GET /@fs/C:/Users/USER/Desktop/BroCampTasks/Angular_Project/frontend/.angular/cache/18.2.11/frontend/vite/deps/ngx-socket-io.js.map 304 [24/Feb/2025:08:12:17 +0000] - 5.236 ms localhost
GET /@fs/C:/Users/USER/Desktop/BroCampTasks/Angular_Project/frontend/.angular/cache/18.2.11/frontend/vite/deps/chunk-7MS5FTBZ.js.map 304 [24/Feb/2025:08:12:17 +0000] - 11.623 ms localhost
GET /@fs/C:/Users/USER/Desktop/BroCampTasks/Angular_Project/frontend/.angular/cache/18.2.11/frontend/vite/deps/@angular_forms.js.map 304 [24/Feb/2025:08:12:17 +0000] - 14.083 ms localhost
GET /@fs/C:/Users/USER/Desktop/BroCampTasks/Angular_Project/frontend/.angular/cache/18.2.11/frontend/vite/deps/emoji-picker-element.js.map 304 [24/Feb/2025:08:12:17 +0000] - 10.019 ms localhost
GET /chunk-ERJPD5XQ.js 200 [24/Feb/2025:08:12:17 +0000] - 6.209 ms localhost
GET /chunk-WYTGJWIV.js 304 [24/Feb/2025:08:12:18 +0000] - 3.565 ms localhost
GET /chunk-KSELMSGV.js 304 [24/Feb/2025:08:12:18 +0000] - 3.525 ms localhost
GET /chunk-AD6BEBTX.js 304 [24/Feb/2025:08:12:18 +0000] - 5.898 ms localhost
GET /chunk-MQDO5BT4.js 304 [24/Feb/2025:08:12:18 +0000] - 2.142 ms localhost
GET /chunk-F64TRUFE.js 304 [24/Feb/2025:08:12:18 +0000] - 2.448 ms localhost
GET /favicon.ico 304 [24/Feb/2025:08:12:19 +0000] - 8.008 ms localhost
GET /@fs/C:/Users/USER/Desktop/BroCampTasks/Angular_Project/frontend/.angular/cache/18.2.11/frontend/vite/deps/@angular_common.js.map 304 [24/Feb/2025:08:12:20 +0000] - 4.653 ms localhost
GET /login.component.css.map 200 [24/Feb/2025:08:12:20 +0000] - 2.920 ms localhost
GET /login 200 [24/Feb/2025:08:16:12 +0000] - 44.068 ms localhost
GET / - [24/Feb/2025:08:16:13 +0000] - - ms localhost
GET /@vite/client 304 [24/Feb/2025:08:16:13 +0000] - 36.260 ms localhost
GET /polyfills.js 304 [24/Feb/2025:08:16:13 +0000] - 31.915 ms localhost
GET /styles.css 200 [24/Feb/2025:08:16:13 +0000] - 38.069 ms localhost
GET /main.js 200 [24/Feb/2025:08:16:13 +0000] - 43.391 ms localhost
GET /@fs/C:/Users/USER/Desktop/BroCampTasks/Angular_Project/frontend/node_modules/vite/dist/client/env.mjs 304 [24/Feb/2025:08:16:13 +0000] - 3.858 ms localhost
GET /chunk-VUDBINDS.js 304 [24/Feb/2025:08:16:14 +0000] - 3.548 ms localhost
GET /chunk-NROI7E46.js 304 [24/Feb/2025:08:16:14 +0000] - 3.866 ms localhost
GET /chunk-JK2OZDZD.js 304 [24/Feb/2025:08:16:14 +0000] - 3.979 ms localhost
GET /chunk-WYTGJWIV.js 304 [24/Feb/2025:08:16:14 +0000] - 6.280 ms localhost
GET /styles.css.map 200 [24/Feb/2025:08:16:14 +0000] - 6.550 ms localhost
GET /@fs/C:/Users/USER/Desktop/BroCampTasks/Angular_Project/frontend/.angular/cache/18.2.11/frontend/vite/deps/@angular_core.js.map 304 [24/Feb/2025:08:16:15 +0000] - 4.731 ms localhost
GET /@fs/C:/Users/USER/Desktop/BroCampTasks/Angular_Project/frontend/.angular/cache/18.2.11/frontend/vite/deps/chunk-BKIWMXDL.js.map 304 [24/Feb/2025:08:16:15 +0000] - 169.930 ms localhost
GET /@fs/C:/Users/USER/Desktop/BroCampTasks/Angular_Project/frontend/.angular/cache/18.2.11/frontend/vite/deps/chunk-XWLXMCJQ.js.map 304 [24/Feb/2025:08:16:15 +0000] - 150.916 ms localhost
GET /@fs/C:/Users/USER/Desktop/BroCampTasks/Angular_Project/frontend/.angular/cache/18.2.11/frontend/vite/deps/chunk-66JPAEYR.js.map 304 [24/Feb/2025:08:16:15 +0000] - 178.706 ms localhost
GET /@fs/C:/Users/USER/Desktop/BroCampTasks/Angular_Project/frontend/.angular/cache/18.2.11/frontend/vite/deps/rxjs.js.map 304 [24/Feb/2025:08:16:15 +0000] - 69.016 ms localhost
GET /@fs/C:/Users/USER/Desktop/BroCampTasks/Angular_Project/frontend/.angular/cache/18.2.11/frontend/vite/deps/@angular_common_http.js.map 304 [24/Feb/2025:08:16:15 +0000] - 5.029 ms localhost
GET /@fs/C:/Users/USER/Desktop/BroCampTasks/Angular_Project/frontend/.angular/cache/18.2.11/frontend/vite/deps/chunk-F4ZW7LLY.js.map 304 [24/Feb/2025:08:16:15 +0000] - 11.175 ms localhost
GET /@fs/C:/Users/USER/Desktop/BroCampTasks/Angular_Project/frontend/.angular/cache/18.2.11/frontend/vite/deps/chunk-2ZWNOPXZ.js.map 304 [24/Feb/2025:08:16:15 +0000] - 19.829 ms localhost
GET /@fs/C:/Users/USER/Desktop/BroCampTasks/Angular_Project/frontend/.angular/cache/18.2.11/frontend/vite/deps/@angular_platform-browser.js.map 304 [24/Feb/2025:08:16:15 +0000] - 4.318 ms localhost
GET /@fs/C:/Users/USER/Desktop/BroCampTasks/Angular_Project/frontend/.angular/cache/18.2.11/frontend/vite/deps/chunk-ZKQIAUIS.js.map 304 [24/Feb/2025:08:16:15 +0000] - 5.681 ms localhost
GET /@fs/C:/Users/USER/Desktop/BroCampTasks/Angular_Project/frontend/.angular/cache/18.2.11/frontend/vite/deps/@angular_router.js.map 304 [24/Feb/2025:08:16:15 +0000] - 15.914 ms localhost
GET /@fs/C:/Users/USER/Desktop/BroCampTasks/Angular_Project/frontend/.angular/cache/18.2.11/frontend/vite/deps/ngx-socket-io.js.map 304 [24/Feb/2025:08:16:15 +0000] - 10.635 ms localhost
GET /@fs/C:/Users/USER/Desktop/BroCampTasks/Angular_Project/frontend/.angular/cache/18.2.11/frontend/vite/deps/chunk-7MS5FTBZ.js.map 304 [24/Feb/2025:08:16:16 +0000] - 12.889 ms localhost
GET /@fs/C:/Users/USER/Desktop/BroCampTasks/Angular_Project/frontend/.angular/cache/18.2.11/frontend/vite/deps/@angular_forms.js.map 304 [24/Feb/2025:08:16:16 +0000] - 15.405 ms localhost
GET /@fs/C:/Users/USER/Desktop/BroCampTasks/Angular_Project/frontend/.angular/cache/18.2.11/frontend/vite/deps/emoji-picker-element.js.map 304 [24/Feb/2025:08:16:16 +0000] - 16.409 ms localhost
GET /chunk-KSELMSGV.js 304 [24/Feb/2025:08:16:16 +0000] - 3.804 ms localhost
GET /chunk-AD6BEBTX.js 304 [24/Feb/2025:08:16:16 +0000] - 4.056 ms localhost
GET /chunk-MQDO5BT4.js 304 [24/Feb/2025:08:16:16 +0000] - 2.948 ms localhost
GET /chunk-F64TRUFE.js 304 [24/Feb/2025:08:16:16 +0000] - 2.364 ms localhost
GET /favicon.ico 304 [24/Feb/2025:08:16:17 +0000] - 7.605 ms localhost
GET /@fs/C:/Users/USER/Desktop/BroCampTasks/Angular_Project/frontend/.angular/cache/18.2.11/frontend/vite/deps/@angular_common.js.map 304 [24/Feb/2025:08:16:17 +0000] - 4.019 ms localhost
GET /login.component.css.map 200 [24/Feb/2025:08:16:17 +0000] - 2.743 ms localhost
POST /api/user/login 200 [24/Feb/2025:08:16:42 +0000] - 363.060 ms localhost
GET /chunk-OFND2BWP.js 404 [24/Feb/2025:08:16:42 +0000] - 12.902 ms localhost
GET /login 200 [24/Feb/2025:08:16:46 +0000] - 11.513 ms localhost
GET / - [24/Feb/2025:08:16:46 +0000] - - ms localhost
GET /styles.css 200 [24/Feb/2025:08:16:46 +0000] - 8.894 ms localhost
GET /@vite/client 304 [24/Feb/2025:08:16:46 +0000] - 13.581 ms localhost
GET /polyfills.js 304 [24/Feb/2025:08:16:46 +0000] - 13.252 ms localhost
GET /main.js 200 [24/Feb/2025:08:16:46 +0000] - 13.474 ms localhost
GET /styles.css.map 200 [24/Feb/2025:08:16:46 +0000] - 8.641 ms localhost
GET /@fs/C:/Users/USER/Desktop/BroCampTasks/Angular_Project/frontend/node_modules/vite/dist/client/env.mjs 304 [24/Feb/2025:08:16:46 +0000] - 5.779 ms localhost
GET /chunk-JK2OZDZD.js 304 [24/Feb/2025:08:16:46 +0000] - 3.909 ms localhost
GET /chunk-VUDBINDS.js 304 [24/Feb/2025:08:16:46 +0000] - 8.385 ms localhost
GET /chunk-NROI7E46.js 304 [24/Feb/2025:08:16:46 +0000] - 9.392 ms localhost
GET /chunk-WYTGJWIV.js 304 [24/Feb/2025:08:16:46 +0000] - 2.543 ms localhost
GET /@fs/C:/Users/USER/Desktop/BroCampTasks/Angular_Project/frontend/.angular/cache/18.2.11/frontend/vite/deps/rxjs.js.map 304 [24/Feb/2025:08:16:46 +0000] - 8.993 ms localhost
GET /@fs/C:/Users/USER/Desktop/BroCampTasks/Angular_Project/frontend/.angular/cache/18.2.11/frontend/vite/deps/@angular_core.js.map 304 [24/Feb/2025:08:16:46 +0000] - 8.298 ms localhost
GET /@fs/C:/Users/USER/Desktop/BroCampTasks/Angular_Project/frontend/.angular/cache/18.2.11/frontend/vite/deps/@angular_common_http.js.map 304 [24/Feb/2025:08:16:46 +0000] - 18.690 ms localhost
GET /@fs/C:/Users/USER/Desktop/BroCampTasks/Angular_Project/frontend/.angular/cache/18.2.11/frontend/vite/deps/chunk-7MS5FTBZ.js.map 304 [24/Feb/2025:08:16:46 +0000] - 19.996 ms localhost
GET /@fs/C:/Users/USER/Desktop/BroCampTasks/Angular_Project/frontend/.angular/cache/18.2.11/frontend/vite/deps/@angular_forms.js.map 304 [24/Feb/2025:08:16:46 +0000] - 34.306 ms localhost
GET /@fs/C:/Users/USER/Desktop/BroCampTasks/Angular_Project/frontend/.angular/cache/18.2.11/frontend/vite/deps/chunk-BKIWMXDL.js.map 304 [24/Feb/2025:08:16:47 +0000] - 213.660 ms localhost
GET /@fs/C:/Users/USER/Desktop/BroCampTasks/Angular_Project/frontend/.angular/cache/18.2.11/frontend/vite/deps/@angular_platform-browser.js.map 304 [24/Feb/2025:08:16:47 +0000] - 195.988 ms localhost
GET /@fs/C:/Users/USER/Desktop/BroCampTasks/Angular_Project/frontend/.angular/cache/18.2.11/frontend/vite/deps/chunk-66JPAEYR.js.map 304 [24/Feb/2025:08:16:47 +0000] - 215.821 ms localhost
GET /@fs/C:/Users/USER/Desktop/BroCampTasks/Angular_Project/frontend/.angular/cache/18.2.11/frontend/vite/deps/chunk-XWLXMCJQ.js.map 304 [24/Feb/2025:08:16:47 +0000] - 214.829 ms localhost
GET /@fs/C:/Users/USER/Desktop/BroCampTasks/Angular_Project/frontend/.angular/cache/18.2.11/frontend/vite/deps/chunk-F4ZW7LLY.js.map 304 [24/Feb/2025:08:16:47 +0000] - 214.583 ms localhost
GET /@fs/C:/Users/USER/Desktop/BroCampTasks/Angular_Project/frontend/.angular/cache/18.2.11/frontend/vite/deps/chunk-2ZWNOPXZ.js.map 304 [24/Feb/2025:08:16:47 +0000] - 282.650 ms localhost
GET /chunk-KSELMSGV.js 304 [24/Feb/2025:08:16:47 +0000] - 8.099 ms localhost
GET /chunk-MQDO5BT4.js 304 [24/Feb/2025:08:16:47 +0000] - 5.594 ms localhost
GET /chunk-AD6BEBTX.js 304 [24/Feb/2025:08:16:47 +0000] - 12.754 ms localhost
GET /chunk-F64TRUFE.js 304 [24/Feb/2025:08:16:47 +0000] - 3.140 ms localhost
GET /@fs/C:/Users/USER/Desktop/BroCampTasks/Angular_Project/frontend/.angular/cache/18.2.11/frontend/vite/deps/chunk-ZKQIAUIS.js.map 304 [24/Feb/2025:08:16:47 +0000] - 12.395 ms localhost
GET /@fs/C:/Users/USER/Desktop/BroCampTasks/Angular_Project/frontend/.angular/cache/18.2.11/frontend/vite/deps/ngx-socket-io.js.map 304 [24/Feb/2025:08:16:47 +0000] - 9.583 ms localhost
GET /@fs/C:/Users/USER/Desktop/BroCampTasks/Angular_Project/frontend/.angular/cache/18.2.11/frontend/vite/deps/@angular_router.js.map 304 [24/Feb/2025:08:16:47 +0000] - 26.964 ms localhost
GET /@fs/C:/Users/USER/Desktop/BroCampTasks/Angular_Project/frontend/.angular/cache/18.2.11/frontend/vite/deps/emoji-picker-element.js.map 304 [24/Feb/2025:08:16:47 +0000] - 28.696 ms localhost
GET /@fs/C:/Users/USER/Desktop/BroCampTasks/Angular_Project/frontend/.angular/cache/18.2.11/frontend/vite/deps/@angular_common.js.map 304 [24/Feb/2025:08:16:47 +0000] - 8.037 ms localhost
GET /login.component.css.map 200 [24/Feb/2025:08:16:47 +0000] - 8.519 ms localhost
GET /favicon.ico 304 [24/Feb/2025:08:16:48 +0000] - 4.169 ms localhost
POST /api/user/login 200 [24/Feb/2025:08:16:53 +0000] - 149.794 ms localhost
GET /chunk-YEKJJFTP.js 200 [24/Feb/2025:08:16:53 +0000] - 6.224 ms localhost
GET /chunk-FYADWRS6.js 304 [24/Feb/2025:08:16:53 +0000] - 5.248 ms localhost
GET /chunk-ZH4HHEI3.js 304 [24/Feb/2025:08:16:53 +0000] - 3.050 ms localhost
GET /layout.component.css.map 200 [24/Feb/2025:08:16:53 +0000] - 4.264 ms localhost
GET /dashboard.component.css.map 200 [24/Feb/2025:08:16:53 +0000] - 4.354 ms localhost
GET /chunk-KQFN6IPL.js 200 [24/Feb/2025:08:16:56 +0000] - 14.205 ms localhost
GET /sales 200 [24/Feb/2025:08:19:49 +0000] - 53.350 ms localhost
GET / - [24/Feb/2025:08:19:50 +0000] - - ms localhost
GET /@vite/client 304 [24/Feb/2025:08:19:50 +0000] - 16.136 ms localhost
GET /styles.css 200 [24/Feb/2025:08:19:50 +0000] - 12.441 ms localhost
GET /polyfills.js 304 [24/Feb/2025:08:19:50 +0000] - 15.465 ms localhost
GET /main.js 200 [24/Feb/2025:08:19:50 +0000] - 16.600 ms localhost
GET /@fs/C:/Users/USER/Desktop/BroCampTasks/Angular_Project/frontend/node_modules/vite/dist/client/env.mjs 304 [24/Feb/2025:08:19:50 +0000] - 5.833 ms localhost
GET /styles.css.map 200 [24/Feb/2025:08:19:50 +0000] - 44.328 ms localhost
GET /chunk-VUDBINDS.js 304 [24/Feb/2025:08:19:50 +0000] - 4.295 ms localhost
GET /chunk-JK2OZDZD.js 304 [24/Feb/2025:08:19:50 +0000] - 4.781 ms localhost
GET /chunk-NROI7E46.js 304 [24/Feb/2025:08:19:50 +0000] - 6.824 ms localhost
GET /chunk-F2YJYGEK.js 200 [24/Feb/2025:08:19:50 +0000] - 8.479 ms localhost
GET /@fs/C:/Users/USER/Desktop/BroCampTasks/Angular_Project/frontend/.angular/cache/18.2.11/frontend/vite/deps/@angular_core.js.map 304 [24/Feb/2025:08:19:50 +0000] - 8.624 ms localhost
GET /@fs/C:/Users/USER/Desktop/BroCampTasks/Angular_Project/frontend/.angular/cache/18.2.11/frontend/vite/deps/chunk-XWLXMCJQ.js.map 304 [24/Feb/2025:08:19:50 +0000] - 13.455 ms localhost
GET /@fs/C:/Users/USER/Desktop/BroCampTasks/Angular_Project/frontend/.angular/cache/18.2.11/frontend/vite/deps/rxjs.js.map 304 [24/Feb/2025:08:19:50 +0000] - 14.261 ms localhost
GET /@fs/C:/Users/USER/Desktop/BroCampTasks/Angular_Project/frontend/.angular/cache/18.2.11/frontend/vite/deps/chunk-66JPAEYR.js.map 304 [24/Feb/2025:08:19:50 +0000] - 28.726 ms localhost
GET /@fs/C:/Users/USER/Desktop/BroCampTasks/Angular_Project/frontend/.angular/cache/18.2.11/frontend/vite/deps/@angular_platform-browser.js.map 304 [24/Feb/2025:08:19:50 +0000] - 18.085 ms localhost
GET /@fs/C:/Users/USER/Desktop/BroCampTasks/Angular_Project/frontend/.angular/cache/18.2.11/frontend/vite/deps/chunk-ZKQIAUIS.js.map 304 [24/Feb/2025:08:19:50 +0000] - 24.021 ms localhost
GET /@fs/C:/Users/USER/Desktop/BroCampTasks/Angular_Project/frontend/.angular/cache/18.2.11/frontend/vite/deps/chunk-7MS5FTBZ.js.map 304 [24/Feb/2025:08:19:50 +0000] - 20.750 ms localhost
GET /@fs/C:/Users/USER/Desktop/BroCampTasks/Angular_Project/frontend/.angular/cache/18.2.11/frontend/vite/deps/@angular_forms.js.map 304 [24/Feb/2025:08:19:50 +0000] - 25.285 ms localhost
GET /@fs/C:/Users/USER/Desktop/BroCampTasks/Angular_Project/frontend/.angular/cache/18.2.11/frontend/vite/deps/@angular_common_http.js.map 304 [24/Feb/2025:08:19:50 +0000] - 5.746 ms localhost
GET /@fs/C:/Users/USER/Desktop/BroCampTasks/Angular_Project/frontend/.angular/cache/18.2.11/frontend/vite/deps/chunk-F4ZW7LLY.js.map 304 [24/Feb/2025:08:19:50 +0000] - 21.428 ms localhost
GET /@fs/C:/Users/USER/Desktop/BroCampTasks/Angular_Project/frontend/.angular/cache/18.2.11/frontend/vite/deps/chunk-2ZWNOPXZ.js.map 304 [24/Feb/2025:08:19:50 +0000] - 38.096 ms localhost
GET /@fs/C:/Users/USER/Desktop/BroCampTasks/Angular_Project/frontend/.angular/cache/18.2.11/frontend/vite/deps/@angular_router.js.map 304 [24/Feb/2025:08:19:50 +0000] - 27.385 ms localhost
GET /@fs/C:/Users/USER/Desktop/BroCampTasks/Angular_Project/frontend/.angular/cache/18.2.11/frontend/vite/deps/ngx-socket-io.js.map 304 [24/Feb/2025:08:19:51 +0000] - 156.811 ms localhost
GET /@fs/C:/Users/USER/Desktop/BroCampTasks/Angular_Project/frontend/.angular/cache/18.2.11/frontend/vite/deps/emoji-picker-element.js.map 304 [24/Feb/2025:08:19:51 +0000] - 137.520 ms localhost
GET /@fs/C:/Users/USER/Desktop/BroCampTasks/Angular_Project/frontend/.angular/cache/18.2.11/frontend/vite/deps/chunk-BKIWMXDL.js.map 304 [24/Feb/2025:08:19:51 +0000] - 418.599 ms localhost
GET /chunk-WYTGJWIV.js 304 [24/Feb/2025:08:19:51 +0000] - 2.692 ms localhost
GET /chunk-KSELMSGV.js 304 [24/Feb/2025:08:19:51 +0000] - 7.415 ms localhost
GET /chunk-AD6BEBTX.js 304 [24/Feb/2025:08:19:51 +0000] - 7.501 ms localhost
GET /chunk-MQDO5BT4.js 304 [24/Feb/2025:08:19:51 +0000] - 7.238 ms localhost
GET /chunk-F64TRUFE.js 304 [24/Feb/2025:08:19:51 +0000] - 9.510 ms localhost
GET /@fs/C:/Users/USER/Desktop/BroCampTasks/Angular_Project/frontend/.angular/cache/18.2.11/frontend/vite/deps/@angular_common.js.map 304 [24/Feb/2025:08:19:51 +0000] - 9.261 ms localhost
GET /login.component.css.map 200 [24/Feb/2025:08:19:51 +0000] - 3.788 ms localhost
GET /favicon.ico 304 [24/Feb/2025:08:19:54 +0000] - 5.919 ms localhost
POST /api/user/login 200 [24/Feb/2025:08:19:57 +0000] - 380.486 ms localhost
GET /chunk-FYADWRS6.js 304 [24/Feb/2025:08:19:57 +0000] - 4.080 ms localhost
GET /chunk-ZH4HHEI3.js 304 [24/Feb/2025:08:19:57 +0000] - 2.998 ms localhost
GET /dashboard.component.css.map 200 [24/Feb/2025:08:19:57 +0000] - 3.336 ms localhost
GET /layout.component.css.map 200 [24/Feb/2025:08:19:57 +0000] - 3.764 ms localhost
GET /chunk-SKNWVZNK.js 200 [24/Feb/2025:08:19:59 +0000] - 8.500 ms localhost
GET /sales 200 [24/Feb/2025:08:20:21 +0000] - 13.409 ms localhost
GET / - [24/Feb/2025:08:20:21 +0000] - - ms localhost
GET /@vite/client 304 [24/Feb/2025:08:20:21 +0000] - 9.615 ms localhost
GET /styles.css 200 [24/Feb/2025:08:20:21 +0000] - 5.690 ms localhost
GET /polyfills.js 304 [24/Feb/2025:08:20:21 +0000] - 8.282 ms localhost
GET /main.js 200 [24/Feb/2025:08:20:21 +0000] - 8.795 ms localhost
GET /styles.css.map 200 [24/Feb/2025:08:20:21 +0000] - 4.119 ms localhost
GET /@fs/C:/Users/USER/Desktop/BroCampTasks/Angular_Project/frontend/node_modules/vite/dist/client/env.mjs 304 [24/Feb/2025:08:20:22 +0000] - 12.752 ms localhost
GET /chunk-VUDBINDS.js 304 [24/Feb/2025:08:20:22 +0000] - 12.601 ms localhost
GET /chunk-JK2OZDZD.js 304 [24/Feb/2025:08:20:22 +0000] - 12.178 ms localhost
GET /chunk-NROI7E46.js 304 [24/Feb/2025:08:20:22 +0000] - 10.757 ms localhost
GET /chunk-F5L6UOBD.js 200 [24/Feb/2025:08:20:22 +0000] - 7.992 ms localhost
GET /@fs/C:/Users/USER/Desktop/BroCampTasks/Angular_Project/frontend/.angular/cache/18.2.11/frontend/vite/deps/@angular_core.js.map 304 [24/Feb/2025:08:20:22 +0000] - 13.434 ms localhost
GET /@fs/C:/Users/USER/Desktop/BroCampTasks/Angular_Project/frontend/.angular/cache/18.2.11/frontend/vite/deps/chunk-BKIWMXDL.js.map 304 [24/Feb/2025:08:20:22 +0000] - 208.323 ms localhost
GET /@fs/C:/Users/USER/Desktop/BroCampTasks/Angular_Project/frontend/.angular/cache/18.2.11/frontend/vite/deps/chunk-XWLXMCJQ.js.map 304 [24/Feb/2025:08:20:22 +0000] - 142.464 ms localhost
GET /@fs/C:/Users/USER/Desktop/BroCampTasks/Angular_Project/frontend/.angular/cache/18.2.11/frontend/vite/deps/chunk-66JPAEYR.js.map 304 [24/Feb/2025:08:20:22 +0000] - 219.489 ms localhost
GET /@fs/C:/Users/USER/Desktop/BroCampTasks/Angular_Project/frontend/.angular/cache/18.2.11/frontend/vite/deps/rxjs.js.map 304 [24/Feb/2025:08:20:22 +0000] - 142.802 ms localhost
GET /@fs/C:/Users/USER/Desktop/BroCampTasks/Angular_Project/frontend/.angular/cache/18.2.11/frontend/vite/deps/@angular_common_http.js.map 304 [24/Feb/2025:08:20:22 +0000] - 24.451 ms localhost
GET /chunk-WYTGJWIV.js 304 [24/Feb/2025:08:20:22 +0000] - 17.736 ms localhost
GET /@fs/C:/Users/USER/Desktop/BroCampTasks/Angular_Project/frontend/.angular/cache/18.2.11/frontend/vite/deps/chunk-F4ZW7LLY.js.map 304 [24/Feb/2025:08:20:22 +0000] - 43.418 ms localhost
GET /@fs/C:/Users/USER/Desktop/BroCampTasks/Angular_Project/frontend/.angular/cache/18.2.11/frontend/vite/deps/chunk-2ZWNOPXZ.js.map 304 [24/Feb/2025:08:20:22 +0000] - 29.520 ms localhost
GET /@fs/C:/Users/USER/Desktop/BroCampTasks/Angular_Project/frontend/.angular/cache/18.2.11/frontend/vite/deps/@angular_platform-browser.js.map 304 [24/Feb/2025:08:20:22 +0000] - 29.490 ms localhost
GET /@fs/C:/Users/USER/Desktop/BroCampTasks/Angular_Project/frontend/.angular/cache/18.2.11/frontend/vite/deps/chunk-ZKQIAUIS.js.map 304 [24/Feb/2025:08:20:22 +0000] - 43.023 ms localhost
GET /@fs/C:/Users/USER/Desktop/BroCampTasks/Angular_Project/frontend/.angular/cache/18.2.11/frontend/vite/deps/@angular_router.js.map 304 [24/Feb/2025:08:20:22 +0000] - 45.874 ms localhost
GET /@fs/C:/Users/USER/Desktop/BroCampTasks/Angular_Project/frontend/.angular/cache/18.2.11/frontend/vite/deps/ngx-socket-io.js.map 304 [24/Feb/2025:08:20:22 +0000] - 41.140 ms localhost
GET /@fs/C:/Users/USER/Desktop/BroCampTasks/Angular_Project/frontend/.angular/cache/18.2.11/frontend/vite/deps/chunk-7MS5FTBZ.js.map 304 [24/Feb/2025:08:20:22 +0000] - 43.522 ms localhost
GET /chunk-KSELMSGV.js 304 [24/Feb/2025:08:20:22 +0000] - 18.568 ms localhost
GET /chunk-AD6BEBTX.js 304 [24/Feb/2025:08:20:22 +0000] - 11.137 ms localhost
GET /chunk-MQDO5BT4.js 304 [24/Feb/2025:08:20:22 +0000] - 11.437 ms localhost
GET /chunk-F64TRUFE.js 304 [24/Feb/2025:08:20:22 +0000] - 11.929 ms localhost
GET /@fs/C:/Users/USER/Desktop/BroCampTasks/Angular_Project/frontend/.angular/cache/18.2.11/frontend/vite/deps/emoji-picker-element.js.map 304 [24/Feb/2025:08:20:22 +0000] - 49.152 ms localhost
GET /@fs/C:/Users/USER/Desktop/BroCampTasks/Angular_Project/frontend/.angular/cache/18.2.11/frontend/vite/deps/@angular_forms.js.map 304 [24/Feb/2025:08:20:22 +0000] - 57.247 ms localhost
GET /@fs/C:/Users/USER/Desktop/BroCampTasks/Angular_Project/frontend/.angular/cache/18.2.11/frontend/vite/deps/@angular_common.js.map 304 [24/Feb/2025:08:20:23 +0000] - 6.547 ms localhost
GET /login.component.css.map 200 [24/Feb/2025:08:20:23 +0000] - 2.611 ms localhost
GET /favicon.ico 304 [24/Feb/2025:08:20:23 +0000] - 4.040 ms localhost
POST /api/user/login 200 [24/Feb/2025:08:20:29 +0000] - 188.424 ms localhost
GET /chunk-FYADWRS6.js 304 [24/Feb/2025:08:20:29 +0000] - 3.456 ms localhost
GET /chunk-ZH4HHEI3.js 304 [24/Feb/2025:08:20:29 +0000] - 5.548 ms localhost
GET /dashboard.component.css.map 200 [24/Feb/2025:08:20:29 +0000] - 3.443 ms localhost
GET /layout.component.css.map 200 [24/Feb/2025:08:20:29 +0000] - 3.108 ms localhost
GET /chunk-RMYUBITS.js 200 [24/Feb/2025:08:20:31 +0000] - 15.909 ms localhost
GET / - [24/Feb/2025:08:24:22 +0000] - - ms localhost
GET /sales 200 [24/Feb/2025:16:12:26 +0000] - 92.224 ms localhost
GET /@vite/client 304 [24/Feb/2025:16:12:26 +0000] - 139.024 ms localhost
GET /styles.css 200 [24/Feb/2025:16:12:26 +0000] - 17.476 ms localhost
GET /main.js 200 [24/Feb/2025:16:12:26 +0000] - 31.305 ms localhost
GET /polyfills.js 304 [24/Feb/2025:16:12:26 +0000] - 33.974 ms localhost
GET /@fs/C:/Users/USER/Desktop/BroCampTasks/Angular_Project/frontend/node_modules/vite/dist/client/env.mjs 304 [24/Feb/2025:16:12:26 +0000] - 4.486 ms localhost
GET /chunk-JK2OZDZD.js 304 [24/Feb/2025:16:12:27 +0000] - 5.688 ms localhost
GET /chunk-VUDBINDS.js 304 [24/Feb/2025:16:12:27 +0000] - 9.894 ms localhost
GET /chunk-NROI7E46.js 304 [24/Feb/2025:16:12:27 +0000] - 12.368 ms localhost
GET /chunk-WFNSYSCE.js 200 [24/Feb/2025:16:12:27 +0000] - 7.681 ms localhost
GET /chunk-WYTGJWIV.js 304 [24/Feb/2025:16:12:27 +0000] - 3.467 ms localhost
GET /chunk-KSELMSGV.js 304 [24/Feb/2025:16:12:27 +0000] - 3.345 ms localhost
GET /chunk-AD6BEBTX.js 304 [24/Feb/2025:16:12:27 +0000] - 7.591 ms localhost
GET /chunk-F64TRUFE.js 304 [24/Feb/2025:16:12:27 +0000] - 5.863 ms localhost
GET /chunk-MQDO5BT4.js 304 [24/Feb/2025:16:12:27 +0000] - 12.287 ms localhost
GET /styles.css.map 200 [24/Feb/2025:16:12:29 +0000] - 13.566 ms localhost
GET /@fs/C:/Users/USER/Desktop/BroCampTasks/Angular_Project/frontend/.angular/cache/18.2.11/frontend/vite/deps/@angular_core.js.map 304 [24/Feb/2025:16:12:29 +0000] - 82.375 ms localhost
GET /@fs/C:/Users/USER/Desktop/BroCampTasks/Angular_Project/frontend/.angular/cache/18.2.11/frontend/vite/deps/rxjs.js.map 304 [24/Feb/2025:16:12:29 +0000] - 69.076 ms localhost
GET /@fs/C:/Users/USER/Desktop/BroCampTasks/Angular_Project/frontend/.angular/cache/18.2.11/frontend/vite/deps/chunk-XWLXMCJQ.js.map 304 [24/Feb/2025:16:12:29 +0000] - 57.263 ms localhost
GET /@fs/C:/Users/USER/Desktop/BroCampTasks/Angular_Project/frontend/.angular/cache/18.2.11/frontend/vite/deps/@angular_common_http.js.map 304 [24/Feb/2025:16:12:29 +0000] - 54.775 ms localhost
GET /@fs/C:/Users/USER/Desktop/BroCampTasks/Angular_Project/frontend/.angular/cache/18.2.11/frontend/vite/deps/@angular_platform-browser.js.map 304 [24/Feb/2025:16:12:29 +0000] - 12.011 ms localhost
GET /@fs/C:/Users/USER/Desktop/BroCampTasks/Angular_Project/frontend/.angular/cache/18.2.11/frontend/vite/deps/chunk-66JPAEYR.js.map 304 [24/Feb/2025:16:12:29 +0000] - 120.590 ms localhost
GET /@fs/C:/Users/USER/Desktop/BroCampTasks/Angular_Project/frontend/.angular/cache/18.2.11/frontend/vite/deps/chunk-BKIWMXDL.js.map 304 [24/Feb/2025:16:12:29 +0000] - 307.394 ms localhost
GET /@fs/C:/Users/USER/Desktop/BroCampTasks/Angular_Project/frontend/.angular/cache/18.2.11/frontend/vite/deps/chunk-F4ZW7LLY.js.map 304 [24/Feb/2025:16:12:29 +0000] - 201.435 ms localhost
GET /@fs/C:/Users/USER/Desktop/BroCampTasks/Angular_Project/frontend/.angular/cache/18.2.11/frontend/vite/deps/@angular_forms.js.map 304 [24/Feb/2025:16:12:29 +0000] - 287.766 ms localhost
GET /@fs/C:/Users/USER/Desktop/BroCampTasks/Angular_Project/frontend/.angular/cache/18.2.11/frontend/vite/deps/chunk-2ZWNOPXZ.js.map 304 [24/Feb/2025:16:12:29 +0000] - 245.877 ms localhost
GET /@fs/C:/Users/USER/Desktop/BroCampTasks/Angular_Project/frontend/.angular/cache/18.2.11/frontend/vite/deps/chunk-ZKQIAUIS.js.map 304 [24/Feb/2025:16:12:29 +0000] - 164.087 ms localhost
GET /@fs/C:/Users/USER/Desktop/BroCampTasks/Angular_Project/frontend/.angular/cache/18.2.11/frontend/vite/deps/ngx-socket-io.js.map 304 [24/Feb/2025:16:12:30 +0000] - 64.302 ms localhost
GET /@fs/C:/Users/USER/Desktop/BroCampTasks/Angular_Project/frontend/.angular/cache/18.2.11/frontend/vite/deps/@angular_common.js.map 304 [24/Feb/2025:16:12:30 +0000] - 33.510 ms localhost
GET /@fs/C:/Users/USER/Desktop/BroCampTasks/Angular_Project/frontend/.angular/cache/18.2.11/frontend/vite/deps/chunk-7MS5FTBZ.js.map 304 [24/Feb/2025:16:12:30 +0000] - 49.985 ms localhost
GET /login.component.css.map 200 [24/Feb/2025:16:12:30 +0000] - 3.019 ms localhost
GET /@fs/C:/Users/USER/Desktop/BroCampTasks/Angular_Project/frontend/.angular/cache/18.2.11/frontend/vite/deps/emoji-picker-element.js.map 304 [24/Feb/2025:16:12:30 +0000] - 79.707 ms localhost
GET /@fs/C:/Users/USER/Desktop/BroCampTasks/Angular_Project/frontend/.angular/cache/18.2.11/frontend/vite/deps/@angular_router.js.map 304 [24/Feb/2025:16:12:30 +0000] - 392.217 ms localhost
GET /favicon.ico 304 [24/Feb/2025:16:12:31 +0000] - 10.918 ms localhost
GET /login 200 [24/Feb/2025:16:12:32 +0000] - 10.780 ms localhost
GET / - [24/Feb/2025:16:12:32 +0000] - - ms localhost
GET /@vite/client 200 [24/Feb/2025:16:12:32 +0000] - 45.520 ms localhost
GET /styles.css 200 [24/Feb/2025:16:12:32 +0000] - 12.818 ms localhost
GET /polyfills.js 200 [24/Feb/2025:16:12:33 +0000] - 23.102 ms localhost
GET /main.js 200 [24/Feb/2025:16:12:33 +0000] - 29.410 ms localhost
GET /@fs/C:/Users/USER/Desktop/BroCampTasks/Angular_Project/frontend/node_modules/vite/dist/client/env.mjs 200 [24/Feb/2025:16:12:33 +0000] - 15.758 ms localhost
GET /@fs/C:/Users/USER/Desktop/BroCampTasks/Angular_Project/frontend/.angular/cache/18.2.11/frontend/vite/deps/@angular_core.js?v=30d9074f 200 [24/Feb/2025:16:12:33 +0000] - 16.835 ms localhost
GET /@fs/C:/Users/USER/Desktop/BroCampTasks/Angular_Project/frontend/.angular/cache/18.2.11/frontend/vite/deps/@angular_platform-browser.js?v=30d9074f 200 [24/Feb/2025:16:12:33 +0000] - 28.409 ms localhost
GET /chunk-VUDBINDS.js 200 [24/Feb/2025:16:12:33 +0000] - 54.330 ms localhost
GET /chunk-JK2OZDZD.js 200 [24/Feb/2025:16:12:33 +0000] - 54.131 ms localhost
GET /chunk-NROI7E46.js 200 [24/Feb/2025:16:12:33 +0000] - 56.960 ms localhost
GET /@fs/C:/Users/USER/Desktop/BroCampTasks/Angular_Project/frontend/.angular/cache/18.2.11/frontend/vite/deps/@angular_router.js?v=30d9074f 200 [24/Feb/2025:16:12:33 +0000] - 27.929 ms localhost
GET /@fs/C:/Users/USER/Desktop/BroCampTasks/Angular_Project/frontend/.angular/cache/18.2.11/frontend/vite/deps/@angular_common_http.js?v=30d9074f 200 [24/Feb/2025:16:12:33 +0000] - 9.967 ms localhost
GET /@fs/C:/Users/USER/Desktop/BroCampTasks/Angular_Project/frontend/.angular/cache/18.2.11/frontend/vite/deps/rxjs.js?v=30d9074f 200 [24/Feb/2025:16:12:33 +0000] - 3.905 ms localhost
GET /@fs/C:/Users/USER/Desktop/BroCampTasks/Angular_Project/frontend/.angular/cache/18.2.11/frontend/vite/deps/ngx-socket-io.js?v=30d9074f 200 [24/Feb/2025:16:12:33 +0000] - 6.577 ms localhost
GET /@fs/C:/Users/USER/Desktop/BroCampTasks/Angular_Project/frontend/.angular/cache/18.2.11/frontend/vite/deps/@angular_forms.js?v=30d9074f 200 [24/Feb/2025:16:12:33 +0000] - 10.195 ms localhost
GET /@fs/C:/Users/USER/Desktop/BroCampTasks/Angular_Project/frontend/.angular/cache/18.2.11/frontend/vite/deps/emoji-picker-element.js?v=30d9074f 200 [24/Feb/2025:16:12:33 +0000] - 12.045 ms localhost
GET /@fs/C:/Users/USER/Desktop/BroCampTasks/Angular_Project/frontend/.angular/cache/18.2.11/frontend/vite/deps/chunk-ZKQIAUIS.js?v=30d9074f 200 [24/Feb/2025:16:12:34 +0000] - 7.395 ms localhost
GET /@fs/C:/Users/USER/Desktop/BroCampTasks/Angular_Project/frontend/.angular/cache/18.2.11/frontend/vite/deps/chunk-F4ZW7LLY.js?v=30d9074f 200 [24/Feb/2025:16:12:34 +0000] - 9.757 ms localhost
GET /@fs/C:/Users/USER/Desktop/BroCampTasks/Angular_Project/frontend/.angular/cache/18.2.11/frontend/vite/deps/chunk-2ZWNOPXZ.js?v=30d9074f 200 [24/Feb/2025:16:12:34 +0000] - 14.889 ms localhost
GET /@fs/C:/Users/USER/Desktop/BroCampTasks/Angular_Project/frontend/.angular/cache/18.2.11/frontend/vite/deps/chunk-BKIWMXDL.js?v=30d9074f 200 [24/Feb/2025:16:12:34 +0000] - 24.371 ms localhost
GET /@fs/C:/Users/USER/Desktop/BroCampTasks/Angular_Project/frontend/.angular/cache/18.2.11/frontend/vite/deps/chunk-66JPAEYR.js?v=30d9074f 200 [24/Feb/2025:16:12:34 +0000] - 33.923 ms localhost
GET /@fs/C:/Users/USER/Desktop/BroCampTasks/Angular_Project/frontend/.angular/cache/18.2.11/frontend/vite/deps/chunk-XWLXMCJQ.js?v=30d9074f 200 [24/Feb/2025:16:12:34 +0000] - 6.178 ms localhost
GET /@fs/C:/Users/USER/Desktop/BroCampTasks/Angular_Project/frontend/.angular/cache/18.2.11/frontend/vite/deps/chunk-7MS5FTBZ.js?v=30d9074f 200 [24/Feb/2025:16:12:34 +0000] - 6.740 ms localhost
GET /chunk-WYTGJWIV.js 200 [24/Feb/2025:16:12:34 +0000] - 22.676 ms localhost
GET /chunk-AD6BEBTX.js 200 [24/Feb/2025:16:12:34 +0000] - 6.416 ms localhost
GET /chunk-KSELMSGV.js 200 [24/Feb/2025:16:12:34 +0000] - 14.093 ms localhost
GET /chunk-MQDO5BT4.js 200 [24/Feb/2025:16:12:34 +0000] - 10.224 ms localhost
GET /chunk-F64TRUFE.js 200 [24/Feb/2025:16:12:34 +0000] - 9.546 ms localhost
GET /@fs/C:/Users/USER/Desktop/BroCampTasks/Angular_Project/frontend/.angular/cache/18.2.11/frontend/vite/deps/@angular_common.js?v=30d9074f 200 [24/Feb/2025:16:12:34 +0000] - 5.180 ms localhost
GET /styles.css.map 200 [24/Feb/2025:16:12:35 +0000] - 4.342 ms localhost
GET /@fs/C:/Users/USER/Desktop/BroCampTasks/Angular_Project/frontend/.angular/cache/18.2.11/frontend/vite/deps/@angular_core.js.map 304 [24/Feb/2025:16:12:35 +0000] - 9.186 ms localhost
GET /@fs/C:/Users/USER/Desktop/BroCampTasks/Angular_Project/frontend/.angular/cache/18.2.11/frontend/vite/deps/chunk-BKIWMXDL.js.map 304 [24/Feb/2025:16:12:35 +0000] - 43.227 ms localhost
GET /@fs/C:/Users/USER/Desktop/BroCampTasks/Angular_Project/frontend/.angular/cache/18.2.11/frontend/vite/deps/chunk-66JPAEYR.js.map 304 [24/Feb/2025:16:12:35 +0000] - 153.038 ms localhost
GET /@fs/C:/Users/USER/Desktop/BroCampTasks/Angular_Project/frontend/.angular/cache/18.2.11/frontend/vite/deps/rxjs.js.map 304 [24/Feb/2025:16:12:35 +0000] - 50.057 ms localhost
GET /@fs/C:/Users/USER/Desktop/BroCampTasks/Angular_Project/frontend/.angular/cache/18.2.11/frontend/vite/deps/@angular_common_http.js.map 304 [24/Feb/2025:16:12:35 +0000] - 5.144 ms localhost
GET /@fs/C:/Users/USER/Desktop/BroCampTasks/Angular_Project/frontend/.angular/cache/18.2.11/frontend/vite/deps/chunk-XWLXMCJQ.js.map 304 [24/Feb/2025:16:12:35 +0000] - 146.435 ms localhost
GET /@fs/C:/Users/USER/Desktop/BroCampTasks/Angular_Project/frontend/.angular/cache/18.2.11/frontend/vite/deps/chunk-F4ZW7LLY.js.map 304 [24/Feb/2025:16:12:35 +0000] - 9.427 ms localhost
GET /@fs/C:/Users/USER/Desktop/BroCampTasks/Angular_Project/frontend/.angular/cache/18.2.11/frontend/vite/deps/chunk-2ZWNOPXZ.js.map 304 [24/Feb/2025:16:12:35 +0000] - 14.293 ms localhost
GET /@fs/C:/Users/USER/Desktop/BroCampTasks/Angular_Project/frontend/.angular/cache/18.2.11/frontend/vite/deps/@angular_platform-browser.js.map 304 [24/Feb/2025:16:12:35 +0000] - 5.659 ms localhost
GET /@fs/C:/Users/USER/Desktop/BroCampTasks/Angular_Project/frontend/.angular/cache/18.2.11/frontend/vite/deps/chunk-ZKQIAUIS.js.map 304 [24/Feb/2025:16:12:35 +0000] - 6.086 ms localhost
GET /@fs/C:/Users/USER/Desktop/BroCampTasks/Angular_Project/frontend/.angular/cache/18.2.11/frontend/vite/deps/@angular_router.js.map 304 [24/Feb/2025:16:12:36 +0000] - 19.409 ms localhost
GET /@fs/C:/Users/USER/Desktop/BroCampTasks/Angular_Project/frontend/.angular/cache/18.2.11/frontend/vite/deps/ngx-socket-io.js.map 304 [24/Feb/2025:16:12:36 +0000] - 4.608 ms localhost
GET /@fs/C:/Users/USER/Desktop/BroCampTasks/Angular_Project/frontend/.angular/cache/18.2.11/frontend/vite/deps/chunk-7MS5FTBZ.js.map 304 [24/Feb/2025:16:12:36 +0000] - 6.804 ms localhost
GET /@fs/C:/Users/USER/Desktop/BroCampTasks/Angular_Project/frontend/.angular/cache/18.2.11/frontend/vite/deps/@angular_forms.js.map 304 [24/Feb/2025:16:12:36 +0000] - 25.749 ms localhost
GET /@fs/C:/Users/USER/Desktop/BroCampTasks/Angular_Project/frontend/.angular/cache/18.2.11/frontend/vite/deps/emoji-picker-element.js.map 304 [24/Feb/2025:16:12:36 +0000] - 12.556 ms localhost
GET /@fs/C:/Users/USER/Desktop/BroCampTasks/Angular_Project/frontend/.angular/cache/18.2.11/frontend/vite/deps/@angular_common.js.map 304 [24/Feb/2025:16:12:36 +0000] - 4.754 ms localhost
GET /login.component.css.map 200 [24/Feb/2025:16:12:36 +0000] - 5.267 ms localhost
GET /favicon.ico 200 [24/Feb/2025:16:12:40 +0000] - 49.171 ms localhost
POST /api/user/login 200 [24/Feb/2025:16:12:48 +0000] - 749.689 ms localhost
GET /chunk-WFNSYSCE.js 304 [24/Feb/2025:16:12:48 +0000] - 4.959 ms localhost
GET /chunk-FYADWRS6.js 304 [24/Feb/2025:16:12:48 +0000] - 6.618 ms localhost
GET /chunk-ZH4HHEI3.js 304 [24/Feb/2025:16:12:48 +0000] - 3.607 ms localhost
GET /dashboard.component.css.map 200 [24/Feb/2025:16:12:48 +0000] - 5.255 ms localhost
GET /layout.component.css.map 200 [24/Feb/2025:16:12:48 +0000] - 5.317 ms localhost
GET /chunk-4XLOZUFU.js 200 [24/Feb/2025:16:12:51 +0000] - 9.462 ms localhost
GET /chunk-YVMOX5YK.js 200 [24/Feb/2025:16:12:51 +0000] - 2.326 ms localhost
GET /api/booking/sales 200 [24/Feb/2025:16:12:52 +0000] - 683.055 ms localhost
GET / - [24/Feb/2025:16:16:34 +0000] - - ms localhost
GET /sales 200 [24/Feb/2025:16:26:27 +0000] - 368.154 ms localhost
GET /@vite/client 304 [24/Feb/2025:16:26:28 +0000] - 21.368 ms localhost
GET /main.js 304 [24/Feb/2025:16:26:28 +0000] - 151.262 ms localhost
GET /polyfills.js 304 [24/Feb/2025:16:26:28 +0000] - 153.202 ms localhost
GET /styles.css 200 [24/Feb/2025:16:26:28 +0000] - 167.186 ms localhost
GET /@fs/C:/Users/USER/Desktop/BroCampTasks/Angular_Project/frontend/node_modules/vite/dist/client/env.mjs 304 [24/Feb/2025:16:26:28 +0000] - 27.055 ms localhost
GET /styles.css.map 200 [24/Feb/2025:16:26:28 +0000] - 11.773 ms localhost
GET /chunk-VUDBINDS.js 304 [24/Feb/2025:16:26:28 +0000] - 8.246 ms localhost
GET /chunk-JK2OZDZD.js 304 [24/Feb/2025:16:26:28 +0000] - 13.936 ms localhost
GET /chunk-NROI7E46.js 304 [24/Feb/2025:16:26:28 +0000] - 4.654 ms localhost
GET /@fs/C:/Users/USER/Desktop/BroCampTasks/Angular_Project/frontend/.angular/cache/18.2.11/frontend/vite/deps/@angular_platform-browser.js.map 304 [24/Feb/2025:16:26:29 +0000] - 158.204 ms localhost
GET /@fs/C:/Users/USER/Desktop/BroCampTasks/Angular_Project/frontend/.angular/cache/18.2.11/frontend/vite/deps/ngx-socket-io.js.map 304 [24/Feb/2025:16:26:29 +0000] - 165.637 ms localhost
GET /@fs/C:/Users/USER/Desktop/BroCampTasks/Angular_Project/frontend/.angular/cache/18.2.11/frontend/vite/deps/chunk-7MS5FTBZ.js.map 304 [24/Feb/2025:16:26:29 +0000] - 393.894 ms localhost
GET /@fs/C:/Users/USER/Desktop/BroCampTasks/Angular_Project/frontend/.angular/cache/18.2.11/frontend/vite/deps/@angular_core.js.map 304 [24/Feb/2025:16:26:29 +0000] - 518.391 ms localhost
GET /@fs/C:/Users/USER/Desktop/BroCampTasks/Angular_Project/frontend/.angular/cache/18.2.11/frontend/vite/deps/chunk-F4ZW7LLY.js.map 304 [24/Feb/2025:16:26:30 +0000] - 1009.446 ms localhost
GET /chunk-WFNSYSCE.js 304 [24/Feb/2025:16:26:30 +0000] - 902.421 ms localhost
GET /@fs/C:/Users/USER/Desktop/BroCampTasks/Angular_Project/frontend/.angular/cache/18.2.11/frontend/vite/deps/@angular_forms.js.map 304 [24/Feb/2025:16:26:30 +0000] - 1034.724 ms localhost
GET /@fs/C:/Users/USER/Desktop/BroCampTasks/Angular_Project/frontend/.angular/cache/18.2.11/frontend/vite/deps/rxjs.js.map 304 [24/Feb/2025:16:26:30 +0000] - 231.430 ms localhost
GET /@fs/C:/Users/USER/Desktop/BroCampTasks/Angular_Project/frontend/.angular/cache/18.2.11/frontend/vite/deps/chunk-66JPAEYR.js.map 304 [24/Feb/2025:16:26:30 +0000] - 715.135 ms localhost
GET /@fs/C:/Users/USER/Desktop/BroCampTasks/Angular_Project/frontend/.angular/cache/18.2.11/frontend/vite/deps/chunk-BKIWMXDL.js.map 304 [24/Feb/2025:16:26:31 +0000] - 2721.668 ms localhost
GET /@fs/C:/Users/USER/Desktop/BroCampTasks/Angular_Project/frontend/.angular/cache/18.2.11/frontend/vite/deps/chunk-XWLXMCJQ.js.map 304 [24/Feb/2025:16:26:31 +0000] - 1731.603 ms localhost
GET /@fs/C:/Users/USER/Desktop/BroCampTasks/Angular_Project/frontend/.angular/cache/18.2.11/frontend/vite/deps/@angular_common_http.js.map 304 [24/Feb/2025:16:26:31 +0000] - 1731.398 ms localhost
GET /@fs/C:/Users/USER/Desktop/BroCampTasks/Angular_Project/frontend/.angular/cache/18.2.11/frontend/vite/deps/chunk-2ZWNOPXZ.js.map 304 [24/Feb/2025:16:26:31 +0000] - 1726.670 ms localhost
GET /chunk-WYTGJWIV.js 304 [24/Feb/2025:16:26:31 +0000] - 73.771 ms localhost
GET /@fs/C:/Users/USER/Desktop/BroCampTasks/Angular_Project/frontend/.angular/cache/18.2.11/frontend/vite/deps/chunk-ZKQIAUIS.js.map 304 [24/Feb/2025:16:26:32 +0000] - 1947.497 ms localhost
GET /@fs/C:/Users/USER/Desktop/BroCampTasks/Angular_Project/frontend/.angular/cache/18.2.11/frontend/vite/deps/@angular_router.js.map 304 [24/Feb/2025:16:26:32 +0000] - 2178.622 ms localhost
GET /@fs/C:/Users/USER/Desktop/BroCampTasks/Angular_Project/frontend/.angular/cache/18.2.11/frontend/vite/deps/emoji-picker-element.js.map 304 [24/Feb/2025:16:26:32 +0000] - 575.267 ms localhost
GET /chunk-AD6BEBTX.js 304 [24/Feb/2025:16:26:33 +0000] - 3.216 ms localhost
GET /chunk-KSELMSGV.js 304 [24/Feb/2025:16:26:33 +0000] - 6.705 ms localhost
GET /chunk-MQDO5BT4.js 304 [24/Feb/2025:16:26:33 +0000] - 2.672 ms localhost
GET /chunk-F64TRUFE.js 304 [24/Feb/2025:16:26:33 +0000] - 6.967 ms localhost
GET /@fs/C:/Users/USER/Desktop/BroCampTasks/Angular_Project/frontend/.angular/cache/18.2.11/frontend/vite/deps/@angular_common.js.map 304 [24/Feb/2025:16:26:33 +0000] - 4.795 ms localhost
GET /login.component.css.map 200 [24/Feb/2025:16:26:34 +0000] - 2.845 ms localhost
GET /favicon.ico 304 [24/Feb/2025:16:26:34 +0000] - 4.018 ms localhost
POST /api/user/login 200 [24/Feb/2025:16:26:50 +0000] - 469.545 ms localhost
GET /chunk-FYADWRS6.js 304 [24/Feb/2025:16:26:50 +0000] - 4.221 ms localhost
GET /chunk-ZH4HHEI3.js 304 [24/Feb/2025:16:26:50 +0000] - 5.689 ms localhost
GET /dashboard.component.css.map 200 [24/Feb/2025:16:26:50 +0000] - 6.926 ms localhost
GET /layout.component.css.map 200 [24/Feb/2025:16:26:50 +0000] - 9.626 ms localhost
GET /chunk-4XLOZUFU.js 304 [24/Feb/2025:16:26:54 +0000] - 2.892 ms localhost
GET /chunk-YVMOX5YK.js 304 [24/Feb/2025:16:26:54 +0000] - 3.625 ms localhost
GET /api/booking/sales 400 [24/Feb/2025:16:26:54 +0000] - 415.832 ms localhost
GET /sales 200 [24/Feb/2025:16:27:38 +0000] - 20.131 ms localhost
GET / - [24/Feb/2025:16:27:38 +0000] - - ms localhost
GET /@vite/client 304 [24/Feb/2025:16:27:38 +0000] - 7.322 ms localhost
GET /styles.css 200 [24/Feb/2025:16:27:38 +0000] - 6.953 ms localhost
GET /polyfills.js 304 [24/Feb/2025:16:27:38 +0000] - 5.120 ms localhost
GET /main.js 304 [24/Feb/2025:16:27:38 +0000] - 2.804 ms localhost
GET /@fs/C:/Users/USER/Desktop/BroCampTasks/Angular_Project/frontend/node_modules/vite/dist/client/env.mjs 304 [24/Feb/2025:16:27:41 +0000] - 2.351 ms localhost
GET /chunk-VUDBINDS.js 304 [24/Feb/2025:16:27:41 +0000] - 4.361 ms localhost
GET /chunk-JK2OZDZD.js 304 [24/Feb/2025:16:27:41 +0000] - 4.034 ms localhost
GET /chunk-NROI7E46.js 304 [24/Feb/2025:16:27:41 +0000] - 2.501 ms localhost
GET /chunk-WFNSYSCE.js 304 [24/Feb/2025:16:27:41 +0000] - 2.698 ms localhost
GET /chunk-WYTGJWIV.js 304 [24/Feb/2025:16:27:42 +0000] - 2.748 ms localhost
GET /chunk-KSELMSGV.js 304 [24/Feb/2025:16:27:42 +0000] - 3.590 ms localhost
GET /chunk-AD6BEBTX.js 304 [24/Feb/2025:16:27:42 +0000] - 2.768 ms localhost
GET /chunk-MQDO5BT4.js 304 [24/Feb/2025:16:27:42 +0000] - 2.489 ms localhost
GET /chunk-F64TRUFE.js 304 [24/Feb/2025:16:27:42 +0000] - 4.694 ms localhost
GET /styles.css.map 200 [24/Feb/2025:16:27:43 +0000] - 9.281 ms localhost
GET /@fs/C:/Users/USER/Desktop/BroCampTasks/Angular_Project/frontend/.angular/cache/18.2.11/frontend/vite/deps/@angular_core.js.map 304 [24/Feb/2025:16:27:43 +0000] - 39.762 ms localhost
GET /@fs/C:/Users/USER/Desktop/BroCampTasks/Angular_Project/frontend/.angular/cache/18.2.11/frontend/vite/deps/@angular_platform-browser.js.map 304 [24/Feb/2025:16:27:43 +0000] - 38.971 ms localhost
GET /@fs/C:/Users/USER/Desktop/BroCampTasks/Angular_Project/frontend/.angular/cache/18.2.11/frontend/vite/deps/ngx-socket-io.js.map 304 [24/Feb/2025:16:27:43 +0000] - 38.743 ms localhost
GET /@fs/C:/Users/USER/Desktop/BroCampTasks/Angular_Project/frontend/.angular/cache/18.2.11/frontend/vite/deps/chunk-F4ZW7LLY.js.map 304 [24/Feb/2025:16:27:43 +0000] - 89.437 ms localhost
GET /@fs/C:/Users/USER/Desktop/BroCampTasks/Angular_Project/frontend/.angular/cache/18.2.11/frontend/vite/deps/chunk-2ZWNOPXZ.js.map 304 [24/Feb/2025:16:27:43 +0000] - 99.813 ms localhost
GET /@fs/C:/Users/USER/Desktop/BroCampTasks/Angular_Project/frontend/.angular/cache/18.2.11/frontend/vite/deps/chunk-BKIWMXDL.js.map 304 [24/Feb/2025:16:27:43 +0000] - 352.189 ms localhost
GET /@fs/C:/Users/USER/Desktop/BroCampTasks/Angular_Project/frontend/.angular/cache/18.2.11/frontend/vite/deps/chunk-7MS5FTBZ.js.map 304 [24/Feb/2025:16:27:44 +0000] - 320.539 ms localhost
GET /@fs/C:/Users/USER/Desktop/BroCampTasks/Angular_Project/frontend/.angular/cache/18.2.11/frontend/vite/deps/@angular_forms.js.map 304 [24/Feb/2025:16:27:44 +0000] - 322.711 ms localhost
GET /@fs/C:/Users/USER/Desktop/BroCampTasks/Angular_Project/frontend/.angular/cache/18.2.11/frontend/vite/deps/chunk-66JPAEYR.js.map 304 [24/Feb/2025:16:27:44 +0000] - 322.706 ms localhost
GET /@fs/C:/Users/USER/Desktop/BroCampTasks/Angular_Project/frontend/.angular/cache/18.2.11/frontend/vite/deps/chunk-XWLXMCJQ.js.map 304 [24/Feb/2025:16:27:44 +0000] - 37.269 ms localhost
GET /@fs/C:/Users/USER/Desktop/BroCampTasks/Angular_Project/frontend/.angular/cache/18.2.11/frontend/vite/deps/rxjs.js.map 304 [24/Feb/2025:16:27:44 +0000] - 34.919 ms localhost
GET /@fs/C:/Users/USER/Desktop/BroCampTasks/Angular_Project/frontend/.angular/cache/18.2.11/frontend/vite/deps/@angular_common_http.js.map 304 [24/Feb/2025:16:27:44 +0000] - 27.836 ms localhost
GET /@fs/C:/Users/USER/Desktop/BroCampTasks/Angular_Project/frontend/.angular/cache/18.2.11/frontend/vite/deps/@angular_common.js.map 304 [24/Feb/2025:16:27:44 +0000] - 11.100 ms localhost
GET /login.component.css.map 200 [24/Feb/2025:16:27:44 +0000] - 8.367 ms localhost
GET /@fs/C:/Users/USER/Desktop/BroCampTasks/Angular_Project/frontend/.angular/cache/18.2.11/frontend/vite/deps/emoji-picker-element.js.map 304 [24/Feb/2025:16:27:44 +0000] - 455.806 ms localhost
GET /@fs/C:/Users/USER/Desktop/BroCampTasks/Angular_Project/frontend/.angular/cache/18.2.11/frontend/vite/deps/@angular_router.js.map 304 [24/Feb/2025:16:27:44 +0000] - 496.249 ms localhost
GET /@fs/C:/Users/USER/Desktop/BroCampTasks/Angular_Project/frontend/.angular/cache/18.2.11/frontend/vite/deps/chunk-ZKQIAUIS.js.map 304 [24/Feb/2025:16:27:44 +0000] - 512.850 ms localhost
GET /favicon.ico 304 [24/Feb/2025:16:27:46 +0000] - 4.697 ms localhost
POST /api/user/login 200 [24/Feb/2025:16:28:03 +0000] - 157.180 ms localhost
GET /chunk-FYADWRS6.js 304 [24/Feb/2025:16:28:03 +0000] - 5.534 ms localhost
GET /chunk-ZH4HHEI3.js 304 [24/Feb/2025:16:28:03 +0000] - 3.296 ms localhost
GET /layout.component.css.map 200 [24/Feb/2025:16:28:03 +0000] - 7.181 ms localhost
GET /dashboard.component.css.map 200 [24/Feb/2025:16:28:03 +0000] - 7.015 ms localhost
GET /chunk-4XLOZUFU.js 304 [24/Feb/2025:16:28:06 +0000] - 4.002 ms localhost
GET /chunk-YVMOX5YK.js 304 [24/Feb/2025:16:28:06 +0000] - 2.873 ms localhost
GET /api/booking/sales 200 [24/Feb/2025:16:28:07 +0000] - 113.002 ms localhost
GET /sales 200 [24/Feb/2025:16:31:18 +0000] - 236.700 ms localhost
GET / - [24/Feb/2025:16:31:18 +0000] - - ms localhost
GET /@vite/client 200 [24/Feb/2025:16:31:19 +0000] - 220.174 ms localhost
GET /styles.css 200 [24/Feb/2025:16:31:19 +0000] - 349.555 ms localhost
GET /polyfills.js 200 [24/Feb/2025:16:31:19 +0000] - 378.171 ms localhost
GET /main.js 200 [24/Feb/2025:16:31:19 +0000] - 387.446 ms localhost
GET /@fs/C:/Users/USER/Desktop/BroCampTasks/Angular_Project/frontend/node_modules/vite/dist/client/env.mjs 200 [24/Feb/2025:16:31:19 +0000] - 122.482 ms localhost
GET /chunk-VUDBINDS.js 200 [24/Feb/2025:16:31:19 +0000] - 72.895 ms localhost
GET /chunk-JK2OZDZD.js 200 [24/Feb/2025:16:31:19 +0000] - 82.215 ms localhost
GET /chunk-NROI7E46.js 200 [24/Feb/2025:16:31:19 +0000] - 87.076 ms localhost
GET /@fs/C:/Users/USER/Desktop/BroCampTasks/Angular_Project/frontend/.angular/cache/18.2.11/frontend/vite/deps/@angular_platform-browser.js?v=30d9074f 200 [24/Feb/2025:16:31:19 +0000] - 53.952 ms localhost
GET /@fs/C:/Users/USER/Desktop/BroCampTasks/Angular_Project/frontend/.angular/cache/18.2.11/frontend/vite/deps/@angular_core.js?v=30d9074f 200 [24/Feb/2025:16:31:19 +0000] - 53.772 ms localhost
GET /@fs/C:/Users/USER/Desktop/BroCampTasks/Angular_Project/frontend/.angular/cache/18.2.11/frontend/vite/deps/@angular_router.js?v=30d9074f 200 [24/Feb/2025:16:31:19 +0000] - 82.121 ms localhost
GET /@fs/C:/Users/USER/Desktop/BroCampTasks/Angular_Project/frontend/.angular/cache/18.2.11/frontend/vite/deps/@angular_common_http.js?v=30d9074f 200 [24/Feb/2025:16:31:19 +0000] - 59.218 ms localhost
GET /@fs/C:/Users/USER/Desktop/BroCampTasks/Angular_Project/frontend/.angular/cache/18.2.11/frontend/vite/deps/rxjs.js?v=30d9074f 200 [24/Feb/2025:16:31:19 +0000] - 52.746 ms localhost
GET /@fs/C:/Users/USER/Desktop/BroCampTasks/Angular_Project/frontend/.angular/cache/18.2.11/frontend/vite/deps/ngx-socket-io.js?v=30d9074f 200 [24/Feb/2025:16:31:19 +0000] - 44.216 ms localhost
GET /@fs/C:/Users/USER/Desktop/BroCampTasks/Angular_Project/frontend/.angular/cache/18.2.11/frontend/vite/deps/@angular_forms.js?v=30d9074f 200 [24/Feb/2025:16:31:19 +0000] - 46.805 ms localhost
GET /@fs/C:/Users/USER/Desktop/BroCampTasks/Angular_Project/frontend/.angular/cache/18.2.11/frontend/vite/deps/emoji-picker-element.js?v=30d9074f 200 [24/Feb/2025:16:31:19 +0000] - 17.275 ms localhost
GET /@fs/C:/Users/USER/Desktop/BroCampTasks/Angular_Project/frontend/.angular/cache/18.2.11/frontend/vite/deps/chunk-ZKQIAUIS.js?v=30d9074f 200 [24/Feb/2025:16:31:19 +0000] - 24.765 ms localhost
GET /@fs/C:/Users/USER/Desktop/BroCampTasks/Angular_Project/frontend/.angular/cache/18.2.11/frontend/vite/deps/chunk-F4ZW7LLY.js?v=30d9074f 200 [24/Feb/2025:16:31:19 +0000] - 34.771 ms localhost
GET /@fs/C:/Users/USER/Desktop/BroCampTasks/Angular_Project/frontend/.angular/cache/18.2.11/frontend/vite/deps/chunk-2ZWNOPXZ.js?v=30d9074f 200 [24/Feb/2025:16:31:19 +0000] - 59.068 ms localhost
GET /@fs/C:/Users/USER/Desktop/BroCampTasks/Angular_Project/frontend/.angular/cache/18.2.11/frontend/vite/deps/chunk-BKIWMXDL.js?v=30d9074f 200 [24/Feb/2025:16:31:19 +0000] - 82.852 ms localhost
GET /@fs/C:/Users/USER/Desktop/BroCampTasks/Angular_Project/frontend/.angular/cache/18.2.11/frontend/vite/deps/chunk-66JPAEYR.js?v=30d9074f 200 [24/Feb/2025:16:31:19 +0000] - 113.392 ms localhost
GET /@fs/C:/Users/USER/Desktop/BroCampTasks/Angular_Project/frontend/.angular/cache/18.2.11/frontend/vite/deps/chunk-XWLXMCJQ.js?v=30d9074f 200 [24/Feb/2025:16:31:19 +0000] - 108.198 ms localhost
GET /@fs/C:/Users/USER/Desktop/BroCampTasks/Angular_Project/frontend/.angular/cache/18.2.11/frontend/vite/deps/chunk-7MS5FTBZ.js?v=30d9074f 200 [24/Feb/2025:16:31:19 +0000] - 90.167 ms localhost
GET /chunk-WFNSYSCE.js 200 [24/Feb/2025:16:31:20 +0000] - 4.892 ms localhost
GET /chunk-WYTGJWIV.js 200 [24/Feb/2025:16:31:20 +0000] - 5.505 ms localhost
GET /chunk-AD6BEBTX.js 200 [24/Feb/2025:16:31:21 +0000] - 442.385 ms localhost
GET /chunk-KSELMSGV.js 200 [24/Feb/2025:16:31:21 +0000] - 322.791 ms localhost
GET /chunk-MQDO5BT4.js 200 [24/Feb/2025:16:31:21 +0000] - 143.168 ms localhost
GET /chunk-F64TRUFE.js 200 [24/Feb/2025:16:31:21 +0000] - 339.449 ms localhost
GET /@fs/C:/Users/USER/Desktop/BroCampTasks/Angular_Project/frontend/.angular/cache/18.2.11/frontend/vite/deps/@angular_common.js?v=30d9074f 200 [24/Feb/2025:16:31:21 +0000] - 170.756 ms localhost
GET /styles.css.map 200 [24/Feb/2025:16:31:23 +0000] - 169.294 ms localhost
GET /@fs/C:/Users/USER/Desktop/BroCampTasks/Angular_Project/frontend/.angular/cache/18.2.11/frontend/vite/deps/@angular_core.js.map 304 [24/Feb/2025:16:31:23 +0000] - 214.243 ms localhost
GET /@fs/C:/Users/USER/Desktop/BroCampTasks/Angular_Project/frontend/.angular/cache/18.2.11/frontend/vite/deps/rxjs.js.map 304 [24/Feb/2025:16:31:23 +0000] - 208.066 ms localhost
GET /@fs/C:/Users/USER/Desktop/BroCampTasks/Angular_Project/frontend/.angular/cache/18.2.11/frontend/vite/deps/chunk-XWLXMCJQ.js.map 304 [24/Feb/2025:16:31:23 +0000] - 204.247 ms localhost
GET /@fs/C:/Users/USER/Desktop/BroCampTasks/Angular_Project/frontend/.angular/cache/18.2.11/frontend/vite/deps/@angular_common_http.js.map 304 [24/Feb/2025:16:31:23 +0000] - 204.439 ms localhost
GET /@fs/C:/Users/USER/Desktop/BroCampTasks/Angular_Project/frontend/.angular/cache/18.2.11/frontend/vite/deps/chunk-66JPAEYR.js.map 304 [24/Feb/2025:16:31:23 +0000] - 359.804 ms localhost
GET /@fs/C:/Users/USER/Desktop/BroCampTasks/Angular_Project/frontend/.angular/cache/18.2.11/frontend/vite/deps/@angular_platform-browser.js.map 304 [24/Feb/2025:16:31:23 +0000] - 193.478 ms localhost
GET /@fs/C:/Users/USER/Desktop/BroCampTasks/Angular_Project/frontend/.angular/cache/18.2.11/frontend/vite/deps/chunk-F4ZW7LLY.js.map 304 [24/Feb/2025:16:31:23 +0000] - 225.798 ms localhost
GET /@fs/C:/Users/USER/Desktop/BroCampTasks/Angular_Project/frontend/.angular/cache/18.2.11/frontend/vite/deps/chunk-2ZWNOPXZ.js.map 304 [24/Feb/2025:16:31:23 +0000] - 251.071 ms localhost
GET /@fs/C:/Users/USER/Desktop/BroCampTasks/Angular_Project/frontend/.angular/cache/18.2.11/frontend/vite/deps/@angular_router.js.map 304 [24/Feb/2025:16:31:23 +0000] - 265.249 ms localhost
GET /@fs/C:/Users/USER/Desktop/BroCampTasks/Angular_Project/frontend/.angular/cache/18.2.11/frontend/vite/deps/ngx-socket-io.js.map 304 [24/Feb/2025:16:31:23 +0000] - 177.662 ms localhost
GET /@fs/C:/Users/USER/Desktop/BroCampTasks/Angular_Project/frontend/.angular/cache/18.2.11/frontend/vite/deps/chunk-BKIWMXDL.js.map 304 [24/Feb/2025:16:31:25 +0000] - 2669.957 ms localhost
GET /@fs/C:/Users/USER/Desktop/BroCampTasks/Angular_Project/frontend/.angular/cache/18.2.11/frontend/vite/deps/chunk-ZKQIAUIS.js.map 304 [24/Feb/2025:16:31:25 +0000] - 2216.923 ms localhost
GET /@fs/C:/Users/USER/Desktop/BroCampTasks/Angular_Project/frontend/.angular/cache/18.2.11/frontend/vite/deps/emoji-picker-element.js.map 304 [24/Feb/2025:16:31:25 +0000] - 2163.970 ms localhost
GET /login.component.css.map 200 [24/Feb/2025:16:31:26 +0000] - 9.439 ms localhost
GET /@fs/C:/Users/USER/Desktop/BroCampTasks/Angular_Project/frontend/.angular/cache/18.2.11/frontend/vite/deps/@angular_forms.js.map 304 [24/Feb/2025:16:31:26 +0000] - 2176.668 ms localhost
GET /@fs/C:/Users/USER/Desktop/BroCampTasks/Angular_Project/frontend/.angular/cache/18.2.11/frontend/vite/deps/@angular_common.js.map 304 [24/Feb/2025:16:31:26 +0000] - 2174.535 ms localhost
GET /@fs/C:/Users/USER/Desktop/BroCampTasks/Angular_Project/frontend/.angular/cache/18.2.11/frontend/vite/deps/chunk-7MS5FTBZ.js.map 304 [24/Feb/2025:16:31:26 +0000] - 2262.844 ms localhost
GET /favicon.ico 304 [24/Feb/2025:16:31:28 +0000] - 5.518 ms localhost
POST /api/user/login 200 [24/Feb/2025:16:31:30 +0000] - 808.904 ms localhost
GET /chunk-ZH4HHEI3.js 304 [24/Feb/2025:16:31:30 +0000] - 8.630 ms localhost
GET /chunk-FYADWRS6.js 304 [24/Feb/2025:16:31:30 +0000] - 4.469 ms localhost
GET /layout.component.css.map 200 [24/Feb/2025:16:31:31 +0000] - 3.038 ms localhost
GET /dashboard.component.css.map 200 [24/Feb/2025:16:31:31 +0000] - 2.398 ms localhost
GET /chunk-4XLOZUFU.js 304 [24/Feb/2025:16:31:34 +0000] - 3.099 ms localhost
GET /chunk-YVMOX5YK.js 304 [24/Feb/2025:16:31:34 +0000] - 2.371 ms localhost
GET /api/booking/sales 304 [24/Feb/2025:16:31:34 +0000] - 353.863 ms localhost
GET / - [24/Feb/2025:16:35:19 +0000] - - ms localhost
GET /sales 200 [24/Feb/2025:17:35:45 +0000] - 310.726 ms localhost
GET /styles.css 200 [24/Feb/2025:17:35:46 +0000] - 146.062 ms localhost
GET /polyfills.js 304 [24/Feb/2025:17:35:46 +0000] - 160.143 ms localhost
GET /@vite/client 304 [24/Feb/2025:17:35:46 +0000] - 180.392 ms localhost
GET /main.js 304 [24/Feb/2025:17:35:46 +0000] - 164.413 ms localhost
GET /@fs/C:/Users/USER/Desktop/BroCampTasks/Angular_Project/frontend/node_modules/vite/dist/client/env.mjs 304 [24/Feb/2025:17:35:47 +0000] - 5.918 ms localhost
GET /chunk-VUDBINDS.js 304 [24/Feb/2025:17:35:47 +0000] - 7.441 ms localhost
GET /chunk-NROI7E46.js 304 [24/Feb/2025:17:35:47 +0000] - 7.815 ms localhost
GET /chunk-JK2OZDZD.js 304 [24/Feb/2025:17:35:47 +0000] - 22.925 ms localhost
GET /chunk-WFNSYSCE.js 304 [24/Feb/2025:17:35:47 +0000] - 13.823 ms localhost
GET /chunk-WYTGJWIV.js 304 [24/Feb/2025:17:35:47 +0000] - 3.829 ms localhost
GET /chunk-KSELMSGV.js 304 [24/Feb/2025:17:35:47 +0000] - 9.301 ms localhost
GET /chunk-AD6BEBTX.js 304 [24/Feb/2025:17:35:47 +0000] - 9.086 ms localhost
GET /chunk-MQDO5BT4.js 304 [24/Feb/2025:17:35:47 +0000] - 8.103 ms localhost
GET /chunk-F64TRUFE.js 304 [24/Feb/2025:17:35:47 +0000] - 9.013 ms localhost
GET /styles.css.map 200 [24/Feb/2025:17:35:48 +0000] - 8.076 ms localhost
GET /@fs/C:/Users/USER/Desktop/BroCampTasks/Angular_Project/frontend/.angular/cache/18.2.11/frontend/vite/deps/@angular_core.js.map 304 [24/Feb/2025:17:35:48 +0000] - 55.315 ms localhost
GET /@fs/C:/Users/USER/Desktop/BroCampTasks/Angular_Project/frontend/.angular/cache/18.2.11/frontend/vite/deps/chunk-F4ZW7LLY.js.map 304 [24/Feb/2025:17:35:48 +0000] - 65.743 ms localhost
GET /@fs/C:/Users/USER/Desktop/BroCampTasks/Angular_Project/frontend/.angular/cache/18.2.11/frontend/vite/deps/chunk-XWLXMCJQ.js.map 304 [24/Feb/2025:17:35:48 +0000] - 54.529 ms localhost
GET /@fs/C:/Users/USER/Desktop/BroCampTasks/Angular_Project/frontend/.angular/cache/18.2.11/frontend/vite/deps/chunk-ZKQIAUIS.js.map 304 [24/Feb/2025:17:35:48 +0000] - 75.492 ms localhost
GET /@fs/C:/Users/USER/Desktop/BroCampTasks/Angular_Project/frontend/.angular/cache/18.2.11/frontend/vite/deps/chunk-66JPAEYR.js.map 304 [24/Feb/2025:17:35:49 +0000] - 464.928 ms localhost
GET /@fs/C:/Users/USER/Desktop/BroCampTasks/Angular_Project/frontend/.angular/cache/18.2.11/frontend/vite/deps/rxjs.js.map 304 [24/Feb/2025:17:35:49 +0000] - 483.313 ms localhost
GET /@fs/C:/Users/USER/Desktop/BroCampTasks/Angular_Project/frontend/.angular/cache/18.2.11/frontend/vite/deps/@angular_common_http.js.map 304 [24/Feb/2025:17:35:49 +0000] - 472.998 ms localhost
GET /@fs/C:/Users/USER/Desktop/BroCampTasks/Angular_Project/frontend/.angular/cache/18.2.11/frontend/vite/deps/@angular_router.js.map 304 [24/Feb/2025:17:35:49 +0000] - 672.228 ms localhost
GET /@fs/C:/Users/USER/Desktop/BroCampTasks/Angular_Project/frontend/.angular/cache/18.2.11/frontend/vite/deps/ngx-socket-io.js.map 304 [24/Feb/2025:17:35:49 +0000] - 660.576 ms localhost
GET /@fs/C:/Users/USER/Desktop/BroCampTasks/Angular_Project/frontend/.angular/cache/18.2.11/frontend/vite/deps/chunk-BKIWMXDL.js.map 304 [24/Feb/2025:17:35:50 +0000] - 1439.067 ms localhost
GET /login.component.css.map 200 [24/Feb/2025:17:35:50 +0000] - 96.877 ms localhost
GET /@fs/C:/Users/USER/Desktop/BroCampTasks/Angular_Project/frontend/.angular/cache/18.2.11/frontend/vite/deps/chunk-2ZWNOPXZ.js.map 304 [24/Feb/2025:17:35:50 +0000] - 1189.901 ms localhost
GET /@fs/C:/Users/USER/Desktop/BroCampTasks/Angular_Project/frontend/.angular/cache/18.2.11/frontend/vite/deps/@angular_platform-browser.js.map 304 [24/Feb/2025:17:35:50 +0000] - 1187.915 ms localhost
GET /@fs/C:/Users/USER/Desktop/BroCampTasks/Angular_Project/frontend/.angular/cache/18.2.11/frontend/vite/deps/chunk-7MS5FTBZ.js.map 304 [24/Feb/2025:17:35:50 +0000] - 1242.375 ms localhost
GET /@fs/C:/Users/USER/Desktop/BroCampTasks/Angular_Project/frontend/.angular/cache/18.2.11/frontend/vite/deps/@angular_forms.js.map 304 [24/Feb/2025:17:35:50 +0000] - 1104.376 ms localhost
GET /@fs/C:/Users/USER/Desktop/BroCampTasks/Angular_Project/frontend/.angular/cache/18.2.11/frontend/vite/deps/emoji-picker-element.js.map 304 [24/Feb/2025:17:35:50 +0000] - 1104.782 ms localhost
GET /@fs/C:/Users/USER/Desktop/BroCampTasks/Angular_Project/frontend/.angular/cache/18.2.11/frontend/vite/deps/@angular_common.js.map 304 [24/Feb/2025:17:35:50 +0000] - 298.462 ms localhost
GET /favicon.ico 304 [24/Feb/2025:17:35:57 +0000] - 13.689 ms localhost
POST /api/user/login 200 [24/Feb/2025:17:36:07 +0000] - 2309.674 ms localhost
GET /chunk-FYADWRS6.js 304 [24/Feb/2025:17:36:07 +0000] - 4.516 ms localhost
GET /chunk-ZH4HHEI3.js 304 [24/Feb/2025:17:36:07 +0000] - 4.118 ms localhost
GET /dashboard.component.css.map 200 [24/Feb/2025:17:36:07 +0000] - 4.296 ms localhost
GET /layout.component.css.map 200 [24/Feb/2025:17:36:07 +0000] - 4.768 ms localhost
GET /chunk-4XLOZUFU.js 304 [24/Feb/2025:17:36:12 +0000] - 6.949 ms localhost
GET /chunk-YVMOX5YK.js 304 [24/Feb/2025:17:36:12 +0000] - 2.694 ms localhost
GET /api/booking/sales 304 [24/Feb/2025:17:36:13 +0000] - 326.978 ms localhost
GET / - [24/Feb/2025:17:39:47 +0000] - - ms localhost
GET /sales 200 [24/Feb/2025:18:20:36 +0000] - 434.380 ms localhost
GET /@vite/client 304 [24/Feb/2025:18:20:42 +0000] - 39.858 ms localhost
GET /polyfills.js 304 [24/Feb/2025:18:20:42 +0000] - 29.658 ms localhost
GET /main.js 304 [24/Feb/2025:18:20:42 +0000] - 31.513 ms localhost
GET /styles.css 200 [24/Feb/2025:18:20:42 +0000] - 358.507 ms localhost
GET /@fs/C:/Users/USER/Desktop/BroCampTasks/Angular_Project/frontend/node_modules/vite/dist/client/env.mjs 304 [24/Feb/2025:18:20:50 +0000] - 12.845 ms localhost
GET /chunk-VUDBINDS.js 304 [24/Feb/2025:18:20:58 +0000] - 5.142 ms localhost
GET /chunk-JK2OZDZD.js 304 [24/Feb/2025:18:20:58 +0000] - 8.015 ms localhost
GET /chunk-NROI7E46.js 304 [24/Feb/2025:18:20:58 +0000] - 3.987 ms localhost
GET /styles.css.map 200 [24/Feb/2025:18:21:02 +0000] - 8.626 ms localhost
GET /chunk-WFNSYSCE.js 304 [24/Feb/2025:18:21:02 +0000] - 6.161 ms localhost
GET /@fs/C:/Users/USER/Desktop/BroCampTasks/Angular_Project/frontend/.angular/cache/18.2.11/frontend/vite/deps/@angular_core.js.map 304 [24/Feb/2025:18:21:03 +0000] - 62.083 ms localhost
GET /@fs/C:/Users/USER/Desktop/BroCampTasks/Angular_Project/frontend/.angular/cache/18.2.11/frontend/vite/deps/chunk-66JPAEYR.js.map 304 [24/Feb/2025:18:21:03 +0000] - 135.021 ms localhost
GET /@fs/C:/Users/USER/Desktop/BroCampTasks/Angular_Project/frontend/.angular/cache/18.2.11/frontend/vite/deps/rxjs.js.map 304 [24/Feb/2025:18:21:03 +0000] - 124.240 ms localhost
GET /@fs/C:/Users/USER/Desktop/BroCampTasks/Angular_Project/frontend/.angular/cache/18.2.11/frontend/vite/deps/chunk-XWLXMCJQ.js.map 304 [24/Feb/2025:18:21:03 +0000] - 137.535 ms localhost
GET /chunk-WYTGJWIV.js 304 [24/Feb/2025:18:21:03 +0000] - 12.252 ms localhost
GET /@fs/C:/Users/USER/Desktop/BroCampTasks/Angular_Project/frontend/.angular/cache/18.2.11/frontend/vite/deps/chunk-BKIWMXDL.js.map 304 [24/Feb/2025:18:21:03 +0000] - 663.277 ms localhost
GET /@fs/C:/Users/USER/Desktop/BroCampTasks/Angular_Project/frontend/.angular/cache/18.2.11/frontend/vite/deps/@angular_common_http.js.map 304 [24/Feb/2025:18:21:03 +0000] - 627.514 ms localhost
GET /@fs/C:/Users/USER/Desktop/BroCampTasks/Angular_Project/frontend/.angular/cache/18.2.11/frontend/vite/deps/chunk-F4ZW7LLY.js.map 304 [24/Feb/2025:18:21:03 +0000] - 743.515 ms localhost
GET /chunk-KSELMSGV.js 304 [24/Feb/2025:18:21:04 +0000] - 160.653 ms localhost
GET /chunk-AD6BEBTX.js 304 [24/Feb/2025:18:21:04 +0000] - 152.345 ms localhost
GET /chunk-MQDO5BT4.js 304 [24/Feb/2025:18:21:04 +0000] - 23.934 ms localhost
GET /@fs/C:/Users/USER/Desktop/BroCampTasks/Angular_Project/frontend/.angular/cache/18.2.11/frontend/vite/deps/@angular_platform-browser.js.map 304 [24/Feb/2025:18:21:04 +0000] - 673.517 ms localhost
GET /@fs/C:/Users/USER/Desktop/BroCampTasks/Angular_Project/frontend/.angular/cache/18.2.11/frontend/vite/deps/chunk-ZKQIAUIS.js.map 304 [24/Feb/2025:18:21:04 +0000] - 700.076 ms localhost
GET /@fs/C:/Users/USER/Desktop/BroCampTasks/Angular_Project/frontend/.angular/cache/18.2.11/frontend/vite/deps/chunk-2ZWNOPXZ.js.map 304 [24/Feb/2025:18:21:04 +0000] - 714.783 ms localhost
GET /@fs/C:/Users/USER/Desktop/BroCampTasks/Angular_Project/frontend/.angular/cache/18.2.11/frontend/vite/deps/@angular_router.js.map 304 [24/Feb/2025:18:21:04 +0000] - 57.852 ms localhost
GET /@fs/C:/Users/USER/Desktop/BroCampTasks/Angular_Project/frontend/.angular/cache/18.2.11/frontend/vite/deps/chunk-7MS5FTBZ.js.map 304 [24/Feb/2025:18:21:04 +0000] - 55.555 ms localhost
GET /@fs/C:/Users/USER/Desktop/BroCampTasks/Angular_Project/frontend/.angular/cache/18.2.11/frontend/vite/deps/ngx-socket-io.js.map 304 [24/Feb/2025:18:21:04 +0000] - 57.586 ms localhost
GET /@fs/C:/Users/USER/Desktop/BroCampTasks/Angular_Project/frontend/.angular/cache/18.2.11/frontend/vite/deps/@angular_forms.js.map 304 [24/Feb/2025:18:21:04 +0000] - 58.047 ms localhost
GET /@fs/C:/Users/USER/Desktop/BroCampTasks/Angular_Project/frontend/.angular/cache/18.2.11/frontend/vite/deps/emoji-picker-element.js.map 304 [24/Feb/2025:18:21:04 +0000] - 40.575 ms localhost
GET /chunk-F64TRUFE.js 304 [24/Feb/2025:18:21:04 +0000] - 3.404 ms localhost
GET /favicon.ico 304 [24/Feb/2025:18:21:04 +0000] - 7.222 ms localhost
GET /@fs/C:/Users/USER/Desktop/BroCampTasks/Angular_Project/frontend/.angular/cache/18.2.11/frontend/vite/deps/@angular_common.js.map 304 [24/Feb/2025:18:21:04 +0000] - 4.393 ms localhost
GET /login.component.css.map 200 [24/Feb/2025:18:21:04 +0000] - 2.936 ms localhost
GET / - [24/Feb/2025:18:24:58 +0000] - - ms localhost
