GET /login 200 [17/Jan/2025:12:29:48 +0000] - 486.924 ms localhost
GET /polyfills.js 304 [17/Jan/2025:12:29:49 +0000] - 504.503 ms localhost
GET /styles.css 200 [17/Jan/2025:12:29:49 +0000] - 583.054 ms localhost
GET /main.js 200 [17/Jan/2025:12:29:50 +0000] - 822.591 ms localhost
GET /@vite/client 304 [17/Jan/2025:12:29:50 +0000] - 1504.266 ms localhost
GET /styles.css.map 200 [17/Jan/2025:12:29:50 +0000] - 8.814 ms localhost
GET /@fs/C:/Users/USER/Desktop/BroCampTasks/Angular_Project/frontend/node_modules/vite/dist/client/env.mjs 304 [17/Jan/2025:12:29:50 +0000] - 5.998 ms localhost
GET /@fs/C:/Users/USER/Desktop/BroCampTasks/Angular_Project/frontend/.angular/cache/18.2.11/frontend/vite/deps/chunk-PLMZ7O3F.js.map 304 [17/Jan/2025:12:29:51 +0000] - 46.807 ms localhost
GET /@fs/C:/Users/USER/Desktop/BroCampTasks/Angular_Project/frontend/.angular/cache/18.2.11/frontend/vite/deps/chunk-SD63G7YN.js.map 304 [17/Jan/2025:12:29:51 +0000] - 57.597 ms localhost
GET /@fs/C:/Users/USER/Desktop/BroCampTasks/Angular_Project/frontend/.angular/cache/18.2.11/frontend/vite/deps/chunk-J2M542RS.js.map 304 [17/Jan/2025:12:29:51 +0000] - 57.600 ms localhost
GET /@fs/C:/Users/USER/Desktop/BroCampTasks/Angular_Project/frontend/.angular/cache/18.2.11/frontend/vite/deps/@angular_platform-browser.js.map 304 [17/Jan/2025:12:29:51 +0000] - 70.285 ms localhost
GET /@fs/C:/Users/USER/Desktop/BroCampTasks/Angular_Project/frontend/.angular/cache/18.2.11/frontend/vite/deps/chunk-PF6LNL77.js.map 304 [17/Jan/2025:12:29:51 +0000] - 66.242 ms localhost
GET /@fs/C:/Users/USER/Desktop/BroCampTasks/Angular_Project/frontend/.angular/cache/18.2.11/frontend/vite/deps/@angular_core.js.map 304 [17/Jan/2025:12:29:51 +0000] - 25.414 ms localhost
GET /@fs/C:/Users/USER/Desktop/BroCampTasks/Angular_Project/frontend/.angular/cache/18.2.11/frontend/vite/deps/chunk-FDUYSLZ7.js.map 304 [17/Jan/2025:12:29:51 +0000] - 203.530 ms localhost
GET /login.component.css.map 200 [17/Jan/2025:12:29:51 +0000] - 76.968 ms localhost
GET /@fs/C:/Users/USER/Desktop/BroCampTasks/Angular_Project/frontend/.angular/cache/18.2.11/frontend/vite/deps/rxjs.js.map 304 [17/Jan/2025:12:29:51 +0000] - 214.263 ms localhost
GET /@fs/C:/Users/USER/Desktop/BroCampTasks/Angular_Project/frontend/.angular/cache/18.2.11/frontend/vite/deps/@angular_common_http.js.map 304 [17/Jan/2025:12:29:51 +0000] - 222.292 ms localhost
GET /@fs/C:/Users/USER/Desktop/BroCampTasks/Angular_Project/frontend/.angular/cache/18.2.11/frontend/vite/deps/@angular_common.js.map 304 [17/Jan/2025:12:29:51 +0000] - 191.871 ms localhost
GET /@fs/C:/Users/USER/Desktop/BroCampTasks/Angular_Project/frontend/.angular/cache/18.2.11/frontend/vite/deps/@angular_forms.js.map 304 [17/Jan/2025:12:29:52 +0000] - 235.296 ms localhost
GET /favicon.ico 304 [17/Jan/2025:12:29:52 +0000] - 8.987 ms localhost
GET /@fs/C:/Users/USER/Desktop/BroCampTasks/Angular_Project/frontend/.angular/cache/18.2.11/frontend/vite/deps/@angular_router.js.map 304 [17/Jan/2025:12:29:52 +0000] - 292.843 ms localhost
POST /user/login 200 [17/Jan/2025:12:30:01 +0000] - 645.243 ms localhost
GET /layout.component.css.map 200 [17/Jan/2025:12:30:01 +0000] - 4.837 ms localhost
GET /dashboard.component.css.map 200 [17/Jan/2025:12:30:01 +0000] - 4.518 ms localhost
GET /user-events.component.css.map 200 [17/Jan/2025:12:30:05 +0000] - 4.385 ms localhost
GET /event/events/Engagement 200 [17/Jan/2025:12:30:09 +0000] - 662.777 ms localhost
GET /service/uploads/1735019370511_preweddingshoot.jpeg 304 [17/Jan/2025:12:30:10 +0000] - 235.507 ms localhost
GET /service/uploads/1735019370509_videographyimage.jpg 304 [17/Jan/2025:12:30:10 +0000] - 148.857 ms localhost
GET /service/uploads/1735019370508_videographyimage.jpg 304 [17/Jan/2025:12:30:10 +0000] - 125.790 ms localhost
GET /service/uploads/1736873495734_keralacuisine.jpg 200 [17/Jan/2025:12:30:10 +0000] - 345.650 ms localhost
GET /service/uploads/1736873495733_catering.webp 200 [17/Jan/2025:12:30:10 +0000] - 207.736 ms localhost
GET /user-event-details.component.css.map 200 [17/Jan/2025:12:30:10 +0000] - 4.983 ms localhost
GET /booking/events 304 [17/Jan/2025:12:30:10 +0000] - 440.462 ms localhost
GET /service/uploads/1736873495743_chinesecuisine.jpg 200 [17/Jan/2025:12:30:10 +0000] - 112.384 ms localhost
GET /service/uploads/1736873495747_platedservice.jpeg 200 [17/Jan/2025:12:30:10 +0000] - 185.602 ms localhost
GET /service/uploads/1736875562962_artifitial%20decor1.jpg 200 [17/Jan/2025:12:30:10 +0000] - 162.917 ms localhost
GET /service/uploads/1736875562985_natural%20decor1.jpg 200 [17/Jan/2025:12:30:10 +0000] - 123.175 ms localhost
GET /service/uploads/1736875563014_artifitial%20decor6.jpg 200 [17/Jan/2025:12:30:10 +0000] - 77.244 ms localhost
GET /booking/events/service/Engagement 200 [17/Jan/2025:12:30:18 +0000] - 87.572 ms localhost
GET /events/details 200 [17/Jan/2025:12:31:57 +0000] - 21.224 ms localhost
GET / - [17/Jan/2025:12:31:57 +0000] - - ms localhost
GET /@vite/client 304 [17/Jan/2025:12:31:57 +0000] - 17.944 ms localhost
GET /styles.css 200 [17/Jan/2025:12:31:57 +0000] - 15.848 ms localhost
GET /polyfills.js 304 [17/Jan/2025:12:31:57 +0000] - 18.898 ms localhost
GET /main.js 200 [17/Jan/2025:12:31:57 +0000] - 30.689 ms localhost
GET /styles.css.map 200 [17/Jan/2025:12:31:57 +0000] - 19.171 ms localhost
GET /@fs/C:/Users/USER/Desktop/BroCampTasks/Angular_Project/frontend/node_modules/vite/dist/client/env.mjs 304 [17/Jan/2025:12:31:57 +0000] - 13.179 ms localhost
GET /@fs/C:/Users/USER/Desktop/BroCampTasks/Angular_Project/frontend/.angular/cache/18.2.11/frontend/vite/deps/chunk-SD63G7YN.js.map 304 [17/Jan/2025:12:31:57 +0000] - 62.825 ms localhost
GET /@fs/C:/Users/USER/Desktop/BroCampTasks/Angular_Project/frontend/.angular/cache/18.2.11/frontend/vite/deps/@angular_platform-browser.js.map 304 [17/Jan/2025:12:31:57 +0000] - 57.700 ms localhost
GET /@fs/C:/Users/USER/Desktop/BroCampTasks/Angular_Project/frontend/.angular/cache/18.2.11/frontend/vite/deps/chunk-PLMZ7O3F.js.map 304 [17/Jan/2025:12:31:58 +0000] - 190.207 ms localhost
GET /@fs/C:/Users/USER/Desktop/BroCampTasks/Angular_Project/frontend/.angular/cache/18.2.11/frontend/vite/deps/chunk-J2M542RS.js.map 304 [17/Jan/2025:12:31:58 +0000] - 194.552 ms localhost
GET /@fs/C:/Users/USER/Desktop/BroCampTasks/Angular_Project/frontend/.angular/cache/18.2.11/frontend/vite/deps/@angular_core.js.map 304 [17/Jan/2025:12:31:58 +0000] - 124.159 ms localhost
GET /@fs/C:/Users/USER/Desktop/BroCampTasks/Angular_Project/frontend/.angular/cache/18.2.11/frontend/vite/deps/chunk-PF6LNL77.js.map 304 [17/Jan/2025:12:31:58 +0000] - 191.084 ms localhost
GET /@fs/C:/Users/USER/Desktop/BroCampTasks/Angular_Project/frontend/.angular/cache/18.2.11/frontend/vite/deps/@angular_router.js.map 304 [17/Jan/2025:12:31:58 +0000] - 170.219 ms localhost
GET /@fs/C:/Users/USER/Desktop/BroCampTasks/Angular_Project/frontend/.angular/cache/18.2.11/frontend/vite/deps/@angular_common_http.js.map 304 [17/Jan/2025:12:31:58 +0000] - 88.718 ms localhost
GET /events/login.component.css.map 404 [17/Jan/2025:12:31:58 +0000] - 35.445 ms localhost
GET /@fs/C:/Users/USER/Desktop/BroCampTasks/Angular_Project/frontend/.angular/cache/18.2.11/frontend/vite/deps/rxjs.js.map 304 [17/Jan/2025:12:31:58 +0000] - 99.739 ms localhost
GET /@fs/C:/Users/USER/Desktop/BroCampTasks/Angular_Project/frontend/.angular/cache/18.2.11/frontend/vite/deps/chunk-FDUYSLZ7.js.map 304 [17/Jan/2025:12:31:58 +0000] - 381.344 ms localhost
GET /@fs/C:/Users/USER/Desktop/BroCampTasks/Angular_Project/frontend/.angular/cache/18.2.11/frontend/vite/deps/@angular_common.js.map 304 [17/Jan/2025:12:31:58 +0000] - 193.655 ms localhost
GET /favicon.ico 304 [17/Jan/2025:12:31:58 +0000] - 65.090 ms localhost
GET /@fs/C:/Users/USER/Desktop/BroCampTasks/Angular_Project/frontend/.angular/cache/18.2.11/frontend/vite/deps/@angular_forms.js.map 304 [17/Jan/2025:12:31:58 +0000] - 261.742 ms localhost
POST /user/login 200 [17/Jan/2025:12:32:06 +0000] - 195.284 ms localhost
GET /events/dashboard.component.css.map 404 [17/Jan/2025:12:32:07 +0000] - 11.859 ms localhost
GET /events/layout.component.css.map 404 [17/Jan/2025:12:32:07 +0000] - 12.693 ms localhost
GET /events/user-events.component.css.map 404 [17/Jan/2025:12:32:10 +0000] - 5.068 ms localhost
GET /event/events/Engagement 304 [17/Jan/2025:12:32:13 +0000] - 127.306 ms localhost
GET /booking/events 304 [17/Jan/2025:12:32:13 +0000] - 223.180 ms localhost
GET /events/user-event-details.component.css.map 404 [17/Jan/2025:12:32:13 +0000] - 15.861 ms localhost
GET /service/uploads/1735019370508_videographyimage.jpg 304 [17/Jan/2025:12:32:13 +0000] - 231.726 ms localhost
GET /service/uploads/1735019370509_videographyimage.jpg 304 [17/Jan/2025:12:32:13 +0000] - 200.893 ms localhost
GET /service/uploads/1735019370511_preweddingshoot.jpeg 304 [17/Jan/2025:12:32:13 +0000] - 175.085 ms localhost
GET /service/uploads/1736873495734_keralacuisine.jpg 304 [17/Jan/2025:12:32:13 +0000] - 126.073 ms localhost
GET /service/uploads/1736873495733_catering.webp 304 [17/Jan/2025:12:32:13 +0000] - 154.192 ms localhost
GET /service/uploads/1736873495743_chinesecuisine.jpg 304 [17/Jan/2025:12:32:14 +0000] - 148.031 ms localhost
GET /service/uploads/1736873495747_platedservice.jpeg 304 [17/Jan/2025:12:32:14 +0000] - 103.432 ms localhost
GET /service/uploads/1736875562962_artifitial%20decor1.jpg 304 [17/Jan/2025:12:32:14 +0000] - 75.274 ms localhost
GET /service/uploads/1736875562985_natural%20decor1.jpg 304 [17/Jan/2025:12:32:14 +0000] - 54.054 ms localhost
GET /service/uploads/1736875563014_artifitial%20decor6.jpg 304 [17/Jan/2025:12:32:14 +0000] - 40.444 ms localhost
GET /booking/events/service/Engagement 304 [17/Jan/2025:12:32:17 +0000] - 57.954 ms localhost
GET /events/details 200 [17/Jan/2025:12:35:29 +0000] - 12.456 ms localhost
GET / - [17/Jan/2025:12:35:29 +0000] - - ms localhost
GET /@vite/client 304 [17/Jan/2025:12:35:29 +0000] - 23.904 ms localhost
GET /styles.css 200 [17/Jan/2025:12:35:29 +0000] - 24.409 ms localhost
GET /polyfills.js 304 [17/Jan/2025:12:35:29 +0000] - 28.257 ms localhost
GET /main.js 200 [17/Jan/2025:12:35:29 +0000] - 31.973 ms localhost
GET /@fs/C:/Users/USER/Desktop/BroCampTasks/Angular_Project/frontend/node_modules/vite/dist/client/env.mjs 304 [17/Jan/2025:12:35:29 +0000] - 7.910 ms localhost
GET /styles.css.map 200 [17/Jan/2025:12:35:29 +0000] - 13.112 ms localhost
GET /@fs/C:/Users/USER/Desktop/BroCampTasks/Angular_Project/frontend/.angular/cache/18.2.11/frontend/vite/deps/@angular_platform-browser.js.map 304 [17/Jan/2025:12:35:30 +0000] - 18.497 ms localhost
GET /@fs/C:/Users/USER/Desktop/BroCampTasks/Angular_Project/frontend/.angular/cache/18.2.11/frontend/vite/deps/chunk-J2M542RS.js.map 304 [17/Jan/2025:12:35:30 +0000] - 19.514 ms localhost
GET /@fs/C:/Users/USER/Desktop/BroCampTasks/Angular_Project/frontend/.angular/cache/18.2.11/frontend/vite/deps/chunk-PLMZ7O3F.js.map 304 [17/Jan/2025:12:35:30 +0000] - 34.559 ms localhost
GET /@fs/C:/Users/USER/Desktop/BroCampTasks/Angular_Project/frontend/.angular/cache/18.2.11/frontend/vite/deps/chunk-FDUYSLZ7.js.map 304 [17/Jan/2025:12:35:30 +0000] - 123.419 ms localhost
GET /@fs/C:/Users/USER/Desktop/BroCampTasks/Angular_Project/frontend/.angular/cache/18.2.11/frontend/vite/deps/chunk-SD63G7YN.js.map 304 [17/Jan/2025:12:35:30 +0000] - 172.913 ms localhost
GET /@fs/C:/Users/USER/Desktop/BroCampTasks/Angular_Project/frontend/.angular/cache/18.2.11/frontend/vite/deps/chunk-PF6LNL77.js.map 304 [17/Jan/2025:12:35:30 +0000] - 202.979 ms localhost
GET /@fs/C:/Users/USER/Desktop/BroCampTasks/Angular_Project/frontend/.angular/cache/18.2.11/frontend/vite/deps/@angular_core.js.map 304 [17/Jan/2025:12:35:30 +0000] - 156.089 ms localhost
GET /@fs/C:/Users/USER/Desktop/BroCampTasks/Angular_Project/frontend/.angular/cache/18.2.11/frontend/vite/deps/@angular_common_http.js.map 304 [17/Jan/2025:12:35:30 +0000] - 151.732 ms localhost
GET /@fs/C:/Users/USER/Desktop/BroCampTasks/Angular_Project/frontend/.angular/cache/18.2.11/frontend/vite/deps/@angular_router.js.map 304 [17/Jan/2025:12:35:30 +0000] - 168.886 ms localhost
GET /@fs/C:/Users/USER/Desktop/BroCampTasks/Angular_Project/frontend/.angular/cache/18.2.11/frontend/vite/deps/rxjs.js.map 304 [17/Jan/2025:12:35:30 +0000] - 303.033 ms localhost
GET /events/login.component.css.map 404 [17/Jan/2025:12:35:30 +0000] - 165.583 ms localhost
GET /@fs/C:/Users/USER/Desktop/BroCampTasks/Angular_Project/frontend/.angular/cache/18.2.11/frontend/vite/deps/@angular_forms.js.map 304 [17/Jan/2025:12:35:30 +0000] - 298.875 ms localhost
GET /@fs/C:/Users/USER/Desktop/BroCampTasks/Angular_Project/frontend/.angular/cache/18.2.11/frontend/vite/deps/@angular_common.js.map 304 [17/Jan/2025:12:35:30 +0000] - 287.210 ms localhost
GET /favicon.ico 304 [17/Jan/2025:12:35:30 +0000] - 6.659 ms localhost
GET /login 200 [17/Jan/2025:12:35:33 +0000] - 12.007 ms localhost
GET / - [17/Jan/2025:12:35:33 +0000] - - ms localhost
GET /@vite/client 304 [17/Jan/2025:12:35:33 +0000] - 4.434 ms localhost
GET /styles.css 200 [17/Jan/2025:12:35:33 +0000] - 9.457 ms localhost
GET /polyfills.js 304 [17/Jan/2025:12:35:33 +0000] - 4.858 ms localhost
GET /main.js 304 [17/Jan/2025:12:35:33 +0000] - 11.535 ms localhost
GET /styles.css.map 200 [17/Jan/2025:12:35:33 +0000] - 5.670 ms localhost
GET /@fs/C:/Users/USER/Desktop/BroCampTasks/Angular_Project/frontend/node_modules/vite/dist/client/env.mjs 304 [17/Jan/2025:12:35:33 +0000] - 4.661 ms localhost
GET /@fs/C:/Users/USER/Desktop/BroCampTasks/Angular_Project/frontend/.angular/cache/18.2.11/frontend/vite/deps/@angular_platform-browser.js.map 304 [17/Jan/2025:12:35:33 +0000] - 6.603 ms localhost
GET /@fs/C:/Users/USER/Desktop/BroCampTasks/Angular_Project/frontend/.angular/cache/18.2.11/frontend/vite/deps/chunk-SD63G7YN.js.map 304 [17/Jan/2025:12:35:33 +0000] - 22.525 ms localhost
GET /@fs/C:/Users/USER/Desktop/BroCampTasks/Angular_Project/frontend/.angular/cache/18.2.11/frontend/vite/deps/chunk-J2M542RS.js.map 304 [17/Jan/2025:12:35:33 +0000] - 22.877 ms localhost
GET /@fs/C:/Users/USER/Desktop/BroCampTasks/Angular_Project/frontend/.angular/cache/18.2.11/frontend/vite/deps/chunk-PLMZ7O3F.js.map 304 [17/Jan/2025:12:35:33 +0000] - 26.440 ms localhost
GET /@fs/C:/Users/USER/Desktop/BroCampTasks/Angular_Project/frontend/.angular/cache/18.2.11/frontend/vite/deps/chunk-PF6LNL77.js.map 304 [17/Jan/2025:12:35:33 +0000] - 35.905 ms localhost
GET /@fs/C:/Users/USER/Desktop/BroCampTasks/Angular_Project/frontend/.angular/cache/18.2.11/frontend/vite/deps/chunk-FDUYSLZ7.js.map 304 [17/Jan/2025:12:35:33 +0000] - 123.329 ms localhost
GET /@fs/C:/Users/USER/Desktop/BroCampTasks/Angular_Project/frontend/.angular/cache/18.2.11/frontend/vite/deps/@angular_core.js.map 304 [17/Jan/2025:12:35:34 +0000] - 269.083 ms localhost
GET /@fs/C:/Users/USER/Desktop/BroCampTasks/Angular_Project/frontend/.angular/cache/18.2.11/frontend/vite/deps/@angular_router.js.map 304 [17/Jan/2025:12:35:34 +0000] - 278.118 ms localhost
GET /@fs/C:/Users/USER/Desktop/BroCampTasks/Angular_Project/frontend/.angular/cache/18.2.11/frontend/vite/deps/@angular_common_http.js.map 304 [17/Jan/2025:12:35:34 +0000] - 267.740 ms localhost
GET /@fs/C:/Users/USER/Desktop/BroCampTasks/Angular_Project/frontend/.angular/cache/18.2.11/frontend/vite/deps/rxjs.js.map 304 [17/Jan/2025:12:35:34 +0000] - 260.560 ms localhost
GET /@fs/C:/Users/USER/Desktop/BroCampTasks/Angular_Project/frontend/.angular/cache/18.2.11/frontend/vite/deps/@angular_forms.js.map 304 [17/Jan/2025:12:35:34 +0000] - 239.183 ms localhost
GET /@fs/C:/Users/USER/Desktop/BroCampTasks/Angular_Project/frontend/.angular/cache/18.2.11/frontend/vite/deps/@angular_common.js.map 304 [17/Jan/2025:12:35:34 +0000] - 111.921 ms localhost
GET /login.component.css.map 200 [17/Jan/2025:12:35:34 +0000] - 3.099 ms localhost
GET /favicon.ico 304 [17/Jan/2025:12:35:34 +0000] - 5.562 ms localhost
POST /user/login 200 [17/Jan/2025:12:35:42 +0000] - 155.289 ms localhost
GET /dashboard.component.css.map 200 [17/Jan/2025:12:35:42 +0000] - 5.316 ms localhost
GET /layout.component.css.map 200 [17/Jan/2025:12:35:42 +0000] - 5.103 ms localhost
GET /user-events.component.css.map 200 [17/Jan/2025:12:35:47 +0000] - 3.939 ms localhost
GET /event/events/Engagement 304 [17/Jan/2025:12:35:50 +0000] - 107.356 ms localhost
GET /booking/events 304 [17/Jan/2025:12:35:51 +0000] - 206.111 ms localhost
GET /user-event-details.component.css.map 200 [17/Jan/2025:12:35:51 +0000] - 46.351 ms localhost
GET /service/uploads/1735019370511_preweddingshoot.jpeg 304 [17/Jan/2025:12:35:51 +0000] - 139.056 ms localhost
GET /service/uploads/1736873495733_catering.webp 304 [17/Jan/2025:12:35:51 +0000] - 113.629 ms localhost
GET /service/uploads/1736873495734_keralacuisine.jpg 304 [17/Jan/2025:12:35:51 +0000] - 91.694 ms localhost
GET /service/uploads/1735019370509_videographyimage.jpg 304 [17/Jan/2025:12:35:51 +0000] - 184.429 ms localhost
GET /service/uploads/1735019370508_videographyimage.jpg 304 [17/Jan/2025:12:35:51 +0000] - 213.407 ms localhost
GET /service/uploads/1736873495743_chinesecuisine.jpg 304 [17/Jan/2025:12:35:51 +0000] - 165.418 ms localhost
GET /service/uploads/1736873495747_platedservice.jpeg 304 [17/Jan/2025:12:35:51 +0000] - 120.229 ms localhost
GET /service/uploads/1736875562962_artifitial%20decor1.jpg 304 [17/Jan/2025:12:35:51 +0000] - 102.700 ms localhost
GET /service/uploads/1736875562985_natural%20decor1.jpg 304 [17/Jan/2025:12:35:51 +0000] - 86.684 ms localhost
GET /service/uploads/1736875563014_artifitial%20decor6.jpg 304 [17/Jan/2025:12:35:51 +0000] - 67.584 ms localhost
GET /booking/events/service/Marriage 200 [17/Jan/2025:12:35:55 +0000] - 59.027 ms localhost
GET / - [17/Jan/2025:12:39:33 +0000] - - ms localhost
GET /events/details 200 [17/Jan/2025:12:40:21 +0000] - 15.062 ms localhost
GET /@vite/client 304 [17/Jan/2025:12:40:21 +0000] - 10.849 ms localhost
GET /styles.css 200 [17/Jan/2025:12:40:21 +0000] - 37.325 ms localhost
GET /polyfills.js 304 [17/Jan/2025:12:40:21 +0000] - 37.921 ms localhost
GET /main.js 200 [17/Jan/2025:12:40:21 +0000] - 38.290 ms localhost
GET /styles.css.map 200 [17/Jan/2025:12:40:21 +0000] - 5.357 ms localhost
GET /@fs/C:/Users/USER/Desktop/BroCampTasks/Angular_Project/frontend/node_modules/vite/dist/client/env.mjs 304 [17/Jan/2025:12:40:21 +0000] - 4.689 ms localhost
GET /@fs/C:/Users/USER/Desktop/BroCampTasks/Angular_Project/frontend/.angular/cache/18.2.11/frontend/vite/deps/@angular_forms.js.map 304 [17/Jan/2025:12:40:21 +0000] - 15.536 ms localhost
GET /@fs/C:/Users/USER/Desktop/BroCampTasks/Angular_Project/frontend/.angular/cache/18.2.11/frontend/vite/deps/@angular_router.js.map 304 [17/Jan/2025:12:40:21 +0000] - 31.302 ms localhost
GET /@fs/C:/Users/USER/Desktop/BroCampTasks/Angular_Project/frontend/.angular/cache/18.2.11/frontend/vite/deps/@angular_platform-browser.js.map 304 [17/Jan/2025:12:40:21 +0000] - 17.003 ms localhost
GET /@fs/C:/Users/USER/Desktop/BroCampTasks/Angular_Project/frontend/.angular/cache/18.2.11/frontend/vite/deps/chunk-SD63G7YN.js.map 304 [17/Jan/2025:12:40:21 +0000] - 20.395 ms localhost
GET /@fs/C:/Users/USER/Desktop/BroCampTasks/Angular_Project/frontend/.angular/cache/18.2.11/frontend/vite/deps/chunk-J2M542RS.js.map 304 [17/Jan/2025:12:40:21 +0000] - 28.744 ms localhost
GET /@fs/C:/Users/USER/Desktop/BroCampTasks/Angular_Project/frontend/.angular/cache/18.2.11/frontend/vite/deps/chunk-PLMZ7O3F.js.map 304 [17/Jan/2025:12:40:22 +0000] - 320.634 ms localhost
GET /@fs/C:/Users/USER/Desktop/BroCampTasks/Angular_Project/frontend/.angular/cache/18.2.11/frontend/vite/deps/chunk-PF6LNL77.js.map 304 [17/Jan/2025:12:40:22 +0000] - 328.294 ms localhost
GET /@fs/C:/Users/USER/Desktop/BroCampTasks/Angular_Project/frontend/.angular/cache/18.2.11/frontend/vite/deps/@angular_core.js.map 304 [17/Jan/2025:12:40:22 +0000] - 327.790 ms localhost
GET /@fs/C:/Users/USER/Desktop/BroCampTasks/Angular_Project/frontend/.angular/cache/18.2.11/frontend/vite/deps/@angular_common_http.js.map 304 [17/Jan/2025:12:40:22 +0000] - 326.780 ms localhost
GET /@fs/C:/Users/USER/Desktop/BroCampTasks/Angular_Project/frontend/.angular/cache/18.2.11/frontend/vite/deps/rxjs.js.map 304 [17/Jan/2025:12:40:22 +0000] - 327.265 ms localhost
GET /favicon.ico 304 [17/Jan/2025:12:40:22 +0000] - 10.887 ms localhost
GET /events/login.component.css.map 404 [17/Jan/2025:12:40:22 +0000] - 13.088 ms localhost
GET /@fs/C:/Users/USER/Desktop/BroCampTasks/Angular_Project/frontend/.angular/cache/18.2.11/frontend/vite/deps/chunk-FDUYSLZ7.js.map 304 [17/Jan/2025:12:40:22 +0000] - 561.893 ms localhost
GET /@fs/C:/Users/USER/Desktop/BroCampTasks/Angular_Project/frontend/.angular/cache/18.2.11/frontend/vite/deps/@angular_common.js.map 304 [17/Jan/2025:12:40:22 +0000] - 257.544 ms localhost
GET / - [17/Jan/2025:12:44:21 +0000] - - ms localhost
GET /login 200 [17/Jan/2025:13:07:15 +0000] - 104.303 ms localhost
GET /polyfills.js 304 [17/Jan/2025:13:07:15 +0000] - 6.497 ms localhost
GET /@vite/client 304 [17/Jan/2025:13:07:15 +0000] - 6.019 ms localhost
GET /styles.css 200 [17/Jan/2025:13:07:15 +0000] - 15.012 ms localhost
GET /main.js 200 [17/Jan/2025:13:07:15 +0000] - 25.605 ms localhost
GET /styles.css.map 200 [17/Jan/2025:13:07:15 +0000] - 9.534 ms localhost
GET /@fs/C:/Users/USER/Desktop/BroCampTasks/Angular_Project/frontend/node_modules/vite/dist/client/env.mjs 304 [17/Jan/2025:13:07:15 +0000] - 6.716 ms localhost
GET /@fs/C:/Users/USER/Desktop/BroCampTasks/Angular_Project/frontend/.angular/cache/18.2.11/frontend/vite/deps/chunk-PLMZ7O3F.js.map 304 [17/Jan/2025:13:07:16 +0000] - 41.091 ms localhost
GET /@fs/C:/Users/USER/Desktop/BroCampTasks/Angular_Project/frontend/.angular/cache/18.2.11/frontend/vite/deps/chunk-J2M542RS.js.map 304 [17/Jan/2025:13:07:16 +0000] - 523.723 ms localhost
GET /@fs/C:/Users/USER/Desktop/BroCampTasks/Angular_Project/frontend/.angular/cache/18.2.11/frontend/vite/deps/chunk-SD63G7YN.js.map 304 [17/Jan/2025:13:07:17 +0000] - 718.378 ms localhost
GET /favicon.ico 304 [17/Jan/2025:13:07:17 +0000] - 370.492 ms localhost
GET /@fs/C:/Users/USER/Desktop/BroCampTasks/Angular_Project/frontend/.angular/cache/18.2.11/frontend/vite/deps/@angular_platform-browser.js.map 304 [17/Jan/2025:13:07:17 +0000] - 914.702 ms localhost
GET /@fs/C:/Users/USER/Desktop/BroCampTasks/Angular_Project/frontend/.angular/cache/18.2.11/frontend/vite/deps/chunk-FDUYSLZ7.js.map 304 [17/Jan/2025:13:07:17 +0000] - 1001.522 ms localhost
GET /@fs/C:/Users/USER/Desktop/BroCampTasks/Angular_Project/frontend/.angular/cache/18.2.11/frontend/vite/deps/@angular_core.js.map 304 [17/Jan/2025:13:07:17 +0000] - 485.298 ms localhost
GET /@fs/C:/Users/USER/Desktop/BroCampTasks/Angular_Project/frontend/.angular/cache/18.2.11/frontend/vite/deps/chunk-PF6LNL77.js.map 304 [17/Jan/2025:13:07:17 +0000] - 495.785 ms localhost
GET /@fs/C:/Users/USER/Desktop/BroCampTasks/Angular_Project/frontend/.angular/cache/18.2.11/frontend/vite/deps/@angular_common_http.js.map 304 [17/Jan/2025:13:07:17 +0000] - 212.499 ms localhost
GET /@fs/C:/Users/USER/Desktop/BroCampTasks/Angular_Project/frontend/.angular/cache/18.2.11/frontend/vite/deps/rxjs.js.map 304 [17/Jan/2025:13:07:17 +0000] - 111.738 ms localhost
GET /@fs/C:/Users/USER/Desktop/BroCampTasks/Angular_Project/frontend/.angular/cache/18.2.11/frontend/vite/deps/@angular_common.js.map 304 [17/Jan/2025:13:07:17 +0000] - 109.713 ms localhost
GET /login.component.css.map 200 [17/Jan/2025:13:07:17 +0000] - 5.116 ms localhost
GET /@fs/C:/Users/USER/Desktop/BroCampTasks/Angular_Project/frontend/.angular/cache/18.2.11/frontend/vite/deps/@angular_router.js.map 304 [17/Jan/2025:13:07:17 +0000] - 39.234 ms localhost
GET /@fs/C:/Users/USER/Desktop/BroCampTasks/Angular_Project/frontend/.angular/cache/18.2.11/frontend/vite/deps/@angular_forms.js.map 304 [17/Jan/2025:13:07:17 +0000] - 48.340 ms localhost
GET / - [17/Jan/2025:13:11:15 +0000] - - ms localhost
GET /login 200 [17/Jan/2025:13:30:54 +0000] - 101.022 ms localhost
GET /@vite/client 304 [17/Jan/2025:13:30:55 +0000] - 5.571 ms localhost
GET /styles.css 200 [17/Jan/2025:13:30:55 +0000] - 5.436 ms localhost
GET /polyfills.js 304 [17/Jan/2025:13:30:55 +0000] - 4.184 ms localhost
GET /main.js 200 [17/Jan/2025:13:30:55 +0000] - 14.831 ms localhost
GET /@fs/C:/Users/USER/Desktop/BroCampTasks/Angular_Project/frontend/node_modules/vite/dist/client/env.mjs 304 [17/Jan/2025:13:30:55 +0000] - 3.388 ms localhost
GET /styles.css.map 200 [17/Jan/2025:13:30:56 +0000] - 8.471 ms localhost
GET /@fs/C:/Users/USER/Desktop/BroCampTasks/Angular_Project/frontend/.angular/cache/18.2.11/frontend/vite/deps/@angular_platform-browser.js.map 304 [17/Jan/2025:13:30:56 +0000] - 13.722 ms localhost
GET /@fs/C:/Users/USER/Desktop/BroCampTasks/Angular_Project/frontend/.angular/cache/18.2.11/frontend/vite/deps/chunk-SD63G7YN.js.map 304 [17/Jan/2025:13:30:56 +0000] - 11.770 ms localhost
GET /@fs/C:/Users/USER/Desktop/BroCampTasks/Angular_Project/frontend/.angular/cache/18.2.11/frontend/vite/deps/chunk-PLMZ7O3F.js.map 304 [17/Jan/2025:13:30:56 +0000] - 16.008 ms localhost
GET /@fs/C:/Users/USER/Desktop/BroCampTasks/Angular_Project/frontend/.angular/cache/18.2.11/frontend/vite/deps/chunk-J2M542RS.js.map 304 [17/Jan/2025:13:30:56 +0000] - 22.182 ms localhost
GET /@fs/C:/Users/USER/Desktop/BroCampTasks/Angular_Project/frontend/.angular/cache/18.2.11/frontend/vite/deps/chunk-PF6LNL77.js.map 304 [17/Jan/2025:13:30:56 +0000] - 19.431 ms localhost
GET /@fs/C:/Users/USER/Desktop/BroCampTasks/Angular_Project/frontend/.angular/cache/18.2.11/frontend/vite/deps/@angular_core.js.map 304 [17/Jan/2025:13:30:56 +0000] - 15.722 ms localhost
GET /@fs/C:/Users/USER/Desktop/BroCampTasks/Angular_Project/frontend/.angular/cache/18.2.11/frontend/vite/deps/chunk-FDUYSLZ7.js.map 304 [17/Jan/2025:13:30:56 +0000] - 60.903 ms localhost
GET /@fs/C:/Users/USER/Desktop/BroCampTasks/Angular_Project/frontend/.angular/cache/18.2.11/frontend/vite/deps/@angular_router.js.map 304 [17/Jan/2025:13:30:56 +0000] - 78.763 ms localhost
GET /@fs/C:/Users/USER/Desktop/BroCampTasks/Angular_Project/frontend/.angular/cache/18.2.11/frontend/vite/deps/@angular_common_http.js.map 304 [17/Jan/2025:13:30:56 +0000] - 92.555 ms localhost
GET /@fs/C:/Users/USER/Desktop/BroCampTasks/Angular_Project/frontend/.angular/cache/18.2.11/frontend/vite/deps/rxjs.js.map 304 [17/Jan/2025:13:30:56 +0000] - 86.217 ms localhost
GET /@fs/C:/Users/USER/Desktop/BroCampTasks/Angular_Project/frontend/.angular/cache/18.2.11/frontend/vite/deps/@angular_forms.js.map 304 [17/Jan/2025:13:30:56 +0000] - 92.002 ms localhost
GET /@fs/C:/Users/USER/Desktop/BroCampTasks/Angular_Project/frontend/.angular/cache/18.2.11/frontend/vite/deps/@angular_common.js.map 304 [17/Jan/2025:13:30:56 +0000] - 84.264 ms localhost
GET /login.component.css.map 200 [17/Jan/2025:13:30:57 +0000] - 3.094 ms localhost
GET /favicon.ico 304 [17/Jan/2025:13:30:57 +0000] - 14.624 ms localhost
GET / - [17/Jan/2025:13:34:55 +0000] - - ms localhost
GET /login 200 [17/Jan/2025:13:38:20 +0000] - 199.520 ms localhost
GET /@vite/client 304 [17/Jan/2025:13:38:20 +0000] - 18.075 ms localhost
GET /styles.css 200 [17/Jan/2025:13:38:20 +0000] - 18.445 ms localhost
GET /polyfills.js 304 [17/Jan/2025:13:38:20 +0000] - 29.916 ms localhost
GET /main.js 304 [17/Jan/2025:13:38:20 +0000] - 35.673 ms localhost
GET /styles.css.map 200 [17/Jan/2025:13:38:21 +0000] - 20.613 ms localhost
GET /@fs/C:/Users/USER/Desktop/BroCampTasks/Angular_Project/frontend/node_modules/vite/dist/client/env.mjs 304 [17/Jan/2025:13:38:21 +0000] - 5.237 ms localhost
GET /@fs/C:/Users/USER/Desktop/BroCampTasks/Angular_Project/frontend/.angular/cache/18.2.11/frontend/vite/deps/@angular_platform-browser.js.map 304 [17/Jan/2025:13:38:22 +0000] - 111.427 ms localhost
GET /@fs/C:/Users/USER/Desktop/BroCampTasks/Angular_Project/frontend/.angular/cache/18.2.11/frontend/vite/deps/chunk-SD63G7YN.js.map 304 [17/Jan/2025:13:38:22 +0000] - 215.791 ms localhost
GET /@fs/C:/Users/USER/Desktop/BroCampTasks/Angular_Project/frontend/.angular/cache/18.2.11/frontend/vite/deps/chunk-PF6LNL77.js.map 304 [17/Jan/2025:13:38:22 +0000] - 285.175 ms localhost
GET /@fs/C:/Users/USER/Desktop/BroCampTasks/Angular_Project/frontend/.angular/cache/18.2.11/frontend/vite/deps/chunk-PLMZ7O3F.js.map 304 [17/Jan/2025:13:38:22 +0000] - 319.100 ms localhost
GET /@fs/C:/Users/USER/Desktop/BroCampTasks/Angular_Project/frontend/.angular/cache/18.2.11/frontend/vite/deps/chunk-J2M542RS.js.map 304 [17/Jan/2025:13:38:22 +0000] - 358.229 ms localhost
GET /@fs/C:/Users/USER/Desktop/BroCampTasks/Angular_Project/frontend/.angular/cache/18.2.11/frontend/vite/deps/chunk-FDUYSLZ7.js.map 304 [17/Jan/2025:13:38:22 +0000] - 737.746 ms localhost
GET /@fs/C:/Users/USER/Desktop/BroCampTasks/Angular_Project/frontend/.angular/cache/18.2.11/frontend/vite/deps/@angular_core.js.map 304 [17/Jan/2025:13:38:22 +0000] - 441.776 ms localhost
GET /@fs/C:/Users/USER/Desktop/BroCampTasks/Angular_Project/frontend/.angular/cache/18.2.11/frontend/vite/deps/@angular_common_http.js.map 304 [17/Jan/2025:13:38:22 +0000] - 429.674 ms localhost
GET /@fs/C:/Users/USER/Desktop/BroCampTasks/Angular_Project/frontend/.angular/cache/18.2.11/frontend/vite/deps/rxjs.js.map 304 [17/Jan/2025:13:38:22 +0000] - 429.888 ms localhost
GET /favicon.ico 304 [17/Jan/2025:13:38:22 +0000] - 73.474 ms localhost
GET /@fs/C:/Users/USER/Desktop/BroCampTasks/Angular_Project/frontend/.angular/cache/18.2.11/frontend/vite/deps/@angular_router.js.map 304 [17/Jan/2025:13:38:22 +0000] - 506.393 ms localhost
GET /@fs/C:/Users/USER/Desktop/BroCampTasks/Angular_Project/frontend/.angular/cache/18.2.11/frontend/vite/deps/@angular_forms.js.map 304 [17/Jan/2025:13:38:22 +0000] - 489.140 ms localhost
GET /login.component.css.map 200 [17/Jan/2025:13:38:22 +0000] - 172.923 ms localhost
GET /@fs/C:/Users/USER/Desktop/BroCampTasks/Angular_Project/frontend/.angular/cache/18.2.11/frontend/vite/deps/@angular_common.js.map 304 [17/Jan/2025:13:38:22 +0000] - 189.139 ms localhost
POST /user/login 200 [17/Jan/2025:13:38:29 +0000] - 630.709 ms localhost
GET /layout.component.css.map 200 [17/Jan/2025:13:38:30 +0000] - 3.434 ms localhost
GET /dashboard.component.css.map 200 [17/Jan/2025:13:38:30 +0000] - 17.829 ms localhost
GET /user-events.component.css.map 200 [17/Jan/2025:13:38:32 +0000] - 4.360 ms localhost
GET /event/events/Engagement 304 [17/Jan/2025:13:38:36 +0000] - 618.799 ms localhost
GET /service/uploads/1736873495733_catering.webp 304 [17/Jan/2025:13:38:36 +0000] - 189.941 ms localhost
GET /service/uploads/1736873495734_keralacuisine.jpg 304 [17/Jan/2025:13:38:36 +0000] - 138.098 ms localhost
GET /service/uploads/1735019370511_preweddingshoot.jpeg 304 [17/Jan/2025:13:38:36 +0000] - 253.126 ms localhost
GET /service/uploads/1735019370508_videographyimage.jpg 304 [17/Jan/2025:13:38:36 +0000] - 333.834 ms localhost
GET /service/uploads/1735019370509_videographyimage.jpg 304 [17/Jan/2025:13:38:36 +0000] - 294.820 ms localhost
GET /user-event-details.component.css.map 200 [17/Jan/2025:13:38:36 +0000] - 3.346 ms localhost
GET /service/uploads/1736873495743_chinesecuisine.jpg 304 [17/Jan/2025:13:38:36 +0000] - 71.495 ms localhost
GET /booking/events 304 [17/Jan/2025:13:38:37 +0000] - 768.580 ms localhost
GET /service/uploads/1736873495747_platedservice.jpeg 304 [17/Jan/2025:13:38:37 +0000] - 325.838 ms localhost
GET /service/uploads/1736875562962_artifitial%20decor1.jpg 304 [17/Jan/2025:13:38:37 +0000] - 293.770 ms localhost
GET /service/uploads/1736875562985_natural%20decor1.jpg 304 [17/Jan/2025:13:38:37 +0000] - 257.815 ms localhost
GET /service/uploads/1736875563014_artifitial%20decor6.jpg 304 [17/Jan/2025:13:38:37 +0000] - 130.688 ms localhost
GET /booking/events/service/Marriage 304 [17/Jan/2025:13:38:42 +0000] - 142.065 ms localhost
GET / - [17/Jan/2025:13:42:21 +0000] - - ms localhost
GET /events/details 200 [17/Jan/2025:13:55:51 +0000] - 184.402 ms localhost
GET /@vite/client 304 [17/Jan/2025:13:55:54 +0000] - 10.582 ms localhost
GET /styles.css 200 [17/Jan/2025:13:55:54 +0000] - 6.276 ms localhost
GET /polyfills.js 304 [17/Jan/2025:13:55:55 +0000] - 3.249 ms localhost
GET /main.js 200 [17/Jan/2025:13:55:57 +0000] - 81.452 ms localhost
GET /@fs/C:/Users/USER/Desktop/BroCampTasks/Angular_Project/frontend/node_modules/vite/dist/client/env.mjs 304 [17/Jan/2025:13:55:57 +0000] - 165.934 ms localhost
GET /styles.css.map 200 [17/Jan/2025:13:56:01 +0000] - 10.478 ms localhost
GET /@fs/C:/Users/USER/Desktop/BroCampTasks/Angular_Project/frontend/.angular/cache/18.2.11/frontend/vite/deps/@angular_platform-browser.js.map 304 [17/Jan/2025:13:56:03 +0000] - 8.464 ms localhost
GET /@fs/C:/Users/USER/Desktop/BroCampTasks/Angular_Project/frontend/.angular/cache/18.2.11/frontend/vite/deps/chunk-SD63G7YN.js.map 304 [17/Jan/2025:13:56:03 +0000] - 10.579 ms localhost
GET /@fs/C:/Users/USER/Desktop/BroCampTasks/Angular_Project/frontend/.angular/cache/18.2.11/frontend/vite/deps/chunk-J2M542RS.js.map 304 [17/Jan/2025:13:56:03 +0000] - 9.738 ms localhost
GET /@fs/C:/Users/USER/Desktop/BroCampTasks/Angular_Project/frontend/.angular/cache/18.2.11/frontend/vite/deps/chunk-PLMZ7O3F.js.map 304 [17/Jan/2025:13:56:03 +0000] - 20.805 ms localhost
GET /@fs/C:/Users/USER/Desktop/BroCampTasks/Angular_Project/frontend/.angular/cache/18.2.11/frontend/vite/deps/chunk-PF6LNL77.js.map 304 [17/Jan/2025:13:56:03 +0000] - 21.528 ms localhost
GET /@fs/C:/Users/USER/Desktop/BroCampTasks/Angular_Project/frontend/.angular/cache/18.2.11/frontend/vite/deps/@angular_core.js.map 304 [17/Jan/2025:13:56:03 +0000] - 18.546 ms localhost
GET /@fs/C:/Users/USER/Desktop/BroCampTasks/Angular_Project/frontend/.angular/cache/18.2.11/frontend/vite/deps/chunk-FDUYSLZ7.js.map 304 [17/Jan/2025:13:56:03 +0000] - 95.929 ms localhost
GET /@fs/C:/Users/USER/Desktop/BroCampTasks/Angular_Project/frontend/.angular/cache/18.2.11/frontend/vite/deps/@angular_router.js.map 304 [17/Jan/2025:13:56:03 +0000] - 90.706 ms localhost
GET /@fs/C:/Users/USER/Desktop/BroCampTasks/Angular_Project/frontend/.angular/cache/18.2.11/frontend/vite/deps/@angular_common_http.js.map 304 [17/Jan/2025:13:56:03 +0000] - 81.504 ms localhost
GET /@fs/C:/Users/USER/Desktop/BroCampTasks/Angular_Project/frontend/.angular/cache/18.2.11/frontend/vite/deps/rxjs.js.map 304 [17/Jan/2025:13:56:03 +0000] - 56.960 ms localhost
GET /@fs/C:/Users/USER/Desktop/BroCampTasks/Angular_Project/frontend/.angular/cache/18.2.11/frontend/vite/deps/@angular_common.js.map 304 [17/Jan/2025:13:56:03 +0000] - 40.438 ms localhost
GET /@fs/C:/Users/USER/Desktop/BroCampTasks/Angular_Project/frontend/.angular/cache/18.2.11/frontend/vite/deps/@angular_forms.js.map 304 [17/Jan/2025:13:56:03 +0000] - 50.176 ms localhost
GET /events/login.component.css.map 404 [17/Jan/2025:13:56:03 +0000] - 8.667 ms localhost
GET /favicon.ico 304 [17/Jan/2025:13:56:03 +0000] - 5.409 ms localhost
GET / - [17/Jan/2025:13:59:58 +0000] - - ms localhost
POST /user/login 200 [17/Jan/2025:14:00:38 +0000] - 583.606 ms localhost
GET /events/layout.component.css.map 404 [17/Jan/2025:14:00:38 +0000] - 44.770 ms localhost
GET /events/dashboard.component.css.map 404 [17/Jan/2025:14:00:38 +0000] - 43.014 ms localhost
GET /events/user-events.component.css.map 404 [17/Jan/2025:14:01:35 +0000] - 8.083 ms localhost
GET /event/events/Marriage 200 [17/Jan/2025:14:01:38 +0000] - 553.078 ms localhost
GET /booking/events 401 [17/Jan/2025:14:01:38 +0000] - 101.769 ms localhost
GET /events/user-event-details.component.css.map 404 [17/Jan/2025:14:01:38 +0000] - 126.753 ms localhost
GET /service/uploads/1735019370511_preweddingshoot.jpeg 401 [17/Jan/2025:14:01:38 +0000] - 132.389 ms localhost
GET /service/uploads/1735019370509_videographyimage.jpg 401 [17/Jan/2025:14:01:38 +0000] - 41.262 ms localhost
GET /service/uploads/1736873495734_keralacuisine.jpg 401 [17/Jan/2025:14:01:38 +0000] - 46.929 ms localhost
GET /service/uploads/1735019370508_videographyimage.jpg 401 [17/Jan/2025:14:01:38 +0000] - 86.339 ms localhost
GET /service/uploads/1736873495733_catering.webp 401 [17/Jan/2025:14:01:38 +0000] - 52.865 ms localhost
GET /service/uploads/1736873495743_chinesecuisine.jpg 401 [17/Jan/2025:14:01:39 +0000] - 43.004 ms localhost
GET /service/uploads/1736873495747_platedservice.jpeg 401 [17/Jan/2025:14:01:39 +0000] - 154.112 ms localhost
GET /service/uploads/1736875562962_artifitial%20decor1.jpg 401 [17/Jan/2025:14:01:39 +0000] - 49.979 ms localhost
GET /service/uploads/1736875562985_natural%20decor1.jpg 401 [17/Jan/2025:14:01:39 +0000] - 57.941 ms localhost
GET /service/uploads/1736875563014_artifitial%20decor6.jpg 401 [17/Jan/2025:14:01:39 +0000] - 52.230 ms localhost
GET /user/token/refresh 200 [17/Jan/2025:14:01:39 +0000] - 116.503 ms localhost
GET /booking/events 304 [17/Jan/2025:14:01:39 +0000] - 189.595 ms localhost
GET /booking/events/service/Marriage 304 [17/Jan/2025:14:01:45 +0000] - 107.229 ms localhost
GET /events/user-services.component.css.map 404 [17/Jan/2025:14:01:56 +0000] - 6.702 ms localhost
GET /service/uploads/ 400 [17/Jan/2025:14:01:56 +0000] - 389.993 ms localhost
GET /service/services?isApproved=true 304 [17/Jan/2025:14:01:56 +0000] - 640.058 ms localhost
GET /service/name/Decor 304 [17/Jan/2025:14:01:59 +0000] - 129.233 ms localhost
GET /service/uploads/1736875562962_artifitial%20decor1.jpg 304 [17/Jan/2025:14:01:59 +0000] - 94.961 ms localhost
GET /service/uploads/1736875562985_natural%20decor1.jpg 304 [17/Jan/2025:14:01:59 +0000] - 73.927 ms localhost
GET /service/uploads/1736875563014_artifitial%20decor6.jpg 304 [17/Jan/2025:14:01:59 +0000] - 54.857 ms localhost
GET /events/user-service-details.component.css.map 404 [17/Jan/2025:14:01:59 +0000] - 9.414 ms localhost
GET /events/user-events.component.css.map 404 [17/Jan/2025:14:02:02 +0000] - 4.812 ms localhost
GET /event/events/Marriage 304 [17/Jan/2025:14:02:04 +0000] - 104.845 ms localhost
GET /booking/events 304 [17/Jan/2025:14:02:04 +0000] - 52.664 ms localhost
GET /service/uploads/1735019370508_videographyimage.jpg 304 [17/Jan/2025:14:02:05 +0000] - 444.185 ms localhost
GET /service/uploads/1735019370509_videographyimage.jpg 304 [17/Jan/2025:14:02:05 +0000] - 421.833 ms localhost
GET /service/uploads/1735019370511_preweddingshoot.jpeg 304 [17/Jan/2025:14:02:05 +0000] - 350.294 ms localhost
GET /service/uploads/1736873495733_catering.webp 304 [17/Jan/2025:14:02:05 +0000] - 197.229 ms localhost
GET /service/uploads/1736873495734_keralacuisine.jpg 304 [17/Jan/2025:14:02:05 +0000] - 143.234 ms localhost
GET /service/uploads/1736873495743_chinesecuisine.jpg 304 [17/Jan/2025:14:02:05 +0000] - 108.045 ms localhost
GET /events/user-event-details.component.css.map 404 [17/Jan/2025:14:02:05 +0000] - 6.047 ms localhost
GET /service/uploads/1736873495747_platedservice.jpeg 304 [17/Jan/2025:14:02:05 +0000] - 57.414 ms localhost
GET /booking/events/service/Engagement 304 [17/Jan/2025:14:02:14 +0000] - 85.593 ms localhost
GET /events/details 200 [17/Jan/2025:14:21:27 +0000] - 388.736 ms localhost
GET /styles.css 200 [17/Jan/2025:14:21:29 +0000] - 174.100 ms localhost
GET /@vite/client 304 [17/Jan/2025:14:21:29 +0000] - 181.088 ms localhost
GET /main.js 200 [17/Jan/2025:14:21:29 +0000] - 615.574 ms localhost
GET /polyfills.js 304 [17/Jan/2025:14:21:29 +0000] - 536.844 ms localhost
GET /@fs/C:/Users/USER/Desktop/BroCampTasks/Angular_Project/frontend/node_modules/vite/dist/client/env.mjs 304 [17/Jan/2025:14:21:38 +0000] - 4.289 ms localhost
GET /styles.css.map 200 [17/Jan/2025:14:21:49 +0000] - 10.401 ms localhost
GET /@fs/C:/Users/USER/Desktop/BroCampTasks/Angular_Project/frontend/.angular/cache/18.2.11/frontend/vite/deps/@angular_platform-browser.js.map 304 [17/Jan/2025:14:21:49 +0000] - 19.405 ms localhost
GET /@fs/C:/Users/USER/Desktop/BroCampTasks/Angular_Project/frontend/.angular/cache/18.2.11/frontend/vite/deps/chunk-SD63G7YN.js.map 304 [17/Jan/2025:14:21:49 +0000] - 18.642 ms localhost
GET /@fs/C:/Users/USER/Desktop/BroCampTasks/Angular_Project/frontend/.angular/cache/18.2.11/frontend/vite/deps/chunk-J2M542RS.js.map 304 [17/Jan/2025:14:21:49 +0000] - 22.829 ms localhost
GET /@fs/C:/Users/USER/Desktop/BroCampTasks/Angular_Project/frontend/.angular/cache/18.2.11/frontend/vite/deps/chunk-PLMZ7O3F.js.map 304 [17/Jan/2025:14:21:49 +0000] - 38.993 ms localhost
GET /@fs/C:/Users/USER/Desktop/BroCampTasks/Angular_Project/frontend/.angular/cache/18.2.11/frontend/vite/deps/chunk-FDUYSLZ7.js.map 304 [17/Jan/2025:14:21:49 +0000] - 110.188 ms localhost
GET /@fs/C:/Users/USER/Desktop/BroCampTasks/Angular_Project/frontend/.angular/cache/18.2.11/frontend/vite/deps/@angular_core.js.map 304 [17/Jan/2025:14:21:49 +0000] - 109.774 ms localhost
GET /@fs/C:/Users/USER/Desktop/BroCampTasks/Angular_Project/frontend/.angular/cache/18.2.11/frontend/vite/deps/chunk-PF6LNL77.js.map 304 [17/Jan/2025:14:21:49 +0000] - 128.693 ms localhost
GET /@fs/C:/Users/USER/Desktop/BroCampTasks/Angular_Project/frontend/.angular/cache/18.2.11/frontend/vite/deps/@angular_router.js.map 304 [17/Jan/2025:14:21:49 +0000] - 122.203 ms localhost
GET /@fs/C:/Users/USER/Desktop/BroCampTasks/Angular_Project/frontend/.angular/cache/18.2.11/frontend/vite/deps/rxjs.js.map 304 [17/Jan/2025:14:21:49 +0000] - 109.257 ms localhost
GET /@fs/C:/Users/USER/Desktop/BroCampTasks/Angular_Project/frontend/.angular/cache/18.2.11/frontend/vite/deps/@angular_common_http.js.map 304 [17/Jan/2025:14:21:49 +0000] - 125.946 ms localhost
GET /@fs/C:/Users/USER/Desktop/BroCampTasks/Angular_Project/frontend/.angular/cache/18.2.11/frontend/vite/deps/@angular_forms.js.map 304 [17/Jan/2025:14:21:49 +0000] - 44.564 ms localhost
GET /@fs/C:/Users/USER/Desktop/BroCampTasks/Angular_Project/frontend/.angular/cache/18.2.11/frontend/vite/deps/@angular_common.js.map 304 [17/Jan/2025:14:21:49 +0000] - 39.430 ms localhost
GET /events/login.component.css.map 404 [17/Jan/2025:14:21:50 +0000] - 12.915 ms localhost
GET /favicon.ico 304 [17/Jan/2025:14:21:50 +0000] - 7.382 ms localhost
GET / - [17/Jan/2025:14:25:38 +0000] - - ms localhost
GET /login 200 [17/Jan/2025:14:27:02 +0000] - 33.832 ms localhost
GET /@vite/client 304 [17/Jan/2025:14:27:02 +0000] - 3.834 ms localhost
GET /styles.css 200 [17/Jan/2025:14:27:04 +0000] - 6.561 ms localhost
GET /polyfills.js 304 [17/Jan/2025:14:27:04 +0000] - 4.480 ms localhost
GET /main.js 200 [17/Jan/2025:14:27:04 +0000] - 34.777 ms localhost
GET /@fs/C:/Users/USER/Desktop/BroCampTasks/Angular_Project/frontend/node_modules/vite/dist/client/env.mjs 304 [17/Jan/2025:14:27:05 +0000] - 18.869 ms localhost
GET /@fs/C:/Users/USER/Desktop/BroCampTasks/Angular_Project/frontend/.angular/cache/18.2.11/frontend/vite/deps/@angular_platform-browser.js.map 304 [17/Jan/2025:14:27:06 +0000] - 15.920 ms localhost
GET /@fs/C:/Users/USER/Desktop/BroCampTasks/Angular_Project/frontend/.angular/cache/18.2.11/frontend/vite/deps/chunk-SD63G7YN.js.map 304 [17/Jan/2025:14:27:06 +0000] - 22.998 ms localhost
GET /@fs/C:/Users/USER/Desktop/BroCampTasks/Angular_Project/frontend/.angular/cache/18.2.11/frontend/vite/deps/chunk-J2M542RS.js.map 304 [17/Jan/2025:14:27:06 +0000] - 28.647 ms localhost
GET /@fs/C:/Users/USER/Desktop/BroCampTasks/Angular_Project/frontend/.angular/cache/18.2.11/frontend/vite/deps/chunk-PLMZ7O3F.js.map 304 [17/Jan/2025:14:27:06 +0000] - 33.702 ms localhost
GET /@fs/C:/Users/USER/Desktop/BroCampTasks/Angular_Project/frontend/.angular/cache/18.2.11/frontend/vite/deps/chunk-FDUYSLZ7.js.map 304 [17/Jan/2025:14:27:07 +0000] - 118.820 ms localhost
GET /@fs/C:/Users/USER/Desktop/BroCampTasks/Angular_Project/frontend/.angular/cache/18.2.11/frontend/vite/deps/@angular_core.js.map 304 [17/Jan/2025:14:27:07 +0000] - 111.889 ms localhost
GET /@fs/C:/Users/USER/Desktop/BroCampTasks/Angular_Project/frontend/.angular/cache/18.2.11/frontend/vite/deps/chunk-PF6LNL77.js.map 304 [17/Jan/2025:14:27:07 +0000] - 132.807 ms localhost
GET /@fs/C:/Users/USER/Desktop/BroCampTasks/Angular_Project/frontend/.angular/cache/18.2.11/frontend/vite/deps/@angular_router.js.map 304 [17/Jan/2025:14:27:07 +0000] - 43.837 ms localhost
GET /@fs/C:/Users/USER/Desktop/BroCampTasks/Angular_Project/frontend/.angular/cache/18.2.11/frontend/vite/deps/@angular_common_http.js.map 304 [17/Jan/2025:14:27:07 +0000] - 40.138 ms localhost
GET /@fs/C:/Users/USER/Desktop/BroCampTasks/Angular_Project/frontend/.angular/cache/18.2.11/frontend/vite/deps/rxjs.js.map 304 [17/Jan/2025:14:27:07 +0000] - 67.344 ms localhost
GET /@fs/C:/Users/USER/Desktop/BroCampTasks/Angular_Project/frontend/.angular/cache/18.2.11/frontend/vite/deps/@angular_common.js.map 304 [17/Jan/2025:14:27:07 +0000] - 44.499 ms localhost
GET /@fs/C:/Users/USER/Desktop/BroCampTasks/Angular_Project/frontend/.angular/cache/18.2.11/frontend/vite/deps/@angular_forms.js.map 304 [17/Jan/2025:14:27:07 +0000] - 60.826 ms localhost
GET /login.component.css.map 200 [17/Jan/2025:14:27:07 +0000] - 3.586 ms localhost
GET /styles.css.map 200 [17/Jan/2025:14:27:07 +0000] - 8.721 ms localhost
GET /favicon.ico 304 [17/Jan/2025:14:27:07 +0000] - 6.239 ms localhost
GET / - [17/Jan/2025:14:31:05 +0000] - - ms localhost
GET /login 200 [17/Jan/2025:14:31:41 +0000] - 79.715 ms localhost
GET /@vite/client 304 [17/Jan/2025:14:31:42 +0000] - 5.408 ms localhost
GET /styles.css 200 [17/Jan/2025:14:31:42 +0000] - 8.456 ms localhost
GET /polyfills.js 304 [17/Jan/2025:14:31:42 +0000] - 4.221 ms localhost
GET /main.js 200 [17/Jan/2025:14:31:42 +0000] - 46.172 ms localhost
GET /@fs/C:/Users/USER/Desktop/BroCampTasks/Angular_Project/frontend/node_modules/vite/dist/client/env.mjs 304 [17/Jan/2025:14:31:43 +0000] - 3.334 ms localhost
GET /@fs/C:/Users/USER/Desktop/BroCampTasks/Angular_Project/frontend/.angular/cache/18.2.11/frontend/vite/deps/chunk-J2M542RS.js.map 304 [17/Jan/2025:14:31:46 +0000] - 22.327 ms localhost
GET /@fs/C:/Users/USER/Desktop/BroCampTasks/Angular_Project/frontend/.angular/cache/18.2.11/frontend/vite/deps/chunk-SD63G7YN.js.map 304 [17/Jan/2025:14:31:46 +0000] - 40.308 ms localhost
GET /@fs/C:/Users/USER/Desktop/BroCampTasks/Angular_Project/frontend/.angular/cache/18.2.11/frontend/vite/deps/@angular_platform-browser.js.map 304 [17/Jan/2025:14:31:46 +0000] - 30.283 ms localhost
GET /@fs/C:/Users/USER/Desktop/BroCampTasks/Angular_Project/frontend/.angular/cache/18.2.11/frontend/vite/deps/chunk-PLMZ7O3F.js.map 304 [17/Jan/2025:14:31:46 +0000] - 31.926 ms localhost
GET /@fs/C:/Users/USER/Desktop/BroCampTasks/Angular_Project/frontend/.angular/cache/18.2.11/frontend/vite/deps/chunk-FDUYSLZ7.js.map 304 [17/Jan/2025:14:31:46 +0000] - 138.427 ms localhost
GET /@fs/C:/Users/USER/Desktop/BroCampTasks/Angular_Project/frontend/.angular/cache/18.2.11/frontend/vite/deps/chunk-PF6LNL77.js.map 304 [17/Jan/2025:14:31:46 +0000] - 144.897 ms localhost
GET /@fs/C:/Users/USER/Desktop/BroCampTasks/Angular_Project/frontend/.angular/cache/18.2.11/frontend/vite/deps/@angular_core.js.map 304 [17/Jan/2025:14:31:46 +0000] - 134.593 ms localhost
GET /@fs/C:/Users/USER/Desktop/BroCampTasks/Angular_Project/frontend/.angular/cache/18.2.11/frontend/vite/deps/@angular_router.js.map 304 [17/Jan/2025:14:31:46 +0000] - 142.141 ms localhost
GET /@fs/C:/Users/USER/Desktop/BroCampTasks/Angular_Project/frontend/.angular/cache/18.2.11/frontend/vite/deps/@angular_common_http.js.map 304 [17/Jan/2025:14:31:46 +0000] - 154.071 ms localhost
GET /@fs/C:/Users/USER/Desktop/BroCampTasks/Angular_Project/frontend/.angular/cache/18.2.11/frontend/vite/deps/rxjs.js.map 304 [17/Jan/2025:14:31:46 +0000] - 106.592 ms localhost
GET /@fs/C:/Users/USER/Desktop/BroCampTasks/Angular_Project/frontend/.angular/cache/18.2.11/frontend/vite/deps/@angular_common.js.map 304 [17/Jan/2025:14:31:46 +0000] - 45.275 ms localhost
GET /@fs/C:/Users/USER/Desktop/BroCampTasks/Angular_Project/frontend/.angular/cache/18.2.11/frontend/vite/deps/@angular_forms.js.map 304 [17/Jan/2025:14:31:46 +0000] - 64.731 ms localhost
GET /styles.css.map 200 [17/Jan/2025:14:31:46 +0000] - 5.422 ms localhost
GET /login.component.css.map 200 [17/Jan/2025:14:31:46 +0000] - 3.257 ms localhost
GET /favicon.ico 304 [17/Jan/2025:14:31:46 +0000] - 3.503 ms localhost
GET /login 200 [17/Jan/2025:14:33:20 +0000] - 10.956 ms localhost
GET / - [17/Jan/2025:14:33:20 +0000] - - ms localhost
GET /@vite/client 304 [17/Jan/2025:14:33:20 +0000] - 7.407 ms localhost
GET /styles.css 200 [17/Jan/2025:14:33:20 +0000] - 7.866 ms localhost
GET /polyfills.js 304 [17/Jan/2025:14:33:20 +0000] - 11.893 ms localhost
GET /main.js 304 [17/Jan/2025:14:33:20 +0000] - 12.829 ms localhost
GET /styles.css.map 200 [17/Jan/2025:14:33:20 +0000] - 4.056 ms localhost
GET /@fs/C:/Users/USER/Desktop/BroCampTasks/Angular_Project/frontend/node_modules/vite/dist/client/env.mjs 304 [17/Jan/2025:14:33:20 +0000] - 7.717 ms localhost
GET /@fs/C:/Users/USER/Desktop/BroCampTasks/Angular_Project/frontend/.angular/cache/18.2.11/frontend/vite/deps/@angular_core.js.map 304 [17/Jan/2025:14:33:21 +0000] - 14.020 ms localhost
GET /@fs/C:/Users/USER/Desktop/BroCampTasks/Angular_Project/frontend/.angular/cache/18.2.11/frontend/vite/deps/@angular_platform-browser.js.map 304 [17/Jan/2025:14:33:21 +0000] - 16.793 ms localhost
GET /@fs/C:/Users/USER/Desktop/BroCampTasks/Angular_Project/frontend/.angular/cache/18.2.11/frontend/vite/deps/@angular_common.js.map 304 [17/Jan/2025:14:33:21 +0000] - 7.880 ms localhost
GET /@fs/C:/Users/USER/Desktop/BroCampTasks/Angular_Project/frontend/.angular/cache/18.2.11/frontend/vite/deps/chunk-J2M542RS.js.map 304 [17/Jan/2025:14:33:21 +0000] - 22.995 ms localhost
GET /@fs/C:/Users/USER/Desktop/BroCampTasks/Angular_Project/frontend/.angular/cache/18.2.11/frontend/vite/deps/chunk-SD63G7YN.js.map 304 [17/Jan/2025:14:33:21 +0000] - 25.208 ms localhost
GET /@fs/C:/Users/USER/Desktop/BroCampTasks/Angular_Project/frontend/.angular/cache/18.2.11/frontend/vite/deps/chunk-PLMZ7O3F.js.map 304 [17/Jan/2025:14:33:21 +0000] - 35.865 ms localhost
GET /@fs/C:/Users/USER/Desktop/BroCampTasks/Angular_Project/frontend/.angular/cache/18.2.11/frontend/vite/deps/chunk-FDUYSLZ7.js.map 304 [17/Jan/2025:14:33:21 +0000] - 109.998 ms localhost
GET /@fs/C:/Users/USER/Desktop/BroCampTasks/Angular_Project/frontend/.angular/cache/18.2.11/frontend/vite/deps/rxjs.js.map 304 [17/Jan/2025:14:33:21 +0000] - 27.394 ms localhost
GET /@fs/C:/Users/USER/Desktop/BroCampTasks/Angular_Project/frontend/.angular/cache/18.2.11/frontend/vite/deps/@angular_common_http.js.map 304 [17/Jan/2025:14:33:21 +0000] - 27.622 ms localhost
GET /@fs/C:/Users/USER/Desktop/BroCampTasks/Angular_Project/frontend/.angular/cache/18.2.11/frontend/vite/deps/chunk-PF6LNL77.js.map 304 [17/Jan/2025:14:33:21 +0000] - 40.971 ms localhost
GET /@fs/C:/Users/USER/Desktop/BroCampTasks/Angular_Project/frontend/.angular/cache/18.2.11/frontend/vite/deps/@angular_router.js.map 304 [17/Jan/2025:14:33:21 +0000] - 46.082 ms localhost
GET /@fs/C:/Users/USER/Desktop/BroCampTasks/Angular_Project/frontend/.angular/cache/18.2.11/frontend/vite/deps/@angular_forms.js.map 304 [17/Jan/2025:14:33:21 +0000] - 49.494 ms localhost
GET /login.component.css.map 200 [17/Jan/2025:14:33:21 +0000] - 3.390 ms localhost
GET /favicon.ico 304 [17/Jan/2025:14:33:21 +0000] - 3.317 ms localhost
POST /user/login 200 [17/Jan/2025:14:33:29 +0000] - 309.929 ms localhost
GET /layout.component.css.map 200 [17/Jan/2025:14:33:29 +0000] - 4.617 ms localhost
GET /dashboard.component.css.map 200 [17/Jan/2025:14:33:29 +0000] - 9.891 ms localhost
GET /user-events.component.css.map 200 [17/Jan/2025:14:33:32 +0000] - 6.583 ms localhost
GET /event/events/Engagement 304 [17/Jan/2025:14:33:38 +0000] - 337.509 ms localhost
GET /booking/events 304 [17/Jan/2025:14:33:38 +0000] - 236.184 ms localhost
GET /user-event-details.component.css.map 200 [17/Jan/2025:14:33:39 +0000] - 5.924 ms localhost
GET /service/uploads/1735019370509_videographyimage.jpg 304 [17/Jan/2025:14:33:39 +0000] - 170.875 ms localhost
GET /service/uploads/1735019370511_preweddingshoot.jpeg 304 [17/Jan/2025:14:33:39 +0000] - 192.929 ms localhost
GET /service/uploads/1735019370508_videographyimage.jpg 304 [17/Jan/2025:14:33:39 +0000] - 145.748 ms localhost
GET /service/uploads/1736873495734_keralacuisine.jpg 304 [17/Jan/2025:14:33:39 +0000] - 127.920 ms localhost
GET /service/uploads/1736873495733_catering.webp 304 [17/Jan/2025:14:33:39 +0000] - 75.583 ms localhost
GET /service/uploads/1736873495743_chinesecuisine.jpg 304 [17/Jan/2025:14:33:39 +0000] - 31.426 ms localhost
GET /service/uploads/1736873495747_platedservice.jpeg 304 [17/Jan/2025:14:33:39 +0000] - 79.190 ms localhost
GET /service/uploads/1736875562985_natural%20decor1.jpg 304 [17/Jan/2025:14:33:39 +0000] - 65.850 ms localhost
GET /service/uploads/1736875563014_artifitial%20decor6.jpg 304 [17/Jan/2025:14:33:39 +0000] - 53.458 ms localhost
GET /service/uploads/1736875562962_artifitial%20decor1.jpg 304 [17/Jan/2025:14:33:39 +0000] - 46.283 ms localhost
GET /booking/events/service/Marriage 401 [17/Jan/2025:14:35:39 +0000] - 39.955 ms localhost
GET /user/token/refresh 304 [17/Jan/2025:14:35:39 +0000] - 58.046 ms localhost
GET /booking/events/service/Marriage 304 [17/Jan/2025:14:35:39 +0000] - 144.888 ms localhost
GET / - [17/Jan/2025:14:37:20 +0000] - - ms localhost
GET /service/services?isApproved=true 401 [17/Jan/2025:14:37:25 +0000] - 31.241 ms localhost
GET /service/uploads/ 401 [17/Jan/2025:14:37:25 +0000] - 22.205 ms localhost
GET /user-services.component.css.map 200 [17/Jan/2025:14:37:25 +0000] - 3.305 ms localhost
GET /user/token/refresh 304 [17/Jan/2025:14:37:25 +0000] - 62.165 ms localhost
GET /service/services?isApproved=true 304 [17/Jan/2025:14:37:25 +0000] - 211.956 ms localhost
GET /service/name/Decor 304 [17/Jan/2025:14:37:28 +0000] - 126.548 ms localhost
GET /user-service-details.component.css.map 200 [17/Jan/2025:14:37:28 +0000] - 4.056 ms localhost
GET /booking/service/Decor/673ac7d8306657184e800578 200 [17/Jan/2025:14:37:31 +0000] - 186.440 ms localhost
GET /user-events.component.css.map 200 [17/Jan/2025:14:39:25 +0000] - 9.160 ms localhost
GET /event/events/Marriage 401 [17/Jan/2025:14:39:27 +0000] - 32.214 ms localhost
GET /user/token/refresh 304 [17/Jan/2025:14:39:27 +0000] - 46.497 ms localhost
GET /event/events/Marriage 304 [17/Jan/2025:14:39:27 +0000] - 183.166 ms localhost
GET /user-event-details.component.css.map 200 [17/Jan/2025:14:39:28 +0000] - 8.770 ms localhost
GET /booking/events 304 [17/Jan/2025:14:39:28 +0000] - 73.336 ms localhost
GET /booking/events/service/Marriage 304 [17/Jan/2025:14:39:39 +0000] - 83.807 ms localhost
GET /events/details 200 [17/Jan/2025:14:41:41 +0000] - 49.426 ms localhost
GET /@vite/client 304 [17/Jan/2025:14:41:42 +0000] - 7.404 ms localhost
GET /styles.css 200 [17/Jan/2025:14:41:42 +0000] - 20.826 ms localhost
GET /polyfills.js 304 [17/Jan/2025:14:41:42 +0000] - 2.563 ms localhost
GET /main.js 200 [17/Jan/2025:14:41:42 +0000] - 36.346 ms localhost
GET /@fs/C:/Users/USER/Desktop/BroCampTasks/Angular_Project/frontend/node_modules/vite/dist/client/env.mjs 304 [17/Jan/2025:14:41:44 +0000] - 4.047 ms localhost
GET /styles.css.map 200 [17/Jan/2025:14:41:45 +0000] - 7.150 ms localhost
GET /@fs/C:/Users/USER/Desktop/BroCampTasks/Angular_Project/frontend/.angular/cache/18.2.11/frontend/vite/deps/@angular_platform-browser.js.map 304 [17/Jan/2025:14:41:47 +0000] - 5.686 ms localhost
GET /@fs/C:/Users/USER/Desktop/BroCampTasks/Angular_Project/frontend/.angular/cache/18.2.11/frontend/vite/deps/chunk-SD63G7YN.js.map 304 [17/Jan/2025:14:41:47 +0000] - 11.652 ms localhost
GET /@fs/C:/Users/USER/Desktop/BroCampTasks/Angular_Project/frontend/.angular/cache/18.2.11/frontend/vite/deps/chunk-J2M542RS.js.map 304 [17/Jan/2025:14:41:47 +0000] - 10.776 ms localhost
GET /@fs/C:/Users/USER/Desktop/BroCampTasks/Angular_Project/frontend/.angular/cache/18.2.11/frontend/vite/deps/chunk-PLMZ7O3F.js.map 304 [17/Jan/2025:14:41:47 +0000] - 14.189 ms localhost
GET /@fs/C:/Users/USER/Desktop/BroCampTasks/Angular_Project/frontend/.angular/cache/18.2.11/frontend/vite/deps/chunk-FDUYSLZ7.js.map 304 [17/Jan/2025:14:41:47 +0000] - 59.963 ms localhost
GET /@fs/C:/Users/USER/Desktop/BroCampTasks/Angular_Project/frontend/.angular/cache/18.2.11/frontend/vite/deps/chunk-PF6LNL77.js.map 304 [17/Jan/2025:14:41:47 +0000] - 35.650 ms localhost
GET /@fs/C:/Users/USER/Desktop/BroCampTasks/Angular_Project/frontend/.angular/cache/18.2.11/frontend/vite/deps/@angular_core.js.map 304 [17/Jan/2025:14:41:47 +0000] - 24.653 ms localhost
GET /@fs/C:/Users/USER/Desktop/BroCampTasks/Angular_Project/frontend/.angular/cache/18.2.11/frontend/vite/deps/@angular_common_http.js.map 304 [17/Jan/2025:14:41:47 +0000] - 18.751 ms localhost
GET /@fs/C:/Users/USER/Desktop/BroCampTasks/Angular_Project/frontend/.angular/cache/18.2.11/frontend/vite/deps/@angular_router.js.map 304 [17/Jan/2025:14:41:47 +0000] - 31.505 ms localhost
GET /@fs/C:/Users/USER/Desktop/BroCampTasks/Angular_Project/frontend/.angular/cache/18.2.11/frontend/vite/deps/rxjs.js.map 304 [17/Jan/2025:14:41:47 +0000] - 23.499 ms localhost
GET /@fs/C:/Users/USER/Desktop/BroCampTasks/Angular_Project/frontend/.angular/cache/18.2.11/frontend/vite/deps/@angular_forms.js.map 304 [17/Jan/2025:14:41:47 +0000] - 29.627 ms localhost
GET /@fs/C:/Users/USER/Desktop/BroCampTasks/Angular_Project/frontend/.angular/cache/18.2.11/frontend/vite/deps/@angular_common.js.map 304 [17/Jan/2025:14:41:47 +0000] - 24.352 ms localhost
GET /events/login.component.css.map 404 [17/Jan/2025:14:41:48 +0000] - 15.753 ms localhost
GET /favicon.ico 304 [17/Jan/2025:14:41:48 +0000] - 5.867 ms localhost
GET / - [17/Jan/2025:14:45:44 +0000] - - ms localhost
POST /user/login 200 [17/Jan/2025:14:47:30 +0000] - 534.230 ms localhost
GET /events/layout.component.css.map 404 [17/Jan/2025:14:47:30 +0000] - 13.552 ms localhost
GET /events/dashboard.component.css.map 404 [17/Jan/2025:14:47:30 +0000] - 12.071 ms localhost
GET /events/user-events.component.css.map 404 [17/Jan/2025:14:48:20 +0000] - 10.943 ms localhost
GET /event/events/Marriage 304 [17/Jan/2025:14:48:24 +0000] - 536.132 ms localhost
GET /booking/events 304 [17/Jan/2025:14:48:25 +0000] - 314.244 ms localhost
GET /events/user-event-details.component.css.map 404 [17/Jan/2025:14:48:25 +0000] - 10.215 ms localhost
GET /service/uploads/1735019370508_videographyimage.jpg 304 [17/Jan/2025:14:48:25 +0000] - 365.106 ms localhost
GET /service/uploads/1736873495733_catering.webp 304 [17/Jan/2025:14:48:25 +0000] - 302.869 ms localhost
GET /service/uploads/1736873495734_keralacuisine.jpg 304 [17/Jan/2025:14:48:25 +0000] - 252.258 ms localhost
GET /service/uploads/1735019370509_videographyimage.jpg 304 [17/Jan/2025:14:48:25 +0000] - 213.830 ms localhost
GET /service/uploads/1735019370511_preweddingshoot.jpeg 304 [17/Jan/2025:14:48:25 +0000] - 210.442 ms localhost
GET /service/uploads/1736873495743_chinesecuisine.jpg 304 [17/Jan/2025:14:48:25 +0000] - 37.218 ms localhost
GET /service/uploads/1736873495747_platedservice.jpeg 304 [17/Jan/2025:14:48:25 +0000] - 213.001 ms localhost
GET /service/uploads/1736875563014_artifitial%20decor6.jpg 304 [17/Jan/2025:14:48:25 +0000] - 67.578 ms localhost
GET /service/uploads/1736875562962_artifitial%20decor1.jpg 304 [17/Jan/2025:14:48:25 +0000] - 165.678 ms localhost
GET /service/uploads/1736875562985_natural%20decor1.jpg 304 [17/Jan/2025:14:48:25 +0000] - 113.775 ms localhost
GET /booking/events/service/Engagement 401 [17/Jan/2025:14:48:30 +0000] - 67.805 ms localhost
GET /user/token/refresh 304 [17/Jan/2025:14:48:30 +0000] - 77.198 ms localhost
GET /booking/events/service/Engagement 304 [17/Jan/2025:14:48:30 +0000] - 87.381 ms localhost
GET /events/details 200 [17/Jan/2025:14:49:34 +0000] - 33.363 ms localhost
GET /@vite/client 304 [17/Jan/2025:14:49:34 +0000] - 5.075 ms localhost
GET /styles.css 200 [17/Jan/2025:14:49:34 +0000] - 6.165 ms localhost
GET /polyfills.js 304 [17/Jan/2025:14:49:34 +0000] - 4.813 ms localhost
GET /main.js 200 [17/Jan/2025:14:49:34 +0000] - 18.559 ms localhost
GET /@fs/C:/Users/USER/Desktop/BroCampTasks/Angular_Project/frontend/node_modules/vite/dist/client/env.mjs 304 [17/Jan/2025:14:49:34 +0000] - 3.488 ms localhost
GET /styles.css.map 200 [17/Jan/2025:14:49:35 +0000] - 8.366 ms localhost
GET /@fs/C:/Users/USER/Desktop/BroCampTasks/Angular_Project/frontend/.angular/cache/18.2.11/frontend/vite/deps/@angular_platform-browser.js.map 304 [17/Jan/2025:14:49:35 +0000] - 5.705 ms localhost
GET /@fs/C:/Users/USER/Desktop/BroCampTasks/Angular_Project/frontend/.angular/cache/18.2.11/frontend/vite/deps/chunk-SD63G7YN.js.map 304 [17/Jan/2025:14:49:35 +0000] - 8.152 ms localhost
GET /@fs/C:/Users/USER/Desktop/BroCampTasks/Angular_Project/frontend/.angular/cache/18.2.11/frontend/vite/deps/chunk-J2M542RS.js.map 304 [17/Jan/2025:14:49:35 +0000] - 11.234 ms localhost
GET /@fs/C:/Users/USER/Desktop/BroCampTasks/Angular_Project/frontend/.angular/cache/18.2.11/frontend/vite/deps/chunk-PLMZ7O3F.js.map 304 [17/Jan/2025:14:49:35 +0000] - 16.392 ms localhost
GET /@fs/C:/Users/USER/Desktop/BroCampTasks/Angular_Project/frontend/.angular/cache/18.2.11/frontend/vite/deps/chunk-PF6LNL77.js.map 304 [17/Jan/2025:14:49:36 +0000] - 17.552 ms localhost
GET /@fs/C:/Users/USER/Desktop/BroCampTasks/Angular_Project/frontend/.angular/cache/18.2.11/frontend/vite/deps/chunk-FDUYSLZ7.js.map 304 [17/Jan/2025:14:49:36 +0000] - 141.755 ms localhost
GET /@fs/C:/Users/USER/Desktop/BroCampTasks/Angular_Project/frontend/.angular/cache/18.2.11/frontend/vite/deps/@angular_core.js.map 304 [17/Jan/2025:14:49:36 +0000] - 103.579 ms localhost
GET /@fs/C:/Users/USER/Desktop/BroCampTasks/Angular_Project/frontend/.angular/cache/18.2.11/frontend/vite/deps/@angular_router.js.map 304 [17/Jan/2025:14:49:36 +0000] - 111.577 ms localhost
GET /@fs/C:/Users/USER/Desktop/BroCampTasks/Angular_Project/frontend/.angular/cache/18.2.11/frontend/vite/deps/@angular_common_http.js.map 304 [17/Jan/2025:14:49:36 +0000] - 26.303 ms localhost
GET /@fs/C:/Users/USER/Desktop/BroCampTasks/Angular_Project/frontend/.angular/cache/18.2.11/frontend/vite/deps/rxjs.js.map 304 [17/Jan/2025:14:49:36 +0000] - 3.698 ms localhost
GET /@fs/C:/Users/USER/Desktop/BroCampTasks/Angular_Project/frontend/.angular/cache/18.2.11/frontend/vite/deps/@angular_forms.js.map 304 [17/Jan/2025:14:49:36 +0000] - 11.100 ms localhost
GET /@fs/C:/Users/USER/Desktop/BroCampTasks/Angular_Project/frontend/.angular/cache/18.2.11/frontend/vite/deps/@angular_common.js.map 304 [17/Jan/2025:14:49:36 +0000] - 4.983 ms localhost
GET /events/login.component.css.map 404 [17/Jan/2025:14:49:36 +0000] - 4.940 ms localhost
GET /favicon.ico 304 [17/Jan/2025:14:49:37 +0000] - 5.181 ms localhost
GET / - [17/Jan/2025:14:53:35 +0000] - - ms localhost
GET /login 200 [17/Jan/2025:14:54:32 +0000] - 24.149 ms localhost
GET /@vite/client 304 [17/Jan/2025:14:54:32 +0000] - 19.915 ms localhost
GET /styles.css 200 [17/Jan/2025:14:54:32 +0000] - 16.642 ms localhost
GET /polyfills.js 304 [17/Jan/2025:14:54:32 +0000] - 2.910 ms localhost
GET /main.js 200 [17/Jan/2025:14:54:33 +0000] - 13.695 ms localhost
GET /@fs/C:/Users/USER/Desktop/BroCampTasks/Angular_Project/frontend/node_modules/vite/dist/client/env.mjs 304 [17/Jan/2025:14:54:33 +0000] - 3.143 ms localhost
GET /styles.css.map 200 [17/Jan/2025:14:54:33 +0000] - 4.555 ms localhost
GET /@fs/C:/Users/USER/Desktop/BroCampTasks/Angular_Project/frontend/.angular/cache/18.2.11/frontend/vite/deps/@angular_platform-browser.js.map 304 [17/Jan/2025:14:54:34 +0000] - 12.048 ms localhost
GET /@fs/C:/Users/USER/Desktop/BroCampTasks/Angular_Project/frontend/.angular/cache/18.2.11/frontend/vite/deps/chunk-SD63G7YN.js.map 304 [17/Jan/2025:14:54:34 +0000] - 9.287 ms localhost
GET /@fs/C:/Users/USER/Desktop/BroCampTasks/Angular_Project/frontend/.angular/cache/18.2.11/frontend/vite/deps/chunk-J2M542RS.js.map 304 [17/Jan/2025:14:54:34 +0000] - 11.508 ms localhost
GET /@fs/C:/Users/USER/Desktop/BroCampTasks/Angular_Project/frontend/.angular/cache/18.2.11/frontend/vite/deps/chunk-PLMZ7O3F.js.map 304 [17/Jan/2025:14:54:34 +0000] - 16.193 ms localhost
GET /@fs/C:/Users/USER/Desktop/BroCampTasks/Angular_Project/frontend/.angular/cache/18.2.11/frontend/vite/deps/chunk-FDUYSLZ7.js.map 304 [17/Jan/2025:14:54:34 +0000] - 59.713 ms localhost
GET /@fs/C:/Users/USER/Desktop/BroCampTasks/Angular_Project/frontend/.angular/cache/18.2.11/frontend/vite/deps/@angular_common_http.js.map 304 [17/Jan/2025:14:54:34 +0000] - 67.575 ms localhost
GET /@fs/C:/Users/USER/Desktop/BroCampTasks/Angular_Project/frontend/.angular/cache/18.2.11/frontend/vite/deps/@angular_router.js.map 304 [17/Jan/2025:14:54:34 +0000] - 88.642 ms localhost
GET /@fs/C:/Users/USER/Desktop/BroCampTasks/Angular_Project/frontend/.angular/cache/18.2.11/frontend/vite/deps/@angular_core.js.map 304 [17/Jan/2025:14:54:34 +0000] - 99.668 ms localhost
GET /@fs/C:/Users/USER/Desktop/BroCampTasks/Angular_Project/frontend/.angular/cache/18.2.11/frontend/vite/deps/chunk-PF6LNL77.js.map 304 [17/Jan/2025:14:54:34 +0000] - 123.933 ms localhost
GET /@fs/C:/Users/USER/Desktop/BroCampTasks/Angular_Project/frontend/.angular/cache/18.2.11/frontend/vite/deps/rxjs.js.map 304 [17/Jan/2025:14:54:34 +0000] - 14.671 ms localhost
GET /@fs/C:/Users/USER/Desktop/BroCampTasks/Angular_Project/frontend/.angular/cache/18.2.11/frontend/vite/deps/@angular_forms.js.map 304 [17/Jan/2025:14:54:35 +0000] - 25.095 ms localhost
GET /@fs/C:/Users/USER/Desktop/BroCampTasks/Angular_Project/frontend/.angular/cache/18.2.11/frontend/vite/deps/@angular_common.js.map 304 [17/Jan/2025:14:54:35 +0000] - 17.416 ms localhost
GET /login.component.css.map 200 [17/Jan/2025:14:54:35 +0000] - 2.619 ms localhost
GET /favicon.ico 304 [17/Jan/2025:14:54:36 +0000] - 5.313 ms localhost
GET / - [17/Jan/2025:14:58:33 +0000] - - ms localhost
GET /login 200 [17/Jan/2025:15:02:36 +0000] - 183.646 ms localhost
GET /@vite/client 304 [17/Jan/2025:15:02:37 +0000] - 85.488 ms localhost
GET /styles.css 200 [17/Jan/2025:15:02:37 +0000] - 87.021 ms localhost
GET /polyfills.js 304 [17/Jan/2025:15:02:37 +0000] - 109.493 ms localhost
GET /main.js 200 [17/Jan/2025:15:02:37 +0000] - 42.053 ms localhost
GET /styles.css.map 200 [17/Jan/2025:15:02:37 +0000] - 16.615 ms localhost
GET /@fs/C:/Users/USER/Desktop/BroCampTasks/Angular_Project/frontend/node_modules/vite/dist/client/env.mjs 304 [17/Jan/2025:15:02:37 +0000] - 5.557 ms localhost
GET /@fs/C:/Users/USER/Desktop/BroCampTasks/Angular_Project/frontend/.angular/cache/18.2.11/frontend/vite/deps/chunk-SD63G7YN.js.map 304 [17/Jan/2025:15:02:37 +0000] - 27.209 ms localhost
GET /@fs/C:/Users/USER/Desktop/BroCampTasks/Angular_Project/frontend/.angular/cache/18.2.11/frontend/vite/deps/chunk-PF6LNL77.js.map 304 [17/Jan/2025:15:02:37 +0000] - 19.544 ms localhost
GET /@fs/C:/Users/USER/Desktop/BroCampTasks/Angular_Project/frontend/.angular/cache/18.2.11/frontend/vite/deps/chunk-PLMZ7O3F.js.map 304 [17/Jan/2025:15:02:37 +0000] - 34.097 ms localhost
GET /@fs/C:/Users/USER/Desktop/BroCampTasks/Angular_Project/frontend/.angular/cache/18.2.11/frontend/vite/deps/chunk-J2M542RS.js.map 304 [17/Jan/2025:15:02:37 +0000] - 38.838 ms localhost
GET /@fs/C:/Users/USER/Desktop/BroCampTasks/Angular_Project/frontend/.angular/cache/18.2.11/frontend/vite/deps/@angular_platform-browser.js.map 304 [17/Jan/2025:15:02:37 +0000] - 78.116 ms localhost
GET /@fs/C:/Users/USER/Desktop/BroCampTasks/Angular_Project/frontend/.angular/cache/18.2.11/frontend/vite/deps/chunk-FDUYSLZ7.js.map 304 [17/Jan/2025:15:02:38 +0000] - 552.093 ms localhost
GET /@fs/C:/Users/USER/Desktop/BroCampTasks/Angular_Project/frontend/.angular/cache/18.2.11/frontend/vite/deps/@angular_core.js.map 304 [17/Jan/2025:15:02:38 +0000] - 532.739 ms localhost
GET /@fs/C:/Users/USER/Desktop/BroCampTasks/Angular_Project/frontend/.angular/cache/18.2.11/frontend/vite/deps/@angular_common_http.js.map 304 [17/Jan/2025:15:02:38 +0000] - 513.779 ms localhost
GET /@fs/C:/Users/USER/Desktop/BroCampTasks/Angular_Project/frontend/.angular/cache/18.2.11/frontend/vite/deps/rxjs.js.map 304 [17/Jan/2025:15:02:38 +0000] - 544.432 ms localhost
GET /@fs/C:/Users/USER/Desktop/BroCampTasks/Angular_Project/frontend/.angular/cache/18.2.11/frontend/vite/deps/@angular_router.js.map 304 [17/Jan/2025:15:02:38 +0000] - 587.788 ms localhost
GET /@fs/C:/Users/USER/Desktop/BroCampTasks/Angular_Project/frontend/.angular/cache/18.2.11/frontend/vite/deps/@angular_forms.js.map 304 [17/Jan/2025:15:02:38 +0000] - 604.899 ms localhost
GET /favicon.ico 304 [17/Jan/2025:15:02:38 +0000] - 127.370 ms localhost
GET /login.component.css.map 200 [17/Jan/2025:15:02:38 +0000] - 102.208 ms localhost
GET /@fs/C:/Users/USER/Desktop/BroCampTasks/Angular_Project/frontend/.angular/cache/18.2.11/frontend/vite/deps/@angular_common.js.map 304 [17/Jan/2025:15:02:38 +0000] - 120.759 ms localhost
POST /user/login 200 [17/Jan/2025:15:02:45 +0000] - 568.871 ms localhost
GET /dashboard.component.css.map 200 [17/Jan/2025:15:02:46 +0000] - 6.616 ms localhost
GET /layout.component.css.map 200 [17/Jan/2025:15:02:46 +0000] - 8.742 ms localhost
GET /user-events.component.css.map 200 [17/Jan/2025:15:02:49 +0000] - 5.413 ms localhost
GET /event/events/Marriage 304 [17/Jan/2025:15:02:51 +0000] - 500.533 ms localhost
GET /booking/events 304 [17/Jan/2025:15:02:52 +0000] - 311.879 ms localhost
GET /user-event-details.component.css.map 200 [17/Jan/2025:15:02:52 +0000] - 169.602 ms localhost
GET /service/uploads/1735019370509_videographyimage.jpg 304 [17/Jan/2025:15:02:52 +0000] - 318.573 ms localhost
GET /service/uploads/1735019370511_preweddingshoot.jpeg 304 [17/Jan/2025:15:02:52 +0000] - 323.343 ms localhost
GET /service/uploads/1736873495733_catering.webp 304 [17/Jan/2025:15:02:52 +0000] - 260.958 ms localhost
GET /service/uploads/1735019370508_videographyimage.jpg 304 [17/Jan/2025:15:02:52 +0000] - 200.150 ms localhost
GET /service/uploads/1736873495734_keralacuisine.jpg 304 [17/Jan/2025:15:02:52 +0000] - 330.166 ms localhost
GET /service/uploads/1736873495743_chinesecuisine.jpg 304 [17/Jan/2025:15:02:52 +0000] - 285.465 ms localhost
GET /service/uploads/1736873495747_platedservice.jpeg 304 [17/Jan/2025:15:02:52 +0000] - 196.393 ms localhost
GET /service/uploads/1736875562962_artifitial%20decor1.jpg 304 [17/Jan/2025:15:02:52 +0000] - 176.161 ms localhost
GET /service/uploads/1736875562985_natural%20decor1.jpg 304 [17/Jan/2025:15:02:52 +0000] - 133.303 ms localhost
GET /service/uploads/1736875563014_artifitial%20decor6.jpg 304 [17/Jan/2025:15:02:52 +0000] - 88.156 ms localhost
GET / - [17/Jan/2025:15:06:37 +0000] - - ms localhost
