GET /login 200 [31/Jan/2025:08:31:31 +0000] - 385.653 ms localhost
GET /@vite/client 304 [31/Jan/2025:08:31:42 +0000] - 56.355 ms localhost
GET /styles.css 200 [31/Jan/2025:08:31:43 +0000] - 20.015 ms localhost
GET /polyfills.js 304 [31/Jan/2025:08:31:43 +0000] - 4.581 ms localhost
GET /main.js 304 [31/Jan/2025:08:31:43 +0000] - 3.056 ms localhost
GET /@fs/C:/Users/USER/Desktop/BroCampTasks/Angular_Project/frontend/node_modules/vite/dist/client/env.mjs 304 [31/Jan/2025:08:31:46 +0000] - 4.114 ms localhost
GET /styles.css.map 200 [31/Jan/2025:08:31:49 +0000] - 20.819 ms localhost
GET /@fs/C:/Users/USER/Desktop/BroCampTasks/Angular_Project/frontend/.angular/cache/18.2.11/frontend/vite/deps/@angular_platform-browser.js.map 304 [31/Jan/2025:08:31:51 +0000] - 79.171 ms localhost
GET /@fs/C:/Users/USER/Desktop/BroCampTasks/Angular_Project/frontend/.angular/cache/18.2.11/frontend/vite/deps/chunk-ZKQIAUIS.js.map 304 [31/Jan/2025:08:31:51 +0000] - 83.072 ms localhost
GET /@fs/C:/Users/USER/Desktop/BroCampTasks/Angular_Project/frontend/.angular/cache/18.2.11/frontend/vite/deps/chunk-F4ZW7LLY.js.map 304 [31/Jan/2025:08:31:51 +0000] - 86.578 ms localhost
GET /@fs/C:/Users/USER/Desktop/BroCampTasks/Angular_Project/frontend/.angular/cache/18.2.11/frontend/vite/deps/chunk-2ZWNOPXZ.js.map 304 [31/Jan/2025:08:31:51 +0000] - 95.547 ms localhost
GET /@fs/C:/Users/USER/Desktop/BroCampTasks/Angular_Project/frontend/.angular/cache/18.2.11/frontend/vite/deps/chunk-66JPAEYR.js.map 304 [31/Jan/2025:08:31:51 +0000] - 107.411 ms localhost
GET /@fs/C:/Users/USER/Desktop/BroCampTasks/Angular_Project/frontend/.angular/cache/18.2.11/frontend/vite/deps/chunk-BKIWMXDL.js.map 304 [31/Jan/2025:08:31:51 +0000] - 254.425 ms localhost
GET /@fs/C:/Users/USER/Desktop/BroCampTasks/Angular_Project/frontend/.angular/cache/18.2.11/frontend/vite/deps/@angular_core.js.map 304 [31/Jan/2025:08:31:51 +0000] - 175.794 ms localhost
GET /@fs/C:/Users/USER/Desktop/BroCampTasks/Angular_Project/frontend/.angular/cache/18.2.11/frontend/vite/deps/@angular_router.js.map 304 [31/Jan/2025:08:31:51 +0000] - 190.683 ms localhost
GET /@fs/C:/Users/USER/Desktop/BroCampTasks/Angular_Project/frontend/.angular/cache/18.2.11/frontend/vite/deps/chunk-XWLXMCJQ.js.map 304 [31/Jan/2025:08:31:51 +0000] - 205.234 ms localhost
GET /@fs/C:/Users/USER/Desktop/BroCampTasks/Angular_Project/frontend/.angular/cache/18.2.11/frontend/vite/deps/@angular_common_http.js.map 304 [31/Jan/2025:08:31:51 +0000] - 181.484 ms localhost
GET /@fs/C:/Users/USER/Desktop/BroCampTasks/Angular_Project/frontend/.angular/cache/18.2.11/frontend/vite/deps/@angular_common.js.map 304 [31/Jan/2025:08:31:51 +0000] - 169.042 ms localhost
GET /@fs/C:/Users/USER/Desktop/BroCampTasks/Angular_Project/frontend/.angular/cache/18.2.11/frontend/vite/deps/ngx-socket-io.js.map 304 [31/Jan/2025:08:31:51 +0000] - 12.396 ms localhost
GET /@fs/C:/Users/USER/Desktop/BroCampTasks/Angular_Project/frontend/.angular/cache/18.2.11/frontend/vite/deps/rxjs.js.map 304 [31/Jan/2025:08:31:51 +0000] - 39.010 ms localhost
GET /@fs/C:/Users/USER/Desktop/BroCampTasks/Angular_Project/frontend/.angular/cache/18.2.11/frontend/vite/deps/chunk-7MS5FTBZ.js.map 304 [31/Jan/2025:08:31:51 +0000] - 15.782 ms localhost
GET /@fs/C:/Users/USER/Desktop/BroCampTasks/Angular_Project/frontend/.angular/cache/18.2.11/frontend/vite/deps/emoji-picker-element.js.map 304 [31/Jan/2025:08:31:51 +0000] - 23.373 ms localhost
GET /@fs/C:/Users/USER/Desktop/BroCampTasks/Angular_Project/frontend/.angular/cache/18.2.11/frontend/vite/deps/@angular_forms.js.map 304 [31/Jan/2025:08:31:51 +0000] - 61.145 ms localhost
GET /login.component.css.map 200 [31/Jan/2025:08:31:51 +0000] - 2.983 ms localhost
GET /favicon.ico 304 [31/Jan/2025:08:31:51 +0000] - 12.112 ms localhost
