GET /login 200 [23/Mar/2025:19:38:16 +0000] - 281.605 ms localhost
GET /styles.css 200 [23/Mar/2025:19:38:16 +0000] - 13.981 ms localhost
GET /@vite/client 200 [23/Mar/2025:19:38:16 +0000] - 258.381 ms localhost
GET /polyfills.js 200 [23/Mar/2025:19:38:16 +0000] - 48.086 ms localhost
GET /main.js 200 [23/Mar/2025:19:38:16 +0000] - 47.790 ms localhost
GET /@fs/C:/Users/USER/Documents/BroCampTasks/Angular_Project/frontend/node_modules/vite/dist/client/env.mjs 200 [23/Mar/2025:19:38:16 +0000] - 9.554 ms localhost
GET /scripts.js 200 [23/Mar/2025:19:38:16 +0000] - 18.892 ms localhost
GET /chunk-JK2OZDZD.js 200 [23/Mar/2025:19:38:17 +0000] - 4.673 ms localhost
GET /chunk-4U3G4P5L.js 200 [23/Mar/2025:19:38:17 +0000] - 8.518 ms localhost
GET /chunk-CKERTW25.js 200 [23/Mar/2025:19:38:17 +0000] - 23.127 ms localhost
GET /@fs/C:/Users/USER/Documents/BroCampTasks/Angular_Project/frontend/.angular/cache/18.2.15/frontend/vite/deps/@angular_platform-browser.js?v=ffa03c27 200 [23/Mar/2025:19:38:17 +0000] - 22.868 ms localhost
GET /@fs/C:/Users/USER/Documents/BroCampTasks/Angular_Project/frontend/.angular/cache/18.2.15/frontend/vite/deps/@angular_core.js?v=ffa03c27 200 [23/Mar/2025:19:38:17 +0000] - 21.840 ms localhost
GET /@fs/C:/Users/USER/Documents/BroCampTasks/Angular_Project/frontend/.angular/cache/18.2.15/frontend/vite/deps/@angular_router.js?v=ffa03c27 200 [23/Mar/2025:19:38:17 +0000] - 27.170 ms localhost
GET /@fs/C:/Users/USER/Documents/BroCampTasks/Angular_Project/frontend/.angular/cache/18.2.15/frontend/vite/deps/@angular_common_http.js?v=ffa03c27 200 [23/Mar/2025:19:38:17 +0000] - 5.900 ms localhost
GET /@fs/C:/Users/USER/Documents/BroCampTasks/Angular_Project/frontend/.angular/cache/18.2.15/frontend/vite/deps/rxjs.js?v=ffa03c27 200 [23/Mar/2025:19:38:17 +0000] - 2.999 ms localhost
GET /@fs/C:/Users/USER/Documents/BroCampTasks/Angular_Project/frontend/.angular/cache/18.2.15/frontend/vite/deps/ngx-socket-io.js?v=ffa03c27 200 [23/Mar/2025:19:38:17 +0000] - 20.185 ms localhost
GET /@fs/C:/Users/USER/Documents/BroCampTasks/Angular_Project/frontend/.angular/cache/18.2.15/frontend/vite/deps/@angular_forms.js?v=ffa03c27 200 [23/Mar/2025:19:38:17 +0000] - 26.131 ms localhost
GET /@fs/C:/Users/USER/Documents/BroCampTasks/Angular_Project/frontend/.angular/cache/18.2.15/frontend/vite/deps/emoji-picker-element.js?v=ffa03c27 200 [23/Mar/2025:19:38:17 +0000] - 19.357 ms localhost
GET /@fs/C:/Users/USER/Documents/BroCampTasks/Angular_Project/frontend/.angular/cache/18.2.15/frontend/vite/deps/chunk-TI4NIV3R.js?v=ffa03c27 200 [23/Mar/2025:19:38:17 +0000] - 10.572 ms localhost
GET /@fs/C:/Users/USER/Documents/BroCampTasks/Angular_Project/frontend/.angular/cache/18.2.15/frontend/vite/deps/chunk-KHJLBV7G.js?v=ffa03c27 200 [23/Mar/2025:19:38:17 +0000] - 7.024 ms localhost
GET /@fs/C:/Users/USER/Documents/BroCampTasks/Angular_Project/frontend/.angular/cache/18.2.15/frontend/vite/deps/chunk-UWVBNKXZ.js?v=ffa03c27 200 [23/Mar/2025:19:38:17 +0000] - 9.017 ms localhost
GET /@fs/C:/Users/USER/Documents/BroCampTasks/Angular_Project/frontend/.angular/cache/18.2.15/frontend/vite/deps/chunk-KPU55VW5.js?v=ffa03c27 200 [23/Mar/2025:19:38:17 +0000] - 22.500 ms localhost
GET /@fs/C:/Users/USER/Documents/BroCampTasks/Angular_Project/frontend/.angular/cache/18.2.15/frontend/vite/deps/chunk-P6U2JBMQ.js?v=ffa03c27 200 [23/Mar/2025:19:38:17 +0000] - 27.080 ms localhost
GET /@fs/C:/Users/USER/Documents/BroCampTasks/Angular_Project/frontend/.angular/cache/18.2.15/frontend/vite/deps/chunk-XWLXMCJQ.js?v=ffa03c27 200 [23/Mar/2025:19:38:17 +0000] - 26.773 ms localhost
GET /styles.css.map 200 [23/Mar/2025:19:38:17 +0000] - 26.247 ms localhost
GET /chunk-LA5A4CKH.js 200 [23/Mar/2025:19:38:18 +0000] - 18.904 ms localhost
GET /@fs/C:/Users/USER/Documents/BroCampTasks/Angular_Project/frontend/.angular/cache/18.2.15/frontend/vite/deps/@angular_core.js.map 200 [23/Mar/2025:19:38:18 +0000] - 68.740 ms localhost
GET /@fs/C:/Users/USER/Documents/BroCampTasks/Angular_Project/frontend/.angular/cache/18.2.15/frontend/vite/deps/rxjs.js.map 200 [23/Mar/2025:19:38:18 +0000] - 68.922 ms localhost
GET /@fs/C:/Users/USER/Documents/BroCampTasks/Angular_Project/frontend/.angular/cache/18.2.15/frontend/vite/deps/chunk-P6U2JBMQ.js.map 200 [23/Mar/2025:19:38:18 +0000] - 89.380 ms localhost
GET /@fs/C:/Users/USER/Documents/BroCampTasks/Angular_Project/frontend/.angular/cache/18.2.15/frontend/vite/deps/chunk-XWLXMCJQ.js.map 200 [23/Mar/2025:19:38:18 +0000] - 107.664 ms localhost
GET /@fs/C:/Users/USER/Documents/BroCampTasks/Angular_Project/frontend/.angular/cache/18.2.15/frontend/vite/deps/chunk-KPU55VW5.js.map 200 [23/Mar/2025:19:38:18 +0000] - 337.223 ms localhost
GET /chunk-KSELMSGV.js 200 [23/Mar/2025:19:38:18 +0000] - 8.171 ms localhost
GET /chunk-AD6BEBTX.js 200 [23/Mar/2025:19:38:18 +0000] - 9.629 ms localhost
GET /chunk-MQDO5BT4.js 200 [23/Mar/2025:19:38:18 +0000] - 9.628 ms localhost
GET /chunk-F64TRUFE.js 200 [23/Mar/2025:19:38:18 +0000] - 15.031 ms localhost
GET /@fs/C:/Users/USER/Documents/BroCampTasks/Angular_Project/frontend/.angular/cache/18.2.15/frontend/vite/deps/@angular_common_http.js.map 200 [23/Mar/2025:19:38:18 +0000] - 26.179 ms localhost
GET /@fs/C:/Users/USER/Documents/BroCampTasks/Angular_Project/frontend/.angular/cache/18.2.15/frontend/vite/deps/@angular_common.js?v=ffa03c27 200 [23/Mar/2025:19:38:19 +0000] - 28.972 ms localhost
GET /@fs/C:/Users/USER/Documents/BroCampTasks/Angular_Project/frontend/.angular/cache/18.2.15/frontend/vite/deps/@angular_platform-browser.js.map 200 [23/Mar/2025:19:38:19 +0000] - 34.055 ms localhost
GET /@fs/C:/Users/USER/Documents/BroCampTasks/Angular_Project/frontend/.angular/cache/18.2.15/frontend/vite/deps/chunk-KHJLBV7G.js.map 200 [23/Mar/2025:19:38:19 +0000] - 44.448 ms localhost
GET /@fs/C:/Users/USER/Documents/BroCampTasks/Angular_Project/frontend/.angular/cache/18.2.15/frontend/vite/deps/chunk-TI4NIV3R.js.map 200 [23/Mar/2025:19:38:19 +0000] - 46.151 ms localhost
GET /@fs/C:/Users/USER/Documents/BroCampTasks/Angular_Project/frontend/.angular/cache/18.2.15/frontend/vite/deps/chunk-UWVBNKXZ.js.map 200 [23/Mar/2025:19:38:19 +0000] - 62.527 ms localhost
GET /@fs/C:/Users/USER/Documents/BroCampTasks/Angular_Project/frontend/.angular/cache/18.2.15/frontend/vite/deps/@angular_router.js.map 200 [23/Mar/2025:19:38:19 +0000] - 69.701 ms localhost
GET /@fs/C:/Users/USER/Documents/BroCampTasks/Angular_Project/frontend/.angular/cache/18.2.15/frontend/vite/deps/ngx-socket-io.js.map 200 [23/Mar/2025:19:38:19 +0000] - 29.840 ms localhost
GET /@fs/C:/Users/USER/Documents/BroCampTasks/Angular_Project/frontend/.angular/cache/18.2.15/frontend/vite/deps/@angular_forms.js.map 200 [23/Mar/2025:19:38:19 +0000] - 41.712 ms localhost
GET /@fs/C:/Users/USER/Documents/BroCampTasks/Angular_Project/frontend/.angular/cache/18.2.15/frontend/vite/deps/emoji-picker-element.js.map 200 [23/Mar/2025:19:38:19 +0000] - 43.074 ms localhost
GET /@fs/C:/Users/USER/Documents/BroCampTasks/Angular_Project/frontend/.angular/cache/18.2.15/frontend/vite/deps/@angular_common.js.map 200 [23/Mar/2025:19:38:19 +0000] - 8.036 ms localhost
GET /login.component.css.map 200 [23/Mar/2025:19:38:19 +0000] - 3.267 ms localhost
GET /favicon.ico 200 [23/Mar/2025:19:38:19 +0000] - 10.039 ms localhost
POST /api/user/login 200 [23/Mar/2025:19:38:29 +0000] - 883.361 ms localhost
GET /chunk-BRENEJR4.js 200 [23/Mar/2025:19:38:29 +0000] - 12.722 ms localhost
GET /chunk-LNWOQ2KW.js 200 [23/Mar/2025:19:38:29 +0000] - 55.736 ms localhost
GET /chunk-2HDHVIQA.js 200 [23/Mar/2025:19:38:29 +0000] - 64.529 ms localhost
GET /chunk-JY7GHWYF.js 200 [23/Mar/2025:19:38:30 +0000] - 6.210 ms localhost
GET /@fs/C:/Users/USER/Documents/BroCampTasks/Angular_Project/frontend/.angular/cache/18.2.15/frontend/vite/deps/bootstrap.js?v=ffa03c27 200 [23/Mar/2025:19:38:30 +0000] - 54.665 ms localhost
GET /@fs/C:/Users/USER/Documents/BroCampTasks/Angular_Project/frontend/.angular/cache/18.2.15/frontend/vite/deps/chart__js.js?v=ffa03c27 200 [23/Mar/2025:19:38:30 +0000] - 59.562 ms localhost
GET /@fs/C:/Users/USER/Documents/BroCampTasks/Angular_Project/frontend/.angular/cache/18.2.15/frontend/vite/deps/bootstrap.js.map 200 [23/Mar/2025:19:38:30 +0000] - 63.295 ms localhost
GET /layout.component.css.map 200 [23/Mar/2025:19:38:31 +0000] - 87.209 ms localhost
GET /@fs/C:/Users/USER/Documents/BroCampTasks/Angular_Project/frontend/.angular/cache/18.2.15/frontend/vite/deps/chart__js.js.map 200 [23/Mar/2025:19:38:31 +0000] - 130.856 ms localhost
GET /api/booking/adminData 200 [23/Mar/2025:19:38:31 +0000] - 615.378 ms localhost
GET /api/booking/chartDataAdmin/Weekly 200 [23/Mar/2025:19:38:31 +0000] - 406.150 ms localhost
GET /api/booking/adminPaymentList 200 [23/Mar/2025:19:38:31 +0000] - 577.785 ms localhost
GET /api/booking/chartDataAdmin/Weekly 200 [23/Mar/2025:19:38:31 +0000] - 522.973 ms localhost
GET /admin-dashboard.component.css.map 200 [23/Mar/2025:19:38:31 +0000] - 3.151 ms localhost
GET /dashboard.component.css.map 200 [23/Mar/2025:19:38:31 +0000] - 3.424 ms localhost
GET /chunk-655RE3F2.js 200 [23/Mar/2025:19:38:34 +0000] - 13.275 ms localhost
GET /chunk-OIIBP4UF.js 200 [23/Mar/2025:19:38:35 +0000] - 4.848 ms localhost
GET /api/booking/bookings?pageNumber=1&pageSize=2 200 [23/Mar/2025:19:38:35 +0000] - 90.816 ms localhost
GET /?token=nXZPFnOGxp2U - [23/Mar/2025:19:42:16 +0000] - - ms localhost
GET /booking 200 [23/Mar/2025:21:57:54 +0000] - 377.369 ms localhost
GET /@vite/client 200 [23/Mar/2025:21:57:55 +0000] - 815.395 ms localhost
GET /styles.css 200 [23/Mar/2025:21:57:55 +0000] - 829.775 ms localhost
GET /polyfills.js 200 [23/Mar/2025:21:57:55 +0000] - 577.498 ms localhost
GET /main.js 200 [23/Mar/2025:21:57:55 +0000] - 500.045 ms localhost
GET /scripts.js 200 [23/Mar/2025:21:57:55 +0000] - 252.002 ms localhost
GET /@fs/C:/Users/USER/Documents/BroCampTasks/Angular_Project/frontend/node_modules/vite/dist/client/env.mjs 200 [23/Mar/2025:21:57:56 +0000] - 8.286 ms localhost
GET /chunk-JK2OZDZD.js 200 [23/Mar/2025:21:57:56 +0000] - 8.880 ms localhost
GET /chunk-4U3G4P5L.js 200 [23/Mar/2025:21:57:56 +0000] - 42.980 ms localhost
GET /chunk-CKERTW25.js 200 [23/Mar/2025:21:57:56 +0000] - 39.645 ms localhost
GET /@fs/C:/Users/USER/Documents/BroCampTasks/Angular_Project/frontend/.angular/cache/18.2.15/frontend/vite/deps/@angular_platform-browser.js?v=ffa03c27 200 [23/Mar/2025:21:57:56 +0000] - 38.539 ms localhost
GET /@fs/C:/Users/USER/Documents/BroCampTasks/Angular_Project/frontend/.angular/cache/18.2.15/frontend/vite/deps/@angular_core.js?v=ffa03c27 200 [23/Mar/2025:21:57:56 +0000] - 38.844 ms localhost
GET /@fs/C:/Users/USER/Documents/BroCampTasks/Angular_Project/frontend/.angular/cache/18.2.15/frontend/vite/deps/@angular_router.js?v=ffa03c27 200 [23/Mar/2025:21:57:56 +0000] - 40.061 ms localhost
GET /@fs/C:/Users/USER/Documents/BroCampTasks/Angular_Project/frontend/.angular/cache/18.2.15/frontend/vite/deps/@angular_common_http.js?v=ffa03c27 200 [23/Mar/2025:21:57:56 +0000] - 6.443 ms localhost
GET /@fs/C:/Users/USER/Documents/BroCampTasks/Angular_Project/frontend/.angular/cache/18.2.15/frontend/vite/deps/rxjs.js?v=ffa03c27 200 [23/Mar/2025:21:57:56 +0000] - 2.729 ms localhost
GET /@fs/C:/Users/USER/Documents/BroCampTasks/Angular_Project/frontend/.angular/cache/18.2.15/frontend/vite/deps/ngx-socket-io.js?v=ffa03c27 200 [23/Mar/2025:21:57:56 +0000] - 16.428 ms localhost
GET /@fs/C:/Users/USER/Documents/BroCampTasks/Angular_Project/frontend/.angular/cache/18.2.15/frontend/vite/deps/@angular_forms.js?v=ffa03c27 200 [23/Mar/2025:21:57:56 +0000] - 14.518 ms localhost
GET /@fs/C:/Users/USER/Documents/BroCampTasks/Angular_Project/frontend/.angular/cache/18.2.15/frontend/vite/deps/emoji-picker-element.js?v=ffa03c27 200 [23/Mar/2025:21:57:56 +0000] - 21.206 ms localhost
GET /@fs/C:/Users/USER/Documents/BroCampTasks/Angular_Project/frontend/.angular/cache/18.2.15/frontend/vite/deps/chunk-TI4NIV3R.js?v=ffa03c27 200 [23/Mar/2025:21:57:56 +0000] - 9.762 ms localhost
GET /@fs/C:/Users/USER/Documents/BroCampTasks/Angular_Project/frontend/.angular/cache/18.2.15/frontend/vite/deps/chunk-KHJLBV7G.js?v=ffa03c27 200 [23/Mar/2025:21:57:56 +0000] - 9.883 ms localhost
GET /@fs/C:/Users/USER/Documents/BroCampTasks/Angular_Project/frontend/.angular/cache/18.2.15/frontend/vite/deps/chunk-UWVBNKXZ.js?v=ffa03c27 200 [23/Mar/2025:21:57:57 +0000] - 10.360 ms localhost
GET /@fs/C:/Users/USER/Documents/BroCampTasks/Angular_Project/frontend/.angular/cache/18.2.15/frontend/vite/deps/chunk-KPU55VW5.js?v=ffa03c27 200 [23/Mar/2025:21:57:57 +0000] - 47.740 ms localhost
GET /@fs/C:/Users/USER/Documents/BroCampTasks/Angular_Project/frontend/.angular/cache/18.2.15/frontend/vite/deps/chunk-P6U2JBMQ.js?v=ffa03c27 200 [23/Mar/2025:21:57:57 +0000] - 47.530 ms localhost
GET /@fs/C:/Users/USER/Documents/BroCampTasks/Angular_Project/frontend/.angular/cache/18.2.15/frontend/vite/deps/chunk-XWLXMCJQ.js?v=ffa03c27 200 [23/Mar/2025:21:57:57 +0000] - 21.239 ms localhost
GET /styles.css.map 200 [23/Mar/2025:21:57:57 +0000] - 24.658 ms localhost
GET /chunk-BRENEJR4.js 200 [23/Mar/2025:21:57:57 +0000] - 4.813 ms localhost
GET /@fs/C:/Users/USER/Documents/BroCampTasks/Angular_Project/frontend/.angular/cache/18.2.15/frontend/vite/deps/@angular_core.js.map 200 [23/Mar/2025:21:57:57 +0000] - 17.759 ms localhost
GET /@fs/C:/Users/USER/Documents/BroCampTasks/Angular_Project/frontend/.angular/cache/18.2.15/frontend/vite/deps/rxjs.js.map 200 [23/Mar/2025:21:57:57 +0000] - 15.625 ms localhost
GET /@fs/C:/Users/USER/Documents/BroCampTasks/Angular_Project/frontend/.angular/cache/18.2.15/frontend/vite/deps/chunk-XWLXMCJQ.js.map 200 [23/Mar/2025:21:57:57 +0000] - 17.932 ms localhost
GET /@fs/C:/Users/USER/Documents/BroCampTasks/Angular_Project/frontend/.angular/cache/18.2.15/frontend/vite/deps/chunk-P6U2JBMQ.js.map 200 [23/Mar/2025:21:57:57 +0000] - 45.102 ms localhost
GET /@fs/C:/Users/USER/Documents/BroCampTasks/Angular_Project/frontend/.angular/cache/18.2.15/frontend/vite/deps/chunk-KPU55VW5.js.map 200 [23/Mar/2025:21:57:58 +0000] - 224.309 ms localhost
GET /@fs/C:/Users/USER/Documents/BroCampTasks/Angular_Project/frontend/.angular/cache/18.2.15/frontend/vite/deps/@angular_common_http.js.map 200 [23/Mar/2025:21:57:58 +0000] - 8.830 ms localhost
GET /@fs/C:/Users/USER/Documents/BroCampTasks/Angular_Project/frontend/.angular/cache/18.2.15/frontend/vite/deps/chunk-KHJLBV7G.js.map 200 [23/Mar/2025:21:57:58 +0000] - 23.649 ms localhost
GET /@fs/C:/Users/USER/Documents/BroCampTasks/Angular_Project/frontend/.angular/cache/18.2.15/frontend/vite/deps/chunk-UWVBNKXZ.js.map 200 [23/Mar/2025:21:57:58 +0000] - 73.411 ms localhost
GET /@fs/C:/Users/USER/Documents/BroCampTasks/Angular_Project/frontend/.angular/cache/18.2.15/frontend/vite/deps/@angular_platform-browser.js.map 200 [23/Mar/2025:21:57:58 +0000] - 76.144 ms localhost
GET /@fs/C:/Users/USER/Documents/BroCampTasks/Angular_Project/frontend/.angular/cache/18.2.15/frontend/vite/deps/chunk-TI4NIV3R.js.map 200 [23/Mar/2025:21:57:58 +0000] - 47.163 ms localhost
GET /@fs/C:/Users/USER/Documents/BroCampTasks/Angular_Project/frontend/.angular/cache/18.2.15/frontend/vite/deps/@angular_router.js.map 200 [23/Mar/2025:21:57:58 +0000] - 18.866 ms localhost
GET /@fs/C:/Users/USER/Documents/BroCampTasks/Angular_Project/frontend/.angular/cache/18.2.15/frontend/vite/deps/ngx-socket-io.js.map 200 [23/Mar/2025:21:57:58 +0000] - 8.348 ms localhost
GET /@fs/C:/Users/USER/Documents/BroCampTasks/Angular_Project/frontend/.angular/cache/18.2.15/frontend/vite/deps/@angular_forms.js.map 200 [23/Mar/2025:21:57:58 +0000] - 22.787 ms localhost
GET /@fs/C:/Users/USER/Documents/BroCampTasks/Angular_Project/frontend/.angular/cache/18.2.15/frontend/vite/deps/emoji-picker-element.js.map 200 [23/Mar/2025:21:57:58 +0000] - 11.823 ms localhost
GET /chunk-LA5A4CKH.js 200 [23/Mar/2025:21:57:59 +0000] - 5.850 ms localhost
GET /favicon.ico 200 [23/Mar/2025:21:57:59 +0000] - 11.145 ms localhost
GET /chunk-KSELMSGV.js 200 [23/Mar/2025:21:57:59 +0000] - 4.817 ms localhost
GET /chunk-AD6BEBTX.js 200 [23/Mar/2025:21:57:59 +0000] - 8.388 ms localhost
GET /chunk-MQDO5BT4.js 200 [23/Mar/2025:21:57:59 +0000] - 9.195 ms localhost
GET /chunk-F64TRUFE.js 200 [23/Mar/2025:21:57:59 +0000] - 8.460 ms localhost
GET /@fs/C:/Users/USER/Documents/BroCampTasks/Angular_Project/frontend/.angular/cache/18.2.15/frontend/vite/deps/@angular_common.js?v=ffa03c27 200 [23/Mar/2025:21:58:00 +0000] - 117.736 ms localhost
GET /@fs/C:/Users/USER/Documents/BroCampTasks/Angular_Project/frontend/.angular/cache/18.2.15/frontend/vite/deps/@angular_common.js.map 200 [23/Mar/2025:21:58:00 +0000] - 3.901 ms localhost
GET /login.component.css.map 200 [23/Mar/2025:21:58:00 +0000] - 4.769 ms localhost
GET /login 200 [23/Mar/2025:21:58:39 +0000] - 43.190 ms localhost
GET /?token=nXZPFnOGxp2U - [23/Mar/2025:21:58:39 +0000] - - ms localhost
GET /@vite/client 200 [23/Mar/2025:21:58:39 +0000] - 216.152 ms localhost
GET /styles.css 200 [23/Mar/2025:21:58:39 +0000] - 110.119 ms localhost
GET /polyfills.js 200 [23/Mar/2025:21:58:39 +0000] - 42.037 ms localhost
GET /main.js 200 [23/Mar/2025:21:58:39 +0000] - 43.116 ms localhost
GET /@fs/C:/Users/USER/Documents/BroCampTasks/Angular_Project/frontend/node_modules/vite/dist/client/env.mjs 200 [23/Mar/2025:21:58:39 +0000] - 11.624 ms localhost
GET /scripts.js 200 [23/Mar/2025:21:58:40 +0000] - 27.063 ms localhost
GET /chunk-JK2OZDZD.js 200 [23/Mar/2025:21:58:40 +0000] - 4.518 ms localhost
GET /chunk-CKERTW25.js 200 [23/Mar/2025:21:58:40 +0000] - 15.614 ms localhost
GET /@fs/C:/Users/USER/Documents/BroCampTasks/Angular_Project/frontend/.angular/cache/18.2.15/frontend/vite/deps/@angular_platform-browser.js?v=ffa03c27 200 [23/Mar/2025:21:58:40 +0000] - 16.474 ms localhost
GET /chunk-4U3G4P5L.js 200 [23/Mar/2025:21:58:40 +0000] - 21.078 ms localhost
GET /@fs/C:/Users/USER/Documents/BroCampTasks/Angular_Project/frontend/.angular/cache/18.2.15/frontend/vite/deps/@angular_core.js?v=ffa03c27 200 [23/Mar/2025:21:58:40 +0000] - 18.378 ms localhost
GET /@fs/C:/Users/USER/Documents/BroCampTasks/Angular_Project/frontend/.angular/cache/18.2.15/frontend/vite/deps/@angular_router.js?v=ffa03c27 200 [23/Mar/2025:21:58:40 +0000] - 16.806 ms localhost
GET /@fs/C:/Users/USER/Documents/BroCampTasks/Angular_Project/frontend/.angular/cache/18.2.15/frontend/vite/deps/@angular_common_http.js?v=ffa03c27 200 [23/Mar/2025:21:58:40 +0000] - 3.627 ms localhost
GET /@fs/C:/Users/USER/Documents/BroCampTasks/Angular_Project/frontend/.angular/cache/18.2.15/frontend/vite/deps/rxjs.js?v=ffa03c27 200 [23/Mar/2025:21:58:40 +0000] - 8.667 ms localhost
GET /@fs/C:/Users/USER/Documents/BroCampTasks/Angular_Project/frontend/.angular/cache/18.2.15/frontend/vite/deps/ngx-socket-io.js?v=ffa03c27 200 [23/Mar/2025:21:58:41 +0000] - 8.701 ms localhost
GET /@fs/C:/Users/USER/Documents/BroCampTasks/Angular_Project/frontend/.angular/cache/18.2.15/frontend/vite/deps/@angular_forms.js?v=ffa03c27 200 [23/Mar/2025:21:58:41 +0000] - 12.326 ms localhost
GET /@fs/C:/Users/USER/Documents/BroCampTasks/Angular_Project/frontend/.angular/cache/18.2.15/frontend/vite/deps/emoji-picker-element.js?v=ffa03c27 200 [23/Mar/2025:21:58:41 +0000] - 8.319 ms localhost
GET /@fs/C:/Users/USER/Documents/BroCampTasks/Angular_Project/frontend/.angular/cache/18.2.15/frontend/vite/deps/chunk-TI4NIV3R.js?v=ffa03c27 200 [23/Mar/2025:21:58:41 +0000] - 7.898 ms localhost
GET /@fs/C:/Users/USER/Documents/BroCampTasks/Angular_Project/frontend/.angular/cache/18.2.15/frontend/vite/deps/chunk-KHJLBV7G.js?v=ffa03c27 200 [23/Mar/2025:21:58:41 +0000] - 3.862 ms localhost
GET /@fs/C:/Users/USER/Documents/BroCampTasks/Angular_Project/frontend/.angular/cache/18.2.15/frontend/vite/deps/chunk-UWVBNKXZ.js?v=ffa03c27 200 [23/Mar/2025:21:58:41 +0000] - 4.157 ms localhost
GET /@fs/C:/Users/USER/Documents/BroCampTasks/Angular_Project/frontend/.angular/cache/18.2.15/frontend/vite/deps/chunk-KPU55VW5.js?v=ffa03c27 200 [23/Mar/2025:21:58:41 +0000] - 8.095 ms localhost
GET /@fs/C:/Users/USER/Documents/BroCampTasks/Angular_Project/frontend/.angular/cache/18.2.15/frontend/vite/deps/chunk-P6U2JBMQ.js?v=ffa03c27 200 [23/Mar/2025:21:58:41 +0000] - 6.198 ms localhost
GET /@fs/C:/Users/USER/Documents/BroCampTasks/Angular_Project/frontend/.angular/cache/18.2.15/frontend/vite/deps/chunk-XWLXMCJQ.js?v=ffa03c27 200 [23/Mar/2025:21:58:41 +0000] - 10.351 ms localhost
GET /styles.css.map 200 [23/Mar/2025:21:58:41 +0000] - 10.713 ms localhost
GET /chunk-LA5A4CKH.js 200 [23/Mar/2025:21:58:41 +0000] - 30.084 ms localhost
GET /@fs/C:/Users/USER/Documents/BroCampTasks/Angular_Project/frontend/.angular/cache/18.2.15/frontend/vite/deps/chunk-XWLXMCJQ.js.map 200 [23/Mar/2025:21:58:41 +0000] - 29.768 ms localhost
GET /@fs/C:/Users/USER/Documents/BroCampTasks/Angular_Project/frontend/.angular/cache/18.2.15/frontend/vite/deps/rxjs.js.map 200 [23/Mar/2025:21:58:41 +0000] - 28.977 ms localhost
GET /@fs/C:/Users/USER/Documents/BroCampTasks/Angular_Project/frontend/.angular/cache/18.2.15/frontend/vite/deps/chunk-P6U2JBMQ.js.map 200 [23/Mar/2025:21:58:41 +0000] - 39.022 ms localhost
GET /@fs/C:/Users/USER/Documents/BroCampTasks/Angular_Project/frontend/.angular/cache/18.2.15/frontend/vite/deps/@angular_core.js.map 200 [23/Mar/2025:21:58:41 +0000] - 50.485 ms localhost
GET /@fs/C:/Users/USER/Documents/BroCampTasks/Angular_Project/frontend/.angular/cache/18.2.15/frontend/vite/deps/chunk-KPU55VW5.js.map 200 [23/Mar/2025:21:58:41 +0000] - 145.957 ms localhost
GET /chunk-KSELMSGV.js 200 [23/Mar/2025:21:58:42 +0000] - 118.587 ms localhost
GET /chunk-AD6BEBTX.js 200 [23/Mar/2025:21:58:42 +0000] - 124.057 ms localhost
GET /favicon.ico 200 [23/Mar/2025:21:58:42 +0000] - 132.860 ms localhost
GET /chunk-MQDO5BT4.js 200 [23/Mar/2025:21:58:42 +0000] - 138.226 ms localhost
GET /chunk-F64TRUFE.js 200 [23/Mar/2025:21:58:42 +0000] - 42.309 ms localhost
GET /@fs/C:/Users/USER/Documents/BroCampTasks/Angular_Project/frontend/.angular/cache/18.2.15/frontend/vite/deps/@angular_common_http.js.map 200 [23/Mar/2025:21:58:42 +0000] - 38.913 ms localhost
GET /@fs/C:/Users/USER/Documents/BroCampTasks/Angular_Project/frontend/.angular/cache/18.2.15/frontend/vite/deps/@angular_common.js?v=ffa03c27 200 [23/Mar/2025:21:58:42 +0000] - 84.580 ms localhost
GET /@fs/C:/Users/USER/Documents/BroCampTasks/Angular_Project/frontend/.angular/cache/18.2.15/frontend/vite/deps/chunk-KHJLBV7G.js.map 200 [23/Mar/2025:21:58:42 +0000] - 85.896 ms localhost
GET /@fs/C:/Users/USER/Documents/BroCampTasks/Angular_Project/frontend/.angular/cache/18.2.15/frontend/vite/deps/chunk-UWVBNKXZ.js.map 200 [23/Mar/2025:21:58:42 +0000] - 103.797 ms localhost
GET /@fs/C:/Users/USER/Documents/BroCampTasks/Angular_Project/frontend/.angular/cache/18.2.15/frontend/vite/deps/@angular_platform-browser.js.map 200 [23/Mar/2025:21:58:42 +0000] - 135.558 ms localhost
GET /@fs/C:/Users/USER/Documents/BroCampTasks/Angular_Project/frontend/.angular/cache/18.2.15/frontend/vite/deps/chunk-TI4NIV3R.js.map 200 [23/Mar/2025:21:58:42 +0000] - 146.452 ms localhost
GET /@fs/C:/Users/USER/Documents/BroCampTasks/Angular_Project/frontend/.angular/cache/18.2.15/frontend/vite/deps/@angular_router.js.map 200 [23/Mar/2025:21:58:42 +0000] - 110.180 ms localhost
GET /@fs/C:/Users/USER/Documents/BroCampTasks/Angular_Project/frontend/.angular/cache/18.2.15/frontend/vite/deps/ngx-socket-io.js.map 200 [23/Mar/2025:21:58:43 +0000] - 14.464 ms localhost
GET /@fs/C:/Users/USER/Documents/BroCampTasks/Angular_Project/frontend/.angular/cache/18.2.15/frontend/vite/deps/@angular_forms.js.map 200 [23/Mar/2025:21:58:43 +0000] - 21.174 ms localhost
GET /@fs/C:/Users/USER/Documents/BroCampTasks/Angular_Project/frontend/.angular/cache/18.2.15/frontend/vite/deps/emoji-picker-element.js.map 200 [23/Mar/2025:21:58:43 +0000] - 6.765 ms localhost
GET /@fs/C:/Users/USER/Documents/BroCampTasks/Angular_Project/frontend/.angular/cache/18.2.15/frontend/vite/deps/@angular_common.js.map 200 [23/Mar/2025:21:58:43 +0000] - 3.006 ms localhost
GET /login.component.css.map 200 [23/Mar/2025:21:58:43 +0000] - 3.735 ms localhost
POST /api/user/login 400 [23/Mar/2025:21:58:54 +0000] - 381.306 ms localhost
POST /api/user/login 200 [23/Mar/2025:21:59:24 +0000] - 266.675 ms localhost
GET /chunk-BRENEJR4.js 200 [23/Mar/2025:21:59:24 +0000] - 10.833 ms localhost
GET /chunk-LNWOQ2KW.js 200 [23/Mar/2025:21:59:25 +0000] - 8.429 ms localhost
GET /chunk-2HDHVIQA.js 200 [23/Mar/2025:21:59:25 +0000] - 13.946 ms localhost
GET /chunk-JY7GHWYF.js 200 [23/Mar/2025:21:59:25 +0000] - 3.736 ms localhost
GET /@fs/C:/Users/USER/Documents/BroCampTasks/Angular_Project/frontend/.angular/cache/18.2.15/frontend/vite/deps/bootstrap.js?v=ffa03c27 200 [23/Mar/2025:21:59:25 +0000] - 4.499 ms localhost
GET /@fs/C:/Users/USER/Documents/BroCampTasks/Angular_Project/frontend/.angular/cache/18.2.15/frontend/vite/deps/chart__js.js?v=ffa03c27 200 [23/Mar/2025:21:59:25 +0000] - 6.653 ms localhost
GET /@fs/C:/Users/USER/Documents/BroCampTasks/Angular_Project/frontend/.angular/cache/18.2.15/frontend/vite/deps/bootstrap.js.map 200 [23/Mar/2025:21:59:25 +0000] - 18.714 ms localhost
GET /@fs/C:/Users/USER/Documents/BroCampTasks/Angular_Project/frontend/.angular/cache/18.2.15/frontend/vite/deps/chart__js.js.map 200 [23/Mar/2025:21:59:26 +0000] - 40.704 ms localhost
GET /dashboard.component.css.map 200 [23/Mar/2025:21:59:26 +0000] - 294.476 ms localhost
GET /layout.component.css.map 200 [23/Mar/2025:21:59:26 +0000] - 287.699 ms localhost
GET /user-dashboard.component.css.map 200 [23/Mar/2025:21:59:26 +0000] - 289.656 ms localhost
GET /?token=HLKNJZn6CzT- - [23/Mar/2025:22:02:36 +0000] - - ms localhost
