OPTIONS /user/login 204 [13/Nov/2024:22:33:25 +0000] - 2.747 ms localhost
POST /user/login 200 [13/Nov/2024:22:33:26 +0000] - 474.992 ms localhost
OPTIONS /user/sendMail 204 [14/Nov/2024:16:20:12 +0000] - 10.253 ms localhost
POST /user/sendMail 200 [14/Nov/2024:16:20:12 +0000] - 513.895 ms localhost
POST /login 200 [14/Nov/2024:16:23:39 +0000] - 3.714 ms localhost
POST /login 200 [14/Nov/2024:16:24:28 +0000] - 0.549 ms localhost
POST /login 200 [14/Nov/2024:16:34:21 +0000] - 2.362 ms localhost
POST /login 200 [14/Nov/2024:16:37:11 +0000] - 367.382 ms localhost
GET /logout 200 [14/Nov/2024:16:37:37 +0000] - 0.967 ms localhost
POST /sendMail 200 [14/Nov/2024:16:37:47 +0000] - 38.308 ms localhost
POST /sendMail 200 [14/Nov/2024:16:42:02 +0000] - 84.503 ms localhost
POST /sendMail 200 [14/Nov/2024:16:45:13 +0000] - 20.194 ms localhost
POST /sendMail 200 [14/Nov/2024:16:47:07 +0000] - 52.553 ms localhost
POST /sendMail 200 [14/Nov/2024:16:47:41 +0000] - 80.218 ms localhost
POST /sendMail 200 [14/Nov/2024:16:53:48 +0000] - 82.933 ms localhost
POST /sendMail 200 [14/Nov/2024:16:55:58 +0000] - 79.033 ms localhost
POST /sendMail 200 [14/Nov/2024:16:58:50 +0000] - 65.298 ms localhost
POST /sendMail 200 [14/Nov/2024:17:00:21 +0000] - 64.871 ms localhost
POST /sendMail 200 [14/Nov/2024:17:01:07 +0000] - 74.491 ms localhost
POST /sendMail 200 [14/Nov/2024:17:33:22 +0000] - 156.001 ms localhost
POST /sendMail 200 [14/Nov/2024:17:36:28 +0000] - 127.777 ms localhost
POST /sendMail 200 [14/Nov/2024:17:36:49 +0000] - 13.535 ms localhost
POST /sendMail 200 [14/Nov/2024:17:38:03 +0000] - 17.143 ms localhost
POST /sendMail 200 [14/Nov/2024:17:39:43 +0000] - 85.332 ms localhost
POST /sendMail 200 [14/Nov/2024:17:41:19 +0000] - 92.873 ms localhost
POST /sendMail 200 [14/Nov/2024:19:49:48 +0000] - 115.952 ms localhost
POST /sendMail 200 [14/Nov/2024:19:51:37 +0000] - 43.037 ms localhost
POST /sendMail 200 [14/Nov/2024:19:53:12 +0000] - 89.962 ms localhost
POST /sendMail 200 [14/Nov/2024:19:55:23 +0000] - 162.872 ms localhost
POST /sendMail 200 [14/Nov/2024:20:12:30 +0000] - 166.874 ms localhost
POST /sendMail 200 [14/Nov/2024:20:20:38 +0000] - 87.516 ms localhost
POST /sendMail 200 [14/Nov/2024:20:27:29 +0000] - 71.045 ms localhost
POST /sendMail 200 [14/Nov/2024:20:33:00 +0000] - 30.321 ms localhost
POST /sendMail 200 [14/Nov/2024:20:40:09 +0000] - 61.482 ms localhost
POST /login 200 [14/Nov/2024:20:44:03 +0000] - 198.680 ms localhost
GET /logout 200 [14/Nov/2024:21:11:36 +0000] - 6.940 ms localhost
POST /sendMail 200 [14/Nov/2024:21:11:57 +0000] - 83.688 ms localhost
POST /resetPassword 200 [14/Nov/2024:21:12:28 +0000] - 209.271 ms localhost
POST /sendMail 200 [14/Nov/2024:21:21:40 +0000] - 153.855 ms localhost
POST /resetPassword 200 [14/Nov/2024:21:21:58 +0000] - 200.447 ms localhost
POST /sendMail 200 [14/Nov/2024:21:35:18 +0000] - 19.449 ms localhost
POST /resetPassword 200 [14/Nov/2024:21:35:35 +0000] - 121.560 ms localhost
POST /resetPassword 200 [14/Nov/2024:21:36:51 +0000] - 136.995 ms localhost
POST /login 200 [15/Nov/2024:08:53:31 +0000] - 410.919 ms localhost
POST /login 200 [15/Nov/2024:08:58:11 +0000] - 347.646 ms localhost
POST /login 200 [15/Nov/2024:09:06:43 +0000] - 133.719 ms localhost
POST /sendMail 200 [15/Nov/2024:14:41:34 +0000] - 560.051 ms localhost
POST /sendMail 200 [15/Nov/2024:14:43:06 +0000] - 136.936 ms localhost
POST /sendMail 200 [15/Nov/2024:15:17:31 +0000] - 174.300 ms localhost
POST /login 200 [15/Nov/2024:15:17:52 +0000] - 340.995 ms localhost
POST /login 200 [15/Nov/2024:15:20:50 +0000] - 424.755 ms localhost
POST /login 200 [15/Nov/2024:19:51:28 +0000] - 1003.573 ms localhost
POST /login 200 [15/Nov/2024:20:28:13 +0000] - 448.926 ms localhost
POST /verifyOtp 200 [15/Nov/2024:20:28:19 +0000] - 20.789 ms localhost
POST /verifyOtp 200 [15/Nov/2024:20:30:39 +0000] - 39.606 ms localhost
POST /verifyOtp 200 [15/Nov/2024:20:30:48 +0000] - 9.166 ms localhost
POST /login 200 [15/Nov/2024:20:31:34 +0000] - 409.085 ms localhost
POST /verifyOtp 200 [15/Nov/2024:20:32:14 +0000] - 19.204 ms localhost
POST /verifyOtp 200 [15/Nov/2024:20:32:32 +0000] - 10.380 ms localhost
POST /login 200 [15/Nov/2024:20:35:09 +0000] - 298.797 ms localhost
POST /verifyOtp 200 [15/Nov/2024:20:35:25 +0000] - 9.758 ms localhost
POST /login 200 [15/Nov/2024:20:37:05 +0000] - 392.146 ms localhost
POST /verifyOtp 200 [15/Nov/2024:20:37:27 +0000] - 24.487 ms localhost
POST /login 200 [15/Nov/2024:20:39:57 +0000] - 471.379 ms localhost
POST /verifyOtp 200 [15/Nov/2024:20:40:16 +0000] - 31.405 ms localhost
POST /login 200 [15/Nov/2024:20:41:39 +0000] - 417.229 ms localhost
POST /verifyOtp 200 [15/Nov/2024:20:41:57 +0000] - 17.934 ms localhost
POST /verifyOtp 200 [15/Nov/2024:20:42:27 +0000] - 13.679 ms localhost
POST /login 200 [15/Nov/2024:20:45:11 +0000] - 416.869 ms localhost
POST /verifyOtp 200 [15/Nov/2024:20:45:31 +0000] - 22.700 ms localhost
POST /login 200 [15/Nov/2024:20:54:42 +0000] - 420.789 ms localhost
POST /verifyOtp 200 [15/Nov/2024:20:55:03 +0000] - 18.526 ms localhost
POST /verifyOtp 200 [15/Nov/2024:20:55:19 +0000] - 10.793 ms localhost
POST /verifyOtp 200 [15/Nov/2024:20:55:31 +0000] - 6.997 ms localhost
POST /verifyOtp 200 [15/Nov/2024:20:55:35 +0000] - 7.440 ms localhost
POST /verifyOtp 200 [15/Nov/2024:20:55:50 +0000] - 6.840 ms localhost
POST /verifyOtp 200 [15/Nov/2024:20:56:22 +0000] - 40.211 ms localhost
POST /verifyOtp 200 [15/Nov/2024:20:57:03 +0000] - 12.543 ms localhost
POST /verifyOtp 200 [15/Nov/2024:20:58:29 +0000] - 48.214 ms localhost
POST /login 200 [15/Nov/2024:21:34:49 +0000] - 574.422 ms localhost
POST /verifyOtp 200 [15/Nov/2024:21:35:03 +0000] - 37.439 ms localhost
POST /login 200 [15/Nov/2024:22:32:22 +0000] - 616.994 ms localhost
GET /sendOtp/672fa8abb6da377b761a20dc 200 [15/Nov/2024:22:51:25 +0000] - 128.977 ms localhost
POST /login 200 [15/Nov/2024:22:53:08 +0000] - 212.340 ms localhost
GET /sendOtp/672fa8abb6da377b761a20dc 304 [15/Nov/2024:22:54:10 +0000] - 36.038 ms localhost
POST /verifyOtp 200 [15/Nov/2024:22:54:26 +0000] - 10.822 ms localhost
POST /login 200 [15/Nov/2024:22:55:22 +0000] - 115.023 ms localhost
GET /sendOtp/672fa8abb6da377b761a20dc 304 [15/Nov/2024:22:55:28 +0000] - 11.201 ms localhost
GET /sendOtp/672fa8abb6da377b761a20dc 304 [15/Nov/2024:22:55:54 +0000] - 10.210 ms localhost
GET /sendOtp/672fa8abb6da377b761a20dc 304 [15/Nov/2024:22:57:32 +0000] - 13.148 ms localhost
GET /sendOtp/672fa8abb6da377b761a20dc 304 [15/Nov/2024:22:57:45 +0000] - 11.109 ms localhost
POST /sendMail 200 [16/Nov/2024:14:00:27 +0000] - 487.968 ms localhost
POST /sendMail 200 [16/Nov/2024:14:10:42 +0000] - 79.334 ms localhost
POST /register 200 [16/Nov/2024:19:55:46 +0000] - 672.870 ms localhost
POST /login 200 [16/Nov/2024:20:41:51 +0000] - 355.234 ms localhost
POST /verifyOtp 200 [16/Nov/2024:20:42:59 +0000] - 54.171 ms localhost
POST /login 200 [16/Nov/2024:20:44:45 +0000] - 426.737 ms localhost
POST /verifyOtp 200 [16/Nov/2024:20:44:59 +0000] - 11.033 ms localhost
POST /login 200 [16/Nov/2024:20:49:58 +0000] - 381.407 ms localhost
POST /login 200 [16/Nov/2024:20:50:46 +0000] - 291.109 ms localhost
POST /login 200 [16/Nov/2024:20:51:17 +0000] - 254.400 ms localhost
POST /login 200 [16/Nov/2024:20:52:04 +0000] - 214.647 ms localhost
GET /logout 304 [16/Nov/2024:20:56:09 +0000] - 25.293 ms localhost
POST /login 200 [16/Nov/2024:20:56:50 +0000] - 379.615 ms localhost
POST /login 200 [16/Nov/2024:21:00:08 +0000] - 298.422 ms localhost
