GET /refreshToken 304 [14/Dec/2024:10:54:41 +0000] - 129.150 ms localhost
GET /refreshToken 304 [14/Dec/2024:10:54:41 +0000] - 20.054 ms localhost
GET /refreshToken 304 [14/Dec/2024:10:54:41 +0000] - 70.422 ms localhost
GET /refreshToken 304 [14/Dec/2024:10:54:41 +0000] - 31.168 ms localhost
GET /refreshToken 304 [14/Dec/2024:10:54:41 +0000] - 12.101 ms localhost
GET /refreshToken 304 [14/Dec/2024:10:54:41 +0000] - 18.372 ms localhost
GET /refreshToken 304 [14/Dec/2024:10:54:41 +0000] - 65.872 ms localhost
GET /refreshToken 304 [14/Dec/2024:10:54:41 +0000] - 38.246 ms localhost
GET /refreshToken 304 [14/Dec/2024:10:54:41 +0000] - 7.707 ms localhost
GET /refreshToken 304 [14/Dec/2024:10:54:41 +0000] - 29.691 ms localhost
GET /refreshToken 304 [14/Dec/2024:10:54:41 +0000] - 26.438 ms localhost
GET /refreshToken 304 [14/Dec/2024:10:54:41 +0000] - 9.165 ms localhost
GET /refreshToken 304 [14/Dec/2024:10:54:41 +0000] - 9.563 ms localhost
GET /refreshToken 304 [14/Dec/2024:10:54:41 +0000] - 123.852 ms localhost
GET /refreshToken 304 [14/Dec/2024:10:54:42 +0000] - 313.706 ms localhost
GET /refreshToken 304 [14/Dec/2024:10:54:42 +0000] - 26.661 ms localhost
GET /refreshToken 304 [14/Dec/2024:10:54:42 +0000] - 61.477 ms localhost
GET /refreshToken 304 [14/Dec/2024:10:54:42 +0000] - 12.600 ms localhost
GET /refreshToken 304 [14/Dec/2024:10:54:42 +0000] - 10.086 ms localhost
GET /refreshToken 304 [14/Dec/2024:10:54:42 +0000] - 92.771 ms localhost
GET /refreshToken 304 [14/Dec/2024:10:54:42 +0000] - 89.107 ms localhost
GET /refreshToken 304 [14/Dec/2024:10:54:42 +0000] - 72.604 ms localhost
GET /refreshToken 304 [14/Dec/2024:10:54:42 +0000] - 8.021 ms localhost
GET /refreshToken 304 [14/Dec/2024:10:54:42 +0000] - 6.377 ms localhost
GET /refreshToken 304 [14/Dec/2024:10:54:42 +0000] - 4.505 ms localhost
GET /refreshToken 304 [14/Dec/2024:10:54:42 +0000] - 4.741 ms localhost
GET /refreshToken 304 [14/Dec/2024:10:54:42 +0000] - 4.585 ms localhost
GET /refreshToken 304 [14/Dec/2024:10:54:42 +0000] - 74.638 ms localhost
GET /refreshToken 304 [14/Dec/2024:10:54:42 +0000] - 8.023 ms localhost
GET /refreshToken 304 [14/Dec/2024:10:54:42 +0000] - 8.071 ms localhost
GET /refreshToken 304 [14/Dec/2024:10:54:42 +0000] - 4.350 ms localhost
GET /refreshToken 304 [14/Dec/2024:10:54:42 +0000] - 113.588 ms localhost
GET /refreshToken 304 [14/Dec/2024:10:54:42 +0000] - 76.960 ms localhost
GET /refreshToken 304 [14/Dec/2024:10:54:43 +0000] - 426.796 ms localhost
GET /refreshToken 304 [14/Dec/2024:10:54:43 +0000] - 73.879 ms localhost
GET /refreshToken 304 [14/Dec/2024:10:54:43 +0000] - 116.469 ms localhost
GET /refreshToken 304 [14/Dec/2024:10:54:43 +0000] - 64.970 ms localhost
GET /refreshToken 304 [14/Dec/2024:10:54:43 +0000] - 53.985 ms localhost
GET /refreshToken 304 [14/Dec/2024:10:54:43 +0000] - 60.174 ms localhost
GET /refreshToken 304 [14/Dec/2024:10:54:43 +0000] - 6.781 ms localhost
GET /refreshToken 304 [14/Dec/2024:10:54:43 +0000] - 49.728 ms localhost
GET /refreshToken 304 [14/Dec/2024:10:54:43 +0000] - 41.667 ms localhost
GET /refreshToken 304 [14/Dec/2024:10:54:43 +0000] - 27.105 ms localhost
GET /refreshToken 304 [14/Dec/2024:10:54:43 +0000] - 45.734 ms localhost
GET /refreshToken 304 [14/Dec/2024:10:54:44 +0000] - 56.936 ms localhost
GET /refreshToken 304 [14/Dec/2024:10:54:44 +0000] - 25.215 ms localhost
GET /refreshToken 304 [14/Dec/2024:10:54:44 +0000] - 22.542 ms localhost
GET /refreshToken 304 [14/Dec/2024:10:54:44 +0000] - 7.471 ms localhost
GET /refreshToken 304 [14/Dec/2024:10:54:44 +0000] - 4.995 ms localhost
GET /refreshToken 304 [14/Dec/2024:10:54:44 +0000] - 6.149 ms localhost
GET /refreshToken 304 [14/Dec/2024:10:54:44 +0000] - 19.517 ms localhost
GET /refreshToken 304 [14/Dec/2024:10:54:44 +0000] - 83.813 ms localhost
GET /refreshToken 304 [14/Dec/2024:10:54:44 +0000] - 5.236 ms localhost
GET /refreshToken 304 [14/Dec/2024:10:54:44 +0000] - 8.015 ms localhost
GET /refreshToken 304 [14/Dec/2024:10:54:44 +0000] - 8.836 ms localhost
GET /refreshToken 304 [14/Dec/2024:10:54:44 +0000] - 16.920 ms localhost
GET /refreshToken 304 [14/Dec/2024:10:54:44 +0000] - 6.114 ms localhost
GET /refreshToken 304 [14/Dec/2024:10:54:44 +0000] - 30.711 ms localhost
GET /refreshToken 304 [14/Dec/2024:10:54:44 +0000] - 6.833 ms localhost
GET /refreshToken 304 [14/Dec/2024:10:54:44 +0000] - 8.640 ms localhost
GET /refreshToken 304 [14/Dec/2024:10:54:44 +0000] - 10.792 ms localhost
GET /refreshToken 304 [14/Dec/2024:10:54:44 +0000] - 7.598 ms localhost
GET /refreshToken 304 [14/Dec/2024:10:54:44 +0000] - 30.749 ms localhost
GET /refreshToken 304 [14/Dec/2024:10:54:44 +0000] - 30.064 ms localhost
GET /refreshToken 304 [14/Dec/2024:10:54:44 +0000] - 13.830 ms localhost
GET /refreshToken 304 [14/Dec/2024:10:54:44 +0000] - 28.163 ms localhost
GET /refreshToken 304 [14/Dec/2024:10:54:44 +0000] - 24.546 ms localhost
GET /refreshToken 304 [14/Dec/2024:10:54:44 +0000] - 21.169 ms localhost
GET /refreshToken 304 [14/Dec/2024:10:54:44 +0000] - 6.517 ms localhost
GET /refreshToken 304 [14/Dec/2024:10:54:45 +0000] - 5.971 ms localhost
GET /refreshToken 304 [14/Dec/2024:10:54:45 +0000] - 8.668 ms localhost
GET /refreshToken 304 [14/Dec/2024:10:54:45 +0000] - 38.828 ms localhost
GET /refreshToken 304 [14/Dec/2024:10:54:45 +0000] - 16.165 ms localhost
GET /refreshToken 304 [14/Dec/2024:10:54:45 +0000] - 20.863 ms localhost
GET /refreshToken 304 [14/Dec/2024:10:54:45 +0000] - 17.489 ms localhost
GET /refreshToken 304 [14/Dec/2024:10:54:45 +0000] - 150.724 ms localhost
GET /refreshToken 304 [14/Dec/2024:10:54:45 +0000] - 44.614 ms localhost
GET /refreshToken 304 [14/Dec/2024:10:54:45 +0000] - 6.788 ms localhost
GET /refreshToken 304 [14/Dec/2024:10:54:45 +0000] - 38.613 ms localhost
GET /refreshToken 304 [14/Dec/2024:10:54:45 +0000] - 6.282 ms localhost
GET /refreshToken 304 [14/Dec/2024:10:54:45 +0000] - 11.664 ms localhost
GET /refreshToken 304 [14/Dec/2024:10:54:45 +0000] - 48.473 ms localhost
GET /refreshToken 304 [14/Dec/2024:10:54:45 +0000] - 15.012 ms localhost
GET /refreshToken 304 [14/Dec/2024:10:54:46 +0000] - 13.797 ms localhost
GET /refreshToken 304 [14/Dec/2024:10:54:46 +0000] - 48.090 ms localhost
GET /refreshToken 304 [14/Dec/2024:10:54:46 +0000] - 14.370 ms localhost
GET /refreshToken 304 [14/Dec/2024:10:54:46 +0000] - 19.447 ms localhost
GET /refreshToken 304 [14/Dec/2024:10:54:46 +0000] - 11.270 ms localhost
GET /refreshToken 304 [14/Dec/2024:10:54:46 +0000] - 7.875 ms localhost
GET /refreshToken 304 [14/Dec/2024:10:54:46 +0000] - 86.566 ms localhost
GET /refreshToken 304 [14/Dec/2024:10:54:46 +0000] - 61.679 ms localhost
GET /refreshToken 304 [14/Dec/2024:10:54:46 +0000] - 49.667 ms localhost
GET /refreshToken 304 [14/Dec/2024:10:54:46 +0000] - 32.728 ms localhost
GET /refreshToken 304 [14/Dec/2024:10:54:46 +0000] - 20.490 ms localhost
GET /refreshToken 304 [14/Dec/2024:10:54:47 +0000] - 13.532 ms localhost
GET /refreshToken 304 [14/Dec/2024:10:54:47 +0000] - 5.732 ms localhost
GET /refreshToken 304 [14/Dec/2024:10:54:47 +0000] - 16.193 ms localhost
GET /refreshToken 304 [14/Dec/2024:10:54:47 +0000] - 7.266 ms localhost
GET /refreshToken 304 [14/Dec/2024:10:54:47 +0000] - 24.526 ms localhost
GET /refreshToken 304 [14/Dec/2024:10:54:47 +0000] - 14.231 ms localhost
GET /refreshToken 304 [14/Dec/2024:10:54:47 +0000] - 103.290 ms localhost
GET /refreshToken 304 [14/Dec/2024:10:54:47 +0000] - 74.603 ms localhost
GET /refreshToken 304 [14/Dec/2024:10:54:47 +0000] - 54.163 ms localhost
GET /refreshToken 304 [14/Dec/2024:10:54:47 +0000] - 44.091 ms localhost
GET /refreshToken 304 [14/Dec/2024:10:54:48 +0000] - 18.464 ms localhost
GET /refreshToken 304 [14/Dec/2024:10:54:48 +0000] - 41.649 ms localhost
GET /refreshToken 304 [14/Dec/2024:10:54:48 +0000] - 4.638 ms localhost
GET /refreshToken 304 [14/Dec/2024:10:54:48 +0000] - 44.010 ms localhost
GET /refreshToken 304 [14/Dec/2024:10:54:48 +0000] - 178.550 ms localhost
GET /refreshToken 304 [14/Dec/2024:10:54:48 +0000] - 7.789 ms localhost
GET /refreshToken 304 [14/Dec/2024:10:54:48 +0000] - 4.778 ms localhost
GET /refreshToken 304 [14/Dec/2024:10:54:48 +0000] - 5.054 ms localhost
GET /refreshToken 304 [14/Dec/2024:10:54:48 +0000] - 4.083 ms localhost
GET /refreshToken 304 [14/Dec/2024:10:54:48 +0000] - 217.557 ms localhost
GET /refreshToken 304 [14/Dec/2024:10:54:49 +0000] - 49.306 ms localhost
GET /refreshToken 304 [14/Dec/2024:10:54:49 +0000] - 79.389 ms localhost
GET /refreshToken 304 [14/Dec/2024:10:54:49 +0000] - 47.964 ms localhost
GET /refreshToken 304 [14/Dec/2024:10:54:49 +0000] - 322.693 ms localhost
GET /refreshToken 304 [14/Dec/2024:10:54:50 +0000] - 251.017 ms localhost
GET /refreshToken 304 [14/Dec/2024:10:54:50 +0000] - 9.177 ms localhost
GET /refreshToken 304 [14/Dec/2024:10:54:50 +0000] - 11.350 ms localhost
GET /refreshToken 304 [14/Dec/2024:10:54:50 +0000] - 10.146 ms localhost
GET /refreshToken 304 [14/Dec/2024:10:54:50 +0000] - 11.213 ms localhost
GET /refreshToken 304 [14/Dec/2024:10:54:50 +0000] - 7.111 ms localhost
GET /refreshToken 304 [14/Dec/2024:10:54:50 +0000] - 5.254 ms localhost
GET /refreshToken 304 [14/Dec/2024:10:54:50 +0000] - 4.574 ms localhost
GET /refreshToken 304 [14/Dec/2024:10:54:50 +0000] - 5.113 ms localhost
GET /refreshToken 304 [14/Dec/2024:10:54:50 +0000] - 23.950 ms localhost
GET /refreshToken 304 [14/Dec/2024:10:54:50 +0000] - 4.386 ms localhost
GET /refreshToken 304 [14/Dec/2024:10:54:50 +0000] - 4.202 ms localhost
GET /refreshToken 304 [14/Dec/2024:10:54:50 +0000] - 7.024 ms localhost
GET /refreshToken 304 [14/Dec/2024:10:54:50 +0000] - 4.335 ms localhost
GET /refreshToken 304 [14/Dec/2024:10:54:50 +0000] - 5.495 ms localhost
GET /refreshToken 304 [14/Dec/2024:10:54:50 +0000] - 4.088 ms localhost
GET /refreshToken 304 [14/Dec/2024:10:54:50 +0000] - 4.199 ms localhost
GET /refreshToken 304 [14/Dec/2024:10:54:50 +0000] - 5.219 ms localhost
GET /refreshToken 304 [14/Dec/2024:10:54:50 +0000] - 4.013 ms localhost
GET /refreshToken 304 [14/Dec/2024:10:54:50 +0000] - 4.827 ms localhost
GET /refreshToken 304 [14/Dec/2024:10:54:50 +0000] - 6.013 ms localhost
GET /refreshToken 304 [14/Dec/2024:10:54:51 +0000] - 4.447 ms localhost
GET /refreshToken 304 [14/Dec/2024:10:54:51 +0000] - 5.696 ms localhost
GET /refreshToken 304 [14/Dec/2024:10:54:51 +0000] - 5.489 ms localhost
GET /refreshToken 304 [14/Dec/2024:10:54:51 +0000] - 11.094 ms localhost
GET /refreshToken 304 [14/Dec/2024:10:54:51 +0000] - 4.858 ms localhost
GET /refreshToken 304 [14/Dec/2024:10:54:51 +0000] - 4.454 ms localhost
GET /refreshToken 304 [14/Dec/2024:10:54:51 +0000] - 4.346 ms localhost
GET /refreshToken 304 [14/Dec/2024:10:54:51 +0000] - 5.368 ms localhost
GET /refreshToken 304 [14/Dec/2024:10:54:51 +0000] - 7.787 ms localhost
GET /refreshToken 304 [14/Dec/2024:10:54:51 +0000] - 4.641 ms localhost
GET /refreshToken 304 [14/Dec/2024:10:54:51 +0000] - 4.469 ms localhost
GET /refreshToken 304 [14/Dec/2024:10:54:51 +0000] - 5.294 ms localhost
GET /refreshToken 304 [14/Dec/2024:10:54:51 +0000] - 4.433 ms localhost
GET /refreshToken 304 [14/Dec/2024:10:54:51 +0000] - 4.153 ms localhost
GET /refreshToken 304 [14/Dec/2024:10:54:52 +0000] - 4.387 ms localhost
GET /refreshToken 304 [14/Dec/2024:10:54:52 +0000] - 4.788 ms localhost
GET /refreshToken 304 [14/Dec/2024:10:54:52 +0000] - 4.696 ms localhost
GET /refreshToken 304 [14/Dec/2024:10:54:52 +0000] - 4.533 ms localhost
GET /refreshToken 304 [14/Dec/2024:10:54:52 +0000] - 11.814 ms localhost
GET /refreshToken 304 [14/Dec/2024:10:54:52 +0000] - 4.877 ms localhost
GET /refreshToken 304 [14/Dec/2024:10:54:52 +0000] - 6.179 ms localhost
GET /refreshToken 304 [14/Dec/2024:10:54:52 +0000] - 7.030 ms localhost
GET /refreshToken 304 [14/Dec/2024:10:54:52 +0000] - 4.441 ms localhost
GET /refreshToken 304 [14/Dec/2024:10:54:52 +0000] - 5.213 ms localhost
GET /refreshToken 304 [14/Dec/2024:10:54:52 +0000] - 5.533 ms localhost
GET /refreshToken 304 [14/Dec/2024:10:54:52 +0000] - 4.134 ms localhost
GET /refreshToken 304 [14/Dec/2024:10:54:52 +0000] - 5.503 ms localhost
GET /refreshToken 304 [14/Dec/2024:10:54:52 +0000] - 4.646 ms localhost
GET /refreshToken 304 [14/Dec/2024:10:54:52 +0000] - 4.121 ms localhost
GET /refreshToken 304 [14/Dec/2024:10:54:52 +0000] - 3.833 ms localhost
GET /refreshToken 304 [14/Dec/2024:10:54:52 +0000] - 4.051 ms localhost
GET /refreshToken 304 [14/Dec/2024:10:54:52 +0000] - 5.220 ms localhost
GET /refreshToken 304 [14/Dec/2024:10:54:52 +0000] - 4.977 ms localhost
GET /refreshToken 304 [14/Dec/2024:10:54:52 +0000] - 4.229 ms localhost
GET /refreshToken 304 [14/Dec/2024:10:54:53 +0000] - 6.302 ms localhost
GET /refreshToken 304 [14/Dec/2024:10:54:53 +0000] - 5.458 ms localhost
GET /refreshToken 304 [14/Dec/2024:10:54:53 +0000] - 4.345 ms localhost
GET /refreshToken 304 [14/Dec/2024:10:54:53 +0000] - 4.371 ms localhost
GET /refreshToken 304 [14/Dec/2024:10:54:53 +0000] - 6.447 ms localhost
GET /refreshToken 304 [14/Dec/2024:10:54:53 +0000] - 13.612 ms localhost
GET /refreshToken 304 [14/Dec/2024:10:54:53 +0000] - 9.854 ms localhost
GET /refreshToken 304 [14/Dec/2024:10:54:53 +0000] - 3.643 ms localhost
GET /refreshToken 304 [14/Dec/2024:10:54:53 +0000] - 3.965 ms localhost
GET /refreshToken 304 [14/Dec/2024:10:54:53 +0000] - 5.013 ms localhost
GET /refreshToken 304 [14/Dec/2024:10:54:53 +0000] - 5.518 ms localhost
GET /refreshToken 304 [14/Dec/2024:10:54:53 +0000] - 4.268 ms localhost
GET /refreshToken 304 [14/Dec/2024:10:54:53 +0000] - 5.925 ms localhost
GET /refreshToken 304 [14/Dec/2024:10:54:53 +0000] - 6.135 ms localhost
GET /refreshToken 304 [14/Dec/2024:10:54:53 +0000] - 17.333 ms localhost
GET /refreshToken 304 [14/Dec/2024:10:54:54 +0000] - 4.353 ms localhost
GET /refreshToken 304 [14/Dec/2024:10:54:54 +0000] - 27.396 ms localhost
GET /refreshToken 304 [14/Dec/2024:10:54:54 +0000] - 6.221 ms localhost
GET /refreshToken 304 [14/Dec/2024:10:54:54 +0000] - 25.011 ms localhost
GET /refreshToken 304 [14/Dec/2024:10:54:54 +0000] - 4.512 ms localhost
GET /refreshToken 304 [14/Dec/2024:10:54:54 +0000] - 5.790 ms localhost
GET /refreshToken 304 [14/Dec/2024:10:54:54 +0000] - 5.168 ms localhost
GET /refreshToken 304 [14/Dec/2024:10:54:54 +0000] - 6.677 ms localhost
GET /refreshToken 304 [14/Dec/2024:10:54:54 +0000] - 4.342 ms localhost
GET /refreshToken 304 [14/Dec/2024:10:54:54 +0000] - 4.592 ms localhost
GET /refreshToken 304 [14/Dec/2024:10:54:54 +0000] - 8.810 ms localhost
GET /refreshToken 304 [14/Dec/2024:10:54:54 +0000] - 5.042 ms localhost
GET /refreshToken 304 [14/Dec/2024:10:54:54 +0000] - 4.948 ms localhost
GET /refreshToken 304 [14/Dec/2024:10:54:54 +0000] - 4.492 ms localhost
GET /refreshToken 304 [14/Dec/2024:10:54:54 +0000] - 5.634 ms localhost
GET /refreshToken 304 [14/Dec/2024:10:54:54 +0000] - 6.549 ms localhost
GET /refreshToken 304 [14/Dec/2024:10:54:54 +0000] - 5.070 ms localhost
GET /refreshToken 304 [14/Dec/2024:10:54:54 +0000] - 5.487 ms localhost
GET /refreshToken 304 [14/Dec/2024:10:54:54 +0000] - 5.330 ms localhost
GET /refreshToken 304 [14/Dec/2024:10:54:54 +0000] - 5.167 ms localhost
GET /refreshToken 304 [14/Dec/2024:10:54:55 +0000] - 5.420 ms localhost
GET /refreshToken 304 [14/Dec/2024:10:54:55 +0000] - 5.085 ms localhost
GET /refreshToken 304 [14/Dec/2024:10:54:55 +0000] - 6.910 ms localhost
GET /refreshToken 304 [14/Dec/2024:10:54:55 +0000] - 4.493 ms localhost
GET /refreshToken 304 [14/Dec/2024:10:54:55 +0000] - 5.419 ms localhost
GET /refreshToken 304 [14/Dec/2024:10:54:55 +0000] - 4.857 ms localhost
GET /refreshToken 304 [14/Dec/2024:10:54:55 +0000] - 5.217 ms localhost
GET /refreshToken 304 [14/Dec/2024:10:54:55 +0000] - 5.493 ms localhost
GET /refreshToken 304 [14/Dec/2024:10:54:55 +0000] - 4.775 ms localhost
GET /refreshToken 304 [14/Dec/2024:10:54:55 +0000] - 6.579 ms localhost
GET /refreshToken 304 [14/Dec/2024:10:54:55 +0000] - 5.305 ms localhost
GET /refreshToken 304 [14/Dec/2024:10:54:55 +0000] - 4.363 ms localhost
GET /refreshToken 304 [14/Dec/2024:10:54:55 +0000] - 7.221 ms localhost
GET /refreshToken 304 [14/Dec/2024:10:54:55 +0000] - 5.281 ms localhost
GET /refreshToken 304 [14/Dec/2024:10:54:55 +0000] - 6.956 ms localhost
GET /refreshToken 304 [14/Dec/2024:10:54:55 +0000] - 4.998 ms localhost
GET /refreshToken 304 [14/Dec/2024:10:54:55 +0000] - 4.375 ms localhost
GET /refreshToken 304 [14/Dec/2024:10:54:55 +0000] - 4.339 ms localhost
GET /refreshToken 304 [14/Dec/2024:10:54:55 +0000] - 4.799 ms localhost
GET /refreshToken 304 [14/Dec/2024:10:54:55 +0000] - 3.884 ms localhost
GET /refreshToken 304 [14/Dec/2024:10:54:55 +0000] - 4.189 ms localhost
GET /refreshToken 304 [14/Dec/2024:10:54:55 +0000] - 4.820 ms localhost
GET /refreshToken 304 [14/Dec/2024:10:54:55 +0000] - 6.253 ms localhost
GET /refreshToken 304 [14/Dec/2024:10:54:55 +0000] - 5.743 ms localhost
GET /refreshToken 304 [14/Dec/2024:10:54:55 +0000] - 5.398 ms localhost
GET /refreshToken 304 [14/Dec/2024:10:54:56 +0000] - 7.490 ms localhost
GET /refreshToken 304 [14/Dec/2024:10:54:56 +0000] - 4.293 ms localhost
GET /refreshToken 304 [14/Dec/2024:10:54:56 +0000] - 5.560 ms localhost
GET /refreshToken 304 [14/Dec/2024:10:54:56 +0000] - 6.540 ms localhost
GET /refreshToken 304 [14/Dec/2024:10:54:56 +0000] - 4.776 ms localhost
GET /refreshToken 304 [14/Dec/2024:10:54:56 +0000] - 4.432 ms localhost
GET /refreshToken 304 [14/Dec/2024:10:54:56 +0000] - 7.395 ms localhost
GET /refreshToken 304 [14/Dec/2024:10:54:56 +0000] - 5.630 ms localhost
GET /refreshToken 304 [14/Dec/2024:10:54:56 +0000] - 5.077 ms localhost
GET /refreshToken 304 [14/Dec/2024:10:54:56 +0000] - 5.403 ms localhost
GET /refreshToken 304 [14/Dec/2024:10:54:56 +0000] - 4.591 ms localhost
GET /refreshToken 304 [14/Dec/2024:10:54:56 +0000] - 4.630 ms localhost
GET /refreshToken 304 [14/Dec/2024:10:54:56 +0000] - 5.475 ms localhost
GET /refreshToken 304 [14/Dec/2024:10:54:56 +0000] - 6.582 ms localhost
GET /refreshToken 304 [14/Dec/2024:10:54:56 +0000] - 5.802 ms localhost
GET /refreshToken 304 [14/Dec/2024:10:54:56 +0000] - 5.742 ms localhost
GET /refreshToken 304 [14/Dec/2024:10:54:56 +0000] - 5.335 ms localhost
GET /refreshToken 304 [14/Dec/2024:10:54:56 +0000] - 5.638 ms localhost
GET /refreshToken 304 [14/Dec/2024:10:54:56 +0000] - 6.477 ms localhost
GET /refreshToken 304 [14/Dec/2024:10:54:56 +0000] - 5.151 ms localhost
GET /refreshToken 304 [14/Dec/2024:10:54:56 +0000] - 4.449 ms localhost
GET /refreshToken 304 [14/Dec/2024:10:54:56 +0000] - 26.355 ms localhost
GET /refreshToken 304 [14/Dec/2024:10:54:57 +0000] - 35.684 ms localhost
GET /refreshToken 304 [14/Dec/2024:10:54:57 +0000] - 46.765 ms localhost
GET /refreshToken 304 [14/Dec/2024:10:54:57 +0000] - 5.957 ms localhost
GET /refreshToken 304 [14/Dec/2024:10:54:57 +0000] - 4.719 ms localhost
GET /refreshToken 304 [14/Dec/2024:10:54:57 +0000] - 6.060 ms localhost
GET /refreshToken 304 [14/Dec/2024:10:54:57 +0000] - 5.448 ms localhost
GET /refreshToken 304 [14/Dec/2024:10:54:57 +0000] - 5.031 ms localhost
GET /refreshToken 304 [14/Dec/2024:10:54:57 +0000] - 4.748 ms localhost
GET /refreshToken 304 [14/Dec/2024:10:54:57 +0000] - 4.465 ms localhost
GET /refreshToken 304 [14/Dec/2024:10:54:57 +0000] - 4.578 ms localhost
GET /refreshToken 304 [14/Dec/2024:10:54:57 +0000] - 4.760 ms localhost
GET /refreshToken 304 [14/Dec/2024:10:54:57 +0000] - 4.569 ms localhost
GET /refreshToken 304 [14/Dec/2024:10:54:57 +0000] - 5.473 ms localhost
GET /refreshToken 304 [14/Dec/2024:10:54:57 +0000] - 4.324 ms localhost
GET /refreshToken 304 [14/Dec/2024:10:54:57 +0000] - 4.544 ms localhost
GET /refreshToken 304 [14/Dec/2024:10:54:57 +0000] - 5.276 ms localhost
GET /refreshToken 304 [14/Dec/2024:10:54:57 +0000] - 5.649 ms localhost
GET /refreshToken 304 [14/Dec/2024:10:54:57 +0000] - 5.344 ms localhost
GET /refreshToken 304 [14/Dec/2024:10:54:57 +0000] - 5.979 ms localhost
GET /refreshToken 304 [14/Dec/2024:10:54:58 +0000] - 5.399 ms localhost
GET /refreshToken 304 [14/Dec/2024:10:54:58 +0000] - 4.305 ms localhost
GET /refreshToken 304 [14/Dec/2024:10:54:58 +0000] - 5.890 ms localhost
GET /refreshToken 304 [14/Dec/2024:10:54:58 +0000] - 5.210 ms localhost
GET /refreshToken 304 [14/Dec/2024:10:54:58 +0000] - 4.842 ms localhost
GET /refreshToken 304 [14/Dec/2024:10:54:58 +0000] - 5.281 ms localhost
GET /refreshToken 304 [14/Dec/2024:10:54:58 +0000] - 5.181 ms localhost
GET /refreshToken 304 [14/Dec/2024:10:54:58 +0000] - 5.053 ms localhost
GET /refreshToken 304 [14/Dec/2024:10:54:58 +0000] - 4.467 ms localhost
GET /refreshToken 304 [14/Dec/2024:10:54:58 +0000] - 4.979 ms localhost
GET /refreshToken 304 [14/Dec/2024:10:54:58 +0000] - 4.694 ms localhost
GET /refreshToken 304 [14/Dec/2024:10:54:58 +0000] - 4.571 ms localhost
GET /refreshToken 304 [14/Dec/2024:10:54:58 +0000] - 4.105 ms localhost
GET /refreshToken 304 [14/Dec/2024:10:54:58 +0000] - 6.391 ms localhost
GET /refreshToken 304 [14/Dec/2024:10:54:58 +0000] - 4.883 ms localhost
GET /refreshToken 304 [14/Dec/2024:10:54:58 +0000] - 5.109 ms localhost
GET /refreshToken 304 [14/Dec/2024:10:54:58 +0000] - 4.938 ms localhost
GET /refreshToken 304 [14/Dec/2024:10:54:58 +0000] - 3.680 ms localhost
GET /refreshToken 304 [14/Dec/2024:10:54:58 +0000] - 6.211 ms localhost
GET /refreshToken 304 [14/Dec/2024:10:54:58 +0000] - 4.694 ms localhost
GET /refreshToken 304 [14/Dec/2024:10:54:58 +0000] - 5.150 ms localhost
GET /refreshToken 304 [14/Dec/2024:10:54:58 +0000] - 4.356 ms localhost
GET /refreshToken 304 [14/Dec/2024:10:54:58 +0000] - 6.444 ms localhost
GET /refreshToken 304 [14/Dec/2024:10:54:58 +0000] - 4.466 ms localhost
GET /refreshToken 304 [14/Dec/2024:10:54:58 +0000] - 4.686 ms localhost
GET /refreshToken 304 [14/Dec/2024:10:54:58 +0000] - 5.150 ms localhost
GET /refreshToken 304 [14/Dec/2024:10:54:59 +0000] - 4.863 ms localhost
GET /refreshToken 304 [14/Dec/2024:10:54:59 +0000] - 3.722 ms localhost
GET /refreshToken 304 [14/Dec/2024:10:54:59 +0000] - 5.790 ms localhost
GET /refreshToken 304 [14/Dec/2024:10:54:59 +0000] - 5.300 ms localhost
GET /refreshToken 304 [14/Dec/2024:10:54:59 +0000] - 5.158 ms localhost
GET /refreshToken 304 [14/Dec/2024:10:54:59 +0000] - 4.612 ms localhost
GET /refreshToken 304 [14/Dec/2024:10:54:59 +0000] - 6.988 ms localhost
GET /refreshToken 304 [14/Dec/2024:10:54:59 +0000] - 4.214 ms localhost
GET /refreshToken 304 [14/Dec/2024:10:54:59 +0000] - 5.214 ms localhost
GET /refreshToken 304 [14/Dec/2024:10:54:59 +0000] - 4.296 ms localhost
GET /refreshToken 304 [14/Dec/2024:10:54:59 +0000] - 4.989 ms localhost
GET /refreshToken 304 [14/Dec/2024:10:54:59 +0000] - 4.474 ms localhost
GET /refreshToken 304 [14/Dec/2024:10:54:59 +0000] - 4.562 ms localhost
GET /refreshToken 304 [14/Dec/2024:10:54:59 +0000] - 5.211 ms localhost
GET /refreshToken 304 [14/Dec/2024:10:54:59 +0000] - 4.296 ms localhost
GET /refreshToken 304 [14/Dec/2024:10:54:59 +0000] - 4.310 ms localhost
GET /refreshToken 304 [14/Dec/2024:10:54:59 +0000] - 4.349 ms localhost
GET /refreshToken 304 [14/Dec/2024:10:54:59 +0000] - 5.165 ms localhost
GET /refreshToken 304 [14/Dec/2024:10:54:59 +0000] - 4.734 ms localhost
GET /refreshToken 304 [14/Dec/2024:10:54:59 +0000] - 5.716 ms localhost
GET /refreshToken 304 [14/Dec/2024:10:54:59 +0000] - 4.152 ms localhost
GET /refreshToken 304 [14/Dec/2024:10:54:59 +0000] - 5.619 ms localhost
GET /refreshToken 304 [14/Dec/2024:10:54:59 +0000] - 5.787 ms localhost
GET /refreshToken 304 [14/Dec/2024:10:54:59 +0000] - 3.740 ms localhost
GET /refreshToken 304 [14/Dec/2024:10:54:59 +0000] - 3.833 ms localhost
GET /refreshToken 304 [14/Dec/2024:10:54:59 +0000] - 4.686 ms localhost
GET /refreshToken 304 [14/Dec/2024:10:54:59 +0000] - 4.388 ms localhost
GET /refreshToken 304 [14/Dec/2024:10:54:59 +0000] - 5.413 ms localhost
GET /refreshToken 304 [14/Dec/2024:10:55:00 +0000] - 4.292 ms localhost
GET /refreshToken 304 [14/Dec/2024:10:55:00 +0000] - 4.181 ms localhost
GET /refreshToken 304 [14/Dec/2024:10:55:00 +0000] - 4.961 ms localhost
GET /refreshToken 304 [14/Dec/2024:10:55:00 +0000] - 3.908 ms localhost
GET /refreshToken 304 [14/Dec/2024:10:55:00 +0000] - 4.371 ms localhost
GET /refreshToken 304 [14/Dec/2024:10:55:00 +0000] - 4.648 ms localhost
GET /refreshToken 304 [14/Dec/2024:10:55:00 +0000] - 4.398 ms localhost
GET /refreshToken 304 [14/Dec/2024:10:55:00 +0000] - 6.914 ms localhost
GET /refreshToken 304 [14/Dec/2024:10:55:00 +0000] - 4.958 ms localhost
GET /refreshToken 304 [14/Dec/2024:10:55:00 +0000] - 5.667 ms localhost
GET /refreshToken 304 [14/Dec/2024:10:55:00 +0000] - 5.559 ms localhost
GET /refreshToken 304 [14/Dec/2024:10:55:00 +0000] - 5.327 ms localhost
GET /refreshToken 304 [14/Dec/2024:10:55:00 +0000] - 4.771 ms localhost
GET /refreshToken 304 [14/Dec/2024:10:55:00 +0000] - 5.942 ms localhost
POST /login - [14/Dec/2024:10:55:00 +0000] - - ms localhost
POST /login 200 [14/Dec/2024:10:57:43 +0000] - 367.109 ms localhost
POST /login 200 [14/Dec/2024:15:30:55 +0000] - 591.976 ms localhost
GET /usersCount 304 [14/Dec/2024:15:31:10 +0000] - 99.886 ms localhost
GET /users?pageNumber=1&pageSize=2 304 [14/Dec/2024:15:31:10 +0000] - 56.427 ms localhost
POST /verifyUser 200 [14/Dec/2024:15:31:28 +0000] - 5442.879 ms localhost
GET /users?pageNumber=1&pageSize=2 200 [14/Dec/2024:15:31:28 +0000] - 38.333 ms localhost
GET /users?pageNumber=2&pageSize=2 304 [14/Dec/2024:15:32:02 +0000] - 27.353 ms localhost
GET /users?pageNumber=3&pageSize=2 200 [14/Dec/2024:15:32:07 +0000] - 36.091 ms localhost
GET /users?pageNumber=1&pageSize=2 304 [14/Dec/2024:15:32:10 +0000] - 10.213 ms localhost
GET /user/673ac7d8306657184e800578 200 [14/Dec/2024:15:32:19 +0000] - 29.276 ms localhost
POST /login 200 [14/Dec/2024:18:10:38 +0000] - 1301.048 ms localhost
POST /login 200 [14/Dec/2024:18:28:10 +0000] - 496.530 ms localhost
