POST /login 200 [23/Dec/2024:18:58:56 +0000] - 495.495 ms localhost
GET /refreshToken 304 [23/Dec/2024:19:01:10 +0000] - 13.927 ms localhost
POST /login 200 [23/Dec/2024:19:01:55 +0000] - 311.224 ms localhost
GET /refreshToken 304 [23/Dec/2024:19:05:12 +0000] - 7.533 ms localhost
POST /login 200 [23/Dec/2024:19:12:08 +0000] - 114.216 ms localhost
POST /login 200 [23/Dec/2024:19:18:14 +0000] - 305.389 ms localhost
GET /refreshToken 304 [23/Dec/2024:19:19:31 +0000] - 12.115 ms localhost
POST /login 200 [23/Dec/2024:19:42:59 +0000] - 482.789 ms localhost
POST /login 200 [23/Dec/2024:20:08:39 +0000] - 398.165 ms localhost
GET /refreshToken 304 [23/Dec/2024:20:09:40 +0000] - 21.296 ms localhost
POST /login 200 [23/Dec/2024:20:42:57 +0000] - 409.199 ms localhost
POST /login 200 [23/Dec/2024:20:44:59 +0000] - 357.903 ms localhost
POST /login 200 [23/Dec/2024:20:46:44 +0000] - 309.969 ms localhost
POST /login 200 [23/Dec/2024:20:53:41 +0000] - 128.011 ms localhost
GET /refreshToken 304 [23/Dec/2024:20:55:52 +0000] - 27.675 ms localhost
POST /login 200 [23/Dec/2024:20:56:10 +0000] - 100.711 ms localhost
GET /refreshToken 304 [23/Dec/2024:20:58:19 +0000] - 20.231 ms localhost
POST /login 200 [23/Dec/2024:20:58:55 +0000] - 121.297 ms localhost
POST /login 200 [23/Dec/2024:21:01:02 +0000] - 123.738 ms localhost
GET /refreshToken 304 [23/Dec/2024:21:03:48 +0000] - 7.771 ms localhost
POST /login 200 [23/Dec/2024:21:05:48 +0000] - 123.558 ms localhost
POST /login 200 [23/Dec/2024:21:07:01 +0000] - 111.519 ms localhost
POST /login 200 [23/Dec/2024:21:13:09 +0000] - 114.878 ms localhost
POST /login 200 [23/Dec/2024:21:19:19 +0000] - 126.493 ms localhost
POST /login 200 [23/Dec/2024:21:20:52 +0000] - 98.943 ms localhost
POST /login 200 [23/Dec/2024:21:22:21 +0000] - 125.338 ms localhost
POST /login 200 [23/Dec/2024:21:24:48 +0000] - 146.521 ms localhost
GET /refreshToken 304 [23/Dec/2024:21:26:09 +0000] - 10.235 ms localhost
POST /login 200 [23/Dec/2024:21:28:10 +0000] - 100.435 ms localhost
POST /login 200 [23/Dec/2024:21:33:35 +0000] - 103.048 ms localhost
GET /refreshToken 304 [23/Dec/2024:21:34:54 +0000] - 7.897 ms localhost
GET /refreshToken 304 [23/Dec/2024:21:36:13 +0000] - 7.807 ms localhost
POST /login 200 [23/Dec/2024:21:50:46 +0000] - 122.182 ms localhost
POST /login 200 [23/Dec/2024:21:53:11 +0000] - 127.850 ms localhost
POST /login 200 [23/Dec/2024:21:56:56 +0000] - 125.052 ms localhost
GET /refreshToken 304 [23/Dec/2024:21:59:32 +0000] - 12.834 ms localhost
GET /refreshToken 304 [23/Dec/2024:22:01:18 +0000] - 7.522 ms localhost
POST /login 200 [23/Dec/2024:22:15:58 +0000] - 172.150 ms localhost
GET /refreshToken 304 [23/Dec/2024:22:19:56 +0000] - 9.280 ms localhost
GET /refreshToken 304 [23/Dec/2024:22:21:09 +0000] - 5.997 ms localhost
GET /refreshToken 304 [23/Dec/2024:22:22:14 +0000] - 18.769 ms localhost
GET /refreshToken 304 [23/Dec/2024:22:23:25 +0000] - 11.609 ms localhost
POST /login 200 [23/Dec/2024:22:28:24 +0000] - 149.484 ms localhost
POST /login 200 [23/Dec/2024:22:44:34 +0000] - 482.201 ms localhost
POST /login 400 [23/Dec/2024:22:45:46 +0000] - 10.802 ms localhost
POST /login 400 [23/Dec/2024:22:47:32 +0000] - 8.685 ms localhost
POST /login 400 [23/Dec/2024:22:48:26 +0000] - 13.556 ms localhost
POST /login 400 [23/Dec/2024:22:48:58 +0000] - 14.580 ms localhost
POST /login 200 [23/Dec/2024:23:01:23 +0000] - 153.583 ms localhost
POST /login 403 [23/Dec/2024:23:04:04 +0000] - 26.797 ms localhost
GET /logout 304 [23/Dec/2024:23:04:04 +0000] - 9.831 ms localhost
POST /login 200 [23/Dec/2024:23:04:35 +0000] - 400.016 ms localhost
POST /login 200 [24/Dec/2024:05:38:04 +0000] - 485.460 ms localhost
GET /refreshToken 304 [24/Dec/2024:05:39:58 +0000] - 14.764 ms localhost
GET /refreshToken 304 [24/Dec/2024:05:42:46 +0000] - 17.394 ms localhost
POST /login 200 [24/Dec/2024:05:47:24 +0000] - 304.779 ms localhost
GET /refreshToken 304 [24/Dec/2024:05:49:30 +0000] - 9.406 ms localhost
GET /logout 304 [24/Dec/2024:05:49:39 +0000] - 3.266 ms localhost
POST /login 200 [24/Dec/2024:05:49:47 +0000] - 300.083 ms localhost
POST /login 200 [24/Dec/2024:05:56:24 +0000] - 351.803 ms localhost
GET /refreshToken 304 [24/Dec/2024:06:00:21 +0000] - 7.474 ms localhost
POST /login 200 [24/Dec/2024:06:09:37 +0000] - 281.041 ms localhost
POST /login 200 [24/Dec/2024:06:40:42 +0000] - 398.437 ms localhost
POST /login 200 [24/Dec/2024:06:42:51 +0000] - 301.254 ms localhost
POST /login 200 [24/Dec/2024:06:51:19 +0000] - 112.516 ms localhost
POST /login 200 [24/Dec/2024:06:57:02 +0000] - 308.946 ms localhost
GET /refreshToken 304 [24/Dec/2024:06:58:16 +0000] - 18.992 ms localhost
GET /refreshToken 304 [24/Dec/2024:07:01:02 +0000] - 10.546 ms localhost
POST /login 200 [24/Dec/2024:07:17:12 +0000] - 216.373 ms localhost
POST /login 200 [24/Dec/2024:07:21:18 +0000] - 341.702 ms localhost
POST /login 200 [24/Dec/2024:07:22:26 +0000] - 321.677 ms localhost
POST /login 200 [24/Dec/2024:07:34:47 +0000] - 417.018 ms localhost
POST /login 200 [24/Dec/2024:07:36:23 +0000] - 304.102 ms localhost
POST /login 200 [24/Dec/2024:07:38:02 +0000] - 350.820 ms localhost
POST /login 200 [24/Dec/2024:07:40:06 +0000] - 318.616 ms localhost
POST /login 200 [24/Dec/2024:07:43:21 +0000] - 316.278 ms localhost
POST /login 200 [24/Dec/2024:07:48:34 +0000] - 125.886 ms localhost
POST /login 200 [24/Dec/2024:07:51:58 +0000] - 101.694 ms localhost
GET /usersCount 200 [24/Dec/2024:07:52:00 +0000] - 45.877 ms localhost
GET /users?pageNumber=1&pageSize=2 200 [24/Dec/2024:07:52:00 +0000] - 24.676 ms localhost
GET /users?pageNumber=3&pageSize=2 200 [24/Dec/2024:07:52:03 +0000] - 5.081 ms localhost
GET /users?pageNumber=2&pageSize=2 200 [24/Dec/2024:07:52:04 +0000] - 5.506 ms localhost
POST /editStatus 200 [24/Dec/2024:07:52:10 +0000] - 3147.902 ms localhost
GET /users?pageNumber=2&pageSize=2 200 [24/Dec/2024:07:52:10 +0000] - 4.953 ms localhost
GET /refreshToken 200 [24/Dec/2024:07:52:17 +0000] - 8.999 ms localhost
GET /refreshToken 200 [24/Dec/2024:07:53:44 +0000] - 7.517 ms localhost
POST /editStatus 200 [24/Dec/2024:07:53:46 +0000] - 2376.982 ms localhost
GET /users?pageNumber=2&pageSize=2 200 [24/Dec/2024:07:53:46 +0000] - 4.457 ms localhost
POST /login 200 [24/Dec/2024:07:59:53 +0000] - 107.097 ms localhost
GET /refreshToken 200 [24/Dec/2024:08:16:00 +0000] - 15.473 ms localhost
POST /login 200 [24/Dec/2024:10:13:33 +0000] - 272.595 ms localhost
POST /login 200 [24/Dec/2024:11:36:49 +0000] - 1278.485 ms localhost
GET /logout 304 [24/Dec/2024:11:37:17 +0000] - 10.946 ms localhost
POST /login 200 [24/Dec/2024:11:37:25 +0000] - 223.317 ms localhost
GET /usersCount 304 [24/Dec/2024:11:37:32 +0000] - 29.178 ms localhost
GET /users?pageNumber=1&pageSize=2 304 [24/Dec/2024:11:37:32 +0000] - 23.881 ms localhost
GET /logout 304 [24/Dec/2024:11:38:21 +0000] - 2.436 ms localhost
POST /login 200 [24/Dec/2024:11:38:30 +0000] - 168.588 ms localhost
GET /refreshToken 200 [24/Dec/2024:11:40:12 +0000] - 23.141 ms localhost
GET /refreshToken 304 [24/Dec/2024:11:43:37 +0000] - 10.500 ms localhost
POST /login 200 [24/Dec/2024:11:45:50 +0000] - 210.986 ms localhost
GET /refreshToken 200 [24/Dec/2024:11:47:26 +0000] - 12.468 ms localhost
GET /logout 304 [24/Dec/2024:11:47:29 +0000] - 2.615 ms localhost
POST /login 200 [24/Dec/2024:11:47:37 +0000] - 267.136 ms localhost
GET /refreshToken 200 [24/Dec/2024:11:49:15 +0000] - 10.369 ms localhost
GET /refreshToken 304 [24/Dec/2024:11:49:15 +0000] - 19.724 ms localhost
GET /usersCount 304 [24/Dec/2024:11:49:15 +0000] - 6.605 ms localhost
GET /users?pageNumber=1&pageSize=2 304 [24/Dec/2024:11:49:16 +0000] - 13.963 ms localhost
GET /logout 304 [24/Dec/2024:11:49:22 +0000] - 1.805 ms localhost
POST /login 200 [24/Dec/2024:11:49:31 +0000] - 273.931 ms localhost
GET /refreshToken 200 [24/Dec/2024:11:50:37 +0000] - 13.924 ms localhost
GET /logout 304 [24/Dec/2024:11:53:03 +0000] - 1.663 ms localhost
POST /register 201 [24/Dec/2024:11:54:33 +0000] - 7438.972 ms localhost
POST /verifyOtp 400 [24/Dec/2024:11:55:09 +0000] - 9.331 ms localhost
GET /sendOtp/676aa0f28ac3dcb2924fbe29 200 [24/Dec/2024:11:55:45 +0000] - 8325.260 ms localhost
POST /sendResetEmail 200 [24/Dec/2024:11:56:35 +0000] - 6153.505 ms localhost
POST /resetPassword 200 [24/Dec/2024:11:57:05 +0000] - 190.322 ms localhost
POST /login 200 [24/Dec/2024:11:57:18 +0000] - 233.052 ms localhost
GET /refreshToken 304 [24/Dec/2024:12:10:39 +0000] - 10.540 ms localhost
GET /logout 304 [24/Dec/2024:12:10:44 +0000] - 2.980 ms localhost
POST /login 200 [24/Dec/2024:12:10:51 +0000] - 336.782 ms localhost
GET /usersCount 200 [24/Dec/2024:12:11:06 +0000] - 8.740 ms localhost
GET /users?pageNumber=1&pageSize=2 304 [24/Dec/2024:12:11:06 +0000] - 10.714 ms localhost
GET /refreshToken 200 [24/Dec/2024:12:11:51 +0000] - 8.429 ms localhost
