POST /login 200 [05/Dec/2024:18:35:41 +0000] - 848.163 ms localhost
POST /login 200 [05/Dec/2024:18:35:50 +0000] - 118.986 ms localhost
GET /usersCount 304 [05/Dec/2024:18:35:54 +0000] - 62.080 ms localhost
GET /users?pageNumber=1&pageSize=2 200 [05/Dec/2024:18:35:54 +0000] - 37.584 ms localhost
POST /login 200 [05/Dec/2024:18:37:41 +0000] - 173.571 ms localhost
GET /usersCount 304 [05/Dec/2024:18:37:44 +0000] - 15.592 ms localhost
GET /users?pageNumber=1&pageSize=2 304 [05/Dec/2024:18:37:44 +0000] - 20.593 ms localhost
POST /login 200 [05/Dec/2024:19:02:08 +0000] - 162.082 ms localhost
GET /usersCount 304 [05/Dec/2024:19:02:11 +0000] - 22.665 ms localhost
GET /users?pageNumber=1&pageSize=2 304 [05/Dec/2024:19:02:11 +0000] - 23.675 ms localhost
GET /users?pageNumber=1&pageSize=5&sortBy=&sortOrder=asc 200 [05/Dec/2024:19:02:17 +0000] - 22.889 ms localhost
POST /verifyEmail 200 [05/Dec/2024:19:02:47 +0000] - 19.891 ms localhost
POST /login 200 [05/Dec/2024:19:05:00 +0000] - 123.354 ms localhost
GET /usersCount 304 [05/Dec/2024:19:05:03 +0000] - 32.803 ms localhost
GET /users?pageNumber=1&pageSize=2 304 [05/Dec/2024:19:05:03 +0000] - 28.437 ms localhost
GET /users?pageNumber=1&pageSize=5&sortBy=&sortOrder=asc 304 [05/Dec/2024:19:05:06 +0000] - 16.222 ms localhost
POST /verifyUser 404 [05/Dec/2024:19:05:10 +0000] - 27.225 ms localhost
POST /login 200 [05/Dec/2024:19:06:10 +0000] - 221.440 ms localhost
GET /usersCount 304 [05/Dec/2024:19:06:13 +0000] - 21.292 ms localhost
GET /users?pageNumber=1&pageSize=2 304 [05/Dec/2024:19:06:13 +0000] - 31.344 ms localhost
GET /users?pageNumber=1&pageSize=5&sortBy=&sortOrder=asc 304 [05/Dec/2024:19:06:17 +0000] - 31.605 ms localhost
POST /verifyUser 400 [05/Dec/2024:19:06:20 +0000] - 20.373 ms localhost
POST /login 200 [05/Dec/2024:19:15:26 +0000] - 233.541 ms localhost
GET /usersCount 304 [05/Dec/2024:19:15:29 +0000] - 24.515 ms localhost
GET /users?pageNumber=1&pageSize=2 304 [05/Dec/2024:19:15:29 +0000] - 32.787 ms localhost
POST /verifyUser 200 [05/Dec/2024:19:15:33 +0000] - 31.260 ms localhost
POST /editStatus 200 [05/Dec/2024:19:16:00 +0000] - 21.993 ms localhost
POST /editStatus 200 [05/Dec/2024:19:16:05 +0000] - 29.578 ms localhost
POST /editStatus 200 [05/Dec/2024:19:16:10 +0000] - 33.468 ms localhost
POST /editStatus 401 [05/Dec/2024:19:16:39 +0000] - 17.716 ms localhost
GET /refreshToken 304 [05/Dec/2024:19:16:39 +0000] - 4.721 ms localhost
POST /editStatus 200 [05/Dec/2024:19:16:39 +0000] - 17.612 ms localhost
POST /editStatus 401 [05/Dec/2024:19:18:53 +0000] - 11.658 ms localhost
GET /refreshToken 304 [05/Dec/2024:19:18:53 +0000] - 5.071 ms localhost
POST /editStatus 200 [05/Dec/2024:19:18:53 +0000] - 19.467 ms localhost
POST /editStatus 200 [05/Dec/2024:19:19:07 +0000] - 24.778 ms localhost
POST /editStatus 200 [05/Dec/2024:19:19:19 +0000] - 32.230 ms localhost
POST /login 200 [05/Dec/2024:19:20:06 +0000] - 134.972 ms localhost
GET /usersCount 304 [05/Dec/2024:19:20:09 +0000] - 12.318 ms localhost
GET /users?pageNumber=1&pageSize=2 200 [05/Dec/2024:19:20:09 +0000] - 17.315 ms localhost
POST /verifyUser 200 [05/Dec/2024:19:20:21 +0000] - 15.301 ms localhost
POST /verifyUser 200 [05/Dec/2024:19:20:27 +0000] - 18.329 ms localhost
POST /login 200 [05/Dec/2024:19:30:35 +0000] - 196.548 ms localhost
GET /usersCount 304 [05/Dec/2024:19:30:38 +0000] - 12.435 ms localhost
GET /users?pageNumber=1&pageSize=2 200 [05/Dec/2024:19:30:38 +0000] - 13.560 ms localhost
POST /verifyUser 200 [05/Dec/2024:19:30:42 +0000] - 16.106 ms localhost
GET /users?pageNumber=1&pageSize=2 200 [05/Dec/2024:19:30:42 +0000] - 18.536 ms localhost
POST /editStatus 200 [05/Dec/2024:19:30:49 +0000] - 31.089 ms localhost
GET /users?pageNumber=1&pageSize=2 200 [05/Dec/2024:19:30:49 +0000] - 14.033 ms localhost
POST /editStatus 200 [05/Dec/2024:19:31:08 +0000] - 23.770 ms localhost
GET /users?pageNumber=1&pageSize=2 200 [05/Dec/2024:19:31:08 +0000] - 18.749 ms localhost
POST /editStatus 200 [05/Dec/2024:19:31:10 +0000] - 30.239 ms localhost
GET /users?pageNumber=1&pageSize=2 200 [05/Dec/2024:19:31:10 +0000] - 14.182 ms localhost
POST /editStatus 200 [05/Dec/2024:19:31:21 +0000] - 22.625 ms localhost
GET /users?pageNumber=1&pageSize=2 200 [05/Dec/2024:19:31:21 +0000] - 15.926 ms localhost
GET /users?pageNumber=1&pageSize=2&sortBy=name&sortOrder=desc 401 [05/Dec/2024:19:31:39 +0000] - 8.524 ms localhost
GET /refreshToken 304 [05/Dec/2024:19:31:39 +0000] - 7.895 ms localhost
GET /users?pageNumber=1&pageSize=2&sortBy=name&sortOrder=desc 200 [05/Dec/2024:19:31:39 +0000] - 14.849 ms localhost
GET /users?pageNumber=1&pageSize=2&sortBy=email&sortOrder=asc 200 [05/Dec/2024:19:31:42 +0000] - 13.979 ms localhost
GET /users?pageNumber=1&pageSize=2&sortBy=email&sortOrder=desc 200 [05/Dec/2024:19:31:46 +0000] - 14.607 ms localhost
GET /users?pageNumber=1&pageSize=2&sortBy=name&sortOrder=asc 200 [05/Dec/2024:19:31:47 +0000] - 12.309 ms localhost
GET /users?pageNumber=1&pageSize=2&sortBy=role&sortOrder=desc 200 [05/Dec/2024:19:31:50 +0000] - 15.523 ms localhost
GET /users?pageNumber=1&pageSize=2&sortBy=role&sortOrder=asc 200 [05/Dec/2024:19:31:52 +0000] - 14.037 ms localhost
GET /users?pageNumber=1&pageSize=2&sortBy=mobile&sortOrder=desc 200 [05/Dec/2024:19:31:57 +0000] - 14.023 ms localhost
GET /users?pageNumber=1&pageSize=2&sortBy=mobile&sortOrder=asc 200 [05/Dec/2024:19:32:03 +0000] - 14.008 ms localhost
GET /users?pageNumber=1&pageSize=2&sortBy=isActive&sortOrder=desc 200 [05/Dec/2024:19:32:16 +0000] - 14.983 ms localhost
POST /editStatus 200 [05/Dec/2024:19:32:19 +0000] - 31.758 ms localhost
GET /users?pageNumber=1&pageSize=2&sortBy=isActive&sortOrder=desc 200 [05/Dec/2024:19:32:19 +0000] - 17.870 ms localhost
GET /users?pageNumber=1&pageSize=2&sortBy=name&sortOrder=asc 401 [05/Dec/2024:19:32:51 +0000] - 8.305 ms localhost
GET /refreshToken 304 [05/Dec/2024:19:32:51 +0000] - 3.268 ms localhost
GET /users?pageNumber=1&pageSize=2&sortBy=name&sortOrder=asc 200 [05/Dec/2024:19:32:51 +0000] - 14.540 ms localhost
GET /users?pageNumber=1&pageSize=2&sortBy=isActive&sortOrder=desc 304 [05/Dec/2024:19:32:55 +0000] - 17.258 ms localhost
GET /users?pageNumber=1&pageSize=2&sortBy=isActive&sortOrder=asc 200 [05/Dec/2024:19:32:56 +0000] - 14.866 ms localhost
POST /editStatus 200 [05/Dec/2024:19:32:59 +0000] - 21.274 ms localhost
GET /users?pageNumber=1&pageSize=2&sortBy=isActive&sortOrder=asc 200 [05/Dec/2024:19:32:59 +0000] - 30.805 ms localhost
POST /editStatus 200 [05/Dec/2024:19:33:02 +0000] - 20.063 ms localhost
GET /users?pageNumber=1&pageSize=2&sortBy=isActive&sortOrder=asc 200 [05/Dec/2024:19:33:03 +0000] - 17.000 ms localhost
POST /editStatus 200 [05/Dec/2024:19:33:07 +0000] - 36.177 ms localhost
GET /users?pageNumber=1&pageSize=2&sortBy=isActive&sortOrder=asc 200 [05/Dec/2024:19:33:07 +0000] - 19.341 ms localhost
GET /users?pageNumber=1&pageSize=2&sortBy=name&sortOrder=desc 304 [05/Dec/2024:19:33:11 +0000] - 12.897 ms localhost
GET /users?pageNumber=1&pageSize=2&sortBy=name&sortOrder=asc 200 [05/Dec/2024:19:33:13 +0000] - 14.513 ms localhost
GET /users?pageNumber=2&pageSize=2&sortBy=name&sortOrder=asc 200 [05/Dec/2024:19:33:16 +0000] - 24.138 ms localhost
GET /users?pageNumber=1&pageSize=2&sortBy=name&sortOrder=asc 304 [05/Dec/2024:19:33:18 +0000] - 12.755 ms localhost
POST /login 200 [05/Dec/2024:19:40:05 +0000] - 138.589 ms localhost
GET /usersCount 304 [05/Dec/2024:19:40:08 +0000] - 11.584 ms localhost
GET /users?pageNumber=1&pageSize=2 200 [05/Dec/2024:19:40:08 +0000] - 12.433 ms localhost
GET /users?pageNumber=1&pageSize=2&sortBy=email&sortOrder=desc 304 [05/Dec/2024:19:40:10 +0000] - 19.923 ms localhost
GET /users?pageNumber=1&pageSize=2&sortBy=email&sortOrder=asc 200 [05/Dec/2024:19:40:20 +0000] - 13.182 ms localhost
GET /users?pageNumber=2&pageSize=2&sortBy=email&sortOrder=asc 200 [05/Dec/2024:19:40:52 +0000] - 17.261 ms localhost
GET /users?pageNumber=1&pageSize=2&sortBy=email&sortOrder=asc 304 [05/Dec/2024:19:41:01 +0000] - 20.232 ms localhost
GET /users?pageNumber=2&pageSize=2&sortBy=email&sortOrder=asc 401 [05/Dec/2024:19:43:00 +0000] - 16.975 ms localhost
GET /refreshToken 304 [05/Dec/2024:19:43:00 +0000] - 5.027 ms localhost
GET /users?pageNumber=2&pageSize=2&sortBy=email&sortOrder=asc 304 [05/Dec/2024:19:43:00 +0000] - 10.894 ms localhost
GET /users?pageNumber=1&pageSize=2&sortBy=email&sortOrder=asc 304 [05/Dec/2024:19:43:01 +0000] - 17.957 ms localhost
POST /login 200 [05/Dec/2024:19:43:13 +0000] - 104.812 ms localhost
GET /usersCount 304 [05/Dec/2024:19:43:16 +0000] - 11.285 ms localhost
GET /users?pageNumber=1&pageSize=2 304 [05/Dec/2024:19:43:16 +0000] - 12.083 ms localhost
GET /users?pageNumber=2&pageSize=2 200 [05/Dec/2024:19:43:21 +0000] - 15.290 ms localhost
GET /users?pageNumber=1&pageSize=2 304 [05/Dec/2024:19:43:23 +0000] - 14.412 ms localhost
GET /users?pageNumber=2&pageSize=2 304 [05/Dec/2024:19:44:12 +0000] - 30.245 ms localhost
POST /login 200 [05/Dec/2024:19:45:04 +0000] - 106.581 ms localhost
GET /usersCount 304 [05/Dec/2024:19:45:06 +0000] - 12.831 ms localhost
GET /users?pageNumber=1&pageSize=2 304 [05/Dec/2024:19:45:07 +0000] - 10.903 ms localhost
GET /users?pageNumber=2&pageSize=2 304 [05/Dec/2024:19:45:29 +0000] - 22.824 ms localhost
GET /users?pageNumber=1&pageSize=2 304 [05/Dec/2024:19:45:49 +0000] - 11.125 ms localhost
POST /login 200 [05/Dec/2024:20:50:28 +0000] - 173.355 ms localhost
GET /usersCount 304 [05/Dec/2024:20:50:32 +0000] - 21.106 ms localhost
GET /users?pageNumber=1&pageSize=2 304 [05/Dec/2024:20:50:32 +0000] - 19.772 ms localhost
POST /register 201 [05/Dec/2024:20:51:16 +0000] - 3878.835 ms localhost
GET /users?pageNumber=1&pageSize=2 304 [05/Dec/2024:20:51:16 +0000] - 18.869 ms localhost
GET /users?pageNumber=2&pageSize=2 304 [05/Dec/2024:20:51:22 +0000] - 15.518 ms localhost
GET /users?pageNumber=1&pageSize=5&sortBy=&sortOrder=asc 401 [05/Dec/2024:20:51:57 +0000] - 30.310 ms localhost
GET /refreshToken 304 [05/Dec/2024:20:51:57 +0000] - 21.317 ms localhost
GET /users?pageNumber=1&pageSize=5&sortBy=&sortOrder=asc 200 [05/Dec/2024:20:51:58 +0000] - 36.400 ms localhost
GET /users?pageNumber=1&pageSize=2&sortBy=&sortOrder=asc 200 [05/Dec/2024:20:52:04 +0000] - 27.012 ms localhost
GET /users?pageNumber=1&pageSize=2&sortBy=&sortOrder=asc 304 [05/Dec/2024:20:52:06 +0000] - 21.735 ms localhost
GET /users?pageNumber=2&pageSize=2&sortBy=&sortOrder=asc 200 [05/Dec/2024:20:52:08 +0000] - 19.452 ms localhost
GET /users?pageNumber=2&pageSize=2&sortBy=name&sortOrder=desc 200 [05/Dec/2024:20:52:16 +0000] - 32.558 ms localhost
GET /users?pageNumber=2&pageSize=2&sortBy=name&sortOrder=asc 304 [05/Dec/2024:20:52:17 +0000] - 22.350 ms localhost
POST /login 200 [05/Dec/2024:20:55:48 +0000] - 345.320 ms localhost
GET /usersCount 304 [05/Dec/2024:20:55:51 +0000] - 16.607 ms localhost
GET /users?pageNumber=1&pageSize=2 304 [05/Dec/2024:20:55:51 +0000] - 24.906 ms localhost
GET /users?pageNumber=2&pageSize=2 304 [05/Dec/2024:20:55:54 +0000] - 25.912 ms localhost
POST /register 201 [05/Dec/2024:20:56:32 +0000] - 4049.424 ms localhost
GET /users?pageNumber=2&pageSize=2 304 [05/Dec/2024:20:56:32 +0000] - 46.858 ms localhost
GET /usersCount 200 [05/Dec/2024:20:56:32 +0000] - 49.233 ms localhost
GET /users?pageNumber=3&pageSize=2 200 [05/Dec/2024:20:56:37 +0000] - 25.616 ms localhost
GET /users?pageNumber=2&pageSize=2 304 [05/Dec/2024:20:56:38 +0000] - 19.490 ms localhost
GET /users?pageNumber=1&pageSize=2 304 [05/Dec/2024:20:56:39 +0000] - 23.080 ms localhost
POST /login 200 [05/Dec/2024:21:01:23 +0000] - 285.504 ms localhost
GET /usersCount 304 [05/Dec/2024:21:01:28 +0000] - 41.147 ms localhost
GET /users?pageNumber=1&pageSize=2 304 [05/Dec/2024:21:01:28 +0000] - 26.205 ms localhost
POST /register 201 [05/Dec/2024:21:02:20 +0000] - 4738.210 ms localhost
GET /users?pageNumber=1&pageSize=2 304 [05/Dec/2024:21:02:20 +0000] - 53.784 ms localhost
GET /usersCount 200 [05/Dec/2024:21:02:20 +0000] - 25.523 ms localhost
GET /users?pageNumber=2&pageSize=2 401 [05/Dec/2024:21:03:00 +0000] - 19.295 ms localhost
GET /refreshToken 304 [05/Dec/2024:21:03:00 +0000] - 14.862 ms localhost
GET /users?pageNumber=2&pageSize=2 304 [05/Dec/2024:21:03:01 +0000] - 55.963 ms localhost
GET /users?pageNumber=3&pageSize=2 200 [05/Dec/2024:21:03:01 +0000] - 19.594 ms localhost
GET /user/6752137cd2ef1413702441c5 401 [05/Dec/2024:21:04:21 +0000] - 15.848 ms localhost
GET /refreshToken 304 [05/Dec/2024:21:04:21 +0000] - 6.282 ms localhost
GET /user/6752137cd2ef1413702441c5 200 [05/Dec/2024:21:04:21 +0000] - 15.342 ms localhost
POST /login 200 [05/Dec/2024:21:24:32 +0000] - 347.226 ms localhost
GET /usersCount 304 [05/Dec/2024:21:24:39 +0000] - 17.396 ms localhost
GET /users?pageNumber=1&pageSize=2 304 [05/Dec/2024:21:24:39 +0000] - 21.068 ms localhost
POST /register 201 [05/Dec/2024:21:25:18 +0000] - 3962.715 ms localhost
GET /users?pageNumber=1&pageSize=2 304 [05/Dec/2024:21:25:18 +0000] - 52.269 ms localhost
GET /usersCount 200 [05/Dec/2024:21:25:18 +0000] - 36.265 ms localhost
POST /login 200 [05/Dec/2024:21:30:28 +0000] - 291.900 ms localhost
GET /usersCount 200 [05/Dec/2024:21:30:32 +0000] - 17.751 ms localhost
GET /users?pageNumber=1&pageSize=2 304 [05/Dec/2024:21:30:32 +0000] - 28.706 ms localhost
POST /register 201 [05/Dec/2024:21:31:36 +0000] - 5891.207 ms localhost
GET /users?pageNumber=1&pageSize=2 401 [05/Dec/2024:21:31:36 +0000] - 28.806 ms localhost
GET /usersCount 401 [05/Dec/2024:21:31:36 +0000] - 11.096 ms localhost
GET /refreshToken 304 [05/Dec/2024:21:31:36 +0000] - 10.871 ms localhost
GET /refreshToken 304 [05/Dec/2024:21:31:36 +0000] - 9.673 ms localhost
GET /users?pageNumber=1&pageSize=2 304 [05/Dec/2024:21:31:36 +0000] - 19.306 ms localhost
GET /usersCount 200 [05/Dec/2024:21:31:36 +0000] - 30.704 ms localhost
GET /users?pageNumber=3&pageSize=2 200 [05/Dec/2024:21:31:56 +0000] - 30.245 ms localhost
GET /user/67521bb2d2ef1413702441e6 200 [05/Dec/2024:21:31:58 +0000] - 22.081 ms localhost
POST /edit/67521bb2d2ef1413702441e6 200 [05/Dec/2024:21:32:03 +0000] - 35.437 ms localhost
GET /users?pageNumber=3&pageSize=2 200 [05/Dec/2024:21:32:03 +0000] - 27.732 ms localhost
POST /login 200 [05/Dec/2024:21:38:35 +0000] - 310.106 ms localhost
GET /usersCount 200 [05/Dec/2024:21:38:38 +0000] - 14.068 ms localhost
GET /users?pageNumber=1&pageSize=2 304 [05/Dec/2024:21:38:38 +0000] - 19.320 ms localhost
GET /user/6738f8c218960f422dbd066c 200 [05/Dec/2024:21:38:40 +0000] - 10.986 ms localhost
POST /edit/6738f8c218960f422dbd066c 200 [05/Dec/2024:21:38:49 +0000] - 77.901 ms localhost
GET /users?pageNumber=1&pageSize=2 200 [05/Dec/2024:21:38:49 +0000] - 28.570 ms localhost
POST /login 200 [05/Dec/2024:21:42:37 +0000] - 264.090 ms localhost
GET /usersCount 304 [05/Dec/2024:21:42:40 +0000] - 16.108 ms localhost
GET /users?pageNumber=1&pageSize=2 304 [05/Dec/2024:21:42:40 +0000] - 18.709 ms localhost
GET /user/6738f8c218960f422dbd066c 200 [05/Dec/2024:21:42:43 +0000] - 39.224 ms localhost
POST /edit/6738f8c218960f422dbd066c 200 [05/Dec/2024:21:42:49 +0000] - 40.025 ms localhost
GET /users?pageNumber=1&pageSize=2 200 [05/Dec/2024:21:42:49 +0000] - 27.772 ms localhost
POST /login 200 [05/Dec/2024:21:44:34 +0000] - 321.226 ms localhost
GET /usersCount 304 [05/Dec/2024:21:44:37 +0000] - 16.678 ms localhost
GET /users?pageNumber=1&pageSize=2 304 [05/Dec/2024:21:44:37 +0000] - 20.118 ms localhost
POST /register 201 [05/Dec/2024:21:45:26 +0000] - 4902.301 ms localhost
GET /users?pageNumber=1&pageSize=2 304 [05/Dec/2024:21:45:26 +0000] - 50.654 ms localhost
GET /usersCount 200 [05/Dec/2024:21:45:26 +0000] - 24.413 ms localhost
GET /user/6738f8c218960f422dbd066c 401 [05/Dec/2024:21:45:38 +0000] - 17.428 ms localhost
GET /refreshToken 304 [05/Dec/2024:21:45:38 +0000] - 9.480 ms localhost
GET /user/6738f8c218960f422dbd066c 200 [05/Dec/2024:21:45:38 +0000] - 16.472 ms localhost
POST /login 200 [05/Dec/2024:21:59:17 +0000] - 822.634 ms localhost
GET /usersCount 304 [05/Dec/2024:21:59:20 +0000] - 28.854 ms localhost
GET /users?pageNumber=1&pageSize=2 304 [05/Dec/2024:21:59:20 +0000] - 73.805 ms localhost
GET /user/6738f8c218960f422dbd066c 304 [05/Dec/2024:21:59:27 +0000] - 117.189 ms localhost
POST /login 200 [07/Dec/2024:20:30:20 +0000] - 990.102 ms localhost
GET /logout 304 [07/Dec/2024:20:30:30 +0000] - 6.407 ms localhost
POST /login 200 [07/Dec/2024:20:30:37 +0000] - 303.105 ms localhost
GET /logout 304 [07/Dec/2024:20:30:44 +0000] - 4.237 ms localhost
POST /login 200 [07/Dec/2024:20:30:55 +0000] - 364.455 ms localhost
POST /login 200 [08/Dec/2024:11:12:00 +0000] - 297.175 ms localhost
GET /usersCount 304 [08/Dec/2024:11:12:03 +0000] - 87.611 ms localhost
GET /users?pageNumber=1&pageSize=2 304 [08/Dec/2024:11:12:03 +0000] - 45.287 ms localhost
POST /login 200 [08/Dec/2024:16:47:27 +0000] - 559.608 ms localhost
POST /login 200 [08/Dec/2024:16:52:41 +0000] - 132.912 ms localhost
POST /login 200 [08/Dec/2024:17:01:07 +0000] - 134.101 ms localhost
POST /login 200 [08/Dec/2024:17:03:24 +0000] - 107.666 ms localhost
POST /login 200 [08/Dec/2024:17:54:16 +0000] - 243.320 ms localhost
POST /login 200 [08/Dec/2024:17:55:29 +0000] - 124.697 ms localhost
POST /login 200 [08/Dec/2024:17:58:12 +0000] - 101.850 ms localhost
POST /login 200 [08/Dec/2024:18:13:57 +0000] - 217.957 ms localhost
POST /login 200 [08/Dec/2024:18:19:40 +0000] - 274.689 ms localhost
POST /login 200 [08/Dec/2024:18:23:14 +0000] - 156.069 ms localhost
POST /login 200 [08/Dec/2024:18:24:35 +0000] - 145.517 ms localhost
POST /login 200 [08/Dec/2024:18:29:53 +0000] - 224.384 ms localhost
