POST /login 200 [16/Dec/2024:05:45:01 +0000] - 691.765 ms localhost
GET /user/673ac7d8306657184e800578 200 [16/Dec/2024:05:45:12 +0000] - 96.864 ms localhost
GET /usersCount 304 [16/Dec/2024:05:46:11 +0000] - 97.700 ms localhost
GET /users?pageNumber=1&pageSize=2 304 [16/Dec/2024:05:46:11 +0000] - 80.929 ms localhost
GET /usersCount 304 [16/Dec/2024:05:46:51 +0000] - 6.854 ms localhost
GET /users?pageNumber=1&pageSize=2 304 [16/Dec/2024:05:46:51 +0000] - 44.265 ms localhost
GET /usersCount 304 [16/Dec/2024:05:47:25 +0000] - 5.386 ms localhost
GET /users?pageNumber=1&pageSize=2 304 [16/Dec/2024:05:47:25 +0000] - 12.362 ms localhost
GET /usersCount 304 [16/Dec/2024:05:48:32 +0000] - 3.536 ms localhost
GET /users?pageNumber=1&pageSize=2 304 [16/Dec/2024:05:48:32 +0000] - 11.217 ms localhost
GET /usersCount 304 [16/Dec/2024:05:49:37 +0000] - 10.017 ms localhost
GET /users?pageNumber=1&pageSize=2 304 [16/Dec/2024:05:49:37 +0000] - 11.481 ms localhost
GET /usersCount 304 [16/Dec/2024:05:51:28 +0000] - 98.830 ms localhost
GET /users?pageNumber=1&pageSize=2 304 [16/Dec/2024:05:51:28 +0000] - 59.414 ms localhost
GET /users?pageNumber=1&pageSize=5&sortBy=&sortOrder=asc 200 [16/Dec/2024:05:51:34 +0000] - 21.182 ms localhost
GET /users?pageNumber=1&pageSize=3&sortBy=&sortOrder=asc 200 [16/Dec/2024:05:52:26 +0000] - 9.568 ms localhost
POST /login 200 [16/Dec/2024:05:54:32 +0000] - 242.593 ms localhost
GET /usersCount 304 [16/Dec/2024:05:56:07 +0000] - 13.308 ms localhost
GET /users?pageNumber=1&pageSize=2 304 [16/Dec/2024:05:56:07 +0000] - 19.654 ms localhost
GET /usersCount 304 [16/Dec/2024:06:00:37 +0000] - 21.001 ms localhost
GET /users?pageNumber=1&pageSize=2 304 [16/Dec/2024:06:00:37 +0000] - 21.566 ms localhost
POST /login 200 [16/Dec/2024:07:26:50 +0000] - 861.462 ms localhost
POST /login 200 [16/Dec/2024:07:31:44 +0000] - 784.824 ms localhost
GET /refreshToken 200 [16/Dec/2024:07:33:53 +0000] - 73.673 ms localhost
GET /refreshToken 304 [16/Dec/2024:07:33:53 +0000] - 20.646 ms localhost
GET /usersCount 304 [16/Dec/2024:07:33:53 +0000] - 18.442 ms localhost
GET /users?pageNumber=1&pageSize=2 304 [16/Dec/2024:07:33:53 +0000] - 27.974 ms localhost
POST /login 200 [16/Dec/2024:07:45:45 +0000] - 323.494 ms localhost
GET /refreshToken 200 [16/Dec/2024:07:45:54 +0000] - 5.262 ms localhost
GET /refreshToken 304 [16/Dec/2024:07:49:52 +0000] - 223.720 ms localhost
GET /refreshToken 304 [16/Dec/2024:07:49:52 +0000] - 80.464 ms localhost
GET /users?pageNumber=1&pageSize=2 304 [16/Dec/2024:07:49:53 +0000] - 305.079 ms localhost
GET /usersCount 304 [16/Dec/2024:07:49:53 +0000] - 206.274 ms localhost
POST /login 200 [16/Dec/2024:07:50:11 +0000] - 142.425 ms localhost
GET /refreshToken 200 [16/Dec/2024:07:50:16 +0000] - 2.559 ms localhost
POST /login 200 [16/Dec/2024:07:56:34 +0000] - 323.194 ms localhost
GET /user/673ac7d8306657184e800578 200 [16/Dec/2024:07:56:42 +0000] - 23.719 ms localhost
POST /login 200 [16/Dec/2024:08:06:16 +0000] - 378.756 ms localhost
GET /refreshToken 200 [16/Dec/2024:08:06:23 +0000] - 6.959 ms localhost
GET /refreshToken 304 [16/Dec/2024:08:14:25 +0000] - 99.502 ms localhost
GET /refreshToken 304 [16/Dec/2024:08:14:25 +0000] - 4.244 ms localhost
GET /usersCount 304 [16/Dec/2024:08:14:25 +0000] - 78.540 ms localhost
GET /users?pageNumber=1&pageSize=2 304 [16/Dec/2024:08:14:25 +0000] - 39.315 ms localhost
POST /login 200 [16/Dec/2024:14:01:54 +0000] - 1186.534 ms localhost
POST /login 200 [16/Dec/2024:14:05:58 +0000] - 363.455 ms localhost
POST /login 200 [16/Dec/2024:14:14:09 +0000] - 185.549 ms localhost
POST /login 200 [16/Dec/2024:14:49:58 +0000] - 218.679 ms localhost
GET /refreshToken 304 [16/Dec/2024:14:51:24 +0000] - 41.901 ms localhost
GET /refreshToken 304 [16/Dec/2024:14:51:24 +0000] - 8.121 ms localhost
POST /login 200 [16/Dec/2024:14:53:39 +0000] - 382.013 ms localhost
GET /usersCount 304 [16/Dec/2024:14:53:54 +0000] - 173.116 ms localhost
GET /users?pageNumber=1&pageSize=2 304 [16/Dec/2024:14:53:54 +0000] - 114.105 ms localhost
GET /refreshToken 304 [16/Dec/2024:14:54:53 +0000] - 13.269 ms localhost
GET /refreshToken 304 [16/Dec/2024:14:54:54 +0000] - 8.669 ms localhost
GET /usersCount 304 [16/Dec/2024:14:54:54 +0000] - 10.352 ms localhost
GET /users?pageNumber=1&pageSize=2 304 [16/Dec/2024:14:54:54 +0000] - 13.578 ms localhost
GET /refreshToken 304 [16/Dec/2024:14:57:44 +0000] - 17.713 ms localhost
GET /refreshToken 304 [16/Dec/2024:14:57:44 +0000] - 31.678 ms localhost
GET /refreshToken 304 [16/Dec/2024:15:04:54 +0000] - 31.717 ms localhost
GET /refreshToken 304 [16/Dec/2024:15:04:54 +0000] - 7.304 ms localhost
GET /usersCount 304 [16/Dec/2024:15:04:54 +0000] - 52.798 ms localhost
GET /users?pageNumber=1&pageSize=2 304 [16/Dec/2024:15:04:54 +0000] - 38.421 ms localhost
POST /login 200 [16/Dec/2024:16:38:51 +0000] - 236.041 ms localhost
GET /usersCount 304 [16/Dec/2024:16:38:54 +0000] - 17.102 ms localhost
GET /users?pageNumber=1&pageSize=2 304 [16/Dec/2024:16:38:54 +0000] - 31.405 ms localhost
POST /login 200 [16/Dec/2024:16:39:26 +0000] - 128.921 ms localhost
GET /usersCount 304 [16/Dec/2024:16:40:17 +0000] - 7.037 ms localhost
GET /users?pageNumber=1&pageSize=2 304 [16/Dec/2024:16:40:17 +0000] - 10.460 ms localhost
POST /login 200 [16/Dec/2024:16:53:21 +0000] - 196.651 ms localhost
POST /login 200 [16/Dec/2024:16:53:38 +0000] - 120.705 ms localhost
GET /refreshToken 200 [16/Dec/2024:16:54:47 +0000] - 23.689 ms localhost
GET /refreshToken 304 [16/Dec/2024:16:54:47 +0000] - 7.104 ms localhost
GET /usersCount 304 [16/Dec/2024:16:54:47 +0000] - 13.541 ms localhost
GET /users?pageNumber=1&pageSize=2 304 [16/Dec/2024:16:54:47 +0000] - 38.014 ms localhost
GET /users?pageNumber=2&pageSize=2 304 [16/Dec/2024:16:54:56 +0000] - 13.085 ms localhost
POST /editStatus 200 [16/Dec/2024:16:55:05 +0000] - 3326.043 ms localhost
GET /users?pageNumber=2&pageSize=2 200 [16/Dec/2024:16:55:05 +0000] - 7.446 ms localhost
GET /refreshToken 200 [16/Dec/2024:17:03:49 +0000] - 48.916 ms localhost
GET /refreshToken 304 [16/Dec/2024:17:03:49 +0000] - 18.446 ms localhost
POST /login 200 [16/Dec/2024:17:05:34 +0000] - 220.301 ms localhost
POST /login 200 [16/Dec/2024:17:05:47 +0000] - 115.954 ms localhost
GET /usersCount 200 [16/Dec/2024:17:05:50 +0000] - 21.952 ms localhost
GET /users?pageNumber=1&pageSize=2 200 [16/Dec/2024:17:05:50 +0000] - 43.100 ms localhost
GET /users?pageNumber=2&pageSize=2 200 [16/Dec/2024:17:05:54 +0000] - 8.726 ms localhost
POST /editStatus 200 [16/Dec/2024:17:06:00 +0000] - 3622.228 ms localhost
GET /users?pageNumber=2&pageSize=2 200 [16/Dec/2024:17:06:00 +0000] - 7.241 ms localhost
GET /refreshToken 200 [16/Dec/2024:17:07:37 +0000] - 130.807 ms localhost
GET /refreshToken 304 [16/Dec/2024:17:07:37 +0000] - 14.930 ms localhost
GET /refreshToken 304 [16/Dec/2024:17:10:53 +0000] - 20.974 ms localhost
GET /refreshToken 304 [16/Dec/2024:17:10:53 +0000] - 19.466 ms localhost
GET /usersCount 304 [16/Dec/2024:17:10:53 +0000] - 15.607 ms localhost
GET /users?pageNumber=1&pageSize=2 304 [16/Dec/2024:17:10:54 +0000] - 27.888 ms localhost
POST /login 400 [16/Dec/2024:17:31:44 +0000] - 284.435 ms localhost
POST /login 200 [16/Dec/2024:17:32:14 +0000] - 228.438 ms localhost
GET /logout 304 [16/Dec/2024:17:34:58 +0000] - 10.201 ms localhost
POST /login 200 [16/Dec/2024:17:35:07 +0000] - 180.260 ms localhost
GET /refreshToken 304 [16/Dec/2024:17:38:16 +0000] - 34.245 ms localhost
GET /refreshToken 304 [16/Dec/2024:17:38:16 +0000] - 14.350 ms localhost
GET /logout 304 [16/Dec/2024:17:38:48 +0000] - 2.101 ms localhost
POST /login 200 [16/Dec/2024:17:39:04 +0000] - 148.711 ms localhost
POST /login 200 [16/Dec/2024:18:01:53 +0000] - 174.584 ms localhost
POST /login 200 [16/Dec/2024:18:03:10 +0000] - 204.324 ms localhost
POST /login 200 [16/Dec/2024:18:04:26 +0000] - 351.349 ms localhost
POST /login 200 [16/Dec/2024:18:05:42 +0000] - 139.739 ms localhost
POST /login 200 [16/Dec/2024:18:06:36 +0000] - 147.074 ms localhost
POST /login 200 [16/Dec/2024:18:09:06 +0000] - 159.820 ms localhost
POST /login 200 [16/Dec/2024:18:11:01 +0000] - 155.090 ms localhost
