POST /login 400 [12/Dec/2024:16:34:00 +0000] - 760.510 ms localhost
POST /login 200 [12/Dec/2024:16:35:09 +0000] - 452.123 ms localhost
POST /login 200 [12/Dec/2024:16:35:23 +0000] - 329.182 ms localhost
GET /usersCount 304 [12/Dec/2024:16:35:27 +0000] - 107.610 ms localhost
GET /users?pageNumber=1&pageSize=2 304 [12/Dec/2024:16:35:27 +0000] - 72.489 ms localhost
POST /login 200 [12/Dec/2024:16:41:21 +0000] - 564.225 ms localhost
GET /usersCount 304 [12/Dec/2024:16:41:26 +0000] - 49.826 ms localhost
GET /users?pageNumber=1&pageSize=2 304 [12/Dec/2024:16:41:26 +0000] - 63.912 ms localhost
GET /users?pageNumber=2&pageSize=2 200 [12/Dec/2024:16:41:38 +0000] - 40.245 ms localhost
POST /login 200 [12/Dec/2024:16:41:56 +0000] - 278.257 ms localhost
POST /editStatus 200 [12/Dec/2024:16:42:11 +0000] - 5808.114 ms localhost
GET /users?pageNumber=2&pageSize=2 200 [12/Dec/2024:16:42:11 +0000] - 53.754 ms localhost
POST /editStatus 401 [12/Dec/2024:16:43:14 +0000] - 74.388 ms localhost
POST /editStatus 401 [12/Dec/2024:16:43:50 +0000] - 19.283 ms localhost
POST /login 200 [12/Dec/2024:16:47:47 +0000] - 488.570 ms localhost
POST /login 400 [12/Dec/2024:16:47:54 +0000] - 21.502 ms localhost
POST /login 200 [12/Dec/2024:16:48:33 +0000] - 321.890 ms localhost
GET /usersCount 304 [12/Dec/2024:16:48:39 +0000] - 30.227 ms localhost
GET /users?pageNumber=1&pageSize=2 304 [12/Dec/2024:16:48:39 +0000] - 51.224 ms localhost
GET /users?pageNumber=2&pageSize=2 200 [12/Dec/2024:16:48:44 +0000] - 41.047 ms localhost
GET /usersCount 304 [12/Dec/2024:16:49:17 +0000] - 27.942 ms localhost
GET /users?pageNumber=1&pageSize=2 304 [12/Dec/2024:16:49:17 +0000] - 42.236 ms localhost
GET /users?pageNumber=2&pageSize=2 304 [12/Dec/2024:16:49:27 +0000] - 26.264 ms localhost
POST /editStatus 401 [12/Dec/2024:16:49:33 +0000] - 157.492 ms localhost
POST /editStatus 401 [12/Dec/2024:16:51:34 +0000] - 24.013 ms localhost
POST /editStatus 401 [12/Dec/2024:16:52:37 +0000] - 19.080 ms localhost
POST /login 200 [12/Dec/2024:16:56:51 +0000] - 702.933 ms localhost
GET /usersCount 304 [12/Dec/2024:16:56:55 +0000] - 72.051 ms localhost
GET /users?pageNumber=1&pageSize=2 304 [12/Dec/2024:16:56:55 +0000] - 64.683 ms localhost
GET /users?pageNumber=2&pageSize=2 304 [12/Dec/2024:16:56:59 +0000] - 39.511 ms localhost
GET /673ac7d8306657184e800578 404 [12/Dec/2024:16:57:51 +0000] - 4.505 ms localhost
GET /usersCount 401 [12/Dec/2024:17:04:00 +0000] - 230.385 ms localhost
GET /users?pageNumber=1&pageSize=2 401 [12/Dec/2024:17:04:00 +0000] - 25.160 ms localhost
GET /refreshToken 304 [12/Dec/2024:17:04:00 +0000] - 24.281 ms localhost
GET /refreshToken 304 [12/Dec/2024:17:04:00 +0000] - 9.532 ms localhost
GET /usersCount 304 [12/Dec/2024:17:04:00 +0000] - 288.323 ms localhost
GET /users?pageNumber=1&pageSize=2 304 [12/Dec/2024:17:04:00 +0000] - 126.102 ms localhost
POST /login 200 [12/Dec/2024:17:04:53 +0000] - 391.404 ms localhost
GET /usersCount 304 [12/Dec/2024:17:05:27 +0000] - 71.194 ms localhost
GET /users?pageNumber=1&pageSize=2 304 [12/Dec/2024:17:05:27 +0000] - 73.024 ms localhost
GET /user/673ac7d8306657184e800578 401 [12/Dec/2024:17:05:34 +0000] - 17.980 ms localhost
GET /usersCount 401 [12/Dec/2024:17:15:54 +0000] - 72.724 ms localhost
GET /users?pageNumber=1&pageSize=2 401 [12/Dec/2024:17:15:54 +0000] - 25.501 ms localhost
GET /refreshToken 304 [12/Dec/2024:17:15:54 +0000] - 10.707 ms localhost
GET /refreshToken 304 [12/Dec/2024:17:15:54 +0000] - 6.424 ms localhost
GET /usersCount 304 [12/Dec/2024:17:15:54 +0000] - 54.190 ms localhost
GET /users?pageNumber=1&pageSize=2 304 [12/Dec/2024:17:15:54 +0000] - 38.980 ms localhost
GET /users 401 [12/Dec/2024:18:12:48 +0000] - 58.253 ms localhost
POST /login 200 [12/Dec/2024:18:13:12 +0000] - 229.843 ms localhost
POST /login 200 [12/Dec/2024:18:14:32 +0000] - 119.169 ms localhost
GET /users?pageNumber=1&pageSize=2 304 [12/Dec/2024:18:14:36 +0000] - 37.228 ms localhost
GET /usersCount 304 [12/Dec/2024:18:14:36 +0000] - 67.865 ms localhost
GET /user/673ac7d8306657184e800578 401 [12/Dec/2024:18:14:47 +0000] - 5.348 ms localhost
GET /user/673ac7d8306657184e800578 401 [12/Dec/2024:18:15:34 +0000] - 38.538 ms localhost
GET /user/673ac7d8306657184e800578 401 [12/Dec/2024:18:19:36 +0000] - 33.170 ms localhost
