POST /login 200 [25/Dec/2024:18:40:07 +0000] - 736.789 ms localhost
POST /login 200 [25/Dec/2024:18:42:38 +0000] - 316.849 ms localhost
POST /login 200 [25/Dec/2024:18:46:42 +0000] - 133.672 ms localhost
POST /login 200 [25/Dec/2024:18:47:55 +0000] - 104.862 ms localhost
POST /login 200 [25/Dec/2024:18:55:58 +0000] - 167.004 ms localhost
POST /login 200 [25/Dec/2024:18:59:48 +0000] - 124.024 ms localhost
GET /token/refresh 200 [25/Dec/2024:19:01:17 +0000] - 43.513 ms localhost
GET /token/refresh 304 [25/Dec/2024:19:01:17 +0000] - 10.458 ms localhost
GET /users/count 200 [25/Dec/2024:19:01:17 +0000] - 23.109 ms localhost
GET /users?pageNumber=1&pageSize=2 304 [25/Dec/2024:19:01:18 +0000] - 17.997 ms localhost
GET /users?pageNumber=2&pageSize=2 200 [25/Dec/2024:19:01:25 +0000] - 8.929 ms localhost
PATCH /status 400 [25/Dec/2024:19:01:33 +0000] - 45.716 ms localhost
GET /token/refresh 304 [25/Dec/2024:19:08:47 +0000] - 72.229 ms localhost
GET /token/refresh 304 [25/Dec/2024:19:08:47 +0000] - 10.639 ms localhost
POST /login 200 [25/Dec/2024:19:08:55 +0000] - 144.926 ms localhost
GET /users/count 304 [25/Dec/2024:19:08:59 +0000] - 7.621 ms localhost
GET /users?pageNumber=1&pageSize=2 304 [25/Dec/2024:19:08:59 +0000] - 8.502 ms localhost
GET /users?pageNumber=2&pageSize=2 304 [25/Dec/2024:19:09:02 +0000] - 5.418 ms localhost
PATCH /status 200 [25/Dec/2024:19:09:09 +0000] - 4151.665 ms localhost
GET /users?pageNumber=2&pageSize=2 200 [25/Dec/2024:19:09:09 +0000] - 7.956 ms localhost
GET /users/count 304 [25/Dec/2024:19:09:26 +0000] - 18.194 ms localhost
GET /users?pageNumber=1&pageSize=2 304 [25/Dec/2024:19:09:26 +0000] - 9.926 ms localhost
GET /users?pageNumber=2&pageSize=2 304 [25/Dec/2024:19:09:29 +0000] - 4.957 ms localhost
PATCH /status 200 [25/Dec/2024:19:09:33 +0000] - 2172.952 ms localhost
GET /users?pageNumber=2&pageSize=2 200 [25/Dec/2024:19:09:33 +0000] - 7.089 ms localhost
GET /token/refresh 304 [25/Dec/2024:19:09:56 +0000] - 7.528 ms localhost
GET /token/refresh 304 [25/Dec/2024:19:09:56 +0000] - 13.007 ms localhost
GET /users/count 304 [25/Dec/2024:19:09:56 +0000] - 26.078 ms localhost
GET /users?pageNumber=1&pageSize=2 304 [25/Dec/2024:19:09:57 +0000] - 6.058 ms localhost
GET /6738f8c218960f422dbd066c 200 [25/Dec/2024:19:10:02 +0000] - 8.028 ms localhost
PATCH /6738f8c218960f422dbd066c 200 [25/Dec/2024:19:10:10 +0000] - 16.659 ms localhost
GET /users?pageNumber=1&pageSize=2 200 [25/Dec/2024:19:10:10 +0000] - 6.772 ms localhost
POST /login 200 [25/Dec/2024:20:46:19 +0000] - 146.189 ms localhost
GET /token/refresh 200 [25/Dec/2024:20:51:02 +0000] - 19.450 ms localhost
POST /login 200 [25/Dec/2024:21:08:35 +0000] - 488.773 ms localhost
GET /users/count 304 [25/Dec/2024:21:08:49 +0000] - 14.637 ms localhost
GET /users?pageNumber=1&pageSize=2 304 [25/Dec/2024:21:08:49 +0000] - 22.880 ms localhost
POST /login 200 [25/Dec/2024:21:09:58 +0000] - 318.844 ms localhost
GET /token/refresh 304 [25/Dec/2024:21:11:13 +0000] - 7.573 ms localhost
POST /login 200 [25/Dec/2024:21:22:34 +0000] - 329.971 ms localhost
GET /users/count 304 [25/Dec/2024:21:22:38 +0000] - 7.059 ms localhost
GET /users?pageNumber=1&pageSize=2 304 [25/Dec/2024:21:22:38 +0000] - 21.713 ms localhost
GET /users?pageNumber=1&pageSize=3&sortBy=&sortOrder=asc 200 [25/Dec/2024:21:22:48 +0000] - 13.703 ms localhost
POST /login 200 [25/Dec/2024:21:24:06 +0000] - 339.003 ms localhost
GET /users/count 304 [25/Dec/2024:21:24:09 +0000] - 8.122 ms localhost
GET /users?pageNumber=1&pageSize=2 304 [25/Dec/2024:21:24:09 +0000] - 10.373 ms localhost
POST /login 200 [25/Dec/2024:21:24:51 +0000] - 278.166 ms localhost
GET /users/count 304 [25/Dec/2024:21:24:55 +0000] - 11.665 ms localhost
GET /users?pageNumber=1&pageSize=2 304 [25/Dec/2024:21:24:55 +0000] - 17.593 ms localhost
