POST /login 200 [25/Dec/2024:13:31:49 +0000] - 460.536 ms localhost
GET /refreshToken 200 [25/Dec/2024:13:32:55 +0000] - 11.996 ms localhost
POST /login 200 [25/Dec/2024:13:41:43 +0000] - 289.434 ms localhost
GET /refreshToken 304 [25/Dec/2024:13:42:46 +0000] - 14.351 ms localhost
POST /login 200 [25/Dec/2024:13:50:16 +0000] - 314.854 ms localhost
GET /refreshToken 304 [25/Dec/2024:13:51:25 +0000] - 12.191 ms localhost
GET /refreshToken 304 [25/Dec/2024:14:08:12 +0000] - 16.730 ms localhost
POST /login 200 [25/Dec/2024:14:22:20 +0000] - 289.677 ms localhost
GET /refreshToken 304 [25/Dec/2024:14:23:29 +0000] - 13.180 ms localhost
GET /refreshToken 304 [25/Dec/2024:14:24:31 +0000] - 55.254 ms localhost
POST /login 200 [25/Dec/2024:14:34:18 +0000] - 370.352 ms localhost
GET /refreshToken 304 [25/Dec/2024:14:35:26 +0000] - 40.359 ms localhost
POST /login 200 [25/Dec/2024:16:02:08 +0000] - 379.493 ms localhost
POST /login 200 [25/Dec/2024:16:02:25 +0000] - 353.388 ms localhost
GET /usersCount 200 [25/Dec/2024:16:02:28 +0000] - 33.292 ms localhost
GET /users?pageNumber=1&pageSize=2 200 [25/Dec/2024:16:02:28 +0000] - 33.051 ms localhost
GET /users?pageNumber=2&pageSize=2 200 [25/Dec/2024:16:02:31 +0000] - 17.657 ms localhost
POST /editStatus 200 [25/Dec/2024:16:02:38 +0000] - 4727.899 ms localhost
GET /users?pageNumber=2&pageSize=2 200 [25/Dec/2024:16:02:38 +0000] - 13.130 ms localhost
GET /logout 304 [25/Dec/2024:16:02:45 +0000] - 2.729 ms localhost
POST /editStatus 200 [25/Dec/2024:16:02:58 +0000] - 4889.931 ms localhost
GET /users?pageNumber=2&pageSize=2 200 [25/Dec/2024:16:02:58 +0000] - 11.974 ms localhost
POST /login 200 [25/Dec/2024:17:40:18 +0000] - 844.109 ms localhost
GET /usersCount 304 [25/Dec/2024:17:40:22 +0000] - 28.890 ms localhost
GET /users?pageNumber=1&pageSize=2 304 [25/Dec/2024:17:40:22 +0000] - 34.913 ms localhost
GET /refreshToken 200 [25/Dec/2024:17:41:47 +0000] - 15.507 ms localhost
GET /users?pageNumber=3&pageSize=2 200 [25/Dec/2024:17:41:47 +0000] - 11.142 ms localhost
GET /user/67521ef1d2ef1413702441ff 200 [25/Dec/2024:17:41:50 +0000] - 21.752 ms localhost
PATCH /edit/67521ef1d2ef1413702441ff 200 [25/Dec/2024:17:42:02 +0000] - 38.259 ms localhost
GET /users?pageNumber=3&pageSize=2 200 [25/Dec/2024:17:42:02 +0000] - 14.193 ms localhost
