POST /login 200 [28/Dec/2024:17:54:54 +0000] - 1051.737 ms localhost
GET /users?pageNumber=1&pageSize=2 304 [28/Dec/2024:17:54:58 +0000] - 26.556 ms localhost
GET /users/count 304 [28/Dec/2024:17:54:58 +0000] - 44.960 ms localhost
GET /users?pageNumber=3&pageSize=2 304 [28/Dec/2024:17:55:07 +0000] - 11.746 ms localhost
GET /users?pageNumber=2&pageSize=2 304 [28/Dec/2024:17:55:10 +0000] - 7.562 ms localhost
GET /users?pageNumber=3&pageSize=2 304 [28/Dec/2024:17:55:11 +0000] - 8.042 ms localhost
POST /register 201 [28/Dec/2024:17:56:22 +0000] - 3649.762 ms localhost
GET /token/refresh 200 [28/Dec/2024:17:56:22 +0000] - 16.368 ms localhost
GET /token/refresh 304 [28/Dec/2024:17:56:23 +0000] - 11.968 ms localhost
GET /users?pageNumber=3&pageSize=2 304 [28/Dec/2024:17:56:23 +0000] - 10.130 ms localhost
GET /users/count 200 [28/Dec/2024:17:56:23 +0000] - 6.661 ms localhost
GET /users?pageNumber=4&pageSize=2 200 [28/Dec/2024:17:56:28 +0000] - 8.039 ms localhost
GET /users?pageNumber=1&pageSize=2 304 [28/Dec/2024:17:56:32 +0000] - 8.130 ms localhost
POST /login 200 [29/Dec/2024:21:17:56 +0000] - 1028.188 ms localhost
GET /token/refresh 200 [29/Dec/2024:21:19:43 +0000] - 22.610 ms localhost
POST /login 200 [29/Dec/2024:21:22:32 +0000] - 314.762 ms localhost
POST /login 200 [29/Dec/2024:21:25:30 +0000] - 327.480 ms localhost
GET /token/refresh 304 [29/Dec/2024:21:26:41 +0000] - 48.172 ms localhost
GET /token/refresh 304 [29/Dec/2024:21:28:02 +0000] - 9.759 ms localhost
POST /login 200 [29/Dec/2024:21:34:17 +0000] - 182.348 ms localhost
POST /login 200 [29/Dec/2024:21:36:38 +0000] - 126.401 ms localhost
POST /login 200 [29/Dec/2024:21:49:07 +0000] - 177.904 ms localhost
POST /login 200 [29/Dec/2024:22:02:58 +0000] - 179.511 ms localhost
POST /login 200 [29/Dec/2024:22:05:42 +0000] - 177.349 ms localhost
POST /login 200 [29/Dec/2024:22:08:45 +0000] - 129.843 ms localhost
POST /login 200 [29/Dec/2024:22:11:31 +0000] - 133.236 ms localhost
POST /login 200 [29/Dec/2024:22:22:40 +0000] - 164.182 ms localhost
POST /login 200 [29/Dec/2024:22:34:53 +0000] - 161.753 ms localhost
POST /login 200 [29/Dec/2024:22:37:35 +0000] - 140.916 ms localhost
POST /login 200 [29/Dec/2024:22:40:13 +0000] - 131.140 ms localhost
POST /login 200 [29/Dec/2024:22:44:09 +0000] - 150.345 ms localhost
POST /login 200 [30/Dec/2024:05:56:03 +0000] - 428.100 ms localhost
POST /login 200 [30/Dec/2024:06:00:56 +0000] - 520.167 ms localhost
POST /login 200 [30/Dec/2024:06:03:54 +0000] - 303.291 ms localhost
POST /login 200 [30/Dec/2024:06:26:11 +0000] - 473.648 ms localhost
GET /token/refresh 304 [30/Dec/2024:06:41:30 +0000] - 113.248 ms localhost
GET /token/refresh 304 [30/Dec/2024:06:43:06 +0000] - 19.759 ms localhost
POST /login 200 [30/Dec/2024:07:34:06 +0000] - 491.767 ms localhost
GET /token/refresh 304 [30/Dec/2024:07:36:36 +0000] - 15.975 ms localhost
POST /login 200 [30/Dec/2024:17:09:26 +0000] - 1264.747 ms localhost
