GET /data 401 [30/Nov/2024:18:52:49 +0000] - 43.521 ms localhost
GET /refreshToken 304 [30/Nov/2024:18:52:49 +0000] - 2.115 ms localhost
GET /data 401 [30/Nov/2024:18:52:49 +0000] - 4.052 ms localhost
GET /auth/google 302 [30/Nov/2024:19:52:15 +0000] - 28.898 ms localhost
GET /auth/google/callback?code=4%2F0AeanS0ZE51MaatyiRIvxrh8NvQBeIWQZFTkBUCaivLCTt3ErBNnqNyW82r8kRrSk7EFDFQ&scope=email+profile+openid+https%3A%2F%2Fwww.googleapis.com%2Fauth%2Fuserinfo.profile+https%3A%2F%2Fwww.googleapis.com%2Fauth%2Fuserinfo.email&authuser=0&prompt=consent 302 [30/Nov/2024:19:52:23 +0000] - 950.609 ms localhost
GET /data 200 [30/Nov/2024:19:52:23 +0000] - 20.665 ms localhost
GET /logout 304 [30/Nov/2024:19:52:41 +0000] - 3.071 ms localhost
GET /auth/google 302 [30/Nov/2024:21:07:24 +0000] - 14.777 ms localhost
GET /auth/google/callback?code=4%2F0AeanS0aiSDOM9_wiIlIZRb4jJR6Sz36fKTr8i7DPAjx6QHeHtw_zJkyRWL4JSrdP4tUVNQ&scope=email+profile+https%3A%2F%2Fwww.googleapis.com%2Fauth%2Fuserinfo.profile+openid+https%3A%2F%2Fwww.googleapis.com%2Fauth%2Fuserinfo.email&authuser=0&prompt=none 302 [30/Nov/2024:21:07:28 +0000] - 1391.210 ms localhost
GET /data 200 [30/Nov/2024:21:07:29 +0000] - 18.259 ms localhost
GET /logout 304 [30/Nov/2024:21:07:36 +0000] - 5.106 ms localhost
POST /login 200 [30/Nov/2024:22:19:08 +0000] - 778.253 ms localhost
POST /login 200 [30/Nov/2024:22:21:04 +0000] - 220.220 ms localhost
GET /users 200 [30/Nov/2024:22:21:07 +0000] - 40.679 ms localhost
POST /login 200 [30/Nov/2024:22:24:07 +0000] - 115.523 ms localhost
GET /users 304 [30/Nov/2024:22:24:10 +0000] - 18.485 ms localhost
GET /users 304 [30/Nov/2024:22:24:57 +0000] - 22.764 ms localhost
POST /login 200 [30/Nov/2024:22:25:46 +0000] - 120.701 ms localhost
GET /users 304 [30/Nov/2024:22:25:50 +0000] - 19.444 ms localhost
GET /users 401 [30/Nov/2024:22:27:05 +0000] - 35.318 ms localhost
GET /refreshToken 200 [30/Nov/2024:22:27:05 +0000] - 8.041 ms localhost
GET /users 304 [30/Nov/2024:22:27:05 +0000] - 18.220 ms localhost
POST /login 200 [30/Nov/2024:22:27:18 +0000] - 118.977 ms localhost
GET /users 304 [30/Nov/2024:22:27:21 +0000] - 13.287 ms localhost
POST /login 200 [30/Nov/2024:22:28:29 +0000] - 157.975 ms localhost
GET /users 304 [30/Nov/2024:22:28:32 +0000] - 18.981 ms localhost
POST /login 200 [30/Nov/2024:22:28:52 +0000] - 103.874 ms localhost
GET /users 304 [30/Nov/2024:22:28:55 +0000] - 16.136 ms localhost
POST /login 200 [30/Nov/2024:22:39:08 +0000] - 143.206 ms localhost
GET /users 304 [30/Nov/2024:22:39:12 +0000] - 16.342 ms localhost
POST /login 200 [30/Nov/2024:22:42:32 +0000] - 130.882 ms localhost
GET /users 304 [30/Nov/2024:22:42:36 +0000] - 18.316 ms localhost
POST /login 200 [30/Nov/2024:22:44:32 +0000] - 120.245 ms localhost
GET /users 304 [30/Nov/2024:22:44:35 +0000] - 16.445 ms localhost
POST /login 200 [30/Nov/2024:22:45:21 +0000] - 125.258 ms localhost
GET /users 304 [30/Nov/2024:22:45:25 +0000] - 10.812 ms localhost
POST /login 200 [30/Nov/2024:22:47:29 +0000] - 119.031 ms localhost
GET /users 304 [30/Nov/2024:22:47:32 +0000] - 14.783 ms localhost
POST /login 200 [30/Nov/2024:22:48:34 +0000] - 141.385 ms localhost
GET /users 304 [30/Nov/2024:22:48:37 +0000] - 14.737 ms localhost
POST /login 200 [30/Nov/2024:22:50:18 +0000] - 119.972 ms localhost
GET /users 304 [30/Nov/2024:22:50:21 +0000] - 16.225 ms localhost
POST /login 200 [30/Nov/2024:22:51:59 +0000] - 116.643 ms localhost
GET /users 304 [30/Nov/2024:22:52:02 +0000] - 18.828 ms localhost
POST /login 200 [30/Nov/2024:22:52:43 +0000] - 127.656 ms localhost
GET /users 304 [30/Nov/2024:22:52:46 +0000] - 13.846 ms localhost
POST /login 200 [30/Nov/2024:22:53:34 +0000] - 163.979 ms localhost
GET /users 304 [30/Nov/2024:22:53:37 +0000] - 14.738 ms localhost
POST /login 200 [30/Nov/2024:22:54:33 +0000] - 147.039 ms localhost
GET /users 304 [30/Nov/2024:22:54:37 +0000] - 11.622 ms localhost
POST /login 200 [30/Nov/2024:22:55:53 +0000] - 118.179 ms localhost
GET /users 304 [30/Nov/2024:22:55:56 +0000] - 17.984 ms localhost
POST /login 200 [30/Nov/2024:22:57:13 +0000] - 127.263 ms localhost
GET /users 304 [30/Nov/2024:22:57:15 +0000] - 13.101 ms localhost
POST /login 200 [30/Nov/2024:22:58:10 +0000] - 114.798 ms localhost
GET /users 304 [30/Nov/2024:22:58:14 +0000] - 13.403 ms localhost
GET /logout 304 [30/Nov/2024:22:58:24 +0000] - 9.072 ms localhost
POST /login 200 [30/Nov/2024:22:58:32 +0000] - 141.512 ms localhost
GET /users 304 [30/Nov/2024:22:58:35 +0000] - 10.689 ms localhost
POST /login 200 [30/Nov/2024:22:59:04 +0000] - 99.436 ms localhost
GET /users 304 [30/Nov/2024:22:59:06 +0000] - 14.373 ms localhost
GET /logout 304 [30/Nov/2024:23:00:20 +0000] - 43.901 ms localhost
POST /login 200 [30/Nov/2024:23:00:27 +0000] - 157.725 ms localhost
GET /users 304 [30/Nov/2024:23:00:34 +0000] - 14.777 ms localhost
POST /login 200 [30/Nov/2024:23:00:56 +0000] - 335.685 ms localhost
GET /users 304 [30/Nov/2024:23:00:59 +0000] - 17.206 ms localhost
POST /login 200 [30/Nov/2024:23:01:33 +0000] - 339.434 ms localhost
GET /users 304 [30/Nov/2024:23:01:36 +0000] - 38.733 ms localhost
POST /login 200 [30/Nov/2024:23:02:19 +0000] - 331.451 ms localhost
GET /users 304 [30/Nov/2024:23:02:22 +0000] - 24.970 ms localhost
POST /login 200 [30/Nov/2024:23:02:40 +0000] - 329.251 ms localhost
GET /users 304 [30/Nov/2024:23:02:43 +0000] - 17.817 ms localhost
POST /login 200 [30/Nov/2024:23:05:08 +0000] - 286.091 ms localhost
GET /users 304 [30/Nov/2024:23:05:11 +0000] - 25.594 ms localhost
POST /login 200 [30/Nov/2024:23:05:51 +0000] - 267.956 ms localhost
GET /users 304 [30/Nov/2024:23:05:55 +0000] - 23.688 ms localhost
POST /login 200 [30/Nov/2024:23:06:32 +0000] - 359.827 ms localhost
GET /users 304 [30/Nov/2024:23:06:37 +0000] - 21.742 ms localhost
POST /login 200 [30/Nov/2024:23:08:46 +0000] - 333.139 ms localhost
GET /users 304 [30/Nov/2024:23:08:49 +0000] - 48.567 ms localhost
GET /logout 304 [30/Nov/2024:23:10:24 +0000] - 2.347 ms localhost
