POST /login 200 [27/Nov/2024:18:35:24 +0000] - 278.500 ms localhost
POST /login 200 [27/Nov/2024:20:54:10 +0000] - 511.672 ms localhost
GET /users 200 [27/Nov/2024:20:54:14 +0000] - 228.738 ms localhost
GET /users 401 [27/Nov/2024:20:55:19 +0000] - 25.780 ms localhost
GET /refreshToken 304 [27/Nov/2024:20:55:19 +0000] - 6.862 ms localhost
GET /users 304 [27/Nov/2024:20:55:19 +0000] - 13.371 ms localhost
POST /login 200 [27/Nov/2024:20:59:41 +0000] - 285.673 ms localhost
GET /users 304 [27/Nov/2024:20:59:45 +0000] - 24.728 ms localhost
GET /users 401 [27/Nov/2024:21:03:22 +0000] - 38.656 ms localhost
GET /refreshToken 304 [27/Nov/2024:21:03:23 +0000] - 10.630 ms localhost
GET /users 304 [27/Nov/2024:21:03:23 +0000] - 20.848 ms localhost
POST /login 200 [27/Nov/2024:21:03:35 +0000] - 310.328 ms localhost
GET /users 304 [27/Nov/2024:21:03:39 +0000] - 29.646 ms localhost
GET /users 401 [27/Nov/2024:21:05:34 +0000] - 18.546 ms localhost
GET /refreshToken 304 [27/Nov/2024:21:05:34 +0000] - 7.984 ms localhost
GET /users 304 [27/Nov/2024:21:05:34 +0000] - 22.657 ms localhost
POST /login 200 [27/Nov/2024:21:05:45 +0000] - 287.477 ms localhost
GET /users 304 [27/Nov/2024:21:05:48 +0000] - 19.483 ms localhost
POST /login 200 [27/Nov/2024:21:07:24 +0000] - 319.827 ms localhost
GET /users 304 [27/Nov/2024:21:07:27 +0000] - 16.349 ms localhost
GET /users 401 [27/Nov/2024:21:08:49 +0000] - 24.499 ms localhost
GET /refreshToken 304 [27/Nov/2024:21:08:49 +0000] - 7.933 ms localhost
GET /users 304 [27/Nov/2024:21:08:49 +0000] - 11.184 ms localhost
POST /login 200 [27/Nov/2024:21:09:00 +0000] - 250.618 ms localhost
GET /users 304 [27/Nov/2024:21:09:04 +0000] - 16.174 ms localhost
GET /users 304 [27/Nov/2024:21:09:20 +0000] - 17.409 ms localhost
GET /users 401 [27/Nov/2024:21:10:15 +0000] - 11.873 ms localhost
GET /refreshToken 304 [27/Nov/2024:21:10:15 +0000] - 5.116 ms localhost
GET /users 304 [27/Nov/2024:21:10:15 +0000] - 13.079 ms localhost
POST /editStatus 401 [27/Nov/2024:21:12:09 +0000] - 29.488 ms localhost
GET /refreshToken 304 [27/Nov/2024:21:12:09 +0000] - 7.944 ms localhost
POST /editStatus 200 [27/Nov/2024:21:12:09 +0000] - 90.802 ms localhost
POST /login 200 [27/Nov/2024:21:13:26 +0000] - 249.837 ms localhost
GET /users 200 [27/Nov/2024:21:13:33 +0000] - 23.545 ms localhost
POST /login 200 [27/Nov/2024:21:14:21 +0000] - 286.522 ms localhost
GET /users 304 [27/Nov/2024:21:14:23 +0000] - 18.555 ms localhost
POST /login 200 [28/Nov/2024:09:38:08 +0000] - 742.827 ms localhost
GET /users 304 [28/Nov/2024:09:38:13 +0000] - 72.654 ms localhost
GET /user/6738f8c218960f422dbd066c 200 [28/Nov/2024:09:38:15 +0000] - 36.475 ms localhost
POST /login 200 [28/Nov/2024:09:38:53 +0000] - 115.117 ms localhost
GET /users 304 [28/Nov/2024:09:38:55 +0000] - 16.711 ms localhost
GET /user/6738f8c218960f422dbd066c 304 [28/Nov/2024:09:38:57 +0000] - 16.592 ms localhost
GET /user/6738f8c218960f422dbd066c 401 [28/Nov/2024:09:44:25 +0000] - 190.087 ms localhost
GET /refreshToken 304 [28/Nov/2024:09:44:25 +0000] - 5.962 ms localhost
GET /user/6738f8c218960f422dbd066c 304 [28/Nov/2024:09:44:25 +0000] - 15.333 ms localhost
POST /login 200 [28/Nov/2024:09:47:48 +0000] - 125.024 ms localhost
GET /users 304 [28/Nov/2024:09:47:51 +0000] - 26.114 ms localhost
GET /user/6738f8c218960f422dbd066c 304 [28/Nov/2024:09:47:53 +0000] - 12.841 ms localhost
POST /login 200 [28/Nov/2024:09:54:41 +0000] - 308.818 ms localhost
GET /users 304 [28/Nov/2024:09:54:45 +0000] - 31.061 ms localhost
GET /user/6738f8c218960f422dbd066c 304 [28/Nov/2024:09:54:48 +0000] - 11.836 ms localhost
POST /login 200 [28/Nov/2024:09:56:43 +0000] - 131.937 ms localhost
GET /users 304 [28/Nov/2024:09:56:46 +0000] - 16.800 ms localhost
GET /user/6738f8c218960f422dbd066c 304 [28/Nov/2024:09:56:48 +0000] - 17.325 ms localhost
POST /login 200 [28/Nov/2024:10:28:10 +0000] - 362.127 ms localhost
GET /users 304 [28/Nov/2024:10:28:16 +0000] - 44.092 ms localhost
POST /editStatus 200 [28/Nov/2024:10:28:20 +0000] - 176.508 ms localhost
GET /user/673ac7d8306657184e800578 200 [28/Nov/2024:10:28:32 +0000] - 18.248 ms localhost
POST /edit/673ac7d8306657184e800578 200 [28/Nov/2024:10:28:48 +0000] - 77.524 ms localhost
POST /edit/673ac7d8306657184e800578 200 [28/Nov/2024:10:28:59 +0000] - 16.870 ms localhost
POST /login 200 [28/Nov/2024:10:32:13 +0000] - 201.690 ms localhost
GET /users 200 [28/Nov/2024:10:32:16 +0000] - 27.618 ms localhost
GET /user/673ac7d8306657184e800578 200 [28/Nov/2024:10:32:19 +0000] - 32.891 ms localhost
POST /edit/673ac7d8306657184e800578 200 [28/Nov/2024:10:32:28 +0000] - 32.261 ms localhost
GET /user/674476495562f437c3eab10a 401 [28/Nov/2024:10:34:01 +0000] - 22.327 ms localhost
GET /refreshToken 304 [28/Nov/2024:10:34:01 +0000] - 10.087 ms localhost
GET /user/674476495562f437c3eab10a 200 [28/Nov/2024:10:34:01 +0000] - 10.111 ms localhost
GET /user/673ac7d8306657184e800578 200 [28/Nov/2024:10:34:16 +0000] - 15.177 ms localhost
POST /edit/673ac7d8306657184e800578 200 [28/Nov/2024:10:34:23 +0000] - 18.431 ms localhost
POST /login 200 [28/Nov/2024:10:35:03 +0000] - 98.544 ms localhost
GET /users 200 [28/Nov/2024:10:35:06 +0000] - 23.690 ms localhost
GET /user/673ac7d8306657184e800578 200 [28/Nov/2024:10:35:08 +0000] - 8.392 ms localhost
POST /edit/673ac7d8306657184e800578 200 [28/Nov/2024:10:35:14 +0000] - 19.915 ms localhost
GET /users 401 [28/Nov/2024:10:37:52 +0000] - 53.068 ms localhost
GET /refreshToken 304 [28/Nov/2024:10:37:52 +0000] - 4.928 ms localhost
GET /users 200 [28/Nov/2024:10:37:52 +0000] - 31.685 ms localhost
GET /user/673ac7d8306657184e800578 200 [28/Nov/2024:10:38:03 +0000] - 11.202 ms localhost
POST /edit/673ac7d8306657184e800578 200 [28/Nov/2024:10:38:11 +0000] - 40.821 ms localhost
POST /login 200 [28/Nov/2024:10:51:49 +0000] - 328.871 ms localhost
GET /users 200 [28/Nov/2024:10:51:53 +0000] - 50.708 ms localhost
GET /user/673ac7d8306657184e800578 200 [28/Nov/2024:10:51:57 +0000] - 23.939 ms localhost
POST /edit/673ac7d8306657184e800578 200 [28/Nov/2024:10:52:05 +0000] - 81.258 ms localhost
GET /users 200 [28/Nov/2024:10:52:05 +0000] - 41.441 ms localhost
GET /user/6747666c776244652ee6bc89 200 [28/Nov/2024:10:52:24 +0000] - 20.329 ms localhost
POST /editStatus 200 [28/Nov/2024:10:52:33 +0000] - 230.076 ms localhost
GET /user/6747666c776244652ee6bc89 200 [28/Nov/2024:10:52:35 +0000] - 21.805 ms localhost
POST /editStatus 200 [28/Nov/2024:10:52:39 +0000] - 91.771 ms localhost
GET /users 401 [28/Nov/2024:10:53:27 +0000] - 15.034 ms localhost
GET /refreshToken 304 [28/Nov/2024:10:53:27 +0000] - 5.099 ms localhost
GET /users 200 [28/Nov/2024:10:53:27 +0000] - 17.422 ms localhost
POST /login 200 [28/Nov/2024:10:53:36 +0000] - 272.178 ms localhost
GET /users 304 [28/Nov/2024:10:53:40 +0000] - 25.760 ms localhost
POST /login 200 [28/Nov/2024:10:54:13 +0000] - 278.565 ms localhost
GET /users 304 [28/Nov/2024:10:54:16 +0000] - 20.611 ms localhost
POST /login 200 [28/Nov/2024:11:04:17 +0000] - 349.476 ms localhost
GET /users 304 [28/Nov/2024:11:04:20 +0000] - 32.272 ms localhost
GET /user/673ac7d8306657184e800578 200 [28/Nov/2024:11:04:28 +0000] - 38.861 ms localhost
POST /login 200 [28/Nov/2024:13:20:35 +0000] - 518.565 ms localhost
GET /users 304 [28/Nov/2024:13:20:39 +0000] - 71.380 ms localhost
POST /register 200 [28/Nov/2024:13:21:29 +0000] - 112.030 ms localhost
POST /login 200 [28/Nov/2024:13:29:02 +0000] - 226.629 ms localhost
GET /users 304 [28/Nov/2024:13:29:05 +0000] - 44.113 ms localhost
POST /register 200 [28/Nov/2024:13:30:10 +0000] - 3320.384 ms localhost
GET /users 401 [28/Nov/2024:13:30:10 +0000] - 34.219 ms localhost
GET /refreshToken 304 [28/Nov/2024:13:30:10 +0000] - 2.790 ms localhost
GET /users 200 [28/Nov/2024:13:30:10 +0000] - 12.213 ms localhost
GET /users 401 [28/Nov/2024:13:31:21 +0000] - 9.531 ms localhost
GET /refreshToken 304 [28/Nov/2024:13:31:21 +0000] - 4.613 ms localhost
GET /users 304 [28/Nov/2024:13:31:21 +0000] - 10.579 ms localhost
POST /login 200 [28/Nov/2024:14:06:50 +0000] - 190.950 ms localhost
GET /users 200 [28/Nov/2024:14:06:55 +0000] - 46.320 ms localhost
GET /users 401 [28/Nov/2024:14:08:49 +0000] - 21.869 ms localhost
GET /refreshToken 304 [28/Nov/2024:14:08:49 +0000] - 5.837 ms localhost
GET /users 304 [28/Nov/2024:14:08:49 +0000] - 13.153 ms localhost
POST /login 200 [28/Nov/2024:14:26:03 +0000] - 292.379 ms localhost
GET /users 304 [28/Nov/2024:14:26:06 +0000] - 62.106 ms localhost
POST /register 200 [28/Nov/2024:14:27:51 +0000] - 3953.415 ms localhost
GET /users 401 [28/Nov/2024:14:27:51 +0000] - 30.080 ms localhost
GET /refreshToken 304 [28/Nov/2024:14:27:51 +0000] - 2.961 ms localhost
GET /users 200 [28/Nov/2024:14:27:51 +0000] - 20.083 ms localhost
POST /register 200 [28/Nov/2024:14:41:51 +0000] - 3168.423 ms localhost
POST /register 200 [28/Nov/2024:14:50:08 +0000] - 3455.853 ms localhost
POST /verifyOtp 200 [28/Nov/2024:14:50:46 +0000] - 18.183 ms localhost
POST /register 200 [28/Nov/2024:16:08:49 +0000] - 5105.913 ms localhost
POST /register 200 [28/Nov/2024:16:10:50 +0000] - 5037.304 ms localhost
POST /register 200 [28/Nov/2024:16:16:35 +0000] - 3828.327 ms localhost
POST /register 200 [28/Nov/2024:16:32:30 +0000] - 349.345 ms localhost
POST /register 200 [28/Nov/2024:16:39:04 +0000] - 111.402 ms localhost
POST /register 200 [28/Nov/2024:16:40:31 +0000] - 4412.406 ms localhost
POST /register 200 [28/Nov/2024:16:42:25 +0000] - 4652.950 ms localhost
POST /login 200 [28/Nov/2024:16:45:15 +0000] - 368.524 ms localhost
GET /logout 304 [28/Nov/2024:16:45:22 +0000] - 5.599 ms localhost
POST /login 200 [28/Nov/2024:16:45:29 +0000] - 339.677 ms localhost
POST /register 200 [28/Nov/2024:19:02:21 +0000] - 3043.846 ms localhost
POST /login 200 [28/Nov/2024:19:49:37 +0000] - 198.139 ms localhost
POST /login 200 [28/Nov/2024:20:01:26 +0000] - 62.223 ms localhost
POST /login 200 [28/Nov/2024:20:02:45 +0000] - 18.844 ms localhost
POST /verifyEmail 200 [28/Nov/2024:20:02:59 +0000] - 2.964 ms localhost
POST /verifyEmail 200 [28/Nov/2024:20:06:16 +0000] - 19.622 ms localhost
POST /login 200 [28/Nov/2024:20:07:35 +0000] - 56.547 ms localhost
POST /verifyEmail 200 [28/Nov/2024:20:09:11 +0000] - 3.513 ms localhost
POST /verifyEmail 200 [28/Nov/2024:20:09:20 +0000] - 4.743 ms localhost
POST /verifyEmail 200 [28/Nov/2024:20:09:35 +0000] - 2.528 ms localhost
POST /verifyEmail 200 [28/Nov/2024:20:11:23 +0000] - 2734.082 ms localhost
POST /verifyOtp 200 [28/Nov/2024:20:12:18 +0000] - 49.189 ms localhost
POST /login 200 [28/Nov/2024:20:12:29 +0000] - 150.173 ms localhost
POST /login 200 [28/Nov/2024:20:13:57 +0000] - 41.882 ms localhost
POST /verifyEmail 200 [28/Nov/2024:20:14:08 +0000] - 2335.365 ms localhost
POST /verifyOtp 200 [28/Nov/2024:20:14:22 +0000] - 18.960 ms localhost
POST /login 200 [28/Nov/2024:20:14:31 +0000] - 158.121 ms localhost
POST /login 200 [28/Nov/2024:20:31:40 +0000] - 139.855 ms localhost
POST /login 200 [28/Nov/2024:20:33:26 +0000] - 144.892 ms localhost
POST /login 200 [28/Nov/2024:22:19:23 +0000] - 426.760 ms localhost
POST /login 200 [28/Nov/2024:22:32:49 +0000] - 295.019 ms localhost
POST /login 200 [28/Nov/2024:22:57:22 +0000] - 794.448 ms localhost
POST /login 200 [28/Nov/2024:22:59:04 +0000] - 295.745 ms localhost
POST /login 200 [28/Nov/2024:23:02:11 +0000] - 281.070 ms localhost
POST /login 200 [28/Nov/2024:23:15:14 +0000] - 408.108 ms localhost
