POST /login 200 [09/Dec/2024:19:39:34 +0000] - 972.791 ms localhost
POST /login 200 [09/Dec/2024:19:42:18 +0000] - 383.278 ms localhost
GET /logout 304 [09/Dec/2024:19:42:37 +0000] - 21.908 ms localhost
POST /login 200 [09/Dec/2024:19:42:47 +0000] - 268.643 ms localhost
POST /login 200 [09/Dec/2024:19:45:37 +0000] - 294.198 ms localhost
POST /login 200 [09/Dec/2024:19:59:38 +0000] - 326.280 ms localhost
POST /login 200 [09/Dec/2024:20:12:13 +0000] - 1107.926 ms localhost
POST /login 200 [09/Dec/2024:20:19:54 +0000] - 411.860 ms localhost
POST /login 200 [09/Dec/2024:20:24:08 +0000] - 363.555 ms localhost
POST /login 200 [09/Dec/2024:20:33:25 +0000] - 379.831 ms localhost
POST /login 200 [09/Dec/2024:20:40:12 +0000] - 302.898 ms localhost
GET /logout 304 [09/Dec/2024:20:41:05 +0000] - 29.464 ms localhost
POST /login 200 [09/Dec/2024:20:46:32 +0000] - 307.815 ms localhost
POST /login 200 [10/Dec/2024:07:08:07 +0000] - 361.010 ms localhost
GET /logout 304 [10/Dec/2024:07:11:54 +0000] - 8.147 ms localhost
POST /login 200 [10/Dec/2024:07:12:01 +0000] - 240.927 ms localhost
GET /usersCount 304 [10/Dec/2024:07:12:06 +0000] - 152.678 ms localhost
GET /users?pageNumber=1&pageSize=2 304 [10/Dec/2024:07:12:06 +0000] - 76.812 ms localhost
GET /users?pageNumber=2&pageSize=2 304 [10/Dec/2024:07:12:14 +0000] - 30.332 ms localhost
POST /editStatus 200 [10/Dec/2024:07:12:19 +0000] - 199.892 ms localhost
GET /users?pageNumber=2&pageSize=2 200 [10/Dec/2024:07:12:19 +0000] - 23.452 ms localhost
GET /logout 304 [10/Dec/2024:07:16:45 +0000] - 6.997 ms localhost
POST /login 200 [10/Dec/2024:07:17:13 +0000] - 235.584 ms localhost
GET /logout 304 [10/Dec/2024:07:18:34 +0000] - 3.495 ms localhost
POST /login 200 [10/Dec/2024:07:18:41 +0000] - 189.648 ms localhost
GET /usersCount 304 [10/Dec/2024:07:18:44 +0000] - 59.867 ms localhost
GET /users?pageNumber=1&pageSize=2 304 [10/Dec/2024:07:18:44 +0000] - 34.467 ms localhost
GET /users?pageNumber=2&pageSize=2 304 [10/Dec/2024:07:19:04 +0000] - 19.820 ms localhost
