GET /logout 304 [29/Nov/2024:18:49:01 +0000] - 6.445 ms localhost
POST /login 200 [29/Nov/2024:18:51:33 +0000] - 894.798 ms localhost
GET /logout 304 [29/Nov/2024:19:13:26 +0000] - 23.011 ms localhost
POST /login 200 [29/Nov/2024:19:13:37 +0000] - 438.679 ms localhost
GET /logout 304 [29/Nov/2024:19:15:25 +0000] - 2.950 ms localhost
POST /login 200 [29/Nov/2024:19:15:33 +0000] - 384.832 ms localhost
GET /logout 304 [29/Nov/2024:19:18:43 +0000] - 2.205 ms localhost
POST /login 200 [29/Nov/2024:19:18:51 +0000] - 271.048 ms localhost
POST /login 200 [29/Nov/2024:19:25:46 +0000] - 320.924 ms localhost
GET /logout 304 [29/Nov/2024:19:26:07 +0000] - 4.703 ms localhost
POST /login 200 [29/Nov/2024:19:30:00 +0000] - 111.296 ms localhost
POST /login 200 [29/Nov/2024:19:43:57 +0000] - 128.853 ms localhost
POST /login 200 [29/Nov/2024:19:46:52 +0000] - 310.324 ms localhost
POST /login 200 [29/Nov/2024:19:49:38 +0000] - 336.778 ms localhost
POST /login 200 [29/Nov/2024:19:50:20 +0000] - 375.755 ms localhost
POST /login 200 [29/Nov/2024:19:51:07 +0000] - 329.270 ms localhost
GET /auth/google 302 [29/Nov/2024:20:05:43 +0000] - 76.061 ms localhost
GET /auth/google 302 [29/Nov/2024:20:07:18 +0000] - 3.331 ms localhost
GET /auth/google 302 [29/Nov/2024:20:17:02 +0000] - 14.698 ms localhost
GET /auth/google 302 [29/Nov/2024:20:20:02 +0000] - 15.022 ms localhost
GET /auth/google 302 [29/Nov/2024:20:43:21 +0000] - 12.849 ms localhost
GET /auth/google/callback?code=4%2F0AeanS0abDdOvadcL-MozeESbude5tp6ugmCbvb68EtzftKIPDosTYt318fhhZfz0LNuOng&scope=email+profile+https%3A%2F%2Fwww.googleapis.com%2Fauth%2Fuserinfo.email+https%3A%2F%2Fwww.googleapis.com%2Fauth%2Fuserinfo.profile+openid&authuser=1&prompt=none 200 [29/Nov/2024:20:43:25 +0000] - 578.553 ms localhost
GET /auth/google/callback 302 [29/Nov/2024:21:18:24 +0000] - 22.385 ms localhost
GET /auth/google 302 [29/Nov/2024:21:18:24 +0000] - 3.830 ms localhost
GET /auth/google/callback?code=4%2F0AeanS0bKl3KbQ8J7xX5Sxe0bJ32nTM0q13q26f0wbWgkrh54wlemiPJ0pC7-pHguRidhHg&scope=email+profile+https%3A%2F%2Fwww.googleapis.com%2Fauth%2Fuserinfo.email+https%3A%2F%2Fwww.googleapis.com%2Fauth%2Fuserinfo.profile+openid&authuser=1&prompt=none 200 [29/Nov/2024:21:18:28 +0000] - 569.796 ms localhost
GET /auth/google 302 [29/Nov/2024:21:47:02 +0000] - 29.813 ms localhost
GET /auth/google/callback?code=4%2F0AeanS0ZXB-Argewca-L-laD40-ZeoP1HqQF7UL_B2XDiKt-YMMYPch02O2xSTuBl-dSMfA&scope=email+profile+https%3A%2F%2Fwww.googleapis.com%2Fauth%2Fuserinfo.email+https%3A%2F%2Fwww.googleapis.com%2Fauth%2Fuserinfo.profile+openid&authuser=1&prompt=none 200 [29/Nov/2024:21:47:12 +0000] - 1457.123 ms localhost
GET /auth/google 302 [29/Nov/2024:21:51:31 +0000] - 17.536 ms localhost
GET /auth/google/callback?code=4%2F0AeanS0aIwCD4AzmaIDZM-S-IlXsOUEvWRwjyM62KblZAnAVy-w9aX0ZZVFc5lghkzg8C8w&scope=email+profile+https%3A%2F%2Fwww.googleapis.com%2Fauth%2Fuserinfo.profile+openid+https%3A%2F%2Fwww.googleapis.com%2Fauth%2Fuserinfo.email&authuser=1&prompt=none 200 [29/Nov/2024:21:51:35 +0000] - 520.053 ms localhost
GET /auth/google/callback?code=4%2F0AeanS0ZfDBpj6rUSh8rayUx3taSBDswZBGFoKt4a8wAbivriHRsm6BFoozGTi1OGRneOFw&scope=email+profile+https%3A%2F%2Fwww.googleapis.com%2Fauth%2Fuserinfo.email+https%3A%2F%2Fwww.googleapis.com%2Fauth%2Fuserinfo.profile+openid&authuser=1&prompt=none 200 [29/Nov/2024:22:15:50 +0000] - 910.526 ms localhost
GET /auth/google 302 [29/Nov/2024:22:16:03 +0000] - 25.887 ms localhost
GET /auth/google/callback?code=4%2F0AeanS0ZfigDuJFIIWVMIAmEUwxFaL1P54tVWB9_fikkjL6XVYRHNxd8B9khn1RtKJpLahg&scope=email+profile+https%3A%2F%2Fwww.googleapis.com%2Fauth%2Fuserinfo.email+https%3A%2F%2Fwww.googleapis.com%2Fauth%2Fuserinfo.profile+openid&authuser=1&prompt=none 200 [29/Nov/2024:22:16:09 +0000] - 1056.765 ms localhost
GET /auth/google 302 [29/Nov/2024:22:20:53 +0000] - 15.372 ms localhost
GET /auth/google/callback?code=4%2F0AeanS0YPvSOExA0j_8MeBj_Z6Du-7UQBsNMWyS1wzVyQK755mPkDwqByI-W20l06yAKYVQ&scope=email+profile+openid+https%3A%2F%2Fwww.googleapis.com%2Fauth%2Fuserinfo.email+https%3A%2F%2Fwww.googleapis.com%2Fauth%2Fuserinfo.profile&authuser=1&prompt=none 200 [29/Nov/2024:22:20:57 +0000] - 587.664 ms localhost
GET /auth/google 302 [29/Nov/2024:22:22:33 +0000] - 41.307 ms localhost
GET /auth/google/callback?code=4%2F0AeanS0YcxJEfNTKl1H38jrmpwmoq7ejg2DZJTc0LXIaV14mDhUV2_5lrQEsbmGRb018HPw&scope=email+profile+https%3A%2F%2Fwww.googleapis.com%2Fauth%2Fuserinfo.profile+openid+https%3A%2F%2Fwww.googleapis.com%2Fauth%2Fuserinfo.email&authuser=1&prompt=none 200 [29/Nov/2024:22:22:44 +0000] - 1164.200 ms localhost
GET /auth/google 302 [29/Nov/2024:22:28:10 +0000] - 9.577 ms localhost
GET /auth/google/callback?code=4%2F0AeanS0bpfI1HPUs9GbJnrDG3RXS2R4Odw6wMmuPLLsKZM-_yozVFznSNUaMbcMH-duPXbQ&scope=email+profile+openid+https%3A%2F%2Fwww.googleapis.com%2Fauth%2Fuserinfo.email+https%3A%2F%2Fwww.googleapis.com%2Fauth%2Fuserinfo.profile&authuser=1&prompt=none 200 [29/Nov/2024:22:28:14 +0000] - 1043.788 ms localhost
GET /auth/google 302 [29/Nov/2024:23:21:51 +0000] - 24.912 ms localhost
GET /auth/google/callback?code=4%2F0AeanS0YW9dKiNlTykEjMvZ6ZEzUVgcUyGHTABYSuRcOSWqSBO0d4d-fWQzYFq9C7B7B6Pw&scope=email+profile+openid+https%3A%2F%2Fwww.googleapis.com%2Fauth%2Fuserinfo.email+https%3A%2F%2Fwww.googleapis.com%2Fauth%2Fuserinfo.profile&authuser=1&prompt=none 200 [29/Nov/2024:23:21:55 +0000] - 621.990 ms localhost
GET /auth/google 302 [30/Nov/2024:11:32:03 +0000] - 14.489 ms localhost
GET /auth/google/callback?code=4%2F0AeanS0Yi_yJH08C7ILgEB4rSKjhKTC1zWFQEnWBIiTtx1MgbvBKPb0FzwErXzENtjYvFJg&scope=email+profile+https%3A%2F%2Fwww.googleapis.com%2Fauth%2Fuserinfo.profile+openid+https%3A%2F%2Fwww.googleapis.com%2Fauth%2Fuserinfo.email&authuser=1&prompt=none 200 [30/Nov/2024:11:32:07 +0000] - 610.971 ms localhost
GET /auth/google 302 [30/Nov/2024:11:41:03 +0000] - 14.849 ms localhost
GET /auth/google/callback?code=4%2F0AeanS0ZcT2fgryJ1d2KYkrvbrF4Nriv8pAL-MtlrKOzosdqQipVuKgrYuh3QQNvZLgaCuQ&scope=email+profile+https%3A%2F%2Fwww.googleapis.com%2Fauth%2Fuserinfo.email+https%3A%2F%2Fwww.googleapis.com%2Fauth%2Fuserinfo.profile+openid&authuser=1&prompt=none 200 [30/Nov/2024:11:41:07 +0000] - 673.323 ms localhost
POST /login 200 [30/Nov/2024:11:43:33 +0000] - 520.710 ms localhost
POST /login 200 [30/Nov/2024:11:43:44 +0000] - 143.986 ms localhost
POST /login 200 [30/Nov/2024:11:49:48 +0000] - 146.272 ms localhost
POST /login 200 [30/Nov/2024:11:50:24 +0000] - 122.509 ms localhost
GET /logout 304 [30/Nov/2024:11:50:34 +0000] - 11.489 ms localhost
GET /auth/google 302 [30/Nov/2024:11:50:40 +0000] - 9.631 ms localhost
GET /auth/google/callback?code=4%2F0AeanS0a2Rixu1cOQeM0AmCGHXOTUw4a-yy5kfNNzZJFmX5BO68SBSNejMzGLuFGigBn3aQ&scope=email+profile+openid+https%3A%2F%2Fwww.googleapis.com%2Fauth%2Fuserinfo.email+https%3A%2F%2Fwww.googleapis.com%2Fauth%2Fuserinfo.profile&authuser=1&prompt=none 200 [30/Nov/2024:11:50:45 +0000] - 945.371 ms localhost
GET /auth/google 302 [30/Nov/2024:12:26:17 +0000] - 33.385 ms localhost
GET /auth/google/callback?code=4%2F0AeanS0aE739__TXd4F-i6tPeafRdItdLTqbdaI1X1f-3J1UkM7DqiZtNsb_y_n5VVAyU1g&scope=email+profile+https%3A%2F%2Fwww.googleapis.com%2Fauth%2Fuserinfo.email+https%3A%2F%2Fwww.googleapis.com%2Fauth%2Fuserinfo.profile+openid&authuser=1&prompt=none 200 [30/Nov/2024:12:26:21 +0000] - 647.258 ms localhost
GET /auth/google 302 [30/Nov/2024:12:35:45 +0000] - 52.274 ms localhost
GET /auth/google/callback?code=4%2F0AeanS0YCK5pRvIpLUAGilACI6l3VTtRChpwhbCBlRd79TnFsbs8JP1lX7MrbZoI6tdcEqg&scope=email+profile+https%3A%2F%2Fwww.googleapis.com%2Fauth%2Fuserinfo.profile+openid+https%3A%2F%2Fwww.googleapis.com%2Fauth%2Fuserinfo.email&authuser=1&prompt=none 200 [30/Nov/2024:12:35:49 +0000] - 987.632 ms localhost
GET /auth/google 302 [30/Nov/2024:12:36:47 +0000] - 3.624 ms localhost
GET /auth/google 302 [30/Nov/2024:12:37:28 +0000] - 2.814 ms localhost
GET /auth/google/callback?code=4%2F0AeanS0asfoegJl08SmuuIwG0-rD7q9Zk-gmLhJDfMaadNT62oaVVQ-MBmI6bfAi-yCuU5A&scope=email+profile+https%3A%2F%2Fwww.googleapis.com%2Fauth%2Fuserinfo.profile+openid+https%3A%2F%2Fwww.googleapis.com%2Fauth%2Fuserinfo.email&authuser=1&prompt=none 200 [30/Nov/2024:12:37:35 +0000] - 1132.801 ms localhost
GET /auth/google 302 [30/Nov/2024:13:13:17 +0000] - 3.690 ms localhost
GET /auth/google/callback?code=4%2F0AeanS0bnblahYIo4z3NQ1CETZgjWPGxsf0mJUsH3eFdyWMYLjjRp5sLdeG4NMyKJHvgt4w&scope=email+profile+https%3A%2F%2Fwww.googleapis.com%2Fauth%2Fuserinfo.email+https%3A%2F%2Fwww.googleapis.com%2Fauth%2Fuserinfo.profile+openid&authuser=1&prompt=none 302 [30/Nov/2024:13:13:21 +0000] - 904.374 ms localhost
GET /auth/google 302 [30/Nov/2024:13:14:04 +0000] - 11.490 ms localhost
GET /auth/google/callback?code=4%2F0AeanS0YWtp34MwyeHEYio9DFR88tLaRZZeU3F3fqO8S1txAqf9ZQrlzCzjF53l1udooS3A&scope=email+profile+https%3A%2F%2Fwww.googleapis.com%2Fauth%2Fuserinfo.email+https%3A%2F%2Fwww.googleapis.com%2Fauth%2Fuserinfo.profile+openid&authuser=1&prompt=none 302 [30/Nov/2024:13:14:08 +0000] - 799.235 ms localhost
GET /auth/google 302 [30/Nov/2024:13:23:23 +0000] - 61.466 ms localhost
GET /auth/google/callback?code=4%2F0AeanS0ZnZElZHtlcFEI2vIJbOuR2BFrVwEnWYGSfg4sci--jof86Y5rq6mqGIFZdsKNulA&scope=email+profile+openid+https%3A%2F%2Fwww.googleapis.com%2Fauth%2Fuserinfo.email+https%3A%2F%2Fwww.googleapis.com%2Fauth%2Fuserinfo.profile&authuser=1&prompt=none 302 [30/Nov/2024:13:23:27 +0000] - 919.473 ms localhost
GET /auth/google 302 [30/Nov/2024:13:24:45 +0000] - 5.213 ms localhost
GET /auth/google/callback?code=4%2F0AeanS0Y3CQ9MMdbxsnfINRbABsMrKg1RY1w3qDb5dEzf2Qs-qRVPjTBgourNN-43fDNtAw&scope=email+profile+https%3A%2F%2Fwww.googleapis.com%2Fauth%2Fuserinfo.email+https%3A%2F%2Fwww.googleapis.com%2Fauth%2Fuserinfo.profile+openid&authuser=1&prompt=none 200 [30/Nov/2024:13:24:51 +0000] - 1329.909 ms localhost
GET /auth/google 302 [30/Nov/2024:13:46:24 +0000] - 5.531 ms localhost
GET /auth/google 302 [30/Nov/2024:13:52:22 +0000] - 5.203 ms localhost
GET /auth/google 302 [30/Nov/2024:13:53:18 +0000] - 5.335 ms localhost
GET /auth/google/callback?code=4%2F0AeanS0a71Nw4k4svTf3INLlv-EU-jpNKwfsUGU26Lt_FY5-ixTgcBMYC0_xieyhFmT05ug&scope=email+profile+openid+https%3A%2F%2Fwww.googleapis.com%2Fauth%2Fuserinfo.email+https%3A%2F%2Fwww.googleapis.com%2Fauth%2Fuserinfo.profile&authuser=1&prompt=none 302 [30/Nov/2024:13:53:21 +0000] - 734.530 ms localhost
GET /auth/google 302 [30/Nov/2024:14:00:22 +0000] - 11.543 ms localhost
GET /auth/google/callback?code=4%2F0AeanS0YwqNOZ9PLdHfQKpMiCoySN3l7oKzs6LBDPI9NwA_J8jhohnjzqZcz3CCSr8yxlYQ&scope=email+profile+https%3A%2F%2Fwww.googleapis.com%2Fauth%2Fuserinfo.email+https%3A%2F%2Fwww.googleapis.com%2Fauth%2Fuserinfo.profile+openid&authuser=1&prompt=none 302 [30/Nov/2024:14:00:26 +0000] - 944.162 ms localhost
GET /data 200 [30/Nov/2024:14:00:27 +0000] - 25.035 ms localhost
GET /logout 304 [30/Nov/2024:14:02:16 +0000] - 4.664 ms localhost
GET /auth/google 302 [30/Nov/2024:14:02:53 +0000] - 12.496 ms localhost
GET /auth/google/callback?code=4%2F0AeanS0bMMNwdCAF5Z2bx2y67Yy6KOv7gR_zabfkENm03IEVnXHxv0_wTBDxdQ9XQRQgtqg&scope=email+profile+https%3A%2F%2Fwww.googleapis.com%2Fauth%2Fuserinfo.email+https%3A%2F%2Fwww.googleapis.com%2Fauth%2Fuserinfo.profile+openid&authuser=1&prompt=none 302 [30/Nov/2024:14:02:58 +0000] - 1234.022 ms localhost
GET /data 200 [30/Nov/2024:14:02:59 +0000] - 12.949 ms localhost
GET /auth/google 302 [30/Nov/2024:14:05:55 +0000] - 54.097 ms localhost
GET /auth/google/callback?code=4%2F0AeanS0ZjgwRbVmjW10smi17CEHa5DOvKegmnqd-hDEBBmRRvL4NvcYzAlpOi6qwL6uSS8A&scope=email+profile+https%3A%2F%2Fwww.googleapis.com%2Fauth%2Fuserinfo.email+https%3A%2F%2Fwww.googleapis.com%2Fauth%2Fuserinfo.profile+openid&authuser=1&prompt=none 302 [30/Nov/2024:14:05:59 +0000] - 644.433 ms localhost
GET /data 200 [30/Nov/2024:14:06:00 +0000] - 22.075 ms localhost
GET /auth/google 302 [30/Nov/2024:14:07:15 +0000] - 15.352 ms localhost
GET /auth/google/callback?code=4%2F0AeanS0ZVco5tbWaW_inArAOucVVq6WGd94Cb9NdO_eAYDNAaAFec3UsHFKEhNKajYH4YZg&scope=email+profile+openid+https%3A%2F%2Fwww.googleapis.com%2Fauth%2Fuserinfo.email+https%3A%2F%2Fwww.googleapis.com%2Fauth%2Fuserinfo.profile&authuser=1&prompt=none 302 [30/Nov/2024:14:07:19 +0000] - 495.041 ms localhost
GET /data 200 [30/Nov/2024:14:07:20 +0000] - 12.684 ms localhost
GET /logout 304 [30/Nov/2024:14:09:17 +0000] - 8.070 ms localhost
GET /auth/google 302 [30/Nov/2024:14:09:20 +0000] - 3.332 ms localhost
GET /auth/google/callback?code=4%2F0AeanS0bBLhySiJHBPzmAxboKI8N7uBiJxZbFSJuleIaHcXpdgjzA7TV_FZh66oGR8nc06w&scope=email+profile+https%3A%2F%2Fwww.googleapis.com%2Fauth%2Fuserinfo.email+https%3A%2F%2Fwww.googleapis.com%2Fauth%2Fuserinfo.profile+openid&authuser=1&prompt=none 302 [30/Nov/2024:14:09:24 +0000] - 547.236 ms localhost
GET /data 200 [30/Nov/2024:14:09:27 +0000] - 14.492 ms localhost
GET /logout 304 [30/Nov/2024:14:10:19 +0000] - 3.870 ms localhost
GET /auth/google 302 [30/Nov/2024:14:10:21 +0000] - 18.633 ms localhost
GET /auth/google/callback?code=4%2F0AeanS0bGueMuXbau_dWkvNNAlbnZ7Ee6GBCRoHWKN6knxY1MVDr8VkRECCR70RkFmce6MQ&scope=email+profile+https%3A%2F%2Fwww.googleapis.com%2Fauth%2Fuserinfo.profile+openid+https%3A%2F%2Fwww.googleapis.com%2Fauth%2Fuserinfo.email&authuser=1&prompt=none 302 [30/Nov/2024:14:10:29 +0000] - 1125.930 ms localhost
GET /data 200 [30/Nov/2024:14:10:30 +0000] - 158.909 ms localhost
GET /logout 304 [30/Nov/2024:14:10:51 +0000] - 4.610 ms localhost
GET /auth/google 302 [30/Nov/2024:14:10:53 +0000] - 4.790 ms localhost
GET /auth/google/callback?code=4%2F0AeanS0bvE96-8P0V7rycdpZxx0RKGYsz101yB2lLmfhzr0Dc7xbCOF0OdB17nCpQJlwTcQ&scope=email+profile+openid+https%3A%2F%2Fwww.googleapis.com%2Fauth%2Fuserinfo.email+https%3A%2F%2Fwww.googleapis.com%2Fauth%2Fuserinfo.profile&authuser=1&prompt=none 302 [30/Nov/2024:14:10:59 +0000] - 1520.215 ms localhost
GET /data 200 [30/Nov/2024:14:11:00 +0000] - 116.477 ms localhost
GET /data 401 [30/Nov/2024:14:12:01 +0000] - 88.365 ms localhost
GET /refreshToken 200 [30/Nov/2024:14:12:01 +0000] - 157.236 ms localhost
GET /data 200 [30/Nov/2024:14:12:02 +0000] - 139.184 ms localhost
GET /logout 304 [30/Nov/2024:14:12:08 +0000] - 4.598 ms localhost
GET /data 401 [30/Nov/2024:14:12:16 +0000] - 304.947 ms localhost
GET /refreshToken 200 [30/Nov/2024:14:12:16 +0000] - 2.847 ms localhost
GET /data 401 [30/Nov/2024:14:12:16 +0000] - 11.144 ms localhost
GET /data 401 [30/Nov/2024:14:13:08 +0000] - 5.531 ms localhost
GET /refreshToken 304 [30/Nov/2024:14:13:08 +0000] - 4.799 ms localhost
GET /data 401 [30/Nov/2024:14:13:09 +0000] - 6.133 ms localhost
GET /data 401 [30/Nov/2024:14:13:54 +0000] - 6.496 ms localhost
GET /refreshToken 304 [30/Nov/2024:14:13:55 +0000] - 2.890 ms localhost
GET /data 401 [30/Nov/2024:14:13:55 +0000] - 164.416 ms localhost
GET /data 401 [30/Nov/2024:14:14:53 +0000] - 6.971 ms localhost
GET /refreshToken 304 [30/Nov/2024:14:14:53 +0000] - 2.754 ms localhost
GET /data 401 [30/Nov/2024:14:14:53 +0000] - 6.311 ms localhost
GET /data 401 [30/Nov/2024:14:15:30 +0000] - 393.056 ms localhost
GET /refreshToken 304 [30/Nov/2024:14:15:31 +0000] - 49.784 ms localhost
GET /data 401 [30/Nov/2024:14:15:31 +0000] - 664.469 ms localhost
GET /data 401 [30/Nov/2024:14:15:40 +0000] - 6.466 ms localhost
GET /refreshToken 304 [30/Nov/2024:14:15:41 +0000] - 3.744 ms localhost
GET /data 401 [30/Nov/2024:14:15:41 +0000] - 5.752 ms localhost
GET /data 401 [30/Nov/2024:14:16:00 +0000] - 7.851 ms localhost
GET /refreshToken 304 [30/Nov/2024:14:16:00 +0000] - 3.775 ms localhost
GET /data 401 [30/Nov/2024:14:16:00 +0000] - 8.682 ms localhost
GET /data 401 [30/Nov/2024:14:17:06 +0000] - 158.446 ms localhost
GET /refreshToken 304 [30/Nov/2024:14:17:06 +0000] - 2.094 ms localhost
GET /data 401 [30/Nov/2024:14:17:06 +0000] - 5.059 ms localhost
GET /data 401 [30/Nov/2024:14:17:25 +0000] - 10.126 ms localhost
GET /refreshToken 304 [30/Nov/2024:14:17:25 +0000] - 2.225 ms localhost
GET /data 401 [30/Nov/2024:14:17:25 +0000] - 12.577 ms localhost
GET /data 401 [30/Nov/2024:14:17:33 +0000] - 11.800 ms localhost
GET /refreshToken 304 [30/Nov/2024:14:17:33 +0000] - 2.991 ms localhost
GET /data 401 [30/Nov/2024:14:17:33 +0000] - 12.240 ms localhost
GET /data 401 [30/Nov/2024:14:17:40 +0000] - 6.587 ms localhost
GET /refreshToken 304 [30/Nov/2024:14:17:40 +0000] - 2.163 ms localhost
GET /data 401 [30/Nov/2024:14:17:40 +0000] - 12.673 ms localhost
GET /data 401 [30/Nov/2024:14:17:59 +0000] - 7.557 ms localhost
GET /refreshToken 304 [30/Nov/2024:14:17:59 +0000] - 6.679 ms localhost
GET /data 401 [30/Nov/2024:14:17:59 +0000] - 20.718 ms localhost
GET /data 401 [30/Nov/2024:14:18:10 +0000] - 13.901 ms localhost
GET /refreshToken 304 [30/Nov/2024:14:18:10 +0000] - 4.555 ms localhost
GET /data 401 [30/Nov/2024:14:18:10 +0000] - 7.069 ms localhost
GET /data 401 [30/Nov/2024:14:18:21 +0000] - 5.494 ms localhost
GET /refreshToken 304 [30/Nov/2024:14:18:21 +0000] - 3.128 ms localhost
GET /data 401 [30/Nov/2024:14:18:21 +0000] - 6.038 ms localhost
