POST /login 200 [23/Nov/2024:19:36:09 +0000] - 100.570 ms localhost
GET /users 304 [23/Nov/2024:19:36:12 +0000] - 15.776 ms localhost
GET /logout 304 [23/Nov/2024:19:36:45 +0000] - 1.090 ms localhost
POST /login 200 [23/Nov/2024:19:36:54 +0000] - 284.837 ms localhost
GET /users 304 [23/Nov/2024:19:36:56 +0000] - 21.143 ms localhost
GET /logout 304 [23/Nov/2024:19:45:39 +0000] - 1.543 ms localhost
POST /login 200 [23/Nov/2024:22:15:15 +0000] - 1015.544 ms localhost
GET /users 200 [23/Nov/2024:22:15:19 +0000] - 19.881 ms localhost
POST /login 200 [23/Nov/2024:22:17:14 +0000] - 290.096 ms localhost
GET /users 304 [23/Nov/2024:22:17:17 +0000] - 10.657 ms localhost
GET /logout 200 [23/Nov/2024:22:18:27 +0000] - 11.106 ms localhost
POST /login 200 [23/Nov/2024:22:18:40 +0000] - 455.860 ms localhost
GET /users 200 [23/Nov/2024:22:18:43 +0000] - 58.544 ms localhost
POST /register 200 [23/Nov/2024:22:50:21 +0000] - 321.891 ms localhost
POST /register 200 [23/Nov/2024:22:52:25 +0000] - 154.624 ms localhost
POST /register 200 [23/Nov/2024:22:54:51 +0000] - 214.179 ms localhost
POST /register 200 [23/Nov/2024:22:56:57 +0000] - 208.630 ms localhost
GET /sendOtp/undefined 404 [23/Nov/2024:22:58:35 +0000] - 2.656 ms localhost
POST /register 200 [23/Nov/2024:23:03:50 +0000] - 277.192 ms localhost
POST /verifyOtp 200 [23/Nov/2024:23:04:08 +0000] - 3.855 ms localhost
POST /verifyOtp 200 [23/Nov/2024:23:04:12 +0000] - 3.886 ms localhost
POST /register 200 [23/Nov/2024:23:06:29 +0000] - 162.482 ms localhost
POST /verifyOtp 200 [23/Nov/2024:23:06:45 +0000] - 9.601 ms localhost
POST /login 200 [23/Nov/2024:23:06:54 +0000] - 139.739 ms localhost
GET /logout 304 [23/Nov/2024:23:07:02 +0000] - 2.141 ms localhost
POST /login 200 [23/Nov/2024:23:07:15 +0000] - 110.059 ms localhost
GET /users 404 [23/Nov/2024:23:07:44 +0000] - 6.518 ms localhost
POST /login 200 [23/Nov/2024:23:10:20 +0000] - 199.450 ms localhost
GET /users 404 [23/Nov/2024:23:10:24 +0000] - 7.456 ms localhost
POST /login 200 [23/Nov/2024:23:13:45 +0000] - 199.063 ms localhost
GET /users 404 [23/Nov/2024:23:14:27 +0000] - 7.180 ms localhost
POST /login 200 [23/Nov/2024:23:14:39 +0000] - 126.769 ms localhost
GET /users 200 [23/Nov/2024:23:14:47 +0000] - 21.112 ms localhost
POST /login 200 [23/Nov/2024:23:16:44 +0000] - 113.186 ms localhost
GET /users 404 [23/Nov/2024:23:16:59 +0000] - 5.937 ms localhost
POST /login 200 [23/Nov/2024:23:17:47 +0000] - 223.608 ms localhost
GET /users 404 [23/Nov/2024:23:17:51 +0000] - 69.954 ms localhost
POST /login 200 [23/Nov/2024:23:21:34 +0000] - 209.701 ms localhost
GET /users 200 [23/Nov/2024:23:21:38 +0000] - 25.862 ms localhost
GET /users 200 [23/Nov/2024:23:22:06 +0000] - 15.559 ms localhost
POST /login 200 [23/Nov/2024:23:22:39 +0000] - 132.799 ms localhost
GET /users 404 [23/Nov/2024:23:22:40 +0000] - 5.083 ms localhost
POST /login 200 [23/Nov/2024:23:24:30 +0000] - 206.287 ms localhost
GET /users 404 [23/Nov/2024:23:24:32 +0000] - 10.604 ms localhost
POST /login 200 [23/Nov/2024:23:26:25 +0000] - 140.286 ms localhost
GET /users 404 [23/Nov/2024:23:26:27 +0000] - 4.376 ms localhost
POST /login 200 [23/Nov/2024:23:27:38 +0000] - 118.999 ms localhost
GET /users 200 [23/Nov/2024:23:27:44 +0000] - 31.110 ms localhost
POST /login 200 [23/Nov/2024:23:28:45 +0000] - 156.725 ms localhost
GET /users 200 [23/Nov/2024:23:28:47 +0000] - 13.559 ms localhost
POST /login 200 [23/Nov/2024:23:29:17 +0000] - 129.124 ms localhost
GET /users 304 [23/Nov/2024:23:29:19 +0000] - 14.609 ms localhost
POST /login 200 [24/Nov/2024:10:26:01 +0000] - 431.131 ms localhost
POST /login 200 [24/Nov/2024:10:26:10 +0000] - 310.245 ms localhost
GET /users 304 [24/Nov/2024:10:26:17 +0000] - 48.802 ms localhost
POST /login 200 [24/Nov/2024:10:27:26 +0000] - 246.851 ms localhost
GET /users 404 [24/Nov/2024:10:28:29 +0000] - 7.722 ms localhost
GET /logout 304 [24/Nov/2024:10:29:35 +0000] - 0.829 ms localhost
POST /login 200 [24/Nov/2024:10:29:49 +0000] - 308.889 ms localhost
GET /users 404 [24/Nov/2024:10:31:03 +0000] - 7.095 ms localhost
GET /logout 304 [24/Nov/2024:10:31:34 +0000] - 1.165 ms localhost
POST /login 200 [24/Nov/2024:10:31:42 +0000] - 100.996 ms localhost
GET /users 200 [24/Nov/2024:10:31:46 +0000] - 19.700 ms localhost
GET /logout 304 [24/Nov/2024:10:44:19 +0000] - 8.234 ms localhost
POST /login 200 [24/Nov/2024:10:44:32 +0000] - 155.653 ms localhost
GET /users 401 [24/Nov/2024:10:45:17 +0000] - 9.061 ms localhost
POST /login 200 [24/Nov/2024:10:57:04 +0000] - 285.803 ms localhost
GET /users 401 [24/Nov/2024:10:58:05 +0000] - 5.877 ms localhost
POST /login 200 [24/Nov/2024:10:58:27 +0000] - 273.137 ms localhost
GET /users 200 [24/Nov/2024:10:58:32 +0000] - 34.739 ms localhost
GET /users 200 [24/Nov/2024:10:58:48 +0000] - 24.857 ms localhost
GET /users 401 [24/Nov/2024:10:59:09 +0000] - 8.567 ms localhost
POST /login 200 [24/Nov/2024:11:00:05 +0000] - 219.391 ms localhost
GET /users 200 [24/Nov/2024:11:00:17 +0000] - 50.199 ms localhost
GET /users 200 [24/Nov/2024:11:00:28 +0000] - 29.246 ms localhost
GET /users 200 [24/Nov/2024:11:00:30 +0000] - 14.813 ms localhost
GET /users 401 [24/Nov/2024:11:01:06 +0000] - 2.830 ms localhost
POST /login 200 [24/Nov/2024:11:12:13 +0000] - 399.392 ms localhost
GET /users 200 [24/Nov/2024:11:13:08 +0000] - 52.441 ms localhost
GET /users 401 [24/Nov/2024:11:13:26 +0000] - 52.282 ms localhost
POST /login 200 [24/Nov/2024:11:15:53 +0000] - 588.273 ms localhost
GET /users 304 [24/Nov/2024:11:16:21 +0000] - 38.736 ms localhost
GET /users 304 [24/Nov/2024:11:16:45 +0000] - 20.954 ms localhost
GET /users 401 [24/Nov/2024:11:17:13 +0000] - 27.759 ms localhost
POST /login 200 [24/Nov/2024:12:38:15 +0000] - 982.092 ms localhost
GET /users 401 [24/Nov/2024:12:39:15 +0000] - 47.449 ms localhost
GET /users 401 [24/Nov/2024:12:39:27 +0000] - 15.748 ms localhost
GET /users 401 [24/Nov/2024:12:40:56 +0000] - 20.858 ms localhost
GET /logout 304 [24/Nov/2024:12:40:58 +0000] - 5.107 ms localhost
POST /login 200 [24/Nov/2024:12:41:07 +0000] - 413.564 ms localhost
GET /users 401 [24/Nov/2024:12:42:28 +0000] - 101.539 ms localhost
POST /login 200 [24/Nov/2024:12:54:14 +0000] - 447.951 ms localhost
GET /users 401 [24/Nov/2024:12:55:15 +0000] - 23.556 ms localhost
GET /refreshToken 200 [24/Nov/2024:12:55:15 +0000] - 3.759 ms localhost
GET /users 200 [24/Nov/2024:12:55:15 +0000] - 17.335 ms localhost
GET /users 401 [24/Nov/2024:12:56:39 +0000] - 6.573 ms localhost
GET /refreshToken 200 [24/Nov/2024:12:56:39 +0000] - 1.587 ms localhost
GET /users 401 [24/Nov/2024:12:56:39 +0000] - 3.160 ms localhost
GET /users 401 [24/Nov/2024:12:57:42 +0000] - 6.096 ms localhost
GET /refreshToken 304 [24/Nov/2024:12:57:42 +0000] - 1.313 ms localhost
GET /users 401 [24/Nov/2024:12:57:42 +0000] - 5.124 ms localhost
POST /login 200 [24/Nov/2024:13:27:20 +0000] - 175.100 ms localhost
GET /users 304 [24/Nov/2024:13:28:18 +0000] - 31.052 ms localhost
GET /users 401 [24/Nov/2024:13:28:34 +0000] - 26.541 ms localhost
GET /refreshToken 200 [24/Nov/2024:13:28:34 +0000] - 7.007 ms localhost
GET /users 304 [24/Nov/2024:13:28:34 +0000] - 16.970 ms localhost
GET /users 304 [24/Nov/2024:13:29:22 +0000] - 17.279 ms localhost
GET /users 401 [24/Nov/2024:13:30:01 +0000] - 4.423 ms localhost
GET /refreshToken 200 [24/Nov/2024:13:30:01 +0000] - 0.695 ms localhost
GET /users 401 [24/Nov/2024:13:30:01 +0000] - 4.711 ms localhost
POST /login 200 [24/Nov/2024:14:18:11 +0000] - 164.157 ms localhost
GET /users 304 [24/Nov/2024:14:18:29 +0000] - 27.622 ms localhost
GET /users 401 [24/Nov/2024:14:19:24 +0000] - 37.111 ms localhost
GET /refreshToken 200 [24/Nov/2024:14:19:24 +0000] - 10.031 ms localhost
GET /users 304 [24/Nov/2024:14:19:25 +0000] - 18.932 ms localhost
GET /users 304 [24/Nov/2024:14:20:20 +0000] - 22.246 ms localhost
GET /users 401 [24/Nov/2024:14:20:53 +0000] - 30.253 ms localhost
GET /refreshToken 304 [24/Nov/2024:14:20:53 +0000] - 7.181 ms localhost
GET /users 304 [24/Nov/2024:14:20:53 +0000] - 21.231 ms localhost
GET /users 401 [24/Nov/2024:14:22:40 +0000] - 13.852 ms localhost
GET /refreshToken 304 [24/Nov/2024:14:22:40 +0000] - 5.776 ms localhost
GET /users 304 [24/Nov/2024:14:22:40 +0000] - 19.377 ms localhost
