GET /usersCount 401 [12/Dec/2024:18:54:09 +0000] - 38.109 ms localhost
GET /users?pageNumber=1&pageSize=2 401 [12/Dec/2024:18:54:09 +0000] - 28.956 ms localhost
GET /refreshToken 304 [12/Dec/2024:18:54:09 +0000] - 16.850 ms localhost
GET /refreshToken 304 [12/Dec/2024:18:54:09 +0000] - 6.972 ms localhost
GET /users?pageNumber=1&pageSize=2 304 [12/Dec/2024:18:54:09 +0000] - 49.212 ms localhost
GET /usersCount 304 [12/Dec/2024:18:54:09 +0000] - 78.693 ms localhost
POST /login 200 [12/Dec/2024:18:54:52 +0000] - 179.581 ms localhost
GET /usersCount 304 [12/Dec/2024:18:55:00 +0000] - 22.214 ms localhost
GET /users?pageNumber=1&pageSize=2 304 [12/Dec/2024:18:55:00 +0000] - 33.366 ms localhost
GET /usersCount 304 [12/Dec/2024:18:55:31 +0000] - 20.717 ms localhost
GET /users?pageNumber=1&pageSize=2 304 [12/Dec/2024:18:55:31 +0000] - 35.007 ms localhost
GET /user/673ac7d8306657184e800578 401 [12/Dec/2024:18:55:37 +0000] - 5.868 ms localhost
GET /usersCount 401 [12/Dec/2024:18:56:28 +0000] - 36.242 ms localhost
GET /users?pageNumber=1&pageSize=2 401 [12/Dec/2024:18:56:28 +0000] - 65.668 ms localhost
GET /refreshToken 304 [12/Dec/2024:18:56:28 +0000] - 12.612 ms localhost
GET /refreshToken 304 [12/Dec/2024:18:56:28 +0000] - 10.523 ms localhost
GET /usersCount 304 [12/Dec/2024:18:56:28 +0000] - 62.619 ms localhost
GET /users?pageNumber=1&pageSize=2 304 [12/Dec/2024:18:56:28 +0000] - 44.300 ms localhost
POST /login 200 [12/Dec/2024:18:56:44 +0000] - 158.012 ms localhost
GET /user/673ac7d8306657184e800578 401 [12/Dec/2024:18:56:51 +0000] - 3.338 ms localhost
GET /refreshToken 200 [12/Dec/2024:18:56:51 +0000] - 1.169 ms localhost
GET /user/673ac7d8306657184e800578 401 [12/Dec/2024:18:56:51 +0000] - 5.383 ms localhost
GET /refreshToken 200 [12/Dec/2024:19:00:51 +0000] - 26.013 ms localhost
GET /refreshToken 200 [12/Dec/2024:19:09:27 +0000] - 55.339 ms localhost
POST /login 200 [12/Dec/2024:19:10:22 +0000] - 208.029 ms localhost
GET /refreshToken 200 [12/Dec/2024:19:10:31 +0000] - 8.960 ms localhost
GET /usersCount 401 [12/Dec/2024:19:11:23 +0000] - 41.032 ms localhost
GET /refreshToken 304 [12/Dec/2024:19:11:23 +0000] - 11.801 ms localhost
GET /users?pageNumber=1&pageSize=2 401 [12/Dec/2024:19:11:23 +0000] - 15.246 ms localhost
GET /usersCount 401 [12/Dec/2024:19:11:23 +0000] - 171.489 ms localhost
GET /refreshToken 304 [12/Dec/2024:19:11:23 +0000] - 77.447 ms localhost
GET /users?pageNumber=1&pageSize=2 401 [12/Dec/2024:19:11:23 +0000] - 9.822 ms localhost
POST /login 200 [12/Dec/2024:19:11:40 +0000] - 158.134 ms localhost
GET /usersCount 401 [12/Dec/2024:19:12:11 +0000] - 11.220 ms localhost
GET /users?pageNumber=1&pageSize=2 401 [12/Dec/2024:19:12:11 +0000] - 17.145 ms localhost
GET /refreshToken 304 [12/Dec/2024:19:12:11 +0000] - 6.506 ms localhost
GET /refreshToken 304 [12/Dec/2024:19:12:11 +0000] - 8.788 ms localhost
GET /usersCount 401 [12/Dec/2024:19:12:11 +0000] - 10.687 ms localhost
GET /users?pageNumber=1&pageSize=2 401 [12/Dec/2024:19:12:11 +0000] - 10.293 ms localhost
POST /login 200 [12/Dec/2024:19:13:20 +0000] - 193.219 ms localhost
GET /usersCount 304 [12/Dec/2024:19:13:24 +0000] - 36.156 ms localhost
GET /users?pageNumber=1&pageSize=2 304 [12/Dec/2024:19:13:24 +0000] - 47.783 ms localhost
GET /user/673ac7d8306657184e800578 401 [12/Dec/2024:19:13:31 +0000] - 3.706 ms localhost
GET /refreshToken 200 [12/Dec/2024:19:13:32 +0000] - 2.083 ms localhost
GET /user/673ac7d8306657184e800578 401 [12/Dec/2024:19:13:32 +0000] - 3.478 ms localhost
POST /login 200 [12/Dec/2024:19:19:16 +0000] - 788.718 ms localhost
GET /user/673ac7d8306657184e800578 401 [12/Dec/2024:19:20:00 +0000] - 10.835 ms localhost
GET /refreshToken 200 [12/Dec/2024:19:20:01 +0000] - 1.847 ms localhost
GET /user/673ac7d8306657184e800578 401 [12/Dec/2024:19:20:01 +0000] - 4.741 ms localhost
GET /refreshToken 200 [12/Dec/2024:19:20:19 +0000] - 24.439 ms localhost
GET /refreshToken 304 [12/Dec/2024:19:25:27 +0000] - 62.425 ms localhost
GET /user/673ac7d8306657184e800578 401 [12/Dec/2024:19:27:41 +0000] - 14.365 ms localhost
GET /refreshToken 200 [12/Dec/2024:19:27:41 +0000] - 4.861 ms localhost
GET /user/673ac7d8306657184e800578 401 [12/Dec/2024:19:27:41 +0000] - 5.602 ms localhost
GET /user/673ac7d8306657184e800578 401 [12/Dec/2024:19:28:23 +0000] - 208.391 ms localhost
POST /login 200 [12/Dec/2024:20:07:26 +0000] - 230.135 ms localhost
GET /usersCount 304 [12/Dec/2024:20:07:47 +0000] - 65.173 ms localhost
GET /users?pageNumber=1&pageSize=2 304 [12/Dec/2024:20:07:47 +0000] - 46.096 ms localhost
GET /usersCount 401 [12/Dec/2024:20:14:24 +0000] - 98.652 ms localhost
GET /users?pageNumber=1&pageSize=2 401 [12/Dec/2024:20:14:24 +0000] - 32.149 ms localhost
GET /refreshToken 304 [12/Dec/2024:20:14:24 +0000] - 16.132 ms localhost
GET /refreshToken 304 [12/Dec/2024:20:14:25 +0000] - 5.931 ms localhost
GET /usersCount 304 [12/Dec/2024:20:14:25 +0000] - 149.112 ms localhost
GET /users?pageNumber=1&pageSize=2 304 [12/Dec/2024:20:14:25 +0000] - 122.558 ms localhost
POST /login 200 [12/Dec/2024:20:15:54 +0000] - 372.136 ms localhost
GET /usersCount 304 [12/Dec/2024:20:16:02 +0000] - 57.183 ms localhost
GET /users?pageNumber=1&pageSize=2 304 [12/Dec/2024:20:16:02 +0000] - 43.758 ms localhost
POST /login 200 [12/Dec/2024:20:17:55 +0000] - 346.190 ms localhost
POST /login 200 [12/Dec/2024:20:57:25 +0000] - 484.383 ms localhost
GET /user/673ac7d8306657184e800578 401 [12/Dec/2024:20:59:55 +0000] - 47.936 ms localhost
GET /usersCount 401 [12/Dec/2024:21:03:40 +0000] - 16.683 ms localhost
GET /users?pageNumber=1&pageSize=2 401 [12/Dec/2024:21:03:40 +0000] - 42.910 ms localhost
GET /refreshToken 304 [12/Dec/2024:21:03:40 +0000] - 26.816 ms localhost
GET /refreshToken 304 [12/Dec/2024:21:03:40 +0000] - 24.851 ms localhost
GET /usersCount 304 [12/Dec/2024:21:03:40 +0000] - 138.895 ms localhost
GET /users?pageNumber=1&pageSize=2 304 [12/Dec/2024:21:03:41 +0000] - 156.554 ms localhost
POST /login 200 [12/Dec/2024:21:03:53 +0000] - 351.898 ms localhost
POST /login 200 [12/Dec/2024:21:15:31 +0000] - 476.661 ms localhost
POST /login 200 [12/Dec/2024:21:20:52 +0000] - 201.110 ms localhost
GET /user/673ac7d8306657184e800578 200 [12/Dec/2024:21:21:03 +0000] - 55.996 ms localhost
POST /login 200 [12/Dec/2024:21:24:42 +0000] - 719.887 ms localhost
GET /user/673ac7d8306657184e800578 401 [12/Dec/2024:21:24:49 +0000] - 18.252 ms localhost
GET /user/673ac7d8306657184e800578 401 [12/Dec/2024:21:24:49 +0000] - 10.323 ms localhost
POST /login 200 [12/Dec/2024:21:28:01 +0000] - 504.637 ms localhost
GET /user/673ac7d8306657184e800578 401 [12/Dec/2024:21:28:09 +0000] - 18.342 ms localhost
GET /refreshToken 200 [12/Dec/2024:21:28:09 +0000] - 27.167 ms localhost
GET /user/673ac7d8306657184e800578 401 [12/Dec/2024:21:28:09 +0000] - 12.464 ms localhost
POST /login 200 [12/Dec/2024:21:30:57 +0000] - 491.560 ms localhost
GET /refreshToken 200 [12/Dec/2024:21:36:10 +0000] - 175.346 ms localhost
POST /login 200 [12/Dec/2024:21:48:30 +0000] - 287.045 ms localhost
GET /user/673ac7d8306657184e800578 401 [12/Dec/2024:21:48:37 +0000] - 23.006 ms localhost
GET /refreshToken 200 [12/Dec/2024:21:48:37 +0000] - 2.842 ms localhost
GET /user/673ac7d8306657184e800578 401 [12/Dec/2024:21:48:37 +0000] - 4.657 ms localhost
POST /login 200 [13/Dec/2024:06:13:29 +0000] - 283.755 ms localhost
GET /user/673ac7d8306657184e800578 401 [13/Dec/2024:06:13:37 +0000] - 11.710 ms localhost
GET /refreshToken 200 [13/Dec/2024:06:13:37 +0000] - 6.264 ms localhost
GET /user/673ac7d8306657184e800578 401 [13/Dec/2024:06:13:37 +0000] - 10.610 ms localhost
POST /login 200 [13/Dec/2024:06:17:07 +0000] - 449.838 ms localhost
GET /user/673ac7d8306657184e800578 401 [13/Dec/2024:06:17:12 +0000] - 5.196 ms localhost
GET /refreshToken 200 [13/Dec/2024:06:17:12 +0000] - 6.546 ms localhost
GET /user/673ac7d8306657184e800578 401 [13/Dec/2024:06:17:12 +0000] - 5.891 ms localhost
POST /login 200 [13/Dec/2024:06:20:54 +0000] - 130.530 ms localhost
GET /user/673ac7d8306657184e800578 401 [13/Dec/2024:06:21:00 +0000] - 3.843 ms localhost
GET /refreshToken 200 [13/Dec/2024:06:21:00 +0000] - 1.444 ms localhost
GET /user/673ac7d8306657184e800578 401 [13/Dec/2024:06:21:00 +0000] - 3.402 ms localhost
POST /login 200 [13/Dec/2024:06:37:24 +0000] - 1313.770 ms localhost
GET /refreshToken 200 [13/Dec/2024:06:37:39 +0000] - 20.772 ms localhost
POST /login 200 [13/Dec/2024:06:45:31 +0000] - 157.286 ms localhost
POST /login 200 [13/Dec/2024:06:46:27 +0000] - 263.273 ms localhost
GET /user/673ac7d8306657184e800578 401 [13/Dec/2024:06:46:34 +0000] - 34.673 ms localhost
GET /refreshToken 200 [13/Dec/2024:06:46:35 +0000] - 5.935 ms localhost
GET /user/673ac7d8306657184e800578 401 [13/Dec/2024:06:46:35 +0000] - 6.211 ms localhost
POST /login 200 [13/Dec/2024:14:42:36 +0000] - 533.958 ms localhost
GET /logout 304 [13/Dec/2024:14:42:41 +0000] - 2.743 ms localhost
POST /login 200 [13/Dec/2024:14:42:49 +0000] - 128.541 ms localhost
POST /login 200 [13/Dec/2024:14:44:44 +0000] - 140.725 ms localhost
POST /login 200 [13/Dec/2024:14:44:56 +0000] - 102.212 ms localhost
GET /user/673ac7d8306657184e800578 401 [13/Dec/2024:14:45:02 +0000] - 9.851 ms localhost
GET /refreshToken 200 [13/Dec/2024:14:45:02 +0000] - 2.664 ms localhost
GET /user/673ac7d8306657184e800578 401 [13/Dec/2024:14:45:02 +0000] - 3.387 ms localhost
GET /logout 304 [13/Dec/2024:14:50:50 +0000] - 27.426 ms localhost
POST /login 200 [13/Dec/2024:14:50:59 +0000] - 248.310 ms localhost
GET /logout 304 [13/Dec/2024:14:51:16 +0000] - 2.973 ms localhost
POST /login 200 [13/Dec/2024:14:51:29 +0000] - 141.828 ms localhost
GET /usersCount 401 [13/Dec/2024:14:51:33 +0000] - 15.005 ms localhost
GET /users?pageNumber=1&pageSize=2 401 [13/Dec/2024:14:51:33 +0000] - 10.951 ms localhost
GET /refreshToken 200 [13/Dec/2024:14:51:33 +0000] - 5.550 ms localhost
GET /refreshToken 304 [13/Dec/2024:14:51:33 +0000] - 3.290 ms localhost
GET /usersCount 401 [13/Dec/2024:14:51:33 +0000] - 4.754 ms localhost
GET /users?pageNumber=1&pageSize=2 401 [13/Dec/2024:14:51:33 +0000] - 4.499 ms localhost
POST /login 200 [13/Dec/2024:14:53:50 +0000] - 217.011 ms localhost
GET /usersCount 304 [13/Dec/2024:14:53:53 +0000] - 43.733 ms localhost
GET /users?pageNumber=1&pageSize=2 304 [13/Dec/2024:14:53:53 +0000] - 31.810 ms localhost
GET /users?pageNumber=1&pageSize=5&sortBy=&sortOrder=asc 200 [13/Dec/2024:14:53:58 +0000] - 26.545 ms localhost
GET /users?pageNumber=1&pageSize=5&sortBy=name&sortOrder=desc 200 [13/Dec/2024:14:54:00 +0000] - 25.309 ms localhost
GET /users?pageNumber=1&pageSize=5&sortBy=name&sortOrder=asc 200 [13/Dec/2024:14:54:02 +0000] - 20.804 ms localhost
GET /usersCount 401 [13/Dec/2024:15:00:00 +0000] - 76.028 ms localhost
GET /users?pageNumber=1&pageSize=2 401 [13/Dec/2024:15:00:01 +0000] - 27.017 ms localhost
GET /refreshToken 200 [13/Dec/2024:15:00:01 +0000] - 9.364 ms localhost
GET /refreshToken 304 [13/Dec/2024:15:00:01 +0000] - 9.724 ms localhost
GET /usersCount 304 [13/Dec/2024:15:00:01 +0000] - 93.535 ms localhost
GET /users?pageNumber=1&pageSize=2 304 [13/Dec/2024:15:00:01 +0000] - 115.589 ms localhost
GET /users?pageNumber=1&pageSize=2&sortBy=&sortOrder=asc&userName=test 200 [13/Dec/2024:15:00:15 +0000] - 53.213 ms localhost
GET /users?pageNumber=2&pageSize=2&sortBy=&sortOrder=asc&userName=test 200 [13/Dec/2024:15:00:34 +0000] - 17.462 ms localhost
GET /users?pageNumber=1&pageSize=2&sortBy=&sortOrder=asc&userName=test 304 [13/Dec/2024:15:00:35 +0000] - 16.634 ms localhost
POST /login 200 [13/Dec/2024:15:12:42 +0000] - 314.461 ms localhost
POST /login 200 [13/Dec/2024:15:23:10 +0000] - 274.705 ms localhost
POST /login 200 [13/Dec/2024:15:26:08 +0000] - 192.058 ms localhost
POST /login 200 [13/Dec/2024:15:30:34 +0000] - 179.821 ms localhost
POST /login 200 [13/Dec/2024:15:34:42 +0000] - 167.539 ms localhost
POST /login 200 [13/Dec/2024:15:35:56 +0000] - 115.118 ms localhost
GET /usersCount 304 [13/Dec/2024:15:36:12 +0000] - 61.130 ms localhost
GET /users?pageNumber=1&pageSize=2 304 [13/Dec/2024:15:36:12 +0000] - 53.994 ms localhost
GET /users?pageNumber=1&pageSize=2&sortBy=name&sortOrder=desc 200 [13/Dec/2024:15:36:14 +0000] - 23.858 ms localhost
GET /users?pageNumber=1&pageSize=2&sortBy=name&sortOrder=asc 200 [13/Dec/2024:15:36:15 +0000] - 18.508 ms localhost
GET /usersCount 401 [13/Dec/2024:15:37:29 +0000] - 19.387 ms localhost
GET /users?pageNumber=1&pageSize=2 401 [13/Dec/2024:15:37:29 +0000] - 16.130 ms localhost
GET /refreshToken 304 [13/Dec/2024:15:37:29 +0000] - 5.611 ms localhost
GET /refreshToken 304 [13/Dec/2024:15:37:29 +0000] - 5.970 ms localhost
GET /usersCount 304 [13/Dec/2024:15:37:29 +0000] - 32.056 ms localhost
GET /users?pageNumber=1&pageSize=2 304 [13/Dec/2024:15:37:29 +0000] - 23.781 ms localhost
POST /login 200 [13/Dec/2024:15:46:43 +0000] - 263.706 ms localhost
GET /usersCount 401 [13/Dec/2024:15:48:34 +0000] - 34.961 ms localhost
GET /refreshToken 304 [13/Dec/2024:15:48:34 +0000] - 5.423 ms localhost
GET /users?pageNumber=1&pageSize=2 401 [13/Dec/2024:15:48:34 +0000] - 25.069 ms localhost
GET /refreshToken 304 [13/Dec/2024:15:48:34 +0000] - 8.910 ms localhost
GET /usersCount 304 [13/Dec/2024:15:48:34 +0000] - 83.706 ms localhost
GET /users?pageNumber=1&pageSize=2 304 [13/Dec/2024:15:48:34 +0000] - 33.621 ms localhost
POST /login 200 [13/Dec/2024:15:48:47 +0000] - 143.754 ms localhost
GET /usersCount 304 [13/Dec/2024:15:49:26 +0000] - 19.381 ms localhost
GET /users?pageNumber=1&pageSize=2 304 [13/Dec/2024:15:49:26 +0000] - 27.278 ms localhost
POST /login 200 [13/Dec/2024:15:50:40 +0000] - 124.230 ms localhost
POST /login 200 [13/Dec/2024:15:52:55 +0000] - 244.863 ms localhost
POST /login 200 [13/Dec/2024:15:56:11 +0000] - 179.141 ms localhost
POST /login 200 [13/Dec/2024:15:57:57 +0000] - 256.016 ms localhost
POST /login 200 [13/Dec/2024:16:00:50 +0000] - 113.452 ms localhost
