POST /login 200 [21/Dec/2024:18:30:08 +0000] - 264.130 ms localhost
GET /usersCount 200 [21/Dec/2024:18:30:18 +0000] - 39.952 ms localhost
GET /users?pageNumber=1&pageSize=2 200 [21/Dec/2024:18:30:18 +0000] - 38.343 ms localhost
GET /users?pageNumber=2&pageSize=2 200 [21/Dec/2024:18:30:24 +0000] - 22.221 ms localhost
POST /editStatus 200 [21/Dec/2024:18:30:32 +0000] - 4633.645 ms localhost
GET /users?pageNumber=2&pageSize=2 200 [21/Dec/2024:18:30:32 +0000] - 16.764 ms localhost
GET /refreshToken 200 [21/Dec/2024:18:31:11 +0000] - 28.026 ms localhost
GET /refreshToken 304 [21/Dec/2024:18:38:25 +0000] - 8.496 ms localhost
POST /login 200 [21/Dec/2024:18:39:24 +0000] - 322.363 ms localhost
GET /usersCount 304 [21/Dec/2024:18:39:29 +0000] - 8.844 ms localhost
GET /users?pageNumber=1&pageSize=2 304 [21/Dec/2024:18:39:29 +0000] - 12.331 ms localhost
GET /users?pageNumber=3&pageSize=2 200 [21/Dec/2024:18:39:32 +0000] - 12.182 ms localhost
GET /users?pageNumber=2&pageSize=2 304 [21/Dec/2024:18:39:34 +0000] - 9.959 ms localhost
POST /editStatus 200 [21/Dec/2024:18:39:39 +0000] - 3451.962 ms localhost
GET /users?pageNumber=2&pageSize=2 200 [21/Dec/2024:18:39:39 +0000] - 12.388 ms localhost
POST /login 200 [21/Dec/2024:18:42:37 +0000] - 297.059 ms localhost
GET /usersCount 304 [21/Dec/2024:18:42:54 +0000] - 23.333 ms localhost
GET /users?pageNumber=1&pageSize=2 304 [21/Dec/2024:18:42:54 +0000] - 41.905 ms localhost
GET /users?pageNumber=3&pageSize=2 304 [21/Dec/2024:18:43:19 +0000] - 6.112 ms localhost
GET /users?pageNumber=2&pageSize=2 304 [21/Dec/2024:18:43:20 +0000] - 12.728 ms localhost
POST /editStatus 200 [21/Dec/2024:18:43:28 +0000] - 4282.839 ms localhost
GET /users?pageNumber=2&pageSize=2 200 [21/Dec/2024:18:43:28 +0000] - 11.135 ms localhost
GET /refreshToken 304 [21/Dec/2024:18:43:39 +0000] - 14.528 ms localhost
GET /logout 304 [21/Dec/2024:18:43:53 +0000] - 2.088 ms localhost
GET /logout 304 [21/Dec/2024:18:43:53 +0000] - 1.308 ms localhost
POST /login 200 [21/Dec/2024:18:44:26 +0000] - 370.219 ms localhost
POST /login 403 [21/Dec/2024:18:45:44 +0000] - 19.082 ms localhost
GET /logout 304 [21/Dec/2024:18:45:45 +0000] - 1.116 ms localhost
POST /login 200 [21/Dec/2024:18:45:53 +0000] - 275.491 ms localhost
GET /usersCount 304 [21/Dec/2024:18:45:58 +0000] - 6.370 ms localhost
GET /users?pageNumber=1&pageSize=2 304 [21/Dec/2024:18:45:58 +0000] - 58.408 ms localhost
GET /users?pageNumber=2&pageSize=2 304 [21/Dec/2024:18:46:00 +0000] - 9.430 ms localhost
POST /editStatus 200 [21/Dec/2024:18:46:06 +0000] - 3773.025 ms localhost
GET /users?pageNumber=2&pageSize=2 200 [21/Dec/2024:18:46:06 +0000] - 9.594 ms localhost
GET /usersCount 304 [21/Dec/2024:18:46:25 +0000] - 52.053 ms localhost
GET /users?pageNumber=1&pageSize=2 304 [21/Dec/2024:18:46:25 +0000] - 10.274 ms localhost
POST /login 200 [21/Dec/2024:18:46:34 +0000] - 348.934 ms localhost
GET /users?pageNumber=2&pageSize=2 304 [21/Dec/2024:18:46:40 +0000] - 7.554 ms localhost
POST /editStatus 200 [21/Dec/2024:18:46:48 +0000] - 5254.709 ms localhost
GET /users?pageNumber=2&pageSize=2 200 [21/Dec/2024:18:46:48 +0000] - 10.474 ms localhost
GET /usersCount 304 [21/Dec/2024:18:47:12 +0000] - 8.046 ms localhost
GET /users?pageNumber=1&pageSize=2 304 [21/Dec/2024:18:47:12 +0000] - 11.145 ms localhost
GET /users?pageNumber=2&pageSize=2 304 [21/Dec/2024:18:47:15 +0000] - 8.646 ms localhost
GET /refreshToken 304 [21/Dec/2024:18:47:46 +0000] - 19.319 ms localhost
POST /login 200 [21/Dec/2024:19:50:14 +0000] - 457.018 ms localhost
GET /refreshToken 200 [21/Dec/2024:19:50:19 +0000] - 20.286 ms localhost
GET /refreshToken 304 [21/Dec/2024:19:50:19 +0000] - 23.936 ms localhost
POST /login 200 [21/Dec/2024:19:51:38 +0000] - 321.305 ms localhost
GET /refreshToken 304 [21/Dec/2024:19:51:42 +0000] - 22.544 ms localhost
GET /refreshToken 304 [21/Dec/2024:19:51:42 +0000] - 17.310 ms localhost
POST /login 200 [21/Dec/2024:20:19:27 +0000] - 468.269 ms localhost
POST /login 200 [21/Dec/2024:20:23:44 +0000] - 539.260 ms localhost
POST /login 200 [21/Dec/2024:20:25:50 +0000] - 315.615 ms localhost
POST /login 403 [21/Dec/2024:20:26:10 +0000] - 21.748 ms localhost
GET /logout 304 [21/Dec/2024:20:26:10 +0000] - 4.865 ms localhost
GET /refreshToken 200 [21/Dec/2024:20:26:17 +0000] - 7.106 ms localhost
GET /refreshToken 304 [21/Dec/2024:20:26:18 +0000] - 2.469 ms localhost
POST /login 200 [21/Dec/2024:20:26:44 +0000] - 304.688 ms localhost
GET /usersCount 304 [21/Dec/2024:20:26:55 +0000] - 33.136 ms localhost
GET /users?pageNumber=1&pageSize=2 304 [21/Dec/2024:20:26:55 +0000] - 28.520 ms localhost
GET /users?pageNumber=2&pageSize=2 304 [21/Dec/2024:20:26:57 +0000] - 13.660 ms localhost
POST /editStatus 200 [21/Dec/2024:20:27:05 +0000] - 5213.000 ms localhost
GET /users?pageNumber=2&pageSize=2 200 [21/Dec/2024:20:27:05 +0000] - 14.118 ms localhost
POST /login 200 [21/Dec/2024:20:27:21 +0000] - 399.828 ms localhost
POST /editStatus 200 [21/Dec/2024:20:27:32 +0000] - 4721.873 ms localhost
GET /logout 304 [21/Dec/2024:20:27:32 +0000] - 3.111 ms localhost
GET /refreshToken 304 [21/Dec/2024:20:27:47 +0000] - 3.411 ms localhost
POST /login 200 [21/Dec/2024:20:47:29 +0000] - 380.812 ms localhost
POST /login 200 [21/Dec/2024:20:47:47 +0000] - 363.272 ms localhost
GET /usersCount 304 [21/Dec/2024:20:47:54 +0000] - 20.337 ms localhost
GET /users?pageNumber=1&pageSize=2 304 [21/Dec/2024:20:47:54 +0000] - 16.562 ms localhost
GET /users?pageNumber=2&pageSize=2 200 [21/Dec/2024:20:47:57 +0000] - 15.041 ms localhost
POST /editStatus 200 [21/Dec/2024:20:48:04 +0000] - 4913.651 ms localhost
GET /users?pageNumber=2&pageSize=2 200 [21/Dec/2024:20:48:05 +0000] - 17.373 ms localhost
GET /refreshToken 200 [21/Dec/2024:20:49:20 +0000] - 55.346 ms localhost
GET /refreshToken 304 [21/Dec/2024:20:54:26 +0000] - 8.672 ms localhost
GET /refreshToken 304 [21/Dec/2024:20:54:26 +0000] - 7.799 ms localhost
GET /refreshToken 304 [21/Dec/2024:20:55:33 +0000] - 7.412 ms localhost
POST /editStatus 200 [21/Dec/2024:20:55:36 +0000] - 2512.727 ms localhost
GET /users?pageNumber=2&pageSize=2 200 [21/Dec/2024:20:55:36 +0000] - 13.633 ms localhost
POST /login 200 [21/Dec/2024:20:57:15 +0000] - 112.890 ms localhost
GET /refreshToken 304 [21/Dec/2024:20:57:26 +0000] - 10.907 ms localhost
GET /refreshToken 304 [21/Dec/2024:20:57:26 +0000] - 9.601 ms localhost
GET /usersCount 304 [21/Dec/2024:20:57:29 +0000] - 4.356 ms localhost
GET /users?pageNumber=1&pageSize=2 304 [21/Dec/2024:20:57:29 +0000] - 6.457 ms localhost
GET /users?pageNumber=2&pageSize=2 304 [21/Dec/2024:20:57:32 +0000] - 9.470 ms localhost
POST /editStatus 200 [21/Dec/2024:20:57:37 +0000] - 3217.945 ms localhost
GET /users?pageNumber=2&pageSize=2 200 [21/Dec/2024:20:57:37 +0000] - 7.455 ms localhost
GET /logout 200 [21/Dec/2024:20:57:42 +0000] - 4.702 ms localhost
GET /usersCount 304 [21/Dec/2024:20:58:04 +0000] - 5.957 ms localhost
GET /users?pageNumber=1&pageSize=2 304 [21/Dec/2024:20:58:04 +0000] - 5.904 ms localhost
GET /refreshToken 304 [21/Dec/2024:21:01:49 +0000] - 10.018 ms localhost
GET /refreshToken 304 [21/Dec/2024:21:01:49 +0000] - 10.479 ms localhost
GET /refreshToken 304 [21/Dec/2024:21:03:29 +0000] - 9.316 ms localhost
GET /refreshToken 304 [21/Dec/2024:21:03:29 +0000] - 10.339 ms localhost
GET /usersCount 304 [21/Dec/2024:21:03:29 +0000] - 4.007 ms localhost
GET /users?pageNumber=1&pageSize=2 304 [21/Dec/2024:21:03:29 +0000] - 5.541 ms localhost
GET /users?pageNumber=2&pageSize=2 304 [21/Dec/2024:21:03:32 +0000] - 12.362 ms localhost
POST /editStatus 200 [21/Dec/2024:21:03:37 +0000] - 3035.399 ms localhost
GET /users?pageNumber=2&pageSize=2 200 [21/Dec/2024:21:03:37 +0000] - 10.473 ms localhost
POST /login 200 [21/Dec/2024:21:03:53 +0000] - 150.172 ms localhost
POST /editStatus 200 [21/Dec/2024:21:04:17 +0000] - 2959.782 ms localhost
GET /users?pageNumber=2&pageSize=2 200 [21/Dec/2024:21:04:17 +0000] - 8.466 ms localhost
GET /logout 304 [21/Dec/2024:21:04:23 +0000] - 1.424 ms localhost
GET /logout 304 [21/Dec/2024:21:05:19 +0000] - 1.340 ms localhost
POST /login 403 [21/Dec/2024:21:06:20 +0000] - 7.444 ms localhost
GET /logout 304 [21/Dec/2024:21:06:20 +0000] - 0.897 ms localhost
