POST /login 200 [24/Nov/2024:20:11:07 +0000] - 63.590 ms localhost
POST /login 200 [24/Nov/2024:20:12:32 +0000] - 6.425 ms localhost
POST /login 200 [24/Nov/2024:20:15:34 +0000] - 4.852 ms localhost
POST /login 200 [24/Nov/2024:20:17:37 +0000] - 4.563 ms localhost
POST /login 200 [24/Nov/2024:20:23:14 +0000] - 5.377 ms localhost
POST /login 200 [24/Nov/2024:20:33:10 +0000] - 15.823 ms localhost
POST /login 200 [24/Nov/2024:20:38:31 +0000] - 17.234 ms localhost
POST /login 200 [25/Nov/2024:10:36:54 +0000] - 365.558 ms localhost
POST /sendMail 200 [25/Nov/2024:12:58:54 +0000] - 174.879 ms localhost
POST /sendMail 200 [25/Nov/2024:13:02:55 +0000] - 348.410 ms localhost
POST /register 200 [25/Nov/2024:13:06:17 +0000] - 258.350 ms localhost
POST /verifyOtp 200 [25/Nov/2024:13:06:47 +0000] - 13.555 ms localhost
POST /login 200 [25/Nov/2024:13:06:59 +0000] - 276.270 ms localhost
POST /sendMail 200 [25/Nov/2024:13:25:18 +0000] - 150.929 ms localhost
POST /sendMail 200 [25/Nov/2024:13:27:52 +0000] - 202.463 ms localhost
POST /sendMail 200 [25/Nov/2024:13:32:00 +0000] - 101.481 ms localhost
POST /register 200 [25/Nov/2024:13:40:30 +0000] - 593.507 ms localhost
POST /sendMail 200 [25/Nov/2024:13:45:15 +0000] - 4126.392 ms localhost
POST /sendMail 200 [25/Nov/2024:13:45:18 +0000] - 4442.457 ms localhost
POST /resetPassword 200 [25/Nov/2024:13:45:52 +0000] - 10.915 ms localhost
POST /resetPassword 200 [25/Nov/2024:13:46:01 +0000] - 4.582 ms localhost
POST /sendMail 200 [25/Nov/2024:13:52:52 +0000] - 3726.574 ms localhost
POST /resetPassword 200 [25/Nov/2024:13:53:22 +0000] - 27.740 ms localhost
POST /resetPassword 200 [25/Nov/2024:13:59:14 +0000] - 568.945 ms localhost
POST /login 200 [25/Nov/2024:16:07:30 +0000] - 494.459 ms localhost
POST /login 200 [25/Nov/2024:16:09:58 +0000] - 327.664 ms localhost
POST /login 200 [25/Nov/2024:16:33:58 +0000] - 385.316 ms localhost
POST /login 200 [25/Nov/2024:16:36:06 +0000] - 349.258 ms localhost
POST /login 200 [25/Nov/2024:16:37:14 +0000] - 390.204 ms localhost
POST /login 200 [25/Nov/2024:16:43:27 +0000] - 296.007 ms localhost
POST /login 200 [25/Nov/2024:16:44:03 +0000] - 324.747 ms localhost
POST /login 200 [25/Nov/2024:16:44:58 +0000] - 338.963 ms localhost
