POST /login 200 [21/Dec/2024:09:37:51 +0000] - 939.674 ms localhost
GET /refreshToken 200 [21/Dec/2024:09:38:54 +0000] - 61.572 ms localhost
POST /login 200 [21/Dec/2024:09:44:21 +0000] - 314.564 ms localhost
GET /refreshToken 304 [21/Dec/2024:09:46:50 +0000] - 50.059 ms localhost
GET /refreshToken 304 [21/Dec/2024:09:46:50 +0000] - 10.308 ms localhost
POST /login 200 [21/Dec/2024:09:47:09 +0000] - 102.949 ms localhost
POST /login 200 [21/Dec/2024:09:49:13 +0000] - 295.396 ms localhost
GET /refreshToken 304 [21/Dec/2024:09:50:34 +0000] - 12.896 ms localhost
GET /refreshToken 304 [21/Dec/2024:09:51:37 +0000] - 21.764 ms localhost
GET /refreshToken 304 [21/Dec/2024:09:58:45 +0000] - 18.569 ms localhost
GET /refreshToken 304 [21/Dec/2024:09:58:45 +0000] - 25.081 ms localhost
POST /login 200 [21/Dec/2024:10:03:24 +0000] - 299.310 ms localhost
POST /login 200 [21/Dec/2024:10:04:28 +0000] - 368.132 ms localhost
GET /refreshToken 304 [21/Dec/2024:10:06:16 +0000] - 15.463 ms localhost
GET /refreshToken 304 [21/Dec/2024:10:07:17 +0000] - 14.612 ms localhost
POST /login 200 [21/Dec/2024:10:27:20 +0000] - 399.195 ms localhost
GET /refreshToken 304 [21/Dec/2024:10:28:20 +0000] - 29.802 ms localhost
POST /login 200 [21/Dec/2024:10:34:20 +0000] - 120.340 ms localhost
POST /login 200 [21/Dec/2024:11:30:41 +0000] - 358.918 ms localhost
GET /refreshToken 304 [21/Dec/2024:11:33:14 +0000] - 13.214 ms localhost
GET /refreshToken 304 [21/Dec/2024:11:34:15 +0000] - 11.409 ms localhost
GET /refreshToken 304 [21/Dec/2024:11:49:59 +0000] - 12.042 ms localhost
POST /login 200 [21/Dec/2024:11:50:42 +0000] - 108.932 ms localhost
GET /refreshToken 304 [21/Dec/2024:11:51:47 +0000] - 7.834 ms localhost
POST /login 200 [21/Dec/2024:11:57:06 +0000] - 99.152 ms localhost
POST /login 200 [21/Dec/2024:12:09:32 +0000] - 138.765 ms localhost
POST /login 200 [21/Dec/2024:12:12:20 +0000] - 110.154 ms localhost
GET /refreshToken 304 [21/Dec/2024:12:28:55 +0000] - 62.922 ms localhost
POST /login 200 [21/Dec/2024:13:05:27 +0000] - 398.686 ms localhost
POST /login 200 [21/Dec/2024:13:16:14 +0000] - 109.586 ms localhost
GET /refreshToken 304 [21/Dec/2024:13:17:21 +0000] - 17.519 ms localhost
POST /login 200 [21/Dec/2024:14:28:26 +0000] - 237.320 ms localhost
POST /login 200 [21/Dec/2024:14:39:16 +0000] - 406.914 ms localhost
GET /refreshToken 304 [21/Dec/2024:14:42:17 +0000] - 19.219 ms localhost
POST /login 200 [21/Dec/2024:14:43:40 +0000] - 332.375 ms localhost
GET /refreshToken 304 [21/Dec/2024:14:55:21 +0000] - 22.127 ms localhost
GET /refreshToken 304 [21/Dec/2024:14:59:31 +0000] - 10.911 ms localhost
POST /login 200 [21/Dec/2024:15:17:04 +0000] - 381.992 ms localhost
POST /login 200 [21/Dec/2024:15:21:33 +0000] - 116.619 ms localhost
GET /refreshToken 304 [21/Dec/2024:15:23:21 +0000] - 15.318 ms localhost
POST /login 200 [21/Dec/2024:15:32:08 +0000] - 435.531 ms localhost
POST /login 200 [21/Dec/2024:15:33:25 +0000] - 332.871 ms localhost
POST /login 200 [21/Dec/2024:15:36:27 +0000] - 324.782 ms localhost
GET /refreshToken 304 [21/Dec/2024:15:37:44 +0000] - 15.058 ms localhost
POST /login 200 [21/Dec/2024:17:10:57 +0000] - 155.412 ms localhost
POST /login 400 [21/Dec/2024:17:37:48 +0000] - 70.981 ms localhost
POST /login 400 [21/Dec/2024:17:38:39 +0000] - 38.969 ms localhost
POST /login 400 [21/Dec/2024:18:00:27 +0000] - 55.952 ms localhost
POST /login 400 [21/Dec/2024:18:06:55 +0000] - 83.315 ms localhost
POST /login 400 [21/Dec/2024:18:10:13 +0000] - 31.384 ms localhost
POST /login 400 [21/Dec/2024:18:12:35 +0000] - 19.250 ms localhost
POST /verifyEmail 200 [21/Dec/2024:18:13:02 +0000] - 5218.088 ms localhost
POST /verifyOtp 200 [21/Dec/2024:18:13:15 +0000] - 101.484 ms localhost
POST /login 200 [21/Dec/2024:18:13:26 +0000] - 420.696 ms localhost
POST /login 403 [21/Dec/2024:18:14:14 +0000] - 32.144 ms localhost
GET /logout 200 [21/Dec/2024:18:14:14 +0000] - 7.172 ms localhost
POST /login 200 [21/Dec/2024:18:29:54 +0000] - 374.998 ms localhost
