GET /auth/google 302 [11/Dec/2024:08:40:34 +0000] - 43.454 ms localhost
GET /auth/google 302 [11/Dec/2024:08:43:14 +0000] - 2.411 ms localhost
GET /auth/google 302 [11/Dec/2024:08:43:20 +0000] - 2.851 ms localhost
GET /auth/google/callback?code=4%2F0AeanS0ZMrNXGplB-27cAAwTNN7Wts4m8ZQTyUdSEqIWxrl4ejJNidXCTjPLVNz-0VAgUCA&scope=email+profile+https%3A%2F%2Fwww.googleapis.com%2Fauth%2Fuserinfo.email+https%3A%2F%2Fwww.googleapis.com%2Fauth%2Fuserinfo.profile+openid&authuser=0&prompt=none 302 [11/Dec/2024:08:43:24 +0000] - 537.221 ms localhost
GET /data 200 [11/Dec/2024:08:43:25 +0000] - 35.248 ms localhost
GET /logout 304 [11/Dec/2024:08:43:30 +0000] - 4.717 ms localhost
GET /auth/google 302 [11/Dec/2024:08:43:33 +0000] - 2.315 ms localhost
GET /auth/google 302 [11/Dec/2024:08:45:49 +0000] - 3.907 ms localhost
GET /auth/google/callback?code=4%2F0AeanS0YijIWj7Xa1lykusk7b54-zsRoBOwHJoblD94CmcVE8Vyz6m27PHMYy4f3FiePnjw&scope=email+profile+openid+https%3A%2F%2Fwww.googleapis.com%2Fauth%2Fuserinfo.email+https%3A%2F%2Fwww.googleapis.com%2Fauth%2Fuserinfo.profile&authuser=1&prompt=none 302 [11/Dec/2024:08:45:53 +0000] - 352.726 ms localhost
GET /data 200 [11/Dec/2024:08:45:54 +0000] - 18.934 ms localhost
POST /login 200 [11/Dec/2024:08:49:46 +0000] - 618.846 ms localhost
GET /auth/google 302 [11/Dec/2024:08:55:34 +0000] - 25.776 ms localhost
GET /auth/google 302 [11/Dec/2024:08:58:02 +0000] - 7.584 ms localhost
GET /auth/google/callback?code=4%2F0AeanS0Z6jZ48P89ELLNT8PiAXTMKz78fH9qNsh8_AEGCoudV_k4KIa71-iI_LwH0hWQj3g&scope=email+profile+openid+https%3A%2F%2Fwww.googleapis.com%2Fauth%2Fuserinfo.profile+https%3A%2F%2Fwww.googleapis.com%2Fauth%2Fuserinfo.email&authuser=1&prompt=none 302 [11/Dec/2024:08:58:07 +0000] - 577.865 ms localhost
GET /data 200 [11/Dec/2024:08:58:08 +0000] - 152.091 ms localhost
POST /login 400 [11/Dec/2024:09:41:58 +0000] - 71.249 ms localhost
POST /login 400 [11/Dec/2024:09:42:31 +0000] - 14.514 ms localhost
POST /login 400 [11/Dec/2024:09:47:44 +0000] - 51.205 ms localhost
POST /login 400 [11/Dec/2024:09:53:51 +0000] - 94.295 ms localhost
POST /login 400 [11/Dec/2024:09:54:35 +0000] - 19.266 ms localhost
POST /login 400 [11/Dec/2024:09:56:24 +0000] - 17.014 ms localhost
POST /login 400 [11/Dec/2024:09:56:56 +0000] - 12.959 ms localhost
GET /auth/google 302 [11/Dec/2024:09:57:03 +0000] - 31.471 ms localhost
GET /auth/google 302 [11/Dec/2024:10:02:43 +0000] - 9.421 ms localhost
GET /auth/google/callback?code=4%2F0AeanS0bvwzT6Dukni8xj6GdJU_bjOUM2oa3bed915koNvbMjW_22BcADvrU93t4uf2DX8Q&scope=email+profile+openid+https%3A%2F%2Fwww.googleapis.com%2Fauth%2Fuserinfo.profile+https%3A%2F%2Fwww.googleapis.com%2Fauth%2Fuserinfo.email&authuser=1&prompt=none 302 [11/Dec/2024:10:02:47 +0000] - 849.724 ms localhost
GET /data 400 [11/Dec/2024:10:02:48 +0000] - 37.939 ms localhost
GET /data 400 [11/Dec/2024:10:03:15 +0000] - 48.081 ms localhost
GET /auth/google 302 [11/Dec/2024:10:04:18 +0000] - 3.964 ms localhost
GET /auth/google/callback?code=4%2F0AeanS0a1Dze0sobX7yUmRJqNGAtVDoIuYvRq59xtYRLRM2qJhhdvIU2XIe_WLwUgSlHMfw&scope=email+profile+https%3A%2F%2Fwww.googleapis.com%2Fauth%2Fuserinfo.email+https%3A%2F%2Fwww.googleapis.com%2Fauth%2Fuserinfo.profile+openid&authuser=1&prompt=none 302 [11/Dec/2024:10:04:21 +0000] - 365.748 ms localhost
GET /data 400 [11/Dec/2024:10:04:22 +0000] - 21.566 ms localhost
