POST /login 200 [01/Dec/2024:20:41:35 +0000] - 240.103 ms localhost
POST /login 200 [01/Dec/2024:20:43:36 +0000] - 134.022 ms localhost
GET /users?pageNumber=1&pageSize=10&sortBy=&sortOrder=asc&userName=sreedevi&userStatus=active 200 [01/Dec/2024:20:43:59 +0000] - 30.762 ms localhost
POST /login 200 [01/Dec/2024:20:49:32 +0000] - 113.911 ms localhost
GET /users?pageNumber=1&pageSize=10&sortBy=&sortOrder=asc&userName=sreedevi&userStatus=active 304 [01/Dec/2024:20:49:47 +0000] - 18.581 ms localhost
GET /users?pageNumber=1&pageSize=10&sortBy=&sortOrder=asc&userName=sreedevi 401 [01/Dec/2024:20:51:12 +0000] - 27.540 ms localhost
GET /refreshToken 304 [01/Dec/2024:20:51:12 +0000] - 4.309 ms localhost
GET /users?pageNumber=1&pageSize=10&sortBy=&sortOrder=asc&userName=sreedevi 200 [01/Dec/2024:20:51:12 +0000] - 14.331 ms localhost
POST /login 200 [01/Dec/2024:20:51:31 +0000] - 115.793 ms localhost
GET /users?params=pageNumber=1%26pageSize=5%26sortBy=%26sortOrder=asc%26userName=sreedevi 200 [01/Dec/2024:20:51:43 +0000] - 15.209 ms localhost
GET /users?params=pageNumber=1%26pageSize=5%26sortBy=%26sortOrder=asc%26userName=sreedevi 304 [01/Dec/2024:20:52:24 +0000] - 10.300 ms localhost
POST /login 200 [01/Dec/2024:20:56:15 +0000] - 131.671 ms localhost
GET /users?pageNumber=1&pageSize=5&sortBy=&sortOrder=asc&userName=sreedevi 200 [01/Dec/2024:20:56:23 +0000] - 10.558 ms localhost
GET /users?pageNumber=1&pageSize=5&sortBy=&sortOrder=asc&userName=sreed 401 [01/Dec/2024:20:57:42 +0000] - 11.644 ms localhost
GET /refreshToken 304 [01/Dec/2024:20:57:42 +0000] - 6.652 ms localhost
GET /users?pageNumber=1&pageSize=5&sortBy=&sortOrder=asc&userName=sreed 200 [01/Dec/2024:20:57:42 +0000] - 16.628 ms localhost
GET /users?pageNumber=1&pageSize=5&sortBy=&sortOrder=asc&userName=sreed 304 [01/Dec/2024:20:57:57 +0000] - 12.101 ms localhost
GET /users?pageNumber=1&pageSize=5&sortBy=&sortOrder=asc&userName=sreed 401 [01/Dec/2024:20:59:20 +0000] - 14.011 ms localhost
GET /refreshToken 304 [01/Dec/2024:20:59:20 +0000] - 4.577 ms localhost
GET /users?pageNumber=1&pageSize=5&sortBy=&sortOrder=asc&userName=sreed 304 [01/Dec/2024:20:59:20 +0000] - 11.624 ms localhost
POST /login 200 [01/Dec/2024:20:59:40 +0000] - 125.151 ms localhost
GET /users?pageNumber=1&pageSize=5&sortBy=&sortOrder=asc&userName=sree 401 [01/Dec/2024:21:05:52 +0000] - 20.030 ms localhost
GET /refreshToken 304 [01/Dec/2024:21:05:52 +0000] - 7.632 ms localhost
GET /users?pageNumber=1&pageSize=5&sortBy=&sortOrder=asc&userName=sree 200 [01/Dec/2024:21:05:52 +0000] - 12.909 ms localhost
GET /users?pageNumber=1&pageSize=5&sortBy=&sortOrder=asc&userName=sree 304 [01/Dec/2024:21:06:05 +0000] - 15.768 ms localhost
POST /login 200 [01/Dec/2024:21:07:22 +0000] - 146.126 ms localhost
GET /users?pageNumber=1&pageSize=5&sortBy=&sortOrder=asc&userName=sdfg 200 [01/Dec/2024:21:07:55 +0000] - 20.380 ms localhost
GET /users?pageNumber=1&pageSize=5&sortBy=&sortOrder=asc 401 [01/Dec/2024:21:08:29 +0000] - 15.105 ms localhost
GET /refreshToken 304 [01/Dec/2024:21:08:29 +0000] - 22.979 ms localhost
GET /users?pageNumber=1&pageSize=5&sortBy=&sortOrder=asc 200 [01/Dec/2024:21:08:29 +0000] - 14.369 ms localhost
POST /login 200 [01/Dec/2024:21:17:56 +0000] - 465.409 ms localhost
GET /users?pageNumber=1&pageSize=5&sortBy=&sortOrder=asc&userName=sree&userStatus=active 200 [01/Dec/2024:21:18:08 +0000] - 28.830 ms localhost
POST /login 200 [01/Dec/2024:21:26:37 +0000] - 390.393 ms localhost
GET /users 304 [01/Dec/2024:21:26:40 +0000] - 31.390 ms localhost
GET /users?pageNumber=1&pageSize=5&sortBy=&sortOrder=asc&userName=sreedevi 304 [01/Dec/2024:21:26:52 +0000] - 32.308 ms localhost
POST /login 200 [01/Dec/2024:21:28:51 +0000] - 468.427 ms localhost
GET /users 304 [01/Dec/2024:21:28:55 +0000] - 35.370 ms localhost
GET /users?pageNumber=1&pageSize=5&sortBy=&sortOrder=asc&userName=admin 200 [01/Dec/2024:21:29:02 +0000] - 36.035 ms localhost
POST /login 200 [01/Dec/2024:22:12:29 +0000] - 537.377 ms localhost
GET /users 304 [01/Dec/2024:22:12:35 +0000] - 54.642 ms localhost
POST /login 200 [01/Dec/2024:22:13:17 +0000] - 302.410 ms localhost
GET /users 304 [01/Dec/2024:22:13:22 +0000] - 27.172 ms localhost
GET /users?pageNumber=1&pageSize=2&sortBy=&sortOrder=asc 200 [01/Dec/2024:22:13:31 +0000] - 21.241 ms localhost
GET /users?pageNumber=1&pageSize=2&sortBy=&sortOrder=asc&userName=sreedevi 200 [01/Dec/2024:22:13:45 +0000] - 18.913 ms localhost
POST /login 200 [01/Dec/2024:22:17:04 +0000] - 460.594 ms localhost
GET /users 304 [01/Dec/2024:22:17:08 +0000] - 51.525 ms localhost
GET /users?pageNumber=1&pageSize=2&sortBy=&sortOrder=asc&userName=sreedevi 200 [01/Dec/2024:22:17:18 +0000] - 34.910 ms localhost
GET /users?pageNumber=1&pageSize=2&sortBy=&sortOrder=asc&userName=sreedevi&role=user 200 [01/Dec/2024:22:17:49 +0000] - 45.287 ms localhost
GET /users?pageNumber=1&pageSize=2&sortBy=&sortOrder=asc&role=provider 401 [01/Dec/2024:22:18:08 +0000] - 27.599 ms localhost
GET /refreshToken 304 [01/Dec/2024:22:18:08 +0000] - 10.171 ms localhost
GET /users?pageNumber=1&pageSize=2&sortBy=&sortOrder=asc&role=provider 200 [01/Dec/2024:22:18:09 +0000] - 25.664 ms localhost
GET /users?pageNumber=1&pageSize=3&sortBy=&sortOrder=asc 200 [01/Dec/2024:22:18:57 +0000] - 80.707 ms localhost
POST /login 200 [01/Dec/2024:22:24:26 +0000] - 507.174 ms localhost
GET /users 304 [01/Dec/2024:22:24:31 +0000] - 34.836 ms localhost
POST /login 200 [01/Dec/2024:22:25:52 +0000] - 339.099 ms localhost
GET /users 304 [01/Dec/2024:22:25:55 +0000] - 24.955 ms localhost
POST /login 200 [02/Dec/2024:06:59:49 +0000] - 510.991 ms localhost
GET /users 304 [02/Dec/2024:06:59:55 +0000] - 44.997 ms localhost
GET /users?pageNumber=1&pageSize=3&sortBy=&sortOrder=asc 304 [02/Dec/2024:07:00:04 +0000] - 42.416 ms localhost
GET /users?pageNumber=1&pageSize=2&sortBy=&sortOrder=asc 304 [02/Dec/2024:07:00:10 +0000] - 60.587 ms localhost
POST /login 200 [02/Dec/2024:07:33:06 +0000] - 423.300 ms localhost
GET /users 304 [02/Dec/2024:07:33:10 +0000] - 37.400 ms localhost
GET /users?sortBy=&sortOrder=asc&pageNumber=1&pageSize=2 200 [02/Dec/2024:07:33:19 +0000] - 21.723 ms localhost
GET /users?sortBy=&sortOrder=asc&pageNumber=1&pageSize=5 200 [02/Dec/2024:07:33:27 +0000] - 30.435 ms localhost
GET /users?sortBy=&sortOrder=asc&pageNumber=1&pageSize=5 304 [02/Dec/2024:07:33:35 +0000] - 27.784 ms localhost
GET /users?sortBy=&sortOrder=asc&pageNumber=1&pageSize=5 304 [02/Dec/2024:07:33:42 +0000] - 26.359 ms localhost
POST /login 200 [02/Dec/2024:07:39:59 +0000] - 388.712 ms localhost
GET /users 304 [02/Dec/2024:07:40:02 +0000] - 26.451 ms localhost
GET /users?sortBy=email&sortOrder=desc 200 [02/Dec/2024:07:40:09 +0000] - 31.063 ms localhost
GET /users?sortBy=email&sortOrder=desc 304 [02/Dec/2024:07:40:11 +0000] - 29.548 ms localhost
GET /users?sortBy=email&sortOrder=desc 304 [02/Dec/2024:07:40:11 +0000] - 33.522 ms localhost
GET /users?sortBy=email&sortOrder=desc 304 [02/Dec/2024:07:40:41 +0000] - 63.017 ms localhost
GET /users?sortBy=email&sortOrder=desc 304 [02/Dec/2024:07:40:49 +0000] - 29.485 ms localhost
GET /users?sortBy=email&sortOrder=desc 304 [02/Dec/2024:07:40:50 +0000] - 41.453 ms localhost
GET /users?sortBy=&sortOrder=asc&pageNumber=1&pageSize=3 401 [02/Dec/2024:07:41:18 +0000] - 80.608 ms localhost
GET /refreshToken 304 [02/Dec/2024:07:41:18 +0000] - 5.793 ms localhost
GET /users?sortBy=&sortOrder=asc&pageNumber=1&pageSize=3 200 [02/Dec/2024:07:41:18 +0000] - 16.221 ms localhost
GET /users?sortBy=email&sortOrder=desc&pageNumber=1&pageSize=3 200 [02/Dec/2024:07:41:26 +0000] - 34.702 ms localhost
GET /users?sortBy=role&sortOrder=desc&pageNumber=1&pageSize=3 200 [02/Dec/2024:07:41:41 +0000] - 13.177 ms localhost
GET /users?sortBy=mobile&sortOrder=desc&pageNumber=1&pageSize=3 401 [02/Dec/2024:07:42:26 +0000] - 77.029 ms localhost
GET /refreshToken 304 [02/Dec/2024:07:42:26 +0000] - 22.426 ms localhost
GET /users?sortBy=mobile&sortOrder=desc&pageNumber=1&pageSize=3 200 [02/Dec/2024:07:42:27 +0000] - 70.895 ms localhost
GET /users?sortBy=mobile&sortOrder=desc&pageNumber=1&pageSize=3 304 [02/Dec/2024:07:42:28 +0000] - 94.684 ms localhost
GET /users?sortBy=role&sortOrder=desc&pageNumber=1&pageSize=3 200 [02/Dec/2024:07:42:29 +0000] - 45.685 ms localhost
GET /users?sortBy=email&sortOrder=desc&pageNumber=1&pageSize=3 304 [02/Dec/2024:07:42:31 +0000] - 79.232 ms localhost
POST /login 200 [02/Dec/2024:07:47:43 +0000] - 538.666 ms localhost
GET /users 304 [02/Dec/2024:07:47:47 +0000] - 58.020 ms localhost
GET /users?sortBy=email&sortOrder=desc 200 [02/Dec/2024:07:47:56 +0000] - 21.845 ms localhost
POST /login 200 [02/Dec/2024:07:51:05 +0000] - 813.410 ms localhost
GET /users 304 [02/Dec/2024:07:51:09 +0000] - 61.215 ms localhost
GET /users?sortBy=name&sortOrder=desc 200 [02/Dec/2024:07:51:11 +0000] - 33.127 ms localhost
POST /login 200 [02/Dec/2024:07:53:36 +0000] - 467.660 ms localhost
GET /users 304 [02/Dec/2024:07:53:38 +0000] - 48.490 ms localhost
GET /users?sortBy=name&sortOrder=desc 200 [02/Dec/2024:07:53:46 +0000] - 39.406 ms localhost
GET /users?sortBy=role&sortOrder=desc 200 [02/Dec/2024:07:53:49 +0000] - 33.044 ms localhost
GET /users?sortBy=role&sortOrder=desc 304 [02/Dec/2024:07:53:52 +0000] - 83.499 ms localhost
GET /users?sortBy=role&sortOrder=desc 304 [02/Dec/2024:07:54:02 +0000] - 43.014 ms localhost
GET /users?sortBy=mobile&sortOrder=desc 200 [02/Dec/2024:07:54:07 +0000] - 30.837 ms localhost
GET /users?sortBy=role&sortOrder=desc 304 [02/Dec/2024:07:54:09 +0000] - 79.029 ms localhost
GET /users?sortBy=role&sortOrder=desc 304 [02/Dec/2024:07:54:11 +0000] - 15.328 ms localhost
GET /users?sortBy=name&sortOrder=desc 304 [02/Dec/2024:07:54:13 +0000] - 24.017 ms localhost
GET /users?sortBy=email&sortOrder=desc 200 [02/Dec/2024:07:54:15 +0000] - 25.805 ms localhost
GET /users?sortBy=email&sortOrder=desc 304 [02/Dec/2024:07:54:15 +0000] - 24.695 ms localhost
GET /users?sortBy=email&sortOrder=desc 304 [02/Dec/2024:07:54:17 +0000] - 23.951 ms localhost
GET /users?sortBy=role&sortOrder=desc 304 [02/Dec/2024:07:54:18 +0000] - 30.183 ms localhost
GET /users?sortBy=role&sortOrder=desc 304 [02/Dec/2024:07:54:21 +0000] - 64.896 ms localhost
GET /users?sortBy=role&sortOrder=desc 304 [02/Dec/2024:07:54:24 +0000] - 66.639 ms localhost
GET /users?sortBy=mobile&sortOrder=desc 304 [02/Dec/2024:07:54:25 +0000] - 27.259 ms localhost
GET /users?sortBy=role&sortOrder=desc 304 [02/Dec/2024:07:54:27 +0000] - 24.735 ms localhost
GET /users?sortBy=role&sortOrder=desc 304 [02/Dec/2024:07:54:29 +0000] - 28.231 ms localhost
GET /users?sortBy=name&sortOrder=desc 401 [02/Dec/2024:07:54:37 +0000] - 26.098 ms localhost
GET /refreshToken 304 [02/Dec/2024:07:54:37 +0000] - 4.401 ms localhost
GET /users?sortBy=name&sortOrder=desc 304 [02/Dec/2024:07:54:37 +0000] - 15.630 ms localhost
GET /users?sortBy=email&sortOrder=desc 304 [02/Dec/2024:07:54:38 +0000] - 12.461 ms localhost
GET /users?sortBy=email&sortOrder=desc 304 [02/Dec/2024:07:54:39 +0000] - 71.944 ms localhost
POST /login 200 [02/Dec/2024:07:57:22 +0000] - 314.043 ms localhost
POST /login 200 [02/Dec/2024:07:57:31 +0000] - 355.111 ms localhost
GET /users 304 [02/Dec/2024:07:57:35 +0000] - 25.375 ms localhost
GET /users?sortBy=name&sortOrder=desc 304 [02/Dec/2024:07:57:39 +0000] - 34.427 ms localhost
GET /users?sortBy=name&sortOrder=asc 200 [02/Dec/2024:07:57:40 +0000] - 30.704 ms localhost
GET /users?sortBy=email&sortOrder=desc 304 [02/Dec/2024:07:57:41 +0000] - 29.381 ms localhost
GET /users?sortBy=email&sortOrder=asc 200 [02/Dec/2024:07:57:44 +0000] - 13.889 ms localhost
GET /users?sortBy=email&sortOrder=desc 304 [02/Dec/2024:07:57:46 +0000] - 30.883 ms localhost
GET /users?sortBy=email&sortOrder=asc 304 [02/Dec/2024:07:57:49 +0000] - 29.672 ms localhost
GET /users?sortBy=email&sortOrder=desc 304 [02/Dec/2024:07:57:59 +0000] - 28.333 ms localhost
GET /users?sortBy=email&sortOrder=asc 304 [02/Dec/2024:07:58:01 +0000] - 25.788 ms localhost
GET /users?sortBy=role&sortOrder=desc 304 [02/Dec/2024:07:58:07 +0000] - 27.431 ms localhost
GET /users?sortBy=role&sortOrder=asc 200 [02/Dec/2024:07:58:09 +0000] - 24.632 ms localhost
GET /users?sortBy=isActive&sortOrder=desc 200 [02/Dec/2024:07:58:12 +0000] - 28.321 ms localhost
GET /users?sortBy=mobile&sortOrder=asc 200 [02/Dec/2024:07:58:14 +0000] - 29.509 ms localhost
GET /users?sortBy=mobile&sortOrder=desc 304 [02/Dec/2024:07:58:16 +0000] - 21.496 ms localhost
GET /users?sortBy=name&sortOrder=asc 304 [02/Dec/2024:07:58:19 +0000] - 27.924 ms localhost
GET /users?sortBy=email&sortOrder=desc 304 [02/Dec/2024:07:58:23 +0000] - 57.296 ms localhost
GET /users?sortBy=role&sortOrder=asc 401 [02/Dec/2024:07:58:33 +0000] - 23.691 ms localhost
GET /refreshToken 304 [02/Dec/2024:07:58:33 +0000] - 8.863 ms localhost
GET /users?sortBy=role&sortOrder=asc 304 [02/Dec/2024:07:58:33 +0000] - 20.153 ms localhost
GET /users?sortBy=role&sortOrder=desc 304 [02/Dec/2024:07:58:36 +0000] - 23.976 ms localhost
GET /users?sortBy=email&sortOrder=asc 304 [02/Dec/2024:07:58:40 +0000] - 25.933 ms localhost
GET /users?sortBy=email&sortOrder=desc 304 [02/Dec/2024:07:59:07 +0000] - 39.149 ms localhost
GET /users?sortBy=name&sortOrder=asc 304 [02/Dec/2024:07:59:17 +0000] - 31.322 ms localhost
GET /users?sortBy=email&sortOrder=desc 304 [02/Dec/2024:07:59:19 +0000] - 32.609 ms localhost
GET /users?sortBy=role&sortOrder=asc 304 [02/Dec/2024:07:59:21 +0000] - 34.741 ms localhost
GET /users?sortBy=mobile&sortOrder=desc 304 [02/Dec/2024:07:59:22 +0000] - 29.982 ms localhost
GET /users?sortBy=isActive&sortOrder=asc 200 [02/Dec/2024:07:59:24 +0000] - 29.906 ms localhost
POST /login 200 [02/Dec/2024:08:15:33 +0000] - 178.937 ms localhost
GET /users 304 [02/Dec/2024:08:15:36 +0000] - 22.948 ms localhost
POST /login 200 [02/Dec/2024:08:19:32 +0000] - 149.141 ms localhost
GET /users 304 [02/Dec/2024:08:19:35 +0000] - 18.453 ms localhost
POST /login 200 [02/Dec/2024:08:21:08 +0000] - 127.534 ms localhost
GET /users 304 [02/Dec/2024:08:21:10 +0000] - 14.790 ms localhost
POST /login 200 [02/Dec/2024:08:28:00 +0000] - 155.908 ms localhost
GET /users 304 [02/Dec/2024:08:28:03 +0000] - 13.511 ms localhost
POST /login 200 [02/Dec/2024:08:28:57 +0000] - 115.548 ms localhost
GET /users 304 [02/Dec/2024:08:29:00 +0000] - 22.495 ms localhost
POST /login 200 [02/Dec/2024:08:30:39 +0000] - 141.020 ms localhost
GET /users 304 [02/Dec/2024:08:30:42 +0000] - 17.339 ms localhost
GET /users?sortBy=name&sortOrder=desc 304 [02/Dec/2024:08:30:47 +0000] - 17.177 ms localhost
GET /users?sortBy=name&sortOrder=asc 304 [02/Dec/2024:08:30:48 +0000] - 18.468 ms localhost
POST /login 200 [02/Dec/2024:09:05:27 +0000] - 786.732 ms localhost
GET /usersCount 200 [02/Dec/2024:09:05:31 +0000] - 85.646 ms localhost
GET /users 304 [02/Dec/2024:09:05:31 +0000] - 52.802 ms localhost
POST /login 200 [02/Dec/2024:09:05:45 +0000] - 150.192 ms localhost
GET /usersCount 304 [02/Dec/2024:09:05:48 +0000] - 13.877 ms localhost
GET /users?pageNumber=1&pageSize=2 200 [02/Dec/2024:09:05:48 +0000] - 18.423 ms localhost
GET /users?pageNumber=1&pageSize=3&sortBy=&sortOrder=asc 304 [02/Dec/2024:09:05:52 +0000] - 16.268 ms localhost
GET /users?pageNumber=1&pageSize=5&sortBy=&sortOrder=asc 304 [02/Dec/2024:09:05:55 +0000] - 14.677 ms localhost
POST /login 200 [02/Dec/2024:09:08:46 +0000] - 230.731 ms localhost
GET /usersCount 304 [02/Dec/2024:09:08:50 +0000] - 15.289 ms localhost
GET /users?pageNumber=1&pageSize=2 304 [02/Dec/2024:09:08:50 +0000] - 23.200 ms localhost
GET /users?pageNumber=1&pageSize=3&sortBy=&sortOrder=asc 304 [02/Dec/2024:09:08:54 +0000] - 16.366 ms localhost
GET /users?pageNumber=1&pageSize=5&sortBy=&sortOrder=asc 304 [02/Dec/2024:09:08:57 +0000] - 17.058 ms localhost
GET /users?pageNumber=1&pageSize=2&sortBy=&sortOrder=asc 304 [02/Dec/2024:09:09:10 +0000] - 18.884 ms localhost
POST /login 200 [02/Dec/2024:10:24:14 +0000] - 432.361 ms localhost
GET /usersCount 304 [02/Dec/2024:10:24:17 +0000] - 18.201 ms localhost
GET /users?pageNumber=1&pageSize=2 304 [02/Dec/2024:10:24:17 +0000] - 30.394 ms localhost
POST /login 200 [02/Dec/2024:10:26:17 +0000] - 309.681 ms localhost
GET /usersCount 304 [02/Dec/2024:10:26:21 +0000] - 15.725 ms localhost
GET /users?pageNumber=1&pageSize=2 304 [02/Dec/2024:10:26:21 +0000] - 45.405 ms localhost
GET /usersCount 304 [02/Dec/2024:10:27:09 +0000] - 27.450 ms localhost
GET /users?pageNumber=1&pageSize=2 304 [02/Dec/2024:10:27:09 +0000] - 76.937 ms localhost
GET /users?pageNumber=2&pageSize=2 401 [02/Dec/2024:10:27:44 +0000] - 84.298 ms localhost
GET /refreshToken 304 [02/Dec/2024:10:27:44 +0000] - 15.181 ms localhost
GET /users?pageNumber=2&pageSize=2 200 [02/Dec/2024:10:27:44 +0000] - 14.398 ms localhost
GET /users?pageNumber=2&pageSize=2 304 [02/Dec/2024:10:27:50 +0000] - 18.720 ms localhost
GET /users?pageNumber=2&pageSize=2 304 [02/Dec/2024:10:27:52 +0000] - 24.593 ms localhost
GET /users?pageNumber=0&pageSize=2 200 [02/Dec/2024:10:27:54 +0000] - 22.442 ms localhost
POST /login 200 [02/Dec/2024:10:32:41 +0000] - 343.979 ms localhost
GET /usersCount 304 [02/Dec/2024:10:32:44 +0000] - 31.554 ms localhost
GET /users?pageNumber=1&pageSize=2 304 [02/Dec/2024:10:32:44 +0000] - 35.865 ms localhost
GET /users?pageNumber=2&pageSize=2 304 [02/Dec/2024:10:33:18 +0000] - 27.409 ms localhost
POST /login 200 [02/Dec/2024:10:34:22 +0000] - 330.682 ms localhost
GET /usersCount 304 [02/Dec/2024:10:34:25 +0000] - 21.757 ms localhost
GET /users?pageNumber=1&pageSize=2 304 [02/Dec/2024:10:34:25 +0000] - 29.806 ms localhost
GET /users?pageNumber=2&pageSize=2 304 [02/Dec/2024:10:34:29 +0000] - 67.311 ms localhost
GET /users?pageNumber=3&pageSize=2 200 [02/Dec/2024:10:35:04 +0000] - 17.433 ms localhost
GET /users?pageNumber=2&pageSize=2 304 [02/Dec/2024:10:35:08 +0000] - 24.582 ms localhost
POST /login 200 [02/Dec/2024:10:43:24 +0000] - 322.704 ms localhost
GET /usersCount 304 [02/Dec/2024:10:43:28 +0000] - 39.747 ms localhost
GET /users?pageNumber=1&pageSize=2 304 [02/Dec/2024:10:43:28 +0000] - 32.091 ms localhost
GET /users?pageNumber=2&pageSize=2 304 [02/Dec/2024:10:43:42 +0000] - 38.082 ms localhost
GET /users?pageNumber=1&pageSize=2 304 [02/Dec/2024:10:44:09 +0000] - 23.084 ms localhost
GET /users?pageNumber=2&pageSize=2 304 [02/Dec/2024:10:44:11 +0000] - 12.443 ms localhost
POST /login 200 [02/Dec/2024:10:45:12 +0000] - 436.902 ms localhost
GET /usersCount 304 [02/Dec/2024:10:45:15 +0000] - 26.852 ms localhost
GET /users?pageNumber=1&pageSize=2 304 [02/Dec/2024:10:45:15 +0000] - 56.380 ms localhost
GET /users?pageNumber=2&pageSize=2 200 [02/Dec/2024:10:45:17 +0000] - 34.058 ms localhost
POST /login 200 [02/Dec/2024:13:53:09 +0000] - 648.328 ms localhost
GET /usersCount 304 [02/Dec/2024:13:53:13 +0000] - 32.051 ms localhost
GET /users?pageNumber=1&pageSize=2 304 [02/Dec/2024:13:53:13 +0000] - 30.824 ms localhost
GET /users?pageNumber=2&pageSize=2 304 [02/Dec/2024:13:53:15 +0000] - 26.539 ms localhost
GET /users?pageNumber=2&pageSize=2 304 [02/Dec/2024:13:53:26 +0000] - 42.019 ms localhost
GET /users?pageNumber=1&pageSize=2 304 [02/Dec/2024:13:53:29 +0000] - 72.626 ms localhost
GET /users?pageNumber=2&pageSize=2 304 [02/Dec/2024:13:53:31 +0000] - 37.568 ms localhost
GET /users?pageNumber=1&pageSize=2 304 [02/Dec/2024:13:53:34 +0000] - 34.292 ms localhost
GET /usersCount 401 [02/Dec/2024:13:55:34 +0000] - 308.571 ms localhost
GET /users?pageNumber=1&pageSize=2 401 [02/Dec/2024:13:55:34 +0000] - 36.530 ms localhost
GET /refreshToken 304 [02/Dec/2024:13:55:34 +0000] - 14.526 ms localhost
GET /refreshToken 304 [02/Dec/2024:13:55:34 +0000] - 7.400 ms localhost
GET /usersCount 304 [02/Dec/2024:13:55:34 +0000] - 19.416 ms localhost
GET /users?pageNumber=1&pageSize=2 304 [02/Dec/2024:13:55:34 +0000] - 22.156 ms localhost
GET /users?pageNumber=2&pageSize=2 304 [02/Dec/2024:13:55:36 +0000] - 21.084 ms localhost
GET /users?pageNumber=2&pageSize=2 304 [02/Dec/2024:13:55:37 +0000] - 19.185 ms localhost
POST /login 200 [02/Dec/2024:13:55:46 +0000] - 300.295 ms localhost
GET /usersCount 304 [02/Dec/2024:13:55:49 +0000] - 16.239 ms localhost
GET /users?pageNumber=1&pageSize=2 304 [02/Dec/2024:13:55:49 +0000] - 23.031 ms localhost
GET /users?pageNumber=2&pageSize=2 304 [02/Dec/2024:13:55:51 +0000] - 30.766 ms localhost
GET /users?pageNumber=1&pageSize=2 304 [02/Dec/2024:13:55:53 +0000] - 21.892 ms localhost
GET /users?pageNumber=2&pageSize=2 304 [02/Dec/2024:13:56:15 +0000] - 18.814 ms localhost
GET /users?pageNumber=1&pageSize=2 304 [02/Dec/2024:13:56:17 +0000] - 17.279 ms localhost
GET /users?pageNumber=2&pageSize=2 304 [02/Dec/2024:13:56:20 +0000] - 29.809 ms localhost
GET /users?pageNumber=2&pageSize=2&sortBy=name&sortOrder=desc 200 [02/Dec/2024:13:56:24 +0000] - 49.979 ms localhost
GET /users?pageNumber=1&pageSize=2&sortBy=name&sortOrder=desc 200 [02/Dec/2024:13:56:28 +0000] - 29.921 ms localhost
GET /users?pageNumber=2&pageSize=2&sortBy=name&sortOrder=desc 304 [02/Dec/2024:13:56:30 +0000] - 62.735 ms localhost
GET /users?pageNumber=1&pageSize=2&sortBy=name&sortOrder=desc 304 [02/Dec/2024:13:56:31 +0000] - 19.432 ms localhost
GET /users?pageNumber=1&pageSize=2&sortBy=name&sortOrder=asc 200 [02/Dec/2024:13:56:33 +0000] - 29.446 ms localhost
GET /users?pageNumber=1&pageSize=2&sortBy=name&sortOrder=desc 304 [02/Dec/2024:13:56:41 +0000] - 23.516 ms localhost
GET /users?pageNumber=1&pageSize=2&sortBy=name&sortOrder=asc 304 [02/Dec/2024:13:56:43 +0000] - 43.244 ms localhost
GET /users?pageNumber=2&pageSize=2&sortBy=name&sortOrder=asc 200 [02/Dec/2024:13:56:45 +0000] - 23.889 ms localhost
GET /users?pageNumber=2&pageSize=2&sortBy=name&sortOrder=desc 401 [02/Dec/2024:13:56:52 +0000] - 19.933 ms localhost
GET /refreshToken 304 [02/Dec/2024:13:56:52 +0000] - 10.094 ms localhost
GET /users?pageNumber=2&pageSize=2&sortBy=name&sortOrder=desc 304 [02/Dec/2024:13:56:52 +0000] - 19.693 ms localhost
GET /users?pageNumber=2&pageSize=2&sortBy=name&sortOrder=asc 304 [02/Dec/2024:13:56:55 +0000] - 16.488 ms localhost
GET /users?pageNumber=1&pageSize=2&sortBy=name&sortOrder=asc 304 [02/Dec/2024:13:57:22 +0000] - 71.550 ms localhost
GET /users?pageNumber=1&pageSize=2&sortBy=name&sortOrder=desc 304 [02/Dec/2024:13:57:24 +0000] - 22.546 ms localhost
GET /users?pageNumber=1&pageSize=2&sortBy=name&sortOrder=asc 304 [02/Dec/2024:13:57:29 +0000] - 77.431 ms localhost
GET /users?pageNumber=2&pageSize=2&sortBy=name&sortOrder=asc 304 [02/Dec/2024:13:57:34 +0000] - 18.816 ms localhost
GET /users?pageNumber=1&pageSize=2&sortBy=name&sortOrder=asc 304 [02/Dec/2024:13:57:36 +0000] - 22.409 ms localhost
POST /login 200 [02/Dec/2024:18:41:15 +0000] - 177.186 ms localhost
GET /usersCount 304 [02/Dec/2024:18:41:20 +0000] - 71.738 ms localhost
GET /users?pageNumber=1&pageSize=2 304 [02/Dec/2024:18:41:20 +0000] - 41.858 ms localhost
GET /users?pageNumber=2&pageSize=2 304 [02/Dec/2024:18:41:29 +0000] - 30.491 ms localhost
GET /users?pageNumber=1&pageSize=2 304 [02/Dec/2024:18:41:30 +0000] - 15.459 ms localhost
GET /logout 304 [02/Dec/2024:18:41:35 +0000] - 1.637 ms localhost
POST /login 200 [02/Dec/2024:20:44:55 +0000] - 207.950 ms localhost
POST /verifyEmail 200 [02/Dec/2024:20:45:09 +0000] - 4408.166 ms localhost
POST /verifyOtp 200 [02/Dec/2024:20:45:27 +0000] - 144.328 ms localhost
POST /login 200 [02/Dec/2024:20:45:37 +0000] - 294.663 ms localhost
GET /logout 304 [02/Dec/2024:20:45:45 +0000] - 6.313 ms localhost
POST /sendResetEmail 200 [02/Dec/2024:20:45:57 +0000] - 3983.590 ms localhost
POST /resetPassword 200 [02/Dec/2024:20:46:27 +0000] - 341.301 ms localhost
POST /login 200 [02/Dec/2024:20:46:38 +0000] - 318.672 ms localhost
GET /logout 304 [02/Dec/2024:20:47:32 +0000] - 2.425 ms localhost
POST /login 200 [03/Dec/2024:04:12:25 +0000] - 460.731 ms localhost
POST /login 200 [03/Dec/2024:04:12:39 +0000] - 149.224 ms localhost
GET /logout 304 [03/Dec/2024:04:12:45 +0000] - 4.867 ms localhost
POST /login 200 [03/Dec/2024:04:13:50 +0000] - 141.305 ms localhost
GET /logout 304 [03/Dec/2024:04:14:03 +0000] - 1.615 ms localhost
POST /register 200 [03/Dec/2024:04:34:52 +0000] - 3390.372 ms localhost
POST /verifyOtp 200 [03/Dec/2024:04:35:20 +0000] - 76.510 ms localhost
POST /login 200 [03/Dec/2024:04:35:38 +0000] - 149.445 ms localhost
POST /login 200 [03/Dec/2024:04:35:53 +0000] - 168.184 ms localhost
GET /logout 304 [03/Dec/2024:04:36:04 +0000] - 4.507 ms localhost
POST /login 200 [03/Dec/2024:04:36:18 +0000] - 145.133 ms localhost
GET /usersCount 401 [03/Dec/2024:04:36:21 +0000] - 9.487 ms localhost
GET /refreshToken 200 [03/Dec/2024:04:36:21 +0000] - 5.268 ms localhost
GET /users?pageNumber=1&pageSize=2 401 [03/Dec/2024:04:36:21 +0000] - 6.119 ms localhost
GET /usersCount 401 [03/Dec/2024:04:36:21 +0000] - 6.729 ms localhost
GET /refreshToken 304 [03/Dec/2024:04:36:21 +0000] - 2.341 ms localhost
GET /users?pageNumber=1&pageSize=2 401 [03/Dec/2024:04:36:21 +0000] - 4.106 ms localhost
POST /login 200 [03/Dec/2024:04:36:55 +0000] - 168.348 ms localhost
GET /usersCount 401 [03/Dec/2024:04:37:04 +0000] - 11.077 ms localhost
GET /users?pageNumber=1&pageSize=2 401 [03/Dec/2024:04:37:04 +0000] - 12.013 ms localhost
GET /refreshToken 304 [03/Dec/2024:04:37:04 +0000] - 2.316 ms localhost
GET /refreshToken 304 [03/Dec/2024:04:37:04 +0000] - 4.758 ms localhost
GET /usersCount 401 [03/Dec/2024:04:37:04 +0000] - 7.376 ms localhost
GET /users?pageNumber=1&pageSize=2 401 [03/Dec/2024:04:37:04 +0000] - 13.025 ms localhost
GET /logout 304 [03/Dec/2024:04:54:00 +0000] - 21.001 ms localhost
POST /sendResetEmail 200 [03/Dec/2024:04:54:12 +0000] - 2640.965 ms localhost
POST /resetPassword 200 [03/Dec/2024:04:54:43 +0000] - 245.491 ms localhost
POST /login 200 [03/Dec/2024:04:59:24 +0000] - 218.674 ms localhost
GET /usersCount 304 [03/Dec/2024:04:59:27 +0000] - 44.405 ms localhost
GET /users?pageNumber=1&pageSize=2 304 [03/Dec/2024:04:59:27 +0000] - 40.568 ms localhost
POST /login 200 [05/Dec/2024:09:36:53 +0000] - 435.522 ms localhost
POST /login 200 [05/Dec/2024:09:37:50 +0000] - 119.525 ms localhost
GET /login 404 [05/Dec/2024:09:37:59 +0000] - 6.203 ms localhost
POST /login 200 [05/Dec/2024:09:43:25 +0000] - 120.379 ms localhost
POST /login 200 [05/Dec/2024:09:44:42 +0000] - 124.220 ms localhost
POST /login 200 [05/Dec/2024:09:47:09 +0000] - 155.878 ms localhost
POST /login 200 [05/Dec/2024:09:47:47 +0000] - 162.743 ms localhost
POST /login 200 [05/Dec/2024:09:48:23 +0000] - 134.345 ms localhost
GET /logout 304 [05/Dec/2024:09:49:22 +0000] - 9.546 ms localhost
POST /login 200 [05/Dec/2024:09:49:33 +0000] - 129.672 ms localhost
POST /login 200 [05/Dec/2024:09:50:30 +0000] - 122.700 ms localhost
POST /login 200 [05/Dec/2024:09:56:36 +0000] - 144.987 ms localhost
POST /login 200 [05/Dec/2024:09:57:24 +0000] - 132.819 ms localhost
POST /login 200 [05/Dec/2024:09:58:34 +0000] - 124.976 ms localhost
POST /login 200 [05/Dec/2024:09:58:46 +0000] - 118.665 ms localhost
POST /login 200 [05/Dec/2024:09:59:29 +0000] - 178.554 ms localhost
POST /login 200 [05/Dec/2024:10:01:59 +0000] - 130.941 ms localhost
POST /login 200 [05/Dec/2024:10:09:37 +0000] - 115.547 ms localhost
POST /login 200 [05/Dec/2024:12:00:37 +0000] - 259.910 ms localhost
POST /login 200 [05/Dec/2024:15:38:58 +0000] - 369.698 ms localhost
GET /usersCount 304 [05/Dec/2024:15:39:05 +0000] - 138.998 ms localhost
GET /users?pageNumber=1&pageSize=2 304 [05/Dec/2024:15:39:05 +0000] - 65.357 ms localhost
GET /users?pageNumber=1&pageSize=3&sortBy=&sortOrder=asc 401 [05/Dec/2024:15:40:09 +0000] - 208.538 ms localhost
GET /refreshToken 200 [05/Dec/2024:15:40:09 +0000] - 10.116 ms localhost
GET /users?pageNumber=1&pageSize=3&sortBy=&sortOrder=asc 200 [05/Dec/2024:15:40:09 +0000] - 27.409 ms localhost
GET /users?pageNumber=1&pageSize=3&sortBy=email&sortOrder=desc 200 [05/Dec/2024:15:40:13 +0000] - 32.503 ms localhost
GET /users?pageNumber=2&pageSize=3&sortBy=email&sortOrder=desc 200 [05/Dec/2024:15:40:19 +0000] - 20.643 ms localhost
GET /users?pageNumber=1&pageSize=3&sortBy=email&sortOrder=desc 304 [05/Dec/2024:15:40:22 +0000] - 67.081 ms localhost
