POST /login 200 [21/Nov/2024:20:39:00 +0000] - 1035.597 ms localhost
POST /verifyOtp 200 [21/Nov/2024:20:39:16 +0000] - 63.679 ms localhost
POST /verifyOtp 200 [21/Nov/2024:20:39:25 +0000] - 12.291 ms localhost
POST /verifyOtp 200 [21/Nov/2024:20:41:33 +0000] - 5.117 ms localhost
GET /sendOtp/672fa8abb6da377b761a20dc 200 [21/Nov/2024:20:41:37 +0000] - 15.559 ms localhost
POST /verifyOtp 200 [21/Nov/2024:20:42:23 +0000] - 7.462 ms localhost
POST /login 200 [21/Nov/2024:20:46:17 +0000] - 168.758 ms localhost
POST /verifyOtp 200 [21/Nov/2024:20:46:32 +0000] - 8.559 ms localhost
GET /logout 304 [21/Nov/2024:20:46:54 +0000] - 1.117 ms localhost
POST /login 200 [23/Nov/2024:10:31:47 +0000] - 400.232 ms localhost
POST /verifyOtp 200 [23/Nov/2024:10:32:14 +0000] - 10.249 ms localhost
GET /logout 304 [23/Nov/2024:10:33:55 +0000] - 4.041 ms localhost
POST /login 200 [23/Nov/2024:10:34:03 +0000] - 161.752 ms localhost
POST /verifyOtp 404 [23/Nov/2024:10:39:13 +0000] - 35.365 ms localhost
POST /login 200 [23/Nov/2024:12:37:33 +0000] - 600.362 ms localhost
POST /verifyOtp 404 [23/Nov/2024:12:37:50 +0000] - 25.514 ms localhost
POST /login 200 [23/Nov/2024:12:49:32 +0000] - 169.067 ms localhost
POST /verifyOtp 404 [23/Nov/2024:12:49:47 +0000] - 3.575 ms localhost
POST /authenticate - [23/Nov/2024:13:01:34 +0000] - - ms localhost
POST /user/authenticate 404 [23/Nov/2024:13:03:08 +0000] - 7.004 ms localhost
POST /login - [23/Nov/2024:13:13:37 +0000] - - ms localhost
POST /login - [23/Nov/2024:13:15:07 +0000] - - ms localhost
POST /login - [23/Nov/2024:13:16:37 +0000] - - ms localhost
POST /login - [23/Nov/2024:13:22:36 +0000] - - ms localhost
POST /login - [23/Nov/2024:13:47:42 +0000] - - ms localhost
POST /login 200 [23/Nov/2024:13:50:55 +0000] - 435.045 ms localhost
POST /verifyOtp 404 [23/Nov/2024:13:51:15 +0000] - 5.220 ms localhost
POST /login 200 [23/Nov/2024:13:52:56 +0000] - 452.467 ms localhost
POST /sendMail 200 [23/Nov/2024:13:58:46 +0000] - 214.662 ms localhost
POST /authenticate 404 [23/Nov/2024:13:59:49 +0000] - 10.176 ms localhost
GET /sendOtp/672fa8abb6da377b761a20dc 404 [23/Nov/2024:14:02:28 +0000] - 55.223 ms localhost
POST /login 200 [23/Nov/2024:14:05:48 +0000] - 446.270 ms localhost
POST /verifyOtp 404 [23/Nov/2024:14:06:06 +0000] - 8.640 ms localhost
POST /verifyOtp 404 [23/Nov/2024:14:07:20 +0000] - 3.389 ms localhost
POST /login 200 [23/Nov/2024:16:04:53 +0000] - 615.062 ms localhost
POST /login 200 [23/Nov/2024:16:05:09 +0000] - 95.360 ms localhost
POST /login 200 [23/Nov/2024:16:05:22 +0000] - 145.841 ms localhost
GET /users 200 [23/Nov/2024:16:05:34 +0000] - 7.768 ms localhost
POST /login 200 [23/Nov/2024:16:07:35 +0000] - 287.590 ms localhost
GET /users 304 [23/Nov/2024:16:07:40 +0000] - 11.327 ms localhost
GET /logout 200 [23/Nov/2024:16:09:18 +0000] - 4.815 ms localhost
POST /login 200 [23/Nov/2024:16:09:41 +0000] - 460.443 ms localhost
GET /users 404 [23/Nov/2024:16:09:45 +0000] - 8.659 ms localhost
POST /login 200 [23/Nov/2024:16:12:01 +0000] - 368.480 ms localhost
GET /users 404 [23/Nov/2024:16:12:06 +0000] - 4.777 ms localhost
POST /login 200 [23/Nov/2024:16:12:58 +0000] - 380.547 ms localhost
GET /users 404 [23/Nov/2024:16:13:04 +0000] - 3.359 ms localhost
POST /login 200 [23/Nov/2024:16:15:21 +0000] - 426.353 ms localhost
GET /users 404 [23/Nov/2024:16:15:25 +0000] - 6.996 ms localhost
GET /logout 304 [23/Nov/2024:16:28:40 +0000] - 11.996 ms localhost
POST /login 200 [23/Nov/2024:16:28:49 +0000] - 459.329 ms localhost
GET /users 404 [23/Nov/2024:16:28:58 +0000] - 6.442 ms localhost
POST /login 200 [23/Nov/2024:16:31:50 +0000] - 328.116 ms localhost
GET /users 200 [23/Nov/2024:16:32:26 +0000] - 103.612 ms localhost
GET /logout 304 [23/Nov/2024:16:36:26 +0000] - 4.715 ms localhost
POST /login 200 [23/Nov/2024:16:36:38 +0000] - 196.441 ms localhost
GET /users 404 [23/Nov/2024:16:36:42 +0000] - 20.642 ms localhost
GET /users 404 [23/Nov/2024:16:44:58 +0000] - 8.117 ms localhost
GET /users 404 [23/Nov/2024:16:45:28 +0000] - 20.311 ms localhost
POST /login 200 [23/Nov/2024:16:46:16 +0000] - 112.827 ms localhost
GET /users 200 [23/Nov/2024:16:46:21 +0000] - 38.995 ms localhost
POST /login 200 [23/Nov/2024:16:46:51 +0000] - 96.265 ms localhost
GET /users 404 [23/Nov/2024:16:46:55 +0000] - 10.494 ms localhost
GET /logout 304 [23/Nov/2024:16:50:53 +0000] - 5.494 ms localhost
POST /login 200 [23/Nov/2024:16:51:03 +0000] - 198.884 ms localhost
GET /users 404 [23/Nov/2024:16:51:07 +0000] - 7.823 ms localhost
GET /logout 304 [23/Nov/2024:16:52:01 +0000] - 0.689 ms localhost
POST /login 200 [23/Nov/2024:16:52:13 +0000] - 120.841 ms localhost
GET /users 404 [23/Nov/2024:16:52:16 +0000] - 6.120 ms localhost
POST /login 200 [23/Nov/2024:16:54:10 +0000] - 155.493 ms localhost
GET /users 200 [23/Nov/2024:16:54:17 +0000] - 25.502 ms localhost
POST /login 200 [23/Nov/2024:17:00:03 +0000] - 132.765 ms localhost
GET /users 404 [23/Nov/2024:17:00:20 +0000] - 8.736 ms localhost
POST /login 200 [23/Nov/2024:17:00:47 +0000] - 134.915 ms localhost
POST /login 200 [23/Nov/2024:17:01:03 +0000] - 145.045 ms localhost
GET /users 200 [23/Nov/2024:17:01:08 +0000] - 18.791 ms localhost
GET /logout 304 [23/Nov/2024:17:02:58 +0000] - 1.029 ms localhost
POST /login 200 [23/Nov/2024:17:20:32 +0000] - 110.152 ms localhost
POST /login 200 [23/Nov/2024:17:20:42 +0000] - 98.387 ms localhost
GET /users 404 [23/Nov/2024:17:20:57 +0000] - 6.783 ms localhost
GET /users 404 [23/Nov/2024:17:21:29 +0000] - 3.710 ms localhost
POST /login 200 [23/Nov/2024:17:21:34 +0000] - 121.670 ms localhost
GET /users 200 [23/Nov/2024:17:21:38 +0000] - 21.694 ms localhost
POST /login 200 [23/Nov/2024:17:29:49 +0000] - 107.136 ms localhost
GET /users 404 [23/Nov/2024:17:29:56 +0000] - 49.793 ms localhost
POST /login 200 [23/Nov/2024:17:34:02 +0000] - 204.787 ms localhost
GET /users 404 [23/Nov/2024:17:34:34 +0000] - 10.181 ms localhost
GET /users 404 [23/Nov/2024:17:35:22 +0000] - 3.506 ms localhost
GET /users 404 [23/Nov/2024:17:35:28 +0000] - 5.091 ms localhost
POST /login 200 [23/Nov/2024:17:36:48 +0000] - 172.747 ms localhost
GET /users 200 [23/Nov/2024:17:36:54 +0000] - 24.770 ms localhost
