POST /login 200 [02/Jan/2025:18:40:42 +0000] - 181.868 ms localhost
POST /login 200 [02/Jan/2025:18:43:58 +0000] - 121.266 ms localhost
GET /token/refresh 200 [02/Jan/2025:18:45:45 +0000] - 60.000 ms localhost
GET /token/refresh 304 [02/Jan/2025:18:46:48 +0000] - 13.063 ms localhost
POST /login 200 [02/Jan/2025:18:52:55 +0000] - 380.677 ms localhost
GET /logout 304 [02/Jan/2025:18:55:29 +0000] - 9.818 ms localhost
POST /login 200 [02/Jan/2025:18:55:35 +0000] - 383.877 ms localhost
GET /token/refresh 200 [02/Jan/2025:18:56:43 +0000] - 18.460 ms localhost
GET /users?pageNumber=1&pageSize=2 304 [02/Jan/2025:18:56:56 +0000] - 80.533 ms localhost
GET /users/count 304 [02/Jan/2025:18:56:56 +0000] - 54.186 ms localhost
POST /login 200 [02/Jan/2025:19:00:35 +0000] - 171.013 ms localhost
POST /login 200 [02/Jan/2025:19:05:42 +0000] - 575.387 ms localhost
POST /login 200 [02/Jan/2025:19:07:24 +0000] - 410.691 ms localhost
GET /token/refresh 304 [02/Jan/2025:19:08:54 +0000] - 57.485 ms localhost
GET /token/refresh 304 [02/Jan/2025:19:08:54 +0000] - 18.759 ms localhost
POST /login 200 [02/Jan/2025:19:09:07 +0000] - 310.904 ms localhost
POST /login 200 [02/Jan/2025:19:13:30 +0000] - 359.431 ms localhost
GET /logout 304 [02/Jan/2025:19:14:10 +0000] - 4.201 ms localhost
POST /login 200 [02/Jan/2025:19:14:19 +0000] - 141.024 ms localhost
POST /login 200 [02/Jan/2025:19:26:08 +0000] - 417.745 ms localhost
GET /logout 304 [02/Jan/2025:19:26:42 +0000] - 3.224 ms localhost
POST /login 200 [02/Jan/2025:19:26:52 +0000] - 332.143 ms localhost
POST /login 200 [02/Jan/2025:19:40:50 +0000] - 340.214 ms localhost
GET /logout 304 [02/Jan/2025:19:41:09 +0000] - 3.965 ms localhost
POST /login 200 [02/Jan/2025:19:41:44 +0000] - 330.671 ms localhost
POST /login 200 [02/Jan/2025:19:46:06 +0000] - 388.128 ms localhost
