POST /login 200 [22/Jan/2025:05:10:45 +0000] - 719.807 ms localhost
POST /login 200 [22/Jan/2025:05:16:02 +0000] - 513.193 ms localhost
POST /login 200 [22/Jan/2025:05:17:47 +0000] - 518.935 ms localhost
POST /login 200 [22/Jan/2025:05:18:55 +0000] - 419.174 ms localhost
POST /login 200 [22/Jan/2025:05:19:22 +0000] - 328.242 ms localhost
POST /login 200 [22/Jan/2025:05:21:08 +0000] - 530.119 ms localhost
POST /login 200 [22/Jan/2025:05:21:29 +0000] - 282.093 ms localhost
POST /login 200 [22/Jan/2025:05:24:22 +0000] - 465.230 ms localhost
POST /login 200 [22/Jan/2025:05:29:24 +0000] - 534.248 ms localhost
POST /login 200 [22/Jan/2025:05:29:47 +0000] - 305.119 ms localhost
POST /login 200 [22/Jan/2025:05:51:46 +0000] - 312.029 ms localhost
POST /login 200 [22/Jan/2025:05:52:04 +0000] - 125.571 ms localhost
POST /login 200 [22/Jan/2025:05:58:53 +0000] - 579.660 ms localhost
POST /login 200 [22/Jan/2025:06:00:25 +0000] - 311.821 ms localhost
POST /login 200 [22/Jan/2025:06:07:40 +0000] - 592.432 ms localhost
POST /login 200 [22/Jan/2025:06:08:08 +0000] - 273.963 ms localhost
POST /login 200 [22/Jan/2025:06:15:32 +0000] - 711.103 ms localhost
POST /login 200 [22/Jan/2025:06:19:11 +0000] - 382.675 ms localhost
GET /token/refresh 304 [22/Jan/2025:06:20:28 +0000] - 56.530 ms localhost
POST /login 200 [22/Jan/2025:06:23:26 +0000] - 474.814 ms localhost
POST /login 200 [22/Jan/2025:06:26:28 +0000] - 317.452 ms localhost
POST /login 200 [22/Jan/2025:06:26:51 +0000] - 129.350 ms localhost
POST /login 200 [22/Jan/2025:06:39:44 +0000] - 470.253 ms localhost
POST /login 200 [22/Jan/2025:06:40:20 +0000] - 120.455 ms localhost
POST /login 200 [22/Jan/2025:06:43:30 +0000] - 212.640 ms localhost
POST /login 200 [22/Jan/2025:06:43:49 +0000] - 102.269 ms localhost
POST /login 200 [22/Jan/2025:06:48:11 +0000] - 362.003 ms localhost
POST /login 200 [22/Jan/2025:06:48:22 +0000] - 110.331 ms localhost
POST /login 200 [22/Jan/2025:06:57:17 +0000] - 312.972 ms localhost
POST /login 200 [22/Jan/2025:06:57:35 +0000] - 193.200 ms localhost
POST /login 200 [22/Jan/2025:07:22:46 +0000] - 433.482 ms localhost
POST /login 200 [22/Jan/2025:07:24:56 +0000] - 141.185 ms localhost
POST /login 200 [22/Jan/2025:07:28:00 +0000] - 135.863 ms localhost
GET /token/refresh 304 [22/Jan/2025:07:30:15 +0000] - 256.211 ms localhost
POST /login 200 [22/Jan/2025:08:31:03 +0000] - 703.269 ms localhost
POST /login 200 [22/Jan/2025:08:31:36 +0000] - 355.475 ms localhost
POST /login 200 [22/Jan/2025:09:23:13 +0000] - 716.741 ms localhost
POST /login 200 [22/Jan/2025:09:24:33 +0000] - 420.424 ms localhost
POST /login 200 [22/Jan/2025:09:32:59 +0000] - 563.385 ms localhost
POST /login 200 [22/Jan/2025:09:34:59 +0000] - 789.944 ms localhost
POST /login 200 [22/Jan/2025:09:37:27 +0000] - 172.021 ms localhost
POST /login 200 [22/Jan/2025:09:51:30 +0000] - 1005.025 ms localhost
POST /login 200 [22/Jan/2025:09:57:11 +0000] - 608.673 ms localhost
POST /login 200 [22/Jan/2025:10:28:52 +0000] - 610.617 ms localhost
POST /login 200 [22/Jan/2025:10:29:24 +0000] - 322.577 ms localhost
POST /login 200 [22/Jan/2025:10:45:11 +0000] - 752.522 ms localhost
POST /login 200 [22/Jan/2025:10:47:53 +0000] - 403.084 ms localhost
POST /login 200 [22/Jan/2025:10:52:16 +0000] - 634.713 ms localhost
POST /login 200 [22/Jan/2025:10:53:06 +0000] - 576.627 ms localhost
POST /login 200 [22/Jan/2025:13:16:29 +0000] - 646.737 ms localhost
POST /login 200 [22/Jan/2025:13:19:07 +0000] - 660.680 ms localhost
POST /login 200 [22/Jan/2025:13:19:21 +0000] - 300.080 ms localhost
POST /login 200 [22/Jan/2025:13:25:44 +0000] - 674.798 ms localhost
POST /login 200 [22/Jan/2025:13:26:14 +0000] - 293.720 ms localhost
POST /login 200 [22/Jan/2025:13:37:38 +0000] - 656.684 ms localhost
POST /login 200 [22/Jan/2025:13:38:04 +0000] - 294.694 ms localhost
POST /login 200 [22/Jan/2025:13:40:57 +0000] - 571.300 ms localhost
POST /login 200 [22/Jan/2025:13:41:20 +0000] - 307.430 ms localhost
POST /login 200 [22/Jan/2025:13:44:57 +0000] - 605.034 ms localhost
POST /login 200 [22/Jan/2025:13:45:32 +0000] - 295.432 ms localhost
POST /login 200 [22/Jan/2025:13:51:32 +0000] - 556.469 ms localhost
POST /login 200 [22/Jan/2025:13:51:58 +0000] - 312.850 ms localhost
POST /login 200 [22/Jan/2025:14:04:11 +0000] - 660.225 ms localhost
POST /login 200 [22/Jan/2025:14:04:21 +0000] - 360.015 ms localhost
GET /token/refresh 200 [22/Jan/2025:14:05:32 +0000] - 38.538 ms localhost
POST /login 200 [22/Jan/2025:14:06:59 +0000] - 313.575 ms localhost
POST /login 200 [22/Jan/2025:14:07:16 +0000] - 278.123 ms localhost
GET /logout 200 [22/Jan/2025:14:08:57 +0000] - 23.944 ms localhost
POST /login 200 [22/Jan/2025:14:15:17 +0000] - 616.751 ms localhost
POST /login 200 [22/Jan/2025:14:15:25 +0000] - 315.694 ms localhost
POST /login 200 [22/Jan/2025:14:34:55 +0000] - 360.715 ms localhost
POST /login 200 [22/Jan/2025:14:35:13 +0000] - 137.007 ms localhost
GET /token/refresh 304 [22/Jan/2025:14:37:04 +0000] - 36.453 ms localhost
GET /token/refresh 200 [22/Jan/2025:14:38:12 +0000] - 14.961 ms localhost
GET /token/refresh 304 [22/Jan/2025:14:38:12 +0000] - 19.200 ms localhost
GET /logout 304 [22/Jan/2025:14:39:38 +0000] - 4.920 ms localhost
POST /register 201 [22/Jan/2025:14:40:34 +0000] - 6165.915 ms localhost
GET /token/refresh 304 [22/Jan/2025:14:41:21 +0000] - 11.546 ms localhost
GET /token/refresh 304 [22/Jan/2025:14:41:21 +0000] - 14.531 ms localhost
GET /users/count 200 [22/Jan/2025:14:41:21 +0000] - 22.700 ms localhost
GET /users?pageNumber=1&pageSize=2 200 [22/Jan/2025:14:41:21 +0000] - 30.718 ms localhost
POST /register 400 [22/Jan/2025:14:43:07 +0000] - 83.290 ms localhost
POST /register 400 [22/Jan/2025:14:43:23 +0000] - 89.010 ms localhost
POST /register 400 [22/Jan/2025:14:43:30 +0000] - 9.571 ms localhost
POST /register 400 [22/Jan/2025:14:43:48 +0000] - 10.714 ms localhost
POST /register 400 [22/Jan/2025:14:44:01 +0000] - 7.300 ms localhost
POST /register 201 [22/Jan/2025:14:44:41 +0000] - 5869.757 ms localhost
POST /otp/verify 200 [22/Jan/2025:14:44:59 +0000] - 50.634 ms localhost
POST /login 400 [22/Jan/2025:14:45:15 +0000] - 9.285 ms localhost
POST /login 200 [22/Jan/2025:14:45:43 +0000] - 155.828 ms localhost
GET /token/refresh 304 [22/Jan/2025:14:48:16 +0000] - 27.366 ms localhost
GET /users?pageNumber=5&pageSize=2 200 [22/Jan/2025:14:48:16 +0000] - 9.479 ms localhost
GET /logout 304 [22/Jan/2025:14:50:19 +0000] - 4.499 ms localhost
POST /login 403 [22/Jan/2025:14:50:27 +0000] - 18.079 ms localhost
GET /logout 304 [22/Jan/2025:14:50:27 +0000] - 1.873 ms localhost
POST /login 400 [22/Jan/2025:14:50:40 +0000] - 21.945 ms localhost
GET /token/refresh 304 [22/Jan/2025:14:50:52 +0000] - 11.467 ms localhost
GET /token/refresh 304 [22/Jan/2025:14:50:52 +0000] - 7.146 ms localhost
GET /users/count 200 [22/Jan/2025:14:50:52 +0000] - 13.230 ms localhost
GET /users?pageNumber=1&pageSize=2 304 [22/Jan/2025:14:50:52 +0000] - 10.918 ms localhost
POST /email/verify 200 [22/Jan/2025:14:51:16 +0000] - 4850.478 ms localhost
POST /otp/verify 200 [22/Jan/2025:14:51:50 +0000] - 81.331 ms localhost
POST /login 400 [22/Jan/2025:14:52:00 +0000] - 8.903 ms localhost
