POST /register 500 [03/Feb/2025:21:27:23 +0000] - 444.757 ms localhost
POST /register 500 [03/Feb/2025:21:30:09 +0000] - 74.633 ms localhost
POST /login 500 [03/Feb/2025:21:30:40 +0000] - 67.023 ms localhost
POST /login 400 [03/Feb/2025:21:53:53 +0000] - 153.830 ms localhost
POST /login 200 [03/Feb/2025:21:56:02 +0000] - 553.940 ms localhost
GET /logout 304 [03/Feb/2025:21:56:13 +0000] - 3.207 ms localhost
POST /register 500 [03/Feb/2025:21:57:13 +0000] - 8.457 ms localhost
GET / 404 [03/Feb/2025:22:02:44 +0000] - 15.288 ms localhost
POST /login 500 [03/Feb/2025:22:08:02 +0000] - 182.502 ms localhost
GET /auth/google 302 [03/Feb/2025:22:12:55 +0000] - 20.575 ms localhost
GET /auth/google 302 [04/Feb/2025:06:52:46 +0000] - 46.107 ms localhost
POST /register 201 [04/Feb/2025:07:10:36 +0000] - 3237.032 ms localhost
POST /otp/verify 200 [04/Feb/2025:07:10:53 +0000] - 19.266 ms localhost
POST /login 200 [04/Feb/2025:07:10:58 +0000] - 137.074 ms localhost
GET /logout 304 [04/Feb/2025:07:11:02 +0000] - 2.461 ms localhost
POST /password/resetEmail 200 [04/Feb/2025:07:11:19 +0000] - 2217.910 ms localhost
POST /password/reset 200 [04/Feb/2025:07:12:05 +0000] - 162.753 ms localhost
GET /auth/google 302 [04/Feb/2025:07:12:18 +0000] - 6.103 ms localhost
GET /auth/google/callback?code=4%2F0ASVgi3LKyzIJDhziz4-BlJ_MWGnE3wuWSAWl5qdMgmsYIOkLp-lw1KH-OM-Q4S01MQRTcg&scope=email+profile+https%3A%2F%2Fwww.googleapis.com%2Fauth%2Fuserinfo.email+openid+https%3A%2F%2Fwww.googleapis.com%2Fauth%2Fuserinfo.profile&authuser=1&prompt=none 302 [04/Feb/2025:07:12:23 +0000] - 478.109 ms localhost
GET /data 200 [04/Feb/2025:07:12:24 +0000] - 8.807 ms localhost
POST /login 400 [04/Feb/2025:13:26:41 +0000] - 441.531 ms localhost
GET /auth/google 302 [04/Feb/2025:13:26:56 +0000] - 3.830 ms localhost
GET /auth/google/callback?code=4%2F0ASVgi3LC5hdnGi5MGtlTA_ZDUV3BnqEOzGBeeWnNmDMfB8Pb3melUSfzSbbGr4vjO0nzNw&scope=email+profile+https%3A%2F%2Fwww.googleapis.com%2Fauth%2Fuserinfo.email+https%3A%2F%2Fwww.googleapis.com%2Fauth%2Fuserinfo.profile+openid&authuser=0&prompt=none 302 [04/Feb/2025:13:27:00 +0000] - 650.679 ms localhost
GET /data 200 [04/Feb/2025:13:27:01 +0000] - 88.057 ms localhost
GET /logout 304 [04/Feb/2025:13:47:08 +0000] - 71.716 ms localhost
POST /login 200 [04/Feb/2025:13:47:15 +0000] - 400.737 ms localhost
GET /auth/google 302 [04/Feb/2025:13:58:40 +0000] - 149.824 ms localhost
GET /auth/google/callback?code=4%2F0ASVgi3KHn8JaaQrHmfjlmorMJQEhimXUVs_6uly-MKLj8D3EZ5442onylyS9OjXw55HJQA&scope=email+profile+openid+https%3A%2F%2Fwww.googleapis.com%2Fauth%2Fuserinfo.email+https%3A%2F%2Fwww.googleapis.com%2Fauth%2Fuserinfo.profile&authuser=0&prompt=none 302 [04/Feb/2025:13:58:48 +0000] - 2373.363 ms localhost
GET /data 304 [04/Feb/2025:13:58:50 +0000] - 28.926 ms localhost
GET /logout 304 [04/Feb/2025:13:59:02 +0000] - 6.721 ms localhost
POST /login 200 [05/Feb/2025:20:50:48 +0000] - 546.538 ms localhost
POST /login 200 [05/Feb/2025:21:08:03 +0000] - 563.844 ms localhost
