POST /login 200 [31/Dec/2024:18:37:16 +0000] - 477.126 ms localhost
POST /login 200 [31/Dec/2024:18:55:46 +0000] - 934.300 ms localhost
POST /login 200 [01/Jan/2025:02:08:08 +0000] - 614.770 ms localhost
GET /token/refresh 304 [01/Jan/2025:02:10:02 +0000] - 206.417 ms localhost
POST /login 200 [01/Jan/2025:02:40:21 +0000] - 485.596 ms localhost
POST /login 200 [01/Jan/2025:02:43:53 +0000] - 1183.098 ms localhost
POST /login 200 [01/Jan/2025:02:46:13 +0000] - 369.892 ms localhost
POST /login 200 [01/Jan/2025:02:48:17 +0000] - 258.650 ms localhost
POST /login 200 [01/Jan/2025:02:52:18 +0000] - 797.346 ms localhost
POST /login 200 [01/Jan/2025:02:56:06 +0000] - 921.313 ms localhost
POST /login 200 [01/Jan/2025:02:56:35 +0000] - 159.965 ms localhost
POST /login 200 [01/Jan/2025:02:57:39 +0000] - 536.570 ms localhost
GET /users/count 304 [01/Jan/2025:02:57:42 +0000] - 38.520 ms localhost
GET /users?pageNumber=1&pageSize=2 304 [01/Jan/2025:02:57:42 +0000] - 31.313 ms localhost
POST /login 200 [01/Jan/2025:02:59:27 +0000] - 537.522 ms localhost
POST /login 200 [01/Jan/2025:03:00:50 +0000] - 157.834 ms localhost
POST /login 200 [01/Jan/2025:03:03:51 +0000] - 852.951 ms localhost
POST /login 200 [01/Jan/2025:03:04:20 +0000] - 498.583 ms localhost
POST /login 200 [01/Jan/2025:03:08:09 +0000] - 477.997 ms localhost
POST /login 200 [01/Jan/2025:03:10:52 +0000] - 1012.032 ms localhost
POST /login 200 [01/Jan/2025:03:12:28 +0000] - 456.302 ms localhost
POST /login 200 [01/Jan/2025:04:08:15 +0000] - 867.866 ms localhost
POST /login 200 [01/Jan/2025:04:13:04 +0000] - 261.242 ms localhost
POST /login 200 [01/Jan/2025:04:14:42 +0000] - 662.502 ms localhost
POST /login 200 [01/Jan/2025:04:15:22 +0000] - 118.671 ms localhost
GET /token/refresh 304 [01/Jan/2025:04:20:58 +0000] - 209.107 ms localhost
GET /token/refresh 304 [01/Jan/2025:04:25:42 +0000] - 21.323 ms localhost
POST /login 200 [01/Jan/2025:04:55:01 +0000] - 539.847 ms localhost
POST /login 200 [01/Jan/2025:04:58:58 +0000] - 224.967 ms localhost
GET /token/refresh 304 [01/Jan/2025:05:00:20 +0000] - 21.726 ms localhost
POST /login 400 [01/Jan/2025:05:02:15 +0000] - 105.222 ms localhost
POST /login 200 [01/Jan/2025:05:02:22 +0000] - 123.540 ms localhost
POST /login 200 [01/Jan/2025:05:08:24 +0000] - 322.405 ms localhost
POST /login 200 [01/Jan/2025:05:24:16 +0000] - 384.693 ms localhost
POST /login 200 [01/Jan/2025:05:25:43 +0000] - 447.192 ms localhost
POST /login 200 [01/Jan/2025:05:55:16 +0000] - 530.995 ms localhost
POST /login 200 [01/Jan/2025:06:53:59 +0000] - 473.896 ms localhost
POST /login 200 [01/Jan/2025:07:24:19 +0000] - 682.069 ms localhost
POST /login 200 [01/Jan/2025:07:26:32 +0000] - 338.731 ms localhost
POST /login 200 [01/Jan/2025:07:27:10 +0000] - 590.725 ms localhost
POST /login 200 [01/Jan/2025:07:48:31 +0000] - 620.327 ms localhost
POST /login 200 [01/Jan/2025:07:51:02 +0000] - 313.745 ms localhost
POST /login 200 [01/Jan/2025:07:54:34 +0000] - 501.007 ms localhost
POST /login 200 [01/Jan/2025:07:55:15 +0000] - 109.410 ms localhost
POST /login 200 [01/Jan/2025:08:07:12 +0000] - 600.740 ms localhost
POST /login 200 [01/Jan/2025:08:07:58 +0000] - 448.901 ms localhost
GET /token/refresh 200 [01/Jan/2025:08:09:00 +0000] - 75.371 ms localhost
POST /login 200 [01/Jan/2025:08:09:13 +0000] - 277.362 ms localhost
POST /login 200 [01/Jan/2025:08:11:40 +0000] - 259.266 ms localhost
POST /login 200 [01/Jan/2025:08:16:05 +0000] - 336.479 ms localhost
POST /login 200 [01/Jan/2025:08:20:05 +0000] - 320.597 ms localhost
POST /login 200 [01/Jan/2025:08:21:20 +0000] - 135.263 ms localhost
POST /login 200 [01/Jan/2025:08:33:56 +0000] - 356.763 ms localhost
GET /token/refresh 304 [01/Jan/2025:08:35:03 +0000] - 24.553 ms localhost
POST /login 200 [01/Jan/2025:08:36:07 +0000] - 244.824 ms localhost
POST /login 200 [01/Jan/2025:08:37:22 +0000] - 229.029 ms localhost
POST /login 200 [01/Jan/2025:08:47:59 +0000] - 393.107 ms localhost
POST /login 200 [01/Jan/2025:08:49:39 +0000] - 200.883 ms localhost
POST /login 200 [01/Jan/2025:08:51:01 +0000] - 136.150 ms localhost
POST /login 200 [01/Jan/2025:08:51:55 +0000] - 235.165 ms localhost
POST /login 200 [01/Jan/2025:08:53:18 +0000] - 197.805 ms localhost
POST /login 200 [01/Jan/2025:08:55:01 +0000] - 120.248 ms localhost
POST /login 200 [01/Jan/2025:09:05:07 +0000] - 313.447 ms localhost
GET /token/refresh 200 [01/Jan/2025:09:06:47 +0000] - 26.592 ms localhost
GET /token/refresh 304 [01/Jan/2025:09:06:47 +0000] - 13.184 ms localhost
GET /users/count 304 [01/Jan/2025:09:06:47 +0000] - 24.091 ms localhost
GET /users?pageNumber=1&pageSize=2 304 [01/Jan/2025:09:06:47 +0000] - 20.607 ms localhost
GET /users/count 304 [01/Jan/2025:09:07:27 +0000] - 59.952 ms localhost
GET /users?pageNumber=1&pageSize=2 304 [01/Jan/2025:09:07:27 +0000] - 19.714 ms localhost
GET /token/refresh 304 [01/Jan/2025:09:08:22 +0000] - 15.573 ms localhost
GET /token/refresh 304 [01/Jan/2025:09:08:22 +0000] - 12.024 ms localhost
GET /token/refresh 304 [01/Jan/2025:09:11:22 +0000] - 17.678 ms localhost
GET /token/refresh 304 [01/Jan/2025:09:14:50 +0000] - 26.171 ms localhost
GET /token/refresh 304 [01/Jan/2025:09:14:50 +0000] - 10.639 ms localhost
GET /logout 400 [01/Jan/2025:09:14:56 +0000] - 42.238 ms localhost
GET /logout 400 [01/Jan/2025:09:15:00 +0000] - 210.495 ms localhost
POST /login 200 [01/Jan/2025:09:15:29 +0000] - 178.774 ms localhost
GET /token/refresh 200 [01/Jan/2025:09:16:31 +0000] - 19.825 ms localhost
GET /logout 400 [01/Jan/2025:09:25:27 +0000] - 114.160 ms localhost
POST /login 200 [01/Jan/2025:09:27:46 +0000] - 505.572 ms localhost
GET /logout 400 [01/Jan/2025:09:27:52 +0000] - 10.119 ms localhost
POST /login 200 [01/Jan/2025:09:33:37 +0000] - 222.133 ms localhost
GET /logout 200 [01/Jan/2025:09:33:42 +0000] - 1.883 ms localhost
POST /login 200 [01/Jan/2025:09:33:55 +0000] - 128.498 ms localhost
POST /login 200 [01/Jan/2025:09:40:42 +0000] - 176.659 ms localhost
GET /logout 304 [01/Jan/2025:09:40:46 +0000] - 10.357 ms localhost
POST /login 200 [01/Jan/2025:09:40:59 +0000] - 105.465 ms localhost
