POST /login 200 [08/Mar/2025:07:29:55 +0000] - 214.003 ms localhost
GET /logout 200 [08/Mar/2025:07:31:40 +0000] - 1871.506 ms localhost
POST /login 200 [08/Mar/2025:07:31:53 +0000] - 154.006 ms localhost
POST /login 200 [08/Mar/2025:07:32:34 +0000] - 135.068 ms localhost
POST /login 200 [08/Mar/2025:07:33:43 +0000] - 141.141 ms localhost
POST /login 200 [08/Mar/2025:07:34:58 +0000] - 129.085 ms localhost
POST /login 200 [08/Mar/2025:07:36:02 +0000] - 121.354 ms localhost
GET /users?pageNumber=1&pageSize=2 200 [08/Mar/2025:07:38:26 +0000] - 38.791 ms localhost
GET /logout 304 [08/Mar/2025:07:38:41 +0000] - 34.291 ms localhost
POST /login 200 [08/Mar/2025:08:08:54 +0000] - 460.314 ms localhost
POST /login 200 [08/Mar/2025:13:23:42 +0000] - 565.642 ms localhost
POST /login - [10/Mar/2025:13:33:42 +0000] - - ms localhost
POST /login - [10/Mar/2025:13:35:14 +0000] - - ms localhost
POST /login - [10/Mar/2025:13:43:31 +0000] - - ms localhost
POST /login - [10/Mar/2025:13:45:01 +0000] - - ms localhost
POST /login - [10/Mar/2025:13:45:48 +0000] - - ms localhost
POST /login 200 [10/Mar/2025:13:46:52 +0000] - 458.618 ms localhost
GET /logout 304 [10/Mar/2025:13:47:20 +0000] - 63.374 ms localhost
POST /login - [10/Mar/2025:13:47:59 +0000] - - ms localhost
POST /login 200 [10/Mar/2025:16:26:04 +0000] - 448.616 ms localhost
GET /logout 304 [10/Mar/2025:16:26:17 +0000] - 23.877 ms localhost
POST /login 200 [10/Mar/2025:16:44:47 +0000] - 564.759 ms localhost
POST /login 200 [10/Mar/2025:17:09:28 +0000] - 839.337 ms localhost
GET /logout 304 [10/Mar/2025:17:10:18 +0000] - 64.624 ms localhost
POST /login 200 [11/Mar/2025:18:24:28 +0000] - 463.206 ms localhost
GET /token/refresh 400 [11/Mar/2025:18:24:34 +0000] - 9.526 ms localhost
POST /login 200 [11/Mar/2025:18:25:41 +0000] - 600.692 ms localhost
POST /login 200 [11/Mar/2025:18:27:25 +0000] - 269.123 ms localhost
GET /logout 200 [11/Mar/2025:18:27:47 +0000] - 45.168 ms localhost
POST /login 200 [11/Mar/2025:18:28:59 +0000] - 459.117 ms localhost
GET /token/refresh 400 [11/Mar/2025:18:29:02 +0000] - 5.404 ms localhost
POST /login 200 [11/Mar/2025:18:30:28 +0000] - 509.912 ms localhost
POST /login 200 [11/Mar/2025:18:36:56 +0000] - 437.895 ms localhost
POST /login 200 [11/Mar/2025:18:44:17 +0000] - 305.769 ms localhost
POST /login 200 [11/Mar/2025:18:53:22 +0000] - 250.682 ms localhost
POST /login 200 [11/Mar/2025:18:57:43 +0000] - 162.929 ms localhost
GET /logout 304 [11/Mar/2025:18:58:05 +0000] - 36.329 ms localhost
POST /login 200 [11/Mar/2025:18:58:12 +0000] - 120.583 ms localhost
POST /login 200 [11/Mar/2025:19:38:19 +0000] - 310.444 ms localhost
POST /login 200 [11/Mar/2025:19:41:07 +0000] - 122.598 ms localhost
POST /login 200 [11/Mar/2025:19:43:49 +0000] - 109.064 ms localhost
POST /login 200 [11/Mar/2025:19:44:57 +0000] - 111.026 ms localhost
POST /login 200 [11/Mar/2025:20:14:18 +0000] - 199.159 ms localhost
POST /login 200 [11/Mar/2025:20:17:24 +0000] - 115.115 ms localhost
POST /login 200 [13/Mar/2025:10:41:12 +0000] - 811.702 ms localhost
POST /login 200 [13/Mar/2025:10:43:52 +0000] - 311.623 ms localhost
