POST /login 200 [15/Mar/2025:19:08:14 +0000] - 414.105 ms localhost
POST /login 200 [15/Mar/2025:19:11:34 +0000] - 373.516 ms localhost
POST /login 200 [15/Mar/2025:19:47:31 +0000] - 185.778 ms localhost
POST /login 200 [15/Mar/2025:19:51:11 +0000] - 180.511 ms localhost
POST /login 200 [15/Mar/2025:19:52:16 +0000] - 147.778 ms localhost
POST /login 200 [15/Mar/2025:19:56:45 +0000] - 190.963 ms localhost
POST /login 200 [15/Mar/2025:19:58:07 +0000] - 113.536 ms localhost
POST /login 200 [15/Mar/2025:19:58:57 +0000] - 127.561 ms localhost
POST /login 200 [15/Mar/2025:20:09:45 +0000] - 148.630 ms localhost
POST /login 200 [15/Mar/2025:20:16:54 +0000] - 186.845 ms localhost
POST /login 200 [15/Mar/2025:20:52:15 +0000] - 229.994 ms localhost
POST /login 200 [15/Mar/2025:21:07:43 +0000] - 168.902 ms localhost
POST /login 200 [15/Mar/2025:21:09:05 +0000] - 173.531 ms localhost
POST /login 200 [15/Mar/2025:21:10:00 +0000] - 126.280 ms localhost
POST /login 200 [15/Mar/2025:21:11:16 +0000] - 170.893 ms localhost
POST /login 200 [15/Mar/2025:21:13:06 +0000] - 143.352 ms localhost
POST /login 200 [15/Mar/2025:21:13:54 +0000] - 113.911 ms localhost
POST /login 200 [15/Mar/2025:21:17:17 +0000] - 138.225 ms localhost
POST /login 200 [15/Mar/2025:21:18:13 +0000] - 182.421 ms localhost
POST /login 200 [15/Mar/2025:21:28:57 +0000] - 151.756 ms localhost
POST /login 200 [15/Mar/2025:21:33:00 +0000] - 100.371 ms localhost
GET /logout 200 [15/Mar/2025:21:33:09 +0000] - 83.979 ms localhost
POST /login 200 [15/Mar/2025:21:33:17 +0000] - 101.343 ms localhost
POST /login 200 [15/Mar/2025:21:36:11 +0000] - 156.385 ms localhost
POST /login 200 [16/Mar/2025:08:11:19 +0000] - 440.037 ms localhost
POST /login 200 [16/Mar/2025:08:14:26 +0000] - 293.145 ms localhost
POST /login 200 [16/Mar/2025:08:15:04 +0000] - 349.112 ms localhost
POST /login 200 [16/Mar/2025:08:15:51 +0000] - 132.745 ms localhost
POST /login 200 [16/Mar/2025:08:17:42 +0000] - 281.478 ms localhost
POST /login 200 [16/Mar/2025:08:18:09 +0000] - 285.663 ms localhost
POST /login 200 [16/Mar/2025:08:19:46 +0000] - 284.730 ms localhost
POST /login 200 [16/Mar/2025:08:20:36 +0000] - 295.981 ms localhost
GET /auth/google 302 [16/Mar/2025:08:46:10 +0000] - 14.887 ms localhost
GET /auth/google 302 [16/Mar/2025:08:56:18 +0000] - 10.047 ms localhost
GET /auth/google 302 [16/Mar/2025:08:57:36 +0000] - 4.154 ms localhost
GET /auth/google 302 [16/Mar/2025:09:01:23 +0000] - 10.760 ms localhost
GET /auth/google 302 [16/Mar/2025:09:03:19 +0000] - 4.089 ms localhost
GET /auth/google 302 [16/Mar/2025:09:04:08 +0000] - 4.217 ms localhost
GET /auth/google 302 [16/Mar/2025:09:06:03 +0000] - 2.093 ms localhost
GET /auth/google 302 [16/Mar/2025:09:09:28 +0000] - 14.089 ms localhost
GET /auth/google 302 [16/Mar/2025:09:17:41 +0000] - 20.297 ms localhost
GET /auth/google 302 [16/Mar/2025:09:20:11 +0000] - 5.007 ms localhost
GET /auth/google 302 [16/Mar/2025:09:27:35 +0000] - 5.667 ms localhost
GET /auth/google 302 [16/Mar/2025:09:29:59 +0000] - 8.514 ms localhost
GET /auth/google 302 [16/Mar/2025:09:37:00 +0000] - 11.190 ms localhost
GET /auth/google 302 [16/Mar/2025:09:37:36 +0000] - 2.336 ms localhost
GET /auth/google/callback 302 [16/Mar/2025:09:41:37 +0000] - 1.012 ms localhost
GET /auth/google 302 [16/Mar/2025:09:45:13 +0000] - 2.248 ms localhost
GET /auth/google 302 [16/Mar/2025:09:48:44 +0000] - 1.098 ms localhost
GET /auth/google/callback?code=4%2F0AQSTgQENeh5UX1KkDaO1DK9pkZs9V389rdKQZxftwFM2dSlSRheA3v-MfkZbDWGnOBRHng&scope=email+profile+https%3A%2F%2Fwww.googleapis.com%2Fauth%2Fuserinfo.profile+openid+https%3A%2F%2Fwww.googleapis.com%2Fauth%2Fuserinfo.email&authuser=0&prompt=none 302 [16/Mar/2025:09:48:45 +0000] - 603.561 ms localhost
GET /data 200 [16/Mar/2025:09:48:48 +0000] - 15.313 ms localhost
GET /auth/google 302 [16/Mar/2025:09:49:37 +0000] - 1.091 ms localhost
GET /auth/google/callback?code=4%2F0AQSTgQE1D7nTLOOdAAA2p917Y1NLvv_1U_9S1_8sfmQRfg6PrrRQJsAN6fJ9nH3yC4pWYA&scope=email+profile+openid+https%3A%2F%2Fwww.googleapis.com%2Fauth%2Fuserinfo.profile+https%3A%2F%2Fwww.googleapis.com%2Fauth%2Fuserinfo.email&authuser=0&prompt=consent 302 [16/Mar/2025:09:49:44 +0000] - 411.178 ms localhost
GET /data 200 [16/Mar/2025:09:49:46 +0000] - 8.931 ms localhost
GET /logout 200 [16/Mar/2025:09:49:57 +0000] - 17.533 ms localhost
POST /login 200 [16/Mar/2025:09:54:15 +0000] - 189.739 ms localhost
POST /login 200 [16/Mar/2025:14:57:15 +0000] - 509.304 ms localhost
POST /login 200 [18/Mar/2025:08:46:22 +0000] - 234.959 ms localhost
POST /login 200 [18/Mar/2025:08:55:42 +0000] - 179.497 ms localhost
POST /login 200 [18/Mar/2025:08:57:02 +0000] - 166.665 ms localhost
GET /logout 200 [18/Mar/2025:08:57:20 +0000] - 60.190 ms localhost
POST /login 200 [19/Mar/2025:06:08:44 +0000] - 479.048 ms localhost
POST /login 200 [19/Mar/2025:06:10:17 +0000] - 198.234 ms localhost
POST /login 200 [19/Mar/2025:06:13:30 +0000] - 301.762 ms localhost
POST /login 200 [19/Mar/2025:06:14:04 +0000] - 398.197 ms localhost
POST /login 200 [19/Mar/2025:06:17:33 +0000] - 359.748 ms localhost
POST /login 200 [19/Mar/2025:06:24:33 +0000] - 382.117 ms localhost
POST /login 200 [19/Mar/2025:07:25:06 +0000] - 381.576 ms localhost
POST /login 200 [19/Mar/2025:07:27:02 +0000] - 354.816 ms localhost
POST /login 200 [19/Mar/2025:07:46:43 +0000] - 374.402 ms localhost
POST /login 200 [19/Mar/2025:08:00:18 +0000] - 320.470 ms localhost
POST /login 200 [19/Mar/2025:08:02:40 +0000] - 415.600 ms localhost
GET /users?pageNumber=1&pageSize=2 200 [19/Mar/2025:08:05:21 +0000] - 73.907 ms localhost
POST /login 200 [19/Mar/2025:08:09:09 +0000] - 166.789 ms localhost
GET /logout 200 [19/Mar/2025:08:09:18 +0000] - 57.185 ms localhost
POST /login 200 [19/Mar/2025:08:09:35 +0000] - 188.815 ms localhost
POST /login 200 [19/Mar/2025:08:11:15 +0000] - 202.141 ms localhost
POST /login 200 [19/Mar/2025:09:22:35 +0000] - 133.231 ms localhost
POST /login 200 [19/Mar/2025:09:28:17 +0000] - 112.234 ms localhost
POST /login 200 [19/Mar/2025:09:29:59 +0000] - 134.388 ms localhost
POST /login 200 [19/Mar/2025:09:33:50 +0000] - 169.134 ms localhost
POST /login 200 [19/Mar/2025:09:35:13 +0000] - 97.473 ms localhost
POST /login 200 [19/Mar/2025:09:44:24 +0000] - 103.810 ms localhost
POST /login 200 [19/Mar/2025:09:45:39 +0000] - 140.513 ms localhost
POST /login 200 [19/Mar/2025:10:05:47 +0000] - 405.653 ms localhost
POST /login 200 [19/Mar/2025:10:07:03 +0000] - 311.566 ms localhost
POST /login 200 [19/Mar/2025:10:16:08 +0000] - 351.898 ms localhost
POST /login 200 [19/Mar/2025:10:34:39 +0000] - 369.624 ms localhost
POST /login 200 [19/Mar/2025:10:35:23 +0000] - 265.235 ms localhost
POST /login 200 [19/Mar/2025:10:36:35 +0000] - 268.459 ms localhost
POST /login 200 [19/Mar/2025:10:41:34 +0000] - 117.570 ms localhost
POST /login 200 [19/Mar/2025:10:43:03 +0000] - 311.247 ms localhost
POST /login 200 [19/Mar/2025:10:49:01 +0000] - 358.094 ms localhost
POST /login 200 [19/Mar/2025:10:50:47 +0000] - 139.494 ms localhost
POST /login 200 [19/Mar/2025:10:52:32 +0000] - 345.601 ms localhost
POST /login 200 [19/Mar/2025:13:01:21 +0000] - 356.328 ms localhost
POST /login 200 [19/Mar/2025:13:02:27 +0000] - 305.393 ms localhost
POST /login 200 [19/Mar/2025:13:32:56 +0000] - 416.383 ms localhost
POST /login 200 [19/Mar/2025:13:33:50 +0000] - 319.734 ms localhost
POST /login 200 [19/Mar/2025:13:36:56 +0000] - 312.366 ms localhost
POST /login 200 [19/Mar/2025:13:38:11 +0000] - 355.303 ms localhost
POST /login 200 [19/Mar/2025:13:40:54 +0000] - 387.841 ms localhost
POST /login 200 [19/Mar/2025:13:41:24 +0000] - 298.393 ms localhost
POST /login 200 [19/Mar/2025:13:46:05 +0000] - 336.710 ms localhost
GET /logout 200 [19/Mar/2025:13:46:24 +0000] - 52.780 ms localhost
POST /login 200 [19/Mar/2025:13:46:46 +0000] - 338.217 ms localhost
POST /login 200 [19/Mar/2025:13:51:54 +0000] - 306.663 ms localhost
POST /login 200 [19/Mar/2025:14:00:38 +0000] - 205.598 ms localhost
POST /login 200 [19/Mar/2025:14:01:21 +0000] - 121.727 ms localhost
GET /users?pageNumber=1&pageSize=2 200 [19/Mar/2025:14:01:31 +0000] - 14.669 ms localhost
POST /login 200 [19/Mar/2025:14:06:31 +0000] - 298.591 ms localhost
POST /login 200 [19/Mar/2025:14:56:57 +0000] - 139.261 ms localhost
GET /logout 200 [19/Mar/2025:14:59:09 +0000] - 36.930 ms localhost
POST /login 200 [19/Mar/2025:14:59:17 +0000] - 107.420 ms localhost
GET /logout 200 [19/Mar/2025:14:59:50 +0000] - 51.869 ms localhost
POST /login 200 [19/Mar/2025:14:59:58 +0000] - 167.834 ms localhost
POST /login 200 [19/Mar/2025:15:01:58 +0000] - 119.723 ms localhost
POST /login 200 [19/Mar/2025:15:08:01 +0000] - 570.255 ms localhost
POST /login 200 [19/Mar/2025:15:09:05 +0000] - 110.803 ms localhost
POST /login 200 [19/Mar/2025:15:22:08 +0000] - 344.626 ms localhost
POST /login 400 [19/Mar/2025:15:30:53 +0000] - 367.135 ms localhost
POST /login 200 [19/Mar/2025:15:31:04 +0000] - 308.741 ms localhost
POST /login 200 [19/Mar/2025:15:35:44 +0000] - 334.276 ms localhost
POST /login 200 [19/Mar/2025:15:40:19 +0000] - 103.278 ms localhost
POST /login 200 [19/Mar/2025:15:45:15 +0000] - 418.878 ms localhost
POST /login 200 [19/Mar/2025:16:04:13 +0000] - 168.233 ms localhost
POST /login 200 [19/Mar/2025:16:05:11 +0000] - 153.954 ms localhost
POST /login 200 [19/Mar/2025:16:12:22 +0000] - 137.644 ms localhost
POST /login 200 [19/Mar/2025:16:12:49 +0000] - 99.898 ms localhost
POST /login 200 [19/Mar/2025:16:15:12 +0000] - 163.746 ms localhost
POST /login 200 [19/Mar/2025:16:21:18 +0000] - 138.909 ms localhost
POST /login 200 [19/Mar/2025:16:26:19 +0000] - 136.500 ms localhost
POST /login 200 [19/Mar/2025:17:24:26 +0000] - 236.174 ms localhost
POST /login 200 [19/Mar/2025:17:25:04 +0000] - 126.911 ms localhost
GET /logout 200 [19/Mar/2025:17:25:10 +0000] - 13.100 ms localhost
GET /auth/google 302 [19/Mar/2025:17:25:17 +0000] - 2.879 ms localhost
GET /auth/google/callback?code=4%2F0AQSTgQEueD4Bje31YoUBmuEsfVZgB2LIEgVLFoj7KaVBLy97NBvOTUdTSfeSliFUrJC6EQ&scope=email+profile+https%3A%2F%2Fwww.googleapis.com%2Fauth%2Fuserinfo.profile+openid+https%3A%2F%2Fwww.googleapis.com%2Fauth%2Fuserinfo.email&authuser=0&prompt=none 302 [19/Mar/2025:17:25:18 +0000] - 528.425 ms localhost
GET /data 200 [19/Mar/2025:17:25:20 +0000] - 16.394 ms localhost
GET /logout 200 [19/Mar/2025:17:25:27 +0000] - 4.975 ms localhost
POST /login 200 [19/Mar/2025:17:25:54 +0000] - 115.251 ms localhost
GET /logout 200 [19/Mar/2025:17:26:22 +0000] - 4.764 ms localhost
