POST /login 200 [07/Feb/2025:08:10:08 +0000] - 364.555 ms localhost
POST /login 200 [07/Feb/2025:08:26:19 +0000] - 248.714 ms localhost
POST /login 200 [07/Feb/2025:09:46:27 +0000] - 1190.312 ms localhost
POST /login 200 [07/Feb/2025:09:48:05 +0000] - 372.041 ms localhost
POST /login 200 [07/Feb/2025:10:01:48 +0000] - 455.066 ms localhost
POST /login 200 [07/Feb/2025:10:24:17 +0000] - 497.737 ms localhost
POST /login 200 [11/Feb/2025:07:44:22 +0000] - 890.246 ms localhost
GET /logout 304 [11/Feb/2025:07:48:50 +0000] - 8.759 ms localhost
POST /login 200 [11/Feb/2025:07:49:12 +0000] - 203.690 ms localhost
POST /password/resetEmail 200 [11/Feb/2025:07:49:42 +0000] - 3505.007 ms localhost
POST /password/reset 200 [11/Feb/2025:07:50:09 +0000] - 305.504 ms localhost
POST /login 200 [11/Feb/2025:07:50:19 +0000] - 210.034 ms localhost
GET /logout 304 [11/Feb/2025:07:51:16 +0000] - 2.619 ms localhost
POST /login 200 [11/Feb/2025:07:51:25 +0000] - 187.683 ms localhost
GET /logout 304 [11/Feb/2025:07:52:54 +0000] - 3.257 ms localhost
POST /login 200 [11/Feb/2025:07:53:17 +0000] - 187.739 ms localhost
GET /logout 304 [11/Feb/2025:07:55:24 +0000] - 2.302 ms localhost
POST /login 200 [11/Feb/2025:07:55:41 +0000] - 173.728 ms localhost
GET /users/count 200 [11/Feb/2025:07:55:46 +0000] - 31.389 ms localhost
GET /users?pageNumber=1&pageSize=2 200 [11/Feb/2025:07:55:46 +0000] - 23.819 ms localhost
GET /users?pageNumber=2&pageSize=2 200 [11/Feb/2025:07:56:06 +0000] - 15.762 ms localhost
GET /users?pageNumber=3&pageSize=2 200 [11/Feb/2025:07:56:09 +0000] - 8.165 ms localhost
PATCH /status 200 [11/Feb/2025:07:56:15 +0000] - 3651.370 ms localhost
GET /users?pageNumber=3&pageSize=2 200 [11/Feb/2025:07:56:15 +0000] - 85.485 ms localhost
GET /logout 304 [11/Feb/2025:07:57:14 +0000] - 2.025 ms localhost
POST /login 200 [11/Feb/2025:07:57:35 +0000] - 227.641 ms localhost
GET /users/count 304 [11/Feb/2025:07:58:11 +0000] - 93.311 ms localhost
GET /users?pageNumber=1&pageSize=2 304 [11/Feb/2025:07:58:11 +0000] - 23.017 ms localhost
GET /6738f8c218960f422dbd066c 200 [11/Feb/2025:07:58:57 +0000] - 10.591 ms localhost
POST /login 200 [11/Feb/2025:07:59:22 +0000] - 194.141 ms localhost
POST /login 200 [11/Feb/2025:07:59:48 +0000] - 177.787 ms localhost
GET / 404 [11/Feb/2025:17:49:47 +0000] - 66.161 ms localhost
POST /login 200 [11/Feb/2025:17:50:08 +0000] - 458.645 ms localhost
POST /login 200 [11/Feb/2025:17:50:26 +0000] - 304.505 ms localhost
POST /login 200 [11/Feb/2025:17:50:52 +0000] - 318.875 ms localhost
POST /login 200 [11/Feb/2025:17:52:16 +0000] - 296.948 ms localhost
POST /login 200 [11/Feb/2025:17:52:32 +0000] - 460.401 ms localhost
