POST /login 200 [14/Jan/2025:19:38:52 +0000] - 580.300 ms localhost
GET /token/refresh 200 [14/Jan/2025:19:40:57 +0000] - 40.680 ms localhost
GET /token/refresh 304 [14/Jan/2025:19:42:17 +0000] - 22.989 ms localhost
POST /login 200 [14/Jan/2025:19:45:49 +0000] - 295.570 ms localhost
POST /login 200 [14/Jan/2025:19:50:51 +0000] - 321.035 ms localhost
GET /token/refresh 304 [14/Jan/2025:19:52:57 +0000] - 35.321 ms localhost
POST /login 200 [14/Jan/2025:19:53:35 +0000] - 306.120 ms localhost
POST /login 200 [14/Jan/2025:19:55:58 +0000] - 313.848 ms localhost
POST /login 200 [14/Jan/2025:20:03:31 +0000] - 267.775 ms localhost
GET /token/refresh 304 [14/Jan/2025:20:04:51 +0000] - 38.554 ms localhost
GET /token/refresh 304 [14/Jan/2025:20:07:20 +0000] - 13.833 ms localhost
POST /login 200 [14/Jan/2025:20:31:16 +0000] - 412.102 ms localhost
GET /token/refresh 304 [14/Jan/2025:20:35:14 +0000] - 89.569 ms localhost
POST /login 200 [14/Jan/2025:20:35:37 +0000] - 357.585 ms localhost
POST /login 200 [14/Jan/2025:20:37:14 +0000] - 366.364 ms localhost
POST /login 200 [14/Jan/2025:20:38:35 +0000] - 323.498 ms localhost
POST /login 200 [14/Jan/2025:20:40:33 +0000] - 370.165 ms localhost
POST /login 200 [15/Jan/2025:05:45:09 +0000] - 181.766 ms localhost
POST /login 200 [15/Jan/2025:05:47:16 +0000] - 287.132 ms localhost
POST /login 200 [15/Jan/2025:05:49:02 +0000] - 177.623 ms localhost
POST /login 200 [15/Jan/2025:05:52:21 +0000] - 133.556 ms localhost
POST /login 200 [15/Jan/2025:05:53:15 +0000] - 154.289 ms localhost
POST /login 200 [15/Jan/2025:05:57:18 +0000] - 142.264 ms localhost
POST /login 200 [15/Jan/2025:05:59:36 +0000] - 113.296 ms localhost
POST /login 200 [15/Jan/2025:06:02:44 +0000] - 121.423 ms localhost
POST /login 200 [15/Jan/2025:06:04:47 +0000] - 112.721 ms localhost
POST /login 200 [15/Jan/2025:06:08:49 +0000] - 171.606 ms localhost
POST /login 200 [15/Jan/2025:06:10:06 +0000] - 120.041 ms localhost
POST /login 200 [15/Jan/2025:06:13:52 +0000] - 146.677 ms localhost
POST /login 200 [15/Jan/2025:06:14:50 +0000] - 125.500 ms localhost
POST /login 200 [15/Jan/2025:06:28:56 +0000] - 202.245 ms localhost
POST /login 200 [15/Jan/2025:08:15:29 +0000] - 521.760 ms localhost
POST /login 200 [15/Jan/2025:08:17:29 +0000] - 285.143 ms localhost
POST /login 200 [15/Jan/2025:08:20:32 +0000] - 332.631 ms localhost
POST /login 200 [15/Jan/2025:08:24:54 +0000] - 319.190 ms localhost
GET /logout 304 [15/Jan/2025:08:28:53 +0000] - 23.781 ms localhost
POST /login 200 [15/Jan/2025:09:57:41 +0000] - 337.729 ms localhost
POST /login 200 [15/Jan/2025:09:58:33 +0000] - 105.413 ms localhost
POST /login 200 [15/Jan/2025:10:03:49 +0000] - 177.103 ms localhost
GET /logout 304 [15/Jan/2025:10:03:55 +0000] - 5.683 ms localhost
POST /login 200 [15/Jan/2025:10:04:00 +0000] - 110.588 ms localhost
POST /login 200 [15/Jan/2025:10:37:21 +0000] - 301.709 ms localhost
GET /logout 304 [15/Jan/2025:10:40:13 +0000] - 6.911 ms localhost
POST /login 200 [15/Jan/2025:10:40:20 +0000] - 182.241 ms localhost
POST /login 200 [15/Jan/2025:10:41:43 +0000] - 232.816 ms localhost
GET /token/refresh 200 [15/Jan/2025:10:45:24 +0000] - 36.227 ms localhost
GET /token/refresh 304 [15/Jan/2025:10:59:13 +0000] - 294.974 ms localhost
GET /token/refresh 304 [15/Jan/2025:10:59:13 +0000] - 32.563 ms localhost
POST /login 200 [15/Jan/2025:12:26:46 +0000] - 255.398 ms localhost
POST /login 200 [15/Jan/2025:12:30:19 +0000] - 250.181 ms localhost
POST /login 200 [15/Jan/2025:12:31:53 +0000] - 106.072 ms localhost
POST /login 200 [15/Jan/2025:12:35:59 +0000] - 521.681 ms localhost
POST /login 200 [15/Jan/2025:12:42:18 +0000] - 614.746 ms localhost
POST /login 200 [15/Jan/2025:12:44:25 +0000] - 187.674 ms localhost
POST /login 200 [15/Jan/2025:12:56:35 +0000] - 559.252 ms localhost
POST /login 200 [15/Jan/2025:13:00:49 +0000] - 556.659 ms localhost
GET /token/refresh 304 [15/Jan/2025:13:04:41 +0000] - 34.548 ms localhost
GET /token/refresh 304 [15/Jan/2025:13:04:41 +0000] - 9.782 ms localhost
POST /login 200 [15/Jan/2025:13:27:31 +0000] - 582.366 ms localhost
POST /login 200 [15/Jan/2025:13:34:50 +0000] - 556.550 ms localhost
POST /login 200 [15/Jan/2025:13:44:58 +0000] - 489.795 ms localhost
POST /login 200 [15/Jan/2025:13:46:50 +0000] - 280.284 ms localhost
POST /login 200 [15/Jan/2025:13:48:06 +0000] - 240.089 ms localhost
POST /login 200 [15/Jan/2025:13:54:30 +0000] - 620.273 ms localhost
POST /login 200 [15/Jan/2025:14:48:45 +0000] - 372.350 ms localhost
GET /token/refresh 200 [15/Jan/2025:14:50:01 +0000] - 17.393 ms localhost
POST /login 200 [15/Jan/2025:14:57:09 +0000] - 595.706 ms localhost
POST /login 200 [15/Jan/2025:14:59:20 +0000] - 163.566 ms localhost
POST /login 200 [15/Jan/2025:15:04:01 +0000] - 201.784 ms localhost
POST /login 200 [15/Jan/2025:15:11:35 +0000] - 181.511 ms localhost
POST /login 200 [15/Jan/2025:15:14:48 +0000] - 134.265 ms localhost
POST /login 200 [15/Jan/2025:15:21:13 +0000] - 185.248 ms localhost
POST /register 400 [15/Jan/2025:15:35:54 +0000] - 465.299 ms localhost
POST /login 200 [15/Jan/2025:15:37:10 +0000] - 619.037 ms localhost
GET /token/refresh 304 [15/Jan/2025:15:38:11 +0000] - 28.328 ms localhost
GET /token/refresh 304 [15/Jan/2025:15:39:57 +0000] - 16.258 ms localhost
POST /login 200 [15/Jan/2025:15:42:00 +0000] - 183.584 ms localhost
GET /users/count 304 [15/Jan/2025:15:42:10 +0000] - 167.832 ms localhost
GET /users?pageNumber=1&pageSize=2 304 [15/Jan/2025:15:42:10 +0000] - 91.617 ms localhost
PATCH /status 200 [15/Jan/2025:15:42:31 +0000] - 3548.355 ms localhost
GET /users?pageNumber=1&pageSize=2 200 [15/Jan/2025:15:42:31 +0000] - 16.988 ms localhost
GET /token/refresh 200 [15/Jan/2025:15:44:30 +0000] - 68.690 ms localhost
GET /token/refresh 304 [15/Jan/2025:15:44:31 +0000] - 15.066 ms localhost
GET /token/refresh 304 [15/Jan/2025:15:44:31 +0000] - 13.957 ms localhost
GET /logout 304 [15/Jan/2025:15:45:33 +0000] - 2.314 ms localhost
POST /login 200 [15/Jan/2025:15:45:58 +0000] - 155.699 ms localhost
GET /logout 304 [15/Jan/2025:15:47:18 +0000] - 1.438 ms localhost
