
POST /login 200 [28/Dec/2024:17:54:54 +0000] - 1051.737 ms localhost
GET /users?pageNumber=1&pageSize=2 304 [28/Dec/2024:17:54:58 +0000] - 26.556 ms localhost
GET /users/count 304 [28/Dec/2024:17:54:58 +0000] - 44.960 ms localhost
GET /users?pageNumber=3&pageSize=2 304 [28/Dec/2024:17:55:07 +0000] - 11.746 ms localhost
GET /users?pageNumber=2&pageSize=2 304 [28/Dec/2024:17:55:10 +0000] - 7.562 ms localhost
GET /users?pageNumber=3&pageSize=2 304 [28/Dec/2024:17:55:11 +0000] - 8.042 ms localhost
POST /register 201 [28/Dec/2024:17:56:22 +0000] - 3649.762 ms localhost
GET /token/refresh 200 [28/Dec/2024:17:56:22 +0000] - 16.368 ms localhost
GET /token/refresh 304 [28/Dec/2024:17:56:23 +0000] - 11.968 ms localhost
GET /users?pageNumber=3&pageSize=2 304 [28/Dec/2024:17:56:23 +0000] - 10.130 ms localhost
GET /users/count 200 [28/Dec/2024:17:56:23 +0000] - 6.661 ms localhost
GET /users?pageNumber=4&pageSize=2 200 [28/Dec/2024:17:56:28 +0000] - 8.039 ms localhost
GET /users?pageNumber=1&pageSize=2 304 [28/Dec/2024:17:56:32 +0000] - 8.130 ms localhost
POST /login 200 [05/Jan/2025:09:50:56 +0000] - 766.650 ms localhost
GET /token/refresh 200 [05/Jan/2025:09:53:25 +0000] - 20.680 ms localhost
POST /login 200 [09/Jan/2025:18:34:04 +0000] - 156.815 ms localhost
POST /login 200 [09/Jan/2025:18:36:12 +0000] - 133.205 ms localhost
POST /login 200 [09/Jan/2025:18:37:13 +0000] - 151.170 ms localhost
POST /login 200 [09/Jan/2025:18:39:50 +0000] - 164.569 ms localhost
POST /login 200 [09/Jan/2025:18:42:11 +0000] - 118.616 ms localhost
POST /login 200 [09/Jan/2025:18:46:39 +0000] - 170.747 ms localhost
GET /token/refresh 304 [09/Jan/2025:18:48:56 +0000] - 14.139 ms localhost
POST /login 200 [09/Jan/2025:18:50:14 +0000] - 133.156 ms localhost
POST /login 200 [09/Jan/2025:18:53:54 +0000] - 125.738 ms localhost
POST /login 200 [09/Jan/2025:19:06:53 +0000] - 116.538 ms localhost
POST /login 200 [09/Jan/2025:19:10:04 +0000] - 155.820 ms localhost
POST /login 200 [09/Jan/2025:19:10:56 +0000] - 179.927 ms localhost
POST /login 200 [09/Jan/2025:19:13:56 +0000] - 110.392 ms localhost
POST /login 200 [09/Jan/2025:19:17:56 +0000] - 131.528 ms localhost
POST /login 200 [09/Jan/2025:19:23:49 +0000] - 113.438 ms localhost
GET /token/refresh 304 [09/Jan/2025:19:25:11 +0000] - 9.179 ms localhost
POST /login 200 [09/Jan/2025:19:31:46 +0000] - 114.202 ms localhost
POST /login 200 [09/Jan/2025:19:37:26 +0000] - 112.170 ms localhost
GET /token/refresh 304 [09/Jan/2025:19:39:00 +0000] - 12.314 ms localhost

POST /login 200 [10/Jan/2025:08:30:27 +0000] - 889.702 ms localhost
GET /token/refresh 304 [10/Jan/2025:08:31:28 +0000] - 17.794 ms localhost
POST /login 200 [10/Jan/2025:08:42:31 +0000] - 284.621 ms localhost
GET /token/refresh 304 [10/Jan/2025:08:43:37 +0000] - 16.080 ms localhost
POST /login 200 [10/Jan/2025:08:48:03 +0000] - 204.378 ms localhost
GET /token/refresh 304 [10/Jan/2025:08:49:19 +0000] - 10.488 ms localhost
GET /token/refresh 304 [10/Jan/2025:08:50:40 +0000] - 62.318 ms localhost
POST /login 200 [10/Jan/2025:15:33:52 +0000] - 422.575 ms localhost
POST /login 200 [10/Jan/2025:16:04:01 +0000] - 311.263 ms localhost
GET /token/refresh 304 [10/Jan/2025:16:05:05 +0000] - 23.294 ms localhost
POST /login 200 [10/Jan/2025:16:25:15 +0000] - 387.308 ms localhost
GET /token/refresh 304 [10/Jan/2025:16:26:32 +0000] - 15.622 ms localhost
POST /login 200 [10/Jan/2025:16:27:39 +0000] - 295.459 ms localhost
POST /login 200 [10/Jan/2025:16:34:08 +0000] - 306.000 ms localhost
POST /login 200 [10/Jan/2025:16:36:36 +0000] - 339.155 ms localhost
POST /login 200 [10/Jan/2025:18:24:09 +0000] - 156.124 ms localhost
