POST /login 200 [23/Nov/2024:19:36:09 +0000] - 100.570 ms localhost
GET /users 304 [23/Nov/2024:19:36:12 +0000] - 15.776 ms localhost
GET /logout 304 [23/Nov/2024:19:36:45 +0000] - 1.090 ms localhost
POST /login 200 [23/Nov/2024:19:36:54 +0000] - 284.837 ms localhost
GET /users 304 [23/Nov/2024:19:36:56 +0000] - 21.143 ms localhost
GET /logout 304 [23/Nov/2024:19:45:39 +0000] - 1.543 ms localhost
POST /login 200 [23/Nov/2024:22:15:15 +0000] - 1015.544 ms localhost
GET /users 200 [23/Nov/2024:22:15:19 +0000] - 19.881 ms localhost
POST /login 200 [23/Nov/2024:22:17:14 +0000] - 290.096 ms localhost
GET /users 304 [23/Nov/2024:22:17:17 +0000] - 10.657 ms localhost
GET /logout 200 [23/Nov/2024:22:18:27 +0000] - 11.106 ms localhost
POST /login 200 [23/Nov/2024:22:18:40 +0000] - 455.860 ms localhost
GET /users 200 [23/Nov/2024:22:18:43 +0000] - 58.544 ms localhost
POST /register 200 [23/Nov/2024:22:50:21 +0000] - 321.891 ms localhost
POST /register 200 [23/Nov/2024:22:52:25 +0000] - 154.624 ms localhost
POST /register 200 [23/Nov/2024:22:54:51 +0000] - 214.179 ms localhost
POST /register 200 [23/Nov/2024:22:56:57 +0000] - 208.630 ms localhost
GET /sendOtp/undefined 404 [23/Nov/2024:22:58:35 +0000] - 2.656 ms localhost
POST /register 200 [23/Nov/2024:23:03:50 +0000] - 277.192 ms localhost
POST /verifyOtp 200 [23/Nov/2024:23:04:08 +0000] - 3.855 ms localhost
POST /verifyOtp 200 [23/Nov/2024:23:04:12 +0000] - 3.886 ms localhost
POST /register 200 [23/Nov/2024:23:06:29 +0000] - 162.482 ms localhost
POST /verifyOtp 200 [23/Nov/2024:23:06:45 +0000] - 9.601 ms localhost
POST /login 200 [23/Nov/2024:23:06:54 +0000] - 139.739 ms localhost
GET /logout 304 [23/Nov/2024:23:07:02 +0000] - 2.141 ms localhost
POST /login 200 [23/Nov/2024:23:07:15 +0000] - 110.059 ms localhost
GET /users 404 [23/Nov/2024:23:07:44 +0000] - 6.518 ms localhost
POST /login 200 [23/Nov/2024:23:10:20 +0000] - 199.450 ms localhost
GET /users 404 [23/Nov/2024:23:10:24 +0000] - 7.456 ms localhost
POST /login 200 [23/Nov/2024:23:13:45 +0000] - 199.063 ms localhost
GET /users 404 [23/Nov/2024:23:14:27 +0000] - 7.180 ms localhost
POST /login 200 [23/Nov/2024:23:14:39 +0000] - 126.769 ms localhost
GET /users 200 [23/Nov/2024:23:14:47 +0000] - 21.112 ms localhost
POST /login 200 [23/Nov/2024:23:16:44 +0000] - 113.186 ms localhost
GET /users 404 [23/Nov/2024:23:16:59 +0000] - 5.937 ms localhost
POST /login 200 [23/Nov/2024:23:17:47 +0000] - 223.608 ms localhost
GET /users 404 [23/Nov/2024:23:17:51 +0000] - 69.954 ms localhost
POST /login 200 [23/Nov/2024:23:21:34 +0000] - 209.701 ms localhost
GET /users 200 [23/Nov/2024:23:21:38 +0000] - 25.862 ms localhost
GET /users 200 [23/Nov/2024:23:22:06 +0000] - 15.559 ms localhost
POST /login 200 [23/Nov/2024:23:22:39 +0000] - 132.799 ms localhost
GET /users 404 [23/Nov/2024:23:22:40 +0000] - 5.083 ms localhost
POST /login 200 [23/Nov/2024:23:24:30 +0000] - 206.287 ms localhost
GET /users 404 [23/Nov/2024:23:24:32 +0000] - 10.604 ms localhost
POST /login 200 [23/Nov/2024:23:26:25 +0000] - 140.286 ms localhost
GET /users 404 [23/Nov/2024:23:26:27 +0000] - 4.376 ms localhost
POST /login 200 [23/Nov/2024:23:27:38 +0000] - 118.999 ms localhost
GET /users 200 [23/Nov/2024:23:27:44 +0000] - 31.110 ms localhost
POST /login 200 [23/Nov/2024:23:28:45 +0000] - 156.725 ms localhost
GET /users 200 [23/Nov/2024:23:28:47 +0000] - 13.559 ms localhost
POST /login 200 [23/Nov/2024:23:29:17 +0000] - 129.124 ms localhost
GET /users 304 [23/Nov/2024:23:29:19 +0000] - 14.609 ms localhost
